{"name":"Brimstone Chest","level":-1,"killCount":-1,"type":"EVENT","drops":[{"name":"Uncut diamond","id":1618,"quantity":35,"price":2757}],"date":"Apr 9, 2022, 3:11:21 AM"}
{"name":"Brimstone Chest","level":-1,"killCount":-1,"type":"EVENT","drops":[{"name":"Rune platelegs","id":1080,"quantity":1,"price":37754}],"date":"Apr 29, 2022, 1:53:25 PM"}
{"name":"Brimstone Chest","level":-1,"killCount":-1,"type":"EVENT","drops":[{"name":"Gold ore","id":445,"quantity":140,"price":284}],"date":"Apr 29, 2022, 1:53:28 PM"}
{"name":"Brimstone Chest","level":-1,"killCount":-1,"type":"EVENT","drops":[{"name":"Uncut ruby","id":1620,"quantity":26,"price":1221}],"date":"Apr 29, 2022, 1:53:29 PM"}
{"name":"Brimstone Chest","level":-1,"killCount":-1,"type":"EVENT","drops":[{"name":"Runite ore","id":452,"quantity":15,"price":11131}],"date":"May 2, 2022, 11:38:38 AM"}
{"name":"Brimstone Chest","level":-1,"killCount":-1,"type":"EVENT","drops":[{"name":"Gold ore","id":445,"quantity":120,"price":284}],"date":"May 2, 2022, 11:38:41 AM"}
{"name":"Brimstone Chest","level":-1,"killCount":-1,"type":"EVENT","drops":[{"name":"Rune platelegs","id":1080,"quantity":1,"price":38191}],"date":"May 2, 2022, 11:38:43 AM"}
{"name":"Brimstone Chest","level":-1,"killCount":-1,"type":"EVENT","drops":[{"name":"Coins","id":995,"quantity":86623,"price":1}],"date":"May 2, 2022, 11:38:44 AM"}
{"name":"Brimstone Chest","level":-1,"killCount":-1,"type":"EVENT","drops":[{"name":"Runite ore","id":452,"quantity":10,"price":11131}],"date":"May 2, 2022, 11:38:46 AM"}
{"name":"Brimstone Chest","level":-1,"killCount":-1,"type":"EVENT","drops":[{"name":"Iron ore","id":441,"quantity":478,"price":83}],"date":"May 2, 2022, 11:38:49 AM"}
{"name":"Brimstone Chest","level":-1,"killCount":-1,"type":"EVENT","drops":[{"name":"Magic logs","id":1514,"quantity":131,"price":1044}],"date":"May 2, 2022, 11:38:50 AM"}
{"name":"Brimstone Chest","level":-1,"killCount":-1,"type":"EVENT","drops":[{"name":"Torstol seed","id":5304,"quantity":5,"price":61476}],"date":"May 2, 2022, 11:38:52 AM"}
{"name":"Brimstone Chest","level":-1,"killCount":-1,"type":"EVENT","drops":[{"name":"Raw manta ray","id":390,"quantity":138,"price":1360}],"date":"May 2, 2022, 11:38:54 AM"}
{"name":"Brimstone Chest","level":-1,"killCount":-1,"type":"EVENT","drops":[{"name":"Dragon arrowtips","id":11237,"quantity":178,"price":1548}],"date":"May 2, 2022, 11:38:56 AM"}
{"name":"Brimstone Chest","level":-1,"killCount":-1,"type":"EVENT","drops":[{"name":"Dragon arrowtips","id":11237,"quantity":71,"price":1640}],"date":"May 15, 2022, 12:55:38 AM"}
{"name":"Brimstone Chest","level":-1,"killCount":-1,"type":"EVENT","drops":[{"name":"Runite ore","id":452,"quantity":10,"price":10960}],"date":"May 15, 2022, 12:55:41 AM"}
{"name":"Brimstone Chest","level":-1,"killCount":-1,"type":"EVENT","drops":[{"name":"Uncut diamond","id":1618,"quantity":30,"price":2935}],"date":"May 15, 2022, 12:55:43 AM"}
{"name":"Brimstone Chest","level":-1,"killCount":-1,"type":"EVENT","drops":[{"name":"Rune full helm","id":1164,"quantity":4,"price":20582}],"date":"May 15, 2022, 12:55:44 AM"}
{"name":"Brimstone Chest","level":-1,"killCount":-1,"type":"EVENT","drops":[{"name":"Coal","id":454,"quantity":433,"price":162}],"date":"May 15, 2022, 12:55:46 AM"}
{"name":"Brimstone Chest","level":-1,"killCount":-1,"type":"EVENT","drops":[{"name":"Dragonfruit tree seed","id":22877,"quantity":4,"price":187949}],"date":"May 18, 2022, 3:21:53 PM"}
{"name":"Brimstone Chest","level":-1,"killCount":-1,"type":"EVENT","drops":[{"name":"Uncut diamond","id":1618,"quantity":32,"price":3047}],"date":"May 18, 2022, 3:21:55 PM"}
{"name":"Brimstone Chest","level":-1,"killCount":-1,"type":"EVENT","drops":[{"name":"Raw sea turtle","id":396,"quantity":181,"price":815}],"date":"Jun 11, 2022, 12:31:25 AM"}
{"name":"Brimstone Chest","level":-1,"killCount":-1,"type":"EVENT","drops":[{"name":"Coins","id":995,"quantity":115790,"price":1}],"date":"Jun 30, 2022, 12:15:31 AM"}
{"name":"Brimstone Chest","level":-1,"killCount":-1,"type":"EVENT","drops":[{"name":"Uncut ruby","id":1620,"quantity":25,"price":1166}],"date":"Jun 30, 2022, 12:23:42 AM"}
{"name":"Brimstone Chest","level":-1,"killCount":-1,"type":"EVENT","drops":[{"name":"Uncut ruby","id":1620,"quantity":30,"price":1166}],"date":"Jun 30, 2022, 12:23:44 AM"}
{"name":"Brimstone Chest","level":-1,"killCount":-1,"type":"EVENT","drops":[{"name":"Uncut ruby","id":1620,"quantity":33,"price":1238}],"date":"Jul 9, 2022, 12:34:32 AM"}
{"name":"Brimstone Chest","level":-1,"killCount":-1,"type":"EVENT","drops":[{"name":"Rune full helm","id":1164,"quantity":4,"price":20530}],"date":"Jul 9, 2022, 12:34:34 AM"}
{"name":"Brimstone Chest","level":-1,"killCount":-1,"type":"EVENT","drops":[{"name":"Coal","id":454,"quantity":489,"price":155}],"date":"Jul 9, 2022, 12:34:36 AM"}
{"name":"Brimstone Chest","level":-1,"killCount":-1,"type":"EVENT","drops":[{"name":"Runite ore","id":452,"quantity":14,"price":11070}],"date":"Jul 9, 2022, 12:34:37 AM"}
{"name":"Brimstone Chest","level":-1,"killCount":-1,"type":"EVENT","drops":[{"name":"Uncut ruby","id":1620,"quantity":26,"price":1238}],"date":"Jul 9, 2022, 12:34:39 AM"}
{"name":"Brimstone Chest","level":-1,"killCount":-1,"type":"EVENT","drops":[{"name":"Dragon arrowtips","id":11237,"quantity":64,"price":1829}],"date":"Jul 9, 2022, 12:34:41 AM"}
{"name":"Brimstone Chest","level":-1,"killCount":-1,"type":"EVENT","drops":[{"name":"Steel bar","id":2354,"quantity":376,"price":456}],"date":"Jul 9, 2022, 12:34:43 AM"}
{"name":"Brimstone Chest","level":-1,"killCount":-1,"type":"EVENT","drops":[{"name":"Gold ore","id":445,"quantity":118,"price":239}],"date":"Jul 9, 2022, 12:34:45 AM"}
{"name":"Brimstone Chest","level":-1,"killCount":-1,"type":"EVENT","drops":[{"name":"Pure essence","id":7937,"quantity":4606,"price":1}],"date":"Jul 10, 2022, 10:49:41 PM"}
{"name":"Brimstone Chest","level":-1,"killCount":-1,"type":"EVENT","drops":[{"name":"Dragon arrowtips","id":11237,"quantity":190,"price":1977}],"date":"Jul 10, 2022, 10:49:43 PM"}
{"name":"Brimstone Chest","level":-1,"killCount":-1,"type":"EVENT","drops":[{"name":"Coal","id":454,"quantity":476,"price":145}],"date":"Aug 2, 2022, 8:57:11 AM"}
{"name":"Brimstone Chest","level":-1,"killCount":-1,"type":"EVENT","drops":[{"name":"Coal","id":454,"quantity":458,"price":145}],"date":"Aug 2, 2022, 8:57:13 AM"}
{"name":"Brimstone Chest","level":-1,"killCount":-1,"type":"EVENT","drops":[{"name":"Coal","id":454,"quantity":315,"price":145}],"date":"Aug 2, 2022, 8:57:15 AM"}
{"name":"Brimstone Chest","level":-1,"killCount":-1,"type":"EVENT","drops":[{"name":"Coal","id":454,"quantity":490,"price":145}],"date":"Aug 2, 2022, 8:57:18 AM"}
{"name":"Brimstone Chest","level":-1,"killCount":-1,"type":"EVENT","drops":[{"name":"Uncut diamond","id":1618,"quantity":30,"price":2733}],"date":"Sep 16, 2022, 11:22:23 PM"}
{"name":"Brimstone Chest","level":-1,"killCount":-1,"type":"EVENT","drops":[{"name":"Gold ore","id":445,"quantity":128,"price":208}],"date":"Sep 16, 2022, 11:22:25 PM"}
{"name":"Brimstone Chest","level":-1,"killCount":-1,"type":"EVENT","drops":[{"name":"Redwood tree seed","id":22871,"quantity":1,"price":31697}],"date":"Sep 16, 2022, 11:22:27 PM"}
{"name":"Brimstone Chest","level":-1,"killCount":-1,"type":"EVENT","drops":[{"name":"Rune platelegs","id":1080,"quantity":1,"price":37915}],"date":"Sep 16, 2022, 11:22:28 PM"}
{"name":"Brimstone Chest","level":-1,"killCount":-1,"type":"EVENT","drops":[{"name":"Gold ore","id":445,"quantity":115,"price":208}],"date":"Sep 16, 2022, 11:22:30 PM"}
{"name":"Brimstone Chest","level":-1,"killCount":-1,"type":"EVENT","drops":[{"name":"Uncut diamond","id":1618,"quantity":32,"price":2733}],"date":"Sep 16, 2022, 11:22:33 PM"}
{"name":"Brimstone Chest","level":-1,"killCount":-1,"type":"EVENT","drops":[{"name":"Uncut diamond","id":1618,"quantity":32,"price":2733}],"date":"Sep 16, 2022, 11:22:34 PM"}
{"name":"Brimstone Chest","level":-1,"killCount":-1,"type":"EVENT","drops":[{"name":"Uncut ruby","id":1620,"quantity":35,"price":1105}],"date":"Sep 16, 2022, 11:22:36 PM"}
{"name":"Brimstone Chest","level":-1,"killCount":-1,"type":"EVENT","drops":[{"name":"Dragon arrowtips","id":11237,"quantity":131,"price":2933}],"date":"Sep 16, 2022, 11:22:38 PM"}
{"name":"Brimstone Chest","level":-1,"killCount":-1,"type":"EVENT","drops":[{"name":"Dragon dart tip","id":11232,"quantity":130,"price":3896}],"date":"Sep 16, 2022, 11:22:40 PM"}
{"name":"Brimstone Chest","level":-1,"killCount":-1,"type":"EVENT","drops":[{"name":"Magic logs","id":1514,"quantity":120,"price":1059}],"date":"Sep 16, 2022, 11:22:42 PM"}
{"name":"Brimstone Chest","level":-1,"killCount":-1,"type":"EVENT","drops":[{"name":"Rune full helm","id":1164,"quantity":3,"price":20618}],"date":"Sep 16, 2022, 11:22:44 PM"}
{"name":"Brimstone Chest","level":-1,"killCount":-1,"type":"EVENT","drops":[{"name":"Magic seed","id":5316,"quantity":3,"price":87141}],"date":"Sep 16, 2022, 11:22:46 PM"}
{"name":"Brimstone Chest","level":-1,"killCount":-1,"type":"EVENT","drops":[{"name":"Uncut ruby","id":1620,"quantity":27,"price":1105}],"date":"Sep 16, 2022, 11:22:47 PM"}
{"name":"Brimstone Chest","level":-1,"killCount":-1,"type":"EVENT","drops":[{"name":"Dragon arrowtips","id":11237,"quantity":148,"price":2933}],"date":"Sep 16, 2022, 11:22:49 PM"}
{"name":"Brimstone Chest","level":-1,"killCount":-1,"type":"EVENT","drops":[{"name":"Rune platebody","id":1128,"quantity":1,"price":38552}],"date":"Sep 16, 2022, 11:22:51 PM"}
{"name":"Brimstone Chest","level":-1,"killCount":-1,"type":"EVENT","drops":[{"name":"Rune platebody","id":1128,"quantity":1,"price":38552}],"date":"Sep 16, 2022, 11:22:53 PM"}
{"name":"Brimstone Chest","level":-1,"killCount":-1,"type":"EVENT","drops":[{"name":"Rune platelegs","id":1080,"quantity":1,"price":37915}],"date":"Sep 16, 2022, 11:22:55 PM"}
{"name":"Brimstone Chest","level":-1,"killCount":-1,"type":"EVENT","drops":[{"name":"Magic logs","id":1514,"quantity":131,"price":1059}],"date":"Sep 16, 2022, 11:22:56 PM"}
{"name":"Brimstone Chest","level":-1,"killCount":-1,"type":"EVENT","drops":[{"name":"Uncut diamond","id":1618,"quantity":31,"price":2733}],"date":"Sep 16, 2022, 11:22:58 PM"}
{"name":"Brimstone Chest","level":-1,"killCount":-1,"type":"EVENT","drops":[{"name":"Snapdragon seed","id":5300,"quantity":4,"price":56214}],"date":"Sep 16, 2022, 11:23:00 PM"}
{"name":"Brimstone Chest","level":-1,"killCount":-1,"type":"EVENT","drops":[{"name":"Raw shark","id":384,"quantity":249,"price":611}],"date":"Sep 16, 2022, 11:23:02 PM"}
{"name":"Brimstone Chest","level":-1,"killCount":-1,"type":"EVENT","drops":[{"name":"Rune platelegs","id":1080,"quantity":1,"price":37915}],"date":"Sep 16, 2022, 11:23:04 PM"}
{"name":"Brimstone Chest","level":-1,"killCount":-1,"type":"EVENT","drops":[{"name":"Uncut ruby","id":1620,"quantity":28,"price":1105}],"date":"Sep 16, 2022, 11:23:06 PM"}
{"name":"Brimstone Chest","level":-1,"killCount":-1,"type":"EVENT","drops":[{"name":"Uncut ruby","id":1620,"quantity":25,"price":1105}],"date":"Sep 16, 2022, 11:23:07 PM"}
{"name":"Brimstone Chest","level":-1,"killCount":-1,"type":"EVENT","drops":[{"name":"Magic logs","id":1514,"quantity":136,"price":1059}],"date":"Sep 16, 2022, 11:23:09 PM"}
{"name":"Brimstone Chest","level":-1,"killCount":-1,"type":"EVENT","drops":[{"name":"Rune full helm","id":1164,"quantity":4,"price":20618}],"date":"Sep 16, 2022, 11:23:11 PM"}
{"name":"Brimstone Chest","level":-1,"killCount":-1,"type":"EVENT","drops":[{"name":"Rune platebody","id":1128,"quantity":1,"price":38552}],"date":"Sep 16, 2022, 11:23:13 PM"}
{"name":"Brimstone Chest","level":-1,"killCount":-1,"type":"EVENT","drops":[{"name":"Coins","id":995,"quantity":94166,"price":1}],"date":"Sep 16, 2022, 11:23:15 PM"}
{"name":"Brimstone Chest","level":-1,"killCount":-1,"type":"EVENT","drops":[{"name":"Coal","id":454,"quantity":410,"price":142}],"date":"Sep 16, 2022, 11:23:16 PM"}
{"name":"Brimstone Chest","level":-1,"killCount":-1,"type":"EVENT","drops":[{"name":"Coal","id":454,"quantity":380,"price":142}],"date":"Sep 16, 2022, 11:23:18 PM"}
{"name":"Brimstone Chest","level":-1,"killCount":-1,"type":"EVENT","drops":[{"name":"Coins","id":995,"quantity":143534,"price":1}],"date":"Sep 16, 2022, 11:23:20 PM"}
{"name":"Brimstone Chest","level":-1,"killCount":-1,"type":"EVENT","drops":[{"name":"Ranarr seed","id":5295,"quantity":4,"price":32352}],"date":"Sep 16, 2022, 11:23:22 PM"}
{"name":"Brimstone Chest","level":-1,"killCount":-1,"type":"EVENT","drops":[{"name":"Uncut diamond","id":1618,"quantity":25,"price":2733}],"date":"Sep 16, 2022, 11:23:24 PM"}
{"name":"Brimstone Chest","level":-1,"killCount":-1,"type":"EVENT","drops":[{"name":"Gold ore","id":445,"quantity":199,"price":208}],"date":"Sep 16, 2022, 11:23:26 PM"}
{"name":"Brimstone Chest","level":-1,"killCount":-1,"type":"EVENT","drops":[{"name":"Steel bar","id":2354,"quantity":339,"price":447}],"date":"Sep 16, 2022, 11:23:28 PM"}
{"name":"Brimstone Chest","level":-1,"killCount":-1,"type":"EVENT","drops":[{"name":"Iron ore","id":441,"quantity":403,"price":92}],"date":"Sep 16, 2022, 11:23:30 PM"}
{"name":"Brimstone Chest","level":-1,"killCount":-1,"type":"EVENT","drops":[{"name":"Uncut ruby","id":1620,"quantity":32,"price":1105}],"date":"Sep 16, 2022, 11:23:31 PM"}
{"name":"Brimstone Chest","level":-1,"killCount":-1,"type":"EVENT","drops":[{"name":"Raw shark","id":384,"quantity":235,"price":594}],"date":"Sep 18, 2022, 11:14:48 AM"}
{"name":"Brimstone Chest","level":-1,"killCount":-1,"type":"EVENT","drops":[{"name":"Uncut ruby","id":1620,"quantity":25,"price":1091}],"date":"Sep 18, 2022, 11:55:37 AM"}
{"name":"Brimstone Chest","level":-1,"killCount":-1,"type":"EVENT","drops":[{"name":"Steel bar","id":2354,"quantity":364,"price":449}],"date":"Sep 18, 2022, 11:55:42 AM"}
{"name":"Brimstone Chest","level":-1,"killCount":-1,"type":"EVENT","drops":[{"name":"Pure essence","id":7937,"quantity":4410,"price":1}],"date":"Sep 18, 2022, 12:29:40 PM"}
{"name":"Brimstone Chest","level":-1,"killCount":-1,"type":"EVENT","drops":[{"name":"Coins","id":995,"quantity":56198,"price":1}],"date":"Sep 18, 2022, 3:20:53 PM"}
{"name":"Brimstone Chest","level":-1,"killCount":-1,"type":"EVENT","drops":[{"name":"Redwood tree seed","id":22871,"quantity":1,"price":32356}],"date":"Sep 19, 2022, 4:25:05 PM"}
