{"name":"Casket (Tempoross)","level":-1,"killCount":-1,"type":"EVENT","drops":[{"name":"Rune chainbody","id":1114,"quantity":1,"price":29556}],"date":"Aug 30, 2022, 2:09:15 PM"}
{"name":"Casket (Tempoross)","level":-1,"killCount":-1,"type":"EVENT","drops":[{"name":"Emerald necklace","id":1659,"quantity":11,"price":648}],"date":"Oct 22, 2022, 12:49:51 PM"}
{"name":"Casket (Tempoross)","level":-1,"killCount":-1,"type":"EVENT","drops":[{"name":"Ruby bracelet","id":11086,"quantity":6,"price":1230}],"date":"Oct 22, 2022, 1:18:00 PM"}
{"name":"Casket (Tempoross)","level":-1,"killCount":-1,"type":"EVENT","drops":[{"name":"Coins","id":995,"quantity":5621,"price":1}],"date":"Oct 22, 2022, 1:18:01 PM"}
{"name":"Casket (Tempoross)","level":-1,"killCount":-1,"type":"EVENT","drops":[{"name":"Rune med helm","id":1148,"quantity":1,"price":11203}],"date":"Feb 8, 2023, 11:10:19 AM"}
{"name":"Casket (Tempoross)","level":-1,"killCount":-1,"type":"EVENT","drops":[{"name":"Sapphire necklace","id":1657,"quantity":14,"price":473}],"date":"Feb 8, 2023, 11:10:20 AM"}
{"name":"Casket (Tempoross)","level":-1,"killCount":-1,"type":"EVENT","drops":[{"name":"Silver bar","id":2356,"quantity":78,"price":101}],"date":"Feb 8, 2023, 11:10:21 AM"}
{"name":"Casket (Tempoross)","level":-1,"killCount":-1,"type":"EVENT","drops":[{"name":"Ruby ring","id":1642,"quantity":7,"price":1074}],"date":"Feb 8, 2023, 11:10:23 AM"}
{"name":"Casket (Tempoross)","level":-1,"killCount":-1,"type":"EVENT","drops":[{"name":"Emerald bracelet","id":11077,"quantity":9,"price":803}],"date":"Feb 8, 2023, 11:10:23 AM"}
{"name":"Casket (Tempoross)","level":-1,"killCount":-1,"type":"EVENT","drops":[{"name":"Ruby necklace","id":1661,"quantity":8,"price":1141}],"date":"Feb 8, 2023, 11:10:24 AM"}
{"name":"Casket (Tempoross)","level":-1,"killCount":-1,"type":"EVENT","drops":[{"name":"Clue scroll (medium)","id":12057,"quantity":1,"price":0},{"name":"Ruby necklace","id":1661,"quantity":8,"price":1141}],"date":"Feb 8, 2023, 11:10:26 AM"}
{"name":"Casket (Tempoross)","level":-1,"killCount":-1,"type":"EVENT","drops":[{"name":"Ruby ring","id":1642,"quantity":6,"price":1074}],"date":"Feb 8, 2023, 12:54:30 PM"}
{"name":"Casket (Tempoross)","level":-1,"killCount":-1,"type":"EVENT","drops":[{"name":"Emerald bracelet","id":11077,"quantity":8,"price":803}],"date":"Feb 8, 2023, 12:54:31 PM"}
{"name":"Casket (Tempoross)","level":-1,"killCount":-1,"type":"EVENT","drops":[{"name":"Diamond necklace","id":1663,"quantity":4,"price":2052}],"date":"Feb 8, 2023, 2:18:10 PM"}
{"name":"Casket (Tempoross)","level":-1,"killCount":-1,"type":"EVENT","drops":[{"name":"Emerald ring","id":1640,"quantity":8,"price":701}],"date":"Feb 8, 2023, 2:18:12 PM"}
{"name":"Casket (Tempoross)","level":-1,"killCount":-1,"type":"EVENT","drops":[{"name":"Uncut jade","id":1628,"quantity":45,"price":98}],"date":"Feb 8, 2023, 6:58:46 PM"}
{"name":"Casket (Tempoross)","level":-1,"killCount":-1,"type":"EVENT","drops":[{"name":"Rune med helm","id":1148,"quantity":1,"price":11072}],"date":"Aug 15, 2023, 11:13:00 AM"}
{"name":"Casket (Tempoross)","level":-1,"killCount":-1,"type":"EVENT","drops":[{"name":"Sapphire necklace","id":1657,"quantity":13,"price":497}],"date":"Aug 15, 2023, 11:13:01 AM"}
{"name":"Casket (Tempoross)","level":-1,"killCount":-1,"type":"EVENT","drops":[{"name":"Emerald bracelet","id":11077,"quantity":10,"price":777}],"date":"Aug 15, 2023, 11:13:02 AM"}
{"name":"Casket (Tempoross)","level":-1,"killCount":-1,"type":"EVENT","drops":[{"name":"Gold bar","id":2358,"quantity":75,"price":132}],"date":"Aug 15, 2023, 11:13:02 AM"}
{"name":"Casket (Tempoross)","level":-1,"killCount":-1,"type":"EVENT","drops":[{"name":"Emerald bracelet","id":11077,"quantity":10,"price":777}],"date":"Aug 15, 2023, 11:13:03 AM"}
{"name":"Casket (Tempoross)","level":-1,"killCount":-1,"type":"EVENT","drops":[{"name":"Diamond ring","id":1644,"quantity":3,"price":1946}],"date":"Aug 26, 2023, 2:17:19 PM"}
{"name":"Casket (Tempoross)","level":-1,"killCount":-1,"type":"EVENT","drops":[{"name":"Loop half of key","id":988,"quantity":1,"price":9387}],"date":"Aug 26, 2023, 2:17:20 PM"}
{"name":"Casket (Tempoross)","level":-1,"killCount":-1,"type":"EVENT","drops":[{"name":"Sapphire necklace","id":1657,"quantity":12,"price":492}],"date":"Aug 26, 2023, 2:17:21 PM"}
{"name":"Casket (Tempoross)","level":-1,"killCount":-1,"type":"EVENT","drops":[{"name":"Gold bar","id":2358,"quantity":59,"price":129}],"date":"Aug 26, 2023, 2:17:22 PM"}
{"name":"Casket (Tempoross)","level":-1,"killCount":-1,"type":"EVENT","drops":[{"name":"Gold bar","id":2358,"quantity":78,"price":129}],"date":"Aug 26, 2023, 2:17:23 PM"}
{"name":"Casket (Tempoross)","level":-1,"killCount":-1,"type":"EVENT","drops":[{"name":"Emerald bracelet","id":11077,"quantity":9,"price":777}],"date":"Aug 26, 2023, 2:17:25 PM"}
{"name":"Casket (Tempoross)","level":-1,"killCount":-1,"type":"EVENT","drops":[{"name":"Coins","id":995,"quantity":4794,"price":1}],"date":"Aug 26, 2023, 2:17:26 PM"}
{"name":"Casket (Tempoross)","level":-1,"killCount":-1,"type":"EVENT","drops":[{"name":"Uncut jade","id":1628,"quantity":26,"price":116}],"date":"Aug 26, 2023, 2:17:26 PM"}
{"name":"Casket (Tempoross)","level":-1,"killCount":-1,"type":"EVENT","drops":[{"name":"Diamond bracelet","id":11093,"quantity":4,"price":2012}],"date":"Aug 26, 2023, 2:17:28 PM"}
{"name":"Casket (Tempoross)","level":-1,"killCount":-1,"type":"EVENT","drops":[{"name":"Clue scroll (medium)","id":3616,"quantity":1,"price":0},{"name":"Ruby bracelet","id":11086,"quantity":6,"price":1231}],"date":"Aug 26, 2023, 2:17:29 PM"}
{"name":"Casket (Tempoross)","level":-1,"killCount":-1,"type":"EVENT","drops":[{"name":"Uncut red topaz","id":1630,"quantity":10,"price":1445}],"date":"Aug 26, 2023, 2:20:01 PM"}
{"name":"Casket (Tempoross)","level":-1,"killCount":-1,"type":"EVENT","drops":[{"name":"Coins","id":995,"quantity":5429,"price":1}],"date":"Aug 26, 2023, 2:20:02 PM"}
{"name":"Casket (Tempoross)","level":-1,"killCount":-1,"type":"EVENT","drops":[{"name":"Loop half of key","id":988,"quantity":1,"price":9387}],"date":"Aug 26, 2023, 2:20:03 PM"}
{"name":"Casket (Tempoross)","level":-1,"killCount":-1,"type":"EVENT","drops":[{"name":"Clue scroll (easy)","id":2710,"quantity":1,"price":0},{"name":"Uncut jade","id":1628,"quantity":46,"price":116}],"date":"Aug 26, 2023, 2:20:04 PM"}
{"name":"Casket (Tempoross)","level":-1,"killCount":-1,"type":"EVENT","drops":[{"name":"Sapphire bracelet","id":11073,"quantity":14,"price":589}],"date":"Aug 26, 2023, 2:21:44 PM"}
{"name":"Casket (Tempoross)","level":-1,"killCount":-1,"type":"EVENT","drops":[{"name":"Uncut diamond","id":1618,"quantity":10,"price":1953}],"date":"Aug 26, 2023, 2:21:46 PM"}
{"name":"Casket (Tempoross)","level":-1,"killCount":-1,"type":"EVENT","drops":[{"name":"Silver bar","id":2356,"quantity":63,"price":99}],"date":"Aug 26, 2023, 2:21:47 PM"}
{"name":"Casket (Tempoross)","level":-1,"killCount":-1,"type":"EVENT","drops":[{"name":"Coins","id":995,"quantity":4674,"price":1}],"date":"Aug 26, 2023, 2:21:48 PM"}
{"name":"Casket (Tempoross)","level":-1,"killCount":-1,"type":"EVENT","drops":[{"name":"Rune chainbody","id":1114,"quantity":1,"price":29360}],"date":"Aug 26, 2023, 2:21:49 PM"}
{"name":"Casket (Tempoross)","level":-1,"killCount":-1,"type":"EVENT","drops":[{"name":"Clue scroll (easy)","id":12192,"quantity":1,"price":0},{"name":"Sapphire bracelet","id":11073,"quantity":14,"price":578}],"date":"Sep 10, 2023, 11:32:57 PM"}
{"name":"Casket (Tempoross)","level":-1,"killCount":-1,"type":"EVENT","drops":[{"name":"Uncut dragonstone","id":1632,"quantity":3,"price":13516},{"name":"Clue scroll (hard)","id":3572,"quantity":1,"price":0}],"date":"Sep 10, 2023, 11:37:37 PM"}
{"name":"Casket (Tempoross)","level":-1,"killCount":-1,"type":"EVENT","drops":[{"name":"Ruby ring","id":1642,"quantity":8,"price":1082}],"date":"Sep 10, 2023, 11:46:41 PM"}
{"name":"Casket (Tempoross)","level":-1,"killCount":-1,"type":"EVENT","drops":[{"name":"Clue scroll (easy)","id":12175,"quantity":1,"price":0},{"name":"Loop half of key","id":988,"quantity":1,"price":9542}],"date":"Sep 10, 2023, 11:46:43 PM"}
{"name":"Casket (Tempoross)","level":-1,"killCount":-1,"type":"EVENT","drops":[{"name":"Diamond necklace","id":1663,"quantity":4,"price":2064}],"date":"Sep 10, 2023, 11:49:25 PM"}
{"name":"Casket (Tempoross)","level":-1,"killCount":-1,"type":"EVENT","drops":[{"name":"Coins","id":995,"quantity":5516,"price":1}],"date":"Sep 10, 2023, 11:49:26 PM"}
{"name":"Casket (Tempoross)","level":-1,"killCount":-1,"type":"EVENT","drops":[{"name":"Ruby necklace","id":1661,"quantity":7,"price":1163}],"date":"Sep 10, 2023, 11:49:28 PM"}
{"name":"Casket (Tempoross)","level":-1,"killCount":-1,"type":"EVENT","drops":[{"name":"Sapphire ring","id":1638,"quantity":11,"price":481}],"date":"Sep 10, 2023, 11:49:31 PM"}
{"name":"Casket (Tempoross)","level":-1,"killCount":-1,"type":"EVENT","drops":[{"name":"Emerald ring","id":1640,"quantity":9,"price":716}],"date":"Sep 10, 2023, 11:49:40 PM"}
{"name":"Casket (Tempoross)","level":-1,"killCount":-1,"type":"EVENT","drops":[{"name":"Uncut opal","id":1626,"quantity":38,"price":1096}],"date":"Sep 10, 2023, 11:49:41 PM"}
{"name":"Casket (Tempoross)","level":-1,"killCount":-1,"type":"EVENT","drops":[{"name":"Rune full helm","id":1164,"quantity":1,"price":20572}],"date":"Sep 10, 2023, 11:49:43 PM"}
{"name":"Casket (Tempoross)","level":-1,"killCount":-1,"type":"EVENT","drops":[{"name":"Diamond ring","id":1644,"quantity":3,"price":2004}],"date":"Sep 10, 2023, 11:49:43 PM"}
{"name":"Casket (Tempoross)","level":-1,"killCount":-1,"type":"EVENT","drops":[{"name":"Rune full helm","id":1164,"quantity":1,"price":20572}],"date":"Sep 10, 2023, 11:49:44 PM"}
{"name":"Casket (Tempoross)","level":-1,"killCount":-1,"type":"EVENT","drops":[{"name":"Diamond bracelet","id":11093,"quantity":4,"price":2075}],"date":"Sep 10, 2023, 11:49:46 PM"}
{"name":"Casket (Tempoross)","level":-1,"killCount":-1,"type":"EVENT","drops":[{"name":"Clue scroll (hard)","id":10240,"quantity":1,"price":0},{"name":"Loop half of key","id":988,"quantity":1,"price":9542}],"date":"Sep 10, 2023, 11:49:47 PM"}
{"name":"Casket (Tempoross)","level":-1,"killCount":-1,"type":"EVENT","drops":[{"name":"Uncut jade","id":1628,"quantity":46,"price":115}],"date":"Sep 11, 2023, 9:18:45 AM"}
{"name":"Casket (Tempoross)","level":-1,"killCount":-1,"type":"EVENT","drops":[{"name":"Silver bar","id":2356,"quantity":70,"price":94}],"date":"Sep 11, 2023, 9:18:46 AM"}
{"name":"Casket (Tempoross)","level":-1,"killCount":-1,"type":"EVENT","drops":[{"name":"Diamond ring","id":1644,"quantity":4,"price":2004}],"date":"Sep 11, 2023, 9:18:48 AM"}
{"name":"Casket (Tempoross)","level":-1,"killCount":-1,"type":"EVENT","drops":[{"name":"Uncut red topaz","id":1630,"quantity":14,"price":1227}],"date":"Sep 11, 2023, 9:18:49 AM"}
{"name":"Casket (Tempoross)","level":-1,"killCount":-1,"type":"EVENT","drops":[{"name":"Diamond ring","id":1644,"quantity":3,"price":2004}],"date":"Sep 11, 2023, 9:18:50 AM"}
{"name":"Casket (Tempoross)","level":-1,"killCount":-1,"type":"EVENT","drops":[{"name":"Emerald necklace","id":1659,"quantity":9,"price":713}],"date":"Sep 11, 2023, 9:18:51 AM"}
{"name":"Casket (Tempoross)","level":-1,"killCount":-1,"type":"EVENT","drops":[{"name":"Uncut opal","id":1626,"quantity":47,"price":1096}],"date":"Sep 11, 2023, 9:18:52 AM"}
{"name":"Casket (Tempoross)","level":-1,"killCount":-1,"type":"EVENT","drops":[{"name":"Emerald bracelet","id":11077,"quantity":7,"price":799}],"date":"Sep 11, 2023, 9:18:54 AM"}
{"name":"Casket (Tempoross)","level":-1,"killCount":-1,"type":"EVENT","drops":[{"name":"Ruby necklace","id":1661,"quantity":6,"price":1163}],"date":"Sep 11, 2023, 9:18:55 AM"}
{"name":"Casket (Tempoross)","level":-1,"killCount":-1,"type":"EVENT","drops":[{"name":"Sapphire bracelet","id":11073,"quantity":14,"price":578}],"date":"Sep 11, 2023, 9:18:56 AM"}
{"name":"Casket (Tempoross)","level":-1,"killCount":-1,"type":"EVENT","drops":[{"name":"Uncut red topaz","id":1630,"quantity":14,"price":1227}],"date":"Sep 11, 2023, 9:18:58 AM"}
{"name":"Casket (Tempoross)","level":-1,"killCount":-1,"type":"EVENT","drops":[{"name":"Diamond necklace","id":1663,"quantity":3,"price":2064}],"date":"Sep 11, 2023, 9:18:59 AM"}
{"name":"Casket (Tempoross)","level":-1,"killCount":-1,"type":"EVENT","drops":[{"name":"Rune full helm","id":1164,"quantity":1,"price":20572}],"date":"Sep 11, 2023, 9:19:00 AM"}
{"name":"Casket (Tempoross)","level":-1,"killCount":-1,"type":"EVENT","drops":[{"name":"Uncut opal","id":1626,"quantity":50,"price":1096}],"date":"Sep 11, 2023, 9:19:01 AM"}
{"name":"Casket (Tempoross)","level":-1,"killCount":-1,"type":"EVENT","drops":[{"name":"Sapphire ring","id":1638,"quantity":23,"price":481}],"date":"Sep 11, 2023, 9:19:03 AM"}
{"name":"Casket (Tempoross)","level":-1,"killCount":-1,"type":"EVENT","drops":[{"name":"Loop half of key","id":988,"quantity":1,"price":9542}],"date":"Sep 11, 2023, 9:19:04 AM"}
{"name":"Casket (Tempoross)","level":-1,"killCount":-1,"type":"EVENT","drops":[{"name":"Clue scroll (easy)","id":3505,"quantity":1,"price":0},{"name":"Diamond bracelet","id":11093,"quantity":3,"price":2075}],"date":"Sep 11, 2023, 9:19:05 AM"}
{"name":"Casket (Tempoross)","level":-1,"killCount":-1,"type":"EVENT","drops":[{"name":"Rune med helm","id":1148,"quantity":1,"price":11267}],"date":"Sep 11, 2023, 9:21:34 AM"}
{"name":"Casket (Tempoross)","level":-1,"killCount":-1,"type":"EVENT","drops":[{"name":"Sapphire ring","id":1638,"quantity":10,"price":481}],"date":"Sep 11, 2023, 9:21:36 AM"}
{"name":"Casket (Tempoross)","level":-1,"killCount":-1,"type":"EVENT","drops":[{"name":"Uncut jade","id":1628,"quantity":46,"price":115}],"date":"Sep 11, 2023, 9:21:37 AM"}
{"name":"Casket (Tempoross)","level":-1,"killCount":-1,"type":"EVENT","drops":[{"name":"Emerald necklace","id":1659,"quantity":10,"price":713}],"date":"Sep 11, 2023, 9:21:38 AM"}
{"name":"Casket (Tempoross)","level":-1,"killCount":-1,"type":"EVENT","drops":[{"name":"Rune chainbody","id":1114,"quantity":1,"price":29557}],"date":"Sep 11, 2023, 9:21:39 AM"}
{"name":"Casket (Tempoross)","level":-1,"killCount":-1,"type":"EVENT","drops":[{"name":"Silver bar","id":2356,"quantity":51,"price":94}],"date":"Sep 11, 2023, 9:21:40 AM"}
{"name":"Casket (Tempoross)","level":-1,"killCount":-1,"type":"EVENT","drops":[{"name":"Emerald ring","id":1640,"quantity":8,"price":716}],"date":"Sep 11, 2023, 9:21:42 AM"}
{"name":"Casket (Tempoross)","level":-1,"killCount":-1,"type":"EVENT","drops":[{"name":"Uncut opal","id":1626,"quantity":33,"price":1096}],"date":"Sep 11, 2023, 9:22:06 AM"}
{"name":"Casket (Tempoross)","level":-1,"killCount":-1,"type":"EVENT","drops":[{"name":"Uncut jade","id":1628,"quantity":36,"price":115}],"date":"Sep 11, 2023, 9:22:07 AM"}
{"name":"Casket (Tempoross)","level":-1,"killCount":-1,"type":"EVENT","drops":[{"name":"Clue scroll (hard)","id":23178,"quantity":1,"price":0},{"name":"Uncut red topaz","id":1630,"quantity":11,"price":1227}],"date":"Sep 11, 2023, 9:22:08 AM"}
{"name":"Casket (Tempoross)","level":-1,"killCount":-1,"type":"EVENT","drops":[{"name":"Silver bar","id":2356,"quantity":57,"price":94}],"date":"Sep 11, 2023, 9:30:35 AM"}
{"name":"Casket (Tempoross)","level":-1,"killCount":-1,"type":"EVENT","drops":[{"name":"Uncut opal","id":1626,"quantity":49,"price":1096}],"date":"Sep 11, 2023, 9:30:36 AM"}
{"name":"Casket (Tempoross)","level":-1,"killCount":-1,"type":"EVENT","drops":[{"name":"Gold bar","id":2358,"quantity":86,"price":121}],"date":"Sep 11, 2023, 9:30:37 AM"}
{"name":"Casket (Tempoross)","level":-1,"killCount":-1,"type":"EVENT","drops":[{"name":"Diamond necklace","id":1663,"quantity":4,"price":2064}],"date":"Sep 11, 2023, 9:30:39 AM"}
{"name":"Casket (Tempoross)","level":-1,"killCount":-1,"type":"EVENT","drops":[{"name":"Coins","id":995,"quantity":26382,"price":1}],"date":"Sep 11, 2023, 9:30:40 AM"}
{"name":"Casket (Tempoross)","level":-1,"killCount":-1,"type":"EVENT","drops":[{"name":"Emerald bracelet","id":11077,"quantity":16,"price":799}],"date":"Sep 11, 2023, 9:30:40 AM"}
{"name":"Casket (Tempoross)","level":-1,"killCount":-1,"type":"EVENT","drops":[{"name":"Ruby bracelet","id":11086,"quantity":8,"price":1236}],"date":"Sep 11, 2023, 9:30:42 AM"}
{"name":"Casket (Tempoross)","level":-1,"killCount":-1,"type":"EVENT","drops":[{"name":"Uncut red topaz","id":1630,"quantity":10,"price":1227}],"date":"Sep 11, 2023, 9:30:43 AM"}
{"name":"Casket (Tempoross)","level":-1,"killCount":-1,"type":"EVENT","drops":[{"name":"Tooth half of key","id":986,"quantity":1,"price":9519}],"date":"Sep 11, 2023, 9:30:44 AM"}
{"name":"Casket (Tempoross)","level":-1,"killCount":-1,"type":"EVENT","drops":[{"name":"Emerald necklace","id":1659,"quantity":20,"price":713}],"date":"Sep 11, 2023, 9:30:45 AM"}
{"name":"Casket (Tempoross)","level":-1,"killCount":-1,"type":"EVENT","drops":[{"name":"Uncut jade","id":1628,"quantity":27,"price":115}],"date":"Sep 11, 2023, 9:30:46 AM"}
{"name":"Casket (Tempoross)","level":-1,"killCount":-1,"type":"EVENT","drops":[{"name":"Sapphire necklace","id":1657,"quantity":12,"price":472}],"date":"Jan 8, 2025, 2:37:01 PM"}
{"name":"Casket (Tempoross)","level":-1,"killCount":-1,"type":"EVENT","drops":[{"name":"Uncut red topaz","id":1630,"quantity":13,"price":1771}],"date":"Jan 8, 2025, 2:37:03 PM"}
{"name":"Casket (Tempoross)","level":-1,"killCount":-1,"type":"EVENT","drops":[{"name":"Uncut jade","id":1628,"quantity":32,"price":110}],"date":"Jan 8, 2025, 2:37:04 PM"}
{"name":"Casket (Tempoross)","level":-1,"killCount":-1,"type":"EVENT","drops":[{"name":"Loop half of key","id":988,"quantity":1,"price":11208}],"date":"Jan 8, 2025, 2:37:04 PM"}
{"name":"Casket (Tempoross)","level":-1,"killCount":-1,"type":"EVENT","drops":[{"name":"Ruby ring","id":1642,"quantity":6,"price":1053}],"date":"Jan 8, 2025, 2:37:06 PM"}
{"name":"Casket (Tempoross)","level":-1,"killCount":-1,"type":"EVENT","drops":[{"name":"Emerald necklace","id":1659,"quantity":15,"price":664}],"date":"Jan 8, 2025, 2:37:07 PM"}
{"name":"Casket (Tempoross)","level":-1,"killCount":-1,"type":"EVENT","drops":[{"name":"Gold bar","id":2358,"quantity":96,"price":123}],"date":"Jan 8, 2025, 2:37:08 PM"}
{"name":"Casket (Tempoross)","level":-1,"killCount":-1,"type":"EVENT","drops":[{"name":"Ruby necklace","id":1661,"quantity":15,"price":1104}],"date":"Jan 8, 2025, 2:37:09 PM"}
{"name":"Casket (Tempoross)","level":-1,"killCount":-1,"type":"EVENT","drops":[{"name":"Silver bar","id":2356,"quantity":92,"price":115}],"date":"Jan 8, 2025, 2:37:10 PM"}
{"name":"Casket (Tempoross)","level":-1,"killCount":-1,"type":"EVENT","drops":[{"name":"Tooth half of key","id":986,"quantity":1,"price":11293}],"date":"Jan 8, 2025, 2:37:12 PM"}
{"name":"Casket (Tempoross)","level":-1,"killCount":-1,"type":"EVENT","drops":[{"name":"Diamond necklace","id":1663,"quantity":4,"price":2013}],"date":"Jan 8, 2025, 2:37:12 PM"}
{"name":"Casket (Tempoross)","level":-1,"killCount":-1,"type":"EVENT","drops":[{"name":"Uncut jade","id":1628,"quantity":37,"price":110}],"date":"Jan 8, 2025, 9:50:20 PM"}
{"name":"Casket (Tempoross)","level":-1,"killCount":-1,"type":"EVENT","drops":[{"name":"Diamond necklace","id":1663,"quantity":3,"price":2013}],"date":"Jan 8, 2025, 9:50:21 PM"}
{"name":"Casket (Tempoross)","level":-1,"killCount":-1,"type":"EVENT","drops":[{"name":"Loop half of key","id":988,"quantity":1,"price":11208}],"date":"Jan 8, 2025, 9:50:21 PM"}
{"name":"Casket (Tempoross)","level":-1,"killCount":-1,"type":"EVENT","drops":[{"name":"Diamond ring","id":1644,"quantity":4,"price":1939}],"date":"Jan 8, 2025, 9:50:22 PM"}
{"name":"Casket (Tempoross)","level":-1,"killCount":-1,"type":"EVENT","drops":[{"name":"Uncut jade","id":1628,"quantity":35,"price":110}],"date":"Jan 8, 2025, 9:50:22 PM"}
{"name":"Casket (Tempoross)","level":-1,"killCount":-1,"type":"EVENT","drops":[{"name":"Emerald bracelet","id":11077,"quantity":11,"price":803}],"date":"Jan 8, 2025, 9:50:23 PM"}
{"name":"Casket (Tempoross)","level":-1,"killCount":-1,"type":"EVENT","drops":[{"name":"Rune med helm","id":1148,"quantity":1,"price":11043}],"date":"Jan 8, 2025, 9:50:24 PM"}
{"name":"Casket (Tempoross)","level":-1,"killCount":-1,"type":"EVENT","drops":[{"name":"Rune med helm","id":1148,"quantity":1,"price":11043}],"date":"Jan 8, 2025, 9:50:24 PM"}
{"name":"Casket (Tempoross)","level":-1,"killCount":-1,"type":"EVENT","drops":[{"name":"Uncut red topaz","id":1630,"quantity":12,"price":1772}],"date":"Jan 10, 2025, 3:48:15 PM"}
{"name":"Casket (Tempoross)","level":-1,"killCount":-1,"type":"EVENT","drops":[{"name":"Ruby bracelet","id":11086,"quantity":8,"price":1191}],"date":"Jan 10, 2025, 3:48:15 PM"}
{"name":"Casket (Tempoross)","level":-1,"killCount":-1,"type":"EVENT","drops":[{"name":"Rune med helm","id":1148,"quantity":1,"price":10992}],"date":"Jan 11, 2025, 11:38:42 AM"}
{"name":"Casket (Tempoross)","level":-1,"killCount":-1,"type":"EVENT","drops":[{"name":"Clue scroll (hard)","id":19856,"quantity":1,"price":0},{"name":"Sapphire necklace","id":1657,"quantity":11,"price":464},{"name":"Rune chainbody","id":1114,"quantity":1,"price":29547},{"name":"Uncut red topaz","id":1630,"quantity":12,"price":1775}],"date":"Jan 11, 2025, 11:38:43 AM"}
{"name":"Casket (Tempoross)","level":-1,"killCount":-1,"type":"EVENT","drops":[{"name":"Ruby ring","id":1642,"quantity":8,"price":1027}],"date":"Jan 27, 2025, 12:00:37 PM"}
{"name":"Casket (Tempoross)","level":-1,"killCount":-1,"type":"EVENT","drops":[{"name":"Emerald ring","id":1640,"quantity":9,"price":663}],"date":"Jan 27, 2025, 12:00:38 PM"}
{"name":"Casket (Tempoross)","level":-1,"killCount":-1,"type":"EVENT","drops":[{"name":"Uncut opal","id":1626,"quantity":31,"price":298}],"date":"Jan 27, 2025, 12:00:39 PM"}
{"name":"Casket (Tempoross)","level":-1,"killCount":-1,"type":"EVENT","drops":[{"name":"Clue scroll (medium)","id":3611,"quantity":1,"price":0},{"name":"Emerald necklace","id":1659,"quantity":9,"price":659}],"date":"Jan 27, 2025, 12:00:40 PM"}
{"name":"Casket (Tempoross)","level":-1,"killCount":-1,"type":"EVENT","drops":[{"name":"Uncut jade","id":1628,"quantity":44,"price":106}],"date":"Jan 27, 2025, 12:00:43 PM"}
{"name":"Casket (Tempoross)","level":-1,"killCount":-1,"type":"EVENT","drops":[{"name":"Rune chainbody","id":1114,"quantity":1,"price":29545},{"name":"Clue scroll (medium)","id":2849,"quantity":1,"price":0}],"date":"Jan 27, 2025, 12:00:45 PM"}
{"name":"Casket (Tempoross)","level":-1,"killCount":-1,"type":"EVENT","drops":[{"name":"Sapphire bracelet","id":11073,"quantity":10,"price":545}],"date":"Jan 27, 2025, 12:00:48 PM"}
{"name":"Casket (Tempoross)","level":-1,"killCount":-1,"type":"EVENT","drops":[{"name":"Ruby bracelet","id":11086,"quantity":8,"price":1191}],"date":"Jan 9, 2025, 10:50:13 AM"}
{"name":"Casket (Tempoross)","level":-1,"killCount":-1,"type":"EVENT","drops":[{"name":"Sapphire bracelet","id":11073,"quantity":11,"price":580}],"date":"Jan 9, 2025, 10:50:14 AM"}
