{"name":"Crystal impling","level":-1,"killCount":-1,"type":"EVENT","drops":[{"name":"Rune dart","id":811,"quantity":60,"price":374}],"date":"Aug 5, 2022, 12:50:13 PM"}
{"name":"Crystal impling","level":-1,"killCount":-1,"type":"EVENT","drops":[{"name":"Ranarr seed","id":5295,"quantity":4,"price":57452}],"date":"Aug 8, 2022, 12:07:30 PM"}
{"name":"Crystal impling","level":-1,"killCount":-1,"type":"EVENT","drops":[{"name":"Rune arrow","id":892,"quantity":741,"price":62}],"date":"Aug 13, 2022, 2:06:39 PM"}
{"name":"Crystal impling","level":-1,"killCount":-1,"type":"EVENT","drops":[{"name":"Dragon dart tip","id":11232,"quantity":15,"price":3652}],"date":"Aug 30, 2022, 1:37:55 PM"}
{"name":"Crystal impling","level":-1,"killCount":-1,"type":"EVENT","drops":[{"name":"Dragon dagger","id":1216,"quantity":2,"price":17431}],"date":"Nov 5, 2022, 10:29:35 PM"}
{"name":"Crystal impling","level":-1,"killCount":-1,"type":"EVENT","drops":[{"name":"Crystal acorn","id":23661,"quantity":1,"price":0}],"date":"Nov 18, 2022, 4:11:05 PM"}
{"name":"Crystal impling","level":-1,"killCount":-1,"type":"EVENT","drops":[{"name":"Rune javelin heads","id":19580,"quantity":46,"price":606}],"date":"Dec 11, 2022, 3:09:20 PM"}
{"name":"Crystal impling","level":-1,"killCount":-1,"type":"EVENT","drops":[{"name":"Dragonstone","id":1616,"quantity":2,"price":11488}],"date":"Dec 11, 2022, 11:47:53 PM"}
{"name":"Crystal impling","level":-1,"killCount":-1,"type":"EVENT","drops":[{"name":"Crystal shard","id":23962,"quantity":5,"price":0}],"date":"Dec 24, 2022, 3:10:04 AM"}
{"name":"Crystal impling","level":-1,"killCount":-1,"type":"EVENT","drops":[{"name":"Dragon dart tip","id":11232,"quantity":15,"price":1668}],"date":"Jan 4, 2023, 1:08:27 PM"}
{"name":"Crystal impling","level":-1,"killCount":-1,"type":"EVENT","drops":[{"name":"Rune arrow","id":892,"quantity":694,"price":69}],"date":"Jan 4, 2023, 2:43:39 PM"}
{"name":"Crystal impling","level":-1,"killCount":-1,"type":"EVENT","drops":[{"name":"Dragon dart tip","id":11232,"quantity":13,"price":1668}],"date":"Jan 4, 2023, 8:07:20 PM"}
{"name":"Crystal impling","level":-1,"killCount":-1,"type":"EVENT","drops":[{"name":"Rune javelin heads","id":19580,"quantity":28,"price":564}],"date":"Jan 4, 2023, 8:09:18 PM"}
{"name":"Crystal impling","level":-1,"killCount":-1,"type":"EVENT","drops":[{"name":"Amulet of power","id":1732,"quantity":6,"price":1956}],"date":"Jan 4, 2023, 8:11:05 PM"}
{"name":"Crystal impling","level":-1,"killCount":-1,"type":"EVENT","drops":[{"name":"Dragon dart tip","id":11232,"quantity":15,"price":1668}],"date":"Jan 4, 2023, 8:17:50 PM"}
{"name":"Crystal impling","level":-1,"killCount":-1,"type":"EVENT","drops":[{"name":"Rune scimitar","id":1334,"quantity":5,"price":15087}],"date":"Jan 4, 2023, 8:23:53 PM"}
{"name":"Crystal impling","level":-1,"killCount":-1,"type":"EVENT","drops":[{"name":"Rune dart","id":811,"quantity":54,"price":213}],"date":"Jan 4, 2023, 9:44:43 PM"}
{"name":"Crystal impling","level":-1,"killCount":-1,"type":"EVENT","drops":[{"name":"Rune arrow","id":892,"quantity":564,"price":72}],"date":"Jan 9, 2023, 10:06:54 PM"}
{"name":"Crystal impling","level":-1,"killCount":-1,"type":"EVENT","drops":[{"name":"Rune javelin heads","id":19580,"quantity":54,"price":625}],"date":"Jul 6, 2023, 9:39:30 AM"}
{"name":"Crystal impling","level":-1,"killCount":-1,"type":"EVENT","drops":[{"name":"Ranarr seed","id":5295,"quantity":8,"price":19732}],"date":"Jul 6, 2023, 9:41:57 AM"}
{"name":"Crystal impling","level":-1,"killCount":-1,"type":"EVENT","drops":[{"name":"Onyx bolt tips","id":9194,"quantity":8,"price":8378}],"date":"Feb 26, 2023, 11:36:19 PM"}
{"name":"Crystal impling","level":-1,"killCount":-1,"type":"EVENT","drops":[{"name":"Dragon dart tip","id":11232,"quantity":12,"price":1660}],"date":"Mar 6, 2023, 8:12:23 PM"}
{"name":"Crystal impling","level":-1,"killCount":-1,"type":"EVENT","drops":[{"name":"Dragon dart tip","id":11232,"quantity":14,"price":1660}],"date":"Mar 6, 2023, 11:36:28 PM"}
{"name":"Crystal impling","level":-1,"killCount":-1,"type":"EVENT","drops":[{"name":"Babydragon bones","id":535,"quantity":84,"price":710}],"date":"Jul 14, 2023, 2:18:10 PM"}
