{"name":"Earth impling","level":-1,"killCount":-1,"type":"EVENT","drops":[{"name":"Compost","id":6033,"quantity":6,"price":29}],"date":"Mar 31, 2022, 2:31:09 PM"}
{"name":"Earth impling","level":-1,"killCount":-1,"type":"EVENT","drops":[{"name":"Compost","id":6033,"quantity":6,"price":27}],"date":"May 10, 2022, 12:37:04 PM"}
{"name":"Earth impling","level":-1,"killCount":-1,"type":"EVENT","drops":[{"name":"Mithril ore","id":447,"quantity":1,"price":124}],"date":"May 17, 2022, 1:54:21 PM"}
{"name":"Earth impling","level":-1,"killCount":-1,"type":"EVENT","drops":[{"name":"Earth rune","id":557,"quantity":32,"price":6}],"date":"May 27, 2022, 4:47:16 PM"}
{"name":"Earth impling","level":-1,"killCount":-1,"type":"EVENT","drops":[{"name":"Earth talisman","id":1440,"quantity":1,"price":237}],"date":"Jun 7, 2022, 10:53:01 PM"}
{"name":"Earth impling","level":-1,"killCount":-1,"type":"EVENT","drops":[{"name":"Unicorn horn","id":237,"quantity":1,"price":279}],"date":"Jun 29, 2022, 3:44:09 PM"}
{"name":"Earth impling","level":-1,"killCount":-1,"type":"EVENT","drops":[{"name":"Earth tiara","id":5535,"quantity":1,"price":18}],"date":"Jul 5, 2022, 10:20:52 PM"}
{"name":"Earth impling","level":-1,"killCount":-1,"type":"EVENT","drops":[{"name":"Fire talisman","id":1442,"quantity":1,"price":1893}],"date":"Jul 6, 2022, 8:22:51 PM"}
{"name":"Earth impling","level":-1,"killCount":-1,"type":"EVENT","drops":[{"name":"Compost","id":6033,"quantity":6,"price":25}],"date":"Jul 7, 2022, 9:12:09 AM"}
{"name":"Earth impling","level":-1,"killCount":-1,"type":"EVENT","drops":[{"name":"Unicorn horn","id":237,"quantity":1,"price":237}],"date":"Jul 7, 2022, 11:53:55 AM"}
{"name":"Earth impling","level":-1,"killCount":-1,"type":"EVENT","drops":[{"name":"Compost","id":6033,"quantity":6,"price":30}],"date":"Jul 9, 2022, 12:58:32 AM"}
{"name":"Earth impling","level":-1,"killCount":-1,"type":"EVENT","drops":[{"name":"Earth rune","id":557,"quantity":32,"price":4}],"date":"Jul 23, 2022, 5:05:25 PM"}
{"name":"Earth impling","level":-1,"killCount":-1,"type":"EVENT","drops":[{"name":"Fire talisman","id":1442,"quantity":1,"price":1931}],"date":"Jul 29, 2022, 10:52:03 AM"}
{"name":"Earth impling","level":-1,"killCount":-1,"type":"EVENT","drops":[{"name":"Earth rune","id":557,"quantity":32,"price":4}],"date":"Aug 5, 2022, 10:07:02 PM"}
{"name":"Earth impling","level":-1,"killCount":-1,"type":"EVENT","drops":[{"name":"Earth tiara","id":5535,"quantity":1,"price":1}],"date":"Aug 6, 2022, 3:26:53 PM"}
{"name":"Earth impling","level":-1,"killCount":-1,"type":"EVENT","drops":[{"name":"Earth rune","id":557,"quantity":32,"price":5}],"date":"Aug 9, 2022, 1:19:44 PM"}
{"name":"Earth impling","level":-1,"killCount":-1,"type":"EVENT","drops":[{"name":"Fire talisman","id":1442,"quantity":1,"price":1536}],"date":"Aug 13, 2022, 2:32:06 PM"}
{"name":"Earth impling","level":-1,"killCount":-1,"type":"EVENT","drops":[{"name":"Bucket of sand","id":1784,"quantity":4,"price":48}],"date":"Aug 13, 2022, 8:28:50 PM"}
{"name":"Earth impling","level":-1,"killCount":-1,"type":"EVENT","drops":[{"name":"Earth talisman","id":1440,"quantity":1,"price":297}],"date":"Aug 30, 2022, 4:21:36 PM"}
{"name":"Earth impling","level":-1,"killCount":-1,"type":"EVENT","drops":[{"name":"Bucket of sand","id":1784,"quantity":4,"price":48}],"date":"Sep 14, 2022, 10:23:51 AM"}
{"name":"Earth impling","level":-1,"killCount":-1,"type":"EVENT","drops":[{"name":"Unicorn horn","id":237,"quantity":1,"price":211}],"date":"Oct 4, 2022, 4:38:19 PM"}
{"name":"Earth impling","level":-1,"killCount":-1,"type":"EVENT","drops":[{"name":"Earth talisman","id":1440,"quantity":1,"price":222}],"date":"Jan 6, 2023, 1:51:56 PM"}
{"name":"Earth impling","level":-1,"killCount":-1,"type":"EVENT","drops":[{"name":"Coal","id":454,"quantity":6,"price":183}],"date":"Feb 15, 2023, 11:28:23 PM"}
{"name":"Earth impling","level":-1,"killCount":-1,"type":"EVENT","drops":[{"name":"Gold ore","id":444,"quantity":1,"price":210}],"date":"Feb 24, 2023, 9:36:23 PM"}
{"name":"Earth impling","level":-1,"killCount":-1,"type":"EVENT","drops":[{"name":"Bucket of sand","id":1784,"quantity":4,"price":37}],"date":"Mar 6, 2023, 2:02:09 PM"}
{"name":"Earth impling","level":-1,"killCount":-1,"type":"EVENT","drops":[{"name":"Earth talisman","id":1440,"quantity":1,"price":176}],"date":"Mar 16, 2023, 9:28:01 AM"}
{"name":"Earth impling","level":-1,"killCount":-1,"type":"EVENT","drops":[{"name":"Bucket of sand","id":1784,"quantity":4,"price":36}],"date":"Mar 27, 2023, 6:25:25 PM"}
{"name":"Earth impling","level":-1,"killCount":-1,"type":"EVENT","drops":[{"name":"Earth talisman","id":1440,"quantity":1,"price":205}],"date":"Apr 18, 2023, 10:51:43 AM"}
{"name":"Earth impling","level":-1,"killCount":-1,"type":"EVENT","drops":[{"name":"Bucket of sand","id":1784,"quantity":4,"price":34}],"date":"Jun 7, 2023, 12:23:30 PM"}
{"name":"Earth impling","level":-1,"killCount":-1,"type":"EVENT","drops":[{"name":"Earth tiara","id":5535,"quantity":1,"price":14}],"date":"Jun 26, 2023, 1:51:19 PM"}
{"name":"Earth impling","level":-1,"killCount":-1,"type":"EVENT","drops":[{"name":"Coal","id":454,"quantity":6,"price":189}],"date":"Jul 12, 2023, 10:46:19 PM"}
{"name":"Earth impling","level":-1,"killCount":-1,"type":"EVENT","drops":[{"name":"Earth tiara","id":5535,"quantity":1,"price":9}],"date":"Jul 12, 2023, 10:56:55 PM"}
{"name":"Earth impling","level":-1,"killCount":-1,"type":"EVENT","drops":[{"name":"Fire talisman","id":1442,"quantity":1,"price":1729}],"date":"Jul 13, 2023, 2:21:21 PM"}
{"name":"Earth impling","level":-1,"killCount":-1,"type":"EVENT","drops":[{"name":"Earth talisman","id":1440,"quantity":1,"price":122}],"date":"Jul 13, 2023, 4:03:46 PM"}
{"name":"Earth impling","level":-1,"killCount":-1,"type":"EVENT","drops":[{"name":"Compost","id":6033,"quantity":6,"price":30}],"date":"Jul 14, 2023, 11:04:46 AM"}
{"name":"Earth impling","level":-1,"killCount":-1,"type":"EVENT","drops":[{"name":"Earth talisman","id":1440,"quantity":1,"price":115}],"date":"Jul 14, 2023, 11:28:55 AM"}
{"name":"Earth impling","level":-1,"killCount":-1,"type":"EVENT","drops":[{"name":"Earth talisman","id":1440,"quantity":1,"price":115}],"date":"Jul 15, 2023, 12:19:42 PM"}
{"name":"Earth impling","level":-1,"killCount":-1,"type":"EVENT","drops":[{"name":"Compost","id":6033,"quantity":6,"price":31}],"date":"Jul 16, 2023, 12:27:19 PM"}
{"name":"Earth impling","level":-1,"killCount":-1,"type":"EVENT","drops":[{"name":"Mithril ore","id":447,"quantity":1,"price":95}],"date":"Jul 18, 2023, 10:16:49 AM"}
{"name":"Earth impling","level":-1,"killCount":-1,"type":"EVENT","drops":[{"name":"Earth talisman","id":1440,"quantity":1,"price":110}],"date":"Jul 18, 2023, 7:34:20 PM"}
{"name":"Earth impling","level":-1,"killCount":-1,"type":"EVENT","drops":[{"name":"Bucket of sand","id":1784,"quantity":4,"price":32}],"date":"Jul 20, 2023, 10:55:35 AM"}
{"name":"Earth impling","level":-1,"killCount":-1,"type":"EVENT","drops":[{"name":"Earth talisman","id":1440,"quantity":1,"price":121}],"date":"Jul 23, 2023, 10:31:17 AM"}
{"name":"Earth impling","level":-1,"killCount":-1,"type":"EVENT","drops":[{"name":"Coal","id":454,"quantity":6,"price":186}],"date":"Jul 23, 2023, 12:51:44 PM"}
{"name":"Earth impling","level":-1,"killCount":-1,"type":"EVENT","drops":[{"name":"Earth rune","id":557,"quantity":32,"price":4}],"date":"Jul 24, 2023, 1:29:51 PM"}
{"name":"Earth impling","level":-1,"killCount":-1,"type":"EVENT","drops":[{"name":"Earth tiara","id":5535,"quantity":1,"price":3}],"date":"Jul 24, 2023, 3:54:37 PM"}
{"name":"Earth impling","level":-1,"killCount":-1,"type":"EVENT","drops":[{"name":"Fire talisman","id":1442,"quantity":1,"price":1569}],"date":"Jul 25, 2023, 4:23:42 PM"}
{"name":"Earth impling","level":-1,"killCount":-1,"type":"EVENT","drops":[{"name":"Gold ore","id":444,"quantity":1,"price":206}],"date":"Jul 27, 2023, 12:25:14 PM"}
{"name":"Earth impling","level":-1,"killCount":-1,"type":"EVENT","drops":[{"name":"Steel bar","id":2353,"quantity":1,"price":417}],"date":"Jul 27, 2023, 1:25:30 PM"}
{"name":"Earth impling","level":-1,"killCount":-1,"type":"EVENT","drops":[{"name":"Earth talisman","id":1440,"quantity":1,"price":171}],"date":"Oct 1, 2023, 12:11:29 PM"}
{"name":"Earth impling","level":-1,"killCount":-1,"type":"EVENT","drops":[{"name":"Mithril ore","id":447,"quantity":1,"price":88}],"date":"Oct 1, 2023, 1:08:00 PM"}
{"name":"Earth impling","level":-1,"killCount":-1,"type":"EVENT","drops":[{"name":"Unicorn horn","id":237,"quantity":1,"price":51}],"date":"Oct 5, 2023, 9:23:59 AM"}
{"name":"Earth impling","level":-1,"killCount":-1,"type":"EVENT","drops":[{"name":"Compost","id":6033,"quantity":6,"price":33}],"date":"Oct 10, 2023, 11:21:07 AM"}
{"name":"Earth impling","level":-1,"killCount":-1,"type":"EVENT","drops":[{"name":"Fire talisman","id":1442,"quantity":1,"price":1363}],"date":"Oct 10, 2023, 8:47:00 PM"}
{"name":"Earth impling","level":-1,"killCount":-1,"type":"EVENT","drops":[{"name":"Fire talisman","id":1442,"quantity":1,"price":1402}],"date":"Oct 14, 2023, 8:26:54 PM"}
{"name":"Earth impling","level":-1,"killCount":-1,"type":"EVENT","drops":[{"name":"Fire talisman","id":1442,"quantity":1,"price":1968}],"date":"Feb 14, 2024, 3:06:04 PM"}
{"name":"Earth impling","level":-1,"killCount":-1,"type":"EVENT","drops":[{"name":"Earth rune","id":557,"quantity":32,"price":5}],"date":"Oct 22, 2024, 4:55:05 PM"}
