{"name":"Eclectic impling","level":-1,"killCount":-1,"type":"EVENT","drops":[{"name":"Air rune","id":556,"quantity":35,"price":4}],"date":"Mar 26, 2022, 8:58:41 PM"}
{"name":"Eclectic impling","level":-1,"killCount":-1,"type":"EVENT","drops":[{"name":"Snape grass","id":231,"quantity":1,"price":342}],"date":"Apr 2, 2022, 11:31:42 PM"}
{"name":"Eclectic impling","level":-1,"killCount":-1,"type":"EVENT","drops":[{"name":"Gold ore","id":444,"quantity":1,"price":291}],"date":"Apr 16, 2022, 3:48:50 PM"}
{"name":"Eclectic impling","level":-1,"killCount":-1,"type":"EVENT","drops":[{"name":"Unicorn horn","id":237,"quantity":1,"price":192}],"date":"Apr 16, 2022, 4:38:11 PM"}
{"name":"Eclectic impling","level":-1,"killCount":-1,"type":"EVENT","drops":[{"name":"Blue d\u0027hide chaps","id":2493,"quantity":1,"price":2307}],"date":"May 9, 2022, 2:55:14 PM"}
{"name":"Eclectic impling","level":-1,"killCount":-1,"type":"EVENT","drops":[{"name":"Oak plank","id":8779,"quantity":4,"price":458}],"date":"May 11, 2022, 12:33:22 PM"}
{"name":"Eclectic impling","level":-1,"killCount":-1,"type":"EVENT","drops":[{"name":"Gold ore","id":444,"quantity":1,"price":299}],"date":"May 11, 2022, 12:49:07 PM"}
{"name":"Eclectic impling","level":-1,"killCount":-1,"type":"EVENT","drops":[{"name":"Diamond","id":1601,"quantity":1,"price":1813},{"name":"Clue scroll (medium)","id":12035,"quantity":1,"price":0}],"date":"May 14, 2022, 10:06:41 PM"}
{"name":"Eclectic impling","level":-1,"killCount":-1,"type":"EVENT","drops":[{"name":"Gold bar","id":2358,"quantity":5,"price":85}],"date":"May 21, 2022, 7:07:18 PM"}
{"name":"Eclectic impling","level":-1,"killCount":-1,"type":"EVENT","drops":[{"name":"Empty candle lantern","id":4527,"quantity":1,"price":13}],"date":"May 21, 2022, 10:34:55 PM"}
{"name":"Eclectic impling","level":-1,"killCount":-1,"type":"EVENT","drops":[{"name":"Oak plank","id":8779,"quantity":4,"price":440}],"date":"May 23, 2022, 3:10:15 PM"}
{"name":"Eclectic impling","level":-1,"killCount":-1,"type":"EVENT","drops":[{"name":"Air rune","id":556,"quantity":33,"price":4}],"date":"May 23, 2022, 4:27:26 PM"}
{"name":"Eclectic impling","level":-1,"killCount":-1,"type":"EVENT","drops":[{"name":"Air rune","id":556,"quantity":49,"price":5}],"date":"May 25, 2022, 9:21:04 AM"}
{"name":"Eclectic impling","level":-1,"killCount":-1,"type":"EVENT","drops":[{"name":"Gold bar","id":2358,"quantity":5,"price":79}],"date":"Jun 13, 2022, 2:04:52 PM"}
{"name":"Eclectic impling","level":-1,"killCount":-1,"type":"EVENT","drops":[{"name":"Empty candle lantern","id":4527,"quantity":1,"price":8}],"date":"Jun 26, 2022, 12:11:03 AM"}
{"name":"Eclectic impling","level":-1,"killCount":-1,"type":"EVENT","drops":[{"name":"Mithril pickaxe","id":1273,"quantity":1,"price":433}],"date":"Jun 29, 2022, 5:33:06 PM"}
{"name":"Eclectic impling","level":-1,"killCount":-1,"type":"EVENT","drops":[{"name":"Oak plank","id":8779,"quantity":4,"price":426}],"date":"Jul 6, 2022, 3:52:49 PM"}
{"name":"Eclectic impling","level":-1,"killCount":-1,"type":"EVENT","drops":[{"name":"Gold ore","id":444,"quantity":1,"price":241}],"date":"Jul 8, 2022, 3:57:55 PM"}
{"name":"Eclectic impling","level":-1,"killCount":-1,"type":"EVENT","drops":[{"name":"Snape grass","id":231,"quantity":1,"price":337}],"date":"Jul 8, 2022, 8:27:22 PM"}
{"name":"Eclectic impling","level":-1,"killCount":-1,"type":"EVENT","drops":[{"name":"Gold ore","id":444,"quantity":1,"price":239}],"date":"Jul 9, 2022, 12:54:48 AM"}
{"name":"Eclectic impling","level":-1,"killCount":-1,"type":"EVENT","drops":[{"name":"Curry leaf","id":5970,"quantity":1,"price":38}],"date":"Jul 14, 2022, 9:23:27 AM"}
{"name":"Eclectic impling","level":-1,"killCount":-1,"type":"EVENT","drops":[{"name":"Air rune","id":556,"quantity":31,"price":5}],"date":"Jul 25, 2022, 1:12:01 PM"}
{"name":"Eclectic impling","level":-1,"killCount":-1,"type":"EVENT","drops":[{"name":"Mithril pickaxe","id":1273,"quantity":1,"price":382}],"date":"Jul 27, 2022, 9:30:19 AM"}
{"name":"Eclectic impling","level":-1,"killCount":-1,"type":"EVENT","drops":[{"name":"Adamantite ore","id":450,"quantity":10,"price":1044}],"date":"Jul 29, 2022, 9:10:46 AM"}
{"name":"Eclectic impling","level":-1,"killCount":-1,"type":"EVENT","drops":[{"name":"Unicorn horn","id":237,"quantity":1,"price":236}],"date":"Jul 29, 2022, 1:40:08 PM"}
{"name":"Eclectic impling","level":-1,"killCount":-1,"type":"EVENT","drops":[{"name":"Unicorn horn","id":237,"quantity":1,"price":233}],"date":"Aug 3, 2022, 9:01:07 AM"}
{"name":"Eclectic impling","level":-1,"killCount":-1,"type":"EVENT","drops":[{"name":"Gold ore","id":444,"quantity":1,"price":238}],"date":"Aug 3, 2022, 2:18:31 PM"}
{"name":"Eclectic impling","level":-1,"killCount":-1,"type":"EVENT","drops":[{"name":"Oak plank","id":8779,"quantity":4,"price":454}],"date":"Aug 5, 2022, 11:23:36 AM"}
{"name":"Eclectic impling","level":-1,"killCount":-1,"type":"EVENT","drops":[{"name":"Gold bar","id":2358,"quantity":5,"price":82}],"date":"Aug 5, 2022, 10:58:13 PM"}
{"name":"Eclectic impling","level":-1,"killCount":-1,"type":"EVENT","drops":[{"name":"Unicorn horn","id":237,"quantity":1,"price":233}],"date":"Aug 9, 2022, 10:32:54 PM"}
{"name":"Eclectic impling","level":-1,"killCount":-1,"type":"EVENT","drops":[{"name":"Snape grass","id":231,"quantity":1,"price":330}],"date":"Aug 13, 2022, 2:43:54 PM"}
{"name":"Eclectic impling","level":-1,"killCount":-1,"type":"EVENT","drops":[{"name":"Air rune","id":556,"quantity":38,"price":5}],"date":"Aug 19, 2022, 11:24:12 AM"}
{"name":"Eclectic impling","level":-1,"killCount":-1,"type":"EVENT","drops":[{"name":"Snape grass","id":231,"quantity":1,"price":330}],"date":"Aug 20, 2022, 12:25:32 PM"}
{"name":"Eclectic impling","level":-1,"killCount":-1,"type":"EVENT","drops":[{"name":"Gold bar","id":2358,"quantity":5,"price":83}],"date":"Aug 21, 2022, 1:12:58 AM"}
{"name":"Eclectic impling","level":-1,"killCount":-1,"type":"EVENT","drops":[{"name":"Snape grass","id":231,"quantity":1,"price":321}],"date":"Aug 22, 2022, 6:13:50 PM"}
{"name":"Eclectic impling","level":-1,"killCount":-1,"type":"EVENT","drops":[{"name":"Air rune","id":556,"quantity":43,"price":4}],"date":"Aug 27, 2022, 8:28:36 PM"}
{"name":"Eclectic impling","level":-1,"killCount":-1,"type":"EVENT","drops":[{"name":"Curry leaf","id":5970,"quantity":1,"price":23}],"date":"Aug 31, 2022, 9:15:01 PM"}
{"name":"Eclectic impling","level":-1,"killCount":-1,"type":"EVENT","drops":[{"name":"Empty candle lantern","id":4527,"quantity":1,"price":54}],"date":"Sep 11, 2022, 8:44:34 PM"}
{"name":"Eclectic impling","level":-1,"killCount":-1,"type":"EVENT","drops":[{"name":"Curry leaf","id":5970,"quantity":1,"price":25}],"date":"Oct 1, 2022, 10:04:26 PM"}
{"name":"Eclectic impling","level":-1,"killCount":-1,"type":"EVENT","drops":[{"name":"Curry leaf","id":5970,"quantity":1,"price":18}],"date":"Oct 20, 2022, 12:38:47 PM"}
{"name":"Eclectic impling","level":-1,"killCount":-1,"type":"EVENT","drops":[{"name":"Gold bar","id":2358,"quantity":5,"price":90}],"date":"Oct 29, 2022, 4:18:01 PM"}
{"name":"Eclectic impling","level":-1,"killCount":-1,"type":"EVENT","drops":[{"name":"Wild pie","id":7208,"quantity":1,"price":783}],"date":"Dec 13, 2022, 5:54:07 PM"}
{"name":"Eclectic impling","level":-1,"killCount":-1,"type":"EVENT","drops":[{"name":"Unicorn horn","id":237,"quantity":1,"price":225}],"date":"Jan 6, 2023, 2:23:38 PM"}
{"name":"Eclectic impling","level":-1,"killCount":-1,"type":"EVENT","drops":[{"name":"Mithril pickaxe","id":1273,"quantity":1,"price":377}],"date":"Jan 12, 2023, 4:09:20 PM"}
{"name":"Eclectic impling","level":-1,"killCount":-1,"type":"EVENT","drops":[{"name":"Oak plank","id":8779,"quantity":4,"price":452}],"date":"Feb 6, 2023, 3:17:12 PM"}
{"name":"Eclectic impling","level":-1,"killCount":-1,"type":"EVENT","drops":[{"name":"Gold bar","id":2358,"quantity":5,"price":81}],"date":"Feb 8, 2023, 9:43:00 AM"}
{"name":"Eclectic impling","level":-1,"killCount":-1,"type":"EVENT","drops":[{"name":"Mithril pickaxe","id":1273,"quantity":1,"price":427}],"date":"Mar 20, 2023, 9:37:29 PM"}
{"name":"Eclectic impling","level":-1,"killCount":-1,"type":"EVENT","drops":[{"name":"Gold bar","id":2358,"quantity":5,"price":87}],"date":"Mar 20, 2023, 9:41:24 PM"}
{"name":"Eclectic impling","level":-1,"killCount":-1,"type":"EVENT","drops":[{"name":"Curry leaf","id":5970,"quantity":1,"price":46}],"date":"Mar 25, 2023, 6:26:57 PM"}
{"name":"Eclectic impling","level":-1,"killCount":-1,"type":"EVENT","drops":[{"name":"Empty candle lantern","id":4527,"quantity":1,"price":3}],"date":"Mar 27, 2023, 2:53:28 PM"}
{"name":"Eclectic impling","level":-1,"killCount":-1,"type":"EVENT","drops":[{"name":"Gold bar","id":2358,"quantity":5,"price":103}],"date":"Apr 15, 2023, 6:04:44 PM"}
{"name":"Eclectic impling","level":-1,"killCount":-1,"type":"EVENT","drops":[{"name":"Curry leaf","id":5970,"quantity":1,"price":30}],"date":"Apr 16, 2023, 10:36:17 PM"}
{"name":"Eclectic impling","level":-1,"killCount":-1,"type":"EVENT","drops":[{"name":"Oak plank","id":8779,"quantity":4,"price":455}],"date":"May 26, 2023, 1:32:34 AM"}
{"name":"Eclectic impling","level":-1,"killCount":-1,"type":"EVENT","drops":[{"name":"Gold ore","id":444,"quantity":1,"price":204}],"date":"Jul 12, 2023, 2:42:10 PM"}
{"name":"Eclectic impling","level":-1,"killCount":-1,"type":"EVENT","drops":[{"name":"Diamond","id":1601,"quantity":1,"price":1738}],"date":"Jul 12, 2023, 3:24:06 PM"}
{"name":"Eclectic impling","level":-1,"killCount":-1,"type":"EVENT","drops":[{"name":"Oak plank","id":8779,"quantity":4,"price":446}],"date":"Jul 12, 2023, 3:49:14 PM"}
{"name":"Eclectic impling","level":-1,"killCount":-1,"type":"EVENT","drops":[{"name":"Gold bar","id":2358,"quantity":5,"price":97}],"date":"Jul 12, 2023, 4:50:42 PM"}
