{"name":"Essence impling jar","level":-1,"killCount":-1,"type":"EVENT","drops":[{"name":"Chaos rune","id":562,"quantity":4,"price":72},{"name":"Impling jar","id":11260,"quantity":1,"price":1272}],"date":"Jul 27, 2022, 11:14:15 PM"}
{"name":"Essence impling jar","level":-1,"killCount":-1,"type":"EVENT","drops":[{"name":"Fire rune","id":554,"quantity":50,"price":4},{"name":"Impling jar","id":11260,"quantity":1,"price":954}],"date":"Sep 16, 2022, 7:07:16 PM"}
{"name":"Essence impling jar","level":-1,"killCount":-1,"type":"EVENT","drops":[{"name":"Chaos rune","id":562,"quantity":4,"price":73},{"name":"Impling jar","id":11260,"quantity":1,"price":811}],"date":"Sep 16, 2022, 7:48:10 PM"}
{"name":"Essence impling jar","level":-1,"killCount":-1,"type":"EVENT","drops":[{"name":"Fire rune","id":554,"quantity":50,"price":5},{"name":"Impling jar","id":11260,"quantity":1,"price":930}],"date":"Sep 18, 2022, 10:14:49 PM"}
{"name":"Essence impling jar","level":-1,"killCount":-1,"type":"EVENT","drops":[{"name":"Cosmic rune","id":564,"quantity":4,"price":153}],"date":"Sep 18, 2022, 11:56:49 PM"}
{"name":"Essence impling jar","level":-1,"killCount":-1,"type":"EVENT","drops":[{"name":"Mind talisman","id":1448,"quantity":1,"price":580},{"name":"Impling jar","id":11260,"quantity":1,"price":903}],"date":"Sep 20, 2022, 11:18:31 AM"}
{"name":"Essence impling jar","level":-1,"killCount":-1,"type":"EVENT","drops":[{"name":"Cosmic rune","id":564,"quantity":4,"price":156},{"name":"Impling jar","id":11260,"quantity":1,"price":903}],"date":"Sep 20, 2022, 1:03:24 PM"}
{"name":"Essence impling jar","level":-1,"killCount":-1,"type":"EVENT","drops":[{"name":"Chaos rune","id":562,"quantity":4,"price":65}],"date":"May 26, 2023, 12:35:49 AM"}
{"name":"Essence impling jar","level":-1,"killCount":-1,"type":"EVENT","drops":[{"name":"Body rune","id":559,"quantity":28,"price":4},{"name":"Impling jar","id":11260,"quantity":1,"price":1192}],"date":"Jun 7, 2023, 12:28:34 AM"}
{"name":"Essence impling jar","level":-1,"killCount":-1,"type":"EVENT","drops":[{"name":"Cosmic rune","id":564,"quantity":4,"price":89},{"name":"Impling jar","id":11260,"quantity":1,"price":1152}],"date":"Jun 26, 2023, 4:18:45 PM"}
{"name":"Essence impling jar","level":-1,"killCount":-1,"type":"EVENT","drops":[{"name":"Chaos rune","id":562,"quantity":4,"price":56},{"name":"Impling jar","id":11260,"quantity":1,"price":1208}],"date":"Jun 28, 2023, 3:48:03 PM"}
{"name":"Essence impling jar","level":-1,"killCount":-1,"type":"EVENT","drops":[{"name":"Cosmic rune","id":564,"quantity":4,"price":80}],"date":"Oct 30, 2023, 12:43:07 AM"}
{"name":"Essence impling jar","level":-1,"killCount":-1,"type":"EVENT","drops":[{"name":"Air rune","id":556,"quantity":30,"price":4},{"name":"Impling jar","id":11260,"quantity":1,"price":718}],"date":"Oct 30, 2023, 1:25:32 AM"}
{"name":"Essence impling jar","level":-1,"killCount":-1,"type":"EVENT","drops":[{"name":"Water rune","id":555,"quantity":30,"price":4},{"name":"Impling jar","id":11260,"quantity":1,"price":718}],"date":"Oct 30, 2023, 10:18:45 PM"}
{"name":"Essence impling jar","level":-1,"killCount":-1,"type":"EVENT","drops":[{"name":"Water rune","id":555,"quantity":30,"price":5},{"name":"Impling jar","id":11260,"quantity":1,"price":737}],"date":"Mar 13, 2024, 7:05:41 PM"}
{"name":"Essence impling jar","level":-1,"killCount":-1,"type":"EVENT","drops":[{"name":"Impling jar","id":11260,"quantity":1,"price":753},{"name":"Mind rune","id":558,"quantity":25,"price":2}],"date":"Mar 31, 2024, 9:18:49 PM"}
{"name":"Essence impling jar","level":-1,"killCount":-1,"type":"EVENT","drops":[{"name":"Fire rune","id":554,"quantity":50,"price":5},{"name":"Impling jar","id":11260,"quantity":1,"price":753}],"date":"Apr 3, 2024, 4:58:47 PM"}
{"name":"Essence impling jar","level":-1,"killCount":-1,"type":"EVENT","drops":[{"name":"Air rune","id":556,"quantity":30,"price":5}],"date":"Apr 3, 2024, 6:29:17 PM"}
{"name":"Essence impling jar","level":-1,"killCount":-1,"type":"EVENT","drops":[{"name":"Mind talisman","id":1448,"quantity":1,"price":1054},{"name":"Impling jar","id":11260,"quantity":1,"price":1286}],"date":"Sep 7, 2024, 1:04:35 PM"}
{"name":"Essence impling jar","level":-1,"killCount":-1,"type":"EVENT","drops":[{"name":"Water rune","id":555,"quantity":30,"price":5},{"name":"Impling jar","id":11260,"quantity":1,"price":821}],"date":"Jan 27, 2025, 12:08:33 PM"}
{"name":"Essence impling jar","level":-1,"killCount":-1,"type":"EVENT","drops":[{"name":"Body rune","id":559,"quantity":28,"price":7},{"name":"Impling jar","id":11260,"quantity":1,"price":821}],"date":"Jan 27, 2025, 12:08:34 PM"}
