{"name":"Frozen cache","level":-1,"killCount":-1,"type":"EVENT","drops":[{"name":"Coal","id":454,"quantity":163,"price":158}],"date":"May 24, 2023, 11:30:41 AM"}
{"name":"Frozen cache","level":-1,"killCount":-1,"type":"EVENT","drops":[{"name":"Dragon platelegs","id":4088,"quantity":2,"price":161125}],"date":"May 24, 2023, 11:40:07 AM"}
{"name":"Frozen cache","level":-1,"killCount":-1,"type":"EVENT","drops":[{"name":"Ancient essence","id":27616,"quantity":557,"price":83}],"date":"May 24, 2023, 2:39:13 PM"}
{"name":"Frozen cache","level":-1,"killCount":-1,"type":"EVENT","drops":[{"name":"Ancient essence","id":27616,"quantity":576,"price":82}],"date":"May 24, 2023, 3:50:08 PM"}
{"name":"Frozen cache","level":-1,"killCount":-1,"type":"EVENT","drops":[{"name":"Silver ore","id":443,"quantity":101,"price":56}],"date":"Nov 7, 2023, 9:53:50 PM"}
{"name":"Frozen cache","level":-1,"killCount":-1,"type":"EVENT","drops":[{"name":"Fire rune","id":554,"quantity":1964,"price":4}],"date":"Nov 8, 2023, 7:35:52 PM"}
{"name":"Frozen cache","level":-1,"killCount":-1,"type":"EVENT","drops":[{"name":"Runite ore","id":452,"quantity":18,"price":11081}],"date":"Nov 9, 2023, 4:35:28 PM"}
{"name":"Frozen cache","level":-1,"killCount":-1,"type":"EVENT","drops":[{"name":"Dragon platelegs","id":4088,"quantity":2,"price":160738}],"date":"May 15, 2024, 10:17:53 PM"}
{"name":"Frozen cache","level":-1,"killCount":-1,"type":"EVENT","drops":[{"name":"Dragon platelegs","id":4088,"quantity":2,"price":161214}],"date":"Jul 7, 2024, 9:41:16 PM"}
{"name":"Frozen cache","level":-1,"killCount":-1,"type":"EVENT","drops":[{"name":"Dragon plateskirt","id":4585,"quantity":1,"price":161293}],"date":"Jul 7, 2024, 10:53:49 PM"}
{"name":"Frozen cache","level":-1,"killCount":-1,"type":"EVENT","drops":[{"name":"Chaos rune","id":562,"quantity":480,"price":102}],"date":"Jul 7, 2024, 10:57:14 PM"}
{"name":"Frozen cache","level":-1,"killCount":-1,"type":"EVENT","drops":[{"name":"Dragon plateskirt","id":4585,"quantity":1,"price":161359}],"date":"Jul 10, 2024, 10:29:26 PM"}
{"name":"Frozen cache","level":-1,"killCount":-1,"type":"EVENT","drops":[{"name":"Fire rune","id":554,"quantity":1964,"price":5}],"date":"Jul 23, 2024, 10:43:06 PM"}
{"name":"Frozen cache","level":-1,"killCount":-1,"type":"EVENT","drops":[{"name":"Cannonball","id":2,"quantity":670,"price":239}],"date":"Jul 25, 2024, 8:16:32 PM"}
{"name":"Frozen cache","level":-1,"killCount":-1,"type":"EVENT","drops":[{"name":"Fire rune","id":554,"quantity":1964,"price":4}],"date":"Jul 28, 2024, 12:43:43 AM"}
{"name":"Frozen cache","level":-1,"killCount":-1,"type":"EVENT","drops":[{"name":"Coal","id":454,"quantity":163,"price":136}],"date":"Jul 28, 2024, 12:52:29 AM"}
{"name":"Frozen cache","level":-1,"killCount":-1,"type":"EVENT","drops":[{"name":"Ancient essence","id":27616,"quantity":581,"price":9}],"date":"Jul 28, 2024, 1:26:28 AM"}
{"name":"Frozen cache","level":-1,"killCount":-1,"type":"EVENT","drops":[{"name":"Ranarr seed","id":5295,"quantity":8,"price":29193}],"date":"Jul 28, 2024, 9:39:15 PM"}
{"name":"Frozen cache","level":-1,"killCount":-1,"type":"EVENT","drops":[{"name":"Limpwurt root","id":226,"quantity":21,"price":742}],"date":"Jul 31, 2024, 8:24:02 PM"}
{"name":"Frozen cache","level":-1,"killCount":-1,"type":"EVENT","drops":[{"name":"Fire rune","id":554,"quantity":1964,"price":4}],"date":"Jul 31, 2024, 9:33:29 PM"}
{"name":"Frozen cache","level":-1,"killCount":-1,"type":"EVENT","drops":[{"name":"Fire rune","id":554,"quantity":1964,"price":4}],"date":"Aug 1, 2024, 5:01:06 PM"}
{"name":"Frozen cache","level":-1,"killCount":-1,"type":"EVENT","drops":[{"name":"Ancient essence","id":27616,"quantity":995,"price":9}],"date":"Aug 1, 2024, 5:39:59 PM"}
{"name":"Frozen cache","level":-1,"killCount":-1,"type":"EVENT","drops":[{"name":"Coal","id":454,"quantity":163,"price":129}],"date":"Aug 1, 2024, 5:43:36 PM"}
{"name":"Frozen cache","level":-1,"killCount":-1,"type":"EVENT","drops":[{"name":"Dragon plateskirt","id":4585,"quantity":1,"price":161193}],"date":"Aug 12, 2024, 1:49:09 PM"}
{"name":"Frozen cache","level":-1,"killCount":-1,"type":"EVENT","drops":[{"name":"Ancient essence","id":27616,"quantity":594,"price":9}],"date":"Aug 12, 2024, 1:57:08 PM"}
{"name":"Frozen cache","level":-1,"killCount":-1,"type":"EVENT","drops":[{"name":"Coal","id":454,"quantity":163,"price":131}],"date":"Aug 12, 2024, 2:04:52 PM"}
