{"name":"Gold key black","level":-1,"killCount":-1,"type":"EVENT","drops":[{"name":"Coins","id":995,"quantity":1279,"price":1},{"name":"Swamp paste","id":1941,"quantity":45,"price":7},{"name":"Adamant full helm","id":1161,"quantity":1,"price":1858}],"date":"May 1, 2024, 9:21:47 PM"}
{"name":"Gold key black","level":-1,"killCount":-1,"type":"EVENT","drops":[{"name":"Coins","id":995,"quantity":2577,"price":1},{"name":"Swamp paste","id":1941,"quantity":40,"price":7},{"name":"Fine cloth","id":3470,"quantity":1,"price":8310}],"date":"May 1, 2024, 9:21:47 PM"}
{"name":"Gold key black","level":-1,"killCount":-1,"type":"EVENT","drops":[{"name":"Coins","id":995,"quantity":1576,"price":1},{"name":"Swamp paste","id":1941,"quantity":57,"price":7},{"name":"Mithril plateskirt","id":1085,"quantity":1,"price":1243}],"date":"May 1, 2024, 9:21:51 PM"}
{"name":"Gold key black","level":-1,"killCount":-1,"type":"EVENT","drops":[{"name":"Coins","id":995,"quantity":2238,"price":1},{"name":"Fine cloth","id":3470,"quantity":1,"price":8310},{"name":"Swamp paste","id":1941,"quantity":49,"price":7}],"date":"May 1, 2024, 9:21:55 PM"}
{"name":"Gold key black","level":-1,"killCount":-1,"type":"EVENT","drops":[{"name":"Coins","id":995,"quantity":719,"price":1},{"name":"Swamp paste","id":1941,"quantity":63,"price":7},{"name":"Soul rune","id":566,"quantity":15,"price":259}],"date":"May 1, 2024, 9:21:56 PM"}
{"name":"Gold key black","level":-1,"killCount":-1,"type":"EVENT","drops":[{"name":"Rune platebody","id":1127,"quantity":1,"price":38165},{"name":"Swamp paste","id":1941,"quantity":43,"price":7}],"date":"May 1, 2024, 9:21:59 PM"}
{"name":"Gold key black","level":-1,"killCount":-1,"type":"EVENT","drops":[{"name":"Coins","id":995,"quantity":874,"price":1},{"name":"Adamant platelegs","id":1073,"quantity":1,"price":3495},{"name":"Swamp paste","id":1941,"quantity":61,"price":7}],"date":"May 1, 2024, 9:22:00 PM"}
{"name":"Gold key black","level":-1,"killCount":-1,"type":"EVENT","drops":[{"name":"Coins","id":995,"quantity":1520,"price":1},{"name":"Swamp paste","id":1941,"quantity":41,"price":7},{"name":"Adamant spear","id":1245,"quantity":1,"price":765}],"date":"May 1, 2024, 9:22:04 PM"}
{"name":"Gold key black","level":-1,"killCount":-1,"type":"EVENT","drops":[{"name":"Coins","id":995,"quantity":2996,"price":1},{"name":"Runescroll of swampbark","id":25478,"quantity":1,"price":2362},{"name":"Swamp paste","id":1941,"quantity":55,"price":7}],"date":"May 1, 2024, 9:22:04 PM"}
{"name":"Gold key black","level":-1,"killCount":-1,"type":"EVENT","drops":[{"name":"Coins","id":995,"quantity":2461,"price":1},{"name":"Adamant spear(p)","id":1259,"quantity":1,"price":766},{"name":"Swamp paste","id":1941,"quantity":40,"price":7}],"date":"May 1, 2024, 9:22:08 PM"}
{"name":"Gold key black","level":-1,"killCount":-1,"type":"EVENT","drops":[{"name":"Coins","id":995,"quantity":1292,"price":1},{"name":"Swamp paste","id":1941,"quantity":40,"price":7},{"name":"Adamant kiteshield","id":1199,"quantity":1,"price":2875}],"date":"May 1, 2024, 9:24:31 PM"}
{"name":"Gold key black","level":-1,"killCount":-1,"type":"EVENT","drops":[{"name":"Battlestaff","id":1392,"quantity":3,"price":7927},{"name":"Swamp paste","id":1941,"quantity":41,"price":7}],"date":"May 1, 2024, 9:24:31 PM"}
{"name":"Gold key black","level":-1,"killCount":-1,"type":"EVENT","drops":[{"name":"Coins","id":995,"quantity":2075,"price":1},{"name":"Swamp paste","id":1941,"quantity":66,"price":7},{"name":"Adamant spear","id":1245,"quantity":1,"price":765}],"date":"May 1, 2024, 9:24:34 PM"}
{"name":"Gold key black","level":-1,"killCount":-1,"type":"EVENT","drops":[{"name":"Coins","id":995,"quantity":1455,"price":1},{"name":"Swamp paste","id":1941,"quantity":41,"price":7},{"name":"Fine cloth","id":3470,"quantity":1,"price":8310}],"date":"May 1, 2024, 9:24:34 PM"}
{"name":"Gold key black","level":-1,"killCount":-1,"type":"EVENT","drops":[{"name":"Coins","id":995,"quantity":1572,"price":1},{"name":"Swamp paste","id":1941,"quantity":56,"price":7},{"name":"Adamant spear","id":1245,"quantity":1,"price":765}],"date":"May 1, 2024, 9:24:37 PM"}
{"name":"Gold key black","level":-1,"killCount":-1,"type":"EVENT","drops":[{"name":"Swamp paste","id":1941,"quantity":57,"price":7},{"name":"Rune chainbody","id":1113,"quantity":1,"price":29294}],"date":"May 1, 2024, 9:24:37 PM"}
{"name":"Gold key black","level":-1,"killCount":-1,"type":"EVENT","drops":[{"name":"Coins","id":995,"quantity":2091,"price":1},{"name":"Swamp paste","id":1941,"quantity":55,"price":7},{"name":"Adamant spear(p)","id":1259,"quantity":1,"price":766}],"date":"May 1, 2024, 9:24:40 PM"}
{"name":"Gold key black","level":-1,"killCount":-1,"type":"EVENT","drops":[{"name":"Coins","id":995,"quantity":1989,"price":1},{"name":"Swamp paste","id":1941,"quantity":49,"price":7},{"name":"Fine cloth","id":3470,"quantity":1,"price":8310}],"date":"May 1, 2024, 9:24:40 PM"}
{"name":"Gold key black","level":-1,"killCount":-1,"type":"EVENT","drops":[{"name":"Battlestaff","id":1392,"quantity":3,"price":7927},{"name":"Swamp paste","id":1941,"quantity":68,"price":7}],"date":"May 1, 2024, 9:24:43 PM"}
{"name":"Gold key black","level":-1,"killCount":-1,"type":"EVENT","drops":[{"name":"Rune platebody","id":1127,"quantity":1,"price":38165},{"name":"Swamp paste","id":1941,"quantity":55,"price":7}],"date":"May 1, 2024, 9:24:43 PM"}
{"name":"Gold key black","level":-1,"killCount":-1,"type":"EVENT","drops":[{"name":"Coins","id":995,"quantity":2249,"price":1},{"name":"Fine cloth","id":3470,"quantity":1,"price":8310},{"name":"Swamp paste","id":1941,"quantity":40,"price":7}],"date":"May 1, 2024, 9:24:46 PM"}
{"name":"Gold key black","level":-1,"killCount":-1,"type":"EVENT","drops":[{"name":"Coins","id":995,"quantity":2202,"price":1},{"name":"Swamp paste","id":1941,"quantity":64,"price":7},{"name":"Mithril plateskirt","id":1085,"quantity":1,"price":1243}],"date":"May 1, 2024, 9:24:47 PM"}
{"name":"Gold key black","level":-1,"killCount":-1,"type":"EVENT","drops":[{"name":"Coins","id":995,"quantity":1154,"price":1},{"name":"Swamp paste","id":1941,"quantity":40,"price":7},{"name":"Mithril plateskirt","id":1085,"quantity":1,"price":1243}],"date":"May 1, 2024, 9:24:49 PM"}
{"name":"Gold key black","level":-1,"killCount":-1,"type":"EVENT","drops":[{"name":"Coins","id":995,"quantity":844,"price":1},{"name":"Adamant longsword","id":1301,"quantity":1,"price":1528},{"name":"Swamp paste","id":1941,"quantity":67,"price":7}],"date":"May 1, 2024, 9:24:50 PM"}
{"name":"Gold key black","level":-1,"killCount":-1,"type":"EVENT","drops":[{"name":"Adamant plateskirt","id":1091,"quantity":1,"price":3486},{"name":"Coins","id":995,"quantity":32,"price":1},{"name":"Swamp paste","id":1941,"quantity":60,"price":7}],"date":"May 1, 2024, 9:24:52 PM"}
{"name":"Gold key black","level":-1,"killCount":-1,"type":"EVENT","drops":[{"name":"Coins","id":995,"quantity":2171,"price":1},{"name":"Adamant spear(p)","id":1259,"quantity":1,"price":766},{"name":"Swamp paste","id":1941,"quantity":52,"price":7}],"date":"May 1, 2024, 9:24:53 PM"}
{"name":"Gold key black","level":-1,"killCount":-1,"type":"EVENT","drops":[{"name":"Coins","id":995,"quantity":515,"price":1},{"name":"Swamp paste","id":1941,"quantity":45,"price":7},{"name":"Adamant chainbody","id":1111,"quantity":1,"price":2424}],"date":"May 1, 2024, 9:24:55 PM"}
{"name":"Gold key black","level":-1,"killCount":-1,"type":"EVENT","drops":[{"name":"Swamp paste","id":1941,"quantity":41,"price":7},{"name":"Flamtaer hammer","id":3678,"quantity":1,"price":5272}],"date":"May 1, 2024, 9:24:56 PM"}
{"name":"Gold key black","level":-1,"killCount":-1,"type":"EVENT","drops":[{"name":"Coins","id":995,"quantity":294,"price":1},{"name":"Swamp paste","id":1941,"quantity":66,"price":7},{"name":"Soul rune","id":566,"quantity":15,"price":259}],"date":"May 1, 2024, 9:24:58 PM"}
{"name":"Gold key black","level":-1,"killCount":-1,"type":"EVENT","drops":[{"name":"Swamp paste","id":1941,"quantity":43,"price":7},{"name":"Rune plateskirt","id":1093,"quantity":1,"price":37705}],"date":"May 1, 2024, 11:28:20 PM"}
{"name":"Gold key black","level":-1,"killCount":-1,"type":"EVENT","drops":[{"name":"Coins","id":995,"quantity":1677,"price":1},{"name":"Swamp paste","id":1941,"quantity":42,"price":7},{"name":"Fine cloth","id":3470,"quantity":1,"price":8310}],"date":"May 1, 2024, 11:28:23 PM"}
{"name":"Gold key black","level":-1,"killCount":-1,"type":"EVENT","drops":[{"name":"Coins","id":995,"quantity":2086,"price":1},{"name":"Swamp paste","id":1941,"quantity":62,"price":7},{"name":"Adamant spear(p)","id":1259,"quantity":1,"price":766}],"date":"May 1, 2024, 11:28:25 PM"}
{"name":"Gold key black","level":-1,"killCount":-1,"type":"EVENT","drops":[{"name":"Swamp paste","id":1941,"quantity":44,"price":7},{"name":"Rune sword","id":1289,"quantity":1,"price":12050}],"date":"May 1, 2024, 11:28:29 PM"}
{"name":"Gold key black","level":-1,"killCount":-1,"type":"EVENT","drops":[{"name":"Swamp paste","id":1941,"quantity":67,"price":7},{"name":"Rune platebody","id":1127,"quantity":1,"price":38165}],"date":"May 1, 2024, 11:31:11 PM"}
{"name":"Gold key black","level":-1,"killCount":-1,"type":"EVENT","drops":[{"name":"Coins","id":995,"quantity":2918,"price":1},{"name":"Swamp paste","id":1941,"quantity":44,"price":7},{"name":"Fine cloth","id":3470,"quantity":1,"price":8310}],"date":"May 1, 2024, 11:31:12 PM"}
{"name":"Gold key black","level":-1,"killCount":-1,"type":"EVENT","drops":[{"name":"Swamp paste","id":1941,"quantity":52,"price":7},{"name":"Dragonstone ring","id":1645,"quantity":1,"price":11661}],"date":"May 1, 2024, 11:31:14 PM"}
{"name":"Gold key black","level":-1,"killCount":-1,"type":"EVENT","drops":[{"name":"Coins","id":995,"quantity":948,"price":1},{"name":"Swamp paste","id":1941,"quantity":48,"price":7},{"name":"Adamant chainbody","id":1111,"quantity":1,"price":2424}],"date":"May 1, 2024, 11:31:15 PM"}
{"name":"Gold key black","level":-1,"killCount":-1,"type":"EVENT","drops":[{"name":"Swamp paste","id":1941,"quantity":59,"price":7},{"name":"Rune sword","id":1289,"quantity":1,"price":12050}],"date":"May 1, 2024, 11:31:17 PM"}
{"name":"Gold key black","level":-1,"killCount":-1,"type":"EVENT","drops":[{"name":"Coins","id":995,"quantity":1560,"price":1},{"name":"Swamp paste","id":1941,"quantity":62,"price":7},{"name":"Fine cloth","id":3470,"quantity":1,"price":8310}],"date":"May 2, 2024, 4:22:35 PM"}
{"name":"Gold key black","level":-1,"killCount":-1,"type":"EVENT","drops":[{"name":"Coins","id":995,"quantity":1563,"price":1},{"name":"Swamp paste","id":1941,"quantity":63,"price":7},{"name":"Fine cloth","id":3470,"quantity":1,"price":8310}],"date":"May 2, 2024, 4:22:36 PM"}
{"name":"Gold key black","level":-1,"killCount":-1,"type":"EVENT","drops":[{"name":"Coins","id":995,"quantity":1118,"price":1},{"name":"Swamp paste","id":1941,"quantity":49,"price":7},{"name":"Adamant full helm","id":1161,"quantity":1,"price":1858}],"date":"May 2, 2024, 4:22:40 PM"}
{"name":"Gold key black","level":-1,"killCount":-1,"type":"EVENT","drops":[{"name":"Coins","id":995,"quantity":2105,"price":1},{"name":"Swamp paste","id":1941,"quantity":40,"price":7},{"name":"Mithril plateskirt","id":1085,"quantity":1,"price":1243}],"date":"May 2, 2024, 4:22:40 PM"}
{"name":"Gold key black","level":-1,"killCount":-1,"type":"EVENT","drops":[{"name":"Swamp paste","id":1941,"quantity":65,"price":7},{"name":"Rune longsword","id":1303,"quantity":1,"price":18374}],"date":"May 2, 2024, 4:22:44 PM"}
{"name":"Gold key black","level":-1,"killCount":-1,"type":"EVENT","drops":[{"name":"Swamp paste","id":1941,"quantity":56,"price":7},{"name":"Rune med helm","id":1147,"quantity":1,"price":11018}],"date":"May 2, 2024, 4:22:44 PM"}
{"name":"Gold key black","level":-1,"killCount":-1,"type":"EVENT","drops":[{"name":"Adamant platelegs","id":1073,"quantity":1,"price":3495},{"name":"Swamp paste","id":1941,"quantity":50,"price":7}],"date":"May 2, 2024, 4:22:48 PM"}
{"name":"Gold key black","level":-1,"killCount":-1,"type":"EVENT","drops":[{"name":"Dragonstone","id":1615,"quantity":1,"price":11089},{"name":"Swamp paste","id":1941,"quantity":69,"price":7}],"date":"May 2, 2024, 4:22:49 PM"}
{"name":"Gold key black","level":-1,"killCount":-1,"type":"EVENT","drops":[{"name":"Dragonstone ring","id":1645,"quantity":1,"price":11661},{"name":"Swamp paste","id":1941,"quantity":47,"price":7}],"date":"May 2, 2024, 4:22:52 PM"}
{"name":"Gold key black","level":-1,"killCount":-1,"type":"EVENT","drops":[{"name":"Coins","id":995,"quantity":402,"price":1},{"name":"Death rune","id":560,"quantity":27,"price":167},{"name":"Swamp paste","id":1941,"quantity":68,"price":7}],"date":"May 2, 2024, 4:22:53 PM"}
{"name":"Gold key black","level":-1,"killCount":-1,"type":"EVENT","drops":[{"name":"Battlestaff","id":1392,"quantity":3,"price":7927},{"name":"Swamp paste","id":1941,"quantity":68,"price":7}],"date":"May 2, 2024, 4:24:46 PM"}
{"name":"Gold key black","level":-1,"killCount":-1,"type":"EVENT","drops":[{"name":"Death rune","id":560,"quantity":24,"price":167},{"name":"Coins","id":995,"quantity":337,"price":1},{"name":"Swamp paste","id":1941,"quantity":45,"price":7}],"date":"May 2, 2024, 4:24:46 PM"}
{"name":"Gold key black","level":-1,"killCount":-1,"type":"EVENT","drops":[{"name":"Coins","id":995,"quantity":1018,"price":1},{"name":"Adamant longsword","id":1301,"quantity":1,"price":1528},{"name":"Swamp paste","id":1941,"quantity":41,"price":7}],"date":"May 2, 2024, 4:24:50 PM"}
{"name":"Gold key black","level":-1,"killCount":-1,"type":"EVENT","drops":[{"name":"Death rune","id":560,"quantity":27,"price":167},{"name":"Swamp paste","id":1941,"quantity":43,"price":7}],"date":"May 2, 2024, 4:24:51 PM"}
{"name":"Gold key black","level":-1,"killCount":-1,"type":"EVENT","drops":[{"name":"Rune scimitar","id":1333,"quantity":1,"price":14932},{"name":"Swamp paste","id":1941,"quantity":60,"price":7}],"date":"May 2, 2024, 4:24:55 PM"}
{"name":"Gold key black","level":-1,"killCount":-1,"type":"EVENT","drops":[{"name":"Coins","id":995,"quantity":888,"price":1},{"name":"Swamp paste","id":1941,"quantity":70,"price":7},{"name":"Adamant chainbody","id":1111,"quantity":1,"price":2424}],"date":"May 2, 2024, 4:24:55 PM"}
{"name":"Gold key black","level":-1,"killCount":-1,"type":"EVENT","drops":[{"name":"Coins","id":995,"quantity":1508,"price":1},{"name":"Fine cloth","id":3470,"quantity":1,"price":8310},{"name":"Swamp paste","id":1941,"quantity":46,"price":7}],"date":"May 2, 2024, 4:24:59 PM"}
{"name":"Gold key black","level":-1,"killCount":-1,"type":"EVENT","drops":[{"name":"Coins","id":995,"quantity":1652,"price":1},{"name":"Fine cloth","id":3470,"quantity":1,"price":8310},{"name":"Swamp paste","id":1941,"quantity":65,"price":7}],"date":"May 2, 2024, 4:24:59 PM"}
{"name":"Gold key black","level":-1,"killCount":-1,"type":"EVENT","drops":[{"name":"Coins","id":995,"quantity":1531,"price":1},{"name":"Fine cloth","id":3470,"quantity":1,"price":8310},{"name":"Swamp paste","id":1941,"quantity":65,"price":7}],"date":"May 2, 2024, 4:25:03 PM"}
{"name":"Gold key black","level":-1,"killCount":-1,"type":"EVENT","drops":[{"name":"Battlestaff","id":1392,"quantity":3,"price":7927},{"name":"Swamp paste","id":1941,"quantity":68,"price":7}],"date":"May 2, 2024, 4:25:04 PM"}
{"name":"Gold key black","level":-1,"killCount":-1,"type":"EVENT","drops":[{"name":"Swamp paste","id":1941,"quantity":68,"price":7},{"name":"Rune platebody","id":1127,"quantity":1,"price":38165}],"date":"May 2, 2024, 4:27:05 PM"}
{"name":"Gold key black","level":-1,"killCount":-1,"type":"EVENT","drops":[{"name":"Coins","id":995,"quantity":2971,"price":1},{"name":"Swamp paste","id":1941,"quantity":53,"price":7},{"name":"Fine cloth","id":3470,"quantity":1,"price":8310}],"date":"May 2, 2024, 4:27:05 PM"}
{"name":"Gold key black","level":-1,"killCount":-1,"type":"EVENT","drops":[{"name":"Swamp paste","id":1941,"quantity":52,"price":7},{"name":"Soul rune","id":566,"quantity":19,"price":259}],"date":"May 2, 2024, 4:27:09 PM"}
{"name":"Gold key black","level":-1,"killCount":-1,"type":"EVENT","drops":[{"name":"Swamp paste","id":1941,"quantity":50,"price":7},{"name":"Rune med helm","id":1147,"quantity":1,"price":11018}],"date":"May 2, 2024, 4:27:10 PM"}
{"name":"Gold key black","level":-1,"killCount":-1,"type":"EVENT","drops":[{"name":"Swamp paste","id":1941,"quantity":66,"price":7},{"name":"Rune chainbody","id":1113,"quantity":1,"price":29294}],"date":"May 2, 2024, 4:27:14 PM"}
{"name":"Gold key black","level":-1,"killCount":-1,"type":"EVENT","drops":[{"name":"Battlestaff","id":1392,"quantity":3,"price":7927},{"name":"Swamp paste","id":1941,"quantity":53,"price":7}],"date":"May 2, 2024, 4:27:14 PM"}
{"name":"Gold key black","level":-1,"killCount":-1,"type":"EVENT","drops":[{"name":"Swamp paste","id":1941,"quantity":65,"price":7},{"name":"Rune chainbody","id":1113,"quantity":1,"price":29294}],"date":"May 2, 2024, 4:27:18 PM"}
{"name":"Gold key black","level":-1,"killCount":-1,"type":"EVENT","drops":[{"name":"Coins","id":995,"quantity":1915,"price":1},{"name":"Yew logs","id":1516,"quantity":12,"price":228},{"name":"Swamp paste","id":1941,"quantity":57,"price":7}],"date":"May 2, 2024, 4:27:19 PM"}
{"name":"Gold key black","level":-1,"killCount":-1,"type":"EVENT","drops":[{"name":"Swamp paste","id":1941,"quantity":66,"price":7},{"name":"Rune longsword","id":1303,"quantity":1,"price":18374}],"date":"May 2, 2024, 4:27:22 PM"}
{"name":"Gold key black","level":-1,"killCount":-1,"type":"EVENT","drops":[{"name":"Coins","id":995,"quantity":1207,"price":1},{"name":"Adamant spear(p)","id":1259,"quantity":1,"price":766},{"name":"Swamp paste","id":1941,"quantity":49,"price":7}],"date":"May 2, 2024, 4:27:23 PM"}
{"name":"Gold key black","level":-1,"killCount":-1,"type":"EVENT","drops":[{"name":"Dragonstone","id":1615,"quantity":1,"price":11089},{"name":"Swamp paste","id":1941,"quantity":65,"price":7}],"date":"May 2, 2024, 4:29:04 PM"}
{"name":"Gold key black","level":-1,"killCount":-1,"type":"EVENT","drops":[],"date":"May 5, 2024, 11:12:22 PM"}
{"name":"Gold key black","level":-1,"killCount":-1,"type":"EVENT","drops":[{"name":"Coins","id":995,"quantity":2150,"price":1},{"name":"Swamp paste","id":1941,"quantity":50,"price":7},{"name":"Fine cloth","id":3470,"quantity":1,"price":8310}],"date":"May 6, 2024, 5:54:05 PM"}
{"name":"Gold key black","level":-1,"killCount":-1,"type":"EVENT","drops":[{"name":"Coins","id":995,"quantity":1548,"price":1},{"name":"Adamant full helm","id":1161,"quantity":1,"price":1858},{"name":"Swamp paste","id":1941,"quantity":59,"price":7}],"date":"May 6, 2024, 5:54:05 PM"}
{"name":"Gold key black","level":-1,"killCount":-1,"type":"EVENT","drops":[{"name":"Swamp paste","id":1941,"quantity":59,"price":7},{"name":"Dragon mace","id":1434,"quantity":1,"price":29500}],"date":"May 6, 2024, 5:54:08 PM"}
{"name":"Gold key black","level":-1,"killCount":-1,"type":"EVENT","drops":[{"name":"Dragonstone ring","id":1645,"quantity":1,"price":11661},{"name":"Swamp paste","id":1941,"quantity":59,"price":7}],"date":"May 6, 2024, 5:54:08 PM"}
{"name":"Gold key black","level":-1,"killCount":-1,"type":"EVENT","drops":[{"name":"Coins","id":995,"quantity":2375,"price":1},{"name":"Adamant spear(p)","id":1259,"quantity":1,"price":766},{"name":"Swamp paste","id":1941,"quantity":42,"price":7}],"date":"May 6, 2024, 5:54:11 PM"}
{"name":"Gold key black","level":-1,"killCount":-1,"type":"EVENT","drops":[{"name":"Swamp paste","id":1941,"quantity":49,"price":7},{"name":"Rune chainbody","id":1113,"quantity":1,"price":29294}],"date":"May 6, 2024, 5:54:11 PM"}
{"name":"Gold key black","level":-1,"killCount":-1,"type":"EVENT","drops":[{"name":"Amulet of the damned (full)","id":12851,"quantity":1,"price":33736},{"name":"Swamp paste","id":1941,"quantity":69,"price":7}],"date":"May 6, 2024, 5:54:14 PM"}
{"name":"Gold key black","level":-1,"killCount":-1,"type":"EVENT","drops":[{"name":"Coins","id":995,"quantity":491,"price":1},{"name":"Swamp paste","id":1941,"quantity":57,"price":7},{"name":"Adamant chainbody","id":1111,"quantity":1,"price":2424}],"date":"May 6, 2024, 5:54:14 PM"}
{"name":"Gold key black","level":-1,"killCount":-1,"type":"EVENT","drops":[{"name":"Battlestaff","id":1392,"quantity":3,"price":7927},{"name":"Swamp paste","id":1941,"quantity":48,"price":7}],"date":"May 6, 2024, 5:54:17 PM"}
{"name":"Gold key black","level":-1,"killCount":-1,"type":"EVENT","drops":[{"name":"Swamp paste","id":1941,"quantity":60,"price":7},{"name":"Soul rune","id":566,"quantity":25,"price":259}],"date":"May 6, 2024, 5:54:17 PM"}
{"name":"Gold key black","level":-1,"killCount":-1,"type":"EVENT","drops":[{"name":"Coins","id":995,"quantity":1828,"price":1},{"name":"Fine cloth","id":3470,"quantity":1,"price":8310},{"name":"Swamp paste","id":1941,"quantity":58,"price":7}],"date":"May 6, 2024, 5:54:20 PM"}
{"name":"Gold key black","level":-1,"killCount":-1,"type":"EVENT","drops":[{"name":"Coins","id":995,"quantity":1362,"price":1},{"name":"Adamant full helm","id":1161,"quantity":1,"price":1858},{"name":"Swamp paste","id":1941,"quantity":59,"price":7}],"date":"May 6, 2024, 5:54:20 PM"}
{"name":"Gold key black","level":-1,"killCount":-1,"type":"EVENT","drops":[{"name":"Rune plateskirt","id":1093,"quantity":1,"price":37705},{"name":"Swamp paste","id":1941,"quantity":63,"price":7}],"date":"May 6, 2024, 6:43:34 PM"}
{"name":"Gold key black","level":-1,"killCount":-1,"type":"EVENT","drops":[{"name":"Adamant platebody","id":1123,"quantity":1,"price":9314},{"name":"Swamp paste","id":1941,"quantity":68,"price":7}],"date":"May 6, 2024, 6:43:35 PM"}
{"name":"Gold key black","level":-1,"killCount":-1,"type":"EVENT","drops":[{"name":"Coins","id":995,"quantity":423,"price":1},{"name":"Swamp paste","id":1941,"quantity":69,"price":7},{"name":"Adamant full helm","id":1161,"quantity":1,"price":1858}],"date":"May 6, 2024, 6:43:39 PM"}
{"name":"Gold key black","level":-1,"killCount":-1,"type":"EVENT","drops":[{"name":"Swamp paste","id":1941,"quantity":68,"price":7},{"name":"Rune longsword","id":1303,"quantity":1,"price":18374}],"date":"May 6, 2024, 6:43:39 PM"}
{"name":"Gold key black","level":-1,"killCount":-1,"type":"EVENT","drops":[{"name":"Coins","id":995,"quantity":1593,"price":1},{"name":"Swamp paste","id":1941,"quantity":58,"price":7},{"name":"Fine cloth","id":3470,"quantity":1,"price":8310}],"date":"May 6, 2024, 6:43:43 PM"}
{"name":"Gold key black","level":-1,"killCount":-1,"type":"EVENT","drops":[{"name":"Coins","id":995,"quantity":1702,"price":1},{"name":"Adamant spear(p)","id":1259,"quantity":1,"price":766},{"name":"Swamp paste","id":1941,"quantity":59,"price":7}],"date":"May 6, 2024, 6:43:43 PM"}
{"name":"Gold key black","level":-1,"killCount":-1,"type":"EVENT","drops":[{"name":"Battlestaff","id":1392,"quantity":3,"price":7927},{"name":"Swamp paste","id":1941,"quantity":43,"price":7}],"date":"May 6, 2024, 6:43:47 PM"}
{"name":"Gold key black","level":-1,"killCount":-1,"type":"EVENT","drops":[{"name":"Coins","id":995,"quantity":2879,"price":1},{"name":"Fine cloth","id":3470,"quantity":1,"price":8310},{"name":"Swamp paste","id":1941,"quantity":70,"price":7}],"date":"May 6, 2024, 6:43:48 PM"}
{"name":"Gold key black","level":-1,"killCount":-1,"type":"EVENT","drops":[{"name":"Coins","id":995,"quantity":2097,"price":1},{"name":"Fine cloth","id":3470,"quantity":1,"price":8310},{"name":"Swamp paste","id":1941,"quantity":58,"price":7}],"date":"May 6, 2024, 6:43:50 PM"}
{"name":"Gold key black","level":-1,"killCount":-1,"type":"EVENT","drops":[{"name":"Coins","id":995,"quantity":1883,"price":1},{"name":"Fine cloth","id":3470,"quantity":1,"price":8310},{"name":"Swamp paste","id":1941,"quantity":61,"price":7}],"date":"May 6, 2024, 6:43:52 PM"}
{"name":"Gold key black","level":-1,"killCount":-1,"type":"EVENT","drops":[{"name":"Swamp paste","id":1941,"quantity":54,"price":7},{"name":"Flamtaer hammer","id":3678,"quantity":1,"price":5272}],"date":"May 6, 2024, 6:43:55 PM"}
{"name":"Gold key black","level":-1,"killCount":-1,"type":"EVENT","drops":[{"name":"Coins","id":995,"quantity":2798,"price":1},{"name":"Fine cloth","id":3470,"quantity":1,"price":8310},{"name":"Swamp paste","id":1941,"quantity":55,"price":7}],"date":"May 6, 2024, 6:43:56 PM"}
