{"name":"Gold key red","level":-1,"killCount":-1,"type":"EVENT","drops":[{"name":"Coins","id":995,"quantity":798,"price":1},{"name":"Swamp paste","id":1941,"quantity":58,"price":7},{"name":"Soul rune","id":566,"quantity":23,"price":259}],"date":"Apr 29, 2024, 5:11:21 PM"}
{"name":"Gold key red","level":-1,"killCount":-1,"type":"EVENT","drops":[{"name":"Coins","id":995,"quantity":2355,"price":1},{"name":"Swamp paste","id":1941,"quantity":48,"price":7},{"name":"Fine cloth","id":3470,"quantity":1,"price":8310}],"date":"Apr 29, 2024, 5:11:22 PM"}
{"name":"Gold key red","level":-1,"killCount":-1,"type":"EVENT","drops":[{"name":"Coins","id":995,"quantity":1011,"price":1},{"name":"Swamp paste","id":1941,"quantity":41,"price":7},{"name":"Adamant spear(p)","id":1259,"quantity":1,"price":766}],"date":"May 1, 2024, 8:57:05 PM"}
{"name":"Gold key red","level":-1,"killCount":-1,"type":"EVENT","drops":[{"name":"Coins","id":995,"quantity":1118,"price":1},{"name":"Swamp paste","id":1941,"quantity":68,"price":7},{"name":"Mithril plateskirt","id":1085,"quantity":1,"price":1243}],"date":"May 1, 2024, 8:57:06 PM"}
{"name":"Gold key red","level":-1,"killCount":-1,"type":"EVENT","drops":[{"name":"Coins","id":995,"quantity":2072,"price":1},{"name":"Swamp paste","id":1941,"quantity":51,"price":7},{"name":"Fine cloth","id":3470,"quantity":1,"price":8310}],"date":"May 1, 2024, 8:57:08 PM"}
{"name":"Gold key red","level":-1,"killCount":-1,"type":"EVENT","drops":[{"name":"Rune scimitar","id":1333,"quantity":1,"price":14932},{"name":"Swamp paste","id":1941,"quantity":57,"price":7}],"date":"May 1, 2024, 8:57:09 PM"}
{"name":"Gold key red","level":-1,"killCount":-1,"type":"EVENT","drops":[{"name":"Coins","id":995,"quantity":1859,"price":1},{"name":"Adamant longsword","id":1301,"quantity":1,"price":1528},{"name":"Swamp paste","id":1941,"quantity":56,"price":7}],"date":"May 1, 2024, 8:57:11 PM"}
{"name":"Gold key red","level":-1,"killCount":-1,"type":"EVENT","drops":[{"name":"Coins","id":995,"quantity":1727,"price":1},{"name":"Swamp paste","id":1941,"quantity":44,"price":7},{"name":"Adamant full helm","id":1161,"quantity":1,"price":1858}],"date":"May 1, 2024, 8:57:12 PM"}
{"name":"Gold key red","level":-1,"killCount":-1,"type":"EVENT","drops":[{"name":"Coins","id":995,"quantity":326,"price":1},{"name":"Swamp paste","id":1941,"quantity":48,"price":7},{"name":"Adamant full helm","id":1161,"quantity":1,"price":1858}],"date":"May 1, 2024, 8:57:14 PM"}
{"name":"Gold key red","level":-1,"killCount":-1,"type":"EVENT","drops":[{"name":"Coins","id":995,"quantity":2245,"price":1},{"name":"Swamp paste","id":1941,"quantity":49,"price":7},{"name":"Fine cloth","id":3470,"quantity":1,"price":8310}],"date":"May 1, 2024, 8:57:16 PM"}
{"name":"Gold key red","level":-1,"killCount":-1,"type":"EVENT","drops":[{"name":"Death rune","id":560,"quantity":18,"price":167},{"name":"Coins","id":995,"quantity":1224,"price":1},{"name":"Swamp paste","id":1941,"quantity":42,"price":7}],"date":"May 1, 2024, 8:57:17 PM"}
{"name":"Gold key red","level":-1,"killCount":-1,"type":"EVENT","drops":[{"name":"Adamant platelegs","id":1073,"quantity":1,"price":3495},{"name":"Coins","id":995,"quantity":625,"price":1},{"name":"Swamp paste","id":1941,"quantity":40,"price":7}],"date":"May 1, 2024, 8:57:19 PM"}
{"name":"Gold key red","level":-1,"killCount":-1,"type":"EVENT","drops":[{"name":"Coins","id":995,"quantity":1915,"price":1},{"name":"Swamp paste","id":1941,"quantity":53,"price":7},{"name":"Fine cloth","id":3470,"quantity":1,"price":8310}],"date":"May 1, 2024, 8:57:21 PM"}
{"name":"Gold key red","level":-1,"killCount":-1,"type":"EVENT","drops":[{"name":"Coins","id":995,"quantity":485,"price":1},{"name":"Swamp paste","id":1941,"quantity":56,"price":7},{"name":"Soul rune","id":566,"quantity":24,"price":259}],"date":"May 1, 2024, 8:57:23 PM"}
{"name":"Gold key red","level":-1,"killCount":-1,"type":"EVENT","drops":[{"name":"Coins","id":995,"quantity":2443,"price":1},{"name":"Swamp paste","id":1941,"quantity":63,"price":7},{"name":"Fine cloth","id":3470,"quantity":1,"price":8310}],"date":"May 1, 2024, 8:57:24 PM"}
{"name":"Gold key red","level":-1,"killCount":-1,"type":"EVENT","drops":[{"name":"Battlestaff","id":1392,"quantity":3,"price":7927},{"name":"Swamp paste","id":1941,"quantity":53,"price":7}],"date":"May 1, 2024, 8:57:26 PM"}
{"name":"Gold key red","level":-1,"killCount":-1,"type":"EVENT","drops":[{"name":"Coins","id":995,"quantity":2846,"price":1},{"name":"Fine cloth","id":3470,"quantity":1,"price":8310},{"name":"Swamp paste","id":1941,"quantity":44,"price":7}],"date":"May 1, 2024, 8:57:27 PM"}
{"name":"Gold key red","level":-1,"killCount":-1,"type":"EVENT","drops":[{"name":"Coins","id":995,"quantity":1624,"price":1},{"name":"Adamant spear(p)","id":1259,"quantity":1,"price":766},{"name":"Swamp paste","id":1941,"quantity":50,"price":7}],"date":"May 1, 2024, 8:57:29 PM"}
{"name":"Gold key red","level":-1,"killCount":-1,"type":"EVENT","drops":[{"name":"Rune sword","id":1289,"quantity":1,"price":12050},{"name":"Swamp paste","id":1941,"quantity":49,"price":7}],"date":"May 1, 2024, 8:57:30 PM"}
{"name":"Gold key red","level":-1,"killCount":-1,"type":"EVENT","drops":[{"name":"Coins","id":995,"quantity":945,"price":1},{"name":"Death rune","id":560,"quantity":17,"price":167},{"name":"Swamp paste","id":1941,"quantity":68,"price":7}],"date":"May 1, 2024, 8:57:32 PM"}
{"name":"Gold key red","level":-1,"killCount":-1,"type":"EVENT","drops":[{"name":"Swamp paste","id":1941,"quantity":52,"price":7},{"name":"Rune platelegs","id":1079,"quantity":1,"price":37572}],"date":"May 1, 2024, 8:57:33 PM"}
{"name":"Gold key red","level":-1,"killCount":-1,"type":"EVENT","drops":[{"name":"Coins","id":995,"quantity":1399,"price":1},{"name":"Yew logs","id":1516,"quantity":11,"price":228},{"name":"Swamp paste","id":1941,"quantity":60,"price":7}],"date":"May 1, 2024, 8:57:35 PM"}
{"name":"Gold key red","level":-1,"killCount":-1,"type":"EVENT","drops":[{"name":"Coins","id":995,"quantity":2068,"price":1},{"name":"Adamant longsword","id":1301,"quantity":1,"price":1528},{"name":"Swamp paste","id":1941,"quantity":70,"price":7}],"date":"May 1, 2024, 8:57:36 PM"}
{"name":"Gold key red","level":-1,"killCount":-1,"type":"EVENT","drops":[{"name":"Coins","id":995,"quantity":481,"price":1},{"name":"Adamant longsword","id":1301,"quantity":1,"price":1528},{"name":"Swamp paste","id":1941,"quantity":68,"price":7}],"date":"May 1, 2024, 8:57:38 PM"}
{"name":"Gold key red","level":-1,"killCount":-1,"type":"EVENT","drops":[{"name":"Coins","id":995,"quantity":1429,"price":1},{"name":"Adamant spear(p)","id":1259,"quantity":1,"price":766},{"name":"Swamp paste","id":1941,"quantity":59,"price":7}],"date":"May 1, 2024, 8:57:39 PM"}
{"name":"Gold key red","level":-1,"killCount":-1,"type":"EVENT","drops":[{"name":"Coins","id":995,"quantity":1616,"price":1},{"name":"Death rune","id":560,"quantity":22,"price":167},{"name":"Swamp paste","id":1941,"quantity":65,"price":7}],"date":"May 1, 2024, 8:57:41 PM"}
{"name":"Gold key red","level":-1,"killCount":-1,"type":"EVENT","drops":[{"name":"Coins","id":995,"quantity":2189,"price":1},{"name":"Fine cloth","id":3470,"quantity":1,"price":8310},{"name":"Swamp paste","id":1941,"quantity":45,"price":7}],"date":"May 1, 2024, 8:57:42 PM"}
{"name":"Gold key red","level":-1,"killCount":-1,"type":"EVENT","drops":[{"name":"Coins","id":995,"quantity":2722,"price":1},{"name":"Swamp paste","id":1941,"quantity":42,"price":7},{"name":"Fine cloth","id":3470,"quantity":1,"price":8310}],"date":"May 1, 2024, 8:59:18 PM"}
{"name":"Gold key red","level":-1,"killCount":-1,"type":"EVENT","drops":[{"name":"Swamp paste","id":1941,"quantity":62,"price":7},{"name":"Dragonstone ring","id":1645,"quantity":1,"price":11661}],"date":"May 1, 2024, 8:59:20 PM"}
{"name":"Gold key red","level":-1,"killCount":-1,"type":"EVENT","drops":[{"name":"Coins","id":995,"quantity":2402,"price":1},{"name":"Swamp paste","id":1941,"quantity":53,"price":7},{"name":"Yew logs","id":1516,"quantity":10,"price":228}],"date":"May 1, 2024, 8:59:22 PM"}
{"name":"Gold key red","level":-1,"killCount":-1,"type":"EVENT","drops":[{"name":"Coins","id":995,"quantity":994,"price":1},{"name":"Swamp paste","id":1941,"quantity":57,"price":7},{"name":"Adamant full helm","id":1161,"quantity":1,"price":1858}],"date":"May 1, 2024, 8:59:23 PM"}
{"name":"Gold key red","level":-1,"killCount":-1,"type":"EVENT","drops":[{"name":"Death rune","id":560,"quantity":27,"price":167},{"name":"Coins","id":995,"quantity":1177,"price":1},{"name":"Swamp paste","id":1941,"quantity":66,"price":7}],"date":"May 1, 2024, 8:59:24 PM"}
{"name":"Gold key red","level":-1,"killCount":-1,"type":"EVENT","drops":[{"name":"Swamp paste","id":1941,"quantity":60,"price":7},{"name":"Rune longsword","id":1303,"quantity":1,"price":18374}],"date":"May 1, 2024, 8:59:26 PM"}
{"name":"Gold key red","level":-1,"killCount":-1,"type":"EVENT","drops":[{"name":"Swamp paste","id":1941,"quantity":63,"price":7},{"name":"Rune med helm","id":1147,"quantity":1,"price":11018}],"date":"May 1, 2024, 8:59:27 PM"}
{"name":"Gold key red","level":-1,"killCount":-1,"type":"EVENT","drops":[{"name":"Coins","id":995,"quantity":1900,"price":1},{"name":"Swamp paste","id":1941,"quantity":54,"price":7},{"name":"Fine cloth","id":3470,"quantity":1,"price":8310}],"date":"May 1, 2024, 8:59:29 PM"}
{"name":"Gold key red","level":-1,"killCount":-1,"type":"EVENT","drops":[{"name":"Swamp paste","id":1941,"quantity":43,"price":7},{"name":"Rune med helm","id":1147,"quantity":1,"price":11018}],"date":"May 1, 2024, 8:59:32 PM"}
{"name":"Gold key red","level":-1,"killCount":-1,"type":"EVENT","drops":[{"name":"Swamp paste","id":1941,"quantity":44,"price":7},{"name":"Rune sword","id":1289,"quantity":1,"price":12050}],"date":"May 1, 2024, 8:59:33 PM"}
{"name":"Gold key red","level":-1,"killCount":-1,"type":"EVENT","drops":[{"name":"Swamp paste","id":1941,"quantity":69,"price":7},{"name":"Gold locks","id":25454,"quantity":1,"price":18063}],"date":"May 1, 2024, 8:59:35 PM"}
{"name":"Gold key red","level":-1,"killCount":-1,"type":"EVENT","drops":[{"name":"Coins","id":995,"quantity":1713,"price":1},{"name":"Swamp paste","id":1941,"quantity":59,"price":7},{"name":"Redwood logs","id":19670,"quantity":8,"price":493}],"date":"May 1, 2024, 8:59:36 PM"}
{"name":"Gold key red","level":-1,"killCount":-1,"type":"EVENT","drops":[{"name":"Coins","id":995,"quantity":1756,"price":1},{"name":"Swamp paste","id":1941,"quantity":69,"price":7},{"name":"Mithril plateskirt","id":1085,"quantity":1,"price":1243}],"date":"May 1, 2024, 8:59:38 PM"}
{"name":"Gold key red","level":-1,"killCount":-1,"type":"EVENT","drops":[{"name":"Coins","id":995,"quantity":1704,"price":1},{"name":"Adamant spear(p)","id":1259,"quantity":1,"price":766},{"name":"Swamp paste","id":1941,"quantity":61,"price":7}],"date":"May 1, 2024, 8:59:39 PM"}
{"name":"Gold key red","level":-1,"killCount":-1,"type":"EVENT","drops":[{"name":"Coins","id":995,"quantity":1635,"price":1},{"name":"Clue scroll (elite)","id":12141,"quantity":1,"price":0},{"name":"Swamp paste","id":1941,"quantity":62,"price":7}],"date":"May 1, 2024, 8:59:41 PM"}
{"name":"Gold key red","level":-1,"killCount":-1,"type":"EVENT","drops":[{"name":"Amulet of the damned (full)","id":12851,"quantity":1,"price":33736},{"name":"Swamp paste","id":1941,"quantity":44,"price":7}],"date":"May 1, 2024, 8:59:44 PM"}
{"name":"Gold key red","level":-1,"killCount":-1,"type":"EVENT","drops":[{"name":"Dragonstone ring","id":1645,"quantity":1,"price":11661},{"name":"Swamp paste","id":1941,"quantity":52,"price":7}],"date":"May 1, 2024, 8:59:45 PM"}
{"name":"Gold key red","level":-1,"killCount":-1,"type":"EVENT","drops":[{"name":"Rune plateskirt","id":1093,"quantity":1,"price":37705},{"name":"Swamp paste","id":1941,"quantity":49,"price":7}],"date":"May 1, 2024, 8:59:47 PM"}
{"name":"Gold key red","level":-1,"killCount":-1,"type":"EVENT","drops":[{"name":"Coins","id":995,"quantity":930,"price":1},{"name":"Adamant spear(p)","id":1259,"quantity":1,"price":766},{"name":"Swamp paste","id":1941,"quantity":69,"price":7}],"date":"May 1, 2024, 8:59:48 PM"}
{"name":"Gold key red","level":-1,"killCount":-1,"type":"EVENT","drops":[{"name":"Coins","id":995,"quantity":1593,"price":1},{"name":"Fine cloth","id":3470,"quantity":1,"price":8310},{"name":"Swamp paste","id":1941,"quantity":57,"price":7}],"date":"May 1, 2024, 8:59:50 PM"}
{"name":"Gold key red","level":-1,"killCount":-1,"type":"EVENT","drops":[{"name":"Coins","id":995,"quantity":2659,"price":1},{"name":"Fine cloth","id":3470,"quantity":1,"price":8310},{"name":"Swamp paste","id":1941,"quantity":46,"price":7}],"date":"May 1, 2024, 8:59:51 PM"}
{"name":"Gold key red","level":-1,"killCount":-1,"type":"EVENT","drops":[{"name":"Coins","id":995,"quantity":1568,"price":1},{"name":"Swamp paste","id":1941,"quantity":50,"price":7},{"name":"Mithril plateskirt","id":1085,"quantity":1,"price":1243}],"date":"May 1, 2024, 8:59:53 PM"}
{"name":"Gold key red","level":-1,"killCount":-1,"type":"EVENT","drops":[{"name":"Coins","id":995,"quantity":344,"price":1},{"name":"Adamant full helm","id":1161,"quantity":1,"price":1858},{"name":"Swamp paste","id":1941,"quantity":58,"price":7}],"date":"May 1, 2024, 8:59:54 PM"}
{"name":"Gold key red","level":-1,"killCount":-1,"type":"EVENT","drops":[{"name":"Coins","id":995,"quantity":1519,"price":1},{"name":"Swamp paste","id":1941,"quantity":53,"price":7},{"name":"Redwood logs","id":19670,"quantity":7,"price":493}],"date":"May 1, 2024, 8:59:56 PM"}
{"name":"Gold key red","level":-1,"killCount":-1,"type":"EVENT","drops":[{"name":"Adamant plateskirt","id":1091,"quantity":1,"price":3486},{"name":"Coins","id":995,"quantity":181,"price":1},{"name":"Swamp paste","id":1941,"quantity":56,"price":7}],"date":"May 1, 2024, 8:59:57 PM"}
{"name":"Gold key red","level":-1,"killCount":-1,"type":"EVENT","drops":[{"name":"Adamant platebody","id":1123,"quantity":1,"price":9314},{"name":"Swamp paste","id":1941,"quantity":44,"price":7}],"date":"May 1, 2024, 9:01:15 PM"}
{"name":"Gold key red","level":-1,"killCount":-1,"type":"EVENT","drops":[{"name":"Swamp paste","id":1941,"quantity":41,"price":7},{"name":"Rune platelegs","id":1079,"quantity":1,"price":37572}],"date":"May 1, 2024, 9:01:17 PM"}
{"name":"Gold key red","level":-1,"killCount":-1,"type":"EVENT","drops":[{"name":"Swamp paste","id":1941,"quantity":63,"price":7},{"name":"Rune chainbody","id":1113,"quantity":1,"price":29294}],"date":"May 1, 2024, 9:01:21 PM"}
{"name":"Gold key red","level":-1,"killCount":-1,"type":"EVENT","drops":[{"name":"Death rune","id":560,"quantity":23,"price":167},{"name":"Coins","id":995,"quantity":1337,"price":1},{"name":"Swamp paste","id":1941,"quantity":67,"price":7}],"date":"May 1, 2024, 9:01:24 PM"}
{"name":"Gold key red","level":-1,"killCount":-1,"type":"EVENT","drops":[{"name":"Amulet of the damned (full)","id":12851,"quantity":1,"price":33736},{"name":"Swamp paste","id":1941,"quantity":51,"price":7}],"date":"May 1, 2024, 9:01:27 PM"}
{"name":"Gold key red","level":-1,"killCount":-1,"type":"EVENT","drops":[{"name":"Coins","id":995,"quantity":826,"price":1},{"name":"Adamant spear(p)","id":1259,"quantity":1,"price":766},{"name":"Swamp paste","id":1941,"quantity":59,"price":7}],"date":"May 1, 2024, 9:01:29 PM"}
{"name":"Gold key red","level":-1,"killCount":-1,"type":"EVENT","drops":[{"name":"Coins","id":995,"quantity":1418,"price":1},{"name":"Runescroll of swampbark","id":25478,"quantity":1,"price":2362},{"name":"Swamp paste","id":1941,"quantity":45,"price":7}],"date":"May 1, 2024, 9:01:32 PM"}
{"name":"Gold key red","level":-1,"killCount":-1,"type":"EVENT","drops":[{"name":"Coins","id":995,"quantity":1482,"price":1},{"name":"Swamp paste","id":1941,"quantity":40,"price":7},{"name":"Mithril plateskirt","id":1085,"quantity":1,"price":1243}],"date":"May 1, 2024, 9:01:33 PM"}
{"name":"Gold key red","level":-1,"killCount":-1,"type":"EVENT","drops":[{"name":"Swamp paste","id":1941,"quantity":63,"price":7},{"name":"Rune longsword","id":1303,"quantity":1,"price":18374}],"date":"May 1, 2024, 9:01:35 PM"}
{"name":"Gold key red","level":-1,"killCount":-1,"type":"EVENT","drops":[{"name":"Coins","id":995,"quantity":1288,"price":1},{"name":"Death rune","id":560,"quantity":24,"price":167},{"name":"Swamp paste","id":1941,"quantity":63,"price":7}],"date":"May 1, 2024, 9:01:36 PM"}
{"name":"Gold key red","level":-1,"killCount":-1,"type":"EVENT","drops":[{"name":"Coins","id":995,"quantity":1587,"price":1},{"name":"Death rune","id":560,"quantity":21,"price":167},{"name":"Swamp paste","id":1941,"quantity":45,"price":7}],"date":"May 1, 2024, 9:01:38 PM"}
{"name":"Gold key red","level":-1,"killCount":-1,"type":"EVENT","drops":[{"name":"Rune sword","id":1289,"quantity":1,"price":12050},{"name":"Swamp paste","id":1941,"quantity":70,"price":7}],"date":"May 1, 2024, 9:01:39 PM"}
{"name":"Gold key red","level":-1,"killCount":-1,"type":"EVENT","drops":[{"name":"Battlestaff","id":1392,"quantity":3,"price":7927},{"name":"Swamp paste","id":1941,"quantity":61,"price":7}],"date":"May 1, 2024, 9:01:44 PM"}
{"name":"Gold key red","level":-1,"killCount":-1,"type":"EVENT","drops":[{"name":"Swamp paste","id":1941,"quantity":49,"price":7},{"name":"Rune med helm","id":1147,"quantity":1,"price":11018}],"date":"May 1, 2024, 9:01:44 PM"}
{"name":"Gold key red","level":-1,"killCount":-1,"type":"EVENT","drops":[{"name":"Coins","id":995,"quantity":1049,"price":1},{"name":"Adamant full helm","id":1161,"quantity":1,"price":1858},{"name":"Swamp paste","id":1941,"quantity":40,"price":7}],"date":"May 1, 2024, 9:01:47 PM"}
{"name":"Gold key red","level":-1,"killCount":-1,"type":"EVENT","drops":[{"name":"Rune scimitar","id":1333,"quantity":1,"price":14932},{"name":"Swamp paste","id":1941,"quantity":63,"price":7}],"date":"May 1, 2024, 9:01:47 PM"}
{"name":"Gold key red","level":-1,"killCount":-1,"type":"EVENT","drops":[{"name":"Swamp paste","id":1941,"quantity":68,"price":7},{"name":"Soul rune","id":566,"quantity":19,"price":259}],"date":"May 1, 2024, 9:01:50 PM"}
{"name":"Gold key red","level":-1,"killCount":-1,"type":"EVENT","drops":[{"name":"Coins","id":995,"quantity":1036,"price":1},{"name":"Adamant full helm","id":1161,"quantity":1,"price":1858},{"name":"Swamp paste","id":1941,"quantity":59,"price":7}],"date":"May 1, 2024, 9:01:50 PM"}
{"name":"Gold key red","level":-1,"killCount":-1,"type":"EVENT","drops":[],"date":"May 1, 2024, 9:02:02 PM"}
{"name":"Gold key red","level":-1,"killCount":-1,"type":"EVENT","drops":[{"name":"Coins","id":995,"quantity":1680,"price":1},{"name":"Swamp paste","id":1941,"quantity":52,"price":7},{"name":"Fine cloth","id":3470,"quantity":1,"price":8310}],"date":"May 1, 2024, 11:21:16 PM"}
{"name":"Gold key red","level":-1,"killCount":-1,"type":"EVENT","drops":[{"name":"Adamant platelegs","id":1073,"quantity":1,"price":3495},{"name":"Coins","id":995,"quantity":668,"price":1},{"name":"Swamp paste","id":1941,"quantity":63,"price":7}],"date":"May 1, 2024, 11:21:16 PM"}
{"name":"Gold key red","level":-1,"killCount":-1,"type":"EVENT","drops":[{"name":"Coins","id":995,"quantity":2224,"price":1},{"name":"Swamp paste","id":1941,"quantity":45,"price":7},{"name":"Adamant spear(p)","id":1259,"quantity":1,"price":766}],"date":"May 1, 2024, 11:21:22 PM"}
{"name":"Gold key red","level":-1,"killCount":-1,"type":"EVENT","drops":[{"name":"Coins","id":995,"quantity":2944,"price":1},{"name":"Swamp paste","id":1941,"quantity":62,"price":7},{"name":"Fine cloth","id":3470,"quantity":1,"price":8310}],"date":"May 1, 2024, 11:21:23 PM"}
{"name":"Gold key red","level":-1,"killCount":-1,"type":"EVENT","drops":[{"name":"Coins","id":995,"quantity":466,"price":1},{"name":"Swamp paste","id":1941,"quantity":59,"price":7},{"name":"Soul rune","id":566,"quantity":21,"price":259}],"date":"May 1, 2024, 11:21:28 PM"}
{"name":"Gold key red","level":-1,"killCount":-1,"type":"EVENT","drops":[{"name":"Coins","id":995,"quantity":1038,"price":1},{"name":"Swamp paste","id":1941,"quantity":53,"price":7},{"name":"Adamant spear(p)","id":1259,"quantity":1,"price":766}],"date":"May 1, 2024, 11:21:33 PM"}
{"name":"Gold key red","level":-1,"killCount":-1,"type":"EVENT","drops":[{"name":"Coins","id":995,"quantity":1404,"price":1},{"name":"Swamp paste","id":1941,"quantity":48,"price":7},{"name":"Adamant full helm","id":1161,"quantity":1,"price":1858}],"date":"May 1, 2024, 11:21:37 PM"}
{"name":"Gold key red","level":-1,"killCount":-1,"type":"EVENT","drops":[{"name":"Swamp paste","id":1941,"quantity":48,"price":7},{"name":"Zealot\u0027s helm","id":25438,"quantity":1,"price":0}],"date":"May 1, 2024, 11:21:38 PM"}
{"name":"Gold key red","level":-1,"killCount":-1,"type":"EVENT","drops":[{"name":"Clue scroll (elite)","id":19794,"quantity":1,"price":0},{"name":"Coins","id":995,"quantity":2663,"price":1},{"name":"Swamp paste","id":1941,"quantity":64,"price":7}],"date":"May 1, 2024, 11:22:49 PM"}
{"name":"Gold key red","level":-1,"killCount":-1,"type":"EVENT","drops":[{"name":"Adamant plateskirt","id":1091,"quantity":1,"price":3486},{"name":"Coins","id":995,"quantity":774,"price":1},{"name":"Swamp paste","id":1941,"quantity":58,"price":7}],"date":"May 1, 2024, 11:22:49 PM"}
{"name":"Gold key red","level":-1,"killCount":-1,"type":"EVENT","drops":[{"name":"Coins","id":995,"quantity":1999,"price":1},{"name":"Swamp paste","id":1941,"quantity":62,"price":7},{"name":"Fine cloth","id":3470,"quantity":1,"price":8310}],"date":"May 1, 2024, 11:22:52 PM"}
{"name":"Gold key red","level":-1,"killCount":-1,"type":"EVENT","drops":[{"name":"Adamant platebody","id":1123,"quantity":1,"price":9314},{"name":"Swamp paste","id":1941,"quantity":44,"price":7}],"date":"May 1, 2024, 11:22:53 PM"}
{"name":"Gold key red","level":-1,"killCount":-1,"type":"EVENT","drops":[{"name":"Rune plateskirt","id":1093,"quantity":1,"price":37705},{"name":"Swamp paste","id":1941,"quantity":51,"price":7}],"date":"May 1, 2024, 11:22:55 PM"}
{"name":"Gold key red","level":-1,"killCount":-1,"type":"EVENT","drops":[{"name":"Adamant platelegs","id":1073,"quantity":1,"price":3495},{"name":"Swamp paste","id":1941,"quantity":46,"price":7}],"date":"May 1, 2024, 11:22:57 PM"}
{"name":"Gold key red","level":-1,"killCount":-1,"type":"EVENT","drops":[{"name":"Battlestaff","id":1392,"quantity":3,"price":7927},{"name":"Swamp paste","id":1941,"quantity":47,"price":7}],"date":"May 1, 2024, 11:23:00 PM"}
{"name":"Gold key red","level":-1,"killCount":-1,"type":"EVENT","drops":[{"name":"Coins","id":995,"quantity":1852,"price":1},{"name":"Runescroll of bloodbark","id":25481,"quantity":1,"price":2853},{"name":"Swamp paste","id":1941,"quantity":49,"price":7}],"date":"May 1, 2024, 11:23:01 PM"}
{"name":"Gold key red","level":-1,"killCount":-1,"type":"EVENT","drops":[{"name":"Coins","id":995,"quantity":1131,"price":1},{"name":"Swamp paste","id":1941,"quantity":46,"price":7},{"name":"Adamant spear","id":1245,"quantity":1,"price":765}],"date":"May 1, 2024, 11:23:05 PM"}
{"name":"Gold key red","level":-1,"killCount":-1,"type":"EVENT","drops":[{"name":"Battlestaff","id":1392,"quantity":3,"price":7927},{"name":"Swamp paste","id":1941,"quantity":65,"price":7}],"date":"May 1, 2024, 11:23:06 PM"}
{"name":"Gold key red","level":-1,"killCount":-1,"type":"EVENT","drops":[{"name":"Coins","id":995,"quantity":590,"price":1},{"name":"Adamant full helm","id":1161,"quantity":1,"price":1858},{"name":"Swamp paste","id":1941,"quantity":43,"price":7}],"date":"May 1, 2024, 11:23:11 PM"}
{"name":"Gold key red","level":-1,"killCount":-1,"type":"EVENT","drops":[{"name":"Amulet of the damned (full)","id":12851,"quantity":1,"price":33736},{"name":"Swamp paste","id":1941,"quantity":41,"price":7}],"date":"May 2, 2024, 4:08:35 PM"}
{"name":"Gold key red","level":-1,"killCount":-1,"type":"EVENT","drops":[{"name":"Swamp paste","id":1941,"quantity":42,"price":7},{"name":"Rune longsword","id":1303,"quantity":1,"price":18374}],"date":"May 2, 2024, 4:08:35 PM"}
{"name":"Gold key red","level":-1,"killCount":-1,"type":"EVENT","drops":[{"name":"Coins","id":995,"quantity":1417,"price":1},{"name":"Swamp paste","id":1941,"quantity":53,"price":7},{"name":"Redwood logs","id":19670,"quantity":7,"price":493}],"date":"May 2, 2024, 4:08:38 PM"}
{"name":"Gold key red","level":-1,"killCount":-1,"type":"EVENT","drops":[{"name":"Death rune","id":560,"quantity":25,"price":167},{"name":"Coins","id":995,"quantity":987,"price":1},{"name":"Swamp paste","id":1941,"quantity":53,"price":7}],"date":"May 2, 2024, 4:08:39 PM"}
{"name":"Gold key red","level":-1,"killCount":-1,"type":"EVENT","drops":[{"name":"Coins","id":995,"quantity":1502,"price":1},{"name":"Swamp paste","id":1941,"quantity":40,"price":7},{"name":"Fine cloth","id":3470,"quantity":1,"price":8310}],"date":"May 2, 2024, 4:08:41 PM"}
{"name":"Gold key red","level":-1,"killCount":-1,"type":"EVENT","drops":[{"name":"Swamp paste","id":1941,"quantity":65,"price":7},{"name":"Rune med helm","id":1147,"quantity":1,"price":11018}],"date":"May 2, 2024, 4:08:42 PM"}
{"name":"Gold key red","level":-1,"killCount":-1,"type":"EVENT","drops":[{"name":"Coins","id":995,"quantity":325,"price":1},{"name":"Swamp paste","id":1941,"quantity":64,"price":7},{"name":"Adamant chainbody","id":1111,"quantity":1,"price":2424}],"date":"May 2, 2024, 4:08:44 PM"}
{"name":"Gold key red","level":-1,"killCount":-1,"type":"EVENT","drops":[{"name":"Coins","id":995,"quantity":821,"price":1},{"name":"Swamp paste","id":1941,"quantity":45,"price":7},{"name":"Adamant full helm","id":1161,"quantity":1,"price":1858}],"date":"May 2, 2024, 4:08:45 PM"}
{"name":"Gold key red","level":-1,"killCount":-1,"type":"EVENT","drops":[{"name":"Coins","id":995,"quantity":1376,"price":1},{"name":"Swamp paste","id":1941,"quantity":50,"price":7},{"name":"Adamant full helm","id":1161,"quantity":1,"price":1858}],"date":"May 2, 2024, 4:08:47 PM"}
{"name":"Gold key red","level":-1,"killCount":-1,"type":"EVENT","drops":[{"name":"Coins","id":995,"quantity":2084,"price":1},{"name":"Swamp paste","id":1941,"quantity":61,"price":7},{"name":"Adamant spear","id":1245,"quantity":1,"price":765}],"date":"May 2, 2024, 4:08:48 PM"}
{"name":"Gold key red","level":-1,"killCount":-1,"type":"EVENT","drops":[{"name":"Adamant platebody","id":1123,"quantity":1,"price":9314},{"name":"Swamp paste","id":1941,"quantity":48,"price":7}],"date":"May 2, 2024, 4:08:50 PM"}
{"name":"Gold key red","level":-1,"killCount":-1,"type":"EVENT","drops":[{"name":"Coins","id":995,"quantity":370,"price":1},{"name":"Death rune","id":560,"quantity":22,"price":167},{"name":"Swamp paste","id":1941,"quantity":67,"price":7}],"date":"May 2, 2024, 4:08:51 PM"}
{"name":"Gold key red","level":-1,"killCount":-1,"type":"EVENT","drops":[{"name":"Coins","id":995,"quantity":2130,"price":1},{"name":"Adamant spear(p)","id":1259,"quantity":1,"price":766},{"name":"Swamp paste","id":1941,"quantity":50,"price":7}],"date":"May 2, 2024, 4:08:53 PM"}
{"name":"Gold key red","level":-1,"killCount":-1,"type":"EVENT","drops":[{"name":"Coins","id":995,"quantity":540,"price":1},{"name":"Adamant full helm","id":1161,"quantity":1,"price":1858},{"name":"Swamp paste","id":1941,"quantity":65,"price":7}],"date":"May 2, 2024, 4:08:54 PM"}
{"name":"Gold key red","level":-1,"killCount":-1,"type":"EVENT","drops":[{"name":"Amulet of the damned (full)","id":12851,"quantity":1,"price":33736},{"name":"Swamp paste","id":1941,"quantity":60,"price":7}],"date":"May 2, 2024, 4:08:57 PM"}
{"name":"Gold key red","level":-1,"killCount":-1,"type":"EVENT","drops":[{"name":"Coins","id":995,"quantity":2889,"price":1},{"name":"Fine cloth","id":3470,"quantity":1,"price":8310},{"name":"Swamp paste","id":1941,"quantity":40,"price":7}],"date":"May 2, 2024, 4:08:59 PM"}
{"name":"Gold key red","level":-1,"killCount":-1,"type":"EVENT","drops":[{"name":"Coins","id":995,"quantity":1215,"price":1},{"name":"Swamp paste","id":1941,"quantity":67,"price":7},{"name":"Mithril plateskirt","id":1085,"quantity":1,"price":1243}],"date":"May 2, 2024, 4:09:01 PM"}
{"name":"Gold key red","level":-1,"killCount":-1,"type":"EVENT","drops":[{"name":"Coins","id":995,"quantity":2292,"price":1},{"name":"Fine cloth","id":3470,"quantity":1,"price":8310},{"name":"Swamp paste","id":1941,"quantity":69,"price":7}],"date":"May 2, 2024, 4:09:02 PM"}
{"name":"Gold key red","level":-1,"killCount":-1,"type":"EVENT","drops":[{"name":"Swamp paste","id":1941,"quantity":62,"price":7},{"name":"Dragon mace","id":1434,"quantity":1,"price":29500}],"date":"May 2, 2024, 4:09:05 PM"}
{"name":"Gold key red","level":-1,"killCount":-1,"type":"EVENT","drops":[{"name":"Coins","id":995,"quantity":1660,"price":1},{"name":"Swamp paste","id":1941,"quantity":47,"price":7},{"name":"Mithril plateskirt","id":1085,"quantity":1,"price":1243}],"date":"May 2, 2024, 4:09:05 PM"}
{"name":"Gold key red","level":-1,"killCount":-1,"type":"EVENT","drops":[{"name":"Coins","id":995,"quantity":475,"price":1},{"name":"Swamp paste","id":1941,"quantity":46,"price":7},{"name":"Soul rune","id":566,"quantity":18,"price":259}],"date":"May 2, 2024, 4:09:08 PM"}
{"name":"Gold key red","level":-1,"killCount":-1,"type":"EVENT","drops":[{"name":"Adamant kiteshield","id":1199,"quantity":1,"price":2875},{"name":"Swamp paste","id":1941,"quantity":49,"price":7}],"date":"May 2, 2024, 4:09:09 PM"}
{"name":"Gold key red","level":-1,"killCount":-1,"type":"EVENT","drops":[{"name":"Coins","id":995,"quantity":1404,"price":1},{"name":"Fine cloth","id":3470,"quantity":1,"price":8310},{"name":"Swamp paste","id":1941,"quantity":56,"price":7}],"date":"May 2, 2024, 4:09:11 PM"}
{"name":"Gold key red","level":-1,"killCount":-1,"type":"EVENT","drops":[{"name":"Swamp paste","id":1941,"quantity":52,"price":7},{"name":"Rune chainbody","id":1113,"quantity":1,"price":29294}],"date":"May 2, 2024, 4:09:12 PM"}
{"name":"Gold key red","level":-1,"killCount":-1,"type":"EVENT","drops":[{"name":"Coins","id":995,"quantity":402,"price":1},{"name":"Adamant platelegs","id":1073,"quantity":1,"price":3495},{"name":"Swamp paste","id":1941,"quantity":53,"price":7}],"date":"May 2, 2024, 4:09:14 PM"}
{"name":"Gold key red","level":-1,"killCount":-1,"type":"EVENT","drops":[{"name":"Swamp paste","id":1941,"quantity":68,"price":7},{"name":"Dragon dagger","id":1215,"quantity":1,"price":17090}],"date":"May 2, 2024, 4:10:20 PM"}
{"name":"Gold key red","level":-1,"killCount":-1,"type":"EVENT","drops":[{"name":"Coins","id":995,"quantity":1115,"price":1},{"name":"Adamant longsword","id":1301,"quantity":1,"price":1528},{"name":"Swamp paste","id":1941,"quantity":60,"price":7}],"date":"May 2, 2024, 4:10:20 PM"}
{"name":"Gold key red","level":-1,"killCount":-1,"type":"EVENT","drops":[{"name":"Coins","id":995,"quantity":2271,"price":1},{"name":"Swamp paste","id":1941,"quantity":48,"price":7},{"name":"Yew logs","id":1516,"quantity":13,"price":228}],"date":"May 2, 2024, 4:10:23 PM"}
{"name":"Gold key red","level":-1,"killCount":-1,"type":"EVENT","drops":[{"name":"Swamp paste","id":1941,"quantity":67,"price":7},{"name":"Dragon dagger","id":1215,"quantity":1,"price":17090}],"date":"May 2, 2024, 4:10:23 PM"}
{"name":"Gold key red","level":-1,"killCount":-1,"type":"EVENT","drops":[{"name":"Battlestaff","id":1392,"quantity":3,"price":7927},{"name":"Swamp paste","id":1941,"quantity":49,"price":7}],"date":"May 2, 2024, 4:10:26 PM"}
{"name":"Gold key red","level":-1,"killCount":-1,"type":"EVENT","drops":[{"name":"Adamant plateskirt","id":1091,"quantity":1,"price":3486},{"name":"Coins","id":995,"quantity":535,"price":1},{"name":"Swamp paste","id":1941,"quantity":48,"price":7}],"date":"May 2, 2024, 4:10:27 PM"}
{"name":"Gold key red","level":-1,"killCount":-1,"type":"EVENT","drops":[{"name":"Coins","id":995,"quantity":1738,"price":1},{"name":"Swamp paste","id":1941,"quantity":64,"price":7},{"name":"Adamant spear","id":1245,"quantity":1,"price":765}],"date":"May 2, 2024, 4:10:30 PM"}
{"name":"Gold key red","level":-1,"killCount":-1,"type":"EVENT","drops":[{"name":"Coins","id":995,"quantity":1003,"price":1},{"name":"Swamp paste","id":1941,"quantity":70,"price":7},{"name":"Adamant spear(p)","id":1259,"quantity":1,"price":766}],"date":"May 2, 2024, 4:10:30 PM"}
{"name":"Gold key red","level":-1,"killCount":-1,"type":"EVENT","drops":[{"name":"Swamp paste","id":1941,"quantity":53,"price":7},{"name":"Rune med helm","id":1147,"quantity":1,"price":11018}],"date":"May 2, 2024, 4:10:33 PM"}
{"name":"Gold key red","level":-1,"killCount":-1,"type":"EVENT","drops":[{"name":"Swamp paste","id":1941,"quantity":49,"price":7},{"name":"Zealot\u0027s robe bottom","id":25436,"quantity":1,"price":0}],"date":"May 2, 2024, 4:10:34 PM"}
{"name":"Gold key red","level":-1,"killCount":-1,"type":"EVENT","drops":[{"name":"Coins","id":995,"quantity":812,"price":1},{"name":"Swamp paste","id":1941,"quantity":40,"price":7},{"name":"Adamant spear","id":1245,"quantity":1,"price":765}],"date":"May 2, 2024, 4:10:36 PM"}
{"name":"Gold key red","level":-1,"killCount":-1,"type":"EVENT","drops":[{"name":"Coins","id":995,"quantity":1830,"price":1},{"name":"Fine cloth","id":3470,"quantity":1,"price":8310},{"name":"Swamp paste","id":1941,"quantity":50,"price":7}],"date":"May 2, 2024, 4:10:37 PM"}
{"name":"Gold key red","level":-1,"killCount":-1,"type":"EVENT","drops":[{"name":"Rune sword","id":1289,"quantity":1,"price":12050},{"name":"Swamp paste","id":1941,"quantity":68,"price":7}],"date":"May 2, 2024, 4:10:39 PM"}
{"name":"Gold key red","level":-1,"killCount":-1,"type":"EVENT","drops":[{"name":"Coins","id":995,"quantity":2896,"price":1},{"name":"Fine cloth","id":3470,"quantity":1,"price":8310},{"name":"Swamp paste","id":1941,"quantity":43,"price":7}],"date":"May 2, 2024, 4:10:40 PM"}
{"name":"Gold key red","level":-1,"killCount":-1,"type":"EVENT","drops":[{"name":"Adamant plateskirt","id":1091,"quantity":1,"price":3486},{"name":"Coins","id":995,"quantity":112,"price":1},{"name":"Swamp paste","id":1941,"quantity":43,"price":7}],"date":"May 2, 2024, 4:10:42 PM"}
{"name":"Gold key red","level":-1,"killCount":-1,"type":"EVENT","drops":[{"name":"Swamp paste","id":1941,"quantity":51,"price":7},{"name":"Rune med helm","id":1147,"quantity":1,"price":11018}],"date":"May 2, 2024, 4:10:43 PM"}
{"name":"Gold key red","level":-1,"killCount":-1,"type":"EVENT","drops":[{"name":"Coins","id":995,"quantity":1388,"price":1},{"name":"Swamp paste","id":1941,"quantity":56,"price":7},{"name":"Adamant chainbody","id":1111,"quantity":1,"price":2424}],"date":"May 2, 2024, 4:10:45 PM"}
{"name":"Gold key red","level":-1,"killCount":-1,"type":"EVENT","drops":[{"name":"Coins","id":995,"quantity":626,"price":1},{"name":"Adamant platelegs","id":1073,"quantity":1,"price":3495},{"name":"Swamp paste","id":1941,"quantity":42,"price":7}],"date":"May 2, 2024, 4:10:46 PM"}
{"name":"Gold key red","level":-1,"killCount":-1,"type":"EVENT","drops":[{"name":"Coins","id":995,"quantity":2275,"price":1},{"name":"Fine cloth","id":3470,"quantity":1,"price":8310},{"name":"Swamp paste","id":1941,"quantity":45,"price":7}],"date":"May 2, 2024, 4:10:48 PM"}
{"name":"Gold key red","level":-1,"killCount":-1,"type":"EVENT","drops":[{"name":"Coins","id":995,"quantity":2811,"price":1},{"name":"Fine cloth","id":3470,"quantity":1,"price":8310},{"name":"Swamp paste","id":1941,"quantity":44,"price":7}],"date":"May 2, 2024, 4:10:49 PM"}
{"name":"Gold key red","level":-1,"killCount":-1,"type":"EVENT","drops":[{"name":"Coins","id":995,"quantity":2477,"price":1},{"name":"Fine cloth","id":3470,"quantity":1,"price":8310},{"name":"Swamp paste","id":1941,"quantity":48,"price":7}],"date":"May 2, 2024, 4:10:51 PM"}
{"name":"Gold key red","level":-1,"killCount":-1,"type":"EVENT","drops":[{"name":"Coins","id":995,"quantity":1650,"price":1},{"name":"Runescroll of swampbark","id":25478,"quantity":1,"price":2362},{"name":"Swamp paste","id":1941,"quantity":68,"price":7}],"date":"May 2, 2024, 4:10:52 PM"}
{"name":"Gold key red","level":-1,"killCount":-1,"type":"EVENT","drops":[{"name":"Coins","id":995,"quantity":1433,"price":1},{"name":"Yew logs","id":1516,"quantity":13,"price":228},{"name":"Swamp paste","id":1941,"quantity":52,"price":7}],"date":"May 2, 2024, 4:10:54 PM"}
{"name":"Gold key red","level":-1,"killCount":-1,"type":"EVENT","drops":[{"name":"Coins","id":995,"quantity":1858,"price":1},{"name":"Swamp paste","id":1941,"quantity":62,"price":7},{"name":"Adamant spear","id":1245,"quantity":1,"price":765}],"date":"May 2, 2024, 4:10:56 PM"}
{"name":"Gold key red","level":-1,"killCount":-1,"type":"EVENT","drops":[{"name":"Coins","id":995,"quantity":2087,"price":1},{"name":"Adamant longsword","id":1301,"quantity":1,"price":1528},{"name":"Swamp paste","id":1941,"quantity":45,"price":7}],"date":"May 2, 2024, 4:11:05 PM"}
{"name":"Gold key red","level":-1,"killCount":-1,"type":"EVENT","drops":[],"date":"May 2, 2024, 4:11:16 PM"}
{"name":"Gold key red","level":-1,"killCount":-1,"type":"EVENT","drops":[{"name":"Battlestaff","id":1392,"quantity":3,"price":7927},{"name":"Swamp paste","id":1941,"quantity":57,"price":7}],"date":"May 2, 2024, 4:16:05 PM"}
{"name":"Gold key red","level":-1,"killCount":-1,"type":"EVENT","drops":[{"name":"Battlestaff","id":1392,"quantity":3,"price":7927},{"name":"Swamp paste","id":1941,"quantity":40,"price":7}],"date":"May 2, 2024, 4:16:06 PM"}
{"name":"Gold key red","level":-1,"killCount":-1,"type":"EVENT","drops":[{"name":"Battlestaff","id":1392,"quantity":3,"price":7927},{"name":"Swamp paste","id":1941,"quantity":68,"price":7}],"date":"May 2, 2024, 4:16:09 PM"}
{"name":"Gold key red","level":-1,"killCount":-1,"type":"EVENT","drops":[{"name":"Coins","id":995,"quantity":1411,"price":1},{"name":"Swamp paste","id":1941,"quantity":47,"price":7},{"name":"Adamant chainbody","id":1111,"quantity":1,"price":2424}],"date":"May 2, 2024, 4:16:10 PM"}
{"name":"Gold key red","level":-1,"killCount":-1,"type":"EVENT","drops":[{"name":"Swamp paste","id":1941,"quantity":43,"price":7},{"name":"Flamtaer hammer","id":3678,"quantity":1,"price":5272}],"date":"May 2, 2024, 4:16:14 PM"}
{"name":"Gold key red","level":-1,"killCount":-1,"type":"EVENT","drops":[{"name":"Coins","id":995,"quantity":2380,"price":1},{"name":"Swamp paste","id":1941,"quantity":59,"price":7},{"name":"Fine cloth","id":3470,"quantity":1,"price":8310}],"date":"May 2, 2024, 4:16:14 PM"}
{"name":"Gold key red","level":-1,"killCount":-1,"type":"EVENT","drops":[{"name":"Coins","id":995,"quantity":1359,"price":1},{"name":"Swamp paste","id":1941,"quantity":41,"price":7},{"name":"Mithril plateskirt","id":1085,"quantity":1,"price":1243}],"date":"May 2, 2024, 4:16:18 PM"}
{"name":"Gold key red","level":-1,"killCount":-1,"type":"EVENT","drops":[{"name":"Coins","id":995,"quantity":2809,"price":1},{"name":"Fine cloth","id":3470,"quantity":1,"price":8310},{"name":"Swamp paste","id":1941,"quantity":54,"price":7}],"date":"May 2, 2024, 4:16:18 PM"}
{"name":"Gold key red","level":-1,"killCount":-1,"type":"EVENT","drops":[{"name":"Swamp paste","id":1941,"quantity":49,"price":7},{"name":"Dragonstone ring","id":1645,"quantity":1,"price":11661}],"date":"May 2, 2024, 4:17:59 PM"}
{"name":"Gold key red","level":-1,"killCount":-1,"type":"EVENT","drops":[{"name":"Rune scimitar","id":1333,"quantity":1,"price":14932},{"name":"Swamp paste","id":1941,"quantity":43,"price":7}],"date":"May 2, 2024, 4:18:00 PM"}
{"name":"Gold key red","level":-1,"killCount":-1,"type":"EVENT","drops":[{"name":"Coins","id":995,"quantity":1590,"price":1},{"name":"Swamp paste","id":1941,"quantity":68,"price":7},{"name":"Fine cloth","id":3470,"quantity":1,"price":8310}],"date":"May 2, 2024, 4:18:03 PM"}
{"name":"Gold key red","level":-1,"killCount":-1,"type":"EVENT","drops":[{"name":"Battlestaff","id":1392,"quantity":3,"price":7927},{"name":"Swamp paste","id":1941,"quantity":67,"price":7}],"date":"May 2, 2024, 4:18:04 PM"}
{"name":"Gold key red","level":-1,"killCount":-1,"type":"EVENT","drops":[{"name":"Coins","id":995,"quantity":719,"price":1},{"name":"Swamp paste","id":1941,"quantity":59,"price":7},{"name":"Adamant chainbody","id":1111,"quantity":1,"price":2424}],"date":"May 2, 2024, 4:18:08 PM"}
{"name":"Gold key red","level":-1,"killCount":-1,"type":"EVENT","drops":[{"name":"Coins","id":995,"quantity":2649,"price":1},{"name":"Runescroll of swampbark","id":25478,"quantity":1,"price":2362},{"name":"Swamp paste","id":1941,"quantity":65,"price":7}],"date":"May 2, 2024, 4:18:08 PM"}
{"name":"Gold key red","level":-1,"killCount":-1,"type":"EVENT","drops":[{"name":"Coins","id":995,"quantity":1622,"price":1},{"name":"Adamant full helm","id":1161,"quantity":1,"price":1858},{"name":"Swamp paste","id":1941,"quantity":44,"price":7}],"date":"May 2, 2024, 4:18:12 PM"}
{"name":"Gold key red","level":-1,"killCount":-1,"type":"EVENT","drops":[{"name":"Swamp paste","id":1941,"quantity":55,"price":7},{"name":"Rune longsword","id":1303,"quantity":1,"price":18374}],"date":"May 2, 2024, 4:18:12 PM"}
{"name":"Gold key red","level":-1,"killCount":-1,"type":"EVENT","drops":[{"name":"Coins","id":995,"quantity":2373,"price":1},{"name":"Swamp paste","id":1941,"quantity":51,"price":7},{"name":"Runescroll of swampbark","id":25478,"quantity":1,"price":2362}],"date":"May 6, 2024, 5:55:43 PM"}
{"name":"Gold key red","level":-1,"killCount":-1,"type":"EVENT","drops":[{"name":"Coins","id":995,"quantity":1900,"price":1},{"name":"Swamp paste","id":1941,"quantity":54,"price":7},{"name":"Adamant full helm","id":1161,"quantity":1,"price":1858}],"date":"May 6, 2024, 5:55:44 PM"}
{"name":"Gold key red","level":-1,"killCount":-1,"type":"EVENT","drops":[{"name":"Coins","id":995,"quantity":1758,"price":1},{"name":"Swamp paste","id":1941,"quantity":62,"price":7},{"name":"Runescroll of swampbark","id":25478,"quantity":1,"price":2362}],"date":"May 6, 2024, 5:55:47 PM"}
{"name":"Gold key red","level":-1,"killCount":-1,"type":"EVENT","drops":[{"name":"Coins","id":995,"quantity":1882,"price":1},{"name":"Swamp paste","id":1941,"quantity":50,"price":7},{"name":"Adamant spear","id":1245,"quantity":1,"price":765}],"date":"May 6, 2024, 5:55:48 PM"}
{"name":"Gold key red","level":-1,"killCount":-1,"type":"EVENT","drops":[{"name":"Coins","id":995,"quantity":1957,"price":1},{"name":"Death rune","id":560,"quantity":15,"price":167},{"name":"Swamp paste","id":1941,"quantity":44,"price":7}],"date":"May 6, 2024, 5:55:51 PM"}
{"name":"Gold key red","level":-1,"killCount":-1,"type":"EVENT","drops":[{"name":"Swamp paste","id":1941,"quantity":46,"price":7},{"name":"Rune longsword","id":1303,"quantity":1,"price":18374}],"date":"May 6, 2024, 5:55:52 PM"}
{"name":"Gold key red","level":-1,"killCount":-1,"type":"EVENT","drops":[{"name":"Coins","id":995,"quantity":1455,"price":1},{"name":"Death rune","id":560,"quantity":17,"price":167},{"name":"Swamp paste","id":1941,"quantity":41,"price":7}],"date":"May 6, 2024, 5:55:56 PM"}
{"name":"Gold key red","level":-1,"killCount":-1,"type":"EVENT","drops":[{"name":"Adamant plateskirt","id":1091,"quantity":1,"price":3486},{"name":"Coins","id":995,"quantity":117,"price":1},{"name":"Swamp paste","id":1941,"quantity":56,"price":7}],"date":"May 6, 2024, 5:55:56 PM"}
{"name":"Gold key red","level":-1,"killCount":-1,"type":"EVENT","drops":[{"name":"Coins","id":995,"quantity":2361,"price":1},{"name":"Fine cloth","id":3470,"quantity":1,"price":8310},{"name":"Swamp paste","id":1941,"quantity":64,"price":7}],"date":"May 6, 2024, 5:56:00 PM"}
{"name":"Gold key red","level":-1,"killCount":-1,"type":"EVENT","drops":[{"name":"Coins","id":995,"quantity":2474,"price":1},{"name":"Fine cloth","id":3470,"quantity":1,"price":8310},{"name":"Swamp paste","id":1941,"quantity":43,"price":7}],"date":"May 6, 2024, 5:56:00 PM"}
{"name":"Gold key red","level":-1,"killCount":-1,"type":"EVENT","drops":[{"name":"Swamp paste","id":1941,"quantity":48,"price":7},{"name":"Rune longsword","id":1303,"quantity":1,"price":18374}],"date":"May 6, 2024, 5:56:04 PM"}
{"name":"Gold key red","level":-1,"killCount":-1,"type":"EVENT","drops":[{"name":"Coins","id":995,"quantity":2040,"price":1},{"name":"Adamant spear(p)","id":1259,"quantity":1,"price":766},{"name":"Swamp paste","id":1941,"quantity":64,"price":7}],"date":"May 6, 2024, 5:56:05 PM"}
{"name":"Gold key red","level":-1,"killCount":-1,"type":"EVENT","drops":[{"name":"Gold locks","id":25454,"quantity":1,"price":18063},{"name":"Swamp paste","id":1941,"quantity":59,"price":7}],"date":"May 6, 2024, 5:56:08 PM"}
{"name":"Gold key red","level":-1,"killCount":-1,"type":"EVENT","drops":[{"name":"Coins","id":995,"quantity":1114,"price":1},{"name":"Swamp paste","id":1941,"quantity":68,"price":7},{"name":"Adamant full helm","id":1161,"quantity":1,"price":1858}],"date":"May 6, 2024, 5:58:07 PM"}
{"name":"Gold key red","level":-1,"killCount":-1,"type":"EVENT","drops":[{"name":"Swamp paste","id":1941,"quantity":54,"price":7},{"name":"Rune longsword","id":1303,"quantity":1,"price":18374}],"date":"May 6, 2024, 5:58:08 PM"}
{"name":"Gold key red","level":-1,"killCount":-1,"type":"EVENT","drops":[{"name":"Swamp paste","id":1941,"quantity":63,"price":7},{"name":"Rune sword","id":1289,"quantity":1,"price":12050}],"date":"May 6, 2024, 5:58:13 PM"}
{"name":"Gold key red","level":-1,"killCount":-1,"type":"EVENT","drops":[{"name":"Coins","id":995,"quantity":2277,"price":1},{"name":"Swamp paste","id":1941,"quantity":69,"price":7},{"name":"Fine cloth","id":3470,"quantity":1,"price":8310}],"date":"May 6, 2024, 5:58:14 PM"}
{"name":"Gold key red","level":-1,"killCount":-1,"type":"EVENT","drops":[{"name":"Battlestaff","id":1392,"quantity":3,"price":7927},{"name":"Swamp paste","id":1941,"quantity":48,"price":7}],"date":"May 6, 2024, 5:58:36 PM"}
{"name":"Gold key red","level":-1,"killCount":-1,"type":"EVENT","drops":[{"name":"Battlestaff","id":1392,"quantity":3,"price":7927},{"name":"Swamp paste","id":1941,"quantity":50,"price":7}],"date":"May 6, 2024, 5:58:36 PM"}
{"name":"Gold key red","level":-1,"killCount":-1,"type":"EVENT","drops":[{"name":"Coins","id":995,"quantity":2452,"price":1},{"name":"Clue scroll (elite)","id":12106,"quantity":1,"price":0},{"name":"Swamp paste","id":1941,"quantity":64,"price":7}],"date":"May 6, 2024, 5:58:40 PM"}
{"name":"Gold key red","level":-1,"killCount":-1,"type":"EVENT","drops":[{"name":"Coins","id":995,"quantity":521,"price":1},{"name":"Death rune","id":560,"quantity":21,"price":167},{"name":"Swamp paste","id":1941,"quantity":58,"price":7}],"date":"May 6, 2024, 5:58:41 PM"}
{"name":"Gold key red","level":-1,"killCount":-1,"type":"EVENT","drops":[{"name":"Death rune","id":560,"quantity":28,"price":167},{"name":"Coins","id":995,"quantity":660,"price":1},{"name":"Swamp paste","id":1941,"quantity":43,"price":7}],"date":"May 6, 2024, 6:35:46 PM"}
{"name":"Gold key red","level":-1,"killCount":-1,"type":"EVENT","drops":[{"name":"Death rune","id":560,"quantity":28,"price":167},{"name":"Coins","id":995,"quantity":1111,"price":1},{"name":"Swamp paste","id":1941,"quantity":50,"price":7}],"date":"May 6, 2024, 6:35:47 PM"}
{"name":"Gold key red","level":-1,"killCount":-1,"type":"EVENT","drops":[{"name":"Swamp paste","id":1941,"quantity":44,"price":7},{"name":"Rune chainbody","id":1113,"quantity":1,"price":29294}],"date":"May 6, 2024, 6:35:50 PM"}
{"name":"Gold key red","level":-1,"killCount":-1,"type":"EVENT","drops":[{"name":"Battlestaff","id":1392,"quantity":3,"price":7927},{"name":"Swamp paste","id":1941,"quantity":50,"price":7}],"date":"May 6, 2024, 6:35:51 PM"}
{"name":"Gold key red","level":-1,"killCount":-1,"type":"EVENT","drops":[{"name":"Coins","id":995,"quantity":2221,"price":1},{"name":"Swamp paste","id":1941,"quantity":52,"price":7},{"name":"Adamant spear(p)","id":1259,"quantity":1,"price":766}],"date":"May 6, 2024, 6:35:55 PM"}
{"name":"Gold key red","level":-1,"killCount":-1,"type":"EVENT","drops":[{"name":"Death rune","id":560,"quantity":20,"price":167},{"name":"Coins","id":995,"quantity":1116,"price":1},{"name":"Swamp paste","id":1941,"quantity":55,"price":7}],"date":"May 6, 2024, 6:35:55 PM"}
{"name":"Gold key red","level":-1,"killCount":-1,"type":"EVENT","drops":[{"name":"Swamp paste","id":1941,"quantity":43,"price":7},{"name":"Dragonstone ring","id":1645,"quantity":1,"price":11661}],"date":"May 6, 2024, 6:35:59 PM"}
{"name":"Gold key red","level":-1,"killCount":-1,"type":"EVENT","drops":[{"name":"Coins","id":995,"quantity":101,"price":1},{"name":"Swamp paste","id":1941,"quantity":52,"price":7},{"name":"Soul rune","id":566,"quantity":24,"price":259}],"date":"May 6, 2024, 6:35:59 PM"}
{"name":"Gold key red","level":-1,"killCount":-1,"type":"EVENT","drops":[{"name":"Battlestaff","id":1392,"quantity":3,"price":7927},{"name":"Swamp paste","id":1941,"quantity":51,"price":7}],"date":"May 6, 2024, 6:36:03 PM"}
{"name":"Gold key red","level":-1,"killCount":-1,"type":"EVENT","drops":[{"name":"Battlestaff","id":1392,"quantity":3,"price":7927},{"name":"Swamp paste","id":1941,"quantity":66,"price":7}],"date":"May 6, 2024, 6:36:04 PM"}
{"name":"Gold key red","level":-1,"killCount":-1,"type":"EVENT","drops":[{"name":"Coins","id":995,"quantity":1091,"price":1},{"name":"Yew logs","id":1516,"quantity":14,"price":228},{"name":"Swamp paste","id":1941,"quantity":70,"price":7}],"date":"May 6, 2024, 6:36:07 PM"}
{"name":"Gold key red","level":-1,"killCount":-1,"type":"EVENT","drops":[{"name":"Coins","id":995,"quantity":1587,"price":1},{"name":"Fine cloth","id":3470,"quantity":1,"price":8310},{"name":"Swamp paste","id":1941,"quantity":57,"price":7}],"date":"May 6, 2024, 6:36:08 PM"}
{"name":"Gold key red","level":-1,"killCount":-1,"type":"EVENT","drops":[{"name":"Battlestaff","id":1392,"quantity":3,"price":7927},{"name":"Swamp paste","id":1941,"quantity":59,"price":7}],"date":"May 6, 2024, 6:36:11 PM"}
{"name":"Gold key red","level":-1,"killCount":-1,"type":"EVENT","drops":[],"date":"May 6, 2024, 6:36:28 PM"}
{"name":"Gold key red","level":-1,"killCount":-1,"type":"EVENT","drops":[{"name":"Coins","id":995,"quantity":2194,"price":1},{"name":"Swamp paste","id":1941,"quantity":40,"price":7},{"name":"Mithril plateskirt","id":1085,"quantity":1,"price":1243}],"date":"May 6, 2024, 6:37:41 PM"}
{"name":"Gold key red","level":-1,"killCount":-1,"type":"EVENT","drops":[{"name":"Coins","id":995,"quantity":2603,"price":1},{"name":"Swamp paste","id":1941,"quantity":63,"price":7},{"name":"Fine cloth","id":3470,"quantity":1,"price":8310}],"date":"May 6, 2024, 6:37:41 PM"}
{"name":"Gold key red","level":-1,"killCount":-1,"type":"EVENT","drops":[{"name":"Death rune","id":560,"quantity":26,"price":167},{"name":"Coins","id":995,"quantity":1207,"price":1},{"name":"Swamp paste","id":1941,"quantity":48,"price":7}],"date":"May 6, 2024, 6:37:45 PM"}
{"name":"Gold key red","level":-1,"killCount":-1,"type":"EVENT","drops":[{"name":"Adamant platelegs","id":1073,"quantity":1,"price":3495},{"name":"Swamp paste","id":1941,"quantity":70,"price":7}],"date":"May 6, 2024, 6:37:46 PM"}
{"name":"Gold key red","level":-1,"killCount":-1,"type":"EVENT","drops":[{"name":"Coins","id":995,"quantity":660,"price":1},{"name":"Swamp paste","id":1941,"quantity":58,"price":7},{"name":"Adamant full helm","id":1161,"quantity":1,"price":1858}],"date":"May 6, 2024, 6:37:49 PM"}
{"name":"Gold key red","level":-1,"killCount":-1,"type":"EVENT","drops":[{"name":"Swamp paste","id":1941,"quantity":41,"price":7},{"name":"Rune longsword","id":1303,"quantity":1,"price":18374}],"date":"May 6, 2024, 6:37:50 PM"}
{"name":"Gold key red","level":-1,"killCount":-1,"type":"EVENT","drops":[{"name":"Swamp paste","id":1941,"quantity":49,"price":7},{"name":"Dragonstone ring","id":1645,"quantity":1,"price":11661}],"date":"May 6, 2024, 6:37:53 PM"}
{"name":"Gold key red","level":-1,"killCount":-1,"type":"EVENT","drops":[{"name":"Coins","id":995,"quantity":1371,"price":1},{"name":"Swamp paste","id":1941,"quantity":59,"price":7},{"name":"Fine cloth","id":3470,"quantity":1,"price":8310}],"date":"May 6, 2024, 6:37:54 PM"}
{"name":"Gold key red","level":-1,"killCount":-1,"type":"EVENT","drops":[{"name":"Swamp paste","id":1941,"quantity":60,"price":7},{"name":"Rune platelegs","id":1079,"quantity":1,"price":37572}],"date":"May 6, 2024, 6:37:58 PM"}
{"name":"Gold key red","level":-1,"killCount":-1,"type":"EVENT","drops":[{"name":"Amulet of the damned (full)","id":12851,"quantity":1,"price":33736},{"name":"Swamp paste","id":1941,"quantity":53,"price":7}],"date":"May 6, 2024, 6:37:58 PM"}
{"name":"Gold key red","level":-1,"killCount":-1,"type":"EVENT","drops":[{"name":"Rune sword","id":1289,"quantity":1,"price":12050},{"name":"Swamp paste","id":1941,"quantity":45,"price":7}],"date":"May 6, 2024, 6:38:02 PM"}
{"name":"Gold key red","level":-1,"killCount":-1,"type":"EVENT","drops":[{"name":"Coins","id":995,"quantity":958,"price":1},{"name":"Swamp paste","id":1941,"quantity":51,"price":7},{"name":"Soul rune","id":566,"quantity":22,"price":259}],"date":"May 6, 2024, 6:38:02 PM"}
{"name":"Gold key red","level":-1,"killCount":-1,"type":"EVENT","drops":[{"name":"Coins","id":995,"quantity":1148,"price":1},{"name":"Swamp paste","id":1941,"quantity":40,"price":7},{"name":"Mithril plateskirt","id":1085,"quantity":1,"price":1243}],"date":"May 6, 2024, 6:38:06 PM"}
{"name":"Gold key red","level":-1,"killCount":-1,"type":"EVENT","drops":[{"name":"Coins","id":995,"quantity":2071,"price":1},{"name":"Swamp paste","id":1941,"quantity":67,"price":7},{"name":"Mithril plateskirt","id":1085,"quantity":1,"price":1243}],"date":"May 6, 2024, 6:41:31 PM"}
{"name":"Gold key red","level":-1,"killCount":-1,"type":"EVENT","drops":[{"name":"Coins","id":995,"quantity":1651,"price":1},{"name":"Swamp paste","id":1941,"quantity":61,"price":7},{"name":"Fine cloth","id":3470,"quantity":1,"price":8310}],"date":"May 6, 2024, 6:41:31 PM"}
{"name":"Gold key red","level":-1,"killCount":-1,"type":"EVENT","drops":[{"name":"Rune scimitar","id":1333,"quantity":1,"price":14932},{"name":"Swamp paste","id":1941,"quantity":42,"price":7}],"date":"May 6, 2024, 6:41:35 PM"}
{"name":"Gold key red","level":-1,"killCount":-1,"type":"EVENT","drops":[{"name":"Death rune","id":560,"quantity":17,"price":167},{"name":"Coins","id":995,"quantity":1057,"price":1},{"name":"Swamp paste","id":1941,"quantity":68,"price":7}],"date":"May 6, 2024, 6:41:36 PM"}
{"name":"Gold key red","level":-1,"killCount":-1,"type":"EVENT","drops":[{"name":"Coins","id":995,"quantity":2975,"price":1},{"name":"Fine cloth","id":3470,"quantity":1,"price":8310},{"name":"Swamp paste","id":1941,"quantity":50,"price":7}],"date":"May 6, 2024, 6:41:39 PM"}
{"name":"Gold key red","level":-1,"killCount":-1,"type":"EVENT","drops":[{"name":"Swamp paste","id":1941,"quantity":63,"price":7},{"name":"Rune chainbody","id":1113,"quantity":1,"price":29294}],"date":"May 6, 2024, 6:41:40 PM"}
