{"name":"Gold key purple","level":-1,"killCount":-1,"type":"EVENT","drops":[{"name":"Amulet of the damned (full)","id":12851,"quantity":1,"price":33736},{"name":"Swamp paste","id":1941,"quantity":69,"price":7}],"date":"May 1, 2024, 9:24:21 PM"}
{"name":"Gold key purple","level":-1,"killCount":-1,"type":"EVENT","drops":[{"name":"Coins","id":995,"quantity":1324,"price":1},{"name":"Adamant longsword","id":1301,"quantity":1,"price":1528},{"name":"Swamp paste","id":1941,"quantity":58,"price":7}],"date":"May 1, 2024, 9:24:22 PM"}
{"name":"Gold key purple","level":-1,"killCount":-1,"type":"EVENT","drops":[{"name":"Coins","id":995,"quantity":812,"price":1},{"name":"Swamp paste","id":1941,"quantity":50,"price":7},{"name":"Adamant chainbody","id":1111,"quantity":1,"price":2424}],"date":"May 1, 2024, 9:24:24 PM"}
{"name":"Gold key purple","level":-1,"killCount":-1,"type":"EVENT","drops":[{"name":"Coins","id":995,"quantity":1414,"price":1},{"name":"Adamant longsword","id":1301,"quantity":1,"price":1528},{"name":"Swamp paste","id":1941,"quantity":42,"price":7}],"date":"May 1, 2024, 9:24:25 PM"}
{"name":"Gold key purple","level":-1,"killCount":-1,"type":"EVENT","drops":[{"name":"Coins","id":995,"quantity":2639,"price":1},{"name":"Swamp paste","id":1941,"quantity":47,"price":7},{"name":"Fine cloth","id":3470,"quantity":1,"price":8310}],"date":"May 1, 2024, 9:24:27 PM"}
{"name":"Gold key purple","level":-1,"killCount":-1,"type":"EVENT","drops":[{"name":"Coins","id":995,"quantity":2257,"price":1},{"name":"Swamp paste","id":1941,"quantity":49,"price":7},{"name":"Fine cloth","id":3470,"quantity":1,"price":8310}],"date":"May 1, 2024, 9:26:29 PM"}
{"name":"Gold key purple","level":-1,"killCount":-1,"type":"EVENT","drops":[{"name":"Coins","id":995,"quantity":970,"price":1},{"name":"Swamp paste","id":1941,"quantity":60,"price":7},{"name":"Adamant full helm","id":1161,"quantity":1,"price":1858}],"date":"May 1, 2024, 9:26:30 PM"}
{"name":"Gold key purple","level":-1,"killCount":-1,"type":"EVENT","drops":[{"name":"Coins","id":995,"quantity":2023,"price":1},{"name":"Swamp paste","id":1941,"quantity":57,"price":7},{"name":"Adamant spear","id":1245,"quantity":1,"price":765}],"date":"May 1, 2024, 9:26:32 PM"}
{"name":"Gold key purple","level":-1,"killCount":-1,"type":"EVENT","drops":[{"name":"Coins","id":995,"quantity":1487,"price":1},{"name":"Swamp paste","id":1941,"quantity":54,"price":7},{"name":"Adamant spear","id":1245,"quantity":1,"price":765}],"date":"May 1, 2024, 9:26:33 PM"}
{"name":"Gold key purple","level":-1,"killCount":-1,"type":"EVENT","drops":[{"name":"Swamp paste","id":1941,"quantity":58,"price":7},{"name":"Soul rune","id":566,"quantity":29,"price":259}],"date":"May 1, 2024, 9:26:35 PM"}
{"name":"Gold key purple","level":-1,"killCount":-1,"type":"EVENT","drops":[{"name":"Amulet of the damned (full)","id":12851,"quantity":1,"price":33736},{"name":"Swamp paste","id":1941,"quantity":43,"price":7}],"date":"May 1, 2024, 9:26:36 PM"}
{"name":"Gold key purple","level":-1,"killCount":-1,"type":"EVENT","drops":[{"name":"Coins","id":995,"quantity":519,"price":1},{"name":"Swamp paste","id":1941,"quantity":44,"price":7},{"name":"Adamant chainbody","id":1111,"quantity":1,"price":2424}],"date":"May 1, 2024, 9:26:38 PM"}
{"name":"Gold key purple","level":-1,"killCount":-1,"type":"EVENT","drops":[{"name":"Death rune","id":560,"quantity":27,"price":167},{"name":"Coins","id":995,"quantity":570,"price":1},{"name":"Swamp paste","id":1941,"quantity":60,"price":7}],"date":"May 1, 2024, 9:26:39 PM"}
{"name":"Gold key purple","level":-1,"killCount":-1,"type":"EVENT","drops":[{"name":"Coins","id":995,"quantity":2823,"price":1},{"name":"Swamp paste","id":1941,"quantity":52,"price":7},{"name":"Clue scroll (elite)","id":12154,"quantity":1,"price":0}],"date":"May 1, 2024, 9:26:41 PM"}
{"name":"Gold key purple","level":-1,"killCount":-1,"type":"EVENT","drops":[{"name":"Death rune","id":560,"quantity":16,"price":167},{"name":"Coins","id":995,"quantity":1056,"price":1},{"name":"Swamp paste","id":1941,"quantity":43,"price":7}],"date":"May 1, 2024, 9:26:44 PM"}
{"name":"Gold key purple","level":-1,"killCount":-1,"type":"EVENT","drops":[{"name":"Coins","id":995,"quantity":2428,"price":1},{"name":"Swamp paste","id":1941,"quantity":40,"price":7},{"name":"Adamant spear(p)","id":1259,"quantity":1,"price":766}],"date":"May 1, 2024, 11:31:05 PM"}
{"name":"Gold key purple","level":-1,"killCount":-1,"type":"EVENT","drops":[{"name":"Amulet of the damned (full)","id":12851,"quantity":1,"price":33736},{"name":"Swamp paste","id":1941,"quantity":54,"price":7}],"date":"May 2, 2024, 4:29:07 PM"}
{"name":"Gold key purple","level":-1,"killCount":-1,"type":"EVENT","drops":[{"name":"Dragonstone ring","id":1645,"quantity":1,"price":11661},{"name":"Swamp paste","id":1941,"quantity":41,"price":7}],"date":"May 2, 2024, 4:29:08 PM"}
{"name":"Gold key purple","level":-1,"killCount":-1,"type":"EVENT","drops":[{"name":"Fine cloth","id":3470,"quantity":1,"price":8310},{"name":"Coins","id":995,"quantity":1970,"price":1},{"name":"Swamp paste","id":1941,"quantity":50,"price":7}],"date":"May 2, 2024, 4:29:10 PM"}
{"name":"Gold key purple","level":-1,"killCount":-1,"type":"EVENT","drops":[{"name":"Dragon dagger","id":1215,"quantity":1,"price":17090},{"name":"Swamp paste","id":1941,"quantity":54,"price":7}],"date":"May 2, 2024, 4:29:11 PM"}
{"name":"Gold key purple","level":-1,"killCount":-1,"type":"EVENT","drops":[{"name":"Fine cloth","id":3470,"quantity":1,"price":8310},{"name":"Coins","id":995,"quantity":1364,"price":1},{"name":"Swamp paste","id":1941,"quantity":51,"price":7}],"date":"May 2, 2024, 4:29:13 PM"}
{"name":"Gold key purple","level":-1,"killCount":-1,"type":"EVENT","drops":[{"name":"Soul rune","id":566,"quantity":26,"price":259},{"name":"Swamp paste","id":1941,"quantity":41,"price":7}],"date":"May 2, 2024, 4:29:14 PM"}
{"name":"Gold key purple","level":-1,"killCount":-1,"type":"EVENT","drops":[{"name":"Adamant chainbody","id":1111,"quantity":1,"price":2424},{"name":"Coins","id":995,"quantity":884,"price":1},{"name":"Swamp paste","id":1941,"quantity":52,"price":7}],"date":"May 2, 2024, 4:29:16 PM"}
{"name":"Gold key purple","level":-1,"killCount":-1,"type":"EVENT","drops":[{"name":"Adamant longsword","id":1301,"quantity":1,"price":1528},{"name":"Coins","id":995,"quantity":1171,"price":1},{"name":"Swamp paste","id":1941,"quantity":62,"price":7}],"date":"May 2, 2024, 4:29:17 PM"}
{"name":"Gold key purple","level":-1,"killCount":-1,"type":"EVENT","drops":[{"name":"Death rune","id":560,"quantity":26,"price":167},{"name":"Coins","id":995,"quantity":163,"price":1},{"name":"Swamp paste","id":1941,"quantity":42,"price":7}],"date":"May 2, 2024, 4:29:19 PM"}
{"name":"Gold key purple","level":-1,"killCount":-1,"type":"EVENT","drops":[{"name":"Flamtaer hammer","id":3678,"quantity":1,"price":5272},{"name":"Swamp paste","id":1941,"quantity":46,"price":7}],"date":"May 2, 2024, 4:29:20 PM"}
{"name":"Gold key purple","level":-1,"killCount":-1,"type":"EVENT","drops":[{"name":"Amulet of the damned (full)","id":12851,"quantity":1,"price":33736},{"name":"Swamp paste","id":1941,"quantity":57,"price":7}],"date":"May 2, 2024, 4:29:22 PM"}
{"name":"Gold key purple","level":-1,"killCount":-1,"type":"EVENT","drops":[{"name":"Adamant full helm","id":1161,"quantity":1,"price":1858},{"name":"Coins","id":995,"quantity":1112,"price":1},{"name":"Swamp paste","id":1941,"quantity":65,"price":7}],"date":"May 2, 2024, 4:29:23 PM"}
{"name":"Gold key purple","level":-1,"killCount":-1,"type":"EVENT","drops":[{"name":"Coins","id":995,"quantity":1601,"price":1},{"name":"Fine cloth","id":3470,"quantity":1,"price":8310},{"name":"Swamp paste","id":1941,"quantity":67,"price":7}],"date":"May 2, 2024, 4:29:28 PM"}
{"name":"Gold key purple","level":-1,"killCount":-1,"type":"EVENT","drops":[{"name":"Coins","id":995,"quantity":2077,"price":1},{"name":"Swamp paste","id":1941,"quantity":42,"price":7},{"name":"Adamant spear","id":1245,"quantity":1,"price":765}],"date":"May 6, 2024, 6:45:52 PM"}
{"name":"Gold key purple","level":-1,"killCount":-1,"type":"EVENT","drops":[{"name":"Coins","id":995,"quantity":889,"price":1},{"name":"Swamp paste","id":1941,"quantity":53,"price":7},{"name":"Redwood logs","id":19670,"quantity":5,"price":493}],"date":"May 6, 2024, 6:45:53 PM"}
{"name":"Gold key purple","level":-1,"killCount":-1,"type":"EVENT","drops":[{"name":"Adamant platebody","id":1123,"quantity":1,"price":9314},{"name":"Swamp paste","id":1941,"quantity":45,"price":7}],"date":"May 6, 2024, 6:45:57 PM"}
{"name":"Gold key purple","level":-1,"killCount":-1,"type":"EVENT","drops":[{"name":"Battlestaff","id":1392,"quantity":3,"price":7927},{"name":"Swamp paste","id":1941,"quantity":70,"price":7}],"date":"May 6, 2024, 6:45:57 PM"}
{"name":"Gold key purple","level":-1,"killCount":-1,"type":"EVENT","drops":[{"name":"Swamp paste","id":1941,"quantity":61,"price":7},{"name":"Dragon longsword","id":1305,"quantity":1,"price":58869}],"date":"May 6, 2024, 6:46:01 PM"}
{"name":"Gold key purple","level":-1,"killCount":-1,"type":"EVENT","drops":[{"name":"Coins","id":995,"quantity":1741,"price":1},{"name":"Swamp paste","id":1941,"quantity":51,"price":7},{"name":"Mithril plateskirt","id":1085,"quantity":1,"price":1243}],"date":"May 6, 2024, 6:46:03 PM"}
{"name":"Gold key purple","level":-1,"killCount":-1,"type":"EVENT","drops":[{"name":"Battlestaff","id":1392,"quantity":3,"price":7927},{"name":"Swamp paste","id":1941,"quantity":55,"price":7}],"date":"May 6, 2024, 6:46:16 PM"}
{"name":"Gold key purple","level":-1,"killCount":-1,"type":"EVENT","drops":[{"name":"Coins","id":995,"quantity":1835,"price":1},{"name":"Fine cloth","id":3470,"quantity":1,"price":8310},{"name":"Swamp paste","id":1941,"quantity":68,"price":7}],"date":"May 6, 2024, 6:46:21 PM"}
{"name":"Gold key purple","level":-1,"killCount":-1,"type":"EVENT","drops":[{"name":"Coins","id":995,"quantity":499,"price":1},{"name":"Adamant full helm","id":1161,"quantity":1,"price":1858},{"name":"Swamp paste","id":1941,"quantity":45,"price":7}],"date":"May 6, 2024, 6:46:22 PM"}
{"name":"Gold key purple","level":-1,"killCount":-1,"type":"EVENT","drops":[{"name":"Coins","id":995,"quantity":1030,"price":1},{"name":"Adamant longsword","id":1301,"quantity":1,"price":1528},{"name":"Swamp paste","id":1941,"quantity":44,"price":7}],"date":"May 6, 2024, 6:46:27 PM"}
{"name":"Gold key purple","level":-1,"killCount":-1,"type":"EVENT","drops":[{"name":"Coins","id":995,"quantity":1375,"price":1},{"name":"Adamant spear(p)","id":1259,"quantity":1,"price":766},{"name":"Swamp paste","id":1941,"quantity":50,"price":7}],"date":"May 6, 2024, 6:46:28 PM"}
{"name":"Gold key purple","level":-1,"killCount":-1,"type":"EVENT","drops":[{"name":"Coins","id":995,"quantity":2956,"price":1},{"name":"Fine cloth","id":3470,"quantity":1,"price":8310},{"name":"Swamp paste","id":1941,"quantity":47,"price":7}],"date":"May 6, 2024, 6:46:33 PM"}
{"name":"Gold key purple","level":-1,"killCount":-1,"type":"EVENT","drops":[{"name":"Swamp paste","id":1941,"quantity":49,"price":7},{"name":"Dragon dagger","id":1215,"quantity":1,"price":17090}],"date":"May 6, 2024, 6:48:24 PM"}
{"name":"Gold key purple","level":-1,"killCount":-1,"type":"EVENT","drops":[{"name":"Swamp paste","id":1941,"quantity":53,"price":7},{"name":"Rune sword","id":1289,"quantity":1,"price":12050}],"date":"May 6, 2024, 6:48:24 PM"}
{"name":"Gold key purple","level":-1,"killCount":-1,"type":"EVENT","drops":[{"name":"Coins","id":995,"quantity":1261,"price":1},{"name":"Adamant spear(p)","id":1259,"quantity":1,"price":766},{"name":"Swamp paste","id":1941,"quantity":46,"price":7}],"date":"May 6, 2024, 6:48:28 PM"}
{"name":"Gold key purple","level":-1,"killCount":-1,"type":"EVENT","drops":[{"name":"Coins","id":995,"quantity":818,"price":1},{"name":"Adamant full helm","id":1161,"quantity":1,"price":1858},{"name":"Swamp paste","id":1941,"quantity":48,"price":7}],"date":"May 6, 2024, 6:48:28 PM"}
