{"name":"Gourmet impling","level":-1,"killCount":-1,"type":"EVENT","drops":[{"name":"Frog spawn","id":5004,"quantity":1,"price":0}],"date":"Apr 22, 2022, 8:45:46 AM"}
{"name":"Gourmet impling","level":-1,"killCount":-1,"type":"EVENT","drops":[{"name":"Curry leaf","id":5970,"quantity":1,"price":39}],"date":"May 10, 2022, 12:31:39 PM"}
{"name":"Gourmet impling","level":-1,"killCount":-1,"type":"EVENT","drops":[{"name":"Chocolate cake","id":1897,"quantity":1,"price":207}],"date":"May 14, 2022, 12:43:14 AM"}
{"name":"Gourmet impling","level":-1,"killCount":-1,"type":"EVENT","drops":[{"name":"Spice","id":2007,"quantity":1,"price":57}],"date":"May 24, 2022, 11:15:19 AM"}
{"name":"Gourmet impling","level":-1,"killCount":-1,"type":"EVENT","drops":[{"name":"Curry leaf","id":5970,"quantity":1,"price":47}],"date":"Jun 8, 2022, 4:17:00 PM"}
{"name":"Gourmet impling","level":-1,"killCount":-1,"type":"EVENT","drops":[{"name":"Bass","id":365,"quantity":1,"price":73}],"date":"Jul 5, 2022, 11:18:46 PM"}
{"name":"Gourmet impling","level":-1,"killCount":-1,"type":"EVENT","drops":[{"name":"Tuna","id":361,"quantity":1,"price":81}],"date":"Jul 6, 2022, 12:31:33 AM"}
{"name":"Gourmet impling","level":-1,"killCount":-1,"type":"EVENT","drops":[{"name":"Swordfish","id":374,"quantity":3,"price":333}],"date":"Jul 6, 2022, 4:27:46 PM"}
{"name":"Gourmet impling","level":-1,"killCount":-1,"type":"EVENT","drops":[{"name":"Spice","id":2007,"quantity":1,"price":105}],"date":"Jul 6, 2022, 6:05:27 PM"}
{"name":"Gourmet impling","level":-1,"killCount":-1,"type":"EVENT","drops":[{"name":"Clue scroll (easy)","id":3490,"quantity":1,"price":0},{"name":"Chocolate cake","id":1897,"quantity":1,"price":212}],"date":"Jul 7, 2022, 9:08:20 AM"}
{"name":"Gourmet impling","level":-1,"killCount":-1,"type":"EVENT","drops":[{"name":"Tuna","id":361,"quantity":1,"price":82}],"date":"Jul 8, 2022, 5:54:18 PM"}
{"name":"Gourmet impling","level":-1,"killCount":-1,"type":"EVENT","drops":[{"name":"Bass","id":365,"quantity":1,"price":94}],"date":"Jul 18, 2022, 9:40:36 AM"}
{"name":"Gourmet impling","level":-1,"killCount":-1,"type":"EVENT","drops":[{"name":"Clue scroll (easy)","id":2713,"quantity":1,"price":0},{"name":"Curry","id":2011,"quantity":1,"price":948}],"date":"Jul 23, 2022, 4:28:46 PM"}
{"name":"Gourmet impling","level":-1,"killCount":-1,"type":"EVENT","drops":[{"name":"Curry","id":2011,"quantity":1,"price":740}],"date":"Jul 27, 2022, 10:39:40 AM"}
{"name":"Gourmet impling","level":-1,"killCount":-1,"type":"EVENT","drops":[{"name":"Tuna","id":361,"quantity":1,"price":77}],"date":"Aug 3, 2022, 11:25:44 AM"}
{"name":"Gourmet impling","level":-1,"killCount":-1,"type":"EVENT","drops":[{"name":"Chocolate cake","id":1897,"quantity":1,"price":228}],"date":"Aug 4, 2022, 3:18:02 PM"}
{"name":"Gourmet impling","level":-1,"killCount":-1,"type":"EVENT","drops":[{"name":"Tuna","id":361,"quantity":1,"price":93},{"name":"Clue scroll (easy)","id":19819,"quantity":1,"price":0}],"date":"Aug 5, 2022, 9:45:40 AM"}
{"name":"Gourmet impling","level":-1,"killCount":-1,"type":"EVENT","drops":[{"name":"Bass","id":365,"quantity":1,"price":105}],"date":"Aug 6, 2022, 2:59:41 PM"}
{"name":"Gourmet impling","level":-1,"killCount":-1,"type":"EVENT","drops":[{"name":"Curry leaf","id":5970,"quantity":1,"price":23}],"date":"Aug 6, 2022, 3:27:25 PM"}
{"name":"Gourmet impling","level":-1,"killCount":-1,"type":"EVENT","drops":[{"name":"Bass","id":365,"quantity":1,"price":117}],"date":"Aug 7, 2022, 7:03:36 PM"}
{"name":"Gourmet impling","level":-1,"killCount":-1,"type":"EVENT","drops":[{"name":"Rainbow fish","id":10137,"quantity":5,"price":119}],"date":"Aug 9, 2022, 11:23:10 PM"}
{"name":"Gourmet impling","level":-1,"killCount":-1,"type":"EVENT","drops":[{"name":"Bass","id":365,"quantity":1,"price":85}],"date":"Aug 12, 2022, 10:51:09 PM"}
{"name":"Gourmet impling","level":-1,"killCount":-1,"type":"EVENT","drops":[{"name":"Curry","id":2011,"quantity":1,"price":889}],"date":"Aug 13, 2022, 3:14:07 PM"}
{"name":"Gourmet impling","level":-1,"killCount":-1,"type":"EVENT","drops":[{"name":"Curry leaf","id":5970,"quantity":1,"price":11}],"date":"Aug 13, 2022, 5:13:15 PM"}
{"name":"Gourmet impling","level":-1,"killCount":-1,"type":"EVENT","drops":[{"name":"Tuna","id":361,"quantity":1,"price":78}],"date":"Aug 28, 2022, 6:51:36 PM"}
{"name":"Gourmet impling","level":-1,"killCount":-1,"type":"EVENT","drops":[{"name":"Tuna","id":361,"quantity":1,"price":77}],"date":"Aug 30, 2022, 2:29:32 PM"}
{"name":"Gourmet impling","level":-1,"killCount":-1,"type":"EVENT","drops":[{"name":"Curry leaf","id":5970,"quantity":1,"price":22}],"date":"Aug 30, 2022, 4:21:30 PM"}
{"name":"Gourmet impling","level":-1,"killCount":-1,"type":"EVENT","drops":[{"name":"Curry","id":2011,"quantity":1,"price":786}],"date":"Sep 7, 2022, 11:51:52 AM"}
{"name":"Gourmet impling","level":-1,"killCount":-1,"type":"EVENT","drops":[{"name":"Bass","id":365,"quantity":1,"price":114}],"date":"Sep 16, 2022, 11:08:30 PM"}
{"name":"Gourmet impling","level":-1,"killCount":-1,"type":"EVENT","drops":[{"name":"Tuna","id":361,"quantity":1,"price":92}],"date":"Sep 27, 2022, 5:07:18 PM"}
{"name":"Gourmet impling","level":-1,"killCount":-1,"type":"EVENT","drops":[{"name":"Tuna","id":361,"quantity":1,"price":112}],"date":"Dec 19, 2022, 5:04:41 PM"}
{"name":"Gourmet impling","level":-1,"killCount":-1,"type":"EVENT","drops":[{"name":"Chocolate cake","id":1897,"quantity":1,"price":190}],"date":"Jan 2, 2023, 2:18:21 PM"}
{"name":"Gourmet impling","level":-1,"killCount":-1,"type":"EVENT","drops":[{"name":"Tuna","id":361,"quantity":1,"price":113}],"date":"Feb 15, 2023, 11:27:07 PM"}
{"name":"Gourmet impling","level":-1,"killCount":-1,"type":"EVENT","drops":[{"name":"Rainbow fish","id":10137,"quantity":5,"price":142}],"date":"Feb 27, 2023, 11:24:38 PM"}
{"name":"Gourmet impling","level":-1,"killCount":-1,"type":"EVENT","drops":[{"name":"Tuna","id":361,"quantity":1,"price":85}],"date":"Mar 2, 2023, 4:22:27 PM"}
{"name":"Gourmet impling","level":-1,"killCount":-1,"type":"EVENT","drops":[{"name":"Tuna","id":361,"quantity":1,"price":82}],"date":"Mar 13, 2023, 1:04:30 PM"}
{"name":"Gourmet impling","level":-1,"killCount":-1,"type":"EVENT","drops":[{"name":"Curry leaf","id":5970,"quantity":1,"price":42}],"date":"Mar 15, 2023, 3:09:30 PM"}
{"name":"Gourmet impling","level":-1,"killCount":-1,"type":"EVENT","drops":[{"name":"Curry","id":2011,"quantity":1,"price":424}],"date":"Mar 15, 2023, 9:56:41 PM"}
{"name":"Gourmet impling","level":-1,"killCount":-1,"type":"EVENT","drops":[{"name":"Meat pie","id":2327,"quantity":1,"price":76}],"date":"Mar 16, 2023, 11:15:53 AM"}
{"name":"Gourmet impling","level":-1,"killCount":-1,"type":"EVENT","drops":[{"name":"Tuna","id":361,"quantity":1,"price":94}],"date":"Mar 29, 2023, 12:19:01 PM"}
{"name":"Gourmet impling","level":-1,"killCount":-1,"type":"EVENT","drops":[{"name":"Tuna","id":361,"quantity":1,"price":115}],"date":"Apr 18, 2023, 8:36:14 AM"}
{"name":"Gourmet impling","level":-1,"killCount":-1,"type":"EVENT","drops":[{"name":"Chocolate cake","id":1897,"quantity":1,"price":142}],"date":"Jun 6, 2023, 3:11:45 PM"}
{"name":"Gourmet impling","level":-1,"killCount":-1,"type":"EVENT","drops":[{"name":"Tuna","id":361,"quantity":1,"price":161}],"date":"Jun 6, 2023, 10:41:20 PM"}
{"name":"Gourmet impling","level":-1,"killCount":-1,"type":"EVENT","drops":[{"name":"Chocolate cake","id":1897,"quantity":1,"price":139}],"date":"Jun 7, 2023, 10:20:39 AM"}
{"name":"Gourmet impling","level":-1,"killCount":-1,"type":"EVENT","drops":[{"name":"Meat pie","id":2327,"quantity":1,"price":59}],"date":"Jun 27, 2023, 10:35:58 AM"}
{"name":"Gourmet impling","level":-1,"killCount":-1,"type":"EVENT","drops":[{"name":"Curry","id":2011,"quantity":1,"price":417}],"date":"Jun 28, 2023, 12:31:44 PM"}
{"name":"Gourmet impling","level":-1,"killCount":-1,"type":"EVENT","drops":[{"name":"Tuna","id":361,"quantity":1,"price":168}],"date":"Jun 29, 2023, 2:59:23 PM"}
{"name":"Gourmet impling","level":-1,"killCount":-1,"type":"EVENT","drops":[{"name":"Bass","id":365,"quantity":1,"price":188}],"date":"Jul 5, 2023, 9:13:09 AM"}
{"name":"Gourmet impling","level":-1,"killCount":-1,"type":"EVENT","drops":[{"name":"Bass","id":365,"quantity":1,"price":176}],"date":"Jul 12, 2023, 4:04:23 PM"}
{"name":"Gourmet impling","level":-1,"killCount":-1,"type":"EVENT","drops":[{"name":"Clue scroll (easy)","id":23157,"quantity":1,"price":0},{"name":"Ugthanki kebab","id":1885,"quantity":1,"price":570}],"date":"Jul 13, 2023, 12:09:01 AM"}
{"name":"Gourmet impling","level":-1,"killCount":-1,"type":"EVENT","drops":[{"name":"Curry","id":2011,"quantity":1,"price":419}],"date":"Jul 13, 2023, 11:22:42 AM"}
{"name":"Gourmet impling","level":-1,"killCount":-1,"type":"EVENT","drops":[{"name":"Bass","id":365,"quantity":1,"price":168}],"date":"Jul 13, 2023, 11:40:36 AM"}
{"name":"Gourmet impling","level":-1,"killCount":-1,"type":"EVENT","drops":[{"name":"Chocolate cake","id":1897,"quantity":1,"price":159}],"date":"Jul 13, 2023, 1:09:29 PM"}
{"name":"Gourmet impling","level":-1,"killCount":-1,"type":"EVENT","drops":[{"name":"Frog spawn","id":5004,"quantity":1,"price":0}],"date":"Jul 13, 2023, 2:13:25 PM"}
{"name":"Gourmet impling","level":-1,"killCount":-1,"type":"EVENT","drops":[{"name":"Curry leaf","id":5970,"quantity":1,"price":13}],"date":"Jul 13, 2023, 3:52:54 PM"}
{"name":"Gourmet impling","level":-1,"killCount":-1,"type":"EVENT","drops":[{"name":"Curry leaf","id":5970,"quantity":1,"price":13}],"date":"Jul 14, 2023, 12:31:09 PM"}
{"name":"Gourmet impling","level":-1,"killCount":-1,"type":"EVENT","drops":[{"name":"Tuna","id":361,"quantity":1,"price":171},{"name":"Clue scroll (easy)","id":3512,"quantity":1,"price":0}],"date":"Jul 14, 2023, 12:37:11 PM"}
{"name":"Gourmet impling","level":-1,"killCount":-1,"type":"EVENT","drops":[{"name":"Frog spawn","id":5004,"quantity":1,"price":0}],"date":"Jul 15, 2023, 11:09:33 AM"}
{"name":"Gourmet impling","level":-1,"killCount":-1,"type":"EVENT","drops":[{"name":"Curry leaf","id":5970,"quantity":1,"price":13}],"date":"Jul 15, 2023, 11:37:46 AM"}
{"name":"Gourmet impling","level":-1,"killCount":-1,"type":"EVENT","drops":[{"name":"Meat pie","id":2327,"quantity":1,"price":83}],"date":"Jul 15, 2023, 12:05:45 PM"}
{"name":"Gourmet impling","level":-1,"killCount":-1,"type":"EVENT","drops":[{"name":"Bass","id":365,"quantity":1,"price":147}],"date":"Jul 17, 2023, 10:23:30 PM"}
{"name":"Gourmet impling","level":-1,"killCount":-1,"type":"EVENT","drops":[{"name":"Curry","id":2011,"quantity":1,"price":398}],"date":"Jul 18, 2023, 6:27:39 PM"}
{"name":"Gourmet impling","level":-1,"killCount":-1,"type":"EVENT","drops":[{"name":"Bass","id":365,"quantity":1,"price":135}],"date":"Jul 21, 2023, 11:32:40 AM"}
{"name":"Gourmet impling","level":-1,"killCount":-1,"type":"EVENT","drops":[{"name":"Curry","id":2011,"quantity":1,"price":404}],"date":"Jul 23, 2023, 12:43:50 PM"}
{"name":"Gourmet impling","level":-1,"killCount":-1,"type":"EVENT","drops":[{"name":"Curry","id":2011,"quantity":1,"price":410}],"date":"Jul 24, 2023, 3:55:04 PM"}
{"name":"Gourmet impling","level":-1,"killCount":-1,"type":"EVENT","drops":[{"name":"Frog spawn","id":5004,"quantity":1,"price":0},{"name":"Clue scroll (easy)","id":12184,"quantity":1,"price":0}],"date":"Jul 26, 2023, 1:30:02 PM"}
{"name":"Gourmet impling","level":-1,"killCount":-1,"type":"EVENT","drops":[{"name":"Curry","id":2011,"quantity":1,"price":401}],"date":"Jul 27, 2023, 10:54:46 AM"}
{"name":"Gourmet impling","level":-1,"killCount":-1,"type":"EVENT","drops":[{"name":"Frog spawn","id":5004,"quantity":1,"price":0},{"name":"Clue scroll (easy)","id":23158,"quantity":1,"price":0}],"date":"Nov 3, 2023, 3:30:17 PM"}
{"name":"Gourmet impling","level":-1,"killCount":-1,"type":"EVENT","drops":[{"name":"Chocolate cake","id":1897,"quantity":1,"price":127}],"date":"Sep 11, 2023, 10:49:28 AM"}
{"name":"Gourmet impling","level":-1,"killCount":-1,"type":"EVENT","drops":[{"name":"Tuna","id":361,"quantity":1,"price":137}],"date":"Sep 15, 2023, 1:02:30 PM"}
{"name":"Gourmet impling","level":-1,"killCount":-1,"type":"EVENT","drops":[{"name":"Tuna","id":361,"quantity":1,"price":146},{"name":"Clue scroll (easy)","id":23155,"quantity":1,"price":0}],"date":"Oct 1, 2023, 11:15:04 AM"}
{"name":"Gourmet impling","level":-1,"killCount":-1,"type":"EVENT","drops":[{"name":"Meat pie","id":2327,"quantity":1,"price":54}],"date":"Oct 1, 2023, 1:55:19 PM"}
{"name":"Gourmet impling","level":-1,"killCount":-1,"type":"EVENT","drops":[{"name":"Chocolate cake","id":1897,"quantity":1,"price":162}],"date":"Oct 5, 2023, 3:17:01 PM"}
{"name":"Gourmet impling","level":-1,"killCount":-1,"type":"EVENT","drops":[{"name":"Tuna","id":361,"quantity":1,"price":154}],"date":"Oct 5, 2023, 3:18:54 PM"}
{"name":"Gourmet impling","level":-1,"killCount":-1,"type":"EVENT","drops":[{"name":"Tuna","id":361,"quantity":1,"price":154}],"date":"Oct 5, 2023, 3:52:20 PM"}
{"name":"Gourmet impling","level":-1,"killCount":-1,"type":"EVENT","drops":[{"name":"Spice","id":2007,"quantity":1,"price":56}],"date":"Oct 7, 2023, 9:11:35 PM"}
{"name":"Gourmet impling","level":-1,"killCount":-1,"type":"EVENT","drops":[{"name":"Spice","id":2007,"quantity":1,"price":56}],"date":"Oct 9, 2023, 12:16:23 PM"}
{"name":"Gourmet impling","level":-1,"killCount":-1,"type":"EVENT","drops":[{"name":"Meat pie","id":2327,"quantity":1,"price":55}],"date":"Oct 10, 2023, 10:11:00 AM"}
{"name":"Gourmet impling","level":-1,"killCount":-1,"type":"EVENT","drops":[{"name":"Bass","id":365,"quantity":1,"price":95}],"date":"Oct 10, 2023, 11:21:14 AM"}
{"name":"Gourmet impling","level":-1,"killCount":-1,"type":"EVENT","drops":[{"name":"Bass","id":365,"quantity":1,"price":87}],"date":"Jan 18, 2024, 11:02:11 AM"}
{"name":"Gourmet impling","level":-1,"killCount":-1,"type":"EVENT","drops":[{"name":"Tuna","id":361,"quantity":1,"price":99}],"date":"Jan 29, 2024, 9:27:01 PM"}
