{"name":"Gourmet impling jar","level":-1,"killCount":-1,"type":"EVENT","drops":[{"name":"Tuna","id":361,"quantity":1,"price":80},{"name":"Impling jar","id":11260,"quantity":1,"price":1425}],"date":"Aug 9, 2022, 9:39:52 PM"}
{"name":"Gourmet impling jar","level":-1,"killCount":-1,"type":"EVENT","drops":[{"name":"Tuna","id":361,"quantity":1,"price":77},{"name":"Impling jar","id":11260,"quantity":1,"price":811}],"date":"Sep 16, 2022, 8:19:59 PM"}
{"name":"Gourmet impling jar","level":-1,"killCount":-1,"type":"EVENT","drops":[{"name":"Lobster","id":380,"quantity":4,"price":171},{"name":"Impling jar","id":11260,"quantity":1,"price":811}],"date":"Sep 16, 2022, 8:32:50 PM"}
{"name":"Gourmet impling jar","level":-1,"killCount":-1,"type":"EVENT","drops":[{"name":"Spice","id":2007,"quantity":1,"price":30},{"name":"Impling jar","id":11260,"quantity":1,"price":811}],"date":"Sep 16, 2022, 9:29:56 PM"}
{"name":"Gourmet impling jar","level":-1,"killCount":-1,"type":"EVENT","drops":[{"name":"Frog spawn","id":5004,"quantity":1,"price":0}],"date":"Sep 18, 2022, 9:32:59 PM"}
{"name":"Gourmet impling jar","level":-1,"killCount":-1,"type":"EVENT","drops":[{"name":"Curry leaf","id":5970,"quantity":1,"price":23},{"name":"Impling jar","id":11260,"quantity":1,"price":930}],"date":"Sep 18, 2022, 11:07:10 PM"}
{"name":"Gourmet impling jar","level":-1,"killCount":-1,"type":"EVENT","drops":[{"name":"Tuna","id":361,"quantity":1,"price":78},{"name":"Impling jar","id":11260,"quantity":1,"price":930},{"name":"Clue scroll (easy)","id":25789,"quantity":1,"price":0}],"date":"Sep 19, 2022, 12:07:13 AM"}
{"name":"Gourmet impling jar","level":-1,"killCount":-1,"type":"EVENT","drops":[{"name":"Bass","id":365,"quantity":1,"price":103},{"name":"Impling jar","id":11260,"quantity":1,"price":903}],"date":"Sep 20, 2022, 11:53:03 AM"}
{"name":"Gourmet impling jar","level":-1,"killCount":-1,"type":"EVENT","drops":[{"name":"Curry","id":2011,"quantity":1,"price":465},{"name":"Impling jar","id":11260,"quantity":1,"price":773}],"date":"Mar 5, 2023, 3:17:37 PM"}
{"name":"Gourmet impling jar","level":-1,"killCount":-1,"type":"EVENT","drops":[{"name":"Clue scroll (medium)","id":19752,"quantity":1,"price":0},{"name":"Empty candle lantern","id":4527,"quantity":1,"price":5},{"name":"Curry leaf","id":5970,"quantity":1,"price":18},{"name":"Impling jar","id":11260,"quantity":2,"price":1208}],"date":"Jun 28, 2023, 2:13:28 PM"}
{"name":"Gourmet impling jar","level":-1,"killCount":-1,"type":"EVENT","drops":[{"name":"Meat pie","id":2327,"quantity":1,"price":59},{"name":"Impling jar","id":11260,"quantity":1,"price":1194}],"date":"Jun 29, 2023, 8:57:24 AM"}
{"name":"Gourmet impling jar","level":-1,"killCount":-1,"type":"EVENT","drops":[{"name":"Frog spawn","id":5004,"quantity":1,"price":0},{"name":"Impling jar","id":11260,"quantity":1,"price":1194}],"date":"Jun 29, 2023, 8:58:11 AM"}
{"name":"Gourmet impling jar","level":-1,"killCount":-1,"type":"EVENT","drops":[{"name":"Curry","id":2011,"quantity":1,"price":417}],"date":"Jun 29, 2023, 12:32:15 PM"}
{"name":"Gourmet impling jar","level":-1,"killCount":-1,"type":"EVENT","drops":[{"name":"Tuna","id":361,"quantity":1,"price":129},{"name":"Impling jar","id":11260,"quantity":1,"price":756}],"date":"Aug 11, 2023, 12:11:03 PM"}
{"name":"Gourmet impling jar","level":-1,"killCount":-1,"type":"EVENT","drops":[{"name":"Curry","id":2011,"quantity":1,"price":297},{"name":"Impling jar","id":11260,"quantity":1,"price":811}],"date":"Nov 17, 2023, 2:02:50 PM"}
{"name":"Gourmet impling jar","level":-1,"killCount":-1,"type":"EVENT","drops":[{"name":"Curry leaf","id":5970,"quantity":1,"price":7},{"name":"Impling jar","id":11260,"quantity":1,"price":791}],"date":"Nov 27, 2023, 10:39:14 PM"}
{"name":"Gourmet impling jar","level":-1,"killCount":-1,"type":"EVENT","drops":[{"name":"Bass","id":365,"quantity":1,"price":80},{"name":"Impling jar","id":11260,"quantity":1,"price":791}],"date":"Nov 27, 2023, 10:47:48 PM"}
{"name":"Gourmet impling jar","level":-1,"killCount":-1,"type":"EVENT","drops":[{"name":"Spice","id":2007,"quantity":1,"price":39},{"name":"Impling jar","id":11260,"quantity":1,"price":791}],"date":"Nov 27, 2023, 10:50:56 PM"}
{"name":"Gourmet impling jar","level":-1,"killCount":-1,"type":"EVENT","drops":[{"name":"Tuna","id":361,"quantity":1,"price":184},{"name":"Impling jar","id":11260,"quantity":1,"price":791}],"date":"Nov 27, 2023, 10:51:03 PM"}
{"name":"Gourmet impling jar","level":-1,"killCount":-1,"type":"EVENT","drops":[{"name":"Tuna","id":361,"quantity":1,"price":184},{"name":"Impling jar","id":11260,"quantity":1,"price":791}],"date":"Nov 27, 2023, 10:51:09 PM"}
{"name":"Gourmet impling jar","level":-1,"killCount":-1,"type":"EVENT","drops":[{"name":"Meat pie","id":2327,"quantity":1,"price":55}],"date":"Nov 27, 2023, 10:51:14 PM"}
{"name":"Gourmet impling jar","level":-1,"killCount":-1,"type":"EVENT","drops":[{"name":"Tuna","id":361,"quantity":1,"price":184},{"name":"Impling jar","id":11260,"quantity":1,"price":791}],"date":"Nov 27, 2023, 10:51:22 PM"}
