{"name":"Intricate pouch","level":-1,"killCount":-1,"type":"EVENT","drops":[{"name":"Soul rune","id":566,"quantity":166,"price":149}],"date":"Mar 31, 2022, 7:56:25 PM"}
{"name":"Intricate pouch","level":-1,"killCount":-1,"type":"EVENT","drops":[{"name":"Clue scroll (hard)","id":7249,"quantity":1,"price":0},{"name":"Cosmic rune","id":564,"quantity":279,"price":111}],"date":"Mar 31, 2022, 8:10:22 PM"}
{"name":"Intricate pouch","level":-1,"killCount":-1,"type":"EVENT","drops":[{"name":"Law rune","id":563,"quantity":239,"price":134}],"date":"Apr 11, 2022, 10:30:54 AM"}
{"name":"Intricate pouch","level":-1,"killCount":-1,"type":"EVENT","drops":[{"name":"Law rune","id":563,"quantity":237,"price":134}],"date":"Apr 11, 2022, 10:30:55 AM"}
{"name":"Intricate pouch","level":-1,"killCount":-1,"type":"EVENT","drops":[{"name":"Astral rune","id":9075,"quantity":154,"price":133}],"date":"Apr 11, 2022, 10:30:56 AM"}
{"name":"Intricate pouch","level":-1,"killCount":-1,"type":"EVENT","drops":[{"name":"Astral rune","id":9075,"quantity":152,"price":133}],"date":"Apr 11, 2022, 10:30:57 AM"}
{"name":"Intricate pouch","level":-1,"killCount":-1,"type":"EVENT","drops":[{"name":"Soul rune","id":566,"quantity":192,"price":152}],"date":"Apr 11, 2022, 10:30:58 AM"}
{"name":"Intricate pouch","level":-1,"killCount":-1,"type":"EVENT","drops":[{"name":"Lamp","id":2528,"quantity":1,"price":0},{"name":"Clue scroll (hard)","id":7241,"quantity":1,"price":0}],"date":"Apr 11, 2022, 10:30:59 AM"}
{"name":"Intricate pouch","level":-1,"killCount":-1,"type":"EVENT","drops":[{"name":"Clue scroll (easy)","id":2694,"quantity":1,"price":0}],"date":"Apr 18, 2022, 2:02:49 PM"}
{"name":"Intricate pouch","level":-1,"killCount":-1,"type":"EVENT","drops":[],"date":"Apr 18, 2022, 2:03:55 PM"}
{"name":"Intricate pouch","level":-1,"killCount":-1,"type":"EVENT","drops":[{"name":"Clue scroll (hard)","id":7264,"quantity":1,"price":0},{"name":"Astral rune","id":9075,"quantity":195,"price":123}],"date":"Apr 18, 2022, 2:03:59 PM"}
{"name":"Intricate pouch","level":-1,"killCount":-1,"type":"EVENT","drops":[{"name":"Pure essence","id":7937,"quantity":503,"price":2},{"name":"Clue scroll (hard)","id":12574,"quantity":1,"price":0}],"date":"Apr 18, 2022, 2:14:13 PM"}
{"name":"Intricate pouch","level":-1,"killCount":-1,"type":"EVENT","drops":[{"name":"Law rune","id":563,"quantity":233,"price":129}],"date":"Apr 18, 2022, 2:19:41 PM"}
{"name":"Intricate pouch","level":-1,"killCount":-1,"type":"EVENT","drops":[{"name":"Blood rune","id":565,"quantity":187,"price":309}],"date":"Apr 18, 2022, 2:19:42 PM"}
{"name":"Intricate pouch","level":-1,"killCount":-1,"type":"EVENT","drops":[{"name":"Soul rune","id":566,"quantity":187,"price":150}],"date":"Apr 18, 2022, 2:19:43 PM"}
{"name":"Intricate pouch","level":-1,"killCount":-1,"type":"EVENT","drops":[{"name":"Death rune","id":560,"quantity":171,"price":185}],"date":"Apr 18, 2022, 2:19:44 PM"}
{"name":"Intricate pouch","level":-1,"killCount":-1,"type":"EVENT","drops":[{"name":"Death rune","id":560,"quantity":193,"price":185}],"date":"Apr 18, 2022, 2:19:46 PM"}
{"name":"Intricate pouch","level":-1,"killCount":-1,"type":"EVENT","drops":[{"name":"Soul rune","id":566,"quantity":151,"price":150}],"date":"Apr 18, 2022, 2:19:47 PM"}
{"name":"Intricate pouch","level":-1,"killCount":-1,"type":"EVENT","drops":[{"name":"Nature rune","id":561,"quantity":282,"price":181}],"date":"Jun 15, 2022, 8:22:08 PM"}
{"name":"Intricate pouch","level":-1,"killCount":-1,"type":"EVENT","drops":[{"name":"Law rune","id":563,"quantity":220,"price":132},{"name":"Clue scroll (hard)","id":19878,"quantity":1,"price":0}],"date":"Jun 15, 2022, 8:22:09 PM"}
{"name":"Intricate pouch","level":-1,"killCount":-1,"type":"EVENT","drops":[{"name":"Law rune","id":563,"quantity":224,"price":132},{"name":"Clue scroll (hard)","id":26566,"quantity":1,"price":0}],"date":"Jun 15, 2022, 8:23:41 PM"}
{"name":"Intricate pouch","level":-1,"killCount":-1,"type":"EVENT","drops":[{"name":"Law rune","id":563,"quantity":240,"price":133}],"date":"Jun 17, 2022, 11:16:57 PM"}
{"name":"Intricate pouch","level":-1,"killCount":-1,"type":"EVENT","drops":[{"name":"Death rune","id":560,"quantity":173,"price":183}],"date":"Jun 21, 2022, 9:02:10 AM"}
{"name":"Intricate pouch","level":-1,"killCount":-1,"type":"EVENT","drops":[{"name":"Nature rune","id":561,"quantity":261,"price":194}],"date":"Jun 21, 2022, 9:02:11 AM"}
{"name":"Intricate pouch","level":-1,"killCount":-1,"type":"EVENT","drops":[{"name":"Cosmic rune","id":564,"quantity":248,"price":143}],"date":"Jun 21, 2022, 9:02:12 AM"}
{"name":"Intricate pouch","level":-1,"killCount":-1,"type":"EVENT","drops":[{"name":"Soul rune","id":566,"quantity":154,"price":172}],"date":"Jun 21, 2022, 9:02:13 AM"}
{"name":"Intricate pouch","level":-1,"killCount":-1,"type":"EVENT","drops":[{"name":"Cosmic rune","id":564,"quantity":210,"price":143}],"date":"Jun 21, 2022, 9:02:14 AM"}
{"name":"Intricate pouch","level":-1,"killCount":-1,"type":"EVENT","drops":[{"name":"Tarnished locket","id":26910,"quantity":1,"price":0}],"date":"Jun 21, 2022, 9:02:15 AM"}
{"name":"Intricate pouch","level":-1,"killCount":-1,"type":"EVENT","drops":[{"name":"Astral rune","id":9075,"quantity":198,"price":137}],"date":"Jun 21, 2022, 9:05:45 AM"}
{"name":"Intricate pouch","level":-1,"killCount":-1,"type":"EVENT","drops":[{"name":"Cosmic rune","id":564,"quantity":223,"price":157}],"date":"Sep 21, 2022, 5:13:53 PM"}
{"name":"Intricate pouch","level":-1,"killCount":-1,"type":"EVENT","drops":[{"name":"Chaos rune","id":562,"quantity":272,"price":74}],"date":"Sep 25, 2022, 1:41:45 AM"}
{"name":"Intricate pouch","level":-1,"killCount":-1,"type":"EVENT","drops":[{"name":"Law rune","id":563,"quantity":200,"price":126}],"date":"Sep 25, 2022, 1:41:46 AM"}
{"name":"Intricate pouch","level":-1,"killCount":-1,"type":"EVENT","drops":[{"name":"Law rune","id":563,"quantity":226,"price":126},{"name":"Clue scroll (hard)","id":19848,"quantity":1,"price":0}],"date":"Sep 25, 2022, 1:41:47 AM"}
{"name":"Intricate pouch","level":-1,"killCount":-1,"type":"EVENT","drops":[{"name":"Cosmic rune","id":564,"quantity":225,"price":162}],"date":"Sep 25, 2022, 1:50:26 AM"}
{"name":"Intricate pouch","level":-1,"killCount":-1,"type":"EVENT","drops":[{"name":"Lamp","id":2528,"quantity":1,"price":0}],"date":"Sep 25, 2022, 1:50:27 AM"}
{"name":"Intricate pouch","level":-1,"killCount":-1,"type":"EVENT","drops":[{"name":"Law rune","id":563,"quantity":247,"price":126}],"date":"Sep 25, 2022, 1:50:35 AM"}
{"name":"Intricate pouch","level":-1,"killCount":-1,"type":"EVENT","drops":[{"name":"Blood rune","id":565,"quantity":152,"price":263}],"date":"Sep 25, 2022, 1:50:36 AM"}
{"name":"Intricate pouch","level":-1,"killCount":-1,"type":"EVENT","drops":[{"name":"Lamp","id":2528,"quantity":1,"price":0}],"date":"Sep 25, 2022, 1:50:37 AM"}
{"name":"Intricate pouch","level":-1,"killCount":-1,"type":"EVENT","drops":[{"name":"Nature rune","id":561,"quantity":260,"price":165}],"date":"Sep 25, 2022, 1:50:41 AM"}
{"name":"Intricate pouch","level":-1,"killCount":-1,"type":"EVENT","drops":[{"name":"Chaos rune","id":562,"quantity":245,"price":74}],"date":"Sep 25, 2022, 1:50:42 AM"}
{"name":"Intricate pouch","level":-1,"killCount":-1,"type":"EVENT","drops":[{"name":"Nature rune","id":561,"quantity":295,"price":165}],"date":"Sep 25, 2022, 1:50:43 AM"}
{"name":"Intricate pouch","level":-1,"killCount":-1,"type":"EVENT","drops":[{"name":"Lamp","id":2528,"quantity":1,"price":0}],"date":"Sep 25, 2022, 1:50:45 AM"}
