{"name":"Magpie impling","level":-1,"killCount":-1,"type":"EVENT","drops":[{"name":"Snapdragon seed","id":5300,"quantity":1,"price":81556}],"date":"Mar 31, 2022, 10:17:38 AM"}
{"name":"Magpie impling","level":-1,"killCount":-1,"type":"EVENT","drops":[{"name":"Loop half of key","id":987,"quantity":1,"price":10180}],"date":"Apr 18, 2022, 2:18:01 PM"}
{"name":"Magpie impling","level":-1,"killCount":-1,"type":"EVENT","drops":[{"name":"Runite bar","id":2364,"quantity":2,"price":12422}],"date":"May 14, 2022, 11:31:33 PM"}
{"name":"Magpie impling","level":-1,"killCount":-1,"type":"EVENT","drops":[{"name":"Runite bar","id":2364,"quantity":2,"price":12400}],"date":"May 24, 2022, 11:57:20 AM"}
{"name":"Magpie impling","level":-1,"killCount":-1,"type":"EVENT","drops":[{"name":"Tooth half of key","id":985,"quantity":1,"price":10273}],"date":"May 27, 2022, 4:10:39 PM"}
{"name":"Magpie impling","level":-1,"killCount":-1,"type":"EVENT","drops":[{"name":"Tooth half of key","id":985,"quantity":1,"price":9787}],"date":"Jun 16, 2022, 10:22:37 AM"}
{"name":"Magpie impling","level":-1,"killCount":-1,"type":"EVENT","drops":[{"name":"Snapdragon seed","id":5300,"quantity":1,"price":82905}],"date":"Jun 22, 2022, 9:19:42 AM"}
{"name":"Magpie impling","level":-1,"killCount":-1,"type":"EVENT","drops":[{"name":"Splitbark gauntlets","id":3391,"quantity":1,"price":2727}],"date":"Jul 5, 2022, 11:31:17 PM"}
{"name":"Magpie impling","level":-1,"killCount":-1,"type":"EVENT","drops":[{"name":"Tooth half of key","id":985,"quantity":1,"price":11435}],"date":"Jul 7, 2022, 11:54:03 AM"}
{"name":"Magpie impling","level":-1,"killCount":-1,"type":"EVENT","drops":[{"name":"Tooth half of key","id":985,"quantity":1,"price":10731}],"date":"Jul 8, 2022, 10:18:36 PM"}
{"name":"Magpie impling","level":-1,"killCount":-1,"type":"EVENT","drops":[{"name":"Diamond","id":1602,"quantity":4,"price":1820}],"date":"Jul 9, 2022, 12:56:29 AM"}
{"name":"Magpie impling","level":-1,"killCount":-1,"type":"EVENT","drops":[{"name":"Loop half of key","id":987,"quantity":1,"price":9674}],"date":"Jul 27, 2022, 9:17:21 AM"}
{"name":"Magpie impling","level":-1,"killCount":-1,"type":"EVENT","drops":[{"name":"Splitbark gauntlets","id":3391,"quantity":1,"price":2615}],"date":"Aug 5, 2022, 3:05:25 PM"}
{"name":"Magpie impling","level":-1,"killCount":-1,"type":"EVENT","drops":[{"name":"Sinister key","id":993,"quantity":1,"price":37888}],"date":"Aug 13, 2022, 11:54:51 PM"}
{"name":"Magpie impling","level":-1,"killCount":-1,"type":"EVENT","drops":[{"name":"Ring of forging","id":2569,"quantity":3,"price":1027}],"date":"Sep 3, 2022, 5:04:56 PM"}
{"name":"Magpie impling","level":-1,"killCount":-1,"type":"EVENT","drops":[{"name":"Loop half of key","id":987,"quantity":1,"price":10027}],"date":"Sep 19, 2022, 4:34:20 PM"}
{"name":"Magpie impling","level":-1,"killCount":-1,"type":"EVENT","drops":[{"name":"Diamond amulet","id":1701,"quantity":3,"price":1985}],"date":"Sep 24, 2022, 11:27:06 PM"}
{"name":"Magpie impling","level":-1,"killCount":-1,"type":"EVENT","drops":[{"name":"Loop half of key","id":987,"quantity":1,"price":10243}],"date":"Sep 27, 2022, 4:26:35 PM"}
{"name":"Magpie impling","level":-1,"killCount":-1,"type":"EVENT","drops":[{"name":"Diamond","id":1602,"quantity":4,"price":1735}],"date":"Sep 30, 2022, 9:59:20 AM"}
{"name":"Magpie impling","level":-1,"killCount":-1,"type":"EVENT","drops":[{"name":"Amulet of power","id":1732,"quantity":3,"price":1934}],"date":"Oct 15, 2022, 10:54:44 AM"}
{"name":"Magpie impling","level":-1,"killCount":-1,"type":"EVENT","drops":[{"name":"Splitbark gauntlets","id":3391,"quantity":1,"price":2548}],"date":"Oct 18, 2022, 1:48:46 PM"}
{"name":"Magpie impling","level":-1,"killCount":-1,"type":"EVENT","drops":[{"name":"Loop half of key","id":987,"quantity":1,"price":10042}],"date":"Oct 26, 2022, 10:39:29 AM"}
{"name":"Magpie impling","level":-1,"killCount":-1,"type":"EVENT","drops":[{"name":"Snapdragon seed","id":5300,"quantity":1,"price":46450}],"date":"Oct 27, 2022, 2:30:15 PM"}
{"name":"Magpie impling","level":-1,"killCount":-1,"type":"EVENT","drops":[{"name":"Rune sq shield","id":1185,"quantity":1,"price":22645}],"date":"Dec 15, 2022, 10:31:15 PM"}
{"name":"Magpie impling","level":-1,"killCount":-1,"type":"EVENT","drops":[{"name":"Mystic boots","id":4097,"quantity":1,"price":5643}],"date":"Dec 19, 2022, 5:38:02 PM"}
{"name":"Magpie impling","level":-1,"killCount":-1,"type":"EVENT","drops":[{"name":"Mystic gloves","id":4095,"quantity":1,"price":5809}],"date":"Jan 6, 2023, 12:44:51 PM"}
{"name":"Magpie impling","level":-1,"killCount":-1,"type":"EVENT","drops":[{"name":"Ring of forging","id":2569,"quantity":3,"price":1021}],"date":"Jan 10, 2023, 11:16:58 AM"}
