{"name":"Ninja impling","level":-1,"killCount":-1,"type":"EVENT","drops":[{"name":"Black dragonhide","id":1748,"quantity":10,"price":3433}],"date":"May 27, 2022, 4:47:12 PM"}
{"name":"Ninja impling","level":-1,"killCount":-1,"type":"EVENT","drops":[{"name":"Rune claws","id":3101,"quantity":1,"price":9156}],"date":"May 29, 2022, 4:26:32 PM"}
{"name":"Ninja impling","level":-1,"killCount":-1,"type":"EVENT","drops":[{"name":"Rune claws","id":3101,"quantity":1,"price":10093}],"date":"Jun 10, 2022, 11:06:23 PM"}
{"name":"Ninja impling","level":-1,"killCount":-1,"type":"EVENT","drops":[{"name":"Rune knife","id":868,"quantity":40,"price":379}],"date":"Jun 25, 2022, 3:31:34 PM"}
{"name":"Ninja impling","level":-1,"killCount":-1,"type":"EVENT","drops":[{"name":"Prayer potion(3)","id":140,"quantity":4,"price":9270}],"date":"Jul 8, 2022, 4:26:28 PM"}
{"name":"Ninja impling","level":-1,"killCount":-1,"type":"EVENT","drops":[{"name":"Dagannoth hide","id":6156,"quantity":3,"price":191}],"date":"Jul 8, 2022, 8:48:05 PM"}
{"name":"Ninja impling","level":-1,"killCount":-1,"type":"EVENT","drops":[{"name":"Snakeskin boots","id":6328,"quantity":1,"price":260}],"date":"Jul 30, 2022, 11:42:11 AM"}
{"name":"Ninja impling","level":-1,"killCount":-1,"type":"EVENT","drops":[{"name":"Dragon dagger(p+)","id":5680,"quantity":1,"price":16958}],"date":"Aug 3, 2022, 9:16:35 AM"}
{"name":"Ninja impling","level":-1,"killCount":-1,"type":"EVENT","drops":[{"name":"Rune dart","id":811,"quantity":70,"price":362}],"date":"Aug 3, 2022, 11:25:08 AM"}
{"name":"Ninja impling","level":-1,"killCount":-1,"type":"EVENT","drops":[{"name":"Mystic gloves","id":4095,"quantity":1,"price":5757}],"date":"Aug 12, 2022, 10:47:56 PM"}
{"name":"Ninja impling","level":-1,"killCount":-1,"type":"EVENT","drops":[{"name":"Rune knife","id":868,"quantity":40,"price":379}],"date":"Aug 20, 2022, 2:16:10 PM"}
{"name":"Ninja impling","level":-1,"killCount":-1,"type":"EVENT","drops":[{"name":"Rune knife","id":868,"quantity":40,"price":279}],"date":"Sep 2, 2022, 3:42:50 PM"}
{"name":"Ninja impling","level":-1,"killCount":-1,"type":"EVENT","drops":[{"name":"Dagannoth hide","id":6156,"quantity":3,"price":190}],"date":"Sep 4, 2022, 11:16:51 PM"}
{"name":"Ninja impling","level":-1,"killCount":-1,"type":"EVENT","drops":[{"name":"Opal machete","id":6313,"quantity":1,"price":1704}],"date":"Sep 8, 2022, 11:00:01 AM"}
{"name":"Ninja impling","level":-1,"killCount":-1,"type":"EVENT","drops":[{"name":"Dagannoth hide","id":6156,"quantity":3,"price":196}],"date":"Sep 26, 2022, 8:55:43 AM"}
{"name":"Ninja impling","level":-1,"killCount":-1,"type":"EVENT","drops":[{"name":"Dragon dagger(p+)","id":5680,"quantity":1,"price":17288}],"date":"Sep 27, 2022, 4:26:32 PM"}
{"name":"Ninja impling","level":-1,"killCount":-1,"type":"EVENT","drops":[{"name":"Opal machete","id":6313,"quantity":1,"price":1363}],"date":"Oct 20, 2022, 3:03:57 PM"}
{"name":"Ninja impling","level":-1,"killCount":-1,"type":"EVENT","drops":[{"name":"Rune chainbody","id":1113,"quantity":1,"price":29582}],"date":"Oct 29, 2022, 3:58:17 PM"}
{"name":"Ninja impling","level":-1,"killCount":-1,"type":"EVENT","drops":[{"name":"Snakeskin boots","id":6328,"quantity":1,"price":223}],"date":"Nov 5, 2022, 9:48:12 PM"}
{"name":"Ninja impling","level":-1,"killCount":-1,"type":"EVENT","drops":[{"name":"Rune thrownaxe","id":805,"quantity":50,"price":211}],"date":"Dec 10, 2022, 6:33:13 PM"}
{"name":"Ninja impling","level":-1,"killCount":-1,"type":"EVENT","drops":[{"name":"Rune arrow","id":892,"quantity":70,"price":64}],"date":"Dec 19, 2022, 12:15:18 PM"}
{"name":"Ninja impling","level":-1,"killCount":-1,"type":"EVENT","drops":[{"name":"Rune arrow","id":892,"quantity":70,"price":71}],"date":"Jan 5, 2023, 4:48:33 PM"}
{"name":"Ninja impling","level":-1,"killCount":-1,"type":"EVENT","drops":[{"name":"Splitbark helm","id":3385,"quantity":1,"price":5543}],"date":"Jan 16, 2023, 6:06:15 PM"}
{"name":"Ninja impling","level":-1,"killCount":-1,"type":"EVENT","drops":[{"name":"Splitbark helm","id":3385,"quantity":1,"price":5940}],"date":"Feb 26, 2023, 6:35:28 PM"}
{"name":"Ninja impling","level":-1,"killCount":-1,"type":"EVENT","drops":[{"name":"Clue scroll (hard)","id":2786,"quantity":1,"price":0},{"name":"Onyx bolt tips","id":9194,"quantity":4,"price":8368}],"date":"Mar 15, 2023, 4:47:16 PM"}
{"name":"Ninja impling","level":-1,"killCount":-1,"type":"EVENT","drops":[{"name":"Opal machete","id":6313,"quantity":1,"price":1289}],"date":"Mar 26, 2023, 10:19:35 AM"}
{"name":"Ninja impling","level":-1,"killCount":-1,"type":"EVENT","drops":[{"name":"Rune arrow","id":892,"quantity":70,"price":70}],"date":"Mar 29, 2023, 2:50:34 PM"}
{"name":"Ninja impling","level":-1,"killCount":-1,"type":"EVENT","drops":[{"name":"Splitbark helm","id":3385,"quantity":1,"price":5651}],"date":"Mar 29, 2023, 3:07:05 PM"}
{"name":"Ninja impling","level":-1,"killCount":-1,"type":"EVENT","drops":[{"name":"Prayer potion(3)","id":140,"quantity":4,"price":6099}],"date":"Apr 18, 2023, 12:42:08 PM"}
{"name":"Ninja impling","level":-1,"killCount":-1,"type":"EVENT","drops":[{"name":"Mystic boots","id":4097,"quantity":1,"price":5519}],"date":"May 24, 2023, 8:47:03 PM"}
{"name":"Ninja impling","level":-1,"killCount":-1,"type":"EVENT","drops":[{"name":"Black dragonhide","id":1748,"quantity":10,"price":2885}],"date":"May 27, 2023, 9:21:38 PM"}
{"name":"Ninja impling","level":-1,"killCount":-1,"type":"EVENT","drops":[{"name":"Rune scimitar","id":1333,"quantity":1,"price":15049}],"date":"Jun 7, 2023, 10:04:57 AM"}
{"name":"Ninja impling","level":-1,"killCount":-1,"type":"EVENT","drops":[{"name":"Rune knife","id":868,"quantity":40,"price":181}],"date":"Jul 6, 2023, 12:15:52 PM"}
{"name":"Ninja impling","level":-1,"killCount":-1,"type":"EVENT","drops":[{"name":"Rune scimitar","id":1333,"quantity":1,"price":15181}],"date":"Jul 12, 2023, 2:44:48 PM"}
{"name":"Ninja impling","level":-1,"killCount":-1,"type":"EVENT","drops":[{"name":"Snakeskin boots","id":6328,"quantity":1,"price":320}],"date":"Jul 13, 2023, 1:15:21 PM"}
{"name":"Ninja impling","level":-1,"killCount":-1,"type":"EVENT","drops":[{"name":"Rune knife","id":868,"quantity":40,"price":194}],"date":"Jul 14, 2023, 10:20:40 AM"}
{"name":"Ninja impling","level":-1,"killCount":-1,"type":"EVENT","drops":[{"name":"Mystic gloves","id":4095,"quantity":1,"price":5567}],"date":"Jul 16, 2023, 11:56:38 AM"}
{"name":"Ninja impling","level":-1,"killCount":-1,"type":"EVENT","drops":[{"name":"Weapon poison(+)","id":5938,"quantity":4,"price":515}],"date":"Jul 17, 2023, 4:26:35 PM"}
{"name":"Ninja impling","level":-1,"killCount":-1,"type":"EVENT","drops":[{"name":"Rune chainbody","id":1113,"quantity":1,"price":29539}],"date":"Jul 20, 2023, 2:33:29 PM"}
{"name":"Ninja impling","level":-1,"killCount":-1,"type":"EVENT","drops":[{"name":"Clue scroll (hard)","id":3566,"quantity":1,"price":0},{"name":"Weapon poison(+)","id":5938,"quantity":4,"price":525}],"date":"Jul 27, 2023, 12:46:03 PM"}
{"name":"Ninja impling","level":-1,"killCount":-1,"type":"EVENT","drops":[{"name":"Splitbark helm","id":3385,"quantity":1,"price":5805}],"date":"Aug 2, 2023, 3:38:40 PM"}
{"name":"Ninja impling","level":-1,"killCount":-1,"type":"EVENT","drops":[{"name":"Mystic boots","id":4097,"quantity":1,"price":5714}],"date":"Sep 4, 2023, 2:53:42 PM"}
{"name":"Ninja impling","level":-1,"killCount":-1,"type":"EVENT","drops":[{"name":"Rune dart","id":811,"quantity":70,"price":120}],"date":"Sep 6, 2023, 8:48:59 PM"}
