{"name":"Reward pool (Tempoross)","level":-1,"killCount":42,"type":"EVENT","drops":[{"name":"Raw swordfish","id":372,"quantity":22,"price":321}],"date":"Jun 11, 2022, 12:50:26 AM"}
{"name":"Reward pool (Tempoross)","level":-1,"killCount":42,"type":"EVENT","drops":[{"name":"Raw shark","id":384,"quantity":17,"price":738},{"name":"Soaked page","id":25578,"quantity":9,"price":1244}],"date":"Jun 11, 2022, 12:50:28 AM"}
{"name":"Reward pool (Tempoross)","level":-1,"killCount":42,"type":"EVENT","drops":[{"name":"Spirit flakes","id":25588,"quantity":57,"price":0}],"date":"Jun 11, 2022, 12:50:30 AM"}
{"name":"Reward pool (Tempoross)","level":-1,"killCount":42,"type":"EVENT","drops":[{"name":"Raw swordfish","id":372,"quantity":24,"price":321}],"date":"Jun 11, 2022, 12:50:32 AM"}
{"name":"Reward pool (Tempoross)","level":-1,"killCount":42,"type":"EVENT","drops":[{"name":"Raw manta ray","id":390,"quantity":9,"price":1352}],"date":"Jun 11, 2022, 12:50:34 AM"}
{"name":"Reward pool (Tempoross)","level":-1,"killCount":42,"type":"EVENT","drops":[{"name":"Raw sea turtle","id":396,"quantity":11,"price":810}],"date":"Jun 11, 2022, 12:50:35 AM"}
{"name":"Reward pool (Tempoross)","level":-1,"killCount":44,"type":"EVENT","drops":[{"name":"Casket","id":25590,"quantity":1,"price":0}],"date":"Aug 30, 2022, 2:08:53 PM"}
{"name":"Reward pool (Tempoross)","level":-1,"killCount":44,"type":"EVENT","drops":[{"name":"Spirit flakes","id":25588,"quantity":38,"price":0}],"date":"Aug 30, 2022, 2:08:54 PM"}
{"name":"Reward pool (Tempoross)","level":-1,"killCount":44,"type":"EVENT","drops":[{"name":"Raw swordfish","id":372,"quantity":20,"price":225}],"date":"Aug 30, 2022, 2:08:56 PM"}
{"name":"Reward pool (Tempoross)","level":-1,"killCount":44,"type":"EVENT","drops":[{"name":"Spirit flakes","id":25588,"quantity":46,"price":0}],"date":"Aug 30, 2022, 2:08:58 PM"}
{"name":"Reward pool (Tempoross)","level":-1,"killCount":44,"type":"EVENT","drops":[{"name":"Raw swordfish","id":372,"quantity":20,"price":225}],"date":"Aug 30, 2022, 2:09:00 PM"}
{"name":"Reward pool (Tempoross)","level":-1,"killCount":44,"type":"EVENT","drops":[{"name":"Raw sea turtle","id":396,"quantity":12,"price":615}],"date":"Aug 30, 2022, 2:09:02 PM"}
{"name":"Reward pool (Tempoross)","level":-1,"killCount":44,"type":"EVENT","drops":[{"name":"Oak plank","id":8779,"quantity":23,"price":387}],"date":"Aug 30, 2022, 2:09:03 PM"}
{"name":"Reward pool (Tempoross)","level":-1,"killCount":44,"type":"EVENT","drops":[{"name":"Raw sea turtle","id":396,"quantity":11,"price":615}],"date":"Aug 30, 2022, 2:09:05 PM"}
{"name":"Reward pool (Tempoross)","level":-1,"killCount":45,"type":"EVENT","drops":[{"name":"Raw sea turtle","id":396,"quantity":11,"price":602}],"date":"Oct 22, 2022, 12:49:44 PM"}
{"name":"Reward pool (Tempoross)","level":-1,"killCount":45,"type":"EVENT","drops":[{"name":"Raw bass","id":364,"quantity":36,"price":28}],"date":"Oct 22, 2022, 12:49:46 PM"}
{"name":"Reward pool (Tempoross)","level":-1,"killCount":45,"type":"EVENT","drops":[{"name":"Casket","id":25590,"quantity":1,"price":0}],"date":"Oct 22, 2022, 12:49:48 PM"}
{"name":"Reward pool (Tempoross)","level":-1,"killCount":45,"type":"EVENT","drops":[{"name":"Raw shark","id":384,"quantity":15,"price":572}],"date":"Oct 22, 2022, 12:49:49 PM"}
{"name":"Reward pool (Tempoross)","level":-1,"killCount":48,"type":"EVENT","drops":[{"name":"Raw swordfish","id":372,"quantity":20,"price":247}],"date":"Oct 22, 2022, 1:17:23 PM"}
{"name":"Reward pool (Tempoross)","level":-1,"killCount":48,"type":"EVENT","drops":[{"name":"Raw bass","id":364,"quantity":32,"price":28}],"date":"Oct 22, 2022, 1:17:25 PM"}
{"name":"Reward pool (Tempoross)","level":-1,"killCount":48,"type":"EVENT","drops":[{"name":"Casket","id":25590,"quantity":1,"price":0}],"date":"Oct 22, 2022, 1:17:26 PM"}
{"name":"Reward pool (Tempoross)","level":-1,"killCount":48,"type":"EVENT","drops":[{"name":"Spirit flakes","id":25588,"quantity":57,"price":0}],"date":"Oct 22, 2022, 1:17:28 PM"}
{"name":"Reward pool (Tempoross)","level":-1,"killCount":48,"type":"EVENT","drops":[{"name":"Spirit flakes","id":25588,"quantity":51,"price":0}],"date":"Oct 22, 2022, 1:17:30 PM"}
{"name":"Reward pool (Tempoross)","level":-1,"killCount":48,"type":"EVENT","drops":[{"name":"Raw manta ray","id":390,"quantity":8,"price":759}],"date":"Oct 22, 2022, 1:17:32 PM"}
{"name":"Reward pool (Tempoross)","level":-1,"killCount":48,"type":"EVENT","drops":[{"name":"Spirit flakes","id":25588,"quantity":52,"price":0}],"date":"Oct 22, 2022, 1:17:33 PM"}
{"name":"Reward pool (Tempoross)","level":-1,"killCount":48,"type":"EVENT","drops":[{"name":"Raw bass","id":364,"quantity":39,"price":28}],"date":"Oct 22, 2022, 1:17:35 PM"}
{"name":"Reward pool (Tempoross)","level":-1,"killCount":48,"type":"EVENT","drops":[{"name":"Raw shark","id":384,"quantity":17,"price":572}],"date":"Oct 22, 2022, 1:17:37 PM"}
{"name":"Reward pool (Tempoross)","level":-1,"killCount":48,"type":"EVENT","drops":[{"name":"Oak plank","id":8779,"quantity":24,"price":399}],"date":"Oct 22, 2022, 1:17:39 PM"}
{"name":"Reward pool (Tempoross)","level":-1,"killCount":48,"type":"EVENT","drops":[{"name":"Spirit flakes","id":25588,"quantity":63,"price":0}],"date":"Oct 22, 2022, 1:17:41 PM"}
{"name":"Reward pool (Tempoross)","level":-1,"killCount":48,"type":"EVENT","drops":[{"name":"Raw shark","id":384,"quantity":19,"price":572}],"date":"Oct 22, 2022, 1:17:42 PM"}
{"name":"Reward pool (Tempoross)","level":-1,"killCount":48,"type":"EVENT","drops":[{"name":"Raw sea turtle","id":396,"quantity":11,"price":602}],"date":"Oct 22, 2022, 1:17:44 PM"}
{"name":"Reward pool (Tempoross)","level":-1,"killCount":48,"type":"EVENT","drops":[{"name":"Casket","id":25590,"quantity":1,"price":0}],"date":"Oct 22, 2022, 1:17:46 PM"}
{"name":"Reward pool (Tempoross)","level":-1,"killCount":48,"type":"EVENT","drops":[{"name":"Spirit flakes","id":25588,"quantity":32,"price":0}],"date":"Oct 22, 2022, 1:17:48 PM"}
{"name":"Reward pool (Tempoross)","level":-1,"killCount":48,"type":"EVENT","drops":[{"name":"Spirit flakes","id":25588,"quantity":56,"price":0}],"date":"Oct 22, 2022, 1:17:50 PM"}
{"name":"Reward pool (Tempoross)","level":-1,"killCount":71,"type":"EVENT","drops":[{"name":"Plank","id":961,"quantity":20,"price":232}],"date":"Feb 8, 2023, 11:06:00 AM"}
{"name":"Reward pool (Tempoross)","level":-1,"killCount":71,"type":"EVENT","drops":[{"name":"Raw bass","id":364,"quantity":36,"price":14}],"date":"Feb 8, 2023, 11:06:02 AM"}
{"name":"Reward pool (Tempoross)","level":-1,"killCount":71,"type":"EVENT","drops":[{"name":"Spirit flakes","id":25588,"quantity":61,"price":0}],"date":"Feb 8, 2023, 11:06:04 AM"}
{"name":"Reward pool (Tempoross)","level":-1,"killCount":71,"type":"EVENT","drops":[{"name":"Spirit flakes","id":25588,"quantity":61,"price":0}],"date":"Feb 8, 2023, 11:06:06 AM"}
{"name":"Reward pool (Tempoross)","level":-1,"killCount":71,"type":"EVENT","drops":[{"name":"Plank","id":961,"quantity":20,"price":232}],"date":"Feb 8, 2023, 11:06:08 AM"}
{"name":"Reward pool (Tempoross)","level":-1,"killCount":71,"type":"EVENT","drops":[{"name":"Spirit flakes","id":25588,"quantity":53,"price":0}],"date":"Feb 8, 2023, 11:06:09 AM"}
{"name":"Reward pool (Tempoross)","level":-1,"killCount":71,"type":"EVENT","drops":[{"name":"Raw shark","id":384,"quantity":17,"price":453}],"date":"Feb 8, 2023, 11:06:11 AM"}
{"name":"Reward pool (Tempoross)","level":-1,"killCount":71,"type":"EVENT","drops":[{"name":"Raw shark","id":384,"quantity":14,"price":453}],"date":"Feb 8, 2023, 11:06:13 AM"}
{"name":"Reward pool (Tempoross)","level":-1,"killCount":71,"type":"EVENT","drops":[{"name":"Raw manta ray","id":390,"quantity":8,"price":902}],"date":"Feb 8, 2023, 11:06:15 AM"}
{"name":"Reward pool (Tempoross)","level":-1,"killCount":71,"type":"EVENT","drops":[{"name":"Raw manta ray","id":390,"quantity":8,"price":902}],"date":"Feb 8, 2023, 11:06:17 AM"}
{"name":"Reward pool (Tempoross)","level":-1,"killCount":71,"type":"EVENT","drops":[{"name":"Spirit flakes","id":25588,"quantity":37,"price":0}],"date":"Feb 8, 2023, 11:06:18 AM"}
{"name":"Reward pool (Tempoross)","level":-1,"killCount":71,"type":"EVENT","drops":[{"name":"Raw swordfish","id":372,"quantity":21,"price":205}],"date":"Feb 8, 2023, 11:06:20 AM"}
{"name":"Reward pool (Tempoross)","level":-1,"killCount":71,"type":"EVENT","drops":[{"name":"Spirit flakes","id":25588,"quantity":53,"price":0}],"date":"Feb 8, 2023, 11:06:22 AM"}
{"name":"Reward pool (Tempoross)","level":-1,"killCount":71,"type":"EVENT","drops":[{"name":"Raw shark","id":384,"quantity":20,"price":453}],"date":"Feb 8, 2023, 11:06:24 AM"}
{"name":"Reward pool (Tempoross)","level":-1,"killCount":71,"type":"EVENT","drops":[{"name":"Raw bass","id":364,"quantity":39,"price":14}],"date":"Feb 8, 2023, 11:06:26 AM"}
{"name":"Reward pool (Tempoross)","level":-1,"killCount":71,"type":"EVENT","drops":[{"name":"Feather","id":314,"quantity":1026,"price":2}],"date":"Feb 8, 2023, 11:06:27 AM"}
{"name":"Reward pool (Tempoross)","level":-1,"killCount":71,"type":"EVENT","drops":[{"name":"Casket","id":25590,"quantity":1,"price":0}],"date":"Feb 8, 2023, 11:06:29 AM"}
{"name":"Reward pool (Tempoross)","level":-1,"killCount":71,"type":"EVENT","drops":[{"name":"Raw sea turtle","id":396,"quantity":11,"price":580}],"date":"Feb 8, 2023, 11:06:31 AM"}
{"name":"Reward pool (Tempoross)","level":-1,"killCount":71,"type":"EVENT","drops":[{"name":"Raw sea turtle","id":396,"quantity":9,"price":580}],"date":"Feb 8, 2023, 11:06:33 AM"}
{"name":"Reward pool (Tempoross)","level":-1,"killCount":71,"type":"EVENT","drops":[{"name":"Raw swordfish","id":372,"quantity":25,"price":205}],"date":"Feb 8, 2023, 11:06:35 AM"}
{"name":"Reward pool (Tempoross)","level":-1,"killCount":71,"type":"EVENT","drops":[{"name":"Raw shark","id":384,"quantity":17,"price":453}],"date":"Feb 8, 2023, 11:06:36 AM"}
{"name":"Reward pool (Tempoross)","level":-1,"killCount":71,"type":"EVENT","drops":[{"name":"Oak plank","id":8779,"quantity":24,"price":456}],"date":"Feb 8, 2023, 11:06:38 AM"}
{"name":"Reward pool (Tempoross)","level":-1,"killCount":71,"type":"EVENT","drops":[{"name":"Spirit flakes","id":25588,"quantity":56,"price":0}],"date":"Feb 8, 2023, 11:06:40 AM"}
{"name":"Reward pool (Tempoross)","level":-1,"killCount":71,"type":"EVENT","drops":[{"name":"Spirit flakes","id":25588,"quantity":36,"price":0}],"date":"Feb 8, 2023, 11:06:42 AM"}
{"name":"Reward pool (Tempoross)","level":-1,"killCount":71,"type":"EVENT","drops":[{"name":"Spirit flakes","id":25588,"quantity":34,"price":0}],"date":"Feb 8, 2023, 11:06:44 AM"}
{"name":"Reward pool (Tempoross)","level":-1,"killCount":71,"type":"EVENT","drops":[{"name":"Raw swordfish","id":372,"quantity":25,"price":205}],"date":"Feb 8, 2023, 11:06:45 AM"}
{"name":"Reward pool (Tempoross)","level":-1,"killCount":71,"type":"EVENT","drops":[{"name":"Raw bass","id":364,"quantity":30,"price":14}],"date":"Feb 8, 2023, 11:06:47 AM"}
{"name":"Reward pool (Tempoross)","level":-1,"killCount":71,"type":"EVENT","drops":[{"name":"Spirit flakes","id":25588,"quantity":60,"price":0}],"date":"Feb 8, 2023, 11:06:49 AM"}
{"name":"Reward pool (Tempoross)","level":-1,"killCount":71,"type":"EVENT","drops":[{"name":"Casket","id":25590,"quantity":1,"price":0}],"date":"Feb 8, 2023, 11:06:51 AM"}
{"name":"Reward pool (Tempoross)","level":-1,"killCount":71,"type":"EVENT","drops":[{"name":"Casket","id":25590,"quantity":1,"price":0}],"date":"Feb 8, 2023, 11:06:53 AM"}
{"name":"Reward pool (Tempoross)","level":-1,"killCount":71,"type":"EVENT","drops":[{"name":"Raw bass","id":364,"quantity":40,"price":14}],"date":"Feb 8, 2023, 11:06:54 AM"}
{"name":"Reward pool (Tempoross)","level":-1,"killCount":71,"type":"EVENT","drops":[{"name":"Plank","id":961,"quantity":21,"price":232}],"date":"Feb 8, 2023, 11:06:56 AM"}
{"name":"Reward pool (Tempoross)","level":-1,"killCount":71,"type":"EVENT","drops":[{"name":"Casket","id":25590,"quantity":1,"price":0}],"date":"Feb 8, 2023, 11:06:58 AM"}
{"name":"Reward pool (Tempoross)","level":-1,"killCount":71,"type":"EVENT","drops":[{"name":"Spirit flakes","id":25588,"quantity":62,"price":0}],"date":"Feb 8, 2023, 11:07:00 AM"}
{"name":"Reward pool (Tempoross)","level":-1,"killCount":71,"type":"EVENT","drops":[{"name":"Spirit flakes","id":25588,"quantity":48,"price":0}],"date":"Feb 8, 2023, 11:07:02 AM"}
{"name":"Reward pool (Tempoross)","level":-1,"killCount":71,"type":"EVENT","drops":[{"name":"Raw sea turtle","id":396,"quantity":12,"price":580}],"date":"Feb 8, 2023, 11:07:03 AM"}
{"name":"Reward pool (Tempoross)","level":-1,"killCount":71,"type":"EVENT","drops":[{"name":"Raw sea turtle","id":396,"quantity":10,"price":580}],"date":"Feb 8, 2023, 11:07:05 AM"}
{"name":"Reward pool (Tempoross)","level":-1,"killCount":71,"type":"EVENT","drops":[{"name":"Raw sea turtle","id":396,"quantity":11,"price":580}],"date":"Feb 8, 2023, 11:07:07 AM"}
{"name":"Reward pool (Tempoross)","level":-1,"killCount":71,"type":"EVENT","drops":[{"name":"Spirit flakes","id":25588,"quantity":59,"price":0}],"date":"Feb 8, 2023, 11:07:09 AM"}
{"name":"Reward pool (Tempoross)","level":-1,"killCount":71,"type":"EVENT","drops":[{"name":"Raw shark","id":384,"quantity":19,"price":453}],"date":"Feb 8, 2023, 11:07:11 AM"}
{"name":"Reward pool (Tempoross)","level":-1,"killCount":71,"type":"EVENT","drops":[{"name":"Soaked page","id":25578,"quantity":9,"price":713},{"name":"Raw sea turtle","id":396,"quantity":9,"price":580}],"date":"Feb 8, 2023, 11:07:12 AM"}
{"name":"Reward pool (Tempoross)","level":-1,"killCount":71,"type":"EVENT","drops":[{"name":"Spirit flakes","id":25588,"quantity":44,"price":0}],"date":"Feb 8, 2023, 11:07:14 AM"}
{"name":"Reward pool (Tempoross)","level":-1,"killCount":71,"type":"EVENT","drops":[{"name":"Spirit flakes","id":25588,"quantity":52,"price":0}],"date":"Feb 8, 2023, 11:07:16 AM"}
{"name":"Reward pool (Tempoross)","level":-1,"killCount":71,"type":"EVENT","drops":[{"name":"Spirit flakes","id":25588,"quantity":56,"price":0}],"date":"Feb 8, 2023, 11:07:18 AM"}
{"name":"Reward pool (Tempoross)","level":-1,"killCount":71,"type":"EVENT","drops":[{"name":"Raw shark","id":384,"quantity":17,"price":453}],"date":"Feb 8, 2023, 11:07:20 AM"}
{"name":"Reward pool (Tempoross)","level":-1,"killCount":71,"type":"EVENT","drops":[{"name":"Spirit flakes","id":25588,"quantity":45,"price":0}],"date":"Feb 8, 2023, 11:07:21 AM"}
{"name":"Reward pool (Tempoross)","level":-1,"killCount":71,"type":"EVENT","drops":[{"name":"Raw bass","id":364,"quantity":37,"price":14}],"date":"Feb 8, 2023, 11:07:23 AM"}
{"name":"Reward pool (Tempoross)","level":-1,"killCount":71,"type":"EVENT","drops":[{"name":"Raw shark","id":384,"quantity":12,"price":453}],"date":"Feb 8, 2023, 11:07:25 AM"}
{"name":"Reward pool (Tempoross)","level":-1,"killCount":71,"type":"EVENT","drops":[{"name":"Raw sea turtle","id":396,"quantity":7,"price":580}],"date":"Feb 8, 2023, 11:07:27 AM"}
{"name":"Reward pool (Tempoross)","level":-1,"killCount":71,"type":"EVENT","drops":[{"name":"Raw bass","id":364,"quantity":33,"price":14}],"date":"Feb 8, 2023, 11:07:29 AM"}
{"name":"Reward pool (Tempoross)","level":-1,"killCount":71,"type":"EVENT","drops":[{"name":"Spirit flakes","id":25588,"quantity":34,"price":0}],"date":"Feb 8, 2023, 11:07:30 AM"}
{"name":"Reward pool (Tempoross)","level":-1,"killCount":71,"type":"EVENT","drops":[{"name":"Raw sea turtle","id":396,"quantity":9,"price":580}],"date":"Feb 8, 2023, 11:07:32 AM"}
{"name":"Reward pool (Tempoross)","level":-1,"killCount":71,"type":"EVENT","drops":[{"name":"Spirit flakes","id":25588,"quantity":52,"price":0}],"date":"Feb 8, 2023, 11:07:34 AM"}
{"name":"Reward pool (Tempoross)","level":-1,"killCount":71,"type":"EVENT","drops":[{"name":"Raw shark","id":384,"quantity":14,"price":453}],"date":"Feb 8, 2023, 11:07:36 AM"}
{"name":"Reward pool (Tempoross)","level":-1,"killCount":71,"type":"EVENT","drops":[{"name":"Raw swordfish","id":372,"quantity":30,"price":205}],"date":"Feb 8, 2023, 11:07:38 AM"}
{"name":"Reward pool (Tempoross)","level":-1,"killCount":71,"type":"EVENT","drops":[{"name":"Steel nails","id":1539,"quantity":310,"price":18}],"date":"Feb 8, 2023, 11:07:39 AM"}
{"name":"Reward pool (Tempoross)","level":-1,"killCount":71,"type":"EVENT","drops":[{"name":"Soaked page","id":25578,"quantity":8,"price":713},{"name":"Spirit flakes","id":25588,"quantity":47,"price":0}],"date":"Feb 8, 2023, 11:07:41 AM"}
{"name":"Reward pool (Tempoross)","level":-1,"killCount":71,"type":"EVENT","drops":[{"name":"Casket","id":25590,"quantity":1,"price":0}],"date":"Feb 8, 2023, 11:07:43 AM"}
{"name":"Reward pool (Tempoross)","level":-1,"killCount":71,"type":"EVENT","drops":[{"name":"Spirit flakes","id":25588,"quantity":57,"price":0}],"date":"Feb 8, 2023, 11:07:45 AM"}
{"name":"Reward pool (Tempoross)","level":-1,"killCount":71,"type":"EVENT","drops":[{"name":"Spirit flakes","id":25588,"quantity":56,"price":0}],"date":"Feb 8, 2023, 11:07:47 AM"}
{"name":"Reward pool (Tempoross)","level":-1,"killCount":71,"type":"EVENT","drops":[{"name":"Raw bass","id":364,"quantity":30,"price":14}],"date":"Feb 8, 2023, 11:07:48 AM"}
{"name":"Reward pool (Tempoross)","level":-1,"killCount":71,"type":"EVENT","drops":[{"name":"Raw bass","id":364,"quantity":40,"price":14}],"date":"Feb 8, 2023, 11:07:50 AM"}
{"name":"Reward pool (Tempoross)","level":-1,"killCount":71,"type":"EVENT","drops":[{"name":"Raw sea turtle","id":396,"quantity":8,"price":580}],"date":"Feb 8, 2023, 11:07:52 AM"}
{"name":"Reward pool (Tempoross)","level":-1,"killCount":71,"type":"EVENT","drops":[{"name":"Spirit flakes","id":25588,"quantity":47,"price":0}],"date":"Feb 8, 2023, 11:07:54 AM"}
{"name":"Reward pool (Tempoross)","level":-1,"killCount":71,"type":"EVENT","drops":[{"name":"Raw manta ray","id":390,"quantity":6,"price":902}],"date":"Feb 8, 2023, 11:07:56 AM"}
{"name":"Reward pool (Tempoross)","level":-1,"killCount":71,"type":"EVENT","drops":[{"name":"Seaweed","id":402,"quantity":51,"price":20}],"date":"Feb 8, 2023, 11:07:57 AM"}
{"name":"Reward pool (Tempoross)","level":-1,"killCount":71,"type":"EVENT","drops":[{"name":"Raw shark","id":384,"quantity":17,"price":453}],"date":"Feb 8, 2023, 11:07:59 AM"}
{"name":"Reward pool (Tempoross)","level":-1,"killCount":71,"type":"EVENT","drops":[{"name":"Casket","id":25590,"quantity":1,"price":0}],"date":"Feb 8, 2023, 11:08:01 AM"}
{"name":"Reward pool (Tempoross)","level":-1,"killCount":71,"type":"EVENT","drops":[{"name":"Raw shark","id":384,"quantity":11,"price":453}],"date":"Feb 8, 2023, 11:08:03 AM"}
{"name":"Reward pool (Tempoross)","level":-1,"killCount":71,"type":"EVENT","drops":[{"name":"Spirit flakes","id":25588,"quantity":55,"price":0}],"date":"Feb 8, 2023, 11:08:05 AM"}
{"name":"Reward pool (Tempoross)","level":-1,"killCount":71,"type":"EVENT","drops":[{"name":"Raw bass","id":364,"quantity":35,"price":14}],"date":"Feb 8, 2023, 11:08:06 AM"}
{"name":"Reward pool (Tempoross)","level":-1,"killCount":71,"type":"EVENT","drops":[{"name":"Raw sea turtle","id":396,"quantity":7,"price":580}],"date":"Feb 8, 2023, 11:08:08 AM"}
{"name":"Reward pool (Tempoross)","level":-1,"killCount":71,"type":"EVENT","drops":[{"name":"Raw swordfish","id":372,"quantity":23,"price":205}],"date":"Feb 8, 2023, 11:08:10 AM"}
{"name":"Reward pool (Tempoross)","level":-1,"killCount":71,"type":"EVENT","drops":[{"name":"Soaked page","id":25578,"quantity":5,"price":713},{"name":"Spirit flakes","id":25588,"quantity":60,"price":0}],"date":"Feb 8, 2023, 11:08:12 AM"}
{"name":"Reward pool (Tempoross)","level":-1,"killCount":71,"type":"EVENT","drops":[{"name":"Raw bass","id":364,"quantity":31,"price":14}],"date":"Feb 8, 2023, 11:08:14 AM"}
{"name":"Reward pool (Tempoross)","level":-1,"killCount":71,"type":"EVENT","drops":[{"name":"Spirit flakes","id":25588,"quantity":55,"price":0}],"date":"Feb 8, 2023, 11:08:15 AM"}
{"name":"Reward pool (Tempoross)","level":-1,"killCount":71,"type":"EVENT","drops":[{"name":"Raw swordfish","id":372,"quantity":29,"price":205}],"date":"Feb 8, 2023, 11:08:17 AM"}
{"name":"Reward pool (Tempoross)","level":-1,"killCount":71,"type":"EVENT","drops":[{"name":"Spirit flakes","id":25588,"quantity":33,"price":0}],"date":"Feb 8, 2023, 11:08:19 AM"}
{"name":"Reward pool (Tempoross)","level":-1,"killCount":71,"type":"EVENT","drops":[{"name":"Raw shark","id":384,"quantity":10,"price":453}],"date":"Feb 8, 2023, 11:08:21 AM"}
{"name":"Reward pool (Tempoross)","level":-1,"killCount":71,"type":"EVENT","drops":[{"name":"Raw swordfish","id":372,"quantity":21,"price":205}],"date":"Feb 8, 2023, 11:08:23 AM"}
{"name":"Reward pool (Tempoross)","level":-1,"killCount":71,"type":"EVENT","drops":[{"name":"Raw shark","id":384,"quantity":18,"price":453}],"date":"Feb 8, 2023, 11:08:24 AM"}
{"name":"Reward pool (Tempoross)","level":-1,"killCount":71,"type":"EVENT","drops":[{"name":"Spirit flakes","id":25588,"quantity":38,"price":0}],"date":"Feb 8, 2023, 11:08:26 AM"}
{"name":"Reward pool (Tempoross)","level":-1,"killCount":71,"type":"EVENT","drops":[{"name":"Raw shark","id":384,"quantity":11,"price":453}],"date":"Feb 8, 2023, 11:08:28 AM"}
{"name":"Reward pool (Tempoross)","level":-1,"killCount":71,"type":"EVENT","drops":[{"name":"Raw swordfish","id":372,"quantity":27,"price":205}],"date":"Feb 8, 2023, 11:08:30 AM"}
{"name":"Reward pool (Tempoross)","level":-1,"killCount":71,"type":"EVENT","drops":[{"name":"Raw swordfish","id":372,"quantity":26,"price":205}],"date":"Feb 8, 2023, 11:08:32 AM"}
{"name":"Reward pool (Tempoross)","level":-1,"killCount":71,"type":"EVENT","drops":[{"name":"Raw manta ray","id":390,"quantity":9,"price":902}],"date":"Feb 8, 2023, 11:08:33 AM"}
{"name":"Reward pool (Tempoross)","level":-1,"killCount":71,"type":"EVENT","drops":[{"name":"Spirit flakes","id":25588,"quantity":58,"price":0}],"date":"Feb 8, 2023, 11:08:35 AM"}
{"name":"Reward pool (Tempoross)","level":-1,"killCount":71,"type":"EVENT","drops":[{"name":"Raw swordfish","id":372,"quantity":28,"price":205}],"date":"Feb 8, 2023, 11:08:37 AM"}
{"name":"Reward pool (Tempoross)","level":-1,"killCount":71,"type":"EVENT","drops":[{"name":"Spirit flakes","id":25588,"quantity":48,"price":0}],"date":"Feb 8, 2023, 11:08:39 AM"}
{"name":"Reward pool (Tempoross)","level":-1,"killCount":71,"type":"EVENT","drops":[{"name":"Spirit flakes","id":25588,"quantity":52,"price":0}],"date":"Feb 8, 2023, 11:08:41 AM"}
{"name":"Reward pool (Tempoross)","level":-1,"killCount":71,"type":"EVENT","drops":[{"name":"Raw bass","id":364,"quantity":33,"price":14}],"date":"Feb 8, 2023, 11:08:42 AM"}
{"name":"Reward pool (Tempoross)","level":-1,"killCount":71,"type":"EVENT","drops":[{"name":"Raw manta ray","id":390,"quantity":7,"price":902}],"date":"Feb 8, 2023, 11:08:44 AM"}
{"name":"Reward pool (Tempoross)","level":-1,"killCount":71,"type":"EVENT","drops":[{"name":"Raw sea turtle","id":396,"quantity":9,"price":580}],"date":"Feb 8, 2023, 11:08:46 AM"}
{"name":"Reward pool (Tempoross)","level":-1,"killCount":71,"type":"EVENT","drops":[{"name":"Soaked page","id":25578,"quantity":7,"price":713},{"name":"Raw bass","id":364,"quantity":30,"price":14}],"date":"Feb 8, 2023, 11:08:48 AM"}
{"name":"Reward pool (Tempoross)","level":-1,"killCount":71,"type":"EVENT","drops":[{"name":"Raw manta ray","id":390,"quantity":7,"price":902}],"date":"Feb 8, 2023, 11:08:50 AM"}
{"name":"Reward pool (Tempoross)","level":-1,"killCount":71,"type":"EVENT","drops":[{"name":"Raw manta ray","id":390,"quantity":7,"price":902}],"date":"Feb 8, 2023, 11:08:51 AM"}
{"name":"Reward pool (Tempoross)","level":-1,"killCount":71,"type":"EVENT","drops":[{"name":"Casket","id":25590,"quantity":1,"price":0}],"date":"Feb 8, 2023, 11:08:53 AM"}
{"name":"Reward pool (Tempoross)","level":-1,"killCount":71,"type":"EVENT","drops":[{"name":"Raw bass","id":364,"quantity":37,"price":14}],"date":"Feb 8, 2023, 11:08:55 AM"}
{"name":"Reward pool (Tempoross)","level":-1,"killCount":71,"type":"EVENT","drops":[{"name":"Raw manta ray","id":390,"quantity":7,"price":902}],"date":"Feb 8, 2023, 11:08:57 AM"}
{"name":"Reward pool (Tempoross)","level":-1,"killCount":71,"type":"EVENT","drops":[{"name":"Raw sea turtle","id":396,"quantity":11,"price":580}],"date":"Feb 8, 2023, 11:08:59 AM"}
{"name":"Reward pool (Tempoross)","level":-1,"killCount":71,"type":"EVENT","drops":[{"name":"Raw sea turtle","id":396,"quantity":9,"price":580}],"date":"Feb 8, 2023, 11:09:00 AM"}
{"name":"Reward pool (Tempoross)","level":-1,"killCount":71,"type":"EVENT","drops":[{"name":"Raw bass","id":364,"quantity":30,"price":14}],"date":"Feb 8, 2023, 11:09:02 AM"}
{"name":"Reward pool (Tempoross)","level":-1,"killCount":71,"type":"EVENT","drops":[{"name":"Raw bass","id":364,"quantity":37,"price":14}],"date":"Feb 8, 2023, 11:09:04 AM"}
{"name":"Reward pool (Tempoross)","level":-1,"killCount":74,"type":"EVENT","drops":[{"name":"Raw bass","id":364,"quantity":30,"price":14}],"date":"Feb 8, 2023, 12:53:54 PM"}
{"name":"Reward pool (Tempoross)","level":-1,"killCount":74,"type":"EVENT","drops":[{"name":"Fishing bait","id":313,"quantity":1510,"price":4}],"date":"Feb 8, 2023, 12:53:56 PM"}
{"name":"Reward pool (Tempoross)","level":-1,"killCount":74,"type":"EVENT","drops":[{"name":"Raw shark","id":384,"quantity":16,"price":453}],"date":"Feb 8, 2023, 12:53:58 PM"}
{"name":"Reward pool (Tempoross)","level":-1,"killCount":74,"type":"EVENT","drops":[{"name":"Raw sea turtle","id":396,"quantity":10,"price":580}],"date":"Feb 8, 2023, 12:53:59 PM"}
{"name":"Reward pool (Tempoross)","level":-1,"killCount":74,"type":"EVENT","drops":[{"name":"Steel nails","id":1539,"quantity":335,"price":18}],"date":"Feb 8, 2023, 12:54:01 PM"}
{"name":"Reward pool (Tempoross)","level":-1,"killCount":74,"type":"EVENT","drops":[{"name":"Raw sea turtle","id":396,"quantity":9,"price":580}],"date":"Feb 8, 2023, 12:54:03 PM"}
{"name":"Reward pool (Tempoross)","level":-1,"killCount":74,"type":"EVENT","drops":[{"name":"Raw swordfish","id":372,"quantity":28,"price":205}],"date":"Feb 8, 2023, 12:54:05 PM"}
{"name":"Reward pool (Tempoross)","level":-1,"killCount":74,"type":"EVENT","drops":[{"name":"Raw bass","id":364,"quantity":39,"price":14}],"date":"Feb 8, 2023, 12:54:07 PM"}
{"name":"Reward pool (Tempoross)","level":-1,"killCount":74,"type":"EVENT","drops":[{"name":"Raw swordfish","id":372,"quantity":23,"price":205}],"date":"Feb 8, 2023, 12:54:08 PM"}
{"name":"Reward pool (Tempoross)","level":-1,"killCount":74,"type":"EVENT","drops":[{"name":"Raw bass","id":364,"quantity":40,"price":14}],"date":"Feb 8, 2023, 12:54:10 PM"}
{"name":"Reward pool (Tempoross)","level":-1,"killCount":74,"type":"EVENT","drops":[{"name":"Casket","id":25590,"quantity":1,"price":0}],"date":"Feb 8, 2023, 12:54:12 PM"}
{"name":"Reward pool (Tempoross)","level":-1,"killCount":74,"type":"EVENT","drops":[{"name":"Spirit flakes","id":25588,"quantity":60,"price":0}],"date":"Feb 8, 2023, 12:54:14 PM"}
{"name":"Reward pool (Tempoross)","level":-1,"killCount":74,"type":"EVENT","drops":[{"name":"Spirit flakes","id":25588,"quantity":51,"price":0}],"date":"Feb 8, 2023, 12:54:16 PM"}
{"name":"Reward pool (Tempoross)","level":-1,"killCount":74,"type":"EVENT","drops":[{"name":"Spirit flakes","id":25588,"quantity":40,"price":0}],"date":"Feb 8, 2023, 12:54:17 PM"}
{"name":"Reward pool (Tempoross)","level":-1,"killCount":74,"type":"EVENT","drops":[{"name":"Spirit flakes","id":25588,"quantity":40,"price":0}],"date":"Feb 8, 2023, 12:54:19 PM"}
{"name":"Reward pool (Tempoross)","level":-1,"killCount":74,"type":"EVENT","drops":[{"name":"Spirit flakes","id":25588,"quantity":45,"price":0}],"date":"Feb 8, 2023, 12:54:21 PM"}
{"name":"Reward pool (Tempoross)","level":-1,"killCount":74,"type":"EVENT","drops":[{"name":"Casket","id":25590,"quantity":1,"price":0}],"date":"Feb 8, 2023, 12:54:23 PM"}
{"name":"Reward pool (Tempoross)","level":-1,"killCount":74,"type":"EVENT","drops":[{"name":"Raw bass","id":364,"quantity":35,"price":14}],"date":"Feb 8, 2023, 12:54:25 PM"}
{"name":"Reward pool (Tempoross)","level":-1,"killCount":74,"type":"EVENT","drops":[{"name":"Raw shark","id":384,"quantity":12,"price":453}],"date":"Feb 8, 2023, 12:54:26 PM"}
{"name":"Reward pool (Tempoross)","level":-1,"killCount":74,"type":"EVENT","drops":[{"name":"Raw swordfish","id":372,"quantity":24,"price":205}],"date":"Feb 8, 2023, 12:54:28 PM"}
{"name":"Reward pool (Tempoross)","level":-1,"killCount":79,"type":"EVENT","drops":[{"name":"Seaweed","id":402,"quantity":32,"price":20}],"date":"Feb 8, 2023, 2:17:18 PM"}
{"name":"Reward pool (Tempoross)","level":-1,"killCount":79,"type":"EVENT","drops":[{"name":"Raw sea turtle","id":396,"quantity":9,"price":580}],"date":"Feb 8, 2023, 2:17:19 PM"}
{"name":"Reward pool (Tempoross)","level":-1,"killCount":79,"type":"EVENT","drops":[{"name":"Raw swordfish","id":372,"quantity":21,"price":205}],"date":"Feb 8, 2023, 2:17:21 PM"}
{"name":"Reward pool (Tempoross)","level":-1,"killCount":79,"type":"EVENT","drops":[{"name":"Raw manta ray","id":390,"quantity":6,"price":902}],"date":"Feb 8, 2023, 2:17:23 PM"}
{"name":"Reward pool (Tempoross)","level":-1,"killCount":79,"type":"EVENT","drops":[{"name":"Spirit flakes","id":25588,"quantity":47,"price":0}],"date":"Feb 8, 2023, 2:17:25 PM"}
{"name":"Reward pool (Tempoross)","level":-1,"killCount":79,"type":"EVENT","drops":[{"name":"Plank","id":961,"quantity":28,"price":232}],"date":"Feb 8, 2023, 2:17:27 PM"}
{"name":"Reward pool (Tempoross)","level":-1,"killCount":79,"type":"EVENT","drops":[{"name":"Raw sea turtle","id":396,"quantity":12,"price":580}],"date":"Feb 8, 2023, 2:17:28 PM"}
{"name":"Reward pool (Tempoross)","level":-1,"killCount":79,"type":"EVENT","drops":[{"name":"Casket","id":25590,"quantity":1,"price":0}],"date":"Feb 8, 2023, 2:17:30 PM"}
{"name":"Reward pool (Tempoross)","level":-1,"killCount":79,"type":"EVENT","drops":[{"name":"Spirit flakes","id":25588,"quantity":48,"price":0}],"date":"Feb 8, 2023, 2:17:32 PM"}
{"name":"Reward pool (Tempoross)","level":-1,"killCount":79,"type":"EVENT","drops":[{"name":"Raw swordfish","id":372,"quantity":21,"price":205}],"date":"Feb 8, 2023, 2:17:34 PM"}
{"name":"Reward pool (Tempoross)","level":-1,"killCount":79,"type":"EVENT","drops":[{"name":"Raw sea turtle","id":396,"quantity":12,"price":580}],"date":"Feb 8, 2023, 2:17:36 PM"}
{"name":"Reward pool (Tempoross)","level":-1,"killCount":79,"type":"EVENT","drops":[{"name":"Raw manta ray","id":390,"quantity":6,"price":902}],"date":"Feb 8, 2023, 2:17:37 PM"}
{"name":"Reward pool (Tempoross)","level":-1,"killCount":79,"type":"EVENT","drops":[{"name":"Raw sea turtle","id":396,"quantity":8,"price":580}],"date":"Feb 8, 2023, 2:17:39 PM"}
{"name":"Reward pool (Tempoross)","level":-1,"killCount":79,"type":"EVENT","drops":[{"name":"Seaweed","id":402,"quantity":58,"price":20}],"date":"Feb 8, 2023, 2:17:41 PM"}
{"name":"Reward pool (Tempoross)","level":-1,"killCount":79,"type":"EVENT","drops":[{"name":"Casket","id":25590,"quantity":1,"price":0}],"date":"Feb 8, 2023, 2:17:43 PM"}
{"name":"Reward pool (Tempoross)","level":-1,"killCount":79,"type":"EVENT","drops":[{"name":"Raw swordfish","id":372,"quantity":24,"price":205}],"date":"Feb 8, 2023, 2:17:45 PM"}
{"name":"Reward pool (Tempoross)","level":-1,"killCount":79,"type":"EVENT","drops":[{"name":"Raw swordfish","id":372,"quantity":29,"price":205}],"date":"Feb 8, 2023, 2:17:46 PM"}
{"name":"Reward pool (Tempoross)","level":-1,"killCount":79,"type":"EVENT","drops":[{"name":"Spirit flakes","id":25588,"quantity":61,"price":0}],"date":"Feb 8, 2023, 2:17:48 PM"}
{"name":"Reward pool (Tempoross)","level":-1,"killCount":79,"type":"EVENT","drops":[{"name":"Raw manta ray","id":390,"quantity":9,"price":902}],"date":"Feb 8, 2023, 2:17:50 PM"}
{"name":"Reward pool (Tempoross)","level":-1,"killCount":79,"type":"EVENT","drops":[{"name":"Raw bass","id":364,"quantity":39,"price":14}],"date":"Feb 8, 2023, 2:17:52 PM"}
{"name":"Reward pool (Tempoross)","level":-1,"killCount":79,"type":"EVENT","drops":[{"name":"Raw bass","id":364,"quantity":39,"price":14}],"date":"Feb 8, 2023, 2:17:54 PM"}
{"name":"Reward pool (Tempoross)","level":-1,"killCount":79,"type":"EVENT","drops":[{"name":"Spirit flakes","id":25588,"quantity":34,"price":0}],"date":"Feb 8, 2023, 2:17:55 PM"}
{"name":"Reward pool (Tempoross)","level":-1,"killCount":79,"type":"EVENT","drops":[{"name":"Raw sea turtle","id":396,"quantity":8,"price":580}],"date":"Feb 8, 2023, 2:17:57 PM"}
{"name":"Reward pool (Tempoross)","level":-1,"killCount":79,"type":"EVENT","drops":[{"name":"Raw swordfish","id":372,"quantity":20,"price":205}],"date":"Feb 8, 2023, 2:17:59 PM"}
{"name":"Reward pool (Tempoross)","level":-1,"killCount":79,"type":"EVENT","drops":[{"name":"Raw manta ray","id":390,"quantity":6,"price":902}],"date":"Feb 8, 2023, 2:18:01 PM"}
{"name":"Reward pool (Tempoross)","level":-1,"killCount":79,"type":"EVENT","drops":[{"name":"Raw bass","id":364,"quantity":37,"price":14}],"date":"Feb 8, 2023, 2:18:03 PM"}
{"name":"Reward pool (Tempoross)","level":-1,"killCount":79,"type":"EVENT","drops":[{"name":"Raw bass","id":364,"quantity":38,"price":14}],"date":"Feb 8, 2023, 2:18:04 PM"}
{"name":"Reward pool (Tempoross)","level":-1,"killCount":79,"type":"EVENT","drops":[{"name":"Raw bass","id":364,"quantity":31,"price":14}],"date":"Feb 8, 2023, 2:18:06 PM"}
{"name":"Reward pool (Tempoross)","level":-1,"killCount":91,"type":"EVENT","drops":[{"name":"Oak plank","id":8779,"quantity":23,"price":457}],"date":"Feb 8, 2023, 6:57:36 PM"}
{"name":"Reward pool (Tempoross)","level":-1,"killCount":91,"type":"EVENT","drops":[{"name":"Raw shark","id":384,"quantity":16,"price":449}],"date":"Feb 8, 2023, 6:57:38 PM"}
{"name":"Reward pool (Tempoross)","level":-1,"killCount":91,"type":"EVENT","drops":[{"name":"Raw bass","id":364,"quantity":36,"price":14}],"date":"Feb 8, 2023, 6:57:40 PM"}
{"name":"Reward pool (Tempoross)","level":-1,"killCount":91,"type":"EVENT","drops":[{"name":"Casket","id":25590,"quantity":1,"price":0}],"date":"Feb 8, 2023, 6:57:42 PM"}
{"name":"Reward pool (Tempoross)","level":-1,"killCount":91,"type":"EVENT","drops":[{"name":"Raw sea turtle","id":396,"quantity":10,"price":577}],"date":"Feb 8, 2023, 6:57:43 PM"}
{"name":"Reward pool (Tempoross)","level":-1,"killCount":91,"type":"EVENT","drops":[{"name":"Raw manta ray","id":390,"quantity":9,"price":891}],"date":"Feb 8, 2023, 6:57:45 PM"}
{"name":"Reward pool (Tempoross)","level":-1,"killCount":91,"type":"EVENT","drops":[{"name":"Raw bass","id":364,"quantity":32,"price":14}],"date":"Feb 8, 2023, 6:57:47 PM"}
{"name":"Reward pool (Tempoross)","level":-1,"killCount":91,"type":"EVENT","drops":[{"name":"Raw sea turtle","id":396,"quantity":7,"price":577}],"date":"Feb 8, 2023, 6:57:49 PM"}
{"name":"Reward pool (Tempoross)","level":-1,"killCount":91,"type":"EVENT","drops":[{"name":"Seaweed","id":402,"quantity":54,"price":20}],"date":"Feb 8, 2023, 6:57:51 PM"}
{"name":"Reward pool (Tempoross)","level":-1,"killCount":91,"type":"EVENT","drops":[{"name":"Spirit flakes","id":25588,"quantity":32,"price":0}],"date":"Feb 8, 2023, 6:57:52 PM"}
{"name":"Reward pool (Tempoross)","level":-1,"killCount":91,"type":"EVENT","drops":[{"name":"Spirit flakes","id":25588,"quantity":39,"price":0}],"date":"Feb 8, 2023, 6:57:54 PM"}
{"name":"Reward pool (Tempoross)","level":-1,"killCount":91,"type":"EVENT","drops":[{"name":"Raw bass","id":364,"quantity":34,"price":14}],"date":"Feb 8, 2023, 6:57:56 PM"}
{"name":"Reward pool (Tempoross)","level":-1,"killCount":91,"type":"EVENT","drops":[{"name":"Raw manta ray","id":390,"quantity":8,"price":891}],"date":"Feb 8, 2023, 6:57:58 PM"}
{"name":"Reward pool (Tempoross)","level":-1,"killCount":91,"type":"EVENT","drops":[{"name":"Spirit flakes","id":25588,"quantity":37,"price":0}],"date":"Feb 8, 2023, 6:58:00 PM"}
{"name":"Reward pool (Tempoross)","level":-1,"killCount":91,"type":"EVENT","drops":[{"name":"Raw sea turtle","id":396,"quantity":11,"price":577}],"date":"Feb 8, 2023, 6:58:01 PM"}
{"name":"Reward pool (Tempoross)","level":-1,"killCount":91,"type":"EVENT","drops":[{"name":"Raw swordfish","id":372,"quantity":28,"price":207}],"date":"Feb 8, 2023, 6:58:17 PM"}
{"name":"Reward pool (Tempoross)","level":-1,"killCount":91,"type":"EVENT","drops":[{"name":"Spirit flakes","id":25588,"quantity":42,"price":0}],"date":"Feb 8, 2023, 6:58:19 PM"}
{"name":"Reward pool (Tempoross)","level":-1,"killCount":91,"type":"EVENT","drops":[{"name":"Raw bass","id":364,"quantity":34,"price":14}],"date":"Feb 8, 2023, 6:58:21 PM"}
{"name":"Reward pool (Tempoross)","level":-1,"killCount":91,"type":"EVENT","drops":[{"name":"Raw manta ray","id":390,"quantity":5,"price":891}],"date":"Feb 8, 2023, 6:58:22 PM"}
{"name":"Reward pool (Tempoross)","level":-1,"killCount":91,"type":"EVENT","drops":[{"name":"Spirit flakes","id":25588,"quantity":55,"price":0}],"date":"Feb 8, 2023, 6:58:24 PM"}
{"name":"Reward pool (Tempoross)","level":-1,"killCount":91,"type":"EVENT","drops":[{"name":"Raw shark","id":384,"quantity":11,"price":449}],"date":"Feb 8, 2023, 6:58:29 PM"}
{"name":"Reward pool (Tempoross)","level":-1,"killCount":91,"type":"EVENT","drops":[{"name":"Raw sea turtle","id":396,"quantity":9,"price":577}],"date":"Feb 8, 2023, 6:58:36 PM"}
