{"name":"Supply crate (Wintertodt)","level":-1,"killCount":-1,"type":"EVENT","drops":[{"name":"Iron ore","id":441,"quantity":12,"price":60},{"name":"Snape grass seed","id":22879,"quantity":6,"price":2475}],"date":"Apr 1, 2022, 9:11:33 PM"}
{"name":"Supply crate (Wintertodt)","level":-1,"killCount":-1,"type":"EVENT","drops":[{"name":"Coins","id":995,"quantity":2437,"price":1},{"name":"Raw lobster","id":378,"quantity":9,"price":153}],"date":"Jun 10, 2022, 10:46:03 AM"}
{"name":"Supply crate (Wintertodt)","level":-1,"killCount":-1,"type":"EVENT","drops":[{"name":"Avantoe seed","id":5298,"quantity":2,"price":457},{"name":"Coins","id":995,"quantity":3827,"price":1},{"name":"Raw tuna","id":360,"quantity":8,"price":46}],"date":"Jun 10, 2022, 10:51:32 AM"}
{"name":"Supply crate (Wintertodt)","level":-1,"killCount":-1,"type":"EVENT","drops":[{"name":"Raw swordfish","id":372,"quantity":8,"price":316},{"name":"Uncut emerald","id":1622,"quantity":3,"price":566}],"date":"Jun 10, 2022, 10:56:31 AM"}
{"name":"Supply crate (Wintertodt)","level":-1,"killCount":-1,"type":"EVENT","drops":[{"name":"Coins","id":995,"quantity":4153,"price":1},{"name":"Uncut sapphire","id":1624,"quantity":1,"price":359}],"date":"Jun 10, 2022, 11:01:49 AM"}
{"name":"Supply crate (Wintertodt)","level":-1,"killCount":-1,"type":"EVENT","drops":[{"name":"Runite ore","id":452,"quantity":2,"price":11072},{"name":"Raw lobster","id":378,"quantity":11,"price":152},{"name":"Grimy dwarf weed","id":218,"quantity":3,"price":912}],"date":"Jun 11, 2022, 9:11:41 PM"}
{"name":"Supply crate (Wintertodt)","level":-1,"killCount":-1,"type":"EVENT","drops":[{"name":"Coins","id":995,"quantity":2623,"price":1},{"name":"Snapdragon seed","id":5300,"quantity":3,"price":86565},{"name":"Raw swordfish","id":372,"quantity":8,"price":325}],"date":"Jun 11, 2022, 9:17:09 PM"}
{"name":"Supply crate (Wintertodt)","level":-1,"killCount":-1,"type":"EVENT","drops":[{"name":"Uncut ruby","id":1620,"quantity":3,"price":1212},{"name":"Saltpetre","id":13422,"quantity":3,"price":4}],"date":"Jun 11, 2022, 9:22:40 PM"}
{"name":"Supply crate (Wintertodt)","level":-1,"killCount":-1,"type":"EVENT","drops":[{"name":"Coins","id":995,"quantity":2823,"price":1},{"name":"Yew logs","id":1516,"quantity":14,"price":196}],"date":"Jun 11, 2022, 9:27:47 PM"}
{"name":"Supply crate (Wintertodt)","level":-1,"killCount":-1,"type":"EVENT","drops":[{"name":"Mithril ore","id":448,"quantity":5,"price":122},{"name":"Lantadyme seed","id":5302,"quantity":3,"price":1354},{"name":"Saltpetre","id":13422,"quantity":4,"price":4}],"date":"Jun 11, 2022, 9:33:23 PM"}
{"name":"Supply crate (Wintertodt)","level":-1,"killCount":-1,"type":"EVENT","drops":[{"name":"Coins","id":995,"quantity":7719,"price":1},{"name":"Lantadyme seed","id":5302,"quantity":1,"price":1354}],"date":"Jun 11, 2022, 9:38:45 PM"}
{"name":"Supply crate (Wintertodt)","level":-1,"killCount":-1,"type":"EVENT","drops":[{"name":"Mithril ore","id":448,"quantity":5,"price":123},{"name":"Yew logs","id":1516,"quantity":15,"price":196}],"date":"Jun 11, 2022, 9:44:17 PM"}
{"name":"Supply crate (Wintertodt)","level":-1,"killCount":-1,"type":"EVENT","drops":[{"name":"Yew logs","id":1516,"quantity":13,"price":196},{"name":"Gold ore","id":445,"quantity":10,"price":281}],"date":"Jun 11, 2022, 9:49:03 PM"}
{"name":"Supply crate (Wintertodt)","level":-1,"killCount":-1,"type":"EVENT","drops":[{"name":"Coins","id":995,"quantity":3334,"price":1},{"name":"Saltpetre","id":13422,"quantity":4,"price":6}],"date":"Jun 11, 2022, 9:54:16 PM"}
{"name":"Supply crate (Wintertodt)","level":-1,"killCount":-1,"type":"EVENT","drops":[{"name":"Uncut diamond","id":1618,"quantity":3,"price":2828},{"name":"Coins","id":995,"quantity":4468,"price":1},{"name":"Uncut sapphire","id":1624,"quantity":2,"price":363}],"date":"Jun 13, 2022, 12:00:24 PM"}
{"name":"Supply crate (Wintertodt)","level":-1,"killCount":-1,"type":"EVENT","drops":[{"name":"Mithril ore","id":448,"quantity":4,"price":122},{"name":"Uncut diamond","id":1618,"quantity":1,"price":2811},{"name":"Snape grass seed","id":22879,"quantity":7,"price":3188}],"date":"Jun 13, 2022, 12:05:46 PM"}
{"name":"Supply crate (Wintertodt)","level":-1,"killCount":-1,"type":"EVENT","drops":[{"name":"Coins","id":995,"quantity":2189,"price":1},{"name":"Raw swordfish","id":372,"quantity":6,"price":319}],"date":"Jun 13, 2022, 12:11:01 PM"}
{"name":"Supply crate (Wintertodt)","level":-1,"killCount":-1,"type":"EVENT","drops":[{"name":"Kwuarm seed","id":5299,"quantity":2,"price":588},{"name":"Gold ore","id":445,"quantity":11,"price":277}],"date":"Jun 13, 2022, 12:16:51 PM"}
{"name":"Supply crate (Wintertodt)","level":-1,"killCount":-1,"type":"EVENT","drops":[{"name":"Pyromancer boots","id":20710,"quantity":1,"price":0},{"name":"Uncut emerald","id":1622,"quantity":2,"price":553}],"date":"Jun 13, 2022, 12:22:26 PM"}
{"name":"Supply crate (Wintertodt)","level":-1,"killCount":-1,"type":"EVENT","drops":[{"name":"Coins","id":995,"quantity":2175,"price":1},{"name":"Dwarf weed seed","id":5303,"quantity":3,"price":865}],"date":"Jun 13, 2022, 12:28:05 PM"}
{"name":"Supply crate (Wintertodt)","level":-1,"killCount":-1,"type":"EVENT","drops":[{"name":"Coins","id":995,"quantity":2288,"price":1},{"name":"Uncut ruby","id":1620,"quantity":4,"price":1196}],"date":"Jun 13, 2022, 12:33:21 PM"}
{"name":"Supply crate (Wintertodt)","level":-1,"killCount":-1,"type":"EVENT","drops":[{"name":"Raw swordfish","id":372,"quantity":9,"price":319},{"name":"Saltpetre","id":13422,"quantity":7,"price":9}],"date":"Jun 13, 2022, 12:38:40 PM"}
{"name":"Supply crate (Wintertodt)","level":-1,"killCount":-1,"type":"EVENT","drops":[{"name":"Uncut diamond","id":1618,"quantity":2,"price":2828},{"name":"Coins","id":995,"quantity":4809,"price":1},{"name":"Dynamite","id":13574,"quantity":4,"price":397}],"date":"Jun 13, 2022, 12:44:16 PM"}
{"name":"Supply crate (Wintertodt)","level":-1,"killCount":-1,"type":"EVENT","drops":[{"name":"Coins","id":995,"quantity":2984,"price":1},{"name":"Raw tuna","id":360,"quantity":9,"price":46},{"name":"Gold ore","id":445,"quantity":9,"price":275}],"date":"Jun 13, 2022, 12:50:34 PM"}
{"name":"Supply crate (Wintertodt)","level":-1,"killCount":-1,"type":"EVENT","drops":[{"name":"Mithril ore","id":448,"quantity":5,"price":121},{"name":"Coins","id":995,"quantity":4797,"price":1},{"name":"Grimy kwuarm","id":214,"quantity":2,"price":1540}],"date":"Jun 13, 2022, 1:01:50 PM"}
{"name":"Supply crate (Wintertodt)","level":-1,"killCount":-1,"type":"EVENT","drops":[{"name":"Dynamite","id":13574,"quantity":3,"price":397},{"name":"Grimy torstol","id":220,"quantity":3,"price":8383}],"date":"Jun 13, 2022, 1:07:05 PM"}
{"name":"Supply crate (Wintertodt)","level":-1,"killCount":-1,"type":"EVENT","drops":[{"name":"Mithril ore","id":448,"quantity":8,"price":121},{"name":"Raw lobster","id":378,"quantity":10,"price":148}],"date":"Jun 13, 2022, 1:12:01 PM"}
{"name":"Supply crate (Wintertodt)","level":-1,"killCount":-1,"type":"EVENT","drops":[{"name":"Mithril ore","id":448,"quantity":5,"price":126},{"name":"Grimy kwuarm","id":214,"quantity":3,"price":1476},{"name":"Grimy cadantine","id":216,"quantity":2,"price":1614}],"date":"Jul 10, 2022, 11:07:34 PM"}
{"name":"Supply crate (Wintertodt)","level":-1,"killCount":-1,"type":"EVENT","drops":[{"name":"Adamantite ore","id":450,"quantity":3,"price":1086},{"name":"Yew logs","id":1516,"quantity":12,"price":212},{"name":"Saltpetre","id":13422,"quantity":5,"price":4}],"date":"Jul 10, 2022, 11:12:32 PM"}
{"name":"Supply crate (Wintertodt)","level":-1,"killCount":-1,"type":"EVENT","drops":[{"name":"Raw shark","id":384,"quantity":6,"price":697},{"name":"Coins","id":995,"quantity":2800,"price":1}],"date":"Jul 10, 2022, 11:18:03 PM"}
{"name":"Supply crate (Wintertodt)","level":-1,"killCount":-1,"type":"EVENT","drops":[{"name":"Grimy kwuarm","id":214,"quantity":2,"price":1476},{"name":"Yew logs","id":1516,"quantity":10,"price":209},{"name":"Teak logs","id":6334,"quantity":13,"price":198}],"date":"Jul 10, 2022, 11:23:39 PM"}
{"name":"Supply crate (Wintertodt)","level":-1,"killCount":-1,"type":"EVENT","drops":[{"name":"Coins","id":995,"quantity":3601,"price":1},{"name":"Uncut ruby","id":1620,"quantity":4,"price":1214},{"name":"Maple logs","id":1518,"quantity":18,"price":8}],"date":"Jul 10, 2022, 11:28:46 PM"}
{"name":"Supply crate (Wintertodt)","level":-1,"killCount":-1,"type":"EVENT","drops":[{"name":"Raw shark","id":384,"quantity":10,"price":667},{"name":"Coins","id":995,"quantity":2339,"price":1},{"name":"Grimy lantadyme","id":2486,"quantity":2,"price":1473}],"date":"Jul 10, 2022, 11:34:17 PM"}
{"name":"Supply crate (Wintertodt)","level":-1,"killCount":-1,"type":"EVENT","drops":[{"name":"Raw shark","id":384,"quantity":8,"price":667},{"name":"Oak logs","id":1522,"quantity":10,"price":84},{"name":"Saltpetre","id":13422,"quantity":4,"price":5}],"date":"Jul 10, 2022, 11:40:03 PM"}
{"name":"Supply crate (Wintertodt)","level":-1,"killCount":-1,"type":"EVENT","drops":[{"name":"Adamantite ore","id":450,"quantity":3,"price":1085},{"name":"Coins","id":995,"quantity":2835,"price":1},{"name":"Grimy kwuarm","id":214,"quantity":4,"price":1476}],"date":"Jul 10, 2022, 11:45:52 PM"}
{"name":"Supply crate (Wintertodt)","level":-1,"killCount":-1,"type":"EVENT","drops":[{"name":"Grimy avantoe","id":212,"quantity":4,"price":1783},{"name":"Raw swordfish","id":372,"quantity":6,"price":269}],"date":"Jul 10, 2022, 11:51:00 PM"}
{"name":"Supply crate (Wintertodt)","level":-1,"killCount":-1,"type":"EVENT","drops":[{"name":"Grimy torstol","id":220,"quantity":2,"price":7931},{"name":"Saltpetre","id":13422,"quantity":4,"price":5}],"date":"Jul 11, 2022, 3:57:17 PM"}
{"name":"Supply crate (Wintertodt)","level":-1,"killCount":-1,"type":"EVENT","drops":[{"name":"Raw tuna","id":360,"quantity":7,"price":44},{"name":"Grimy dwarf weed","id":218,"quantity":3,"price":952}],"date":"Jul 11, 2022, 4:02:31 PM"}
{"name":"Supply crate (Wintertodt)","level":-1,"killCount":-1,"type":"EVENT","drops":[{"name":"Runite ore","id":452,"quantity":2,"price":11150},{"name":"Dynamite","id":13574,"quantity":4,"price":395},{"name":"Saltpetre","id":13422,"quantity":5,"price":5}],"date":"Jul 11, 2022, 4:07:38 PM"}
{"name":"Supply crate (Wintertodt)","level":-1,"killCount":-1,"type":"EVENT","drops":[{"name":"Coins","id":995,"quantity":4682,"price":1},{"name":"Raw tuna","id":360,"quantity":8,"price":44},{"name":"Raw salmon","id":332,"quantity":11,"price":46}],"date":"Jul 11, 2022, 4:13:02 PM"}
{"name":"Supply crate (Wintertodt)","level":-1,"killCount":-1,"type":"EVENT","drops":[{"name":"Coins","id":995,"quantity":3795,"price":1},{"name":"Saltpetre","id":13422,"quantity":8,"price":5}],"date":"Jul 11, 2022, 4:18:11 PM"}
{"name":"Supply crate (Wintertodt)","level":-1,"killCount":-1,"type":"EVENT","drops":[{"name":"Dynamite","id":13574,"quantity":4,"price":396},{"name":"Yew logs","id":1516,"quantity":19,"price":208},{"name":"Saltpetre","id":13422,"quantity":5,"price":5}],"date":"Jul 11, 2022, 4:23:45 PM"}
{"name":"Supply crate (Wintertodt)","level":-1,"killCount":-1,"type":"EVENT","drops":[{"name":"Uncut diamond","id":1618,"quantity":1,"price":2843},{"name":"Coins","id":995,"quantity":3555,"price":1}],"date":"Jul 11, 2022, 4:28:31 PM"}
{"name":"Supply crate (Wintertodt)","level":-1,"killCount":-1,"type":"EVENT","drops":[{"name":"Cadantine seed","id":5301,"quantity":3,"price":440},{"name":"Dwarf weed seed","id":5303,"quantity":1,"price":773},{"name":"Maple logs","id":1518,"quantity":16,"price":8}],"date":"Jul 11, 2022, 4:33:40 PM"}
{"name":"Supply crate (Wintertodt)","level":-1,"killCount":-1,"type":"EVENT","drops":[{"name":"Raw tuna","id":360,"quantity":8,"price":46},{"name":"Raw lobster","id":378,"quantity":10,"price":145}],"date":"Jul 11, 2022, 4:39:31 PM"}
{"name":"Supply crate (Wintertodt)","level":-1,"killCount":-1,"type":"EVENT","drops":[{"name":"Raw trout","id":336,"quantity":7,"price":101},{"name":"Saltpetre","id":13422,"quantity":3,"price":5}],"date":"Jul 11, 2022, 4:44:57 PM"}
{"name":"Supply crate (Wintertodt)","level":-1,"killCount":-1,"type":"EVENT","drops":[{"name":"Raw trout","id":336,"quantity":7,"price":101},{"name":"Uncut diamond","id":1618,"quantity":1,"price":2813},{"name":"Dynamite","id":13574,"quantity":5,"price":387}],"date":"Jul 11, 2022, 4:49:48 PM"}
{"name":"Supply crate (Wintertodt)","level":-1,"killCount":-1,"type":"EVENT","drops":[{"name":"Mahogany logs","id":8836,"quantity":14,"price":361},{"name":"Magic logs","id":1514,"quantity":10,"price":1043}],"date":"Jul 11, 2022, 4:55:13 PM"}
{"name":"Supply crate (Wintertodt)","level":-1,"killCount":-1,"type":"EVENT","drops":[{"name":"Coins","id":995,"quantity":2249,"price":1},{"name":"Raw swordfish","id":372,"quantity":8,"price":268}],"date":"Jul 11, 2022, 5:00:04 PM"}
{"name":"Supply crate (Wintertodt)","level":-1,"killCount":-1,"type":"EVENT","drops":[{"name":"Oak logs","id":1522,"quantity":14,"price":80},{"name":"Adamantite ore","id":450,"quantity":3,"price":1097}],"date":"Jul 11, 2022, 5:05:43 PM"}
{"name":"Supply crate (Wintertodt)","level":-1,"killCount":-1,"type":"EVENT","drops":[{"name":"Grimy kwuarm","id":214,"quantity":2,"price":1462},{"name":"Raw lobster","id":378,"quantity":10,"price":144}],"date":"Jul 11, 2022, 5:11:15 PM"}
{"name":"Supply crate (Wintertodt)","level":-1,"killCount":-1,"type":"EVENT","drops":[{"name":"Grimy ranarr weed","id":208,"quantity":3,"price":9046},{"name":"Grimy lantadyme","id":2486,"quantity":3,"price":1485}],"date":"Jul 11, 2022, 7:36:21 PM"}
{"name":"Supply crate (Wintertodt)","level":-1,"killCount":-1,"type":"EVENT","drops":[{"name":"Coins","id":995,"quantity":3306,"price":1},{"name":"Yew logs","id":1516,"quantity":36,"price":204}],"date":"Jul 11, 2022, 7:41:31 PM"}
{"name":"Supply crate (Wintertodt)","level":-1,"killCount":-1,"type":"EVENT","drops":[{"name":"Adamantite ore","id":450,"quantity":2,"price":1097},{"name":"Grimy lantadyme","id":2486,"quantity":4,"price":1485},{"name":"Saltpetre","id":13422,"quantity":3,"price":4}],"date":"Jul 11, 2022, 7:46:53 PM"}
{"name":"Supply crate (Wintertodt)","level":-1,"killCount":-1,"type":"EVENT","drops":[{"name":"Bruma torch","id":20720,"quantity":1,"price":0}],"date":"Jul 11, 2022, 7:52:25 PM"}
{"name":"Supply crate (Wintertodt)","level":-1,"killCount":-1,"type":"EVENT","drops":[{"name":"Mithril ore","id":448,"quantity":4,"price":127},{"name":"Coins","id":995,"quantity":3799,"price":1}],"date":"Jul 11, 2022, 7:57:45 PM"}
{"name":"Supply crate (Wintertodt)","level":-1,"killCount":-1,"type":"EVENT","drops":[{"name":"Coins","id":995,"quantity":4182,"price":1},{"name":"Raw swordfish","id":372,"quantity":7,"price":266},{"name":"Uncut ruby","id":1620,"quantity":2,"price":1201}],"date":"Jul 11, 2022, 8:03:08 PM"}
{"name":"Supply crate (Wintertodt)","level":-1,"killCount":-1,"type":"EVENT","drops":[{"name":"Grimy irit leaf","id":210,"quantity":5,"price":682},{"name":"Mahogany logs","id":8836,"quantity":11,"price":362}],"date":"Jul 11, 2022, 8:08:59 PM"}
{"name":"Supply crate (Wintertodt)","level":-1,"killCount":-1,"type":"EVENT","drops":[{"name":"Uncut diamond","id":1618,"quantity":2,"price":2843},{"name":"Runite ore","id":452,"quantity":1,"price":11075}],"date":"Jul 11, 2022, 8:14:35 PM"}
{"name":"Supply crate (Wintertodt)","level":-1,"killCount":-1,"type":"EVENT","drops":[{"name":"Mahogany logs","id":8836,"quantity":28,"price":362},{"name":"Raw lobster","id":378,"quantity":10,"price":146}],"date":"Jul 11, 2022, 8:20:12 PM"}
{"name":"Supply crate (Wintertodt)","level":-1,"killCount":-1,"type":"EVENT","drops":[{"name":"Coins","id":995,"quantity":2325,"price":1},{"name":"Snapdragon seed","id":5300,"quantity":2,"price":81259},{"name":"Dwarf weed seed","id":5303,"quantity":1,"price":815}],"date":"Jul 11, 2022, 8:25:28 PM"}
{"name":"Supply crate (Wintertodt)","level":-1,"killCount":-1,"type":"EVENT","drops":[{"name":"Runite ore","id":452,"quantity":2,"price":11075},{"name":"Dynamite","id":13574,"quantity":3,"price":406},{"name":"Burnt page","id":20718,"quantity":24,"price":3093}],"date":"Jul 11, 2022, 8:30:39 PM"}
{"name":"Supply crate (Wintertodt)","level":-1,"killCount":-1,"type":"EVENT","drops":[{"name":"Raw shark","id":384,"quantity":11,"price":662},{"name":"Grimy lantadyme","id":2486,"quantity":4,"price":1409},{"name":"Raw salmon","id":332,"quantity":9,"price":50}],"date":"Jul 11, 2022, 8:36:21 PM"}
{"name":"Supply crate (Wintertodt)","level":-1,"killCount":-1,"type":"EVENT","drops":[{"name":"Mithril ore","id":448,"quantity":5,"price":127},{"name":"Coins","id":995,"quantity":8486,"price":1}],"date":"Jul 11, 2022, 8:41:32 PM"}
{"name":"Supply crate (Wintertodt)","level":-1,"killCount":-1,"type":"EVENT","drops":[{"name":"Coins","id":995,"quantity":8083,"price":1},{"name":"Burnt page","id":20718,"quantity":12,"price":3124}],"date":"Jul 11, 2022, 8:46:38 PM"}
{"name":"Supply crate (Wintertodt)","level":-1,"killCount":-1,"type":"EVENT","drops":[{"name":"Raw salmon","id":332,"quantity":6,"price":50},{"name":"Yew logs","id":1516,"quantity":20,"price":207}],"date":"Jul 11, 2022, 8:51:50 PM"}
{"name":"Supply crate (Wintertodt)","level":-1,"killCount":-1,"type":"EVENT","drops":[{"name":"Coins","id":995,"quantity":4575,"price":1},{"name":"Warm gloves","id":20712,"quantity":1,"price":0},{"name":"Gold ore","id":445,"quantity":11,"price":238}],"date":"Jul 11, 2022, 8:57:29 PM"}
{"name":"Supply crate (Wintertodt)","level":-1,"killCount":-1,"type":"EVENT","drops":[{"name":"Mithril ore","id":448,"quantity":5,"price":126},{"name":"Gold ore","id":445,"quantity":8,"price":238}],"date":"Jul 11, 2022, 9:02:43 PM"}
{"name":"Supply crate (Wintertodt)","level":-1,"killCount":-1,"type":"EVENT","drops":[{"name":"Grimy ranarr weed","id":208,"quantity":1,"price":9163},{"name":"Uncut ruby","id":1620,"quantity":2,"price":1208}],"date":"Jul 11, 2022, 9:07:48 PM"}
{"name":"Supply crate (Wintertodt)","level":-1,"killCount":-1,"type":"EVENT","drops":[{"name":"Magic seed","id":5316,"quantity":1,"price":131565},{"name":"Dynamite","id":13574,"quantity":4,"price":387},{"name":"Dwarf weed seed","id":5303,"quantity":1,"price":843}],"date":"Jul 11, 2022, 9:13:07 PM"}
{"name":"Supply crate (Wintertodt)","level":-1,"killCount":-1,"type":"EVENT","drops":[{"name":"Uncut emerald","id":1622,"quantity":3,"price":570},{"name":"Raw tuna","id":360,"quantity":8,"price":47}],"date":"Jul 11, 2022, 9:18:35 PM"}
{"name":"Supply crate (Wintertodt)","level":-1,"killCount":-1,"type":"EVENT","drops":[{"name":"Adamantite ore","id":450,"quantity":2,"price":1095},{"name":"Coins","id":995,"quantity":2078,"price":1}],"date":"Jul 11, 2022, 9:23:36 PM"}
{"name":"Supply crate (Wintertodt)","level":-1,"killCount":-1,"type":"EVENT","drops":[{"name":"Coins","id":995,"quantity":3950,"price":1},{"name":"Grimy avantoe","id":212,"quantity":5,"price":1710},{"name":"Cadantine seed","id":5301,"quantity":1,"price":671}],"date":"Jul 11, 2022, 9:28:49 PM"}
{"name":"Supply crate (Wintertodt)","level":-1,"killCount":-1,"type":"EVENT","drops":[{"name":"Coins","id":995,"quantity":6298,"price":1}],"date":"Jul 11, 2022, 9:39:46 PM"}
{"name":"Supply crate (Wintertodt)","level":-1,"killCount":-1,"type":"EVENT","drops":[{"name":"Adamantite ore","id":450,"quantity":2,"price":1121},{"name":"Dynamite","id":13574,"quantity":4,"price":383}],"date":"Jul 11, 2022, 9:45:03 PM"}
{"name":"Supply crate (Wintertodt)","level":-1,"killCount":-1,"type":"EVENT","drops":[{"name":"Adamantite ore","id":450,"quantity":2,"price":1121},{"name":"Coins","id":995,"quantity":2680,"price":1}],"date":"Jul 11, 2022, 9:50:07 PM"}
{"name":"Supply crate (Wintertodt)","level":-1,"killCount":-1,"type":"EVENT","drops":[{"name":"Raw swordfish","id":372,"quantity":10,"price":272},{"name":"Raw lobster","id":378,"quantity":10,"price":146}],"date":"Jul 11, 2022, 9:55:06 PM"}
{"name":"Supply crate (Wintertodt)","level":-1,"killCount":-1,"type":"EVENT","drops":[{"name":"Avantoe seed","id":5298,"quantity":3,"price":427},{"name":"Yew logs","id":1516,"quantity":11,"price":212}],"date":"Jul 11, 2022, 10:00:07 PM"}
{"name":"Supply crate (Wintertodt)","level":-1,"killCount":-1,"type":"EVENT","drops":[{"name":"Runite ore","id":452,"quantity":2,"price":11155},{"name":"Teak logs","id":6334,"quantity":20,"price":200}],"date":"Jul 11, 2022, 10:05:15 PM"}
{"name":"Supply crate (Wintertodt)","level":-1,"killCount":-1,"type":"EVENT","drops":[{"name":"Uncut ruby","id":1620,"quantity":3,"price":1202},{"name":"Grimy dwarf weed","id":218,"quantity":4,"price":943}],"date":"Jul 11, 2022, 10:10:59 PM"}
{"name":"Supply crate (Wintertodt)","level":-1,"killCount":-1,"type":"EVENT","drops":[{"name":"Coins","id":995,"quantity":2607,"price":1},{"name":"Grimy cadantine","id":216,"quantity":4,"price":1614}],"date":"Jul 11, 2022, 10:16:41 PM"}
{"name":"Supply crate (Wintertodt)","level":-1,"killCount":-1,"type":"EVENT","drops":[{"name":"Coins","id":995,"quantity":3404,"price":1},{"name":"Mahogany logs","id":8836,"quantity":11,"price":368}],"date":"Jul 11, 2022, 10:22:06 PM"}
{"name":"Supply crate (Wintertodt)","level":-1,"killCount":-1,"type":"EVENT","drops":[{"name":"Uncut diamond","id":1618,"quantity":4,"price":2843},{"name":"Burnt page","id":20718,"quantity":10,"price":3103}],"date":"Jul 11, 2022, 10:26:46 PM"}
{"name":"Supply crate (Wintertodt)","level":-1,"killCount":-1,"type":"EVENT","drops":[],"date":"Jul 11, 2022, 10:32:37 PM"}
{"name":"Supply crate (Wintertodt)","level":-1,"killCount":-1,"type":"EVENT","drops":[{"name":"Raw shark","id":384,"quantity":10,"price":700},{"name":"Adamantite ore","id":450,"quantity":3,"price":1115},{"name":"Grimy lantadyme","id":2486,"quantity":2,"price":1403}],"date":"Jul 11, 2022, 10:32:39 PM"}
{"name":"Supply crate (Wintertodt)","level":-1,"killCount":-1,"type":"EVENT","drops":[{"name":"Raw trout","id":336,"quantity":9,"price":101},{"name":"Coal","id":454,"quantity":14,"price":155}],"date":"Jul 11, 2022, 10:37:51 PM"}
{"name":"Supply crate (Wintertodt)","level":-1,"killCount":-1,"type":"EVENT","drops":[{"name":"Coins","id":995,"quantity":4694,"price":1},{"name":"Raw salmon","id":332,"quantity":11,"price":49}],"date":"Jul 11, 2022, 10:43:08 PM"}
{"name":"Supply crate (Wintertodt)","level":-1,"killCount":-1,"type":"EVENT","drops":[{"name":"Raw shark","id":384,"quantity":8,"price":700},{"name":"Irit seed","id":5297,"quantity":2,"price":54},{"name":"Raw lobster","id":378,"quantity":8,"price":144}],"date":"Jul 11, 2022, 10:48:38 PM"}
{"name":"Supply crate (Wintertodt)","level":-1,"killCount":-1,"type":"EVENT","drops":[{"name":"Adamantite ore","id":450,"quantity":3,"price":1115},{"name":"Coins","id":995,"quantity":3869,"price":1},{"name":"Snapdragon seed","id":5300,"quantity":2,"price":80973}],"date":"Jul 11, 2022, 10:54:10 PM"}
{"name":"Supply crate (Wintertodt)","level":-1,"killCount":-1,"type":"EVENT","drops":[{"name":"Coins","id":995,"quantity":4013,"price":1},{"name":"Raw swordfish","id":372,"quantity":8,"price":227}],"date":"Sep 4, 2022, 7:31:55 PM"}
{"name":"Supply crate (Wintertodt)","level":-1,"killCount":-1,"type":"EVENT","drops":[{"name":"Coins","id":995,"quantity":2845,"price":1},{"name":"Mahogany logs","id":8836,"quantity":16,"price":241},{"name":"Magic seed","id":5316,"quantity":1,"price":83588}],"date":"Sep 4, 2022, 7:37:06 PM"}
{"name":"Supply crate (Wintertodt)","level":-1,"killCount":-1,"type":"EVENT","drops":[{"name":"Uncut diamond","id":1618,"quantity":1,"price":2717},{"name":"Grimy dwarf weed","id":218,"quantity":4,"price":800}],"date":"Sep 4, 2022, 7:42:27 PM"}
{"name":"Supply crate (Wintertodt)","level":-1,"killCount":-1,"type":"EVENT","drops":[{"name":"Runite ore","id":452,"quantity":2,"price":11071},{"name":"Grimy lantadyme","id":2486,"quantity":2,"price":1290}],"date":"Sep 4, 2022, 7:47:36 PM"}
{"name":"Supply crate (Wintertodt)","level":-1,"killCount":-1,"type":"EVENT","drops":[{"name":"Coins","id":995,"quantity":4407,"price":1},{"name":"Burnt page","id":20718,"quantity":27,"price":2273}],"date":"Sep 4, 2022, 7:53:06 PM"}
{"name":"Supply crate (Wintertodt)","level":-1,"killCount":-1,"type":"EVENT","drops":[{"name":"Raw swordfish","id":372,"quantity":6,"price":227},{"name":"Uncut sapphire","id":1624,"quantity":1,"price":271}],"date":"Sep 4, 2022, 7:58:33 PM"}
{"name":"Supply crate (Wintertodt)","level":-1,"killCount":-1,"type":"EVENT","drops":[{"name":"Mithril ore","id":448,"quantity":5,"price":112},{"name":"Coins","id":995,"quantity":3918,"price":1}],"date":"Sep 4, 2022, 8:03:36 PM"}
{"name":"Supply crate (Wintertodt)","level":-1,"killCount":-1,"type":"EVENT","drops":[{"name":"Avantoe seed","id":5298,"quantity":1,"price":277},{"name":"Dynamite","id":13574,"quantity":3,"price":307}],"date":"Sep 4, 2022, 8:09:17 PM"}
{"name":"Supply crate (Wintertodt)","level":-1,"killCount":-1,"type":"EVENT","drops":[{"name":"Grimy lantadyme","id":2486,"quantity":4,"price":1282},{"name":"Burnt page","id":20718,"quantity":28,"price":2325}],"date":"Sep 4, 2022, 8:14:19 PM"}
{"name":"Supply crate (Wintertodt)","level":-1,"killCount":-1,"type":"EVENT","drops":[{"name":"Runite ore","id":452,"quantity":2,"price":11009},{"name":"Raw lobster","id":378,"quantity":8,"price":151}],"date":"Sep 4, 2022, 8:19:32 PM"}
{"name":"Supply crate (Wintertodt)","level":-1,"killCount":-1,"type":"EVENT","drops":[{"name":"Grimy ranarr weed","id":208,"quantity":3,"price":7783},{"name":"Yew logs","id":1516,"quantity":18,"price":175}],"date":"Sep 4, 2022, 8:24:23 PM"}
{"name":"Supply crate (Wintertodt)","level":-1,"killCount":-1,"type":"EVENT","drops":[{"name":"Willow logs","id":1520,"quantity":12,"price":29},{"name":"Mahogany logs","id":8836,"quantity":16,"price":239}],"date":"Sep 4, 2022, 8:29:35 PM"}
{"name":"Supply crate (Wintertodt)","level":-1,"killCount":-1,"type":"EVENT","drops":[{"name":"Uncut diamond","id":1618,"quantity":3,"price":2695},{"name":"Maple logs","id":1518,"quantity":18,"price":8}],"date":"Sep 4, 2022, 8:34:39 PM"}
{"name":"Supply crate (Wintertodt)","level":-1,"killCount":-1,"type":"EVENT","drops":[{"name":"Yew seed","id":5315,"quantity":1,"price":43048},{"name":"Mahogany logs","id":8836,"quantity":19,"price":239}],"date":"Sep 4, 2022, 8:39:53 PM"}
{"name":"Supply crate (Wintertodt)","level":-1,"killCount":-1,"type":"EVENT","drops":[{"name":"Coins","id":995,"quantity":2423,"price":1},{"name":"Snapdragon seed","id":5300,"quantity":2,"price":62485},{"name":"Magic logs","id":1514,"quantity":19,"price":986}],"date":"Sep 4, 2022, 8:56:09 PM"}
{"name":"Supply crate (Wintertodt)","level":-1,"killCount":-1,"type":"EVENT","drops":[{"name":"Coins","id":995,"quantity":4819,"price":1},{"name":"Grimy lantadyme","id":2486,"quantity":3,"price":1290}],"date":"Sep 4, 2022, 9:01:48 PM"}
{"name":"Supply crate (Wintertodt)","level":-1,"killCount":-1,"type":"EVENT","drops":[{"name":"Raw tuna","id":360,"quantity":7,"price":42},{"name":"Grimy dwarf weed","id":218,"quantity":4,"price":783}],"date":"Sep 4, 2022, 9:07:27 PM"}
{"name":"Supply crate (Wintertodt)","level":-1,"killCount":-1,"type":"EVENT","drops":[{"name":"Grimy irit leaf","id":210,"quantity":5,"price":572},{"name":"Lantadyme seed","id":5302,"quantity":2,"price":596}],"date":"Sep 4, 2022, 9:12:46 PM"}
{"name":"Supply crate (Wintertodt)","level":-1,"killCount":-1,"type":"EVENT","drops":[{"name":"Uncut sapphire","id":1624,"quantity":2,"price":283},{"name":"Yew logs","id":1516,"quantity":19,"price":177},{"name":"Snape grass seed","id":22879,"quantity":5,"price":2436}],"date":"Sep 4, 2022, 9:18:22 PM"}
{"name":"Supply crate (Wintertodt)","level":-1,"killCount":-1,"type":"EVENT","drops":[{"name":"Coins","id":995,"quantity":4539,"price":1},{"name":"Grimy cadantine","id":216,"quantity":3,"price":1365}],"date":"Sep 4, 2022, 9:23:21 PM"}
{"name":"Supply crate (Wintertodt)","level":-1,"killCount":-1,"type":"EVENT","drops":[{"name":"Coins","id":995,"quantity":4657,"price":1},{"name":"Yew logs","id":1516,"quantity":14,"price":177}],"date":"Sep 4, 2022, 9:28:45 PM"}
{"name":"Supply crate (Wintertodt)","level":-1,"killCount":-1,"type":"EVENT","drops":[{"name":"Mithril ore","id":448,"quantity":4,"price":112},{"name":"Magic seed","id":5316,"quantity":1,"price":86399},{"name":"Coal","id":454,"quantity":10,"price":137}],"date":"Sep 4, 2022, 9:34:01 PM"}
{"name":"Supply crate (Wintertodt)","level":-1,"killCount":-1,"type":"EVENT","drops":[{"name":"Grimy torstol","id":220,"quantity":3,"price":7390},{"name":"Saltpetre","id":13422,"quantity":5,"price":5}],"date":"Sep 4, 2022, 9:39:10 PM"}
{"name":"Supply crate (Wintertodt)","level":-1,"killCount":-1,"type":"EVENT","drops":[{"name":"Mithril ore","id":448,"quantity":5,"price":111},{"name":"Coins","id":995,"quantity":3081,"price":1}],"date":"Sep 4, 2022, 9:44:01 PM"}
{"name":"Supply crate (Wintertodt)","level":-1,"killCount":-1,"type":"EVENT","drops":[{"name":"Raw shark","id":384,"quantity":18,"price":530},{"name":"Uncut diamond","id":1618,"quantity":2,"price":2693}],"date":"Sep 4, 2022, 9:50:02 PM"}
{"name":"Supply crate (Wintertodt)","level":-1,"killCount":-1,"type":"EVENT","drops":[{"name":"Raw swordfish","id":372,"quantity":10,"price":230},{"name":"Burnt page","id":20718,"quantity":9,"price":2276}],"date":"Sep 4, 2022, 9:55:25 PM"}
{"name":"Supply crate (Wintertodt)","level":-1,"killCount":-1,"type":"EVENT","drops":[{"name":"Coins","id":995,"quantity":4646,"price":1},{"name":"Snapdragon seed","id":5300,"quantity":3,"price":60000}],"date":"Sep 4, 2022, 10:01:22 PM"}
{"name":"Supply crate (Wintertodt)","level":-1,"killCount":-1,"type":"EVENT","drops":[{"name":"Coins","id":995,"quantity":2578,"price":1},{"name":"Yew logs","id":1516,"quantity":16,"price":173},{"name":"Teak logs","id":6334,"quantity":19,"price":162}],"date":"Sep 4, 2022, 10:06:15 PM"}
{"name":"Supply crate (Wintertodt)","level":-1,"killCount":-1,"type":"EVENT","drops":[{"name":"Yew seed","id":5315,"quantity":1,"price":43501},{"name":"Coins","id":995,"quantity":2311,"price":1}],"date":"Sep 4, 2022, 10:11:44 PM"}
{"name":"Supply crate (Wintertodt)","level":-1,"killCount":-1,"type":"EVENT","drops":[{"name":"Coins","id":995,"quantity":2664,"price":1},{"name":"Uncut sapphire","id":1624,"quantity":1,"price":241}],"date":"Oct 20, 2022, 1:26:04 PM"}
{"name":"Supply crate (Wintertodt)","level":-1,"killCount":-1,"type":"EVENT","drops":[{"name":"Uncut diamond","id":1618,"quantity":2,"price":2899},{"name":"Grimy lantadyme","id":2486,"quantity":3,"price":1403}],"date":"Oct 20, 2022, 1:30:59 PM"}
{"name":"Supply crate (Wintertodt)","level":-1,"killCount":-1,"type":"EVENT","drops":[{"name":"Raw swordfish","id":372,"quantity":6,"price":231},{"name":"Lantadyme seed","id":5302,"quantity":3,"price":466},{"name":"Grimy cadantine","id":216,"quantity":3,"price":2584}],"date":"Nov 3, 2022, 2:12:02 PM"}
{"name":"Supply crate (Wintertodt)","level":-1,"killCount":-1,"type":"EVENT","drops":[{"name":"Mahogany logs","id":8836,"quantity":11,"price":270},{"name":"Raw lobster","id":378,"quantity":9,"price":165},{"name":"Gold ore","id":445,"quantity":8,"price":214}],"date":"Nov 3, 2022, 2:17:39 PM"}
{"name":"Supply crate (Wintertodt)","level":-1,"killCount":-1,"type":"EVENT","drops":[{"name":"Coins","id":995,"quantity":10254,"price":1},{"name":"Dynamite","id":13574,"quantity":5,"price":715},{"name":"Saltpetre","id":13422,"quantity":5,"price":7},{"name":"Grimy avantoe","id":212,"quantity":4,"price":2179},{"name":"Grimy lantadyme","id":2486,"quantity":4,"price":1629},{"name":"Torstol seed","id":5304,"quantity":2,"price":19248}],"date":"Dec 3, 2022, 12:50:43 PM"}
{"name":"Supply crate (Wintertodt)","level":-1,"killCount":-1,"type":"EVENT","drops":[{"name":"Uncut diamond","id":1618,"quantity":1,"price":2954},{"name":"Coins","id":995,"quantity":3928,"price":1},{"name":"Mahogany logs","id":8836,"quantity":19,"price":327}],"date":"Dec 3, 2022, 12:58:48 PM"}
{"name":"Supply crate (Wintertodt)","level":-1,"killCount":-1,"type":"EVENT","drops":[{"name":"Raw shark","id":384,"quantity":10,"price":525},{"name":"Uncut diamond","id":1618,"quantity":3,"price":2954},{"name":"Kwuarm seed","id":5299,"quantity":2,"price":624}],"date":"Dec 3, 2022, 1:04:02 PM"}
{"name":"Supply crate (Wintertodt)","level":-1,"killCount":-1,"type":"EVENT","drops":[{"name":"Uncut ruby","id":1620,"quantity":4,"price":1155},{"name":"Burnt page","id":20718,"quantity":8,"price":2864},{"name":"Teak logs","id":6334,"quantity":18,"price":153}],"date":"Dec 3, 2022, 1:09:16 PM"}
{"name":"Supply crate (Wintertodt)","level":-1,"killCount":-1,"type":"EVENT","drops":[{"name":"Coins","id":995,"quantity":2365,"price":1},{"name":"Raw tuna","id":360,"quantity":9,"price":42},{"name":"Saltpetre","id":13422,"quantity":3,"price":7}],"date":"Dec 6, 2022, 10:59:21 AM"}
{"name":"Supply crate (Wintertodt)","level":-1,"killCount":-1,"type":"EVENT","drops":[{"name":"Mahogany logs","id":8836,"quantity":12,"price":323},{"name":"Dynamite","id":13574,"quantity":3,"price":693},{"name":"Raw lobster","id":378,"quantity":9,"price":162}],"date":"Dec 6, 2022, 11:04:36 AM"}
{"name":"Supply crate (Wintertodt)","level":-1,"killCount":-1,"type":"EVENT","drops":[{"name":"Adamantite ore","id":450,"quantity":2,"price":1136},{"name":"Coins","id":995,"quantity":2594,"price":1}],"date":"Dec 21, 2022, 11:21:06 AM"}
{"name":"Supply crate (Wintertodt)","level":-1,"killCount":-1,"type":"EVENT","drops":[{"name":"Coins","id":995,"quantity":4815,"price":1},{"name":"Dwarf weed seed","id":5303,"quantity":2,"price":356}],"date":"Dec 21, 2022, 11:26:30 AM"}
{"name":"Supply crate (Wintertodt)","level":-1,"killCount":-1,"type":"EVENT","drops":[{"name":"Coins","id":995,"quantity":2618,"price":1},{"name":"Grimy kwuarm","id":214,"quantity":4,"price":2279},{"name":"Magic logs","id":1514,"quantity":14,"price":1067}],"date":"Dec 21, 2022, 11:31:33 AM"}
{"name":"Supply crate (Wintertodt)","level":-1,"killCount":-1,"type":"EVENT","drops":[{"name":"Adamantite ore","id":450,"quantity":3,"price":1136},{"name":"Grimy dwarf weed","id":218,"quantity":2,"price":924}],"date":"Dec 21, 2022, 11:36:56 AM"}
{"name":"Supply crate (Wintertodt)","level":-1,"killCount":-1,"type":"EVENT","drops":[{"name":"Uncut diamond","id":1618,"quantity":3,"price":2789},{"name":"Coins","id":995,"quantity":4599,"price":1},{"name":"Yew logs","id":1516,"quantity":19,"price":243}],"date":"Dec 21, 2022, 11:42:34 AM"}
{"name":"Supply crate (Wintertodt)","level":-1,"killCount":-1,"type":"EVENT","drops":[{"name":"Runite ore","id":452,"quantity":2,"price":11130},{"name":"Cadantine seed","id":5301,"quantity":3,"price":1509}],"date":"Dec 21, 2022, 11:53:10 AM"}
{"name":"Supply crate (Wintertodt)","level":-1,"killCount":-1,"type":"EVENT","drops":[{"name":"Mithril ore","id":448,"quantity":5,"price":140},{"name":"Lantadyme seed","id":5302,"quantity":2,"price":482},{"name":"Maple logs","id":1518,"quantity":20,"price":7}],"date":"Dec 21, 2022, 11:58:16 AM"}
{"name":"Supply crate (Wintertodt)","level":-1,"killCount":-1,"type":"EVENT","drops":[{"name":"Uncut diamond","id":1618,"quantity":3,"price":2835},{"name":"Saltpetre","id":13422,"quantity":5,"price":6}],"date":"Dec 21, 2022, 12:03:19 PM"}
{"name":"Supply crate (Wintertodt)","level":-1,"killCount":-1,"type":"EVENT","drops":[{"name":"Coins","id":995,"quantity":3977,"price":1},{"name":"Grimy torstol","id":220,"quantity":1,"price":4582},{"name":"Saltpetre","id":13422,"quantity":5,"price":6}],"date":"Dec 21, 2022, 12:08:33 PM"}
{"name":"Supply crate (Wintertodt)","level":-1,"killCount":-1,"type":"EVENT","drops":[{"name":"Raw shark","id":384,"quantity":10,"price":475},{"name":"Magic seed","id":5316,"quantity":1,"price":79379}],"date":"Dec 21, 2022, 12:13:31 PM"}
{"name":"Supply crate (Wintertodt)","level":-1,"killCount":-1,"type":"EVENT","drops":[{"name":"Grimy irit leaf","id":210,"quantity":3,"price":829},{"name":"Grimy torstol","id":220,"quantity":2,"price":4582}],"date":"Dec 21, 2022, 12:18:38 PM"}
{"name":"Supply crate (Wintertodt)","level":-1,"killCount":-1,"type":"EVENT","drops":[{"name":"Uncut diamond","id":1618,"quantity":3,"price":2835},{"name":"Coins","id":995,"quantity":2536,"price":1},{"name":"Dynamite","id":13574,"quantity":4,"price":543}],"date":"Dec 21, 2022, 12:24:03 PM"}
{"name":"Supply crate (Wintertodt)","level":-1,"killCount":-1,"type":"EVENT","drops":[{"name":"Avantoe seed","id":5298,"quantity":2,"price":405},{"name":"Coins","id":995,"quantity":4189,"price":1},{"name":"Grimy kwuarm","id":214,"quantity":2,"price":2290}],"date":"Dec 21, 2022, 12:29:25 PM"}
{"name":"Supply crate (Wintertodt)","level":-1,"killCount":-1,"type":"EVENT","drops":[{"name":"Raw swordfish","id":372,"quantity":8,"price":220},{"name":"Dynamite","id":13574,"quantity":3,"price":543},{"name":"Coal","id":454,"quantity":12,"price":165}],"date":"Dec 21, 2022, 12:34:46 PM"}
{"name":"Supply crate (Wintertodt)","level":-1,"killCount":-1,"type":"EVENT","drops":[{"name":"Coins","id":995,"quantity":2794,"price":1},{"name":"Mahogany logs","id":8836,"quantity":11,"price":339},{"name":"Torstol seed","id":5304,"quantity":3,"price":16502}],"date":"Dec 21, 2022, 12:40:23 PM"}
{"name":"Supply crate (Wintertodt)","level":-1,"killCount":-1,"type":"EVENT","drops":[{"name":"Uncut diamond","id":1618,"quantity":1,"price":2835},{"name":"Mahogany logs","id":8836,"quantity":18,"price":339}],"date":"Dec 21, 2022, 12:45:06 PM"}
{"name":"Supply crate (Wintertodt)","level":-1,"killCount":-1,"type":"EVENT","drops":[{"name":"Uncut ruby","id":1620,"quantity":2,"price":1046},{"name":"Raw swordfish","id":372,"quantity":9,"price":220},{"name":"Gold ore","id":445,"quantity":10,"price":292}],"date":"Dec 21, 2022, 12:50:28 PM"}
{"name":"Supply crate (Wintertodt)","level":-1,"killCount":-1,"type":"EVENT","drops":[{"name":"Coins","id":995,"quantity":5511,"price":1},{"name":"Yew logs","id":1516,"quantity":18,"price":242}],"date":"Dec 21, 2022, 12:55:30 PM"}
{"name":"Supply crate (Wintertodt)","level":-1,"killCount":-1,"type":"EVENT","drops":[{"name":"Coins","id":995,"quantity":4450,"price":1},{"name":"Uncut sapphire","id":1624,"quantity":2,"price":266}],"date":"Mar 3, 2023, 11:35:40 AM"}
{"name":"Supply crate (Wintertodt)","level":-1,"killCount":-1,"type":"EVENT","drops":[{"name":"Uncut diamond","id":1618,"quantity":1,"price":2365},{"name":"Uncut sapphire","id":1624,"quantity":1,"price":266}],"date":"Mar 3, 2023, 11:40:45 AM"}
{"name":"Supply crate (Wintertodt)","level":-1,"killCount":-1,"type":"EVENT","drops":[{"name":"Raw lobster","id":378,"quantity":13,"price":133}],"date":"Mar 3, 2023, 12:30:40 PM"}
{"name":"Supply crate (Wintertodt)","level":-1,"killCount":-1,"type":"EVENT","drops":[{"name":"Dynamite","id":13574,"quantity":5,"price":533},{"name":"Grimy cadantine","id":216,"quantity":2,"price":3299}],"date":"Mar 4, 2023, 8:06:24 PM"}
{"name":"Supply crate (Wintertodt)","level":-1,"killCount":-1,"type":"EVENT","drops":[],"date":"Mar 4, 2023, 8:06:29 PM"}
{"name":"Supply crate (Wintertodt)","level":-1,"killCount":-1,"type":"EVENT","drops":[{"name":"Yew logs","id":1516,"quantity":13,"price":284},{"name":"Grimy torstol","id":220,"quantity":2,"price":3253}],"date":"Mar 4, 2023, 8:06:33 PM"}
{"name":"Supply crate (Wintertodt)","level":-1,"killCount":-1,"type":"EVENT","drops":[{"name":"Dwarf weed seed","id":5303,"quantity":1,"price":383},{"name":"Raw lobster","id":378,"quantity":11,"price":133}],"date":"Mar 4, 2023, 8:06:34 PM"}
{"name":"Supply crate (Wintertodt)","level":-1,"killCount":-1,"type":"EVENT","drops":[{"name":"Coins","id":995,"quantity":4496,"price":1},{"name":"Lantadyme seed","id":5302,"quantity":1,"price":445},{"name":"Grimy harralander","id":206,"quantity":6,"price":500}],"date":"Mar 4, 2023, 8:06:34 PM"}
{"name":"Supply crate (Wintertodt)","level":-1,"killCount":-1,"type":"EVENT","drops":[{"name":"Mithril ore","id":448,"quantity":3,"price":153},{"name":"Torstol seed","id":5304,"quantity":3,"price":8781}],"date":"Mar 4, 2023, 8:06:35 PM"}
{"name":"Supply crate (Wintertodt)","level":-1,"killCount":-1,"type":"EVENT","drops":[{"name":"Gold ore","id":445,"quantity":11,"price":212},{"name":"Saltpetre","id":13422,"quantity":5,"price":6}],"date":"Mar 4, 2023, 8:06:36 PM"}
{"name":"Supply crate (Wintertodt)","level":-1,"killCount":-1,"type":"EVENT","drops":[{"name":"Saltpetre","id":13422,"quantity":4,"price":6},{"name":"Raw swordfish","id":372,"quantity":11,"price":171}],"date":"Mar 4, 2023, 8:06:36 PM"}
{"name":"Supply crate (Wintertodt)","level":-1,"killCount":-1,"type":"EVENT","drops":[{"name":"Mithril ore","id":448,"quantity":4,"price":153},{"name":"Saltpetre","id":13422,"quantity":3,"price":6},{"name":"Uncut diamond","id":1618,"quantity":3,"price":2387}],"date":"Mar 4, 2023, 8:06:37 PM"}
{"name":"Supply crate (Wintertodt)","level":-1,"killCount":-1,"type":"EVENT","drops":[{"name":"Adamantite ore","id":450,"quantity":3,"price":1180},{"name":"Magic seed","id":5316,"quantity":1,"price":72273},{"name":"Grimy cadantine","id":216,"quantity":4,"price":3299}],"date":"Mar 4, 2023, 8:06:37 PM"}
{"name":"Supply crate (Wintertodt)","level":-1,"killCount":-1,"type":"EVENT","drops":[{"name":"Coins","id":995,"quantity":5713,"price":1}],"date":"Apr 6, 2023, 9:13:54 AM"}
{"name":"Supply crate (Wintertodt)","level":-1,"killCount":-1,"type":"EVENT","drops":[{"name":"Coins","id":995,"quantity":3279,"price":1},{"name":"Lantadyme seed","id":5302,"quantity":3,"price":423}],"date":"Apr 6, 2023, 9:19:15 AM"}
{"name":"Supply crate (Wintertodt)","level":-1,"killCount":-1,"type":"EVENT","drops":[{"name":"Pyromancer garb","id":20704,"quantity":1,"price":0},{"name":"Adamantite ore","id":450,"quantity":3,"price":1062},{"name":"Cadantine seed","id":5301,"quantity":3,"price":3907}],"date":"Apr 6, 2023, 9:24:19 AM"}
{"name":"Supply crate (Wintertodt)","level":-1,"killCount":-1,"type":"EVENT","drops":[{"name":"Uncut diamond","id":1618,"quantity":3,"price":2421},{"name":"Raw lobster","id":378,"quantity":9,"price":151},{"name":"Magic logs","id":1514,"quantity":18,"price":998}],"date":"Apr 6, 2023, 9:29:08 AM"}
{"name":"Supply crate (Wintertodt)","level":-1,"killCount":-1,"type":"EVENT","drops":[],"date":"Apr 6, 2023, 9:34:56 AM"}
{"name":"Supply crate (Wintertodt)","level":-1,"killCount":-1,"type":"EVENT","drops":[{"name":"Coins","id":995,"quantity":2159,"price":1},{"name":"Snapdragon seed","id":5300,"quantity":3,"price":32156}],"date":"Apr 6, 2023, 9:34:58 AM"}
{"name":"Supply crate (Wintertodt)","level":-1,"killCount":-1,"type":"EVENT","drops":[{"name":"Uncut diamond","id":1618,"quantity":2,"price":2421},{"name":"Coins","id":995,"quantity":2537,"price":1}],"date":"Apr 6, 2023, 9:39:46 AM"}
{"name":"Supply crate (Wintertodt)","level":-1,"killCount":-1,"type":"EVENT","drops":[{"name":"Grimy lantadyme","id":2486,"quantity":3,"price":1592},{"name":"Grimy dwarf weed","id":218,"quantity":2,"price":1286},{"name":"Magic logs","id":1514,"quantity":20,"price":998}],"date":"Apr 6, 2023, 9:45:33 AM"}
{"name":"Supply crate (Wintertodt)","level":-1,"killCount":-1,"type":"EVENT","drops":[{"name":"Coins","id":995,"quantity":8595,"price":1}],"date":"Apr 6, 2023, 9:50:49 AM"}
{"name":"Supply crate (Wintertodt)","level":-1,"killCount":-1,"type":"EVENT","drops":[{"name":"Coins","id":995,"quantity":7065,"price":1},{"name":"Grimy torstol","id":220,"quantity":1,"price":3248}],"date":"Apr 6, 2023, 9:55:54 AM"}
{"name":"Supply crate (Wintertodt)","level":-1,"killCount":-1,"type":"EVENT","drops":[{"name":"Uncut ruby","id":1620,"quantity":2,"price":994},{"name":"Grimy dwarf weed","id":218,"quantity":3,"price":1286},{"name":"Maple logs","id":1518,"quantity":12,"price":10}],"date":"Apr 6, 2023, 10:55:23 AM"}
{"name":"Supply crate (Wintertodt)","level":-1,"killCount":-1,"type":"EVENT","drops":[{"name":"Mahogany logs","id":8836,"quantity":14,"price":410},{"name":"Gold ore","id":445,"quantity":10,"price":200}],"date":"Apr 6, 2023, 11:00:43 AM"}
{"name":"Supply crate (Wintertodt)","level":-1,"killCount":-1,"type":"EVENT","drops":[{"name":"Uncut diamond","id":1618,"quantity":3,"price":2421},{"name":"Grimy cadantine","id":216,"quantity":4,"price":2704},{"name":"Yew logs","id":1516,"quantity":18,"price":270}],"date":"Apr 6, 2023, 11:06:16 AM"}
{"name":"Supply crate (Wintertodt)","level":-1,"killCount":-1,"type":"EVENT","drops":[{"name":"Raw shark","id":384,"quantity":7,"price":363},{"name":"Coins","id":995,"quantity":3539,"price":1}],"date":"Apr 6, 2023, 11:11:16 AM"}
{"name":"Supply crate (Wintertodt)","level":-1,"killCount":-1,"type":"EVENT","drops":[{"name":"Coins","id":995,"quantity":4086,"price":1},{"name":"Mahogany logs","id":8836,"quantity":10,"price":410}],"date":"Apr 6, 2023, 11:16:27 AM"}
{"name":"Supply crate (Wintertodt)","level":-1,"killCount":-1,"type":"EVENT","drops":[{"name":"Torstol seed","id":5304,"quantity":3,"price":7227},{"name":"Grimy torstol","id":220,"quantity":3,"price":3248}],"date":"Apr 6, 2023, 11:21:56 AM"}
{"name":"Supply crate (Wintertodt)","level":-1,"killCount":-1,"type":"EVENT","drops":[{"name":"Coins","id":995,"quantity":7076,"price":1}],"date":"Apr 6, 2023, 11:27:57 AM"}
{"name":"Supply crate (Wintertodt)","level":-1,"killCount":-1,"type":"EVENT","drops":[{"name":"Cadantine seed","id":5301,"quantity":2,"price":3907},{"name":"Lantadyme seed","id":5302,"quantity":3,"price":423},{"name":"Grimy cadantine","id":216,"quantity":4,"price":2704}],"date":"Apr 6, 2023, 11:33:03 AM"}
{"name":"Supply crate (Wintertodt)","level":-1,"killCount":-1,"type":"EVENT","drops":[{"name":"Uncut diamond","id":1618,"quantity":1,"price":2162},{"name":"Mahogany logs","id":8836,"quantity":20,"price":375},{"name":"Snape grass seed","id":22879,"quantity":7,"price":3844}],"date":"Jan 16, 2024, 9:53:46 AM"}
{"name":"Supply crate (Wintertodt)","level":-1,"killCount":-1,"type":"EVENT","drops":[{"name":"Burnt page","id":20718,"quantity":9,"price":3134},{"name":"Snape grass seed","id":22879,"quantity":4,"price":3844}],"date":"Jan 16, 2024, 9:59:04 AM"}
{"name":"Supply crate (Wintertodt)","level":-1,"killCount":-1,"type":"EVENT","drops":[{"name":"Uncut diamond","id":1618,"quantity":2,"price":2162},{"name":"Dwarf weed seed","id":5303,"quantity":2,"price":857}],"date":"Jan 16, 2024, 10:09:15 AM"}
{"name":"Supply crate (Wintertodt)","level":-1,"killCount":-1,"type":"EVENT","drops":[{"name":"Coins","id":995,"quantity":3806,"price":1},{"name":"Lantadyme seed","id":5302,"quantity":2,"price":251},{"name":"Snape grass seed","id":22879,"quantity":7,"price":3844}],"date":"Jan 16, 2024, 10:14:57 AM"}
