{"name":"Supply crate (Mahogany Homes)","level":-1,"killCount":-1,"type":"EVENT","drops":[{"name":"Teak plank","id":8781,"quantity":15,"price":803}],"date":"Jun 23, 2022, 10:09:17 AM"}
{"name":"Supply crate (Mahogany Homes)","level":-1,"killCount":-1,"type":"EVENT","drops":[{"name":"Oak plank","id":8779,"quantity":29,"price":406},{"name":"Teak plank","id":8781,"quantity":15,"price":803},{"name":"Mahogany plank","id":8783,"quantity":6,"price":2096}],"date":"Jun 23, 2022, 10:09:18 AM"}
{"name":"Supply crate (Mahogany Homes)","level":-1,"killCount":-1,"type":"EVENT","drops":[{"name":"Soft clay","id":1762,"quantity":47,"price":164}],"date":"Jun 23, 2022, 10:09:19 AM"}
{"name":"Supply crate (Mahogany Homes)","level":-1,"killCount":-1,"type":"EVENT","drops":[{"name":"Soft clay","id":1762,"quantity":91,"price":164}],"date":"Jun 23, 2022, 10:09:20 AM"}
{"name":"Supply crate (Mahogany Homes)","level":-1,"killCount":-1,"type":"EVENT","drops":[{"name":"Soft clay","id":1762,"quantity":94,"price":164},{"name":"Teak plank","id":8781,"quantity":15,"price":803}],"date":"Jun 23, 2022, 10:09:20 AM"}
{"name":"Supply crate (Mahogany Homes)","level":-1,"killCount":-1,"type":"EVENT","drops":[{"name":"Soft clay","id":1762,"quantity":48,"price":164},{"name":"Steel bar","id":2354,"quantity":24,"price":414}],"date":"Jun 23, 2022, 10:09:21 AM"}
{"name":"Supply crate (Mahogany Homes)","level":-1,"killCount":-1,"type":"EVENT","drops":[{"name":"Mahogany plank","id":8783,"quantity":6,"price":2096}],"date":"Jun 23, 2022, 10:09:21 AM"}
{"name":"Supply crate (Mahogany Homes)","level":-1,"killCount":-1,"type":"EVENT","drops":[{"name":"Soft clay","id":1762,"quantity":47,"price":164},{"name":"Limestone brick","id":3421,"quantity":9,"price":186}],"date":"Jun 23, 2022, 10:09:22 AM"}
{"name":"Supply crate (Mahogany Homes)","level":-1,"killCount":-1,"type":"EVENT","drops":[{"name":"Oak plank","id":8779,"quantity":30,"price":406},{"name":"Teak plank","id":8781,"quantity":15,"price":803}],"date":"Jun 23, 2022, 10:09:23 AM"}
{"name":"Supply crate (Mahogany Homes)","level":-1,"killCount":-1,"type":"EVENT","drops":[{"name":"Oak plank","id":8779,"quantity":58,"price":406},{"name":"Mahogany plank","id":8783,"quantity":6,"price":2096}],"date":"Jun 23, 2022, 10:09:23 AM"}
{"name":"Supply crate (Mahogany Homes)","level":-1,"killCount":-1,"type":"EVENT","drops":[{"name":"Oak plank","id":8779,"quantity":59,"price":406}],"date":"Jun 23, 2022, 10:09:32 AM"}
{"name":"Supply crate (Mahogany Homes)","level":-1,"killCount":-1,"type":"EVENT","drops":[{"name":"Oak plank","id":8779,"quantity":29,"price":406},{"name":"Teak plank","id":8781,"quantity":16,"price":803},{"name":"Mahogany plank","id":8783,"quantity":12,"price":2096}],"date":"Jun 23, 2022, 10:09:33 AM"}
{"name":"Supply crate (Mahogany Homes)","level":-1,"killCount":-1,"type":"EVENT","drops":[{"name":"Oak plank","id":8779,"quantity":58,"price":406},{"name":"Limestone brick","id":3421,"quantity":9,"price":186}],"date":"Jun 23, 2022, 10:09:34 AM"}
{"name":"Supply crate (Mahogany Homes)","level":-1,"killCount":-1,"type":"EVENT","drops":[{"name":"Steel bar","id":2354,"quantity":24,"price":409}],"date":"Sep 2, 2022, 8:38:53 AM"}
{"name":"Supply crate (Mahogany Homes)","level":-1,"killCount":-1,"type":"EVENT","drops":[{"name":"Steel bar","id":2354,"quantity":25,"price":409},{"name":"Soft clay","id":1762,"quantity":46,"price":161}],"date":"Sep 2, 2022, 8:38:55 AM"}
{"name":"Supply crate (Mahogany Homes)","level":-1,"killCount":-1,"type":"EVENT","drops":[{"name":"Steel bar","id":2354,"quantity":24,"price":409},{"name":"Soft clay","id":1762,"quantity":47,"price":161}],"date":"Sep 2, 2022, 8:38:55 AM"}
{"name":"Supply crate (Mahogany Homes)","level":-1,"killCount":-1,"type":"EVENT","drops":[],"date":"Sep 2, 2022, 8:38:56 AM"}
{"name":"Supply crate (Mahogany Homes)","level":-1,"killCount":-1,"type":"EVENT","drops":[],"date":"Sep 2, 2022, 8:38:56 AM"}
{"name":"Supply crate (Mahogany Homes)","level":-1,"killCount":-1,"type":"EVENT","drops":[{"name":"Soft clay","id":1762,"quantity":45,"price":161},{"name":"Mahogany plank","id":8783,"quantity":6,"price":1869}],"date":"Sep 2, 2022, 8:38:57 AM"}
{"name":"Supply crate (Mahogany Homes)","level":-1,"killCount":-1,"type":"EVENT","drops":[{"name":"Steel bar","id":2354,"quantity":47,"price":409},{"name":"Mahogany plank","id":8783,"quantity":6,"price":1869}],"date":"Sep 2, 2022, 8:38:58 AM"}
{"name":"Supply crate (Mahogany Homes)","level":-1,"killCount":-1,"type":"EVENT","drops":[{"name":"Steel bar","id":2354,"quantity":24,"price":409},{"name":"Limestone brick","id":3421,"quantity":9,"price":142}],"date":"Sep 2, 2022, 8:38:58 AM"}
{"name":"Supply crate (Mahogany Homes)","level":-1,"killCount":-1,"type":"EVENT","drops":[{"name":"Oak plank","id":8779,"quantity":29,"price":413}],"date":"Sep 2, 2022, 8:38:59 AM"}
{"name":"Supply crate (Mahogany Homes)","level":-1,"killCount":-1,"type":"EVENT","drops":[{"name":"Oak plank","id":8779,"quantity":59,"price":413}],"date":"Sep 2, 2022, 8:39:00 AM"}
{"name":"Supply crate (Mahogany Homes)","level":-1,"killCount":-1,"type":"EVENT","drops":[{"name":"Soft clay","id":1762,"quantity":46,"price":161},{"name":"Mahogany plank","id":8783,"quantity":6,"price":1869}],"date":"Sep 2, 2022, 8:39:01 AM"}
{"name":"Supply crate (Mahogany Homes)","level":-1,"killCount":-1,"type":"EVENT","drops":[{"name":"Steel bar","id":2354,"quantity":24,"price":409},{"name":"Oak plank","id":8779,"quantity":57,"price":413}],"date":"Sep 2, 2022, 8:39:01 AM"}
{"name":"Supply crate (Mahogany Homes)","level":-1,"killCount":-1,"type":"EVENT","drops":[{"name":"Mahogany plank","id":8783,"quantity":13,"price":1869}],"date":"Sep 2, 2022, 8:39:10 AM"}
{"name":"Supply crate (Mahogany Homes)","level":-1,"killCount":-1,"type":"EVENT","drops":[{"name":"Oak plank","id":8779,"quantity":30,"price":413},{"name":"Mahogany plank","id":8783,"quantity":6,"price":1869}],"date":"Sep 2, 2022, 8:39:11 AM"}
{"name":"Supply crate (Mahogany Homes)","level":-1,"killCount":-1,"type":"EVENT","drops":[{"name":"Steel bar","id":2354,"quantity":23,"price":409},{"name":"Oak plank","id":8779,"quantity":28,"price":413}],"date":"Sep 2, 2022, 8:39:11 AM"}
{"name":"Supply crate (Mahogany Homes)","level":-1,"killCount":-1,"type":"EVENT","drops":[{"name":"Soft clay","id":1762,"quantity":46,"price":161},{"name":"Mahogany plank","id":8783,"quantity":12,"price":1869}],"date":"Sep 2, 2022, 8:39:12 AM"}
{"name":"Supply crate (Mahogany Homes)","level":-1,"killCount":-1,"type":"EVENT","drops":[{"name":"Steel bar","id":2354,"quantity":24,"price":409},{"name":"Teak plank","id":8781,"quantity":15,"price":784}],"date":"Sep 2, 2022, 8:39:13 AM"}
{"name":"Supply crate (Mahogany Homes)","level":-1,"killCount":-1,"type":"EVENT","drops":[{"name":"Oak plank","id":8779,"quantity":59,"price":413}],"date":"Sep 2, 2022, 8:39:13 AM"}
{"name":"Supply crate (Mahogany Homes)","level":-1,"killCount":-1,"type":"EVENT","drops":[{"name":"Soft clay","id":1762,"quantity":46,"price":161},{"name":"Bolt of cloth","id":8791,"quantity":9,"price":974}],"date":"Sep 2, 2022, 8:39:14 AM"}
{"name":"Supply crate (Mahogany Homes)","level":-1,"killCount":-1,"type":"EVENT","drops":[{"name":"Soft clay","id":1762,"quantity":47,"price":161},{"name":"Oak plank","id":8779,"quantity":30,"price":413}],"date":"Sep 2, 2022, 8:39:14 AM"}
{"name":"Supply crate (Mahogany Homes)","level":-1,"killCount":-1,"type":"EVENT","drops":[{"name":"Oak plank","id":8779,"quantity":28,"price":413}],"date":"Sep 2, 2022, 8:39:23 AM"}
{"name":"Supply crate (Mahogany Homes)","level":-1,"killCount":-1,"type":"EVENT","drops":[{"name":"Soft clay","id":1762,"quantity":48,"price":161}],"date":"Sep 2, 2022, 8:39:23 AM"}
{"name":"Supply crate (Mahogany Homes)","level":-1,"killCount":-1,"type":"EVENT","drops":[{"name":"Teak plank","id":8781,"quantity":16,"price":784}],"date":"Sep 2, 2022, 8:39:24 AM"}
{"name":"Supply crate (Mahogany Homes)","level":-1,"killCount":-1,"type":"EVENT","drops":[{"name":"Oak plank","id":8779,"quantity":28,"price":413},{"name":"Mahogany plank","id":8783,"quantity":6,"price":1869}],"date":"Sep 2, 2022, 8:39:25 AM"}
{"name":"Supply crate (Mahogany Homes)","level":-1,"killCount":-1,"type":"EVENT","drops":[{"name":"Steel bar","id":2354,"quantity":23,"price":409},{"name":"Oak plank","id":8779,"quantity":28,"price":413}],"date":"Sep 2, 2022, 8:39:25 AM"}
