{"name":"Tombs of Amascut","level":-1,"killCount":-1,"type":"EVENT","drops":[{"name":"Raw manta ray","id":389,"quantity":16,"price":823},{"name":"Blood essence","id":26390,"quantity":1,"price":60068},{"name":"Magic seed","id":5316,"quantity":1,"price":82424}],"date":"Dec 15, 2022, 4:35:34 PM"}
{"name":"Tombs of Amascut","level":-1,"killCount":-1,"type":"EVENT","drops":[{"name":"Gold bar","id":2357,"quantity":43,"price":84},{"name":"Lily of the sands","id":27272,"quantity":9,"price":2236},{"name":"Coins","id":995,"quantity":10998,"price":1}],"date":"Dec 17, 2022, 11:41:45 PM"}
{"name":"Tombs of Amascut","level":-1,"killCount":-1,"type":"EVENT","drops":[{"name":"Magic seed","id":5316,"quantity":2,"price":79871},{"name":"Coconut milk","id":5935,"quantity":14,"price":256},{"name":"Cache of runes","id":27293,"quantity":1,"price":0}],"date":"Dec 18, 2022, 12:40:37 AM"}
{"name":"Tombs of Amascut","level":-1,"killCount":-1,"type":"EVENT","drops":[{"name":"Magic seed","id":5316,"quantity":2,"price":78770},{"name":"Coconut milk","id":5935,"quantity":14,"price":261}],"date":"Dec 19, 2022, 10:56:37 PM"}
{"name":"Tombs of Amascut","level":-1,"killCount":-1,"type":"EVENT","drops":[{"name":"Mahogany logs","id":6332,"quantity":47,"price":326},{"name":"Emerald","id":1605,"quantity":34,"price":417},{"name":"Cactus spine","id":6016,"quantity":14,"price":480}],"date":"Dec 20, 2022, 12:40:38 AM"}
{"name":"Tombs of Amascut","level":-1,"killCount":-1,"type":"EVENT","drops":[{"name":"Toadflax seed","id":5296,"quantity":12,"price":1194},{"name":"Cactus spine","id":6016,"quantity":28,"price":473},{"name":"Raw shark","id":383,"quantity":69,"price":497}],"date":"Dec 24, 2022, 3:59:14 PM"}
{"name":"Tombs of Amascut","level":-1,"killCount":-1,"type":"EVENT","drops":[{"name":"Soul rune","id":566,"quantity":433,"price":202},{"name":"Cactus spine","id":6016,"quantity":28,"price":473},{"name":"Blood essence","id":26390,"quantity":2,"price":59386}],"date":"Dec 24, 2022, 4:46:59 PM"}
{"name":"Tombs of Amascut","level":-1,"killCount":-1,"type":"EVENT","drops":[{"name":"Blood essence","id":26390,"quantity":1,"price":59566},{"name":"Coins","id":995,"quantity":10310,"price":1},{"name":"Death rune","id":560,"quantity":515,"price":152}],"date":"Dec 27, 2022, 9:04:36 PM"}
{"name":"Tombs of Amascut","level":-1,"killCount":-1,"type":"EVENT","drops":[{"name":"Dragon dart tip","id":11232,"quantity":86,"price":1752},{"name":"Potato cactus","id":3138,"quantity":34,"price":102},{"name":"Cache of runes","id":27293,"quantity":1,"price":0},{"name":"Clue scroll (elite)","id":12076,"quantity":1,"price":0}],"date":"Dec 27, 2022, 9:47:21 PM"}
{"name":"Tombs of Amascut","level":-1,"killCount":-1,"type":"EVENT","drops":[{"name":"Dragon dart tip","id":11232,"quantity":71,"price":1752},{"name":"Potato cactus","id":3138,"quantity":28,"price":103},{"name":"Cactus spine","id":6016,"quantity":11,"price":470}],"date":"Dec 27, 2022, 10:21:54 PM"}
{"name":"Tombs of Amascut","level":-1,"killCount":-1,"type":"EVENT","drops":[{"name":"Raw shark","id":383,"quantity":64,"price":505},{"name":"Raw manta ray","id":389,"quantity":35,"price":770},{"name":"Death rune","id":560,"quantity":809,"price":151},{"name":"Thread of elidinis","id":27279,"quantity":1,"price":0}],"date":"Jan 4, 2023, 11:49:38 AM"}
{"name":"Tombs of Amascut","level":-1,"killCount":-1,"type":"EVENT","drops":[{"name":"Potato cactus","id":3138,"quantity":63,"price":96},{"name":"Blood essence","id":26390,"quantity":2,"price":59870},{"name":"Soul rune","id":566,"quantity":398,"price":242}],"date":"Jan 4, 2023, 12:30:24 PM"}
{"name":"Tombs of Amascut","level":-1,"killCount":-1,"type":"EVENT","drops":[{"name":"Raw shark","id":383,"quantity":64,"price":505},{"name":"Ruby","id":1603,"quantity":53,"price":803},{"name":"Dragon med helm","id":1149,"quantity":4,"price":58491}],"date":"Jan 4, 2023, 3:51:25 PM"}
{"name":"Tombs of Amascut","level":-1,"killCount":-1,"type":"EVENT","drops":[{"name":"Ruby","id":1603,"quantity":53,"price":803},{"name":"Snapdragon seed","id":5300,"quantity":7,"price":41389},{"name":"Dragon med helm","id":1149,"quantity":3,"price":58491}],"date":"Jan 4, 2023, 4:32:19 PM"}
{"name":"Tombs of Amascut","level":-1,"killCount":-1,"type":"EVENT","drops":[{"name":"Death rune","id":560,"quantity":811,"price":151},{"name":"Ruby","id":1603,"quantity":54,"price":803},{"name":"Coconut milk","id":5935,"quantity":14,"price":404}],"date":"Jan 4, 2023, 8:02:47 PM"}
{"name":"Tombs of Amascut","level":-1,"killCount":-1,"type":"EVENT","drops":[{"name":"Cactus spine","id":6016,"quantity":26,"price":486},{"name":"Toadflax seed","id":5296,"quantity":11,"price":1046},{"name":"Gold ore","id":444,"quantity":177,"price":303}],"date":"Jan 4, 2023, 10:58:07 PM"}
{"name":"Tombs of Amascut","level":-1,"killCount":-1,"type":"EVENT","drops":[{"name":"Cactus spine","id":6016,"quantity":11,"price":515},{"name":"Dragon dart tip","id":11232,"quantity":71,"price":1681},{"name":"Raw shark","id":383,"quantity":28,"price":515}],"date":"Jan 7, 2023, 12:36:06 AM"}
{"name":"Tombs of Amascut","level":-1,"killCount":-1,"type":"EVENT","drops":[{"name":"Mahogany logs","id":6332,"quantity":73,"price":383},{"name":"Raw shark","id":383,"quantity":53,"price":515},{"name":"Cactus spine","id":6016,"quantity":22,"price":515}],"date":"Jan 7, 2023, 1:17:34 AM"}
{"name":"Tombs of Amascut","level":-1,"killCount":-1,"type":"EVENT","drops":[{"name":"Gold bar","id":2357,"quantity":64,"price":82},{"name":"Mahogany logs","id":6332,"quantity":89,"price":371},{"name":"Raw manta ray","id":389,"quantity":35,"price":875}],"date":"Feb 10, 2023, 10:05:17 PM"}
{"name":"Tombs of Amascut","level":-1,"killCount":-1,"type":"EVENT","drops":[{"name":"Dragonstone","id":1615,"quantity":26,"price":11610},{"name":"Soul rune","id":566,"quantity":398,"price":206},{"name":"Sapphire","id":1607,"quantity":79,"price":284}],"date":"Feb 10, 2023, 10:44:24 PM"}
{"name":"Tombs of Amascut","level":-1,"killCount":-1,"type":"EVENT","drops":[{"name":"Emerald","id":1605,"quantity":126,"price":513},{"name":"Coins","id":995,"quantity":15900,"price":1}],"date":"Feb 10, 2023, 11:20:20 PM"}
{"name":"Tombs of Amascut","level":-1,"killCount":-1,"type":"EVENT","drops":[{"name":"Soul rune","id":566,"quantity":375,"price":206},{"name":"Diamond","id":1601,"quantity":37,"price":1855},{"name":"Dragonstone","id":1615,"quantity":25,"price":11588}],"date":"Feb 11, 2023, 10:57:48 AM"}
{"name":"Tombs of Amascut","level":-1,"killCount":-1,"type":"EVENT","drops":[{"name":"Raw shark","id":383,"quantity":63,"price":424},{"name":"Ruby","id":1603,"quantity":53,"price":902},{"name":"Magic seed","id":5316,"quantity":2,"price":70762},{"name":"Clue scroll (elite)","id":12155,"quantity":1,"price":0}],"date":"Feb 11, 2023, 11:44:35 AM"}
{"name":"Tombs of Amascut","level":-1,"killCount":-1,"type":"EVENT","drops":[{"name":"Battlestaff","id":1391,"quantity":15,"price":8158},{"name":"Cache of runes","id":27293,"quantity":1,"price":0},{"name":"Toadflax seed","id":5296,"quantity":11,"price":1133}],"date":"Feb 11, 2023, 10:16:39 PM"}
{"name":"Tombs of Amascut","level":-1,"killCount":-1,"type":"EVENT","drops":[{"name":"Toadflax seed","id":5296,"quantity":11,"price":1133},{"name":"Dragonstone","id":1615,"quantity":27,"price":11588},{"name":"Battlestaff","id":1391,"quantity":15,"price":8158}],"date":"Feb 11, 2023, 10:53:46 PM"}
{"name":"Tombs of Amascut","level":-1,"killCount":-1,"type":"EVENT","drops":[{"name":"Ranarr seed","id":5295,"quantity":9,"price":22139},{"name":"Dragon dart tip","id":11232,"quantity":166,"price":1763},{"name":"Mahogany logs","id":6332,"quantity":92,"price":365}],"date":"Feb 12, 2023, 1:58:02 PM"}
{"name":"Tombs of Amascut","level":-1,"killCount":-1,"type":"EVENT","drops":[{"name":"Potato cactus","id":3138,"quantity":65,"price":55},{"name":"Death rune","id":560,"quantity":820,"price":162},{"name":"Cactus spine","id":6016,"quantity":27,"price":600},{"name":"Jewel of the sun","id":27289,"quantity":1,"price":0}],"date":"Feb 12, 2023, 2:34:49 PM"}
{"name":"Tombs of Amascut","level":-1,"killCount":-1,"type":"EVENT","drops":[{"name":"Death rune","id":560,"quantity":817,"price":160},{"name":"Magic seed","id":5316,"quantity":2,"price":70519},{"name":"Ruby","id":1603,"quantity":54,"price":904}],"date":"Feb 12, 2023, 9:26:25 PM"}
{"name":"Tombs of Amascut","level":-1,"killCount":-1,"type":"EVENT","drops":[{"name":"Dragonstone","id":1615,"quantity":27,"price":11698},{"name":"Emerald","id":1605,"quantity":66,"price":561},{"name":"Mahogany logs","id":6332,"quantity":91,"price":353}],"date":"Feb 12, 2023, 10:11:37 PM"}
{"name":"Tombs of Amascut","level":-1,"killCount":-1,"type":"EVENT","drops":[{"name":"Emerald","id":1605,"quantity":65,"price":559},{"name":"Torstol seed","id":5304,"quantity":7,"price":9027},{"name":"Battlestaff","id":1391,"quantity":14,"price":8155},{"name":"Breach of the scarab","id":27283,"quantity":1,"price":0}],"date":"Feb 12, 2023, 11:05:45 PM"}
{"name":"Tombs of Amascut","level":-1,"killCount":-1,"type":"EVENT","drops":[{"name":"Ruby","id":1603,"quantity":55,"price":896},{"name":"Raw shark","id":383,"quantity":66,"price":421},{"name":"Ranarr seed","id":5295,"quantity":9,"price":21997}],"date":"Feb 12, 2023, 11:54:44 PM"}
{"name":"Tombs of Amascut","level":-1,"killCount":-1,"type":"EVENT","drops":[{"name":"Toadflax seed","id":5296,"quantity":11,"price":1107},{"name":"Cactus spine","id":6016,"quantity":26,"price":586},{"name":"Battlestaff","id":1391,"quantity":14,"price":8155}],"date":"Feb 13, 2023, 12:36:06 AM"}
{"name":"Tombs of Amascut","level":-1,"killCount":-1,"type":"EVENT","drops":[{"name":"Magic seed","id":5316,"quantity":2,"price":70557},{"name":"Gold ore","id":444,"quantity":188,"price":214},{"name":"Dragonstone","id":1615,"quantity":28,"price":11757}],"date":"Feb 13, 2023, 12:03:29 PM"}
{"name":"Tombs of Amascut","level":-1,"killCount":-1,"type":"EVENT","drops":[{"name":"Raw shark","id":383,"quantity":67,"price":421},{"name":"Mahogany logs","id":6332,"quantity":188,"price":349}],"date":"Feb 13, 2023, 3:44:58 PM"}
{"name":"Tombs of Amascut","level":-1,"killCount":-1,"type":"EVENT","drops":[{"name":"Dragon dart tip","id":11232,"quantity":172,"price":1712},{"name":"Gold ore","id":444,"quantity":192,"price":214},{"name":"Dragonstone","id":1615,"quantity":28,"price":11757}],"date":"Feb 13, 2023, 4:23:18 PM"}
{"name":"Tombs of Amascut","level":-1,"killCount":-1,"type":"EVENT","drops":[{"name":"Soul rune","id":566,"quantity":418,"price":209},{"name":"Death rune","id":560,"quantity":837,"price":157},{"name":"Magic seed","id":5316,"quantity":2,"price":70557}],"date":"Feb 13, 2023, 9:47:52 PM"}
{"name":"Tombs of Amascut","level":-1,"killCount":-1,"type":"EVENT","drops":[{"name":"Gold bar","id":2357,"quantity":67,"price":83},{"name":"Magic seed","id":5316,"quantity":2,"price":70557},{"name":"Raw shark","id":383,"quantity":67,"price":421}],"date":"Feb 13, 2023, 10:25:09 PM"}
{"name":"Tombs of Amascut","level":-1,"killCount":-1,"type":"EVENT","drops":[{"name":"Dragonstone","id":1615,"quantity":28,"price":11837},{"name":"Soul rune","id":566,"quantity":430,"price":214},{"name":"Diamond","id":1601,"quantity":43,"price":1853}],"date":"Feb 15, 2023, 4:13:14 PM"}
{"name":"Tombs of Amascut","level":-1,"killCount":-1,"type":"EVENT","drops":[{"name":"Diamond","id":1601,"quantity":45,"price":1853},{"name":"Soul rune","id":566,"quantity":452,"price":214},{"name":"Dragonstone","id":1615,"quantity":30,"price":11837}],"date":"Feb 15, 2023, 10:13:25 PM"}
{"name":"Tombs of Amascut","level":-1,"killCount":-1,"type":"EVENT","drops":[{"name":"Lily of the sands","id":27272,"quantity":15,"price":2873},{"name":"Battlestaff","id":1391,"quantity":30,"price":8147},{"name":"Clue scroll (elite)","id":19789,"quantity":1,"price":0}],"date":"Feb 15, 2023, 11:04:46 PM"}
{"name":"Tombs of Amascut","level":-1,"killCount":-1,"type":"EVENT","drops":[{"name":"Snapdragon seed","id":5300,"quantity":7,"price":35668},{"name":"Gold bar","id":2357,"quantity":70,"price":87},{"name":"Dragonstone","id":1615,"quantity":29,"price":11819},{"name":"Clue scroll (elite)","id":12096,"quantity":1,"price":0}],"date":"Feb 16, 2023, 9:51:12 AM"}
{"name":"Tombs of Amascut","level":-1,"killCount":-1,"type":"EVENT","drops":[{"name":"Cache of runes","id":27293,"quantity":1,"price":0},{"name":"Coconut milk","id":5935,"quantity":32,"price":216}],"date":"Feb 16, 2023, 1:46:43 PM"}
{"name":"Tombs of Amascut","level":-1,"killCount":-1,"type":"EVENT","drops":[{"name":"Dragon dart tip","id":11232,"quantity":175,"price":1652},{"name":"Raw manta ray","id":389,"quantity":39,"price":851},{"name":"Soul rune","id":566,"quantity":438,"price":213}],"date":"Feb 16, 2023, 3:31:58 PM"}
{"name":"Tombs of Amascut","level":-1,"killCount":-1,"type":"EVENT","drops":[{"name":"Dragon dart tip","id":11232,"quantity":138,"price":1652},{"name":"Coins","id":995,"quantity":13812,"price":1},{"name":"Raw manta ray","id":389,"quantity":30,"price":851},{"name":"Thread of elidinis","id":27279,"quantity":1,"price":0}],"date":"Feb 16, 2023, 4:19:52 PM"}
{"name":"Tombs of Amascut","level":-1,"killCount":-1,"type":"EVENT","drops":[{"name":"Potato cactus","id":3138,"quantity":142,"price":56},{"name":"Sapphire","id":1607,"quantity":88,"price":300}],"date":"Feb 17, 2023, 10:26:08 AM"}
{"name":"Tombs of Amascut","level":-1,"killCount":-1,"type":"EVENT","drops":[{"name":"Mahogany logs","id":6332,"quantity":97,"price":374},{"name":"Dragon dart tip","id":11232,"quantity":175,"price":1675},{"name":"Raw shark","id":383,"quantity":70,"price":439}],"date":"Feb 17, 2023, 2:36:51 PM"}
{"name":"Tombs of Amascut","level":-1,"killCount":-1,"type":"EVENT","drops":[{"name":"Magic seed","id":5316,"quantity":4,"price":68864},{"name":"Gold ore","id":444,"quantity":197,"price":218}],"date":"Feb 17, 2023, 4:14:08 PM"}
{"name":"Tombs of Amascut","level":-1,"killCount":-1,"type":"EVENT","drops":[{"name":"Raw manta ray","id":389,"quantity":34,"price":874},{"name":"Snapdragon seed","id":5300,"quantity":7,"price":34974},{"name":"Emerald","id":1605,"quantity":62,"price":619}],"date":"Feb 17, 2023, 5:08:17 PM"}
{"name":"Tombs of Amascut","level":-1,"killCount":-1,"type":"EVENT","drops":[{"name":"Dragonstone","id":1615,"quantity":29,"price":11860},{"name":"Potato cactus","id":3138,"quantity":70,"price":56},{"name":"Emerald","id":1605,"quantity":70,"price":619}],"date":"Feb 17, 2023, 11:01:33 PM"}
{"name":"Tombs of Amascut","level":-1,"killCount":-1,"type":"EVENT","drops":[{"name":"Gold bar","id":2357,"quantity":70,"price":87},{"name":"Battlestaff","id":1391,"quantity":15,"price":8147},{"name":"Torstol seed","id":5304,"quantity":7,"price":10363}],"date":"Feb 17, 2023, 11:59:30 PM"}
{"name":"Tombs of Amascut","level":-1,"killCount":-1,"type":"EVENT","drops":[{"name":"Soul rune","id":566,"quantity":441,"price":219},{"name":"Cache of runes","id":27293,"quantity":1,"price":0},{"name":"Diamond","id":1601,"quantity":44,"price":1829}],"date":"Feb 18, 2023, 12:40:37 AM"}
{"name":"Tombs of Amascut","level":-1,"killCount":-1,"type":"EVENT","drops":[{"name":"Magic seed","id":5316,"quantity":2,"price":68845},{"name":"Dragonstone","id":1615,"quantity":29,"price":11713},{"name":"Toadflax seed","id":5296,"quantity":12,"price":1200}],"date":"Feb 19, 2023, 11:45:22 AM"}
{"name":"Tombs of Amascut","level":-1,"killCount":-1,"type":"EVENT","drops":[{"name":"Dragon dart tip","id":11232,"quantity":177,"price":1693},{"name":"Gold ore","id":444,"quantity":197,"price":218},{"name":"Cache of runes","id":27293,"quantity":1,"price":0}],"date":"Feb 19, 2023, 12:31:55 PM"}
{"name":"Tombs of Amascut","level":-1,"killCount":-1,"type":"EVENT","drops":[{"name":"Snapdragon seed","id":5300,"quantity":7,"price":32367},{"name":"Cache of runes","id":27293,"quantity":1,"price":0},{"name":"Blood essence","id":26390,"quantity":2,"price":59444}],"date":"Feb 19, 2023, 2:33:58 PM"}
{"name":"Tombs of Amascut","level":-1,"killCount":-1,"type":"EVENT","drops":[{"name":"Snapdragon seed","id":5300,"quantity":8,"price":32367},{"name":"Battlestaff","id":1391,"quantity":16,"price":8139},{"name":"Blood essence","id":26390,"quantity":2,"price":59444}],"date":"Feb 19, 2023, 3:36:21 PM"}
{"name":"Tombs of Amascut","level":-1,"killCount":-1,"type":"EVENT","drops":[{"name":"Lily of the sands","id":27272,"quantity":15,"price":2963},{"name":"Raw manta ray","id":389,"quantity":39,"price":887},{"name":"Diamond","id":1601,"quantity":43,"price":1844}],"date":"Feb 19, 2023, 4:15:48 PM"}
{"name":"Tombs of Amascut","level":-1,"killCount":-1,"type":"EVENT","drops":[{"name":"Dragon med helm","id":1149,"quantity":8,"price":58762},{"name":"Ruby","id":1603,"quantity":58,"price":954},{"name":"Clue scroll (elite)","id":23148,"quantity":1,"price":0}],"date":"Feb 20, 2023, 1:00:31 AM"}
{"name":"Tombs of Amascut","level":-1,"killCount":-1,"type":"EVENT","drops":[{"name":"Diamond","id":1601,"quantity":43,"price":1858},{"name":"Dragonstone","id":1615,"quantity":29,"price":11663},{"name":"Mahogany logs","id":6332,"quantity":96,"price":325}],"date":"Feb 20, 2023, 1:49:36 AM"}
{"name":"Tombs of Amascut","level":-1,"killCount":-1,"type":"EVENT","drops":[{"name":"Ranarr seed","id":5295,"quantity":9,"price":24164},{"name":"Magic seed","id":5316,"quantity":2,"price":68678},{"name":"Cactus spine","id":6016,"quantity":29,"price":617}],"date":"Feb 20, 2023, 3:05:03 PM"}
{"name":"Tombs of Amascut","level":-1,"killCount":-1,"type":"EVENT","drops":[{"name":"Gold ore","id":444,"quantity":193,"price":214},{"name":"Dragon dart tip","id":11232,"quantity":174,"price":1725},{"name":"Potato cactus","id":3138,"quantity":69,"price":59}],"date":"Feb 21, 2023, 11:32:47 PM"}
{"name":"Tombs of Amascut","level":-1,"killCount":-1,"type":"EVENT","drops":[{"name":"Lightbearer","id":25975,"quantity":1,"price":4761757},{"name":"Eye of the corruptor","id":27285,"quantity":1,"price":0}],"date":"Feb 22, 2023, 2:10:11 PM"}
{"name":"Tombs of Amascut","level":-1,"killCount":-1,"type":"EVENT","drops":[{"name":"Sapphire","id":1607,"quantity":91,"price":277},{"name":"Ranarr seed","id":5295,"quantity":10,"price":22998},{"name":"Coconut milk","id":5935,"quantity":16,"price":203}],"date":"Feb 22, 2023, 2:54:27 PM"}
{"name":"Tombs of Amascut","level":-1,"killCount":-1,"type":"EVENT","drops":[{"name":"Torstol seed","id":5304,"quantity":7,"price":7036},{"name":"Cache of runes","id":27293,"quantity":1,"price":0},{"name":"Soul rune","id":566,"quantity":437,"price":264}],"date":"Apr 23, 2023, 5:17:04 PM"}
{"name":"Tombs of Amascut","level":-1,"killCount":-1,"type":"EVENT","drops":[{"name":"Blood essence","id":26390,"quantity":2,"price":60185},{"name":"Battlestaff","id":1391,"quantity":15,"price":7813},{"name":"Snapdragon seed","id":5300,"quantity":7,"price":33736}],"date":"Apr 24, 2023, 12:05:54 PM"}
{"name":"Tombs of Amascut","level":-1,"killCount":-1,"type":"EVENT","drops":[{"name":"Gold ore","id":444,"quantity":193,"price":207},{"name":"Death rune","id":560,"quantity":871,"price":138},{"name":"Cache of runes","id":27293,"quantity":1,"price":0}],"date":"Apr 24, 2023, 12:44:13 PM"}
{"name":"Tombs of Amascut","level":-1,"killCount":-1,"type":"EVENT","drops":[{"name":"Death rune","id":560,"quantity":872,"price":138},{"name":"Snapdragon seed","id":5300,"quantity":7,"price":33736},{"name":"Potato cactus","id":3138,"quantity":69,"price":42}],"date":"Apr 24, 2023, 3:34:42 PM"}
{"name":"Tombs of Amascut","level":-1,"killCount":-1,"type":"EVENT","drops":[{"name":"Magic seed","id":5316,"quantity":2,"price":69789},{"name":"Mahogany logs","id":6332,"quantity":84,"price":417},{"name":"Gold bar","id":2357,"quantity":60,"price":90}],"date":"Apr 25, 2023, 5:21:53 PM"}
{"name":"Tombs of Amascut","level":-1,"killCount":-1,"type":"EVENT","drops":[{"name":"Ruby","id":1603,"quantity":58,"price":880},{"name":"Cactus spine","id":6016,"quantity":29,"price":874},{"name":"Torstol seed","id":5304,"quantity":8,"price":6854},{"name":"Clue scroll (elite)","id":19806,"quantity":1,"price":0}],"date":"Apr 25, 2023, 9:44:25 PM"}
{"name":"Tombs of Amascut","level":-1,"killCount":-1,"type":"EVENT","drops":[{"name":"Gold bar","id":2357,"quantity":68,"price":87},{"name":"Lily of the sands","id":27272,"quantity":15,"price":1998},{"name":"Torstol seed","id":5304,"quantity":7,"price":7047}],"date":"Apr 26, 2023, 9:41:30 AM"}
{"name":"Tombs of Amascut","level":-1,"killCount":-1,"type":"EVENT","drops":[{"name":"Potato cactus","id":3138,"quantity":71,"price":42},{"name":"Coconut milk","id":5935,"quantity":16,"price":179},{"name":"Raw shark","id":383,"quantity":71,"price":410}],"date":"Apr 26, 2023, 10:25:37 AM"}
{"name":"Tombs of Amascut","level":-1,"killCount":-1,"type":"EVENT","drops":[{"name":"Magic seed","id":5316,"quantity":2,"price":70089},{"name":"Raw shark","id":383,"quantity":71,"price":410},{"name":"Diamond","id":1601,"quantity":44,"price":1805}],"date":"Apr 26, 2023, 12:14:55 PM"}
{"name":"Tombs of Amascut","level":-1,"killCount":-1,"type":"EVENT","drops":[{"name":"Soul rune","id":566,"quantity":436,"price":261},{"name":"Dragon med helm","id":1149,"quantity":4,"price":58629},{"name":"Dragon dart tip","id":11232,"quantity":174,"price":1701}],"date":"Apr 26, 2023, 1:27:50 PM"}
{"name":"Tombs of Amascut","level":-1,"killCount":-1,"type":"EVENT","drops":[{"name":"Dragon med helm","id":1149,"quantity":4,"price":58629},{"name":"Dragonstone","id":1615,"quantity":29,"price":11495},{"name":"Potato cactus","id":3138,"quantity":69,"price":42}],"date":"Apr 26, 2023, 3:16:36 PM"}
{"name":"Tombs of Amascut","level":-1,"killCount":-1,"type":"EVENT","drops":[{"name":"Cache of runes","id":27293,"quantity":1,"price":0},{"name":"Coconut milk","id":5935,"quantity":16,"price":179},{"name":"Dragon dart tip","id":11232,"quantity":176,"price":1701},{"name":"Clue scroll (elite)","id":12150,"quantity":1,"price":0}],"date":"Apr 26, 2023, 4:18:54 PM"}
{"name":"Tombs of Amascut","level":-1,"killCount":-1,"type":"EVENT","drops":[{"name":"Diamond","id":1601,"quantity":45,"price":1805},{"name":"Sapphire","id":1607,"quantity":91,"price":257},{"name":"Dragonstone","id":1615,"quantity":30,"price":11495}],"date":"Apr 26, 2023, 10:03:32 PM"}
{"name":"Tombs of Amascut","level":-1,"killCount":-1,"type":"EVENT","drops":[{"name":"Torstol seed","id":5304,"quantity":7,"price":7047},{"name":"Cache of runes","id":27293,"quantity":1,"price":0},{"name":"Diamond","id":1601,"quantity":42,"price":1805}],"date":"Apr 27, 2023, 9:58:37 AM"}
{"name":"Tombs of Amascut","level":-1,"killCount":-1,"type":"EVENT","drops":[{"name":"Gold ore","id":444,"quantity":167,"price":211},{"name":"Dragonstone","id":1615,"quantity":25,"price":11495},{"name":"Magic seed","id":5316,"quantity":2,"price":70089}],"date":"Apr 27, 2023, 10:40:05 AM"}
{"name":"Tombs of Amascut","level":-1,"killCount":-1,"type":"EVENT","drops":[{"name":"Coconut milk","id":5935,"quantity":13,"price":107},{"name":"Dragonstone","id":1615,"quantity":25,"price":11464},{"name":"Torstol seed","id":5304,"quantity":6,"price":6644},{"name":"Clue scroll (elite)","id":21525,"quantity":1,"price":0}],"date":"Jun 3, 2023, 9:15:11 AM"}
{"name":"Tombs of Amascut","level":-1,"killCount":-1,"type":"EVENT","drops":[{"name":"Coconut milk","id":5935,"quantity":13,"price":107},{"name":"Dragonstone","id":1615,"quantity":25,"price":11464},{"name":"Torstol seed","id":5304,"quantity":6,"price":6644},{"name":"Clue scroll (elite)","id":21525,"quantity":1,"price":0}],"date":"Jun 3, 2023, 9:15:45 PM"}
{"name":"Tombs of Amascut","level":-1,"killCount":-1,"type":"EVENT","drops":[{"name":"Magic seed","id":5316,"quantity":3,"price":61805},{"name":"Ruby","id":1603,"quantity":67,"price":872},{"name":"Ranarr seed","id":5295,"quantity":11,"price":19768}],"date":"Jun 3, 2023, 10:42:11 PM"}
{"name":"Tombs of Amascut","level":-1,"killCount":-1,"type":"EVENT","drops":[{"name":"Coconut milk","id":5935,"quantity":15,"price":105},{"name":"Gold bar","id":2357,"quantity":69,"price":101},{"name":"Magic seed","id":5316,"quantity":2,"price":62212}],"date":"Jun 8, 2023, 6:43:23 PM"}
{"name":"Tombs of Amascut","level":-1,"killCount":-1,"type":"EVENT","drops":[{"name":"Ruby","id":1603,"quantity":55,"price":864},{"name":"Diamond","id":1601,"quantity":41,"price":1744},{"name":"Dragon dart tip","id":11232,"quantity":167,"price":1465}],"date":"Jun 8, 2023, 7:20:55 PM"}
{"name":"Tombs of Amascut","level":-1,"killCount":-1,"type":"EVENT","drops":[{"name":"Masori mask","id":27226,"quantity":1,"price":15199383}],"date":"Jun 8, 2023, 7:55:19 PM"}
{"name":"Tombs of Amascut","level":-1,"killCount":-1,"type":"EVENT","drops":[{"name":"Snapdragon seed","id":5300,"quantity":8,"price":29730},{"name":"Toadflax seed","id":5296,"quantity":12,"price":655},{"name":"Dragonstone","id":1615,"quantity":29,"price":11323}],"date":"Jun 8, 2023, 8:35:58 PM"}
{"name":"Tombs of Amascut","level":-1,"killCount":-1,"type":"EVENT","drops":[{"name":"Cactus spine","id":6016,"quantity":29,"price":967},{"name":"Death rune","id":560,"quantity":874,"price":126},{"name":"Gold ore","id":444,"quantity":194,"price":202}],"date":"Jun 9, 2023, 12:31:08 PM"}
{"name":"Tombs of Amascut","level":-1,"killCount":-1,"type":"EVENT","drops":[{"name":"Death rune","id":560,"quantity":884,"price":126},{"name":"Soul rune","id":566,"quantity":442,"price":265},{"name":"Dragonstone","id":1615,"quantity":29,"price":11372}],"date":"Jun 9, 2023, 1:09:09 PM"}
{"name":"Tombs of Amascut","level":-1,"killCount":-1,"type":"EVENT","drops":[{"name":"Elidinis\u0027 ward","id":25985,"quantity":1,"price":4444317}],"date":"Jun 9, 2023, 3:34:28 PM"}
{"name":"Tombs of Amascut","level":-1,"killCount":-1,"type":"EVENT","drops":[{"name":"Dragon dart tip","id":11232,"quantity":174,"price":1448},{"name":"Dragon med helm","id":1149,"quantity":8,"price":58472}],"date":"Jun 9, 2023, 4:53:23 PM"}
{"name":"Tombs of Amascut","level":-1,"killCount":-1,"type":"EVENT","drops":[{"name":"Masori chaps","id":27232,"quantity":1,"price":71026194}],"date":"Jun 9, 2023, 10:48:38 PM"}
{"name":"Tombs of Amascut","level":-1,"killCount":-1,"type":"EVENT","drops":[{"name":"Lily of the sands","id":27272,"quantity":15,"price":2109},{"name":"Sapphire","id":1607,"quantity":87,"price":309},{"name":"Blood essence","id":26390,"quantity":2,"price":59619}],"date":"Jun 9, 2023, 11:28:29 PM"}
{"name":"Tombs of Amascut","level":-1,"killCount":-1,"type":"EVENT","drops":[{"name":"Gold ore","id":444,"quantity":196,"price":202},{"name":"Cactus spine","id":6016,"quantity":29,"price":967},{"name":"Sapphire","id":1607,"quantity":88,"price":309}],"date":"Jun 10, 2023, 12:03:15 AM"}
{"name":"Tombs of Amascut","level":-1,"killCount":-1,"type":"EVENT","drops":[{"name":"Battlestaff","id":1391,"quantity":16,"price":7754},{"name":"Torstol seed","id":5304,"quantity":8,"price":6645},{"name":"Mahogany logs","id":6332,"quantity":101,"price":331}],"date":"Jun 10, 2023, 8:01:35 PM"}
{"name":"Tombs of Amascut","level":-1,"killCount":-1,"type":"EVENT","drops":[{"name":"Cactus spine","id":6016,"quantity":30,"price":976},{"name":"Battlestaff","id":1391,"quantity":16,"price":7754},{"name":"Diamond","id":1601,"quantity":46,"price":1734}],"date":"Jun 10, 2023, 8:39:34 PM"}
{"name":"Tombs of Amascut","level":-1,"killCount":-1,"type":"EVENT","drops":[{"name":"Coconut milk","id":5935,"quantity":17,"price":103},{"name":"Gold ore","id":444,"quantity":207,"price":202},{"name":"Raw manta ray","id":389,"quantity":41,"price":1023}],"date":"Jun 10, 2023, 9:19:04 PM"}
{"name":"Tombs of Amascut","level":-1,"killCount":-1,"type":"EVENT","drops":[{"name":"Dragonstone","id":1615,"quantity":60,"price":11393},{"name":"Blood essence","id":26390,"quantity":2,"price":59796}],"date":"Jun 10, 2023, 9:56:42 PM"}
{"name":"Tombs of Amascut","level":-1,"killCount":-1,"type":"EVENT","drops":[{"name":"Raw manta ray","id":389,"quantity":40,"price":1023},{"name":"Blood essence","id":26390,"quantity":2,"price":59796},{"name":"Ruby","id":1603,"quantity":61,"price":885}],"date":"Jun 10, 2023, 10:35:27 PM"}
{"name":"Tombs of Amascut","level":-1,"killCount":-1,"type":"EVENT","drops":[{"name":"Sapphire","id":1607,"quantity":89,"price":307},{"name":"Soul rune","id":566,"quantity":445,"price":260},{"name":"Magic seed","id":5316,"quantity":2,"price":62090}],"date":"Jun 11, 2023, 2:02:24 PM"}
{"name":"Tombs of Amascut","level":-1,"killCount":-1,"type":"EVENT","drops":[{"name":"Potato cactus","id":3138,"quantity":33,"price":41},{"name":"Ranarr seed","id":5295,"quantity":4,"price":16862},{"name":"Mahogany logs","id":6332,"quantity":46,"price":322}],"date":"Jun 11, 2023, 3:25:36 PM"}
{"name":"Tombs of Amascut","level":-1,"killCount":-1,"type":"EVENT","drops":[{"name":"Death rune","id":560,"quantity":713,"price":120},{"name":"Torstol seed","id":5304,"quantity":5,"price":6662},{"name":"Ranarr seed","id":5295,"quantity":6,"price":16862}],"date":"Jun 11, 2023, 4:34:02 PM"}
{"name":"Tombs of Amascut","level":-1,"killCount":-1,"type":"EVENT","drops":[{"name":"Death rune","id":560,"quantity":941,"price":120},{"name":"Ranarr seed","id":5295,"quantity":10,"price":16862},{"name":"Diamond","id":1601,"quantity":47,"price":1734}],"date":"Jun 11, 2023, 8:08:35 PM"}
{"name":"Tombs of Amascut","level":-1,"killCount":-1,"type":"EVENT","drops":[{"name":"Ruby","id":1603,"quantity":126,"price":893},{"name":"Coins","id":995,"quantity":18922,"price":1}],"date":"Jun 11, 2023, 8:52:54 PM"}
{"name":"Tombs of Amascut","level":-1,"killCount":-1,"type":"EVENT","drops":[{"name":"Battlestaff","id":1391,"quantity":16,"price":7751},{"name":"Toadflax seed","id":5296,"quantity":13,"price":647},{"name":"Dragon dart tip","id":11232,"quantity":183,"price":1432}],"date":"Jun 12, 2023, 12:50:57 PM"}
{"name":"Tombs of Amascut","level":-1,"killCount":-1,"type":"EVENT","drops":[{"name":"Lily of the sands","id":27272,"quantity":17,"price":2112},{"name":"Torstol seed","id":5304,"quantity":8,"price":6715},{"name":"Blood essence","id":26390,"quantity":2,"price":59618}],"date":"Jun 12, 2023, 1:35:06 PM"}
{"name":"Tombs of Amascut","level":-1,"killCount":-1,"type":"EVENT","drops":[{"name":"Lily of the sands","id":27272,"quantity":17,"price":2599},{"name":"Cactus spine","id":6016,"quantity":31,"price":1031},{"name":"Dragonstone","id":1615,"quantity":31,"price":11327},{"name":"Eye of the corruptor","id":27285,"quantity":1,"price":0}],"date":"Jul 3, 2023, 10:54:04 PM"}
{"name":"Tombs of Amascut","level":-1,"killCount":-1,"type":"EVENT","drops":[{"name":"Battlestaff","id":1391,"quantity":17,"price":7940},{"name":"Dragon dart tip","id":11232,"quantity":196,"price":1404},{"name":"Raw manta ray","id":389,"quantity":43,"price":1040},{"name":"Clue scroll (elite)","id":12098,"quantity":1,"price":0}],"date":"Jul 3, 2023, 11:40:15 PM"}
{"name":"Tombs of Amascut","level":-1,"killCount":-1,"type":"EVENT","drops":[{"name":"Toadflax seed","id":5296,"quantity":26,"price":587},{"name":"Sapphire","id":1607,"quantity":92,"price":255}],"date":"Jul 4, 2023, 1:49:42 PM"}
{"name":"Tombs of Amascut","level":-1,"killCount":-1,"type":"EVENT","drops":[{"name":"Dragonstone","id":1615,"quantity":30,"price":11348},{"name":"Emerald","id":1605,"quantity":73,"price":427},{"name":"Raw manta ray","id":389,"quantity":40,"price":1026},{"name":"Clue scroll (elite)","id":12075,"quantity":1,"price":0}],"date":"Jul 4, 2023, 11:58:54 PM"}
{"name":"Tombs of Amascut","level":-1,"killCount":-1,"type":"EVENT","drops":[{"name":"Gold bar","id":2357,"quantity":73,"price":95},{"name":"Toadflax seed","id":5296,"quantity":13,"price":536},{"name":"Lily of the sands","id":27272,"quantity":16,"price":2749}],"date":"Jul 17, 2023, 10:04:41 PM"}
{"name":"Tombs of Amascut","level":-1,"killCount":-1,"type":"EVENT","drops":[{"name":"Death rune","id":560,"quantity":925,"price":110},{"name":"Potato cactus","id":3138,"quantity":148,"price":31}],"date":"Jul 18, 2023, 9:55:54 AM"}
{"name":"Tombs of Amascut","level":-1,"killCount":-1,"type":"EVENT","drops":[{"name":"Emerald","id":1605,"quantity":73,"price":389},{"name":"Cactus spine","id":6016,"quantity":30,"price":1057},{"name":"Diamond","id":1601,"quantity":45,"price":1720}],"date":"Jul 18, 2023, 8:36:33 PM"}
{"name":"Tombs of Amascut","level":-1,"killCount":-1,"type":"EVENT","drops":[{"name":"Snapdragon seed","id":5300,"quantity":8,"price":28806},{"name":"Lily of the sands","id":27272,"quantity":16,"price":2778},{"name":"Gold ore","id":444,"quantity":203,"price":212}],"date":"Jul 18, 2023, 9:12:33 PM"}
{"name":"Tombs of Amascut","level":-1,"killCount":-1,"type":"EVENT","drops":[{"name":"Coins","id":995,"quantity":18545,"price":1},{"name":"Raw manta ray","id":389,"quantity":41,"price":855},{"name":"Dragon med helm","id":1149,"quantity":4,"price":58467}],"date":"Aug 10, 2023, 10:26:21 PM"}
{"name":"Tombs of Amascut","level":-1,"killCount":-1,"type":"EVENT","drops":[{"name":"Dragonstone","id":1615,"quantity":30,"price":11313},{"name":"Ranarr seed","id":5295,"quantity":10,"price":28759},{"name":"Diamond","id":1601,"quantity":45,"price":1585}],"date":"Aug 10, 2023, 11:06:20 PM"}
{"name":"Tombs of Amascut","level":-1,"killCount":-1,"type":"EVENT","drops":[{"name":"Potato cactus","id":3138,"quantity":72,"price":52},{"name":"Coins","id":995,"quantity":18156,"price":1},{"name":"Coconut milk","id":5935,"quantity":16,"price":104},{"name":"Clue scroll (elite)","id":25787,"quantity":1,"price":0}],"date":"Aug 11, 2023, 11:39:36 AM"}
{"name":"Tombs of Amascut","level":-1,"killCount":-1,"type":"EVENT","drops":[{"name":"Death rune","id":560,"quantity":924,"price":91},{"name":"Emerald","id":1605,"quantity":73,"price":477},{"name":"Magic seed","id":5316,"quantity":2,"price":61580}],"date":"Sep 9, 2023, 7:17:23 PM"}
{"name":"Tombs of Amascut","level":-1,"killCount":-1,"type":"EVENT","drops":[{"name":"Lightbearer","id":25975,"quantity":1,"price":3125826}],"date":"Sep 9, 2023, 7:56:25 PM"}
{"name":"Tombs of Amascut","level":-1,"killCount":-1,"type":"EVENT","drops":[{"name":"Cactus spine","id":6016,"quantity":31,"price":1098},{"name":"Death rune","id":560,"quantity":944,"price":91},{"name":"Dragonstone","id":1615,"quantity":31,"price":11463}],"date":"Sep 9, 2023, 9:26:56 PM"}
{"name":"Tombs of Amascut","level":-1,"killCount":-1,"type":"EVENT","drops":[{"name":"Raw shark","id":383,"quantity":76,"price":283},{"name":"Potato cactus","id":3138,"quantity":76,"price":42},{"name":"Coconut milk","id":5935,"quantity":17,"price":103}],"date":"Sep 9, 2023, 10:07:20 PM"}
{"name":"Tombs of Amascut","level":-1,"killCount":-1,"type":"EVENT","drops":[{"name":"Lily of the sands","id":27272,"quantity":17,"price":2146},{"name":"Mahogany logs","id":6332,"quantity":106,"price":459},{"name":"Diamond","id":1601,"quantity":47,"price":1809},{"name":"Thread of elidinis","id":27279,"quantity":1,"price":0}],"date":"Sep 9, 2023, 11:15:50 PM"}
{"name":"Tombs of Amascut","level":-1,"killCount":-1,"type":"EVENT","drops":[{"name":"Gold ore","id":444,"quantity":180,"price":204},{"name":"Death rune","id":560,"quantity":810,"price":91},{"name":"Lily of the sands","id":27272,"quantity":14,"price":2066}],"date":"Sep 10, 2023, 1:47:25 PM"}
{"name":"Tombs of Amascut","level":-1,"killCount":-1,"type":"EVENT","drops":[{"name":"Sapphire","id":1607,"quantity":96,"price":280},{"name":"Raw manta ray","id":389,"quantity":42,"price":705},{"name":"Dragon med helm","id":1149,"quantity":4,"price":58301},{"name":"Thread of elidinis","id":27279,"quantity":1,"price":0}],"date":"Sep 10, 2023, 2:35:32 PM"}
{"name":"Tombs of Amascut","level":-1,"killCount":-1,"type":"EVENT","drops":[{"name":"Diamond","id":1601,"quantity":47,"price":1799},{"name":"Potato cactus","id":3138,"quantity":76,"price":41},{"name":"Battlestaff","id":1391,"quantity":17,"price":7654},{"name":"Clue scroll (elite)","id":12155,"quantity":1,"price":0}],"date":"Sep 10, 2023, 5:48:53 PM"}
{"name":"Tombs of Amascut","level":-1,"killCount":-1,"type":"EVENT","drops":[{"name":"Ruby","id":1603,"quantity":64,"price":920},{"name":"Cache of runes","id":27293,"quantity":1,"price":0},{"name":"Battlestaff","id":1391,"quantity":17,"price":7654}],"date":"Sep 10, 2023, 6:31:03 PM"}
{"name":"Tombs of Amascut","level":-1,"killCount":-1,"type":"EVENT","drops":[{"name":"Mahogany logs","id":6332,"quantity":212,"price":458},{"name":"Ruby","id":1603,"quantity":63,"price":920}],"date":"Sep 10, 2023, 9:06:44 PM"}
{"name":"Tombs of Amascut","level":-1,"killCount":-1,"type":"EVENT","drops":[{"name":"Death rune","id":560,"quantity":747,"price":89},{"name":"Diamond","id":1601,"quantity":37,"price":1789},{"name":"Battlestaff","id":1391,"quantity":13,"price":7633}],"date":"Sep 10, 2023, 9:59:38 PM"}
{"name":"Tombs of Amascut","level":-1,"killCount":-1,"type":"EVENT","drops":[{"name":"Ruby","id":1603,"quantity":63,"price":905},{"name":"Toadflax seed","id":5296,"quantity":13,"price":454},{"name":"Cactus spine","id":6016,"quantity":31,"price":1063}],"date":"Sep 10, 2023, 10:42:34 PM"}
{"name":"Tombs of Amascut","level":-1,"killCount":-1,"type":"EVENT","drops":[{"name":"Soul rune","id":566,"quantity":455,"price":228},{"name":"Dragon dart tip","id":11232,"quantity":182,"price":973},{"name":"Ruby","id":1603,"quantity":60,"price":905}],"date":"Sep 10, 2023, 11:21:02 PM"}
{"name":"Tombs of Amascut","level":-1,"killCount":-1,"type":"EVENT","drops":[{"name":"Battlestaff","id":1391,"quantity":17,"price":7633},{"name":"Ranarr seed","id":5295,"quantity":10,"price":19639},{"name":"Ruby","id":1603,"quantity":63,"price":905}],"date":"Sep 11, 2023, 1:01:59 PM"}
{"name":"Tombs of Amascut","level":-1,"killCount":-1,"type":"EVENT","drops":[{"name":"Diamond","id":1601,"quantity":46,"price":1789},{"name":"Gold ore","id":444,"quantity":208,"price":202},{"name":"Coconut milk","id":5935,"quantity":17,"price":103}],"date":"Sep 11, 2023, 3:22:45 PM"}
{"name":"Tombs of Amascut","level":-1,"killCount":-1,"type":"EVENT","drops":[{"name":"Lightbearer","id":25975,"quantity":1,"price":3202138}],"date":"Sep 11, 2023, 4:38:35 PM"}
{"name":"Tombs of Amascut","level":-1,"killCount":-1,"type":"EVENT","drops":[{"name":"Death rune","id":560,"quantity":943,"price":89},{"name":"Blood essence","id":26390,"quantity":2,"price":59870},{"name":"Snapdragon seed","id":5300,"quantity":8,"price":28377}],"date":"Sep 11, 2023, 10:08:10 PM"}
{"name":"Tombs of Amascut","level":-1,"killCount":-1,"type":"EVENT","drops":[{"name":"Raw shark","id":383,"quantity":74,"price":281},{"name":"Battlestaff","id":1391,"quantity":16,"price":7633},{"name":"Toadflax seed","id":5296,"quantity":13,"price":454}],"date":"Sep 11, 2023, 10:44:30 PM"}
{"name":"Tombs of Amascut","level":-1,"killCount":-1,"type":"EVENT","drops":[{"name":"Lily of the sands","id":27272,"quantity":17,"price":1970},{"name":"Coconut milk","id":5935,"quantity":17,"price":104},{"name":"Cache of runes","id":27293,"quantity":1,"price":0}],"date":"Sep 12, 2023, 9:55:38 PM"}
{"name":"Tombs of Amascut","level":-1,"killCount":-1,"type":"EVENT","drops":[{"name":"Cactus spine","id":6016,"quantity":31,"price":1096},{"name":"Snapdragon seed","id":5300,"quantity":8,"price":29028},{"name":"Toadflax seed","id":5296,"quantity":13,"price":457}],"date":"Sep 12, 2023, 10:34:27 PM"}
{"name":"Tombs of Amascut","level":-1,"killCount":-1,"type":"EVENT","drops":[{"name":"Toadflax seed","id":5296,"quantity":13,"price":807},{"name":"Mahogany logs","id":6332,"quantity":105,"price":475},{"name":"Death rune","id":560,"quantity":952,"price":98}],"date":"Sep 27, 2023, 9:09:01 PM"}
{"name":"Tombs of Amascut","level":-1,"killCount":-1,"type":"EVENT","drops":[{"name":"Battlestaff","id":1391,"quantity":17,"price":8059},{"name":"Cache of runes","id":27293,"quantity":1,"price":0},{"name":"Lily of the sands","id":27272,"quantity":17,"price":1743}],"date":"Sep 27, 2023, 9:49:16 PM"}
{"name":"Tombs of Amascut","level":-1,"killCount":-1,"type":"EVENT","drops":[{"name":"Gold bar","id":2357,"quantity":66,"price":101},{"name":"Magic seed","id":5316,"quantity":2,"price":65549},{"name":"Cactus spine","id":6016,"quantity":27,"price":1251}],"date":"Sep 30, 2023, 3:42:03 PM"}
{"name":"Tombs of Amascut","level":-1,"killCount":-1,"type":"EVENT","drops":[{"name":"Mahogany logs","id":6332,"quantity":101,"price":497},{"name":"Raw manta ray","id":389,"quantity":40,"price":728},{"name":"Dragon med helm","id":1149,"quantity":4,"price":58593}],"date":"Sep 30, 2023, 4:30:05 PM"}
{"name":"Tombs of Amascut","level":-1,"killCount":-1,"type":"EVENT","drops":[{"name":"Raw manta ray","id":389,"quantity":31,"price":748},{"name":"Dragonstone","id":1615,"quantity":23,"price":11461},{"name":"Soul rune","id":566,"quantity":356,"price":247}],"date":"Oct 17, 2023, 9:30:08 PM"}
{"name":"Tombs of Amascut","level":-1,"killCount":-1,"type":"EVENT","drops":[{"name":"Gold bar","id":2357,"quantity":75,"price":135},{"name":"Diamond","id":1601,"quantity":47,"price":1786},{"name":"Soul rune","id":566,"quantity":477,"price":256}],"date":"Nov 2, 2023, 1:14:22 PM"}
{"name":"Tombs of Amascut","level":-1,"killCount":-1,"type":"EVENT","drops":[{"name":"Mahogany logs","id":6332,"quantity":126,"price":414},{"name":"Lily of the sands","id":27272,"quantity":20,"price":1661},{"name":"Dragonstone","id":1615,"quantity":37,"price":11570}],"date":"Nov 2, 2023, 6:08:49 PM"}
{"name":"Tombs of Amascut","level":-1,"killCount":-1,"type":"EVENT","drops":[{"name":"Raw manta ray","id":389,"quantity":49,"price":833},{"name":"Potato cactus","id":3138,"quantity":90,"price":30},{"name":"Battlestaff","id":1391,"quantity":19,"price":8163}],"date":"Nov 2, 2023, 9:33:13 PM"}
{"name":"Tombs of Amascut","level":-1,"killCount":-1,"type":"EVENT","drops":[{"name":"Coconut milk","id":5935,"quantity":19,"price":78},{"name":"Cactus spine","id":6016,"quantity":36,"price":1210},{"name":"Gold bar","id":2357,"quantity":89,"price":135}],"date":"Nov 2, 2023, 10:21:48 PM"}
{"name":"Tombs of Amascut","level":-1,"killCount":-1,"type":"EVENT","drops":[{"name":"Raw manta ray","id":389,"quantity":42,"price":830},{"name":"Lily of the sands","id":27272,"quantity":17,"price":1723},{"name":"Battlestaff","id":1391,"quantity":17,"price":8130}],"date":"Nov 3, 2023, 12:04:07 PM"}
{"name":"Tombs of Amascut","level":-1,"killCount":-1,"type":"EVENT","drops":[{"name":"Coconut milk","id":5935,"quantity":19,"price":164},{"name":"Cactus spine","id":6016,"quantity":36,"price":1911},{"name":"Emerald","id":1605,"quantity":89,"price":447}],"date":"Jan 30, 2024, 3:31:55 PM"}
{"name":"Tombs of Amascut","level":-1,"killCount":-1,"type":"EVENT","drops":[{"name":"Ranarr seed","id":5295,"quantity":11,"price":20080},{"name":"Raw manta ray","id":389,"quantity":49,"price":1075},{"name":"Gold ore","id":444,"quantity":250,"price":176}],"date":"Jan 31, 2024, 12:31:48 PM"}
{"name":"Tombs of Amascut","level":-1,"killCount":-1,"type":"EVENT","drops":[{"name":"Cache of runes","id":27293,"quantity":1,"price":0},{"name":"Soul rune","id":566,"quantity":383,"price":235},{"name":"Ruby","id":1603,"quantity":51,"price":806}],"date":"Jan 31, 2024, 1:19:29 PM"}
{"name":"Tombs of Amascut","level":-1,"killCount":-1,"type":"EVENT","drops":[{"name":"Dragon dart tip","id":11232,"quantity":185,"price":1981},{"name":"Potato cactus","id":3138,"quantity":74,"price":41},{"name":"Dragonstone","id":1615,"quantity":30,"price":11298}],"date":"Jan 31, 2024, 5:10:22 PM"}
{"name":"Tombs of Amascut","level":-1,"killCount":-1,"type":"EVENT","drops":[{"name":"Ranarr seed","id":5295,"quantity":11,"price":20256},{"name":"Dragon dart tip","id":11232,"quantity":226,"price":1966},{"name":"Cactus spine","id":6016,"quantity":36,"price":1935}],"date":"Feb 1, 2024, 3:49:36 PM"}
{"name":"Tombs of Amascut","level":-1,"killCount":-1,"type":"EVENT","drops":[{"name":"Raw shark","id":383,"quantity":90,"price":554},{"name":"Ranarr seed","id":5295,"quantity":11,"price":20256},{"name":"Torstol seed","id":5304,"quantity":9,"price":5167}],"date":"Feb 1, 2024, 4:37:21 PM"}
{"name":"Tombs of Amascut","level":-1,"killCount":-1,"type":"EVENT","drops":[{"name":"Coins","id":995,"quantity":45728,"price":1},{"name":"Toadflax seed","id":5296,"quantity":16,"price":901}],"date":"Feb 1, 2024, 6:12:37 PM"}
{"name":"Tombs of Amascut","level":-1,"killCount":-1,"type":"EVENT","drops":[{"name":"Torstol seed","id":5304,"quantity":9,"price":5288},{"name":"Cactus spine","id":6016,"quantity":36,"price":1957},{"name":"Emerald","id":1605,"quantity":90,"price":445}],"date":"Feb 1, 2024, 10:35:03 PM"}
{"name":"Tombs of Amascut","level":-1,"killCount":-1,"type":"EVENT","drops":[{"name":"Battlestaff","id":1391,"quantity":19,"price":8039},{"name":"Death rune","id":560,"quantity":1130,"price":194},{"name":"Potato cactus","id":3138,"quantity":89,"price":41},{"name":"Clue scroll (elite)","id":19805,"quantity":1,"price":0}],"date":"Feb 2, 2024, 11:43:21 AM"}
{"name":"Tombs of Amascut","level":-1,"killCount":-1,"type":"EVENT","drops":[{"name":"Snapdragon seed","id":5300,"quantity":9,"price":32740},{"name":"Gold bar","id":2357,"quantity":89,"price":114},{"name":"Magic seed","id":5316,"quantity":3,"price":81222}],"date":"Feb 2, 2024, 2:59:34 PM"}
{"name":"Tombs of Amascut","level":-1,"killCount":-1,"type":"EVENT","drops":[{"name":"Blood essence","id":26390,"quantity":2,"price":60128},{"name":"Death rune","id":560,"quantity":1106,"price":194},{"name":"Toadflax seed","id":5296,"quantity":14,"price":878}],"date":"Feb 2, 2024, 3:50:57 PM"}
{"name":"Tombs of Amascut","level":-1,"killCount":-1,"type":"EVENT","drops":[{"name":"Dragonstone","id":1615,"quantity":36,"price":11337},{"name":"Mahogany logs","id":6332,"quantity":250,"price":451}],"date":"Feb 3, 2024, 9:43:38 AM"}
{"name":"Tombs of Amascut","level":-1,"killCount":-1,"type":"EVENT","drops":[{"name":"Battlestaff","id":1391,"quantity":40,"price":8003},{"name":"Snapdragon seed","id":5300,"quantity":10,"price":31063}],"date":"Feb 4, 2024, 10:31:12 AM"}
{"name":"Tombs of Amascut","level":-1,"killCount":-1,"type":"EVENT","drops":[{"name":"Ranarr seed","id":5295,"quantity":11,"price":20177},{"name":"Dragonstone","id":1615,"quantity":36,"price":11249},{"name":"Ruby","id":1603,"quantity":74,"price":822}],"date":"Feb 4, 2024, 3:58:02 PM"}
{"name":"Tombs of Amascut","level":-1,"killCount":-1,"type":"EVENT","drops":[{"name":"Dragon med helm","id":1149,"quantity":4,"price":58475},{"name":"Emerald","id":1605,"quantity":89,"price":457},{"name":"Potato cactus","id":3138,"quantity":89,"price":38}],"date":"Feb 4, 2024, 4:49:37 PM"}
{"name":"Tombs of Amascut","level":-1,"killCount":-1,"type":"EVENT","drops":[{"name":"Dragon med helm","id":1149,"quantity":4,"price":57994},{"name":"Gold ore","id":444,"quantity":253,"price":175},{"name":"Soul rune","id":566,"quantity":569,"price":240}],"date":"Feb 5, 2024, 3:57:36 PM"}
{"name":"Tombs of Amascut","level":-1,"killCount":-1,"type":"EVENT","drops":[{"name":"Raw manta ray","id":389,"quantity":49,"price":1234},{"name":"Snapdragon seed","id":5300,"quantity":9,"price":31342},{"name":"Dragonstone","id":1615,"quantity":36,"price":11235}],"date":"Feb 5, 2024, 5:12:42 PM"}
{"name":"Tombs of Amascut","level":-1,"killCount":-1,"type":"EVENT","drops":[{"name":"Raw manta ray","id":389,"quantity":49,"price":1234},{"name":"Dragon med helm","id":1149,"quantity":4,"price":57994},{"name":"Battlestaff","id":1391,"quantity":19,"price":8004}],"date":"Feb 5, 2024, 8:51:21 PM"}
{"name":"Tombs of Amascut","level":-1,"killCount":-1,"type":"EVENT","drops":[{"name":"Diamond","id":1601,"quantity":47,"price":1676},{"name":"Ruby","id":1603,"quantity":63,"price":809},{"name":"Ranarr seed","id":5295,"quantity":10,"price":19789},{"name":"Clue scroll (elite)","id":12156,"quantity":1,"price":0}],"date":"Feb 5, 2024, 9:36:34 PM"}
{"name":"Tombs of Amascut","level":-1,"killCount":-1,"type":"EVENT","drops":[{"name":"Gold bar","id":2357,"quantity":88,"price":112},{"name":"Battlestaff","id":1391,"quantity":19,"price":8004},{"name":"Cache of runes","id":27293,"quantity":1,"price":0}],"date":"Feb 5, 2024, 10:41:00 PM"}
{"name":"Tombs of Amascut","level":-1,"killCount":-1,"type":"EVENT","drops":[{"name":"Death rune","id":560,"quantity":1129,"price":200},{"name":"Soul rune","id":566,"quantity":564,"price":240},{"name":"Dragonstone","id":1615,"quantity":36,"price":11235}],"date":"Feb 5, 2024, 11:23:51 PM"}
{"name":"Tombs of Amascut","level":-1,"killCount":-1,"type":"EVENT","drops":[{"name":"Masori body","id":27229,"quantity":1,"price":88232431}],"date":"Feb 6, 2024, 9:36:27 PM"}
{"name":"Tombs of Amascut","level":-1,"killCount":-1,"type":"EVENT","drops":[{"name":"Death rune","id":560,"quantity":1144,"price":203},{"name":"Snapdragon seed","id":5300,"quantity":10,"price":33136},{"name":"Raw manta ray","id":389,"quantity":50,"price":1214}],"date":"Feb 6, 2024, 10:22:29 PM"}
{"name":"Tombs of Amascut","level":-1,"killCount":-1,"type":"EVENT","drops":[{"name":"Coins","id":995,"quantity":22431,"price":1},{"name":"Raw manta ray","id":389,"quantity":49,"price":1214},{"name":"Sapphire","id":1607,"quantity":111,"price":235}],"date":"Feb 6, 2024, 11:01:18 PM"}
{"name":"Tombs of Amascut","level":-1,"killCount":-1,"type":"EVENT","drops":[{"name":"Gold bar","id":2357,"quantity":178,"price":112},{"name":"Diamond","id":1601,"quantity":55,"price":1658}],"date":"Feb 7, 2024, 9:04:48 AM"}
{"name":"Tombs of Amascut","level":-1,"killCount":-1,"type":"EVENT","drops":[{"name":"Raw manta ray","id":389,"quantity":50,"price":1214},{"name":"Cache of runes","id":27293,"quantity":1,"price":0},{"name":"Ranarr seed","id":5295,"quantity":12,"price":19589}],"date":"Feb 7, 2024, 8:17:54 PM"}
{"name":"Tombs of Amascut","level":-1,"killCount":-1,"type":"EVENT","drops":[{"name":"Cactus spine","id":6016,"quantity":36,"price":1927},{"name":"Lily of the sands","id":27272,"quantity":19,"price":2029},{"name":"Magic seed","id":5316,"quantity":3,"price":73237}],"date":"Feb 7, 2024, 9:56:43 PM"}
{"name":"Tombs of Amascut","level":-1,"killCount":-1,"type":"EVENT","drops":[{"name":"Raw manta ray","id":389,"quantity":49,"price":1161},{"name":"Mahogany logs","id":6332,"quantity":124,"price":450},{"name":"Torstol seed","id":5304,"quantity":9,"price":4979}],"date":"Feb 7, 2024, 10:36:34 PM"}
{"name":"Tombs of Amascut","level":-1,"killCount":-1,"type":"EVENT","drops":[{"name":"Cache of runes","id":27293,"quantity":1,"price":0},{"name":"Dragon dart tip","id":11232,"quantity":228,"price":1859},{"name":"Coconut milk","id":5935,"quantity":20,"price":191}],"date":"Feb 8, 2024, 11:54:55 AM"}
{"name":"Tombs of Amascut","level":-1,"killCount":-1,"type":"EVENT","drops":[{"name":"Gold bar","id":2357,"quantity":86,"price":111},{"name":"Emerald","id":1605,"quantity":86,"price":449},{"name":"Battlestaff","id":1391,"quantity":19,"price":8002}],"date":"Feb 8, 2024, 12:42:36 PM"}
{"name":"Tombs of Amascut","level":-1,"killCount":-1,"type":"EVENT","drops":[{"name":"Ruby","id":1603,"quantity":150,"price":786},{"name":"Mahogany logs","id":6332,"quantity":126,"price":450}],"date":"Feb 8, 2024, 3:23:29 PM"}
{"name":"Tombs of Amascut","level":-1,"killCount":-1,"type":"EVENT","drops":[{"name":"Coins","id":995,"quantity":22346,"price":1},{"name":"Ruby","id":1603,"quantity":73,"price":786},{"name":"Battlestaff","id":1391,"quantity":19,"price":8002}],"date":"Feb 8, 2024, 4:03:11 PM"}
{"name":"Tombs of Amascut","level":-1,"killCount":-1,"type":"EVENT","drops":[{"name":"Magic seed","id":5316,"quantity":3,"price":73102},{"name":"Dragon dart tip","id":11232,"quantity":225,"price":1859},{"name":"Raw shark","id":383,"quantity":89,"price":685}],"date":"Feb 8, 2024, 6:50:35 PM"}
{"name":"Tombs of Amascut","level":-1,"killCount":-1,"type":"EVENT","drops":[{"name":"Death rune","id":560,"quantity":1184,"price":204},{"name":"Emerald","id":1605,"quantity":188,"price":449}],"date":"Feb 8, 2024, 7:37:52 PM"}
{"name":"Tombs of Amascut","level":-1,"killCount":-1,"type":"EVENT","drops":[{"name":"Snapdragon seed","id":5300,"quantity":10,"price":33817},{"name":"Soul rune","id":566,"quantity":594,"price":246},{"name":"Coins","id":995,"quantity":23805,"price":1}],"date":"Feb 8, 2024, 8:36:14 PM"}
{"name":"Tombs of Amascut","level":-1,"killCount":-1,"type":"EVENT","drops":[{"name":"Cache of runes","id":27293,"quantity":1,"price":0},{"name":"Magic seed","id":5316,"quantity":3,"price":73102},{"name":"Dragon dart tip","id":11232,"quantity":238,"price":1859}],"date":"Feb 8, 2024, 9:19:26 PM"}
{"name":"Tombs of Amascut","level":-1,"killCount":-1,"type":"EVENT","drops":[{"name":"Raw shark","id":383,"quantity":95,"price":685},{"name":"Cache of runes","id":27293,"quantity":1,"price":0},{"name":"Mahogany logs","id":6332,"quantity":132,"price":450}],"date":"Feb 8, 2024, 10:01:49 PM"}
{"name":"Tombs of Amascut","level":-1,"killCount":-1,"type":"EVENT","drops":[{"name":"Ruby","id":1603,"quantity":79,"price":777},{"name":"Sapphire","id":1607,"quantity":119,"price":233},{"name":"Potato cactus","id":3138,"quantity":95,"price":39}],"date":"Feb 9, 2024, 11:29:28 AM"}
{"name":"Tombs of Amascut","level":-1,"killCount":-1,"type":"EVENT","drops":[{"name":"Dragonstone","id":1615,"quantity":38,"price":11420},{"name":"Blood essence","id":26390,"quantity":2,"price":61775},{"name":"Gold bar","id":2357,"quantity":94,"price":110}],"date":"Feb 9, 2024, 12:20:43 PM"}
{"name":"Tombs of Amascut","level":-1,"killCount":-1,"type":"EVENT","drops":[{"name":"Diamond","id":1601,"quantity":59,"price":1656},{"name":"Sapphire","id":1607,"quantity":118,"price":233},{"name":"Emerald","id":1605,"quantity":94,"price":442}],"date":"Feb 9, 2024, 1:10:05 PM"}
{"name":"Tombs of Amascut","level":-1,"killCount":-1,"type":"EVENT","drops":[{"name":"Gold ore","id":444,"quantity":217,"price":175},{"name":"Coins","id":995,"quantity":19586,"price":1},{"name":"Dragonstone","id":1615,"quantity":31,"price":11420}],"date":"Feb 9, 2024, 3:30:25 PM"}
{"name":"Tombs of Amascut","level":-1,"killCount":-1,"type":"EVENT","drops":[{"name":"Coconut milk","id":5935,"quantity":21,"price":210},{"name":"Coins","id":995,"quantity":23781,"price":1},{"name":"Gold bar","id":2357,"quantity":94,"price":110}],"date":"Feb 10, 2024, 11:43:24 AM"}
{"name":"Tombs of Amascut","level":-1,"killCount":-1,"type":"EVENT","drops":[{"name":"Coins","id":995,"quantity":23833,"price":1},{"name":"Blood essence","id":26390,"quantity":2,"price":61979},{"name":"Diamond","id":1601,"quantity":59,"price":1645}],"date":"Feb 10, 2024, 12:35:31 PM"}
{"name":"Tombs of Amascut","level":-1,"killCount":-1,"type":"EVENT","drops":[{"name":"Blood essence","id":26390,"quantity":2,"price":61979},{"name":"Diamond","id":1601,"quantity":59,"price":1645},{"name":"Raw shark","id":383,"quantity":95,"price":678},{"name":"Clue scroll (elite)","id":19802,"quantity":1,"price":0}],"date":"Feb 10, 2024, 1:24:29 PM"}
{"name":"Tombs of Amascut","level":-1,"killCount":-1,"type":"EVENT","drops":[{"name":"Blood essence","id":26390,"quantity":2,"price":61979},{"name":"Raw shark","id":383,"quantity":94,"price":678},{"name":"Toadflax seed","id":5296,"quantity":16,"price":819}],"date":"Feb 10, 2024, 2:45:13 PM"}
{"name":"Tombs of Amascut","level":-1,"killCount":-1,"type":"EVENT","drops":[{"name":"Gold ore","id":444,"quantity":265,"price":175},{"name":"Raw shark","id":383,"quantity":95,"price":678},{"name":"Dragonstone","id":1615,"quantity":38,"price":11330}],"date":"Feb 10, 2024, 3:34:58 PM"}
{"name":"Tombs of Amascut","level":-1,"killCount":-1,"type":"EVENT","drops":[{"name":"Battlestaff","id":1391,"quantity":21,"price":7965},{"name":"Lily of the sands","id":27272,"quantity":21,"price":1979},{"name":"Cactus spine","id":6016,"quantity":40,"price":2017}],"date":"Feb 10, 2024, 4:21:09 PM"}
{"name":"Tombs of Amascut","level":-1,"killCount":-1,"type":"EVENT","drops":[{"name":"Coins","id":995,"quantity":23946,"price":1},{"name":"Ruby","id":1603,"quantity":79,"price":782},{"name":"Blood essence","id":26390,"quantity":2,"price":61979}],"date":"Feb 10, 2024, 6:16:30 PM"}
{"name":"Tombs of Amascut","level":-1,"killCount":-1,"type":"EVENT","drops":[{"name":"Raw manta ray","id":389,"quantity":53,"price":1058},{"name":"Toadflax seed","id":5296,"quantity":16,"price":819},{"name":"Dragon med helm","id":1149,"quantity":5,"price":58604}],"date":"Feb 10, 2024, 7:01:09 PM"}
{"name":"Tombs of Amascut","level":-1,"killCount":-1,"type":"EVENT","drops":[{"name":"Dragon med helm","id":1149,"quantity":3,"price":58604},{"name":"Raw shark","id":383,"quantity":58,"price":678},{"name":"Potato cactus","id":3138,"quantity":58,"price":39}],"date":"Feb 10, 2024, 8:50:22 PM"}
{"name":"Tombs of Amascut","level":-1,"killCount":-1,"type":"EVENT","drops":[{"name":"Ranarr seed","id":5295,"quantity":8,"price":21239},{"name":"Soul rune","id":566,"quantity":374,"price":251},{"name":"Mahogany logs","id":6332,"quantity":83,"price":432},{"name":"Clue scroll (elite)","id":23770,"quantity":1,"price":0}],"date":"Feb 10, 2024, 9:26:50 PM"}
{"name":"Tombs of Amascut","level":-1,"killCount":-1,"type":"EVENT","drops":[{"name":"Raw manta ray","id":389,"quantity":50,"price":940},{"name":"Raw shark","id":383,"quantity":90,"price":855},{"name":"Mahogany logs","id":6332,"quantity":126,"price":388}],"date":"May 19, 2024, 12:11:42 AM"}
{"name":"Tombs of Amascut","level":-1,"killCount":-1,"type":"EVENT","drops":[{"name":"Masori chaps","id":27232,"quantity":1,"price":40972252}],"date":"May 20, 2024, 10:55:41 AM"}
{"name":"Tombs of Amascut","level":-1,"killCount":-1,"type":"EVENT","drops":[{"name":"Magic seed","id":5316,"quantity":3,"price":69020},{"name":"Ranarr seed","id":5295,"quantity":11,"price":26572},{"name":"Cache of runes","id":27293,"quantity":1,"price":0}],"date":"May 20, 2024, 11:30:45 PM"}
{"name":"Tombs of Amascut","level":-1,"killCount":-1,"type":"EVENT","drops":[{"name":"Soul rune","id":566,"quantity":298,"price":204},{"name":"Torstol seed","id":5304,"quantity":5,"price":8560},{"name":"Dragon dart tip","id":11232,"quantity":119,"price":1548}],"date":"Jul 31, 2024, 11:07:16 PM"}
{"name":"Tombs of Amascut","level":-1,"killCount":-1,"type":"EVENT","drops":[{"name":"Snapdragon seed","id":5300,"quantity":18,"price":42372},{"name":"Coins","id":995,"quantity":19814,"price":1}],"date":"Oct 24, 2024, 11:43:49 PM"}
{"name":"Tombs of Amascut","level":-1,"killCount":-1,"type":"EVENT","drops":[{"name":"Dragonstone","id":1615,"quantity":30,"price":11669},{"name":"Raw shark","id":383,"quantity":72,"price":684},{"name":"Coconut milk","id":5935,"quantity":16,"price":184}],"date":"Oct 25, 2024, 12:28:11 AM"}
{"name":"Tombs of Amascut","level":-1,"killCount":-1,"type":"EVENT","drops":[{"name":"Gold ore","id":444,"quantity":251,"price":161},{"name":"Raw manta ray","id":389,"quantity":50,"price":1771},{"name":"Cache of runes","id":27293,"quantity":1,"price":0}],"date":"Oct 26, 2024, 12:09:14 AM"}
{"name":"Tombs of Amascut","level":-1,"killCount":-1,"type":"EVENT","drops":[{"name":"Gold ore","id":444,"quantity":251,"price":161},{"name":"Raw manta ray","id":389,"quantity":50,"price":1771}],"date":"Oct 26, 2024, 12:21:33 AM"}
{"name":"Tombs of Amascut","level":-1,"killCount":-1,"type":"EVENT","drops":[{"name":"Diamond","id":1601,"quantity":52,"price":1723},{"name":"Toadflax seed","id":5296,"quantity":15,"price":1409},{"name":"Soul rune","id":566,"quantity":526,"price":181},{"name":"Clue scroll (elite)","id":12138,"quantity":1,"price":0}],"date":"Oct 26, 2024, 1:16:38 AM"}
{"name":"Tombs of Amascut","level":-1,"killCount":-1,"type":"EVENT","drops":[{"name":"Blood essence","id":26390,"quantity":1,"price":74239},{"name":"Cactus spine","id":6016,"quantity":24,"price":2415},{"name":"Coins","id":995,"quantity":14823,"price":1},{"name":"Thread of elidinis","id":27279,"quantity":1,"price":0}],"date":"Oct 26, 2024, 2:53:44 PM"}
{"name":"Tombs of Amascut","level":-1,"killCount":-1,"type":"EVENT","drops":[{"name":"Lily of the sands","id":27272,"quantity":16,"price":2072},{"name":"Potato cactus","id":3138,"quantity":74,"price":43},{"name":"Ruby","id":1603,"quantity":62,"price":861}],"date":"Oct 26, 2024, 3:37:47 PM"}
{"name":"Tombs of Amascut","level":-1,"killCount":-1,"type":"EVENT","drops":[{"name":"Dragon dart tip","id":11232,"quantity":148,"price":3184},{"name":"Coins","id":995,"quantity":14868,"price":1},{"name":"Coconut milk","id":5935,"quantity":13,"price":171}],"date":"Oct 26, 2024, 4:20:17 PM"}
{"name":"Tombs of Amascut","level":-1,"killCount":-1,"type":"EVENT","drops":[{"name":"Dragonstone","id":1615,"quantity":43,"price":11508},{"name":"Battlestaff","id":1391,"quantity":23,"price":8385},{"name":"Diamond","id":1601,"quantity":64,"price":1726},{"name":"Thread of elidinis","id":27279,"quantity":1,"price":0}],"date":"Oct 26, 2024, 5:16:00 PM"}
{"name":"Tombs of Amascut","level":-1,"killCount":-1,"type":"EVENT","drops":[{"name":"Gold bar","id":2357,"quantity":101,"price":113},{"name":"Coconut milk","id":5935,"quantity":23,"price":171},{"name":"Ranarr seed","id":5295,"quantity":14,"price":31614}],"date":"Oct 26, 2024, 6:26:21 PM"}
{"name":"Tombs of Amascut","level":-1,"killCount":-1,"type":"EVENT","drops":[{"name":"Lily of the sands","id":27272,"quantity":22,"price":2072},{"name":"Potato cactus","id":3138,"quantity":98,"price":43},{"name":"Death rune","id":560,"quantity":1233,"price":172}],"date":"Oct 26, 2024, 7:17:18 PM"}
{"name":"Tombs of Amascut","level":-1,"killCount":-1,"type":"EVENT","drops":[{"name":"Dragon med helm","id":1149,"quantity":5,"price":58882},{"name":"Dragon dart tip","id":11232,"quantity":218,"price":3123},{"name":"Mahogany logs","id":6332,"quantity":121,"price":552}],"date":"Oct 27, 2024, 11:28:56 PM"}
{"name":"Tombs of Amascut","level":-1,"killCount":-1,"type":"EVENT","drops":[{"name":"Potato cactus","id":3138,"quantity":77,"price":45},{"name":"Mahogany logs","id":6332,"quantity":107,"price":552},{"name":"Dragon med helm","id":1149,"quantity":4,"price":58882}],"date":"Oct 28, 2024, 12:14:49 AM"}
{"name":"Tombs of Amascut","level":-1,"killCount":-1,"type":"EVENT","drops":[{"name":"Ranarr seed","id":5295,"quantity":12,"price":30681},{"name":"Magic seed","id":5316,"quantity":3,"price":96408},{"name":"Raw manta ray","id":389,"quantity":51,"price":1748}],"date":"Oct 28, 2024, 1:02:57 AM"}
{"name":"Tombs of Amascut","level":-1,"killCount":-1,"type":"EVENT","drops":[{"name":"Dragon med helm","id":1149,"quantity":3,"price":58882},{"name":"Diamond","id":1601,"quantity":38,"price":1738},{"name":"Coconut milk","id":5935,"quantity":13,"price":170}],"date":"Oct 28, 2024, 10:22:30 PM"}
{"name":"Tombs of Amascut","level":-1,"killCount":-1,"type":"EVENT","drops":[{"name":"Magic seed","id":5316,"quantity":3,"price":96408},{"name":"Coins","id":995,"quantity":20129,"price":1},{"name":"Ranarr seed","id":5295,"quantity":11,"price":30681}],"date":"Oct 28, 2024, 11:02:55 PM"}
{"name":"Tombs of Amascut","level":-1,"killCount":-1,"type":"EVENT","drops":[{"name":"Magic seed","id":5316,"quantity":3,"price":97293},{"name":"Cactus spine","id":6016,"quantity":37,"price":2423},{"name":"Ranarr seed","id":5295,"quantity":12,"price":30409}],"date":"Oct 29, 2024, 10:52:00 PM"}
{"name":"Tombs of Amascut","level":-1,"killCount":-1,"type":"EVENT","drops":[{"name":"Ranarr seed","id":5295,"quantity":12,"price":30409},{"name":"Dragon med helm","id":1149,"quantity":5,"price":59018},{"name":"Sapphire","id":1607,"quantity":113,"price":237}],"date":"Oct 29, 2024, 11:35:01 PM"}
{"name":"Tombs of Amascut","level":-1,"killCount":-1,"type":"EVENT","drops":[{"name":"Lily of the sands","id":27272,"quantity":12,"price":1991},{"name":"Battlestaff","id":1391,"quantity":12,"price":8379},{"name":"Soul rune","id":566,"quantity":363,"price":176}],"date":"Nov 1, 2024, 9:48:54 PM"}
{"name":"Tombs of Amascut","level":-1,"killCount":-1,"type":"EVENT","drops":[{"name":"Lily of the sands","id":27272,"quantity":13,"price":1991},{"name":"Raw manta ray","id":389,"quantity":34,"price":1828},{"name":"Cactus spine","id":6016,"quantity":25,"price":2611}],"date":"Nov 1, 2024, 10:22:52 PM"}
{"name":"Tombs of Amascut","level":-1,"killCount":-1,"type":"EVENT","drops":[{"name":"Gold ore","id":444,"quantity":151,"price":158},{"name":"Cactus spine","id":6016,"quantity":21,"price":2611},{"name":"Soul rune","id":566,"quantity":342,"price":176}],"date":"Nov 1, 2024, 10:57:20 PM"}
{"name":"Tombs of Amascut","level":-1,"killCount":-1,"type":"EVENT","drops":[{"name":"Lily of the sands","id":27272,"quantity":19,"price":2017},{"name":"Raw shark","id":383,"quantity":89,"price":662},{"name":"Gold ore","id":444,"quantity":250,"price":158},{"name":"Thread of elidinis","id":27279,"quantity":1,"price":0}],"date":"Nov 2, 2024, 12:33:55 PM"}
{"name":"Tombs of Amascut","level":-1,"killCount":-1,"type":"EVENT","drops":[{"name":"Cactus spine","id":6016,"quantity":17,"price":2622},{"name":"Potato cactus","id":3138,"quantity":43,"price":34},{"name":"Soul rune","id":566,"quantity":278,"price":174}],"date":"Nov 2, 2024, 9:28:12 PM"}
{"name":"Tombs of Amascut","level":-1,"killCount":-1,"type":"EVENT","drops":[{"name":"Sapphire","id":1607,"quantity":103,"price":235},{"name":"Blood essence","id":26390,"quantity":2,"price":74464},{"name":"Gold ore","id":444,"quantity":230,"price":158}],"date":"Nov 3, 2024, 1:06:06 AM"}
{"name":"Tombs of Amascut","level":-1,"killCount":-1,"type":"EVENT","drops":[{"name":"Dragon med helm","id":1149,"quantity":5,"price":59067},{"name":"Raw shark","id":383,"quantity":89,"price":641},{"name":"Torstol seed","id":5304,"quantity":10,"price":6477}],"date":"Nov 3, 2024, 1:48:42 AM"}
{"name":"Tombs of Amascut","level":-1,"killCount":-1,"type":"EVENT","drops":[{"name":"Snapdragon seed","id":5300,"quantity":8,"price":42338},{"name":"Cache of runes","id":27293,"quantity":1,"price":0},{"name":"Dragon med helm","id":1149,"quantity":4,"price":59067}],"date":"Nov 3, 2024, 12:09:52 PM"}
{"name":"Tombs of Amascut","level":-1,"killCount":-1,"type":"EVENT","drops":[{"name":"Diamond","id":1601,"quantity":56,"price":1750},{"name":"Raw shark","id":383,"quantity":90,"price":641},{"name":"Dragon dart tip","id":11232,"quantity":225,"price":3115}],"date":"Nov 3, 2024, 12:55:44 PM"}
{"name":"Tombs of Amascut","level":-1,"killCount":-1,"type":"EVENT","drops":[{"name":"Ruby","id":1603,"quantity":76,"price":870},{"name":"Potato cactus","id":3138,"quantity":92,"price":33},{"name":"Snapdragon seed","id":5300,"quantity":10,"price":42338}],"date":"Nov 3, 2024, 9:54:12 PM"}
{"name":"Tombs of Amascut","level":-1,"killCount":-1,"type":"EVENT","drops":[{"name":"Torstol seed","id":5304,"quantity":10,"price":6459},{"name":"Cache of runes","id":27293,"quantity":1,"price":0},{"name":"Coconut milk","id":5935,"quantity":20,"price":162}],"date":"Nov 4, 2024, 10:07:39 PM"}
{"name":"Tombs of Amascut","level":-1,"killCount":-1,"type":"EVENT","drops":[{"name":"Magic seed","id":5316,"quantity":3,"price":97288},{"name":"Raw shark","id":383,"quantity":90,"price":623},{"name":"Soul rune","id":566,"quantity":568,"price":173},{"name":"Clue scroll (elite)","id":23770,"quantity":1,"price":0}],"date":"Nov 5, 2024, 7:59:44 AM"}
{"name":"Tombs of Amascut","level":-1,"killCount":-1,"type":"EVENT","drops":[{"name":"Dragon dart tip","id":11232,"quantity":190,"price":3163},{"name":"Cache of runes","id":27293,"quantity":1,"price":0},{"name":"Toadflax seed","id":5296,"quantity":12,"price":1406}],"date":"Nov 5, 2024, 10:39:03 AM"}
{"name":"Tombs of Amascut","level":-1,"killCount":-1,"type":"EVENT","drops":[{"name":"Gold ore","id":444,"quantity":219,"price":159},{"name":"Soul rune","id":566,"quantity":493,"price":171},{"name":"Diamond","id":1601,"quantity":49,"price":1721}],"date":"Nov 8, 2024, 5:15:05 PM"}
{"name":"Tombs of Amascut","level":-1,"killCount":-1,"type":"EVENT","drops":[{"name":"Dragonstone","id":1615,"quantity":35,"price":11665},{"name":"Sapphire","id":1607,"quantity":107,"price":230},{"name":"Ruby","id":1603,"quantity":71,"price":834}],"date":"Nov 8, 2024, 6:21:00 PM"}
{"name":"Tombs of Amascut","level":-1,"killCount":-1,"type":"EVENT","drops":[{"name":"Gold ore","id":444,"quantity":232,"price":159},{"name":"Coins","id":995,"quantity":20888,"price":1},{"name":"Cache of runes","id":27293,"quantity":1,"price":0},{"name":"Thread of elidinis","id":27279,"quantity":1,"price":0}],"date":"Nov 8, 2024, 6:58:05 PM"}
{"name":"Tombs of Amascut","level":-1,"killCount":-1,"type":"EVENT","drops":[{"name":"Coconut milk","id":5935,"quantity":18,"price":155},{"name":"Gold bar","id":2357,"quantity":80,"price":116},{"name":"Emerald","id":1605,"quantity":80,"price":426}],"date":"Nov 8, 2024, 9:30:12 PM"}
{"name":"Tombs of Amascut","level":-1,"killCount":-1,"type":"EVENT","drops":[{"name":"Dragon dart tip","id":11232,"quantity":452,"price":3254},{"name":"Coconut milk","id":5935,"quantity":20,"price":155}],"date":"Nov 8, 2024, 10:13:54 PM"}
{"name":"Tombs of Amascut","level":-1,"killCount":-1,"type":"EVENT","drops":[{"name":"Battlestaff","id":1391,"quantity":24,"price":8334},{"name":"Lily of the sands","id":27272,"quantity":24,"price":2011},{"name":"Gold bar","id":2357,"quantity":106,"price":116}],"date":"Nov 8, 2024, 11:04:40 PM"}
{"name":"Tombs of Amascut","level":-1,"killCount":-1,"type":"EVENT","drops":[{"name":"Dragon med helm","id":1149,"quantity":6,"price":58940},{"name":"Snapdragon seed","id":5300,"quantity":12,"price":43276},{"name":"Toadflax seed","id":5296,"quantity":19,"price":1384}],"date":"Nov 9, 2024, 5:36:17 PM"}
{"name":"Tombs of Amascut","level":-1,"killCount":-1,"type":"EVENT","drops":[{"name":"Toadflax seed","id":5296,"quantity":15,"price":1384},{"name":"Gold bar","id":2357,"quantity":88,"price":116},{"name":"Dragon dart tip","id":11232,"quantity":220,"price":3201}],"date":"Nov 9, 2024, 6:15:41 PM"}
{"name":"Tombs of Amascut","level":-1,"killCount":-1,"type":"EVENT","drops":[{"name":"Toadflax seed","id":5296,"quantity":15,"price":1475},{"name":"Gold bar","id":2357,"quantity":86,"price":116},{"name":"Raw manta ray","id":389,"quantity":47,"price":1775}],"date":"Nov 16, 2024, 1:10:59 PM"}
{"name":"Tombs of Amascut","level":-1,"killCount":-1,"type":"EVENT","drops":[{"name":"Soul rune","id":566,"quantity":515,"price":177},{"name":"Raw manta ray","id":389,"quantity":45,"price":1775},{"name":"Dragon dart tip","id":11232,"quantity":206,"price":2987}],"date":"Nov 16, 2024, 9:47:43 PM"}
{"name":"Tombs of Amascut","level":-1,"killCount":-1,"type":"EVENT","drops":[{"name":"Raw manta ray","id":389,"quantity":46,"price":1775},{"name":"Cactus spine","id":6016,"quantity":34,"price":2612},{"name":"Dragon dart tip","id":11232,"quantity":209,"price":2987}],"date":"Nov 16, 2024, 10:29:16 PM"}
{"name":"Tombs of Amascut","level":-1,"killCount":-1,"type":"EVENT","drops":[{"name":"Dragonstone","id":1615,"quantity":37,"price":11492},{"name":"Raw shark","id":383,"quantity":91,"price":614},{"name":"Sapphire","id":1607,"quantity":113,"price":229},{"name":"Thread of elidinis","id":27279,"quantity":1,"price":0}],"date":"Nov 16, 2024, 11:16:09 PM"}
{"name":"Tombs of Amascut","level":-1,"killCount":-1,"type":"EVENT","drops":[{"name":"Ruby","id":1603,"quantity":88,"price":847},{"name":"Raw shark","id":383,"quantity":105,"price":614},{"name":"Cache of runes","id":27293,"quantity":1,"price":0}],"date":"Nov 17, 2024, 12:01:42 AM"}
{"name":"Tombs of Amascut","level":-1,"killCount":-1,"type":"EVENT","drops":[{"name":"Raw manta ray","id":389,"quantity":51,"price":1775},{"name":"Raw shark","id":383,"quantity":92,"price":614},{"name":"Soul rune","id":566,"quantity":575,"price":177}],"date":"Nov 17, 2024, 12:52:06 AM"}
{"name":"Tombs of Amascut","level":-1,"killCount":-1,"type":"EVENT","drops":[{"name":"Cactus spine","id":6016,"quantity":47,"price":2629},{"name":"Death rune","id":560,"quantity":1443,"price":156},{"name":"Snapdragon seed","id":5300,"quantity":12,"price":42750}],"date":"Nov 17, 2024, 11:07:37 PM"}
{"name":"Tombs of Amascut","level":-1,"killCount":-1,"type":"EVENT","drops":[{"name":"Battlestaff","id":1391,"quantity":21,"price":8258},{"name":"Magic seed","id":5316,"quantity":3,"price":100416},{"name":"Gold bar","id":2357,"quantity":98,"price":117}],"date":"Nov 18, 2024, 12:03:08 AM"}
{"name":"Tombs of Amascut","level":-1,"killCount":-1,"type":"EVENT","drops":[{"name":"Soul rune","id":566,"quantity":657,"price":181},{"name":"Ruby","id":1603,"quantity":87,"price":840},{"name":"Lily of the sands","id":27272,"quantity":23,"price":2249}],"date":"Nov 21, 2024, 7:27:24 PM"}
{"name":"Tombs of Amascut","level":-1,"killCount":-1,"type":"EVENT","drops":[{"name":"Cactus spine","id":6016,"quantity":42,"price":2667},{"name":"Emerald","id":1605,"quantity":103,"price":438},{"name":"Gold bar","id":2357,"quantity":103,"price":119}],"date":"Nov 21, 2024, 10:31:46 PM"}
{"name":"Tombs of Amascut","level":-1,"killCount":-1,"type":"EVENT","drops":[{"name":"Gold ore","id":444,"quantity":325,"price":159},{"name":"Raw manta ray","id":389,"quantity":64,"price":1856},{"name":"Dragonstone","id":1615,"quantity":48,"price":11574}],"date":"Nov 21, 2024, 11:43:50 PM"}
{"name":"Tombs of Amascut","level":-1,"killCount":-1,"type":"EVENT","drops":[{"name":"Coins","id":995,"quantity":41388,"price":1},{"name":"Battlestaff","id":1391,"quantity":18,"price":8136}],"date":"Feb 14, 2025, 11:53:48 PM"}
{"name":"Tombs of Amascut","level":-1,"killCount":-1,"type":"EVENT","drops":[{"name":"Torstol seed","id":5304,"quantity":11,"price":5813},{"name":"Dragon dart tip","id":11232,"quantity":248,"price":3412},{"name":"Diamond","id":1601,"quantity":62,"price":1783}],"date":"Feb 15, 2025, 1:32:05 AM"}
{"name":"Tombs of Amascut","level":-1,"killCount":-1,"type":"EVENT","drops":[{"name":"Toadflax seed","id":5296,"quantity":12,"price":1040},{"name":"Lily of the sands","id":27272,"quantity":16,"price":2967},{"name":"Death rune","id":560,"quantity":913,"price":175}],"date":"Feb 15, 2025, 1:19:44 PM"}
{"name":"Tombs of Amascut","level":-1,"killCount":-1,"type":"EVENT","drops":[{"name":"Ruby","id":1603,"quantity":72,"price":785},{"name":"Potato cactus","id":3138,"quantity":87,"price":56},{"name":"Mahogany logs","id":6332,"quantity":120,"price":490},{"name":"Jewel of the sun","id":27289,"quantity":1,"price":0}],"date":"Feb 15, 2025, 2:03:07 PM"}
{"name":"Tombs of Amascut","level":-1,"killCount":-1,"type":"EVENT","drops":[{"name":"Potato cactus","id":3138,"quantity":89,"price":56},{"name":"Ranarr seed","id":5295,"quantity":11,"price":22823},{"name":"Raw manta ray","id":389,"quantity":49,"price":1574}],"date":"Feb 15, 2025, 2:42:27 PM"}
{"name":"Tombs of Amascut","level":-1,"killCount":-1,"type":"EVENT","drops":[{"name":"Coconut milk","id":5935,"quantity":19,"price":271},{"name":"Ranarr seed","id":5295,"quantity":11,"price":22708},{"name":"Toadflax seed","id":5296,"quantity":14,"price":1021}],"date":"Feb 16, 2025, 1:37:54 PM"}
{"name":"Tombs of Amascut","level":-1,"killCount":-1,"type":"EVENT","drops":[{"name":"Raw manta ray","id":389,"quantity":71,"price":1538},{"name":"Magic seed","id":5316,"quantity":4,"price":104259},{"name":"Gold bar","id":2357,"quantity":128,"price":118}],"date":"Feb 17, 2025, 12:20:06 AM"}
{"name":"Tombs of Amascut","level":-1,"killCount":-1,"type":"EVENT","drops":[{"name":"Dragon dart tip","id":11232,"quantity":87,"price":3400},{"name":"Raw shark","id":383,"quantity":34,"price":729},{"name":"Gold ore","id":444,"quantity":96,"price":155}],"date":"Feb 17, 2025, 1:25:23 PM"}
