{"name":"Young impling jar","level":-1,"killCount":-1,"type":"EVENT","drops":[{"name":"Coal","id":453,"quantity":1,"price":141},{"name":"Eclectic impling jar","id":11248,"quantity":1,"price":3758}],"date":"Sep 16, 2022, 5:47:39 PM"}
{"name":"Young impling jar","level":-1,"killCount":-1,"type":"EVENT","drops":[{"name":"Coal","id":453,"quantity":1,"price":142},{"name":"Impling jar","id":11260,"quantity":1,"price":811}],"date":"Sep 16, 2022, 8:21:00 PM"}
{"name":"Young impling jar","level":-1,"killCount":-1,"type":"EVENT","drops":[{"name":"Steel axe","id":1353,"quantity":1,"price":76},{"name":"Impling jar","id":11260,"quantity":1,"price":811}],"date":"Sep 16, 2022, 8:50:20 PM"}
{"name":"Young impling jar","level":-1,"killCount":-1,"type":"EVENT","drops":[{"name":"Meat pizza","id":2293,"quantity":1,"price":475},{"name":"Impling jar","id":11260,"quantity":1,"price":930}],"date":"Sep 18, 2022, 8:34:22 PM"}
{"name":"Young impling jar","level":-1,"killCount":-1,"type":"EVENT","drops":[{"name":"Coal","id":453,"quantity":1,"price":143},{"name":"Impling jar","id":11260,"quantity":1,"price":930}],"date":"Sep 18, 2022, 8:52:54 PM"}
{"name":"Young impling jar","level":-1,"killCount":-1,"type":"EVENT","drops":[{"name":"Pure essence","id":7936,"quantity":1,"price":2},{"name":"Impling jar","id":11260,"quantity":1,"price":930}],"date":"Sep 18, 2022, 9:19:33 PM"}
{"name":"Young impling jar","level":-1,"killCount":-1,"type":"EVENT","drops":[{"name":"Chocolate slice","id":1901,"quantity":1,"price":0},{"name":"Impling jar","id":11260,"quantity":1,"price":930}],"date":"Sep 18, 2022, 10:10:10 PM"}
{"name":"Young impling jar","level":-1,"killCount":-1,"type":"EVENT","drops":[{"name":"Chocolate slice","id":1901,"quantity":1,"price":0},{"name":"Impling jar","id":11260,"quantity":1,"price":930}],"date":"Sep 18, 2022, 10:32:08 PM"}
{"name":"Young impling jar","level":-1,"killCount":-1,"type":"EVENT","drops":[{"name":"Meat pizza","id":2293,"quantity":1,"price":475},{"name":"Impling jar","id":11260,"quantity":1,"price":930}],"date":"Sep 18, 2022, 11:08:00 PM"}
{"name":"Young impling jar","level":-1,"killCount":-1,"type":"EVENT","drops":[{"name":"Meat pizza","id":2293,"quantity":1,"price":456},{"name":"Impling jar","id":11260,"quantity":1,"price":903}],"date":"Sep 20, 2022, 10:53:14 AM"}
{"name":"Young impling jar","level":-1,"killCount":-1,"type":"EVENT","drops":[{"name":"Chocolate slice","id":1901,"quantity":1,"price":0},{"name":"Impling jar","id":11260,"quantity":1,"price":903}],"date":"Sep 20, 2022, 11:56:16 AM"}
{"name":"Young impling jar","level":-1,"killCount":-1,"type":"EVENT","drops":[{"name":"Pure essence","id":7936,"quantity":1,"price":1},{"name":"Impling jar","id":11260,"quantity":1,"price":903}],"date":"Sep 20, 2022, 12:23:01 PM"}
{"name":"Young impling jar","level":-1,"killCount":-1,"type":"EVENT","drops":[{"name":"Pure essence","id":7936,"quantity":1,"price":1},{"name":"Impling jar","id":11260,"quantity":1,"price":903}],"date":"Sep 20, 2022, 12:54:09 PM"}
{"name":"Young impling jar","level":-1,"killCount":-1,"type":"EVENT","drops":[{"name":"Chocolate slice","id":1901,"quantity":1,"price":0},{"name":"Impling jar","id":11260,"quantity":1,"price":903}],"date":"Sep 20, 2022, 1:01:05 PM"}
{"name":"Young impling jar","level":-1,"killCount":-1,"type":"EVENT","drops":[{"name":"Bow string","id":1777,"quantity":1,"price":77},{"name":"Impling jar","id":11260,"quantity":1,"price":903}],"date":"Sep 20, 2022, 4:20:34 PM"}
{"name":"Young impling jar","level":-1,"killCount":-1,"type":"EVENT","drops":[{"name":"Chocolate slice","id":1901,"quantity":1,"price":0},{"name":"Impling jar","id":11260,"quantity":1,"price":903}],"date":"Sep 20, 2022, 4:21:34 PM"}
{"name":"Young impling jar","level":-1,"killCount":-1,"type":"EVENT","drops":[{"name":"Meat pizza","id":2293,"quantity":1,"price":456},{"name":"Impling jar","id":11260,"quantity":1,"price":903}],"date":"Sep 20, 2022, 5:27:44 PM"}
{"name":"Young impling jar","level":-1,"killCount":-1,"type":"EVENT","drops":[{"name":"Snape grass","id":231,"quantity":1,"price":246}],"date":"Sep 20, 2022, 5:32:23 PM"}
{"name":"Young impling jar","level":-1,"killCount":-1,"type":"EVENT","drops":[{"name":"Coal","id":453,"quantity":1,"price":163},{"name":"Impling jar","id":11260,"quantity":1,"price":609}],"date":"Jan 2, 2023, 12:15:44 PM"}
{"name":"Young impling jar","level":-1,"killCount":-1,"type":"EVENT","drops":[{"name":"Lockpick","id":1523,"quantity":1,"price":318},{"name":"Impling jar","id":11260,"quantity":1,"price":773}],"date":"Mar 5, 2023, 3:08:26 PM"}
{"name":"Young impling jar","level":-1,"killCount":-1,"type":"EVENT","drops":[{"name":"Tuna","id":361,"quantity":1,"price":173},{"name":"Impling jar","id":11260,"quantity":1,"price":1083}],"date":"May 26, 2023, 1:05:36 AM"}
{"name":"Young impling jar","level":-1,"killCount":-1,"type":"EVENT","drops":[{"name":"Steel nails","id":1539,"quantity":5,"price":25},{"name":"Impling jar","id":11260,"quantity":1,"price":1192}],"date":"Jun 7, 2023, 12:01:54 AM"}
{"name":"Young impling jar","level":-1,"killCount":-1,"type":"EVENT","drops":[{"name":"Chocolate slice","id":1901,"quantity":1,"price":0},{"name":"Impling jar","id":11260,"quantity":1,"price":1192}],"date":"Jun 7, 2023, 12:25:23 AM"}
{"name":"Young impling jar","level":-1,"killCount":-1,"type":"EVENT","drops":[{"name":"Coal","id":453,"quantity":1,"price":170},{"name":"Clue scroll (easy)","id":2698,"quantity":1,"price":0},{"name":"Impling jar","id":11260,"quantity":1,"price":1192}],"date":"Jun 7, 2023, 12:50:33 AM"}
{"name":"Young impling jar","level":-1,"killCount":-1,"type":"EVENT","drops":[{"name":"Coal","id":453,"quantity":1,"price":204},{"name":"Impling jar","id":11260,"quantity":1,"price":811}],"date":"Nov 17, 2023, 1:49:54 PM"}
{"name":"Young impling jar","level":-1,"killCount":-1,"type":"EVENT","drops":[{"name":"Studded chaps","id":1097,"quantity":1,"price":381},{"name":"Impling jar","id":11260,"quantity":1,"price":811}],"date":"Nov 17, 2023, 1:50:13 PM"}
{"name":"Young impling jar","level":-1,"killCount":-1,"type":"EVENT","drops":[{"name":"Snape grass","id":231,"quantity":1,"price":246},{"name":"Impling jar","id":11260,"quantity":1,"price":811}],"date":"Nov 17, 2023, 1:50:35 PM"}
{"name":"Young impling jar","level":-1,"killCount":-1,"type":"EVENT","drops":[{"name":"Coal","id":453,"quantity":1,"price":204},{"name":"Impling jar","id":11260,"quantity":1,"price":811}],"date":"Nov 17, 2023, 1:50:48 PM"}
{"name":"Young impling jar","level":-1,"killCount":-1,"type":"EVENT","drops":[{"name":"Soft clay","id":1761,"quantity":1,"price":114},{"name":"Impling jar","id":11260,"quantity":1,"price":811}],"date":"Nov 17, 2023, 1:51:05 PM"}
{"name":"Young impling jar","level":-1,"killCount":-1,"type":"EVENT","drops":[{"name":"Pure essence","id":7936,"quantity":1,"price":2},{"name":"Impling jar","id":11260,"quantity":1,"price":811}],"date":"Nov 17, 2023, 1:51:11 PM"}
{"name":"Young impling jar","level":-1,"killCount":-1,"type":"EVENT","drops":[{"name":"Bow string","id":1777,"quantity":1,"price":139},{"name":"Impling jar","id":11260,"quantity":1,"price":811}],"date":"Nov 17, 2023, 1:51:48 PM"}
{"name":"Young impling jar","level":-1,"killCount":-1,"type":"EVENT","drops":[{"name":"Coal","id":453,"quantity":1,"price":204},{"name":"Impling jar","id":11260,"quantity":1,"price":811}],"date":"Nov 17, 2023, 1:51:50 PM"}
{"name":"Young impling jar","level":-1,"killCount":-1,"type":"EVENT","drops":[{"name":"Meat pizza","id":2293,"quantity":1,"price":322},{"name":"Impling jar","id":11260,"quantity":1,"price":811}],"date":"Nov 17, 2023, 1:52:00 PM"}
{"name":"Young impling jar","level":-1,"killCount":-1,"type":"EVENT","drops":[{"name":"Steel nails","id":1539,"quantity":5,"price":18},{"name":"Impling jar","id":11260,"quantity":1,"price":811}],"date":"Nov 17, 2023, 1:52:06 PM"}
{"name":"Young impling jar","level":-1,"killCount":-1,"type":"EVENT","drops":[{"name":"Pure essence","id":7936,"quantity":1,"price":2},{"name":"Impling jar","id":11260,"quantity":1,"price":811}],"date":"Nov 17, 2023, 1:52:12 PM"}
{"name":"Young impling jar","level":-1,"killCount":-1,"type":"EVENT","drops":[{"name":"Bow string","id":1777,"quantity":1,"price":139},{"name":"Impling jar","id":11260,"quantity":1,"price":811}],"date":"Nov 17, 2023, 1:52:17 PM"}
{"name":"Young impling jar","level":-1,"killCount":-1,"type":"EVENT","drops":[{"name":"Bow string","id":1777,"quantity":1,"price":139},{"name":"Impling jar","id":11260,"quantity":1,"price":811}],"date":"Nov 17, 2023, 1:52:24 PM"}
{"name":"Young impling jar","level":-1,"killCount":-1,"type":"EVENT","drops":[{"name":"Steel nails","id":1539,"quantity":5,"price":18},{"name":"Impling jar","id":11260,"quantity":1,"price":811}],"date":"Nov 17, 2023, 1:52:29 PM"}
{"name":"Young impling jar","level":-1,"killCount":-1,"type":"EVENT","drops":[{"name":"Pure essence","id":7936,"quantity":1,"price":2},{"name":"Impling jar","id":11260,"quantity":1,"price":811}],"date":"Nov 17, 2023, 1:52:35 PM"}
{"name":"Young impling jar","level":-1,"killCount":-1,"type":"EVENT","drops":[{"name":"Coal","id":453,"quantity":1,"price":204},{"name":"Impling jar","id":11260,"quantity":1,"price":811}],"date":"Nov 17, 2023, 1:52:40 PM"}
{"name":"Young impling jar","level":-1,"killCount":-1,"type":"EVENT","drops":[{"name":"Coal","id":453,"quantity":1,"price":204},{"name":"Impling jar","id":11260,"quantity":1,"price":811}],"date":"Nov 17, 2023, 1:52:47 PM"}
{"name":"Young impling jar","level":-1,"killCount":-1,"type":"EVENT","drops":[{"name":"Bow string","id":1777,"quantity":1,"price":139},{"name":"Impling jar","id":11260,"quantity":1,"price":811}],"date":"Nov 17, 2023, 1:54:05 PM"}
{"name":"Young impling jar","level":-1,"killCount":-1,"type":"EVENT","drops":[{"name":"Chocolate slice","id":1901,"quantity":1,"price":0},{"name":"Impling jar","id":11260,"quantity":1,"price":811}],"date":"Nov 17, 2023, 1:54:26 PM"}
{"name":"Young impling jar","level":-1,"killCount":-1,"type":"EVENT","drops":[{"name":"Tuna","id":361,"quantity":1,"price":178},{"name":"Impling jar","id":11260,"quantity":1,"price":811}],"date":"Nov 17, 2023, 1:54:35 PM"}
{"name":"Young impling jar","level":-1,"killCount":-1,"type":"EVENT","drops":[{"name":"Tuna","id":361,"quantity":1,"price":178},{"name":"Impling jar","id":11260,"quantity":1,"price":811}],"date":"Nov 17, 2023, 1:55:09 PM"}
{"name":"Young impling jar","level":-1,"killCount":-1,"type":"EVENT","drops":[{"name":"Steel axe","id":1353,"quantity":1,"price":6}],"date":"Nov 17, 2023, 1:55:14 PM"}
{"name":"Young impling jar","level":-1,"killCount":-1,"type":"EVENT","drops":[{"name":"Pure essence","id":7936,"quantity":1,"price":2},{"name":"Impling jar","id":11260,"quantity":1,"price":811}],"date":"Nov 17, 2023, 1:55:59 PM"}
{"name":"Young impling jar","level":-1,"killCount":-1,"type":"EVENT","drops":[{"name":"Steel full helm","id":1157,"quantity":1,"price":146},{"name":"Impling jar","id":11260,"quantity":1,"price":811}],"date":"Nov 17, 2023, 1:56:06 PM"}
{"name":"Young impling jar","level":-1,"killCount":-1,"type":"EVENT","drops":[{"name":"Yew longbow","id":855,"quantity":1,"price":592},{"name":"Impling jar","id":11260,"quantity":1,"price":811}],"date":"Nov 17, 2023, 1:56:14 PM"}
{"name":"Young impling jar","level":-1,"killCount":-1,"type":"EVENT","drops":[{"name":"Steel nails","id":1539,"quantity":5,"price":18},{"name":"Impling jar","id":11260,"quantity":1,"price":811}],"date":"Nov 17, 2023, 1:56:35 PM"}
{"name":"Young impling jar","level":-1,"killCount":-1,"type":"EVENT","drops":[{"name":"Studded chaps","id":1097,"quantity":1,"price":381},{"name":"Impling jar","id":11260,"quantity":1,"price":811}],"date":"Nov 17, 2023, 1:56:40 PM"}
{"name":"Young impling jar","level":-1,"killCount":-1,"type":"EVENT","drops":[{"name":"Meat pizza","id":2293,"quantity":1,"price":322},{"name":"Impling jar","id":11260,"quantity":1,"price":811}],"date":"Nov 17, 2023, 1:56:55 PM"}
{"name":"Young impling jar","level":-1,"killCount":-1,"type":"EVENT","drops":[{"name":"Steel axe","id":1353,"quantity":1,"price":6},{"name":"Impling jar","id":11260,"quantity":1,"price":811}],"date":"Nov 17, 2023, 1:57:01 PM"}
{"name":"Young impling jar","level":-1,"killCount":-1,"type":"EVENT","drops":[{"name":"Steel nails","id":1539,"quantity":5,"price":18},{"name":"Impling jar","id":11260,"quantity":1,"price":811}],"date":"Nov 17, 2023, 1:57:06 PM"}
{"name":"Young impling jar","level":-1,"killCount":-1,"type":"EVENT","drops":[{"name":"Soft clay","id":1761,"quantity":1,"price":114},{"name":"Scroll box (beginner)","id":24361,"quantity":1,"price":0},{"name":"Impling jar","id":11260,"quantity":1,"price":811}],"date":"Nov 17, 2023, 1:57:12 PM"}
{"name":"Young impling jar","level":-1,"killCount":-1,"type":"EVENT","drops":[{"name":"Steel axe","id":1353,"quantity":1,"price":6},{"name":"Impling jar","id":11260,"quantity":1,"price":811}],"date":"Nov 17, 2023, 1:57:18 PM"}
{"name":"Young impling jar","level":-1,"killCount":-1,"type":"EVENT","drops":[{"name":"Scroll box (beginner)","id":24361,"quantity":1,"price":0},{"name":"Chocolate slice","id":1901,"quantity":1,"price":0},{"name":"Impling jar","id":11260,"quantity":1,"price":811}],"date":"Nov 17, 2023, 1:57:23 PM"}
{"name":"Young impling jar","level":-1,"killCount":-1,"type":"EVENT","drops":[{"name":"Snape grass","id":231,"quantity":1,"price":246},{"name":"Impling jar","id":11260,"quantity":1,"price":811}],"date":"Nov 17, 2023, 1:57:29 PM"}
{"name":"Young impling jar","level":-1,"killCount":-1,"type":"EVENT","drops":[{"name":"Tuna","id":361,"quantity":1,"price":178},{"name":"Impling jar","id":11260,"quantity":1,"price":811}],"date":"Nov 17, 2023, 1:57:36 PM"}
{"name":"Young impling jar","level":-1,"killCount":-1,"type":"EVENT","drops":[{"name":"Lockpick","id":1523,"quantity":1,"price":242},{"name":"Impling jar","id":11260,"quantity":1,"price":811}],"date":"Nov 17, 2023, 1:57:41 PM"}
{"name":"Young impling jar","level":-1,"killCount":-1,"type":"EVENT","drops":[{"name":"Oak plank","id":8778,"quantity":1,"price":395},{"name":"Impling jar","id":11260,"quantity":1,"price":811}],"date":"Nov 17, 2023, 2:02:36 PM"}
{"name":"Young impling jar","level":-1,"killCount":-1,"type":"EVENT","drops":[{"name":"Steel nails","id":1539,"quantity":5,"price":18},{"name":"Impling jar","id":11260,"quantity":1,"price":811}],"date":"Nov 17, 2023, 2:02:44 PM"}
{"name":"Young impling jar","level":-1,"killCount":-1,"type":"EVENT","drops":[{"name":"Meat pizza","id":2293,"quantity":1,"price":322}],"date":"Nov 17, 2023, 2:03:34 PM"}
{"name":"Young impling jar","level":-1,"killCount":-1,"type":"EVENT","drops":[{"name":"Bow string","id":1777,"quantity":1,"price":139},{"name":"Impling jar","id":11260,"quantity":1,"price":811}],"date":"Nov 17, 2023, 2:03:55 PM"}
{"name":"Young impling jar","level":-1,"killCount":-1,"type":"EVENT","drops":[{"name":"Tuna","id":361,"quantity":1,"price":184},{"name":"Impling jar","id":11260,"quantity":1,"price":791}],"date":"Nov 27, 2023, 10:34:38 PM"}
{"name":"Young impling jar","level":-1,"killCount":-1,"type":"EVENT","drops":[{"name":"Lockpick","id":1523,"quantity":1,"price":227},{"name":"Impling jar","id":11260,"quantity":1,"price":791}],"date":"Nov 27, 2023, 10:34:42 PM"}
{"name":"Young impling jar","level":-1,"killCount":-1,"type":"EVENT","drops":[{"name":"Scroll box (beginner)","id":24361,"quantity":1,"price":0},{"name":"Meat pizza","id":2293,"quantity":1,"price":338},{"name":"Impling jar","id":11260,"quantity":1,"price":791}],"date":"Nov 27, 2023, 10:35:43 PM"}
{"name":"Young impling jar","level":-1,"killCount":-1,"type":"EVENT","drops":[{"name":"Chocolate slice","id":1901,"quantity":1,"price":0},{"name":"Impling jar","id":11260,"quantity":1,"price":791}],"date":"Nov 27, 2023, 10:36:06 PM"}
{"name":"Young impling jar","level":-1,"killCount":-1,"type":"EVENT","drops":[{"name":"Coal","id":453,"quantity":1,"price":191},{"name":"Scroll box (easy)","id":24362,"quantity":1,"price":0},{"name":"Impling jar","id":11260,"quantity":1,"price":791}],"date":"Nov 27, 2023, 10:38:09 PM"}
{"name":"Young impling jar","level":-1,"killCount":-1,"type":"EVENT","drops":[{"name":"Bow string","id":1777,"quantity":1,"price":123},{"name":"Impling jar","id":11260,"quantity":1,"price":791}],"date":"Nov 27, 2023, 10:39:21 PM"}
{"name":"Young impling jar","level":-1,"killCount":-1,"type":"EVENT","drops":[{"name":"Bow string","id":1777,"quantity":1,"price":123},{"name":"Impling jar","id":11260,"quantity":1,"price":791}],"date":"Nov 27, 2023, 10:39:31 PM"}
{"name":"Young impling jar","level":-1,"killCount":-1,"type":"EVENT","drops":[{"name":"Pure essence","id":7936,"quantity":1,"price":2},{"name":"Impling jar","id":11260,"quantity":1,"price":791}],"date":"Nov 27, 2023, 10:47:08 PM"}
{"name":"Young impling jar","level":-1,"killCount":-1,"type":"EVENT","drops":[{"name":"Coal","id":453,"quantity":1,"price":191},{"name":"Impling jar","id":11260,"quantity":1,"price":791}],"date":"Nov 27, 2023, 10:50:46 PM"}
{"name":"Young impling jar","level":-1,"killCount":-1,"type":"EVENT","drops":[{"name":"Lockpick","id":1523,"quantity":1,"price":227},{"name":"Impling jar","id":11260,"quantity":1,"price":791}],"date":"Nov 27, 2023, 10:58:05 PM"}
