{"name":"Abyssal Sire","level":350,"killCount":4,"type":"NPC","drops":[{"name":"Abyssal ashes","id":25775,"quantity":1,"price":2411},{"name":"Mystic air staff","id":1406,"quantity":2,"price":25358}],"date":"Oct 26, 2022, 2:32:54 PM"}
{"name":"Abyssal Sire","level":350,"killCount":5,"type":"NPC","drops":[{"name":"Abyssal ashes","id":25775,"quantity":1,"price":2411},{"name":"Air battlestaff","id":1398,"quantity":6,"price":8961}],"date":"Oct 26, 2022, 2:40:08 PM"}
{"name":"Abyssal Sire","level":350,"killCount":6,"type":"NPC","drops":[{"name":"Abyssal ashes","id":25775,"quantity":1,"price":2411},{"name":"Coal","id":454,"quantity":408,"price":154}],"date":"Oct 26, 2022, 2:44:18 PM"}
{"name":"Abyssal Sire","level":350,"killCount":7,"type":"NPC","drops":[{"name":"Abyssal ashes","id":25775,"quantity":1,"price":2411},{"name":"Rune sword","id":1290,"quantity":3,"price":12132}],"date":"Oct 26, 2022, 2:47:44 PM"}
{"name":"Abyssal Sire","level":350,"killCount":8,"type":"NPC","drops":[{"name":"Abyssal ashes","id":25775,"quantity":1,"price":2411},{"name":"Coins","id":995,"quantity":50770,"price":1}],"date":"Oct 26, 2022, 2:51:31 PM"}
{"name":"Abyssal Sire","level":350,"killCount":9,"type":"NPC","drops":[{"name":"Abyssal ashes","id":25775,"quantity":1,"price":2411},{"name":"Rune sword","id":1290,"quantity":3,"price":12132}],"date":"Oct 26, 2022, 3:05:09 PM"}
{"name":"Abyssal Sire","level":350,"killCount":10,"type":"NPC","drops":[{"name":"Abyssal ashes","id":25775,"quantity":1,"price":2411},{"name":"Cosmic rune","id":564,"quantity":350,"price":124}],"date":"Oct 26, 2022, 3:12:11 PM"}
{"name":"Abyssal Sire","level":350,"killCount":11,"type":"NPC","drops":[{"name":"Abyssal ashes","id":25775,"quantity":1,"price":2411},{"name":"Uncut diamond","id":1618,"quantity":15,"price":2752}],"date":"Oct 26, 2022, 3:15:48 PM"}
{"name":"Abyssal Sire","level":350,"killCount":12,"type":"NPC","drops":[{"name":"Abyssal ashes","id":25775,"quantity":1,"price":2411},{"name":"Saradomin brew(3)","id":6687,"quantity":1,"price":7160},{"name":"Saradomin brew(3)","id":6687,"quantity":1,"price":7160},{"name":"Saradomin brew(3)","id":6687,"quantity":1,"price":7160},{"name":"Saradomin brew(3)","id":6687,"quantity":1,"price":7160},{"name":"Saradomin brew(3)","id":6687,"quantity":1,"price":7160},{"name":"Saradomin brew(3)","id":6687,"quantity":1,"price":7160}],"date":"Oct 26, 2022, 3:19:30 PM"}
{"name":"Abyssal Sire","level":350,"killCount":13,"type":"NPC","drops":[{"name":"Abyssal ashes","id":25775,"quantity":1,"price":2411},{"name":"Blood rune","id":565,"quantity":197,"price":233}],"date":"Oct 26, 2022, 3:24:13 PM"}
{"name":"Abyssal Sire","level":350,"killCount":14,"type":"NPC","drops":[{"name":"Abyssal ashes","id":25775,"quantity":1,"price":2411},{"name":"Coins","id":995,"quantity":48992,"price":1}],"date":"Oct 26, 2022, 3:37:35 PM"}
{"name":"Abyssal Sire","level":350,"killCount":15,"type":"NPC","drops":[{"name":"Abyssal ashes","id":25775,"quantity":1,"price":2411},{"name":"Rune full helm","id":1164,"quantity":3,"price":20614}],"date":"Oct 26, 2022, 3:42:16 PM"}
{"name":"Abyssal Sire","level":350,"killCount":16,"type":"NPC","drops":[{"name":"Abyssal ashes","id":25775,"quantity":1,"price":2430},{"name":"Pure essence","id":7937,"quantity":600,"price":2}],"date":"Oct 26, 2022, 3:46:09 PM"}
{"name":"Abyssal Sire","level":350,"killCount":17,"type":"NPC","drops":[{"name":"Abyssal ashes","id":25775,"quantity":1,"price":2430},{"name":"Earth orb","id":576,"quantity":51,"price":1389}],"date":"Oct 26, 2022, 3:49:31 PM"}
{"name":"Abyssal Sire","level":350,"killCount":18,"type":"NPC","drops":[{"name":"Abyssal ashes","id":25775,"quantity":1,"price":2430},{"name":"Jug of water","id":1938,"quantity":302,"price":41}],"date":"Oct 26, 2022, 3:54:32 PM"}
{"name":"Abyssal Sire","level":350,"killCount":19,"type":"NPC","drops":[{"name":"Abyssal ashes","id":25775,"quantity":1,"price":2430},{"name":"Coins","id":995,"quantity":51001,"price":1}],"date":"Oct 26, 2022, 3:58:18 PM"}
{"name":"Abyssal Sire","level":350,"killCount":20,"type":"NPC","drops":[{"name":"Abyssal ashes","id":25775,"quantity":1,"price":2430},{"name":"Chilli potato","id":7054,"quantity":1,"price":211},{"name":"Chilli potato","id":7054,"quantity":1,"price":211},{"name":"Chilli potato","id":7054,"quantity":1,"price":211},{"name":"Chilli potato","id":7054,"quantity":1,"price":211},{"name":"Chilli potato","id":7054,"quantity":1,"price":211},{"name":"Chilli potato","id":7054,"quantity":1,"price":211},{"name":"Chilli potato","id":7054,"quantity":1,"price":211},{"name":"Chilli potato","id":7054,"quantity":1,"price":211},{"name":"Chilli potato","id":7054,"quantity":1,"price":211},{"name":"Chilli potato","id":7054,"quantity":1,"price":211}],"date":"Oct 26, 2022, 4:11:57 PM"}
{"name":"Abyssal Sire","level":350,"killCount":21,"type":"NPC","drops":[{"name":"Abyssal ashes","id":25775,"quantity":1,"price":2430},{"name":"Coins","id":995,"quantity":51464,"price":1}],"date":"Oct 26, 2022, 4:19:17 PM"}
{"name":"Abyssal Sire","level":350,"killCount":22,"type":"NPC","drops":[{"name":"Abyssal ashes","id":25775,"quantity":1,"price":2430},{"name":"Earth orb","id":576,"quantity":48,"price":1389}],"date":"Oct 26, 2022, 4:27:10 PM"}
{"name":"Abyssal Sire","level":350,"killCount":23,"type":"NPC","drops":[{"name":"Abyssal ashes","id":25775,"quantity":1,"price":2430},{"name":"Cannonball","id":2,"quantity":300,"price":168}],"date":"Oct 26, 2022, 4:30:26 PM"}
{"name":"Abyssal Sire","level":350,"killCount":24,"type":"NPC","drops":[{"name":"Abyssal ashes","id":25775,"quantity":1,"price":2430},{"name":"Yew seed","id":5315,"quantity":2,"price":42321}],"date":"Oct 26, 2022, 4:36:26 PM"}
{"name":"Abyssal Sire","level":350,"killCount":25,"type":"NPC","drops":[{"name":"Abyssal ashes","id":25775,"quantity":1,"price":2430},{"name":"Super restore(4)","id":3024,"quantity":1,"price":11104},{"name":"Super restore(4)","id":3024,"quantity":1,"price":11104},{"name":"Super restore(4)","id":3024,"quantity":1,"price":11104},{"name":"Super restore(4)","id":3024,"quantity":1,"price":11104}],"date":"Oct 26, 2022, 4:41:17 PM"}
{"name":"Abyssal Sire","level":350,"killCount":26,"type":"NPC","drops":[{"name":"Abyssal ashes","id":25775,"quantity":1,"price":2430},{"name":"Coal","id":454,"quantity":414,"price":154}],"date":"Oct 26, 2022, 4:44:44 PM"}
{"name":"Abyssal Sire","level":350,"killCount":27,"type":"NPC","drops":[{"name":"Abyssal ashes","id":25775,"quantity":1,"price":2430},{"name":"Air talisman","id":1438,"quantity":1,"price":43}],"date":"Oct 26, 2022, 4:48:53 PM"}
{"name":"Abyssal Sire","level":350,"killCount":28,"type":"NPC","drops":[{"name":"Abyssal ashes","id":25775,"quantity":1,"price":2362},{"name":"Coal","id":454,"quantity":412,"price":154}],"date":"Oct 27, 2022, 9:03:58 AM"}
{"name":"Abyssal Sire","level":350,"killCount":29,"type":"NPC","drops":[{"name":"Abyssal ashes","id":25775,"quantity":1,"price":2362},{"name":"Chilli potato","id":7054,"quantity":1,"price":211},{"name":"Chilli potato","id":7054,"quantity":1,"price":211},{"name":"Chilli potato","id":7054,"quantity":1,"price":211},{"name":"Chilli potato","id":7054,"quantity":1,"price":211},{"name":"Chilli potato","id":7054,"quantity":1,"price":211},{"name":"Chilli potato","id":7054,"quantity":1,"price":211},{"name":"Chilli potato","id":7054,"quantity":1,"price":211},{"name":"Chilli potato","id":7054,"quantity":1,"price":211},{"name":"Chilli potato","id":7054,"quantity":1,"price":211},{"name":"Chilli potato","id":7054,"quantity":1,"price":211}],"date":"Oct 27, 2022, 9:07:17 AM"}
{"name":"Abyssal Sire","level":350,"killCount":30,"type":"NPC","drops":[{"name":"Abyssal ashes","id":25775,"quantity":1,"price":2362},{"name":"Coins","id":995,"quantity":50729,"price":1}],"date":"Oct 27, 2022, 9:10:45 AM"}
{"name":"Abyssal Sire","level":350,"killCount":31,"type":"NPC","drops":[{"name":"Abyssal ashes","id":25775,"quantity":1,"price":2362},{"name":"Law rune","id":563,"quantity":250,"price":122}],"date":"Oct 27, 2022, 9:14:39 AM"}
{"name":"Abyssal Sire","level":350,"killCount":32,"type":"NPC","drops":[{"name":"Abyssal ashes","id":25775,"quantity":1,"price":2362},{"name":"Runite ore","id":452,"quantity":6,"price":11210}],"date":"Oct 27, 2022, 9:32:19 AM"}
{"name":"Abyssal Sire","level":350,"killCount":33,"type":"NPC","drops":[{"name":"Abyssal ashes","id":25775,"quantity":1,"price":2362},{"name":"Earth orb","id":576,"quantity":53,"price":1389}],"date":"Oct 27, 2022, 9:36:12 AM"}
{"name":"Abyssal Sire","level":350,"killCount":34,"type":"NPC","drops":[{"name":"Abyssal ashes","id":25775,"quantity":1,"price":2362},{"name":"Magic logs","id":1514,"quantity":68,"price":1075}],"date":"Oct 27, 2022, 9:40:21 AM"}
{"name":"Abyssal Sire","level":350,"killCount":35,"type":"NPC","drops":[{"name":"Abyssal ashes","id":25775,"quantity":1,"price":2362},{"name":"Blood rune","id":565,"quantity":207,"price":233}],"date":"Oct 27, 2022, 9:47:45 AM"}
{"name":"Abyssal Sire","level":350,"killCount":36,"type":"NPC","drops":[{"name":"Abyssal ashes","id":25775,"quantity":1,"price":2362},{"name":"Body talisman","id":1446,"quantity":1,"price":1669}],"date":"Oct 27, 2022, 9:53:19 AM"}
{"name":"Abyssal Sire","level":350,"killCount":37,"type":"NPC","drops":[{"name":"Abyssal ashes","id":25775,"quantity":1,"price":2362},{"name":"Fire talisman","id":1442,"quantity":1,"price":2032}],"date":"Oct 27, 2022, 9:57:50 AM"}
{"name":"Abyssal Sire","level":350,"killCount":38,"type":"NPC","drops":[{"name":"Abyssal ashes","id":25775,"quantity":1,"price":2362},{"name":"Coal","id":454,"quantity":397,"price":154}],"date":"Oct 27, 2022, 10:00:59 AM"}
{"name":"Abyssal Sire","level":350,"killCount":39,"type":"NPC","drops":[{"name":"Abyssal ashes","id":25775,"quantity":1,"price":2362},{"name":"Pure essence","id":7937,"quantity":600,"price":2}],"date":"Oct 27, 2022, 10:40:04 AM"}
