{"name":"Abyssal leech","level":41,"killCount":-1,"type":"NPC","drops":[{"name":"Ashes","id":592,"quantity":1,"price":52},{"name":"Pure essence","id":7937,"quantity":1,"price":2}],"date":"Nov 27, 2022, 4:11:29 PM"}
{"name":"Abyssal leech","level":41,"killCount":-1,"type":"NPC","drops":[{"name":"Ashes","id":592,"quantity":1,"price":102},{"name":"Earth talisman","id":1440,"quantity":1,"price":164}],"date":"Nov 15, 2023, 9:06:44 PM"}
{"name":"Abyssal leech","level":41,"killCount":-1,"type":"NPC","drops":[{"name":"Ashes","id":592,"quantity":1,"price":102},{"name":"Body talisman","id":1446,"quantity":1,"price":1251}],"date":"Nov 15, 2023, 9:06:48 PM"}
{"name":"Abyssal leech","level":41,"killCount":-1,"type":"NPC","drops":[{"name":"Ashes","id":592,"quantity":1,"price":102}],"date":"Nov 15, 2023, 9:06:57 PM"}
{"name":"Abyssal leech","level":41,"killCount":-1,"type":"NPC","drops":[{"name":"Ashes","id":592,"quantity":1,"price":102}],"date":"Nov 15, 2023, 9:06:58 PM"}
{"name":"Abyssal leech","level":41,"killCount":-1,"type":"NPC","drops":[{"name":"Ashes","id":592,"quantity":1,"price":102},{"name":"Pure essence","id":7937,"quantity":1,"price":2}],"date":"Nov 15, 2023, 9:07:07 PM"}
{"name":"Abyssal leech","level":41,"killCount":-1,"type":"NPC","drops":[{"name":"Ashes","id":592,"quantity":1,"price":102},{"name":"Water talisman","id":1444,"quantity":1,"price":120}],"date":"Nov 15, 2023, 9:07:10 PM"}
{"name":"Abyssal leech","level":41,"killCount":-1,"type":"NPC","drops":[{"name":"Ashes","id":592,"quantity":1,"price":102}],"date":"Nov 15, 2023, 9:07:17 PM"}
{"name":"Abyssal leech","level":41,"killCount":-1,"type":"NPC","drops":[{"name":"Ashes","id":592,"quantity":1,"price":102}],"date":"Nov 15, 2023, 9:07:19 PM"}
{"name":"Abyssal leech","level":41,"killCount":-1,"type":"NPC","drops":[{"name":"Ashes","id":592,"quantity":1,"price":102},{"name":"Pure essence","id":7937,"quantity":1,"price":2}],"date":"Nov 15, 2023, 9:07:25 PM"}
{"name":"Abyssal leech","level":41,"killCount":-1,"type":"NPC","drops":[{"name":"Ashes","id":592,"quantity":1,"price":102},{"name":"Pure essence","id":7936,"quantity":1,"price":2}],"date":"Nov 15, 2023, 9:07:31 PM"}
{"name":"Abyssal leech","level":41,"killCount":-1,"type":"NPC","drops":[{"name":"Ashes","id":592,"quantity":1,"price":102},{"name":"Pure essence","id":7936,"quantity":1,"price":2}],"date":"Nov 15, 2023, 9:07:39 PM"}
{"name":"Abyssal leech","level":41,"killCount":-1,"type":"NPC","drops":[{"name":"Ashes","id":592,"quantity":1,"price":102},{"name":"Pure essence","id":7937,"quantity":1,"price":2}],"date":"Nov 15, 2023, 9:07:43 PM"}
{"name":"Abyssal leech","level":41,"killCount":-1,"type":"NPC","drops":[{"name":"Ashes","id":592,"quantity":1,"price":102},{"name":"Pure essence","id":7937,"quantity":1,"price":2}],"date":"Nov 15, 2023, 9:07:50 PM"}
{"name":"Abyssal leech","level":41,"killCount":-1,"type":"NPC","drops":[{"name":"Ashes","id":592,"quantity":1,"price":102},{"name":"Pure essence","id":7936,"quantity":1,"price":2}],"date":"Nov 15, 2023, 9:08:01 PM"}
{"name":"Abyssal leech","level":41,"killCount":-1,"type":"NPC","drops":[{"name":"Ashes","id":592,"quantity":1,"price":102},{"name":"Pure essence","id":7937,"quantity":1,"price":2}],"date":"Nov 15, 2023, 9:08:05 PM"}
{"name":"Abyssal leech","level":41,"killCount":-1,"type":"NPC","drops":[{"name":"Ashes","id":592,"quantity":1,"price":102},{"name":"Water talisman","id":1444,"quantity":1,"price":120}],"date":"Nov 15, 2023, 9:08:10 PM"}
{"name":"Abyssal leech","level":41,"killCount":-1,"type":"NPC","drops":[{"name":"Ashes","id":592,"quantity":1,"price":102},{"name":"Scroll box (medium)","id":24363,"quantity":1,"price":0}],"date":"Nov 15, 2023, 9:08:13 PM"}
{"name":"Abyssal leech","level":41,"killCount":-1,"type":"NPC","drops":[{"name":"Ashes","id":592,"quantity":1,"price":102},{"name":"Scroll box (medium)","id":24363,"quantity":1,"price":0}],"date":"Nov 15, 2023, 9:08:23 PM"}
{"name":"Abyssal leech","level":41,"killCount":-1,"type":"NPC","drops":[{"name":"Ashes","id":592,"quantity":1,"price":102}],"date":"Nov 15, 2023, 9:08:29 PM"}
{"name":"Abyssal leech","level":41,"killCount":-1,"type":"NPC","drops":[{"name":"Ashes","id":592,"quantity":1,"price":102},{"name":"Pure essence","id":7937,"quantity":1,"price":2}],"date":"Nov 15, 2023, 9:08:38 PM"}
{"name":"Abyssal leech","level":41,"killCount":-1,"type":"NPC","drops":[{"name":"Ashes","id":592,"quantity":1,"price":102}],"date":"Nov 15, 2023, 9:08:53 PM"}
{"name":"Abyssal leech","level":41,"killCount":-1,"type":"NPC","drops":[{"name":"Ashes","id":592,"quantity":1,"price":102},{"name":"Pure essence","id":7936,"quantity":1,"price":2}],"date":"Nov 15, 2023, 9:08:57 PM"}
{"name":"Abyssal leech","level":41,"killCount":-1,"type":"NPC","drops":[{"name":"Ashes","id":592,"quantity":1,"price":102}],"date":"Nov 15, 2023, 9:09:02 PM"}
{"name":"Abyssal leech","level":41,"killCount":-1,"type":"NPC","drops":[{"name":"Ashes","id":592,"quantity":1,"price":102}],"date":"Nov 15, 2023, 9:09:05 PM"}
{"name":"Abyssal leech","level":41,"killCount":-1,"type":"NPC","drops":[{"name":"Ashes","id":592,"quantity":1,"price":102},{"name":"Fire talisman","id":1442,"quantity":1,"price":1355}],"date":"Nov 15, 2023, 9:09:10 PM"}
{"name":"Abyssal leech","level":41,"killCount":-1,"type":"NPC","drops":[{"name":"Ashes","id":592,"quantity":1,"price":102}],"date":"Nov 15, 2023, 9:09:14 PM"}
{"name":"Abyssal leech","level":41,"killCount":-1,"type":"NPC","drops":[{"name":"Ashes","id":592,"quantity":1,"price":102},{"name":"Mind talisman","id":1448,"quantity":1,"price":1099}],"date":"Nov 15, 2023, 9:09:18 PM"}
{"name":"Abyssal leech","level":41,"killCount":-1,"type":"NPC","drops":[{"name":"Ashes","id":592,"quantity":1,"price":102}],"date":"Nov 15, 2023, 9:09:23 PM"}
{"name":"Abyssal leech","level":41,"killCount":-1,"type":"NPC","drops":[{"name":"Ashes","id":592,"quantity":1,"price":102}],"date":"Nov 15, 2023, 9:09:29 PM"}
{"name":"Abyssal leech","level":41,"killCount":-1,"type":"NPC","drops":[{"name":"Ashes","id":592,"quantity":1,"price":102}],"date":"Nov 15, 2023, 9:09:34 PM"}
{"name":"Abyssal leech","level":41,"killCount":-1,"type":"NPC","drops":[{"name":"Ashes","id":592,"quantity":1,"price":102},{"name":"Pure essence","id":7937,"quantity":1,"price":2}],"date":"Nov 15, 2023, 9:09:40 PM"}
{"name":"Abyssal leech","level":41,"killCount":-1,"type":"NPC","drops":[{"name":"Ashes","id":592,"quantity":1,"price":102}],"date":"Nov 15, 2023, 9:09:48 PM"}
{"name":"Abyssal leech","level":41,"killCount":-1,"type":"NPC","drops":[{"name":"Ashes","id":592,"quantity":1,"price":102},{"name":"Pure essence","id":7936,"quantity":1,"price":2}],"date":"Nov 15, 2023, 9:09:53 PM"}
{"name":"Abyssal leech","level":41,"killCount":-1,"type":"NPC","drops":[{"name":"Ashes","id":592,"quantity":1,"price":102}],"date":"Nov 15, 2023, 9:10:02 PM"}
{"name":"Abyssal leech","level":41,"killCount":-1,"type":"NPC","drops":[{"name":"Ashes","id":592,"quantity":1,"price":102},{"name":"Pure essence","id":7936,"quantity":1,"price":2}],"date":"Nov 15, 2023, 9:10:08 PM"}
{"name":"Abyssal leech","level":41,"killCount":-1,"type":"NPC","drops":[{"name":"Ashes","id":592,"quantity":1,"price":102},{"name":"Scroll box (medium)","id":24363,"quantity":1,"price":0},{"name":"Pure essence","id":7936,"quantity":1,"price":2}],"date":"Nov 15, 2023, 9:10:13 PM"}
{"name":"Abyssal leech","level":41,"killCount":-1,"type":"NPC","drops":[{"name":"Ashes","id":592,"quantity":1,"price":102},{"name":"Air talisman","id":1438,"quantity":1,"price":51}],"date":"Nov 15, 2023, 9:10:22 PM"}
{"name":"Abyssal leech","level":41,"killCount":-1,"type":"NPC","drops":[{"name":"Ashes","id":592,"quantity":1,"price":102},{"name":"Pure essence","id":7937,"quantity":15,"price":2}],"date":"Nov 15, 2023, 9:10:28 PM"}
{"name":"Abyssal leech","level":41,"killCount":-1,"type":"NPC","drops":[{"name":"Ashes","id":592,"quantity":1,"price":102}],"date":"Nov 15, 2023, 9:10:34 PM"}
{"name":"Abyssal leech","level":41,"killCount":-1,"type":"NPC","drops":[{"name":"Ashes","id":592,"quantity":1,"price":102}],"date":"Nov 15, 2023, 9:10:44 PM"}
{"name":"Abyssal leech","level":41,"killCount":-1,"type":"NPC","drops":[{"name":"Ashes","id":592,"quantity":1,"price":102}],"date":"Nov 15, 2023, 9:10:54 PM"}
{"name":"Abyssal leech","level":41,"killCount":-1,"type":"NPC","drops":[{"name":"Ashes","id":592,"quantity":1,"price":102},{"name":"Body talisman","id":1446,"quantity":1,"price":1251}],"date":"Nov 15, 2023, 9:11:00 PM"}
{"name":"Abyssal leech","level":41,"killCount":-1,"type":"NPC","drops":[{"name":"Ashes","id":592,"quantity":1,"price":102}],"date":"Nov 15, 2023, 9:11:05 PM"}
{"name":"Abyssal leech","level":41,"killCount":-1,"type":"NPC","drops":[{"name":"Ashes","id":592,"quantity":1,"price":102}],"date":"Nov 15, 2023, 9:11:17 PM"}
{"name":"Abyssal leech","level":41,"killCount":-1,"type":"NPC","drops":[{"name":"Ashes","id":592,"quantity":1,"price":102}],"date":"Nov 15, 2023, 9:11:28 PM"}
{"name":"Abyssal leech","level":41,"killCount":-1,"type":"NPC","drops":[{"name":"Ashes","id":592,"quantity":1,"price":102}],"date":"Nov 15, 2023, 9:11:35 PM"}
{"name":"Abyssal leech","level":41,"killCount":-1,"type":"NPC","drops":[{"name":"Ashes","id":592,"quantity":1,"price":102},{"name":"Pure essence","id":7937,"quantity":1,"price":2}],"date":"Nov 15, 2023, 9:11:44 PM"}
{"name":"Abyssal leech","level":41,"killCount":-1,"type":"NPC","drops":[{"name":"Ashes","id":592,"quantity":1,"price":102},{"name":"Fire talisman","id":1442,"quantity":1,"price":1355}],"date":"Nov 15, 2023, 9:11:56 PM"}
{"name":"Abyssal leech","level":41,"killCount":-1,"type":"NPC","drops":[{"name":"Ashes","id":592,"quantity":1,"price":102},{"name":"Air talisman","id":1438,"quantity":1,"price":51}],"date":"Nov 15, 2023, 9:12:02 PM"}
{"name":"Abyssal leech","level":41,"killCount":-1,"type":"NPC","drops":[{"name":"Ashes","id":592,"quantity":1,"price":102}],"date":"Nov 15, 2023, 9:12:06 PM"}
{"name":"Abyssal leech","level":41,"killCount":-1,"type":"NPC","drops":[{"name":"Ashes","id":592,"quantity":1,"price":102},{"name":"Pure essence","id":7937,"quantity":1,"price":2}],"date":"Nov 15, 2023, 9:12:19 PM"}
{"name":"Abyssal leech","level":41,"killCount":-1,"type":"NPC","drops":[{"name":"Ashes","id":592,"quantity":1,"price":102},{"name":"Pure essence","id":7936,"quantity":1,"price":2}],"date":"Nov 15, 2023, 9:12:25 PM"}
{"name":"Abyssal leech","level":41,"killCount":-1,"type":"NPC","drops":[{"name":"Ashes","id":592,"quantity":1,"price":102}],"date":"Nov 15, 2023, 9:12:34 PM"}
{"name":"Abyssal leech","level":41,"killCount":-1,"type":"NPC","drops":[{"name":"Ashes","id":592,"quantity":1,"price":102},{"name":"Pure essence","id":7937,"quantity":1,"price":2}],"date":"Nov 15, 2023, 9:12:34 PM"}
{"name":"Abyssal leech","level":41,"killCount":-1,"type":"NPC","drops":[{"name":"Ashes","id":592,"quantity":1,"price":102}],"date":"Nov 15, 2023, 9:12:46 PM"}
{"name":"Abyssal leech","level":41,"killCount":-1,"type":"NPC","drops":[{"name":"Ashes","id":592,"quantity":1,"price":102},{"name":"Pure essence","id":7936,"quantity":1,"price":2}],"date":"Nov 15, 2023, 9:12:50 PM"}
{"name":"Abyssal leech","level":41,"killCount":-1,"type":"NPC","drops":[{"name":"Ashes","id":592,"quantity":1,"price":102},{"name":"Pure essence","id":7937,"quantity":1,"price":2}],"date":"Nov 15, 2023, 9:12:55 PM"}
{"name":"Abyssal leech","level":41,"killCount":-1,"type":"NPC","drops":[{"name":"Ashes","id":592,"quantity":1,"price":102}],"date":"Nov 15, 2023, 9:13:04 PM"}
{"name":"Abyssal leech","level":41,"killCount":-1,"type":"NPC","drops":[{"name":"Ashes","id":592,"quantity":1,"price":102},{"name":"Scroll box (medium)","id":24363,"quantity":1,"price":0},{"name":"Binding necklace","id":5521,"quantity":1,"price":854}],"date":"Nov 15, 2023, 9:13:11 PM"}
{"name":"Abyssal leech","level":41,"killCount":-1,"type":"NPC","drops":[{"name":"Ashes","id":592,"quantity":1,"price":102},{"name":"Pure essence","id":7936,"quantity":1,"price":2}],"date":"Nov 15, 2023, 9:13:14 PM"}
{"name":"Abyssal leech","level":41,"killCount":-1,"type":"NPC","drops":[{"name":"Ashes","id":592,"quantity":1,"price":102},{"name":"Fire talisman","id":1442,"quantity":1,"price":1355}],"date":"Nov 15, 2023, 9:13:23 PM"}
{"name":"Abyssal leech","level":41,"killCount":-1,"type":"NPC","drops":[{"name":"Ashes","id":592,"quantity":1,"price":102}],"date":"Nov 15, 2023, 9:13:42 PM"}
{"name":"Abyssal leech","level":41,"killCount":-1,"type":"NPC","drops":[{"name":"Ashes","id":592,"quantity":1,"price":102},{"name":"Pure essence","id":7936,"quantity":1,"price":2}],"date":"Nov 15, 2023, 9:13:47 PM"}
{"name":"Abyssal leech","level":41,"killCount":-1,"type":"NPC","drops":[{"name":"Ashes","id":592,"quantity":1,"price":102},{"name":"Pure essence","id":7936,"quantity":1,"price":2}],"date":"Nov 15, 2023, 9:13:53 PM"}
{"name":"Abyssal leech","level":41,"killCount":-1,"type":"NPC","drops":[{"name":"Ashes","id":592,"quantity":1,"price":102}],"date":"Nov 15, 2023, 9:14:04 PM"}
{"name":"Abyssal leech","level":41,"killCount":-1,"type":"NPC","drops":[{"name":"Ashes","id":592,"quantity":1,"price":102},{"name":"Pure essence","id":7937,"quantity":1,"price":2}],"date":"Nov 15, 2023, 9:14:11 PM"}
{"name":"Abyssal leech","level":41,"killCount":-1,"type":"NPC","drops":[{"name":"Ashes","id":592,"quantity":1,"price":102}],"date":"Nov 15, 2023, 9:14:16 PM"}
{"name":"Abyssal leech","level":41,"killCount":-1,"type":"NPC","drops":[{"name":"Ashes","id":592,"quantity":1,"price":102}],"date":"Nov 15, 2023, 9:14:22 PM"}
{"name":"Abyssal leech","level":41,"killCount":-1,"type":"NPC","drops":[{"name":"Ashes","id":592,"quantity":1,"price":102},{"name":"Scroll box (medium)","id":24363,"quantity":1,"price":0},{"name":"Pure essence","id":7937,"quantity":1,"price":2}],"date":"Nov 15, 2023, 9:14:27 PM"}
{"name":"Abyssal leech","level":41,"killCount":-1,"type":"NPC","drops":[{"name":"Ashes","id":592,"quantity":1,"price":102},{"name":"Fire talisman","id":1442,"quantity":1,"price":1355}],"date":"Nov 15, 2023, 9:14:38 PM"}
{"name":"Abyssal leech","level":41,"killCount":-1,"type":"NPC","drops":[{"name":"Ashes","id":592,"quantity":1,"price":102},{"name":"Small pouch","id":5509,"quantity":1,"price":0}],"date":"Nov 15, 2023, 9:14:41 PM"}
{"name":"Abyssal leech","level":41,"killCount":-1,"type":"NPC","drops":[{"name":"Ashes","id":592,"quantity":1,"price":102}],"date":"Nov 15, 2023, 9:14:49 PM"}
{"name":"Abyssal leech","level":41,"killCount":-1,"type":"NPC","drops":[{"name":"Ashes","id":592,"quantity":1,"price":102},{"name":"Pure essence","id":7937,"quantity":1,"price":2}],"date":"Nov 15, 2023, 9:14:51 PM"}
{"name":"Abyssal leech","level":41,"killCount":-1,"type":"NPC","drops":[{"name":"Ashes","id":592,"quantity":1,"price":102},{"name":"Cosmic talisman","id":1454,"quantity":1,"price":169}],"date":"Nov 15, 2023, 9:14:59 PM"}
{"name":"Abyssal leech","level":41,"killCount":-1,"type":"NPC","drops":[{"name":"Ashes","id":592,"quantity":1,"price":102},{"name":"Scroll box (medium)","id":24363,"quantity":1,"price":0}],"date":"Nov 15, 2023, 9:15:08 PM"}
{"name":"Abyssal leech","level":41,"killCount":-1,"type":"NPC","drops":[{"name":"Ashes","id":592,"quantity":1,"price":102},{"name":"Pure essence","id":7937,"quantity":1,"price":2}],"date":"Nov 15, 2023, 9:15:17 PM"}
{"name":"Abyssal leech","level":41,"killCount":-1,"type":"NPC","drops":[{"name":"Ashes","id":592,"quantity":1,"price":102},{"name":"Pure essence","id":7936,"quantity":1,"price":2}],"date":"Nov 15, 2023, 9:15:23 PM"}
{"name":"Abyssal leech","level":41,"killCount":-1,"type":"NPC","drops":[{"name":"Ashes","id":592,"quantity":1,"price":102}],"date":"Nov 15, 2023, 9:15:41 PM"}
{"name":"Abyssal leech","level":41,"killCount":-1,"type":"NPC","drops":[{"name":"Ashes","id":592,"quantity":1,"price":102},{"name":"Scroll box (medium)","id":24363,"quantity":1,"price":0},{"name":"Pure essence","id":7936,"quantity":1,"price":2}],"date":"Nov 15, 2023, 9:15:46 PM"}
{"name":"Abyssal leech","level":41,"killCount":-1,"type":"NPC","drops":[{"name":"Ashes","id":592,"quantity":1,"price":102}],"date":"Nov 15, 2023, 9:15:49 PM"}
{"name":"Abyssal leech","level":41,"killCount":-1,"type":"NPC","drops":[{"name":"Ashes","id":592,"quantity":1,"price":102}],"date":"Nov 15, 2023, 9:15:57 PM"}
{"name":"Abyssal leech","level":41,"killCount":-1,"type":"NPC","drops":[{"name":"Ashes","id":592,"quantity":1,"price":102}],"date":"Nov 15, 2023, 9:16:02 PM"}
{"name":"Abyssal leech","level":41,"killCount":-1,"type":"NPC","drops":[{"name":"Ashes","id":592,"quantity":1,"price":102},{"name":"Pure essence","id":7937,"quantity":5,"price":2}],"date":"Nov 15, 2023, 9:16:07 PM"}
{"name":"Abyssal leech","level":41,"killCount":-1,"type":"NPC","drops":[{"name":"Ashes","id":592,"quantity":1,"price":102}],"date":"Nov 15, 2023, 9:16:13 PM"}
{"name":"Abyssal leech","level":41,"killCount":-1,"type":"NPC","drops":[{"name":"Ashes","id":592,"quantity":1,"price":102}],"date":"Nov 15, 2023, 9:16:19 PM"}
{"name":"Abyssal leech","level":41,"killCount":-1,"type":"NPC","drops":[{"name":"Ashes","id":592,"quantity":1,"price":102},{"name":"Fire talisman","id":1442,"quantity":1,"price":1355}],"date":"Nov 15, 2023, 9:16:23 PM"}
{"name":"Abyssal leech","level":41,"killCount":-1,"type":"NPC","drops":[{"name":"Ashes","id":592,"quantity":1,"price":102},{"name":"Pure essence","id":7937,"quantity":1,"price":2}],"date":"Nov 15, 2023, 9:16:29 PM"}
{"name":"Abyssal leech","level":41,"killCount":-1,"type":"NPC","drops":[{"name":"Ashes","id":592,"quantity":1,"price":102},{"name":"Chaos talisman","id":1452,"quantity":1,"price":154}],"date":"Nov 15, 2023, 9:16:32 PM"}
{"name":"Abyssal leech","level":41,"killCount":-1,"type":"NPC","drops":[{"name":"Ashes","id":592,"quantity":1,"price":102}],"date":"Nov 15, 2023, 9:16:38 PM"}
{"name":"Abyssal leech","level":41,"killCount":-1,"type":"NPC","drops":[{"name":"Ashes","id":592,"quantity":1,"price":102}],"date":"Nov 15, 2023, 9:16:43 PM"}
{"name":"Abyssal leech","level":41,"killCount":-1,"type":"NPC","drops":[{"name":"Ashes","id":592,"quantity":1,"price":102}],"date":"Nov 15, 2023, 9:16:49 PM"}
{"name":"Abyssal leech","level":41,"killCount":-1,"type":"NPC","drops":[{"name":"Ashes","id":592,"quantity":1,"price":102},{"name":"Fire talisman","id":1442,"quantity":1,"price":1355}],"date":"Nov 15, 2023, 9:16:55 PM"}
{"name":"Abyssal leech","level":41,"killCount":-1,"type":"NPC","drops":[{"name":"Ashes","id":592,"quantity":1,"price":102},{"name":"Fire talisman","id":1442,"quantity":1,"price":1355}],"date":"Nov 15, 2023, 9:17:16 PM"}
{"name":"Abyssal leech","level":41,"killCount":-1,"type":"NPC","drops":[{"name":"Ashes","id":592,"quantity":1,"price":102}],"date":"Nov 15, 2023, 9:17:19 PM"}
{"name":"Abyssal leech","level":41,"killCount":-1,"type":"NPC","drops":[{"name":"Ashes","id":592,"quantity":1,"price":102}],"date":"Nov 15, 2023, 9:17:26 PM"}
{"name":"Abyssal leech","level":41,"killCount":-1,"type":"NPC","drops":[{"name":"Ashes","id":592,"quantity":1,"price":102},{"name":"Pure essence","id":7937,"quantity":1,"price":2}],"date":"Nov 15, 2023, 9:17:29 PM"}
{"name":"Abyssal leech","level":41,"killCount":-1,"type":"NPC","drops":[{"name":"Ashes","id":592,"quantity":1,"price":102},{"name":"Pure essence","id":7937,"quantity":10,"price":2}],"date":"Nov 15, 2023, 9:17:37 PM"}
{"name":"Abyssal leech","level":41,"killCount":-1,"type":"NPC","drops":[{"name":"Ashes","id":592,"quantity":1,"price":102},{"name":"Pure essence","id":7937,"quantity":15,"price":2}],"date":"Nov 15, 2023, 9:17:41 PM"}
{"name":"Abyssal leech","level":41,"killCount":-1,"type":"NPC","drops":[{"name":"Ashes","id":592,"quantity":1,"price":102}],"date":"Nov 15, 2023, 9:17:46 PM"}
{"name":"Abyssal leech","level":41,"killCount":-1,"type":"NPC","drops":[{"name":"Ashes","id":592,"quantity":1,"price":102},{"name":"Pure essence","id":7936,"quantity":1,"price":2}],"date":"Nov 15, 2023, 9:17:50 PM"}
{"name":"Abyssal leech","level":41,"killCount":-1,"type":"NPC","drops":[{"name":"Ashes","id":592,"quantity":1,"price":102},{"name":"Pure essence","id":7936,"quantity":1,"price":2}],"date":"Nov 15, 2023, 9:18:02 PM"}
{"name":"Abyssal leech","level":41,"killCount":-1,"type":"NPC","drops":[{"name":"Ashes","id":592,"quantity":1,"price":102},{"name":"Scroll box (medium)","id":24363,"quantity":1,"price":0}],"date":"Nov 15, 2023, 9:18:08 PM"}
{"name":"Abyssal leech","level":41,"killCount":-1,"type":"NPC","drops":[{"name":"Ashes","id":592,"quantity":1,"price":102}],"date":"Nov 15, 2023, 9:18:19 PM"}
{"name":"Abyssal leech","level":41,"killCount":-1,"type":"NPC","drops":[{"name":"Ashes","id":592,"quantity":1,"price":102},{"name":"Pure essence","id":7937,"quantity":1,"price":2}],"date":"Nov 15, 2023, 9:18:28 PM"}
{"name":"Abyssal leech","level":41,"killCount":-1,"type":"NPC","drops":[{"name":"Ashes","id":592,"quantity":1,"price":102}],"date":"Nov 15, 2023, 9:18:36 PM"}
{"name":"Abyssal leech","level":41,"killCount":-1,"type":"NPC","drops":[{"name":"Ashes","id":592,"quantity":1,"price":102},{"name":"Water talisman","id":1444,"quantity":1,"price":120}],"date":"Nov 15, 2023, 9:18:55 PM"}
{"name":"Abyssal leech","level":41,"killCount":-1,"type":"NPC","drops":[{"name":"Ashes","id":592,"quantity":1,"price":102}],"date":"Nov 15, 2023, 9:19:03 PM"}
{"name":"Abyssal leech","level":41,"killCount":-1,"type":"NPC","drops":[{"name":"Ashes","id":592,"quantity":1,"price":102}],"date":"Nov 15, 2023, 9:19:11 PM"}
{"name":"Abyssal leech","level":41,"killCount":-1,"type":"NPC","drops":[{"name":"Ashes","id":592,"quantity":1,"price":102}],"date":"Nov 15, 2023, 9:19:16 PM"}
{"name":"Abyssal leech","level":41,"killCount":-1,"type":"NPC","drops":[{"name":"Ashes","id":592,"quantity":1,"price":102},{"name":"Pure essence","id":7936,"quantity":1,"price":2}],"date":"Nov 15, 2023, 9:19:25 PM"}
{"name":"Abyssal leech","level":41,"killCount":-1,"type":"NPC","drops":[{"name":"Ashes","id":592,"quantity":1,"price":102}],"date":"Nov 15, 2023, 9:19:30 PM"}
{"name":"Abyssal leech","level":41,"killCount":-1,"type":"NPC","drops":[{"name":"Ashes","id":592,"quantity":1,"price":102},{"name":"Pure essence","id":7937,"quantity":1,"price":2}],"date":"Nov 15, 2023, 9:19:35 PM"}
{"name":"Abyssal leech","level":41,"killCount":-1,"type":"NPC","drops":[{"name":"Ashes","id":592,"quantity":1,"price":102}],"date":"Nov 15, 2023, 9:19:38 PM"}
{"name":"Abyssal leech","level":41,"killCount":-1,"type":"NPC","drops":[{"name":"Ashes","id":592,"quantity":1,"price":102},{"name":"Pure essence","id":7937,"quantity":5,"price":2}],"date":"Nov 15, 2023, 9:19:45 PM"}
{"name":"Abyssal leech","level":41,"killCount":-1,"type":"NPC","drops":[{"name":"Ashes","id":592,"quantity":1,"price":102},{"name":"Pure essence","id":7937,"quantity":1,"price":2}],"date":"Nov 15, 2023, 9:19:48 PM"}
{"name":"Abyssal leech","level":41,"killCount":-1,"type":"NPC","drops":[{"name":"Ashes","id":592,"quantity":1,"price":102},{"name":"Pure essence","id":7936,"quantity":1,"price":2}],"date":"Nov 15, 2023, 9:19:52 PM"}
{"name":"Abyssal leech","level":41,"killCount":-1,"type":"NPC","drops":[{"name":"Ashes","id":592,"quantity":1,"price":102}],"date":"Nov 15, 2023, 9:19:56 PM"}
{"name":"Abyssal leech","level":41,"killCount":-1,"type":"NPC","drops":[{"name":"Ashes","id":592,"quantity":1,"price":102}],"date":"Nov 15, 2023, 9:20:01 PM"}
{"name":"Abyssal leech","level":41,"killCount":-1,"type":"NPC","drops":[{"name":"Ashes","id":592,"quantity":1,"price":102}],"date":"Nov 15, 2023, 9:20:08 PM"}
{"name":"Abyssal leech","level":41,"killCount":-1,"type":"NPC","drops":[{"name":"Ashes","id":592,"quantity":1,"price":102},{"name":"Scroll box (medium)","id":24363,"quantity":1,"price":0}],"date":"Nov 15, 2023, 9:20:15 PM"}
{"name":"Abyssal leech","level":41,"killCount":-1,"type":"NPC","drops":[{"name":"Ashes","id":592,"quantity":1,"price":102},{"name":"Scroll box (medium)","id":24363,"quantity":1,"price":0},{"name":"Pure essence","id":7936,"quantity":1,"price":2}],"date":"Nov 15, 2023, 9:20:24 PM"}
{"name":"Abyssal leech","level":41,"killCount":-1,"type":"NPC","drops":[{"name":"Ashes","id":592,"quantity":1,"price":102},{"name":"Scroll box (medium)","id":24363,"quantity":1,"price":0}],"date":"Nov 15, 2023, 9:20:30 PM"}
{"name":"Abyssal leech","level":41,"killCount":-1,"type":"NPC","drops":[{"name":"Ashes","id":592,"quantity":1,"price":102},{"name":"Mind talisman","id":1448,"quantity":1,"price":1099}],"date":"Nov 15, 2023, 9:20:45 PM"}
{"name":"Abyssal leech","level":41,"killCount":-1,"type":"NPC","drops":[{"name":"Ashes","id":592,"quantity":1,"price":102}],"date":"Nov 15, 2023, 9:20:49 PM"}
{"name":"Abyssal leech","level":41,"killCount":-1,"type":"NPC","drops":[{"name":"Ashes","id":592,"quantity":1,"price":102},{"name":"Pure essence","id":7936,"quantity":1,"price":2}],"date":"Nov 15, 2023, 9:20:53 PM"}
{"name":"Abyssal leech","level":41,"killCount":-1,"type":"NPC","drops":[{"name":"Ashes","id":592,"quantity":1,"price":102}],"date":"Nov 15, 2023, 9:20:57 PM"}
{"name":"Abyssal leech","level":41,"killCount":-1,"type":"NPC","drops":[{"name":"Ashes","id":592,"quantity":1,"price":102},{"name":"Body talisman","id":1446,"quantity":1,"price":1251}],"date":"Nov 15, 2023, 9:21:01 PM"}
{"name":"Abyssal leech","level":41,"killCount":-1,"type":"NPC","drops":[{"name":"Ashes","id":592,"quantity":1,"price":102}],"date":"Nov 15, 2023, 9:21:04 PM"}
{"name":"Abyssal leech","level":41,"killCount":-1,"type":"NPC","drops":[{"name":"Ashes","id":592,"quantity":1,"price":102}],"date":"Nov 15, 2023, 9:21:08 PM"}
{"name":"Abyssal leech","level":41,"killCount":-1,"type":"NPC","drops":[{"name":"Ashes","id":592,"quantity":1,"price":102},{"name":"Pure essence","id":7937,"quantity":1,"price":2}],"date":"Nov 15, 2023, 9:21:13 PM"}
{"name":"Abyssal leech","level":41,"killCount":-1,"type":"NPC","drops":[{"name":"Ashes","id":592,"quantity":1,"price":102}],"date":"Nov 15, 2023, 9:21:16 PM"}
{"name":"Abyssal leech","level":41,"killCount":-1,"type":"NPC","drops":[{"name":"Ashes","id":592,"quantity":1,"price":102},{"name":"Medium pouch","id":5510,"quantity":1,"price":0}],"date":"Nov 15, 2023, 9:21:27 PM"}
{"name":"Abyssal leech","level":41,"killCount":-1,"type":"NPC","drops":[{"name":"Ashes","id":592,"quantity":1,"price":102}],"date":"Nov 15, 2023, 9:22:00 PM"}
{"name":"Abyssal leech","level":41,"killCount":-1,"type":"NPC","drops":[{"name":"Ashes","id":592,"quantity":1,"price":102}],"date":"Nov 15, 2023, 9:22:04 PM"}
{"name":"Abyssal leech","level":41,"killCount":-1,"type":"NPC","drops":[{"name":"Ashes","id":592,"quantity":1,"price":102}],"date":"Nov 15, 2023, 9:22:07 PM"}
{"name":"Abyssal leech","level":41,"killCount":-1,"type":"NPC","drops":[{"name":"Ashes","id":592,"quantity":1,"price":102},{"name":"Pure essence","id":7937,"quantity":1,"price":2}],"date":"Nov 15, 2023, 9:22:16 PM"}
{"name":"Abyssal leech","level":41,"killCount":-1,"type":"NPC","drops":[{"name":"Ashes","id":592,"quantity":1,"price":102},{"name":"Scroll box (medium)","id":24363,"quantity":1,"price":0},{"name":"Pure essence","id":7937,"quantity":1,"price":2}],"date":"Nov 15, 2023, 9:22:20 PM"}
{"name":"Abyssal leech","level":41,"killCount":-1,"type":"NPC","drops":[{"name":"Ashes","id":592,"quantity":1,"price":102},{"name":"Scroll box (medium)","id":24363,"quantity":1,"price":0}],"date":"Nov 15, 2023, 9:22:25 PM"}
{"name":"Abyssal leech","level":41,"killCount":-1,"type":"NPC","drops":[{"name":"Ashes","id":592,"quantity":1,"price":102},{"name":"Scroll box (medium)","id":24363,"quantity":1,"price":0},{"name":"Pure essence","id":7937,"quantity":1,"price":2}],"date":"Nov 15, 2023, 9:22:36 PM"}
{"name":"Abyssal leech","level":41,"killCount":-1,"type":"NPC","drops":[{"name":"Ashes","id":592,"quantity":1,"price":102},{"name":"Pure essence","id":7937,"quantity":1,"price":2}],"date":"Nov 15, 2023, 9:22:46 PM"}
{"name":"Abyssal leech","level":41,"killCount":-1,"type":"NPC","drops":[{"name":"Ashes","id":592,"quantity":1,"price":102}],"date":"Nov 15, 2023, 9:22:51 PM"}
{"name":"Abyssal leech","level":41,"killCount":-1,"type":"NPC","drops":[{"name":"Ashes","id":592,"quantity":1,"price":102},{"name":"Body talisman","id":1446,"quantity":1,"price":1251}],"date":"Nov 15, 2023, 9:23:00 PM"}
{"name":"Abyssal leech","level":41,"killCount":-1,"type":"NPC","drops":[{"name":"Ashes","id":592,"quantity":1,"price":102},{"name":"Body talisman","id":1446,"quantity":1,"price":1251}],"date":"Nov 15, 2023, 9:23:03 PM"}
{"name":"Abyssal leech","level":41,"killCount":-1,"type":"NPC","drops":[{"name":"Ashes","id":592,"quantity":1,"price":102},{"name":"Pure essence","id":7937,"quantity":1,"price":2}],"date":"Nov 15, 2023, 9:23:08 PM"}
{"name":"Abyssal leech","level":41,"killCount":-1,"type":"NPC","drops":[{"name":"Ashes","id":592,"quantity":1,"price":102},{"name":"Scroll box (medium)","id":24363,"quantity":1,"price":0},{"name":"Pure essence","id":7936,"quantity":1,"price":2}],"date":"Nov 15, 2023, 9:23:13 PM"}
{"name":"Abyssal leech","level":41,"killCount":-1,"type":"NPC","drops":[{"name":"Ashes","id":592,"quantity":1,"price":102},{"name":"Pure essence","id":7937,"quantity":1,"price":2}],"date":"Nov 15, 2023, 9:23:16 PM"}
{"name":"Abyssal leech","level":41,"killCount":-1,"type":"NPC","drops":[{"name":"Ashes","id":592,"quantity":1,"price":102}],"date":"Nov 15, 2023, 9:23:30 PM"}
{"name":"Abyssal leech","level":41,"killCount":-1,"type":"NPC","drops":[{"name":"Ashes","id":592,"quantity":1,"price":102},{"name":"Pure essence","id":7937,"quantity":1,"price":2}],"date":"Nov 15, 2023, 9:23:33 PM"}
{"name":"Abyssal leech","level":41,"killCount":-1,"type":"NPC","drops":[{"name":"Ashes","id":592,"quantity":1,"price":102}],"date":"Nov 15, 2023, 9:23:38 PM"}
{"name":"Abyssal leech","level":41,"killCount":-1,"type":"NPC","drops":[{"name":"Ashes","id":592,"quantity":1,"price":102},{"name":"Fire talisman","id":1442,"quantity":1,"price":1355}],"date":"Nov 15, 2023, 9:23:43 PM"}
{"name":"Abyssal leech","level":41,"killCount":-1,"type":"NPC","drops":[{"name":"Ashes","id":592,"quantity":1,"price":102},{"name":"Large pouch","id":5512,"quantity":1,"price":0}],"date":"Nov 15, 2023, 9:23:49 PM"}
{"name":"Abyssal leech","level":41,"killCount":-1,"type":"NPC","drops":[{"name":"Ashes","id":592,"quantity":1,"price":102}],"date":"Nov 15, 2023, 9:24:01 PM"}
{"name":"Abyssal leech","level":41,"killCount":-1,"type":"NPC","drops":[{"name":"Ashes","id":592,"quantity":1,"price":102}],"date":"Nov 15, 2023, 9:25:28 PM"}
{"name":"Abyssal leech","level":41,"killCount":-1,"type":"NPC","drops":[{"name":"Ashes","id":592,"quantity":1,"price":102},{"name":"Pure essence","id":7936,"quantity":1,"price":2}],"date":"Nov 15, 2023, 9:25:34 PM"}
{"name":"Abyssal leech","level":41,"killCount":-1,"type":"NPC","drops":[{"name":"Ashes","id":592,"quantity":1,"price":102},{"name":"Fire talisman","id":1442,"quantity":1,"price":1355}],"date":"Nov 15, 2023, 9:25:39 PM"}
{"name":"Abyssal leech","level":41,"killCount":-1,"type":"NPC","drops":[{"name":"Ashes","id":592,"quantity":1,"price":102}],"date":"Nov 15, 2023, 9:25:42 PM"}
{"name":"Abyssal leech","level":41,"killCount":-1,"type":"NPC","drops":[{"name":"Ashes","id":592,"quantity":1,"price":102},{"name":"Pure essence","id":7936,"quantity":1,"price":2}],"date":"Nov 15, 2023, 9:25:46 PM"}
{"name":"Abyssal leech","level":41,"killCount":-1,"type":"NPC","drops":[{"name":"Ashes","id":592,"quantity":1,"price":102},{"name":"Pure essence","id":7937,"quantity":10,"price":2}],"date":"Nov 15, 2023, 9:25:51 PM"}
{"name":"Abyssal leech","level":41,"killCount":-1,"type":"NPC","drops":[{"name":"Ashes","id":592,"quantity":1,"price":102},{"name":"Pure essence","id":7936,"quantity":1,"price":2}],"date":"Nov 15, 2023, 9:25:54 PM"}
{"name":"Abyssal leech","level":41,"killCount":-1,"type":"NPC","drops":[{"name":"Ashes","id":592,"quantity":1,"price":102}],"date":"Nov 15, 2023, 9:26:01 PM"}
{"name":"Abyssal leech","level":41,"killCount":-1,"type":"NPC","drops":[{"name":"Ashes","id":592,"quantity":1,"price":102}],"date":"Nov 15, 2023, 9:26:02 PM"}
{"name":"Abyssal leech","level":41,"killCount":-1,"type":"NPC","drops":[{"name":"Ashes","id":592,"quantity":1,"price":102}],"date":"Nov 15, 2023, 9:26:12 PM"}
{"name":"Abyssal leech","level":41,"killCount":-1,"type":"NPC","drops":[{"name":"Ashes","id":592,"quantity":1,"price":102}],"date":"Nov 15, 2023, 9:26:22 PM"}
{"name":"Abyssal leech","level":41,"killCount":-1,"type":"NPC","drops":[{"name":"Ashes","id":592,"quantity":1,"price":102},{"name":"Pure essence","id":7936,"quantity":1,"price":2}],"date":"Nov 15, 2023, 9:26:27 PM"}
{"name":"Abyssal leech","level":41,"killCount":-1,"type":"NPC","drops":[{"name":"Ashes","id":592,"quantity":1,"price":102}],"date":"Nov 15, 2023, 9:26:30 PM"}
{"name":"Abyssal leech","level":41,"killCount":-1,"type":"NPC","drops":[{"name":"Ashes","id":592,"quantity":1,"price":102}],"date":"Nov 15, 2023, 9:26:34 PM"}
{"name":"Abyssal leech","level":41,"killCount":-1,"type":"NPC","drops":[{"name":"Ashes","id":592,"quantity":1,"price":102}],"date":"Nov 15, 2023, 9:26:37 PM"}
{"name":"Abyssal leech","level":41,"killCount":-1,"type":"NPC","drops":[{"name":"Ashes","id":592,"quantity":1,"price":102}],"date":"Nov 15, 2023, 9:26:42 PM"}
{"name":"Abyssal leech","level":41,"killCount":-1,"type":"NPC","drops":[{"name":"Ashes","id":592,"quantity":1,"price":102}],"date":"Nov 15, 2023, 9:26:44 PM"}
{"name":"Abyssal leech","level":41,"killCount":-1,"type":"NPC","drops":[{"name":"Ashes","id":592,"quantity":1,"price":102}],"date":"Nov 15, 2023, 9:26:52 PM"}
{"name":"Abyssal leech","level":41,"killCount":-1,"type":"NPC","drops":[{"name":"Ashes","id":592,"quantity":1,"price":102}],"date":"Nov 15, 2023, 9:27:00 PM"}
{"name":"Abyssal leech","level":41,"killCount":-1,"type":"NPC","drops":[{"name":"Ashes","id":592,"quantity":1,"price":102}],"date":"Nov 15, 2023, 9:27:04 PM"}
{"name":"Abyssal leech","level":41,"killCount":-1,"type":"NPC","drops":[{"name":"Ashes","id":592,"quantity":1,"price":102}],"date":"Nov 15, 2023, 9:27:07 PM"}
{"name":"Abyssal leech","level":41,"killCount":-1,"type":"NPC","drops":[{"name":"Ashes","id":592,"quantity":1,"price":102},{"name":"Pure essence","id":7937,"quantity":1,"price":2}],"date":"Nov 15, 2023, 9:27:15 PM"}
{"name":"Abyssal leech","level":41,"killCount":-1,"type":"NPC","drops":[{"name":"Ashes","id":592,"quantity":1,"price":102}],"date":"Nov 15, 2023, 9:27:19 PM"}
{"name":"Abyssal leech","level":41,"killCount":-1,"type":"NPC","drops":[{"name":"Ashes","id":592,"quantity":1,"price":102},{"name":"Pure essence","id":7937,"quantity":1,"price":2}],"date":"Nov 15, 2023, 9:27:22 PM"}
{"name":"Abyssal leech","level":41,"killCount":-1,"type":"NPC","drops":[{"name":"Ashes","id":592,"quantity":1,"price":102},{"name":"Scroll box (medium)","id":24363,"quantity":1,"price":0},{"name":"Pure essence","id":7936,"quantity":1,"price":2}],"date":"Nov 15, 2023, 9:27:27 PM"}
{"name":"Abyssal leech","level":41,"killCount":-1,"type":"NPC","drops":[{"name":"Ashes","id":592,"quantity":1,"price":102}],"date":"Nov 15, 2023, 9:27:33 PM"}
{"name":"Abyssal leech","level":41,"killCount":-1,"type":"NPC","drops":[{"name":"Ashes","id":592,"quantity":1,"price":102},{"name":"Fire talisman","id":1442,"quantity":1,"price":1355}],"date":"Nov 15, 2023, 9:27:42 PM"}
{"name":"Abyssal leech","level":41,"killCount":-1,"type":"NPC","drops":[{"name":"Ashes","id":592,"quantity":1,"price":102},{"name":"Pure essence","id":7937,"quantity":10,"price":2}],"date":"Nov 15, 2023, 9:27:43 PM"}
{"name":"Abyssal leech","level":41,"killCount":-1,"type":"NPC","drops":[{"name":"Ashes","id":592,"quantity":1,"price":102},{"name":"Pure essence","id":7937,"quantity":1,"price":2}],"date":"Nov 15, 2023, 9:27:50 PM"}
{"name":"Abyssal leech","level":41,"killCount":-1,"type":"NPC","drops":[{"name":"Ashes","id":592,"quantity":1,"price":102}],"date":"Nov 15, 2023, 9:28:00 PM"}
{"name":"Abyssal leech","level":41,"killCount":-1,"type":"NPC","drops":[{"name":"Ashes","id":592,"quantity":1,"price":102},{"name":"Water talisman","id":1444,"quantity":1,"price":120}],"date":"Nov 15, 2023, 9:28:04 PM"}
{"name":"Abyssal leech","level":41,"killCount":-1,"type":"NPC","drops":[{"name":"Ashes","id":592,"quantity":1,"price":102}],"date":"Nov 15, 2023, 9:28:08 PM"}
{"name":"Abyssal leech","level":41,"killCount":-1,"type":"NPC","drops":[{"name":"Ashes","id":592,"quantity":1,"price":102},{"name":"Pure essence","id":7937,"quantity":1,"price":2}],"date":"Nov 15, 2023, 9:28:12 PM"}
{"name":"Abyssal leech","level":41,"killCount":-1,"type":"NPC","drops":[{"name":"Ashes","id":592,"quantity":1,"price":102},{"name":"Scroll box (medium)","id":24363,"quantity":1,"price":0}],"date":"Nov 15, 2023, 9:28:16 PM"}
{"name":"Abyssal leech","level":41,"killCount":-1,"type":"NPC","drops":[{"name":"Ashes","id":592,"quantity":1,"price":102},{"name":"Pure essence","id":7937,"quantity":1,"price":2}],"date":"Nov 15, 2023, 9:28:20 PM"}
{"name":"Abyssal leech","level":41,"killCount":-1,"type":"NPC","drops":[{"name":"Ashes","id":592,"quantity":1,"price":102}],"date":"Nov 15, 2023, 9:28:24 PM"}
{"name":"Abyssal leech","level":41,"killCount":-1,"type":"NPC","drops":[{"name":"Ashes","id":592,"quantity":1,"price":102},{"name":"Scroll box (medium)","id":24363,"quantity":1,"price":0}],"date":"Nov 15, 2023, 9:28:27 PM"}
{"name":"Abyssal leech","level":41,"killCount":-1,"type":"NPC","drops":[{"name":"Ashes","id":592,"quantity":1,"price":102}],"date":"Nov 15, 2023, 9:28:40 PM"}
{"name":"Abyssal leech","level":41,"killCount":-1,"type":"NPC","drops":[{"name":"Ashes","id":592,"quantity":1,"price":102}],"date":"Nov 15, 2023, 9:28:48 PM"}
{"name":"Abyssal leech","level":41,"killCount":-1,"type":"NPC","drops":[{"name":"Ashes","id":592,"quantity":1,"price":102}],"date":"Nov 15, 2023, 9:28:53 PM"}
{"name":"Abyssal leech","level":41,"killCount":-1,"type":"NPC","drops":[{"name":"Ashes","id":592,"quantity":1,"price":102},{"name":"Scroll box (medium)","id":24363,"quantity":1,"price":0}],"date":"Nov 15, 2023, 9:28:58 PM"}
{"name":"Abyssal leech","level":41,"killCount":-1,"type":"NPC","drops":[{"name":"Ashes","id":592,"quantity":1,"price":102},{"name":"Pure essence","id":7936,"quantity":1,"price":2}],"date":"Nov 15, 2023, 9:29:06 PM"}
{"name":"Abyssal leech","level":41,"killCount":-1,"type":"NPC","drops":[{"name":"Ashes","id":592,"quantity":1,"price":102},{"name":"Pure essence","id":7937,"quantity":1,"price":2}],"date":"Nov 15, 2023, 9:29:10 PM"}
{"name":"Abyssal leech","level":41,"killCount":-1,"type":"NPC","drops":[{"name":"Ashes","id":592,"quantity":1,"price":102}],"date":"Nov 15, 2023, 9:29:14 PM"}
{"name":"Abyssal leech","level":41,"killCount":-1,"type":"NPC","drops":[{"name":"Ashes","id":592,"quantity":1,"price":102}],"date":"Nov 15, 2023, 9:29:19 PM"}
{"name":"Abyssal leech","level":41,"killCount":-1,"type":"NPC","drops":[{"name":"Ashes","id":592,"quantity":1,"price":102}],"date":"Nov 15, 2023, 9:29:24 PM"}
{"name":"Abyssal leech","level":41,"killCount":-1,"type":"NPC","drops":[{"name":"Ashes","id":592,"quantity":1,"price":102}],"date":"Nov 15, 2023, 9:29:27 PM"}
{"name":"Abyssal leech","level":41,"killCount":-1,"type":"NPC","drops":[{"name":"Ashes","id":592,"quantity":1,"price":102}],"date":"Nov 15, 2023, 9:29:33 PM"}
{"name":"Abyssal leech","level":41,"killCount":-1,"type":"NPC","drops":[{"name":"Ashes","id":592,"quantity":1,"price":102},{"name":"Pure essence","id":7936,"quantity":1,"price":2}],"date":"Nov 15, 2023, 9:29:36 PM"}
{"name":"Abyssal leech","level":41,"killCount":-1,"type":"NPC","drops":[{"name":"Ashes","id":592,"quantity":1,"price":102},{"name":"Pure essence","id":7936,"quantity":1,"price":2}],"date":"Nov 15, 2023, 9:29:40 PM"}
{"name":"Abyssal leech","level":41,"killCount":-1,"type":"NPC","drops":[{"name":"Ashes","id":592,"quantity":1,"price":102},{"name":"Pure essence","id":7937,"quantity":5,"price":2}],"date":"Nov 15, 2023, 9:29:43 PM"}
{"name":"Abyssal leech","level":41,"killCount":-1,"type":"NPC","drops":[{"name":"Ashes","id":592,"quantity":1,"price":102},{"name":"Body talisman","id":1446,"quantity":1,"price":1251}],"date":"Nov 15, 2023, 9:29:51 PM"}
{"name":"Abyssal leech","level":41,"killCount":-1,"type":"NPC","drops":[{"name":"Ashes","id":592,"quantity":1,"price":102},{"name":"Pure essence","id":7937,"quantity":1,"price":2}],"date":"Nov 15, 2023, 9:29:52 PM"}
{"name":"Abyssal leech","level":41,"killCount":-1,"type":"NPC","drops":[{"name":"Ashes","id":592,"quantity":1,"price":102}],"date":"Nov 15, 2023, 9:29:58 PM"}
{"name":"Abyssal leech","level":41,"killCount":-1,"type":"NPC","drops":[{"name":"Ashes","id":592,"quantity":1,"price":102},{"name":"Earth talisman","id":1440,"quantity":1,"price":164}],"date":"Nov 15, 2023, 9:30:04 PM"}
{"name":"Abyssal leech","level":41,"killCount":-1,"type":"NPC","drops":[{"name":"Ashes","id":592,"quantity":1,"price":102}],"date":"Nov 15, 2023, 9:30:12 PM"}
{"name":"Abyssal leech","level":41,"killCount":-1,"type":"NPC","drops":[{"name":"Ashes","id":592,"quantity":1,"price":102}],"date":"Nov 15, 2023, 9:30:20 PM"}
{"name":"Abyssal leech","level":41,"killCount":-1,"type":"NPC","drops":[{"name":"Ashes","id":592,"quantity":1,"price":102}],"date":"Nov 15, 2023, 9:30:24 PM"}
{"name":"Abyssal leech","level":41,"killCount":-1,"type":"NPC","drops":[{"name":"Ashes","id":592,"quantity":1,"price":102}],"date":"Nov 15, 2023, 9:30:28 PM"}
{"name":"Abyssal leech","level":41,"killCount":-1,"type":"NPC","drops":[{"name":"Ashes","id":592,"quantity":1,"price":102},{"name":"Pure essence","id":7937,"quantity":1,"price":2}],"date":"Nov 15, 2023, 9:30:35 PM"}
{"name":"Abyssal leech","level":41,"killCount":-1,"type":"NPC","drops":[{"name":"Ashes","id":592,"quantity":1,"price":102}],"date":"Nov 15, 2023, 9:30:48 PM"}
{"name":"Abyssal leech","level":41,"killCount":-1,"type":"NPC","drops":[{"name":"Ashes","id":592,"quantity":1,"price":102},{"name":"Pure essence","id":7937,"quantity":1,"price":2}],"date":"Nov 15, 2023, 9:30:54 PM"}
{"name":"Abyssal leech","level":41,"killCount":-1,"type":"NPC","drops":[{"name":"Ashes","id":592,"quantity":1,"price":102},{"name":"Pure essence","id":7937,"quantity":1,"price":2}],"date":"Nov 15, 2023, 9:30:55 PM"}
{"name":"Abyssal leech","level":41,"killCount":-1,"type":"NPC","drops":[{"name":"Ashes","id":592,"quantity":1,"price":102}],"date":"Nov 15, 2023, 9:31:01 PM"}
{"name":"Abyssal leech","level":41,"killCount":-1,"type":"NPC","drops":[{"name":"Ashes","id":592,"quantity":1,"price":102},{"name":"Pure essence","id":7937,"quantity":1,"price":2}],"date":"Nov 15, 2023, 9:31:03 PM"}
{"name":"Abyssal leech","level":41,"killCount":-1,"type":"NPC","drops":[{"name":"Ashes","id":592,"quantity":1,"price":102}],"date":"Nov 15, 2023, 9:31:09 PM"}
{"name":"Abyssal leech","level":41,"killCount":-1,"type":"NPC","drops":[{"name":"Ashes","id":592,"quantity":1,"price":102}],"date":"Nov 15, 2023, 9:31:11 PM"}
{"name":"Abyssal leech","level":41,"killCount":-1,"type":"NPC","drops":[{"name":"Ashes","id":592,"quantity":1,"price":102},{"name":"Pure essence","id":7936,"quantity":1,"price":2}],"date":"Nov 15, 2023, 9:31:19 PM"}
{"name":"Abyssal leech","level":41,"killCount":-1,"type":"NPC","drops":[{"name":"Ashes","id":592,"quantity":1,"price":102}],"date":"Nov 15, 2023, 9:31:24 PM"}
{"name":"Abyssal leech","level":41,"killCount":-1,"type":"NPC","drops":[{"name":"Ashes","id":592,"quantity":1,"price":102},{"name":"Nature talisman","id":1462,"quantity":1,"price":164}],"date":"Nov 15, 2023, 9:31:27 PM"}
{"name":"Abyssal leech","level":41,"killCount":-1,"type":"NPC","drops":[{"name":"Ashes","id":592,"quantity":1,"price":102}],"date":"Nov 15, 2023, 9:31:38 PM"}
{"name":"Abyssal leech","level":41,"killCount":-1,"type":"NPC","drops":[{"name":"Ashes","id":592,"quantity":1,"price":102},{"name":"Chaos talisman","id":1452,"quantity":1,"price":154}],"date":"Nov 15, 2023, 9:31:42 PM"}
