{"name":"Akkha","level":337,"killCount":-1,"type":"NPC","drops":[{"name":"Het\u0027s capture","id":27302,"quantity":1,"price":0},{"name":"Eldritch ashes","id":27223,"quantity":1,"price":0}],"date":"Dec 15, 2022, 4:22:31 PM"}
{"name":"Akkha","level":337,"killCount":-1,"type":"NPC","drops":[{"name":"Het\u0027s capture","id":27302,"quantity":1,"price":0},{"name":"Eldritch ashes","id":27223,"quantity":1,"price":0}],"date":"Dec 17, 2022, 10:41:32 PM"}
{"name":"Akkha","level":337,"killCount":-1,"type":"NPC","drops":[{"name":"Het\u0027s capture","id":27302,"quantity":1,"price":0},{"name":"Eldritch ashes","id":27223,"quantity":1,"price":0}],"date":"Dec 18, 2022, 12:22:41 AM"}
{"name":"Akkha","level":337,"killCount":-1,"type":"NPC","drops":[{"name":"Het\u0027s capture","id":27302,"quantity":1,"price":0}],"date":"Dec 19, 2022, 11:14:51 PM"}
{"name":"Akkha","level":337,"killCount":-1,"type":"NPC","drops":[{"name":"Het\u0027s capture","id":27302,"quantity":1,"price":0}],"date":"Dec 20, 2022, 12:23:56 AM"}
{"name":"Akkha","level":337,"killCount":-1,"type":"NPC","drops":[{"name":"Het\u0027s capture","id":27302,"quantity":1,"price":0},{"name":"Eldritch ashes","id":27223,"quantity":1,"price":0}],"date":"Dec 24, 2022, 3:43:08 PM"}
{"name":"Akkha","level":337,"killCount":-1,"type":"NPC","drops":[{"name":"Het\u0027s capture","id":27302,"quantity":1,"price":0},{"name":"Eldritch ashes","id":27223,"quantity":1,"price":0}],"date":"Dec 24, 2022, 4:30:35 PM"}
{"name":"Akkha","level":337,"killCount":-1,"type":"NPC","drops":[{"name":"Het\u0027s capture","id":27302,"quantity":1,"price":0}],"date":"Dec 27, 2022, 8:49:31 PM"}
{"name":"Akkha","level":337,"killCount":-1,"type":"NPC","drops":[{"name":"Het\u0027s capture","id":27302,"quantity":1,"price":0}],"date":"Dec 27, 2022, 9:34:51 PM"}
{"name":"Akkha","level":337,"killCount":-1,"type":"NPC","drops":[{"name":"Het\u0027s capture","id":27302,"quantity":1,"price":0}],"date":"Dec 27, 2022, 10:09:04 PM"}
{"name":"Akkha","level":337,"killCount":-1,"type":"NPC","drops":[{"name":"Het\u0027s capture","id":27302,"quantity":1,"price":0},{"name":"Eldritch ashes","id":27223,"quantity":1,"price":0}],"date":"Jan 4, 2023, 11:33:30 AM"}
{"name":"Akkha","level":337,"killCount":-1,"type":"NPC","drops":[{"name":"Het\u0027s capture","id":27302,"quantity":1,"price":0},{"name":"Eldritch ashes","id":27223,"quantity":1,"price":0}],"date":"Jan 4, 2023, 12:14:48 PM"}
{"name":"Akkha","level":337,"killCount":-1,"type":"NPC","drops":[{"name":"Het\u0027s capture","id":27302,"quantity":1,"price":0},{"name":"Eldritch ashes","id":27223,"quantity":1,"price":0}],"date":"Jan 4, 2023, 3:35:49 PM"}
{"name":"Akkha","level":337,"killCount":-1,"type":"NPC","drops":[{"name":"Het\u0027s capture","id":27302,"quantity":1,"price":0},{"name":"Eldritch ashes","id":27223,"quantity":1,"price":0}],"date":"Jan 4, 2023, 4:17:28 PM"}
{"name":"Akkha","level":337,"killCount":-1,"type":"NPC","drops":[{"name":"Het\u0027s capture","id":27302,"quantity":1,"price":0},{"name":"Eldritch ashes","id":27223,"quantity":1,"price":0}],"date":"Jan 4, 2023, 7:45:54 PM"}
{"name":"Akkha","level":337,"killCount":-1,"type":"NPC","drops":[{"name":"Het\u0027s capture","id":27302,"quantity":1,"price":0},{"name":"Eldritch ashes","id":27223,"quantity":1,"price":0}],"date":"Jan 4, 2023, 10:11:16 PM"}
{"name":"Akkha","level":337,"killCount":-1,"type":"NPC","drops":[{"name":"Het\u0027s capture","id":27302,"quantity":1,"price":0},{"name":"Eldritch ashes","id":27223,"quantity":1,"price":0}],"date":"Jan 4, 2023, 10:43:30 PM"}
{"name":"Akkha","level":337,"killCount":-1,"type":"NPC","drops":[{"name":"Het\u0027s capture","id":27302,"quantity":1,"price":0}],"date":"Jan 7, 2023, 12:19:42 AM"}
{"name":"Akkha","level":337,"killCount":-1,"type":"NPC","drops":[{"name":"Het\u0027s capture","id":27302,"quantity":1,"price":0}],"date":"Jan 7, 2023, 1:03:46 AM"}
{"name":"Akkha","level":337,"killCount":-1,"type":"NPC","drops":[{"name":"Het\u0027s capture","id":27302,"quantity":1,"price":0},{"name":"Eldritch ashes","id":27223,"quantity":1,"price":0}],"date":"Feb 10, 2023, 9:50:56 PM"}
{"name":"Akkha","level":337,"killCount":-1,"type":"NPC","drops":[{"name":"Het\u0027s capture","id":27302,"quantity":1,"price":0},{"name":"Eldritch ashes","id":27223,"quantity":1,"price":0}],"date":"Feb 10, 2023, 10:29:08 PM"}
{"name":"Akkha","level":337,"killCount":-1,"type":"NPC","drops":[{"name":"Het\u0027s capture","id":27302,"quantity":1,"price":0},{"name":"Eldritch ashes","id":27223,"quantity":1,"price":0}],"date":"Feb 10, 2023, 11:05:37 PM"}
{"name":"Akkha","level":337,"killCount":-1,"type":"NPC","drops":[{"name":"Het\u0027s capture","id":27302,"quantity":1,"price":0},{"name":"Eldritch ashes","id":27223,"quantity":1,"price":0}],"date":"Feb 11, 2023, 10:41:15 AM"}
{"name":"Akkha","level":337,"killCount":-1,"type":"NPC","drops":[{"name":"Het\u0027s capture","id":27302,"quantity":1,"price":0},{"name":"Eldritch ashes","id":27223,"quantity":1,"price":0}],"date":"Feb 11, 2023, 11:29:15 AM"}
{"name":"Akkha","level":337,"killCount":-1,"type":"NPC","drops":[{"name":"Het\u0027s capture","id":27302,"quantity":1,"price":0},{"name":"Eldritch ashes","id":27223,"quantity":1,"price":0}],"date":"Feb 11, 2023, 9:33:06 PM"}
{"name":"Akkha","level":337,"killCount":-1,"type":"NPC","drops":[{"name":"Het\u0027s capture","id":27302,"quantity":1,"price":0},{"name":"Eldritch ashes","id":27223,"quantity":1,"price":0}],"date":"Feb 11, 2023, 10:02:05 PM"}
{"name":"Akkha","level":337,"killCount":-1,"type":"NPC","drops":[{"name":"Het\u0027s capture","id":27302,"quantity":1,"price":0},{"name":"Eldritch ashes","id":27223,"quantity":1,"price":0}],"date":"Feb 11, 2023, 10:37:43 PM"}
{"name":"Akkha","level":337,"killCount":-1,"type":"NPC","drops":[{"name":"Het\u0027s capture","id":27302,"quantity":1,"price":0},{"name":"Eldritch ashes","id":27223,"quantity":1,"price":0}],"date":"Feb 12, 2023, 1:43:39 PM"}
{"name":"Akkha","level":337,"killCount":-1,"type":"NPC","drops":[{"name":"Het\u0027s capture","id":27302,"quantity":1,"price":0},{"name":"Eldritch ashes","id":27223,"quantity":1,"price":0}],"date":"Feb 12, 2023, 2:19:47 PM"}
{"name":"Akkha","level":337,"killCount":-1,"type":"NPC","drops":[{"name":"Het\u0027s capture","id":27302,"quantity":1,"price":0},{"name":"Eldritch ashes","id":27223,"quantity":1,"price":0}],"date":"Feb 12, 2023, 9:11:41 PM"}
{"name":"Akkha","level":337,"killCount":-1,"type":"NPC","drops":[{"name":"Het\u0027s capture","id":27302,"quantity":1,"price":0},{"name":"Eldritch ashes","id":27223,"quantity":1,"price":0}],"date":"Feb 12, 2023, 9:56:39 PM"}
{"name":"Akkha","level":337,"killCount":-1,"type":"NPC","drops":[{"name":"Het\u0027s capture","id":27302,"quantity":1,"price":0},{"name":"Eldritch ashes","id":27223,"quantity":1,"price":0}],"date":"Feb 12, 2023, 10:50:03 PM"}
{"name":"Akkha","level":337,"killCount":-1,"type":"NPC","drops":[{"name":"Het\u0027s capture","id":27302,"quantity":1,"price":0},{"name":"Eldritch ashes","id":27223,"quantity":1,"price":0}],"date":"Feb 12, 2023, 11:39:53 PM"}
{"name":"Akkha","level":337,"killCount":-1,"type":"NPC","drops":[{"name":"Het\u0027s capture","id":27302,"quantity":1,"price":0},{"name":"Eldritch ashes","id":27223,"quantity":1,"price":0}],"date":"Feb 13, 2023, 12:20:10 AM"}
{"name":"Akkha","level":337,"killCount":-1,"type":"NPC","drops":[{"name":"Het\u0027s capture","id":27302,"quantity":1,"price":0},{"name":"Eldritch ashes","id":27223,"quantity":1,"price":0}],"date":"Feb 13, 2023, 11:48:42 AM"}
{"name":"Akkha","level":337,"killCount":-1,"type":"NPC","drops":[{"name":"Het\u0027s capture","id":27302,"quantity":1,"price":0},{"name":"Eldritch ashes","id":27223,"quantity":1,"price":0}],"date":"Feb 13, 2023, 3:29:59 PM"}
{"name":"Akkha","level":337,"killCount":-1,"type":"NPC","drops":[{"name":"Het\u0027s capture","id":27302,"quantity":1,"price":0},{"name":"Eldritch ashes","id":27223,"quantity":1,"price":0}],"date":"Feb 13, 2023, 4:08:38 PM"}
{"name":"Akkha","level":337,"killCount":-1,"type":"NPC","drops":[{"name":"Het\u0027s capture","id":27302,"quantity":1,"price":0},{"name":"Eldritch ashes","id":27223,"quantity":1,"price":0}],"date":"Feb 13, 2023, 9:33:41 PM"}
{"name":"Akkha","level":337,"killCount":-1,"type":"NPC","drops":[{"name":"Het\u0027s capture","id":27302,"quantity":1,"price":0},{"name":"Eldritch ashes","id":27223,"quantity":1,"price":0}],"date":"Feb 13, 2023, 10:09:54 PM"}
{"name":"Akkha","level":337,"killCount":-1,"type":"NPC","drops":[{"name":"Het\u0027s capture","id":27302,"quantity":1,"price":0},{"name":"Eldritch ashes","id":27223,"quantity":1,"price":0}],"date":"Feb 15, 2023, 3:57:47 PM"}
{"name":"Akkha","level":337,"killCount":-1,"type":"NPC","drops":[{"name":"Het\u0027s capture","id":27302,"quantity":1,"price":0},{"name":"Eldritch ashes","id":27223,"quantity":1,"price":0}],"date":"Feb 15, 2023, 9:57:41 PM"}
{"name":"Akkha","level":337,"killCount":-1,"type":"NPC","drops":[{"name":"Het\u0027s capture","id":27302,"quantity":1,"price":0},{"name":"Eldritch ashes","id":27223,"quantity":1,"price":0}],"date":"Feb 15, 2023, 10:47:28 PM"}
{"name":"Akkha","level":337,"killCount":-1,"type":"NPC","drops":[{"name":"Het\u0027s capture","id":27302,"quantity":1,"price":0},{"name":"Eldritch ashes","id":27223,"quantity":1,"price":0}],"date":"Feb 16, 2023, 9:35:05 AM"}
{"name":"Akkha","level":337,"killCount":-1,"type":"NPC","drops":[{"name":"Het\u0027s capture","id":27302,"quantity":1,"price":0},{"name":"Eldritch ashes","id":27223,"quantity":1,"price":0}],"date":"Feb 16, 2023, 1:28:40 PM"}
{"name":"Akkha","level":337,"killCount":-1,"type":"NPC","drops":[{"name":"Het\u0027s capture","id":27302,"quantity":1,"price":0},{"name":"Eldritch ashes","id":27223,"quantity":1,"price":0}],"date":"Feb 16, 2023, 3:17:32 PM"}
{"name":"Akkha","level":337,"killCount":-1,"type":"NPC","drops":[{"name":"Het\u0027s capture","id":27302,"quantity":1,"price":0}],"date":"Feb 16, 2023, 4:04:53 PM"}
{"name":"Akkha","level":337,"killCount":-1,"type":"NPC","drops":[{"name":"Het\u0027s capture","id":27302,"quantity":1,"price":0},{"name":"Eldritch ashes","id":27223,"quantity":1,"price":0}],"date":"Feb 17, 2023, 10:11:17 AM"}
{"name":"Akkha","level":337,"killCount":-1,"type":"NPC","drops":[{"name":"Het\u0027s capture","id":27302,"quantity":1,"price":0},{"name":"Eldritch ashes","id":27223,"quantity":1,"price":0}],"date":"Feb 17, 2023, 2:20:55 PM"}
{"name":"Akkha","level":337,"killCount":-1,"type":"NPC","drops":[{"name":"Het\u0027s capture","id":27302,"quantity":1,"price":0},{"name":"Eldritch ashes","id":27223,"quantity":1,"price":0}],"date":"Feb 17, 2023, 3:58:35 PM"}
{"name":"Akkha","level":337,"killCount":-1,"type":"NPC","drops":[{"name":"Het\u0027s capture","id":27302,"quantity":1,"price":0},{"name":"Eldritch ashes","id":27223,"quantity":1,"price":0}],"date":"Feb 17, 2023, 4:52:24 PM"}
{"name":"Akkha","level":337,"killCount":-1,"type":"NPC","drops":[{"name":"Het\u0027s capture","id":27302,"quantity":1,"price":0},{"name":"Eldritch ashes","id":27223,"quantity":1,"price":0}],"date":"Feb 17, 2023, 10:45:58 PM"}
{"name":"Akkha","level":337,"killCount":-1,"type":"NPC","drops":[{"name":"Het\u0027s capture","id":27302,"quantity":1,"price":0},{"name":"Eldritch ashes","id":27223,"quantity":1,"price":0}],"date":"Feb 17, 2023, 11:43:17 PM"}
{"name":"Akkha","level":337,"killCount":-1,"type":"NPC","drops":[{"name":"Het\u0027s capture","id":27302,"quantity":1,"price":0},{"name":"Eldritch ashes","id":27223,"quantity":1,"price":0}],"date":"Feb 18, 2023, 12:24:28 AM"}
{"name":"Akkha","level":337,"killCount":-1,"type":"NPC","drops":[{"name":"Het\u0027s capture","id":27302,"quantity":1,"price":0},{"name":"Eldritch ashes","id":27223,"quantity":1,"price":0}],"date":"Feb 19, 2023, 11:29:46 AM"}
{"name":"Akkha","level":337,"killCount":-1,"type":"NPC","drops":[{"name":"Het\u0027s capture","id":27302,"quantity":1,"price":0},{"name":"Eldritch ashes","id":27223,"quantity":1,"price":0}],"date":"Feb 19, 2023, 12:16:44 PM"}
{"name":"Akkha","level":337,"killCount":-1,"type":"NPC","drops":[{"name":"Het\u0027s capture","id":27302,"quantity":1,"price":0},{"name":"Eldritch ashes","id":27223,"quantity":1,"price":0}],"date":"Feb 19, 2023, 2:16:39 PM"}
{"name":"Akkha","level":337,"killCount":-1,"type":"NPC","drops":[{"name":"Het\u0027s capture","id":27302,"quantity":1,"price":0},{"name":"Eldritch ashes","id":27223,"quantity":1,"price":0}],"date":"Feb 19, 2023, 3:21:33 PM"}
{"name":"Akkha","level":337,"killCount":-1,"type":"NPC","drops":[{"name":"Het\u0027s capture","id":27302,"quantity":1,"price":0},{"name":"Eldritch ashes","id":27223,"quantity":1,"price":0}],"date":"Feb 19, 2023, 3:59:34 PM"}
{"name":"Akkha","level":337,"killCount":-1,"type":"NPC","drops":[{"name":"Het\u0027s capture","id":27302,"quantity":1,"price":0},{"name":"Eldritch ashes","id":27223,"quantity":1,"price":0}],"date":"Feb 20, 2023, 12:46:15 AM"}
{"name":"Akkha","level":337,"killCount":-1,"type":"NPC","drops":[{"name":"Het\u0027s capture","id":27302,"quantity":1,"price":0},{"name":"Eldritch ashes","id":27223,"quantity":1,"price":0}],"date":"Feb 20, 2023, 1:33:47 AM"}
{"name":"Akkha","level":337,"killCount":-1,"type":"NPC","drops":[{"name":"Het\u0027s capture","id":27302,"quantity":1,"price":0},{"name":"Eldritch ashes","id":27223,"quantity":1,"price":0}],"date":"Feb 20, 2023, 2:48:14 PM"}
{"name":"Akkha","level":337,"killCount":-1,"type":"NPC","drops":[{"name":"Het\u0027s capture","id":27302,"quantity":1,"price":0},{"name":"Eldritch ashes","id":27223,"quantity":1,"price":0}],"date":"Feb 21, 2023, 11:17:34 PM"}
{"name":"Akkha","level":337,"killCount":-1,"type":"NPC","drops":[{"name":"Het\u0027s capture","id":27302,"quantity":1,"price":0},{"name":"Eldritch ashes","id":27223,"quantity":1,"price":0}],"date":"Feb 22, 2023, 1:49:50 PM"}
{"name":"Akkha","level":337,"killCount":-1,"type":"NPC","drops":[{"name":"Het\u0027s capture","id":27302,"quantity":1,"price":0},{"name":"Eldritch ashes","id":27223,"quantity":1,"price":0}],"date":"Feb 22, 2023, 2:38:35 PM"}
{"name":"Akkha","level":337,"killCount":-1,"type":"NPC","drops":[{"name":"Het\u0027s capture","id":27302,"quantity":1,"price":0},{"name":"Eldritch ashes","id":27223,"quantity":1,"price":0}],"date":"Apr 23, 2023, 5:01:10 PM"}
{"name":"Akkha","level":337,"killCount":-1,"type":"NPC","drops":[{"name":"Het\u0027s capture","id":27302,"quantity":1,"price":0},{"name":"Eldritch ashes","id":27223,"quantity":1,"price":0}],"date":"Apr 23, 2023, 5:41:51 PM"}
{"name":"Akkha","level":337,"killCount":-1,"type":"NPC","drops":[{"name":"Het\u0027s capture","id":27302,"quantity":1,"price":0},{"name":"Eldritch ashes","id":27223,"quantity":1,"price":0}],"date":"Apr 24, 2023, 11:50:24 AM"}
{"name":"Akkha","level":337,"killCount":-1,"type":"NPC","drops":[{"name":"Het\u0027s capture","id":27302,"quantity":1,"price":0},{"name":"Eldritch ashes","id":27223,"quantity":1,"price":0}],"date":"Apr 24, 2023, 12:27:04 PM"}
{"name":"Akkha","level":337,"killCount":-1,"type":"NPC","drops":[{"name":"Het\u0027s capture","id":27302,"quantity":1,"price":0},{"name":"Eldritch ashes","id":27223,"quantity":1,"price":0}],"date":"Apr 24, 2023, 3:18:18 PM"}
{"name":"Akkha","level":337,"killCount":-1,"type":"NPC","drops":[{"name":"Het\u0027s capture","id":27302,"quantity":1,"price":0},{"name":"Eldritch ashes","id":27223,"quantity":1,"price":0}],"date":"Apr 25, 2023, 5:06:54 PM"}
{"name":"Akkha","level":337,"killCount":-1,"type":"NPC","drops":[{"name":"Het\u0027s capture","id":27302,"quantity":1,"price":0},{"name":"Eldritch ashes","id":27223,"quantity":1,"price":0}],"date":"Apr 25, 2023, 9:29:46 PM"}
{"name":"Akkha","level":337,"killCount":-1,"type":"NPC","drops":[{"name":"Het\u0027s capture","id":27302,"quantity":1,"price":0},{"name":"Eldritch ashes","id":27223,"quantity":1,"price":0}],"date":"Apr 26, 2023, 9:26:26 AM"}
{"name":"Akkha","level":337,"killCount":-1,"type":"NPC","drops":[{"name":"Het\u0027s capture","id":27302,"quantity":1,"price":0},{"name":"Eldritch ashes","id":27223,"quantity":1,"price":0}],"date":"Apr 26, 2023, 10:09:25 AM"}
{"name":"Akkha","level":337,"killCount":-1,"type":"NPC","drops":[{"name":"Het\u0027s capture","id":27302,"quantity":1,"price":0},{"name":"Eldritch ashes","id":27223,"quantity":1,"price":0}],"date":"Apr 26, 2023, 11:58:48 AM"}
{"name":"Akkha","level":337,"killCount":-1,"type":"NPC","drops":[{"name":"Het\u0027s capture","id":27302,"quantity":1,"price":0},{"name":"Eldritch ashes","id":27223,"quantity":1,"price":0}],"date":"Apr 26, 2023, 1:13:37 PM"}
{"name":"Akkha","level":337,"killCount":-1,"type":"NPC","drops":[{"name":"Het\u0027s capture","id":27302,"quantity":1,"price":0},{"name":"Eldritch ashes","id":27223,"quantity":1,"price":0}],"date":"Apr 26, 2023, 3:01:47 PM"}
{"name":"Akkha","level":337,"killCount":-1,"type":"NPC","drops":[{"name":"Het\u0027s capture","id":27302,"quantity":1,"price":0},{"name":"Eldritch ashes","id":27223,"quantity":1,"price":0}],"date":"Apr 26, 2023, 3:37:18 PM"}
{"name":"Akkha","level":337,"killCount":-1,"type":"NPC","drops":[{"name":"Het\u0027s capture","id":27302,"quantity":1,"price":0},{"name":"Eldritch ashes","id":27223,"quantity":1,"price":0}],"date":"Apr 26, 2023, 4:05:27 PM"}
{"name":"Akkha","level":337,"killCount":-1,"type":"NPC","drops":[{"name":"Het\u0027s capture","id":27302,"quantity":1,"price":0},{"name":"Eldritch ashes","id":27223,"quantity":1,"price":0}],"date":"Apr 26, 2023, 9:48:34 PM"}
{"name":"Akkha","level":337,"killCount":-1,"type":"NPC","drops":[{"name":"Het\u0027s capture","id":27302,"quantity":1,"price":0},{"name":"Eldritch ashes","id":27223,"quantity":1,"price":0}],"date":"Apr 27, 2023, 9:44:16 AM"}
{"name":"Akkha","level":337,"killCount":-1,"type":"NPC","drops":[{"name":"Het\u0027s capture","id":27302,"quantity":1,"price":0},{"name":"Eldritch ashes","id":27223,"quantity":1,"price":0}],"date":"Apr 27, 2023, 10:26:11 AM"}
{"name":"Akkha","level":337,"killCount":-1,"type":"NPC","drops":[{"name":"Het\u0027s capture","id":27302,"quantity":1,"price":0}],"date":"Jun 3, 2023, 8:56:00 AM"}
{"name":"Akkha","level":337,"killCount":-1,"type":"NPC","drops":[{"name":"Het\u0027s capture","id":27302,"quantity":1,"price":0},{"name":"Eldritch ashes","id":27223,"quantity":1,"price":0}],"date":"Jun 3, 2023, 9:38:31 PM"}
{"name":"Akkha","level":337,"killCount":-1,"type":"NPC","drops":[{"name":"Het\u0027s capture","id":27302,"quantity":1,"price":0},{"name":"Eldritch ashes","id":27223,"quantity":1,"price":0}],"date":"Jun 3, 2023, 10:25:38 PM"}
{"name":"Akkha","level":337,"killCount":-1,"type":"NPC","drops":[{"name":"Het\u0027s capture","id":27302,"quantity":1,"price":0},{"name":"Eldritch ashes","id":27223,"quantity":1,"price":0}],"date":"Jun 8, 2023, 6:27:42 PM"}
{"name":"Akkha","level":337,"killCount":-1,"type":"NPC","drops":[{"name":"Het\u0027s capture","id":27302,"quantity":1,"price":0},{"name":"Eldritch ashes","id":27223,"quantity":1,"price":0}],"date":"Jun 8, 2023, 7:06:19 PM"}
{"name":"Akkha","level":337,"killCount":-1,"type":"NPC","drops":[{"name":"Het\u0027s capture","id":27302,"quantity":1,"price":0},{"name":"Eldritch ashes","id":27223,"quantity":1,"price":0}],"date":"Jun 8, 2023, 7:40:11 PM"}
{"name":"Akkha","level":337,"killCount":-1,"type":"NPC","drops":[{"name":"Het\u0027s capture","id":27302,"quantity":1,"price":0},{"name":"Eldritch ashes","id":27223,"quantity":1,"price":0}],"date":"Jun 8, 2023, 8:21:10 PM"}
{"name":"Akkha","level":337,"killCount":-1,"type":"NPC","drops":[{"name":"Het\u0027s capture","id":27302,"quantity":1,"price":0},{"name":"Eldritch ashes","id":27223,"quantity":1,"price":0}],"date":"Jun 9, 2023, 12:16:15 PM"}
{"name":"Akkha","level":337,"killCount":-1,"type":"NPC","drops":[{"name":"Het\u0027s capture","id":27302,"quantity":1,"price":0},{"name":"Eldritch ashes","id":27223,"quantity":1,"price":0}],"date":"Jun 9, 2023, 12:53:35 PM"}
{"name":"Akkha","level":337,"killCount":-1,"type":"NPC","drops":[{"name":"Het\u0027s capture","id":27302,"quantity":1,"price":0},{"name":"Eldritch ashes","id":27223,"quantity":1,"price":0}],"date":"Jun 9, 2023, 3:19:20 PM"}
{"name":"Akkha","level":337,"killCount":-1,"type":"NPC","drops":[{"name":"Het\u0027s capture","id":27302,"quantity":1,"price":0},{"name":"Eldritch ashes","id":27223,"quantity":1,"price":0}],"date":"Jun 9, 2023, 4:38:54 PM"}
{"name":"Akkha","level":337,"killCount":-1,"type":"NPC","drops":[{"name":"Het\u0027s capture","id":27302,"quantity":1,"price":0},{"name":"Eldritch ashes","id":27223,"quantity":1,"price":0}],"date":"Jun 9, 2023, 10:32:12 PM"}
{"name":"Akkha","level":337,"killCount":-1,"type":"NPC","drops":[{"name":"Het\u0027s capture","id":27302,"quantity":1,"price":0},{"name":"Eldritch ashes","id":27223,"quantity":1,"price":0}],"date":"Jun 9, 2023, 11:12:11 PM"}
{"name":"Akkha","level":337,"killCount":-1,"type":"NPC","drops":[{"name":"Het\u0027s capture","id":27302,"quantity":1,"price":0},{"name":"Eldritch ashes","id":27223,"quantity":1,"price":0}],"date":"Jun 9, 2023, 11:48:43 PM"}
{"name":"Akkha","level":337,"killCount":-1,"type":"NPC","drops":[{"name":"Het\u0027s capture","id":27302,"quantity":1,"price":0},{"name":"Eldritch ashes","id":27223,"quantity":1,"price":0}],"date":"Jun 10, 2023, 3:27:18 PM"}
{"name":"Akkha","level":337,"killCount":-1,"type":"NPC","drops":[{"name":"Het\u0027s capture","id":27302,"quantity":1,"price":0},{"name":"Eldritch ashes","id":27223,"quantity":1,"price":0}],"date":"Jun 10, 2023, 7:47:18 PM"}
{"name":"Akkha","level":337,"killCount":-1,"type":"NPC","drops":[{"name":"Het\u0027s capture","id":27302,"quantity":1,"price":0},{"name":"Eldritch ashes","id":27223,"quantity":1,"price":0}],"date":"Jun 10, 2023, 8:23:29 PM"}
{"name":"Akkha","level":337,"killCount":-1,"type":"NPC","drops":[{"name":"Het\u0027s capture","id":27302,"quantity":1,"price":0},{"name":"Eldritch ashes","id":27223,"quantity":1,"price":0}],"date":"Jun 10, 2023, 9:03:22 PM"}
{"name":"Akkha","level":337,"killCount":-1,"type":"NPC","drops":[{"name":"Het\u0027s capture","id":27302,"quantity":1,"price":0},{"name":"Eldritch ashes","id":27223,"quantity":1,"price":0}],"date":"Jun 10, 2023, 9:41:13 PM"}
{"name":"Akkha","level":337,"killCount":-1,"type":"NPC","drops":[{"name":"Het\u0027s capture","id":27302,"quantity":1,"price":0},{"name":"Eldritch ashes","id":27223,"quantity":1,"price":0}],"date":"Jun 10, 2023, 10:19:23 PM"}
{"name":"Akkha","level":337,"killCount":-1,"type":"NPC","drops":[{"name":"Het\u0027s capture","id":27302,"quantity":1,"price":0},{"name":"Eldritch ashes","id":27223,"quantity":1,"price":0}],"date":"Jun 11, 2023, 12:54:37 PM"}
{"name":"Akkha","level":337,"killCount":-1,"type":"NPC","drops":[{"name":"Het\u0027s capture","id":27302,"quantity":1,"price":0}],"date":"Jun 11, 2023, 1:42:00 PM"}
{"name":"Akkha","level":337,"killCount":-1,"type":"NPC","drops":[{"name":"Het\u0027s capture","id":27302,"quantity":1,"price":0}],"date":"Jun 11, 2023, 3:00:32 PM"}
{"name":"Akkha","level":337,"killCount":-1,"type":"NPC","drops":[{"name":"Het\u0027s capture","id":27302,"quantity":1,"price":0}],"date":"Jun 11, 2023, 4:06:57 PM"}
{"name":"Akkha","level":337,"killCount":-1,"type":"NPC","drops":[{"name":"Het\u0027s capture","id":27302,"quantity":1,"price":0},{"name":"Eldritch ashes","id":27223,"quantity":1,"price":0}],"date":"Jun 11, 2023, 7:58:01 PM"}
{"name":"Akkha","level":337,"killCount":-1,"type":"NPC","drops":[{"name":"Het\u0027s capture","id":27302,"quantity":1,"price":0},{"name":"Eldritch ashes","id":27223,"quantity":1,"price":0}],"date":"Jun 11, 2023, 8:35:05 PM"}
{"name":"Akkha","level":337,"killCount":-1,"type":"NPC","drops":[{"name":"Het\u0027s capture","id":27302,"quantity":1,"price":0},{"name":"Eldritch ashes","id":27223,"quantity":1,"price":0}],"date":"Jun 12, 2023, 12:36:15 PM"}
{"name":"Akkha","level":337,"killCount":-1,"type":"NPC","drops":[{"name":"Het\u0027s capture","id":27302,"quantity":1,"price":0},{"name":"Eldritch ashes","id":27223,"quantity":1,"price":0}],"date":"Jun 12, 2023, 1:16:20 PM"}
{"name":"Akkha","level":337,"killCount":-1,"type":"NPC","drops":[{"name":"Het\u0027s capture","id":27302,"quantity":1,"price":0}],"date":"Jul 3, 2023, 10:35:47 PM"}
{"name":"Akkha","level":337,"killCount":-1,"type":"NPC","drops":[{"name":"Het\u0027s capture","id":27302,"quantity":1,"price":0}],"date":"Jul 3, 2023, 11:24:02 PM"}
{"name":"Akkha","level":337,"killCount":-1,"type":"NPC","drops":[{"name":"Het\u0027s capture","id":27302,"quantity":1,"price":0},{"name":"Eldritch ashes","id":27223,"quantity":1,"price":0}],"date":"Jul 4, 2023, 1:32:32 PM"}
{"name":"Akkha","level":337,"killCount":-1,"type":"NPC","drops":[{"name":"Het\u0027s capture","id":27302,"quantity":1,"price":0},{"name":"Eldritch ashes","id":27223,"quantity":1,"price":0}],"date":"Jul 4, 2023, 11:43:22 PM"}
{"name":"Akkha","level":337,"killCount":-1,"type":"NPC","drops":[{"name":"Het\u0027s capture","id":27302,"quantity":1,"price":0},{"name":"Eldritch ashes","id":27223,"quantity":1,"price":0}],"date":"Jul 17, 2023, 9:50:09 PM"}
{"name":"Akkha","level":337,"killCount":-1,"type":"NPC","drops":[{"name":"Het\u0027s capture","id":27302,"quantity":1,"price":0},{"name":"Eldritch ashes","id":27223,"quantity":1,"price":0}],"date":"Jul 18, 2023, 9:41:11 AM"}
{"name":"Akkha","level":337,"killCount":-1,"type":"NPC","drops":[{"name":"Het\u0027s capture","id":27302,"quantity":1,"price":0},{"name":"Eldritch ashes","id":27223,"quantity":1,"price":0}],"date":"Jul 18, 2023, 8:21:22 PM"}
{"name":"Akkha","level":337,"killCount":-1,"type":"NPC","drops":[{"name":"Het\u0027s capture","id":27302,"quantity":1,"price":0},{"name":"Eldritch ashes","id":27223,"quantity":1,"price":0}],"date":"Jul 18, 2023, 8:57:56 PM"}
{"name":"Akkha","level":337,"killCount":-1,"type":"NPC","drops":[{"name":"Het\u0027s capture","id":27302,"quantity":1,"price":0},{"name":"Eldritch ashes","id":27223,"quantity":1,"price":0}],"date":"Aug 10, 2023, 10:11:25 PM"}
{"name":"Akkha","level":337,"killCount":-1,"type":"NPC","drops":[{"name":"Het\u0027s capture","id":27302,"quantity":1,"price":0},{"name":"Eldritch ashes","id":27223,"quantity":1,"price":0}],"date":"Aug 10, 2023, 10:50:02 PM"}
{"name":"Akkha","level":337,"killCount":-1,"type":"NPC","drops":[{"name":"Het\u0027s capture","id":27302,"quantity":1,"price":0},{"name":"Eldritch ashes","id":27223,"quantity":1,"price":0}],"date":"Aug 11, 2023, 11:24:09 AM"}
{"name":"Akkha","level":337,"killCount":-1,"type":"NPC","drops":[{"name":"Het\u0027s capture","id":27302,"quantity":1,"price":0},{"name":"Eldritch ashes","id":27223,"quantity":1,"price":0}],"date":"Sep 9, 2023, 7:00:47 PM"}
{"name":"Akkha","level":337,"killCount":-1,"type":"NPC","drops":[{"name":"Het\u0027s capture","id":27302,"quantity":1,"price":0},{"name":"Eldritch ashes","id":27223,"quantity":1,"price":0}],"date":"Sep 9, 2023, 7:41:04 PM"}
{"name":"Akkha","level":337,"killCount":-1,"type":"NPC","drops":[{"name":"Het\u0027s capture","id":27302,"quantity":1,"price":0},{"name":"Eldritch ashes","id":27223,"quantity":1,"price":0}],"date":"Sep 9, 2023, 9:08:56 PM"}
{"name":"Akkha","level":337,"killCount":-1,"type":"NPC","drops":[{"name":"Het\u0027s capture","id":27302,"quantity":1,"price":0},{"name":"Eldritch ashes","id":27223,"quantity":1,"price":0}],"date":"Sep 9, 2023, 9:50:58 PM"}
{"name":"Akkha","level":337,"killCount":-1,"type":"NPC","drops":[{"name":"Het\u0027s capture","id":27302,"quantity":1,"price":0},{"name":"Eldritch ashes","id":27223,"quantity":1,"price":0}],"date":"Sep 9, 2023, 10:59:54 PM"}
{"name":"Akkha","level":337,"killCount":-1,"type":"NPC","drops":[{"name":"Het\u0027s capture","id":27302,"quantity":1,"price":0},{"name":"Eldritch ashes","id":27223,"quantity":1,"price":0}],"date":"Sep 10, 2023, 1:29:24 PM"}
{"name":"Akkha","level":337,"killCount":-1,"type":"NPC","drops":[{"name":"Het\u0027s capture","id":27302,"quantity":1,"price":0},{"name":"Eldritch ashes","id":27223,"quantity":1,"price":0}],"date":"Sep 10, 2023, 2:17:20 PM"}
{"name":"Akkha","level":337,"killCount":-1,"type":"NPC","drops":[{"name":"Het\u0027s capture","id":27302,"quantity":1,"price":0},{"name":"Eldritch ashes","id":27223,"quantity":1,"price":0}],"date":"Sep 10, 2023, 5:04:23 PM"}
{"name":"Akkha","level":337,"killCount":-1,"type":"NPC","drops":[{"name":"Het\u0027s capture","id":27302,"quantity":1,"price":0},{"name":"Eldritch ashes","id":27223,"quantity":1,"price":0}],"date":"Sep 10, 2023, 5:31:07 PM"}
{"name":"Akkha","level":337,"killCount":-1,"type":"NPC","drops":[{"name":"Het\u0027s capture","id":27302,"quantity":1,"price":0},{"name":"Eldritch ashes","id":27223,"quantity":1,"price":0}],"date":"Sep 10, 2023, 6:14:44 PM"}
{"name":"Akkha","level":337,"killCount":-1,"type":"NPC","drops":[{"name":"Het\u0027s capture","id":27302,"quantity":1,"price":0},{"name":"Eldritch ashes","id":27223,"quantity":1,"price":0}],"date":"Sep 10, 2023, 8:49:56 PM"}
{"name":"Akkha","level":337,"killCount":-1,"type":"NPC","drops":[{"name":"Het\u0027s capture","id":27302,"quantity":1,"price":0},{"name":"Eldritch ashes","id":27223,"quantity":1,"price":0}],"date":"Sep 10, 2023, 9:30:52 PM"}
{"name":"Akkha","level":337,"killCount":-1,"type":"NPC","drops":[{"name":"Het\u0027s capture","id":27302,"quantity":1,"price":0},{"name":"Eldritch ashes","id":27223,"quantity":1,"price":0}],"date":"Sep 10, 2023, 10:26:04 PM"}
{"name":"Akkha","level":337,"killCount":-1,"type":"NPC","drops":[{"name":"Het\u0027s capture","id":27302,"quantity":1,"price":0},{"name":"Eldritch ashes","id":27223,"quantity":1,"price":0}],"date":"Sep 10, 2023, 11:05:06 PM"}
{"name":"Akkha","level":337,"killCount":-1,"type":"NPC","drops":[{"name":"Het\u0027s capture","id":27302,"quantity":1,"price":0},{"name":"Eldritch ashes","id":27223,"quantity":1,"price":0}],"date":"Sep 11, 2023, 12:46:24 PM"}
{"name":"Akkha","level":337,"killCount":-1,"type":"NPC","drops":[{"name":"Het\u0027s capture","id":27302,"quantity":1,"price":0},{"name":"Eldritch ashes","id":27223,"quantity":1,"price":0}],"date":"Sep 11, 2023, 1:52:06 PM"}
{"name":"Akkha","level":337,"killCount":-1,"type":"NPC","drops":[{"name":"Het\u0027s capture","id":27302,"quantity":1,"price":0},{"name":"Eldritch ashes","id":27223,"quantity":1,"price":0}],"date":"Sep 11, 2023, 3:08:16 PM"}
{"name":"Akkha","level":337,"killCount":-1,"type":"NPC","drops":[{"name":"Het\u0027s capture","id":27302,"quantity":1,"price":0},{"name":"Eldritch ashes","id":27223,"quantity":1,"price":0}],"date":"Sep 11, 2023, 4:21:12 PM"}
{"name":"Akkha","level":337,"killCount":-1,"type":"NPC","drops":[{"name":"Het\u0027s capture","id":27302,"quantity":1,"price":0},{"name":"Eldritch ashes","id":27223,"quantity":1,"price":0}],"date":"Sep 11, 2023, 9:53:07 PM"}
{"name":"Akkha","level":337,"killCount":-1,"type":"NPC","drops":[{"name":"Het\u0027s capture","id":27302,"quantity":1,"price":0},{"name":"Eldritch ashes","id":27223,"quantity":1,"price":0}],"date":"Sep 11, 2023, 10:29:17 PM"}
{"name":"Akkha","level":337,"killCount":-1,"type":"NPC","drops":[{"name":"Het\u0027s capture","id":27302,"quantity":1,"price":0},{"name":"Eldritch ashes","id":27223,"quantity":1,"price":0}],"date":"Sep 12, 2023, 9:39:32 PM"}
{"name":"Akkha","level":337,"killCount":-1,"type":"NPC","drops":[{"name":"Het\u0027s capture","id":27302,"quantity":1,"price":0},{"name":"Eldritch ashes","id":27223,"quantity":1,"price":0}],"date":"Sep 12, 2023, 10:18:34 PM"}
{"name":"Akkha","level":337,"killCount":-1,"type":"NPC","drops":[{"name":"Het\u0027s capture","id":27302,"quantity":1,"price":0},{"name":"Eldritch ashes","id":27223,"quantity":1,"price":0}],"date":"Sep 27, 2023, 8:53:41 PM"}
{"name":"Akkha","level":337,"killCount":-1,"type":"NPC","drops":[{"name":"Het\u0027s capture","id":27302,"quantity":1,"price":0},{"name":"Eldritch ashes","id":27223,"quantity":1,"price":0}],"date":"Sep 27, 2023, 9:34:12 PM"}
{"name":"Akkha","level":337,"killCount":-1,"type":"NPC","drops":[{"name":"Het\u0027s capture","id":27302,"quantity":1,"price":0}],"date":"Sep 30, 2023, 3:25:55 PM"}
{"name":"Akkha","level":337,"killCount":-1,"type":"NPC","drops":[{"name":"Het\u0027s capture","id":27302,"quantity":1,"price":0}],"date":"Sep 30, 2023, 4:13:11 PM"}
{"name":"Akkha","level":337,"killCount":-1,"type":"NPC","drops":[{"name":"Het\u0027s capture","id":27302,"quantity":1,"price":0},{"name":"Eldritch ashes","id":27223,"quantity":1,"price":0}],"date":"Oct 17, 2023, 9:15:47 PM"}
{"name":"Akkha","level":337,"killCount":-1,"type":"NPC","drops":[{"name":"Het\u0027s capture","id":27302,"quantity":1,"price":0},{"name":"Eldritch ashes","id":27223,"quantity":1,"price":0}],"date":"Nov 2, 2023, 12:48:15 PM"}
{"name":"Akkha","level":337,"killCount":-1,"type":"NPC","drops":[{"name":"Het\u0027s capture","id":27302,"quantity":1,"price":0},{"name":"Eldritch ashes","id":27223,"quantity":1,"price":0}],"date":"Nov 2, 2023, 5:45:57 PM"}
{"name":"Akkha","level":337,"killCount":-1,"type":"NPC","drops":[{"name":"Het\u0027s capture","id":27302,"quantity":1,"price":0},{"name":"Eldritch ashes","id":27223,"quantity":1,"price":0}],"date":"Nov 2, 2023, 9:13:45 PM"}
{"name":"Akkha","level":337,"killCount":-1,"type":"NPC","drops":[{"name":"Het\u0027s capture","id":27302,"quantity":1,"price":0},{"name":"Eldritch ashes","id":27223,"quantity":1,"price":0}],"date":"Nov 2, 2023, 10:00:38 PM"}
{"name":"Akkha","level":337,"killCount":-1,"type":"NPC","drops":[{"name":"Het\u0027s capture","id":27302,"quantity":1,"price":0},{"name":"Eldritch ashes","id":27223,"quantity":1,"price":0}],"date":"Nov 3, 2023, 11:39:24 AM"}
{"name":"Akkha","level":337,"killCount":-1,"type":"NPC","drops":[{"name":"Het\u0027s capture","id":27302,"quantity":1,"price":0},{"name":"Eldritch ashes","id":27223,"quantity":1,"price":0}],"date":"Jan 30, 2024, 11:13:43 AM"}
{"name":"Akkha","level":337,"killCount":-1,"type":"NPC","drops":[{"name":"Het\u0027s capture","id":27302,"quantity":1,"price":0},{"name":"Eldritch ashes","id":27223,"quantity":1,"price":0}],"date":"Jan 30, 2024, 2:39:46 PM"}
{"name":"Akkha","level":337,"killCount":-1,"type":"NPC","drops":[{"name":"Het\u0027s capture","id":27302,"quantity":1,"price":0},{"name":"Eldritch ashes","id":27223,"quantity":1,"price":0}],"date":"Jan 30, 2024, 3:10:39 PM"}
{"name":"Akkha","level":337,"killCount":-1,"type":"NPC","drops":[{"name":"Het\u0027s capture","id":27302,"quantity":1,"price":0},{"name":"Eldritch ashes","id":27223,"quantity":1,"price":0}],"date":"Jan 30, 2024, 10:35:05 PM"}
{"name":"Akkha","level":337,"killCount":-1,"type":"NPC","drops":[{"name":"Het\u0027s capture","id":27302,"quantity":1,"price":0},{"name":"Eldritch ashes","id":27223,"quantity":1,"price":0}],"date":"Jan 31, 2024, 12:11:10 PM"}
{"name":"Akkha","level":337,"killCount":-1,"type":"NPC","drops":[{"name":"Het\u0027s capture","id":27302,"quantity":1,"price":0}],"date":"Jan 31, 2024, 1:01:10 PM"}
{"name":"Akkha","level":337,"killCount":-1,"type":"NPC","drops":[{"name":"Het\u0027s capture","id":27302,"quantity":1,"price":0},{"name":"Eldritch ashes","id":27223,"quantity":1,"price":0}],"date":"Jan 31, 2024, 4:50:36 PM"}
{"name":"Akkha","level":337,"killCount":-1,"type":"NPC","drops":[{"name":"Het\u0027s capture","id":27302,"quantity":1,"price":0},{"name":"Eldritch ashes","id":27223,"quantity":1,"price":0}],"date":"Feb 1, 2024, 3:28:55 PM"}
{"name":"Akkha","level":337,"killCount":-1,"type":"NPC","drops":[{"name":"Het\u0027s capture","id":27302,"quantity":1,"price":0},{"name":"Eldritch ashes","id":27223,"quantity":1,"price":0}],"date":"Feb 1, 2024, 4:16:19 PM"}
{"name":"Akkha","level":337,"killCount":-1,"type":"NPC","drops":[{"name":"Het\u0027s capture","id":27302,"quantity":1,"price":0},{"name":"Eldritch ashes","id":27223,"quantity":1,"price":0}],"date":"Feb 1, 2024, 5:49:55 PM"}
{"name":"Akkha","level":337,"killCount":-1,"type":"NPC","drops":[{"name":"Het\u0027s capture","id":27302,"quantity":1,"price":0},{"name":"Eldritch ashes","id":27223,"quantity":1,"price":0}],"date":"Feb 1, 2024, 10:13:55 PM"}
{"name":"Akkha","level":337,"killCount":-1,"type":"NPC","drops":[{"name":"Het\u0027s capture","id":27302,"quantity":1,"price":0},{"name":"Eldritch ashes","id":27223,"quantity":1,"price":0}],"date":"Feb 2, 2024, 11:22:09 AM"}
{"name":"Akkha","level":337,"killCount":-1,"type":"NPC","drops":[{"name":"Het\u0027s capture","id":27302,"quantity":1,"price":0},{"name":"Eldritch ashes","id":27223,"quantity":1,"price":0}],"date":"Feb 2, 2024, 2:39:29 PM"}
{"name":"Akkha","level":337,"killCount":-1,"type":"NPC","drops":[{"name":"Het\u0027s capture","id":27302,"quantity":1,"price":0},{"name":"Eldritch ashes","id":27223,"quantity":1,"price":0}],"date":"Feb 2, 2024, 3:31:53 PM"}
{"name":"Akkha","level":337,"killCount":-1,"type":"NPC","drops":[{"name":"Het\u0027s capture","id":27302,"quantity":1,"price":0},{"name":"Eldritch ashes","id":27223,"quantity":1,"price":0}],"date":"Feb 3, 2024, 9:23:02 AM"}
{"name":"Akkha","level":337,"killCount":-1,"type":"NPC","drops":[{"name":"Het\u0027s capture","id":27302,"quantity":1,"price":0},{"name":"Eldritch ashes","id":27223,"quantity":1,"price":0}],"date":"Feb 4, 2024, 9:30:39 AM"}
{"name":"Akkha","level":337,"killCount":-1,"type":"NPC","drops":[{"name":"Het\u0027s capture","id":27302,"quantity":1,"price":0},{"name":"Eldritch ashes","id":27223,"quantity":1,"price":0}],"date":"Feb 4, 2024, 10:08:52 AM"}
{"name":"Akkha","level":337,"killCount":-1,"type":"NPC","drops":[{"name":"Het\u0027s capture","id":27302,"quantity":1,"price":0},{"name":"Eldritch ashes","id":27223,"quantity":1,"price":0}],"date":"Feb 4, 2024, 2:49:38 PM"}
{"name":"Akkha","level":337,"killCount":-1,"type":"NPC","drops":[{"name":"Het\u0027s capture","id":27302,"quantity":1,"price":0},{"name":"Eldritch ashes","id":27223,"quantity":1,"price":0}],"date":"Feb 4, 2024, 3:37:46 PM"}
{"name":"Akkha","level":337,"killCount":-1,"type":"NPC","drops":[{"name":"Het\u0027s capture","id":27302,"quantity":1,"price":0},{"name":"Eldritch ashes","id":27223,"quantity":1,"price":0}],"date":"Feb 4, 2024, 4:30:43 PM"}
{"name":"Akkha","level":337,"killCount":-1,"type":"NPC","drops":[{"name":"Het\u0027s capture","id":27302,"quantity":1,"price":0},{"name":"Eldritch ashes","id":27223,"quantity":1,"price":0}],"date":"Feb 5, 2024, 3:36:28 PM"}
{"name":"Akkha","level":337,"killCount":-1,"type":"NPC","drops":[{"name":"Het\u0027s capture","id":27302,"quantity":1,"price":0},{"name":"Eldritch ashes","id":27223,"quantity":1,"price":0}],"date":"Feb 5, 2024, 4:16:12 PM"}
{"name":"Akkha","level":337,"killCount":-1,"type":"NPC","drops":[{"name":"Het\u0027s capture","id":27302,"quantity":1,"price":0},{"name":"Eldritch ashes","id":27223,"quantity":1,"price":0}],"date":"Feb 5, 2024, 4:51:24 PM"}
{"name":"Akkha","level":337,"killCount":-1,"type":"NPC","drops":[{"name":"Het\u0027s capture","id":27302,"quantity":1,"price":0},{"name":"Eldritch ashes","id":27223,"quantity":1,"price":0}],"date":"Feb 5, 2024, 7:37:31 PM"}
{"name":"Akkha","level":337,"killCount":-1,"type":"NPC","drops":[{"name":"Het\u0027s capture","id":27302,"quantity":1,"price":0},{"name":"Eldritch ashes","id":27223,"quantity":1,"price":0}],"date":"Feb 5, 2024, 8:05:18 PM"}
{"name":"Akkha","level":337,"killCount":-1,"type":"NPC","drops":[{"name":"Het\u0027s capture","id":27302,"quantity":1,"price":0},{"name":"Eldritch ashes","id":27223,"quantity":1,"price":0}],"date":"Feb 5, 2024, 8:30:58 PM"}
{"name":"Akkha","level":337,"killCount":-1,"type":"NPC","drops":[{"name":"Het\u0027s capture","id":27302,"quantity":1,"price":0},{"name":"Eldritch ashes","id":27223,"quantity":1,"price":0}],"date":"Feb 5, 2024, 9:11:39 PM"}
{"name":"Akkha","level":337,"killCount":-1,"type":"NPC","drops":[{"name":"Het\u0027s capture","id":27302,"quantity":1,"price":0},{"name":"Eldritch ashes","id":27223,"quantity":1,"price":0}],"date":"Feb 5, 2024, 10:21:32 PM"}
{"name":"Akkha","level":337,"killCount":-1,"type":"NPC","drops":[{"name":"Het\u0027s capture","id":27302,"quantity":1,"price":0},{"name":"Eldritch ashes","id":27223,"quantity":1,"price":0}],"date":"Feb 5, 2024, 11:04:26 PM"}
{"name":"Akkha","level":337,"killCount":-1,"type":"NPC","drops":[{"name":"Het\u0027s capture","id":27302,"quantity":1,"price":0},{"name":"Eldritch ashes","id":27223,"quantity":1,"price":0}],"date":"Feb 6, 2024, 9:05:31 PM"}
{"name":"Akkha","level":337,"killCount":-1,"type":"NPC","drops":[{"name":"Het\u0027s capture","id":27302,"quantity":1,"price":0},{"name":"Eldritch ashes","id":27223,"quantity":1,"price":0}],"date":"Feb 6, 2024, 9:59:06 PM"}
{"name":"Akkha","level":337,"killCount":-1,"type":"NPC","drops":[{"name":"Het\u0027s capture","id":27302,"quantity":1,"price":0},{"name":"Eldritch ashes","id":27223,"quantity":1,"price":0}],"date":"Feb 6, 2024, 10:42:02 PM"}
{"name":"Akkha","level":337,"killCount":-1,"type":"NPC","drops":[{"name":"Het\u0027s capture","id":27302,"quantity":1,"price":0},{"name":"Eldritch ashes","id":27223,"quantity":1,"price":0}],"date":"Feb 7, 2024, 8:46:40 AM"}
{"name":"Akkha","level":337,"killCount":-1,"type":"NPC","drops":[{"name":"Het\u0027s capture","id":27302,"quantity":1,"price":0},{"name":"Eldritch ashes","id":27223,"quantity":1,"price":0}],"date":"Feb 7, 2024, 7:56:11 PM"}
{"name":"Akkha","level":337,"killCount":-1,"type":"NPC","drops":[{"name":"Het\u0027s capture","id":27302,"quantity":1,"price":0},{"name":"Eldritch ashes","id":27223,"quantity":1,"price":0}],"date":"Feb 7, 2024, 9:37:01 PM"}
{"name":"Akkha","level":337,"killCount":-1,"type":"NPC","drops":[{"name":"Het\u0027s capture","id":27302,"quantity":1,"price":0},{"name":"Eldritch ashes","id":27223,"quantity":1,"price":0}],"date":"Feb 7, 2024, 10:17:12 PM"}
{"name":"Akkha","level":337,"killCount":-1,"type":"NPC","drops":[{"name":"Het\u0027s capture","id":27302,"quantity":1,"price":0},{"name":"Eldritch ashes","id":27223,"quantity":1,"price":0}],"date":"Feb 8, 2024, 11:33:00 AM"}
{"name":"Akkha","level":337,"killCount":-1,"type":"NPC","drops":[{"name":"Het\u0027s capture","id":27302,"quantity":1,"price":0},{"name":"Eldritch ashes","id":27223,"quantity":1,"price":0}],"date":"Feb 8, 2024, 12:23:13 PM"}
{"name":"Akkha","level":337,"killCount":-1,"type":"NPC","drops":[{"name":"Het\u0027s capture","id":27302,"quantity":1,"price":0},{"name":"Eldritch ashes","id":27223,"quantity":1,"price":0}],"date":"Feb 8, 2024, 3:02:35 PM"}
{"name":"Akkha","level":337,"killCount":-1,"type":"NPC","drops":[{"name":"Het\u0027s capture","id":27302,"quantity":1,"price":0},{"name":"Eldritch ashes","id":27223,"quantity":1,"price":0}],"date":"Feb 8, 2024, 3:42:44 PM"}
{"name":"Akkha","level":337,"killCount":-1,"type":"NPC","drops":[{"name":"Het\u0027s capture","id":27302,"quantity":1,"price":0},{"name":"Eldritch ashes","id":27223,"quantity":1,"price":0}],"date":"Feb 8, 2024, 6:31:18 PM"}
{"name":"Akkha","level":337,"killCount":-1,"type":"NPC","drops":[{"name":"Het\u0027s capture","id":27302,"quantity":1,"price":0},{"name":"Eldritch ashes","id":27223,"quantity":1,"price":0}],"date":"Feb 8, 2024, 7:17:51 PM"}
{"name":"Akkha","level":337,"killCount":-1,"type":"NPC","drops":[{"name":"Het\u0027s capture","id":27302,"quantity":1,"price":0},{"name":"Eldritch ashes","id":27223,"quantity":1,"price":0}],"date":"Feb 8, 2024, 8:14:02 PM"}
{"name":"Akkha","level":337,"killCount":-1,"type":"NPC","drops":[{"name":"Het\u0027s capture","id":27302,"quantity":1,"price":0},{"name":"Eldritch ashes","id":27223,"quantity":1,"price":0}],"date":"Feb 8, 2024, 8:57:51 PM"}
{"name":"Akkha","level":337,"killCount":-1,"type":"NPC","drops":[{"name":"Het\u0027s capture","id":27302,"quantity":1,"price":0},{"name":"Eldritch ashes","id":27223,"quantity":1,"price":0}],"date":"Feb 8, 2024, 9:40:39 PM"}
{"name":"Akkha","level":337,"killCount":-1,"type":"NPC","drops":[{"name":"Het\u0027s capture","id":27302,"quantity":1,"price":0},{"name":"Eldritch ashes","id":27223,"quantity":1,"price":0}],"date":"Feb 9, 2024, 11:09:43 AM"}
{"name":"Akkha","level":337,"killCount":-1,"type":"NPC","drops":[{"name":"Het\u0027s capture","id":27302,"quantity":1,"price":0},{"name":"Eldritch ashes","id":27223,"quantity":1,"price":0}],"date":"Feb 9, 2024, 12:00:28 PM"}
{"name":"Akkha","level":337,"killCount":-1,"type":"NPC","drops":[{"name":"Het\u0027s capture","id":27302,"quantity":1,"price":0},{"name":"Eldritch ashes","id":27223,"quantity":1,"price":0}],"date":"Feb 9, 2024, 12:51:12 PM"}
{"name":"Akkha","level":337,"killCount":-1,"type":"NPC","drops":[{"name":"Het\u0027s capture","id":27302,"quantity":1,"price":0},{"name":"Eldritch ashes","id":27223,"quantity":1,"price":0}],"date":"Feb 9, 2024, 3:04:44 PM"}
{"name":"Akkha","level":337,"killCount":-1,"type":"NPC","drops":[{"name":"Het\u0027s capture","id":27302,"quantity":1,"price":0},{"name":"Eldritch ashes","id":27223,"quantity":1,"price":0}],"date":"Feb 10, 2024, 11:21:13 AM"}
{"name":"Akkha","level":337,"killCount":-1,"type":"NPC","drops":[{"name":"Het\u0027s capture","id":27302,"quantity":1,"price":0},{"name":"Eldritch ashes","id":27223,"quantity":1,"price":0}],"date":"Feb 10, 2024, 12:14:06 PM"}
{"name":"Akkha","level":337,"killCount":-1,"type":"NPC","drops":[{"name":"Het\u0027s capture","id":27302,"quantity":1,"price":0},{"name":"Eldritch ashes","id":27223,"quantity":1,"price":0}],"date":"Feb 10, 2024, 1:03:46 PM"}
{"name":"Akkha","level":337,"killCount":-1,"type":"NPC","drops":[{"name":"Het\u0027s capture","id":27302,"quantity":1,"price":0},{"name":"Eldritch ashes","id":27223,"quantity":1,"price":0}],"date":"Feb 10, 2024, 2:24:17 PM"}
{"name":"Akkha","level":337,"killCount":-1,"type":"NPC","drops":[{"name":"Het\u0027s capture","id":27302,"quantity":1,"price":0},{"name":"Eldritch ashes","id":27223,"quantity":1,"price":0}],"date":"Feb 10, 2024, 3:14:41 PM"}
{"name":"Akkha","level":337,"killCount":-1,"type":"NPC","drops":[{"name":"Het\u0027s capture","id":27302,"quantity":1,"price":0},{"name":"Eldritch ashes","id":27223,"quantity":1,"price":0}],"date":"Feb 10, 2024, 3:59:18 PM"}
{"name":"Akkha","level":337,"killCount":-1,"type":"NPC","drops":[{"name":"Het\u0027s capture","id":27302,"quantity":1,"price":0},{"name":"Eldritch ashes","id":27223,"quantity":1,"price":0}],"date":"Feb 10, 2024, 5:54:48 PM"}
{"name":"Akkha","level":337,"killCount":-1,"type":"NPC","drops":[{"name":"Het\u0027s capture","id":27302,"quantity":1,"price":0},{"name":"Eldritch ashes","id":27223,"quantity":1,"price":0}],"date":"Feb 10, 2024, 6:38:27 PM"}
{"name":"Akkha","level":337,"killCount":-1,"type":"NPC","drops":[{"name":"Het\u0027s capture","id":27302,"quantity":1,"price":0}],"date":"Feb 10, 2024, 8:37:31 PM"}
{"name":"Akkha","level":337,"killCount":-1,"type":"NPC","drops":[{"name":"Het\u0027s capture","id":27302,"quantity":1,"price":0}],"date":"Feb 10, 2024, 9:12:48 PM"}
{"name":"Akkha","level":337,"killCount":-1,"type":"NPC","drops":[{"name":"Het\u0027s capture","id":27302,"quantity":1,"price":0},{"name":"Eldritch ashes","id":27223,"quantity":1,"price":0}],"date":"May 18, 2024, 11:54:48 PM"}
{"name":"Akkha","level":337,"killCount":-1,"type":"NPC","drops":[{"name":"Het\u0027s capture","id":27302,"quantity":1,"price":0},{"name":"Eldritch ashes","id":27223,"quantity":1,"price":0}],"date":"May 20, 2024, 10:39:04 AM"}
{"name":"Akkha","level":337,"killCount":-1,"type":"NPC","drops":[{"name":"Het\u0027s capture","id":27302,"quantity":1,"price":0},{"name":"Eldritch ashes","id":27223,"quantity":1,"price":0}],"date":"May 20, 2024, 11:14:42 PM"}
{"name":"Akkha","level":337,"killCount":-1,"type":"NPC","drops":[{"name":"Het\u0027s capture","id":27302,"quantity":1,"price":0}],"date":"Jul 31, 2024, 10:48:56 PM"}
{"name":"Akkha","level":337,"killCount":-1,"type":"NPC","drops":[{"name":"Het\u0027s capture","id":27302,"quantity":1,"price":0},{"name":"Eldritch ashes","id":27223,"quantity":1,"price":0}],"date":"Oct 24, 2024, 11:26:55 PM"}
{"name":"Akkha","level":337,"killCount":-1,"type":"NPC","drops":[{"name":"Het\u0027s capture","id":27302,"quantity":1,"price":0}],"date":"Oct 25, 2024, 12:12:45 AM"}
{"name":"Akkha","level":337,"killCount":-1,"type":"NPC","drops":[{"name":"Het\u0027s capture","id":27302,"quantity":1,"price":0},{"name":"Eldritch ashes","id":27223,"quantity":1,"price":0}],"date":"Oct 25, 2024, 11:43:58 PM"}
{"name":"Akkha","level":337,"killCount":-1,"type":"NPC","drops":[{"name":"Het\u0027s capture","id":27302,"quantity":1,"price":0},{"name":"Eldritch ashes","id":27223,"quantity":1,"price":0}],"date":"Oct 26, 2024, 12:55:53 AM"}
{"name":"Akkha","level":337,"killCount":-1,"type":"NPC","drops":[{"name":"Het\u0027s capture","id":27302,"quantity":1,"price":0}],"date":"Oct 26, 2024, 2:36:27 PM"}
{"name":"Akkha","level":337,"killCount":-1,"type":"NPC","drops":[{"name":"Het\u0027s capture","id":27302,"quantity":1,"price":0}],"date":"Oct 26, 2024, 3:21:27 PM"}
{"name":"Akkha","level":337,"killCount":-1,"type":"NPC","drops":[{"name":"Het\u0027s capture","id":27302,"quantity":1,"price":0}],"date":"Oct 26, 2024, 4:05:33 PM"}
{"name":"Akkha","level":337,"killCount":-1,"type":"NPC","drops":[{"name":"Het\u0027s capture","id":27302,"quantity":1,"price":0},{"name":"Eldritch ashes","id":27223,"quantity":1,"price":0}],"date":"Oct 26, 2024, 4:54:25 PM"}
{"name":"Akkha","level":337,"killCount":-1,"type":"NPC","drops":[{"name":"Het\u0027s capture","id":27302,"quantity":1,"price":0},{"name":"Eldritch ashes","id":27223,"quantity":1,"price":0}],"date":"Oct 26, 2024, 6:05:09 PM"}
{"name":"Akkha","level":337,"killCount":-1,"type":"NPC","drops":[{"name":"Het\u0027s capture","id":27302,"quantity":1,"price":0},{"name":"Eldritch ashes","id":27223,"quantity":1,"price":0}],"date":"Oct 26, 2024, 6:57:02 PM"}
{"name":"Akkha","level":337,"killCount":-1,"type":"NPC","drops":[{"name":"Het\u0027s capture","id":27302,"quantity":1,"price":0},{"name":"Eldritch ashes","id":27223,"quantity":1,"price":0}],"date":"Oct 27, 2024, 11:08:02 PM"}
{"name":"Akkha","level":337,"killCount":-1,"type":"NPC","drops":[{"name":"Het\u0027s capture","id":27302,"quantity":1,"price":0},{"name":"Eldritch ashes","id":27223,"quantity":1,"price":0}],"date":"Oct 27, 2024, 11:55:59 PM"}
{"name":"Akkha","level":337,"killCount":-1,"type":"NPC","drops":[{"name":"Het\u0027s capture","id":27302,"quantity":1,"price":0},{"name":"Eldritch ashes","id":27223,"quantity":1,"price":0}],"date":"Oct 28, 2024, 12:39:59 AM"}
{"name":"Akkha","level":337,"killCount":-1,"type":"NPC","drops":[{"name":"Het\u0027s capture","id":27302,"quantity":1,"price":0},{"name":"Eldritch ashes","id":27223,"quantity":1,"price":0}],"date":"Oct 28, 2024, 10:01:48 PM"}
{"name":"Akkha","level":337,"killCount":-1,"type":"NPC","drops":[{"name":"Het\u0027s capture","id":27302,"quantity":1,"price":0},{"name":"Eldritch ashes","id":27223,"quantity":1,"price":0}],"date":"Oct 28, 2024, 10:46:35 PM"}
{"name":"Akkha","level":337,"killCount":-1,"type":"NPC","drops":[{"name":"Het\u0027s capture","id":27302,"quantity":1,"price":0},{"name":"Eldritch ashes","id":27223,"quantity":1,"price":0}],"date":"Oct 29, 2024, 10:34:23 PM"}
{"name":"Akkha","level":337,"killCount":-1,"type":"NPC","drops":[{"name":"Het\u0027s capture","id":27302,"quantity":1,"price":0},{"name":"Eldritch ashes","id":27223,"quantity":1,"price":0}],"date":"Oct 29, 2024, 11:15:51 PM"}
{"name":"Akkha","level":337,"killCount":-1,"type":"NPC","drops":[{"name":"Het\u0027s capture","id":27302,"quantity":1,"price":0}],"date":"Nov 1, 2024, 9:35:37 PM"}
{"name":"Akkha","level":337,"killCount":-1,"type":"NPC","drops":[{"name":"Het\u0027s capture","id":27302,"quantity":1,"price":0}],"date":"Nov 1, 2024, 10:08:52 PM"}
{"name":"Akkha","level":337,"killCount":-1,"type":"NPC","drops":[{"name":"Het\u0027s capture","id":27302,"quantity":1,"price":0}],"date":"Nov 1, 2024, 10:44:46 PM"}
{"name":"Akkha","level":337,"killCount":-1,"type":"NPC","drops":[{"name":"Het\u0027s capture","id":27302,"quantity":1,"price":0},{"name":"Eldritch ashes","id":27223,"quantity":1,"price":0}],"date":"Nov 2, 2024, 11:34:24 AM"}
{"name":"Akkha","level":337,"killCount":-1,"type":"NPC","drops":[{"name":"Het\u0027s capture","id":27302,"quantity":1,"price":0},{"name":"Eldritch ashes","id":27223,"quantity":1,"price":0}],"date":"Nov 2, 2024, 12:19:00 PM"}
{"name":"Akkha","level":337,"killCount":-1,"type":"NPC","drops":[{"name":"Het\u0027s capture","id":27302,"quantity":1,"price":0}],"date":"Nov 2, 2024, 9:14:45 PM"}
{"name":"Akkha","level":337,"killCount":-1,"type":"NPC","drops":[{"name":"Het\u0027s capture","id":27302,"quantity":1,"price":0},{"name":"Eldritch ashes","id":27223,"quantity":1,"price":0}],"date":"Nov 3, 2024, 12:47:48 AM"}
{"name":"Akkha","level":337,"killCount":-1,"type":"NPC","drops":[{"name":"Het\u0027s capture","id":27302,"quantity":1,"price":0},{"name":"Eldritch ashes","id":27223,"quantity":1,"price":0}],"date":"Nov 3, 2024, 1:31:38 AM"}
{"name":"Akkha","level":337,"killCount":-1,"type":"NPC","drops":[{"name":"Het\u0027s capture","id":27302,"quantity":1,"price":0},{"name":"Eldritch ashes","id":27223,"quantity":1,"price":0}],"date":"Nov 3, 2024, 11:53:08 AM"}
{"name":"Akkha","level":337,"killCount":-1,"type":"NPC","drops":[{"name":"Het\u0027s capture","id":27302,"quantity":1,"price":0},{"name":"Eldritch ashes","id":27223,"quantity":1,"price":0}],"date":"Nov 3, 2024, 12:38:08 PM"}
{"name":"Akkha","level":337,"killCount":-1,"type":"NPC","drops":[{"name":"Het\u0027s capture","id":27302,"quantity":1,"price":0},{"name":"Eldritch ashes","id":27223,"quantity":1,"price":0}],"date":"Nov 3, 2024, 9:37:27 PM"}
{"name":"Akkha","level":337,"killCount":-1,"type":"NPC","drops":[{"name":"Het\u0027s capture","id":27302,"quantity":1,"price":0},{"name":"Eldritch ashes","id":27223,"quantity":1,"price":0}],"date":"Nov 4, 2024, 9:49:17 PM"}
{"name":"Akkha","level":337,"killCount":-1,"type":"NPC","drops":[{"name":"Het\u0027s capture","id":27302,"quantity":1,"price":0},{"name":"Eldritch ashes","id":27223,"quantity":1,"price":0}],"date":"Nov 5, 2024, 7:43:47 AM"}
{"name":"Akkha","level":337,"killCount":-1,"type":"NPC","drops":[{"name":"Het\u0027s capture","id":27302,"quantity":1,"price":0},{"name":"Eldritch ashes","id":27223,"quantity":1,"price":0}],"date":"Nov 5, 2024, 10:19:32 AM"}
{"name":"Akkha","level":337,"killCount":-1,"type":"NPC","drops":[{"name":"Het\u0027s capture","id":27302,"quantity":1,"price":0},{"name":"Eldritch ashes","id":27223,"quantity":1,"price":0}],"date":"Nov 8, 2024, 4:59:58 PM"}
{"name":"Akkha","level":337,"killCount":-1,"type":"NPC","drops":[{"name":"Het\u0027s capture","id":27302,"quantity":1,"price":0},{"name":"Eldritch ashes","id":27223,"quantity":1,"price":0}],"date":"Nov 8, 2024, 6:06:25 PM"}
{"name":"Akkha","level":337,"killCount":-1,"type":"NPC","drops":[{"name":"Het\u0027s capture","id":27302,"quantity":1,"price":0},{"name":"Eldritch ashes","id":27223,"quantity":1,"price":0}],"date":"Nov 8, 2024, 6:43:07 PM"}
{"name":"Akkha","level":337,"killCount":-1,"type":"NPC","drops":[{"name":"Het\u0027s capture","id":27302,"quantity":1,"price":0},{"name":"Eldritch ashes","id":27223,"quantity":1,"price":0}],"date":"Nov 8, 2024, 9:14:50 PM"}
{"name":"Akkha","level":337,"killCount":-1,"type":"NPC","drops":[{"name":"Het\u0027s capture","id":27302,"quantity":1,"price":0},{"name":"Eldritch ashes","id":27223,"quantity":1,"price":0}],"date":"Nov 8, 2024, 9:57:19 PM"}
{"name":"Akkha","level":337,"killCount":-1,"type":"NPC","drops":[{"name":"Het\u0027s capture","id":27302,"quantity":1,"price":0},{"name":"Eldritch ashes","id":27223,"quantity":1,"price":0}],"date":"Nov 8, 2024, 10:41:50 PM"}
{"name":"Akkha","level":337,"killCount":-1,"type":"NPC","drops":[{"name":"Het\u0027s capture","id":27302,"quantity":1,"price":0},{"name":"Eldritch ashes","id":27223,"quantity":1,"price":0}],"date":"Nov 9, 2024, 5:09:13 PM"}
{"name":"Akkha","level":337,"killCount":-1,"type":"NPC","drops":[{"name":"Het\u0027s capture","id":27302,"quantity":1,"price":0},{"name":"Eldritch ashes","id":27223,"quantity":1,"price":0}],"date":"Nov 9, 2024, 5:56:11 PM"}
{"name":"Akkha","level":337,"killCount":-1,"type":"NPC","drops":[{"name":"Het\u0027s capture","id":27302,"quantity":1,"price":0},{"name":"Eldritch ashes","id":27223,"quantity":1,"price":0}],"date":"Nov 9, 2024, 11:40:20 PM"}
{"name":"Akkha","level":337,"killCount":-1,"type":"NPC","drops":[{"name":"Het\u0027s capture","id":27302,"quantity":1,"price":0},{"name":"Eldritch ashes","id":27223,"quantity":1,"price":0}],"date":"Nov 16, 2024, 12:53:13 PM"}
{"name":"Akkha","level":337,"killCount":-1,"type":"NPC","drops":[{"name":"Het\u0027s capture","id":27302,"quantity":1,"price":0},{"name":"Eldritch ashes","id":27223,"quantity":1,"price":0}],"date":"Nov 16, 2024, 9:31:02 PM"}
{"name":"Akkha","level":337,"killCount":-1,"type":"NPC","drops":[{"name":"Het\u0027s capture","id":27302,"quantity":1,"price":0},{"name":"Eldritch ashes","id":27223,"quantity":1,"price":0}],"date":"Nov 16, 2024, 10:11:54 PM"}
{"name":"Akkha","level":337,"killCount":-1,"type":"NPC","drops":[{"name":"Het\u0027s capture","id":27302,"quantity":1,"price":0},{"name":"Eldritch ashes","id":27223,"quantity":1,"price":0}],"date":"Nov 16, 2024, 10:58:48 PM"}
{"name":"Akkha","level":337,"killCount":-1,"type":"NPC","drops":[{"name":"Het\u0027s capture","id":27302,"quantity":1,"price":0},{"name":"Eldritch ashes","id":27223,"quantity":1,"price":0}],"date":"Nov 16, 2024, 11:41:13 PM"}
{"name":"Akkha","level":337,"killCount":-1,"type":"NPC","drops":[{"name":"Het\u0027s capture","id":27302,"quantity":1,"price":0},{"name":"Eldritch ashes","id":27223,"quantity":1,"price":0}],"date":"Nov 17, 2024, 12:34:13 AM"}
{"name":"Akkha","level":337,"killCount":-1,"type":"NPC","drops":[{"name":"Het\u0027s capture","id":27302,"quantity":1,"price":0},{"name":"Eldritch ashes","id":27223,"quantity":1,"price":0}],"date":"Nov 17, 2024, 10:47:13 PM"}
{"name":"Akkha","level":337,"killCount":-1,"type":"NPC","drops":[{"name":"Het\u0027s capture","id":27302,"quantity":1,"price":0},{"name":"Eldritch ashes","id":27223,"quantity":1,"price":0}],"date":"Nov 17, 2024, 11:43:10 PM"}
{"name":"Akkha","level":337,"killCount":-1,"type":"NPC","drops":[{"name":"Het\u0027s capture","id":27302,"quantity":1,"price":0},{"name":"Eldritch ashes","id":27223,"quantity":1,"price":0}],"date":"Nov 21, 2024, 7:03:13 PM"}
{"name":"Akkha","level":337,"killCount":-1,"type":"NPC","drops":[{"name":"Het\u0027s capture","id":27302,"quantity":1,"price":0},{"name":"Eldritch ashes","id":27223,"quantity":1,"price":0}],"date":"Nov 21, 2024, 10:11:31 PM"}
{"name":"Akkha","level":337,"killCount":-1,"type":"NPC","drops":[{"name":"Het\u0027s capture","id":27302,"quantity":1,"price":0},{"name":"Eldritch ashes","id":27223,"quantity":1,"price":0}],"date":"Nov 21, 2024, 11:17:08 PM"}
{"name":"Akkha","level":337,"killCount":-1,"type":"NPC","drops":[{"name":"Het\u0027s capture","id":27302,"quantity":1,"price":0}],"date":"Feb 14, 2025, 11:35:00 PM"}
{"name":"Akkha","level":337,"killCount":-1,"type":"NPC","drops":[{"name":"Het\u0027s capture","id":27302,"quantity":1,"price":0},{"name":"Eldritch ashes","id":27223,"quantity":1,"price":0}],"date":"Feb 15, 2025, 1:02:06 AM"}
{"name":"Akkha","level":337,"killCount":-1,"type":"NPC","drops":[{"name":"Het\u0027s capture","id":27302,"quantity":1,"price":0},{"name":"Eldritch ashes","id":27223,"quantity":1,"price":0}],"date":"Feb 15, 2025, 1:02:03 PM"}
{"name":"Akkha","level":337,"killCount":-1,"type":"NPC","drops":[{"name":"Het\u0027s capture","id":27302,"quantity":1,"price":0},{"name":"Eldritch ashes","id":27223,"quantity":1,"price":0}],"date":"Feb 15, 2025, 1:48:27 PM"}
{"name":"Akkha","level":337,"killCount":-1,"type":"NPC","drops":[{"name":"Het\u0027s capture","id":27302,"quantity":1,"price":0},{"name":"Eldritch ashes","id":27223,"quantity":1,"price":0}],"date":"Feb 15, 2025, 2:26:13 PM"}
{"name":"Akkha","level":337,"killCount":-1,"type":"NPC","drops":[{"name":"Het\u0027s capture","id":27302,"quantity":1,"price":0},{"name":"Eldritch ashes","id":27223,"quantity":1,"price":0}],"date":"Feb 16, 2025, 1:22:36 PM"}
{"name":"Akkha","level":337,"killCount":-1,"type":"NPC","drops":[{"name":"Het\u0027s capture","id":27302,"quantity":1,"price":0},{"name":"Eldritch ashes","id":27223,"quantity":1,"price":0}],"date":"Feb 16, 2025, 11:54:06 PM"}
{"name":"Akkha","level":337,"killCount":-1,"type":"NPC","drops":[{"name":"Het\u0027s capture","id":27302,"quantity":1,"price":0},{"name":"Eldritch ashes","id":27223,"quantity":1,"price":0}],"date":"Feb 17, 2025, 1:16:34 PM"}
