{"name":"Ammonite Crab","level":25,"killCount":-1,"type":"NPC","drops":[{"name":"Numulite","id":21555,"quantity":16,"price":32}],"date":"Jun 21, 2022, 6:33:47 PM"}
{"name":"Ammonite Crab","level":25,"killCount":-1,"type":"NPC","drops":[{"name":"Numulite","id":21555,"quantity":21,"price":24},{"name":"Adamant dart","id":810,"quantity":2,"price":26}],"date":"Sep 28, 2022, 12:51:18 PM"}
{"name":"Ammonite Crab","level":25,"killCount":-1,"type":"NPC","drops":[{"name":"Oyster","id":407,"quantity":1,"price":73},{"name":"Edible seaweed","id":403,"quantity":1,"price":70}],"date":"Sep 28, 2022, 1:46:06 PM"}
{"name":"Ammonite Crab","level":25,"killCount":-1,"type":"NPC","drops":[{"name":"Fishing bait","id":313,"quantity":10,"price":4}],"date":"Oct 3, 2022, 10:13:26 AM"}
{"name":"Ammonite Crab","level":25,"killCount":-1,"type":"NPC","drops":[{"name":"Empty oyster","id":409,"quantity":1,"price":0},{"name":"Empty oyster","id":409,"quantity":1,"price":0},{"name":"Empty oyster","id":409,"quantity":1,"price":0}],"date":"Oct 3, 2022, 2:40:02 PM"}
{"name":"Ammonite Crab","level":25,"killCount":-1,"type":"NPC","drops":[{"name":"Numulite","id":21555,"quantity":12,"price":25}],"date":"Oct 4, 2022, 12:16:07 PM"}
{"name":"Ammonite Crab","level":25,"killCount":-1,"type":"NPC","drops":[{"name":"Seaweed","id":401,"quantity":1,"price":29},{"name":"Seaweed","id":401,"quantity":1,"price":29}],"date":"Dec 13, 2022, 9:05:36 AM"}
{"name":"Ammonite Crab","level":25,"killCount":-1,"type":"NPC","drops":[{"name":"Adamant bolts","id":9143,"quantity":2,"price":163}],"date":"Feb 9, 2023, 10:45:36 AM"}
{"name":"Ammonite Crab","level":25,"killCount":-1,"type":"NPC","drops":[{"name":"Oyster","id":407,"quantity":1,"price":69},{"name":"Oyster","id":407,"quantity":1,"price":69}],"date":"Feb 9, 2023, 11:34:10 AM"}
{"name":"Ammonite Crab","level":25,"killCount":-1,"type":"NPC","drops":[{"name":"Numulite","id":21555,"quantity":4,"price":23}],"date":"Mar 11, 2023, 1:20:35 PM"}
{"name":"Ammonite Crab","level":25,"killCount":-1,"type":"NPC","drops":[{"name":"Numulite","id":21555,"quantity":4,"price":24},{"name":"Edible seaweed","id":403,"quantity":1,"price":39}],"date":"Mar 16, 2023, 4:07:55 PM"}
{"name":"Ammonite Crab","level":25,"killCount":-1,"type":"NPC","drops":[{"name":"Iron pickaxe","id":1267,"quantity":1,"price":189}],"date":"Mar 16, 2023, 5:08:06 PM"}
{"name":"Ammonite Crab","level":25,"killCount":-1,"type":"NPC","drops":[{"name":"Numulite","id":21555,"quantity":8,"price":24}],"date":"Mar 16, 2023, 7:55:27 PM"}
{"name":"Ammonite Crab","level":25,"killCount":-1,"type":"NPC","drops":[{"name":"Numulite","id":21555,"quantity":4,"price":24}],"date":"Mar 26, 2023, 11:45:20 AM"}
{"name":"Ammonite Crab","level":25,"killCount":-1,"type":"NPC","drops":[{"name":"Seaweed","id":401,"quantity":1,"price":12}],"date":"Mar 26, 2023, 3:14:00 PM"}
{"name":"Ammonite Crab","level":25,"killCount":-1,"type":"NPC","drops":[{"name":"Numulite","id":21555,"quantity":6,"price":28}],"date":"Apr 19, 2023, 9:29:56 AM"}
{"name":"Ammonite Crab","level":25,"killCount":-1,"type":"NPC","drops":[{"name":"Numulite","id":21555,"quantity":8,"price":28}],"date":"Apr 20, 2023, 11:54:09 AM"}
{"name":"Ammonite Crab","level":25,"killCount":-1,"type":"NPC","drops":[{"name":"Iron pickaxe","id":1267,"quantity":1,"price":238}],"date":"Apr 21, 2023, 12:25:09 PM"}
{"name":"Ammonite Crab","level":25,"killCount":-1,"type":"NPC","drops":[{"name":"Rune arrow","id":892,"quantity":2,"price":79},{"name":"Numulite","id":21555,"quantity":4,"price":28}],"date":"Apr 21, 2023, 12:32:00 PM"}
{"name":"Ammonite Crab","level":25,"killCount":-1,"type":"NPC","drops":[{"name":"Numulite","id":21555,"quantity":23,"price":28},{"name":"Oyster","id":407,"quantity":1,"price":85},{"name":"Oyster","id":407,"quantity":1,"price":85}],"date":"Apr 21, 2023, 12:38:25 PM"}
{"name":"Ammonite Crab","level":25,"killCount":-1,"type":"NPC","drops":[{"name":"Seaweed","id":401,"quantity":1,"price":15},{"name":"Seaweed","id":401,"quantity":1,"price":15}],"date":"Apr 23, 2023, 11:24:43 AM"}
