{"name":"Amoxliatl","level":263,"killCount":1,"type":"NPC","drops":[{"name":"Frozen tear","id":29895,"quantity":9,"price":142},{"name":"Rune platelegs","id":1079,"quantity":1,"price":37896},{"name":"Blood rune","id":565,"quantity":22,"price":239}],"date":"Jan 7, 2025, 11:33:45 AM"}
{"name":"Amoxliatl","level":263,"killCount":2,"type":"NPC","drops":[{"name":"Frozen tear","id":29895,"quantity":11,"price":143},{"name":"Gold ore","id":445,"quantity":22,"price":154},{"name":"Water talisman","id":1444,"quantity":1,"price":169}],"date":"Jan 8, 2025, 10:21:51 AM"}
{"name":"Amoxliatl","level":263,"killCount":3,"type":"NPC","drops":[{"name":"Frozen tear","id":29895,"quantity":3,"price":143},{"name":"Water orb","id":572,"quantity":33,"price":721}],"date":"Jan 8, 2025, 10:23:00 AM"}
{"name":"Amoxliatl","level":263,"killCount":4,"type":"NPC","drops":[{"name":"Frozen tear","id":29895,"quantity":6,"price":143},{"name":"Rune pickaxe","id":1275,"quantity":1,"price":18675},{"name":"Uncut sapphire","id":1623,"quantity":1,"price":256}],"date":"Jan 8, 2025, 10:24:30 AM"}
{"name":"Amoxliatl","level":263,"killCount":5,"type":"NPC","drops":[{"name":"Frozen tear","id":29895,"quantity":3,"price":143},{"name":"Coal","id":454,"quantity":24,"price":160},{"name":"Chaos rune","id":562,"quantity":41,"price":88}],"date":"Jan 8, 2025, 10:25:47 AM"}
{"name":"Amoxliatl","level":263,"killCount":6,"type":"NPC","drops":[{"name":"Frozen tear","id":29895,"quantity":9,"price":143},{"name":"Gold ore","id":445,"quantity":20,"price":154},{"name":"Rune mace","id":1432,"quantity":1,"price":8225}],"date":"Jan 8, 2025, 10:30:42 AM"}
{"name":"Amoxliatl","level":263,"killCount":7,"type":"NPC","drops":[{"name":"Frozen tear","id":29895,"quantity":6,"price":143},{"name":"Blood rune","id":565,"quantity":27,"price":236},{"name":"Rune mace","id":1432,"quantity":1,"price":8225}],"date":"Jan 8, 2025, 10:35:00 AM"}
{"name":"Amoxliatl","level":263,"killCount":8,"type":"NPC","drops":[{"name":"Frozen tear","id":29895,"quantity":13,"price":143},{"name":"Blessed bone shards","id":29381,"quantity":70,"price":0},{"name":"Water talisman","id":1444,"quantity":1,"price":169}],"date":"Jan 8, 2025, 10:36:19 AM"}
{"name":"Amoxliatl","level":263,"killCount":9,"type":"NPC","drops":[{"name":"Frozen tear","id":29895,"quantity":4,"price":143},{"name":"Rune mace","id":1432,"quantity":1,"price":8225},{"name":"Water rune","id":555,"quantity":277,"price":5}],"date":"Jan 8, 2025, 10:38:02 AM"}
{"name":"Amoxliatl","level":263,"killCount":10,"type":"NPC","drops":[{"name":"Frozen tear","id":29895,"quantity":2,"price":143},{"name":"Chaos rune","id":562,"quantity":41,"price":88},{"name":"Death rune","id":560,"quantity":34,"price":156}],"date":"Jan 8, 2025, 10:39:25 AM"}
{"name":"Amoxliatl","level":263,"killCount":11,"type":"NPC","drops":[{"name":"Frozen tear","id":29895,"quantity":12,"price":143},{"name":"Soul rune","id":566,"quantity":18,"price":166},{"name":"Prayer potion(3)","id":139,"quantity":1,"price":6460}],"date":"Jan 8, 2025, 10:40:50 AM"}
{"name":"Amoxliatl","level":263,"killCount":12,"type":"NPC","drops":[{"name":"Frozen tear","id":29895,"quantity":5,"price":143},{"name":"Blessed bone shards","id":29381,"quantity":70,"price":0},{"name":"Death rune","id":560,"quantity":33,"price":156}],"date":"Jan 8, 2025, 10:42:16 AM"}
{"name":"Amoxliatl","level":263,"killCount":13,"type":"NPC","drops":[{"name":"Frozen tear","id":29895,"quantity":3,"price":143},{"name":"Rune platebody","id":1127,"quantity":1,"price":38529},{"name":"Coal","id":454,"quantity":21,"price":160}],"date":"Jan 8, 2025, 10:43:35 AM"}
{"name":"Amoxliatl","level":263,"killCount":14,"type":"NPC","drops":[{"name":"Frozen tear","id":29895,"quantity":4,"price":143},{"name":"Prayer potion(3)","id":139,"quantity":1,"price":6460},{"name":"Soul rune","id":566,"quantity":28,"price":166}],"date":"Jan 8, 2025, 10:44:54 AM"}
{"name":"Amoxliatl","level":263,"killCount":15,"type":"NPC","drops":[{"name":"Frozen tear","id":29895,"quantity":3,"price":143},{"name":"Water rune","id":555,"quantity":310,"price":5},{"name":"Prayer potion(3)","id":139,"quantity":1,"price":6460}],"date":"Jan 8, 2025, 10:46:18 AM"}
{"name":"Amoxliatl","level":263,"killCount":16,"type":"NPC","drops":[{"name":"Pendant of ates (inert)","id":29892,"quantity":1,"price":0},{"name":"Frozen tear","id":29895,"quantity":6,"price":143},{"name":"Prayer potion(3)","id":139,"quantity":1,"price":6460},{"name":"Water rune","id":555,"quantity":288,"price":5}],"date":"Jan 8, 2025, 10:47:38 AM"}
{"name":"Amoxliatl","level":263,"killCount":17,"type":"NPC","drops":[{"name":"Frozen tear","id":29895,"quantity":4,"price":143},{"name":"Soul rune","id":566,"quantity":20,"price":166},{"name":"Coal","id":454,"quantity":28,"price":160}],"date":"Jan 8, 2025, 10:49:02 AM"}
{"name":"Amoxliatl","level":263,"killCount":18,"type":"NPC","drops":[{"name":"Frozen tear","id":29895,"quantity":2,"price":143},{"name":"Coal","id":454,"quantity":20,"price":160},{"name":"Chaos rune","id":562,"quantity":36,"price":88}],"date":"Jan 8, 2025, 10:50:35 AM"}
{"name":"Amoxliatl","level":263,"killCount":19,"type":"NPC","drops":[{"name":"Frozen tear","id":29895,"quantity":5,"price":143},{"name":"Coal","id":454,"quantity":24,"price":160},{"name":"Soul rune","id":566,"quantity":27,"price":166}],"date":"Jan 8, 2025, 10:51:57 AM"}
{"name":"Amoxliatl","level":263,"killCount":20,"type":"NPC","drops":[{"name":"Frozen tear","id":29895,"quantity":10,"price":143},{"name":"Adamantite ore","id":450,"quantity":5,"price":1032},{"name":"Chaos rune","id":562,"quantity":34,"price":88}],"date":"Jan 8, 2025, 10:53:14 AM"}
{"name":"Amoxliatl","level":263,"killCount":21,"type":"NPC","drops":[{"name":"Pendant of ates (inert)","id":29892,"quantity":1,"price":0},{"name":"Frozen tear","id":29895,"quantity":6,"price":143},{"name":"Water rune","id":555,"quantity":307,"price":5},{"name":"Coal","id":454,"quantity":20,"price":160}],"date":"Jan 8, 2025, 10:54:42 AM"}
{"name":"Amoxliatl","level":263,"killCount":22,"type":"NPC","drops":[{"name":"Frozen tear","id":29895,"quantity":7,"price":143},{"name":"Coal","id":454,"quantity":24,"price":160},{"name":"Loop half of key","id":987,"quantity":1,"price":11208}],"date":"Jan 8, 2025, 10:56:15 AM"}
{"name":"Amoxliatl","level":263,"killCount":23,"type":"NPC","drops":[{"name":"Frozen tear","id":29895,"quantity":2,"price":143},{"name":"Water rune","id":555,"quantity":353,"price":5},{"name":"Blood rune","id":565,"quantity":18,"price":236}],"date":"Jan 8, 2025, 10:57:39 AM"}
{"name":"Amoxliatl","level":263,"killCount":24,"type":"NPC","drops":[{"name":"Frozen tear","id":29895,"quantity":12,"price":143},{"name":"Adamantite ore","id":450,"quantity":8,"price":1032},{"name":"Water orb","id":572,"quantity":11,"price":721}],"date":"Jan 8, 2025, 11:09:49 AM"}
{"name":"Amoxliatl","level":263,"killCount":25,"type":"NPC","drops":[{"name":"Frozen tear","id":29895,"quantity":4,"price":143},{"name":"Rune platebody","id":1127,"quantity":1,"price":38529},{"name":"Chaos rune","id":562,"quantity":37,"price":88}],"date":"Jan 8, 2025, 11:11:05 AM"}
{"name":"Amoxliatl","level":263,"killCount":26,"type":"NPC","drops":[{"name":"Frozen tear","id":29895,"quantity":2,"price":143},{"name":"Water orb","id":572,"quantity":10,"price":721},{"name":"Water talisman","id":1444,"quantity":1,"price":169}],"date":"Jan 8, 2025, 11:12:35 AM"}
{"name":"Amoxliatl","level":263,"killCount":27,"type":"NPC","drops":[{"name":"Frozen tear","id":29895,"quantity":3,"price":143},{"name":"Water talisman","id":1444,"quantity":1,"price":169},{"name":"Water rune","id":555,"quantity":306,"price":5}],"date":"Jan 8, 2025, 11:14:43 AM"}
{"name":"Amoxliatl","level":263,"killCount":28,"type":"NPC","drops":[{"name":"Frozen tear","id":29895,"quantity":3,"price":143},{"name":"Blood rune","id":565,"quantity":28,"price":236},{"name":"Blessed bone shards","id":29381,"quantity":61,"price":0}],"date":"Jan 8, 2025, 11:16:02 AM"}
{"name":"Amoxliatl","level":263,"killCount":29,"type":"NPC","drops":[{"name":"Frozen tear","id":29895,"quantity":3,"price":143},{"name":"Water orb","id":572,"quantity":16,"price":721},{"name":"Blood rune","id":565,"quantity":28,"price":236}],"date":"Jan 8, 2025, 11:17:24 AM"}
{"name":"Amoxliatl","level":263,"killCount":30,"type":"NPC","drops":[{"name":"Frozen tear","id":29895,"quantity":6,"price":143},{"name":"Gold ore","id":445,"quantity":21,"price":154},{"name":"Soul rune","id":566,"quantity":27,"price":166}],"date":"Jan 8, 2025, 11:18:46 AM"}
{"name":"Amoxliatl","level":263,"killCount":31,"type":"NPC","drops":[{"name":"Frozen tear","id":29895,"quantity":2,"price":143},{"name":"Chaos rune","id":562,"quantity":31,"price":88},{"name":"Blood rune","id":565,"quantity":26,"price":236}],"date":"Jan 8, 2025, 11:20:20 AM"}
{"name":"Amoxliatl","level":263,"killCount":32,"type":"NPC","drops":[{"name":"Frozen tear","id":29895,"quantity":3,"price":143},{"name":"Rune mace","id":1432,"quantity":1,"price":8225},{"name":"Nature rune","id":561,"quantity":35,"price":98}],"date":"Jan 8, 2025, 11:21:42 AM"}
{"name":"Amoxliatl","level":263,"killCount":33,"type":"NPC","drops":[{"name":"Clue scroll (elite)","id":12125,"quantity":1,"price":0},{"name":"Frozen tear","id":29895,"quantity":11,"price":143},{"name":"Rune mace","id":1432,"quantity":1,"price":8225},{"name":"Rune platelegs","id":1079,"quantity":1,"price":37635}],"date":"Jan 8, 2025, 11:23:10 AM"}
{"name":"Amoxliatl","level":263,"killCount":34,"type":"NPC","drops":[{"name":"Pendant of ates (inert)","id":29892,"quantity":1,"price":0},{"name":"Frozen tear","id":29895,"quantity":7,"price":143},{"name":"Uncut sapphire","id":1623,"quantity":1,"price":256},{"name":"Blood rune","id":565,"quantity":28,"price":236}],"date":"Jan 8, 2025, 11:24:36 AM"}
{"name":"Amoxliatl","level":263,"killCount":35,"type":"NPC","drops":[{"name":"Frozen tear","id":29895,"quantity":2,"price":143},{"name":"Death rune","id":560,"quantity":39,"price":156}],"date":"Jan 8, 2025, 11:25:58 AM"}
{"name":"Amoxliatl","level":263,"killCount":36,"type":"NPC","drops":[{"name":"Frozen tear","id":29895,"quantity":5,"price":143},{"name":"Death rune","id":560,"quantity":35,"price":156},{"name":"Rune mace","id":1432,"quantity":1,"price":8225}],"date":"Jan 8, 2025, 11:27:23 AM"}
{"name":"Amoxliatl","level":263,"killCount":37,"type":"NPC","drops":[{"name":"Frozen tear","id":29895,"quantity":3,"price":143},{"name":"Soul rune","id":566,"quantity":28,"price":166},{"name":"Water rune","id":555,"quantity":342,"price":5}],"date":"Jan 8, 2025, 11:28:36 AM"}
{"name":"Amoxliatl","level":263,"killCount":38,"type":"NPC","drops":[{"name":"Frozen tear","id":29895,"quantity":19,"price":143},{"name":"Adamantite ore","id":450,"quantity":5,"price":1032},{"name":"Nature rune","id":561,"quantity":58,"price":98}],"date":"Jan 8, 2025, 11:30:09 AM"}
{"name":"Amoxliatl","level":263,"killCount":39,"type":"NPC","drops":[{"name":"Frozen tear","id":29895,"quantity":3,"price":143},{"name":"Death rune","id":560,"quantity":20,"price":156},{"name":"Water orb","id":572,"quantity":17,"price":721}],"date":"Jan 8, 2025, 11:31:53 AM"}
{"name":"Amoxliatl","level":263,"killCount":40,"type":"NPC","drops":[{"name":"Frozen tear","id":29895,"quantity":4,"price":143},{"name":"Water rune","id":555,"quantity":239,"price":5},{"name":"Death rune","id":560,"quantity":33,"price":156}],"date":"Jan 8, 2025, 11:33:31 AM"}
{"name":"Amoxliatl","level":263,"killCount":41,"type":"NPC","drops":[{"name":"Frozen tear","id":29895,"quantity":16,"price":143},{"name":"Prayer potion(3)","id":139,"quantity":1,"price":6460},{"name":"Adamantite ore","id":450,"quantity":10,"price":1032}],"date":"Jan 8, 2025, 11:35:09 AM"}
{"name":"Amoxliatl","level":263,"killCount":42,"type":"NPC","drops":[{"name":"Frozen tear","id":29895,"quantity":8,"price":143},{"name":"Chaos rune","id":562,"quantity":39,"price":88},{"name":"Blessed bone shards","id":29381,"quantity":97,"price":0}],"date":"Jan 8, 2025, 11:36:47 AM"}
{"name":"Amoxliatl","level":263,"killCount":43,"type":"NPC","drops":[{"name":"Frozen tear","id":29895,"quantity":4,"price":143},{"name":"Water rune","id":555,"quantity":335,"price":5},{"name":"Prayer potion(3)","id":139,"quantity":1,"price":6460}],"date":"Jan 8, 2025, 11:38:21 AM"}
{"name":"Amoxliatl","level":263,"killCount":44,"type":"NPC","drops":[{"name":"Frozen tear","id":29895,"quantity":10,"price":143},{"name":"Rune platelegs","id":1079,"quantity":1,"price":37635},{"name":"Blessed bone shards","id":29381,"quantity":76,"price":0}],"date":"Jan 8, 2025, 11:39:52 AM"}
{"name":"Amoxliatl","level":263,"killCount":45,"type":"NPC","drops":[{"name":"Frozen tear","id":29895,"quantity":8,"price":143},{"name":"Gold ore","id":445,"quantity":51,"price":154}],"date":"Jan 8, 2025, 11:41:11 AM"}
{"name":"Amoxliatl","level":263,"killCount":46,"type":"NPC","drops":[{"name":"Frozen tear","id":29895,"quantity":5,"price":143},{"name":"Prayer potion(3)","id":139,"quantity":1,"price":6460},{"name":"Water rune","id":555,"quantity":365,"price":5}],"date":"Jan 8, 2025, 11:42:33 AM"}
{"name":"Amoxliatl","level":263,"killCount":47,"type":"NPC","drops":[{"name":"Frozen tear","id":29895,"quantity":2,"price":143},{"name":"Water orb","id":572,"quantity":16,"price":721},{"name":"Soul rune","id":566,"quantity":26,"price":166}],"date":"Jan 8, 2025, 11:44:18 AM"}
{"name":"Amoxliatl","level":263,"killCount":48,"type":"NPC","drops":[{"name":"Frozen tear","id":29895,"quantity":5,"price":143},{"name":"Nature rune","id":561,"quantity":31,"price":98},{"name":"Soul rune","id":566,"quantity":19,"price":166}],"date":"Jan 8, 2025, 11:45:40 AM"}
{"name":"Amoxliatl","level":263,"killCount":49,"type":"NPC","drops":[{"name":"Frozen tear","id":29895,"quantity":16,"price":143},{"name":"Blessed bone shards","id":29381,"quantity":81,"price":0},{"name":"Chaos rune","id":562,"quantity":60,"price":88}],"date":"Jan 8, 2025, 11:46:55 AM"}
{"name":"Amoxliatl","level":263,"killCount":50,"type":"NPC","drops":[{"name":"Frozen tear","id":29895,"quantity":3,"price":143},{"name":"Chaos rune","id":562,"quantity":33,"price":88},{"name":"Blood rune","id":565,"quantity":21,"price":236}],"date":"Jan 8, 2025, 11:48:26 AM"}
{"name":"Amoxliatl","level":263,"killCount":51,"type":"NPC","drops":[{"name":"Frozen tear","id":29895,"quantity":4,"price":143},{"name":"Blessed bone shards","id":29381,"quantity":61,"price":0},{"name":"Water talisman","id":1444,"quantity":1,"price":169}],"date":"Jan 8, 2025, 11:49:46 AM"}
{"name":"Amoxliatl","level":263,"killCount":52,"type":"NPC","drops":[{"name":"Frozen tear","id":29895,"quantity":7,"price":143},{"name":"Water orb","id":572,"quantity":16,"price":721},{"name":"Gold ore","id":445,"quantity":27,"price":154}],"date":"Jan 8, 2025, 11:51:15 AM"}
{"name":"Amoxliatl","level":263,"killCount":53,"type":"NPC","drops":[{"name":"Pendant of ates (inert)","id":29892,"quantity":1,"price":0},{"name":"Frozen tear","id":29895,"quantity":10,"price":143},{"name":"Runite ore","id":452,"quantity":1,"price":11125},{"name":"Gold ore","id":445,"quantity":27,"price":154}],"date":"Jan 8, 2025, 12:07:02 PM"}
{"name":"Amoxliatl","level":263,"killCount":54,"type":"NPC","drops":[{"name":"Pendant of ates (inert)","id":29892,"quantity":1,"price":0},{"name":"Frozen tear","id":29895,"quantity":9,"price":143},{"name":"Rune mace","id":1432,"quantity":1,"price":8225},{"name":"Adamantite ore","id":450,"quantity":9,"price":1032}],"date":"Jan 8, 2025, 12:08:14 PM"}
{"name":"Amoxliatl","level":263,"killCount":55,"type":"NPC","drops":[{"name":"Frozen tear","id":29895,"quantity":4,"price":143},{"name":"Prayer potion(3)","id":139,"quantity":1,"price":6460},{"name":"Water rune","id":555,"quantity":300,"price":5}],"date":"Jan 8, 2025, 12:09:33 PM"}
{"name":"Amoxliatl","level":263,"killCount":56,"type":"NPC","drops":[{"name":"Frozen tear","id":29895,"quantity":7,"price":143},{"name":"Blood rune","id":565,"quantity":23,"price":236},{"name":"Gold ore","id":445,"quantity":23,"price":154}],"date":"Jan 8, 2025, 12:10:44 PM"}
{"name":"Amoxliatl","level":263,"killCount":57,"type":"NPC","drops":[{"name":"Frozen tear","id":29895,"quantity":5,"price":143},{"name":"Water rune","id":555,"quantity":201,"price":5},{"name":"Runite ore","id":452,"quantity":1,"price":11125}],"date":"Jan 8, 2025, 12:11:55 PM"}
{"name":"Amoxliatl","level":263,"killCount":58,"type":"NPC","drops":[{"name":"Frozen tear","id":29895,"quantity":7,"price":143},{"name":"Blessed bone shards","id":29381,"quantity":86,"price":0},{"name":"Death rune","id":560,"quantity":40,"price":156}],"date":"Jan 8, 2025, 12:13:11 PM"}
{"name":"Amoxliatl","level":263,"killCount":59,"type":"NPC","drops":[{"name":"Frozen tear","id":29895,"quantity":7,"price":143},{"name":"Adamantite ore","id":450,"quantity":6,"price":1032},{"name":"Blood rune","id":565,"quantity":26,"price":236}],"date":"Jan 8, 2025, 12:14:35 PM"}
{"name":"Amoxliatl","level":263,"killCount":60,"type":"NPC","drops":[{"name":"Frozen tear","id":29895,"quantity":4,"price":143},{"name":"Water rune","id":555,"quantity":216,"price":5},{"name":"Chaos rune","id":562,"quantity":49,"price":88}],"date":"Jan 8, 2025, 12:16:11 PM"}
{"name":"Amoxliatl","level":263,"killCount":61,"type":"NPC","drops":[{"name":"Frozen tear","id":29895,"quantity":3,"price":143},{"name":"Adamantite ore","id":450,"quantity":5,"price":1032},{"name":"Prayer potion(3)","id":139,"quantity":1,"price":6460}],"date":"Jan 8, 2025, 12:17:34 PM"}
{"name":"Amoxliatl","level":263,"killCount":62,"type":"NPC","drops":[{"name":"Frozen tear","id":29895,"quantity":6,"price":143},{"name":"Prayer potion(3)","id":139,"quantity":1,"price":6460},{"name":"Nature talisman","id":1462,"quantity":1,"price":492}],"date":"Jan 8, 2025, 12:19:05 PM"}
{"name":"Amoxliatl","level":263,"killCount":63,"type":"NPC","drops":[{"name":"Frozen tear","id":29895,"quantity":2,"price":143},{"name":"Prayer potion(3)","id":139,"quantity":1,"price":6460}],"date":"Jan 8, 2025, 12:20:18 PM"}
{"name":"Amoxliatl","level":263,"killCount":64,"type":"NPC","drops":[{"name":"Frozen tear","id":29895,"quantity":20,"price":143},{"name":"Death rune","id":560,"quantity":39,"price":156},{"name":"Coal","id":454,"quantity":29,"price":160}],"date":"Jan 8, 2025, 12:21:47 PM"}
{"name":"Amoxliatl","level":263,"killCount":65,"type":"NPC","drops":[{"name":"Frozen tear","id":29895,"quantity":3,"price":143},{"name":"Gold ore","id":445,"quantity":27,"price":154},{"name":"Rune pickaxe","id":1275,"quantity":1,"price":18675}],"date":"Jan 8, 2025, 12:23:05 PM"}
{"name":"Amoxliatl","level":263,"killCount":66,"type":"NPC","drops":[{"name":"Frozen tear","id":29895,"quantity":2,"price":143},{"name":"Adamantite ore","id":450,"quantity":5,"price":1032},{"name":"Coal","id":454,"quantity":28,"price":160}],"date":"Jan 8, 2025, 12:24:36 PM"}
{"name":"Amoxliatl","level":263,"killCount":67,"type":"NPC","drops":[{"name":"Frozen tear","id":29895,"quantity":2,"price":143},{"name":"Coal","id":454,"quantity":30,"price":160},{"name":"Chaos rune","id":562,"quantity":34,"price":88}],"date":"Jan 8, 2025, 12:26:02 PM"}
{"name":"Amoxliatl","level":263,"killCount":68,"type":"NPC","drops":[{"name":"Frozen tear","id":29895,"quantity":6,"price":143},{"name":"Nature rune","id":561,"quantity":45,"price":98},{"name":"Chaos rune","id":562,"quantity":46,"price":88}],"date":"Jan 8, 2025, 12:27:27 PM"}
{"name":"Amoxliatl","level":263,"killCount":69,"type":"NPC","drops":[{"name":"Frozen tear","id":29895,"quantity":7,"price":143},{"name":"Blood rune","id":565,"quantity":30,"price":236},{"name":"Death rune","id":560,"quantity":36,"price":156}],"date":"Jan 8, 2025, 12:28:39 PM"}
{"name":"Amoxliatl","level":263,"killCount":70,"type":"NPC","drops":[{"name":"Frozen tear","id":29895,"quantity":3,"price":143},{"name":"Water orb","id":572,"quantity":10,"price":721},{"name":"Death rune","id":560,"quantity":23,"price":156}],"date":"Jan 8, 2025, 12:30:22 PM"}
{"name":"Amoxliatl","level":263,"killCount":71,"type":"NPC","drops":[{"name":"Frozen tear","id":29895,"quantity":3,"price":143},{"name":"Water talisman","id":1444,"quantity":1,"price":169},{"name":"Rune platelegs","id":1079,"quantity":1,"price":37635}],"date":"Jan 8, 2025, 12:32:10 PM"}
{"name":"Amoxliatl","level":263,"killCount":72,"type":"NPC","drops":[{"name":"Frozen tear","id":29895,"quantity":6,"price":143},{"name":"Soul rune","id":566,"quantity":19,"price":166},{"name":"Prayer potion(3)","id":139,"quantity":1,"price":6460}],"date":"Jan 8, 2025, 12:33:32 PM"}
{"name":"Amoxliatl","level":263,"killCount":73,"type":"NPC","drops":[{"name":"Frozen tear","id":29895,"quantity":3,"price":143},{"name":"Soul rune","id":566,"quantity":17,"price":166},{"name":"Water rune","id":555,"quantity":241,"price":5}],"date":"Jan 8, 2025, 12:35:04 PM"}
{"name":"Amoxliatl","level":263,"killCount":74,"type":"NPC","drops":[{"name":"Frozen tear","id":29895,"quantity":6,"price":143},{"name":"Chaos rune","id":562,"quantity":35,"price":88},{"name":"Blessed bone shards","id":29381,"quantity":78,"price":0}],"date":"Jan 8, 2025, 12:36:14 PM"}
{"name":"Amoxliatl","level":263,"killCount":75,"type":"NPC","drops":[{"name":"Frozen tear","id":29895,"quantity":2,"price":143},{"name":"Coal","id":454,"quantity":22,"price":160},{"name":"Adamantite ore","id":450,"quantity":9,"price":1032}],"date":"Jan 8, 2025, 12:37:26 PM"}
{"name":"Amoxliatl","level":263,"killCount":76,"type":"NPC","drops":[{"name":"Frozen tear","id":29895,"quantity":3,"price":143},{"name":"Blessed bone shards","id":29381,"quantity":63,"price":0},{"name":"Coal","id":454,"quantity":29,"price":160}],"date":"Jan 8, 2025, 12:38:43 PM"}
{"name":"Amoxliatl","level":263,"killCount":77,"type":"NPC","drops":[{"name":"Frozen tear","id":29895,"quantity":4,"price":143},{"name":"Blood rune","id":565,"quantity":19,"price":236},{"name":"Adamantite ore","id":450,"quantity":6,"price":1032}],"date":"Jan 8, 2025, 12:40:15 PM"}
{"name":"Amoxliatl","level":263,"killCount":78,"type":"NPC","drops":[{"name":"Frozen tear","id":29895,"quantity":3,"price":143},{"name":"Gold ore","id":445,"quantity":21,"price":154},{"name":"Adamantite ore","id":450,"quantity":5,"price":1032}],"date":"Jan 8, 2025, 12:41:37 PM"}
{"name":"Amoxliatl","level":263,"killCount":79,"type":"NPC","drops":[{"name":"Frozen tear","id":29895,"quantity":4,"price":143},{"name":"Uncut ruby","id":1619,"quantity":1,"price":1123},{"name":"Water rune","id":555,"quantity":211,"price":5}],"date":"Jan 8, 2025, 12:42:53 PM"}
{"name":"Amoxliatl","level":263,"killCount":80,"type":"NPC","drops":[{"name":"Frozen tear","id":29895,"quantity":3,"price":143},{"name":"Coal","id":454,"quantity":24,"price":160},{"name":"Rune platebody","id":1127,"quantity":1,"price":38529}],"date":"Jan 8, 2025, 12:44:05 PM"}
{"name":"Amoxliatl","level":263,"killCount":81,"type":"NPC","drops":[{"name":"Frozen tear","id":29895,"quantity":2,"price":143},{"name":"Soul rune","id":566,"quantity":20,"price":166},{"name":"Gold ore","id":445,"quantity":24,"price":154}],"date":"Jan 8, 2025, 12:49:08 PM"}
{"name":"Amoxliatl","level":263,"killCount":82,"type":"NPC","drops":[{"name":"Frozen tear","id":29895,"quantity":3,"price":143},{"name":"Blessed bone shards","id":29381,"quantity":99,"price":0},{"name":"Coal","id":454,"quantity":29,"price":160}],"date":"Jan 8, 2025, 12:50:28 PM"}
{"name":"Amoxliatl","level":263,"killCount":83,"type":"NPC","drops":[{"name":"Frozen tear","id":29895,"quantity":5,"price":143},{"name":"Rune pickaxe","id":1275,"quantity":1,"price":18675},{"name":"Prayer potion(3)","id":139,"quantity":1,"price":6460}],"date":"Jan 8, 2025, 12:51:50 PM"}
{"name":"Amoxliatl","level":263,"killCount":84,"type":"NPC","drops":[{"name":"Frozen tear","id":29895,"quantity":8,"price":143},{"name":"Gold ore","id":445,"quantity":23,"price":154},{"name":"Prayer potion(3)","id":139,"quantity":1,"price":6460}],"date":"Jan 8, 2025, 12:53:19 PM"}
{"name":"Amoxliatl","level":263,"killCount":85,"type":"NPC","drops":[{"name":"Glacial temotli","id":29889,"quantity":1,"price":63926},{"name":"Frozen tear","id":29895,"quantity":3,"price":143},{"name":"Death rune","id":560,"quantity":38,"price":156},{"name":"Water rune","id":555,"quantity":349,"price":5}],"date":"Jan 8, 2025, 12:55:01 PM"}
{"name":"Amoxliatl","level":263,"killCount":86,"type":"NPC","drops":[{"name":"Frozen tear","id":29895,"quantity":3,"price":143},{"name":"Adamantite ore","id":450,"quantity":8,"price":1032},{"name":"Rune mace","id":1432,"quantity":1,"price":8225}],"date":"Jan 8, 2025, 12:56:35 PM"}
