{"name":"Ancient Zygomite","level":109,"killCount":-1,"type":"NPC","drops":[{"name":"Mort myre fungus","id":2970,"quantity":1,"price":293},{"name":"Mushroom spore","id":5282,"quantity":1,"price":10}],"date":"Apr 3, 2022, 2:50:37 PM"}
{"name":"Ancient Zygomite","level":109,"killCount":-1,"type":"NPC","drops":[{"name":"Mort myre fungus","id":2970,"quantity":1,"price":293},{"name":"Numulite","id":21555,"quantity":6,"price":38},{"name":"Supercompost","id":6035,"quantity":2,"price":564}],"date":"Apr 3, 2022, 2:51:10 PM"}
{"name":"Ancient Zygomite","level":109,"killCount":-1,"type":"NPC","drops":[{"name":"Mort myre fungus","id":2970,"quantity":1,"price":293},{"name":"Supercompost","id":6035,"quantity":2,"price":564}],"date":"Apr 3, 2022, 2:51:37 PM"}
{"name":"Ancient Zygomite","level":109,"killCount":-1,"type":"NPC","drops":[{"name":"Mort myre fungus","id":2970,"quantity":1,"price":307},{"name":"Earth rune","id":557,"quantity":100,"price":4}],"date":"Apr 3, 2022, 2:52:02 PM"}
{"name":"Ancient Zygomite","level":109,"killCount":-1,"type":"NPC","drops":[{"name":"Mort myre fungus","id":2970,"quantity":1,"price":307},{"name":"Law rune","id":563,"quantity":15,"price":132}],"date":"Apr 3, 2022, 2:52:24 PM"}
{"name":"Ancient Zygomite","level":109,"killCount":-1,"type":"NPC","drops":[{"name":"Mort myre fungus","id":2970,"quantity":1,"price":307},{"name":"Uncut sapphire","id":1623,"quantity":1,"price":347}],"date":"Apr 3, 2022, 2:52:46 PM"}
{"name":"Ancient Zygomite","level":109,"killCount":-1,"type":"NPC","drops":[{"name":"Mort myre fungus","id":2970,"quantity":1,"price":307},{"name":"Rune axe","id":1359,"quantity":1,"price":7206}],"date":"Apr 3, 2022, 2:53:10 PM"}
{"name":"Ancient Zygomite","level":109,"killCount":-1,"type":"NPC","drops":[{"name":"Mort myre fungus","id":2970,"quantity":1,"price":307},{"name":"Nature rune","id":561,"quantity":15,"price":183}],"date":"Apr 3, 2022, 2:53:36 PM"}
{"name":"Ancient Zygomite","level":109,"killCount":-1,"type":"NPC","drops":[{"name":"Mort myre fungus","id":2970,"quantity":1,"price":307},{"name":"Numulite","id":21555,"quantity":5,"price":36},{"name":"Grimy torstol","id":219,"quantity":1,"price":8575}],"date":"Apr 3, 2022, 2:54:02 PM"}
{"name":"Ancient Zygomite","level":109,"killCount":-1,"type":"NPC","drops":[{"name":"Mort myre fungus","id":2970,"quantity":1,"price":307},{"name":"Calcite","id":21543,"quantity":1,"price":57},{"name":"Pyrophosphite","id":21545,"quantity":1,"price":34}],"date":"Apr 3, 2022, 2:54:34 PM"}
{"name":"Ancient Zygomite","level":109,"killCount":-1,"type":"NPC","drops":[{"name":"Mort myre fungus","id":2970,"quantity":1,"price":307},{"name":"Mushroom spore","id":5282,"quantity":1,"price":10}],"date":"Apr 3, 2022, 2:55:11 PM"}
{"name":"Ancient Zygomite","level":109,"killCount":-1,"type":"NPC","drops":[{"name":"Mort myre fungus","id":2970,"quantity":1,"price":307},{"name":"Numulite","id":21555,"quantity":9,"price":36},{"name":"Earth rune","id":557,"quantity":100,"price":4}],"date":"Apr 3, 2022, 2:55:36 PM"}
{"name":"Ancient Zygomite","level":109,"killCount":-1,"type":"NPC","drops":[{"name":"Mort myre fungus","id":2970,"quantity":1,"price":307},{"name":"Numulite","id":21555,"quantity":18,"price":36},{"name":"Mushroom spore","id":5282,"quantity":1,"price":10}],"date":"Apr 3, 2022, 2:56:14 PM"}
{"name":"Ancient Zygomite","level":109,"killCount":-1,"type":"NPC","drops":[{"name":"Mort myre fungus","id":2970,"quantity":1,"price":307},{"name":"Supercompost","id":6035,"quantity":2,"price":565}],"date":"Apr 3, 2022, 2:56:48 PM"}
{"name":"Ancient Zygomite","level":109,"killCount":-1,"type":"NPC","drops":[{"name":"Mort myre fungus","id":2970,"quantity":1,"price":307},{"name":"Mushroom spore","id":5282,"quantity":1,"price":10}],"date":"Apr 3, 2022, 2:57:43 PM"}
{"name":"Ancient Zygomite","level":109,"killCount":-1,"type":"NPC","drops":[{"name":"Mort myre fungus","id":2970,"quantity":1,"price":307},{"name":"Calcite","id":21543,"quantity":1,"price":57},{"name":"Pyrophosphite","id":21545,"quantity":1,"price":34}],"date":"Apr 3, 2022, 2:58:04 PM"}
{"name":"Ancient Zygomite","level":109,"killCount":-1,"type":"NPC","drops":[{"name":"Mort myre fungus","id":2970,"quantity":1,"price":307},{"name":"Numulite","id":21555,"quantity":17,"price":36},{"name":"Law rune","id":563,"quantity":15,"price":132}],"date":"Apr 3, 2022, 2:58:28 PM"}
{"name":"Ancient Zygomite","level":109,"killCount":-1,"type":"NPC","drops":[{"name":"Mort myre fungus","id":2970,"quantity":1,"price":307},{"name":"Calcite","id":21543,"quantity":1,"price":57},{"name":"Pyrophosphite","id":21545,"quantity":1,"price":34}],"date":"Apr 3, 2022, 2:59:11 PM"}
{"name":"Ancient Zygomite","level":109,"killCount":-1,"type":"NPC","drops":[{"name":"Mort myre fungus","id":2970,"quantity":1,"price":307},{"name":"Numulite","id":21555,"quantity":6,"price":36},{"name":"Volcanic ash","id":21622,"quantity":2,"price":83}],"date":"Apr 3, 2022, 2:59:39 PM"}
{"name":"Ancient Zygomite","level":109,"killCount":-1,"type":"NPC","drops":[{"name":"Mort myre fungus","id":2970,"quantity":1,"price":307},{"name":"Numulite","id":21555,"quantity":13,"price":36},{"name":"Calcite","id":21543,"quantity":1,"price":57},{"name":"Pyrophosphite","id":21545,"quantity":1,"price":34}],"date":"Apr 3, 2022, 3:00:41 PM"}
{"name":"Ancient Zygomite","level":109,"killCount":-1,"type":"NPC","drops":[{"name":"Mort myre fungus","id":2970,"quantity":1,"price":307},{"name":"Rune axe","id":1359,"quantity":1,"price":7206}],"date":"Apr 3, 2022, 3:01:14 PM"}
{"name":"Ancient Zygomite","level":109,"killCount":-1,"type":"NPC","drops":[{"name":"Mort myre fungus","id":2970,"quantity":1,"price":307},{"name":"Torstol seed","id":5304,"quantity":1,"price":59314}],"date":"Apr 3, 2022, 3:01:46 PM"}
{"name":"Ancient Zygomite","level":109,"killCount":-1,"type":"NPC","drops":[{"name":"Mort myre fungus","id":2970,"quantity":1,"price":307},{"name":"Numulite","id":21555,"quantity":5,"price":36},{"name":"Supercompost","id":6035,"quantity":2,"price":565}],"date":"Apr 3, 2022, 3:03:27 PM"}
{"name":"Ancient Zygomite","level":109,"killCount":-1,"type":"NPC","drops":[{"name":"Mort myre fungus","id":2970,"quantity":1,"price":307},{"name":"Mushroom spore","id":5282,"quantity":1,"price":10}],"date":"Apr 3, 2022, 3:03:52 PM"}
{"name":"Ancient Zygomite","level":109,"killCount":-1,"type":"NPC","drops":[{"name":"Mort myre fungus","id":2970,"quantity":1,"price":307},{"name":"Numulite","id":21555,"quantity":16,"price":36},{"name":"Rune axe","id":1359,"quantity":1,"price":7206}],"date":"Apr 3, 2022, 3:04:23 PM"}
{"name":"Ancient Zygomite","level":109,"killCount":-1,"type":"NPC","drops":[{"name":"Mort myre fungus","id":2970,"quantity":1,"price":307},{"name":"Mort myre fungus","id":2971,"quantity":5,"price":307}],"date":"Apr 3, 2022, 3:05:13 PM"}
{"name":"Ancient Zygomite","level":109,"killCount":-1,"type":"NPC","drops":[{"name":"Mort myre fungus","id":2970,"quantity":1,"price":307},{"name":"Willow seed","id":5313,"quantity":1,"price":439}],"date":"Apr 3, 2022, 3:05:55 PM"}
{"name":"Ancient Zygomite","level":109,"killCount":-1,"type":"NPC","drops":[{"name":"Mort myre fungus","id":2970,"quantity":1,"price":307},{"name":"Grimy torstol","id":219,"quantity":1,"price":8575}],"date":"Apr 3, 2022, 3:06:33 PM"}
{"name":"Ancient Zygomite","level":109,"killCount":-1,"type":"NPC","drops":[{"name":"Mort myre fungus","id":2970,"quantity":1,"price":307},{"name":"Supercompost","id":6035,"quantity":2,"price":565}],"date":"Apr 3, 2022, 3:07:02 PM"}
{"name":"Ancient Zygomite","level":109,"killCount":-1,"type":"NPC","drops":[{"name":"Mort myre fungus","id":2970,"quantity":1,"price":390},{"name":"Calcite","id":21543,"quantity":1,"price":83},{"name":"Pyrophosphite","id":21545,"quantity":1,"price":90}],"date":"Jul 8, 2022, 10:23:08 AM"}
{"name":"Ancient Zygomite","level":109,"killCount":-1,"type":"NPC","drops":[{"name":"Mort myre fungus","id":2970,"quantity":1,"price":390},{"name":"Numulite","id":21555,"quantity":7,"price":32},{"name":"Calcite","id":21543,"quantity":1,"price":83},{"name":"Pyrophosphite","id":21545,"quantity":1,"price":90}],"date":"Jul 8, 2022, 10:23:28 AM"}
{"name":"Ancient Zygomite","level":109,"killCount":-1,"type":"NPC","drops":[{"name":"Mort myre fungus","id":2970,"quantity":1,"price":390},{"name":"Numulite","id":21555,"quantity":11,"price":32},{"name":"Grimy cadantine","id":216,"quantity":1,"price":1673},{"name":"Grimy dwarf weed","id":218,"quantity":1,"price":945}],"date":"Jul 8, 2022, 10:23:52 AM"}
{"name":"Ancient Zygomite","level":109,"killCount":-1,"type":"NPC","drops":[{"name":"Mort myre fungus","id":2970,"quantity":1,"price":390},{"name":"Numulite","id":21555,"quantity":7,"price":32},{"name":"Grimy torstol","id":219,"quantity":1,"price":7996}],"date":"Jul 8, 2022, 10:24:24 AM"}
{"name":"Ancient Zygomite","level":109,"killCount":-1,"type":"NPC","drops":[{"name":"Mort myre fungus","id":2970,"quantity":1,"price":390},{"name":"Calcite","id":21543,"quantity":1,"price":83},{"name":"Pyrophosphite","id":21545,"quantity":1,"price":90}],"date":"Jul 8, 2022, 10:24:51 AM"}
{"name":"Ancient Zygomite","level":109,"killCount":-1,"type":"NPC","drops":[{"name":"Mort myre fungus","id":2970,"quantity":1,"price":390},{"name":"Mort myre fungus","id":2971,"quantity":5,"price":390}],"date":"Jul 8, 2022, 10:25:18 AM"}
{"name":"Ancient Zygomite","level":109,"killCount":-1,"type":"NPC","drops":[{"name":"Mort myre fungus","id":2970,"quantity":1,"price":390},{"name":"Law rune","id":563,"quantity":15,"price":145}],"date":"Jul 8, 2022, 10:25:47 AM"}
{"name":"Ancient Zygomite","level":109,"killCount":-1,"type":"NPC","drops":[{"name":"Mort myre fungus","id":2970,"quantity":1,"price":390},{"name":"Mushroom spore","id":5282,"quantity":1,"price":196}],"date":"Jul 8, 2022, 10:26:31 AM"}
{"name":"Ancient Zygomite","level":109,"killCount":-1,"type":"NPC","drops":[{"name":"Mort myre fungus","id":2970,"quantity":1,"price":390},{"name":"Law rune","id":563,"quantity":15,"price":145}],"date":"Jul 8, 2022, 10:27:05 AM"}
{"name":"Ancient Zygomite","level":109,"killCount":-1,"type":"NPC","drops":[{"name":"Mort myre fungus","id":2970,"quantity":1,"price":390},{"name":"Cosmic rune","id":564,"quantity":15,"price":154}],"date":"Jul 8, 2022, 10:27:20 AM"}
{"name":"Ancient Zygomite","level":109,"killCount":-1,"type":"NPC","drops":[{"name":"Mort myre fungus","id":2970,"quantity":1,"price":390},{"name":"Numulite","id":21555,"quantity":10,"price":32},{"name":"Supercompost","id":6035,"quantity":2,"price":479}],"date":"Jul 8, 2022, 10:27:47 AM"}
{"name":"Ancient Zygomite","level":109,"killCount":-1,"type":"NPC","drops":[{"name":"Mort myre fungus","id":2970,"quantity":1,"price":390},{"name":"Calcite","id":21543,"quantity":1,"price":83},{"name":"Pyrophosphite","id":21545,"quantity":1,"price":90}],"date":"Jul 8, 2022, 10:28:09 AM"}
{"name":"Ancient Zygomite","level":109,"killCount":-1,"type":"NPC","drops":[{"name":"Mort myre fungus","id":2970,"quantity":1,"price":390},{"name":"Mushroom spore","id":5282,"quantity":1,"price":196}],"date":"Jul 8, 2022, 10:28:30 AM"}
{"name":"Ancient Zygomite","level":109,"killCount":-1,"type":"NPC","drops":[{"name":"Mort myre fungus","id":2970,"quantity":1,"price":390},{"name":"Mushroom spore","id":5282,"quantity":1,"price":196}],"date":"Jul 8, 2022, 10:28:59 AM"}
{"name":"Ancient Zygomite","level":109,"killCount":-1,"type":"NPC","drops":[{"name":"Earth rune","id":557,"quantity":100,"price":5},{"name":"Mort myre fungus","id":2970,"quantity":1,"price":204}],"date":"Mar 16, 2023, 4:46:50 PM"}
{"name":"Ancient Zygomite","level":109,"killCount":-1,"type":"NPC","drops":[{"name":"Mort myre fungus","id":2970,"quantity":1,"price":358},{"name":"Earth rune","id":557,"quantity":100,"price":4}],"date":"Jul 6, 2024, 4:00:41 PM"}
{"name":"Ancient Zygomite","level":109,"killCount":-1,"type":"NPC","drops":[{"name":"Mort myre fungus","id":2970,"quantity":1,"price":297},{"name":"Calcite","id":21543,"quantity":1,"price":46},{"name":"Pyrophosphite","id":21545,"quantity":1,"price":61}],"date":"Nov 2, 2024, 6:50:50 PM"}
{"name":"Ancient Zygomite","level":109,"killCount":-1,"type":"NPC","drops":[{"name":"Mort myre fungus","id":2970,"quantity":1,"price":297},{"name":"Calcite","id":21543,"quantity":1,"price":46},{"name":"Pyrophosphite","id":21545,"quantity":1,"price":61}],"date":"Nov 2, 2024, 6:51:12 PM"}
{"name":"Ancient Zygomite","level":109,"killCount":-1,"type":"NPC","drops":[{"name":"Mort myre fungus","id":2970,"quantity":1,"price":297},{"name":"Earth rune","id":557,"quantity":100,"price":5}],"date":"Nov 2, 2024, 6:51:33 PM"}
{"name":"Ancient Zygomite","level":109,"killCount":-1,"type":"NPC","drops":[{"name":"Mort myre fungus","id":2970,"quantity":1,"price":297},{"name":"Numulite","id":21555,"quantity":9,"price":39},{"name":"Earth rune","id":557,"quantity":100,"price":5}],"date":"Nov 2, 2024, 6:51:53 PM"}
{"name":"Ancient Zygomite","level":109,"killCount":-1,"type":"NPC","drops":[{"name":"Mort myre fungus","id":2970,"quantity":1,"price":297},{"name":"Numulite","id":21555,"quantity":13,"price":39}],"date":"Nov 2, 2024, 6:52:21 PM"}
{"name":"Ancient Zygomite","level":109,"killCount":-1,"type":"NPC","drops":[{"name":"Mort myre fungus","id":2970,"quantity":1,"price":297},{"name":"Numulite","id":21555,"quantity":11,"price":39},{"name":"Calcite","id":21543,"quantity":1,"price":46},{"name":"Pyrophosphite","id":21545,"quantity":1,"price":61}],"date":"Nov 2, 2024, 6:52:41 PM"}
{"name":"Ancient Zygomite","level":109,"killCount":-1,"type":"NPC","drops":[{"name":"Mort myre fungus","id":2970,"quantity":1,"price":297},{"name":"Calcite","id":21543,"quantity":1,"price":46},{"name":"Pyrophosphite","id":21545,"quantity":1,"price":61}],"date":"Nov 2, 2024, 6:53:06 PM"}
{"name":"Ancient Zygomite","level":109,"killCount":-1,"type":"NPC","drops":[{"name":"Mort myre fungus","id":2970,"quantity":1,"price":297},{"name":"Numulite","id":21555,"quantity":19,"price":39},{"name":"Calcite","id":21543,"quantity":1,"price":46},{"name":"Pyrophosphite","id":21545,"quantity":1,"price":61}],"date":"Nov 2, 2024, 6:53:32 PM"}
{"name":"Ancient Zygomite","level":109,"killCount":-1,"type":"NPC","drops":[{"name":"Mort myre fungus","id":2970,"quantity":1,"price":297},{"name":"Numulite","id":21555,"quantity":19,"price":39}],"date":"Nov 2, 2024, 6:54:03 PM"}
{"name":"Ancient Zygomite","level":109,"killCount":-1,"type":"NPC","drops":[{"name":"Mort myre fungus","id":2970,"quantity":1,"price":297},{"name":"Numulite","id":21555,"quantity":18,"price":39},{"name":"Mushroom spore","id":5282,"quantity":1,"price":120}],"date":"Nov 2, 2024, 6:57:09 PM"}
{"name":"Ancient Zygomite","level":109,"killCount":-1,"type":"NPC","drops":[{"name":"Mort myre fungus","id":2970,"quantity":1,"price":297},{"name":"Supercompost","id":6035,"quantity":2,"price":59}],"date":"Nov 2, 2024, 6:57:39 PM"}
{"name":"Ancient Zygomite","level":109,"killCount":-1,"type":"NPC","drops":[{"name":"Mort myre fungus","id":2970,"quantity":1,"price":297},{"name":"Calcite","id":21543,"quantity":1,"price":46},{"name":"Pyrophosphite","id":21545,"quantity":1,"price":61}],"date":"Nov 2, 2024, 6:58:04 PM"}
{"name":"Ancient Zygomite","level":109,"killCount":-1,"type":"NPC","drops":[{"name":"Mort myre fungus","id":2970,"quantity":1,"price":297},{"name":"Supercompost","id":6035,"quantity":2,"price":59}],"date":"Nov 2, 2024, 7:01:23 PM"}
{"name":"Ancient Zygomite","level":109,"killCount":-1,"type":"NPC","drops":[{"name":"Mort myre fungus","id":2970,"quantity":1,"price":297},{"name":"Numulite","id":21555,"quantity":18,"price":39},{"name":"Law rune","id":563,"quantity":15,"price":144}],"date":"Nov 2, 2024, 7:01:47 PM"}
{"name":"Ancient Zygomite","level":109,"killCount":-1,"type":"NPC","drops":[{"name":"Mort myre fungus","id":2970,"quantity":1,"price":297},{"name":"Numulite","id":21555,"quantity":10,"price":39},{"name":"Calcite","id":21543,"quantity":1,"price":46},{"name":"Pyrophosphite","id":21545,"quantity":1,"price":61}],"date":"Nov 2, 2024, 7:02:19 PM"}
{"name":"Ancient Zygomite","level":109,"killCount":-1,"type":"NPC","drops":[{"name":"Mort myre fungus","id":2970,"quantity":1,"price":297},{"name":"Numulite","id":21555,"quantity":7,"price":39},{"name":"Mushroom spore","id":5282,"quantity":1,"price":120}],"date":"Nov 2, 2024, 7:02:50 PM"}
{"name":"Ancient Zygomite","level":109,"killCount":-1,"type":"NPC","drops":[{"name":"Mort myre fungus","id":2970,"quantity":1,"price":297},{"name":"Supercompost","id":6035,"quantity":2,"price":59}],"date":"Nov 2, 2024, 7:03:22 PM"}
{"name":"Ancient Zygomite","level":109,"killCount":-1,"type":"NPC","drops":[{"name":"Mort myre fungus","id":2970,"quantity":1,"price":297},{"name":"Numulite","id":21555,"quantity":11,"price":39},{"name":"Mushroom spore","id":5282,"quantity":1,"price":120}],"date":"Nov 2, 2024, 7:03:50 PM"}
