{"name":"Ancient Wizard","level":98,"killCount":-1,"type":"NPC","drops":[{"name":"Bones","id":526,"quantity":1,"price":80},{"name":"Staff of fire","id":1387,"quantity":1,"price":1270}],"date":"May 9, 2022, 2:10:15 PM"}
{"name":"Ancient Wizard","level":98,"killCount":-1,"type":"NPC","drops":[{"name":"Bones","id":526,"quantity":1,"price":80},{"name":"Runite bolts","id":9144,"quantity":2,"price":213}],"date":"May 9, 2022, 2:10:24 PM"}
{"name":"Ancient Wizard","level":112,"killCount":-1,"type":"NPC","drops":[{"name":"Bones","id":526,"quantity":1,"price":80},{"name":"Air rune","id":556,"quantity":19,"price":4}],"date":"May 9, 2022, 2:10:44 PM"}
{"name":"Ancient Wizard","level":112,"killCount":-1,"type":"NPC","drops":[{"name":"Bones","id":526,"quantity":1,"price":69},{"name":"Death rune","id":560,"quantity":19,"price":189}],"date":"May 29, 2022, 5:17:19 PM"}
{"name":"Ancient Wizard","level":98,"killCount":-1,"type":"NPC","drops":[{"name":"Bones","id":526,"quantity":1,"price":69},{"name":"Air rune","id":556,"quantity":16,"price":5}],"date":"May 29, 2022, 5:17:43 PM"}
{"name":"Ancient Wizard","level":98,"killCount":-1,"type":"NPC","drops":[{"name":"Bones","id":526,"quantity":1,"price":69},{"name":"Death rune","id":560,"quantity":16,"price":189}],"date":"May 29, 2022, 5:18:14 PM"}
{"name":"Ancient Wizard","level":112,"killCount":-1,"type":"NPC","drops":[{"name":"Bones","id":526,"quantity":1,"price":71},{"name":"Fire battlestaff","id":1393,"quantity":1,"price":8899}],"date":"Jun 7, 2022, 10:23:05 PM"}
{"name":"Ancient Wizard","level":98,"killCount":-1,"type":"NPC","drops":[{"name":"Bones","id":526,"quantity":1,"price":71},{"name":"Coins","id":995,"quantity":134,"price":1}],"date":"Jun 7, 2022, 10:23:14 PM"}
{"name":"Ancient Wizard","level":98,"killCount":-1,"type":"NPC","drops":[{"name":"Bones","id":526,"quantity":1,"price":71},{"name":"Air rune","id":556,"quantity":17,"price":5}],"date":"Jun 7, 2022, 10:23:24 PM"}
{"name":"Ancient Wizard","level":98,"killCount":-1,"type":"NPC","drops":[{"name":"Bones","id":526,"quantity":1,"price":73},{"name":"Staff of fire","id":1387,"quantity":1,"price":1165}],"date":"Jun 7, 2022, 10:36:39 PM"}
{"name":"Ancient Wizard","level":98,"killCount":-1,"type":"NPC","drops":[{"name":"Bones","id":526,"quantity":1,"price":73},{"name":"Runite bolts","id":9144,"quantity":4,"price":204}],"date":"Jun 7, 2022, 10:36:48 PM"}
{"name":"Ancient Wizard","level":112,"killCount":-1,"type":"NPC","drops":[{"name":"Bones","id":526,"quantity":1,"price":73},{"name":"Runite bolts","id":9144,"quantity":4,"price":204}],"date":"Jun 7, 2022, 10:37:01 PM"}
{"name":"Ancient Wizard","level":98,"killCount":-1,"type":"NPC","drops":[{"name":"Bones","id":526,"quantity":1,"price":71},{"name":"Coins","id":995,"quantity":202,"price":1}],"date":"Jul 8, 2022, 8:43:45 PM"}
{"name":"Ancient Wizard","level":98,"killCount":-1,"type":"NPC","drops":[{"name":"Bones","id":526,"quantity":1,"price":71},{"name":"Prayer potion(4)","id":2434,"quantity":1,"price":12578}],"date":"Jul 8, 2022, 8:43:53 PM"}
{"name":"Ancient Wizard","level":112,"killCount":-1,"type":"NPC","drops":[{"name":"Bones","id":526,"quantity":1,"price":71},{"name":"Grimy tarromin","id":203,"quantity":1,"price":108}],"date":"Jul 8, 2022, 8:44:03 PM"}
{"name":"Ancient Wizard","level":98,"killCount":-1,"type":"NPC","drops":[{"name":"Bones","id":526,"quantity":1,"price":77},{"name":"Air rune","id":556,"quantity":10,"price":6}],"date":"Jul 9, 2022, 12:43:22 AM"}
{"name":"Ancient Wizard","level":112,"killCount":-1,"type":"NPC","drops":[{"name":"Bones","id":526,"quantity":1,"price":77},{"name":"Runite bolts","id":9144,"quantity":4,"price":274}],"date":"Jul 9, 2022, 12:43:39 AM"}
{"name":"Ancient Wizard","level":98,"killCount":-1,"type":"NPC","drops":[{"name":"Bones","id":526,"quantity":1,"price":77},{"name":"Death rune","id":560,"quantity":11,"price":186}],"date":"Jul 9, 2022, 12:43:40 AM"}
{"name":"Ancient Wizard","level":112,"killCount":-1,"type":"NPC","drops":[{"name":"Bones","id":526,"quantity":1,"price":58},{"name":"Fire battlestaff","id":1393,"quantity":1,"price":8918}],"date":"Jul 17, 2022, 10:04:50 AM"}
{"name":"Ancient Wizard","level":98,"killCount":-1,"type":"NPC","drops":[{"name":"Bones","id":526,"quantity":1,"price":58},{"name":"Prayer potion(4)","id":2434,"quantity":1,"price":12174}],"date":"Jul 17, 2022, 10:05:00 AM"}
{"name":"Ancient Wizard","level":98,"killCount":-1,"type":"NPC","drops":[{"name":"Bones","id":526,"quantity":1,"price":58},{"name":"Runite bolts","id":9144,"quantity":4,"price":260}],"date":"Jul 17, 2022, 10:05:09 AM"}
{"name":"Ancient Wizard","level":98,"killCount":-1,"type":"NPC","drops":[{"name":"Bones","id":526,"quantity":1,"price":64},{"name":"Staff of fire","id":1387,"quantity":1,"price":1685}],"date":"Jul 22, 2022, 7:56:38 PM"}
{"name":"Ancient Wizard","level":98,"killCount":-1,"type":"NPC","drops":[{"name":"Bones","id":526,"quantity":1,"price":64},{"name":"Fire battlestaff","id":1393,"quantity":1,"price":8931}],"date":"Jul 22, 2022, 7:56:49 PM"}
{"name":"Ancient Wizard","level":112,"killCount":-1,"type":"NPC","drops":[{"name":"Bones","id":526,"quantity":1,"price":64},{"name":"Potato seed","id":5318,"quantity":4,"price":1}],"date":"Jul 22, 2022, 7:57:02 PM"}
{"name":"Ancient Wizard","level":112,"killCount":-1,"type":"NPC","drops":[{"name":"Bones","id":526,"quantity":1,"price":66},{"name":"Runite bolts","id":9144,"quantity":5,"price":272}],"date":"Aug 9, 2022, 9:58:23 PM"}
{"name":"Ancient Wizard","level":98,"killCount":-1,"type":"NPC","drops":[{"name":"Bones","id":526,"quantity":1,"price":66},{"name":"Death rune","id":560,"quantity":8,"price":180}],"date":"Aug 9, 2022, 9:58:33 PM"}
{"name":"Ancient Wizard","level":98,"killCount":-1,"type":"NPC","drops":[{"name":"Bones","id":526,"quantity":1,"price":66},{"name":"Death rune","id":560,"quantity":8,"price":180}],"date":"Aug 9, 2022, 9:58:50 PM"}
{"name":"Ancient Wizard","level":112,"killCount":-1,"type":"NPC","drops":[{"name":"Bones","id":526,"quantity":1,"price":67},{"name":"Grimy tarromin","id":203,"quantity":1,"price":78}],"date":"Aug 30, 2022, 12:28:50 PM"}
{"name":"Ancient Wizard","level":98,"killCount":-1,"type":"NPC","drops":[{"name":"Bones","id":526,"quantity":1,"price":67},{"name":"Pure essence","id":7937,"quantity":25,"price":2}],"date":"Aug 30, 2022, 12:29:08 PM"}
{"name":"Ancient Wizard","level":98,"killCount":-1,"type":"NPC","drops":[{"name":"Bones","id":526,"quantity":1,"price":67},{"name":"Potato seed","id":5318,"quantity":3,"price":1}],"date":"Aug 30, 2022, 12:29:21 PM"}
{"name":"Ancient Wizard","level":112,"killCount":-1,"type":"NPC","drops":[{"name":"Bones","id":526,"quantity":1,"price":77},{"name":"Coins","id":995,"quantity":174,"price":1}],"date":"Dec 22, 2022, 7:54:36 PM"}
{"name":"Ancient Wizard","level":98,"killCount":-1,"type":"NPC","drops":[{"name":"Bones","id":526,"quantity":1,"price":77},{"name":"Death rune","id":560,"quantity":6,"price":157}],"date":"Dec 22, 2022, 7:54:58 PM"}
{"name":"Ancient Wizard","level":98,"killCount":-1,"type":"NPC","drops":[{"name":"Bones","id":526,"quantity":1,"price":77},{"name":"Staff of fire","id":1387,"quantity":1,"price":1576}],"date":"Dec 22, 2022, 7:55:07 PM"}
{"name":"Ancient Wizard","level":98,"killCount":-1,"type":"NPC","drops":[{"name":"Bones","id":526,"quantity":1,"price":77},{"name":"Fire rune","id":554,"quantity":23,"price":6}],"date":"Dec 22, 2022, 9:32:37 PM"}
{"name":"Ancient Wizard","level":98,"killCount":-1,"type":"NPC","drops":[{"name":"Bones","id":526,"quantity":1,"price":77},{"name":"Air rune","id":556,"quantity":5,"price":5}],"date":"Dec 22, 2022, 9:32:49 PM"}
{"name":"Ancient Wizard","level":112,"killCount":-1,"type":"NPC","drops":[{"name":"Bones","id":526,"quantity":1,"price":77},{"name":"Coins","id":995,"quantity":58,"price":1}],"date":"Dec 22, 2022, 9:32:59 PM"}
{"name":"Ancient Wizard","level":98,"killCount":-1,"type":"NPC","drops":[{"name":"Bones","id":526,"quantity":1,"price":68},{"name":"Pure essence","id":7937,"quantity":25,"price":3}],"date":"Jan 25, 2023, 3:26:12 PM"}
{"name":"Ancient Wizard","level":98,"killCount":-1,"type":"NPC","drops":[{"name":"Bones","id":526,"quantity":1,"price":68},{"name":"Runite bolts","id":9144,"quantity":5,"price":243}],"date":"Jan 25, 2023, 3:26:21 PM"}
{"name":"Ancient Wizard","level":112,"killCount":-1,"type":"NPC","drops":[{"name":"Bones","id":526,"quantity":1,"price":68},{"name":"Coins","id":995,"quantity":112,"price":1}],"date":"Jan 25, 2023, 3:26:30 PM"}
{"name":"Ancient Wizard","level":112,"killCount":-1,"type":"NPC","drops":[{"name":"Bones","id":526,"quantity":1,"price":68},{"name":"Coins","id":995,"quantity":237,"price":1}],"date":"Jan 25, 2023, 3:29:18 PM"}
{"name":"Ancient Wizard","level":98,"killCount":-1,"type":"NPC","drops":[{"name":"Bones","id":526,"quantity":1,"price":68},{"name":"Pure essence","id":7937,"quantity":25,"price":3}],"date":"Jan 25, 2023, 3:29:26 PM"}
{"name":"Ancient Wizard","level":98,"killCount":-1,"type":"NPC","drops":[{"name":"Bones","id":526,"quantity":1,"price":68},{"name":"Grimy harralander","id":205,"quantity":1,"price":715}],"date":"Jan 25, 2023, 3:29:37 PM"}
{"name":"Ancient Wizard","level":112,"killCount":-1,"type":"NPC","drops":[{"name":"Bones","id":526,"quantity":1,"price":64},{"name":"Death rune","id":560,"quantity":12,"price":169}],"date":"Mar 5, 2023, 3:35:50 PM"}
{"name":"Ancient Wizard","level":98,"killCount":-1,"type":"NPC","drops":[{"name":"Bones","id":526,"quantity":1,"price":64},{"name":"Air rune","id":556,"quantity":12,"price":5}],"date":"Mar 5, 2023, 3:35:58 PM"}
{"name":"Ancient Wizard","level":98,"killCount":-1,"type":"NPC","drops":[{"name":"Bones","id":526,"quantity":1,"price":64},{"name":"Tomato seed","id":5322,"quantity":2,"price":2}],"date":"Mar 5, 2023, 3:36:08 PM"}
{"name":"Ancient Wizard","level":98,"killCount":-1,"type":"NPC","drops":[{"name":"Bones","id":526,"quantity":1,"price":66},{"name":"Coins","id":995,"quantity":206,"price":1}],"date":"Mar 12, 2023, 10:52:48 PM"}
{"name":"Ancient Wizard","level":98,"killCount":-1,"type":"NPC","drops":[{"name":"Bones","id":526,"quantity":1,"price":66},{"name":"Death rune","id":560,"quantity":24,"price":171}],"date":"Mar 12, 2023, 10:53:11 PM"}
{"name":"Ancient Wizard","level":112,"killCount":-1,"type":"NPC","drops":[{"name":"Bones","id":526,"quantity":1,"price":66},{"name":"Grimy guam leaf","id":199,"quantity":1,"price":43}],"date":"Mar 12, 2023, 10:53:23 PM"}
{"name":"Ancient Wizard","level":98,"killCount":-1,"type":"NPC","drops":[{"name":"Bones","id":526,"quantity":1,"price":66},{"name":"Fire rune","id":554,"quantity":24,"price":5}],"date":"Mar 12, 2023, 10:55:06 PM"}
{"name":"Ancient Wizard","level":98,"killCount":-1,"type":"NPC","drops":[{"name":"Bones","id":526,"quantity":1,"price":66},{"name":"Runite bolts","id":9144,"quantity":1,"price":155}],"date":"Mar 12, 2023, 10:55:14 PM"}
{"name":"Ancient Wizard","level":112,"killCount":-1,"type":"NPC","drops":[{"name":"Bones","id":526,"quantity":1,"price":66},{"name":"Runite bolts","id":9144,"quantity":4,"price":155}],"date":"Mar 12, 2023, 10:55:24 PM"}
{"name":"Ancient Wizard","level":112,"killCount":-1,"type":"NPC","drops":[{"name":"Bones","id":526,"quantity":1,"price":55},{"name":"Death rune","id":560,"quantity":20,"price":151}],"date":"May 3, 2023, 12:22:31 PM"}
{"name":"Ancient Wizard","level":112,"killCount":-1,"type":"NPC","drops":[{"name":"Bones","id":526,"quantity":1,"price":55},{"name":"Coins","id":995,"quantity":140,"price":1}],"date":"May 3, 2023, 12:24:05 PM"}
{"name":"Ancient Wizard","level":98,"killCount":-1,"type":"NPC","drops":[{"name":"Bones","id":526,"quantity":1,"price":55},{"name":"Grimy harralander","id":205,"quantity":1,"price":426}],"date":"May 3, 2023, 12:24:13 PM"}
{"name":"Ancient Wizard","level":98,"killCount":-1,"type":"NPC","drops":[{"name":"Bones","id":526,"quantity":1,"price":55},{"name":"Grimy avantoe","id":211,"quantity":1,"price":3104}],"date":"May 3, 2023, 12:24:20 PM"}
{"name":"Ancient Wizard","level":112,"killCount":-1,"type":"NPC","drops":[{"name":"Bones","id":526,"quantity":1,"price":56},{"name":"Grimy marrentill","id":201,"quantity":1,"price":32}],"date":"May 26, 2023, 1:01:22 AM"}
{"name":"Ancient Wizard","level":98,"killCount":-1,"type":"NPC","drops":[{"name":"Bones","id":526,"quantity":1,"price":56},{"name":"Grimy tarromin","id":203,"quantity":1,"price":145}],"date":"May 26, 2023, 1:01:34 AM"}
{"name":"Ancient Wizard","level":98,"killCount":-1,"type":"NPC","drops":[{"name":"Bones","id":526,"quantity":1,"price":56},{"name":"Staff of fire","id":1387,"quantity":1,"price":1579}],"date":"May 26, 2023, 1:01:56 AM"}
{"name":"Ancient Wizard","level":112,"killCount":-1,"type":"NPC","drops":[{"name":"Bones","id":526,"quantity":1,"price":53},{"name":"Coins","id":995,"quantity":172,"price":1}],"date":"Jun 8, 2023, 3:25:36 PM"}
{"name":"Ancient Wizard","level":98,"killCount":-1,"type":"NPC","drops":[{"name":"Bones","id":526,"quantity":1,"price":53},{"name":"Runite bolts","id":9144,"quantity":3,"price":200}],"date":"Jun 8, 2023, 3:25:44 PM"}
{"name":"Ancient Wizard","level":98,"killCount":-1,"type":"NPC","drops":[{"name":"Bones","id":526,"quantity":1,"price":53},{"name":"Fire battlestaff","id":1393,"quantity":1,"price":9011}],"date":"Jun 8, 2023, 3:25:51 PM"}
{"name":"Ancient Wizard","level":98,"killCount":-1,"type":"NPC","drops":[{"name":"Bones","id":526,"quantity":1,"price":53},{"name":"Air rune","id":556,"quantity":14,"price":5}],"date":"Jun 8, 2023, 3:26:04 PM"}
{"name":"Ancient Wizard","level":98,"killCount":-1,"type":"NPC","drops":[{"name":"Bones","id":526,"quantity":1,"price":53},{"name":"Coins","id":995,"quantity":94,"price":1}],"date":"Jun 8, 2023, 3:26:20 PM"}
{"name":"Ancient Wizard","level":112,"killCount":-1,"type":"NPC","drops":[{"name":"Bones","id":526,"quantity":1,"price":53},{"name":"Fire battlestaff","id":1393,"quantity":1,"price":9011}],"date":"Jun 8, 2023, 3:26:28 PM"}
{"name":"Ancient Wizard","level":98,"killCount":-1,"type":"NPC","drops":[{"name":"Bones","id":526,"quantity":1,"price":53},{"name":"Coins","id":995,"quantity":204,"price":1}],"date":"Jun 8, 2023, 3:31:16 PM"}
{"name":"Ancient Wizard","level":98,"killCount":-1,"type":"NPC","drops":[{"name":"Bones","id":526,"quantity":1,"price":53},{"name":"Runite bolts","id":9144,"quantity":4,"price":200}],"date":"Jun 8, 2023, 3:31:30 PM"}
{"name":"Ancient Wizard","level":112,"killCount":-1,"type":"NPC","drops":[{"name":"Bones","id":526,"quantity":1,"price":53},{"name":"Coins","id":995,"quantity":108,"price":1}],"date":"Jun 8, 2023, 3:31:34 PM"}
{"name":"Ancient Wizard","level":98,"killCount":-1,"type":"NPC","drops":[{"name":"Bones","id":526,"quantity":1,"price":58},{"name":"Fire rune","id":554,"quantity":18,"price":4}],"date":"Jul 2, 2023, 5:40:24 PM"}
{"name":"Ancient Wizard","level":98,"killCount":-1,"type":"NPC","drops":[{"name":"Bones","id":526,"quantity":1,"price":58},{"name":"Grimy guam leaf","id":199,"quantity":1,"price":53}],"date":"Jul 2, 2023, 5:40:36 PM"}
{"name":"Ancient Wizard","level":112,"killCount":-1,"type":"NPC","drops":[{"name":"Bones","id":526,"quantity":1,"price":58},{"name":"Fire rune","id":554,"quantity":8,"price":4}],"date":"Jul 2, 2023, 5:40:48 PM"}
{"name":"Ancient Wizard","level":112,"killCount":-1,"type":"NPC","drops":[{"name":"Bones","id":526,"quantity":1,"price":54},{"name":"Runite crossbow (u)","id":9465,"quantity":1,"price":9509}],"date":"Jul 5, 2023, 6:00:55 PM"}
{"name":"Ancient Wizard","level":98,"killCount":-1,"type":"NPC","drops":[{"name":"Bones","id":526,"quantity":1,"price":54},{"name":"Air rune","id":556,"quantity":6,"price":4}],"date":"Jul 5, 2023, 6:01:04 PM"}
{"name":"Ancient Wizard","level":98,"killCount":-1,"type":"NPC","drops":[{"name":"Bones","id":526,"quantity":1,"price":54},{"name":"Prayer potion(4)","id":2434,"quantity":1,"price":8583}],"date":"Jul 5, 2023, 6:01:13 PM"}
{"name":"Ancient Wizard","level":98,"killCount":-1,"type":"NPC","drops":[{"name":"Bones","id":526,"quantity":1,"price":60},{"name":"Fire rune","id":554,"quantity":17,"price":4}],"date":"Aug 1, 2023, 8:31:29 PM"}
{"name":"Ancient Wizard","level":98,"killCount":-1,"type":"NPC","drops":[{"name":"Bones","id":526,"quantity":1,"price":60},{"name":"Coins","id":995,"quantity":233,"price":1}],"date":"Aug 1, 2023, 8:31:38 PM"}
{"name":"Ancient Wizard","level":112,"killCount":-1,"type":"NPC","drops":[{"name":"Bones","id":526,"quantity":1,"price":60},{"name":"Prayer potion(4)","id":2434,"quantity":1,"price":9656}],"date":"Aug 1, 2023, 8:31:49 PM"}
{"name":"Ancient Wizard","level":98,"killCount":-1,"type":"NPC","drops":[{"name":"Bones","id":526,"quantity":1,"price":60},{"name":"Runite bolts","id":9144,"quantity":5,"price":106}],"date":"Aug 2, 2023, 11:55:16 AM"}
{"name":"Ancient Wizard","level":98,"killCount":-1,"type":"NPC","drops":[{"name":"Bones","id":526,"quantity":1,"price":60},{"name":"Fire rune","id":554,"quantity":9,"price":4}],"date":"Aug 2, 2023, 11:55:40 AM"}
{"name":"Ancient Wizard","level":112,"killCount":-1,"type":"NPC","drops":[{"name":"Bones","id":526,"quantity":1,"price":60},{"name":"Grimy tarromin","id":203,"quantity":1,"price":110}],"date":"Aug 2, 2023, 11:55:58 AM"}
{"name":"Ancient Wizard","level":98,"killCount":-1,"type":"NPC","drops":[{"name":"Bones","id":526,"quantity":1,"price":60},{"name":"Snape grass seed","id":22879,"quantity":1,"price":3762}],"date":"Aug 2, 2023, 12:49:56 PM"}
{"name":"Ancient Wizard","level":98,"killCount":-1,"type":"NPC","drops":[{"name":"Bones","id":526,"quantity":1,"price":60},{"name":"Pure essence","id":7937,"quantity":25,"price":2}],"date":"Aug 2, 2023, 12:50:11 PM"}
{"name":"Ancient Wizard","level":112,"killCount":-1,"type":"NPC","drops":[{"name":"Bones","id":526,"quantity":1,"price":60},{"name":"Coins","id":995,"quantity":87,"price":1}],"date":"Aug 2, 2023, 12:50:18 PM"}
{"name":"Ancient Wizard","level":98,"killCount":-1,"type":"NPC","drops":[{"name":"Bones","id":526,"quantity":1,"price":60},{"name":"Air rune","id":556,"quantity":16,"price":4}],"date":"Aug 2, 2023, 1:01:09 PM"}
{"name":"Ancient Wizard","level":98,"killCount":-1,"type":"NPC","drops":[{"name":"Bones","id":526,"quantity":1,"price":60},{"name":"Runite bolts","id":9144,"quantity":5,"price":106}],"date":"Aug 2, 2023, 1:01:23 PM"}
{"name":"Ancient Wizard","level":112,"killCount":-1,"type":"NPC","drops":[{"name":"Bones","id":526,"quantity":1,"price":60},{"name":"Coins","id":995,"quantity":249,"price":1}],"date":"Aug 2, 2023, 1:01:32 PM"}
{"name":"Ancient Wizard","level":98,"killCount":-1,"type":"NPC","drops":[{"name":"Bones","id":526,"quantity":1,"price":60},{"name":"Fire rune","id":554,"quantity":16,"price":4}],"date":"Aug 2, 2023, 1:11:03 PM"}
{"name":"Ancient Wizard","level":98,"killCount":-1,"type":"NPC","drops":[{"name":"Bones","id":526,"quantity":1,"price":60},{"name":"Grimy marrentill","id":201,"quantity":1,"price":31}],"date":"Aug 2, 2023, 1:11:25 PM"}
{"name":"Ancient Wizard","level":112,"killCount":-1,"type":"NPC","drops":[{"name":"Bones","id":526,"quantity":1,"price":60},{"name":"Potato seed","id":5318,"quantity":2,"price":1}],"date":"Aug 2, 2023, 1:11:42 PM"}
{"name":"Ancient Wizard","level":98,"killCount":-1,"type":"NPC","drops":[{"name":"Bones","id":526,"quantity":1,"price":85},{"name":"Staff of fire","id":1387,"quantity":1,"price":1571}],"date":"Sep 11, 2023, 11:12:27 AM"}
{"name":"Ancient Wizard","level":98,"killCount":-1,"type":"NPC","drops":[{"name":"Bones","id":526,"quantity":1,"price":85},{"name":"Pure essence","id":7937,"quantity":25,"price":2}],"date":"Sep 11, 2023, 11:12:35 AM"}
{"name":"Ancient Wizard","level":112,"killCount":-1,"type":"NPC","drops":[{"name":"Bones","id":526,"quantity":1,"price":85},{"name":"Fire rune","id":554,"quantity":8,"price":4}],"date":"Sep 11, 2023, 11:12:45 AM"}
{"name":"Ancient Wizard","level":112,"killCount":-1,"type":"NPC","drops":[{"name":"Bones","id":526,"quantity":1,"price":85},{"name":"Runite bolts","id":9144,"quantity":2,"price":110}],"date":"Sep 11, 2023, 11:49:57 AM"}
{"name":"Ancient Wizard","level":98,"killCount":-1,"type":"NPC","drops":[{"name":"Bones","id":526,"quantity":1,"price":85},{"name":"Death rune","id":560,"quantity":14,"price":89}],"date":"Sep 11, 2023, 11:50:03 AM"}
{"name":"Ancient Wizard","level":98,"killCount":-1,"type":"NPC","drops":[{"name":"Bones","id":526,"quantity":1,"price":85},{"name":"Runite bolts","id":9144,"quantity":2,"price":110}],"date":"Sep 11, 2023, 11:50:13 AM"}
{"name":"Ancient Wizard","level":98,"killCount":-1,"type":"NPC","drops":[{"name":"Bones","id":526,"quantity":1,"price":87},{"name":"Runite bolts","id":9144,"quantity":2,"price":119}],"date":"Sep 15, 2023, 11:36:55 AM"}
{"name":"Ancient Wizard","level":98,"killCount":-1,"type":"NPC","drops":[{"name":"Bones","id":526,"quantity":1,"price":87},{"name":"Pure essence","id":7937,"quantity":25,"price":2}],"date":"Sep 15, 2023, 11:37:06 AM"}
{"name":"Ancient Wizard","level":112,"killCount":-1,"type":"NPC","drops":[{"name":"Bones","id":526,"quantity":1,"price":87},{"name":"Grimy marrentill","id":201,"quantity":1,"price":48}],"date":"Sep 15, 2023, 11:37:14 AM"}
{"name":"Ancient Wizard","level":98,"killCount":-1,"type":"NPC","drops":[{"name":"Bones","id":526,"quantity":1,"price":66},{"name":"Fire rune","id":554,"quantity":22,"price":4}],"date":"Oct 5, 2023, 4:16:27 PM"}
{"name":"Ancient Wizard","level":98,"killCount":-1,"type":"NPC","drops":[{"name":"Bones","id":526,"quantity":1,"price":66},{"name":"Onion seed","id":5319,"quantity":2,"price":1}],"date":"Oct 5, 2023, 4:16:38 PM"}
{"name":"Ancient Wizard","level":112,"killCount":-1,"type":"NPC","drops":[{"name":"Bones","id":526,"quantity":1,"price":66},{"name":"Runite bolts","id":9144,"quantity":1,"price":103}],"date":"Oct 5, 2023, 4:16:55 PM"}
{"name":"Ancient Wizard","level":112,"killCount":-1,"type":"NPC","drops":[{"name":"Bones","id":526,"quantity":1,"price":67},{"name":"Pure essence","id":7937,"quantity":25,"price":2}],"date":"Oct 10, 2023, 2:07:15 PM"}
{"name":"Ancient Wizard","level":98,"killCount":-1,"type":"NPC","drops":[{"name":"Bones","id":526,"quantity":1,"price":67},{"name":"Fire rune","id":554,"quantity":14,"price":4}],"date":"Oct 10, 2023, 2:07:24 PM"}
{"name":"Ancient Wizard","level":98,"killCount":-1,"type":"NPC","drops":[{"name":"Bones","id":526,"quantity":1,"price":67},{"name":"Death rune","id":560,"quantity":7,"price":124}],"date":"Oct 10, 2023, 2:33:16 PM"}
{"name":"Ancient Wizard","level":98,"killCount":-1,"type":"NPC","drops":[{"name":"Bones","id":526,"quantity":1,"price":67},{"name":"Grimy guam leaf","id":199,"quantity":1,"price":79}],"date":"Oct 10, 2023, 2:33:25 PM"}
{"name":"Ancient Wizard","level":112,"killCount":-1,"type":"NPC","drops":[{"name":"Bones","id":526,"quantity":1,"price":67},{"name":"Coins","id":995,"quantity":182,"price":1}],"date":"Oct 10, 2023, 2:33:32 PM"}
{"name":"Ancient Wizard","level":112,"killCount":-1,"type":"NPC","drops":[{"name":"Bones","id":526,"quantity":1,"price":67},{"name":"Coins","id":995,"quantity":163,"price":1}],"date":"Oct 10, 2023, 3:01:40 PM"}
{"name":"Ancient Wizard","level":98,"killCount":-1,"type":"NPC","drops":[{"name":"Bones","id":526,"quantity":1,"price":67},{"name":"Coins","id":995,"quantity":79,"price":1}],"date":"Oct 10, 2023, 3:01:53 PM"}
{"name":"Ancient Wizard","level":98,"killCount":-1,"type":"NPC","drops":[{"name":"Bones","id":526,"quantity":1,"price":67},{"name":"Pure essence","id":7937,"quantity":25,"price":2}],"date":"Oct 10, 2023, 3:02:06 PM"}
{"name":"Ancient Wizard","level":98,"killCount":-1,"type":"NPC","drops":[{"name":"Bones","id":526,"quantity":1,"price":67},{"name":"Grimy tarromin","id":203,"quantity":1,"price":127}],"date":"Oct 10, 2023, 4:17:12 PM"}
{"name":"Ancient Wizard","level":98,"killCount":-1,"type":"NPC","drops":[{"name":"Bones","id":526,"quantity":1,"price":67},{"name":"Coins","id":995,"quantity":75,"price":1}],"date":"Oct 10, 2023, 4:17:21 PM"}
{"name":"Ancient Wizard","level":112,"killCount":-1,"type":"NPC","drops":[{"name":"Bones","id":526,"quantity":1,"price":67},{"name":"Coins","id":995,"quantity":186,"price":1}],"date":"Oct 10, 2023, 4:17:30 PM"}
{"name":"Ancient Wizard","level":112,"killCount":-1,"type":"NPC","drops":[{"name":"Bones","id":526,"quantity":1,"price":67},{"name":"Air rune","id":556,"quantity":22,"price":4}],"date":"Oct 10, 2023, 9:12:09 PM"}
{"name":"Ancient Wizard","level":98,"killCount":-1,"type":"NPC","drops":[{"name":"Bones","id":526,"quantity":1,"price":67},{"name":"Coins","id":995,"quantity":75,"price":1}],"date":"Oct 10, 2023, 9:12:38 PM"}
{"name":"Ancient Wizard","level":98,"killCount":-1,"type":"NPC","drops":[{"name":"Bones","id":526,"quantity":1,"price":67},{"name":"Grimy tarromin","id":203,"quantity":1,"price":127}],"date":"Oct 10, 2023, 9:12:45 PM"}
{"name":"Ancient Wizard","level":112,"killCount":-1,"type":"NPC","drops":[{"name":"Bones","id":526,"quantity":1,"price":68},{"name":"Grimy tarromin","id":203,"quantity":1,"price":139}],"date":"Oct 14, 2023, 4:59:17 PM"}
{"name":"Ancient Wizard","level":98,"killCount":-1,"type":"NPC","drops":[{"name":"Bones","id":526,"quantity":1,"price":68},{"name":"Air rune","id":556,"quantity":10,"price":4}],"date":"Oct 14, 2023, 4:59:31 PM"}
{"name":"Ancient Wizard","level":98,"killCount":-1,"type":"NPC","drops":[{"name":"Bones","id":526,"quantity":1,"price":68},{"name":"Coins","id":995,"quantity":138,"price":1}],"date":"Oct 14, 2023, 4:59:42 PM"}
{"name":"Ancient Wizard","level":112,"killCount":-1,"type":"NPC","drops":[{"name":"Bones","id":526,"quantity":1,"price":68},{"name":"Coins","id":995,"quantity":191,"price":1}],"date":"Oct 14, 2023, 6:50:52 PM"}
{"name":"Ancient Wizard","level":98,"killCount":-1,"type":"NPC","drops":[{"name":"Bones","id":526,"quantity":1,"price":68},{"name":"Coins","id":995,"quantity":238,"price":1}],"date":"Oct 14, 2023, 6:51:01 PM"}
{"name":"Ancient Wizard","level":98,"killCount":-1,"type":"NPC","drops":[{"name":"Bones","id":526,"quantity":1,"price":68},{"name":"Fire rune","id":554,"quantity":13,"price":4}],"date":"Oct 14, 2023, 6:51:11 PM"}
{"name":"Ancient Wizard","level":112,"killCount":-1,"type":"NPC","drops":[{"name":"Bones","id":526,"quantity":1,"price":68},{"name":"Death rune","id":560,"quantity":12,"price":128}],"date":"Oct 14, 2023, 7:35:38 PM"}
{"name":"Ancient Wizard","level":98,"killCount":-1,"type":"NPC","drops":[{"name":"Bones","id":526,"quantity":1,"price":68},{"name":"Coins","id":995,"quantity":139,"price":1}],"date":"Oct 14, 2023, 7:35:45 PM"}
{"name":"Ancient Wizard","level":98,"killCount":-1,"type":"NPC","drops":[{"name":"Bones","id":526,"quantity":1,"price":68},{"name":"Grimy guam leaf","id":199,"quantity":1,"price":73}],"date":"Oct 14, 2023, 7:35:52 PM"}
{"name":"Ancient Wizard","level":112,"killCount":-1,"type":"NPC","drops":[{"name":"Bones","id":526,"quantity":1,"price":68},{"name":"Coins","id":995,"quantity":164,"price":1}],"date":"Oct 14, 2023, 8:01:54 PM"}
{"name":"Ancient Wizard","level":98,"killCount":-1,"type":"NPC","drops":[{"name":"Bones","id":526,"quantity":1,"price":68},{"name":"Fire rune","id":554,"quantity":7,"price":4}],"date":"Oct 14, 2023, 8:02:04 PM"}
{"name":"Ancient Wizard","level":98,"killCount":-1,"type":"NPC","drops":[{"name":"Bones","id":526,"quantity":1,"price":68},{"name":"Staff of fire","id":1387,"quantity":1,"price":1743}],"date":"Oct 14, 2023, 8:02:12 PM"}
{"name":"Ancient Wizard","level":98,"killCount":-1,"type":"NPC","drops":[{"name":"Bones","id":526,"quantity":1,"price":68},{"name":"Coins","id":995,"quantity":225,"price":1}],"date":"Oct 14, 2023, 8:11:03 PM"}
{"name":"Ancient Wizard","level":98,"killCount":-1,"type":"NPC","drops":[{"name":"Bones","id":526,"quantity":1,"price":68},{"name":"Runite bolts","id":9144,"quantity":3,"price":99}],"date":"Oct 14, 2023, 8:11:17 PM"}
{"name":"Ancient Wizard","level":112,"killCount":-1,"type":"NPC","drops":[{"name":"Bones","id":526,"quantity":1,"price":68},{"name":"Air rune","id":556,"quantity":23,"price":4}],"date":"Oct 14, 2023, 8:11:25 PM"}
{"name":"Ancient Wizard","level":112,"killCount":-1,"type":"NPC","drops":[{"name":"Bones","id":526,"quantity":1,"price":70},{"name":"Coins","id":995,"quantity":65,"price":1}],"date":"Nov 12, 2023, 9:14:52 PM"}
{"name":"Ancient Wizard","level":98,"killCount":-1,"type":"NPC","drops":[{"name":"Bones","id":526,"quantity":1,"price":70},{"name":"Pure essence","id":7937,"quantity":25,"price":2}],"date":"Nov 12, 2023, 9:15:02 PM"}
{"name":"Ancient Wizard","level":98,"killCount":-1,"type":"NPC","drops":[{"name":"Bones","id":526,"quantity":1,"price":70},{"name":"Pure essence","id":7937,"quantity":25,"price":2}],"date":"Nov 12, 2023, 9:15:10 PM"}
{"name":"Ancient Wizard","level":112,"killCount":-1,"type":"NPC","drops":[{"name":"Bones","id":526,"quantity":1,"price":77},{"name":"Coins","id":995,"quantity":140,"price":1}],"date":"Mar 10, 2024, 2:41:39 PM"}
{"name":"Ancient Wizard","level":98,"killCount":-1,"type":"NPC","drops":[{"name":"Bones","id":526,"quantity":1,"price":77},{"name":"Death rune","id":560,"quantity":14,"price":184}],"date":"Mar 10, 2024, 2:41:51 PM"}
{"name":"Ancient Wizard","level":98,"killCount":-1,"type":"NPC","drops":[{"name":"Bones","id":526,"quantity":1,"price":77},{"name":"Grimy guam leaf","id":199,"quantity":1,"price":268}],"date":"Mar 10, 2024, 2:42:06 PM"}
{"name":"Ancient Wizard","level":98,"killCount":-1,"type":"NPC","drops":[{"name":"Bones","id":526,"quantity":1,"price":79},{"name":"Runite bolts","id":9144,"quantity":2,"price":77}],"date":"Apr 18, 2024, 9:28:17 AM"}
{"name":"Ancient Wizard","level":98,"killCount":-1,"type":"NPC","drops":[{"name":"Bones","id":526,"quantity":1,"price":79},{"name":"Death rune","id":560,"quantity":24,"price":167}],"date":"Apr 18, 2024, 9:28:28 AM"}
{"name":"Ancient Wizard","level":112,"killCount":-1,"type":"NPC","drops":[{"name":"Bones","id":526,"quantity":1,"price":79},{"name":"Air rune","id":556,"quantity":23,"price":5}],"date":"Apr 18, 2024, 9:28:37 AM"}
{"name":"Ancient Wizard","level":98,"killCount":-1,"type":"NPC","drops":[{"name":"Bones","id":526,"quantity":1,"price":79},{"name":"Runite bolts","id":9144,"quantity":2,"price":77}],"date":"Apr 18, 2024, 9:40:35 AM"}
{"name":"Ancient Wizard","level":98,"killCount":-1,"type":"NPC","drops":[{"name":"Bones","id":526,"quantity":1,"price":79},{"name":"Staff of fire","id":1387,"quantity":1,"price":1621}],"date":"Apr 18, 2024, 9:40:42 AM"}
{"name":"Ancient Wizard","level":112,"killCount":-1,"type":"NPC","drops":[{"name":"Bones","id":526,"quantity":1,"price":79},{"name":"Coins","id":995,"quantity":145,"price":1}],"date":"Apr 18, 2024, 9:40:48 AM"}
{"name":"Ancient Wizard","level":98,"killCount":-1,"type":"NPC","drops":[{"name":"Bones","id":526,"quantity":1,"price":79},{"name":"Fire rune","id":554,"quantity":21,"price":5}],"date":"Apr 18, 2024, 10:49:10 AM"}
{"name":"Ancient Wizard","level":98,"killCount":-1,"type":"NPC","drops":[{"name":"Bones","id":526,"quantity":1,"price":79},{"name":"Runite crossbow (u)","id":9465,"quantity":1,"price":9542}],"date":"Apr 18, 2024, 10:49:19 AM"}
{"name":"Ancient Wizard","level":112,"killCount":-1,"type":"NPC","drops":[{"name":"Bones","id":526,"quantity":1,"price":79},{"name":"Pure essence","id":7937,"quantity":25,"price":1}],"date":"Apr 18, 2024, 10:49:27 AM"}
{"name":"Ancient Wizard","level":98,"killCount":-1,"type":"NPC","drops":[{"name":"Bones","id":526,"quantity":1,"price":104},{"name":"Runite bolts","id":9144,"quantity":3,"price":47}],"date":"Jul 16, 2024, 3:07:37 PM"}
{"name":"Ancient Wizard","level":98,"killCount":-1,"type":"NPC","drops":[{"name":"Bones","id":526,"quantity":1,"price":104},{"name":"Runite bolts","id":9144,"quantity":3,"price":47}],"date":"Jul 16, 2024, 3:07:46 PM"}
{"name":"Ancient Wizard","level":112,"killCount":-1,"type":"NPC","drops":[{"name":"Bones","id":526,"quantity":1,"price":104},{"name":"Coins","id":995,"quantity":150,"price":1}],"date":"Jul 16, 2024, 3:07:52 PM"}
{"name":"Ancient Wizard","level":112,"killCount":-1,"type":"NPC","drops":[{"name":"Bones","id":526,"quantity":1,"price":128},{"name":"Fire rune","id":554,"quantity":22,"price":4}],"date":"Jul 28, 2024, 10:18:31 AM"}
{"name":"Ancient Wizard","level":98,"killCount":-1,"type":"NPC","drops":[{"name":"Bones","id":526,"quantity":1,"price":128},{"name":"Death rune","id":560,"quantity":5,"price":201}],"date":"Jul 28, 2024, 10:18:47 AM"}
{"name":"Ancient Wizard","level":98,"killCount":-1,"type":"NPC","drops":[{"name":"Bones","id":526,"quantity":1,"price":128},{"name":"Onion seed","id":5319,"quantity":3,"price":1}],"date":"Jul 28, 2024, 10:19:03 AM"}
{"name":"Ancient Wizard","level":112,"killCount":-1,"type":"NPC","drops":[{"name":"Bones","id":526,"quantity":1,"price":116},{"name":"Coins","id":995,"quantity":139,"price":1}],"date":"Oct 22, 2024, 3:23:44 PM"}
{"name":"Ancient Wizard","level":98,"killCount":-1,"type":"NPC","drops":[{"name":"Bones","id":526,"quantity":1,"price":116},{"name":"Coins","id":995,"quantity":53,"price":1}],"date":"Oct 22, 2024, 3:23:59 PM"}
{"name":"Ancient Wizard","level":98,"killCount":-1,"type":"NPC","drops":[{"name":"Bones","id":526,"quantity":1,"price":116},{"name":"Air rune","id":556,"quantity":17,"price":5}],"date":"Oct 22, 2024, 3:24:19 PM"}
{"name":"Ancient Wizard","level":98,"killCount":-1,"type":"NPC","drops":[{"name":"Bones","id":526,"quantity":1,"price":66},{"name":"Coins","id":995,"quantity":78,"price":1}],"date":"Feb 12, 2025, 2:17:10 PM"}
{"name":"Ancient Wizard","level":98,"killCount":-1,"type":"NPC","drops":[{"name":"Bones","id":526,"quantity":1,"price":66},{"name":"Fire battlestaff","id":1393,"quantity":1,"price":9065}],"date":"Feb 12, 2025, 2:17:18 PM"}
{"name":"Ancient Wizard","level":112,"killCount":-1,"type":"NPC","drops":[{"name":"Bones","id":526,"quantity":1,"price":66},{"name":"Runite bolts","id":9144,"quantity":4,"price":48}],"date":"Feb 12, 2025, 2:17:26 PM"}
{"name":"Ancient Wizard","level":112,"killCount":-1,"type":"NPC","drops":[{"name":"Bones","id":526,"quantity":1,"price":66},{"name":"Prayer potion(4)","id":2434,"quantity":1,"price":8802}],"date":"Feb 12, 2025, 2:37:02 PM"}
{"name":"Ancient Wizard","level":98,"killCount":-1,"type":"NPC","drops":[{"name":"Bones","id":526,"quantity":1,"price":66},{"name":"Grimy ranarr weed","id":207,"quantity":1,"price":5972}],"date":"Feb 12, 2025, 2:37:11 PM"}
{"name":"Ancient Wizard","level":98,"killCount":-1,"type":"NPC","drops":[{"name":"Bones","id":526,"quantity":1,"price":66},{"name":"Grimy irit leaf","id":209,"quantity":1,"price":1228}],"date":"Feb 12, 2025, 2:37:22 PM"}
