{"name":"Ankou","level":95,"killCount":-1,"type":"NPC","drops":[{"name":"Bones","id":526,"quantity":1,"price":73},{"name":"Coins","id":995,"quantity":8,"price":1}],"date":"Apr 29, 2022, 8:35:12 PM"}
{"name":"Ankou","level":95,"killCount":-1,"type":"NPC","drops":[{"name":"Bones","id":526,"quantity":1,"price":73},{"name":"Coins","id":995,"quantity":8,"price":1}],"date":"Apr 29, 2022, 8:35:22 PM"}
{"name":"Ankou","level":95,"killCount":-1,"type":"NPC","drops":[{"name":"Bones","id":526,"quantity":1,"price":73},{"name":"Coins","id":995,"quantity":8,"price":1}],"date":"Apr 29, 2022, 8:35:31 PM"}
{"name":"Ankou","level":95,"killCount":-1,"type":"NPC","drops":[{"name":"Bones","id":526,"quantity":1,"price":73},{"name":"Blood rune","id":565,"quantity":11,"price":346}],"date":"Apr 29, 2022, 8:35:39 PM"}
{"name":"Ankou","level":95,"killCount":-1,"type":"NPC","drops":[{"name":"Bones","id":526,"quantity":1,"price":73}],"date":"Apr 29, 2022, 8:35:58 PM"}
{"name":"Ankou","level":95,"killCount":-1,"type":"NPC","drops":[{"name":"Bones","id":526,"quantity":1,"price":73},{"name":"Death rune","id":560,"quantity":10,"price":185}],"date":"Apr 29, 2022, 8:36:03 PM"}
{"name":"Ankou","level":95,"killCount":-1,"type":"NPC","drops":[{"name":"Bones","id":526,"quantity":1,"price":73},{"name":"Law rune","id":563,"quantity":2,"price":128}],"date":"Apr 29, 2022, 8:36:15 PM"}
{"name":"Ankou","level":95,"killCount":-1,"type":"NPC","drops":[{"name":"Bones","id":526,"quantity":1,"price":73},{"name":"Bass","id":365,"quantity":1,"price":85}],"date":"Apr 29, 2022, 8:36:22 PM"}
{"name":"Ankou","level":95,"killCount":-1,"type":"NPC","drops":[{"name":"Bones","id":526,"quantity":1,"price":73},{"name":"Adamant arrow","id":890,"quantity":9,"price":23}],"date":"Apr 29, 2022, 8:36:27 PM"}
{"name":"Ankou","level":95,"killCount":-1,"type":"NPC","drops":[{"name":"Bones","id":526,"quantity":1,"price":73},{"name":"Law rune","id":563,"quantity":2,"price":128}],"date":"Apr 29, 2022, 8:36:37 PM"}
{"name":"Ankou","level":95,"killCount":-1,"type":"NPC","drops":[{"name":"Bones","id":526,"quantity":1,"price":73},{"name":"Coins","id":995,"quantity":8,"price":1}],"date":"Apr 29, 2022, 8:36:42 PM"}
{"name":"Ankou","level":95,"killCount":-1,"type":"NPC","drops":[{"name":"Bones","id":526,"quantity":1,"price":73},{"name":"Coins","id":995,"quantity":8,"price":1}],"date":"Apr 29, 2022, 8:36:54 PM"}
{"name":"Ankou","level":95,"killCount":-1,"type":"NPC","drops":[{"name":"Bones","id":526,"quantity":1,"price":73},{"name":"Coins","id":995,"quantity":8,"price":1}],"date":"Apr 29, 2022, 8:37:13 PM"}
{"name":"Ankou","level":95,"killCount":-1,"type":"NPC","drops":[{"name":"Bones","id":526,"quantity":1,"price":73},{"name":"Death rune","id":560,"quantity":10,"price":185}],"date":"Apr 29, 2022, 8:37:20 PM"}
{"name":"Ankou","level":95,"killCount":-1,"type":"NPC","drops":[{"name":"Bones","id":526,"quantity":1,"price":73},{"name":"Dark totem top","id":19683,"quantity":1,"price":0},{"name":"Coins","id":995,"quantity":8,"price":1}],"date":"Apr 29, 2022, 8:37:27 PM"}
{"name":"Ankou","level":95,"killCount":-1,"type":"NPC","drops":[{"name":"Bones","id":526,"quantity":1,"price":73}],"date":"Apr 29, 2022, 8:37:37 PM"}
{"name":"Ankou","level":95,"killCount":-1,"type":"NPC","drops":[{"name":"Bones","id":526,"quantity":1,"price":73},{"name":"Grimy marrentill","id":201,"quantity":1,"price":18}],"date":"Apr 29, 2022, 8:37:46 PM"}
{"name":"Ankou","level":95,"killCount":-1,"type":"NPC","drops":[{"name":"Bones","id":526,"quantity":1,"price":73},{"name":"Coins","id":995,"quantity":8,"price":1}],"date":"Apr 29, 2022, 8:37:55 PM"}
{"name":"Ankou","level":95,"killCount":-1,"type":"NPC","drops":[{"name":"Bones","id":526,"quantity":1,"price":73},{"name":"Bass","id":365,"quantity":1,"price":85}],"date":"Apr 29, 2022, 8:38:00 PM"}
{"name":"Ankou","level":95,"killCount":-1,"type":"NPC","drops":[{"name":"Bones","id":526,"quantity":1,"price":73},{"name":"Blood rune","id":565,"quantity":11,"price":346}],"date":"Apr 29, 2022, 8:38:07 PM"}
{"name":"Ankou","level":95,"killCount":-1,"type":"NPC","drops":[{"name":"Bones","id":526,"quantity":1,"price":73},{"name":"Coins","id":995,"quantity":72,"price":1}],"date":"Apr 29, 2022, 8:38:24 PM"}
{"name":"Ankou","level":95,"killCount":-1,"type":"NPC","drops":[{"name":"Bones","id":526,"quantity":1,"price":73},{"name":"Coins","id":995,"quantity":51,"price":1}],"date":"Apr 29, 2022, 8:38:32 PM"}
{"name":"Ankou","level":95,"killCount":-1,"type":"NPC","drops":[{"name":"Bones","id":526,"quantity":1,"price":73},{"name":"Blood rune","id":565,"quantity":5,"price":346}],"date":"Apr 29, 2022, 8:38:41 PM"}
{"name":"Ankou","level":95,"killCount":-1,"type":"NPC","drops":[{"name":"Bones","id":526,"quantity":1,"price":73},{"name":"Blood rune","id":565,"quantity":5,"price":346}],"date":"Apr 29, 2022, 8:38:46 PM"}
{"name":"Ankou","level":95,"killCount":-1,"type":"NPC","drops":[{"name":"Bones","id":526,"quantity":1,"price":73},{"name":"Law rune","id":563,"quantity":2,"price":128}],"date":"Apr 29, 2022, 8:38:58 PM"}
{"name":"Ankou","level":95,"killCount":-1,"type":"NPC","drops":[{"name":"Bones","id":526,"quantity":1,"price":73},{"name":"Coins","id":995,"quantity":8,"price":1}],"date":"Apr 29, 2022, 8:39:05 PM"}
{"name":"Ankou","level":95,"killCount":-1,"type":"NPC","drops":[{"name":"Bones","id":526,"quantity":1,"price":73},{"name":"Coins","id":995,"quantity":8,"price":1}],"date":"Apr 29, 2022, 8:39:15 PM"}
{"name":"Ankou","level":95,"killCount":-1,"type":"NPC","drops":[{"name":"Bones","id":526,"quantity":1,"price":73},{"name":"Coins","id":995,"quantity":8,"price":1}],"date":"Apr 29, 2022, 8:39:27 PM"}
{"name":"Ankou","level":95,"killCount":-1,"type":"NPC","drops":[{"name":"Bones","id":526,"quantity":1,"price":73},{"name":"Blood rune","id":565,"quantity":11,"price":346}],"date":"Apr 29, 2022, 8:39:31 PM"}
{"name":"Ankou","level":95,"killCount":-1,"type":"NPC","drops":[{"name":"Bones","id":526,"quantity":1,"price":73},{"name":"Coins","id":995,"quantity":151,"price":1}],"date":"Apr 29, 2022, 8:39:36 PM"}
{"name":"Ankou","level":95,"killCount":-1,"type":"NPC","drops":[{"name":"Bones","id":526,"quantity":1,"price":73},{"name":"Coins","id":995,"quantity":8,"price":1}],"date":"Apr 29, 2022, 8:39:41 PM"}
{"name":"Ankou","level":95,"killCount":-1,"type":"NPC","drops":[{"name":"Bones","id":526,"quantity":1,"price":73},{"name":"Fried mushrooms","id":7082,"quantity":1,"price":115}],"date":"Apr 29, 2022, 8:39:51 PM"}
{"name":"Ankou","level":95,"killCount":-1,"type":"NPC","drops":[{"name":"Bones","id":526,"quantity":1,"price":73},{"name":"Law rune","id":563,"quantity":2,"price":128}],"date":"Apr 29, 2022, 8:39:58 PM"}
{"name":"Ankou","level":95,"killCount":-1,"type":"NPC","drops":[{"name":"Bones","id":526,"quantity":1,"price":73},{"name":"Coins","id":995,"quantity":8,"price":1}],"date":"Apr 29, 2022, 8:40:05 PM"}
{"name":"Ankou","level":95,"killCount":-1,"type":"NPC","drops":[{"name":"Bones","id":526,"quantity":1,"price":73},{"name":"Coins","id":995,"quantity":8,"price":1}],"date":"Apr 29, 2022, 8:40:17 PM"}
{"name":"Ankou","level":95,"killCount":-1,"type":"NPC","drops":[{"name":"Bones","id":526,"quantity":1,"price":73},{"name":"Law rune","id":563,"quantity":2,"price":128}],"date":"Apr 29, 2022, 8:40:24 PM"}
{"name":"Ankou","level":95,"killCount":-1,"type":"NPC","drops":[{"name":"Bones","id":526,"quantity":1,"price":73},{"name":"Weapon poison","id":187,"quantity":1,"price":747}],"date":"Apr 29, 2022, 8:40:33 PM"}
{"name":"Ankou","level":95,"killCount":-1,"type":"NPC","drops":[{"name":"Bones","id":526,"quantity":1,"price":73},{"name":"Black knife","id":869,"quantity":1,"price":57}],"date":"Apr 29, 2022, 8:40:39 PM"}
{"name":"Ankou","level":95,"killCount":-1,"type":"NPC","drops":[{"name":"Bones","id":526,"quantity":1,"price":73},{"name":"Blood rune","id":565,"quantity":11,"price":346}],"date":"Apr 29, 2022, 8:40:51 PM"}
{"name":"Ankou","level":95,"killCount":-1,"type":"NPC","drops":[{"name":"Bones","id":526,"quantity":1,"price":73}],"date":"Apr 29, 2022, 8:41:03 PM"}
{"name":"Ankou","level":95,"killCount":-1,"type":"NPC","drops":[{"name":"Bones","id":526,"quantity":1,"price":73},{"name":"Coins","id":995,"quantity":60,"price":1}],"date":"Apr 29, 2022, 8:41:22 PM"}
{"name":"Ankou","level":95,"killCount":-1,"type":"NPC","drops":[{"name":"Bones","id":526,"quantity":1,"price":73},{"name":"Law rune","id":563,"quantity":2,"price":128}],"date":"Apr 29, 2022, 8:41:34 PM"}
{"name":"Ankou","level":95,"killCount":-1,"type":"NPC","drops":[{"name":"Bones","id":526,"quantity":1,"price":73},{"name":"Coins","id":995,"quantity":8,"price":1}],"date":"Apr 29, 2022, 8:41:43 PM"}
{"name":"Ankou","level":95,"killCount":-1,"type":"NPC","drops":[{"name":"Bones","id":526,"quantity":1,"price":73},{"name":"Coins","id":995,"quantity":8,"price":1}],"date":"Apr 29, 2022, 8:42:00 PM"}
{"name":"Ankou","level":95,"killCount":-1,"type":"NPC","drops":[{"name":"Bones","id":526,"quantity":1,"price":73},{"name":"Bass","id":365,"quantity":1,"price":85}],"date":"Apr 29, 2022, 8:42:09 PM"}
{"name":"Ankou","level":95,"killCount":-1,"type":"NPC","drops":[{"name":"Bones","id":526,"quantity":1,"price":73},{"name":"Grimy ranarr weed","id":207,"quantity":1,"price":7712}],"date":"Apr 29, 2022, 8:42:17 PM"}
{"name":"Ankou","level":95,"killCount":-1,"type":"NPC","drops":[{"name":"Bones","id":526,"quantity":1,"price":73},{"name":"Bass","id":365,"quantity":1,"price":85}],"date":"Apr 29, 2022, 8:42:26 PM"}
{"name":"Ankou","level":95,"killCount":-1,"type":"NPC","drops":[{"name":"Bones","id":526,"quantity":1,"price":73},{"name":"Death rune","id":560,"quantity":10,"price":185}],"date":"Apr 29, 2022, 8:42:36 PM"}
{"name":"Ankou","level":95,"killCount":-1,"type":"NPC","drops":[{"name":"Bones","id":526,"quantity":1,"price":73},{"name":"Weapon poison","id":187,"quantity":1,"price":747}],"date":"Apr 29, 2022, 8:42:45 PM"}
{"name":"Ankou","level":95,"killCount":-1,"type":"NPC","drops":[{"name":"Bones","id":526,"quantity":1,"price":73},{"name":"Coins","id":995,"quantity":8,"price":1}],"date":"Apr 29, 2022, 8:42:53 PM"}
{"name":"Ankou","level":95,"killCount":-1,"type":"NPC","drops":[{"name":"Bones","id":526,"quantity":1,"price":73},{"name":"Coins","id":995,"quantity":8,"price":1}],"date":"Apr 29, 2022, 8:43:00 PM"}
{"name":"Ankou","level":86,"killCount":-1,"type":"NPC","drops":[{"name":"Bones","id":526,"quantity":1,"price":79},{"name":"Grimy marrentill","id":201,"quantity":1,"price":20}],"date":"May 10, 2022, 1:18:29 PM"}
{"name":"Ankou","level":86,"killCount":-1,"type":"NPC","drops":[{"name":"Bones","id":526,"quantity":1,"price":79},{"name":"Coins","id":995,"quantity":127,"price":1}],"date":"May 10, 2022, 1:18:44 PM"}
{"name":"Ankou","level":86,"killCount":-1,"type":"NPC","drops":[{"name":"Bones","id":526,"quantity":1,"price":79}],"date":"May 10, 2022, 1:19:06 PM"}
{"name":"Ankou","level":86,"killCount":-1,"type":"NPC","drops":[{"name":"Bones","id":526,"quantity":1,"price":79},{"name":"Bass","id":365,"quantity":1,"price":86}],"date":"May 10, 2022, 1:19:16 PM"}
{"name":"Ankou","level":86,"killCount":-1,"type":"NPC","drops":[{"name":"Bones","id":526,"quantity":1,"price":79},{"name":"Dark fishing bait","id":11940,"quantity":60,"price":8}],"date":"May 10, 2022, 1:19:41 PM"}
{"name":"Ankou","level":75,"killCount":-1,"type":"NPC","drops":[{"name":"Bones","id":526,"quantity":1,"price":68},{"name":"Pure essence","id":7937,"quantity":15,"price":2}],"date":"May 14, 2022, 8:39:52 AM"}
{"name":"Ankou","level":82,"killCount":-1,"type":"NPC","drops":[{"name":"Bones","id":526,"quantity":1,"price":68},{"name":"Coins","id":995,"quantity":8,"price":1}],"date":"May 14, 2022, 8:39:57 AM"}
{"name":"Ankou","level":75,"killCount":-1,"type":"NPC","drops":[{"name":"Bones","id":526,"quantity":1,"price":68},{"name":"Coins","id":995,"quantity":81,"price":1}],"date":"May 14, 2022, 8:40:04 AM"}
{"name":"Ankou","level":75,"killCount":-1,"type":"NPC","drops":[{"name":"Bones","id":526,"quantity":1,"price":68},{"name":"Bass","id":365,"quantity":1,"price":85}],"date":"May 14, 2022, 8:40:14 AM"}
{"name":"Ankou","level":82,"killCount":-1,"type":"NPC","drops":[{"name":"Bones","id":526,"quantity":1,"price":68},{"name":"Coins","id":995,"quantity":8,"price":1}],"date":"May 14, 2022, 8:40:22 AM"}
{"name":"Ankou","level":75,"killCount":-1,"type":"NPC","drops":[{"name":"Bones","id":526,"quantity":1,"price":68},{"name":"Coins","id":995,"quantity":8,"price":1}],"date":"May 14, 2022, 8:40:28 AM"}
{"name":"Ankou","level":75,"killCount":-1,"type":"NPC","drops":[{"name":"Bones","id":526,"quantity":1,"price":68},{"name":"Grimy kwuarm","id":213,"quantity":1,"price":1603}],"date":"May 14, 2022, 8:40:40 AM"}
{"name":"Ankou","level":82,"killCount":-1,"type":"NPC","drops":[{"name":"Bones","id":526,"quantity":1,"price":68},{"name":"Coins","id":995,"quantity":129,"price":1}],"date":"May 14, 2022, 8:40:43 AM"}
{"name":"Ankou","level":75,"killCount":-1,"type":"NPC","drops":[{"name":"Bones","id":526,"quantity":1,"price":68},{"name":"Blood rune","id":565,"quantity":5,"price":354}],"date":"May 14, 2022, 8:40:49 AM"}
{"name":"Ankou","level":82,"killCount":-1,"type":"NPC","drops":[{"name":"Bones","id":526,"quantity":1,"price":68},{"name":"Coins","id":995,"quantity":177,"price":1}],"date":"May 14, 2022, 8:40:55 AM"}
{"name":"Ankou","level":82,"killCount":-1,"type":"NPC","drops":[{"name":"Bones","id":526,"quantity":1,"price":68},{"name":"Coins","id":995,"quantity":8,"price":1}],"date":"May 14, 2022, 8:41:03 AM"}
{"name":"Ankou","level":75,"killCount":-1,"type":"NPC","drops":[{"name":"Bones","id":526,"quantity":1,"price":68},{"name":"Uncut sapphire","id":1623,"quantity":1,"price":365}],"date":"May 14, 2022, 8:41:11 AM"}
{"name":"Ankou","level":75,"killCount":-1,"type":"NPC","drops":[{"name":"Bones","id":526,"quantity":1,"price":68},{"name":"Coins","id":995,"quantity":8,"price":1}],"date":"May 14, 2022, 8:41:19 AM"}
{"name":"Ankou","level":82,"killCount":-1,"type":"NPC","drops":[{"name":"Bones","id":526,"quantity":1,"price":68},{"name":"Black robe","id":581,"quantity":1,"price":803}],"date":"May 14, 2022, 8:41:23 AM"}
{"name":"Ankou","level":75,"killCount":-1,"type":"NPC","drops":[{"name":"Bones","id":526,"quantity":1,"price":68},{"name":"Law rune","id":563,"quantity":2,"price":129}],"date":"May 14, 2022, 8:41:31 AM"}
{"name":"Ankou","level":75,"killCount":-1,"type":"NPC","drops":[{"name":"Bones","id":526,"quantity":1,"price":68},{"name":"Mithril ore","id":448,"quantity":7,"price":124}],"date":"May 14, 2022, 8:41:41 AM"}
{"name":"Ankou","level":82,"killCount":-1,"type":"NPC","drops":[{"name":"Bones","id":526,"quantity":1,"price":68}],"date":"May 14, 2022, 8:41:49 AM"}
{"name":"Ankou","level":82,"killCount":-1,"type":"NPC","drops":[{"name":"Bones","id":526,"quantity":1,"price":68},{"name":"Coins","id":995,"quantity":8,"price":1}],"date":"May 14, 2022, 8:41:51 AM"}
{"name":"Ankou","level":75,"killCount":-1,"type":"NPC","drops":[{"name":"Bones","id":526,"quantity":1,"price":68},{"name":"Death rune","id":560,"quantity":10,"price":186}],"date":"May 14, 2022, 8:41:56 AM"}
{"name":"Ankou","level":75,"killCount":-1,"type":"NPC","drops":[{"name":"Bones","id":526,"quantity":1,"price":68},{"name":"Pure essence","id":7937,"quantity":15,"price":2}],"date":"May 14, 2022, 8:42:06 AM"}
{"name":"Ankou","level":82,"killCount":-1,"type":"NPC","drops":[{"name":"Bones","id":526,"quantity":1,"price":68},{"name":"Death rune","id":560,"quantity":10,"price":186}],"date":"May 14, 2022, 8:42:18 AM"}
{"name":"Ankou","level":75,"killCount":-1,"type":"NPC","drops":[{"name":"Bones","id":526,"quantity":1,"price":68},{"name":"Death rune","id":560,"quantity":10,"price":186}],"date":"May 14, 2022, 8:42:25 AM"}
{"name":"Ankou","level":75,"killCount":-1,"type":"NPC","drops":[{"name":"Bones","id":526,"quantity":1,"price":68},{"name":"Law rune","id":563,"quantity":2,"price":129}],"date":"May 14, 2022, 8:42:34 AM"}
{"name":"Ankou","level":82,"killCount":-1,"type":"NPC","drops":[{"name":"Bones","id":526,"quantity":1,"price":68},{"name":"Coins","id":995,"quantity":8,"price":1}],"date":"May 14, 2022, 8:42:44 AM"}
{"name":"Ankou","level":75,"killCount":-1,"type":"NPC","drops":[{"name":"Bones","id":526,"quantity":1,"price":68},{"name":"Blood rune","id":565,"quantity":11,"price":354}],"date":"May 14, 2022, 8:42:49 AM"}
{"name":"Ankou","level":75,"killCount":-1,"type":"NPC","drops":[{"name":"Bones","id":526,"quantity":1,"price":68},{"name":"Death rune","id":560,"quantity":10,"price":186}],"date":"May 14, 2022, 8:43:04 AM"}
{"name":"Ankou","level":82,"killCount":-1,"type":"NPC","drops":[{"name":"Bones","id":526,"quantity":1,"price":68},{"name":"Grimy irit leaf","id":209,"quantity":1,"price":735}],"date":"May 14, 2022, 8:43:11 AM"}
{"name":"Ankou","level":82,"killCount":-1,"type":"NPC","drops":[{"name":"Bones","id":526,"quantity":1,"price":68},{"name":"Mithril ore","id":448,"quantity":6,"price":124}],"date":"May 14, 2022, 8:43:22 AM"}
{"name":"Ankou","level":75,"killCount":-1,"type":"NPC","drops":[{"name":"Bones","id":526,"quantity":1,"price":68}],"date":"May 14, 2022, 8:43:32 AM"}
{"name":"Ankou","level":86,"killCount":-1,"type":"NPC","drops":[{"name":"Bones","id":526,"quantity":1,"price":68},{"name":"Blood rune","id":565,"quantity":5,"price":354}],"date":"May 14, 2022, 8:43:42 AM"}
{"name":"Ankou","level":82,"killCount":-1,"type":"NPC","drops":[{"name":"Bones","id":526,"quantity":1,"price":68},{"name":"Coins","id":995,"quantity":8,"price":1}],"date":"May 14, 2022, 8:43:52 AM"}
{"name":"Ankou","level":75,"killCount":-1,"type":"NPC","drops":[{"name":"Bones","id":526,"quantity":1,"price":68}],"date":"May 14, 2022, 8:43:59 AM"}
{"name":"Ankou","level":82,"killCount":-1,"type":"NPC","drops":[{"name":"Bones","id":526,"quantity":1,"price":68},{"name":"Coins","id":995,"quantity":8,"price":1}],"date":"May 14, 2022, 8:44:06 AM"}
{"name":"Ankou","level":75,"killCount":-1,"type":"NPC","drops":[{"name":"Bones","id":526,"quantity":1,"price":68},{"name":"Belladonna seed","id":5281,"quantity":1,"price":41}],"date":"May 14, 2022, 8:44:15 AM"}
{"name":"Ankou","level":75,"killCount":-1,"type":"NPC","drops":[{"name":"Bones","id":526,"quantity":1,"price":68},{"name":"Death rune","id":560,"quantity":10,"price":186}],"date":"May 14, 2022, 8:44:22 AM"}
{"name":"Ankou","level":82,"killCount":-1,"type":"NPC","drops":[{"name":"Bones","id":526,"quantity":1,"price":68},{"name":"Adamant arrow","id":890,"quantity":6,"price":23}],"date":"May 14, 2022, 8:44:28 AM"}
{"name":"Ankou","level":75,"killCount":-1,"type":"NPC","drops":[{"name":"Bones","id":526,"quantity":1,"price":68},{"name":"Coins","id":995,"quantity":8,"price":1}],"date":"May 14, 2022, 8:44:41 AM"}
{"name":"Ankou","level":75,"killCount":-1,"type":"NPC","drops":[{"name":"Bones","id":526,"quantity":1,"price":68},{"name":"Coins","id":995,"quantity":75,"price":1}],"date":"May 14, 2022, 8:44:58 AM"}
{"name":"Ankou","level":82,"killCount":-1,"type":"NPC","drops":[{"name":"Bones","id":526,"quantity":1,"price":68},{"name":"Coins","id":995,"quantity":8,"price":1}],"date":"May 14, 2022, 8:45:05 AM"}
{"name":"Ankou","level":75,"killCount":-1,"type":"NPC","drops":[{"name":"Bones","id":526,"quantity":1,"price":68},{"name":"Coins","id":995,"quantity":8,"price":1}],"date":"May 14, 2022, 8:45:11 AM"}
{"name":"Ankou","level":82,"killCount":-1,"type":"NPC","drops":[{"name":"Bones","id":526,"quantity":1,"price":68},{"name":"Coins","id":995,"quantity":8,"price":1}],"date":"May 14, 2022, 8:45:19 AM"}
{"name":"Ankou","level":75,"killCount":-1,"type":"NPC","drops":[{"name":"Bones","id":526,"quantity":1,"price":68},{"name":"Law rune","id":563,"quantity":2,"price":129}],"date":"May 14, 2022, 8:45:26 AM"}
{"name":"Ankou","level":82,"killCount":-1,"type":"NPC","drops":[{"name":"Bones","id":526,"quantity":1,"price":68},{"name":"Coins","id":995,"quantity":8,"price":1}],"date":"May 14, 2022, 8:45:31 AM"}
{"name":"Ankou","level":82,"killCount":-1,"type":"NPC","drops":[{"name":"Bones","id":526,"quantity":1,"price":68},{"name":"Coins","id":995,"quantity":8,"price":1}],"date":"May 14, 2022, 8:45:47 AM"}
{"name":"Ankou","level":75,"killCount":-1,"type":"NPC","drops":[{"name":"Bones","id":526,"quantity":1,"price":68},{"name":"Coins","id":995,"quantity":8,"price":1}],"date":"May 14, 2022, 8:45:59 AM"}
{"name":"Ankou","level":82,"killCount":-1,"type":"NPC","drops":[{"name":"Bones","id":526,"quantity":1,"price":68},{"name":"Blood rune","id":565,"quantity":5,"price":354}],"date":"May 14, 2022, 8:46:03 AM"}
{"name":"Ankou","level":75,"killCount":-1,"type":"NPC","drops":[{"name":"Bones","id":526,"quantity":1,"price":68},{"name":"Coins","id":995,"quantity":8,"price":1}],"date":"May 14, 2022, 8:46:28 AM"}
{"name":"Ankou","level":82,"killCount":-1,"type":"NPC","drops":[{"name":"Bones","id":526,"quantity":1,"price":68},{"name":"Coins","id":995,"quantity":8,"price":1}],"date":"May 14, 2022, 8:46:34 AM"}
{"name":"Ankou","level":75,"killCount":-1,"type":"NPC","drops":[{"name":"Bones","id":526,"quantity":1,"price":68}],"date":"May 14, 2022, 8:46:36 AM"}
{"name":"Ankou","level":82,"killCount":-1,"type":"NPC","drops":[{"name":"Bones","id":526,"quantity":1,"price":68},{"name":"Blood rune","id":565,"quantity":11,"price":354}],"date":"May 14, 2022, 8:46:46 AM"}
{"name":"Ankou","level":75,"killCount":-1,"type":"NPC","drops":[{"name":"Bones","id":526,"quantity":1,"price":71},{"name":"Reward casket (elite)","id":20543,"quantity":1,"price":0},{"name":"Coins","id":995,"quantity":69,"price":1}],"date":"Jun 26, 2022, 6:26:20 PM"}
{"name":"Ankou","level":75,"killCount":-1,"type":"NPC","drops":[{"name":"Bones","id":526,"quantity":1,"price":73},{"name":"Law rune","id":563,"quantity":2,"price":138}],"date":"Jun 29, 2022, 3:04:56 PM"}
{"name":"Ankou","level":82,"killCount":-1,"type":"NPC","drops":[{"name":"Bones","id":526,"quantity":1,"price":73},{"name":"Coins","id":995,"quantity":8,"price":1}],"date":"Jun 29, 2022, 3:05:05 PM"}
{"name":"Ankou","level":75,"killCount":-1,"type":"NPC","drops":[{"name":"Bones","id":526,"quantity":1,"price":73},{"name":"Coins","id":995,"quantity":8,"price":1}],"date":"Jun 29, 2022, 3:05:11 PM"}
{"name":"Ankou","level":75,"killCount":-1,"type":"NPC","drops":[{"name":"Bones","id":526,"quantity":1,"price":73},{"name":"Coins","id":995,"quantity":8,"price":1}],"date":"Jun 29, 2022, 3:05:15 PM"}
{"name":"Ankou","level":82,"killCount":-1,"type":"NPC","drops":[{"name":"Bones","id":526,"quantity":1,"price":73},{"name":"Pure essence","id":7937,"quantity":15,"price":1}],"date":"Jun 29, 2022, 3:05:23 PM"}
{"name":"Ankou","level":75,"killCount":-1,"type":"NPC","drops":[{"name":"Bones","id":526,"quantity":1,"price":73},{"name":"Law rune","id":563,"quantity":2,"price":138}],"date":"Jun 29, 2022, 3:05:36 PM"}
{"name":"Ankou","level":82,"killCount":-1,"type":"NPC","drops":[{"name":"Bones","id":526,"quantity":1,"price":73},{"name":"Mithril ore","id":448,"quantity":4,"price":122}],"date":"Jun 29, 2022, 3:05:44 PM"}
{"name":"Ankou","level":75,"killCount":-1,"type":"NPC","drops":[{"name":"Bones","id":526,"quantity":1,"price":73},{"name":"Coins","id":995,"quantity":8,"price":1}],"date":"Jun 29, 2022, 3:05:54 PM"}
{"name":"Ankou","level":75,"killCount":-1,"type":"NPC","drops":[{"name":"Bones","id":526,"quantity":1,"price":73},{"name":"Law rune","id":563,"quantity":2,"price":138}],"date":"Jun 29, 2022, 3:05:59 PM"}
{"name":"Ankou","level":82,"killCount":-1,"type":"NPC","drops":[{"name":"Bones","id":526,"quantity":1,"price":73},{"name":"Blood rune","id":565,"quantity":11,"price":352}],"date":"Jun 29, 2022, 3:06:09 PM"}
{"name":"Ankou","level":75,"killCount":-1,"type":"NPC","drops":[{"name":"Bones","id":526,"quantity":1,"price":73},{"name":"Coins","id":995,"quantity":163,"price":1}],"date":"Jun 29, 2022, 3:06:21 PM"}
{"name":"Ankou","level":82,"killCount":-1,"type":"NPC","drops":[{"name":"Bones","id":526,"quantity":1,"price":73},{"name":"Death rune","id":560,"quantity":10,"price":185}],"date":"Jun 29, 2022, 3:06:30 PM"}
{"name":"Ankou","level":75,"killCount":-1,"type":"NPC","drops":[{"name":"Bones","id":526,"quantity":1,"price":73},{"name":"Coins","id":995,"quantity":8,"price":1}],"date":"Jun 29, 2022, 3:06:37 PM"}
{"name":"Ankou","level":75,"killCount":-1,"type":"NPC","drops":[{"name":"Bones","id":526,"quantity":1,"price":73},{"name":"Coins","id":995,"quantity":77,"price":1}],"date":"Jun 29, 2022, 3:06:44 PM"}
{"name":"Ankou","level":82,"killCount":-1,"type":"NPC","drops":[{"name":"Bones","id":526,"quantity":1,"price":73},{"name":"Coins","id":995,"quantity":8,"price":1}],"date":"Jun 29, 2022, 3:06:51 PM"}
{"name":"Ankou","level":75,"killCount":-1,"type":"NPC","drops":[{"name":"Bones","id":526,"quantity":1,"price":73},{"name":"Coins","id":995,"quantity":182,"price":1}],"date":"Jun 29, 2022, 3:07:00 PM"}
{"name":"Ankou","level":82,"killCount":-1,"type":"NPC","drops":[{"name":"Bones","id":526,"quantity":1,"price":73},{"name":"Death rune","id":560,"quantity":10,"price":185}],"date":"Jun 29, 2022, 3:07:09 PM"}
{"name":"Ankou","level":75,"killCount":-1,"type":"NPC","drops":[{"name":"Bones","id":526,"quantity":1,"price":73},{"name":"Strawberry seed","id":5323,"quantity":1,"price":1}],"date":"Jun 29, 2022, 3:07:20 PM"}
{"name":"Ankou","level":82,"killCount":-1,"type":"NPC","drops":[{"name":"Bones","id":526,"quantity":1,"price":73},{"name":"Coins","id":995,"quantity":197,"price":1}],"date":"Jun 29, 2022, 3:07:24 PM"}
{"name":"Ankou","level":82,"killCount":-1,"type":"NPC","drops":[{"name":"Bones","id":526,"quantity":1,"price":73},{"name":"Coins","id":995,"quantity":192,"price":1}],"date":"Jun 29, 2022, 3:07:42 PM"}
{"name":"Ankou","level":75,"killCount":-1,"type":"NPC","drops":[{"name":"Bones","id":526,"quantity":1,"price":73},{"name":"Pure essence","id":7937,"quantity":15,"price":1}],"date":"Jun 29, 2022, 3:07:50 PM"}
{"name":"Ankou","level":82,"killCount":-1,"type":"NPC","drops":[{"name":"Bones","id":526,"quantity":1,"price":73},{"name":"Death rune","id":560,"quantity":10,"price":185}],"date":"Jun 29, 2022, 3:08:05 PM"}
{"name":"Ankou","level":82,"killCount":-1,"type":"NPC","drops":[{"name":"Bones","id":526,"quantity":1,"price":73},{"name":"Coins","id":995,"quantity":138,"price":1}],"date":"Jun 29, 2022, 3:08:26 PM"}
{"name":"Ankou","level":75,"killCount":-1,"type":"NPC","drops":[{"name":"Bones","id":526,"quantity":1,"price":73},{"name":"Pure essence","id":7937,"quantity":15,"price":1}],"date":"Jun 29, 2022, 3:08:33 PM"}
{"name":"Ankou","level":75,"killCount":-1,"type":"NPC","drops":[{"name":"Bones","id":526,"quantity":1,"price":73},{"name":"Pure essence","id":7937,"quantity":15,"price":1}],"date":"Jun 29, 2022, 3:08:38 PM"}
{"name":"Ankou","level":82,"killCount":-1,"type":"NPC","drops":[{"name":"Bones","id":526,"quantity":1,"price":73},{"name":"Coins","id":995,"quantity":8,"price":1}],"date":"Jun 29, 2022, 3:08:50 PM"}
{"name":"Ankou","level":82,"killCount":-1,"type":"NPC","drops":[{"name":"Bones","id":526,"quantity":1,"price":73},{"name":"Coins","id":995,"quantity":8,"price":1}],"date":"Jun 29, 2022, 3:09:22 PM"}
{"name":"Ankou","level":75,"killCount":-1,"type":"NPC","drops":[{"name":"Bones","id":526,"quantity":1,"price":73},{"name":"Pure essence","id":7937,"quantity":15,"price":1}],"date":"Jun 29, 2022, 3:09:32 PM"}
{"name":"Ankou","level":82,"killCount":-1,"type":"NPC","drops":[{"name":"Bones","id":526,"quantity":1,"price":73},{"name":"Blood rune","id":565,"quantity":11,"price":352}],"date":"Jun 29, 2022, 3:09:41 PM"}
{"name":"Ankou","level":75,"killCount":-1,"type":"NPC","drops":[{"name":"Bones","id":526,"quantity":1,"price":73},{"name":"Coins","id":995,"quantity":7,"price":1}],"date":"Jun 29, 2022, 3:09:47 PM"}
{"name":"Ankou","level":75,"killCount":-1,"type":"NPC","drops":[{"name":"Bones","id":526,"quantity":1,"price":73},{"name":"Grimy marrentill","id":201,"quantity":1,"price":20}],"date":"Jun 29, 2022, 3:09:55 PM"}
{"name":"Ankou","level":82,"killCount":-1,"type":"NPC","drops":[{"name":"Bones","id":526,"quantity":1,"price":73},{"name":"Coins","id":995,"quantity":173,"price":1}],"date":"Jun 29, 2022, 3:10:09 PM"}
{"name":"Ankou","level":75,"killCount":-1,"type":"NPC","drops":[{"name":"Bones","id":526,"quantity":1,"price":73},{"name":"Adamant arrow","id":890,"quantity":11,"price":22}],"date":"Jun 29, 2022, 3:10:16 PM"}
{"name":"Ankou","level":75,"killCount":-1,"type":"NPC","drops":[{"name":"Bones","id":526,"quantity":1,"price":73},{"name":"Bass","id":365,"quantity":1,"price":76}],"date":"Jun 29, 2022, 3:10:23 PM"}
{"name":"Ankou","level":82,"killCount":-1,"type":"NPC","drops":[{"name":"Bones","id":526,"quantity":1,"price":73},{"name":"Blood rune","id":565,"quantity":11,"price":352}],"date":"Jun 29, 2022, 3:10:33 PM"}
{"name":"Ankou","level":75,"killCount":-1,"type":"NPC","drops":[{"name":"Bones","id":526,"quantity":1,"price":73},{"name":"Bass","id":365,"quantity":1,"price":76}],"date":"Jun 29, 2022, 3:10:39 PM"}
{"name":"Ankou","level":82,"killCount":-1,"type":"NPC","drops":[{"name":"Bones","id":526,"quantity":1,"price":73},{"name":"Snapdragon seed","id":5300,"quantity":1,"price":84140}],"date":"Jun 29, 2022, 3:10:53 PM"}
{"name":"Ankou","level":75,"killCount":-1,"type":"NPC","drops":[{"name":"Bones","id":526,"quantity":1,"price":73},{"name":"Coins","id":995,"quantity":8,"price":1}],"date":"Jun 29, 2022, 3:10:58 PM"}
{"name":"Ankou","level":82,"killCount":-1,"type":"NPC","drops":[{"name":"Bones","id":526,"quantity":1,"price":73},{"name":"Blood rune","id":565,"quantity":5,"price":352}],"date":"Jun 29, 2022, 3:11:08 PM"}
{"name":"Ankou","level":75,"killCount":-1,"type":"NPC","drops":[{"name":"Bones","id":526,"quantity":1,"price":73},{"name":"Death rune","id":560,"quantity":10,"price":185}],"date":"Jun 29, 2022, 3:11:13 PM"}
{"name":"Ankou","level":82,"killCount":-1,"type":"NPC","drops":[{"name":"Bones","id":526,"quantity":1,"price":73}],"date":"Jun 29, 2022, 3:11:26 PM"}
{"name":"Ankou","level":75,"killCount":-1,"type":"NPC","drops":[{"name":"Bones","id":526,"quantity":1,"price":73},{"name":"Blood rune","id":565,"quantity":5,"price":352}],"date":"Jun 29, 2022, 3:11:36 PM"}
{"name":"Ankou","level":82,"killCount":-1,"type":"NPC","drops":[{"name":"Bones","id":526,"quantity":1,"price":73},{"name":"Coins","id":995,"quantity":8,"price":1}],"date":"Jun 29, 2022, 3:11:44 PM"}
{"name":"Ankou","level":75,"killCount":-1,"type":"NPC","drops":[{"name":"Bones","id":526,"quantity":1,"price":73},{"name":"Coins","id":995,"quantity":188,"price":1}],"date":"Jun 29, 2022, 3:11:53 PM"}
{"name":"Ankou","level":82,"killCount":-1,"type":"NPC","drops":[{"name":"Bones","id":526,"quantity":1,"price":73},{"name":"Coins","id":995,"quantity":91,"price":1}],"date":"Jun 29, 2022, 3:12:06 PM"}
{"name":"Ankou","level":75,"killCount":-1,"type":"NPC","drops":[{"name":"Bones","id":526,"quantity":1,"price":73},{"name":"Coins","id":995,"quantity":57,"price":1}],"date":"Jun 29, 2022, 3:12:13 PM"}
{"name":"Ankou","level":82,"killCount":-1,"type":"NPC","drops":[{"name":"Bones","id":526,"quantity":1,"price":73},{"name":"Coins","id":995,"quantity":8,"price":1}],"date":"Jun 29, 2022, 3:12:23 PM"}
{"name":"Ankou","level":75,"killCount":-1,"type":"NPC","drops":[{"name":"Bones","id":526,"quantity":1,"price":73},{"name":"Coins","id":995,"quantity":65,"price":1}],"date":"Jun 29, 2022, 3:12:31 PM"}
{"name":"Ankou","level":82,"killCount":-1,"type":"NPC","drops":[{"name":"Bones","id":526,"quantity":1,"price":73},{"name":"Mithril ore","id":448,"quantity":3,"price":122}],"date":"Jun 29, 2022, 3:12:43 PM"}
{"name":"Ankou","level":75,"killCount":-1,"type":"NPC","drops":[{"name":"Bones","id":526,"quantity":1,"price":73},{"name":"Pure essence","id":7937,"quantity":15,"price":1}],"date":"Jun 29, 2022, 3:12:46 PM"}
{"name":"Ankou","level":75,"killCount":-1,"type":"NPC","drops":[{"name":"Bones","id":526,"quantity":1,"price":73},{"name":"Coins","id":995,"quantity":64,"price":1}],"date":"Jun 29, 2022, 3:13:00 PM"}
{"name":"Ankou","level":82,"killCount":-1,"type":"NPC","drops":[{"name":"Bones","id":526,"quantity":1,"price":73},{"name":"Coins","id":995,"quantity":8,"price":1}],"date":"Jun 29, 2022, 3:13:12 PM"}
{"name":"Ankou","level":75,"killCount":-1,"type":"NPC","drops":[{"name":"Bones","id":526,"quantity":1,"price":73},{"name":"Pure essence","id":7937,"quantity":15,"price":1}],"date":"Jun 29, 2022, 3:13:15 PM"}
{"name":"Ankou","level":75,"killCount":-1,"type":"NPC","drops":[{"name":"Bones","id":526,"quantity":1,"price":73},{"name":"Coins","id":995,"quantity":166,"price":1}],"date":"Jun 29, 2022, 3:13:22 PM"}
{"name":"Ankou","level":82,"killCount":-1,"type":"NPC","drops":[{"name":"Bones","id":526,"quantity":1,"price":73},{"name":"Coins","id":995,"quantity":8,"price":1}],"date":"Jun 29, 2022, 3:13:28 PM"}
{"name":"Ankou","level":75,"killCount":-1,"type":"NPC","drops":[{"name":"Bones","id":526,"quantity":1,"price":73},{"name":"Coins","id":995,"quantity":8,"price":1}],"date":"Jun 29, 2022, 3:13:40 PM"}
{"name":"Ankou","level":82,"killCount":-1,"type":"NPC","drops":[{"name":"Bones","id":526,"quantity":1,"price":73},{"name":"Law rune","id":563,"quantity":2,"price":138}],"date":"Jun 29, 2022, 3:13:46 PM"}
{"name":"Ankou","level":75,"killCount":-1,"type":"NPC","drops":[{"name":"Bones","id":526,"quantity":1,"price":73},{"name":"Adamant arrow","id":890,"quantity":10,"price":22}],"date":"Jun 29, 2022, 3:13:53 PM"}
{"name":"Ankou","level":82,"killCount":-1,"type":"NPC","drops":[{"name":"Bones","id":526,"quantity":1,"price":73},{"name":"Death rune","id":560,"quantity":10,"price":185}],"date":"Jun 29, 2022, 3:14:05 PM"}
{"name":"Ankou","level":75,"killCount":-1,"type":"NPC","drops":[{"name":"Bones","id":526,"quantity":1,"price":73},{"name":"Coins","id":995,"quantity":8,"price":1}],"date":"Jun 29, 2022, 3:14:11 PM"}
{"name":"Ankou","level":75,"killCount":-1,"type":"NPC","drops":[{"name":"Bones","id":526,"quantity":1,"price":73},{"name":"Coins","id":995,"quantity":8,"price":1}],"date":"Jun 29, 2022, 3:14:23 PM"}
{"name":"Ankou","level":75,"killCount":-1,"type":"NPC","drops":[{"name":"Bones","id":526,"quantity":1,"price":73},{"name":"Death rune","id":560,"quantity":10,"price":185}],"date":"Jun 29, 2022, 3:14:31 PM"}
{"name":"Ankou","level":75,"killCount":-1,"type":"NPC","drops":[{"name":"Bones","id":526,"quantity":1,"price":73},{"name":"Pure essence","id":7937,"quantity":15,"price":1}],"date":"Jun 29, 2022, 3:14:43 PM"}
{"name":"Ankou","level":82,"killCount":-1,"type":"NPC","drops":[{"name":"Bones","id":526,"quantity":1,"price":73},{"name":"Coins","id":995,"quantity":8,"price":1}],"date":"Jun 29, 2022, 3:14:49 PM"}
{"name":"Ankou","level":82,"killCount":-1,"type":"NPC","drops":[{"name":"Bones","id":526,"quantity":1,"price":73},{"name":"Grimy guam leaf","id":199,"quantity":1,"price":59}],"date":"Jun 29, 2022, 3:14:52 PM"}
{"name":"Ankou","level":75,"killCount":-1,"type":"NPC","drops":[{"name":"Bones","id":526,"quantity":1,"price":73},{"name":"Grimy ranarr weed","id":207,"quantity":1,"price":9304}],"date":"Jun 29, 2022, 3:14:56 PM"}
{"name":"Ankou","level":75,"killCount":-1,"type":"NPC","drops":[{"name":"Bones","id":526,"quantity":1,"price":73},{"name":"Adamant arrow","id":890,"quantity":7,"price":22}],"date":"Jun 29, 2022, 3:15:08 PM"}
{"name":"Ankou","level":82,"killCount":-1,"type":"NPC","drops":[{"name":"Bones","id":526,"quantity":1,"price":71},{"name":"Blood rune","id":565,"quantity":5,"price":360}],"date":"Jul 9, 2022, 10:53:55 PM"}
{"name":"Ankou","level":75,"killCount":-1,"type":"NPC","drops":[{"name":"Bones","id":526,"quantity":1,"price":71},{"name":"Weapon poison","id":187,"quantity":1,"price":367}],"date":"Jul 9, 2022, 10:54:04 PM"}
{"name":"Ankou","level":82,"killCount":-1,"type":"NPC","drops":[{"name":"Bones","id":526,"quantity":1,"price":71},{"name":"Blood rune","id":565,"quantity":11,"price":360}],"date":"Jul 9, 2022, 10:54:27 PM"}
{"name":"Ankou","level":75,"killCount":-1,"type":"NPC","drops":[{"name":"Bones","id":526,"quantity":1,"price":71},{"name":"Coins","id":995,"quantity":8,"price":1}],"date":"Jul 9, 2022, 10:54:35 PM"}
{"name":"Ankou","level":75,"killCount":-1,"type":"NPC","drops":[{"name":"Bones","id":526,"quantity":1,"price":71},{"name":"Pure essence","id":7937,"quantity":15,"price":2}],"date":"Jul 9, 2022, 10:54:42 PM"}
{"name":"Ankou","level":82,"killCount":-1,"type":"NPC","drops":[{"name":"Bones","id":526,"quantity":1,"price":71},{"name":"Pure essence","id":7937,"quantity":15,"price":2}],"date":"Jul 9, 2022, 10:54:48 PM"}
{"name":"Ankou","level":82,"killCount":-1,"type":"NPC","drops":[{"name":"Bones","id":526,"quantity":1,"price":71},{"name":"Blood rune","id":565,"quantity":11,"price":360}],"date":"Jul 9, 2022, 10:54:51 PM"}
{"name":"Ankou","level":82,"killCount":-1,"type":"NPC","drops":[{"name":"Bones","id":526,"quantity":1,"price":71},{"name":"Black robe","id":581,"quantity":1,"price":821}],"date":"Jul 9, 2022, 10:55:09 PM"}
{"name":"Ankou","level":75,"killCount":-1,"type":"NPC","drops":[{"name":"Bones","id":526,"quantity":1,"price":71},{"name":"Coins","id":995,"quantity":153,"price":1}],"date":"Jul 9, 2022, 10:55:18 PM"}
{"name":"Ankou","level":82,"killCount":-1,"type":"NPC","drops":[{"name":"Bones","id":526,"quantity":1,"price":71},{"name":"Limpwurt seed","id":5100,"quantity":1,"price":8}],"date":"Jul 9, 2022, 10:55:31 PM"}
{"name":"Ankou","level":75,"killCount":-1,"type":"NPC","drops":[{"name":"Bones","id":526,"quantity":1,"price":71},{"name":"Coins","id":995,"quantity":8,"price":1}],"date":"Jul 9, 2022, 10:55:37 PM"}
{"name":"Ankou","level":82,"killCount":-1,"type":"NPC","drops":[{"name":"Bones","id":526,"quantity":1,"price":71},{"name":"Coins","id":995,"quantity":8,"price":1}],"date":"Jul 9, 2022, 10:55:48 PM"}
{"name":"Ankou","level":82,"killCount":-1,"type":"NPC","drops":[{"name":"Bones","id":526,"quantity":1,"price":71},{"name":"Coins","id":995,"quantity":8,"price":1}],"date":"Jul 9, 2022, 10:55:52 PM"}
{"name":"Ankou","level":75,"killCount":-1,"type":"NPC","drops":[{"name":"Bones","id":526,"quantity":1,"price":71},{"name":"Coins","id":995,"quantity":8,"price":1}],"date":"Jul 9, 2022, 10:56:01 PM"}
{"name":"Ankou","level":82,"killCount":-1,"type":"NPC","drops":[{"name":"Bones","id":526,"quantity":1,"price":71},{"name":"Death rune","id":560,"quantity":10,"price":183}],"date":"Jul 9, 2022, 10:56:08 PM"}
{"name":"Ankou","level":75,"killCount":-1,"type":"NPC","drops":[{"name":"Bones","id":526,"quantity":1,"price":71},{"name":"Death rune","id":560,"quantity":10,"price":183}],"date":"Jul 9, 2022, 10:56:13 PM"}
{"name":"Ankou","level":75,"killCount":-1,"type":"NPC","drops":[{"name":"Bones","id":526,"quantity":1,"price":71}],"date":"Jul 9, 2022, 10:56:21 PM"}
{"name":"Ankou","level":82,"killCount":-1,"type":"NPC","drops":[{"name":"Bones","id":526,"quantity":1,"price":71},{"name":"Pure essence","id":7937,"quantity":15,"price":2}],"date":"Jul 9, 2022, 10:56:31 PM"}
{"name":"Ankou","level":82,"killCount":-1,"type":"NPC","drops":[{"name":"Bones","id":526,"quantity":1,"price":71},{"name":"Pure essence","id":7937,"quantity":15,"price":2}],"date":"Jul 9, 2022, 10:56:39 PM"}
{"name":"Ankou","level":75,"killCount":-1,"type":"NPC","drops":[{"name":"Bones","id":526,"quantity":1,"price":71},{"name":"Pure essence","id":7937,"quantity":15,"price":2}],"date":"Jul 9, 2022, 10:56:49 PM"}
{"name":"Ankou","level":82,"killCount":-1,"type":"NPC","drops":[{"name":"Bones","id":526,"quantity":1,"price":71},{"name":"Blood rune","id":565,"quantity":11,"price":360}],"date":"Jul 9, 2022, 10:56:58 PM"}
{"name":"Ankou","level":75,"killCount":-1,"type":"NPC","drops":[{"name":"Bones","id":526,"quantity":1,"price":71},{"name":"Coins","id":995,"quantity":8,"price":1}],"date":"Jul 9, 2022, 10:57:06 PM"}
{"name":"Ankou","level":82,"killCount":-1,"type":"NPC","drops":[{"name":"Bones","id":526,"quantity":1,"price":71},{"name":"Coins","id":995,"quantity":8,"price":1}],"date":"Jul 9, 2022, 10:57:16 PM"}
{"name":"Ankou","level":75,"killCount":-1,"type":"NPC","drops":[{"name":"Bones","id":526,"quantity":1,"price":71},{"name":"Coins","id":995,"quantity":8,"price":1}],"date":"Jul 9, 2022, 10:57:23 PM"}
{"name":"Ankou","level":82,"killCount":-1,"type":"NPC","drops":[{"name":"Bones","id":526,"quantity":1,"price":71},{"name":"Death rune","id":560,"quantity":10,"price":183}],"date":"Jul 9, 2022, 10:57:32 PM"}
{"name":"Ankou","level":75,"killCount":-1,"type":"NPC","drops":[{"name":"Bones","id":526,"quantity":1,"price":71},{"name":"Blood rune","id":565,"quantity":5,"price":360}],"date":"Jul 9, 2022, 10:57:45 PM"}
{"name":"Ankou","level":82,"killCount":-1,"type":"NPC","drops":[{"name":"Bones","id":526,"quantity":1,"price":71},{"name":"Adamant arrow","id":890,"quantity":5,"price":22}],"date":"Jul 9, 2022, 10:57:53 PM"}
{"name":"Ankou","level":75,"killCount":-1,"type":"NPC","drops":[{"name":"Bones","id":526,"quantity":1,"price":71},{"name":"Death rune","id":560,"quantity":10,"price":183}],"date":"Jul 9, 2022, 10:58:03 PM"}
{"name":"Ankou","level":82,"killCount":-1,"type":"NPC","drops":[{"name":"Bones","id":526,"quantity":1,"price":71},{"name":"Death rune","id":560,"quantity":10,"price":183}],"date":"Jul 9, 2022, 10:58:10 PM"}
{"name":"Ankou","level":75,"killCount":-1,"type":"NPC","drops":[{"name":"Bones","id":526,"quantity":1,"price":71},{"name":"Blood rune","id":565,"quantity":11,"price":360}],"date":"Jul 9, 2022, 10:58:30 PM"}
{"name":"Ankou","level":82,"killCount":-1,"type":"NPC","drops":[{"name":"Bones","id":526,"quantity":1,"price":71}],"date":"Jul 9, 2022, 10:58:48 PM"}
{"name":"Ankou","level":75,"killCount":-1,"type":"NPC","drops":[{"name":"Bones","id":526,"quantity":1,"price":69},{"name":"Coins","id":995,"quantity":93,"price":1}],"date":"Jul 9, 2022, 10:59:00 PM"}
{"name":"Ankou","level":82,"killCount":-1,"type":"NPC","drops":[{"name":"Bones","id":526,"quantity":1,"price":69},{"name":"Death rune","id":560,"quantity":10,"price":186}],"date":"Jul 9, 2022, 10:59:09 PM"}
{"name":"Ankou","level":82,"killCount":-1,"type":"NPC","drops":[{"name":"Bones","id":526,"quantity":1,"price":69},{"name":"Blood rune","id":565,"quantity":11,"price":365}],"date":"Jul 9, 2022, 10:59:24 PM"}
{"name":"Ankou","level":75,"killCount":-1,"type":"NPC","drops":[{"name":"Bones","id":526,"quantity":1,"price":69},{"name":"Coins","id":995,"quantity":8,"price":1}],"date":"Jul 9, 2022, 10:59:36 PM"}
{"name":"Ankou","level":82,"killCount":-1,"type":"NPC","drops":[{"name":"Bones","id":526,"quantity":1,"price":69},{"name":"Blood rune","id":565,"quantity":5,"price":365}],"date":"Jul 9, 2022, 10:59:40 PM"}
{"name":"Ankou","level":75,"killCount":-1,"type":"NPC","drops":[{"name":"Bones","id":526,"quantity":1,"price":69}],"date":"Jul 9, 2022, 10:59:59 PM"}
{"name":"Ankou","level":75,"killCount":-1,"type":"NPC","drops":[{"name":"Bones","id":526,"quantity":1,"price":69},{"name":"Coins","id":995,"quantity":145,"price":1}],"date":"Jul 9, 2022, 11:00:01 PM"}
{"name":"Ankou","level":82,"killCount":-1,"type":"NPC","drops":[{"name":"Bones","id":526,"quantity":1,"price":69}],"date":"Jul 9, 2022, 11:00:10 PM"}
{"name":"Ankou","level":75,"killCount":-1,"type":"NPC","drops":[{"name":"Bones","id":526,"quantity":1,"price":69},{"name":"Coins","id":995,"quantity":8,"price":1}],"date":"Jul 9, 2022, 11:00:19 PM"}
{"name":"Ankou","level":82,"killCount":-1,"type":"NPC","drops":[{"name":"Bones","id":526,"quantity":1,"price":69},{"name":"Mithril ore","id":448,"quantity":6,"price":126}],"date":"Jul 9, 2022, 11:00:32 PM"}
{"name":"Ankou","level":75,"killCount":-1,"type":"NPC","drops":[{"name":"Bones","id":526,"quantity":1,"price":69},{"name":"Adamant arrow","id":890,"quantity":12,"price":22}],"date":"Jul 9, 2022, 11:00:37 PM"}
{"name":"Ankou","level":82,"killCount":-1,"type":"NPC","drops":[{"name":"Bones","id":526,"quantity":1,"price":69},{"name":"Coins","id":995,"quantity":8,"price":1}],"date":"Jul 9, 2022, 11:00:48 PM"}
{"name":"Ankou","level":75,"killCount":-1,"type":"NPC","drops":[{"name":"Bones","id":526,"quantity":1,"price":69},{"name":"Coins","id":995,"quantity":84,"price":1}],"date":"Jul 9, 2022, 11:00:53 PM"}
{"name":"Ankou","level":75,"killCount":-1,"type":"NPC","drops":[{"name":"Bones","id":526,"quantity":1,"price":69},{"name":"Coins","id":995,"quantity":8,"price":1}],"date":"Jul 9, 2022, 11:01:09 PM"}
{"name":"Ankou","level":82,"killCount":-1,"type":"NPC","drops":[{"name":"Bones","id":526,"quantity":1,"price":69},{"name":"Blood rune","id":565,"quantity":5,"price":365}],"date":"Jul 9, 2022, 11:01:27 PM"}
{"name":"Ankou","level":75,"killCount":-1,"type":"NPC","drops":[{"name":"Bones","id":526,"quantity":1,"price":69},{"name":"Law rune","id":563,"quantity":2,"price":144}],"date":"Jul 9, 2022, 11:01:32 PM"}
{"name":"Ankou","level":75,"killCount":-1,"type":"NPC","drops":[{"name":"Bones","id":526,"quantity":1,"price":69},{"name":"Coins","id":995,"quantity":54,"price":1}],"date":"Jul 9, 2022, 11:01:39 PM"}
{"name":"Ankou","level":82,"killCount":-1,"type":"NPC","drops":[{"name":"Bones","id":526,"quantity":1,"price":69}],"date":"Jul 9, 2022, 11:01:54 PM"}
{"name":"Ankou","level":75,"killCount":-1,"type":"NPC","drops":[{"name":"Bones","id":526,"quantity":1,"price":69},{"name":"Coins","id":995,"quantity":8,"price":1}],"date":"Jul 9, 2022, 11:02:03 PM"}
{"name":"Ankou","level":75,"killCount":-1,"type":"NPC","drops":[{"name":"Bones","id":526,"quantity":1,"price":69},{"name":"Pure essence","id":7937,"quantity":15,"price":1}],"date":"Jul 9, 2022, 11:02:06 PM"}
{"name":"Ankou","level":82,"killCount":-1,"type":"NPC","drops":[{"name":"Bones","id":526,"quantity":1,"price":69},{"name":"Law rune","id":563,"quantity":2,"price":144}],"date":"Jul 9, 2022, 11:02:13 PM"}
{"name":"Ankou","level":82,"killCount":-1,"type":"NPC","drops":[{"name":"Bones","id":526,"quantity":1,"price":69},{"name":"Coins","id":995,"quantity":8,"price":1}],"date":"Jul 9, 2022, 11:02:18 PM"}
{"name":"Ankou","level":75,"killCount":-1,"type":"NPC","drops":[{"name":"Bones","id":526,"quantity":1,"price":69},{"name":"Coins","id":995,"quantity":8,"price":1}],"date":"Jul 9, 2022, 11:02:22 PM"}
{"name":"Ankou","level":75,"killCount":-1,"type":"NPC","drops":[{"name":"Bones","id":526,"quantity":1,"price":69},{"name":"Coins","id":995,"quantity":8,"price":1}],"date":"Jul 9, 2022, 11:02:30 PM"}
{"name":"Ankou","level":82,"killCount":-1,"type":"NPC","drops":[{"name":"Bones","id":526,"quantity":1,"price":69},{"name":"Coins","id":995,"quantity":204,"price":1}],"date":"Jul 9, 2022, 11:02:40 PM"}
{"name":"Ankou","level":75,"killCount":-1,"type":"NPC","drops":[{"name":"Bones","id":526,"quantity":1,"price":69},{"name":"Coins","id":995,"quantity":124,"price":1}],"date":"Jul 9, 2022, 11:02:45 PM"}
{"name":"Ankou","level":75,"killCount":-1,"type":"NPC","drops":[{"name":"Bones","id":526,"quantity":1,"price":69},{"name":"Coins","id":995,"quantity":8,"price":1}],"date":"Jul 9, 2022, 11:02:52 PM"}
{"name":"Ankou","level":82,"killCount":-1,"type":"NPC","drops":[{"name":"Bones","id":526,"quantity":1,"price":69},{"name":"Coins","id":995,"quantity":8,"price":1}],"date":"Jul 9, 2022, 11:03:06 PM"}
{"name":"Ankou","level":75,"killCount":-1,"type":"NPC","drops":[{"name":"Bones","id":526,"quantity":1,"price":69},{"name":"Blood rune","id":565,"quantity":11,"price":365}],"date":"Jul 9, 2022, 11:03:15 PM"}
{"name":"Ankou","level":75,"killCount":-1,"type":"NPC","drops":[{"name":"Coins","id":995,"quantity":203,"price":1}],"date":"Aug 3, 2022, 8:03:37 PM"}
{"name":"Ankou","level":82,"killCount":-1,"type":"NPC","drops":[{"name":"Death rune","id":560,"quantity":10,"price":182}],"date":"Aug 3, 2022, 8:03:45 PM"}
{"name":"Ankou","level":82,"killCount":-1,"type":"NPC","drops":[{"name":"Coins","id":995,"quantity":8,"price":1}],"date":"Aug 3, 2022, 8:03:53 PM"}
{"name":"Ankou","level":75,"killCount":-1,"type":"NPC","drops":[{"name":"Adamant arrow","id":890,"quantity":9,"price":21}],"date":"Aug 3, 2022, 8:04:02 PM"}
{"name":"Ankou","level":82,"killCount":-1,"type":"NPC","drops":[{"name":"Adamant arrow","id":890,"quantity":13,"price":21}],"date":"Aug 3, 2022, 8:04:20 PM"}
{"name":"Ankou","level":75,"killCount":-1,"type":"NPC","drops":[{"name":"Adamant arrow","id":890,"quantity":7,"price":21}],"date":"Aug 3, 2022, 8:04:30 PM"}
{"name":"Ankou","level":82,"killCount":-1,"type":"NPC","drops":[{"name":"Coins","id":995,"quantity":182,"price":1}],"date":"Aug 3, 2022, 8:04:39 PM"}
{"name":"Ankou","level":75,"killCount":-1,"type":"NPC","drops":[{"name":"Coins","id":995,"quantity":8,"price":1}],"date":"Aug 3, 2022, 8:04:47 PM"}
{"name":"Ankou","level":82,"killCount":-1,"type":"NPC","drops":[{"name":"Pure essence","id":7937,"quantity":15,"price":2}],"date":"Aug 3, 2022, 8:05:01 PM"}
{"name":"Ankou","level":75,"killCount":-1,"type":"NPC","drops":[{"name":"Death rune","id":560,"quantity":10,"price":182}],"date":"Aug 3, 2022, 8:05:06 PM"}
{"name":"Ankou","level":75,"killCount":-1,"type":"NPC","drops":[{"name":"Death rune","id":560,"quantity":10,"price":182}],"date":"Aug 3, 2022, 8:05:20 PM"}
{"name":"Ankou","level":82,"killCount":-1,"type":"NPC","drops":[{"name":"Coins","id":995,"quantity":8,"price":1}],"date":"Aug 3, 2022, 8:05:24 PM"}
{"name":"Ankou","level":75,"killCount":-1,"type":"NPC","drops":[{"name":"Coins","id":995,"quantity":8,"price":1}],"date":"Aug 3, 2022, 8:05:31 PM"}
{"name":"Ankou","level":82,"killCount":-1,"type":"NPC","drops":[{"name":"Coins","id":995,"quantity":8,"price":1}],"date":"Aug 3, 2022, 8:05:42 PM"}
{"name":"Ankou","level":75,"killCount":-1,"type":"NPC","drops":[{"name":"Law rune","id":563,"quantity":2,"price":138}],"date":"Aug 3, 2022, 8:05:51 PM"}
{"name":"Ankou","level":82,"killCount":-1,"type":"NPC","drops":[{"name":"Death rune","id":560,"quantity":10,"price":182}],"date":"Aug 3, 2022, 8:06:01 PM"}
{"name":"Ankou","level":75,"killCount":-1,"type":"NPC","drops":[{"name":"Blood rune","id":565,"quantity":5,"price":359}],"date":"Aug 3, 2022, 8:06:07 PM"}
{"name":"Ankou","level":82,"killCount":-1,"type":"NPC","drops":[{"name":"Uncut sapphire","id":1623,"quantity":1,"price":344}],"date":"Aug 3, 2022, 8:06:13 PM"}
{"name":"Ankou","level":82,"killCount":-1,"type":"NPC","drops":[{"name":"Coins","id":995,"quantity":8,"price":1}],"date":"Aug 3, 2022, 8:06:19 PM"}
{"name":"Ankou","level":82,"killCount":-1,"type":"NPC","drops":[{"name":"Coins","id":995,"quantity":137,"price":1}],"date":"Aug 3, 2022, 8:06:44 PM"}
{"name":"Ankou","level":75,"killCount":-1,"type":"NPC","drops":[{"name":"Coins","id":995,"quantity":8,"price":1}],"date":"Aug 3, 2022, 8:06:53 PM"}
{"name":"Ankou","level":82,"killCount":-1,"type":"NPC","drops":[{"name":"Coins","id":995,"quantity":8,"price":1}],"date":"Aug 3, 2022, 8:07:06 PM"}
{"name":"Ankou","level":75,"killCount":-1,"type":"NPC","drops":[{"name":"Law rune","id":563,"quantity":2,"price":138}],"date":"Aug 3, 2022, 8:07:08 PM"}
{"name":"Ankou","level":75,"killCount":-1,"type":"NPC","drops":[{"name":"Coins","id":995,"quantity":8,"price":1}],"date":"Aug 3, 2022, 8:07:16 PM"}
{"name":"Ankou","level":82,"killCount":-1,"type":"NPC","drops":[{"name":"Death rune","id":560,"quantity":10,"price":182}],"date":"Aug 3, 2022, 8:07:27 PM"}
{"name":"Ankou","level":75,"killCount":-1,"type":"NPC","drops":[{"name":"Grimy harralander","id":205,"quantity":1,"price":739}],"date":"Aug 3, 2022, 8:07:32 PM"}
{"name":"Ankou","level":82,"killCount":-1,"type":"NPC","drops":[{"name":"Coins","id":995,"quantity":8,"price":1}],"date":"Aug 3, 2022, 8:07:44 PM"}
{"name":"Ankou","level":75,"killCount":-1,"type":"NPC","drops":[{"name":"Coins","id":995,"quantity":8,"price":1}],"date":"Aug 3, 2022, 8:07:54 PM"}
{"name":"Ankou","level":75,"killCount":-1,"type":"NPC","drops":[{"name":"Law rune","id":563,"quantity":2,"price":138}],"date":"Aug 3, 2022, 8:08:01 PM"}
{"name":"Ankou","level":82,"killCount":-1,"type":"NPC","drops":[{"name":"Coins","id":995,"quantity":136,"price":1}],"date":"Aug 3, 2022, 8:08:13 PM"}
{"name":"Ankou","level":75,"killCount":-1,"type":"NPC","drops":[{"name":"Coins","id":995,"quantity":8,"price":1}],"date":"Aug 3, 2022, 8:08:22 PM"}
{"name":"Ankou","level":82,"killCount":-1,"type":"NPC","drops":[{"name":"Law rune","id":563,"quantity":2,"price":138}],"date":"Aug 3, 2022, 8:08:27 PM"}
{"name":"Ankou","level":75,"killCount":-1,"type":"NPC","drops":[{"name":"Coins","id":995,"quantity":8,"price":1}],"date":"Aug 3, 2022, 8:08:58 PM"}
{"name":"Ankou","level":82,"killCount":-1,"type":"NPC","drops":[{"name":"Coins","id":995,"quantity":8,"price":1}],"date":"Aug 3, 2022, 8:09:02 PM"}
{"name":"Ankou","level":82,"killCount":-1,"type":"NPC","drops":[{"name":"Coins","id":995,"quantity":8,"price":1}],"date":"Aug 3, 2022, 8:09:14 PM"}
{"name":"Ankou","level":75,"killCount":-1,"type":"NPC","drops":[{"name":"Law rune","id":563,"quantity":2,"price":138}],"date":"Aug 3, 2022, 8:09:28 PM"}
{"name":"Ankou","level":82,"killCount":-1,"type":"NPC","drops":[{"name":"Blood rune","id":565,"quantity":11,"price":358}],"date":"Aug 3, 2022, 8:09:32 PM"}
{"name":"Ankou","level":75,"killCount":-1,"type":"NPC","drops":[{"name":"Coins","id":995,"quantity":8,"price":1}],"date":"Aug 3, 2022, 8:09:35 PM"}
{"name":"Ankou","level":75,"killCount":-1,"type":"NPC","drops":[{"name":"Law rune","id":563,"quantity":2,"price":139}],"date":"Aug 3, 2022, 8:09:46 PM"}
{"name":"Ankou","level":75,"killCount":-1,"type":"NPC","drops":[{"name":"Grimy ranarr weed","id":207,"quantity":1,"price":8915}],"date":"Aug 3, 2022, 8:10:07 PM"}
{"name":"Ankou","level":75,"killCount":-1,"type":"NPC","drops":[{"name":"Pure essence","id":7937,"quantity":15,"price":2}],"date":"Aug 3, 2022, 8:10:13 PM"}
{"name":"Ankou","level":82,"killCount":-1,"type":"NPC","drops":[{"name":"Coins","id":995,"quantity":8,"price":1}],"date":"Aug 3, 2022, 8:10:44 PM"}
{"name":"Ankou","level":75,"killCount":-1,"type":"NPC","drops":[{"name":"Death rune","id":560,"quantity":10,"price":182}],"date":"Aug 3, 2022, 8:10:55 PM"}
{"name":"Ankou","level":75,"killCount":-1,"type":"NPC","drops":[{"name":"Pure essence","id":7937,"quantity":15,"price":2}],"date":"Aug 3, 2022, 8:11:03 PM"}
{"name":"Ankou","level":82,"killCount":-1,"type":"NPC","drops":[{"name":"Death rune","id":560,"quantity":10,"price":182}],"date":"Aug 3, 2022, 8:11:17 PM"}
{"name":"Ankou","level":82,"killCount":-1,"type":"NPC","drops":[{"name":"Coins","id":995,"quantity":8,"price":1}],"date":"Aug 3, 2022, 8:11:44 PM"}
{"name":"Ankou","level":95,"killCount":-1,"type":"NPC","drops":[{"name":"Bones","id":526,"quantity":1,"price":65},{"name":"Reward casket (elite)","id":20543,"quantity":1,"price":0},{"name":"Coins","id":995,"quantity":8,"price":1}],"date":"Aug 6, 2022, 10:17:53 PM"}
{"name":"Ankou","level":75,"killCount":-1,"type":"NPC","drops":[{"name":"Bones","id":526,"quantity":1,"price":66},{"name":"Weapon poison","id":187,"quantity":1,"price":130}],"date":"Sep 3, 2022, 5:49:29 PM"}
{"name":"Ankou","level":75,"killCount":-1,"type":"NPC","drops":[{"name":"Bones","id":526,"quantity":1,"price":66},{"name":"Coins","id":995,"quantity":8,"price":1}],"date":"Sep 3, 2022, 5:49:36 PM"}
{"name":"Ankou","level":75,"killCount":-1,"type":"NPC","drops":[{"name":"Bones","id":526,"quantity":1,"price":66},{"name":"Mithril ore","id":448,"quantity":5,"price":105}],"date":"Sep 3, 2022, 5:49:46 PM"}
{"name":"Ankou","level":75,"killCount":-1,"type":"NPC","drops":[{"name":"Brimstone key","id":23083,"quantity":1,"price":0},{"name":"Bones","id":526,"quantity":1,"price":66},{"name":"Pure essence","id":7937,"quantity":15,"price":2}],"date":"Sep 3, 2022, 5:49:50 PM"}
{"name":"Ankou","level":75,"killCount":-1,"type":"NPC","drops":[{"name":"Bones","id":526,"quantity":1,"price":66},{"name":"Death rune","id":560,"quantity":10,"price":176}],"date":"Sep 3, 2022, 5:50:02 PM"}
{"name":"Ankou","level":75,"killCount":-1,"type":"NPC","drops":[{"name":"Bones","id":526,"quantity":1,"price":66},{"name":"Adamant arrow","id":890,"quantity":12,"price":19}],"date":"Sep 3, 2022, 5:50:08 PM"}
{"name":"Ankou","level":75,"killCount":-1,"type":"NPC","drops":[{"name":"Bones","id":526,"quantity":1,"price":66},{"name":"Left skull half","id":9008,"quantity":1,"price":0}],"date":"Sep 3, 2022, 5:50:14 PM"}
{"name":"Ankou","level":75,"killCount":-1,"type":"NPC","drops":[{"name":"Bones","id":526,"quantity":1,"price":66},{"name":"Grimy ranarr weed","id":207,"quantity":1,"price":7786}],"date":"Sep 3, 2022, 5:50:16 PM"}
{"name":"Ankou","level":75,"killCount":-1,"type":"NPC","drops":[{"name":"Bones","id":526,"quantity":1,"price":66},{"name":"Pure essence","id":7937,"quantity":15,"price":2}],"date":"Sep 3, 2022, 5:50:21 PM"}
{"name":"Ankou","level":75,"killCount":-1,"type":"NPC","drops":[{"name":"Bones","id":526,"quantity":1,"price":66},{"name":"Coins","id":995,"quantity":8,"price":1}],"date":"Sep 3, 2022, 5:50:30 PM"}
{"name":"Ankou","level":75,"killCount":-1,"type":"NPC","drops":[{"name":"Bones","id":526,"quantity":1,"price":66},{"name":"Bass","id":365,"quantity":1,"price":146}],"date":"Sep 3, 2022, 5:50:36 PM"}
{"name":"Ankou","level":75,"killCount":-1,"type":"NPC","drops":[{"name":"Bones","id":526,"quantity":1,"price":66},{"name":"Pure essence","id":7937,"quantity":15,"price":2}],"date":"Sep 3, 2022, 5:50:45 PM"}
{"name":"Ankou","level":75,"killCount":-1,"type":"NPC","drops":[{"name":"Bones","id":526,"quantity":1,"price":66},{"name":"Death rune","id":560,"quantity":10,"price":176}],"date":"Sep 3, 2022, 5:50:53 PM"}
{"name":"Ankou","level":75,"killCount":-1,"type":"NPC","drops":[{"name":"Bones","id":526,"quantity":1,"price":66},{"name":"Coins","id":995,"quantity":8,"price":1}],"date":"Sep 3, 2022, 5:50:57 PM"}
{"name":"Ankou","level":75,"killCount":-1,"type":"NPC","drops":[{"name":"Bones","id":526,"quantity":1,"price":66},{"name":"Death rune","id":560,"quantity":10,"price":176}],"date":"Sep 3, 2022, 5:51:02 PM"}
{"name":"Ankou","level":75,"killCount":-1,"type":"NPC","drops":[{"name":"Bones","id":526,"quantity":1,"price":66},{"name":"Adamant arrow","id":890,"quantity":14,"price":19}],"date":"Sep 3, 2022, 5:51:11 PM"}
{"name":"Ankou","level":75,"killCount":-1,"type":"NPC","drops":[{"name":"Bones","id":526,"quantity":1,"price":66},{"name":"Left skull half","id":9008,"quantity":1,"price":0}],"date":"Sep 3, 2022, 5:51:21 PM"}
{"name":"Ankou","level":75,"killCount":-1,"type":"NPC","drops":[{"name":"Bones","id":526,"quantity":1,"price":66},{"name":"Coins","id":995,"quantity":8,"price":1}],"date":"Sep 3, 2022, 5:51:25 PM"}
{"name":"Ankou","level":75,"killCount":-1,"type":"NPC","drops":[{"name":"Bones","id":526,"quantity":1,"price":66},{"name":"Coins","id":995,"quantity":8,"price":1}],"date":"Sep 3, 2022, 5:51:30 PM"}
{"name":"Ankou","level":75,"killCount":-1,"type":"NPC","drops":[{"name":"Bones","id":526,"quantity":1,"price":66},{"name":"Adamant arrow","id":890,"quantity":11,"price":19}],"date":"Sep 3, 2022, 5:51:39 PM"}
{"name":"Ankou","level":75,"killCount":-1,"type":"NPC","drops":[{"name":"Bones","id":526,"quantity":1,"price":66},{"name":"Blood rune","id":565,"quantity":11,"price":314}],"date":"Sep 3, 2022, 5:51:46 PM"}
{"name":"Ankou","level":75,"killCount":-1,"type":"NPC","drops":[{"name":"Bones","id":526,"quantity":1,"price":66},{"name":"Bass","id":365,"quantity":1,"price":146}],"date":"Sep 3, 2022, 5:51:53 PM"}
{"name":"Ankou","level":75,"killCount":-1,"type":"NPC","drops":[{"name":"Bones","id":526,"quantity":1,"price":66},{"name":"Coins","id":995,"quantity":8,"price":1}],"date":"Sep 3, 2022, 5:51:59 PM"}
{"name":"Ankou","level":75,"killCount":-1,"type":"NPC","drops":[{"name":"Bones","id":526,"quantity":1,"price":66}],"date":"Sep 3, 2022, 5:52:05 PM"}
{"name":"Ankou","level":75,"killCount":-1,"type":"NPC","drops":[{"name":"Bones","id":526,"quantity":1,"price":66},{"name":"Death rune","id":560,"quantity":10,"price":176}],"date":"Sep 3, 2022, 5:52:14 PM"}
{"name":"Ankou","level":75,"killCount":-1,"type":"NPC","drops":[{"name":"Bones","id":526,"quantity":1,"price":66},{"name":"Pure essence","id":7937,"quantity":15,"price":2}],"date":"Sep 3, 2022, 5:52:25 PM"}
{"name":"Ankou","level":75,"killCount":-1,"type":"NPC","drops":[{"name":"Bones","id":526,"quantity":1,"price":66},{"name":"Coins","id":995,"quantity":8,"price":1}],"date":"Sep 3, 2022, 5:52:39 PM"}
{"name":"Ankou","level":75,"killCount":-1,"type":"NPC","drops":[{"name":"Bones","id":526,"quantity":1,"price":66},{"name":"Adamant arrow","id":890,"quantity":13,"price":19}],"date":"Sep 3, 2022, 5:52:44 PM"}
{"name":"Ankou","level":75,"killCount":-1,"type":"NPC","drops":[{"name":"Bones","id":526,"quantity":1,"price":66},{"name":"Black knife","id":869,"quantity":1,"price":51}],"date":"Sep 3, 2022, 5:52:49 PM"}
{"name":"Ankou","level":75,"killCount":-1,"type":"NPC","drops":[{"name":"Bones","id":526,"quantity":1,"price":66},{"name":"Black robe","id":581,"quantity":1,"price":527}],"date":"Sep 3, 2022, 5:52:56 PM"}
{"name":"Ankou","level":75,"killCount":-1,"type":"NPC","drops":[{"name":"Bones","id":526,"quantity":1,"price":66},{"name":"Coins","id":995,"quantity":8,"price":1}],"date":"Sep 3, 2022, 5:53:01 PM"}
{"name":"Ankou","level":75,"killCount":-1,"type":"NPC","drops":[{"name":"Bones","id":526,"quantity":1,"price":66},{"name":"Coins","id":995,"quantity":8,"price":1}],"date":"Sep 3, 2022, 5:53:05 PM"}
{"name":"Ankou","level":75,"killCount":-1,"type":"NPC","drops":[{"name":"Bones","id":526,"quantity":1,"price":66},{"name":"Coins","id":995,"quantity":8,"price":1}],"date":"Sep 3, 2022, 5:53:12 PM"}
{"name":"Ankou","level":75,"killCount":-1,"type":"NPC","drops":[{"name":"Bones","id":526,"quantity":1,"price":66},{"name":"Pure essence","id":7937,"quantity":15,"price":2}],"date":"Sep 3, 2022, 5:53:28 PM"}
{"name":"Ankou","level":75,"killCount":-1,"type":"NPC","drops":[{"name":"Bones","id":526,"quantity":1,"price":66},{"name":"Coins","id":995,"quantity":8,"price":1}],"date":"Sep 3, 2022, 5:53:38 PM"}
{"name":"Ankou","level":75,"killCount":-1,"type":"NPC","drops":[{"name":"Bones","id":526,"quantity":1,"price":66}],"date":"Sep 3, 2022, 5:53:40 PM"}
{"name":"Ankou","level":75,"killCount":-1,"type":"NPC","drops":[{"name":"Bones","id":526,"quantity":1,"price":66},{"name":"Coins","id":995,"quantity":8,"price":1}],"date":"Sep 3, 2022, 5:53:44 PM"}
{"name":"Ankou","level":75,"killCount":-1,"type":"NPC","drops":[{"name":"Bones","id":526,"quantity":1,"price":66}],"date":"Sep 3, 2022, 5:53:54 PM"}
{"name":"Ankou","level":75,"killCount":-1,"type":"NPC","drops":[{"name":"Bones","id":526,"quantity":1,"price":66},{"name":"Pure essence","id":7937,"quantity":15,"price":2}],"date":"Sep 3, 2022, 5:54:05 PM"}
{"name":"Ankou","level":75,"killCount":-1,"type":"NPC","drops":[{"name":"Bones","id":526,"quantity":1,"price":66},{"name":"Coins","id":995,"quantity":8,"price":1}],"date":"Sep 3, 2022, 5:54:19 PM"}
{"name":"Ankou","level":75,"killCount":-1,"type":"NPC","drops":[{"name":"Bones","id":526,"quantity":1,"price":67},{"name":"Adamant arrow","id":890,"quantity":7,"price":19}],"date":"Sep 3, 2022, 5:54:28 PM"}
{"name":"Ankou","level":75,"killCount":-1,"type":"NPC","drops":[{"name":"Bones","id":526,"quantity":1,"price":67},{"name":"Coins","id":995,"quantity":172,"price":1}],"date":"Sep 3, 2022, 5:54:30 PM"}
{"name":"Ankou","level":75,"killCount":-1,"type":"NPC","drops":[{"name":"Bones","id":526,"quantity":1,"price":67},{"name":"Coins","id":995,"quantity":8,"price":1}],"date":"Sep 3, 2022, 5:54:38 PM"}
{"name":"Ankou","level":75,"killCount":-1,"type":"NPC","drops":[{"name":"Bones","id":526,"quantity":1,"price":67},{"name":"Coins","id":995,"quantity":129,"price":1}],"date":"Sep 3, 2022, 5:54:46 PM"}
{"name":"Ankou","level":75,"killCount":-1,"type":"NPC","drops":[{"name":"Bones","id":526,"quantity":1,"price":67},{"name":"Coins","id":995,"quantity":8,"price":1}],"date":"Sep 3, 2022, 5:54:57 PM"}
{"name":"Ankou","level":75,"killCount":-1,"type":"NPC","drops":[{"name":"Bones","id":526,"quantity":1,"price":67},{"name":"Coins","id":995,"quantity":8,"price":1}],"date":"Sep 3, 2022, 5:55:12 PM"}
{"name":"Ankou","level":75,"killCount":-1,"type":"NPC","drops":[{"name":"Bones","id":526,"quantity":1,"price":67},{"name":"Coins","id":995,"quantity":8,"price":1}],"date":"Sep 3, 2022, 5:55:19 PM"}
{"name":"Ankou","level":75,"killCount":-1,"type":"NPC","drops":[{"name":"Bones","id":526,"quantity":1,"price":67}],"date":"Sep 3, 2022, 5:55:24 PM"}
{"name":"Ankou","level":75,"killCount":-1,"type":"NPC","drops":[{"name":"Bones","id":526,"quantity":1,"price":67},{"name":"Law rune","id":563,"quantity":2,"price":114}],"date":"Sep 3, 2022, 5:55:36 PM"}
{"name":"Ankou","level":75,"killCount":-1,"type":"NPC","drops":[{"name":"Bones","id":526,"quantity":1,"price":67},{"name":"Coins","id":995,"quantity":8,"price":1}],"date":"Sep 3, 2022, 5:55:43 PM"}
{"name":"Ankou","level":75,"killCount":-1,"type":"NPC","drops":[{"name":"Bones","id":526,"quantity":1,"price":67},{"name":"Pure essence","id":7937,"quantity":15,"price":2}],"date":"Sep 3, 2022, 5:55:47 PM"}
{"name":"Ankou","level":75,"killCount":-1,"type":"NPC","drops":[{"name":"Bones","id":526,"quantity":1,"price":67},{"name":"Coins","id":995,"quantity":8,"price":1}],"date":"Sep 3, 2022, 5:55:55 PM"}
{"name":"Ankou","level":75,"killCount":-1,"type":"NPC","drops":[{"name":"Bones","id":526,"quantity":1,"price":68},{"name":"Clue scroll (elite)","id":12153,"quantity":1,"price":0},{"name":"Tarromin seed","id":5293,"quantity":1,"price":12}],"date":"Feb 10, 2023, 12:08:56 PM"}
{"name":"Ankou","level":95,"killCount":-1,"type":"NPC","drops":[{"name":"Law rune","id":563,"quantity":2,"price":118},{"name":"Uncut emerald","id":1621,"quantity":1,"price":461},{"name":"Coins","id":995,"quantity":8,"price":1}],"date":"Nov 7, 2023, 11:22:54 AM"}
{"name":"Ankou","level":95,"killCount":-1,"type":"NPC","drops":[{"name":"Death rune","id":560,"quantity":10,"price":152},{"name":"Blood rune","id":565,"quantity":11,"price":197}],"date":"Nov 7, 2023, 11:22:57 AM"}
{"name":"Ankou","level":95,"killCount":-1,"type":"NPC","drops":[{"name":"Pure essence","id":7937,"quantity":15,"price":2}],"date":"Nov 7, 2023, 11:22:57 AM"}
{"name":"Ankou","level":95,"killCount":-1,"type":"NPC","drops":[{"name":"Coins","id":995,"quantity":8,"price":1},{"name":"Blood rune","id":565,"quantity":11,"price":197}],"date":"Nov 7, 2023, 11:23:00 AM"}
{"name":"Ankou","level":95,"killCount":-1,"type":"NPC","drops":[{"name":"Fried mushrooms","id":7082,"quantity":1,"price":103},{"name":"Death rune","id":560,"quantity":10,"price":152}],"date":"Nov 7, 2023, 11:23:03 AM"}
{"name":"Ankou","level":95,"killCount":-1,"type":"NPC","drops":[{"name":"Coins","id":995,"quantity":176,"price":1},{"name":"Death rune","id":560,"quantity":10,"price":152},{"name":"Adamant arrow","id":890,"quantity":13,"price":13},{"name":"Coins","id":995,"quantity":8,"price":1}],"date":"Nov 7, 2023, 11:24:00 AM"}
{"name":"Ankou","level":95,"killCount":-1,"type":"NPC","drops":[{"name":"Coins","id":995,"quantity":8,"price":1},{"name":"Pure essence","id":7937,"quantity":15,"price":2}],"date":"Nov 7, 2023, 11:24:05 AM"}
{"name":"Ankou","level":95,"killCount":-1,"type":"NPC","drops":[{"name":"Law rune","id":563,"quantity":2,"price":118}],"date":"Nov 7, 2023, 11:24:08 AM"}
{"name":"Ankou","level":95,"killCount":-1,"type":"NPC","drops":[{"name":"Snape grass seed","id":22879,"quantity":1,"price":2825},{"name":"Adamant arrow","id":890,"quantity":12,"price":13},{"name":"Coins","id":995,"quantity":8,"price":1}],"date":"Nov 7, 2023, 11:24:11 AM"}
{"name":"Ankou","level":95,"killCount":-1,"type":"NPC","drops":[{"name":"Coins","id":995,"quantity":8,"price":1},{"name":"Coins","id":995,"quantity":20,"price":1},{"name":"Coins","id":995,"quantity":8,"price":1}],"date":"Nov 7, 2023, 11:25:10 AM"}
{"name":"Ankou","level":95,"killCount":-1,"type":"NPC","drops":[{"name":"Coins","id":995,"quantity":8,"price":1},{"name":"Fried mushrooms","id":7082,"quantity":1,"price":103},{"name":"Blood rune","id":565,"quantity":11,"price":197}],"date":"Nov 7, 2023, 11:25:13 AM"}
{"name":"Ankou","level":95,"killCount":-1,"type":"NPC","drops":[{"name":"Pure essence","id":7937,"quantity":15,"price":2},{"name":"Coins","id":995,"quantity":8,"price":1}],"date":"Nov 7, 2023, 11:25:16 AM"}
{"name":"Ankou","level":95,"killCount":-1,"type":"NPC","drops":[{"name":"Coins","id":995,"quantity":8,"price":1}],"date":"Nov 7, 2023, 11:25:19 AM"}
{"name":"Ankou","level":95,"killCount":-1,"type":"NPC","drops":[{"name":"Adamant arrow","id":890,"quantity":10,"price":13}],"date":"Nov 7, 2023, 11:25:30 AM"}
{"name":"Ankou","level":95,"killCount":-1,"type":"NPC","drops":[{"name":"Coins","id":995,"quantity":8,"price":1},{"name":"Coins","id":995,"quantity":8,"price":1},{"name":"Coins","id":995,"quantity":126,"price":1},{"name":"Law rune","id":563,"quantity":2,"price":118}],"date":"Nov 7, 2023, 11:26:22 AM"}
{"name":"Ankou","level":95,"killCount":-1,"type":"NPC","drops":[{"name":"Coins","id":995,"quantity":158,"price":1},{"name":"Coins","id":995,"quantity":8,"price":1}],"date":"Nov 7, 2023, 11:26:32 AM"}
{"name":"Ankou","level":95,"killCount":-1,"type":"NPC","drops":[{"name":"Coins","id":995,"quantity":25,"price":1},{"name":"Coins","id":995,"quantity":8,"price":1}],"date":"Nov 7, 2023, 11:26:35 AM"}
{"name":"Ankou","level":95,"killCount":-1,"type":"NPC","drops":[{"name":"Law rune","id":563,"quantity":2,"price":118}],"date":"Nov 7, 2023, 11:26:42 AM"}
{"name":"Ankou","level":95,"killCount":-1,"type":"NPC","drops":[{"name":"Death rune","id":560,"quantity":10,"price":152}],"date":"Nov 7, 2023, 11:26:54 AM"}
{"name":"Ankou","level":95,"killCount":-1,"type":"NPC","drops":[{"name":"Death rune","id":560,"quantity":10,"price":152}],"date":"Nov 7, 2023, 11:27:42 AM"}
{"name":"Ankou","level":95,"killCount":-1,"type":"NPC","drops":[{"name":"Death rune","id":560,"quantity":10,"price":152},{"name":"Coins","id":995,"quantity":8,"price":1},{"name":"Coins","id":995,"quantity":203,"price":1}],"date":"Nov 7, 2023, 11:27:45 AM"}
{"name":"Ankou","level":95,"killCount":-1,"type":"NPC","drops":[{"name":"Fried mushrooms","id":7082,"quantity":1,"price":103},{"name":"Blood rune","id":565,"quantity":11,"price":197},{"name":"Coins","id":995,"quantity":18,"price":1},{"name":"Coins","id":995,"quantity":169,"price":1}],"date":"Nov 7, 2023, 11:27:48 AM"}
{"name":"Ankou","level":95,"killCount":-1,"type":"NPC","drops":[{"name":"Pure essence","id":7937,"quantity":15,"price":2}],"date":"Nov 7, 2023, 11:27:53 AM"}
{"name":"Ankou","level":95,"killCount":-1,"type":"NPC","drops":[{"name":"Coins","id":995,"quantity":8,"price":1}],"date":"Nov 7, 2023, 11:27:58 AM"}
{"name":"Ankou","level":95,"killCount":-1,"type":"NPC","drops":[{"name":"Law rune","id":563,"quantity":2,"price":118},{"name":"Pure essence","id":7937,"quantity":15,"price":2}],"date":"Nov 7, 2023, 11:28:42 AM"}
