{"name":"Araxxor","level":-1,"killCount":1,"type":"NPC","drops":[{"name":"Raw shark","id":384,"quantity":21,"price":805}],"date":"Sep 8, 2024, 5:39:27 PM"}
{"name":"Araxxor","level":-1,"killCount":2,"type":"NPC","drops":[{"name":"Rune platelegs","id":1080,"quantity":2,"price":37863}],"date":"Sep 8, 2024, 5:42:46 PM"}
{"name":"Araxxor","level":-1,"killCount":3,"type":"NPC","drops":[{"name":"Shark","id":385,"quantity":2,"price":1032},{"name":"Prayer potion(4)","id":2434,"quantity":1,"price":10669},{"name":"Araxyte venom sack","id":29784,"quantity":1,"price":11179}],"date":"Sep 8, 2024, 5:47:31 PM"}
{"name":"Araxxor","level":-1,"killCount":4,"type":"NPC","drops":[{"name":"Rune platelegs","id":1080,"quantity":2,"price":37863}],"date":"Sep 8, 2024, 5:50:00 PM"}
{"name":"Araxxor","level":-1,"killCount":5,"type":"NPC","drops":[{"name":"Wine of zamorak","id":246,"quantity":8,"price":757}],"date":"Sep 8, 2024, 5:52:41 PM"}
{"name":"Araxxor","level":-1,"killCount":6,"type":"NPC","drops":[{"name":"Snapdragon seed","id":5300,"quantity":3,"price":45038}],"date":"Sep 8, 2024, 5:58:13 PM"}
{"name":"Araxxor","level":-1,"killCount":7,"type":"NPC","drops":[{"name":"Prayer potion(4)","id":2434,"quantity":1,"price":10669},{"name":"Araxyte venom sack","id":29784,"quantity":1,"price":11179},{"name":"Wild pie","id":7208,"quantity":2,"price":783}],"date":"Sep 8, 2024, 6:00:50 PM"}
{"name":"Araxxor","level":-1,"killCount":8,"type":"NPC","drops":[{"name":"Mort myre fungus","id":2971,"quantity":24,"price":327}],"date":"Sep 8, 2024, 6:03:36 PM"}
{"name":"Araxxor","level":-1,"killCount":9,"type":"NPC","drops":[{"name":"Araxyte venom sack","id":29784,"quantity":6,"price":11179}],"date":"Sep 8, 2024, 6:08:44 PM"}
{"name":"Araxxor","level":-1,"killCount":10,"type":"NPC","drops":[{"name":"Mort myre fungus","id":2971,"quantity":24,"price":327}],"date":"Sep 8, 2024, 6:11:07 PM"}
{"name":"Araxxor","level":-1,"killCount":11,"type":"NPC","drops":[{"name":"Rune platelegs","id":1080,"quantity":2,"price":37863}],"date":"Sep 8, 2024, 6:13:58 PM"}
{"name":"Araxxor","level":-1,"killCount":12,"type":"NPC","drops":[{"name":"Wine of zamorak","id":246,"quantity":8,"price":757}],"date":"Sep 8, 2024, 6:19:23 PM"}
{"name":"Araxxor","level":-1,"killCount":13,"type":"NPC","drops":[{"name":"Toadflax seed","id":5296,"quantity":4,"price":906}],"date":"Sep 8, 2024, 6:22:00 PM"}
{"name":"Araxxor","level":-1,"killCount":14,"type":"NPC","drops":[{"name":"Coal","id":454,"quantity":120,"price":143}],"date":"Sep 8, 2024, 6:26:35 PM"}
{"name":"Araxxor","level":-1,"killCount":15,"type":"NPC","drops":[{"name":"Toadflax seed","id":5296,"quantity":4,"price":906}],"date":"Sep 8, 2024, 6:29:36 PM"}
{"name":"Araxxor","level":-1,"killCount":16,"type":"NPC","drops":[{"name":"Antidote++(3)","id":5955,"quantity":6,"price":3223}],"date":"Sep 8, 2024, 6:33:35 PM"}
{"name":"Araxxor","level":-1,"killCount":17,"type":"NPC","drops":[{"name":"Dragon mace","id":1434,"quantity":2,"price":29186}],"date":"Sep 8, 2024, 6:35:42 PM"}
{"name":"Araxxor","level":-1,"killCount":18,"type":"NPC","drops":[{"name":"Araxyte head","id":29788,"quantity":1,"price":0}],"date":"Sep 8, 2024, 6:37:55 PM"}
{"name":"Araxxor","level":-1,"killCount":19,"type":"NPC","drops":[{"name":"Spider cave teleport","id":29782,"quantity":3,"price":1624}],"date":"Sep 8, 2024, 6:40:29 PM"}
{"name":"Araxxor","level":-1,"killCount":20,"type":"NPC","drops":[{"name":"Raw shark","id":384,"quantity":21,"price":805}],"date":"Sep 8, 2024, 6:46:06 PM"}
{"name":"Araxxor","level":-1,"killCount":21,"type":"NPC","drops":[{"name":"Dragon mace","id":1434,"quantity":2,"price":29186}],"date":"Sep 8, 2024, 6:48:40 PM"}
{"name":"Araxxor","level":-1,"killCount":22,"type":"NPC","drops":[{"name":"Araxyte venom sack","id":29784,"quantity":12,"price":11179}],"date":"Sep 8, 2024, 6:51:24 PM"}
{"name":"Araxxor","level":-1,"killCount":23,"type":"NPC","drops":[{"name":"Raw monkfish","id":7945,"quantity":120,"price":226}],"date":"Sep 8, 2024, 6:57:07 PM"}
{"name":"Araxxor","level":-1,"killCount":24,"type":"NPC","drops":[{"name":"Prayer potion(4)","id":2434,"quantity":1,"price":10669},{"name":"Araxyte venom sack","id":29784,"quantity":1,"price":11179},{"name":"Wild pie","id":7208,"quantity":2,"price":783}],"date":"Sep 8, 2024, 7:00:07 PM"}
{"name":"Araxxor","level":-1,"killCount":25,"type":"NPC","drops":[{"name":"Toadflax seed","id":5296,"quantity":4,"price":906}],"date":"Sep 8, 2024, 7:09:37 PM"}
{"name":"Araxxor","level":-1,"killCount":26,"type":"NPC","drops":[{"name":"Dragon mace","id":1434,"quantity":2,"price":29186}],"date":"Sep 8, 2024, 7:11:54 PM"}
{"name":"Araxxor","level":-1,"killCount":27,"type":"NPC","drops":[{"name":"Shark","id":385,"quantity":3,"price":1032},{"name":"Prayer potion(4)","id":2434,"quantity":1,"price":10669},{"name":"Super combat potion(1)","id":12701,"quantity":1,"price":4053}],"date":"Sep 8, 2024, 7:14:51 PM"}
{"name":"Araxxor","level":-1,"killCount":28,"type":"NPC","drops":[{"name":"Prayer potion(4)","id":2434,"quantity":1,"price":10634},{"name":"Araxyte venom sack","id":29784,"quantity":1,"price":10620},{"name":"Wild pie","id":7208,"quantity":1,"price":789},{"name":"Wild pie","id":7208,"quantity":1,"price":789},{"name":"Wild pie","id":7208,"quantity":1,"price":789}],"date":"Sep 9, 2024, 10:08:47 AM"}
{"name":"Araxxor","level":-1,"killCount":29,"type":"NPC","drops":[{"name":"Dragon mace","id":1434,"quantity":2,"price":29240}],"date":"Sep 9, 2024, 10:11:47 AM"}
{"name":"Araxxor","level":-1,"killCount":30,"type":"NPC","drops":[{"name":"Rune platelegs","id":1080,"quantity":2,"price":37856}],"date":"Sep 9, 2024, 10:14:00 AM"}
{"name":"Araxxor","level":-1,"killCount":31,"type":"NPC","drops":[{"name":"Mort myre fungus","id":2971,"quantity":24,"price":310}],"date":"Sep 9, 2024, 10:16:43 AM"}
{"name":"Araxxor","level":-1,"killCount":32,"type":"NPC","drops":[{"name":"Yew seed","id":5315,"quantity":1,"price":22020}],"date":"Sep 9, 2024, 10:19:17 AM"}
{"name":"Araxxor","level":-1,"killCount":33,"type":"NPC","drops":[{"name":"Raw shark","id":384,"quantity":21,"price":785}],"date":"Sep 9, 2024, 10:26:10 AM"}
{"name":"Araxxor","level":-1,"killCount":34,"type":"NPC","drops":[{"name":"Rune platelegs","id":1080,"quantity":2,"price":37856}],"date":"Sep 9, 2024, 10:28:11 AM"}
{"name":"Araxxor","level":-1,"killCount":35,"type":"NPC","drops":[{"name":"Araxyte venom sack","id":29784,"quantity":12,"price":10620}],"date":"Sep 9, 2024, 10:31:47 AM"}
{"name":"Araxxor","level":-1,"killCount":36,"type":"NPC","drops":[{"name":"Coal","id":454,"quantity":120,"price":142}],"date":"Sep 9, 2024, 10:33:55 AM"}
{"name":"Araxxor","level":-1,"killCount":37,"type":"NPC","drops":[{"name":"Earth orb","id":576,"quantity":45,"price":764}],"date":"Sep 9, 2024, 10:36:12 AM"}
{"name":"Araxxor","level":-1,"killCount":38,"type":"NPC","drops":[{"name":"Spider cave teleport","id":29782,"quantity":3,"price":1706}],"date":"Sep 9, 2024, 10:38:18 AM"}
{"name":"Araxxor","level":-1,"killCount":39,"type":"NPC","drops":[{"name":"Spider cave teleport","id":29782,"quantity":3,"price":1706}],"date":"Sep 9, 2024, 10:41:36 AM"}
{"name":"Araxxor","level":-1,"killCount":40,"type":"NPC","drops":[{"name":"Rune kiteshield","id":1202,"quantity":2,"price":32125}],"date":"Sep 9, 2024, 10:45:22 AM"}
{"name":"Araxxor","level":-1,"killCount":41,"type":"NPC","drops":[{"name":"Araxyte venom sack","id":29784,"quantity":6,"price":10620}],"date":"Sep 9, 2024, 10:47:46 AM"}
{"name":"Araxxor","level":-1,"killCount":42,"type":"NPC","drops":[{"name":"Rune kiteshield","id":1202,"quantity":2,"price":32125}],"date":"Sep 9, 2024, 10:49:49 AM"}
{"name":"Araxxor","level":-1,"killCount":43,"type":"NPC","drops":[{"name":"Yew seed","id":5315,"quantity":1,"price":22020}],"date":"Sep 9, 2024, 10:53:41 AM"}
{"name":"Araxxor","level":-1,"killCount":44,"type":"NPC","drops":[{"name":"Earth orb","id":576,"quantity":45,"price":764}],"date":"Sep 9, 2024, 10:56:02 AM"}
{"name":"Araxxor","level":-1,"killCount":45,"type":"NPC","drops":[{"name":"Rune platelegs","id":1080,"quantity":2,"price":37856}],"date":"Sep 9, 2024, 10:58:39 AM"}
{"name":"Araxxor","level":-1,"killCount":46,"type":"NPC","drops":[{"name":"Araxyte venom sack","id":29784,"quantity":6,"price":10620}],"date":"Sep 9, 2024, 11:01:38 AM"}
{"name":"Araxxor","level":-1,"killCount":47,"type":"NPC","drops":[{"name":"Adamantite ore","id":450,"quantity":85,"price":840}],"date":"Sep 9, 2024, 11:03:44 AM"}
{"name":"Araxxor","level":-1,"killCount":48,"type":"NPC","drops":[{"name":"Coal","id":454,"quantity":120,"price":142}],"date":"Sep 9, 2024, 11:06:45 AM"}
{"name":"Araxxor","level":-1,"killCount":49,"type":"NPC","drops":[{"name":"Rune platelegs","id":1080,"quantity":2,"price":37856}],"date":"Sep 9, 2024, 11:09:45 AM"}
{"name":"Araxxor","level":-1,"killCount":50,"type":"NPC","drops":[{"name":"Rune platelegs","id":1080,"quantity":2,"price":37856}],"date":"Sep 9, 2024, 11:12:07 AM"}
{"name":"Araxxor","level":-1,"killCount":51,"type":"NPC","drops":[{"name":"Dragon mace","id":1434,"quantity":2,"price":29240}],"date":"Sep 9, 2024, 11:14:31 AM"}
{"name":"Araxxor","level":-1,"killCount":52,"type":"NPC","drops":[{"name":"Prayer potion(4)","id":2434,"quantity":1,"price":10634},{"name":"Wild pie","id":7208,"quantity":2,"price":789},{"name":"Super combat potion(1)","id":12701,"quantity":1,"price":4053}],"date":"Sep 9, 2024, 11:16:53 AM"}
{"name":"Araxxor","level":-1,"killCount":53,"type":"NPC","drops":[],"date":"Sep 12, 2024, 2:27:04 PM"}
{"name":"Araxxor","level":-1,"killCount":54,"type":"NPC","drops":[{"name":"Spider cave teleport","id":29782,"quantity":3,"price":1977}],"date":"Sep 12, 2024, 2:29:59 PM"}
{"name":"Araxxor","level":-1,"killCount":78,"type":"NPC","drops":[],"date":"Sep 14, 2024, 9:53:26 AM"}
{"name":"Araxxor","level":-1,"killCount":79,"type":"NPC","drops":[{"name":"Raw monkfish","id":7945,"quantity":120,"price":218}],"date":"Sep 14, 2024, 9:56:13 AM"}
{"name":"Araxxor","level":-1,"killCount":80,"type":"NPC","drops":[{"name":"Magic seed","id":5316,"quantity":2,"price":77839}],"date":"Sep 14, 2024, 9:58:34 AM"}
{"name":"Araxxor","level":-1,"killCount":81,"type":"NPC","drops":[{"name":"Coal","id":454,"quantity":120,"price":144}],"date":"Sep 14, 2024, 10:00:59 AM"}
{"name":"Araxxor","level":-1,"killCount":82,"type":"NPC","drops":[{"name":"Earth orb","id":576,"quantity":45,"price":762}],"date":"Sep 14, 2024, 10:39:36 AM"}
{"name":"Araxxor","level":-1,"killCount":83,"type":"NPC","drops":[{"name":"Raw monkfish","id":7945,"quantity":120,"price":218}],"date":"Sep 14, 2024, 10:42:05 AM"}
{"name":"Araxxor","level":-1,"killCount":84,"type":"NPC","drops":[{"name":"Araxyte venom sack","id":29784,"quantity":6,"price":8648}],"date":"Sep 14, 2024, 10:44:13 AM"}
{"name":"Araxxor","level":-1,"killCount":85,"type":"NPC","drops":[{"name":"Mud rune","id":4698,"quantity":100,"price":109}],"date":"Sep 14, 2024, 10:47:22 AM"}
{"name":"Araxxor","level":-1,"killCount":86,"type":"NPC","drops":[{"name":"Spider cave teleport","id":29782,"quantity":3,"price":2180}],"date":"Sep 14, 2024, 8:33:23 PM"}
{"name":"Araxxor","level":-1,"killCount":87,"type":"NPC","drops":[{"name":"Wine of zamorak","id":246,"quantity":8,"price":739}],"date":"Sep 14, 2024, 8:36:03 PM"}
{"name":"Araxxor","level":-1,"killCount":88,"type":"NPC","drops":[{"name":"Prayer potion(4)","id":2434,"quantity":1,"price":10388},{"name":"Wild pie","id":7208,"quantity":2,"price":796},{"name":"Super combat potion(1)","id":12701,"quantity":1,"price":4266}],"date":"Sep 14, 2024, 8:38:19 PM"}
{"name":"Araxxor","level":-1,"killCount":89,"type":"NPC","drops":[{"name":"Rune platelegs","id":1080,"quantity":2,"price":37959}],"date":"Sep 14, 2024, 8:40:55 PM"}
{"name":"Araxxor","level":-1,"killCount":90,"type":"NPC","drops":[{"name":"Dragon platelegs","id":4087,"quantity":2,"price":161482}],"date":"Sep 14, 2024, 8:43:22 PM"}
{"name":"Araxxor","level":-1,"killCount":91,"type":"NPC","drops":[{"name":"Red spiders\u0027 eggs","id":224,"quantity":40,"price":417}],"date":"Sep 14, 2024, 8:46:32 PM"}
{"name":"Araxxor","level":-1,"killCount":92,"type":"NPC","drops":[{"name":"Coal","id":454,"quantity":120,"price":143}],"date":"Sep 14, 2024, 8:49:38 PM"}
{"name":"Araxxor","level":-1,"killCount":93,"type":"NPC","drops":[],"date":"Sep 14, 2024, 8:53:36 PM"}
{"name":"Araxxor","level":-1,"killCount":94,"type":"NPC","drops":[],"date":"Sep 14, 2024, 8:56:06 PM"}
{"name":"Araxxor","level":-1,"killCount":95,"type":"NPC","drops":[{"name":"Yew logs","id":1516,"quantity":70,"price":248}],"date":"Sep 14, 2024, 8:58:53 PM"}
{"name":"Araxxor","level":-1,"killCount":96,"type":"NPC","drops":[{"name":"Antidote++(3)","id":5955,"quantity":6,"price":3148}],"date":"Sep 14, 2024, 9:01:36 PM"}
{"name":"Araxxor","level":-1,"killCount":97,"type":"NPC","drops":[{"name":"Araxyte venom sack","id":29784,"quantity":6,"price":8215}],"date":"Sep 14, 2024, 9:04:11 PM"}
{"name":"Araxxor","level":-1,"killCount":98,"type":"NPC","drops":[{"name":"Earth orb","id":576,"quantity":45,"price":758}],"date":"Sep 14, 2024, 9:07:05 PM"}
{"name":"Araxxor","level":-1,"killCount":99,"type":"NPC","drops":[{"name":"Raw shark","id":384,"quantity":21,"price":747}],"date":"Sep 14, 2024, 9:22:00 PM"}
{"name":"Araxxor","level":-1,"killCount":100,"type":"NPC","drops":[{"name":"Antidote++(3)","id":5955,"quantity":6,"price":3148}],"date":"Sep 14, 2024, 9:24:45 PM"}
{"name":"Araxxor","level":-1,"killCount":101,"type":"NPC","drops":[{"name":"Antidote++(3)","id":5955,"quantity":6,"price":3148}],"date":"Sep 14, 2024, 9:27:06 PM"}
{"name":"Araxxor","level":-1,"killCount":102,"type":"NPC","drops":[{"name":"Dragon mace","id":1434,"quantity":2,"price":29413}],"date":"Sep 14, 2024, 9:29:45 PM"}
{"name":"Araxxor","level":-1,"killCount":103,"type":"NPC","drops":[{"name":"Magic seed","id":5316,"quantity":2,"price":78296}],"date":"Sep 14, 2024, 9:32:12 PM"}
{"name":"Araxxor","level":-1,"killCount":104,"type":"NPC","drops":[{"name":"Shark","id":385,"quantity":3,"price":989},{"name":"Prayer potion(4)","id":2434,"quantity":1,"price":10388},{"name":"Araxyte venom sack","id":29784,"quantity":1,"price":8215}],"date":"Sep 14, 2024, 9:34:45 PM"}
{"name":"Araxxor","level":-1,"killCount":105,"type":"NPC","drops":[{"name":"Blood rune","id":565,"quantity":180,"price":314}],"date":"Sep 14, 2024, 9:37:24 PM"}
{"name":"Araxxor","level":-1,"killCount":106,"type":"NPC","drops":[{"name":"Rune platelegs","id":1080,"quantity":2,"price":37959}],"date":"Sep 14, 2024, 9:41:20 PM"}
{"name":"Araxxor","level":-1,"killCount":107,"type":"NPC","drops":[{"name":"Dragon mace","id":1434,"quantity":2,"price":29413}],"date":"Sep 14, 2024, 9:43:50 PM"}
{"name":"Araxxor","level":-1,"killCount":108,"type":"NPC","drops":[{"name":"Dragon platelegs","id":4087,"quantity":2,"price":161482}],"date":"Sep 14, 2024, 9:46:11 PM"}
{"name":"Araxxor","level":-1,"killCount":109,"type":"NPC","drops":[{"name":"Antidote++(3)","id":5955,"quantity":6,"price":3148}],"date":"Sep 14, 2024, 9:48:34 PM"}
{"name":"Araxxor","level":-1,"killCount":110,"type":"NPC","drops":[{"name":"Tooth half of key","id":985,"quantity":1,"price":11371}],"date":"Sep 14, 2024, 9:50:43 PM"}
{"name":"Araxxor","level":-1,"killCount":111,"type":"NPC","drops":[{"name":"Araxyte venom sack","id":29784,"quantity":6,"price":8215}],"date":"Sep 14, 2024, 9:53:50 PM"}
{"name":"Araxxor","level":-1,"killCount":112,"type":"NPC","drops":[],"date":"Sep 14, 2024, 9:58:00 PM"}
{"name":"Araxxor","level":-1,"killCount":113,"type":"NPC","drops":[{"name":"Yew logs","id":1516,"quantity":70,"price":248}],"date":"Sep 14, 2024, 10:00:39 PM"}
{"name":"Araxxor","level":-1,"killCount":114,"type":"NPC","drops":[{"name":"Nature rune","id":561,"quantity":80,"price":111}],"date":"Sep 14, 2024, 10:03:11 PM"}
{"name":"Araxxor","level":-1,"killCount":115,"type":"NPC","drops":[{"name":"Spider cave teleport","id":29782,"quantity":3,"price":2180}],"date":"Sep 14, 2024, 10:05:59 PM"}
{"name":"Araxxor","level":-1,"killCount":116,"type":"NPC","drops":[{"name":"Bark","id":3240,"quantity":15,"price":69}],"date":"Sep 14, 2024, 10:08:43 PM"}
{"name":"Araxxor","level":-1,"killCount":117,"type":"NPC","drops":[{"name":"Prayer potion(4)","id":2434,"quantity":1,"price":10388},{"name":"Wild pie","id":7208,"quantity":2,"price":796},{"name":"Super combat potion(1)","id":12701,"quantity":1,"price":4266}],"date":"Sep 14, 2024, 10:11:11 PM"}
{"name":"Araxxor","level":-1,"killCount":118,"type":"NPC","drops":[{"name":"Mort myre fungus","id":2971,"quantity":24,"price":303}],"date":"Sep 14, 2024, 10:14:14 PM"}
{"name":"Araxxor","level":-1,"killCount":119,"type":"NPC","drops":[{"name":"Prayer potion(4)","id":2434,"quantity":1,"price":10388},{"name":"Araxyte venom sack","id":29784,"quantity":1,"price":8215},{"name":"Wild pie","id":7208,"quantity":1,"price":796},{"name":"Wild pie","id":7208,"quantity":1,"price":796}],"date":"Sep 14, 2024, 10:16:54 PM"}
{"name":"Araxxor","level":-1,"killCount":120,"type":"NPC","drops":[{"name":"Shark","id":385,"quantity":1,"price":989},{"name":"Prayer potion(4)","id":2434,"quantity":1,"price":10388},{"name":"Araxyte venom sack","id":29784,"quantity":1,"price":8215},{"name":"Shark","id":385,"quantity":1,"price":989}],"date":"Sep 14, 2024, 10:19:24 PM"}
{"name":"Araxxor","level":-1,"killCount":121,"type":"NPC","drops":[{"name":"Prayer potion(4)","id":2434,"quantity":1,"price":10388},{"name":"Araxyte venom sack","id":29784,"quantity":1,"price":8215},{"name":"Wild pie","id":7208,"quantity":1,"price":796},{"name":"Wild pie","id":7208,"quantity":1,"price":796},{"name":"Wild pie","id":7208,"quantity":1,"price":796}],"date":"Sep 14, 2024, 10:22:13 PM"}
{"name":"Araxxor","level":-1,"killCount":122,"type":"NPC","drops":[{"name":"Shark","id":385,"quantity":2,"price":989},{"name":"Prayer potion(4)","id":2434,"quantity":1,"price":10388},{"name":"Super combat potion(1)","id":12701,"quantity":1,"price":4266}],"date":"Sep 14, 2024, 10:25:16 PM"}
{"name":"Araxxor","level":-1,"killCount":123,"type":"NPC","drops":[{"name":"Noxious pommel","id":29794,"quantity":1,"price":0}],"date":"Sep 14, 2024, 10:27:26 PM"}
{"name":"Araxxor","level":-1,"killCount":124,"type":"NPC","drops":[{"name":"Yew seed","id":5315,"quantity":1,"price":23186}],"date":"Sep 14, 2024, 10:29:38 PM"}
{"name":"Araxxor","level":-1,"killCount":125,"type":"NPC","drops":[{"name":"Blood rune","id":565,"quantity":180,"price":314}],"date":"Sep 14, 2024, 10:32:18 PM"}
{"name":"Araxxor","level":-1,"killCount":126,"type":"NPC","drops":[{"name":"Earth orb","id":576,"quantity":45,"price":758}],"date":"Sep 14, 2024, 10:34:41 PM"}
{"name":"Araxxor","level":-1,"killCount":127,"type":"NPC","drops":[{"name":"Yew logs","id":1516,"quantity":70,"price":248}],"date":"Sep 14, 2024, 10:36:59 PM"}
{"name":"Araxxor","level":-1,"killCount":128,"type":"NPC","drops":[],"date":"Sep 16, 2024, 1:51:40 PM"}
{"name":"Araxxor","level":-1,"killCount":129,"type":"NPC","drops":[{"name":"Rune kiteshield","id":1202,"quantity":2,"price":32188}],"date":"Sep 16, 2024, 1:54:16 PM"}
{"name":"Araxxor","level":-1,"killCount":130,"type":"NPC","drops":[{"name":"Shark","id":385,"quantity":2,"price":1001},{"name":"Prayer potion(4)","id":2434,"quantity":1,"price":10337},{"name":"Super combat potion(1)","id":12701,"quantity":1,"price":4266}],"date":"Sep 16, 2024, 1:56:43 PM"}
{"name":"Araxxor","level":-1,"killCount":131,"type":"NPC","drops":[{"name":"Araxyte venom sack","id":29784,"quantity":6,"price":7413}],"date":"Sep 16, 2024, 1:59:31 PM"}
{"name":"Araxxor","level":-1,"killCount":132,"type":"NPC","drops":[{"name":"Ranarr seed","id":5295,"quantity":3,"price":36621}],"date":"Sep 16, 2024, 2:02:09 PM"}
{"name":"Araxxor","level":-1,"killCount":133,"type":"NPC","drops":[{"name":"Raw shark","id":384,"quantity":21,"price":712}],"date":"Sep 16, 2024, 2:04:45 PM"}
{"name":"Araxxor","level":-1,"killCount":134,"type":"NPC","drops":[{"name":"Spider cave teleport","id":29782,"quantity":3,"price":2404}],"date":"Sep 16, 2024, 2:07:06 PM"}
{"name":"Araxxor","level":-1,"killCount":135,"type":"NPC","drops":[{"name":"Mud rune","id":4698,"quantity":100,"price":114}],"date":"Sep 16, 2024, 2:09:40 PM"}
{"name":"Araxxor","level":-1,"killCount":136,"type":"NPC","drops":[{"name":"Magic seed","id":5316,"quantity":2,"price":76148}],"date":"Sep 16, 2024, 2:12:03 PM"}
{"name":"Araxxor","level":-1,"killCount":137,"type":"NPC","drops":[{"name":"Mort myre fungus","id":2971,"quantity":24,"price":297}],"date":"Sep 16, 2024, 2:15:00 PM"}
{"name":"Araxxor","level":-1,"killCount":138,"type":"NPC","drops":[{"name":"Rune platelegs","id":1080,"quantity":2,"price":37964}],"date":"Sep 16, 2024, 2:18:11 PM"}
{"name":"Araxxor","level":-1,"killCount":139,"type":"NPC","drops":[{"name":"Raw shark","id":384,"quantity":100,"price":712}],"date":"Sep 16, 2024, 2:20:35 PM"}
{"name":"Araxxor","level":-1,"killCount":140,"type":"NPC","drops":[{"name":"Dragon mace","id":1434,"quantity":2,"price":29409}],"date":"Sep 16, 2024, 2:23:06 PM"}
{"name":"Araxxor","level":-1,"killCount":141,"type":"NPC","drops":[{"name":"Prayer potion(4)","id":2434,"quantity":1,"price":10337},{"name":"Wild pie","id":7208,"quantity":3,"price":825},{"name":"Araxyte venom sack","id":29784,"quantity":1,"price":7413}],"date":"Sep 16, 2024, 2:25:35 PM"}
{"name":"Araxxor","level":-1,"killCount":142,"type":"NPC","drops":[],"date":"Sep 19, 2024, 9:26:45 AM"}
{"name":"Araxxor","level":-1,"killCount":143,"type":"NPC","drops":[{"name":"Earth orb","id":576,"quantity":45,"price":757}],"date":"Sep 19, 2024, 9:28:53 AM"}
{"name":"Araxxor","level":-1,"killCount":144,"type":"NPC","drops":[{"name":"Shark","id":385,"quantity":3,"price":991},{"name":"Prayer potion(4)","id":2434,"quantity":1,"price":10247},{"name":"Super combat potion(1)","id":12701,"quantity":1,"price":4291}],"date":"Sep 19, 2024, 9:31:24 AM"}
{"name":"Araxxor","level":-1,"killCount":145,"type":"NPC","drops":[{"name":"Earth orb","id":576,"quantity":45,"price":757}],"date":"Sep 19, 2024, 9:33:39 AM"}
{"name":"Araxxor","level":-1,"killCount":146,"type":"NPC","drops":[{"name":"Prayer potion(4)","id":2434,"quantity":1,"price":10247},{"name":"Wild pie","id":7208,"quantity":2,"price":790},{"name":"Araxyte venom sack","id":29784,"quantity":1,"price":6354}],"date":"Sep 19, 2024, 9:35:46 AM"}
{"name":"Araxxor","level":-1,"killCount":147,"type":"NPC","drops":[{"name":"Yew logs","id":1516,"quantity":70,"price":246}],"date":"Sep 19, 2024, 9:38:08 AM"}
{"name":"Araxxor","level":-1,"killCount":148,"type":"NPC","drops":[{"name":"Coal","id":454,"quantity":120,"price":144}],"date":"Sep 19, 2024, 9:40:43 AM"}
{"name":"Araxxor","level":-1,"killCount":149,"type":"NPC","drops":[{"name":"Death rune","id":560,"quantity":250,"price":194}],"date":"Sep 19, 2024, 9:43:41 AM"}
{"name":"Araxxor","level":-1,"killCount":150,"type":"NPC","drops":[{"name":"Prayer potion(4)","id":2434,"quantity":1,"price":10247},{"name":"Wild pie","id":7208,"quantity":3,"price":790},{"name":"Araxyte venom sack","id":29784,"quantity":1,"price":6354}],"date":"Sep 19, 2024, 9:45:44 AM"}
{"name":"Araxxor","level":-1,"killCount":151,"type":"NPC","drops":[{"name":"Rune platelegs","id":1080,"quantity":2,"price":37938}],"date":"Sep 19, 2024, 9:49:23 AM"}
{"name":"Araxxor","level":-1,"killCount":152,"type":"NPC","drops":[{"name":"Rune platelegs","id":1080,"quantity":2,"price":37938}],"date":"Sep 19, 2024, 12:26:28 PM"}
{"name":"Araxxor","level":-1,"killCount":153,"type":"NPC","drops":[{"name":"Rune platelegs","id":1080,"quantity":2,"price":37938}],"date":"Sep 19, 2024, 12:28:59 PM"}
{"name":"Araxxor","level":-1,"killCount":154,"type":"NPC","drops":[{"name":"Shark","id":385,"quantity":2,"price":991},{"name":"Prayer potion(4)","id":2434,"quantity":1,"price":10247},{"name":"Araxyte venom sack","id":29784,"quantity":1,"price":6354}],"date":"Sep 19, 2024, 12:31:25 PM"}
{"name":"Araxxor","level":-1,"killCount":155,"type":"NPC","drops":[{"name":"Coal","id":454,"quantity":120,"price":144}],"date":"Sep 19, 2024, 12:33:59 PM"}
{"name":"Araxxor","level":-1,"killCount":156,"type":"NPC","drops":[{"name":"Antidote++(3)","id":5955,"quantity":6,"price":3156}],"date":"Sep 19, 2024, 12:36:17 PM"}
{"name":"Araxxor","level":-1,"killCount":157,"type":"NPC","drops":[{"name":"Yew logs","id":1516,"quantity":70,"price":246}],"date":"Sep 19, 2024, 12:40:51 PM"}
{"name":"Araxxor","level":-1,"killCount":158,"type":"NPC","drops":[{"name":"Shark","id":385,"quantity":2,"price":991},{"name":"Prayer potion(4)","id":2434,"quantity":1,"price":10247},{"name":"Araxyte venom sack","id":29784,"quantity":1,"price":6354}],"date":"Sep 19, 2024, 12:44:11 PM"}
{"name":"Araxxor","level":-1,"killCount":159,"type":"NPC","drops":[{"name":"Prayer potion(4)","id":2434,"quantity":1,"price":10247},{"name":"Wild pie","id":7208,"quantity":3,"price":790},{"name":"Super combat potion(1)","id":12701,"quantity":1,"price":4291}],"date":"Sep 19, 2024, 12:46:44 PM"}
{"name":"Araxxor","level":-1,"killCount":160,"type":"NPC","drops":[{"name":"Raw shark","id":384,"quantity":21,"price":708}],"date":"Sep 19, 2024, 12:49:08 PM"}
{"name":"Araxxor","level":-1,"killCount":161,"type":"NPC","drops":[{"name":"Rune kiteshield","id":1202,"quantity":2,"price":32154}],"date":"Sep 19, 2024, 2:46:17 PM"}
{"name":"Araxxor","level":-1,"killCount":162,"type":"NPC","drops":[{"name":"Ranarr seed","id":5295,"quantity":3,"price":34182}],"date":"Sep 19, 2024, 2:49:02 PM"}
{"name":"Araxxor","level":-1,"killCount":163,"type":"NPC","drops":[{"name":"Wine of zamorak","id":246,"quantity":8,"price":752}],"date":"Sep 19, 2024, 2:52:00 PM"}
{"name":"Araxxor","level":-1,"killCount":164,"type":"NPC","drops":[{"name":"Coal","id":454,"quantity":120,"price":144}],"date":"Sep 19, 2024, 2:54:34 PM"}
{"name":"Araxxor","level":-1,"killCount":165,"type":"NPC","drops":[{"name":"Rune kiteshield","id":1202,"quantity":2,"price":32154}],"date":"Sep 19, 2024, 3:09:06 PM"}
{"name":"Araxxor","level":-1,"killCount":166,"type":"NPC","drops":[{"name":"Rune kiteshield","id":1202,"quantity":2,"price":32154}],"date":"Sep 19, 2024, 3:12:05 PM"}
{"name":"Araxxor","level":-1,"killCount":167,"type":"NPC","drops":[{"name":"Rune platelegs","id":1080,"quantity":2,"price":37938}],"date":"Sep 19, 2024, 3:14:18 PM"}
{"name":"Araxxor","level":-1,"killCount":168,"type":"NPC","drops":[{"name":"Rune platelegs","id":1080,"quantity":2,"price":37938}],"date":"Sep 19, 2024, 3:16:39 PM"}
{"name":"Araxxor","level":-1,"killCount":170,"type":"NPC","drops":[{"name":"Antidote++(3)","id":5955,"quantity":6,"price":3156}],"date":"Sep 19, 2024, 3:22:38 PM"}
{"name":"Araxxor","level":-1,"killCount":171,"type":"NPC","drops":[{"name":"Antidote++(3)","id":5955,"quantity":6,"price":3156}],"date":"Sep 19, 2024, 3:26:10 PM"}
{"name":"Araxxor","level":-1,"killCount":172,"type":"NPC","drops":[{"name":"Blood rune","id":565,"quantity":180,"price":305}],"date":"Sep 19, 2024, 3:28:39 PM"}
{"name":"Araxxor","level":-1,"killCount":173,"type":"NPC","drops":[{"name":"Death rune","id":560,"quantity":250,"price":194}],"date":"Sep 19, 2024, 3:30:41 PM"}
{"name":"Araxxor","level":-1,"killCount":174,"type":"NPC","drops":[{"name":"Adamantite ore","id":450,"quantity":85,"price":843}],"date":"Sep 19, 2024, 3:33:14 PM"}
{"name":"Araxxor","level":-1,"killCount":175,"type":"NPC","drops":[{"name":"Spider cave teleport","id":29782,"quantity":3,"price":2785}],"date":"Sep 19, 2024, 3:35:30 PM"}
{"name":"Araxxor","level":-1,"killCount":176,"type":"NPC","drops":[{"name":"Yew seed","id":5315,"quantity":1,"price":24878}],"date":"Sep 19, 2024, 3:37:53 PM"}
{"name":"Araxxor","level":-1,"killCount":177,"type":"NPC","drops":[],"date":"Sep 19, 2024, 3:40:53 PM"}
{"name":"Araxxor","level":-1,"killCount":178,"type":"NPC","drops":[{"name":"Nature rune","id":561,"quantity":80,"price":111}],"date":"Sep 19, 2024, 3:43:16 PM"}
{"name":"Araxxor","level":-1,"killCount":179,"type":"NPC","drops":[{"name":"Mort myre fungus","id":2971,"quantity":24,"price":290}],"date":"Sep 19, 2024, 3:45:38 PM"}
{"name":"Araxxor","level":-1,"killCount":180,"type":"NPC","drops":[{"name":"Araxyte venom sack","id":29784,"quantity":6,"price":6354}],"date":"Sep 19, 2024, 3:47:50 PM"}
{"name":"Araxxor","level":-1,"killCount":181,"type":"NPC","drops":[{"name":"Red spiders\u0027 eggs","id":224,"quantity":40,"price":425}],"date":"Sep 19, 2024, 3:49:56 PM"}
{"name":"Araxxor","level":-1,"killCount":182,"type":"NPC","drops":[{"name":"Wine of zamorak","id":246,"quantity":8,"price":752}],"date":"Sep 19, 2024, 3:52:16 PM"}
{"name":"Araxxor","level":-1,"killCount":183,"type":"NPC","drops":[{"name":"Yew logs","id":1516,"quantity":70,"price":264}],"date":"Oct 22, 2024, 5:33:15 PM"}
{"name":"Araxxor","level":-1,"killCount":184,"type":"NPC","drops":[{"name":"Araxyte venom sack","id":29784,"quantity":6,"price":1162}],"date":"Oct 22, 2024, 5:37:16 PM"}
{"name":"Araxxor","level":-1,"killCount":185,"type":"NPC","drops":[{"name":"Araxyte venom sack","id":29784,"quantity":6,"price":1162}],"date":"Oct 22, 2024, 5:40:00 PM"}
{"name":"Araxxor","level":-1,"killCount":186,"type":"NPC","drops":[{"name":"Adamantite ore","id":450,"quantity":85,"price":1014}],"date":"Oct 22, 2024, 5:42:58 PM"}
{"name":"Araxxor","level":-1,"killCount":187,"type":"NPC","drops":[{"name":"Dragon mace","id":1434,"quantity":2,"price":29426}],"date":"Oct 22, 2024, 5:49:18 PM"}
{"name":"Araxxor","level":-1,"killCount":188,"type":"NPC","drops":[{"name":"Araxyte venom sack","id":29784,"quantity":12,"price":1162}],"date":"Oct 22, 2024, 5:51:48 PM"}
{"name":"Araxxor","level":-1,"killCount":189,"type":"NPC","drops":[],"date":"Oct 22, 2024, 5:54:06 PM"}
{"name":"Araxxor","level":-1,"killCount":190,"type":"NPC","drops":[{"name":"Shark","id":385,"quantity":2,"price":894},{"name":"Prayer potion(4)","id":2434,"quantity":1,"price":9921},{"name":"Super combat potion(1)","id":12701,"quantity":1,"price":3787}],"date":"Oct 22, 2024, 5:56:25 PM"}
{"name":"Araxxor","level":-1,"killCount":191,"type":"NPC","drops":[{"name":"Dragon mace","id":1434,"quantity":2,"price":29426}],"date":"Oct 22, 2024, 5:58:48 PM"}
{"name":"Araxxor","level":-1,"killCount":192,"type":"NPC","drops":[{"name":"Earth orb","id":576,"quantity":45,"price":755}],"date":"Oct 22, 2024, 6:01:22 PM"}
{"name":"Araxxor","level":-1,"killCount":193,"type":"NPC","drops":[{"name":"Mort myre fungus","id":2971,"quantity":24,"price":271}],"date":"Oct 22, 2024, 8:18:11 PM"}
{"name":"Araxxor","level":-1,"killCount":194,"type":"NPC","drops":[{"name":"Antidote++(3)","id":5955,"quantity":6,"price":4852}],"date":"Oct 22, 2024, 8:20:24 PM"}
{"name":"Araxxor","level":-1,"killCount":195,"type":"NPC","drops":[{"name":"Rune kiteshield","id":1202,"quantity":2,"price":32199}],"date":"Oct 22, 2024, 8:22:56 PM"}
{"name":"Araxxor","level":-1,"killCount":196,"type":"NPC","drops":[{"name":"Rune 2h sword","id":1320,"quantity":5,"price":38005}],"date":"Oct 22, 2024, 8:24:50 PM"}
{"name":"Araxxor","level":-1,"killCount":197,"type":"NPC","drops":[{"name":"Rune platelegs","id":1080,"quantity":2,"price":37939}],"date":"Oct 22, 2024, 8:26:59 PM"}
{"name":"Araxxor","level":-1,"killCount":198,"type":"NPC","drops":[{"name":"Spider cave teleport","id":29782,"quantity":3,"price":13975}],"date":"Oct 22, 2024, 8:29:08 PM"}
{"name":"Araxxor","level":-1,"killCount":199,"type":"NPC","drops":[{"name":"Prayer potion(4)","id":2434,"quantity":1,"price":9921},{"name":"Wild pie","id":7208,"quantity":1,"price":773},{"name":"Araxyte venom sack","id":29784,"quantity":1,"price":1162},{"name":"Wild pie","id":7208,"quantity":1,"price":773}],"date":"Oct 22, 2024, 8:33:56 PM"}
{"name":"Araxxor","level":-1,"killCount":200,"type":"NPC","drops":[{"name":"Araxyte venom sack","id":29784,"quantity":6,"price":1162}],"date":"Oct 22, 2024, 8:36:04 PM"}
{"name":"Araxxor","level":-1,"killCount":201,"type":"NPC","drops":[{"name":"Red spiders\u0027 eggs","id":224,"quantity":40,"price":394}],"date":"Oct 22, 2024, 8:38:30 PM"}
{"name":"Araxxor","level":-1,"killCount":202,"type":"NPC","drops":[{"name":"Araxyte venom sack","id":29784,"quantity":6,"price":1162}],"date":"Oct 22, 2024, 8:41:03 PM"}
{"name":"Araxxor","level":-1,"killCount":203,"type":"NPC","drops":[{"name":"Spider cave teleport","id":29782,"quantity":3,"price":13975}],"date":"Oct 22, 2024, 8:43:17 PM"}
{"name":"Araxxor","level":-1,"killCount":204,"type":"NPC","drops":[{"name":"Spider cave teleport","id":29782,"quantity":3,"price":13975}],"date":"Oct 22, 2024, 8:45:41 PM"}
{"name":"Araxxor","level":-1,"killCount":205,"type":"NPC","drops":[{"name":"Coal","id":454,"quantity":120,"price":152}],"date":"Oct 22, 2024, 8:53:34 PM"}
{"name":"Araxxor","level":-1,"killCount":206,"type":"NPC","drops":[{"name":"Spider cave teleport","id":29782,"quantity":3,"price":13975}],"date":"Oct 22, 2024, 8:56:07 PM"}
{"name":"Araxxor","level":-1,"killCount":207,"type":"NPC","drops":[{"name":"Rune kiteshield","id":1202,"quantity":2,"price":32199}],"date":"Oct 22, 2024, 8:58:51 PM"}
{"name":"Araxxor","level":-1,"killCount":208,"type":"NPC","drops":[{"name":"Rune kiteshield","id":1202,"quantity":2,"price":32199}],"date":"Oct 22, 2024, 9:01:05 PM"}
{"name":"Araxxor","level":-1,"killCount":209,"type":"NPC","drops":[{"name":"Red spiders\u0027 eggs","id":224,"quantity":40,"price":394}],"date":"Oct 22, 2024, 9:02:59 PM"}
{"name":"Araxxor","level":-1,"killCount":210,"type":"NPC","drops":[{"name":"Adamantite ore","id":450,"quantity":85,"price":1014}],"date":"Oct 22, 2024, 9:04:38 PM"}
{"name":"Araxxor","level":-1,"killCount":211,"type":"NPC","drops":[{"name":"Mort myre fungus","id":2971,"quantity":24,"price":271}],"date":"Oct 22, 2024, 9:06:30 PM"}
{"name":"Araxxor","level":-1,"killCount":212,"type":"NPC","drops":[{"name":"Earth orb","id":576,"quantity":45,"price":755},{"name":"Clue scroll (elite)","id":19794,"quantity":1,"price":0}],"date":"Oct 22, 2024, 9:08:36 PM"}
{"name":"Araxxor","level":-1,"killCount":213,"type":"NPC","drops":[{"name":"Nature rune","id":561,"quantity":80,"price":108}],"date":"Oct 22, 2024, 9:10:38 PM"}
{"name":"Araxxor","level":-1,"killCount":214,"type":"NPC","drops":[{"name":"Mahogany seed","id":21488,"quantity":1,"price":970}],"date":"Oct 22, 2024, 9:13:09 PM"}
{"name":"Araxxor","level":-1,"killCount":215,"type":"NPC","drops":[{"name":"Yew seed","id":5315,"quantity":1,"price":25038}],"date":"Oct 22, 2024, 9:15:18 PM"}
{"name":"Araxxor","level":-1,"killCount":216,"type":"NPC","drops":[{"name":"Earth orb","id":576,"quantity":45,"price":755}],"date":"Oct 22, 2024, 9:18:58 PM"}
{"name":"Araxxor","level":-1,"killCount":217,"type":"NPC","drops":[{"name":"Spider cave teleport","id":29782,"quantity":3,"price":13975}],"date":"Oct 22, 2024, 9:21:05 PM"}
{"name":"Araxxor","level":-1,"killCount":218,"type":"NPC","drops":[{"name":"Death rune","id":560,"quantity":250,"price":172}],"date":"Oct 22, 2024, 9:23:11 PM"}
{"name":"Araxxor","level":-1,"killCount":219,"type":"NPC","drops":[{"name":"Prayer potion(4)","id":2434,"quantity":1,"price":9921},{"name":"Wild pie","id":7208,"quantity":3,"price":773},{"name":"Araxyte venom sack","id":29784,"quantity":1,"price":1162}],"date":"Oct 22, 2024, 9:25:16 PM"}
{"name":"Araxxor","level":-1,"killCount":220,"type":"NPC","drops":[{"name":"Pie dish","id":2313,"quantity":1,"price":14}],"date":"Oct 22, 2024, 9:27:20 PM"}
{"name":"Araxxor","level":-1,"killCount":221,"type":"NPC","drops":[{"name":"Dragon platelegs","id":4087,"quantity":2,"price":161442}],"date":"Oct 22, 2024, 9:29:46 PM"}
{"name":"Araxxor","level":-1,"killCount":222,"type":"NPC","drops":[{"name":"Yew seed","id":5315,"quantity":1,"price":25038}],"date":"Oct 22, 2024, 9:32:38 PM"}
{"name":"Araxxor","level":-1,"killCount":223,"type":"NPC","drops":[{"name":"Spider cave teleport","id":29782,"quantity":3,"price":13975}],"date":"Oct 22, 2024, 9:34:32 PM"}
{"name":"Araxxor","level":-1,"killCount":224,"type":"NPC","drops":[{"name":"Antidote++(3)","id":5955,"quantity":6,"price":4852}],"date":"Oct 22, 2024, 9:36:49 PM"}
{"name":"Araxxor","level":-1,"killCount":225,"type":"NPC","drops":[{"name":"Prayer potion(4)","id":2434,"quantity":1,"price":9921},{"name":"Wild pie","id":7208,"quantity":3,"price":773},{"name":"Super combat potion(1)","id":12701,"quantity":1,"price":3787}],"date":"Oct 22, 2024, 9:38:59 PM"}
{"name":"Araxxor","level":-1,"killCount":226,"type":"NPC","drops":[{"name":"Rune platelegs","id":1080,"quantity":2,"price":37939}],"date":"Oct 22, 2024, 9:41:01 PM"}
{"name":"Araxxor","level":-1,"killCount":227,"type":"NPC","drops":[{"name":"Rune kiteshield","id":1202,"quantity":2,"price":32199}],"date":"Oct 22, 2024, 9:43:22 PM"}
{"name":"Araxxor","level":-1,"killCount":228,"type":"NPC","drops":[{"name":"Shark","id":385,"quantity":2,"price":894},{"name":"Prayer potion(4)","id":2434,"quantity":1,"price":9921},{"name":"Super combat potion(1)","id":12701,"quantity":1,"price":3787}],"date":"Oct 22, 2024, 9:45:48 PM"}
{"name":"Araxxor","level":-1,"killCount":229,"type":"NPC","drops":[{"name":"Uncut emerald","id":1621,"quantity":1,"price":442}],"date":"Oct 22, 2024, 9:48:28 PM"}
{"name":"Araxxor","level":-1,"killCount":230,"type":"NPC","drops":[{"name":"Death rune","id":560,"quantity":250,"price":172}],"date":"Oct 22, 2024, 9:52:16 PM"}
{"name":"Araxxor","level":-1,"killCount":231,"type":"NPC","drops":[{"name":"Rune platelegs","id":1080,"quantity":2,"price":37939}],"date":"Oct 22, 2024, 9:54:37 PM"}
{"name":"Araxxor","level":-1,"killCount":232,"type":"NPC","drops":[{"name":"Nature rune","id":561,"quantity":80,"price":108}],"date":"Oct 22, 2024, 9:56:43 PM"}
{"name":"Araxxor","level":-1,"killCount":233,"type":"NPC","drops":[{"name":"Rune kiteshield","id":1202,"quantity":2,"price":32199}],"date":"Oct 22, 2024, 9:58:22 PM"}
{"name":"Araxxor","level":-1,"killCount":234,"type":"NPC","drops":[{"name":"Araxyte venom sack","id":29784,"quantity":12,"price":1162}],"date":"Oct 22, 2024, 10:00:39 PM"}
{"name":"Araxxor","level":-1,"killCount":235,"type":"NPC","drops":[{"name":"Araxyte venom sack","id":29784,"quantity":6,"price":1162}],"date":"Oct 22, 2024, 10:02:54 PM"}
{"name":"Araxxor","level":-1,"killCount":236,"type":"NPC","drops":[{"name":"Death rune","id":560,"quantity":250,"price":172}],"date":"Oct 22, 2024, 10:05:03 PM"}
{"name":"Araxxor","level":-1,"killCount":237,"type":"NPC","drops":[{"name":"Spider cave teleport","id":29782,"quantity":3,"price":13975}],"date":"Oct 22, 2024, 10:07:13 PM"}
{"name":"Araxxor","level":-1,"killCount":238,"type":"NPC","drops":[{"name":"Rune kiteshield","id":1202,"quantity":2,"price":32199}],"date":"Oct 22, 2024, 10:10:46 PM"}
{"name":"Araxxor","level":-1,"killCount":239,"type":"NPC","drops":[{"name":"Adamantite ore","id":450,"quantity":85,"price":1014}],"date":"Oct 22, 2024, 10:19:47 PM"}
{"name":"Araxxor","level":-1,"killCount":240,"type":"NPC","drops":[{"name":"Shark","id":385,"quantity":2,"price":894},{"name":"Prayer potion(4)","id":2434,"quantity":1,"price":9921},{"name":"Super combat potion(1)","id":12701,"quantity":1,"price":3787}],"date":"Oct 22, 2024, 10:22:01 PM"}
{"name":"Araxxor","level":-1,"killCount":241,"type":"NPC","drops":[{"name":"Snapdragon seed","id":5300,"quantity":3,"price":42162}],"date":"Oct 22, 2024, 10:24:03 PM"}
{"name":"Araxxor","level":-1,"killCount":242,"type":"NPC","drops":[{"name":"Mort myre fungus","id":2971,"quantity":24,"price":271}],"date":"Oct 22, 2024, 10:26:25 PM"}
{"name":"Araxxor","level":-1,"killCount":243,"type":"NPC","drops":[{"name":"Coal","id":454,"quantity":120,"price":152}],"date":"Oct 22, 2024, 10:28:37 PM"}
{"name":"Araxxor","level":-1,"killCount":244,"type":"NPC","drops":[{"name":"Rune platelegs","id":1080,"quantity":2,"price":37939}],"date":"Oct 22, 2024, 10:31:35 PM"}
{"name":"Araxxor","level":-1,"killCount":246,"type":"NPC","drops":[{"name":"Yew seed","id":5315,"quantity":1,"price":25038},{"name":"Clue scroll (elite)","id":12126,"quantity":1,"price":0}],"date":"Oct 22, 2024, 10:35:47 PM"}
{"name":"Araxxor","level":-1,"killCount":247,"type":"NPC","drops":[{"name":"Spider cave teleport","id":29782,"quantity":3,"price":13975}],"date":"Oct 22, 2024, 10:38:20 PM"}
{"name":"Araxxor","level":-1,"killCount":248,"type":"NPC","drops":[{"name":"Yew logs","id":1516,"quantity":70,"price":264}],"date":"Oct 22, 2024, 10:41:20 PM"}
{"name":"Araxxor","level":-1,"killCount":249,"type":"NPC","drops":[{"name":"Prayer potion(4)","id":2434,"quantity":1,"price":9921},{"name":"Araxyte venom sack","id":29784,"quantity":1,"price":1162},{"name":"Wild pie","id":7208,"quantity":1,"price":773},{"name":"Wild pie","id":7208,"quantity":1,"price":773},{"name":"Wild pie","id":7208,"quantity":1,"price":773}],"date":"Oct 22, 2024, 10:44:18 PM"}
{"name":"Araxxor","level":-1,"killCount":250,"type":"NPC","drops":[{"name":"Antidote++(3)","id":5955,"quantity":6,"price":4852}],"date":"Oct 22, 2024, 10:46:46 PM"}
{"name":"Araxxor","level":-1,"killCount":251,"type":"NPC","drops":[{"name":"Araxyte venom sack","id":29784,"quantity":6,"price":1162}],"date":"Oct 22, 2024, 10:48:55 PM"}
{"name":"Araxxor","level":-1,"killCount":252,"type":"NPC","drops":[{"name":"Rune kiteshield","id":1202,"quantity":2,"price":32199}],"date":"Oct 22, 2024, 10:51:08 PM"}
{"name":"Araxxor","level":-1,"killCount":253,"type":"NPC","drops":[{"name":"Wine of zamorak","id":246,"quantity":8,"price":817}],"date":"Oct 22, 2024, 10:53:05 PM"}
{"name":"Araxxor","level":-1,"killCount":254,"type":"NPC","drops":[{"name":"Adamantite ore","id":450,"quantity":85,"price":1014}],"date":"Oct 22, 2024, 10:55:08 PM"}
{"name":"Araxxor","level":-1,"killCount":255,"type":"NPC","drops":[{"name":"Yew logs","id":1516,"quantity":70,"price":264}],"date":"Oct 22, 2024, 10:57:10 PM"}
{"name":"Araxxor","level":-1,"killCount":256,"type":"NPC","drops":[{"name":"Spider cave teleport","id":29782,"quantity":3,"price":13975}],"date":"Oct 22, 2024, 11:06:43 PM"}
{"name":"Araxxor","level":-1,"killCount":257,"type":"NPC","drops":[{"name":"Runite ore","id":452,"quantity":12,"price":11217}],"date":"Oct 22, 2024, 11:08:46 PM"}
{"name":"Araxxor","level":-1,"killCount":258,"type":"NPC","drops":[{"name":"Shark","id":385,"quantity":2,"price":894},{"name":"Prayer potion(4)","id":2434,"quantity":1,"price":9921},{"name":"Araxyte venom sack","id":29784,"quantity":1,"price":1162}],"date":"Oct 22, 2024, 11:10:50 PM"}
{"name":"Araxxor","level":-1,"killCount":259,"type":"NPC","drops":[{"name":"Prayer potion(3)","id":139,"quantity":1,"price":7247}],"date":"Oct 22, 2024, 11:12:49 PM"}
{"name":"Araxxor","level":-1,"killCount":260,"type":"NPC","drops":[{"name":"Araxyte venom sack","id":29784,"quantity":6,"price":1162}],"date":"Oct 22, 2024, 11:14:59 PM"}
{"name":"Araxxor","level":-1,"killCount":261,"type":"NPC","drops":[{"name":"Adamantite ore","id":450,"quantity":85,"price":1014}],"date":"Oct 22, 2024, 11:17:18 PM"}
{"name":"Araxxor","level":-1,"killCount":262,"type":"NPC","drops":[{"name":"Earth orb","id":576,"quantity":45,"price":755}],"date":"Oct 22, 2024, 11:19:30 PM"}
{"name":"Araxxor","level":-1,"killCount":263,"type":"NPC","drops":[{"name":"Runite ore","id":452,"quantity":12,"price":11217}],"date":"Oct 22, 2024, 11:21:51 PM"}
{"name":"Araxxor","level":-1,"killCount":264,"type":"NPC","drops":[{"name":"Shark","id":385,"quantity":2,"price":894},{"name":"Prayer potion(4)","id":2434,"quantity":1,"price":9921},{"name":"Araxyte venom sack","id":29784,"quantity":1,"price":1162}],"date":"Oct 22, 2024, 11:23:59 PM"}
{"name":"Araxxor","level":-1,"killCount":265,"type":"NPC","drops":[{"name":"Spider cave teleport","id":29782,"quantity":3,"price":39890}],"date":"Mar 11, 2025, 1:02:27 PM"}
{"name":"Araxxor","level":-1,"killCount":266,"type":"NPC","drops":[{"name":"Yew logs","id":1516,"quantity":70,"price":292}],"date":"Mar 11, 2025, 1:04:49 PM"}
{"name":"Araxxor","level":-1,"killCount":267,"type":"NPC","drops":[{"name":"Rune platelegs","id":1080,"quantity":2,"price":37851}],"date":"Mar 11, 2025, 1:06:51 PM"}
{"name":"Araxxor","level":-1,"killCount":268,"type":"NPC","drops":[{"name":"Yew logs","id":1516,"quantity":70,"price":292}],"date":"Mar 11, 2025, 1:09:41 PM"}
{"name":"Araxxor","level":-1,"killCount":269,"type":"NPC","drops":[{"name":"Araxyte venom sack","id":29784,"quantity":6,"price":1825}],"date":"Mar 11, 2025, 1:11:57 PM"}
{"name":"Araxxor","level":-1,"killCount":270,"type":"NPC","drops":[{"name":"Yew seed","id":5315,"quantity":1,"price":27315}],"date":"Mar 11, 2025, 1:14:02 PM"}
{"name":"Araxxor","level":-1,"killCount":271,"type":"NPC","drops":[{"name":"Spider cave teleport","id":29782,"quantity":3,"price":39890}],"date":"Mar 11, 2025, 1:33:13 PM"}
{"name":"Araxxor","level":-1,"killCount":272,"type":"NPC","drops":[{"name":"Yew logs","id":1516,"quantity":70,"price":292}],"date":"Mar 11, 2025, 1:35:55 PM"}
{"name":"Araxxor","level":-1,"killCount":273,"type":"NPC","drops":[{"name":"Rune kiteshield","id":1202,"quantity":2,"price":32107}],"date":"Mar 11, 2025, 1:38:25 PM"}
{"name":"Araxxor","level":-1,"killCount":274,"type":"NPC","drops":[{"name":"Toadflax seed","id":5296,"quantity":4,"price":1062}],"date":"Mar 11, 2025, 1:40:37 PM"}
{"name":"Araxxor","level":-1,"killCount":275,"type":"NPC","drops":[{"name":"Ranarr seed","id":5295,"quantity":3,"price":22836}],"date":"Mar 11, 2025, 1:42:38 PM"}
{"name":"Araxxor","level":-1,"killCount":276,"type":"NPC","drops":[{"name":"Nature rune","id":561,"quantity":80,"price":116}],"date":"Mar 11, 2025, 1:44:56 PM"}
{"name":"Araxxor","level":-1,"killCount":277,"type":"NPC","drops":[{"name":"Runite ore","id":452,"quantity":12,"price":10733}],"date":"Mar 11, 2025, 2:16:57 PM"}
{"name":"Araxxor","level":-1,"killCount":278,"type":"NPC","drops":[{"name":"Ranarr seed","id":5295,"quantity":3,"price":22836}],"date":"Mar 11, 2025, 2:19:09 PM"}
{"name":"Araxxor","level":-1,"killCount":279,"type":"NPC","drops":[{"name":"Jar of venom","id":29786,"quantity":1,"price":0}],"date":"Mar 11, 2025, 2:21:21 PM"}
{"name":"Araxxor","level":-1,"killCount":280,"type":"NPC","drops":[{"name":"Prayer potion(4)","id":2434,"quantity":1,"price":8718},{"name":"Wild pie","id":7208,"quantity":3,"price":628},{"name":"Araxyte venom sack","id":29784,"quantity":1,"price":1825}],"date":"Mar 11, 2025, 2:23:26 PM"}
{"name":"Araxxor","level":-1,"killCount":281,"type":"NPC","drops":[{"name":"Toadflax seed","id":5296,"quantity":4,"price":1062}],"date":"Mar 11, 2025, 2:25:39 PM"}
{"name":"Araxxor","level":-1,"killCount":282,"type":"NPC","drops":[{"name":"Mort myre fungus","id":2971,"quantity":24,"price":392}],"date":"Mar 11, 2025, 2:27:46 PM"}
{"name":"Araxxor","level":-1,"killCount":283,"type":"NPC","drops":[{"name":"Araxyte venom sack","id":29784,"quantity":6,"price":1825}],"date":"Mar 11, 2025, 2:29:33 PM"}
{"name":"Araxxor","level":-1,"killCount":284,"type":"NPC","drops":[{"name":"Snapdragon seed","id":5300,"quantity":3,"price":42035}],"date":"Mar 11, 2025, 2:32:00 PM"}
{"name":"Araxxor","level":-1,"killCount":285,"type":"NPC","drops":[{"name":"Shark","id":385,"quantity":3,"price":1017},{"name":"Prayer potion(4)","id":2434,"quantity":1,"price":8718},{"name":"Super combat potion(1)","id":12701,"quantity":1,"price":3636}],"date":"Mar 11, 2025, 2:34:13 PM"}
{"name":"Araxxor","level":-1,"killCount":286,"type":"NPC","drops":[{"name":"Adamantite ore","id":450,"quantity":85,"price":999}],"date":"Mar 11, 2025, 2:36:21 PM"}
{"name":"Araxxor","level":-1,"killCount":287,"type":"NPC","drops":[{"name":"Mud rune","id":4698,"quantity":100,"price":113}],"date":"Mar 11, 2025, 2:38:26 PM"}
{"name":"Araxxor","level":-1,"killCount":288,"type":"NPC","drops":[{"name":"Death rune","id":560,"quantity":250,"price":176}],"date":"Mar 11, 2025, 2:42:22 PM"}
{"name":"Araxxor","level":-1,"killCount":289,"type":"NPC","drops":[{"name":"Raw shark","id":384,"quantity":21,"price":697}],"date":"Mar 11, 2025, 2:44:57 PM"}
{"name":"Araxxor","level":-1,"killCount":290,"type":"NPC","drops":[{"name":"Dragon mace","id":1434,"quantity":2,"price":29319}],"date":"Mar 11, 2025, 2:47:10 PM"}
{"name":"Araxxor","level":-1,"killCount":291,"type":"NPC","drops":[{"name":"Antidote++(3)","id":5955,"quantity":6,"price":5455}],"date":"Mar 11, 2025, 2:49:43 PM"}
{"name":"Araxxor","level":-1,"killCount":292,"type":"NPC","drops":[{"name":"Raw shark","id":384,"quantity":21,"price":697}],"date":"Mar 11, 2025, 2:52:34 PM"}
{"name":"Araxxor","level":-1,"killCount":293,"type":"NPC","drops":[{"name":"Pure essence","id":7937,"quantity":1200,"price":1}],"date":"Mar 11, 2025, 2:54:53 PM"}
{"name":"Araxxor","level":-1,"killCount":294,"type":"NPC","drops":[{"name":"Rune kiteshield","id":1202,"quantity":2,"price":32107}],"date":"Mar 11, 2025, 2:57:08 PM"}
{"name":"Araxxor","level":-1,"killCount":295,"type":"NPC","drops":[{"name":"Mort myre fungus","id":2971,"quantity":24,"price":392}],"date":"Mar 11, 2025, 2:59:51 PM"}
{"name":"Araxxor","level":-1,"killCount":296,"type":"NPC","drops":[{"name":"Prayer potion(4)","id":2434,"quantity":1,"price":8718},{"name":"Araxyte venom sack","id":29784,"quantity":1,"price":1825},{"name":"Wild pie","id":7208,"quantity":1,"price":628},{"name":"Wild pie","id":7208,"quantity":1,"price":628}],"date":"Mar 11, 2025, 3:02:01 PM"}
{"name":"Araxxor","level":-1,"killCount":297,"type":"NPC","drops":[{"name":"Snapdragon seed","id":5300,"quantity":3,"price":42035}],"date":"Mar 11, 2025, 3:09:25 PM"}
{"name":"Araxxor","level":-1,"killCount":298,"type":"NPC","drops":[{"name":"Magic seed","id":5316,"quantity":2,"price":105365}],"date":"Mar 11, 2025, 3:11:35 PM"}
{"name":"Araxxor","level":-1,"killCount":299,"type":"NPC","drops":[{"name":"Earth orb","id":576,"quantity":45,"price":781}],"date":"Mar 11, 2025, 3:13:57 PM"}
{"name":"Araxxor","level":-1,"killCount":300,"type":"NPC","drops":[{"name":"Dragon mace","id":1434,"quantity":2,"price":29319}],"date":"Mar 11, 2025, 3:16:09 PM"}
{"name":"Araxxor","level":-1,"killCount":301,"type":"NPC","drops":[],"date":"Mar 11, 2025, 3:18:47 PM"}
{"name":"Araxxor","level":-1,"killCount":302,"type":"NPC","drops":[{"name":"Dragon mace","id":1434,"quantity":2,"price":29319}],"date":"Mar 11, 2025, 3:21:14 PM"}
{"name":"Araxxor","level":-1,"killCount":303,"type":"NPC","drops":[{"name":"Araxyte venom sack","id":29784,"quantity":12,"price":1825}],"date":"Mar 11, 2025, 3:23:33 PM"}
{"name":"Araxxor","level":-1,"killCount":304,"type":"NPC","drops":[{"name":"Mahogany seed","id":21488,"quantity":1,"price":919}],"date":"Mar 11, 2025, 9:41:18 PM"}
{"name":"Araxxor","level":-1,"killCount":305,"type":"NPC","drops":[{"name":"Rune platelegs","id":1080,"quantity":2,"price":37851}],"date":"Mar 11, 2025, 9:44:17 PM"}
{"name":"Araxxor","level":-1,"killCount":306,"type":"NPC","drops":[{"name":"Hunters\u0027 sunlight crossbow","id":28869,"quantity":1,"price":6291},{"name":"Assembler max cape","id":21898,"quantity":1,"price":0}],"date":"Mar 11, 2025, 9:47:05 PM"}
{"name":"Araxxor","level":-1,"killCount":307,"type":"NPC","drops":[{"name":"Coal","id":454,"quantity":120,"price":155}],"date":"Mar 11, 2025, 9:49:33 PM"}
{"name":"Araxxor","level":-1,"killCount":308,"type":"NPC","drops":[{"name":"Prayer potion(4)","id":2434,"quantity":1,"price":8718},{"name":"Wild pie","id":7208,"quantity":3,"price":628},{"name":"Super combat potion(1)","id":12701,"quantity":1,"price":3636}],"date":"Mar 11, 2025, 9:51:53 PM"}
{"name":"Araxxor","level":-1,"killCount":309,"type":"NPC","drops":[{"name":"Raw shark","id":384,"quantity":100,"price":697}],"date":"Mar 11, 2025, 9:54:32 PM"}
{"name":"Araxxor","level":-1,"killCount":310,"type":"NPC","drops":[{"name":"Spider cave teleport","id":29782,"quantity":3,"price":39890}],"date":"Mar 11, 2025, 9:57:23 PM"}
{"name":"Araxxor","level":-1,"killCount":311,"type":"NPC","drops":[{"name":"Earth orb","id":576,"quantity":45,"price":781}],"date":"Mar 11, 2025, 9:59:44 PM"}
{"name":"Araxxor","level":-1,"killCount":312,"type":"NPC","drops":[{"name":"Rune kiteshield","id":1202,"quantity":2,"price":32107}],"date":"Mar 11, 2025, 10:02:03 PM"}
{"name":"Araxxor","level":-1,"killCount":313,"type":"NPC","drops":[{"name":"Yew seed","id":5315,"quantity":1,"price":27315}],"date":"Mar 11, 2025, 10:04:01 PM"}
{"name":"Araxxor","level":-1,"killCount":314,"type":"NPC","drops":[{"name":"Prayer potion(4)","id":2434,"quantity":1,"price":8718},{"name":"Wild pie","id":7208,"quantity":2,"price":628},{"name":"Super combat potion(1)","id":12701,"quantity":1,"price":3636}],"date":"Mar 11, 2025, 10:06:14 PM"}
{"name":"Araxxor","level":-1,"killCount":315,"type":"NPC","drops":[{"name":"Ranarr seed","id":5295,"quantity":3,"price":22836}],"date":"Mar 11, 2025, 10:08:58 PM"}
{"name":"Araxxor","level":-1,"killCount":316,"type":"NPC","drops":[{"name":"Shark","id":385,"quantity":2,"price":1017},{"name":"Prayer potion(4)","id":2434,"quantity":1,"price":8718},{"name":"Araxyte venom sack","id":29784,"quantity":1,"price":1825}],"date":"Mar 11, 2025, 10:11:14 PM"}
{"name":"Araxxor","level":-1,"killCount":317,"type":"NPC","drops":[{"name":"Ranarr seed","id":5295,"quantity":1,"price":22836}],"date":"Mar 11, 2025, 10:13:36 PM"}
{"name":"Araxxor","level":-1,"killCount":318,"type":"NPC","drops":[{"name":"Araxyte venom sack","id":29784,"quantity":6,"price":1825}],"date":"Mar 11, 2025, 10:17:23 PM"}
{"name":"Araxxor","level":-1,"killCount":319,"type":"NPC","drops":[],"date":"Mar 11, 2025, 10:19:19 PM"}
{"name":"Araxxor","level":-1,"killCount":320,"type":"NPC","drops":[{"name":"Araxyte venom sack","id":29784,"quantity":12,"price":1825}],"date":"Mar 11, 2025, 10:21:41 PM"}
{"name":"Araxxor","level":-1,"killCount":321,"type":"NPC","drops":[{"name":"Spider cave teleport","id":29782,"quantity":3,"price":39890}],"date":"Mar 11, 2025, 10:23:50 PM"}
{"name":"Araxxor","level":-1,"killCount":322,"type":"NPC","drops":[{"name":"Spider cave teleport","id":29782,"quantity":3,"price":39890}],"date":"Mar 11, 2025, 10:26:44 PM"}
{"name":"Araxxor","level":-1,"killCount":323,"type":"NPC","drops":[{"name":"Antidote++(3)","id":5955,"quantity":6,"price":5455}],"date":"Mar 11, 2025, 10:29:55 PM"}
{"name":"Araxxor","level":-1,"killCount":324,"type":"NPC","drops":[{"name":"Dragon mace","id":1434,"quantity":2,"price":29319}],"date":"Mar 11, 2025, 10:32:11 PM"}
{"name":"Araxxor","level":-1,"killCount":325,"type":"NPC","drops":[{"name":"Earth orb","id":576,"quantity":45,"price":781}],"date":"Mar 11, 2025, 10:34:32 PM"}
{"name":"Araxxor","level":-1,"killCount":326,"type":"NPC","drops":[{"name":"Papaya tree seed","id":5288,"quantity":1,"price":1645}],"date":"Mar 11, 2025, 10:36:52 PM"}
{"name":"Araxxor","level":-1,"killCount":327,"type":"NPC","drops":[{"name":"Yew logs","id":1516,"quantity":70,"price":292}],"date":"Mar 11, 2025, 10:39:31 PM"}
{"name":"Araxxor","level":-1,"killCount":328,"type":"NPC","drops":[{"name":"Shark","id":385,"quantity":2,"price":1017},{"name":"Prayer potion(4)","id":2434,"quantity":1,"price":8718},{"name":"Super combat potion(1)","id":12701,"quantity":1,"price":3636}],"date":"Mar 11, 2025, 10:42:02 PM"}
{"name":"Araxxor","level":-1,"killCount":329,"type":"NPC","drops":[{"name":"Yew logs","id":1516,"quantity":70,"price":292}],"date":"Mar 11, 2025, 10:44:15 PM"}
{"name":"Araxxor","level":-1,"killCount":330,"type":"NPC","drops":[],"date":"Mar 11, 2025, 10:47:21 PM"}
{"name":"Araxxor","level":-1,"killCount":331,"type":"NPC","drops":[{"name":"Earth orb","id":576,"quantity":45,"price":781}],"date":"Mar 11, 2025, 10:49:50 PM"}
{"name":"Araxxor","level":-1,"killCount":332,"type":"NPC","drops":[{"name":"Antidote++(3)","id":5955,"quantity":6,"price":5455}],"date":"Mar 11, 2025, 10:51:57 PM"}
{"name":"Araxxor","level":-1,"killCount":333,"type":"NPC","drops":[{"name":"Wine of zamorak","id":246,"quantity":8,"price":1024}],"date":"Mar 11, 2025, 10:54:27 PM"}
{"name":"Araxxor","level":-1,"killCount":334,"type":"NPC","drops":[{"name":"Rune kiteshield","id":1202,"quantity":2,"price":32107}],"date":"Mar 11, 2025, 10:59:08 PM"}
{"name":"Araxxor","level":-1,"killCount":335,"type":"NPC","drops":[{"name":"Manta ray","id":391,"quantity":1,"price":1664}],"date":"Mar 11, 2025, 11:02:19 PM"}
{"name":"Araxxor","level":-1,"killCount":336,"type":"NPC","drops":[{"name":"Prayer potion(4)","id":2434,"quantity":1,"price":8718},{"name":"Araxyte venom sack","id":29784,"quantity":1,"price":1825},{"name":"Shark","id":385,"quantity":1,"price":1017},{"name":"Shark","id":385,"quantity":1,"price":1017}],"date":"Mar 11, 2025, 11:04:37 PM"}
{"name":"Araxxor","level":-1,"killCount":337,"type":"NPC","drops":[{"name":"Yew seed","id":5315,"quantity":1,"price":27315}],"date":"Mar 11, 2025, 11:06:46 PM"}
{"name":"Araxxor","level":-1,"killCount":338,"type":"NPC","drops":[{"name":"Prayer potion(4)","id":2434,"quantity":1,"price":8718},{"name":"Wild pie","id":7208,"quantity":2,"price":628},{"name":"Super combat potion(1)","id":12701,"quantity":1,"price":3636},{"name":"Wild pie","id":7208,"quantity":1,"price":628}],"date":"Mar 11, 2025, 11:09:02 PM"}
{"name":"Araxxor","level":-1,"killCount":339,"type":"NPC","drops":[{"name":"Shark","id":385,"quantity":2,"price":1017},{"name":"Prayer potion(4)","id":2434,"quantity":1,"price":8718},{"name":"Araxyte venom sack","id":29784,"quantity":1,"price":1825}],"date":"Mar 11, 2025, 11:11:36 PM"}
{"name":"Araxxor","level":-1,"killCount":340,"type":"NPC","drops":[{"name":"Red spiders\u0027 eggs","id":224,"quantity":40,"price":370}],"date":"Mar 11, 2025, 11:14:22 PM"}
{"name":"Araxxor","level":-1,"killCount":341,"type":"NPC","drops":[{"name":"Antidote++(3)","id":5955,"quantity":6,"price":5455}],"date":"Mar 11, 2025, 11:16:54 PM"}
{"name":"Araxxor","level":-1,"killCount":342,"type":"NPC","drops":[{"name":"Raw shark","id":384,"quantity":100,"price":697}],"date":"Mar 11, 2025, 11:19:16 PM"}
{"name":"Araxxor","level":-1,"killCount":343,"type":"NPC","drops":[{"name":"Ranarr seed","id":5295,"quantity":3,"price":22836}],"date":"Mar 11, 2025, 11:21:29 PM"}
{"name":"Araxxor","level":-1,"killCount":344,"type":"NPC","drops":[{"name":"Mort myre fungus","id":2971,"quantity":24,"price":399}],"date":"Mar 12, 2025, 10:13:55 PM"}
{"name":"Araxxor","level":-1,"killCount":345,"type":"NPC","drops":[{"name":"Raw shark","id":384,"quantity":100,"price":703}],"date":"Mar 12, 2025, 10:16:00 PM"}
{"name":"Araxxor","level":-1,"killCount":346,"type":"NPC","drops":[],"date":"Mar 12, 2025, 10:18:44 PM"}
{"name":"Araxxor","level":-1,"killCount":347,"type":"NPC","drops":[{"name":"Mort myre fungus","id":2971,"quantity":24,"price":399}],"date":"Mar 12, 2025, 10:21:21 PM"}
{"name":"Araxxor","level":-1,"killCount":348,"type":"NPC","drops":[{"name":"Yew seed","id":5315,"quantity":1,"price":28042}],"date":"Mar 12, 2025, 10:23:41 PM"}
{"name":"Araxxor","level":-1,"killCount":349,"type":"NPC","drops":[{"name":"Dragon platelegs","id":4087,"quantity":2,"price":161399}],"date":"Mar 12, 2025, 10:25:48 PM"}
{"name":"Araxxor","level":-1,"killCount":350,"type":"NPC","drops":[{"name":"Antidote++(3)","id":5955,"quantity":6,"price":5455},{"name":"Clue scroll (elite)","id":12144,"quantity":1,"price":0}],"date":"Mar 12, 2025, 10:28:25 PM"}
{"name":"Araxxor","level":-1,"killCount":351,"type":"NPC","drops":[{"name":"Earth orb","id":576,"quantity":45,"price":778}],"date":"Mar 13, 2025, 8:12:58 AM"}
{"name":"Araxxor","level":-1,"killCount":352,"type":"NPC","drops":[{"name":"Toadflax seed","id":5296,"quantity":4,"price":1081}],"date":"Mar 13, 2025, 8:15:20 AM"}
{"name":"Araxxor","level":-1,"killCount":353,"type":"NPC","drops":[{"name":"Rune platelegs","id":1080,"quantity":2,"price":37860}],"date":"Mar 13, 2025, 8:17:28 AM"}
{"name":"Araxxor","level":-1,"killCount":354,"type":"NPC","drops":[{"name":"Prayer potion(4)","id":2434,"quantity":1,"price":8731},{"name":"Wild pie","id":7208,"quantity":3,"price":632},{"name":"Super combat potion(1)","id":12701,"quantity":1,"price":3636}],"date":"Mar 13, 2025, 8:19:54 AM"}
{"name":"Araxxor","level":-1,"killCount":355,"type":"NPC","drops":[{"name":"Raw monkfish","id":7945,"quantity":120,"price":239}],"date":"Mar 13, 2025, 8:21:51 AM"}
{"name":"Araxxor","level":-1,"killCount":356,"type":"NPC","drops":[{"name":"Rune kiteshield","id":1202,"quantity":2,"price":32103}],"date":"Mar 13, 2025, 8:23:58 AM"}
{"name":"Araxxor","level":-1,"killCount":357,"type":"NPC","drops":[{"name":"Prayer potion(4)","id":2434,"quantity":1,"price":8731},{"name":"Super combat potion(1)","id":12701,"quantity":1,"price":3636},{"name":"Shark","id":385,"quantity":1,"price":1007},{"name":"Shark","id":385,"quantity":1,"price":1007}],"date":"Mar 13, 2025, 8:29:25 AM"}
{"name":"Araxxor","level":-1,"killCount":358,"type":"NPC","drops":[{"name":"Death rune","id":560,"quantity":250,"price":175}],"date":"Mar 13, 2025, 8:31:39 AM"}
{"name":"Araxxor","level":-1,"killCount":359,"type":"NPC","drops":[{"name":"Earth orb","id":576,"quantity":45,"price":778}],"date":"Mar 13, 2025, 8:33:49 AM"}
{"name":"Araxxor","level":-1,"killCount":360,"type":"NPC","drops":[{"name":"Death rune","id":560,"quantity":250,"price":175}],"date":"Mar 13, 2025, 8:35:45 AM"}
{"name":"Araxxor","level":-1,"killCount":361,"type":"NPC","drops":[{"name":"Toadflax seed","id":5296,"quantity":4,"price":1081}],"date":"Mar 13, 2025, 8:38:08 AM"}
{"name":"Araxxor","level":-1,"killCount":362,"type":"NPC","drops":[{"name":"Raw shark","id":384,"quantity":21,"price":703}],"date":"Mar 13, 2025, 8:40:53 AM"}
{"name":"Araxxor","level":-1,"killCount":363,"type":"NPC","drops":[{"name":"Toadflax seed","id":5296,"quantity":4,"price":1081}],"date":"Mar 13, 2025, 8:43:49 AM"}
{"name":"Araxxor","level":-1,"killCount":364,"type":"NPC","drops":[{"name":"Yew seed","id":5315,"quantity":1,"price":28042}],"date":"Mar 13, 2025, 8:46:05 AM"}
{"name":"Araxxor","level":-1,"killCount":365,"type":"NPC","drops":[{"name":"Antidote++(3)","id":5955,"quantity":6,"price":5455}],"date":"Mar 13, 2025, 8:49:24 AM"}
{"name":"Araxxor","level":-1,"killCount":366,"type":"NPC","drops":[{"name":"Araxyte venom sack","id":29784,"quantity":12,"price":1809}],"date":"Mar 13, 2025, 8:51:56 AM"}
{"name":"Araxxor","level":-1,"killCount":367,"type":"NPC","drops":[{"name":"Raw shark","id":384,"quantity":21,"price":703}],"date":"Mar 13, 2025, 8:54:19 AM"}
{"name":"Araxxor","level":-1,"killCount":368,"type":"NPC","drops":[{"name":"Dragon platelegs","id":4087,"quantity":2,"price":161399}],"date":"Mar 13, 2025, 8:56:53 AM"}
{"name":"Araxxor","level":-1,"killCount":369,"type":"NPC","drops":[{"name":"Antidote++(3)","id":5955,"quantity":6,"price":5455}],"date":"Mar 13, 2025, 8:59:55 AM"}
{"name":"Araxxor","level":-1,"killCount":370,"type":"NPC","drops":[{"name":"Rune platelegs","id":1080,"quantity":2,"price":37860}],"date":"Mar 13, 2025, 9:02:41 AM"}
{"name":"Araxxor","level":-1,"killCount":371,"type":"NPC","drops":[{"name":"Death rune","id":560,"quantity":250,"price":175}],"date":"Mar 13, 2025, 9:04:52 AM"}
{"name":"Araxxor","level":-1,"killCount":380,"type":"NPC","drops":[{"name":"Spider cave teleport","id":29782,"quantity":3,"price":38942}],"date":"Mar 14, 2025, 12:40:42 PM"}
{"name":"Araxxor","level":-1,"killCount":381,"type":"NPC","drops":[{"name":"Coal","id":454,"quantity":120,"price":160}],"date":"Mar 14, 2025, 12:43:50 PM"}
{"name":"Araxxor","level":-1,"killCount":382,"type":"NPC","drops":[{"name":"Rune 2h sword","id":1320,"quantity":5,"price":37864}],"date":"Mar 14, 2025, 12:45:54 PM"}
{"name":"Araxxor","level":-1,"killCount":383,"type":"NPC","drops":[{"name":"Noxious blade","id":29792,"quantity":1,"price":0}],"date":"Mar 14, 2025, 12:48:13 PM"}
{"name":"Araxxor","level":-1,"killCount":384,"type":"NPC","drops":[{"name":"Araxyte venom sack","id":29784,"quantity":6,"price":1841}],"date":"Mar 14, 2025, 12:50:30 PM"}
{"name":"Araxxor","level":-1,"killCount":385,"type":"NPC","drops":[{"name":"Yew seed","id":5315,"quantity":1,"price":28994}],"date":"Mar 14, 2025, 12:57:41 PM"}
{"name":"Araxxor","level":-1,"killCount":386,"type":"NPC","drops":[{"name":"Yew seed","id":5315,"quantity":1,"price":28994}],"date":"Mar 14, 2025, 1:00:05 PM"}
{"name":"Araxxor","level":-1,"killCount":387,"type":"NPC","drops":[{"name":"Red spiders\u0027 eggs","id":224,"quantity":40,"price":368}],"date":"Mar 14, 2025, 1:05:59 PM"}
{"name":"Araxxor","level":-1,"killCount":388,"type":"NPC","drops":[{"name":"Dragon mace","id":1434,"quantity":2,"price":29287}],"date":"Mar 14, 2025, 1:08:38 PM"}
{"name":"Araxxor","level":-1,"killCount":389,"type":"NPC","drops":[{"name":"Dragon platelegs","id":4087,"quantity":2,"price":161279}],"date":"Mar 14, 2025, 1:11:18 PM"}
{"name":"Araxxor","level":-1,"killCount":390,"type":"NPC","drops":[{"name":"Antidote++(3)","id":5955,"quantity":6,"price":5202}],"date":"Mar 14, 2025, 1:13:23 PM"}
{"name":"Araxxor","level":-1,"killCount":391,"type":"NPC","drops":[{"name":"Spider cave teleport","id":29782,"quantity":3,"price":38942}],"date":"Mar 14, 2025, 1:16:10 PM"}
{"name":"Araxxor","level":-1,"killCount":392,"type":"NPC","drops":[{"name":"Coal","id":454,"quantity":120,"price":160}],"date":"Mar 14, 2025, 1:37:37 PM"}
{"name":"Araxxor","level":-1,"killCount":393,"type":"NPC","drops":[],"date":"Mar 14, 2025, 1:40:00 PM"}
{"name":"Araxxor","level":-1,"killCount":394,"type":"NPC","drops":[{"name":"Rune platelegs","id":1080,"quantity":2,"price":37750}],"date":"Mar 14, 2025, 1:42:19 PM"}
{"name":"Araxxor","level":-1,"killCount":395,"type":"NPC","drops":[{"name":"Rune kiteshield","id":1202,"quantity":2,"price":32056}],"date":"Mar 14, 2025, 1:44:58 PM"}
{"name":"Araxxor","level":-1,"killCount":396,"type":"NPC","drops":[{"name":"Antidote++(3)","id":5955,"quantity":6,"price":5202}],"date":"Mar 14, 2025, 1:47:52 PM"}
{"name":"Araxxor","level":-1,"killCount":397,"type":"NPC","drops":[{"name":"Yew logs","id":1516,"quantity":70,"price":307}],"date":"Mar 14, 2025, 1:50:09 PM"}
{"name":"Araxxor","level":-1,"killCount":398,"type":"NPC","drops":[{"name":"Pure essence","id":7937,"quantity":1200,"price":1}],"date":"Mar 14, 2025, 1:52:23 PM"}
{"name":"Araxxor","level":-1,"killCount":399,"type":"NPC","drops":[{"name":"Shark","id":385,"quantity":2,"price":992},{"name":"Prayer potion(4)","id":2434,"quantity":1,"price":8705},{"name":"Araxyte venom sack","id":29784,"quantity":1,"price":1841}],"date":"Mar 14, 2025, 1:54:12 PM"}
{"name":"Araxxor","level":-1,"killCount":400,"type":"NPC","drops":[{"name":"Dragon mace","id":1434,"quantity":2,"price":29287}],"date":"Mar 14, 2025, 1:56:40 PM"}
{"name":"Araxxor","level":-1,"killCount":401,"type":"NPC","drops":[{"name":"Earth orb","id":576,"quantity":45,"price":807}],"date":"Mar 14, 2025, 1:59:59 PM"}
{"name":"Araxxor","level":-1,"killCount":402,"type":"NPC","drops":[{"name":"Antidote++(3)","id":5955,"quantity":6,"price":5202}],"date":"Mar 14, 2025, 2:02:21 PM"}
{"name":"Araxxor","level":-1,"killCount":403,"type":"NPC","drops":[{"name":"Death rune","id":560,"quantity":250,"price":176}],"date":"Mar 14, 2025, 2:04:48 PM"}
{"name":"Araxxor","level":-1,"killCount":404,"type":"NPC","drops":[{"name":"Shark","id":385,"quantity":3,"price":992},{"name":"Prayer potion(4)","id":2434,"quantity":1,"price":8705},{"name":"Super combat potion(1)","id":12701,"quantity":1,"price":3601}],"date":"Mar 14, 2025, 2:06:45 PM"}
{"name":"Araxxor","level":-1,"killCount":405,"type":"NPC","drops":[{"name":"Shark","id":385,"quantity":2,"price":992},{"name":"Prayer potion(4)","id":2434,"quantity":1,"price":8705},{"name":"Araxyte venom sack","id":29784,"quantity":1,"price":1841}],"date":"Mar 14, 2025, 2:09:10 PM"}
{"name":"Araxxor","level":-1,"killCount":406,"type":"NPC","drops":[{"name":"Nature rune","id":561,"quantity":80,"price":117}],"date":"Mar 14, 2025, 2:49:34 PM"}
{"name":"Araxxor","level":-1,"killCount":407,"type":"NPC","drops":[{"name":"Yew logs","id":1516,"quantity":70,"price":307}],"date":"Mar 14, 2025, 2:51:57 PM"}
{"name":"Araxxor","level":-1,"killCount":408,"type":"NPC","drops":[{"name":"Wine of zamorak","id":246,"quantity":8,"price":1029}],"date":"Mar 14, 2025, 2:54:32 PM"}
{"name":"Araxxor","level":-1,"killCount":409,"type":"NPC","drops":[{"name":"Rune platelegs","id":1080,"quantity":2,"price":37750}],"date":"Mar 14, 2025, 2:56:46 PM"}
{"name":"Araxxor","level":-1,"killCount":410,"type":"NPC","drops":[],"date":"Mar 14, 2025, 2:59:24 PM"}
{"name":"Araxxor","level":-1,"killCount":411,"type":"NPC","drops":[{"name":"Nature rune","id":561,"quantity":80,"price":117}],"date":"Mar 14, 2025, 3:01:22 PM"}
{"name":"Araxxor","level":-1,"killCount":412,"type":"NPC","drops":[{"name":"Wine of zamorak","id":246,"quantity":8,"price":1029}],"date":"Mar 14, 2025, 3:04:04 PM"}
{"name":"Araxxor","level":-1,"killCount":413,"type":"NPC","drops":[{"name":"Nature rune","id":561,"quantity":80,"price":117}],"date":"Mar 14, 2025, 3:07:19 PM"}
{"name":"Araxxor","level":-1,"killCount":414,"type":"NPC","drops":[{"name":"Prayer potion(4)","id":2434,"quantity":1,"price":8705},{"name":"Wild pie","id":7208,"quantity":2,"price":621},{"name":"Super combat potion(1)","id":12701,"quantity":1,"price":3601}],"date":"Mar 14, 2025, 3:09:16 PM"}
{"name":"Araxxor","level":-1,"killCount":415,"type":"NPC","drops":[{"name":"Rune platelegs","id":1080,"quantity":2,"price":37750}],"date":"Mar 14, 2025, 3:11:25 PM"}
{"name":"Araxxor","level":-1,"killCount":416,"type":"NPC","drops":[{"name":"Dragon platelegs","id":4087,"quantity":2,"price":161279}],"date":"Mar 14, 2025, 3:13:34 PM"}
{"name":"Araxxor","level":-1,"killCount":417,"type":"NPC","drops":[{"name":"Prayer potion(4)","id":2434,"quantity":1,"price":8705},{"name":"Wild pie","id":7208,"quantity":3,"price":621},{"name":"Araxyte venom sack","id":29784,"quantity":1,"price":1841}],"date":"Mar 14, 2025, 3:15:48 PM"}
{"name":"Araxxor","level":-1,"killCount":418,"type":"NPC","drops":[{"name":"Magic seed","id":5316,"quantity":2,"price":105417}],"date":"Mar 14, 2025, 3:18:12 PM"}
{"name":"Araxxor","level":-1,"killCount":419,"type":"NPC","drops":[{"name":"Bracelet of slaughter","id":21183,"quantity":1,"price":2509}],"date":"Mar 14, 2025, 3:20:18 PM"}
{"name":"Araxxor","level":-1,"killCount":420,"type":"NPC","drops":[{"name":"Yew seed","id":5315,"quantity":1,"price":28994}],"date":"Mar 14, 2025, 3:22:31 PM"}
{"name":"Araxxor","level":-1,"killCount":421,"type":"NPC","drops":[{"name":"Spider cave teleport","id":29782,"quantity":3,"price":38942}],"date":"Mar 14, 2025, 3:24:47 PM"}
{"name":"Araxxor","level":-1,"killCount":422,"type":"NPC","drops":[{"name":"Spider cave teleport","id":29782,"quantity":3,"price":38942}],"date":"Mar 14, 2025, 3:30:38 PM"}
{"name":"Araxxor","level":-1,"killCount":423,"type":"NPC","drops":[{"name":"Bracelet of slaughter","id":21183,"quantity":1,"price":2509}],"date":"Mar 14, 2025, 3:32:41 PM"}
{"name":"Araxxor","level":-1,"killCount":424,"type":"NPC","drops":[{"name":"Rune kiteshield","id":1202,"quantity":2,"price":32056}],"date":"Mar 14, 2025, 3:34:45 PM"}
{"name":"Araxxor","level":-1,"killCount":425,"type":"NPC","drops":[{"name":"Rune platelegs","id":1080,"quantity":2,"price":37750}],"date":"Mar 14, 2025, 3:36:29 PM"}
{"name":"Araxxor","level":-1,"killCount":426,"type":"NPC","drops":[{"name":"Spider cave teleport","id":29782,"quantity":3,"price":38942}],"date":"Mar 14, 2025, 3:39:12 PM"}
{"name":"Araxxor","level":-1,"killCount":427,"type":"NPC","drops":[{"name":"Runite ore","id":452,"quantity":12,"price":10796}],"date":"Mar 15, 2025, 12:14:29 AM"}
{"name":"Araxxor","level":-1,"killCount":428,"type":"NPC","drops":[{"name":"Earth orb","id":576,"quantity":45,"price":808}],"date":"Mar 15, 2025, 12:16:34 AM"}
{"name":"Araxxor","level":-1,"killCount":429,"type":"NPC","drops":[{"name":"Shark","id":385,"quantity":2,"price":986},{"name":"Prayer potion(4)","id":2434,"quantity":1,"price":8693},{"name":"Super combat potion(1)","id":12701,"quantity":1,"price":3601}],"date":"Mar 15, 2025, 12:18:55 AM"}
{"name":"Araxxor","level":-1,"killCount":430,"type":"NPC","drops":[{"name":"Spider cave teleport","id":29782,"quantity":3,"price":39426}],"date":"Mar 15, 2025, 12:21:19 AM"}
{"name":"Araxxor","level":-1,"killCount":431,"type":"NPC","drops":[{"name":"Clue scroll (elite)","id":12146,"quantity":1,"price":0},{"name":"Spider cave teleport","id":29782,"quantity":3,"price":39426}],"date":"Mar 15, 2025, 12:23:39 AM"}
{"name":"Araxxor","level":-1,"killCount":432,"type":"NPC","drops":[{"name":"Prayer potion(4)","id":2434,"quantity":1,"price":8693},{"name":"Wild pie","id":7208,"quantity":3,"price":629},{"name":"Araxyte venom sack","id":29784,"quantity":1,"price":1814}],"date":"Mar 15, 2025, 12:26:17 AM"}
{"name":"Araxxor","level":-1,"killCount":433,"type":"NPC","drops":[{"name":"Araxyte head","id":29788,"quantity":1,"price":0}],"date":"Mar 15, 2025, 12:28:38 AM"}
{"name":"Araxxor","level":-1,"killCount":434,"type":"NPC","drops":[{"name":"Rune platelegs","id":1080,"quantity":2,"price":37746}],"date":"Mar 15, 2025, 12:30:52 AM"}
{"name":"Araxxor","level":-1,"killCount":435,"type":"NPC","drops":[{"name":"Rune kiteshield","id":1202,"quantity":2,"price":32080}],"date":"Mar 15, 2025, 12:33:24 AM"}
{"name":"Araxxor","level":-1,"killCount":436,"type":"NPC","drops":[{"name":"Shark","id":385,"quantity":2,"price":986},{"name":"Prayer potion(4)","id":2434,"quantity":1,"price":8693},{"name":"Super combat potion(1)","id":12701,"quantity":1,"price":3601},{"name":"Shark","id":385,"quantity":1,"price":986}],"date":"Mar 15, 2025, 12:36:43 AM"}
{"name":"Araxxor","level":-1,"killCount":437,"type":"NPC","drops":[{"name":"Spider cave teleport","id":29782,"quantity":3,"price":39426}],"date":"Mar 15, 2025, 12:38:50 AM"}
{"name":"Araxxor","level":-1,"killCount":438,"type":"NPC","drops":[{"name":"Raw shark","id":384,"quantity":21,"price":703}],"date":"Mar 15, 2025, 12:41:19 AM"}
{"name":"Araxxor","level":-1,"killCount":439,"type":"NPC","drops":[{"name":"Shark","id":385,"quantity":3,"price":986},{"name":"Prayer potion(4)","id":2434,"quantity":1,"price":8693},{"name":"Araxyte venom sack","id":29784,"quantity":1,"price":1814}],"date":"Mar 15, 2025, 12:43:32 AM"}
{"name":"Araxxor","level":-1,"killCount":440,"type":"NPC","drops":[{"name":"Dragon mace","id":1434,"quantity":2,"price":29319}],"date":"Mar 15, 2025, 12:45:54 AM"}
{"name":"Araxxor","level":-1,"killCount":441,"type":"NPC","drops":[{"name":"Araxyte venom sack","id":29784,"quantity":6,"price":1814}],"date":"Mar 15, 2025, 12:47:58 AM"}
{"name":"Araxxor","level":-1,"killCount":442,"type":"NPC","drops":[{"name":"Nature rune","id":561,"quantity":80,"price":116}],"date":"Mar 15, 2025, 12:50:27 AM"}
{"name":"Araxxor","level":-1,"killCount":443,"type":"NPC","drops":[{"name":"Araxyte venom sack","id":29784,"quantity":6,"price":1814}],"date":"Mar 15, 2025, 12:52:31 AM"}
{"name":"Araxxor","level":-1,"killCount":444,"type":"NPC","drops":[{"name":"Prayer potion(4)","id":2434,"quantity":1,"price":8693},{"name":"Wild pie","id":7208,"quantity":3,"price":629},{"name":"Araxyte venom sack","id":29784,"quantity":1,"price":1814}],"date":"Mar 15, 2025, 12:54:57 AM"}
{"name":"Araxxor","level":-1,"killCount":445,"type":"NPC","drops":[{"name":"Prayer potion(4)","id":2434,"quantity":1,"price":8693},{"name":"Wild pie","id":7208,"quantity":2,"price":629},{"name":"Araxyte venom sack","id":29784,"quantity":1,"price":1814}],"date":"Mar 15, 2025, 12:57:01 AM"}
{"name":"Araxxor","level":-1,"killCount":446,"type":"NPC","drops":[{"name":"Spider cave teleport","id":29782,"quantity":3,"price":39426}],"date":"Mar 15, 2025, 12:59:22 AM"}
{"name":"Araxxor","level":-1,"killCount":447,"type":"NPC","drops":[{"name":"Death rune","id":560,"quantity":250,"price":175}],"date":"Mar 15, 2025, 10:47:14 AM"}
{"name":"Araxxor","level":-1,"killCount":448,"type":"NPC","drops":[{"name":"Dragon mace","id":1434,"quantity":1,"price":29319},{"name":"Dragon mace","id":1434,"quantity":1,"price":29319}],"date":"Mar 15, 2025, 10:50:11 AM"}
{"name":"Araxxor","level":-1,"killCount":449,"type":"NPC","drops":[{"name":"Prayer potion(4)","id":2434,"quantity":1,"price":8693},{"name":"Super combat potion(1)","id":12701,"quantity":1,"price":3601},{"name":"Shark","id":385,"quantity":1,"price":986},{"name":"Shark","id":385,"quantity":1,"price":986}],"date":"Mar 15, 2025, 10:52:31 AM"}
{"name":"Araxxor","level":-1,"killCount":450,"type":"NPC","drops":[{"name":"Rune kiteshield","id":1202,"quantity":2,"price":32080}],"date":"Mar 15, 2025, 10:54:44 AM"}
{"name":"Araxxor","level":-1,"killCount":451,"type":"NPC","drops":[{"name":"Yew seed","id":5315,"quantity":1,"price":29053}],"date":"Mar 15, 2025, 10:57:28 AM"}
{"name":"Araxxor","level":-1,"killCount":452,"type":"NPC","drops":[{"name":"Bracelet of slaughter","id":21183,"quantity":1,"price":2461}],"date":"Mar 15, 2025, 10:59:29 AM"}
{"name":"Araxxor","level":-1,"killCount":453,"type":"NPC","drops":[{"name":"Mort myre fungus","id":2971,"quantity":24,"price":396}],"date":"Mar 15, 2025, 11:01:42 AM"}
{"name":"Araxxor","level":-1,"killCount":454,"type":"NPC","drops":[{"name":"Toadflax seed","id":5296,"quantity":4,"price":1160}],"date":"Mar 15, 2025, 11:04:16 AM"}
{"name":"Araxxor","level":-1,"killCount":455,"type":"NPC","drops":[{"name":"Bracelet of slaughter","id":21183,"quantity":1,"price":2461}],"date":"Mar 15, 2025, 11:06:24 AM"}
{"name":"Araxxor","level":-1,"killCount":456,"type":"NPC","drops":[],"date":"Mar 15, 2025, 11:08:12 AM"}
{"name":"Araxxor","level":-1,"killCount":457,"type":"NPC","drops":[{"name":"Araxyte venom sack","id":29784,"quantity":6,"price":1814}],"date":"Mar 15, 2025, 11:16:32 AM"}
{"name":"Araxxor","level":-1,"killCount":458,"type":"NPC","drops":[{"name":"Rune kiteshield","id":1202,"quantity":2,"price":32080}],"date":"Mar 15, 2025, 11:19:18 AM"}
{"name":"Araxxor","level":-1,"killCount":459,"type":"NPC","drops":[{"name":"Adamantite ore","id":450,"quantity":85,"price":997}],"date":"Mar 15, 2025, 11:21:26 AM"}
{"name":"Araxxor","level":-1,"killCount":460,"type":"NPC","drops":[{"name":"Rune platelegs","id":1080,"quantity":2,"price":37746}],"date":"Mar 15, 2025, 11:23:51 AM"}
{"name":"Araxxor","level":-1,"killCount":461,"type":"NPC","drops":[{"name":"Raw shark","id":384,"quantity":21,"price":703}],"date":"Mar 15, 2025, 11:26:15 AM"}
{"name":"Araxxor","level":-1,"killCount":462,"type":"NPC","drops":[{"name":"Pure essence","id":7937,"quantity":1200,"price":1}],"date":"Mar 15, 2025, 11:28:33 AM"}
{"name":"Araxxor","level":-1,"killCount":463,"type":"NPC","drops":[{"name":"Dragon mace","id":1434,"quantity":2,"price":29319}],"date":"Mar 15, 2025, 11:30:50 AM"}
{"name":"Araxxor","level":-1,"killCount":464,"type":"NPC","drops":[{"name":"Rune kiteshield","id":1202,"quantity":2,"price":32080}],"date":"Mar 15, 2025, 12:06:52 PM"}
{"name":"Araxxor","level":-1,"killCount":465,"type":"NPC","drops":[{"name":"Araxyte fang","id":29799,"quantity":1,"price":0}],"date":"Mar 15, 2025, 12:09:22 PM"}
{"name":"Araxxor","level":-1,"killCount":466,"type":"NPC","drops":[{"name":"Noxious point","id":29790,"quantity":1,"price":0}],"date":"Mar 15, 2025, 12:14:56 PM"}
{"name":"Araxxor","level":-1,"killCount":372,"type":"NPC","drops":[{"name":"Earth orb","id":576,"quantity":45,"price":778}],"date":"Mar 13, 2025, 12:16:21 PM"}
{"name":"Araxxor","level":-1,"killCount":373,"type":"NPC","drops":[{"name":"Shark","id":385,"quantity":2,"price":1007},{"name":"Prayer potion(4)","id":2434,"quantity":1,"price":8731},{"name":"Super combat potion(1)","id":12701,"quantity":1,"price":3636},{"name":"Shark","id":385,"quantity":1,"price":1007}],"date":"Mar 13, 2025, 12:18:38 PM"}
{"name":"Araxxor","level":-1,"killCount":374,"type":"NPC","drops":[{"name":"Earth orb","id":576,"quantity":45,"price":778}],"date":"Mar 13, 2025, 12:21:07 PM"}
{"name":"Araxxor","level":-1,"killCount":375,"type":"NPC","drops":[{"name":"Spider cave teleport","id":29782,"quantity":3,"price":40113}],"date":"Mar 13, 2025, 12:23:29 PM"}
{"name":"Araxxor","level":-1,"killCount":376,"type":"NPC","drops":[{"name":"Rune kiteshield","id":1202,"quantity":2,"price":32103}],"date":"Mar 13, 2025, 12:54:31 PM"}
{"name":"Araxxor","level":-1,"killCount":377,"type":"NPC","drops":[{"name":"Yew logs","id":1516,"quantity":70,"price":299}],"date":"Mar 13, 2025, 12:58:30 PM"}
{"name":"Araxxor","level":-1,"killCount":378,"type":"NPC","drops":[{"name":"Araxyte venom sack","id":29784,"quantity":12,"price":1809}],"date":"Mar 13, 2025, 1:00:53 PM"}
{"name":"Araxxor","level":-1,"killCount":379,"type":"NPC","drops":[{"name":"Blood rune","id":565,"quantity":180,"price":306}],"date":"Mar 13, 2025, 1:03:57 PM"}
