{"name":"Araxyte","level":146,"killCount":-1,"type":"NPC","drops":[{"name":"Araxyte venom sack","id":29784,"quantity":1,"price":9104},{"name":"Rune platelegs","id":1079,"quantity":1,"price":37953},{"name":"Rune platelegs","id":1079,"quantity":1,"price":37953}],"date":"Sep 12, 2024, 2:34:53 PM"}
{"name":"Araxyte","level":146,"killCount":-1,"type":"NPC","drops":[{"name":"Araxyte venom sack","id":29784,"quantity":1,"price":9104},{"name":"Water rune","id":555,"quantity":250,"price":4}],"date":"Sep 12, 2024, 2:34:53 PM"}
{"name":"Araxyte","level":146,"killCount":-1,"type":"NPC","drops":[{"name":"Araxyte venom sack","id":29784,"quantity":1,"price":9104},{"name":"Fire rune","id":554,"quantity":270,"price":4}],"date":"Sep 12, 2024, 2:35:06 PM"}
{"name":"Araxyte","level":146,"killCount":-1,"type":"NPC","drops":[{"name":"Araxyte venom sack","id":29784,"quantity":1,"price":9104},{"name":"Cosmic rune","id":564,"quantity":16,"price":111}],"date":"Sep 12, 2024, 2:35:18 PM"}
{"name":"Araxyte","level":146,"killCount":-1,"type":"NPC","drops":[{"name":"Araxyte venom sack","id":29784,"quantity":1,"price":9104},{"name":"Blood rune","id":565,"quantity":32,"price":304}],"date":"Sep 12, 2024, 2:35:20 PM"}
{"name":"Araxyte","level":146,"killCount":-1,"type":"NPC","drops":[{"name":"Aranea boots","id":29806,"quantity":1,"price":2078936},{"name":"Araxyte venom sack","id":29784,"quantity":1,"price":9104},{"name":"Law rune","id":563,"quantity":26,"price":150}],"date":"Sep 12, 2024, 2:35:26 PM"}
{"name":"Araxyte","level":146,"killCount":-1,"type":"NPC","drops":[{"name":"Araxyte venom sack","id":29784,"quantity":1,"price":9104},{"name":"Cosmic rune","id":564,"quantity":16,"price":111}],"date":"Sep 12, 2024, 2:35:45 PM"}
{"name":"Araxyte","level":146,"killCount":-1,"type":"NPC","drops":[{"name":"Araxyte venom sack","id":29784,"quantity":1,"price":9104},{"name":"Adamant longsword","id":1301,"quantity":1,"price":1608},{"name":"Adamant longsword","id":1301,"quantity":1,"price":1608}],"date":"Sep 12, 2024, 2:35:56 PM"}
{"name":"Araxyte","level":146,"killCount":-1,"type":"NPC","drops":[{"name":"Araxyte venom sack","id":29784,"quantity":1,"price":9104},{"name":"Chaos rune","id":562,"quantity":20,"price":104}],"date":"Sep 12, 2024, 2:36:04 PM"}
{"name":"Araxyte","level":146,"killCount":-1,"type":"NPC","drops":[{"name":"Araxyte venom sack","id":29784,"quantity":1,"price":9104},{"name":"Nature rune","id":561,"quantity":34,"price":112}],"date":"Sep 12, 2024, 2:36:08 PM"}
{"name":"Araxyte","level":146,"killCount":-1,"type":"NPC","drops":[{"name":"Araxyte venom sack","id":29784,"quantity":1,"price":9104},{"name":"Chaos rune","id":562,"quantity":28,"price":104}],"date":"Sep 12, 2024, 2:36:18 PM"}
{"name":"Araxyte","level":146,"killCount":-1,"type":"NPC","drops":[{"name":"Araxyte venom sack","id":29784,"quantity":1,"price":9104},{"name":"Coins","id":995,"quantity":2300,"price":1}],"date":"Sep 12, 2024, 2:36:30 PM"}
{"name":"Araxyte","level":146,"killCount":-1,"type":"NPC","drops":[{"name":"Araxyte venom sack","id":29784,"quantity":1,"price":9104},{"name":"Air rune","id":556,"quantity":256,"price":4}],"date":"Sep 12, 2024, 2:36:35 PM"}
{"name":"Araxyte","level":146,"killCount":-1,"type":"NPC","drops":[{"name":"Araxyte venom sack","id":29784,"quantity":1,"price":9104},{"name":"Adamant battleaxe","id":1371,"quantity":1,"price":2362},{"name":"Adamant battleaxe","id":1371,"quantity":1,"price":2362}],"date":"Sep 12, 2024, 2:36:44 PM"}
{"name":"Araxyte","level":146,"killCount":-1,"type":"NPC","drops":[{"name":"Araxyte venom sack","id":29784,"quantity":1,"price":9104},{"name":"Adamant battleaxe","id":1371,"quantity":1,"price":2362},{"name":"Adamant battleaxe","id":1371,"quantity":1,"price":2362}],"date":"Sep 12, 2024, 2:36:54 PM"}
{"name":"Araxyte","level":146,"killCount":-1,"type":"NPC","drops":[{"name":"Araxyte venom sack","id":29784,"quantity":1,"price":9104},{"name":"Rune dagger","id":1213,"quantity":1,"price":4463},{"name":"Rune dagger","id":1213,"quantity":1,"price":4463}],"date":"Sep 12, 2024, 2:37:07 PM"}
{"name":"Araxyte","level":146,"killCount":-1,"type":"NPC","drops":[{"name":"Araxyte venom sack","id":29784,"quantity":1,"price":9104},{"name":"Grimy guam leaf","id":199,"quantity":1,"price":194},{"name":"Grimy guam leaf","id":199,"quantity":1,"price":194}],"date":"Sep 12, 2024, 2:37:07 PM"}
{"name":"Araxyte","level":146,"killCount":-1,"type":"NPC","drops":[{"name":"Araxyte venom sack","id":29784,"quantity":1,"price":9104},{"name":"Clue scroll (hard)","id":12572,"quantity":1,"price":0},{"name":"Grimy cadantine","id":215,"quantity":1,"price":3894},{"name":"Grimy cadantine","id":215,"quantity":1,"price":3894}],"date":"Sep 12, 2024, 2:37:08 PM"}
{"name":"Araxyte","level":146,"killCount":-1,"type":"NPC","drops":[{"name":"Araxyte venom sack","id":29784,"quantity":1,"price":9104},{"name":"Earth rune","id":557,"quantity":264,"price":4}],"date":"Sep 12, 2024, 2:37:16 PM"}
{"name":"Araxyte","level":146,"killCount":-1,"type":"NPC","drops":[{"name":"Araxyte venom sack","id":29784,"quantity":1,"price":9104},{"name":"Fire rune","id":554,"quantity":262,"price":4}],"date":"Sep 12, 2024, 2:37:36 PM"}
{"name":"Araxyte","level":146,"killCount":-1,"type":"NPC","drops":[{"name":"Araxyte venom sack","id":29784,"quantity":1,"price":9104},{"name":"Air rune","id":556,"quantity":240,"price":4}],"date":"Sep 12, 2024, 2:37:42 PM"}
{"name":"Araxyte","level":146,"killCount":-1,"type":"NPC","drops":[{"name":"Araxyte venom sack","id":29784,"quantity":1,"price":9104},{"name":"Air rune","id":556,"quantity":266,"price":4}],"date":"Sep 12, 2024, 2:37:43 PM"}
{"name":"Araxyte","level":146,"killCount":-1,"type":"NPC","drops":[{"name":"Araxyte venom sack","id":29784,"quantity":1,"price":9104},{"name":"Coins","id":995,"quantity":1628,"price":1}],"date":"Sep 12, 2024, 2:37:53 PM"}
{"name":"Araxyte","level":146,"killCount":-1,"type":"NPC","drops":[{"name":"Araxyte venom sack","id":29784,"quantity":1,"price":9104},{"name":"Air rune","id":556,"quantity":256,"price":4}],"date":"Sep 12, 2024, 2:37:53 PM"}
{"name":"Araxyte","level":146,"killCount":-1,"type":"NPC","drops":[{"name":"Araxyte venom sack","id":29784,"quantity":1,"price":9104},{"name":"Chaos rune","id":562,"quantity":20,"price":104}],"date":"Sep 12, 2024, 2:37:57 PM"}
{"name":"Araxyte","level":146,"killCount":-1,"type":"NPC","drops":[{"name":"Araxyte venom sack","id":29784,"quantity":1,"price":9104},{"name":"Death rune","id":560,"quantity":48,"price":203}],"date":"Sep 12, 2024, 2:38:04 PM"}
{"name":"Araxyte","level":146,"killCount":-1,"type":"NPC","drops":[{"name":"Araxyte venom sack","id":29784,"quantity":1,"price":9104}],"date":"Sep 12, 2024, 2:38:13 PM"}
{"name":"Araxyte","level":146,"killCount":-1,"type":"NPC","drops":[{"name":"Araxyte venom sack","id":29784,"quantity":1,"price":9104},{"name":"Earth rune","id":557,"quantity":260,"price":4}],"date":"Sep 12, 2024, 2:38:18 PM"}
{"name":"Araxyte","level":146,"killCount":-1,"type":"NPC","drops":[{"name":"Araxyte venom sack","id":29784,"quantity":1,"price":9104},{"name":"Grimy marrentill","id":201,"quantity":1,"price":102},{"name":"Grimy marrentill","id":201,"quantity":1,"price":102}],"date":"Sep 12, 2024, 2:38:20 PM"}
{"name":"Araxyte","level":146,"killCount":-1,"type":"NPC","drops":[{"name":"Araxyte venom sack","id":29784,"quantity":1,"price":9104},{"name":"Earth rune","id":557,"quantity":280,"price":4}],"date":"Sep 12, 2024, 2:38:22 PM"}
{"name":"Araxyte","level":146,"killCount":-1,"type":"NPC","drops":[{"name":"Araxyte venom sack","id":29784,"quantity":1,"price":9104},{"name":"Earth rune","id":557,"quantity":248,"price":4}],"date":"Sep 12, 2024, 2:38:34 PM"}
{"name":"Araxyte","level":146,"killCount":-1,"type":"NPC","drops":[{"name":"Araxyte venom sack","id":29784,"quantity":1,"price":9104},{"name":"Adamant battleaxe","id":1371,"quantity":1,"price":2362},{"name":"Adamant battleaxe","id":1371,"quantity":1,"price":2362}],"date":"Sep 12, 2024, 2:38:41 PM"}
{"name":"Araxyte","level":146,"killCount":-1,"type":"NPC","drops":[{"name":"Araxyte venom sack","id":29784,"quantity":1,"price":9104},{"name":"Water rune","id":555,"quantity":244,"price":4}],"date":"Sep 12, 2024, 2:38:44 PM"}
{"name":"Araxyte","level":146,"killCount":-1,"type":"NPC","drops":[{"name":"Araxyte venom sack","id":29784,"quantity":1,"price":9104},{"name":"Fire rune","id":554,"quantity":266,"price":4}],"date":"Sep 12, 2024, 2:38:51 PM"}
{"name":"Araxyte","level":146,"killCount":-1,"type":"NPC","drops":[{"name":"Araxyte venom sack","id":29784,"quantity":1,"price":9104},{"name":"Blood rune","id":565,"quantity":34,"price":304}],"date":"Sep 12, 2024, 2:39:03 PM"}
{"name":"Araxyte","level":146,"killCount":-1,"type":"NPC","drops":[{"name":"Araxyte venom sack","id":29784,"quantity":1,"price":9104},{"name":"Law rune","id":563,"quantity":30,"price":150}],"date":"Sep 12, 2024, 2:39:10 PM"}
{"name":"Araxyte","level":146,"killCount":-1,"type":"NPC","drops":[{"name":"Araxyte venom sack","id":29784,"quantity":1,"price":9104},{"name":"Fire rune","id":554,"quantity":278,"price":4}],"date":"Sep 12, 2024, 2:39:15 PM"}
{"name":"Araxyte","level":146,"killCount":-1,"type":"NPC","drops":[{"name":"Araxyte venom sack","id":29784,"quantity":1,"price":9104},{"name":"Water rune","id":555,"quantity":274,"price":4}],"date":"Sep 12, 2024, 2:39:26 PM"}
{"name":"Araxyte","level":146,"killCount":-1,"type":"NPC","drops":[{"name":"Araxyte venom sack","id":29784,"quantity":1,"price":9104},{"name":"Water rune","id":555,"quantity":260,"price":4}],"date":"Sep 12, 2024, 2:39:28 PM"}
{"name":"Araxyte","level":146,"killCount":-1,"type":"NPC","drops":[{"name":"Araxyte venom sack","id":29784,"quantity":1,"price":9104},{"name":"Water rune","id":555,"quantity":248,"price":4}],"date":"Sep 12, 2024, 2:39:40 PM"}
{"name":"Araxyte","level":146,"killCount":-1,"type":"NPC","drops":[{"name":"Araxyte venom sack","id":29784,"quantity":1,"price":9104},{"name":"Water rune","id":555,"quantity":250,"price":4}],"date":"Sep 12, 2024, 2:39:49 PM"}
{"name":"Araxyte","level":146,"killCount":-1,"type":"NPC","drops":[{"name":"Araxyte venom sack","id":29784,"quantity":1,"price":9104},{"name":"Rune dagger","id":1213,"quantity":1,"price":4463},{"name":"Rune dagger","id":1213,"quantity":1,"price":4463}],"date":"Sep 12, 2024, 2:39:51 PM"}
{"name":"Araxyte","level":146,"killCount":-1,"type":"NPC","drops":[{"name":"Araxyte venom sack","id":29784,"quantity":1,"price":9104},{"name":"Coins","id":995,"quantity":1752,"price":1}],"date":"Sep 12, 2024, 2:40:03 PM"}
{"name":"Araxyte","level":146,"killCount":-1,"type":"NPC","drops":[{"name":"Araxyte venom sack","id":29784,"quantity":1,"price":9104},{"name":"Cosmic rune","id":564,"quantity":14,"price":111}],"date":"Sep 12, 2024, 2:40:10 PM"}
{"name":"Araxyte","level":146,"killCount":-1,"type":"NPC","drops":[{"name":"Araxyte venom sack","id":29784,"quantity":1,"price":9104},{"name":"Adamant battleaxe","id":1371,"quantity":1,"price":2362},{"name":"Adamant battleaxe","id":1371,"quantity":1,"price":2362}],"date":"Sep 12, 2024, 2:40:15 PM"}
{"name":"Araxyte","level":146,"killCount":-1,"type":"NPC","drops":[{"name":"Araxyte venom sack","id":29784,"quantity":5,"price":9104}],"date":"Sep 12, 2024, 2:40:26 PM"}
{"name":"Araxyte","level":146,"killCount":-1,"type":"NPC","drops":[{"name":"Araxyte venom sack","id":29784,"quantity":1,"price":9104},{"name":"Soul rune","id":566,"quantity":22,"price":198}],"date":"Sep 12, 2024, 2:40:28 PM"}
{"name":"Araxyte","level":146,"killCount":-1,"type":"NPC","drops":[{"name":"Araxyte venom sack","id":29784,"quantity":1,"price":9104},{"name":"Air rune","id":556,"quantity":278,"price":4}],"date":"Sep 12, 2024, 2:40:40 PM"}
{"name":"Araxyte","level":146,"killCount":-1,"type":"NPC","drops":[{"name":"Araxyte venom sack","id":29784,"quantity":1,"price":9104},{"name":"Water rune","id":555,"quantity":264,"price":4}],"date":"Sep 12, 2024, 2:40:56 PM"}
{"name":"Araxyte","level":146,"killCount":-1,"type":"NPC","drops":[{"name":"Araxyte venom sack","id":29784,"quantity":1,"price":9104},{"name":"Grimy harralander","id":205,"quantity":1,"price":586},{"name":"Grimy harralander","id":205,"quantity":1,"price":586}],"date":"Sep 12, 2024, 2:41:01 PM"}
{"name":"Araxyte","level":146,"killCount":-1,"type":"NPC","drops":[{"name":"Araxyte venom sack","id":29784,"quantity":1,"price":9104},{"name":"Rune dagger","id":1213,"quantity":1,"price":4463},{"name":"Rune dagger","id":1213,"quantity":1,"price":4463}],"date":"Sep 12, 2024, 2:41:11 PM"}
{"name":"Araxyte","level":146,"killCount":-1,"type":"NPC","drops":[{"name":"Araxyte venom sack","id":29784,"quantity":1,"price":9104},{"name":"Earth rune","id":557,"quantity":256,"price":4}],"date":"Sep 12, 2024, 2:41:13 PM"}
{"name":"Araxyte","level":146,"killCount":-1,"type":"NPC","drops":[{"name":"Araxyte venom sack","id":29784,"quantity":1,"price":9104},{"name":"Earth rune","id":557,"quantity":260,"price":4}],"date":"Sep 12, 2024, 2:41:13 PM"}
{"name":"Araxyte","level":146,"killCount":-1,"type":"NPC","drops":[{"name":"Araxyte venom sack","id":29784,"quantity":1,"price":9104},{"name":"Adamant battleaxe","id":1371,"quantity":1,"price":2362},{"name":"Adamant battleaxe","id":1371,"quantity":1,"price":2362}],"date":"Sep 12, 2024, 2:41:18 PM"}
{"name":"Araxyte","level":146,"killCount":-1,"type":"NPC","drops":[{"name":"Araxyte venom sack","id":29784,"quantity":1,"price":9104},{"name":"Fire rune","id":554,"quantity":264,"price":4}],"date":"Sep 12, 2024, 2:41:29 PM"}
{"name":"Araxyte","level":146,"killCount":-1,"type":"NPC","drops":[{"name":"Araxyte venom sack","id":29784,"quantity":1,"price":9104},{"name":"Marrentill seed","id":5292,"quantity":2,"price":9}],"date":"Sep 12, 2024, 2:41:36 PM"}
{"name":"Araxyte","level":146,"killCount":-1,"type":"NPC","drops":[{"name":"Araxyte venom sack","id":29784,"quantity":1,"price":9104},{"name":"Coins","id":995,"quantity":2264,"price":1}],"date":"Sep 12, 2024, 2:41:40 PM"}
{"name":"Araxyte","level":146,"killCount":-1,"type":"NPC","drops":[{"name":"Araxyte venom sack","id":29784,"quantity":1,"price":9104},{"name":"Death rune","id":560,"quantity":44,"price":203}],"date":"Sep 12, 2024, 2:41:46 PM"}
{"name":"Araxyte","level":146,"killCount":-1,"type":"NPC","drops":[{"name":"Araxyte venom sack","id":29784,"quantity":1,"price":9104},{"name":"Air rune","id":556,"quantity":280,"price":4}],"date":"Sep 12, 2024, 2:41:58 PM"}
{"name":"Araxyte","level":146,"killCount":-1,"type":"NPC","drops":[{"name":"Araxyte venom sack","id":29784,"quantity":1,"price":9104},{"name":"Clue scroll (hard)","id":2780,"quantity":1,"price":0},{"name":"Fire rune","id":554,"quantity":256,"price":4}],"date":"Sep 12, 2024, 2:42:19 PM"}
{"name":"Araxyte","level":146,"killCount":-1,"type":"NPC","drops":[{"name":"Araxyte venom sack","id":29784,"quantity":1,"price":9104},{"name":"Snape grass seed","id":22879,"quantity":2,"price":7628}],"date":"Sep 12, 2024, 2:42:22 PM"}
{"name":"Araxyte","level":146,"killCount":-1,"type":"NPC","drops":[{"name":"Araxyte venom sack","id":29784,"quantity":1,"price":9104},{"name":"Coins","id":995,"quantity":1960,"price":1}],"date":"Sep 12, 2024, 2:42:36 PM"}
{"name":"Araxyte","level":146,"killCount":-1,"type":"NPC","drops":[{"name":"Araxyte venom sack","id":29784,"quantity":1,"price":9104},{"name":"Fire rune","id":554,"quantity":256,"price":4}],"date":"Sep 12, 2024, 2:42:40 PM"}
{"name":"Araxyte","level":146,"killCount":-1,"type":"NPC","drops":[{"name":"Araxyte venom sack","id":29784,"quantity":1,"price":9104},{"name":"Earth rune","id":557,"quantity":256,"price":4}],"date":"Sep 12, 2024, 2:42:41 PM"}
{"name":"Araxyte","level":146,"killCount":-1,"type":"NPC","drops":[{"name":"Araxyte venom sack","id":29784,"quantity":1,"price":9104},{"name":"Fire rune","id":554,"quantity":270,"price":4}],"date":"Sep 12, 2024, 2:42:59 PM"}
{"name":"Araxyte","level":146,"killCount":-1,"type":"NPC","drops":[{"name":"Araxyte venom sack","id":29784,"quantity":1,"price":9104},{"name":"Air rune","id":556,"quantity":242,"price":4}],"date":"Sep 12, 2024, 2:43:04 PM"}
{"name":"Araxyte","level":146,"killCount":-1,"type":"NPC","drops":[{"name":"Araxyte venom sack","id":29784,"quantity":1,"price":9104},{"name":"Adamant battleaxe","id":1371,"quantity":1,"price":2362},{"name":"Adamant battleaxe","id":1371,"quantity":1,"price":2362}],"date":"Sep 12, 2024, 2:43:10 PM"}
{"name":"Araxyte","level":146,"killCount":-1,"type":"NPC","drops":[{"name":"Araxyte venom sack","id":29784,"quantity":1,"price":9104},{"name":"Coins","id":995,"quantity":2144,"price":1}],"date":"Sep 12, 2024, 2:43:14 PM"}
{"name":"Araxyte","level":146,"killCount":-1,"type":"NPC","drops":[{"name":"Araxyte venom sack","id":29784,"quantity":1,"price":9104},{"name":"Earth rune","id":557,"quantity":258,"price":4}],"date":"Sep 12, 2024, 2:43:18 PM"}
{"name":"Araxyte","level":146,"killCount":-1,"type":"NPC","drops":[{"name":"Araxyte venom sack","id":29784,"quantity":1,"price":9104},{"name":"Rune dagger","id":1213,"quantity":1,"price":4463},{"name":"Rune dagger","id":1213,"quantity":1,"price":4463}],"date":"Sep 12, 2024, 2:43:27 PM"}
{"name":"Araxyte","level":146,"killCount":-1,"type":"NPC","drops":[{"name":"Araxyte venom sack","id":29784,"quantity":1,"price":9104},{"name":"Cosmic rune","id":564,"quantity":24,"price":111}],"date":"Sep 12, 2024, 2:43:44 PM"}
{"name":"Araxyte","level":146,"killCount":-1,"type":"NPC","drops":[{"name":"Araxyte venom sack","id":29784,"quantity":1,"price":9104},{"name":"Cosmic rune","id":564,"quantity":22,"price":111}],"date":"Sep 12, 2024, 2:43:47 PM"}
{"name":"Araxyte","level":146,"killCount":-1,"type":"NPC","drops":[{"name":"Law rune","id":563,"quantity":28,"price":150}],"date":"Sep 12, 2024, 2:43:51 PM"}
{"name":"Araxyte","level":146,"killCount":-1,"type":"NPC","drops":[{"name":"Araxyte venom sack","id":29784,"quantity":1,"price":9104},{"name":"Blood rune","id":565,"quantity":34,"price":304}],"date":"Sep 12, 2024, 2:43:58 PM"}
{"name":"Araxyte","level":146,"killCount":-1,"type":"NPC","drops":[{"name":"Araxyte venom sack","id":29784,"quantity":1,"price":9104},{"name":"Grimy tarromin","id":203,"quantity":1,"price":144},{"name":"Grimy tarromin","id":203,"quantity":1,"price":144}],"date":"Sep 12, 2024, 2:44:08 PM"}
{"name":"Araxyte","level":146,"killCount":-1,"type":"NPC","drops":[{"name":"Araxyte venom sack","id":29784,"quantity":1,"price":9104},{"name":"Law rune","id":563,"quantity":26,"price":150}],"date":"Sep 12, 2024, 2:44:10 PM"}
{"name":"Araxyte","level":146,"killCount":-1,"type":"NPC","drops":[{"name":"Araxyte venom sack","id":29784,"quantity":1,"price":9104},{"name":"Earth rune","id":557,"quantity":248,"price":4}],"date":"Sep 12, 2024, 2:44:22 PM"}
{"name":"Araxyte","level":146,"killCount":-1,"type":"NPC","drops":[{"name":"Araxyte venom sack","id":29784,"quantity":1,"price":9104},{"name":"Water rune","id":555,"quantity":260,"price":4}],"date":"Sep 12, 2024, 2:44:39 PM"}
{"name":"Araxyte","level":146,"killCount":-1,"type":"NPC","drops":[{"name":"Araxyte venom sack","id":29784,"quantity":1,"price":9104},{"name":"Blood rune","id":565,"quantity":30,"price":304}],"date":"Sep 12, 2024, 2:44:44 PM"}
{"name":"Araxyte","level":146,"killCount":-1,"type":"NPC","drops":[{"name":"Araxyte venom sack","id":29784,"quantity":1,"price":9104},{"name":"Adamant longsword","id":1301,"quantity":1,"price":1608},{"name":"Adamant longsword","id":1301,"quantity":1,"price":1608}],"date":"Sep 12, 2024, 2:44:44 PM"}
{"name":"Araxyte","level":146,"killCount":-1,"type":"NPC","drops":[{"name":"Araxyte venom sack","id":29784,"quantity":5,"price":9104}],"date":"Sep 12, 2024, 2:44:52 PM"}
{"name":"Araxyte","level":146,"killCount":-1,"type":"NPC","drops":[{"name":"Araxyte venom sack","id":29784,"quantity":1,"price":9104},{"name":"Coins","id":995,"quantity":2188,"price":1}],"date":"Sep 12, 2024, 2:45:06 PM"}
{"name":"Araxyte","level":146,"killCount":-1,"type":"NPC","drops":[{"name":"Araxyte venom sack","id":29784,"quantity":1,"price":9104},{"name":"Adamant longsword","id":1301,"quantity":1,"price":1608},{"name":"Adamant longsword","id":1301,"quantity":1,"price":1608}],"date":"Sep 12, 2024, 2:45:06 PM"}
{"name":"Araxyte","level":146,"killCount":-1,"type":"NPC","drops":[{"name":"Rune dagger","id":1213,"quantity":1,"price":4463},{"name":"Rune dagger","id":1213,"quantity":1,"price":4463}],"date":"Sep 12, 2024, 2:45:20 PM"}
{"name":"Araxyte","level":146,"killCount":-1,"type":"NPC","drops":[{"name":"Blood rune","id":565,"quantity":30,"price":304}],"date":"Sep 12, 2024, 2:45:41 PM"}
{"name":"Araxyte","level":146,"killCount":-1,"type":"NPC","drops":[{"name":"Araxyte venom sack","id":29784,"quantity":1,"price":9104},{"name":"Earth rune","id":557,"quantity":250,"price":4}],"date":"Sep 12, 2024, 2:45:56 PM"}
{"name":"Araxyte","level":146,"killCount":-1,"type":"NPC","drops":[{"name":"Araxyte venom sack","id":29784,"quantity":1,"price":9104},{"name":"Grimy ranarr weed","id":207,"quantity":1,"price":7381},{"name":"Grimy ranarr weed","id":207,"quantity":1,"price":7381}],"date":"Sep 12, 2024, 2:49:15 PM"}
{"name":"Araxyte","level":146,"killCount":-1,"type":"NPC","drops":[{"name":"Araxyte venom sack","id":29784,"quantity":1,"price":9104},{"name":"Cosmic rune","id":564,"quantity":16,"price":111}],"date":"Sep 12, 2024, 2:49:32 PM"}
{"name":"Araxyte","level":146,"killCount":-1,"type":"NPC","drops":[{"name":"Araxyte venom sack","id":29784,"quantity":1,"price":9104},{"name":"Soul rune","id":566,"quantity":22,"price":198}],"date":"Sep 12, 2024, 2:49:39 PM"}
{"name":"Araxyte","level":146,"killCount":-1,"type":"NPC","drops":[{"name":"Araxyte venom sack","id":29784,"quantity":1,"price":9104},{"name":"Coins","id":995,"quantity":1700,"price":1}],"date":"Sep 12, 2024, 2:49:43 PM"}
{"name":"Araxyte","level":146,"killCount":-1,"type":"NPC","drops":[{"name":"Araxyte venom sack","id":29784,"quantity":5,"price":9104}],"date":"Sep 12, 2024, 2:49:56 PM"}
{"name":"Araxyte","level":146,"killCount":-1,"type":"NPC","drops":[{"name":"Araxyte venom sack","id":29784,"quantity":1,"price":9104},{"name":"Air rune","id":556,"quantity":264,"price":4}],"date":"Sep 12, 2024, 2:50:05 PM"}
{"name":"Araxyte","level":146,"killCount":-1,"type":"NPC","drops":[{"name":"Araxyte venom sack","id":29784,"quantity":1,"price":9104},{"name":"Blood rune","id":565,"quantity":34,"price":304}],"date":"Sep 12, 2024, 2:50:07 PM"}
{"name":"Araxyte","level":146,"killCount":-1,"type":"NPC","drops":[{"name":"Araxyte venom sack","id":29784,"quantity":1,"price":9104},{"name":"Death rune","id":560,"quantity":42,"price":203}],"date":"Sep 12, 2024, 2:50:09 PM"}
{"name":"Araxyte","level":146,"killCount":-1,"type":"NPC","drops":[{"name":"Araxyte venom sack","id":29784,"quantity":1,"price":9104},{"name":"Grimy marrentill","id":201,"quantity":1,"price":102},{"name":"Grimy marrentill","id":201,"quantity":1,"price":102}],"date":"Sep 12, 2024, 2:50:22 PM"}
{"name":"Araxyte","level":146,"killCount":-1,"type":"NPC","drops":[{"name":"Araxyte venom sack","id":29784,"quantity":1,"price":9104},{"name":"Death rune","id":560,"quantity":40,"price":203}],"date":"Sep 12, 2024, 2:50:32 PM"}
{"name":"Araxyte","level":146,"killCount":-1,"type":"NPC","drops":[{"name":"Araxyte venom sack","id":29784,"quantity":1,"price":9104},{"name":"Blood rune","id":565,"quantity":34,"price":304}],"date":"Sep 12, 2024, 2:50:39 PM"}
{"name":"Araxyte","level":146,"killCount":-1,"type":"NPC","drops":[{"name":"Araxyte venom sack","id":29784,"quantity":1,"price":9104},{"name":"Grimy kwuarm","id":213,"quantity":1,"price":3649},{"name":"Grimy kwuarm","id":213,"quantity":1,"price":3649}],"date":"Sep 12, 2024, 2:50:51 PM"}
{"name":"Araxyte","level":146,"killCount":-1,"type":"NPC","drops":[{"name":"Araxyte venom sack","id":29784,"quantity":1,"price":9104},{"name":"Grimy marrentill","id":201,"quantity":1,"price":102},{"name":"Grimy marrentill","id":201,"quantity":1,"price":102}],"date":"Sep 12, 2024, 2:50:58 PM"}
{"name":"Araxyte","level":146,"killCount":-1,"type":"NPC","drops":[{"name":"Araxyte venom sack","id":29784,"quantity":1,"price":9104},{"name":"Death rune","id":560,"quantity":40,"price":203}],"date":"Sep 12, 2024, 2:51:22 PM"}
{"name":"Araxyte","level":146,"killCount":-1,"type":"NPC","drops":[{"name":"Araxyte venom sack","id":29784,"quantity":5,"price":9104}],"date":"Sep 12, 2024, 2:51:37 PM"}
{"name":"Araxyte","level":146,"killCount":-1,"type":"NPC","drops":[{"name":"Araxyte venom sack","id":29784,"quantity":1,"price":9104},{"name":"Rune dagger","id":1213,"quantity":1,"price":4463},{"name":"Rune dagger","id":1213,"quantity":1,"price":4463}],"date":"Sep 12, 2024, 2:51:44 PM"}
{"name":"Araxyte","level":146,"killCount":-1,"type":"NPC","drops":[{"name":"Araxyte venom sack","id":29784,"quantity":1,"price":9104},{"name":"Grimy cadantine","id":215,"quantity":1,"price":3894},{"name":"Grimy cadantine","id":215,"quantity":1,"price":3894}],"date":"Sep 12, 2024, 2:51:51 PM"}
{"name":"Araxyte","level":146,"killCount":-1,"type":"NPC","drops":[{"name":"Araxyte venom sack","id":29784,"quantity":1,"price":9104},{"name":"Coins","id":995,"quantity":1806,"price":1}],"date":"Sep 12, 2024, 2:51:56 PM"}
{"name":"Araxyte","level":146,"killCount":-1,"type":"NPC","drops":[{"name":"Araxyte venom sack","id":29784,"quantity":1,"price":9104},{"name":"Watermelon seed","id":5321,"quantity":2,"price":11}],"date":"Sep 12, 2024, 2:51:59 PM"}
{"name":"Araxyte","level":146,"killCount":-1,"type":"NPC","drops":[{"name":"Araxyte venom sack","id":29784,"quantity":1,"price":9104},{"name":"Strawberry seed","id":5323,"quantity":2,"price":2}],"date":"Sep 12, 2024, 2:52:12 PM"}
{"name":"Araxyte","level":146,"killCount":-1,"type":"NPC","drops":[{"name":"Araxyte venom sack","id":29784,"quantity":1,"price":9104},{"name":"Fire rune","id":554,"quantity":262,"price":4}],"date":"Sep 12, 2024, 2:52:23 PM"}
{"name":"Araxyte","level":146,"killCount":-1,"type":"NPC","drops":[{"name":"Araxyte venom sack","id":29784,"quantity":1,"price":9104},{"name":"Water rune","id":555,"quantity":244,"price":4}],"date":"Sep 12, 2024, 2:52:28 PM"}
{"name":"Araxyte","level":146,"killCount":-1,"type":"NPC","drops":[{"name":"Araxyte venom sack","id":29784,"quantity":1,"price":9104},{"name":"Avantoe seed","id":5298,"quantity":2,"price":6493}],"date":"Sep 12, 2024, 2:52:30 PM"}
{"name":"Araxyte","level":146,"killCount":-1,"type":"NPC","drops":[{"name":"Araxyte venom sack","id":29784,"quantity":1,"price":9104},{"name":"Coins","id":995,"quantity":1736,"price":1}],"date":"Sep 12, 2024, 2:52:33 PM"}
{"name":"Araxyte","level":146,"killCount":-1,"type":"NPC","drops":[{"name":"Araxyte venom sack","id":29784,"quantity":1,"price":9104},{"name":"Rune platelegs","id":1079,"quantity":1,"price":37953},{"name":"Rune platelegs","id":1079,"quantity":1,"price":37953}],"date":"Sep 12, 2024, 2:52:41 PM"}
{"name":"Araxyte","level":146,"killCount":-1,"type":"NPC","drops":[{"name":"Araxyte venom sack","id":29784,"quantity":5,"price":9104}],"date":"Sep 12, 2024, 2:52:56 PM"}
{"name":"Araxyte","level":146,"killCount":-1,"type":"NPC","drops":[{"name":"Araxyte venom sack","id":29784,"quantity":1,"price":9104},{"name":"Death rune","id":560,"quantity":48,"price":203}],"date":"Sep 12, 2024, 2:52:59 PM"}
{"name":"Araxyte","level":146,"killCount":-1,"type":"NPC","drops":[{"name":"Araxyte venom sack","id":29784,"quantity":1,"price":9104},{"name":"Earth rune","id":557,"quantity":244,"price":4}],"date":"Sep 12, 2024, 2:53:09 PM"}
{"name":"Araxyte","level":146,"killCount":-1,"type":"NPC","drops":[{"name":"Araxyte venom sack","id":29784,"quantity":1,"price":9104},{"name":"Death rune","id":560,"quantity":44,"price":203}],"date":"Sep 12, 2024, 2:53:19 PM"}
{"name":"Araxyte","level":146,"killCount":-1,"type":"NPC","drops":[{"name":"Araxyte venom sack","id":29784,"quantity":1,"price":9104},{"name":"Water rune","id":555,"quantity":248,"price":4}],"date":"Sep 12, 2024, 2:53:24 PM"}
{"name":"Araxyte","level":146,"killCount":-1,"type":"NPC","drops":[{"name":"Araxyte venom sack","id":29784,"quantity":1,"price":9104},{"name":"Earth rune","id":557,"quantity":276,"price":4}],"date":"Sep 12, 2024, 2:53:27 PM"}
{"name":"Araxyte","level":146,"killCount":-1,"type":"NPC","drops":[{"name":"Araxyte venom sack","id":29784,"quantity":1,"price":9104},{"name":"Jangerberry seed","id":5104,"quantity":2,"price":5}],"date":"Sep 12, 2024, 2:53:32 PM"}
{"name":"Araxyte","level":146,"killCount":-1,"type":"NPC","drops":[{"name":"Araxyte venom sack","id":29784,"quantity":1,"price":9104},{"name":"Fire rune","id":554,"quantity":260,"price":4}],"date":"Sep 12, 2024, 2:53:45 PM"}
{"name":"Araxyte","level":146,"killCount":-1,"type":"NPC","drops":[{"name":"Araxyte venom sack","id":29784,"quantity":1,"price":9104},{"name":"Air rune","id":556,"quantity":256,"price":4}],"date":"Sep 12, 2024, 2:53:53 PM"}
{"name":"Araxyte","level":146,"killCount":-1,"type":"NPC","drops":[{"name":"Araxyte venom sack","id":29784,"quantity":1,"price":9104},{"name":"Air rune","id":556,"quantity":266,"price":4}],"date":"Sep 12, 2024, 2:54:00 PM"}
{"name":"Araxyte","level":146,"killCount":-1,"type":"NPC","drops":[{"name":"Araxyte venom sack","id":29784,"quantity":1,"price":9104},{"name":"Adamant battleaxe","id":1371,"quantity":1,"price":2362},{"name":"Adamant battleaxe","id":1371,"quantity":1,"price":2362}],"date":"Sep 12, 2024, 2:54:02 PM"}
{"name":"Araxyte","level":146,"killCount":-1,"type":"NPC","drops":[{"name":"Araxyte venom sack","id":29784,"quantity":1,"price":9104},{"name":"Death rune","id":560,"quantity":50,"price":203}],"date":"Sep 12, 2024, 2:54:14 PM"}
{"name":"Araxyte","level":146,"killCount":-1,"type":"NPC","drops":[{"name":"Araxyte venom sack","id":29784,"quantity":1,"price":9104},{"name":"Water rune","id":555,"quantity":264,"price":4}],"date":"Sep 12, 2024, 2:54:17 PM"}
{"name":"Araxyte","level":146,"killCount":-1,"type":"NPC","drops":[{"name":"Araxyte venom sack","id":29784,"quantity":1,"price":9104},{"name":"Blood rune","id":565,"quantity":36,"price":304}],"date":"Sep 12, 2024, 2:54:21 PM"}
{"name":"Araxyte","level":146,"killCount":-1,"type":"NPC","drops":[{"name":"Araxyte venom sack","id":29784,"quantity":1,"price":9104},{"name":"Cosmic rune","id":564,"quantity":22,"price":111}],"date":"Sep 12, 2024, 2:54:29 PM"}
{"name":"Araxyte","level":146,"killCount":-1,"type":"NPC","drops":[{"name":"Araxyte venom sack","id":29784,"quantity":1,"price":9104},{"name":"Law rune","id":563,"quantity":30,"price":150}],"date":"Sep 12, 2024, 2:54:38 PM"}
{"name":"Araxyte","level":146,"killCount":-1,"type":"NPC","drops":[{"name":"Araxyte venom sack","id":29784,"quantity":1,"price":9104},{"name":"Coins","id":995,"quantity":1982,"price":1}],"date":"Sep 12, 2024, 2:54:44 PM"}
{"name":"Araxyte","level":146,"killCount":-1,"type":"NPC","drops":[{"name":"Araxyte venom sack","id":29784,"quantity":1,"price":9104},{"name":"Jangerberry seed","id":5104,"quantity":2,"price":5}],"date":"Sep 12, 2024, 2:54:53 PM"}
{"name":"Araxyte","level":146,"killCount":-1,"type":"NPC","drops":[{"name":"Araxyte venom sack","id":29784,"quantity":1,"price":9104},{"name":"Air rune","id":556,"quantity":272,"price":4}],"date":"Sep 12, 2024, 2:54:58 PM"}
{"name":"Araxyte","level":146,"killCount":-1,"type":"NPC","drops":[{"name":"Araxyte venom sack","id":29784,"quantity":1,"price":9104},{"name":"Blood rune","id":565,"quantity":34,"price":304}],"date":"Sep 12, 2024, 2:55:09 PM"}
{"name":"Araxyte","level":146,"killCount":-1,"type":"NPC","drops":[{"name":"Araxyte venom sack","id":29784,"quantity":1,"price":9104},{"name":"Adamant battleaxe","id":1371,"quantity":1,"price":2362},{"name":"Adamant battleaxe","id":1371,"quantity":1,"price":2362}],"date":"Sep 12, 2024, 2:55:17 PM"}
{"name":"Araxyte","level":146,"killCount":-1,"type":"NPC","drops":[{"name":"Adamant battleaxe","id":1371,"quantity":1,"price":2362},{"name":"Adamant battleaxe","id":1371,"quantity":1,"price":2362}],"date":"Sep 12, 2024, 2:55:21 PM"}
{"name":"Araxyte","level":146,"killCount":-1,"type":"NPC","drops":[{"name":"Araxyte venom sack","id":29784,"quantity":1,"price":9104},{"name":"Water rune","id":555,"quantity":254,"price":4}],"date":"Sep 12, 2024, 2:55:24 PM"}
{"name":"Araxyte","level":146,"killCount":-1,"type":"NPC","drops":[{"name":"Araxyte venom sack","id":29784,"quantity":1,"price":9104},{"name":"Adamant battleaxe","id":1371,"quantity":1,"price":2362},{"name":"Adamant battleaxe","id":1371,"quantity":1,"price":2362}],"date":"Sep 12, 2024, 2:55:32 PM"}
{"name":"Araxyte","level":146,"killCount":-1,"type":"NPC","drops":[{"name":"Araxyte venom sack","id":29784,"quantity":1,"price":9104},{"name":"Blood rune","id":565,"quantity":36,"price":304}],"date":"Sep 12, 2024, 2:55:37 PM"}
{"name":"Araxyte","level":146,"killCount":-1,"type":"NPC","drops":[{"name":"Araxyte venom sack","id":29784,"quantity":1,"price":9104},{"name":"Air rune","id":556,"quantity":256,"price":4}],"date":"Sep 12, 2024, 2:56:02 PM"}
{"name":"Araxyte","level":146,"killCount":-1,"type":"NPC","drops":[{"name":"Araxyte venom sack","id":29784,"quantity":1,"price":9104},{"name":"Adamant longsword","id":1301,"quantity":1,"price":1608},{"name":"Adamant longsword","id":1301,"quantity":1,"price":1608}],"date":"Sep 12, 2024, 2:56:05 PM"}
{"name":"Araxyte","level":146,"killCount":-1,"type":"NPC","drops":[{"name":"Araxyte venom sack","id":29784,"quantity":1,"price":9104},{"name":"Adamant battleaxe","id":1371,"quantity":1,"price":2362},{"name":"Adamant battleaxe","id":1371,"quantity":1,"price":2362}],"date":"Sep 12, 2024, 2:56:21 PM"}
{"name":"Araxyte","level":146,"killCount":-1,"type":"NPC","drops":[{"name":"Araxyte venom sack","id":29784,"quantity":1,"price":9104},{"name":"Death rune","id":560,"quantity":46,"price":203}],"date":"Sep 12, 2024, 2:56:30 PM"}
{"name":"Araxyte","level":146,"killCount":-1,"type":"NPC","drops":[{"name":"Araxyte venom sack","id":29784,"quantity":1,"price":9104},{"name":"Air rune","id":556,"quantity":244,"price":4}],"date":"Sep 12, 2024, 2:56:35 PM"}
{"name":"Araxyte","level":146,"killCount":-1,"type":"NPC","drops":[{"name":"Araxyte venom sack","id":29784,"quantity":1,"price":9104},{"name":"Chaos rune","id":562,"quantity":24,"price":104}],"date":"Sep 12, 2024, 2:56:54 PM"}
{"name":"Araxyte","level":146,"killCount":-1,"type":"NPC","drops":[{"name":"Adamant longsword","id":1301,"quantity":1,"price":1608},{"name":"Adamant longsword","id":1301,"quantity":1,"price":1608}],"date":"Sep 12, 2024, 2:57:00 PM"}
{"name":"Araxyte","level":146,"killCount":-1,"type":"NPC","drops":[{"name":"Araxyte venom sack","id":29784,"quantity":1,"price":9104},{"name":"Fire rune","id":554,"quantity":270,"price":4}],"date":"Sep 12, 2024, 2:57:32 PM"}
{"name":"Araxyte","level":146,"killCount":-1,"type":"NPC","drops":[{"name":"Araxyte venom sack","id":29784,"quantity":1,"price":9104},{"name":"Rune dagger","id":1213,"quantity":1,"price":4463},{"name":"Rune dagger","id":1213,"quantity":1,"price":4463}],"date":"Sep 12, 2024, 2:57:44 PM"}
{"name":"Araxyte","level":146,"killCount":-1,"type":"NPC","drops":[{"name":"Araxyte venom sack","id":29784,"quantity":1,"price":9104},{"name":"Air rune","id":556,"quantity":274,"price":4}],"date":"Sep 12, 2024, 2:57:54 PM"}
{"name":"Araxyte","level":146,"killCount":-1,"type":"NPC","drops":[{"name":"Araxyte venom sack","id":29784,"quantity":1,"price":9104},{"name":"Grimy marrentill","id":201,"quantity":1,"price":102},{"name":"Grimy marrentill","id":201,"quantity":1,"price":102}],"date":"Sep 12, 2024, 2:58:00 PM"}
{"name":"Araxyte","level":146,"killCount":-1,"type":"NPC","drops":[{"name":"Araxyte venom sack","id":29784,"quantity":1,"price":9104},{"name":"Adamant battleaxe","id":1371,"quantity":1,"price":2362},{"name":"Adamant battleaxe","id":1371,"quantity":1,"price":2362}],"date":"Sep 12, 2024, 2:58:13 PM"}
{"name":"Araxyte","level":146,"killCount":-1,"type":"NPC","drops":[{"name":"Araxyte venom sack","id":29784,"quantity":1,"price":9104},{"name":"Rune platelegs","id":1079,"quantity":1,"price":37953},{"name":"Rune platelegs","id":1079,"quantity":1,"price":37953}],"date":"Sep 12, 2024, 2:58:18 PM"}
{"name":"Araxyte","level":146,"killCount":-1,"type":"NPC","drops":[{"name":"Araxyte venom sack","id":29784,"quantity":1,"price":9104},{"name":"Grimy marrentill","id":201,"quantity":1,"price":102},{"name":"Grimy marrentill","id":201,"quantity":1,"price":102}],"date":"Sep 12, 2024, 2:58:26 PM"}
{"name":"Araxyte","level":146,"killCount":-1,"type":"NPC","drops":[{"name":"Araxyte venom sack","id":29784,"quantity":1,"price":9104},{"name":"Snape grass seed","id":22879,"quantity":2,"price":7628}],"date":"Sep 12, 2024, 2:58:29 PM"}
{"name":"Araxyte","level":146,"killCount":-1,"type":"NPC","drops":[{"name":"Araxyte venom sack","id":29784,"quantity":1,"price":9104},{"name":"Earth rune","id":557,"quantity":260,"price":4}],"date":"Sep 12, 2024, 2:58:33 PM"}
{"name":"Araxyte","level":146,"killCount":-1,"type":"NPC","drops":[{"name":"Araxyte venom sack","id":29784,"quantity":1,"price":9104},{"name":"Fire rune","id":554,"quantity":272,"price":4}],"date":"Sep 12, 2024, 2:58:40 PM"}
{"name":"Araxyte","level":146,"killCount":-1,"type":"NPC","drops":[{"name":"Araxyte venom sack","id":29784,"quantity":1,"price":9104},{"name":"Blood rune","id":565,"quantity":34,"price":304}],"date":"Sep 12, 2024, 2:58:50 PM"}
{"name":"Araxyte","level":146,"killCount":-1,"type":"NPC","drops":[{"name":"Araxyte venom sack","id":29784,"quantity":1,"price":9104},{"name":"Soul rune","id":566,"quantity":20,"price":198}],"date":"Sep 12, 2024, 2:58:54 PM"}
{"name":"Araxyte","level":146,"killCount":-1,"type":"NPC","drops":[{"name":"Araxyte venom sack","id":29784,"quantity":1,"price":9104},{"name":"Strawberry seed","id":5323,"quantity":2,"price":2}],"date":"Sep 12, 2024, 2:59:00 PM"}
{"name":"Araxyte","level":146,"killCount":-1,"type":"NPC","drops":[{"name":"Araxyte venom sack","id":29784,"quantity":1,"price":9104},{"name":"Blood rune","id":565,"quantity":36,"price":304}],"date":"Sep 12, 2024, 2:59:10 PM"}
{"name":"Araxyte","level":146,"killCount":-1,"type":"NPC","drops":[{"name":"Araxyte venom sack","id":29784,"quantity":1,"price":9104},{"name":"Air rune","id":556,"quantity":248,"price":4}],"date":"Sep 12, 2024, 2:59:20 PM"}
{"name":"Araxyte","level":146,"killCount":-1,"type":"NPC","drops":[{"name":"Araxyte venom sack","id":29784,"quantity":1,"price":9104},{"name":"Potato cactus seed","id":22873,"quantity":2,"price":10}],"date":"Sep 12, 2024, 2:59:27 PM"}
{"name":"Araxyte","level":146,"killCount":-1,"type":"NPC","drops":[{"name":"Araxyte venom sack","id":29784,"quantity":1,"price":9104},{"name":"Blood rune","id":565,"quantity":32,"price":304}],"date":"Sep 12, 2024, 2:59:34 PM"}
{"name":"Araxyte","level":146,"killCount":-1,"type":"NPC","drops":[{"name":"Araxyte venom sack","id":29784,"quantity":1,"price":9104},{"name":"Coins","id":995,"quantity":1860,"price":1}],"date":"Sep 12, 2024, 2:59:35 PM"}
{"name":"Araxyte","level":146,"killCount":-1,"type":"NPC","drops":[{"name":"Water rune","id":555,"quantity":280,"price":4}],"date":"Sep 12, 2024, 2:59:36 PM"}
{"name":"Araxyte","level":146,"killCount":-1,"type":"NPC","drops":[{"name":"Araxyte venom sack","id":29784,"quantity":1,"price":9104},{"name":"Fire rune","id":554,"quantity":258,"price":4}],"date":"Sep 12, 2024, 3:00:00 PM"}
{"name":"Araxyte","level":146,"killCount":-1,"type":"NPC","drops":[{"name":"Araxyte venom sack","id":29784,"quantity":1,"price":9104},{"name":"Rune platelegs","id":1079,"quantity":1,"price":37953},{"name":"Rune platelegs","id":1079,"quantity":1,"price":37953}],"date":"Sep 12, 2024, 3:00:07 PM"}
{"name":"Araxyte","level":146,"killCount":-1,"type":"NPC","drops":[{"name":"Araxyte venom sack","id":29784,"quantity":1,"price":9104},{"name":"Blood rune","id":565,"quantity":30,"price":304}],"date":"Sep 12, 2024, 3:00:09 PM"}
{"name":"Araxyte","level":146,"killCount":-1,"type":"NPC","drops":[{"name":"Araxyte venom sack","id":29784,"quantity":1,"price":9104},{"name":"Watermelon seed","id":5321,"quantity":2,"price":11}],"date":"Sep 12, 2024, 3:00:12 PM"}
{"name":"Araxyte","level":146,"killCount":-1,"type":"NPC","drops":[{"name":"Araxyte venom sack","id":29784,"quantity":1,"price":9104},{"name":"Earth rune","id":557,"quantity":280,"price":4}],"date":"Sep 12, 2024, 3:00:23 PM"}
{"name":"Araxyte","level":146,"killCount":-1,"type":"NPC","drops":[{"name":"Araxyte venom sack","id":29784,"quantity":1,"price":9104},{"name":"Death rune","id":560,"quantity":40,"price":203}],"date":"Sep 12, 2024, 3:00:35 PM"}
{"name":"Araxyte","level":146,"killCount":-1,"type":"NPC","drops":[{"name":"Araxyte venom sack","id":29784,"quantity":5,"price":9104}],"date":"Sep 12, 2024, 3:00:49 PM"}
{"name":"Araxyte","level":146,"killCount":-1,"type":"NPC","drops":[{"name":"Araxyte venom sack","id":29784,"quantity":1,"price":9104},{"name":"Grimy tarromin","id":203,"quantity":1,"price":144},{"name":"Grimy tarromin","id":203,"quantity":1,"price":144}],"date":"Sep 12, 2024, 3:00:50 PM"}
