{"name":"Armadylean guard","level":97,"killCount":-1,"type":"NPC","drops":[{"name":"Bones","id":526,"quantity":1,"price":67},{"name":"Coins","id":995,"quantity":35,"price":1}],"date":"Apr 5, 2022, 5:42:23 PM"}
{"name":"Armadylean guard","level":97,"killCount":-1,"type":"NPC","drops":[{"name":"Bones","id":526,"quantity":1,"price":65},{"name":"Coins","id":995,"quantity":35,"price":1}],"date":"Apr 10, 2022, 12:42:08 PM"}
{"name":"Armadylean guard","level":97,"killCount":-1,"type":"NPC","drops":[{"name":"Bones","id":526,"quantity":1,"price":26},{"name":"Coal","id":453,"quantity":1,"price":158}],"date":"May 2, 2022, 10:15:26 PM"}
{"name":"Armadylean guard","level":97,"killCount":-1,"type":"NPC","drops":[{"name":"Bones","id":526,"quantity":1,"price":80},{"name":"Nature rune","id":561,"quantity":20,"price":190}],"date":"May 9, 2022, 2:58:21 PM"}
{"name":"Armadylean guard","level":97,"killCount":-1,"type":"NPC","drops":[{"name":"Bones","id":526,"quantity":1,"price":64},{"name":"Nature talisman","id":1462,"quantity":1,"price":129}],"date":"May 17, 2022, 2:09:52 PM"}
{"name":"Armadylean guard","level":97,"killCount":-1,"type":"NPC","drops":[{"name":"Bones","id":526,"quantity":1,"price":72},{"name":"Coins","id":995,"quantity":35,"price":1}],"date":"Jun 25, 2022, 10:20:23 PM"}
{"name":"Armadylean guard","level":97,"killCount":-1,"type":"NPC","drops":[{"name":"Bones","id":526,"quantity":1,"price":71},{"name":"Adamantite bar","id":2362,"quantity":5,"price":1988}],"date":"Jun 26, 2022, 5:00:49 PM"}
{"name":"Armadylean guard","level":97,"killCount":-1,"type":"NPC","drops":[{"name":"Bones","id":526,"quantity":1,"price":71},{"name":"Headless arrow","id":53,"quantity":30,"price":9}],"date":"Jun 26, 2022, 6:16:24 PM"}
{"name":"Armadylean guard","level":97,"killCount":-1,"type":"NPC","drops":[{"name":"Bones","id":526,"quantity":1,"price":69},{"name":"Blood rune","id":565,"quantity":20,"price":357}],"date":"Jun 27, 2022, 9:35:38 PM"}
{"name":"Armadylean guard","level":97,"killCount":-1,"type":"NPC","drops":[{"name":"Bones","id":526,"quantity":1,"price":80},{"name":"Coins","id":995,"quantity":35,"price":1}],"date":"Jun 29, 2022, 5:30:23 PM"}
{"name":"Armadylean guard","level":97,"killCount":-1,"type":"NPC","drops":[{"name":"Bones","id":526,"quantity":1,"price":75},{"name":"Coins","id":995,"quantity":35,"price":1}],"date":"Jun 29, 2022, 5:53:20 PM"}
{"name":"Armadylean guard","level":97,"killCount":-1,"type":"NPC","drops":[{"name":"Bones","id":526,"quantity":1,"price":75},{"name":"Coal","id":453,"quantity":1,"price":153}],"date":"Jun 29, 2022, 5:55:57 PM"}
{"name":"Armadylean guard","level":97,"killCount":-1,"type":"NPC","drops":[{"name":"Bones","id":526,"quantity":1,"price":67},{"name":"Nature rune","id":561,"quantity":20,"price":186}],"date":"Jul 1, 2022, 3:27:31 PM"}
{"name":"Armadylean guard","level":97,"killCount":-1,"type":"NPC","drops":[{"name":"Bones","id":526,"quantity":1,"price":75}],"date":"Aug 4, 2022, 3:11:50 PM"}
{"name":"Armadylean guard","level":97,"killCount":-1,"type":"NPC","drops":[{"name":"Bones","id":526,"quantity":1,"price":75},{"name":"Coins","id":995,"quantity":35,"price":1}],"date":"Aug 4, 2022, 3:16:36 PM"}
{"name":"Armadylean guard","level":97,"killCount":-1,"type":"NPC","drops":[{"name":"Bones","id":526,"quantity":1,"price":70},{"name":"Coins","id":995,"quantity":35,"price":1}],"date":"Aug 7, 2022, 4:36:32 PM"}
{"name":"Armadylean guard","level":97,"killCount":-1,"type":"NPC","drops":[{"name":"Bones","id":526,"quantity":1,"price":67},{"name":"Rune thrownaxe","id":805,"quantity":6,"price":194}],"date":"Aug 29, 2022, 11:29:13 PM"}
{"name":"Armadylean guard","level":97,"killCount":-1,"type":"NPC","drops":[{"name":"Bones","id":526,"quantity":1,"price":67},{"name":"Coins","id":995,"quantity":350,"price":1}],"date":"Aug 29, 2022, 11:31:04 PM"}
{"name":"Armadylean guard","level":97,"killCount":-1,"type":"NPC","drops":[{"name":"Bones","id":526,"quantity":1,"price":64},{"name":"Feather","id":314,"quantity":30,"price":2}],"date":"Sep 4, 2022, 11:05:12 PM"}
{"name":"Armadylean guard","level":97,"killCount":-1,"type":"NPC","drops":[{"name":"Bones","id":526,"quantity":1,"price":69},{"name":"Coins","id":995,"quantity":35,"price":1}],"date":"Sep 16, 2022, 1:00:17 PM"}
{"name":"Armadylean guard","level":97,"killCount":-1,"type":"NPC","drops":[{"name":"Bones","id":526,"quantity":1,"price":69},{"name":"Coins","id":995,"quantity":350,"price":1}],"date":"Sep 16, 2022, 1:02:18 PM"}
{"name":"Armadylean guard","level":97,"killCount":-1,"type":"NPC","drops":[{"name":"Bones","id":526,"quantity":1,"price":68}],"date":"Sep 16, 2022, 5:33:07 PM"}
{"name":"Armadylean guard","level":97,"killCount":-1,"type":"NPC","drops":[{"name":"Bones","id":526,"quantity":1,"price":68},{"name":"Headless arrow","id":53,"quantity":30,"price":6}],"date":"Sep 18, 2022, 3:39:38 PM"}
{"name":"Armadylean guard","level":97,"killCount":-1,"type":"NPC","drops":[{"name":"Bones","id":526,"quantity":1,"price":72},{"name":"Coins","id":995,"quantity":35,"price":1}],"date":"Sep 24, 2022, 11:03:45 PM"}
{"name":"Armadylean guard","level":97,"killCount":-1,"type":"NPC","drops":[{"name":"Bones","id":526,"quantity":1,"price":81},{"name":"Grimy marrentill","id":201,"quantity":1,"price":28}],"date":"Nov 1, 2022, 4:09:49 PM"}
{"name":"Armadylean guard","level":97,"killCount":-1,"type":"NPC","drops":[{"name":"Bones","id":526,"quantity":1,"price":81},{"name":"Coins","id":995,"quantity":35,"price":1}],"date":"Nov 1, 2022, 4:12:37 PM"}
{"name":"Armadylean guard","level":97,"killCount":-1,"type":"NPC","drops":[{"name":"Bones","id":526,"quantity":1,"price":81},{"name":"Feather","id":314,"quantity":30,"price":3}],"date":"Nov 1, 2022, 4:18:36 PM"}
{"name":"Armadylean guard","level":97,"killCount":-1,"type":"NPC","drops":[{"name":"Bones","id":526,"quantity":1,"price":81}],"date":"Nov 1, 2022, 4:26:35 PM"}
{"name":"Armadylean guard","level":97,"killCount":-1,"type":"NPC","drops":[{"name":"Bones","id":526,"quantity":1,"price":79},{"name":"Uncut sapphire","id":1623,"quantity":1,"price":263}],"date":"Nov 5, 2022, 10:26:46 PM"}
{"name":"Armadylean guard","level":97,"killCount":-1,"type":"NPC","drops":[{"name":"Bones","id":526,"quantity":1,"price":77},{"name":"Coins","id":995,"quantity":35,"price":1}],"date":"Nov 7, 2022, 8:43:20 PM"}
{"name":"Armadylean guard","level":97,"killCount":-1,"type":"NPC","drops":[{"name":"Bones","id":526,"quantity":1,"price":77},{"name":"Coal","id":453,"quantity":1,"price":153}],"date":"Nov 7, 2022, 8:46:45 PM"}
{"name":"Armadylean guard","level":97,"killCount":-1,"type":"NPC","drops":[{"name":"Bones","id":526,"quantity":1,"price":73},{"name":"Headless arrow","id":53,"quantity":30,"price":7}],"date":"Nov 10, 2022, 9:30:25 AM"}
{"name":"Armadylean guard","level":97,"killCount":-1,"type":"NPC","drops":[{"name":"Bones","id":526,"quantity":1,"price":72},{"name":"Cosmic rune","id":564,"quantity":20,"price":113}],"date":"Nov 17, 2022, 11:27:53 AM"}
{"name":"Armadylean guard","level":97,"killCount":-1,"type":"NPC","drops":[{"name":"Bones","id":526,"quantity":1,"price":72},{"name":"Coins","id":995,"quantity":35,"price":1}],"date":"Nov 18, 2022, 4:10:30 PM"}
{"name":"Armadylean guard","level":97,"killCount":-1,"type":"NPC","drops":[{"name":"Bones","id":526,"quantity":1,"price":72},{"name":"Coins","id":995,"quantity":350,"price":1}],"date":"Nov 18, 2022, 8:18:00 PM"}
{"name":"Armadylean guard","level":97,"killCount":-1,"type":"NPC","drops":[{"name":"Bones","id":526,"quantity":1,"price":72},{"name":"Uncut sapphire","id":1623,"quantity":1,"price":254}],"date":"Nov 18, 2022, 8:21:59 PM"}
{"name":"Armadylean guard","level":97,"killCount":-1,"type":"NPC","drops":[{"name":"Bones","id":526,"quantity":1,"price":74},{"name":"Coal","id":453,"quantity":1,"price":171}],"date":"Nov 28, 2022, 1:10:28 PM"}
{"name":"Armadylean guard","level":97,"killCount":-1,"type":"NPC","drops":[{"name":"Bones","id":526,"quantity":1,"price":75},{"name":"Headless arrow","id":53,"quantity":30,"price":7}],"date":"Dec 27, 2022, 11:58:03 PM"}
{"name":"Armadylean guard","level":97,"killCount":-1,"type":"NPC","drops":[{"name":"Bones","id":526,"quantity":1,"price":75}],"date":"Jan 10, 2023, 7:46:59 PM"}
{"name":"Armadylean guard","level":97,"killCount":-1,"type":"NPC","drops":[{"name":"Bones","id":526,"quantity":1,"price":69},{"name":"Blood rune","id":565,"quantity":20,"price":200}],"date":"Feb 3, 2023, 7:50:59 PM"}
{"name":"Armadylean guard","level":97,"killCount":-1,"type":"NPC","drops":[{"name":"Bones","id":526,"quantity":1,"price":69},{"name":"Headless arrow","id":53,"quantity":30,"price":8}],"date":"Feb 3, 2023, 7:57:51 PM"}
{"name":"Armadylean guard","level":97,"killCount":-1,"type":"NPC","drops":[{"name":"Bones","id":526,"quantity":1,"price":68}],"date":"Feb 10, 2023, 9:13:14 AM"}
{"name":"Armadylean guard","level":97,"killCount":-1,"type":"NPC","drops":[{"name":"Bones","id":526,"quantity":1,"price":68},{"name":"Grimy marrentill","id":201,"quantity":1,"price":36}],"date":"Feb 10, 2023, 12:05:21 PM"}
{"name":"Armadylean guard","level":97,"killCount":-1,"type":"NPC","drops":[{"name":"Bones","id":526,"quantity":1,"price":70},{"name":"Headless arrow","id":53,"quantity":30,"price":8}],"date":"Feb 15, 2023, 11:18:03 PM"}
{"name":"Armadylean guard","level":97,"killCount":-1,"type":"NPC","drops":[{"name":"Bones","id":526,"quantity":1,"price":70}],"date":"Feb 16, 2023, 9:56:02 AM"}
{"name":"Armadylean guard","level":97,"killCount":-1,"type":"NPC","drops":[{"name":"Bones","id":526,"quantity":1,"price":69},{"name":"Shark","id":385,"quantity":1,"price":597}],"date":"Feb 20, 2023, 2:26:59 AM"}
{"name":"Armadylean guard","level":97,"killCount":-1,"type":"NPC","drops":[{"name":"Bones","id":526,"quantity":1,"price":69},{"name":"Coins","id":995,"quantity":350,"price":1}],"date":"Feb 20, 2023, 2:30:32 AM"}
{"name":"Armadylean guard","level":97,"killCount":-1,"type":"NPC","drops":[{"name":"Bones","id":526,"quantity":1,"price":69},{"name":"Coal","id":453,"quantity":1,"price":166}],"date":"Feb 22, 2023, 8:59:28 PM"}
{"name":"Armadylean guard","level":97,"killCount":-1,"type":"NPC","drops":[{"name":"Bones","id":526,"quantity":1,"price":69}],"date":"Feb 22, 2023, 9:02:14 PM"}
{"name":"Armadylean guard","level":97,"killCount":-1,"type":"NPC","drops":[{"name":"Bones","id":526,"quantity":1,"price":70},{"name":"Blood rune","id":565,"quantity":20,"price":199}],"date":"Feb 26, 2023, 1:24:58 AM"}
{"name":"Armadylean guard","level":97,"killCount":-1,"type":"NPC","drops":[{"name":"Bones","id":526,"quantity":1,"price":70},{"name":"Blood rune","id":565,"quantity":20,"price":199}],"date":"Feb 26, 2023, 1:34:35 AM"}
{"name":"Armadylean guard","level":97,"killCount":-1,"type":"NPC","drops":[{"name":"Bones","id":526,"quantity":1,"price":66},{"name":"Nature talisman","id":1462,"quantity":1,"price":155}],"date":"Mar 16, 2023, 9:32:27 AM"}
{"name":"Armadylean guard","level":97,"killCount":-1,"type":"NPC","drops":[{"name":"Bones","id":526,"quantity":1,"price":66},{"name":"Feather","id":314,"quantity":30,"price":3}],"date":"Mar 16, 2023, 9:36:56 AM"}
{"name":"Armadylean guard","level":97,"killCount":-1,"type":"NPC","drops":[{"name":"Bones","id":526,"quantity":1,"price":61},{"name":"Blood rune","id":565,"quantity":20,"price":197}],"date":"Apr 5, 2023, 8:08:36 AM"}
{"name":"Armadylean guard","level":97,"killCount":-1,"type":"NPC","drops":[{"name":"Bones","id":526,"quantity":1,"price":60},{"name":"Headless arrow","id":53,"quantity":30,"price":8}],"date":"Apr 26, 2023, 4:24:31 PM"}
{"name":"Armadylean guard","level":97,"killCount":-1,"type":"NPC","drops":[{"name":"Bones","id":526,"quantity":1,"price":60},{"name":"Hammer","id":2347,"quantity":1,"price":73}],"date":"Apr 26, 2023, 4:33:08 PM"}
{"name":"Armadylean guard","level":97,"killCount":-1,"type":"NPC","drops":[{"name":"Bones","id":526,"quantity":1,"price":58},{"name":"Headless arrow","id":53,"quantity":30,"price":8}],"date":"May 22, 2023, 12:36:38 AM"}
{"name":"Armadylean guard","level":97,"killCount":-1,"type":"NPC","drops":[{"name":"Bones","id":526,"quantity":1,"price":63}],"date":"Aug 9, 2023, 12:17:06 PM"}
{"name":"Armadylean guard","level":97,"killCount":-1,"type":"NPC","drops":[{"name":"Bones","id":526,"quantity":1,"price":87},{"name":"Coal","id":453,"quantity":1,"price":212}],"date":"Sep 15, 2023, 11:16:13 AM"}
{"name":"Armadylean guard","level":97,"killCount":-1,"type":"NPC","drops":[{"name":"Bones","id":526,"quantity":1,"price":87}],"date":"Sep 15, 2023, 11:18:37 AM"}
{"name":"Armadylean guard","level":97,"killCount":-1,"type":"NPC","drops":[{"name":"Bones","id":526,"quantity":1,"price":79}],"date":"Nov 4, 2023, 5:23:21 PM"}
{"name":"Armadylean guard","level":97,"killCount":-1,"type":"NPC","drops":[{"name":"Bones","id":526,"quantity":1,"price":77},{"name":"Cosmic rune","id":564,"quantity":20,"price":71}],"date":"Nov 6, 2023, 8:39:36 PM"}
{"name":"Armadylean guard","level":97,"killCount":-1,"type":"NPC","drops":[{"name":"Bones","id":526,"quantity":1,"price":77},{"name":"Coal","id":453,"quantity":1,"price":198}],"date":"Nov 6, 2023, 8:44:09 PM"}
{"name":"Armadylean guard","level":97,"killCount":-1,"type":"NPC","drops":[{"name":"Bones","id":526,"quantity":1,"price":77},{"name":"Headless arrow","id":53,"quantity":30,"price":10}],"date":"Nov 6, 2023, 8:47:12 PM"}
{"name":"Armadylean guard","level":97,"killCount":-1,"type":"NPC","drops":[{"name":"Bones","id":526,"quantity":1,"price":70}],"date":"Nov 12, 2023, 8:59:17 PM"}
{"name":"Armadylean guard","level":97,"killCount":-1,"type":"NPC","drops":[{"name":"Bones","id":526,"quantity":1,"price":70},{"name":"Coal","id":453,"quantity":1,"price":197}],"date":"Nov 12, 2023, 9:02:55 PM"}
{"name":"Armadylean guard","level":97,"killCount":-1,"type":"NPC","drops":[{"name":"Bones","id":526,"quantity":1,"price":70},{"name":"Headless arrow","id":53,"quantity":30,"price":10}],"date":"Nov 12, 2023, 9:10:12 PM"}
{"name":"Armadylean guard","level":97,"killCount":-1,"type":"NPC","drops":[{"name":"Bones","id":526,"quantity":1,"price":66},{"name":"Coins","id":995,"quantity":35,"price":1}],"date":"Nov 17, 2023, 10:33:15 AM"}
{"name":"Armadylean guard","level":97,"killCount":-1,"type":"NPC","drops":[{"name":"Bones","id":526,"quantity":1,"price":70},{"name":"Headless arrow","id":53,"quantity":30,"price":9}],"date":"Jan 11, 2024, 11:23:22 AM"}
{"name":"Armadylean guard","level":97,"killCount":-1,"type":"NPC","drops":[{"name":"Bones","id":526,"quantity":1,"price":70},{"name":"Coins","id":995,"quantity":35,"price":1}],"date":"Jan 11, 2024, 12:57:00 PM"}
{"name":"Armadylean guard","level":97,"killCount":-1,"type":"NPC","drops":[{"name":"Bones","id":526,"quantity":1,"price":75},{"name":"Coins","id":995,"quantity":350,"price":1}],"date":"Jan 16, 2024, 12:48:54 PM"}
{"name":"Armadylean guard","level":97,"killCount":-1,"type":"NPC","drops":[{"name":"Bones","id":526,"quantity":1,"price":75},{"name":"Blood rune","id":565,"quantity":20,"price":201}],"date":"Jan 16, 2024, 12:51:20 PM"}
{"name":"Armadylean guard","level":97,"killCount":-1,"type":"NPC","drops":[{"name":"Bones","id":526,"quantity":1,"price":81},{"name":"Shark","id":385,"quantity":1,"price":678}],"date":"Jan 26, 2024, 11:45:17 AM"}
{"name":"Armadylean guard","level":97,"killCount":-1,"type":"NPC","drops":[{"name":"Bones","id":526,"quantity":1,"price":81},{"name":"Grimy guam leaf","id":199,"quantity":1,"price":321}],"date":"Jan 26, 2024, 12:17:34 PM"}
{"name":"Armadylean guard","level":97,"killCount":-1,"type":"NPC","drops":[{"name":"Bones","id":526,"quantity":1,"price":81},{"name":"Coins","id":995,"quantity":350,"price":1}],"date":"Jan 26, 2024, 12:18:53 PM"}
{"name":"Armadylean guard","level":97,"killCount":-1,"type":"NPC","drops":[{"name":"Bones","id":526,"quantity":1,"price":81},{"name":"Rune spear","id":1247,"quantity":1,"price":11814}],"date":"Jan 28, 2024, 10:00:58 PM"}
{"name":"Armadylean guard","level":97,"killCount":-1,"type":"NPC","drops":[{"name":"Bones","id":526,"quantity":1,"price":79},{"name":"Coins","id":995,"quantity":35,"price":1}],"date":"Jan 29, 2024, 9:21:44 PM"}
