{"name":"Ba-Ba","level":359,"killCount":-1,"type":"NPC","drops":[{"name":"Apmeken\u0027s capture","id":27304,"quantity":1,"price":0},{"name":"Big banana","id":27221,"quantity":1,"price":0}],"date":"Dec 15, 2022, 4:13:00 PM"}
{"name":"Ba-Ba","level":359,"killCount":-1,"type":"NPC","drops":[{"name":"Apmeken\u0027s capture","id":27304,"quantity":1,"price":0}],"date":"Dec 17, 2022, 9:40:52 PM"}
{"name":"Ba-Ba","level":359,"killCount":-1,"type":"NPC","drops":[{"name":"Apmeken\u0027s capture","id":27304,"quantity":1,"price":0},{"name":"Big banana","id":27221,"quantity":1,"price":0}],"date":"Dec 17, 2022, 10:24:09 PM"}
{"name":"Ba-Ba","level":359,"killCount":-1,"type":"NPC","drops":[{"name":"Apmeken\u0027s capture","id":27304,"quantity":1,"price":0}],"date":"Dec 18, 2022, 12:05:55 AM"}
{"name":"Ba-Ba","level":359,"killCount":-1,"type":"NPC","drops":[{"name":"Apmeken\u0027s capture","id":27304,"quantity":1,"price":0}],"date":"Dec 19, 2022, 11:22:27 PM"}
{"name":"Ba-Ba","level":359,"killCount":-1,"type":"NPC","drops":[{"name":"Apmeken\u0027s capture","id":27304,"quantity":1,"price":0}],"date":"Dec 19, 2022, 11:59:32 PM"}
{"name":"Ba-Ba","level":359,"killCount":-1,"type":"NPC","drops":[{"name":"Apmeken\u0027s capture","id":27304,"quantity":1,"price":0},{"name":"Big banana","id":27221,"quantity":1,"price":0}],"date":"Dec 24, 2022, 3:25:31 PM"}
{"name":"Ba-Ba","level":359,"killCount":-1,"type":"NPC","drops":[{"name":"Apmeken\u0027s capture","id":27304,"quantity":1,"price":0},{"name":"Big banana","id":27221,"quantity":1,"price":0}],"date":"Dec 24, 2022, 4:15:16 PM"}
{"name":"Ba-Ba","level":359,"killCount":-1,"type":"NPC","drops":[{"name":"Apmeken\u0027s capture","id":27304,"quantity":1,"price":0}],"date":"Dec 27, 2022, 8:35:23 PM"}
{"name":"Ba-Ba","level":359,"killCount":-1,"type":"NPC","drops":[{"name":"Apmeken\u0027s capture","id":27304,"quantity":1,"price":0}],"date":"Dec 27, 2022, 9:24:15 PM"}
{"name":"Ba-Ba","level":359,"killCount":-1,"type":"NPC","drops":[{"name":"Apmeken\u0027s capture","id":27304,"quantity":1,"price":0}],"date":"Dec 27, 2022, 9:58:17 PM"}
{"name":"Ba-Ba","level":359,"killCount":-1,"type":"NPC","drops":[{"name":"Apmeken\u0027s capture","id":27304,"quantity":1,"price":0},{"name":"Big banana","id":27221,"quantity":1,"price":0}],"date":"Jan 4, 2023, 11:16:47 AM"}
{"name":"Ba-Ba","level":359,"killCount":-1,"type":"NPC","drops":[{"name":"Apmeken\u0027s capture","id":27304,"quantity":1,"price":0},{"name":"Big banana","id":27221,"quantity":1,"price":0}],"date":"Jan 4, 2023, 11:59:41 AM"}
{"name":"Ba-Ba","level":359,"killCount":-1,"type":"NPC","drops":[{"name":"Apmeken\u0027s capture","id":27304,"quantity":1,"price":0},{"name":"Big banana","id":27221,"quantity":1,"price":0}],"date":"Jan 4, 2023, 2:55:35 PM"}
{"name":"Ba-Ba","level":359,"killCount":-1,"type":"NPC","drops":[{"name":"Apmeken\u0027s capture","id":27304,"quantity":1,"price":0},{"name":"Big banana","id":27221,"quantity":1,"price":0}],"date":"Jan 4, 2023, 3:19:43 PM"}
{"name":"Ba-Ba","level":359,"killCount":-1,"type":"NPC","drops":[{"name":"Apmeken\u0027s capture","id":27304,"quantity":1,"price":0},{"name":"Big banana","id":27221,"quantity":1,"price":0}],"date":"Jan 4, 2023, 4:01:30 PM"}
{"name":"Ba-Ba","level":359,"killCount":-1,"type":"NPC","drops":[{"name":"Apmeken\u0027s capture","id":27304,"quantity":1,"price":0},{"name":"Big banana","id":27221,"quantity":1,"price":0}],"date":"Jan 4, 2023, 7:32:45 PM"}
{"name":"Ba-Ba","level":359,"killCount":-1,"type":"NPC","drops":[{"name":"Apmeken\u0027s capture","id":27304,"quantity":1,"price":0},{"name":"Big banana","id":27221,"quantity":1,"price":0}],"date":"Jan 4, 2023, 9:57:20 PM"}
{"name":"Ba-Ba","level":359,"killCount":-1,"type":"NPC","drops":[{"name":"Apmeken\u0027s capture","id":27304,"quantity":1,"price":0},{"name":"Big banana","id":27221,"quantity":1,"price":0}],"date":"Jan 4, 2023, 10:25:11 PM"}
{"name":"Ba-Ba","level":359,"killCount":-1,"type":"NPC","drops":[{"name":"Apmeken\u0027s capture","id":27304,"quantity":1,"price":0}],"date":"Jan 7, 2023, 12:07:42 AM"}
{"name":"Ba-Ba","level":359,"killCount":-1,"type":"NPC","drops":[{"name":"Apmeken\u0027s capture","id":27304,"quantity":1,"price":0}],"date":"Jan 7, 2023, 12:50:53 AM"}
