{"name":"Balfrug Kreeyath","level":151,"killCount":-1,"type":"NPC","drops":[{"name":"Malicious ashes","id":25772,"quantity":1,"price":1439},{"name":"Wine of zamorak","id":246,"quantity":10,"price":918}],"date":"Aug 4, 2022, 9:12:26 AM"}
{"name":"Balfrug Kreeyath","level":151,"killCount":-1,"type":"NPC","drops":[{"name":"Malicious ashes","id":25772,"quantity":1,"price":1439},{"name":"Coins","id":995,"quantity":1393,"price":1}],"date":"Aug 4, 2022, 9:15:22 AM"}
{"name":"Balfrug Kreeyath","level":151,"killCount":-1,"type":"NPC","drops":[{"name":"Malicious ashes","id":25772,"quantity":1,"price":1439},{"name":"Tuna potato","id":7060,"quantity":1,"price":1263},{"name":"Tuna potato","id":7060,"quantity":1,"price":1263}],"date":"Aug 4, 2022, 9:17:22 AM"}
{"name":"Balfrug Kreeyath","level":151,"killCount":-1,"type":"NPC","drops":[{"name":"Malicious ashes","id":25772,"quantity":1,"price":1439},{"name":"Coins","id":995,"quantity":1331,"price":1}],"date":"Aug 4, 2022, 9:20:43 AM"}
{"name":"Balfrug Kreeyath","level":151,"killCount":-1,"type":"NPC","drops":[{"name":"Malicious ashes","id":25772,"quantity":1,"price":1369},{"name":"Coins","id":995,"quantity":1339,"price":1}],"date":"Aug 5, 2022, 2:06:18 PM"}
{"name":"Balfrug Kreeyath","level":151,"killCount":-1,"type":"NPC","drops":[{"name":"Malicious ashes","id":25772,"quantity":1,"price":1369},{"name":"Coins","id":995,"quantity":1361,"price":1}],"date":"Aug 5, 2022, 2:09:07 PM"}
{"name":"Balfrug Kreeyath","level":151,"killCount":-1,"type":"NPC","drops":[{"name":"Malicious ashes","id":25772,"quantity":1,"price":1369},{"name":"Blood rune","id":565,"quantity":7,"price":357}],"date":"Aug 5, 2022, 2:11:17 PM"}
{"name":"Balfrug Kreeyath","level":151,"killCount":-1,"type":"NPC","drops":[{"name":"Malicious ashes","id":25772,"quantity":1,"price":1369},{"name":"Coins","id":995,"quantity":1316,"price":1}],"date":"Aug 5, 2022, 2:26:53 PM"}
{"name":"Balfrug Kreeyath","level":151,"killCount":-1,"type":"NPC","drops":[{"name":"Malicious ashes","id":25772,"quantity":1,"price":1369},{"name":"Wine of zamorak","id":246,"quantity":7,"price":899}],"date":"Aug 5, 2022, 2:29:40 PM"}
{"name":"Balfrug Kreeyath","level":151,"killCount":-1,"type":"NPC","drops":[{"name":"Malicious ashes","id":25772,"quantity":1,"price":1370},{"name":"Coins","id":995,"quantity":1378,"price":1}],"date":"Aug 5, 2022, 2:43:54 PM"}
{"name":"Balfrug Kreeyath","level":151,"killCount":-1,"type":"NPC","drops":[{"name":"Malicious ashes","id":25772,"quantity":1,"price":1370},{"name":"Blood rune","id":565,"quantity":10,"price":358}],"date":"Aug 5, 2022, 3:00:20 PM"}
{"name":"Balfrug Kreeyath","level":151,"killCount":-1,"type":"NPC","drops":[{"name":"Malicious ashes","id":25772,"quantity":1,"price":1370},{"name":"Coins","id":995,"quantity":1392,"price":1}],"date":"Aug 5, 2022, 3:02:35 PM"}
{"name":"Balfrug Kreeyath","level":151,"killCount":-1,"type":"NPC","drops":[{"name":"Malicious ashes","id":25772,"quantity":1,"price":1370},{"name":"Shark","id":385,"quantity":1,"price":886},{"name":"Shark","id":385,"quantity":1,"price":886},{"name":"Shark","id":385,"quantity":1,"price":886}],"date":"Aug 5, 2022, 3:21:47 PM"}
{"name":"Balfrug Kreeyath","level":151,"killCount":-1,"type":"NPC","drops":[{"name":"Malicious ashes","id":25772,"quantity":1,"price":1370},{"name":"Blood rune","id":565,"quantity":5,"price":358}],"date":"Aug 5, 2022, 3:24:07 PM"}
{"name":"Balfrug Kreeyath","level":151,"killCount":-1,"type":"NPC","drops":[{"name":"Malicious ashes","id":25772,"quantity":1,"price":1367},{"name":"Steel dart","id":808,"quantity":96,"price":4}],"date":"Aug 5, 2022, 4:04:21 PM"}
{"name":"Balfrug Kreeyath","level":151,"killCount":-1,"type":"NPC","drops":[{"name":"Malicious ashes","id":25772,"quantity":1,"price":1367},{"name":"Coins","id":995,"quantity":1328,"price":1}],"date":"Aug 5, 2022, 4:06:50 PM"}
{"name":"Balfrug Kreeyath","level":151,"killCount":-1,"type":"NPC","drops":[{"name":"Malicious ashes","id":25772,"quantity":1,"price":1367},{"name":"Blood rune","id":565,"quantity":10,"price":362}],"date":"Aug 5, 2022, 4:09:13 PM"}
{"name":"Balfrug Kreeyath","level":151,"killCount":-1,"type":"NPC","drops":[{"name":"Malicious ashes","id":25772,"quantity":1,"price":1367},{"name":"Coins","id":995,"quantity":1397,"price":1}],"date":"Aug 5, 2022, 4:11:47 PM"}
{"name":"Balfrug Kreeyath","level":151,"killCount":-1,"type":"NPC","drops":[{"name":"Malicious ashes","id":25772,"quantity":1,"price":1367},{"name":"Coins","id":995,"quantity":1301,"price":1}],"date":"Aug 5, 2022, 4:14:52 PM"}
{"name":"Balfrug Kreeyath","level":151,"killCount":-1,"type":"NPC","drops":[{"name":"Malicious ashes","id":25772,"quantity":1,"price":1367},{"name":"Coins","id":995,"quantity":1313,"price":1}],"date":"Aug 5, 2022, 4:30:34 PM"}
{"name":"Balfrug Kreeyath","level":151,"killCount":-1,"type":"NPC","drops":[{"name":"Malicious ashes","id":25772,"quantity":1,"price":1367},{"name":"Steel arrow","id":886,"quantity":95,"price":9}],"date":"Aug 5, 2022, 4:32:54 PM"}
{"name":"Balfrug Kreeyath","level":151,"killCount":-1,"type":"NPC","drops":[{"name":"Malicious ashes","id":25772,"quantity":1,"price":1367},{"name":"Coins","id":995,"quantity":1329,"price":1}],"date":"Aug 5, 2022, 4:35:09 PM"}
{"name":"Balfrug Kreeyath","level":151,"killCount":-1,"type":"NPC","drops":[{"name":"Malicious ashes","id":25772,"quantity":1,"price":1367},{"name":"Coins","id":995,"quantity":1398,"price":1}],"date":"Aug 5, 2022, 4:50:10 PM"}
{"name":"Balfrug Kreeyath","level":151,"killCount":-1,"type":"NPC","drops":[{"name":"Malicious ashes","id":25772,"quantity":1,"price":1367},{"name":"Shark","id":385,"quantity":1,"price":888},{"name":"Shark","id":385,"quantity":1,"price":888},{"name":"Shark","id":385,"quantity":1,"price":888}],"date":"Aug 5, 2022, 4:52:50 PM"}
{"name":"Balfrug Kreeyath","level":151,"killCount":-1,"type":"NPC","drops":[{"name":"Malicious ashes","id":25772,"quantity":1,"price":1367},{"name":"Death rune","id":560,"quantity":10,"price":183}],"date":"Aug 5, 2022, 4:55:59 PM"}
{"name":"Balfrug Kreeyath","level":151,"killCount":-1,"type":"NPC","drops":[{"name":"Malicious ashes","id":25772,"quantity":1,"price":1367},{"name":"Steel dart","id":808,"quantity":100,"price":5}],"date":"Aug 5, 2022, 4:58:34 PM"}
{"name":"Balfrug Kreeyath","level":151,"killCount":-1,"type":"NPC","drops":[{"name":"Malicious ashes","id":25772,"quantity":1,"price":1367},{"name":"Coins","id":995,"quantity":1305,"price":1}],"date":"Aug 5, 2022, 5:11:21 PM"}
{"name":"Balfrug Kreeyath","level":151,"killCount":-1,"type":"NPC","drops":[{"name":"Malicious ashes","id":25772,"quantity":1,"price":1367},{"name":"Wine of zamorak","id":246,"quantity":9,"price":892}],"date":"Aug 5, 2022, 5:13:46 PM"}
{"name":"Balfrug Kreeyath","level":151,"killCount":-1,"type":"NPC","drops":[{"name":"Malicious ashes","id":25772,"quantity":1,"price":1367},{"name":"Coins","id":995,"quantity":1313,"price":1}],"date":"Aug 5, 2022, 5:26:32 PM"}
{"name":"Balfrug Kreeyath","level":151,"killCount":-1,"type":"NPC","drops":[{"name":"Malicious ashes","id":25772,"quantity":1,"price":1367},{"name":"Shark","id":385,"quantity":1,"price":884},{"name":"Shark","id":385,"quantity":1,"price":884},{"name":"Shark","id":385,"quantity":1,"price":884}],"date":"Aug 5, 2022, 5:53:23 PM"}
{"name":"Balfrug Kreeyath","level":151,"killCount":-1,"type":"NPC","drops":[{"name":"Malicious ashes","id":25772,"quantity":1,"price":1367},{"name":"Coins","id":995,"quantity":1351,"price":1}],"date":"Aug 5, 2022, 5:56:46 PM"}
{"name":"Balfrug Kreeyath","level":151,"killCount":-1,"type":"NPC","drops":[{"name":"Malicious ashes","id":25772,"quantity":1,"price":1365},{"name":"Death rune","id":560,"quantity":10,"price":182}],"date":"Aug 5, 2022, 6:24:07 PM"}
{"name":"Balfrug Kreeyath","level":151,"killCount":-1,"type":"NPC","drops":[{"name":"Malicious ashes","id":25772,"quantity":1,"price":1365},{"name":"Coins","id":995,"quantity":1379,"price":1}],"date":"Aug 5, 2022, 6:26:30 PM"}
{"name":"Balfrug Kreeyath","level":151,"killCount":-1,"type":"NPC","drops":[{"name":"Malicious ashes","id":25772,"quantity":1,"price":1365},{"name":"Coins","id":995,"quantity":1315,"price":1}],"date":"Aug 5, 2022, 6:38:31 PM"}
{"name":"Balfrug Kreeyath","level":151,"killCount":-1,"type":"NPC","drops":[{"name":"Malicious ashes","id":25772,"quantity":1,"price":1365},{"name":"Coins","id":995,"quantity":1312,"price":1}],"date":"Aug 5, 2022, 6:41:07 PM"}
{"name":"Balfrug Kreeyath","level":151,"killCount":-1,"type":"NPC","drops":[{"name":"Malicious ashes","id":25772,"quantity":1,"price":1365},{"name":"Blood rune","id":565,"quantity":6,"price":361}],"date":"Aug 5, 2022, 6:56:07 PM"}
{"name":"Balfrug Kreeyath","level":151,"killCount":-1,"type":"NPC","drops":[{"name":"Malicious ashes","id":25772,"quantity":1,"price":1365},{"name":"Coins","id":995,"quantity":1379,"price":1}],"date":"Aug 5, 2022, 6:58:12 PM"}
{"name":"Balfrug Kreeyath","level":151,"killCount":-1,"type":"NPC","drops":[{"name":"Malicious ashes","id":25772,"quantity":1,"price":1365},{"name":"Coins","id":995,"quantity":1341,"price":1}],"date":"Aug 5, 2022, 7:00:57 PM"}
{"name":"Balfrug Kreeyath","level":151,"killCount":-1,"type":"NPC","drops":[{"name":"Malicious ashes","id":25772,"quantity":1,"price":1366},{"name":"Coins","id":995,"quantity":1344,"price":1}],"date":"Aug 5, 2022, 7:13:15 PM"}
{"name":"Balfrug Kreeyath","level":151,"killCount":-1,"type":"NPC","drops":[{"name":"Malicious ashes","id":25772,"quantity":1,"price":1366},{"name":"Coins","id":995,"quantity":1359,"price":1}],"date":"Aug 5, 2022, 7:15:43 PM"}
{"name":"Balfrug Kreeyath","level":151,"killCount":-1,"type":"NPC","drops":[{"name":"Malicious ashes","id":25772,"quantity":1,"price":1366},{"name":"Coins","id":995,"quantity":1312,"price":1}],"date":"Aug 5, 2022, 7:29:50 PM"}
{"name":"Balfrug Kreeyath","level":151,"killCount":-1,"type":"NPC","drops":[{"name":"Malicious ashes","id":25772,"quantity":1,"price":1366},{"name":"Coins","id":995,"quantity":1313,"price":1}],"date":"Aug 5, 2022, 7:32:20 PM"}
{"name":"Balfrug Kreeyath","level":151,"killCount":-1,"type":"NPC","drops":[{"name":"Malicious ashes","id":25772,"quantity":1,"price":1379},{"name":"Coins","id":995,"quantity":1346,"price":1}],"date":"Aug 5, 2022, 7:34:36 PM"}
{"name":"Balfrug Kreeyath","level":151,"killCount":-1,"type":"NPC","drops":[{"name":"Malicious ashes","id":25772,"quantity":1,"price":1379},{"name":"Coins","id":995,"quantity":1300,"price":1}],"date":"Aug 5, 2022, 7:37:27 PM"}
{"name":"Balfrug Kreeyath","level":151,"killCount":-1,"type":"NPC","drops":[{"name":"Malicious ashes","id":25772,"quantity":1,"price":1379},{"name":"Coins","id":995,"quantity":1388,"price":1}],"date":"Aug 5, 2022, 7:52:41 PM"}
{"name":"Balfrug Kreeyath","level":151,"killCount":-1,"type":"NPC","drops":[{"name":"Malicious ashes","id":25772,"quantity":1,"price":1379},{"name":"Coins","id":995,"quantity":1388,"price":1}],"date":"Aug 5, 2022, 8:04:15 PM"}
{"name":"Balfrug Kreeyath","level":151,"killCount":-1,"type":"NPC","drops":[{"name":"Malicious ashes","id":25772,"quantity":1,"price":1379},{"name":"Wine of zamorak","id":246,"quantity":8,"price":879}],"date":"Aug 5, 2022, 8:17:49 PM"}
{"name":"Balfrug Kreeyath","level":151,"killCount":-1,"type":"NPC","drops":[{"name":"Malicious ashes","id":25772,"quantity":1,"price":1379},{"name":"Coins","id":995,"quantity":1353,"price":1}],"date":"Aug 5, 2022, 8:20:34 PM"}
{"name":"Balfrug Kreeyath","level":151,"killCount":-1,"type":"NPC","drops":[{"name":"Malicious ashes","id":25772,"quantity":1,"price":1373},{"name":"Coins","id":995,"quantity":1360,"price":1}],"date":"Aug 5, 2022, 8:39:02 PM"}
{"name":"Balfrug Kreeyath","level":151,"killCount":-1,"type":"NPC","drops":[{"name":"Malicious ashes","id":25772,"quantity":1,"price":1373},{"name":"Steel arrow","id":886,"quantity":97,"price":9}],"date":"Aug 5, 2022, 8:42:08 PM"}
{"name":"Balfrug Kreeyath","level":151,"killCount":-1,"type":"NPC","drops":[{"name":"Malicious ashes","id":25772,"quantity":1,"price":1373},{"name":"Coins","id":995,"quantity":1387,"price":1}],"date":"Aug 5, 2022, 8:56:22 PM"}
{"name":"Balfrug Kreeyath","level":151,"killCount":-1,"type":"NPC","drops":[{"name":"Malicious ashes","id":25772,"quantity":1,"price":1368},{"name":"Coins","id":995,"quantity":1337,"price":1}],"date":"Aug 5, 2022, 9:07:49 PM"}
{"name":"Balfrug Kreeyath","level":151,"killCount":-1,"type":"NPC","drops":[{"name":"Malicious ashes","id":25772,"quantity":1,"price":1368},{"name":"Blood rune","id":565,"quantity":7,"price":365}],"date":"Aug 5, 2022, 9:19:41 PM"}
{"name":"Balfrug Kreeyath","level":151,"killCount":-1,"type":"NPC","drops":[{"name":"Malicious ashes","id":25772,"quantity":1,"price":1368},{"name":"Coins","id":995,"quantity":1390,"price":1}],"date":"Aug 5, 2022, 9:46:50 PM"}
{"name":"Balfrug Kreeyath","level":151,"killCount":-1,"type":"NPC","drops":[{"name":"Malicious ashes","id":25772,"quantity":1,"price":1368},{"name":"Blood rune","id":565,"quantity":7,"price":366}],"date":"Aug 5, 2022, 9:59:45 PM"}
{"name":"Balfrug Kreeyath","level":151,"killCount":-1,"type":"NPC","drops":[{"name":"Malicious ashes","id":25772,"quantity":1,"price":1368},{"name":"Blood rune","id":565,"quantity":5,"price":366}],"date":"Aug 5, 2022, 10:02:12 PM"}
{"name":"Balfrug Kreeyath","level":151,"killCount":-1,"type":"NPC","drops":[{"name":"Malicious ashes","id":25772,"quantity":1,"price":1366},{"name":"Coins","id":995,"quantity":1331,"price":1}],"date":"Aug 5, 2022, 10:22:54 PM"}
{"name":"Balfrug Kreeyath","level":151,"killCount":-1,"type":"NPC","drops":[{"name":"Malicious ashes","id":25772,"quantity":1,"price":1366},{"name":"Wine of zamorak","id":246,"quantity":8,"price":904}],"date":"Aug 5, 2022, 10:25:39 PM"}
{"name":"Balfrug Kreeyath","level":151,"killCount":-1,"type":"NPC","drops":[{"name":"Malicious ashes","id":25772,"quantity":1,"price":1366},{"name":"Coins","id":995,"quantity":1364,"price":1}],"date":"Aug 5, 2022, 10:42:49 PM"}
{"name":"Balfrug Kreeyath","level":151,"killCount":-1,"type":"NPC","drops":[{"name":"Malicious ashes","id":25772,"quantity":1,"price":1366},{"name":"Coins","id":995,"quantity":1325,"price":1}],"date":"Aug 5, 2022, 10:53:13 PM"}
{"name":"Balfrug Kreeyath","level":151,"killCount":-1,"type":"NPC","drops":[{"name":"Malicious ashes","id":25772,"quantity":1,"price":1366},{"name":"Coins","id":995,"quantity":1304,"price":1}],"date":"Aug 5, 2022, 10:55:24 PM"}
{"name":"Balfrug Kreeyath","level":151,"killCount":-1,"type":"NPC","drops":[{"name":"Malicious ashes","id":25772,"quantity":1,"price":1366},{"name":"Coins","id":995,"quantity":1369,"price":1}],"date":"Aug 5, 2022, 11:06:28 PM"}
{"name":"Balfrug Kreeyath","level":151,"killCount":-1,"type":"NPC","drops":[{"name":"Malicious ashes","id":25772,"quantity":1,"price":1366},{"name":"Coins","id":995,"quantity":1363,"price":1}],"date":"Aug 5, 2022, 11:09:24 PM"}
{"name":"Balfrug Kreeyath","level":151,"killCount":-1,"type":"NPC","drops":[{"name":"Malicious ashes","id":25772,"quantity":1,"price":1366},{"name":"Blood rune","id":565,"quantity":9,"price":360}],"date":"Aug 5, 2022, 11:11:43 PM"}
{"name":"Balfrug Kreeyath","level":151,"killCount":-1,"type":"NPC","drops":[{"name":"Malicious ashes","id":25772,"quantity":1,"price":1366},{"name":"Shark","id":385,"quantity":1,"price":894},{"name":"Shark","id":385,"quantity":1,"price":894},{"name":"Shark","id":385,"quantity":1,"price":894}],"date":"Aug 5, 2022, 11:21:59 PM"}
{"name":"Balfrug Kreeyath","level":151,"killCount":-1,"type":"NPC","drops":[{"name":"Malicious ashes","id":25772,"quantity":1,"price":1366},{"name":"Coins","id":995,"quantity":1312,"price":1}],"date":"Aug 5, 2022, 11:31:58 PM"}
{"name":"Balfrug Kreeyath","level":151,"killCount":-1,"type":"NPC","drops":[{"name":"Malicious ashes","id":25772,"quantity":1,"price":1366},{"name":"Coins","id":995,"quantity":1311,"price":1}],"date":"Aug 5, 2022, 11:34:00 PM"}
{"name":"Balfrug Kreeyath","level":151,"killCount":-1,"type":"NPC","drops":[{"name":"Malicious ashes","id":25772,"quantity":1,"price":1366},{"name":"Coins","id":995,"quantity":1312,"price":1}],"date":"Aug 5, 2022, 11:36:35 PM"}
{"name":"Balfrug Kreeyath","level":151,"killCount":-1,"type":"NPC","drops":[{"name":"Malicious ashes","id":25772,"quantity":1,"price":1366},{"name":"Shark","id":385,"quantity":1,"price":895},{"name":"Shark","id":385,"quantity":1,"price":895},{"name":"Shark","id":385,"quantity":1,"price":895}],"date":"Aug 5, 2022, 11:38:56 PM"}
{"name":"Balfrug Kreeyath","level":151,"killCount":-1,"type":"NPC","drops":[{"name":"Malicious ashes","id":25772,"quantity":1,"price":1366},{"name":"Death rune","id":560,"quantity":5,"price":182}],"date":"Aug 5, 2022, 11:50:18 PM"}
{"name":"Balfrug Kreeyath","level":151,"killCount":-1,"type":"NPC","drops":[{"name":"Malicious ashes","id":25772,"quantity":1,"price":1366},{"name":"Steel dart","id":808,"quantity":97,"price":3}],"date":"Aug 6, 2022, 12:00:55 AM"}
{"name":"Balfrug Kreeyath","level":151,"killCount":-1,"type":"NPC","drops":[{"name":"Malicious ashes","id":25772,"quantity":1,"price":1366},{"name":"Steel dart","id":808,"quantity":95,"price":6}],"date":"Aug 6, 2022, 12:04:07 AM"}
{"name":"Balfrug Kreeyath","level":151,"killCount":-1,"type":"NPC","drops":[{"name":"Malicious ashes","id":25772,"quantity":1,"price":1366},{"name":"Coins","id":995,"quantity":1394,"price":1}],"date":"Aug 6, 2022, 12:06:32 AM"}
{"name":"Balfrug Kreeyath","level":151,"killCount":-1,"type":"NPC","drops":[{"name":"Malicious ashes","id":25772,"quantity":1,"price":1366},{"name":"Coins","id":995,"quantity":1358,"price":1}],"date":"Aug 6, 2022, 12:18:27 AM"}
{"name":"Balfrug Kreeyath","level":151,"killCount":-1,"type":"NPC","drops":[{"name":"Malicious ashes","id":25772,"quantity":1,"price":1366},{"name":"Coins","id":995,"quantity":1301,"price":1}],"date":"Aug 6, 2022, 12:21:13 AM"}
{"name":"Balfrug Kreeyath","level":151,"killCount":-1,"type":"NPC","drops":[{"name":"Malicious ashes","id":25772,"quantity":1,"price":1365},{"name":"Wine of zamorak","id":246,"quantity":10,"price":874}],"date":"Aug 6, 2022, 12:35:18 AM"}
{"name":"Balfrug Kreeyath","level":151,"killCount":-1,"type":"NPC","drops":[{"name":"Malicious ashes","id":25772,"quantity":1,"price":1365},{"name":"Coins","id":995,"quantity":1361,"price":1}],"date":"Aug 6, 2022, 12:37:35 AM"}
{"name":"Balfrug Kreeyath","level":151,"killCount":-1,"type":"NPC","drops":[{"name":"Malicious ashes","id":25772,"quantity":1,"price":1481},{"name":"Coins","id":995,"quantity":1367,"price":1}],"date":"Aug 7, 2022, 4:20:19 PM"}
{"name":"Balfrug Kreeyath","level":151,"killCount":-1,"type":"NPC","drops":[{"name":"Malicious ashes","id":25772,"quantity":1,"price":1481},{"name":"Coins","id":995,"quantity":1352,"price":1}],"date":"Aug 7, 2022, 4:23:08 PM"}
{"name":"Balfrug Kreeyath","level":151,"killCount":-1,"type":"NPC","drops":[{"name":"Malicious ashes","id":25772,"quantity":1,"price":1481},{"name":"Coins","id":995,"quantity":1304,"price":1}],"date":"Aug 7, 2022, 4:25:43 PM"}
{"name":"Balfrug Kreeyath","level":151,"killCount":-1,"type":"NPC","drops":[{"name":"Malicious ashes","id":25772,"quantity":1,"price":1439},{"name":"Coins","id":995,"quantity":1314,"price":1}],"date":"Aug 7, 2022, 4:45:53 PM"}
{"name":"Balfrug Kreeyath","level":151,"killCount":-1,"type":"NPC","drops":[{"name":"Malicious ashes","id":25772,"quantity":1,"price":1439},{"name":"Steel arrow","id":886,"quantity":98,"price":9}],"date":"Aug 7, 2022, 4:47:51 PM"}
{"name":"Balfrug Kreeyath","level":151,"killCount":-1,"type":"NPC","drops":[{"name":"Malicious ashes","id":25772,"quantity":1,"price":1439},{"name":"Coins","id":995,"quantity":1380,"price":1}],"date":"Aug 7, 2022, 4:50:52 PM"}
{"name":"Balfrug Kreeyath","level":151,"killCount":-1,"type":"NPC","drops":[{"name":"Malicious ashes","id":25772,"quantity":1,"price":1439},{"name":"Coins","id":995,"quantity":1318,"price":1}],"date":"Aug 7, 2022, 5:04:08 PM"}
{"name":"Balfrug Kreeyath","level":151,"killCount":-1,"type":"NPC","drops":[{"name":"Malicious ashes","id":25772,"quantity":1,"price":1439},{"name":"Shark","id":385,"quantity":1,"price":875},{"name":"Shark","id":385,"quantity":1,"price":875},{"name":"Shark","id":385,"quantity":1,"price":875}],"date":"Aug 7, 2022, 5:06:39 PM"}
{"name":"Balfrug Kreeyath","level":151,"killCount":-1,"type":"NPC","drops":[{"name":"Malicious ashes","id":25772,"quantity":1,"price":1439},{"name":"Steel arrow","id":886,"quantity":96,"price":9}],"date":"Aug 7, 2022, 5:09:05 PM"}
{"name":"Balfrug Kreeyath","level":151,"killCount":-1,"type":"NPC","drops":[{"name":"Malicious ashes","id":25772,"quantity":1,"price":1439},{"name":"Blood rune","id":565,"quantity":8,"price":366}],"date":"Aug 7, 2022, 5:20:01 PM"}
{"name":"Balfrug Kreeyath","level":151,"killCount":-1,"type":"NPC","drops":[{"name":"Malicious ashes","id":25772,"quantity":1,"price":1439},{"name":"Coins","id":995,"quantity":1333,"price":1}],"date":"Aug 7, 2022, 5:22:21 PM"}
{"name":"Balfrug Kreeyath","level":151,"killCount":-1,"type":"NPC","drops":[{"name":"Malicious ashes","id":25772,"quantity":1,"price":1439},{"name":"Super attack(3)","id":145,"quantity":1,"price":137}],"date":"Aug 7, 2022, 5:24:48 PM"}
{"name":"Balfrug Kreeyath","level":151,"killCount":-1,"type":"NPC","drops":[{"name":"Malicious ashes","id":25772,"quantity":1,"price":1439},{"name":"Coins","id":995,"quantity":1337,"price":1}],"date":"Aug 7, 2022, 5:36:07 PM"}
{"name":"Balfrug Kreeyath","level":151,"killCount":-1,"type":"NPC","drops":[{"name":"Malicious ashes","id":25772,"quantity":1,"price":1439},{"name":"Coins","id":995,"quantity":1347,"price":1}],"date":"Aug 7, 2022, 5:39:08 PM"}
{"name":"Balfrug Kreeyath","level":151,"killCount":-1,"type":"NPC","drops":[{"name":"Malicious ashes","id":25772,"quantity":1,"price":1439},{"name":"Coins","id":995,"quantity":1336,"price":1}],"date":"Aug 7, 2022, 5:58:53 PM"}
{"name":"Balfrug Kreeyath","level":151,"killCount":-1,"type":"NPC","drops":[{"name":"Malicious ashes","id":25772,"quantity":1,"price":1460},{"name":"Steel dart","id":808,"quantity":100,"price":6}],"date":"Aug 7, 2022, 6:19:34 PM"}
{"name":"Balfrug Kreeyath","level":151,"killCount":-1,"type":"NPC","drops":[{"name":"Malicious ashes","id":25772,"quantity":1,"price":1460},{"name":"Coins","id":995,"quantity":1331,"price":1}],"date":"Aug 7, 2022, 6:21:34 PM"}
{"name":"Balfrug Kreeyath","level":151,"killCount":-1,"type":"NPC","drops":[{"name":"Malicious ashes","id":25772,"quantity":1,"price":1460},{"name":"Death rune","id":560,"quantity":6,"price":181}],"date":"Aug 7, 2022, 6:24:40 PM"}
{"name":"Balfrug Kreeyath","level":151,"killCount":-1,"type":"NPC","drops":[{"name":"Malicious ashes","id":25772,"quantity":1,"price":1439},{"name":"Coins","id":995,"quantity":1398,"price":1}],"date":"Aug 7, 2022, 6:35:46 PM"}
{"name":"Balfrug Kreeyath","level":151,"killCount":-1,"type":"NPC","drops":[{"name":"Malicious ashes","id":25772,"quantity":1,"price":1439},{"name":"Steel dart","id":808,"quantity":96,"price":6}],"date":"Aug 7, 2022, 6:38:33 PM"}
{"name":"Balfrug Kreeyath","level":151,"killCount":-1,"type":"NPC","drops":[{"name":"Malicious ashes","id":25772,"quantity":1,"price":1439},{"name":"Blood rune","id":565,"quantity":10,"price":371}],"date":"Aug 7, 2022, 6:41:03 PM"}
{"name":"Balfrug Kreeyath","level":151,"killCount":-1,"type":"NPC","drops":[{"name":"Malicious ashes","id":25772,"quantity":1,"price":1439},{"name":"Shark","id":385,"quantity":1,"price":886},{"name":"Shark","id":385,"quantity":1,"price":886},{"name":"Shark","id":385,"quantity":1,"price":886}],"date":"Aug 7, 2022, 6:53:38 PM"}
{"name":"Balfrug Kreeyath","level":151,"killCount":-1,"type":"NPC","drops":[{"name":"Malicious ashes","id":25772,"quantity":1,"price":1439},{"name":"Coins","id":995,"quantity":1380,"price":1}],"date":"Aug 7, 2022, 6:55:55 PM"}
{"name":"Balfrug Kreeyath","level":151,"killCount":-1,"type":"NPC","drops":[{"name":"Malicious ashes","id":25772,"quantity":1,"price":1439},{"name":"Clue scroll (hard)","id":19882,"quantity":1,"price":0},{"name":"Death rune","id":560,"quantity":7,"price":181}],"date":"Aug 7, 2022, 6:58:24 PM"}
{"name":"Balfrug Kreeyath","level":151,"killCount":-1,"type":"NPC","drops":[{"name":"Malicious ashes","id":25772,"quantity":1,"price":1439},{"name":"Tuna potato","id":7060,"quantity":1,"price":1368},{"name":"Tuna potato","id":7060,"quantity":1,"price":1368}],"date":"Aug 7, 2022, 7:59:55 PM"}
{"name":"Balfrug Kreeyath","level":151,"killCount":-1,"type":"NPC","drops":[{"name":"Malicious ashes","id":25772,"quantity":1,"price":1439},{"name":"Coins","id":995,"quantity":1307,"price":1}],"date":"Aug 7, 2022, 8:02:17 PM"}
{"name":"Balfrug Kreeyath","level":151,"killCount":-1,"type":"NPC","drops":[{"name":"Malicious ashes","id":25772,"quantity":1,"price":1439},{"name":"Coins","id":995,"quantity":1391,"price":1}],"date":"Aug 7, 2022, 8:04:33 PM"}
{"name":"Balfrug Kreeyath","level":151,"killCount":-1,"type":"NPC","drops":[{"name":"Malicious ashes","id":25772,"quantity":1,"price":1439},{"name":"Coins","id":995,"quantity":1324,"price":1}],"date":"Aug 7, 2022, 8:07:14 PM"}
{"name":"Balfrug Kreeyath","level":151,"killCount":-1,"type":"NPC","drops":[{"name":"Malicious ashes","id":25772,"quantity":1,"price":1439},{"name":"Coins","id":995,"quantity":1313,"price":1}],"date":"Aug 7, 2022, 8:19:53 PM"}
{"name":"Balfrug Kreeyath","level":151,"killCount":-1,"type":"NPC","drops":[{"name":"Malicious ashes","id":25772,"quantity":1,"price":1439},{"name":"Steel arrow","id":886,"quantity":95,"price":10}],"date":"Aug 7, 2022, 8:31:05 PM"}
{"name":"Balfrug Kreeyath","level":151,"killCount":-1,"type":"NPC","drops":[{"name":"Malicious ashes","id":25772,"quantity":1,"price":1439},{"name":"Coins","id":995,"quantity":1383,"price":1}],"date":"Aug 7, 2022, 8:33:32 PM"}
{"name":"Balfrug Kreeyath","level":151,"killCount":-1,"type":"NPC","drops":[{"name":"Malicious ashes","id":25772,"quantity":1,"price":1439},{"name":"Death rune","id":560,"quantity":8,"price":180}],"date":"Aug 7, 2022, 8:36:51 PM"}
{"name":"Balfrug Kreeyath","level":151,"killCount":-1,"type":"NPC","drops":[{"name":"Malicious ashes","id":25772,"quantity":1,"price":1439},{"name":"Coins","id":995,"quantity":1302,"price":1}],"date":"Aug 7, 2022, 8:39:29 PM"}
{"name":"Balfrug Kreeyath","level":151,"killCount":-1,"type":"NPC","drops":[{"name":"Malicious ashes","id":25772,"quantity":1,"price":1439},{"name":"Coins","id":995,"quantity":1382,"price":1}],"date":"Aug 7, 2022, 8:51:09 PM"}
{"name":"Balfrug Kreeyath","level":151,"killCount":-1,"type":"NPC","drops":[{"name":"Malicious ashes","id":25772,"quantity":1,"price":1439},{"name":"Wine of zamorak","id":246,"quantity":6,"price":870}],"date":"Aug 7, 2022, 9:02:09 PM"}
{"name":"Balfrug Kreeyath","level":151,"killCount":-1,"type":"NPC","drops":[{"name":"Malicious ashes","id":25772,"quantity":1,"price":1439},{"name":"Wine of zamorak","id":246,"quantity":10,"price":864}],"date":"Aug 7, 2022, 9:04:45 PM"}
{"name":"Balfrug Kreeyath","level":151,"killCount":-1,"type":"NPC","drops":[{"name":"Malicious ashes","id":25772,"quantity":1,"price":1439},{"name":"Steel arrow","id":886,"quantity":96,"price":10}],"date":"Aug 7, 2022, 9:07:27 PM"}
{"name":"Balfrug Kreeyath","level":151,"killCount":-1,"type":"NPC","drops":[{"name":"Malicious ashes","id":25772,"quantity":1,"price":1439},{"name":"Coins","id":995,"quantity":1390,"price":1}],"date":"Aug 7, 2022, 9:09:42 PM"}
{"name":"Balfrug Kreeyath","level":151,"killCount":-1,"type":"NPC","drops":[{"name":"Malicious ashes","id":25772,"quantity":1,"price":1439},{"name":"Steel arrow","id":886,"quantity":99,"price":10}],"date":"Aug 7, 2022, 9:23:16 PM"}
{"name":"Balfrug Kreeyath","level":151,"killCount":-1,"type":"NPC","drops":[{"name":"Malicious ashes","id":25772,"quantity":1,"price":1439},{"name":"Steel arrow","id":886,"quantity":97,"price":9}],"date":"Aug 7, 2022, 9:34:26 PM"}
{"name":"Balfrug Kreeyath","level":151,"killCount":-1,"type":"NPC","drops":[{"name":"Malicious ashes","id":25772,"quantity":1,"price":1439},{"name":"Coins","id":995,"quantity":1369,"price":1}],"date":"Aug 7, 2022, 9:37:18 PM"}
{"name":"Balfrug Kreeyath","level":151,"killCount":-1,"type":"NPC","drops":[{"name":"Malicious ashes","id":25772,"quantity":1,"price":1439},{"name":"Coins","id":995,"quantity":1400,"price":1}],"date":"Aug 7, 2022, 9:40:19 PM"}
{"name":"Balfrug Kreeyath","level":151,"killCount":-1,"type":"NPC","drops":[{"name":"Malicious ashes","id":25772,"quantity":1,"price":1439},{"name":"Coins","id":995,"quantity":1340,"price":1}],"date":"Aug 7, 2022, 10:07:18 PM"}
{"name":"Balfrug Kreeyath","level":151,"killCount":-1,"type":"NPC","drops":[{"name":"Malicious ashes","id":25772,"quantity":1,"price":1439},{"name":"Shark","id":385,"quantity":1,"price":886},{"name":"Shark","id":385,"quantity":1,"price":886},{"name":"Shark","id":385,"quantity":1,"price":886}],"date":"Aug 7, 2022, 10:15:48 PM"}
{"name":"Balfrug Kreeyath","level":151,"killCount":-1,"type":"NPC","drops":[{"name":"Malicious ashes","id":25772,"quantity":1,"price":1439},{"name":"Coins","id":995,"quantity":1362,"price":1}],"date":"Aug 7, 2022, 10:18:12 PM"}
{"name":"Balfrug Kreeyath","level":151,"killCount":-1,"type":"NPC","drops":[{"name":"Malicious ashes","id":25772,"quantity":1,"price":1439},{"name":"Coins","id":995,"quantity":1383,"price":1}],"date":"Aug 7, 2022, 10:20:42 PM"}
{"name":"Balfrug Kreeyath","level":151,"killCount":-1,"type":"NPC","drops":[{"name":"Malicious ashes","id":25772,"quantity":1,"price":1439},{"name":"Tuna potato","id":7060,"quantity":1,"price":1374},{"name":"Tuna potato","id":7060,"quantity":1,"price":1374}],"date":"Aug 7, 2022, 10:22:56 PM"}
{"name":"Balfrug Kreeyath","level":151,"killCount":-1,"type":"NPC","drops":[{"name":"Malicious ashes","id":25772,"quantity":1,"price":1439},{"name":"Coins","id":995,"quantity":1364,"price":1}],"date":"Aug 7, 2022, 10:25:42 PM"}
{"name":"Balfrug Kreeyath","level":151,"killCount":-1,"type":"NPC","drops":[{"name":"Malicious ashes","id":25772,"quantity":1,"price":1439},{"name":"Super attack(3)","id":145,"quantity":1,"price":160}],"date":"Aug 7, 2022, 10:37:57 PM"}
{"name":"Balfrug Kreeyath","level":151,"killCount":-1,"type":"NPC","drops":[{"name":"Malicious ashes","id":25772,"quantity":1,"price":1439},{"name":"Shark","id":385,"quantity":1,"price":888},{"name":"Shark","id":385,"quantity":1,"price":888},{"name":"Shark","id":385,"quantity":1,"price":888}],"date":"Aug 7, 2022, 10:40:14 PM"}
{"name":"Balfrug Kreeyath","level":151,"killCount":-1,"type":"NPC","drops":[{"name":"Malicious ashes","id":25772,"quantity":1,"price":1439},{"name":"Coins","id":995,"quantity":1397,"price":1}],"date":"Aug 7, 2022, 10:43:06 PM"}
{"name":"Balfrug Kreeyath","level":151,"killCount":-1,"type":"NPC","drops":[{"name":"Malicious ashes","id":25772,"quantity":1,"price":1439},{"name":"Coins","id":995,"quantity":1307,"price":1}],"date":"Aug 7, 2022, 10:45:40 PM"}
{"name":"Balfrug Kreeyath","level":151,"killCount":-1,"type":"NPC","drops":[{"name":"Malicious ashes","id":25772,"quantity":1,"price":1439},{"name":"Coins","id":995,"quantity":1385,"price":1}],"date":"Aug 7, 2022, 10:48:02 PM"}
{"name":"Balfrug Kreeyath","level":151,"killCount":-1,"type":"NPC","drops":[{"name":"Malicious ashes","id":25772,"quantity":1,"price":1439},{"name":"Coins","id":995,"quantity":1346,"price":1}],"date":"Aug 7, 2022, 11:00:26 PM"}
{"name":"Balfrug Kreeyath","level":151,"killCount":-1,"type":"NPC","drops":[{"name":"Malicious ashes","id":25772,"quantity":1,"price":1439},{"name":"Coins","id":995,"quantity":1336,"price":1}],"date":"Aug 7, 2022, 11:11:00 PM"}
{"name":"Balfrug Kreeyath","level":151,"killCount":-1,"type":"NPC","drops":[{"name":"Malicious ashes","id":25772,"quantity":1,"price":1439},{"name":"Coins","id":995,"quantity":1360,"price":1}],"date":"Aug 7, 2022, 11:14:01 PM"}
{"name":"Balfrug Kreeyath","level":151,"killCount":-1,"type":"NPC","drops":[{"name":"Malicious ashes","id":25772,"quantity":1,"price":1439},{"name":"Coins","id":995,"quantity":1357,"price":1}],"date":"Aug 7, 2022, 11:16:41 PM"}
{"name":"Balfrug Kreeyath","level":151,"killCount":-1,"type":"NPC","drops":[{"name":"Malicious ashes","id":25772,"quantity":1,"price":1439},{"name":"Coins","id":995,"quantity":1398,"price":1}],"date":"Aug 7, 2022, 11:27:29 PM"}
{"name":"Balfrug Kreeyath","level":151,"killCount":-1,"type":"NPC","drops":[{"name":"Malicious ashes","id":25772,"quantity":1,"price":1439},{"name":"Coins","id":995,"quantity":1372,"price":1}],"date":"Aug 7, 2022, 11:30:18 PM"}
{"name":"Balfrug Kreeyath","level":151,"killCount":-1,"type":"NPC","drops":[{"name":"Malicious ashes","id":25772,"quantity":1,"price":1439},{"name":"Death rune","id":560,"quantity":5,"price":181}],"date":"Aug 7, 2022, 11:32:42 PM"}
{"name":"Balfrug Kreeyath","level":151,"killCount":-1,"type":"NPC","drops":[{"name":"Malicious ashes","id":25772,"quantity":1,"price":1439},{"name":"Coins","id":995,"quantity":1346,"price":1}],"date":"Aug 7, 2022, 11:35:04 PM"}
{"name":"Balfrug Kreeyath","level":151,"killCount":-1,"type":"NPC","drops":[{"name":"Malicious ashes","id":25772,"quantity":1,"price":1439},{"name":"Death rune","id":560,"quantity":8,"price":181}],"date":"Aug 7, 2022, 11:48:08 PM"}
{"name":"Balfrug Kreeyath","level":151,"killCount":-1,"type":"NPC","drops":[{"name":"Malicious ashes","id":25772,"quantity":1,"price":1439},{"name":"Coins","id":995,"quantity":1391,"price":1}],"date":"Aug 7, 2022, 11:51:15 PM"}
{"name":"Balfrug Kreeyath","level":151,"killCount":-1,"type":"NPC","drops":[{"name":"Malicious ashes","id":25772,"quantity":1,"price":1439},{"name":"Coins","id":995,"quantity":1362,"price":1}],"date":"Aug 7, 2022, 11:53:59 PM"}
{"name":"Balfrug Kreeyath","level":151,"killCount":-1,"type":"NPC","drops":[{"name":"Malicious ashes","id":25772,"quantity":1,"price":1439},{"name":"Coins","id":995,"quantity":1322,"price":1}],"date":"Aug 7, 2022, 11:57:08 PM"}
{"name":"Balfrug Kreeyath","level":151,"killCount":-1,"type":"NPC","drops":[{"name":"Malicious ashes","id":25772,"quantity":1,"price":1439},{"name":"Coins","id":995,"quantity":1336,"price":1}],"date":"Aug 8, 2022, 12:07:50 AM"}
{"name":"Balfrug Kreeyath","level":151,"killCount":-1,"type":"NPC","drops":[{"name":"Malicious ashes","id":25772,"quantity":1,"price":1439},{"name":"Coins","id":995,"quantity":1388,"price":1}],"date":"Aug 8, 2022, 12:21:46 AM"}
{"name":"Balfrug Kreeyath","level":151,"killCount":-1,"type":"NPC","drops":[{"name":"Malicious ashes","id":25772,"quantity":1,"price":1363},{"name":"Coins","id":995,"quantity":1310,"price":1}],"date":"Aug 8, 2022, 8:41:06 PM"}
{"name":"Balfrug Kreeyath","level":151,"killCount":-1,"type":"NPC","drops":[{"name":"Malicious ashes","id":25772,"quantity":1,"price":1363},{"name":"Coins","id":995,"quantity":1336,"price":1}],"date":"Aug 8, 2022, 8:53:56 PM"}
{"name":"Balfrug Kreeyath","level":151,"killCount":-1,"type":"NPC","drops":[{"name":"Malicious ashes","id":25772,"quantity":1,"price":1363},{"name":"Coins","id":995,"quantity":1342,"price":1}],"date":"Aug 8, 2022, 9:04:42 PM"}
{"name":"Balfrug Kreeyath","level":151,"killCount":-1,"type":"NPC","drops":[{"name":"Malicious ashes","id":25772,"quantity":1,"price":1363},{"name":"Shark","id":385,"quantity":1,"price":881},{"name":"Shark","id":385,"quantity":1,"price":881},{"name":"Shark","id":385,"quantity":1,"price":881}],"date":"Aug 8, 2022, 9:07:02 PM"}
{"name":"Balfrug Kreeyath","level":151,"killCount":-1,"type":"NPC","drops":[{"name":"Malicious ashes","id":25772,"quantity":1,"price":1363},{"name":"Wine of zamorak","id":246,"quantity":5,"price":883}],"date":"Aug 8, 2022, 9:46:47 PM"}
{"name":"Balfrug Kreeyath","level":151,"killCount":-1,"type":"NPC","drops":[{"name":"Malicious ashes","id":25772,"quantity":1,"price":1363},{"name":"Coins","id":995,"quantity":1371,"price":1}],"date":"Aug 8, 2022, 9:49:19 PM"}
{"name":"Balfrug Kreeyath","level":151,"killCount":-1,"type":"NPC","drops":[{"name":"Malicious ashes","id":25772,"quantity":1,"price":1363},{"name":"Coins","id":995,"quantity":1346,"price":1}],"date":"Aug 8, 2022, 10:00:11 PM"}
{"name":"Balfrug Kreeyath","level":151,"killCount":-1,"type":"NPC","drops":[{"name":"Malicious ashes","id":25772,"quantity":1,"price":1363},{"name":"Tuna potato","id":7060,"quantity":1,"price":1363},{"name":"Tuna potato","id":7060,"quantity":1,"price":1363}],"date":"Aug 8, 2022, 10:03:02 PM"}
{"name":"Balfrug Kreeyath","level":151,"killCount":-1,"type":"NPC","drops":[{"name":"Malicious ashes","id":25772,"quantity":1,"price":1363},{"name":"Shark","id":385,"quantity":1,"price":873},{"name":"Shark","id":385,"quantity":1,"price":873},{"name":"Shark","id":385,"quantity":1,"price":873}],"date":"Aug 8, 2022, 10:14:37 PM"}
{"name":"Balfrug Kreeyath","level":151,"killCount":-1,"type":"NPC","drops":[{"name":"Malicious ashes","id":25772,"quantity":1,"price":1363},{"name":"Wine of zamorak","id":246,"quantity":9,"price":880}],"date":"Aug 8, 2022, 10:17:18 PM"}
{"name":"Balfrug Kreeyath","level":151,"killCount":-1,"type":"NPC","drops":[{"name":"Malicious ashes","id":25772,"quantity":1,"price":1363},{"name":"Coins","id":995,"quantity":1337,"price":1}],"date":"Aug 8, 2022, 10:20:23 PM"}
{"name":"Balfrug Kreeyath","level":151,"killCount":-1,"type":"NPC","drops":[{"name":"Malicious ashes","id":25772,"quantity":1,"price":1363},{"name":"Death rune","id":560,"quantity":10,"price":183}],"date":"Aug 8, 2022, 10:34:27 PM"}
{"name":"Balfrug Kreeyath","level":151,"killCount":-1,"type":"NPC","drops":[{"name":"Malicious ashes","id":25772,"quantity":1,"price":1363},{"name":"Coins","id":995,"quantity":1339,"price":1}],"date":"Aug 8, 2022, 10:36:39 PM"}
{"name":"Balfrug Kreeyath","level":151,"killCount":-1,"type":"NPC","drops":[{"name":"Malicious ashes","id":25772,"quantity":1,"price":1363},{"name":"Steel arrow","id":886,"quantity":95,"price":9}],"date":"Aug 8, 2022, 10:39:27 PM"}
{"name":"Balfrug Kreeyath","level":151,"killCount":-1,"type":"NPC","drops":[{"name":"Malicious ashes","id":25772,"quantity":1,"price":1363},{"name":"Blood rune","id":565,"quantity":8,"price":367}],"date":"Aug 8, 2022, 10:42:01 PM"}
{"name":"Balfrug Kreeyath","level":151,"killCount":-1,"type":"NPC","drops":[{"name":"Malicious ashes","id":25772,"quantity":1,"price":1363},{"name":"Coins","id":995,"quantity":1380,"price":1}],"date":"Aug 8, 2022, 10:44:45 PM"}
{"name":"Balfrug Kreeyath","level":151,"killCount":-1,"type":"NPC","drops":[{"name":"Malicious ashes","id":25772,"quantity":1,"price":1363},{"name":"Coins","id":995,"quantity":1310,"price":1}],"date":"Aug 8, 2022, 10:56:53 PM"}
{"name":"Balfrug Kreeyath","level":151,"killCount":-1,"type":"NPC","drops":[{"name":"Malicious ashes","id":25772,"quantity":1,"price":1363},{"name":"Coins","id":995,"quantity":1361,"price":1}],"date":"Aug 8, 2022, 10:59:29 PM"}
{"name":"Balfrug Kreeyath","level":151,"killCount":-1,"type":"NPC","drops":[{"name":"Malicious ashes","id":25772,"quantity":1,"price":1363},{"name":"Coins","id":995,"quantity":1337,"price":1}],"date":"Aug 8, 2022, 11:02:03 PM"}
{"name":"Balfrug Kreeyath","level":151,"killCount":-1,"type":"NPC","drops":[{"name":"Malicious ashes","id":25772,"quantity":1,"price":1363},{"name":"Tuna potato","id":7060,"quantity":1,"price":1363},{"name":"Tuna potato","id":7060,"quantity":1,"price":1363}],"date":"Aug 8, 2022, 11:04:20 PM"}
{"name":"Balfrug Kreeyath","level":151,"killCount":-1,"type":"NPC","drops":[{"name":"Malicious ashes","id":25772,"quantity":1,"price":1363},{"name":"Coins","id":995,"quantity":1348,"price":1}],"date":"Aug 8, 2022, 11:16:37 PM"}
{"name":"Balfrug Kreeyath","level":151,"killCount":-1,"type":"NPC","drops":[{"name":"Malicious ashes","id":25772,"quantity":1,"price":1363},{"name":"Super strength(3)","id":157,"quantity":1,"price":1474}],"date":"Aug 8, 2022, 11:27:57 PM"}
{"name":"Balfrug Kreeyath","level":151,"killCount":-1,"type":"NPC","drops":[{"name":"Malicious ashes","id":25772,"quantity":1,"price":1363},{"name":"Coins","id":995,"quantity":1324,"price":1}],"date":"Aug 8, 2022, 11:46:58 PM"}
{"name":"Balfrug Kreeyath","level":151,"killCount":-1,"type":"NPC","drops":[{"name":"Malicious ashes","id":25772,"quantity":1,"price":1363},{"name":"Coins","id":995,"quantity":1395,"price":1}],"date":"Aug 8, 2022, 11:49:50 PM"}
{"name":"Balfrug Kreeyath","level":151,"killCount":-1,"type":"NPC","drops":[{"name":"Malicious ashes","id":25772,"quantity":1,"price":1363},{"name":"Tuna potato","id":7060,"quantity":1,"price":1363},{"name":"Tuna potato","id":7060,"quantity":1,"price":1363}],"date":"Aug 9, 2022, 12:02:24 AM"}
{"name":"Balfrug Kreeyath","level":151,"killCount":-1,"type":"NPC","drops":[{"name":"Malicious ashes","id":25772,"quantity":1,"price":1363},{"name":"Wine of zamorak","id":246,"quantity":7,"price":879}],"date":"Aug 9, 2022, 12:04:40 AM"}
{"name":"Balfrug Kreeyath","level":151,"killCount":-1,"type":"NPC","drops":[{"name":"Malicious ashes","id":25772,"quantity":1,"price":1363},{"name":"Coins","id":995,"quantity":1305,"price":1}],"date":"Aug 9, 2022, 12:06:59 AM"}
{"name":"Balfrug Kreeyath","level":151,"killCount":-1,"type":"NPC","drops":[{"name":"Malicious ashes","id":25772,"quantity":1,"price":1363},{"name":"Steel arrow","id":886,"quantity":100,"price":9}],"date":"Aug 9, 2022, 9:39:13 AM"}
{"name":"Balfrug Kreeyath","level":151,"killCount":-1,"type":"NPC","drops":[{"name":"Malicious ashes","id":25772,"quantity":1,"price":1363},{"name":"Death rune","id":560,"quantity":5,"price":179}],"date":"Aug 9, 2022, 10:16:59 AM"}
{"name":"Balfrug Kreeyath","level":151,"killCount":-1,"type":"NPC","drops":[{"name":"Malicious ashes","id":25772,"quantity":1,"price":1363},{"name":"Death rune","id":560,"quantity":6,"price":179}],"date":"Aug 9, 2022, 10:19:42 AM"}
{"name":"Balfrug Kreeyath","level":151,"killCount":-1,"type":"NPC","drops":[{"name":"Malicious ashes","id":25772,"quantity":1,"price":1363},{"name":"Tuna potato","id":7060,"quantity":1,"price":1393},{"name":"Tuna potato","id":7060,"quantity":1,"price":1393}],"date":"Aug 9, 2022, 10:30:17 AM"}
{"name":"Balfrug Kreeyath","level":151,"killCount":-1,"type":"NPC","drops":[{"name":"Malicious ashes","id":25772,"quantity":1,"price":1363},{"name":"Coins","id":995,"quantity":1393,"price":1}],"date":"Aug 9, 2022, 10:34:05 AM"}
{"name":"Balfrug Kreeyath","level":151,"killCount":-1,"type":"NPC","drops":[{"name":"Malicious ashes","id":25772,"quantity":1,"price":1363},{"name":"Coins","id":995,"quantity":1393,"price":1}],"date":"Aug 9, 2022, 10:44:37 AM"}
{"name":"Balfrug Kreeyath","level":151,"killCount":-1,"type":"NPC","drops":[{"name":"Malicious ashes","id":25772,"quantity":1,"price":1363},{"name":"Coins","id":995,"quantity":1350,"price":1}],"date":"Aug 9, 2022, 10:47:13 AM"}
{"name":"Balfrug Kreeyath","level":151,"killCount":-1,"type":"NPC","drops":[{"name":"Malicious ashes","id":25772,"quantity":1,"price":1363},{"name":"Steel arrow","id":886,"quantity":99,"price":9}],"date":"Aug 9, 2022, 11:13:02 AM"}
{"name":"Balfrug Kreeyath","level":151,"killCount":-1,"type":"NPC","drops":[{"name":"Malicious ashes","id":25772,"quantity":1,"price":1363},{"name":"Coins","id":995,"quantity":1309,"price":1}],"date":"Aug 9, 2022, 11:15:56 AM"}
{"name":"Balfrug Kreeyath","level":151,"killCount":-1,"type":"NPC","drops":[{"name":"Malicious ashes","id":25772,"quantity":1,"price":1363},{"name":"Coins","id":995,"quantity":1336,"price":1}],"date":"Aug 9, 2022, 11:30:09 AM"}
{"name":"Balfrug Kreeyath","level":151,"killCount":-1,"type":"NPC","drops":[{"name":"Malicious ashes","id":25772,"quantity":1,"price":1363},{"name":"Steel dart","id":808,"quantity":96,"price":3}],"date":"Aug 9, 2022, 11:45:59 AM"}
{"name":"Balfrug Kreeyath","level":151,"killCount":-1,"type":"NPC","drops":[{"name":"Malicious ashes","id":25772,"quantity":1,"price":1363},{"name":"Shark","id":385,"quantity":1,"price":879},{"name":"Shark","id":385,"quantity":1,"price":879},{"name":"Shark","id":385,"quantity":1,"price":879}],"date":"Aug 9, 2022, 11:57:53 AM"}
{"name":"Balfrug Kreeyath","level":151,"killCount":-1,"type":"NPC","drops":[{"name":"Malicious ashes","id":25772,"quantity":1,"price":1363},{"name":"Clue scroll (hard)","id":2735,"quantity":1,"price":0},{"name":"Tuna potato","id":7060,"quantity":1,"price":1385},{"name":"Tuna potato","id":7060,"quantity":1,"price":1385}],"date":"Aug 9, 2022, 12:01:02 PM"}
{"name":"Balfrug Kreeyath","level":151,"killCount":-1,"type":"NPC","drops":[{"name":"Malicious ashes","id":25772,"quantity":1,"price":1363},{"name":"Steel dart","id":808,"quantity":97,"price":3}],"date":"Aug 9, 2022, 12:03:17 PM"}
{"name":"Balfrug Kreeyath","level":151,"killCount":-1,"type":"NPC","drops":[{"name":"Malicious ashes","id":25772,"quantity":1,"price":1363},{"name":"Shark","id":385,"quantity":1,"price":879},{"name":"Shark","id":385,"quantity":1,"price":879},{"name":"Shark","id":385,"quantity":1,"price":879}],"date":"Aug 9, 2022, 12:26:23 PM"}
{"name":"Balfrug Kreeyath","level":151,"killCount":-1,"type":"NPC","drops":[{"name":"Malicious ashes","id":25772,"quantity":1,"price":1363},{"name":"Blood rune","id":565,"quantity":7,"price":362}],"date":"Aug 9, 2022, 12:56:48 PM"}
{"name":"Balfrug Kreeyath","level":151,"killCount":-1,"type":"NPC","drops":[{"name":"Malicious ashes","id":25772,"quantity":1,"price":1363},{"name":"Blood rune","id":565,"quantity":5,"price":361}],"date":"Aug 9, 2022, 12:59:15 PM"}
{"name":"Balfrug Kreeyath","level":151,"killCount":-1,"type":"NPC","drops":[{"name":"Malicious ashes","id":25772,"quantity":1,"price":1363},{"name":"Coins","id":995,"quantity":1323,"price":1}],"date":"Aug 9, 2022, 1:02:44 PM"}
{"name":"Balfrug Kreeyath","level":151,"killCount":-1,"type":"NPC","drops":[{"name":"Malicious ashes","id":25772,"quantity":1,"price":1363},{"name":"Tuna potato","id":7060,"quantity":1,"price":1385},{"name":"Tuna potato","id":7060,"quantity":1,"price":1385}],"date":"Aug 9, 2022, 5:30:45 PM"}
{"name":"Balfrug Kreeyath","level":151,"killCount":-1,"type":"NPC","drops":[{"name":"Malicious ashes","id":25772,"quantity":1,"price":1363},{"name":"Steel dart","id":808,"quantity":96,"price":3}],"date":"Aug 9, 2022, 5:42:16 PM"}
{"name":"Balfrug Kreeyath","level":151,"killCount":-1,"type":"NPC","drops":[{"name":"Malicious ashes","id":25772,"quantity":1,"price":1363},{"name":"Coins","id":995,"quantity":1384,"price":1}],"date":"Aug 9, 2022, 5:45:34 PM"}
{"name":"Balfrug Kreeyath","level":151,"killCount":-1,"type":"NPC","drops":[{"name":"Malicious ashes","id":25772,"quantity":1,"price":1363},{"name":"Shark","id":385,"quantity":1,"price":856},{"name":"Shark","id":385,"quantity":1,"price":856},{"name":"Shark","id":385,"quantity":1,"price":856}],"date":"Aug 9, 2022, 6:10:51 PM"}
{"name":"Balfrug Kreeyath","level":151,"killCount":-1,"type":"NPC","drops":[{"name":"Malicious ashes","id":25772,"quantity":1,"price":1363},{"name":"Coins","id":995,"quantity":1318,"price":1}],"date":"Aug 9, 2022, 6:21:26 PM"}
{"name":"Balfrug Kreeyath","level":151,"killCount":-1,"type":"NPC","drops":[{"name":"Malicious ashes","id":25772,"quantity":1,"price":1363},{"name":"Coins","id":995,"quantity":1372,"price":1}],"date":"Aug 9, 2022, 6:34:08 PM"}
{"name":"Balfrug Kreeyath","level":151,"killCount":-1,"type":"NPC","drops":[{"name":"Malicious ashes","id":25772,"quantity":1,"price":1363},{"name":"Coins","id":995,"quantity":1368,"price":1}],"date":"Aug 9, 2022, 6:36:59 PM"}
{"name":"Balfrug Kreeyath","level":151,"killCount":-1,"type":"NPC","drops":[{"name":"Malicious ashes","id":25772,"quantity":1,"price":1363},{"name":"Coins","id":995,"quantity":1375,"price":1}],"date":"Aug 9, 2022, 6:50:50 PM"}
{"name":"Balfrug Kreeyath","level":151,"killCount":-1,"type":"NPC","drops":[{"name":"Malicious ashes","id":25772,"quantity":1,"price":1363},{"name":"Shark","id":385,"quantity":1,"price":854},{"name":"Shark","id":385,"quantity":1,"price":854},{"name":"Shark","id":385,"quantity":1,"price":854}],"date":"Aug 9, 2022, 6:54:05 PM"}
{"name":"Balfrug Kreeyath","level":151,"killCount":-1,"type":"NPC","drops":[{"name":"Malicious ashes","id":25772,"quantity":1,"price":1363},{"name":"Coins","id":995,"quantity":1307,"price":1}],"date":"Aug 9, 2022, 6:56:16 PM"}
{"name":"Balfrug Kreeyath","level":151,"killCount":-1,"type":"NPC","drops":[{"name":"Malicious ashes","id":25772,"quantity":1,"price":1363},{"name":"Coins","id":995,"quantity":1374,"price":1}],"date":"Aug 9, 2022, 7:08:46 PM"}
{"name":"Balfrug Kreeyath","level":151,"killCount":-1,"type":"NPC","drops":[{"name":"Malicious ashes","id":25772,"quantity":1,"price":1363},{"name":"Coins","id":995,"quantity":1381,"price":1}],"date":"Aug 9, 2022, 7:10:49 PM"}
{"name":"Balfrug Kreeyath","level":151,"killCount":-1,"type":"NPC","drops":[{"name":"Malicious ashes","id":25772,"quantity":1,"price":1363},{"name":"Coins","id":995,"quantity":1338,"price":1}],"date":"Aug 9, 2022, 7:13:19 PM"}
{"name":"Balfrug Kreeyath","level":151,"killCount":-1,"type":"NPC","drops":[{"name":"Malicious ashes","id":25772,"quantity":1,"price":1363},{"name":"Coins","id":995,"quantity":1311,"price":1}],"date":"Aug 9, 2022, 7:15:55 PM"}
{"name":"Balfrug Kreeyath","level":151,"killCount":-1,"type":"NPC","drops":[{"name":"Malicious ashes","id":25772,"quantity":1,"price":1363},{"name":"Coins","id":995,"quantity":1365,"price":1}],"date":"Aug 9, 2022, 7:27:44 PM"}
{"name":"Balfrug Kreeyath","level":151,"killCount":-1,"type":"NPC","drops":[{"name":"Malicious ashes","id":25772,"quantity":1,"price":1363},{"name":"Coins","id":995,"quantity":1349,"price":1}],"date":"Aug 9, 2022, 7:30:12 PM"}
{"name":"Balfrug Kreeyath","level":151,"killCount":-1,"type":"NPC","drops":[{"name":"Malicious ashes","id":25772,"quantity":1,"price":1363},{"name":"Coins","id":995,"quantity":1379,"price":1}],"date":"Aug 9, 2022, 7:41:39 PM"}
{"name":"Balfrug Kreeyath","level":151,"killCount":-1,"type":"NPC","drops":[{"name":"Malicious ashes","id":25772,"quantity":1,"price":1547},{"name":"Coins","id":995,"quantity":1377,"price":1}],"date":"May 26, 2023, 12:03:54 PM"}
{"name":"Balfrug Kreeyath","level":151,"killCount":-1,"type":"NPC","drops":[{"name":"Malicious ashes","id":25772,"quantity":1,"price":1547},{"name":"Wine of zamorak","id":246,"quantity":6,"price":881}],"date":"May 26, 2023, 12:05:02 PM"}
{"name":"Balfrug Kreeyath","level":151,"killCount":-1,"type":"NPC","drops":[{"name":"Malicious ashes","id":25772,"quantity":1,"price":1547},{"name":"Death rune","id":560,"quantity":10,"price":126}],"date":"May 26, 2023, 12:08:06 PM"}
{"name":"Balfrug Kreeyath","level":151,"killCount":-1,"type":"NPC","drops":[{"name":"Malicious ashes","id":25772,"quantity":1,"price":1547},{"name":"Tuna potato","id":7060,"quantity":1,"price":1174},{"name":"Tuna potato","id":7060,"quantity":1,"price":1174}],"date":"May 26, 2023, 12:19:03 PM"}
{"name":"Balfrug Kreeyath","level":151,"killCount":-1,"type":"NPC","drops":[{"name":"Malicious ashes","id":25772,"quantity":1,"price":1547},{"name":"Steel arrow","id":886,"quantity":99,"price":18}],"date":"May 26, 2023, 12:21:24 PM"}
{"name":"Balfrug Kreeyath","level":151,"killCount":-1,"type":"NPC","drops":[{"name":"Malicious ashes","id":25772,"quantity":1,"price":1547},{"name":"Death rune","id":560,"quantity":8,"price":126}],"date":"May 26, 2023, 12:26:07 PM"}
{"name":"Balfrug Kreeyath","level":151,"killCount":-1,"type":"NPC","drops":[{"name":"Malicious ashes","id":25772,"quantity":1,"price":1547},{"name":"Blood rune","id":565,"quantity":6,"price":197}],"date":"May 26, 2023, 12:29:10 PM"}
{"name":"Balfrug Kreeyath","level":151,"killCount":-1,"type":"NPC","drops":[{"name":"Malicious ashes","id":25772,"quantity":1,"price":1547},{"name":"Coins","id":995,"quantity":1382,"price":1}],"date":"May 26, 2023, 12:31:47 PM"}
{"name":"Balfrug Kreeyath","level":151,"killCount":-1,"type":"NPC","drops":[{"name":"Malicious ashes","id":25772,"quantity":1,"price":1547},{"name":"Steel dart","id":808,"quantity":98,"price":3}],"date":"May 26, 2023, 12:44:58 PM"}
{"name":"Balfrug Kreeyath","level":151,"killCount":-1,"type":"NPC","drops":[{"name":"Malicious ashes","id":25772,"quantity":1,"price":1547},{"name":"Death rune","id":560,"quantity":9,"price":126}],"date":"May 26, 2023, 12:47:23 PM"}
{"name":"Balfrug Kreeyath","level":151,"killCount":-1,"type":"NPC","drops":[{"name":"Malicious ashes","id":25772,"quantity":1,"price":1547},{"name":"Steel arrow","id":886,"quantity":100,"price":18}],"date":"May 26, 2023, 1:00:59 PM"}
{"name":"Balfrug Kreeyath","level":151,"killCount":-1,"type":"NPC","drops":[{"name":"Malicious ashes","id":25772,"quantity":1,"price":1547},{"name":"Coins","id":995,"quantity":1349,"price":1}],"date":"May 26, 2023, 1:12:01 PM"}
{"name":"Balfrug Kreeyath","level":151,"killCount":-1,"type":"NPC","drops":[{"name":"Malicious ashes","id":25772,"quantity":1,"price":1547},{"name":"Coins","id":995,"quantity":1345,"price":1}],"date":"May 26, 2023, 1:14:05 PM"}
{"name":"Balfrug Kreeyath","level":151,"killCount":-1,"type":"NPC","drops":[{"name":"Malicious ashes","id":25772,"quantity":1,"price":1547},{"name":"Steel arrow","id":886,"quantity":99,"price":18}],"date":"May 26, 2023, 1:44:12 PM"}
{"name":"Balfrug Kreeyath","level":151,"killCount":-1,"type":"NPC","drops":[{"name":"Malicious ashes","id":25772,"quantity":1,"price":1547},{"name":"Wine of zamorak","id":246,"quantity":6,"price":881}],"date":"May 26, 2023, 1:55:58 PM"}
{"name":"Balfrug Kreeyath","level":151,"killCount":-1,"type":"NPC","drops":[{"name":"Malicious ashes","id":25772,"quantity":1,"price":1547},{"name":"Coins","id":995,"quantity":1363,"price":1}],"date":"May 26, 2023, 1:58:20 PM"}
{"name":"Balfrug Kreeyath","level":151,"killCount":-1,"type":"NPC","drops":[{"name":"Malicious ashes","id":25772,"quantity":1,"price":1547},{"name":"Coins","id":995,"quantity":1327,"price":1}],"date":"May 26, 2023, 2:00:09 PM"}
{"name":"Balfrug Kreeyath","level":151,"killCount":-1,"type":"NPC","drops":[{"name":"Malicious ashes","id":25772,"quantity":1,"price":1547},{"name":"Coins","id":995,"quantity":1315,"price":1}],"date":"May 26, 2023, 2:02:24 PM"}
{"name":"Balfrug Kreeyath","level":151,"killCount":-1,"type":"NPC","drops":[{"name":"Malicious ashes","id":25772,"quantity":1,"price":1547},{"name":"Steel arrow","id":886,"quantity":95,"price":18}],"date":"May 26, 2023, 2:04:40 PM"}
{"name":"Balfrug Kreeyath","level":151,"killCount":-1,"type":"NPC","drops":[{"name":"Malicious ashes","id":25772,"quantity":1,"price":1547},{"name":"Coins","id":995,"quantity":1309,"price":1}],"date":"May 26, 2023, 2:07:10 PM"}
{"name":"Balfrug Kreeyath","level":151,"killCount":-1,"type":"NPC","drops":[{"name":"Malicious ashes","id":25772,"quantity":1,"price":1547},{"name":"Wine of zamorak","id":246,"quantity":5,"price":881}],"date":"May 26, 2023, 2:09:31 PM"}
{"name":"Balfrug Kreeyath","level":151,"killCount":-1,"type":"NPC","drops":[{"name":"Malicious ashes","id":25772,"quantity":1,"price":1547},{"name":"Steel dart","id":808,"quantity":95,"price":3}],"date":"May 26, 2023, 2:11:55 PM"}
{"name":"Balfrug Kreeyath","level":151,"killCount":-1,"type":"NPC","drops":[{"name":"Malicious ashes","id":25772,"quantity":1,"price":1547},{"name":"Coins","id":995,"quantity":1357,"price":1}],"date":"May 26, 2023, 2:14:00 PM"}
{"name":"Balfrug Kreeyath","level":151,"killCount":-1,"type":"NPC","drops":[{"name":"Malicious ashes","id":25772,"quantity":1,"price":1547},{"name":"Death rune","id":560,"quantity":5,"price":126}],"date":"May 26, 2023, 2:16:30 PM"}
{"name":"Balfrug Kreeyath","level":151,"killCount":-1,"type":"NPC","drops":[{"name":"Malicious ashes","id":25772,"quantity":1,"price":1547},{"name":"Coins","id":995,"quantity":1335,"price":1}],"date":"May 26, 2023, 2:18:42 PM"}
{"name":"Balfrug Kreeyath","level":151,"killCount":-1,"type":"NPC","drops":[{"name":"Malicious ashes","id":25772,"quantity":1,"price":1547},{"name":"Coins","id":995,"quantity":1328,"price":1}],"date":"May 26, 2023, 2:20:40 PM"}
{"name":"Balfrug Kreeyath","level":151,"killCount":-1,"type":"NPC","drops":[{"name":"Malicious ashes","id":25772,"quantity":1,"price":1547},{"name":"Coins","id":995,"quantity":1383,"price":1}],"date":"May 26, 2023, 2:23:09 PM"}
{"name":"Balfrug Kreeyath","level":151,"killCount":-1,"type":"NPC","drops":[{"name":"Malicious ashes","id":25772,"quantity":1,"price":1547},{"name":"Coins","id":995,"quantity":1334,"price":1}],"date":"May 26, 2023, 2:25:21 PM"}
{"name":"Balfrug Kreeyath","level":151,"killCount":-1,"type":"NPC","drops":[{"name":"Malicious ashes","id":25772,"quantity":1,"price":1547},{"name":"Shark","id":385,"quantity":1,"price":686},{"name":"Shark","id":385,"quantity":1,"price":686},{"name":"Shark","id":385,"quantity":1,"price":686}],"date":"May 26, 2023, 2:27:48 PM"}
{"name":"Balfrug Kreeyath","level":151,"killCount":-1,"type":"NPC","drops":[{"name":"Malicious ashes","id":25772,"quantity":1,"price":1547},{"name":"Super strength(3)","id":157,"quantity":1,"price":2428}],"date":"May 26, 2023, 2:30:27 PM"}
{"name":"Balfrug Kreeyath","level":151,"killCount":-1,"type":"NPC","drops":[{"name":"Malicious ashes","id":25772,"quantity":1,"price":1547},{"name":"Coins","id":995,"quantity":1388,"price":1}],"date":"May 26, 2023, 2:32:40 PM"}
{"name":"Balfrug Kreeyath","level":151,"killCount":-1,"type":"NPC","drops":[{"name":"Malicious ashes","id":25772,"quantity":1,"price":1547},{"name":"Coins","id":995,"quantity":1388,"price":1}],"date":"May 26, 2023, 2:35:27 PM"}
{"name":"Balfrug Kreeyath","level":151,"killCount":-1,"type":"NPC","drops":[{"name":"Malicious ashes","id":25772,"quantity":1,"price":1547},{"name":"Steel dart","id":808,"quantity":95,"price":3}],"date":"May 26, 2023, 2:38:24 PM"}
{"name":"Balfrug Kreeyath","level":151,"killCount":-1,"type":"NPC","drops":[{"name":"Malicious ashes","id":25772,"quantity":1,"price":1547},{"name":"Shark","id":385,"quantity":1,"price":686},{"name":"Shark","id":385,"quantity":1,"price":686},{"name":"Shark","id":385,"quantity":1,"price":686}],"date":"May 26, 2023, 2:40:49 PM"}
