{"name":"Banshee","level":23,"killCount":-1,"type":"NPC","drops":[{"name":"Grimy guam leaf","id":199,"quantity":1,"price":73}],"date":"Oct 22, 2022, 1:22:11 PM"}
{"name":"Banshee","level":23,"killCount":-1,"type":"NPC","drops":[{"name":"Coins","id":995,"quantity":13,"price":1}],"date":"Oct 22, 2022, 1:22:15 PM"}
{"name":"Banshee","level":23,"killCount":-1,"type":"NPC","drops":[{"name":"Coins","id":995,"quantity":13,"price":1}],"date":"Oct 22, 2022, 1:22:33 PM"}
{"name":"Banshee","level":23,"killCount":-1,"type":"NPC","drops":[{"name":"Pure essence","id":7937,"quantity":13,"price":2}],"date":"Oct 22, 2022, 1:22:37 PM"}
{"name":"Banshee","level":23,"killCount":-1,"type":"NPC","drops":[{"name":"Fishing bait","id":313,"quantity":15,"price":4}],"date":"Oct 22, 2022, 1:22:41 PM"}
{"name":"Banshee","level":23,"killCount":-1,"type":"NPC","drops":[{"name":"Chaos rune","id":562,"quantity":3,"price":79}],"date":"Oct 22, 2022, 1:22:49 PM"}
{"name":"Banshee","level":23,"killCount":-1,"type":"NPC","drops":[{"name":"Fishing bait","id":313,"quantity":15,"price":4}],"date":"Oct 22, 2022, 1:22:54 PM"}
{"name":"Banshee","level":23,"killCount":-1,"type":"NPC","drops":[{"name":"Cosmic rune","id":564,"quantity":2,"price":118}],"date":"Oct 22, 2022, 1:22:57 PM"}
{"name":"Banshee","level":23,"killCount":-1,"type":"NPC","drops":[{"name":"Coins","id":995,"quantity":13,"price":1}],"date":"Oct 22, 2022, 1:23:11 PM"}
{"name":"Banshee","level":23,"killCount":-1,"type":"NPC","drops":[{"name":"Grimy harralander","id":205,"quantity":1,"price":873}],"date":"Oct 22, 2022, 1:23:20 PM"}
{"name":"Banshee","level":23,"killCount":-1,"type":"NPC","drops":[{"name":"Grimy avantoe","id":211,"quantity":1,"price":1609}],"date":"Oct 22, 2022, 1:23:25 PM"}
{"name":"Banshee","level":23,"killCount":-1,"type":"NPC","drops":[{"name":"Coins","id":995,"quantity":13,"price":1}],"date":"Oct 22, 2022, 1:23:28 PM"}
{"name":"Banshee","level":23,"killCount":-1,"type":"NPC","drops":[{"name":"Iron mace","id":1420,"quantity":1,"price":87}],"date":"Oct 22, 2022, 1:23:33 PM"}
{"name":"Banshee","level":23,"killCount":-1,"type":"NPC","drops":[{"name":"Pure essence","id":7937,"quantity":13,"price":2}],"date":"Oct 22, 2022, 1:23:38 PM"}
{"name":"Banshee","level":23,"killCount":-1,"type":"NPC","drops":[{"name":"Pure essence","id":7937,"quantity":13,"price":2}],"date":"Oct 22, 2022, 1:23:42 PM"}
{"name":"Banshee","level":23,"killCount":-1,"type":"NPC","drops":[{"name":"Coins","id":995,"quantity":13,"price":1}],"date":"Oct 22, 2022, 1:23:43 PM"}
{"name":"Banshee","level":23,"killCount":-1,"type":"NPC","drops":[{"name":"Pure essence","id":7937,"quantity":13,"price":2}],"date":"Oct 22, 2022, 1:23:48 PM"}
{"name":"Banshee","level":23,"killCount":-1,"type":"NPC","drops":[{"name":"Coins","id":995,"quantity":26,"price":1}],"date":"Oct 22, 2022, 1:23:55 PM"}
{"name":"Banshee","level":23,"killCount":-1,"type":"NPC","drops":[{"name":"Pure essence","id":7937,"quantity":13,"price":2}],"date":"Oct 22, 2022, 1:24:07 PM"}
{"name":"Banshee","level":23,"killCount":-1,"type":"NPC","drops":[{"name":"Coins","id":995,"quantity":13,"price":1}],"date":"Oct 22, 2022, 1:24:13 PM"}
{"name":"Banshee","level":23,"killCount":-1,"type":"NPC","drops":[{"name":"Pure essence","id":7937,"quantity":13,"price":2}],"date":"Oct 22, 2022, 1:24:22 PM"}
{"name":"Banshee","level":23,"killCount":-1,"type":"NPC","drops":[{"name":"Fishing bait","id":313,"quantity":15,"price":4}],"date":"Oct 22, 2022, 1:24:27 PM"}
{"name":"Banshee","level":23,"killCount":-1,"type":"NPC","drops":[{"name":"Coins","id":995,"quantity":35,"price":1}],"date":"Oct 22, 2022, 1:25:21 PM"}
{"name":"Banshee","level":23,"killCount":-1,"type":"NPC","drops":[{"name":"Fishing bait","id":313,"quantity":15,"price":4}],"date":"Oct 22, 2022, 1:25:28 PM"}
{"name":"Banshee","level":23,"killCount":-1,"type":"NPC","drops":[{"name":"Pure essence","id":7937,"quantity":13,"price":2}],"date":"Oct 22, 2022, 1:25:40 PM"}
{"name":"Banshee","level":23,"killCount":-1,"type":"NPC","drops":[{"name":"Fishing bait","id":313,"quantity":15,"price":4}],"date":"Oct 22, 2022, 1:25:47 PM"}
{"name":"Banshee","level":23,"killCount":-1,"type":"NPC","drops":[{"name":"Fishing bait","id":313,"quantity":15,"price":4}],"date":"Oct 22, 2022, 1:25:51 PM"}
{"name":"Banshee","level":23,"killCount":-1,"type":"NPC","drops":[{"name":"Grimy guam leaf","id":199,"quantity":1,"price":73}],"date":"Oct 22, 2022, 1:25:57 PM"}
{"name":"Banshee","level":23,"killCount":-1,"type":"NPC","drops":[{"name":"Coins","id":995,"quantity":26,"price":1}],"date":"Oct 22, 2022, 1:26:04 PM"}
{"name":"Banshee","level":23,"killCount":-1,"type":"NPC","drops":[{"name":"Grimy guam leaf","id":199,"quantity":1,"price":73}],"date":"Oct 22, 2022, 1:26:08 PM"}
{"name":"Banshee","level":23,"killCount":-1,"type":"NPC","drops":[{"name":"Fishing bait","id":313,"quantity":15,"price":4}],"date":"Oct 22, 2022, 1:26:26 PM"}
{"name":"Banshee","level":23,"killCount":-1,"type":"NPC","drops":[{"name":"Grimy harralander","id":205,"quantity":1,"price":873}],"date":"Oct 22, 2022, 1:26:29 PM"}
{"name":"Banshee","level":23,"killCount":-1,"type":"NPC","drops":[{"name":"Fishing bait","id":313,"quantity":15,"price":4}],"date":"Oct 22, 2022, 1:26:36 PM"}
{"name":"Banshee","level":23,"killCount":-1,"type":"NPC","drops":[{"name":"Coins","id":995,"quantity":26,"price":1}],"date":"Oct 22, 2022, 1:26:39 PM"}
{"name":"Banshee","level":23,"killCount":-1,"type":"NPC","drops":[{"name":"Fishing bait","id":313,"quantity":15,"price":4}],"date":"Oct 22, 2022, 1:26:45 PM"}
{"name":"Banshee","level":23,"killCount":-1,"type":"NPC","drops":[{"name":"Fishing bait","id":313,"quantity":15,"price":4}],"date":"Oct 22, 2022, 1:26:50 PM"}
{"name":"Banshee","level":23,"killCount":-1,"type":"NPC","drops":[{"name":"Pure essence","id":7937,"quantity":13,"price":2}],"date":"Oct 22, 2022, 1:26:54 PM"}
{"name":"Banshee","level":23,"killCount":-1,"type":"NPC","drops":[{"name":"Fishing bait","id":313,"quantity":15,"price":4}],"date":"Oct 22, 2022, 1:26:57 PM"}
{"name":"Banshee","level":23,"killCount":-1,"type":"NPC","drops":[{"name":"Fishing bait","id":313,"quantity":15,"price":4}],"date":"Oct 22, 2022, 1:27:01 PM"}
{"name":"Banshee","level":23,"killCount":-1,"type":"NPC","drops":[{"name":"Fishing bait","id":313,"quantity":15,"price":4}],"date":"Oct 22, 2022, 1:27:05 PM"}
{"name":"Banshee","level":23,"killCount":-1,"type":"NPC","drops":[{"name":"Air rune","id":556,"quantity":3,"price":5}],"date":"Oct 22, 2022, 1:27:12 PM"}
{"name":"Banshee","level":23,"killCount":-1,"type":"NPC","drops":[{"name":"Grimy guam leaf","id":199,"quantity":1,"price":73}],"date":"Oct 22, 2022, 1:27:20 PM"}
{"name":"Banshee","level":23,"killCount":-1,"type":"NPC","drops":[{"name":"Coins","id":995,"quantity":13,"price":1}],"date":"Oct 22, 2022, 1:27:23 PM"}
{"name":"Banshee","level":23,"killCount":-1,"type":"NPC","drops":[{"name":"Fishing bait","id":313,"quantity":15,"price":4}],"date":"Oct 22, 2022, 1:27:27 PM"}
{"name":"Banshee","level":23,"killCount":-1,"type":"NPC","drops":[{"name":"Pure essence","id":7937,"quantity":13,"price":2}],"date":"Oct 22, 2022, 1:27:33 PM"}
{"name":"Banshee","level":23,"killCount":-1,"type":"NPC","drops":[{"name":"Grimy marrentill","id":201,"quantity":1,"price":31}],"date":"Oct 22, 2022, 1:27:43 PM"}
{"name":"Banshee","level":23,"killCount":-1,"type":"NPC","drops":[{"name":"Iron dagger","id":1203,"quantity":1,"price":85}],"date":"Oct 22, 2022, 1:27:47 PM"}
{"name":"Banshee","level":23,"killCount":-1,"type":"NPC","drops":[{"name":"Grimy kwuarm","id":213,"quantity":1,"price":1653}],"date":"Oct 22, 2022, 1:27:54 PM"}
{"name":"Banshee","level":23,"killCount":-1,"type":"NPC","drops":[{"name":"Grimy tarromin","id":203,"quantity":1,"price":119}],"date":"Oct 22, 2022, 1:28:02 PM"}
{"name":"Banshee","level":23,"killCount":-1,"type":"NPC","drops":[{"name":"Grimy marrentill","id":201,"quantity":1,"price":31}],"date":"Oct 22, 2022, 1:28:10 PM"}
{"name":"Banshee","level":23,"killCount":-1,"type":"NPC","drops":[{"name":"Grimy dwarf weed","id":217,"quantity":1,"price":699}],"date":"Oct 22, 2022, 1:28:20 PM"}
{"name":"Banshee","level":23,"killCount":-1,"type":"NPC","drops":[{"name":"Coins","id":995,"quantity":35,"price":1}],"date":"Oct 22, 2022, 1:28:21 PM"}
{"name":"Banshee","level":23,"killCount":-1,"type":"NPC","drops":[{"name":"Grimy marrentill","id":201,"quantity":1,"price":31}],"date":"Oct 22, 2022, 1:28:26 PM"}
{"name":"Banshee","level":23,"killCount":-1,"type":"NPC","drops":[{"name":"Coins","id":995,"quantity":13,"price":1}],"date":"Oct 22, 2022, 1:28:37 PM"}
{"name":"Banshee","level":23,"killCount":-1,"type":"NPC","drops":[{"name":"Grimy tarromin","id":203,"quantity":1,"price":119}],"date":"Oct 22, 2022, 1:28:47 PM"}
{"name":"Banshee","level":23,"killCount":-1,"type":"NPC","drops":[{"name":"Grimy tarromin","id":203,"quantity":1,"price":119}],"date":"Oct 22, 2022, 1:28:59 PM"}
{"name":"Banshee","level":23,"killCount":-1,"type":"NPC","drops":[{"name":"Coins","id":995,"quantity":13,"price":1}],"date":"Oct 22, 2022, 1:29:04 PM"}
{"name":"Banshee","level":23,"killCount":-1,"type":"NPC","drops":[{"name":"Air rune","id":556,"quantity":3,"price":5}],"date":"Oct 22, 2022, 1:29:09 PM"}
{"name":"Banshee","level":23,"killCount":-1,"type":"NPC","drops":[{"name":"Grimy tarromin","id":203,"quantity":1,"price":119}],"date":"Oct 22, 2022, 1:29:14 PM"}
{"name":"Banshee","level":23,"killCount":-1,"type":"NPC","drops":[{"name":"Coins","id":995,"quantity":26,"price":1}],"date":"Oct 22, 2022, 1:29:19 PM"}
{"name":"Banshee","level":23,"killCount":-1,"type":"NPC","drops":[{"name":"Grimy tarromin","id":203,"quantity":1,"price":119}],"date":"Oct 22, 2022, 1:29:24 PM"}
{"name":"Banshee","level":23,"killCount":-1,"type":"NPC","drops":[{"name":"Grimy guam leaf","id":199,"quantity":1,"price":73}],"date":"Oct 22, 2022, 1:29:29 PM"}
{"name":"Banshee","level":23,"killCount":-1,"type":"NPC","drops":[{"name":"Iron mace","id":1420,"quantity":1,"price":87}],"date":"Oct 22, 2022, 1:29:33 PM"}
{"name":"Banshee","level":23,"killCount":-1,"type":"NPC","drops":[{"name":"Iron mace","id":1420,"quantity":1,"price":87}],"date":"Oct 22, 2022, 1:29:39 PM"}
{"name":"Banshee","level":23,"killCount":-1,"type":"NPC","drops":[{"name":"Coins","id":995,"quantity":35,"price":1}],"date":"Oct 22, 2022, 1:29:43 PM"}
{"name":"Banshee","level":23,"killCount":-1,"type":"NPC","drops":[{"name":"Pure essence","id":7937,"quantity":13,"price":2}],"date":"Oct 22, 2022, 1:29:47 PM"}
{"name":"Banshee","level":23,"killCount":-1,"type":"NPC","drops":[{"name":"Fishing bait","id":313,"quantity":15,"price":4}],"date":"Oct 22, 2022, 1:29:55 PM"}
{"name":"Banshee","level":23,"killCount":-1,"type":"NPC","drops":[{"name":"Fishing bait","id":313,"quantity":7,"price":4}],"date":"Oct 22, 2022, 1:30:03 PM"}
{"name":"Banshee","level":23,"killCount":-1,"type":"NPC","drops":[{"name":"Pure essence","id":7937,"quantity":13,"price":2}],"date":"Oct 22, 2022, 1:30:07 PM"}
{"name":"Banshee","level":23,"killCount":-1,"type":"NPC","drops":[{"name":"Coins","id":995,"quantity":35,"price":1}],"date":"Oct 22, 2022, 1:30:13 PM"}
{"name":"Banshee","level":23,"killCount":-1,"type":"NPC","drops":[{"name":"Coins","id":995,"quantity":13,"price":1}],"date":"Oct 22, 2022, 1:30:21 PM"}
{"name":"Banshee","level":23,"killCount":-1,"type":"NPC","drops":[{"name":"Coins","id":995,"quantity":13,"price":1}],"date":"Oct 22, 2022, 1:30:23 PM"}
{"name":"Banshee","level":23,"killCount":-1,"type":"NPC","drops":[{"name":"Chaos rune","id":562,"quantity":3,"price":79}],"date":"Oct 22, 2022, 1:30:48 PM"}
{"name":"Banshee","level":23,"killCount":-1,"type":"NPC","drops":[{"name":"Fishing bait","id":313,"quantity":15,"price":4}],"date":"Oct 22, 2022, 1:30:53 PM"}
{"name":"Banshee","level":23,"killCount":-1,"type":"NPC","drops":[{"name":"Grimy marrentill","id":201,"quantity":1,"price":31}],"date":"Oct 22, 2022, 1:30:59 PM"}
{"name":"Banshee","level":23,"killCount":-1,"type":"NPC","drops":[{"name":"Grimy cadantine","id":215,"quantity":1,"price":2069}],"date":"Oct 22, 2022, 1:31:05 PM"}
{"name":"Banshee","level":23,"killCount":-1,"type":"NPC","drops":[{"name":"Coins","id":995,"quantity":26,"price":1}],"date":"Oct 22, 2022, 1:31:09 PM"}
{"name":"Banshee","level":23,"killCount":-1,"type":"NPC","drops":[{"name":"Grimy guam leaf","id":199,"quantity":1,"price":73}],"date":"Oct 22, 2022, 1:31:12 PM"}
{"name":"Banshee","level":23,"killCount":-1,"type":"NPC","drops":[{"name":"Grimy guam leaf","id":199,"quantity":1,"price":73}],"date":"Oct 22, 2022, 1:31:16 PM"}
{"name":"Banshee","level":23,"killCount":-1,"type":"NPC","drops":[{"name":"Coins","id":995,"quantity":26,"price":1}],"date":"Oct 22, 2022, 1:31:21 PM"}
{"name":"Banshee","level":23,"killCount":-1,"type":"NPC","drops":[{"name":"Fishing bait","id":313,"quantity":15,"price":4}],"date":"Oct 22, 2022, 1:31:31 PM"}
{"name":"Banshee","level":23,"killCount":-1,"type":"NPC","drops":[{"name":"Fishing bait","id":313,"quantity":15,"price":4}],"date":"Oct 22, 2022, 1:31:36 PM"}
{"name":"Banshee","level":23,"killCount":-1,"type":"NPC","drops":[{"name":"Coins","id":995,"quantity":26,"price":1}],"date":"Oct 22, 2022, 1:31:41 PM"}
{"name":"Banshee","level":23,"killCount":-1,"type":"NPC","drops":[{"name":"Fishing bait","id":313,"quantity":15,"price":4}],"date":"Oct 22, 2022, 1:31:45 PM"}
{"name":"Banshee","level":23,"killCount":-1,"type":"NPC","drops":[{"name":"Grimy ranarr weed","id":207,"quantity":1,"price":7071}],"date":"Oct 22, 2022, 1:31:51 PM"}
{"name":"Banshee","level":23,"killCount":-1,"type":"NPC","drops":[{"name":"Fishing bait","id":313,"quantity":15,"price":4}],"date":"Oct 22, 2022, 1:31:56 PM"}
{"name":"Banshee","level":23,"killCount":-1,"type":"NPC","drops":[{"name":"Grimy guam leaf","id":199,"quantity":1,"price":73}],"date":"Oct 22, 2022, 1:32:02 PM"}
{"name":"Banshee","level":23,"killCount":-1,"type":"NPC","drops":[{"name":"Coins","id":995,"quantity":13,"price":1}],"date":"Oct 22, 2022, 1:32:07 PM"}
{"name":"Banshee","level":23,"killCount":-1,"type":"NPC","drops":[{"name":"Fishing bait","id":313,"quantity":7,"price":4}],"date":"Oct 22, 2022, 1:32:08 PM"}
{"name":"Banshee","level":23,"killCount":-1,"type":"NPC","drops":[{"name":"Fishing bait","id":313,"quantity":7,"price":4}],"date":"Oct 22, 2022, 1:32:15 PM"}
{"name":"Banshee","level":23,"killCount":-1,"type":"NPC","drops":[{"name":"Coins","id":995,"quantity":26,"price":1}],"date":"Oct 22, 2022, 1:32:19 PM"}
{"name":"Banshee","level":23,"killCount":-1,"type":"NPC","drops":[{"name":"Chaos rune","id":562,"quantity":3,"price":79}],"date":"Oct 22, 2022, 1:32:21 PM"}
{"name":"Banshee","level":23,"killCount":-1,"type":"NPC","drops":[{"name":"Fishing bait","id":313,"quantity":15,"price":4}],"date":"Oct 22, 2022, 1:32:25 PM"}
{"name":"Banshee","level":23,"killCount":-1,"type":"NPC","drops":[{"name":"Pure essence","id":7937,"quantity":13,"price":2}],"date":"Oct 22, 2022, 1:32:32 PM"}
{"name":"Banshee","level":23,"killCount":-1,"type":"NPC","drops":[{"name":"Coins","id":995,"quantity":35,"price":1}],"date":"Oct 22, 2022, 1:32:36 PM"}
{"name":"Banshee","level":23,"killCount":-1,"type":"NPC","drops":[{"name":"Pure essence","id":7937,"quantity":13,"price":2}],"date":"Oct 22, 2022, 1:32:39 PM"}
{"name":"Banshee","level":23,"killCount":-1,"type":"NPC","drops":[{"name":"Grimy guam leaf","id":199,"quantity":1,"price":73}],"date":"Oct 22, 2022, 1:32:45 PM"}
{"name":"Banshee","level":23,"killCount":-1,"type":"NPC","drops":[{"name":"Grimy ranarr weed","id":207,"quantity":1,"price":7071}],"date":"Oct 22, 2022, 1:32:49 PM"}
{"name":"Banshee","level":23,"killCount":-1,"type":"NPC","drops":[{"name":"Pure essence","id":7937,"quantity":13,"price":2}],"date":"Oct 22, 2022, 1:32:54 PM"}
{"name":"Banshee","level":23,"killCount":-1,"type":"NPC","drops":[{"name":"Coins","id":995,"quantity":35,"price":1}],"date":"Oct 22, 2022, 1:33:00 PM"}
{"name":"Banshee","level":23,"killCount":-1,"type":"NPC","drops":[{"name":"Fishing bait","id":313,"quantity":15,"price":4}],"date":"Oct 22, 2022, 1:33:03 PM"}
{"name":"Banshee","level":23,"killCount":-1,"type":"NPC","drops":[{"name":"Pure essence","id":7937,"quantity":13,"price":2}],"date":"Oct 22, 2022, 1:33:09 PM"}
{"name":"Banshee","level":23,"killCount":-1,"type":"NPC","drops":[{"name":"Chaos rune","id":562,"quantity":3,"price":79}],"date":"Oct 22, 2022, 1:33:16 PM"}
{"name":"Banshee","level":23,"killCount":-1,"type":"NPC","drops":[{"name":"Coins","id":995,"quantity":35,"price":1}],"date":"Oct 22, 2022, 1:33:19 PM"}
{"name":"Banshee","level":23,"killCount":-1,"type":"NPC","drops":[{"name":"Coins","id":995,"quantity":13,"price":1}],"date":"Oct 22, 2022, 1:33:26 PM"}
{"name":"Banshee","level":23,"killCount":-1,"type":"NPC","drops":[{"name":"Coins","id":995,"quantity":26,"price":1}],"date":"Oct 22, 2022, 1:33:33 PM"}
{"name":"Banshee","level":23,"killCount":-1,"type":"NPC","drops":[{"name":"Grimy ranarr weed","id":207,"quantity":1,"price":7071}],"date":"Oct 22, 2022, 1:33:38 PM"}
{"name":"Banshee","level":23,"killCount":-1,"type":"NPC","drops":[{"name":"Fishing bait","id":313,"quantity":15,"price":4}],"date":"Oct 22, 2022, 1:33:42 PM"}
{"name":"Banshee","level":23,"killCount":-1,"type":"NPC","drops":[{"name":"Coins","id":995,"quantity":26,"price":1}],"date":"Oct 22, 2022, 1:33:49 PM"}
{"name":"Banshee","level":23,"killCount":-1,"type":"NPC","drops":[{"name":"Grimy marrentill","id":201,"quantity":1,"price":31}],"date":"Oct 22, 2022, 1:33:54 PM"}
{"name":"Banshee","level":23,"killCount":-1,"type":"NPC","drops":[{"name":"Coins","id":995,"quantity":26,"price":1}],"date":"Oct 22, 2022, 1:33:56 PM"}
{"name":"Banshee","level":23,"killCount":-1,"type":"NPC","drops":[{"name":"Grimy harralander","id":205,"quantity":1,"price":873}],"date":"Oct 22, 2022, 1:34:02 PM"}
{"name":"Banshee","level":23,"killCount":-1,"type":"NPC","drops":[{"name":"Grimy ranarr weed","id":207,"quantity":1,"price":7071}],"date":"Oct 22, 2022, 1:34:08 PM"}
{"name":"Banshee","level":23,"killCount":-1,"type":"NPC","drops":[{"name":"Coins","id":995,"quantity":26,"price":1}],"date":"Oct 22, 2022, 1:34:12 PM"}
{"name":"Banshee","level":23,"killCount":-1,"type":"NPC","drops":[{"name":"Grimy guam leaf","id":199,"quantity":1,"price":73}],"date":"Oct 22, 2022, 1:34:18 PM"}
{"name":"Banshee","level":23,"killCount":-1,"type":"NPC","drops":[{"name":"Fishing bait","id":313,"quantity":15,"price":4}],"date":"Oct 22, 2022, 1:34:28 PM"}
{"name":"Banshee","level":23,"killCount":-1,"type":"NPC","drops":[{"name":"Iron mace","id":1420,"quantity":1,"price":87}],"date":"Oct 22, 2022, 1:34:36 PM"}
{"name":"Banshee","level":23,"killCount":-1,"type":"NPC","drops":[{"name":"Pure essence","id":7937,"quantity":13,"price":2}],"date":"Oct 22, 2022, 1:34:41 PM"}
{"name":"Banshee","level":23,"killCount":-1,"type":"NPC","drops":[{"name":"Pure essence","id":7937,"quantity":13,"price":2}],"date":"Oct 22, 2022, 1:34:44 PM"}
{"name":"Banshee","level":23,"killCount":-1,"type":"NPC","drops":[{"name":"Grimy ranarr weed","id":207,"quantity":1,"price":7071}],"date":"Oct 22, 2022, 1:34:49 PM"}
{"name":"Banshee","level":23,"killCount":-1,"type":"NPC","drops":[{"name":"Fishing bait","id":313,"quantity":15,"price":4}],"date":"Oct 22, 2022, 1:34:53 PM"}
{"name":"Banshee","level":23,"killCount":-1,"type":"NPC","drops":[{"name":"Grimy guam leaf","id":199,"quantity":1,"price":73}],"date":"Oct 22, 2022, 1:35:09 PM"}
{"name":"Banshee","level":23,"killCount":-1,"type":"NPC","drops":[{"name":"Uncut emerald","id":1621,"quantity":1,"price":476}],"date":"Oct 22, 2022, 1:35:14 PM"}
{"name":"Banshee","level":23,"killCount":-1,"type":"NPC","drops":[{"name":"Iron mace","id":1420,"quantity":1,"price":87}],"date":"Oct 22, 2022, 1:35:18 PM"}
{"name":"Banshee","level":23,"killCount":-1,"type":"NPC","drops":[{"name":"Grimy guam leaf","id":199,"quantity":1,"price":73}],"date":"Oct 22, 2022, 1:35:21 PM"}
{"name":"Banshee","level":23,"killCount":-1,"type":"NPC","drops":[{"name":"Grimy marrentill","id":201,"quantity":1,"price":31}],"date":"Oct 22, 2022, 1:35:29 PM"}
{"name":"Banshee","level":23,"killCount":-1,"type":"NPC","drops":[{"name":"Coins","id":995,"quantity":26,"price":1}],"date":"Oct 22, 2022, 1:35:37 PM"}
{"name":"Banshee","level":23,"killCount":-1,"type":"NPC","drops":[{"name":"Fishing bait","id":313,"quantity":7,"price":4}],"date":"Oct 22, 2022, 1:35:43 PM"}
{"name":"Banshee","level":23,"killCount":-1,"type":"NPC","drops":[{"name":"Fishing bait","id":313,"quantity":15,"price":4}],"date":"Oct 22, 2022, 1:35:47 PM"}
{"name":"Banshee","level":23,"killCount":-1,"type":"NPC","drops":[{"name":"Grimy marrentill","id":201,"quantity":1,"price":31}],"date":"Oct 22, 2022, 1:36:02 PM"}
{"name":"Banshee","level":23,"killCount":-1,"type":"NPC","drops":[{"name":"Fishing bait","id":313,"quantity":15,"price":4}],"date":"Oct 22, 2022, 1:36:07 PM"}
{"name":"Banshee","level":23,"killCount":-1,"type":"NPC","drops":[{"name":"Eye of newt","id":221,"quantity":1,"price":4}],"date":"Oct 22, 2022, 1:36:13 PM"}
{"name":"Banshee","level":23,"killCount":-1,"type":"NPC","drops":[{"name":"Fishing bait","id":313,"quantity":7,"price":4}],"date":"Oct 22, 2022, 1:36:18 PM"}
{"name":"Banshee","level":23,"killCount":-1,"type":"NPC","drops":[{"name":"Fishing bait","id":313,"quantity":15,"price":4}],"date":"Oct 22, 2022, 1:36:25 PM"}
{"name":"Banshee","level":23,"killCount":-1,"type":"NPC","drops":[{"name":"Fishing bait","id":313,"quantity":15,"price":4}],"date":"Oct 22, 2022, 1:36:29 PM"}
{"name":"Banshee","level":23,"killCount":-1,"type":"NPC","drops":[{"name":"Coins","id":995,"quantity":35,"price":1}],"date":"Oct 22, 2022, 1:36:34 PM"}
{"name":"Banshee","level":23,"killCount":-1,"type":"NPC","drops":[{"name":"Grimy marrentill","id":201,"quantity":1,"price":31}],"date":"Oct 22, 2022, 1:36:40 PM"}
{"name":"Banshee","level":23,"killCount":-1,"type":"NPC","drops":[{"name":"Grimy tarromin","id":203,"quantity":1,"price":119}],"date":"Oct 22, 2022, 1:36:44 PM"}
{"name":"Banshee","level":23,"killCount":-1,"type":"NPC","drops":[{"name":"Grimy guam leaf","id":199,"quantity":1,"price":73}],"date":"Oct 22, 2022, 1:36:52 PM"}
{"name":"Banshee","level":23,"killCount":-1,"type":"NPC","drops":[{"name":"Fishing bait","id":313,"quantity":15,"price":4}],"date":"Oct 22, 2022, 1:36:56 PM"}
{"name":"Banshee","level":23,"killCount":-1,"type":"NPC","drops":[{"name":"Pure essence","id":7937,"quantity":13,"price":2}],"date":"Oct 22, 2022, 1:37:01 PM"}
{"name":"Banshee","level":23,"killCount":-1,"type":"NPC","drops":[{"name":"Iron ore","id":440,"quantity":1,"price":114}],"date":"Oct 22, 2022, 1:37:06 PM"}
{"name":"Banshee","level":23,"killCount":-1,"type":"NPC","drops":[{"name":"Coins","id":995,"quantity":13,"price":1}],"date":"Oct 22, 2022, 1:37:10 PM"}
{"name":"Banshee","level":23,"killCount":-1,"type":"NPC","drops":[{"name":"Eye of newt","id":221,"quantity":1,"price":4}],"date":"Oct 22, 2022, 1:37:18 PM"}
{"name":"Banshee","level":23,"killCount":-1,"type":"NPC","drops":[{"name":"Pure essence","id":7937,"quantity":13,"price":2}],"date":"Oct 22, 2022, 1:37:21 PM"}
{"name":"Banshee","level":23,"killCount":-1,"type":"NPC","drops":[{"name":"Coins","id":995,"quantity":35,"price":1}],"date":"Oct 22, 2022, 1:37:26 PM"}
{"name":"Banshee","level":23,"killCount":-1,"type":"NPC","drops":[{"name":"Pure essence","id":7937,"quantity":13,"price":2}],"date":"Oct 22, 2022, 1:37:32 PM"}
{"name":"Banshee","level":23,"killCount":-1,"type":"NPC","drops":[{"name":"Grimy marrentill","id":201,"quantity":1,"price":31}],"date":"Oct 22, 2022, 1:37:38 PM"}
{"name":"Banshee","level":23,"killCount":-1,"type":"NPC","drops":[{"name":"Grimy kwuarm","id":213,"quantity":1,"price":1653}],"date":"Oct 22, 2022, 1:37:44 PM"}
{"name":"Banshee","level":23,"killCount":-1,"type":"NPC","drops":[{"name":"Pure essence","id":7937,"quantity":13,"price":2}],"date":"Oct 22, 2022, 1:37:48 PM"}
{"name":"Banshee","level":23,"killCount":-1,"type":"NPC","drops":[{"name":"Chaos rune","id":562,"quantity":3,"price":79}],"date":"Oct 22, 2022, 1:40:03 PM"}
{"name":"Banshee","level":23,"killCount":-1,"type":"NPC","drops":[{"name":"Grimy cadantine","id":215,"quantity":1,"price":2069}],"date":"Oct 22, 2022, 1:40:08 PM"}
{"name":"Banshee","level":23,"killCount":-1,"type":"NPC","drops":[{"name":"Grimy kwuarm","id":213,"quantity":1,"price":1653}],"date":"Oct 22, 2022, 1:40:14 PM"}
{"name":"Banshee","level":23,"killCount":-1,"type":"NPC","drops":[{"name":"Fishing bait","id":313,"quantity":15,"price":4}],"date":"Oct 22, 2022, 1:40:17 PM"}
{"name":"Banshee","level":23,"killCount":-1,"type":"NPC","drops":[{"name":"Fishing bait","id":313,"quantity":15,"price":4}],"date":"Oct 22, 2022, 1:41:17 PM"}
{"name":"Banshee","level":23,"killCount":-1,"type":"NPC","drops":[{"name":"Fishing bait","id":313,"quantity":7,"price":4}],"date":"Oct 22, 2022, 1:41:23 PM"}
{"name":"Banshee","level":23,"killCount":-1,"type":"NPC","drops":[{"name":"Grimy harralander","id":205,"quantity":1,"price":873}],"date":"Oct 22, 2022, 1:41:26 PM"}
{"name":"Banshee","level":23,"killCount":-1,"type":"NPC","drops":[{"name":"Grimy harralander","id":205,"quantity":1,"price":873}],"date":"Oct 22, 2022, 1:41:30 PM"}
{"name":"Banshee","level":23,"killCount":-1,"type":"NPC","drops":[{"name":"Grimy guam leaf","id":199,"quantity":1,"price":73}],"date":"Oct 22, 2022, 1:41:34 PM"}
{"name":"Banshee","level":23,"killCount":-1,"type":"NPC","drops":[{"name":"Fishing bait","id":313,"quantity":15,"price":4}],"date":"Oct 22, 2022, 1:41:36 PM"}
{"name":"Banshee","level":23,"killCount":-1,"type":"NPC","drops":[{"name":"Grimy marrentill","id":201,"quantity":1,"price":31}],"date":"Oct 22, 2022, 1:41:42 PM"}
{"name":"Banshee","level":23,"killCount":-1,"type":"NPC","drops":[{"name":"Coins","id":995,"quantity":26,"price":1}],"date":"Oct 22, 2022, 1:41:51 PM"}
{"name":"Banshee","level":23,"killCount":-1,"type":"NPC","drops":[{"name":"Grimy guam leaf","id":199,"quantity":1,"price":73}],"date":"Oct 22, 2022, 1:41:56 PM"}
{"name":"Banshee","level":23,"killCount":-1,"type":"NPC","drops":[{"name":"Fishing bait","id":313,"quantity":15,"price":4}],"date":"Oct 22, 2022, 1:42:02 PM"}
{"name":"Banshee","level":23,"killCount":-1,"type":"NPC","drops":[{"name":"Grimy marrentill","id":201,"quantity":1,"price":31}],"date":"Oct 22, 2022, 1:42:08 PM"}
{"name":"Banshee","level":23,"killCount":-1,"type":"NPC","drops":[{"name":"Grimy guam leaf","id":199,"quantity":1,"price":73}],"date":"Oct 22, 2022, 1:42:11 PM"}
{"name":"Banshee","level":23,"killCount":-1,"type":"NPC","drops":[{"name":"Fire rune","id":554,"quantity":7,"price":5}],"date":"Oct 22, 2022, 1:42:18 PM"}
{"name":"Banshee","level":23,"killCount":-1,"type":"NPC","drops":[{"name":"Cosmic rune","id":564,"quantity":2,"price":118}],"date":"Oct 22, 2022, 1:42:32 PM"}
{"name":"Banshee","level":23,"killCount":-1,"type":"NPC","drops":[{"name":"Coins","id":995,"quantity":35,"price":1}],"date":"Oct 22, 2022, 1:44:07 PM"}
{"name":"Banshee","level":23,"killCount":-1,"type":"NPC","drops":[{"name":"Coins","id":995,"quantity":13,"price":1}],"date":"Oct 22, 2022, 1:44:16 PM"}
{"name":"Banshee","level":23,"killCount":-1,"type":"NPC","drops":[{"name":"Grimy harralander","id":205,"quantity":1,"price":873}],"date":"Oct 22, 2022, 1:44:20 PM"}
{"name":"Banshee","level":23,"killCount":-1,"type":"NPC","drops":[{"name":"Coins","id":995,"quantity":26,"price":1}],"date":"Oct 22, 2022, 1:44:28 PM"}
{"name":"Banshee","level":23,"killCount":-1,"type":"NPC","drops":[{"name":"Grimy guam leaf","id":199,"quantity":1,"price":73}],"date":"Oct 22, 2022, 1:44:31 PM"}
{"name":"Banshee","level":23,"killCount":-1,"type":"NPC","drops":[{"name":"Grimy marrentill","id":201,"quantity":1,"price":31}],"date":"Oct 22, 2022, 1:44:38 PM"}
{"name":"Banshee","level":23,"killCount":-1,"type":"NPC","drops":[{"name":"Coins","id":995,"quantity":35,"price":1}],"date":"Oct 22, 2022, 1:44:47 PM"}
{"name":"Banshee","level":23,"killCount":-1,"type":"NPC","drops":[{"name":"Fishing bait","id":313,"quantity":15,"price":4}],"date":"Oct 22, 2022, 1:44:53 PM"}
{"name":"Banshee","level":23,"killCount":-1,"type":"NPC","drops":[{"name":"Grimy marrentill","id":201,"quantity":1,"price":31}],"date":"Oct 22, 2022, 1:45:03 PM"}
{"name":"Banshee","level":23,"killCount":-1,"type":"NPC","drops":[{"name":"Grimy ranarr weed","id":207,"quantity":1,"price":7071}],"date":"Oct 22, 2022, 1:45:08 PM"}
{"name":"Banshee","level":23,"killCount":-1,"type":"NPC","drops":[{"name":"Grimy harralander","id":205,"quantity":1,"price":873}],"date":"Oct 22, 2022, 1:45:16 PM"}
{"name":"Banshee","level":23,"killCount":-1,"type":"NPC","drops":[{"name":"Coins","id":995,"quantity":13,"price":1}],"date":"Oct 22, 2022, 1:45:23 PM"}
{"name":"Banshee","level":23,"killCount":-1,"type":"NPC","drops":[{"name":"Pure essence","id":7937,"quantity":13,"price":2}],"date":"Oct 22, 2022, 1:45:31 PM"}
{"name":"Banshee","level":23,"killCount":-1,"type":"NPC","drops":[{"name":"Pure essence","id":7937,"quantity":13,"price":2}],"date":"Oct 22, 2022, 1:45:43 PM"}
{"name":"Banshee","level":23,"killCount":-1,"type":"NPC","drops":[{"name":"Fishing bait","id":313,"quantity":15,"price":4}],"date":"Oct 22, 2022, 1:45:46 PM"}
{"name":"Banshee","level":23,"killCount":-1,"type":"NPC","drops":[{"name":"Coins","id":995,"quantity":35,"price":1}],"date":"Oct 22, 2022, 1:45:53 PM"}
{"name":"Banshee","level":23,"killCount":-1,"type":"NPC","drops":[{"name":"Coins","id":995,"quantity":35,"price":1}],"date":"Oct 22, 2022, 1:45:56 PM"}
{"name":"Banshee","level":23,"killCount":-1,"type":"NPC","drops":[{"name":"Fishing bait","id":313,"quantity":15,"price":4}],"date":"Oct 22, 2022, 1:46:03 PM"}
{"name":"Banshee","level":23,"killCount":-1,"type":"NPC","drops":[{"name":"Coins","id":995,"quantity":35,"price":1}],"date":"Oct 22, 2022, 1:46:08 PM"}
{"name":"Banshee","level":23,"killCount":-1,"type":"NPC","drops":[{"name":"Grimy guam leaf","id":199,"quantity":1,"price":73}],"date":"Oct 22, 2022, 1:46:11 PM"}
{"name":"Banshee","level":23,"killCount":-1,"type":"NPC","drops":[{"name":"Iron mace","id":1420,"quantity":1,"price":87}],"date":"Oct 22, 2022, 1:46:19 PM"}
{"name":"Banshee","level":23,"killCount":-1,"type":"NPC","drops":[{"name":"Coins","id":995,"quantity":35,"price":1}],"date":"Oct 22, 2022, 1:46:23 PM"}
{"name":"Banshee","level":23,"killCount":-1,"type":"NPC","drops":[{"name":"Grimy ranarr weed","id":207,"quantity":1,"price":7071}],"date":"Oct 22, 2022, 1:46:32 PM"}
{"name":"Banshee","level":23,"killCount":-1,"type":"NPC","drops":[{"name":"Grimy ranarr weed","id":207,"quantity":1,"price":7071}],"date":"Oct 22, 2022, 1:46:44 PM"}
{"name":"Banshee","level":23,"killCount":-1,"type":"NPC","drops":[{"name":"Grimy guam leaf","id":199,"quantity":1,"price":73}],"date":"Oct 22, 2022, 1:46:47 PM"}
{"name":"Banshee","level":23,"killCount":-1,"type":"NPC","drops":[{"name":"Coins","id":995,"quantity":26,"price":1}],"date":"Oct 22, 2022, 1:46:56 PM"}
{"name":"Banshee","level":23,"killCount":-1,"type":"NPC","drops":[{"name":"Cosmic rune","id":564,"quantity":2,"price":118}],"date":"Oct 22, 2022, 1:47:05 PM"}
{"name":"Banshee","level":23,"killCount":-1,"type":"NPC","drops":[{"name":"Grimy marrentill","id":201,"quantity":1,"price":31}],"date":"Oct 22, 2022, 1:47:07 PM"}
{"name":"Banshee","level":23,"killCount":-1,"type":"NPC","drops":[{"name":"Grimy guam leaf","id":199,"quantity":1,"price":73}],"date":"Oct 22, 2022, 1:47:15 PM"}
{"name":"Banshee","level":23,"killCount":-1,"type":"NPC","drops":[{"name":"Fishing bait","id":313,"quantity":7,"price":4}],"date":"Oct 22, 2022, 1:47:20 PM"}
{"name":"Banshee","level":23,"killCount":-1,"type":"NPC","drops":[{"name":"Grimy harralander","id":205,"quantity":1,"price":873}],"date":"Oct 22, 2022, 1:47:26 PM"}
{"name":"Banshee","level":23,"killCount":-1,"type":"NPC","drops":[{"name":"Fishing bait","id":313,"quantity":15,"price":4}],"date":"Oct 22, 2022, 1:47:29 PM"}
{"name":"Banshee","level":23,"killCount":-1,"type":"NPC","drops":[{"name":"Pure essence","id":7937,"quantity":13,"price":2}],"date":"Oct 22, 2022, 1:47:36 PM"}
{"name":"Banshee","level":23,"killCount":-1,"type":"NPC","drops":[{"name":"Grimy avantoe","id":211,"quantity":1,"price":1609}],"date":"Oct 22, 2022, 1:47:51 PM"}
{"name":"Banshee","level":23,"killCount":-1,"type":"NPC","drops":[{"name":"Coins","id":995,"quantity":13,"price":1}],"date":"Oct 22, 2022, 1:47:53 PM"}
{"name":"Banshee","level":23,"killCount":-1,"type":"NPC","drops":[{"name":"Fishing bait","id":313,"quantity":15,"price":4}],"date":"Oct 22, 2022, 1:48:01 PM"}
{"name":"Banshee","level":23,"killCount":-1,"type":"NPC","drops":[{"name":"Pure essence","id":7937,"quantity":13,"price":2}],"date":"Oct 22, 2022, 1:48:07 PM"}
{"name":"Banshee","level":23,"killCount":-1,"type":"NPC","drops":[{"name":"Fishing bait","id":313,"quantity":7,"price":4}],"date":"Oct 22, 2022, 1:48:19 PM"}
{"name":"Banshee","level":23,"killCount":-1,"type":"NPC","drops":[{"name":"Air rune","id":556,"quantity":3,"price":5}],"date":"Oct 22, 2022, 1:48:26 PM"}
{"name":"Banshee","level":23,"killCount":-1,"type":"NPC","drops":[{"name":"Grimy kwuarm","id":213,"quantity":1,"price":1653}],"date":"Oct 22, 2022, 1:48:28 PM"}
{"name":"Banshee","level":23,"killCount":-1,"type":"NPC","drops":[{"name":"Eye of newt","id":221,"quantity":1,"price":4}],"date":"Oct 22, 2022, 1:48:31 PM"}
{"name":"Banshee","level":23,"killCount":-1,"type":"NPC","drops":[{"name":"Grimy guam leaf","id":199,"quantity":1,"price":73}],"date":"Oct 22, 2022, 1:48:36 PM"}
{"name":"Banshee","level":23,"killCount":-1,"type":"NPC","drops":[{"name":"Grimy kwuarm","id":213,"quantity":1,"price":1653}],"date":"Oct 22, 2022, 1:48:39 PM"}
{"name":"Banshee","level":23,"killCount":-1,"type":"NPC","drops":[{"name":"Coins","id":995,"quantity":26,"price":1}],"date":"Oct 22, 2022, 1:48:48 PM"}
{"name":"Banshee","level":23,"killCount":-1,"type":"NPC","drops":[{"name":"Iron dagger","id":1203,"quantity":1,"price":85}],"date":"Oct 22, 2022, 1:48:55 PM"}
{"name":"Banshee","level":23,"killCount":-1,"type":"NPC","drops":[{"name":"Fishing bait","id":313,"quantity":7,"price":4}],"date":"Oct 22, 2022, 1:48:58 PM"}
{"name":"Banshee","level":23,"killCount":-1,"type":"NPC","drops":[{"name":"Coins","id":995,"quantity":35,"price":1}],"date":"Oct 22, 2022, 1:49:07 PM"}
{"name":"Banshee","level":23,"killCount":-1,"type":"NPC","drops":[{"name":"Grimy guam leaf","id":199,"quantity":1,"price":73}],"date":"Oct 22, 2022, 1:49:22 PM"}
{"name":"Banshee","level":23,"killCount":-1,"type":"NPC","drops":[{"name":"Pure essence","id":7937,"quantity":13,"price":2}],"date":"Oct 22, 2022, 1:49:29 PM"}
{"name":"Banshee","level":23,"killCount":-1,"type":"NPC","drops":[{"name":"Grimy guam leaf","id":199,"quantity":1,"price":73}],"date":"Oct 22, 2022, 1:49:34 PM"}
{"name":"Banshee","level":23,"killCount":-1,"type":"NPC","drops":[{"name":"Coins","id":995,"quantity":13,"price":1}],"date":"Oct 22, 2022, 1:49:39 PM"}
{"name":"Banshee","level":23,"killCount":-1,"type":"NPC","drops":[{"name":"Coins","id":995,"quantity":13,"price":1}],"date":"Oct 22, 2022, 1:49:41 PM"}
{"name":"Banshee","level":23,"killCount":-1,"type":"NPC","drops":[{"name":"Grimy marrentill","id":201,"quantity":1,"price":31}],"date":"Oct 22, 2022, 1:49:44 PM"}
{"name":"Banshee","level":23,"killCount":-1,"type":"NPC","drops":[{"name":"Grimy ranarr weed","id":207,"quantity":1,"price":7071}],"date":"Oct 22, 2022, 1:49:51 PM"}
{"name":"Banshee","level":23,"killCount":-1,"type":"NPC","drops":[{"name":"Grimy guam leaf","id":199,"quantity":1,"price":73}],"date":"Oct 22, 2022, 1:50:04 PM"}
{"name":"Banshee","level":23,"killCount":-1,"type":"NPC","drops":[{"name":"Pure essence","id":7937,"quantity":13,"price":2}],"date":"Oct 22, 2022, 1:50:10 PM"}
{"name":"Banshee","level":23,"killCount":-1,"type":"NPC","drops":[{"name":"Grimy irit leaf","id":209,"quantity":1,"price":725}],"date":"Oct 22, 2022, 1:50:45 PM"}
{"name":"Banshee","level":23,"killCount":-1,"type":"NPC","drops":[{"name":"Pure essence","id":7937,"quantity":13,"price":2}],"date":"Oct 22, 2022, 1:50:57 PM"}
{"name":"Banshee","level":23,"killCount":-1,"type":"NPC","drops":[{"name":"Fishing bait","id":313,"quantity":15,"price":4}],"date":"Oct 22, 2022, 1:51:02 PM"}
{"name":"Banshee","level":23,"killCount":-1,"type":"NPC","drops":[{"name":"Grimy irit leaf","id":209,"quantity":1,"price":725}],"date":"Oct 22, 2022, 1:51:15 PM"}
{"name":"Banshee","level":23,"killCount":-1,"type":"NPC","drops":[{"name":"Air rune","id":556,"quantity":3,"price":5}],"date":"Oct 22, 2022, 1:51:20 PM"}
{"name":"Banshee","level":23,"killCount":-1,"type":"NPC","drops":[{"name":"Uncut emerald","id":1621,"quantity":1,"price":476}],"date":"Oct 22, 2022, 1:51:24 PM"}
{"name":"Banshee","level":23,"killCount":-1,"type":"NPC","drops":[{"name":"Grimy avantoe","id":211,"quantity":1,"price":1609}],"date":"Oct 22, 2022, 1:51:32 PM"}
{"name":"Banshee","level":23,"killCount":-1,"type":"NPC","drops":[{"name":"Iron mace","id":1420,"quantity":1,"price":87}],"date":"Oct 22, 2022, 1:51:45 PM"}
{"name":"Banshee","level":23,"killCount":-1,"type":"NPC","drops":[{"name":"Pure essence","id":7937,"quantity":13,"price":2}],"date":"Oct 22, 2022, 1:51:48 PM"}
{"name":"Banshee","level":23,"killCount":-1,"type":"NPC","drops":[{"name":"Pure essence","id":7937,"quantity":13,"price":2}],"date":"Oct 22, 2022, 1:51:52 PM"}
{"name":"Banshee","level":23,"killCount":-1,"type":"NPC","drops":[{"name":"Grimy marrentill","id":201,"quantity":1,"price":31}],"date":"Oct 22, 2022, 1:51:57 PM"}
{"name":"Banshee","level":23,"killCount":-1,"type":"NPC","drops":[{"name":"Coins","id":995,"quantity":35,"price":1}],"date":"Oct 22, 2022, 1:52:01 PM"}
{"name":"Banshee","level":23,"killCount":-1,"type":"NPC","drops":[{"name":"Fishing bait","id":313,"quantity":15,"price":4}],"date":"Oct 22, 2022, 1:52:04 PM"}
{"name":"Banshee","level":23,"killCount":-1,"type":"NPC","drops":[{"name":"Pure essence","id":7937,"quantity":13,"price":2}],"date":"Oct 22, 2022, 1:52:09 PM"}
{"name":"Banshee","level":23,"killCount":-1,"type":"NPC","drops":[{"name":"Grimy ranarr weed","id":207,"quantity":1,"price":7071}],"date":"Oct 22, 2022, 1:52:15 PM"}
{"name":"Banshee","level":23,"killCount":-1,"type":"NPC","drops":[{"name":"Grimy kwuarm","id":213,"quantity":1,"price":1653}],"date":"Oct 22, 2022, 1:52:18 PM"}
{"name":"Banshee","level":23,"killCount":-1,"type":"NPC","drops":[{"name":"Air rune","id":556,"quantity":3,"price":5}],"date":"Oct 22, 2022, 1:52:23 PM"}
{"name":"Banshee","level":23,"killCount":-1,"type":"NPC","drops":[{"name":"Coins","id":995,"quantity":35,"price":1}],"date":"Oct 22, 2022, 1:52:27 PM"}
{"name":"Banshee","level":23,"killCount":-1,"type":"NPC","drops":[{"name":"Coins","id":995,"quantity":35,"price":1}],"date":"Oct 22, 2022, 1:52:34 PM"}
{"name":"Banshee","level":23,"killCount":-1,"type":"NPC","drops":[{"name":"Fishing bait","id":313,"quantity":15,"price":4}],"date":"Oct 22, 2022, 1:52:42 PM"}
{"name":"Banshee","level":23,"killCount":-1,"type":"NPC","drops":[{"name":"Pure essence","id":7937,"quantity":13,"price":2}],"date":"Oct 22, 2022, 1:52:46 PM"}
{"name":"Banshee","level":23,"killCount":-1,"type":"NPC","drops":[{"name":"Grimy marrentill","id":201,"quantity":1,"price":31}],"date":"Oct 22, 2022, 1:52:49 PM"}
{"name":"Banshee","level":23,"killCount":-1,"type":"NPC","drops":[{"name":"Pure essence","id":7937,"quantity":13,"price":2}],"date":"Oct 22, 2022, 1:52:58 PM"}
{"name":"Banshee","level":23,"killCount":-1,"type":"NPC","drops":[{"name":"Coins","id":995,"quantity":26,"price":1}],"date":"Oct 22, 2022, 1:53:07 PM"}
{"name":"Banshee","level":23,"killCount":-1,"type":"NPC","drops":[{"name":"Grimy guam leaf","id":199,"quantity":1,"price":73}],"date":"Oct 22, 2022, 1:53:12 PM"}
{"name":"Banshee","level":23,"killCount":-1,"type":"NPC","drops":[{"name":"Coins","id":995,"quantity":35,"price":1}],"date":"Oct 22, 2022, 1:53:18 PM"}
{"name":"Banshee","level":23,"killCount":-1,"type":"NPC","drops":[{"name":"Grimy guam leaf","id":199,"quantity":1,"price":73}],"date":"Oct 22, 2022, 1:53:24 PM"}
{"name":"Banshee","level":23,"killCount":-1,"type":"NPC","drops":[{"name":"Grimy tarromin","id":203,"quantity":1,"price":119}],"date":"Oct 22, 2022, 1:53:28 PM"}
{"name":"Banshee","level":23,"killCount":-1,"type":"NPC","drops":[{"name":"Iron kiteshield","id":1191,"quantity":1,"price":106}],"date":"Oct 22, 2022, 1:53:31 PM"}
{"name":"Banshee","level":23,"killCount":-1,"type":"NPC","drops":[{"name":"Fishing bait","id":313,"quantity":7,"price":4}],"date":"Oct 22, 2022, 1:53:41 PM"}
{"name":"Banshee","level":23,"killCount":-1,"type":"NPC","drops":[{"name":"Coins","id":995,"quantity":35,"price":1}],"date":"Oct 22, 2022, 1:53:43 PM"}
{"name":"Banshee","level":23,"killCount":-1,"type":"NPC","drops":[{"name":"Pure essence","id":7937,"quantity":13,"price":2}],"date":"Oct 22, 2022, 1:53:46 PM"}
{"name":"Banshee","level":23,"killCount":-1,"type":"NPC","drops":[{"name":"Fishing bait","id":313,"quantity":15,"price":4}],"date":"Oct 22, 2022, 1:53:49 PM"}
{"name":"Banshee","level":23,"killCount":-1,"type":"NPC","drops":[{"name":"Fishing bait","id":313,"quantity":15,"price":4}],"date":"Oct 22, 2022, 1:53:54 PM"}
{"name":"Banshee","level":23,"killCount":-1,"type":"NPC","drops":[{"name":"Chaos rune","id":562,"quantity":3,"price":79}],"date":"Oct 22, 2022, 1:53:57 PM"}
{"name":"Banshee","level":23,"killCount":-1,"type":"NPC","drops":[{"name":"Pure essence","id":7937,"quantity":13,"price":2}],"date":"Oct 22, 2022, 1:54:01 PM"}
{"name":"Banshee","level":23,"killCount":-1,"type":"NPC","drops":[{"name":"Fishing bait","id":313,"quantity":15,"price":4}],"date":"Oct 22, 2022, 1:54:09 PM"}
{"name":"Banshee","level":23,"killCount":-1,"type":"NPC","drops":[{"name":"Coins","id":995,"quantity":13,"price":1}],"date":"Oct 22, 2022, 1:54:12 PM"}
{"name":"Banshee","level":23,"killCount":-1,"type":"NPC","drops":[{"name":"Fishing bait","id":313,"quantity":15,"price":4}],"date":"Oct 22, 2022, 1:54:17 PM"}
{"name":"Banshee","level":23,"killCount":-1,"type":"NPC","drops":[{"name":"Pure essence","id":7937,"quantity":13,"price":2}],"date":"Oct 22, 2022, 1:54:25 PM"}
{"name":"Banshee","level":23,"killCount":-1,"type":"NPC","drops":[{"name":"Fishing bait","id":313,"quantity":15,"price":4}],"date":"Oct 22, 2022, 1:54:28 PM"}
{"name":"Banshee","level":23,"killCount":-1,"type":"NPC","drops":[{"name":"Coins","id":995,"quantity":13,"price":1}],"date":"Oct 22, 2022, 1:54:40 PM"}
{"name":"Banshee","level":23,"killCount":-1,"type":"NPC","drops":[{"name":"Chaos rune","id":562,"quantity":7,"price":79}],"date":"Oct 22, 2022, 1:54:46 PM"}
{"name":"Banshee","level":23,"killCount":-1,"type":"NPC","drops":[{"name":"Pure essence","id":7937,"quantity":13,"price":2}],"date":"Oct 22, 2022, 1:54:52 PM"}
{"name":"Banshee","level":23,"killCount":-1,"type":"NPC","drops":[{"name":"Air rune","id":556,"quantity":3,"price":5}],"date":"Oct 22, 2022, 1:54:54 PM"}
{"name":"Banshee","level":23,"killCount":-1,"type":"NPC","drops":[{"name":"Iron mace","id":1420,"quantity":1,"price":87}],"date":"Oct 22, 2022, 1:55:00 PM"}
{"name":"Banshee","level":23,"killCount":-1,"type":"NPC","drops":[{"name":"Grimy tarromin","id":203,"quantity":1,"price":119}],"date":"Oct 22, 2022, 1:55:03 PM"}
{"name":"Banshee","level":23,"killCount":-1,"type":"NPC","drops":[{"name":"Pure essence","id":7937,"quantity":13,"price":2}],"date":"Oct 22, 2022, 1:55:06 PM"}
{"name":"Banshee","level":23,"killCount":-1,"type":"NPC","drops":[{"name":"Fishing bait","id":313,"quantity":15,"price":4}],"date":"Oct 22, 2022, 1:55:12 PM"}
{"name":"Banshee","level":23,"killCount":-1,"type":"NPC","drops":[{"name":"Fishing bait","id":313,"quantity":15,"price":4}],"date":"Oct 22, 2022, 1:55:17 PM"}
{"name":"Banshee","level":23,"killCount":-1,"type":"NPC","drops":[{"name":"Iron dagger","id":1203,"quantity":1,"price":85}],"date":"Oct 22, 2022, 1:55:21 PM"}
{"name":"Banshee","level":23,"killCount":-1,"type":"NPC","drops":[{"name":"Pure essence","id":7937,"quantity":13,"price":2}],"date":"Oct 22, 2022, 1:55:32 PM"}
{"name":"Banshee","level":23,"killCount":-1,"type":"NPC","drops":[{"name":"Pure essence","id":7937,"quantity":13,"price":2}],"date":"Oct 22, 2022, 1:55:39 PM"}
{"name":"Banshee","level":23,"killCount":-1,"type":"NPC","drops":[{"name":"Grimy marrentill","id":201,"quantity":1,"price":31}],"date":"Oct 22, 2022, 1:55:45 PM"}
{"name":"Banshee","level":23,"killCount":-1,"type":"NPC","drops":[{"name":"Coins","id":995,"quantity":26,"price":1}],"date":"Oct 22, 2022, 1:55:53 PM"}
{"name":"Banshee","level":23,"killCount":-1,"type":"NPC","drops":[{"name":"Iron mace","id":1420,"quantity":1,"price":87}],"date":"Oct 22, 2022, 1:55:56 PM"}
{"name":"Banshee","level":23,"killCount":-1,"type":"NPC","drops":[{"name":"Fishing bait","id":313,"quantity":15,"price":4}],"date":"Oct 22, 2022, 1:56:01 PM"}
{"name":"Banshee","level":23,"killCount":-1,"type":"NPC","drops":[{"name":"Cosmic rune","id":564,"quantity":2,"price":118}],"date":"Oct 22, 2022, 1:56:06 PM"}
{"name":"Banshee","level":23,"killCount":-1,"type":"NPC","drops":[{"name":"Pure essence","id":7937,"quantity":13,"price":2}],"date":"Oct 22, 2022, 1:56:09 PM"}
{"name":"Banshee","level":23,"killCount":-1,"type":"NPC","drops":[{"name":"Grimy harralander","id":205,"quantity":1,"price":873}],"date":"Oct 22, 2022, 1:56:13 PM"}
{"name":"Banshee","level":23,"killCount":-1,"type":"NPC","drops":[{"name":"Chaos rune","id":562,"quantity":3,"price":79}],"date":"Oct 22, 2022, 1:56:20 PM"}
{"name":"Banshee","level":23,"killCount":-1,"type":"NPC","drops":[{"name":"Chaos rune","id":562,"quantity":3,"price":79}],"date":"Oct 22, 2022, 1:56:23 PM"}
{"name":"Banshee","level":23,"killCount":-1,"type":"NPC","drops":[{"name":"Iron ore","id":440,"quantity":1,"price":114}],"date":"Oct 22, 2022, 1:56:27 PM"}
{"name":"Banshee","level":23,"killCount":-1,"type":"NPC","drops":[{"name":"Pure essence","id":7937,"quantity":13,"price":2}],"date":"Oct 22, 2022, 1:56:32 PM"}
{"name":"Banshee","level":23,"killCount":-1,"type":"NPC","drops":[{"name":"Grimy marrentill","id":201,"quantity":1,"price":31}],"date":"Oct 22, 2022, 1:56:37 PM"}
{"name":"Banshee","level":23,"killCount":-1,"type":"NPC","drops":[{"name":"Fishing bait","id":313,"quantity":7,"price":4}],"date":"Oct 22, 2022, 1:56:39 PM"}
{"name":"Banshee","level":23,"killCount":-1,"type":"NPC","drops":[{"name":"Grimy ranarr weed","id":207,"quantity":1,"price":7071}],"date":"Oct 22, 2022, 1:56:44 PM"}
{"name":"Banshee","level":23,"killCount":-1,"type":"NPC","drops":[{"name":"Grimy ranarr weed","id":207,"quantity":1,"price":7071}],"date":"Oct 22, 2022, 1:56:51 PM"}
{"name":"Banshee","level":23,"killCount":-1,"type":"NPC","drops":[{"name":"Grimy irit leaf","id":209,"quantity":1,"price":725}],"date":"Oct 22, 2022, 1:56:55 PM"}
{"name":"Banshee","level":23,"killCount":-1,"type":"NPC","drops":[{"name":"Fire rune","id":554,"quantity":7,"price":5}],"date":"Oct 22, 2022, 1:57:02 PM"}
{"name":"Banshee","level":23,"killCount":-1,"type":"NPC","drops":[{"name":"Coins","id":995,"quantity":26,"price":1}],"date":"Oct 22, 2022, 1:57:05 PM"}
{"name":"Banshee","level":23,"killCount":-1,"type":"NPC","drops":[{"name":"Grimy marrentill","id":201,"quantity":1,"price":31}],"date":"Oct 22, 2022, 1:57:09 PM"}
{"name":"Banshee","level":23,"killCount":-1,"type":"NPC","drops":[{"name":"Fishing bait","id":313,"quantity":15,"price":4}],"date":"Oct 22, 2022, 1:57:13 PM"}
{"name":"Banshee","level":23,"killCount":-1,"type":"NPC","drops":[{"name":"Grimy irit leaf","id":209,"quantity":1,"price":725}],"date":"Oct 22, 2022, 1:57:22 PM"}
{"name":"Banshee","level":23,"killCount":-1,"type":"NPC","drops":[{"name":"Coins","id":995,"quantity":13,"price":1}],"date":"Oct 22, 2022, 1:57:27 PM"}
{"name":"Banshee","level":23,"killCount":-1,"type":"NPC","drops":[{"name":"Pure essence","id":7937,"quantity":13,"price":2}],"date":"Oct 22, 2022, 1:57:37 PM"}
{"name":"Banshee","level":23,"killCount":-1,"type":"NPC","drops":[{"name":"Grimy guam leaf","id":199,"quantity":1,"price":73}],"date":"Oct 22, 2022, 1:57:40 PM"}
{"name":"Banshee","level":23,"killCount":-1,"type":"NPC","drops":[{"name":"Fishing bait","id":313,"quantity":15,"price":4}],"date":"Oct 22, 2022, 1:57:48 PM"}
{"name":"Banshee","level":23,"killCount":-1,"type":"NPC","drops":[{"name":"Coins","id":995,"quantity":13,"price":1}],"date":"Oct 22, 2022, 1:57:57 PM"}
{"name":"Banshee","level":23,"killCount":-1,"type":"NPC","drops":[{"name":"Coins","id":995,"quantity":35,"price":1}],"date":"Oct 22, 2022, 1:58:00 PM"}
{"name":"Banshee","level":23,"killCount":-1,"type":"NPC","drops":[{"name":"Fishing bait","id":313,"quantity":15,"price":4}],"date":"Oct 22, 2022, 1:58:06 PM"}
{"name":"Banshee","level":23,"killCount":-1,"type":"NPC","drops":[{"name":"Grimy harralander","id":205,"quantity":1,"price":873}],"date":"Oct 22, 2022, 1:58:09 PM"}
{"name":"Banshee","level":23,"killCount":-1,"type":"NPC","drops":[{"name":"Pure essence","id":7937,"quantity":13,"price":2}],"date":"Oct 22, 2022, 1:58:25 PM"}
{"name":"Banshee","level":23,"killCount":-1,"type":"NPC","drops":[{"name":"Cosmic rune","id":564,"quantity":2,"price":118}],"date":"Oct 22, 2022, 1:58:31 PM"}
{"name":"Banshee","level":23,"killCount":-1,"type":"NPC","drops":[{"name":"Fishing bait","id":313,"quantity":15,"price":4}],"date":"Oct 22, 2022, 1:58:34 PM"}
{"name":"Banshee","level":23,"killCount":-1,"type":"NPC","drops":[{"name":"Grimy ranarr weed","id":207,"quantity":1,"price":7071}],"date":"Oct 22, 2022, 1:58:40 PM"}
{"name":"Banshee","level":23,"killCount":-1,"type":"NPC","drops":[{"name":"Pure essence","id":7937,"quantity":13,"price":2}],"date":"Oct 22, 2022, 1:58:46 PM"}
{"name":"Banshee","level":23,"killCount":-1,"type":"NPC","drops":[{"name":"Fishing bait","id":313,"quantity":15,"price":4}],"date":"Oct 22, 2022, 1:58:54 PM"}
{"name":"Banshee","level":23,"killCount":-1,"type":"NPC","drops":[{"name":"Iron ore","id":440,"quantity":1,"price":114}],"date":"Oct 22, 2022, 1:58:57 PM"}
{"name":"Banshee","level":23,"killCount":-1,"type":"NPC","drops":[{"name":"Uncut sapphire","id":1623,"quantity":1,"price":251}],"date":"Oct 22, 2022, 1:59:07 PM"}
{"name":"Banshee","level":23,"killCount":-1,"type":"NPC","drops":[{"name":"Grimy guam leaf","id":199,"quantity":1,"price":73}],"date":"Oct 22, 2022, 1:59:16 PM"}
{"name":"Banshee","level":23,"killCount":-1,"type":"NPC","drops":[{"name":"Grimy avantoe","id":211,"quantity":1,"price":1609}],"date":"Oct 22, 2022, 1:59:28 PM"}
{"name":"Banshee","level":23,"killCount":-1,"type":"NPC","drops":[{"name":"Coins","id":995,"quantity":13,"price":1}],"date":"Oct 22, 2022, 1:59:37 PM"}
{"name":"Banshee","level":23,"killCount":-1,"type":"NPC","drops":[{"name":"Grimy marrentill","id":201,"quantity":1,"price":31}],"date":"Oct 22, 2022, 1:59:43 PM"}
{"name":"Banshee","level":23,"killCount":-1,"type":"NPC","drops":[{"name":"Uncut ruby","id":1619,"quantity":1,"price":1117}],"date":"Oct 22, 2022, 1:59:53 PM"}
{"name":"Banshee","level":23,"killCount":-1,"type":"NPC","drops":[{"name":"Coins","id":995,"quantity":26,"price":1}],"date":"Oct 22, 2022, 1:59:55 PM"}
{"name":"Banshee","level":23,"killCount":-1,"type":"NPC","drops":[{"name":"Coins","id":995,"quantity":35,"price":1}],"date":"Oct 22, 2022, 2:00:00 PM"}
{"name":"Banshee","level":23,"killCount":-1,"type":"NPC","drops":[{"name":"Coins","id":995,"quantity":13,"price":1}],"date":"Oct 22, 2022, 2:00:10 PM"}
{"name":"Banshee","level":23,"killCount":-1,"type":"NPC","drops":[{"name":"Fishing bait","id":313,"quantity":7,"price":4}],"date":"Oct 22, 2022, 2:00:19 PM"}
{"name":"Banshee","level":23,"killCount":-1,"type":"NPC","drops":[{"name":"Fishing bait","id":313,"quantity":15,"price":4}],"date":"Oct 22, 2022, 2:00:24 PM"}
{"name":"Banshee","level":23,"killCount":-1,"type":"NPC","drops":[{"name":"Fishing bait","id":313,"quantity":15,"price":4}],"date":"Oct 22, 2022, 2:00:31 PM"}
{"name":"Banshee","level":23,"killCount":-1,"type":"NPC","drops":[{"name":"Pure essence","id":7937,"quantity":13,"price":2}],"date":"Oct 22, 2022, 2:00:40 PM"}
{"name":"Banshee","level":23,"killCount":-1,"type":"NPC","drops":[{"name":"Pure essence","id":7937,"quantity":13,"price":2}],"date":"Oct 22, 2022, 2:00:44 PM"}
{"name":"Banshee","level":23,"killCount":-1,"type":"NPC","drops":[{"name":"Fishing bait","id":313,"quantity":15,"price":4}],"date":"Oct 22, 2022, 2:00:48 PM"}
{"name":"Banshee","level":23,"killCount":-1,"type":"NPC","drops":[{"name":"Grimy guam leaf","id":199,"quantity":1,"price":73}],"date":"Oct 22, 2022, 2:00:51 PM"}
{"name":"Banshee","level":23,"killCount":-1,"type":"NPC","drops":[{"name":"Fishing bait","id":313,"quantity":15,"price":4}],"date":"Oct 22, 2022, 2:00:53 PM"}
{"name":"Banshee","level":23,"killCount":-1,"type":"NPC","drops":[{"name":"Pure essence","id":7937,"quantity":13,"price":2}],"date":"Oct 22, 2022, 2:01:03 PM"}
{"name":"Banshee","level":23,"killCount":-1,"type":"NPC","drops":[{"name":"Pure essence","id":7937,"quantity":13,"price":2}],"date":"Oct 22, 2022, 2:01:05 PM"}
{"name":"Banshee","level":23,"killCount":-1,"type":"NPC","drops":[{"name":"Fishing bait","id":313,"quantity":7,"price":4}],"date":"Oct 22, 2022, 2:01:12 PM"}
{"name":"Banshee","level":23,"killCount":-1,"type":"NPC","drops":[{"name":"Pure essence","id":7937,"quantity":13,"price":2}],"date":"Oct 22, 2022, 2:01:16 PM"}
{"name":"Banshee","level":23,"killCount":-1,"type":"NPC","drops":[{"name":"Coins","id":995,"quantity":35,"price":1}],"date":"Oct 22, 2022, 2:01:21 PM"}
{"name":"Banshee","level":23,"killCount":-1,"type":"NPC","drops":[{"name":"Iron mace","id":1420,"quantity":1,"price":87}],"date":"Oct 22, 2022, 2:01:27 PM"}
{"name":"Banshee","level":23,"killCount":-1,"type":"NPC","drops":[{"name":"Pure essence","id":7937,"quantity":13,"price":2}],"date":"Oct 22, 2022, 2:01:35 PM"}
{"name":"Banshee","level":23,"killCount":-1,"type":"NPC","drops":[{"name":"Air rune","id":556,"quantity":3,"price":5}],"date":"Oct 22, 2022, 2:01:40 PM"}
{"name":"Banshee","level":23,"killCount":-1,"type":"NPC","drops":[{"name":"Pure essence","id":7937,"quantity":13,"price":2}],"date":"Oct 22, 2022, 2:01:45 PM"}
{"name":"Banshee","level":23,"killCount":-1,"type":"NPC","drops":[{"name":"Iron mace","id":1420,"quantity":1,"price":87}],"date":"Oct 22, 2022, 2:01:49 PM"}
{"name":"Banshee","level":23,"killCount":-1,"type":"NPC","drops":[{"name":"Pure essence","id":7937,"quantity":13,"price":2}],"date":"Oct 22, 2022, 2:01:52 PM"}
{"name":"Banshee","level":23,"killCount":-1,"type":"NPC","drops":[{"name":"Coins","id":995,"quantity":13,"price":1}],"date":"Oct 22, 2022, 2:01:57 PM"}
{"name":"Banshee","level":23,"killCount":-1,"type":"NPC","drops":[{"name":"Pure essence","id":7937,"quantity":13,"price":2}],"date":"Oct 22, 2022, 2:02:04 PM"}
{"name":"Banshee","level":23,"killCount":-1,"type":"NPC","drops":[{"name":"Grimy avantoe","id":211,"quantity":1,"price":1609}],"date":"Oct 22, 2022, 2:02:06 PM"}
{"name":"Banshee","level":23,"killCount":-1,"type":"NPC","drops":[{"name":"Coins","id":995,"quantity":13,"price":1}],"date":"Oct 22, 2022, 2:02:12 PM"}
{"name":"Banshee","level":23,"killCount":-1,"type":"NPC","drops":[{"name":"Fishing bait","id":313,"quantity":7,"price":4}],"date":"Oct 22, 2022, 2:02:15 PM"}
{"name":"Banshee","level":23,"killCount":-1,"type":"NPC","drops":[{"name":"Pure essence","id":7937,"quantity":13,"price":2}],"date":"Oct 22, 2022, 2:02:19 PM"}
{"name":"Banshee","level":23,"killCount":-1,"type":"NPC","drops":[{"name":"Grimy guam leaf","id":199,"quantity":1,"price":73}],"date":"Oct 22, 2022, 2:02:24 PM"}
{"name":"Banshee","level":23,"killCount":-1,"type":"NPC","drops":[{"name":"Coins","id":995,"quantity":35,"price":1}],"date":"Oct 22, 2022, 2:02:32 PM"}
{"name":"Banshee","level":23,"killCount":-1,"type":"NPC","drops":[{"name":"Pure essence","id":7937,"quantity":13,"price":2}],"date":"Oct 22, 2022, 2:02:37 PM"}
{"name":"Banshee","level":23,"killCount":-1,"type":"NPC","drops":[{"name":"Fishing bait","id":313,"quantity":7,"price":4}],"date":"Oct 22, 2022, 2:02:43 PM"}
{"name":"Banshee","level":23,"killCount":-1,"type":"NPC","drops":[{"name":"Grimy guam leaf","id":199,"quantity":1,"price":73}],"date":"Oct 22, 2022, 2:02:48 PM"}
{"name":"Banshee","level":23,"killCount":-1,"type":"NPC","drops":[{"name":"Grimy ranarr weed","id":207,"quantity":1,"price":7071}],"date":"Oct 22, 2022, 2:02:50 PM"}
{"name":"Banshee","level":23,"killCount":-1,"type":"NPC","drops":[{"name":"Fire rune","id":554,"quantity":7,"price":5}],"date":"Oct 22, 2022, 2:02:54 PM"}
{"name":"Banshee","level":23,"killCount":-1,"type":"NPC","drops":[{"name":"Pure essence","id":7937,"quantity":13,"price":2}],"date":"Oct 22, 2022, 2:03:03 PM"}
{"name":"Banshee","level":23,"killCount":-1,"type":"NPC","drops":[{"name":"Fishing bait","id":313,"quantity":15,"price":4}],"date":"Oct 22, 2022, 2:03:13 PM"}
{"name":"Banshee","level":23,"killCount":-1,"type":"NPC","drops":[{"name":"Pure essence","id":7937,"quantity":13,"price":2}],"date":"Oct 22, 2022, 2:03:22 PM"}
{"name":"Banshee","level":23,"killCount":-1,"type":"NPC","drops":[{"name":"Fishing bait","id":313,"quantity":15,"price":4}],"date":"Oct 22, 2022, 2:03:24 PM"}
{"name":"Banshee","level":23,"killCount":-1,"type":"NPC","drops":[{"name":"Pure essence","id":7937,"quantity":13,"price":2}],"date":"Oct 22, 2022, 2:03:28 PM"}
{"name":"Banshee","level":23,"killCount":-1,"type":"NPC","drops":[{"name":"Iron kiteshield","id":1191,"quantity":1,"price":106}],"date":"Oct 22, 2022, 2:03:36 PM"}
{"name":"Banshee","level":23,"killCount":-1,"type":"NPC","drops":[{"name":"Eye of newt","id":221,"quantity":1,"price":4}],"date":"Oct 22, 2022, 2:03:39 PM"}
{"name":"Banshee","level":23,"killCount":-1,"type":"NPC","drops":[{"name":"Fishing bait","id":313,"quantity":15,"price":4}],"date":"Oct 22, 2022, 2:03:44 PM"}
{"name":"Banshee","level":23,"killCount":-1,"type":"NPC","drops":[{"name":"Pure essence","id":7937,"quantity":13,"price":2}],"date":"Oct 22, 2022, 2:03:50 PM"}
{"name":"Banshee","level":23,"killCount":-1,"type":"NPC","drops":[{"name":"Pure essence","id":7937,"quantity":13,"price":2}],"date":"Oct 22, 2022, 2:03:54 PM"}
{"name":"Banshee","level":23,"killCount":-1,"type":"NPC","drops":[{"name":"Fishing bait","id":313,"quantity":15,"price":4}],"date":"Oct 22, 2022, 2:04:00 PM"}
{"name":"Banshee","level":23,"killCount":-1,"type":"NPC","drops":[{"name":"Uncut sapphire","id":1623,"quantity":1,"price":251}],"date":"Oct 22, 2022, 2:04:06 PM"}
{"name":"Banshee","level":23,"killCount":-1,"type":"NPC","drops":[{"name":"Coins","id":995,"quantity":26,"price":1}],"date":"Oct 22, 2022, 2:04:10 PM"}
{"name":"Banshee","level":23,"killCount":-1,"type":"NPC","drops":[{"name":"Grimy guam leaf","id":199,"quantity":1,"price":73}],"date":"Oct 22, 2022, 2:04:15 PM"}
{"name":"Banshee","level":23,"killCount":-1,"type":"NPC","drops":[{"name":"Pure essence","id":7937,"quantity":13,"price":2}],"date":"Oct 22, 2022, 2:04:23 PM"}
{"name":"Banshee","level":23,"killCount":-1,"type":"NPC","drops":[{"name":"Grimy guam leaf","id":199,"quantity":1,"price":73}],"date":"Oct 22, 2022, 2:04:28 PM"}
{"name":"Banshee","level":23,"killCount":-1,"type":"NPC","drops":[{"name":"Grimy marrentill","id":201,"quantity":1,"price":31}],"date":"Oct 22, 2022, 2:04:38 PM"}
{"name":"Banshee","level":23,"killCount":-1,"type":"NPC","drops":[{"name":"Grimy tarromin","id":203,"quantity":1,"price":119}],"date":"Oct 22, 2022, 2:04:45 PM"}
{"name":"Banshee","level":23,"killCount":-1,"type":"NPC","drops":[{"name":"Fishing bait","id":313,"quantity":15,"price":4}],"date":"Oct 22, 2022, 2:04:57 PM"}
{"name":"Banshee","level":23,"killCount":-1,"type":"NPC","drops":[{"name":"Coins","id":995,"quantity":35,"price":1}],"date":"Oct 22, 2022, 2:04:59 PM"}
{"name":"Banshee","level":23,"killCount":-1,"type":"NPC","drops":[{"name":"Coins","id":995,"quantity":35,"price":1}],"date":"Oct 22, 2022, 2:05:02 PM"}
{"name":"Banshee","level":23,"killCount":-1,"type":"NPC","drops":[{"name":"Fishing bait","id":313,"quantity":15,"price":4}],"date":"Oct 22, 2022, 2:05:11 PM"}
{"name":"Banshee","level":23,"killCount":-1,"type":"NPC","drops":[{"name":"Eye of newt","id":221,"quantity":1,"price":4}],"date":"Oct 22, 2022, 2:05:14 PM"}
{"name":"Banshee","level":23,"killCount":-1,"type":"NPC","drops":[{"name":"Grimy kwuarm","id":213,"quantity":1,"price":1653}],"date":"Oct 22, 2022, 2:05:16 PM"}
{"name":"Banshee","level":23,"killCount":-1,"type":"NPC","drops":[{"name":"Grimy marrentill","id":201,"quantity":1,"price":31}],"date":"Oct 22, 2022, 2:05:24 PM"}
{"name":"Banshee","level":23,"killCount":-1,"type":"NPC","drops":[{"name":"Coins","id":995,"quantity":35,"price":1}],"date":"Oct 22, 2022, 2:05:29 PM"}
{"name":"Banshee","level":23,"killCount":-1,"type":"NPC","drops":[{"name":"Grimy guam leaf","id":199,"quantity":1,"price":73}],"date":"Oct 22, 2022, 2:05:32 PM"}
{"name":"Banshee","level":23,"killCount":-1,"type":"NPC","drops":[{"name":"Coins","id":995,"quantity":35,"price":1}],"date":"Oct 22, 2022, 2:05:41 PM"}
{"name":"Banshee","level":23,"killCount":-1,"type":"NPC","drops":[{"name":"Grimy marrentill","id":201,"quantity":1,"price":31}],"date":"Oct 22, 2022, 2:05:45 PM"}
{"name":"Banshee","level":23,"killCount":-1,"type":"NPC","drops":[{"name":"Grimy marrentill","id":201,"quantity":1,"price":31}],"date":"Oct 22, 2022, 2:05:55 PM"}
{"name":"Banshee","level":23,"killCount":-1,"type":"NPC","drops":[{"name":"Coins","id":995,"quantity":26,"price":1}],"date":"Oct 22, 2022, 2:06:00 PM"}
{"name":"Banshee","level":23,"killCount":-1,"type":"NPC","drops":[{"name":"Coins","id":995,"quantity":26,"price":1}],"date":"Oct 22, 2022, 2:06:05 PM"}
{"name":"Banshee","level":23,"killCount":-1,"type":"NPC","drops":[{"name":"Grimy harralander","id":205,"quantity":1,"price":873}],"date":"Oct 22, 2022, 2:06:07 PM"}
{"name":"Banshee","level":23,"killCount":-1,"type":"NPC","drops":[{"name":"Pure essence","id":7937,"quantity":13,"price":2}],"date":"Oct 22, 2022, 2:06:10 PM"}
{"name":"Banshee","level":23,"killCount":-1,"type":"NPC","drops":[{"name":"Grimy guam leaf","id":199,"quantity":1,"price":73}],"date":"Oct 22, 2022, 2:06:16 PM"}
{"name":"Banshee","level":23,"killCount":-1,"type":"NPC","drops":[{"name":"Iron dagger","id":1203,"quantity":1,"price":85}],"date":"Oct 22, 2022, 2:06:19 PM"}
{"name":"Banshee","level":23,"killCount":-1,"type":"NPC","drops":[{"name":"Grimy tarromin","id":203,"quantity":1,"price":119}],"date":"Oct 22, 2022, 2:06:24 PM"}
{"name":"Banshee","level":23,"killCount":-1,"type":"NPC","drops":[{"name":"Grimy guam leaf","id":199,"quantity":1,"price":73}],"date":"Oct 22, 2022, 2:06:29 PM"}
{"name":"Banshee","level":23,"killCount":-1,"type":"NPC","drops":[{"name":"Coins","id":995,"quantity":35,"price":1}],"date":"Oct 22, 2022, 2:06:31 PM"}
{"name":"Banshee","level":23,"killCount":-1,"type":"NPC","drops":[{"name":"Cosmic rune","id":564,"quantity":2,"price":118}],"date":"Oct 22, 2022, 2:06:36 PM"}
{"name":"Banshee","level":23,"killCount":-1,"type":"NPC","drops":[{"name":"Pure essence","id":7937,"quantity":13,"price":2}],"date":"Oct 22, 2022, 2:06:40 PM"}
{"name":"Banshee","level":23,"killCount":-1,"type":"NPC","drops":[{"name":"Coins","id":995,"quantity":13,"price":1}],"date":"Oct 22, 2022, 2:06:45 PM"}
{"name":"Banshee","level":23,"killCount":-1,"type":"NPC","drops":[{"name":"Fishing bait","id":313,"quantity":15,"price":4}],"date":"Oct 22, 2022, 2:06:56 PM"}
{"name":"Banshee","level":23,"killCount":-1,"type":"NPC","drops":[{"name":"Chaos rune","id":562,"quantity":7,"price":79}],"date":"Oct 22, 2022, 2:07:00 PM"}
{"name":"Banshee","level":23,"killCount":-1,"type":"NPC","drops":[{"name":"Pure essence","id":7937,"quantity":13,"price":2}],"date":"Oct 22, 2022, 2:07:03 PM"}
{"name":"Banshee","level":23,"killCount":-1,"type":"NPC","drops":[{"name":"Pure essence","id":7937,"quantity":13,"price":2}],"date":"Oct 22, 2022, 2:07:08 PM"}
{"name":"Banshee","level":23,"killCount":-1,"type":"NPC","drops":[{"name":"Pure essence","id":7937,"quantity":13,"price":2}],"date":"Oct 22, 2022, 2:07:24 PM"}
{"name":"Banshee","level":23,"killCount":-1,"type":"NPC","drops":[{"name":"Fishing bait","id":313,"quantity":15,"price":4}],"date":"Oct 22, 2022, 2:07:27 PM"}
{"name":"Banshee","level":23,"killCount":-1,"type":"NPC","drops":[{"name":"Coins","id":995,"quantity":35,"price":1}],"date":"Oct 22, 2022, 2:07:39 PM"}
{"name":"Banshee","level":23,"killCount":-1,"type":"NPC","drops":[{"name":"Grimy tarromin","id":203,"quantity":1,"price":119}],"date":"Oct 22, 2022, 2:07:42 PM"}
{"name":"Banshee","level":23,"killCount":-1,"type":"NPC","drops":[{"name":"Grimy guam leaf","id":199,"quantity":1,"price":73}],"date":"Oct 22, 2022, 2:07:50 PM"}
{"name":"Banshee","level":23,"killCount":-1,"type":"NPC","drops":[{"name":"Eye of newt","id":221,"quantity":1,"price":4}],"date":"Oct 22, 2022, 2:08:12 PM"}
{"name":"Banshee","level":23,"killCount":-1,"type":"NPC","drops":[{"name":"Air rune","id":556,"quantity":3,"price":5}],"date":"Oct 22, 2022, 2:08:14 PM"}
{"name":"Banshee","level":23,"killCount":-1,"type":"NPC","drops":[{"name":"Uncut ruby","id":1619,"quantity":1,"price":1117}],"date":"Oct 22, 2022, 2:08:18 PM"}
{"name":"Banshee","level":23,"killCount":-1,"type":"NPC","drops":[{"name":"Fishing bait","id":313,"quantity":15,"price":4}],"date":"Oct 22, 2022, 2:08:25 PM"}
{"name":"Banshee","level":23,"killCount":-1,"type":"NPC","drops":[{"name":"Coins","id":995,"quantity":13,"price":1}],"date":"Oct 22, 2022, 2:08:32 PM"}
{"name":"Banshee","level":23,"killCount":-1,"type":"NPC","drops":[{"name":"Grimy harralander","id":205,"quantity":1,"price":873}],"date":"Oct 22, 2022, 2:08:36 PM"}
{"name":"Banshee","level":23,"killCount":-1,"type":"NPC","drops":[{"name":"Fishing bait","id":313,"quantity":15,"price":4}],"date":"Oct 22, 2022, 2:08:39 PM"}
{"name":"Banshee","level":23,"killCount":-1,"type":"NPC","drops":[{"name":"Grimy guam leaf","id":199,"quantity":1,"price":73}],"date":"Oct 22, 2022, 2:08:46 PM"}
{"name":"Banshee","level":23,"killCount":-1,"type":"NPC","drops":[{"name":"Pure essence","id":7937,"quantity":13,"price":2}],"date":"Oct 22, 2022, 2:08:49 PM"}
{"name":"Banshee","level":23,"killCount":-1,"type":"NPC","drops":[{"name":"Clue scroll (easy)","id":3502,"quantity":1,"price":0},{"name":"Air rune","id":556,"quantity":3,"price":5}],"date":"Oct 22, 2022, 2:08:51 PM"}
{"name":"Banshee","level":23,"killCount":-1,"type":"NPC","drops":[{"name":"Coins","id":995,"quantity":13,"price":1}],"date":"Oct 22, 2022, 2:08:54 PM"}
{"name":"Banshee","level":23,"killCount":-1,"type":"NPC","drops":[{"name":"Coins","id":995,"quantity":13,"price":1}],"date":"Oct 22, 2022, 2:09:09 PM"}
{"name":"Banshee","level":23,"killCount":-1,"type":"NPC","drops":[{"name":"Iron kiteshield","id":1191,"quantity":1,"price":106}],"date":"Oct 22, 2022, 2:09:13 PM"}
{"name":"Banshee","level":23,"killCount":-1,"type":"NPC","drops":[{"name":"Grimy marrentill","id":201,"quantity":1,"price":31}],"date":"Oct 22, 2022, 2:09:17 PM"}
{"name":"Banshee","level":23,"killCount":-1,"type":"NPC","drops":[{"name":"Fishing bait","id":313,"quantity":7,"price":4}],"date":"Oct 22, 2022, 2:09:18 PM"}
{"name":"Banshee","level":23,"killCount":-1,"type":"NPC","drops":[{"name":"Grimy irit leaf","id":209,"quantity":1,"price":725}],"date":"Oct 22, 2022, 2:09:32 PM"}
{"name":"Banshee","level":23,"killCount":-1,"type":"NPC","drops":[{"name":"Fishing bait","id":313,"quantity":7,"price":4}],"date":"Oct 22, 2022, 2:09:41 PM"}
{"name":"Banshee","level":23,"killCount":-1,"type":"NPC","drops":[{"name":"Coins","id":995,"quantity":13,"price":1}],"date":"Oct 22, 2022, 2:09:48 PM"}
{"name":"Banshee","level":23,"killCount":-1,"type":"NPC","drops":[{"name":"Cosmic rune","id":564,"quantity":2,"price":118}],"date":"Oct 22, 2022, 2:09:54 PM"}
{"name":"Banshee","level":23,"killCount":-1,"type":"NPC","drops":[{"name":"Fishing bait","id":313,"quantity":15,"price":4}],"date":"Oct 22, 2022, 2:09:57 PM"}
{"name":"Banshee","level":23,"killCount":-1,"type":"NPC","drops":[{"name":"Coins","id":995,"quantity":35,"price":1}],"date":"Oct 22, 2022, 2:10:07 PM"}
{"name":"Banshee","level":23,"killCount":-1,"type":"NPC","drops":[{"name":"Fishing bait","id":313,"quantity":15,"price":4}],"date":"Oct 22, 2022, 2:10:13 PM"}
{"name":"Banshee","level":23,"killCount":-1,"type":"NPC","drops":[{"name":"Pure essence","id":7937,"quantity":13,"price":2}],"date":"Oct 22, 2022, 2:10:15 PM"}
{"name":"Banshee","level":23,"killCount":-1,"type":"NPC","drops":[{"name":"Fishing bait","id":313,"quantity":7,"price":4}],"date":"Oct 22, 2022, 2:10:20 PM"}
{"name":"Banshee","level":23,"killCount":-1,"type":"NPC","drops":[{"name":"Pure essence","id":7937,"quantity":13,"price":2}],"date":"Oct 22, 2022, 2:10:50 PM"}
{"name":"Banshee","level":23,"killCount":-1,"type":"NPC","drops":[{"name":"Grimy avantoe","id":211,"quantity":1,"price":1609}],"date":"Oct 22, 2022, 2:10:59 PM"}
{"name":"Banshee","level":23,"killCount":-1,"type":"NPC","drops":[{"name":"Grimy guam leaf","id":199,"quantity":1,"price":73}],"date":"Oct 22, 2022, 2:11:02 PM"}
{"name":"Banshee","level":23,"killCount":-1,"type":"NPC","drops":[{"name":"Fishing bait","id":313,"quantity":15,"price":4}],"date":"Oct 22, 2022, 2:11:09 PM"}
{"name":"Banshee","level":23,"killCount":-1,"type":"NPC","drops":[{"name":"Pure essence","id":7937,"quantity":13,"price":2}],"date":"Oct 22, 2022, 2:11:17 PM"}
{"name":"Banshee","level":23,"killCount":-1,"type":"NPC","drops":[{"name":"Coins","id":995,"quantity":35,"price":1}],"date":"Oct 22, 2022, 2:11:25 PM"}
{"name":"Banshee","level":23,"killCount":-1,"type":"NPC","drops":[{"name":"Coins","id":995,"quantity":13,"price":1}],"date":"Oct 22, 2022, 2:11:27 PM"}
{"name":"Banshee","level":23,"killCount":-1,"type":"NPC","drops":[{"name":"Coins","id":995,"quantity":13,"price":1}],"date":"Oct 22, 2022, 2:11:35 PM"}
{"name":"Banshee","level":23,"killCount":-1,"type":"NPC","drops":[{"name":"Pure essence","id":7937,"quantity":13,"price":2}],"date":"Oct 22, 2022, 2:11:54 PM"}
{"name":"Banshee","level":23,"killCount":-1,"type":"NPC","drops":[{"name":"Coins","id":995,"quantity":13,"price":1}],"date":"Oct 22, 2022, 2:11:57 PM"}
{"name":"Banshee","level":23,"killCount":-1,"type":"NPC","drops":[{"name":"Coins","id":995,"quantity":26,"price":1}],"date":"Oct 22, 2022, 2:12:04 PM"}
{"name":"Banshee","level":23,"killCount":-1,"type":"NPC","drops":[{"name":"Grimy guam leaf","id":199,"quantity":1,"price":73}],"date":"Oct 22, 2022, 2:12:18 PM"}
{"name":"Banshee","level":23,"killCount":-1,"type":"NPC","drops":[{"name":"Fishing bait","id":313,"quantity":15,"price":4}],"date":"Oct 22, 2022, 2:12:23 PM"}
{"name":"Banshee","level":23,"killCount":-1,"type":"NPC","drops":[{"name":"Grimy marrentill","id":201,"quantity":1,"price":31}],"date":"Oct 22, 2022, 2:12:33 PM"}
{"name":"Banshee","level":23,"killCount":-1,"type":"NPC","drops":[{"name":"Grimy ranarr weed","id":207,"quantity":1,"price":7071}],"date":"Oct 22, 2022, 2:13:02 PM"}
{"name":"Banshee","level":23,"killCount":-1,"type":"NPC","drops":[{"name":"Fishing bait","id":313,"quantity":7,"price":4}],"date":"Oct 22, 2022, 2:13:21 PM"}
{"name":"Banshee","level":23,"killCount":-1,"type":"NPC","drops":[{"name":"Grimy tarromin","id":203,"quantity":1,"price":119}],"date":"Oct 22, 2022, 2:13:25 PM"}
{"name":"Banshee","level":23,"killCount":-1,"type":"NPC","drops":[{"name":"Coins","id":995,"quantity":13,"price":1}],"date":"Oct 22, 2022, 2:13:30 PM"}
{"name":"Banshee","level":23,"killCount":-1,"type":"NPC","drops":[{"name":"Pure essence","id":7937,"quantity":13,"price":2}],"date":"Oct 22, 2022, 2:13:38 PM"}
{"name":"Banshee","level":23,"killCount":-1,"type":"NPC","drops":[{"name":"Coins","id":995,"quantity":13,"price":1}],"date":"Oct 22, 2022, 2:13:47 PM"}
{"name":"Banshee","level":23,"killCount":-1,"type":"NPC","drops":[{"name":"Fishing bait","id":313,"quantity":7,"price":4}],"date":"Oct 22, 2022, 2:14:09 PM"}
{"name":"Banshee","level":23,"killCount":-1,"type":"NPC","drops":[{"name":"Grimy tarromin","id":203,"quantity":1,"price":119}],"date":"Oct 22, 2022, 2:14:17 PM"}
{"name":"Banshee","level":23,"killCount":-1,"type":"NPC","drops":[{"name":"Pure essence","id":7937,"quantity":13,"price":2}],"date":"Oct 22, 2022, 2:14:24 PM"}
{"name":"Banshee","level":23,"killCount":-1,"type":"NPC","drops":[{"name":"Coins","id":995,"quantity":35,"price":1}],"date":"Oct 22, 2022, 2:14:35 PM"}
{"name":"Banshee","level":23,"killCount":-1,"type":"NPC","drops":[{"name":"Fishing bait","id":313,"quantity":7,"price":4}],"date":"Oct 22, 2022, 2:14:40 PM"}
{"name":"Banshee","level":23,"killCount":-1,"type":"NPC","drops":[{"name":"Iron mace","id":1420,"quantity":1,"price":87}],"date":"Oct 22, 2022, 2:14:44 PM"}
{"name":"Banshee","level":23,"killCount":-1,"type":"NPC","drops":[{"name":"Eye of newt","id":221,"quantity":1,"price":4}],"date":"Oct 22, 2022, 2:15:03 PM"}
{"name":"Banshee","level":23,"killCount":-1,"type":"NPC","drops":[{"name":"Fishing bait","id":313,"quantity":7,"price":4}],"date":"Oct 22, 2022, 2:15:09 PM"}
{"name":"Banshee","level":23,"killCount":-1,"type":"NPC","drops":[{"name":"Fishing bait","id":313,"quantity":15,"price":4}],"date":"Oct 22, 2022, 2:15:14 PM"}
{"name":"Banshee","level":23,"killCount":-1,"type":"NPC","drops":[{"name":"Fishing bait","id":313,"quantity":15,"price":4}],"date":"Oct 22, 2022, 2:15:25 PM"}
{"name":"Banshee","level":23,"killCount":-1,"type":"NPC","drops":[{"name":"Grimy guam leaf","id":199,"quantity":1,"price":73}],"date":"Oct 22, 2022, 2:15:32 PM"}
{"name":"Banshee","level":23,"killCount":-1,"type":"NPC","drops":[{"name":"Grimy avantoe","id":211,"quantity":1,"price":1609}],"date":"Oct 22, 2022, 2:15:42 PM"}
{"name":"Banshee","level":23,"killCount":-1,"type":"NPC","drops":[{"name":"Pure essence","id":7937,"quantity":13,"price":2}],"date":"Oct 22, 2022, 2:15:53 PM"}
{"name":"Banshee","level":23,"killCount":-1,"type":"NPC","drops":[{"name":"Pure essence","id":7937,"quantity":13,"price":2}],"date":"Oct 22, 2022, 2:15:56 PM"}
{"name":"Banshee","level":23,"killCount":-1,"type":"NPC","drops":[{"name":"Grimy guam leaf","id":199,"quantity":1,"price":73}],"date":"Oct 22, 2022, 2:16:07 PM"}
{"name":"Banshee","level":23,"killCount":-1,"type":"NPC","drops":[{"name":"Pure essence","id":7937,"quantity":13,"price":2}],"date":"Oct 22, 2022, 2:16:31 PM"}
{"name":"Banshee","level":23,"killCount":-1,"type":"NPC","drops":[{"name":"Grimy kwuarm","id":213,"quantity":1,"price":1653}],"date":"Oct 22, 2022, 2:16:36 PM"}
{"name":"Banshee","level":23,"killCount":-1,"type":"NPC","drops":[{"name":"Grimy tarromin","id":203,"quantity":1,"price":119}],"date":"Oct 22, 2022, 2:16:39 PM"}
{"name":"Banshee","level":23,"killCount":-1,"type":"NPC","drops":[{"name":"Pure essence","id":7937,"quantity":13,"price":2}],"date":"Oct 22, 2022, 2:16:44 PM"}
{"name":"Banshee","level":23,"killCount":-1,"type":"NPC","drops":[{"name":"Pure essence","id":7937,"quantity":13,"price":2}],"date":"Oct 22, 2022, 2:16:47 PM"}
{"name":"Banshee","level":23,"killCount":-1,"type":"NPC","drops":[{"name":"Iron mace","id":1420,"quantity":1,"price":87}],"date":"Oct 22, 2022, 2:16:49 PM"}
{"name":"Banshee","level":23,"killCount":-1,"type":"NPC","drops":[{"name":"Coins","id":995,"quantity":26,"price":1}],"date":"Oct 22, 2022, 2:17:03 PM"}
{"name":"Banshee","level":23,"killCount":-1,"type":"NPC","drops":[{"name":"Fishing bait","id":313,"quantity":15,"price":4}],"date":"Oct 22, 2022, 2:17:09 PM"}
{"name":"Banshee","level":23,"killCount":-1,"type":"NPC","drops":[{"name":"Fishing bait","id":313,"quantity":15,"price":4}],"date":"Oct 22, 2022, 2:17:13 PM"}
{"name":"Banshee","level":23,"killCount":-1,"type":"NPC","drops":[{"name":"Grimy guam leaf","id":199,"quantity":1,"price":73}],"date":"Oct 22, 2022, 2:17:17 PM"}
{"name":"Banshee","level":23,"killCount":-1,"type":"NPC","drops":[{"name":"Grimy guam leaf","id":199,"quantity":1,"price":73}],"date":"Oct 22, 2022, 2:17:21 PM"}
{"name":"Banshee","level":23,"killCount":-1,"type":"NPC","drops":[{"name":"Chaos rune","id":562,"quantity":3,"price":79}],"date":"Oct 22, 2022, 2:17:23 PM"}
{"name":"Banshee","level":23,"killCount":-1,"type":"NPC","drops":[{"name":"Grimy irit leaf","id":209,"quantity":1,"price":725}],"date":"Oct 22, 2022, 2:17:27 PM"}
{"name":"Banshee","level":23,"killCount":-1,"type":"NPC","drops":[{"name":"Grimy ranarr weed","id":207,"quantity":1,"price":7071}],"date":"Oct 22, 2022, 2:17:35 PM"}
{"name":"Banshee","level":23,"killCount":-1,"type":"NPC","drops":[{"name":"Grimy irit leaf","id":209,"quantity":1,"price":725}],"date":"Oct 22, 2022, 2:25:44 PM"}
{"name":"Banshee","level":23,"killCount":-1,"type":"NPC","drops":[{"name":"Fishing bait","id":313,"quantity":15,"price":4}],"date":"Oct 22, 2022, 2:26:05 PM"}
{"name":"Banshee","level":23,"killCount":-1,"type":"NPC","drops":[{"name":"Grimy avantoe","id":211,"quantity":1,"price":1609}],"date":"Oct 22, 2022, 2:26:08 PM"}
{"name":"Banshee","level":23,"killCount":-1,"type":"NPC","drops":[{"name":"Eye of newt","id":221,"quantity":1,"price":4}],"date":"Oct 22, 2022, 2:26:19 PM"}
{"name":"Banshee","level":23,"killCount":-1,"type":"NPC","drops":[{"name":"Chaos rune","id":562,"quantity":3,"price":79}],"date":"Oct 22, 2022, 2:26:25 PM"}
{"name":"Banshee","level":23,"killCount":-1,"type":"NPC","drops":[{"name":"Fishing bait","id":313,"quantity":15,"price":4}],"date":"Oct 22, 2022, 2:26:27 PM"}
{"name":"Banshee","level":23,"killCount":-1,"type":"NPC","drops":[{"name":"Chaos rune","id":562,"quantity":3,"price":79}],"date":"Oct 22, 2022, 2:26:30 PM"}
{"name":"Banshee","level":23,"killCount":-1,"type":"NPC","drops":[{"name":"Iron ore","id":440,"quantity":1,"price":114}],"date":"Oct 22, 2022, 2:26:35 PM"}
{"name":"Banshee","level":23,"killCount":-1,"type":"NPC","drops":[{"name":"Pure essence","id":7937,"quantity":13,"price":2}],"date":"Oct 22, 2022, 2:26:40 PM"}
{"name":"Banshee","level":23,"killCount":-1,"type":"NPC","drops":[{"name":"Grimy guam leaf","id":199,"quantity":1,"price":73}],"date":"Oct 22, 2022, 2:26:44 PM"}
{"name":"Banshee","level":23,"killCount":-1,"type":"NPC","drops":[{"name":"Fishing bait","id":313,"quantity":15,"price":4}],"date":"Oct 22, 2022, 2:26:52 PM"}
{"name":"Banshee","level":23,"killCount":-1,"type":"NPC","drops":[{"name":"Grimy marrentill","id":201,"quantity":1,"price":31}],"date":"Oct 22, 2022, 2:26:59 PM"}
{"name":"Banshee","level":23,"killCount":-1,"type":"NPC","drops":[{"name":"Pure essence","id":7937,"quantity":13,"price":2}],"date":"Oct 22, 2022, 2:27:06 PM"}
{"name":"Banshee","level":23,"killCount":-1,"type":"NPC","drops":[{"name":"Pure essence","id":7937,"quantity":13,"price":2}],"date":"Oct 22, 2022, 2:27:10 PM"}
{"name":"Banshee","level":23,"killCount":-1,"type":"NPC","drops":[{"name":"Iron ore","id":440,"quantity":1,"price":114}],"date":"Oct 22, 2022, 2:27:12 PM"}
{"name":"Banshee","level":23,"killCount":-1,"type":"NPC","drops":[{"name":"Pure essence","id":7937,"quantity":13,"price":2}],"date":"Oct 22, 2022, 2:27:17 PM"}
{"name":"Banshee","level":23,"killCount":-1,"type":"NPC","drops":[{"name":"Grimy kwuarm","id":213,"quantity":1,"price":1653}],"date":"Oct 22, 2022, 2:27:26 PM"}
{"name":"Banshee","level":23,"killCount":-1,"type":"NPC","drops":[{"name":"Eye of newt","id":221,"quantity":1,"price":4}],"date":"Oct 22, 2022, 2:27:33 PM"}
{"name":"Banshee","level":23,"killCount":-1,"type":"NPC","drops":[{"name":"Chaos rune","id":562,"quantity":3,"price":79}],"date":"Oct 22, 2022, 2:27:40 PM"}
{"name":"Banshee","level":23,"killCount":-1,"type":"NPC","drops":[{"name":"Pure essence","id":7937,"quantity":13,"price":2}],"date":"Oct 22, 2022, 2:27:43 PM"}
{"name":"Banshee","level":23,"killCount":-1,"type":"NPC","drops":[{"name":"Grimy tarromin","id":203,"quantity":1,"price":119}],"date":"Oct 22, 2022, 2:27:46 PM"}
{"name":"Banshee","level":23,"killCount":-1,"type":"NPC","drops":[{"name":"Grimy dwarf weed","id":217,"quantity":1,"price":699}],"date":"Oct 22, 2022, 2:27:53 PM"}
{"name":"Banshee","level":23,"killCount":-1,"type":"NPC","drops":[{"name":"Fishing bait","id":313,"quantity":15,"price":4}],"date":"Oct 22, 2022, 2:27:56 PM"}
{"name":"Banshee","level":23,"killCount":-1,"type":"NPC","drops":[{"name":"Iron dagger","id":1203,"quantity":1,"price":85}],"date":"Oct 22, 2022, 2:28:06 PM"}
{"name":"Banshee","level":23,"killCount":-1,"type":"NPC","drops":[{"name":"Fishing bait","id":313,"quantity":15,"price":4}],"date":"Oct 22, 2022, 2:28:11 PM"}
{"name":"Banshee","level":23,"killCount":-1,"type":"NPC","drops":[{"name":"Pure essence","id":7937,"quantity":13,"price":2}],"date":"Oct 22, 2022, 2:28:14 PM"}
{"name":"Banshee","level":23,"killCount":-1,"type":"NPC","drops":[{"name":"Grimy guam leaf","id":199,"quantity":1,"price":73}],"date":"Oct 22, 2022, 2:28:24 PM"}
{"name":"Banshee","level":23,"killCount":-1,"type":"NPC","drops":[{"name":"Fishing bait","id":313,"quantity":15,"price":4}],"date":"Oct 22, 2022, 2:28:42 PM"}
{"name":"Banshee","level":23,"killCount":-1,"type":"NPC","drops":[{"name":"Fishing bait","id":313,"quantity":15,"price":4}],"date":"Oct 22, 2022, 2:28:47 PM"}
{"name":"Banshee","level":23,"killCount":-1,"type":"NPC","drops":[{"name":"Coins","id":995,"quantity":35,"price":1}],"date":"Oct 22, 2022, 2:28:54 PM"}
{"name":"Banshee","level":23,"killCount":-1,"type":"NPC","drops":[{"name":"Pure essence","id":7937,"quantity":13,"price":2}],"date":"Oct 22, 2022, 2:28:59 PM"}
{"name":"Banshee","level":23,"killCount":-1,"type":"NPC","drops":[{"name":"Fishing bait","id":313,"quantity":7,"price":4}],"date":"Oct 22, 2022, 2:29:02 PM"}
{"name":"Banshee","level":23,"killCount":-1,"type":"NPC","drops":[{"name":"Fishing bait","id":313,"quantity":15,"price":4}],"date":"Oct 22, 2022, 2:29:07 PM"}
{"name":"Banshee","level":23,"killCount":-1,"type":"NPC","drops":[{"name":"Fishing bait","id":313,"quantity":15,"price":4}],"date":"Oct 22, 2022, 2:29:11 PM"}
{"name":"Banshee","level":23,"killCount":-1,"type":"NPC","drops":[{"name":"Fishing bait","id":313,"quantity":15,"price":4}],"date":"Oct 22, 2022, 2:29:24 PM"}
{"name":"Banshee","level":23,"killCount":-1,"type":"NPC","drops":[{"name":"Fishing bait","id":313,"quantity":7,"price":4}],"date":"Oct 22, 2022, 2:29:28 PM"}
{"name":"Banshee","level":23,"killCount":-1,"type":"NPC","drops":[{"name":"Coins","id":995,"quantity":13,"price":1}],"date":"Oct 22, 2022, 2:29:32 PM"}
{"name":"Banshee","level":23,"killCount":-1,"type":"NPC","drops":[{"name":"Grimy guam leaf","id":199,"quantity":1,"price":73}],"date":"Oct 22, 2022, 2:29:36 PM"}
{"name":"Banshee","level":23,"killCount":-1,"type":"NPC","drops":[{"name":"Iron ore","id":440,"quantity":1,"price":114}],"date":"Oct 22, 2022, 2:29:39 PM"}
{"name":"Banshee","level":23,"killCount":-1,"type":"NPC","drops":[{"name":"Pure essence","id":7937,"quantity":13,"price":2}],"date":"Oct 22, 2022, 2:29:48 PM"}
{"name":"Banshee","level":23,"killCount":-1,"type":"NPC","drops":[{"name":"Coins","id":995,"quantity":26,"price":1}],"date":"Oct 22, 2022, 2:29:51 PM"}
{"name":"Banshee","level":23,"killCount":-1,"type":"NPC","drops":[{"name":"Fishing bait","id":313,"quantity":15,"price":4}],"date":"Oct 22, 2022, 2:29:53 PM"}
{"name":"Banshee","level":23,"killCount":-1,"type":"NPC","drops":[{"name":"Grimy guam leaf","id":199,"quantity":1,"price":73}],"date":"Oct 22, 2022, 2:29:56 PM"}
{"name":"Banshee","level":23,"killCount":-1,"type":"NPC","drops":[{"name":"Coins","id":995,"quantity":13,"price":1}],"date":"Oct 22, 2022, 2:30:05 PM"}
{"name":"Banshee","level":23,"killCount":-1,"type":"NPC","drops":[{"name":"Pure essence","id":7937,"quantity":13,"price":2}],"date":"Oct 22, 2022, 2:30:10 PM"}
{"name":"Banshee","level":23,"killCount":-1,"type":"NPC","drops":[{"name":"Fishing bait","id":313,"quantity":15,"price":4}],"date":"Oct 22, 2022, 2:30:36 PM"}
{"name":"Banshee","level":23,"killCount":-1,"type":"NPC","drops":[{"name":"Pure essence","id":7937,"quantity":13,"price":2}],"date":"Oct 22, 2022, 2:30:39 PM"}
{"name":"Banshee","level":23,"killCount":-1,"type":"NPC","drops":[{"name":"Grimy tarromin","id":203,"quantity":1,"price":119}],"date":"Oct 22, 2022, 2:30:42 PM"}
{"name":"Banshee","level":23,"killCount":-1,"type":"NPC","drops":[{"name":"Grimy cadantine","id":215,"quantity":1,"price":2069}],"date":"Oct 22, 2022, 2:30:45 PM"}
{"name":"Banshee","level":23,"killCount":-1,"type":"NPC","drops":[{"name":"Grimy tarromin","id":203,"quantity":1,"price":119}],"date":"Oct 22, 2022, 2:30:54 PM"}
{"name":"Banshee","level":23,"killCount":-1,"type":"NPC","drops":[{"name":"Coins","id":995,"quantity":35,"price":1}],"date":"Oct 22, 2022, 2:31:03 PM"}
{"name":"Banshee","level":23,"killCount":-1,"type":"NPC","drops":[{"name":"Fishing bait","id":313,"quantity":15,"price":4}],"date":"Oct 22, 2022, 2:31:16 PM"}
{"name":"Banshee","level":23,"killCount":-1,"type":"NPC","drops":[{"name":"Coins","id":995,"quantity":13,"price":1}],"date":"Oct 22, 2022, 2:31:26 PM"}
{"name":"Banshee","level":23,"killCount":-1,"type":"NPC","drops":[{"name":"Chaos rune","id":562,"quantity":7,"price":79}],"date":"Oct 22, 2022, 2:31:31 PM"}
{"name":"Banshee","level":23,"killCount":-1,"type":"NPC","drops":[{"name":"Fishing bait","id":313,"quantity":7,"price":4}],"date":"Oct 22, 2022, 2:31:34 PM"}
{"name":"Banshee","level":23,"killCount":-1,"type":"NPC","drops":[{"name":"Coins","id":995,"quantity":26,"price":1}],"date":"Oct 22, 2022, 2:31:37 PM"}
{"name":"Banshee","level":23,"killCount":-1,"type":"NPC","drops":[{"name":"Coins","id":995,"quantity":26,"price":1}],"date":"Oct 22, 2022, 2:31:39 PM"}
{"name":"Banshee","level":23,"killCount":-1,"type":"NPC","drops":[{"name":"Grimy irit leaf","id":209,"quantity":1,"price":725}],"date":"Oct 22, 2022, 2:31:48 PM"}
{"name":"Banshee","level":23,"killCount":-1,"type":"NPC","drops":[{"name":"Grimy harralander","id":205,"quantity":1,"price":873}],"date":"Oct 22, 2022, 2:31:51 PM"}
{"name":"Banshee","level":23,"killCount":-1,"type":"NPC","drops":[{"name":"Grimy avantoe","id":211,"quantity":1,"price":1609}],"date":"Oct 22, 2022, 2:31:58 PM"}
{"name":"Banshee","level":23,"killCount":-1,"type":"NPC","drops":[{"name":"Coins","id":995,"quantity":26,"price":1}],"date":"Oct 22, 2022, 2:32:12 PM"}
{"name":"Banshee","level":23,"killCount":-1,"type":"NPC","drops":[{"name":"Air rune","id":556,"quantity":3,"price":5}],"date":"Oct 22, 2022, 2:32:17 PM"}
{"name":"Banshee","level":23,"killCount":-1,"type":"NPC","drops":[{"name":"Grimy marrentill","id":201,"quantity":1,"price":31}],"date":"Oct 22, 2022, 2:32:26 PM"}
{"name":"Banshee","level":23,"killCount":-1,"type":"NPC","drops":[{"name":"Fishing bait","id":313,"quantity":15,"price":4}],"date":"Oct 22, 2022, 2:32:29 PM"}
{"name":"Banshee","level":23,"killCount":-1,"type":"NPC","drops":[{"name":"Grimy guam leaf","id":199,"quantity":1,"price":73}],"date":"Oct 22, 2022, 2:32:33 PM"}
{"name":"Banshee","level":23,"killCount":-1,"type":"NPC","drops":[{"name":"Grimy ranarr weed","id":207,"quantity":1,"price":7071}],"date":"Oct 22, 2022, 2:32:38 PM"}
{"name":"Banshee","level":23,"killCount":-1,"type":"NPC","drops":[{"name":"Pure essence","id":7937,"quantity":13,"price":2}],"date":"Oct 22, 2022, 2:32:50 PM"}
{"name":"Banshee","level":23,"killCount":-1,"type":"NPC","drops":[{"name":"Pure essence","id":7937,"quantity":13,"price":2}],"date":"Oct 22, 2022, 2:32:53 PM"}
{"name":"Banshee","level":23,"killCount":-1,"type":"NPC","drops":[{"name":"Coins","id":995,"quantity":26,"price":1}],"date":"Oct 22, 2022, 2:32:56 PM"}
{"name":"Banshee","level":23,"killCount":-1,"type":"NPC","drops":[{"name":"Chaos rune","id":562,"quantity":3,"price":79}],"date":"Oct 22, 2022, 2:33:01 PM"}
{"name":"Banshee","level":23,"killCount":-1,"type":"NPC","drops":[{"name":"Pure essence","id":7937,"quantity":13,"price":2}],"date":"Oct 22, 2022, 2:33:05 PM"}
{"name":"Banshee","level":23,"killCount":-1,"type":"NPC","drops":[{"name":"Pure essence","id":7937,"quantity":13,"price":2}],"date":"Oct 22, 2022, 2:33:13 PM"}
{"name":"Banshee","level":23,"killCount":-1,"type":"NPC","drops":[{"name":"Grimy marrentill","id":201,"quantity":1,"price":31}],"date":"Oct 22, 2022, 2:33:20 PM"}
{"name":"Banshee","level":23,"killCount":-1,"type":"NPC","drops":[{"name":"Coins","id":995,"quantity":35,"price":1}],"date":"Oct 22, 2022, 2:33:27 PM"}
{"name":"Banshee","level":23,"killCount":-1,"type":"NPC","drops":[{"name":"Coins","id":995,"quantity":35,"price":1}],"date":"Oct 22, 2022, 2:33:32 PM"}
{"name":"Banshee","level":23,"killCount":-1,"type":"NPC","drops":[{"name":"Fishing bait","id":313,"quantity":15,"price":4}],"date":"Oct 22, 2022, 2:33:35 PM"}
{"name":"Banshee","level":23,"killCount":-1,"type":"NPC","drops":[{"name":"Chaos rune","id":562,"quantity":3,"price":79}],"date":"Oct 22, 2022, 2:33:39 PM"}
{"name":"Banshee","level":23,"killCount":-1,"type":"NPC","drops":[{"name":"Iron dagger","id":1203,"quantity":1,"price":85}],"date":"Oct 22, 2022, 2:33:52 PM"}
{"name":"Banshee","level":23,"killCount":-1,"type":"NPC","drops":[{"name":"Grimy marrentill","id":201,"quantity":1,"price":31}],"date":"Oct 22, 2022, 2:34:00 PM"}
{"name":"Banshee","level":23,"killCount":-1,"type":"NPC","drops":[{"name":"Fishing bait","id":313,"quantity":15,"price":4}],"date":"Oct 22, 2022, 2:34:12 PM"}
{"name":"Banshee","level":23,"killCount":-1,"type":"NPC","drops":[{"name":"Pure essence","id":7937,"quantity":13,"price":2}],"date":"Oct 22, 2022, 2:34:17 PM"}
{"name":"Banshee","level":23,"killCount":-1,"type":"NPC","drops":[{"name":"Fire rune","id":554,"quantity":7,"price":5}],"date":"Oct 22, 2022, 2:34:21 PM"}
{"name":"Banshee","level":23,"killCount":-1,"type":"NPC","drops":[{"name":"Coins","id":995,"quantity":35,"price":1}],"date":"Oct 22, 2022, 2:34:26 PM"}
{"name":"Banshee","level":23,"killCount":-1,"type":"NPC","drops":[{"name":"Grimy avantoe","id":211,"quantity":1,"price":1609}],"date":"Oct 22, 2022, 2:34:29 PM"}
{"name":"Banshee","level":23,"killCount":-1,"type":"NPC","drops":[{"name":"Grimy marrentill","id":201,"quantity":1,"price":31}],"date":"Oct 22, 2022, 2:34:38 PM"}
{"name":"Banshee","level":23,"killCount":-1,"type":"NPC","drops":[{"name":"Fishing bait","id":313,"quantity":15,"price":4}],"date":"Oct 22, 2022, 2:34:50 PM"}
{"name":"Banshee","level":23,"killCount":-1,"type":"NPC","drops":[{"name":"Pure essence","id":7937,"quantity":13,"price":2}],"date":"Oct 22, 2022, 2:35:21 PM"}
{"name":"Banshee","level":23,"killCount":-1,"type":"NPC","drops":[{"name":"Pure essence","id":7937,"quantity":13,"price":2}],"date":"Oct 22, 2022, 2:35:35 PM"}
{"name":"Banshee","level":23,"killCount":-1,"type":"NPC","drops":[{"name":"Air rune","id":556,"quantity":3,"price":5}],"date":"Oct 22, 2022, 2:35:45 PM"}
{"name":"Banshee","level":23,"killCount":-1,"type":"NPC","drops":[{"name":"Grimy marrentill","id":201,"quantity":1,"price":31}],"date":"Oct 22, 2022, 2:35:49 PM"}
{"name":"Banshee","level":23,"killCount":-1,"type":"NPC","drops":[{"name":"Coins","id":995,"quantity":35,"price":1}],"date":"Oct 22, 2022, 2:35:56 PM"}
{"name":"Banshee","level":23,"killCount":-1,"type":"NPC","drops":[{"name":"Fishing bait","id":313,"quantity":15,"price":4}],"date":"Oct 22, 2022, 2:36:00 PM"}
{"name":"Banshee","level":23,"killCount":-1,"type":"NPC","drops":[{"name":"Coins","id":995,"quantity":26,"price":1}],"date":"Oct 22, 2022, 2:36:03 PM"}
{"name":"Banshee","level":23,"killCount":-1,"type":"NPC","drops":[{"name":"Coins","id":995,"quantity":26,"price":1}],"date":"Oct 22, 2022, 2:36:10 PM"}
{"name":"Banshee","level":23,"killCount":-1,"type":"NPC","drops":[{"name":"Mystic gloves (dark)","id":4105,"quantity":1,"price":5804}],"date":"Oct 22, 2022, 2:36:12 PM"}
