{"name":"Basilisk Knight","level":204,"killCount":-1,"type":"NPC","drops":[{"name":"Big bones","id":532,"quantity":1,"price":146},{"name":"Rune med helm","id":1147,"quantity":1,"price":11111}],"date":"Jan 17, 2022, 6:59:16 PM"}
{"name":"Basilisk Knight","level":204,"killCount":-1,"type":"NPC","drops":[{"name":"Big bones","id":532,"quantity":1,"price":146},{"name":"Grimy snapdragon","id":3052,"quantity":1,"price":12600}],"date":"Jan 17, 2022, 7:00:25 PM"}
{"name":"Basilisk Knight","level":204,"killCount":-1,"type":"NPC","drops":[{"name":"Big bones","id":532,"quantity":1,"price":146},{"name":"Law rune","id":563,"quantity":20,"price":137}],"date":"Jan 17, 2022, 7:01:33 PM"}
{"name":"Basilisk Knight","level":204,"killCount":-1,"type":"NPC","drops":[{"name":"Big bones","id":532,"quantity":1,"price":146},{"name":"Astral rune","id":9075,"quantity":31,"price":168}],"date":"Jan 17, 2022, 7:02:36 PM"}
{"name":"Basilisk Knight","level":204,"killCount":-1,"type":"NPC","drops":[{"name":"Big bones","id":532,"quantity":1,"price":146},{"name":"Clue scroll (hard)","id":3554,"quantity":1,"price":0},{"name":"Blood rune","id":565,"quantity":8,"price":295}],"date":"Jan 17, 2022, 7:03:49 PM"}
{"name":"Basilisk Knight","level":204,"killCount":-1,"type":"NPC","drops":[{"name":"Big bones","id":532,"quantity":1,"price":146},{"name":"Grimy torstol","id":220,"quantity":1,"price":7155}],"date":"Jan 17, 2022, 7:05:10 PM"}
{"name":"Basilisk Knight","level":204,"killCount":-1,"type":"NPC","drops":[{"name":"Big bones","id":532,"quantity":1,"price":146},{"name":"Coins","id":995,"quantity":2479,"price":1}],"date":"Jan 17, 2022, 7:06:37 PM"}
{"name":"Basilisk Knight","level":204,"killCount":-1,"type":"NPC","drops":[{"name":"Big bones","id":532,"quantity":1,"price":146},{"name":"Coins","id":995,"quantity":1632,"price":1}],"date":"Jan 17, 2022, 7:07:36 PM"}
{"name":"Basilisk Knight","level":204,"killCount":-1,"type":"NPC","drops":[{"name":"Big bones","id":532,"quantity":1,"price":146},{"name":"Nature rune","id":561,"quantity":19,"price":218}],"date":"Jan 17, 2022, 7:08:23 PM"}
{"name":"Basilisk Knight","level":204,"killCount":-1,"type":"NPC","drops":[{"name":"Big bones","id":532,"quantity":1,"price":146},{"name":"Adamant kiteshield","id":1199,"quantity":1,"price":2702}],"date":"Jan 17, 2022, 7:09:22 PM"}
{"name":"Basilisk Knight","level":204,"killCount":-1,"type":"NPC","drops":[{"name":"Big bones","id":532,"quantity":1,"price":146},{"name":"Astral rune","id":9075,"quantity":31,"price":168}],"date":"Jan 17, 2022, 7:10:30 PM"}
{"name":"Basilisk Knight","level":204,"killCount":-1,"type":"NPC","drops":[{"name":"Big bones","id":532,"quantity":1,"price":146},{"name":"Astral rune","id":9075,"quantity":26,"price":168}],"date":"Jan 17, 2022, 7:11:28 PM"}
{"name":"Basilisk Knight","level":204,"killCount":-1,"type":"NPC","drops":[{"name":"Big bones","id":532,"quantity":1,"price":146},{"name":"Coins","id":995,"quantity":2147,"price":1}],"date":"Jan 17, 2022, 7:12:39 PM"}
{"name":"Basilisk Knight","level":204,"killCount":-1,"type":"NPC","drops":[{"name":"Big bones","id":532,"quantity":1,"price":146},{"name":"Astral rune","id":9075,"quantity":20,"price":168}],"date":"Jan 17, 2022, 7:13:30 PM"}
{"name":"Basilisk Knight","level":204,"killCount":-1,"type":"NPC","drops":[{"name":"Big bones","id":532,"quantity":1,"price":146},{"name":"Astral rune","id":9075,"quantity":28,"price":168}],"date":"Jan 17, 2022, 7:14:42 PM"}
{"name":"Basilisk Knight","level":204,"killCount":-1,"type":"NPC","drops":[{"name":"Big bones","id":532,"quantity":1,"price":146},{"name":"Law rune","id":563,"quantity":21,"price":137}],"date":"Jan 17, 2022, 7:16:04 PM"}
{"name":"Basilisk Knight","level":204,"killCount":-1,"type":"NPC","drops":[{"name":"Big bones","id":532,"quantity":1,"price":146},{"name":"Astral rune","id":9075,"quantity":32,"price":168}],"date":"Jan 17, 2022, 7:16:50 PM"}
{"name":"Basilisk Knight","level":204,"killCount":-1,"type":"NPC","drops":[{"name":"Big bones","id":532,"quantity":1,"price":146},{"name":"Astral rune","id":9075,"quantity":31,"price":168}],"date":"Jan 17, 2022, 7:18:04 PM"}
{"name":"Basilisk Knight","level":204,"killCount":-1,"type":"NPC","drops":[{"name":"Big bones","id":532,"quantity":1,"price":146},{"name":"Rune scimitar","id":1333,"quantity":1,"price":14715}],"date":"Jan 17, 2022, 7:19:32 PM"}
{"name":"Basilisk Knight","level":204,"killCount":-1,"type":"NPC","drops":[{"name":"Big bones","id":532,"quantity":1,"price":146},{"name":"Death rune","id":560,"quantity":14,"price":185}],"date":"Jan 17, 2022, 7:24:14 PM"}
{"name":"Basilisk Knight","level":204,"killCount":-1,"type":"NPC","drops":[{"name":"Big bones","id":532,"quantity":1,"price":165},{"name":"Blood rune","id":565,"quantity":17,"price":294}],"date":"Jan 17, 2022, 7:25:26 PM"}
{"name":"Basilisk Knight","level":204,"killCount":-1,"type":"NPC","drops":[{"name":"Big bones","id":532,"quantity":1,"price":165}],"date":"Jan 17, 2022, 7:26:50 PM"}
{"name":"Basilisk Knight","level":204,"killCount":-1,"type":"NPC","drops":[{"name":"Big bones","id":532,"quantity":1,"price":165},{"name":"Law rune","id":563,"quantity":28,"price":138}],"date":"Jan 17, 2022, 7:28:02 PM"}
{"name":"Basilisk Knight","level":204,"killCount":-1,"type":"NPC","drops":[{"name":"Big bones","id":532,"quantity":1,"price":165},{"name":"Blood rune","id":565,"quantity":13,"price":294}],"date":"Jan 17, 2022, 7:30:37 PM"}
{"name":"Basilisk Knight","level":204,"killCount":-1,"type":"NPC","drops":[{"name":"Big bones","id":532,"quantity":1,"price":165},{"name":"Rune battleaxe","id":1373,"quantity":1,"price":24330}],"date":"Jan 17, 2022, 7:32:09 PM"}
{"name":"Basilisk Knight","level":204,"killCount":-1,"type":"NPC","drops":[{"name":"Big bones","id":532,"quantity":1,"price":165},{"name":"Rune axe","id":1359,"quantity":1,"price":7334}],"date":"Jan 17, 2022, 7:33:12 PM"}
{"name":"Basilisk Knight","level":204,"killCount":-1,"type":"NPC","drops":[{"name":"Big bones","id":532,"quantity":1,"price":165},{"name":"Coins","id":995,"quantity":2455,"price":1}],"date":"Jan 17, 2022, 7:34:30 PM"}
{"name":"Basilisk Knight","level":204,"killCount":-1,"type":"NPC","drops":[{"name":"Big bones","id":532,"quantity":1,"price":165},{"name":"Adamant platelegs","id":1073,"quantity":1,"price":3455}],"date":"Jan 17, 2022, 7:35:27 PM"}
{"name":"Basilisk Knight","level":204,"killCount":-1,"type":"NPC","drops":[{"name":"Big bones","id":532,"quantity":1,"price":165},{"name":"Coins","id":995,"quantity":584,"price":1}],"date":"Jan 17, 2022, 7:36:30 PM"}
{"name":"Basilisk Knight","level":204,"killCount":-1,"type":"NPC","drops":[{"name":"Big bones","id":532,"quantity":1,"price":165},{"name":"Adamant platelegs","id":1073,"quantity":1,"price":3455}],"date":"Jan 17, 2022, 7:37:30 PM"}
{"name":"Basilisk Knight","level":204,"killCount":-1,"type":"NPC","drops":[{"name":"Big bones","id":532,"quantity":1,"price":165},{"name":"Uncut sapphire","id":1623,"quantity":1,"price":340}],"date":"Jan 17, 2022, 7:39:16 PM"}
{"name":"Basilisk Knight","level":204,"killCount":-1,"type":"NPC","drops":[{"name":"Big bones","id":532,"quantity":1,"price":165},{"name":"Rune scimitar","id":1333,"quantity":1,"price":15015}],"date":"Jan 17, 2022, 7:39:35 PM"}
{"name":"Basilisk Knight","level":204,"killCount":-1,"type":"NPC","drops":[{"name":"Big bones","id":532,"quantity":1,"price":165},{"name":"Coins","id":995,"quantity":1583,"price":1}],"date":"Jan 17, 2022, 7:40:27 PM"}
{"name":"Basilisk Knight","level":204,"killCount":-1,"type":"NPC","drops":[{"name":"Big bones","id":532,"quantity":1,"price":165},{"name":"Uncut emerald","id":1621,"quantity":1,"price":524}],"date":"Jan 17, 2022, 7:41:12 PM"}
{"name":"Basilisk Knight","level":204,"killCount":-1,"type":"NPC","drops":[{"name":"Big bones","id":532,"quantity":1,"price":165},{"name":"Grimy avantoe","id":212,"quantity":1,"price":1759}],"date":"Jan 17, 2022, 7:42:34 PM"}
{"name":"Basilisk Knight","level":204,"killCount":-1,"type":"NPC","drops":[{"name":"Big bones","id":532,"quantity":1,"price":165},{"name":"Nature rune","id":561,"quantity":25,"price":219}],"date":"Jan 17, 2022, 7:43:44 PM"}
{"name":"Basilisk Knight","level":204,"killCount":-1,"type":"NPC","drops":[{"name":"Big bones","id":532,"quantity":1,"price":165},{"name":"Grimy ranarr weed","id":208,"quantity":1,"price":7251}],"date":"Jan 17, 2022, 7:44:54 PM"}
{"name":"Basilisk Knight","level":204,"killCount":-1,"type":"NPC","drops":[{"name":"Big bones","id":532,"quantity":1,"price":165},{"name":"Rune scimitar","id":1333,"quantity":1,"price":15015}],"date":"Jan 17, 2022, 7:46:02 PM"}
{"name":"Basilisk Knight","level":204,"killCount":-1,"type":"NPC","drops":[{"name":"Big bones","id":532,"quantity":1,"price":165},{"name":"Death rune","id":560,"quantity":20,"price":186}],"date":"Jan 17, 2022, 7:47:04 PM"}
{"name":"Basilisk Knight","level":204,"killCount":-1,"type":"NPC","drops":[{"name":"Big bones","id":532,"quantity":1,"price":165},{"name":"Adamant kiteshield","id":1199,"quantity":1,"price":2880}],"date":"Jan 17, 2022, 7:48:22 PM"}
{"name":"Basilisk Knight","level":204,"killCount":-1,"type":"NPC","drops":[{"name":"Big bones","id":532,"quantity":1,"price":165},{"name":"Rune dagger","id":1213,"quantity":1,"price":4333}],"date":"Jan 17, 2022, 7:49:06 PM"}
{"name":"Basilisk Knight","level":204,"killCount":-1,"type":"NPC","drops":[{"name":"Big bones","id":532,"quantity":1,"price":165},{"name":"Law rune","id":563,"quantity":24,"price":138}],"date":"Jan 17, 2022, 7:50:29 PM"}
{"name":"Basilisk Knight","level":204,"killCount":-1,"type":"NPC","drops":[{"name":"Big bones","id":532,"quantity":1,"price":165},{"name":"Coins","id":995,"quantity":2168,"price":1}],"date":"Jan 17, 2022, 7:51:56 PM"}
{"name":"Basilisk Knight","level":204,"killCount":-1,"type":"NPC","drops":[{"name":"Big bones","id":532,"quantity":1,"price":165},{"name":"Nature rune","id":561,"quantity":15,"price":219}],"date":"Jan 17, 2022, 7:52:59 PM"}
{"name":"Basilisk Knight","level":204,"killCount":-1,"type":"NPC","drops":[{"name":"Big bones","id":532,"quantity":1,"price":165},{"name":"Rune scimitar","id":1333,"quantity":1,"price":15015}],"date":"Jan 17, 2022, 7:53:48 PM"}
{"name":"Basilisk Knight","level":204,"killCount":-1,"type":"NPC","drops":[{"name":"Big bones","id":532,"quantity":1,"price":146},{"name":"Uncut emerald","id":1621,"quantity":1,"price":536}],"date":"Jan 17, 2022, 7:54:48 PM"}
{"name":"Basilisk Knight","level":204,"killCount":-1,"type":"NPC","drops":[{"name":"Big bones","id":532,"quantity":1,"price":146},{"name":"Grimy avantoe","id":212,"quantity":1,"price":1783}],"date":"Jan 17, 2022, 7:55:38 PM"}
{"name":"Basilisk Knight","level":204,"killCount":-1,"type":"NPC","drops":[{"name":"Big bones","id":532,"quantity":1,"price":146},{"name":"Rune axe","id":1359,"quantity":1,"price":7053}],"date":"Jan 17, 2022, 7:57:17 PM"}
{"name":"Basilisk Knight","level":204,"killCount":-1,"type":"NPC","drops":[{"name":"Big bones","id":532,"quantity":1,"price":146},{"name":"Nature rune","id":561,"quantity":17,"price":218}],"date":"Jan 17, 2022, 8:02:47 PM"}
{"name":"Basilisk Knight","level":204,"killCount":-1,"type":"NPC","drops":[{"name":"Big bones","id":532,"quantity":1,"price":146},{"name":"Coins","id":995,"quantity":1364,"price":1}],"date":"Jan 17, 2022, 8:03:46 PM"}
{"name":"Basilisk Knight","level":204,"killCount":-1,"type":"NPC","drops":[{"name":"Big bones","id":532,"quantity":1,"price":146},{"name":"Rune spear","id":1247,"quantity":1,"price":11779}],"date":"Jan 17, 2022, 8:05:04 PM"}
{"name":"Basilisk Knight","level":204,"killCount":-1,"type":"NPC","drops":[{"name":"Big bones","id":532,"quantity":1,"price":146},{"name":"Blood rune","id":565,"quantity":8,"price":291}],"date":"Jan 17, 2022, 8:12:33 PM"}
{"name":"Basilisk Knight","level":204,"killCount":-1,"type":"NPC","drops":[{"name":"Big bones","id":532,"quantity":1,"price":146},{"name":"Uncut sapphire","id":1623,"quantity":1,"price":337}],"date":"Jan 17, 2022, 8:14:01 PM"}
{"name":"Basilisk Knight","level":204,"killCount":-1,"type":"NPC","drops":[{"name":"Big bones","id":532,"quantity":1,"price":146},{"name":"Law rune","id":563,"quantity":20,"price":137}],"date":"Jan 17, 2022, 8:15:24 PM"}
{"name":"Basilisk Knight","level":204,"killCount":-1,"type":"NPC","drops":[{"name":"Big bones","id":532,"quantity":1,"price":146},{"name":"Coins","id":995,"quantity":1417,"price":1}],"date":"Jan 17, 2022, 8:16:40 PM"}
{"name":"Basilisk Knight","level":204,"killCount":-1,"type":"NPC","drops":[{"name":"Big bones","id":532,"quantity":1,"price":146},{"name":"Rune spear","id":1247,"quantity":1,"price":11779}],"date":"Jan 17, 2022, 8:21:31 PM"}
{"name":"Basilisk Knight","level":204,"killCount":-1,"type":"NPC","drops":[{"name":"Big bones","id":532,"quantity":1,"price":146},{"name":"Uncut ruby","id":1619,"quantity":1,"price":1065}],"date":"Jan 17, 2022, 8:22:55 PM"}
{"name":"Basilisk Knight","level":204,"killCount":-1,"type":"NPC","drops":[{"name":"Big bones","id":532,"quantity":1,"price":146},{"name":"Adamantite ore","id":450,"quantity":1,"price":1210}],"date":"Jan 17, 2022, 8:24:02 PM"}
{"name":"Basilisk Knight","level":204,"killCount":-1,"type":"NPC","drops":[{"name":"Big bones","id":532,"quantity":1,"price":140}],"date":"Jan 17, 2022, 8:25:03 PM"}
{"name":"Basilisk Knight","level":204,"killCount":-1,"type":"NPC","drops":[{"name":"Big bones","id":532,"quantity":1,"price":140}],"date":"Jan 17, 2022, 8:26:08 PM"}
{"name":"Basilisk Knight","level":204,"killCount":-1,"type":"NPC","drops":[{"name":"Big bones","id":532,"quantity":1,"price":140},{"name":"Mystic hat (light)","id":4109,"quantity":1,"price":8027},{"name":"Law rune","id":563,"quantity":27,"price":142}],"date":"Jan 17, 2022, 8:27:14 PM"}
{"name":"Basilisk Knight","level":204,"killCount":-1,"type":"NPC","drops":[{"name":"Big bones","id":532,"quantity":1,"price":140},{"name":"Blood rune","id":565,"quantity":10,"price":294}],"date":"Jan 17, 2022, 8:28:32 PM"}
{"name":"Basilisk Knight","level":204,"killCount":-1,"type":"NPC","drops":[{"name":"Big bones","id":532,"quantity":1,"price":140},{"name":"Coins","id":995,"quantity":1894,"price":1}],"date":"Jan 17, 2022, 8:29:50 PM"}
{"name":"Basilisk Knight","level":204,"killCount":-1,"type":"NPC","drops":[{"name":"Big bones","id":532,"quantity":1,"price":140},{"name":"Law rune","id":563,"quantity":28,"price":142}],"date":"Jan 17, 2022, 8:30:33 PM"}
{"name":"Basilisk Knight","level":204,"killCount":-1,"type":"NPC","drops":[{"name":"Big bones","id":532,"quantity":1,"price":140},{"name":"Astral rune","id":9075,"quantity":21,"price":153}],"date":"Jan 17, 2022, 8:31:51 PM"}
{"name":"Basilisk Knight","level":204,"killCount":-1,"type":"NPC","drops":[{"name":"Big bones","id":532,"quantity":1,"price":140},{"name":"Nature rune","id":561,"quantity":26,"price":216}],"date":"Jan 17, 2022, 8:33:14 PM"}
{"name":"Basilisk Knight","level":204,"killCount":-1,"type":"NPC","drops":[{"name":"Big bones","id":532,"quantity":1,"price":140},{"name":"Adamant platelegs","id":1073,"quantity":1,"price":3406}],"date":"Jan 17, 2022, 8:34:17 PM"}
{"name":"Basilisk Knight","level":204,"killCount":-1,"type":"NPC","drops":[{"name":"Big bones","id":532,"quantity":1,"price":140},{"name":"Law rune","id":563,"quantity":24,"price":142}],"date":"Jan 17, 2022, 8:50:29 PM"}
{"name":"Basilisk Knight","level":204,"killCount":-1,"type":"NPC","drops":[{"name":"Big bones","id":532,"quantity":1,"price":140},{"name":"Rune axe","id":1359,"quantity":1,"price":7184}],"date":"Jan 17, 2022, 8:51:28 PM"}
{"name":"Basilisk Knight","level":204,"killCount":-1,"type":"NPC","drops":[{"name":"Big bones","id":532,"quantity":1,"price":140},{"name":"Nature rune","id":561,"quantity":24,"price":216}],"date":"Jan 17, 2022, 8:52:59 PM"}
{"name":"Basilisk Knight","level":204,"killCount":-1,"type":"NPC","drops":[{"name":"Big bones","id":532,"quantity":1,"price":140}],"date":"Jan 17, 2022, 8:54:00 PM"}
{"name":"Basilisk Knight","level":204,"killCount":-1,"type":"NPC","drops":[{"name":"Big bones","id":532,"quantity":1,"price":135},{"name":"Astral rune","id":9075,"quantity":21,"price":161}],"date":"Jan 17, 2022, 8:55:19 PM"}
{"name":"Basilisk Knight","level":204,"killCount":-1,"type":"NPC","drops":[{"name":"Big bones","id":532,"quantity":1,"price":135}],"date":"Jan 17, 2022, 8:56:18 PM"}
{"name":"Basilisk Knight","level":204,"killCount":-1,"type":"NPC","drops":[{"name":"Big bones","id":532,"quantity":1,"price":135},{"name":"Grimy snapdragon","id":3052,"quantity":1,"price":11833}],"date":"Jan 17, 2022, 8:57:09 PM"}
{"name":"Basilisk Knight","level":204,"killCount":-1,"type":"NPC","drops":[{"name":"Big bones","id":532,"quantity":1,"price":135},{"name":"Rune axe","id":1359,"quantity":1,"price":7068}],"date":"Jan 17, 2022, 8:58:28 PM"}
{"name":"Basilisk Knight","level":204,"killCount":-1,"type":"NPC","drops":[{"name":"Big bones","id":532,"quantity":1,"price":135},{"name":"Law rune","id":563,"quantity":28,"price":137}],"date":"Jan 17, 2022, 8:59:34 PM"}
{"name":"Basilisk Knight","level":204,"killCount":-1,"type":"NPC","drops":[{"name":"Big bones","id":532,"quantity":1,"price":135},{"name":"Coins","id":995,"quantity":1248,"price":1}],"date":"Jan 17, 2022, 9:00:36 PM"}
{"name":"Basilisk Knight","level":204,"killCount":-1,"type":"NPC","drops":[{"name":"Big bones","id":532,"quantity":1,"price":135},{"name":"Law rune","id":563,"quantity":28,"price":137}],"date":"Jan 17, 2022, 9:01:54 PM"}
{"name":"Basilisk Knight","level":204,"killCount":-1,"type":"NPC","drops":[{"name":"Big bones","id":532,"quantity":1,"price":135},{"name":"Nature rune","id":561,"quantity":20,"price":212}],"date":"Jan 17, 2022, 9:02:52 PM"}
{"name":"Basilisk Knight","level":204,"killCount":-1,"type":"NPC","drops":[{"name":"Big bones","id":532,"quantity":1,"price":135},{"name":"Grimy snapdragon","id":3052,"quantity":1,"price":11833}],"date":"Jan 17, 2022, 9:03:47 PM"}
{"name":"Basilisk Knight","level":204,"killCount":-1,"type":"NPC","drops":[{"name":"Big bones","id":532,"quantity":1,"price":135},{"name":"Law rune","id":563,"quantity":23,"price":137}],"date":"Jan 17, 2022, 9:04:48 PM"}
{"name":"Basilisk Knight","level":204,"killCount":-1,"type":"NPC","drops":[{"name":"Big bones","id":532,"quantity":1,"price":135},{"name":"Nature rune","id":561,"quantity":17,"price":212}],"date":"Jan 17, 2022, 9:05:51 PM"}
{"name":"Basilisk Knight","level":204,"killCount":-1,"type":"NPC","drops":[{"name":"Big bones","id":532,"quantity":1,"price":135},{"name":"Coins","id":995,"quantity":2013,"price":1}],"date":"Jan 17, 2022, 9:07:17 PM"}
{"name":"Basilisk Knight","level":204,"killCount":-1,"type":"NPC","drops":[{"name":"Big bones","id":532,"quantity":1,"price":135},{"name":"Rune dagger","id":1213,"quantity":1,"price":4306}],"date":"Jan 17, 2022, 9:08:12 PM"}
{"name":"Basilisk Knight","level":204,"killCount":-1,"type":"NPC","drops":[{"name":"Big bones","id":532,"quantity":1,"price":135},{"name":"Nature rune","id":561,"quantity":19,"price":212}],"date":"Jan 17, 2022, 9:09:18 PM"}
{"name":"Basilisk Knight","level":204,"killCount":-1,"type":"NPC","drops":[{"name":"Big bones","id":532,"quantity":1,"price":135},{"name":"Adamantite ore","id":450,"quantity":1,"price":1176}],"date":"Jan 17, 2022, 9:10:30 PM"}
{"name":"Basilisk Knight","level":204,"killCount":-1,"type":"NPC","drops":[{"name":"Big bones","id":532,"quantity":1,"price":135},{"name":"Coins","id":995,"quantity":2122,"price":1}],"date":"Jan 17, 2022, 9:13:56 PM"}
{"name":"Basilisk Knight","level":204,"killCount":-1,"type":"NPC","drops":[{"name":"Big bones","id":532,"quantity":1,"price":135},{"name":"Rune dagger","id":1213,"quantity":1,"price":4306}],"date":"Jan 17, 2022, 9:14:55 PM"}
{"name":"Basilisk Knight","level":204,"killCount":-1,"type":"NPC","drops":[{"name":"Big bones","id":532,"quantity":1,"price":135},{"name":"Astral rune","id":9075,"quantity":30,"price":161}],"date":"Jan 17, 2022, 9:15:46 PM"}
{"name":"Basilisk Knight","level":204,"killCount":-1,"type":"NPC","drops":[{"name":"Big bones","id":532,"quantity":1,"price":135},{"name":"Astral rune","id":9075,"quantity":34,"price":161}],"date":"Jan 17, 2022, 9:16:50 PM"}
{"name":"Basilisk Knight","level":204,"killCount":-1,"type":"NPC","drops":[{"name":"Big bones","id":532,"quantity":1,"price":135},{"name":"Grimy avantoe","id":212,"quantity":1,"price":1787}],"date":"Jan 17, 2022, 9:18:08 PM"}
{"name":"Basilisk Knight","level":204,"killCount":-1,"type":"NPC","drops":[{"name":"Big bones","id":532,"quantity":1,"price":135},{"name":"Astral rune","id":9075,"quantity":15,"price":161}],"date":"Jan 17, 2022, 9:19:31 PM"}
{"name":"Basilisk Knight","level":204,"killCount":-1,"type":"NPC","drops":[{"name":"Big bones","id":532,"quantity":1,"price":135},{"name":"Blood rune","id":565,"quantity":19,"price":294}],"date":"Jan 17, 2022, 9:20:50 PM"}
{"name":"Basilisk Knight","level":204,"killCount":-1,"type":"NPC","drops":[{"name":"Big bones","id":532,"quantity":1,"price":135},{"name":"Astral rune","id":9075,"quantity":30,"price":161}],"date":"Jan 17, 2022, 9:22:10 PM"}
{"name":"Basilisk Knight","level":204,"killCount":-1,"type":"NPC","drops":[{"name":"Big bones","id":532,"quantity":1,"price":135},{"name":"Uncut sapphire","id":1623,"quantity":1,"price":342}],"date":"Jan 17, 2022, 9:22:51 PM"}
{"name":"Basilisk Knight","level":204,"killCount":-1,"type":"NPC","drops":[{"name":"Big bones","id":532,"quantity":1,"price":135},{"name":"Rune med helm","id":1147,"quantity":1,"price":11025}],"date":"Jan 17, 2022, 9:23:59 PM"}
{"name":"Basilisk Knight","level":204,"killCount":-1,"type":"NPC","drops":[{"name":"Big bones","id":532,"quantity":1,"price":138},{"name":"Law rune","id":563,"quantity":20,"price":139}],"date":"Jan 17, 2022, 9:25:23 PM"}
{"name":"Basilisk Knight","level":204,"killCount":-1,"type":"NPC","drops":[{"name":"Big bones","id":532,"quantity":1,"price":146},{"name":"Adamantite ore","id":450,"quantity":1,"price":1235}],"date":"Jan 18, 2022, 8:44:35 AM"}
{"name":"Basilisk Knight","level":204,"killCount":-1,"type":"NPC","drops":[{"name":"Big bones","id":532,"quantity":1,"price":146},{"name":"Blood rune","id":565,"quantity":11,"price":298}],"date":"Jan 18, 2022, 8:45:50 AM"}
{"name":"Basilisk Knight","level":204,"killCount":-1,"type":"NPC","drops":[{"name":"Big bones","id":532,"quantity":1,"price":146},{"name":"Coins","id":995,"quantity":1203,"price":1}],"date":"Jan 18, 2022, 8:47:20 AM"}
{"name":"Basilisk Knight","level":204,"killCount":-1,"type":"NPC","drops":[{"name":"Big bones","id":532,"quantity":1,"price":146},{"name":"Death rune","id":560,"quantity":25,"price":186}],"date":"Jan 18, 2022, 8:48:24 AM"}
{"name":"Basilisk Knight","level":204,"killCount":-1,"type":"NPC","drops":[{"name":"Big bones","id":532,"quantity":1,"price":146},{"name":"Nature rune","id":561,"quantity":16,"price":211}],"date":"Jan 18, 2022, 8:50:11 AM"}
{"name":"Basilisk Knight","level":204,"killCount":-1,"type":"NPC","drops":[{"name":"Big bones","id":532,"quantity":1,"price":146},{"name":"Grimy avantoe","id":212,"quantity":1,"price":1764}],"date":"Jan 18, 2022, 8:51:43 AM"}
{"name":"Basilisk Knight","level":204,"killCount":-1,"type":"NPC","drops":[{"name":"Big bones","id":532,"quantity":1,"price":146},{"name":"Coins","id":995,"quantity":2073,"price":1}],"date":"Jan 18, 2022, 8:56:13 AM"}
{"name":"Basilisk Knight","level":204,"killCount":-1,"type":"NPC","drops":[{"name":"Big bones","id":532,"quantity":1,"price":146},{"name":"Grimy snapdragon","id":3052,"quantity":1,"price":12180}],"date":"Jan 18, 2022, 8:57:19 AM"}
{"name":"Basilisk Knight","level":204,"killCount":-1,"type":"NPC","drops":[{"name":"Big bones","id":532,"quantity":1,"price":146},{"name":"Coins","id":995,"quantity":626,"price":1}],"date":"Jan 18, 2022, 8:58:07 AM"}
{"name":"Basilisk Knight","level":204,"killCount":-1,"type":"NPC","drops":[{"name":"Big bones","id":532,"quantity":1,"price":146}],"date":"Jan 18, 2022, 8:59:19 AM"}
{"name":"Basilisk Knight","level":204,"killCount":-1,"type":"NPC","drops":[{"name":"Big bones","id":532,"quantity":1,"price":146},{"name":"Astral rune","id":9075,"quantity":25,"price":159}],"date":"Jan 18, 2022, 9:00:59 AM"}
{"name":"Basilisk Knight","level":204,"killCount":-1,"type":"NPC","drops":[{"name":"Big bones","id":532,"quantity":1,"price":146}],"date":"Jan 18, 2022, 9:02:14 AM"}
{"name":"Basilisk Knight","level":204,"killCount":-1,"type":"NPC","drops":[{"name":"Big bones","id":532,"quantity":1,"price":146},{"name":"Rune axe","id":1359,"quantity":1,"price":7068}],"date":"Jan 18, 2022, 9:03:41 AM"}
{"name":"Basilisk Knight","level":204,"killCount":-1,"type":"NPC","drops":[{"name":"Big bones","id":532,"quantity":1,"price":146},{"name":"Law rune","id":563,"quantity":24,"price":137}],"date":"Jan 18, 2022, 9:05:04 AM"}
{"name":"Basilisk Knight","level":204,"killCount":-1,"type":"NPC","drops":[{"name":"Big bones","id":532,"quantity":1,"price":146},{"name":"Nature rune","id":561,"quantity":24,"price":211}],"date":"Jan 18, 2022, 9:06:12 AM"}
{"name":"Basilisk Knight","level":204,"killCount":-1,"type":"NPC","drops":[{"name":"Big bones","id":532,"quantity":1,"price":146},{"name":"Astral rune","id":9075,"quantity":31,"price":159}],"date":"Jan 18, 2022, 9:07:02 AM"}
{"name":"Basilisk Knight","level":204,"killCount":-1,"type":"NPC","drops":[{"name":"Big bones","id":532,"quantity":1,"price":146},{"name":"Coins","id":995,"quantity":1796,"price":1}],"date":"Jan 18, 2022, 9:07:54 AM"}
{"name":"Basilisk Knight","level":204,"killCount":-1,"type":"NPC","drops":[{"name":"Big bones","id":532,"quantity":1,"price":146},{"name":"Law rune","id":563,"quantity":29,"price":137}],"date":"Jan 18, 2022, 9:09:48 AM"}
{"name":"Basilisk Knight","level":204,"killCount":-1,"type":"NPC","drops":[{"name":"Big bones","id":532,"quantity":1,"price":146}],"date":"Jan 18, 2022, 9:11:07 AM"}
{"name":"Basilisk Knight","level":204,"killCount":-1,"type":"NPC","drops":[{"name":"Big bones","id":532,"quantity":1,"price":142},{"name":"Coins","id":995,"quantity":1464,"price":1}],"date":"Jan 18, 2022, 9:12:09 AM"}
{"name":"Basilisk Knight","level":204,"killCount":-1,"type":"NPC","drops":[{"name":"Big bones","id":532,"quantity":1,"price":142}],"date":"Jan 18, 2022, 9:13:36 AM"}
{"name":"Basilisk Knight","level":204,"killCount":-1,"type":"NPC","drops":[{"name":"Big bones","id":532,"quantity":1,"price":142},{"name":"Law rune","id":563,"quantity":21,"price":142}],"date":"Jan 18, 2022, 9:14:49 AM"}
{"name":"Basilisk Knight","level":204,"killCount":-1,"type":"NPC","drops":[{"name":"Big bones","id":532,"quantity":1,"price":142},{"name":"Nature rune","id":561,"quantity":26,"price":206}],"date":"Jan 18, 2022, 9:15:54 AM"}
{"name":"Basilisk Knight","level":204,"killCount":-1,"type":"NPC","drops":[{"name":"Big bones","id":532,"quantity":1,"price":142},{"name":"Rune axe","id":1359,"quantity":1,"price":7068}],"date":"Jan 18, 2022, 9:16:58 AM"}
{"name":"Basilisk Knight","level":204,"killCount":-1,"type":"NPC","drops":[{"name":"Big bones","id":532,"quantity":1,"price":142},{"name":"Death rune","id":560,"quantity":21,"price":184}],"date":"Jan 18, 2022, 9:18:14 AM"}
{"name":"Basilisk Knight","level":204,"killCount":-1,"type":"NPC","drops":[{"name":"Big bones","id":532,"quantity":1,"price":142},{"name":"Death rune","id":560,"quantity":17,"price":184}],"date":"Jan 18, 2022, 9:19:09 AM"}
{"name":"Basilisk Knight","level":204,"killCount":-1,"type":"NPC","drops":[{"name":"Big bones","id":532,"quantity":1,"price":142},{"name":"Adamant kiteshield","id":1199,"quantity":1,"price":2850}],"date":"Jan 18, 2022, 9:20:19 AM"}
{"name":"Basilisk Knight","level":204,"killCount":-1,"type":"NPC","drops":[{"name":"Big bones","id":532,"quantity":1,"price":142},{"name":"Coins","id":995,"quantity":859,"price":1}],"date":"Jan 18, 2022, 9:21:42 AM"}
{"name":"Basilisk Knight","level":204,"killCount":-1,"type":"NPC","drops":[{"name":"Big bones","id":532,"quantity":1,"price":142},{"name":"Death rune","id":560,"quantity":17,"price":184}],"date":"Jan 18, 2022, 9:22:52 AM"}
{"name":"Basilisk Knight","level":204,"killCount":-1,"type":"NPC","drops":[{"name":"Big bones","id":532,"quantity":1,"price":142},{"name":"Nature rune","id":561,"quantity":26,"price":206}],"date":"Jan 18, 2022, 9:24:19 AM"}
{"name":"Basilisk Knight","level":204,"killCount":-1,"type":"NPC","drops":[{"name":"Big bones","id":532,"quantity":1,"price":142},{"name":"Uncut sapphire","id":1623,"quantity":1,"price":354}],"date":"Jan 18, 2022, 9:55:15 AM"}
{"name":"Basilisk Knight","level":204,"killCount":-1,"type":"NPC","drops":[{"name":"Big bones","id":532,"quantity":1,"price":142},{"name":"Grimy avantoe","id":212,"quantity":1,"price":1752}],"date":"Jan 18, 2022, 9:56:27 AM"}
{"name":"Basilisk Knight","level":204,"killCount":-1,"type":"NPC","drops":[{"name":"Big bones","id":532,"quantity":1,"price":142}],"date":"Jan 18, 2022, 9:57:23 AM"}
{"name":"Basilisk Knight","level":204,"killCount":-1,"type":"NPC","drops":[{"name":"Big bones","id":532,"quantity":1,"price":142},{"name":"Astral rune","id":9075,"quantity":20,"price":164}],"date":"Jan 18, 2022, 9:58:14 AM"}
{"name":"Basilisk Knight","level":204,"killCount":-1,"type":"NPC","drops":[{"name":"Big bones","id":532,"quantity":1,"price":142},{"name":"Nature rune","id":561,"quantity":15,"price":206}],"date":"Jan 18, 2022, 9:59:41 AM"}
{"name":"Basilisk Knight","level":204,"killCount":-1,"type":"NPC","drops":[{"name":"Big bones","id":532,"quantity":1,"price":142},{"name":"Coins","id":995,"quantity":717,"price":1}],"date":"Jan 18, 2022, 10:00:33 AM"}
{"name":"Basilisk Knight","level":204,"killCount":-1,"type":"NPC","drops":[{"name":"Big bones","id":532,"quantity":1,"price":142},{"name":"Blood rune","id":565,"quantity":17,"price":291}],"date":"Jan 18, 2022, 10:01:56 AM"}
{"name":"Basilisk Knight","level":204,"killCount":-1,"type":"NPC","drops":[{"name":"Big bones","id":532,"quantity":1,"price":142},{"name":"Rune spear","id":1247,"quantity":1,"price":11779}],"date":"Jan 18, 2022, 10:03:01 AM"}
{"name":"Basilisk Knight","level":204,"killCount":-1,"type":"NPC","drops":[{"name":"Big bones","id":532,"quantity":1,"price":142},{"name":"Astral rune","id":9075,"quantity":25,"price":164}],"date":"Jan 18, 2022, 10:04:19 AM"}
{"name":"Basilisk Knight","level":204,"killCount":-1,"type":"NPC","drops":[{"name":"Big bones","id":532,"quantity":1,"price":142},{"name":"Rune spear","id":1247,"quantity":1,"price":11779}],"date":"Jan 18, 2022, 10:05:34 AM"}
{"name":"Basilisk Knight","level":204,"killCount":-1,"type":"NPC","drops":[{"name":"Big bones","id":532,"quantity":1,"price":142},{"name":"Rune axe","id":1359,"quantity":1,"price":7068}],"date":"Jan 18, 2022, 10:06:57 AM"}
{"name":"Basilisk Knight","level":204,"killCount":-1,"type":"NPC","drops":[{"name":"Big bones","id":532,"quantity":1,"price":142},{"name":"Coins","id":995,"quantity":1308,"price":1}],"date":"Jan 18, 2022, 10:08:47 AM"}
{"name":"Basilisk Knight","level":204,"killCount":-1,"type":"NPC","drops":[{"name":"Big bones","id":532,"quantity":1,"price":142},{"name":"Astral rune","id":9075,"quantity":25,"price":164}],"date":"Jan 18, 2022, 10:10:41 AM"}
{"name":"Basilisk Knight","level":204,"killCount":-1,"type":"NPC","drops":[{"name":"Big bones","id":532,"quantity":1,"price":142},{"name":"Nature rune","id":561,"quantity":24,"price":206}],"date":"Jan 18, 2022, 10:11:55 AM"}
{"name":"Basilisk Knight","level":204,"killCount":-1,"type":"NPC","drops":[{"name":"Big bones","id":532,"quantity":1,"price":142},{"name":"Law rune","id":563,"quantity":22,"price":142}],"date":"Jan 18, 2022, 10:13:23 AM"}
{"name":"Basilisk Knight","level":204,"killCount":-1,"type":"NPC","drops":[{"name":"Big bones","id":532,"quantity":1,"price":142},{"name":"Law rune","id":563,"quantity":21,"price":142}],"date":"Jan 18, 2022, 10:15:11 AM"}
{"name":"Basilisk Knight","level":204,"killCount":-1,"type":"NPC","drops":[{"name":"Big bones","id":532,"quantity":1,"price":142},{"name":"Adamant kiteshield","id":1199,"quantity":1,"price":2850}],"date":"Jan 18, 2022, 10:16:30 AM"}
{"name":"Basilisk Knight","level":204,"killCount":-1,"type":"NPC","drops":[{"name":"Big bones","id":532,"quantity":1,"price":142},{"name":"Nature rune","id":561,"quantity":17,"price":206}],"date":"Jan 18, 2022, 10:18:32 AM"}
{"name":"Basilisk Knight","level":204,"killCount":-1,"type":"NPC","drops":[{"name":"Big bones","id":532,"quantity":1,"price":142},{"name":"Coins","id":995,"quantity":2043,"price":1}],"date":"Jan 18, 2022, 10:19:45 AM"}
{"name":"Basilisk Knight","level":204,"killCount":-1,"type":"NPC","drops":[{"name":"Big bones","id":532,"quantity":1,"price":146},{"name":"Coins","id":995,"quantity":1171,"price":1}],"date":"Jan 18, 2022, 12:45:38 PM"}
{"name":"Basilisk Knight","level":204,"killCount":-1,"type":"NPC","drops":[{"name":"Big bones","id":532,"quantity":1,"price":146},{"name":"Coins","id":995,"quantity":963,"price":1}],"date":"Jan 18, 2022, 12:46:35 PM"}
{"name":"Basilisk Knight","level":204,"killCount":-1,"type":"NPC","drops":[{"name":"Big bones","id":532,"quantity":1,"price":146},{"name":"Astral rune","id":9075,"quantity":21,"price":165}],"date":"Jan 18, 2022, 12:47:27 PM"}
{"name":"Basilisk Knight","level":204,"killCount":-1,"type":"NPC","drops":[{"name":"Big bones","id":532,"quantity":1,"price":146},{"name":"Coins","id":995,"quantity":1343,"price":1}],"date":"Jan 18, 2022, 12:48:15 PM"}
{"name":"Basilisk Knight","level":204,"killCount":-1,"type":"NPC","drops":[{"name":"Big bones","id":532,"quantity":1,"price":146},{"name":"Grimy ranarr weed","id":208,"quantity":1,"price":7264}],"date":"Jan 18, 2022, 12:49:05 PM"}
{"name":"Basilisk Knight","level":204,"killCount":-1,"type":"NPC","drops":[{"name":"Big bones","id":532,"quantity":1,"price":146}],"date":"Jan 18, 2022, 12:50:00 PM"}
{"name":"Basilisk Knight","level":204,"killCount":-1,"type":"NPC","drops":[{"name":"Big bones","id":532,"quantity":1,"price":146},{"name":"Uncut sapphire","id":1623,"quantity":1,"price":361}],"date":"Jan 18, 2022, 12:51:05 PM"}
{"name":"Basilisk Knight","level":204,"killCount":-1,"type":"NPC","drops":[{"name":"Big bones","id":532,"quantity":1,"price":146},{"name":"Law rune","id":563,"quantity":20,"price":138}],"date":"Jan 18, 2022, 12:52:21 PM"}
{"name":"Basilisk Knight","level":204,"killCount":-1,"type":"NPC","drops":[{"name":"Big bones","id":532,"quantity":1,"price":146},{"name":"Death rune","id":560,"quantity":25,"price":187}],"date":"Jan 18, 2022, 12:53:38 PM"}
{"name":"Basilisk Knight","level":204,"killCount":-1,"type":"NPC","drops":[{"name":"Big bones","id":532,"quantity":1,"price":146},{"name":"Grimy avantoe","id":212,"quantity":1,"price":1768}],"date":"Jan 18, 2022, 12:54:58 PM"}
{"name":"Basilisk Knight","level":204,"killCount":-1,"type":"NPC","drops":[{"name":"Big bones","id":532,"quantity":1,"price":146},{"name":"Law rune","id":563,"quantity":28,"price":138}],"date":"Jan 18, 2022, 12:56:14 PM"}
{"name":"Basilisk Knight","level":204,"killCount":-1,"type":"NPC","drops":[{"name":"Big bones","id":532,"quantity":1,"price":146},{"name":"Coins","id":995,"quantity":1683,"price":1}],"date":"Jan 18, 2022, 12:57:16 PM"}
{"name":"Basilisk Knight","level":204,"killCount":-1,"type":"NPC","drops":[{"name":"Big bones","id":532,"quantity":1,"price":146},{"name":"Nature rune","id":561,"quantity":28,"price":216}],"date":"Jan 18, 2022, 12:58:25 PM"}
{"name":"Basilisk Knight","level":204,"killCount":-1,"type":"NPC","drops":[{"name":"Big bones","id":532,"quantity":1,"price":146},{"name":"Adamantite ore","id":450,"quantity":2,"price":1183}],"date":"Jan 18, 2022, 12:59:55 PM"}
{"name":"Basilisk Knight","level":204,"killCount":-1,"type":"NPC","drops":[{"name":"Big bones","id":532,"quantity":1,"price":146},{"name":"Nature rune","id":561,"quantity":20,"price":216}],"date":"Jan 18, 2022, 1:01:46 PM"}
{"name":"Basilisk Knight","level":204,"killCount":-1,"type":"NPC","drops":[{"name":"Big bones","id":532,"quantity":1,"price":146},{"name":"Blood rune","id":565,"quantity":14,"price":290}],"date":"Jan 18, 2022, 1:03:44 PM"}
{"name":"Basilisk Knight","level":204,"killCount":-1,"type":"NPC","drops":[{"name":"Big bones","id":532,"quantity":1,"price":146},{"name":"Coins","id":995,"quantity":1227,"price":1}],"date":"Jan 18, 2022, 1:04:45 PM"}
{"name":"Basilisk Knight","level":204,"killCount":-1,"type":"NPC","drops":[{"name":"Big bones","id":532,"quantity":1,"price":146},{"name":"Adamantite ore","id":450,"quantity":2,"price":1183}],"date":"Jan 18, 2022, 1:10:21 PM"}
{"name":"Basilisk Knight","level":204,"killCount":-1,"type":"NPC","drops":[{"name":"Big bones","id":532,"quantity":1,"price":171},{"name":"Rune dagger","id":1213,"quantity":1,"price":4368}],"date":"Jan 18, 2022, 2:18:54 PM"}
{"name":"Basilisk Knight","level":204,"killCount":-1,"type":"NPC","drops":[{"name":"Big bones","id":532,"quantity":1,"price":171},{"name":"Uncut sapphire","id":1623,"quantity":1,"price":353}],"date":"Jan 18, 2022, 2:20:13 PM"}
{"name":"Basilisk Knight","level":204,"killCount":-1,"type":"NPC","drops":[{"name":"Big bones","id":532,"quantity":1,"price":171},{"name":"Nature rune","id":561,"quantity":21,"price":212}],"date":"Jan 18, 2022, 2:21:33 PM"}
{"name":"Basilisk Knight","level":204,"killCount":-1,"type":"NPC","drops":[{"name":"Big bones","id":532,"quantity":1,"price":171},{"name":"Rune axe","id":1359,"quantity":1,"price":7293}],"date":"Jan 18, 2022, 2:22:56 PM"}
{"name":"Basilisk Knight","level":204,"killCount":-1,"type":"NPC","drops":[{"name":"Big bones","id":532,"quantity":1,"price":171},{"name":"Astral rune","id":9075,"quantity":15,"price":166}],"date":"Jan 18, 2022, 2:24:04 PM"}
{"name":"Basilisk Knight","level":204,"killCount":-1,"type":"NPC","drops":[{"name":"Big bones","id":532,"quantity":1,"price":171},{"name":"Blood rune","id":565,"quantity":11,"price":290}],"date":"Jan 18, 2022, 2:25:06 PM"}
{"name":"Basilisk Knight","level":204,"killCount":-1,"type":"NPC","drops":[{"name":"Big bones","id":532,"quantity":1,"price":171},{"name":"Uncut sapphire","id":1623,"quantity":1,"price":353}],"date":"Jan 18, 2022, 2:26:20 PM"}
{"name":"Basilisk Knight","level":204,"killCount":-1,"type":"NPC","drops":[{"name":"Big bones","id":532,"quantity":1,"price":171},{"name":"Law rune","id":563,"quantity":26,"price":137}],"date":"Jan 18, 2022, 2:27:08 PM"}
{"name":"Basilisk Knight","level":204,"killCount":-1,"type":"NPC","drops":[{"name":"Big bones","id":532,"quantity":1,"price":171},{"name":"Astral rune","id":9075,"quantity":28,"price":166}],"date":"Jan 18, 2022, 2:28:47 PM"}
{"name":"Basilisk Knight","level":204,"killCount":-1,"type":"NPC","drops":[{"name":"Big bones","id":532,"quantity":1,"price":171},{"name":"Coins","id":995,"quantity":2092,"price":1}],"date":"Jan 18, 2022, 2:29:46 PM"}
{"name":"Basilisk Knight","level":204,"killCount":-1,"type":"NPC","drops":[{"name":"Big bones","id":532,"quantity":1,"price":171},{"name":"Astral rune","id":9075,"quantity":28,"price":166}],"date":"Jan 18, 2022, 2:30:52 PM"}
{"name":"Basilisk Knight","level":204,"killCount":-1,"type":"NPC","drops":[{"name":"Big bones","id":532,"quantity":1,"price":171},{"name":"Uncut sapphire","id":1623,"quantity":1,"price":353}],"date":"Jan 18, 2022, 2:32:08 PM"}
{"name":"Basilisk Knight","level":204,"killCount":-1,"type":"NPC","drops":[{"name":"Big bones","id":532,"quantity":1,"price":171},{"name":"Death rune","id":560,"quantity":21,"price":185}],"date":"Jan 18, 2022, 2:33:16 PM"}
{"name":"Basilisk Knight","level":204,"killCount":-1,"type":"NPC","drops":[{"name":"Big bones","id":532,"quantity":1,"price":171},{"name":"Rune axe","id":1359,"quantity":1,"price":7293}],"date":"Jan 18, 2022, 2:34:40 PM"}
{"name":"Basilisk Knight","level":204,"killCount":-1,"type":"NPC","drops":[{"name":"Big bones","id":532,"quantity":1,"price":171},{"name":"Grimy torstol","id":220,"quantity":1,"price":7132}],"date":"Jan 18, 2022, 2:36:25 PM"}
{"name":"Basilisk Knight","level":204,"killCount":-1,"type":"NPC","drops":[{"name":"Big bones","id":532,"quantity":1,"price":171},{"name":"Law rune","id":563,"quantity":27,"price":137}],"date":"Jan 18, 2022, 2:37:25 PM"}
{"name":"Basilisk Knight","level":204,"killCount":-1,"type":"NPC","drops":[{"name":"Big bones","id":532,"quantity":1,"price":171},{"name":"Astral rune","id":9075,"quantity":33,"price":166}],"date":"Jan 18, 2022, 2:38:29 PM"}
{"name":"Basilisk Knight","level":204,"killCount":-1,"type":"NPC","drops":[{"name":"Big bones","id":532,"quantity":1,"price":171},{"name":"Adamantite ore","id":450,"quantity":1,"price":1180}],"date":"Jan 18, 2022, 2:40:04 PM"}
{"name":"Basilisk Knight","level":204,"killCount":-1,"type":"NPC","drops":[{"name":"Big bones","id":532,"quantity":1,"price":171},{"name":"Blood rune","id":565,"quantity":12,"price":290}],"date":"Jan 18, 2022, 2:41:20 PM"}
{"name":"Basilisk Knight","level":204,"killCount":-1,"type":"NPC","drops":[{"name":"Big bones","id":532,"quantity":1,"price":140},{"name":"Blood rune","id":565,"quantity":19,"price":290}],"date":"Jan 18, 2022, 2:45:26 PM"}
{"name":"Basilisk Knight","level":204,"killCount":-1,"type":"NPC","drops":[{"name":"Big bones","id":532,"quantity":1,"price":140},{"name":"Rune dagger","id":1213,"quantity":1,"price":4352}],"date":"Jan 18, 2022, 2:47:01 PM"}
{"name":"Basilisk Knight","level":204,"killCount":-1,"type":"NPC","drops":[{"name":"Big bones","id":532,"quantity":1,"price":140},{"name":"Law rune","id":563,"quantity":22,"price":138}],"date":"Jan 18, 2022, 2:48:05 PM"}
{"name":"Basilisk Knight","level":204,"killCount":-1,"type":"NPC","drops":[{"name":"Big bones","id":532,"quantity":1,"price":140},{"name":"Astral rune","id":9075,"quantity":33,"price":170}],"date":"Jan 18, 2022, 2:49:02 PM"}
{"name":"Basilisk Knight","level":204,"killCount":-1,"type":"NPC","drops":[{"name":"Big bones","id":532,"quantity":1,"price":140},{"name":"Nature rune","id":561,"quantity":24,"price":214}],"date":"Jan 18, 2022, 2:50:00 PM"}
{"name":"Basilisk Knight","level":204,"killCount":-1,"type":"NPC","drops":[{"name":"Big bones","id":532,"quantity":1,"price":140},{"name":"Adamant platelegs","id":1073,"quantity":1,"price":3442}],"date":"Jan 18, 2022, 2:50:51 PM"}
{"name":"Basilisk Knight","level":204,"killCount":-1,"type":"NPC","drops":[{"name":"Big bones","id":532,"quantity":1,"price":140},{"name":"Law rune","id":563,"quantity":29,"price":138}],"date":"Jan 18, 2022, 2:51:49 PM"}
{"name":"Basilisk Knight","level":204,"killCount":-1,"type":"NPC","drops":[{"name":"Big bones","id":532,"quantity":1,"price":140},{"name":"Nature rune","id":561,"quantity":23,"price":214}],"date":"Jan 18, 2022, 2:52:55 PM"}
{"name":"Basilisk Knight","level":204,"killCount":-1,"type":"NPC","drops":[{"name":"Big bones","id":532,"quantity":1,"price":140},{"name":"Death rune","id":560,"quantity":22,"price":185}],"date":"Jan 18, 2022, 2:54:06 PM"}
{"name":"Basilisk Knight","level":204,"killCount":-1,"type":"NPC","drops":[{"name":"Big bones","id":532,"quantity":1,"price":140},{"name":"Uncut sapphire","id":1623,"quantity":1,"price":346}],"date":"Jan 18, 2022, 2:55:48 PM"}
{"name":"Basilisk Knight","level":204,"killCount":-1,"type":"NPC","drops":[{"name":"Big bones","id":532,"quantity":1,"price":140},{"name":"Adamant kiteshield","id":1199,"quantity":1,"price":2704}],"date":"Jan 18, 2022, 2:56:48 PM"}
{"name":"Basilisk Knight","level":204,"killCount":-1,"type":"NPC","drops":[{"name":"Big bones","id":532,"quantity":1,"price":140},{"name":"Coins","id":995,"quantity":2193,"price":1}],"date":"Jan 18, 2022, 2:58:25 PM"}
{"name":"Basilisk Knight","level":204,"killCount":-1,"type":"NPC","drops":[{"name":"Big bones","id":532,"quantity":1,"price":140},{"name":"Uncut sapphire","id":1623,"quantity":1,"price":346}],"date":"Jan 18, 2022, 2:59:28 PM"}
{"name":"Basilisk Knight","level":204,"killCount":-1,"type":"NPC","drops":[{"name":"Big bones","id":532,"quantity":1,"price":140},{"name":"Rune med helm","id":1147,"quantity":1,"price":11022}],"date":"Jan 18, 2022, 3:00:39 PM"}
{"name":"Basilisk Knight","level":204,"killCount":-1,"type":"NPC","drops":[{"name":"Big bones","id":532,"quantity":1,"price":140},{"name":"Rune axe","id":1359,"quantity":1,"price":7197}],"date":"Jan 18, 2022, 3:01:40 PM"}
{"name":"Basilisk Knight","level":204,"killCount":-1,"type":"NPC","drops":[{"name":"Big bones","id":532,"quantity":1,"price":140},{"name":"Blood rune","id":565,"quantity":17,"price":290}],"date":"Jan 18, 2022, 3:02:24 PM"}
{"name":"Basilisk Knight","level":204,"killCount":-1,"type":"NPC","drops":[{"name":"Adamantite ore","id":450,"quantity":1,"price":1138}],"date":"May 24, 2022, 1:35:36 PM"}
{"name":"Basilisk Knight","level":204,"killCount":-1,"type":"NPC","drops":[{"name":"Uncut sapphire","id":1623,"quantity":1,"price":380}],"date":"May 24, 2022, 1:36:51 PM"}
{"name":"Basilisk Knight","level":204,"killCount":-1,"type":"NPC","drops":[{"name":"Coins","id":995,"quantity":1662,"price":1}],"date":"May 24, 2022, 1:38:19 PM"}
{"name":"Basilisk Knight","level":204,"killCount":-1,"type":"NPC","drops":[{"name":"Nature rune","id":561,"quantity":25,"price":194}],"date":"May 24, 2022, 1:39:39 PM"}
{"name":"Basilisk Knight","level":204,"killCount":-1,"type":"NPC","drops":[{"name":"Death rune","id":560,"quantity":10,"price":191}],"date":"May 24, 2022, 1:40:37 PM"}
{"name":"Basilisk Knight","level":204,"killCount":-1,"type":"NPC","drops":[{"name":"Blood rune","id":565,"quantity":14,"price":374}],"date":"May 24, 2022, 1:41:59 PM"}
{"name":"Basilisk Knight","level":204,"killCount":-1,"type":"NPC","drops":[{"name":"Law rune","id":563,"quantity":22,"price":132}],"date":"May 24, 2022, 1:42:52 PM"}
{"name":"Basilisk Knight","level":204,"killCount":-1,"type":"NPC","drops":[{"name":"Adamantite ore","id":450,"quantity":2,"price":1138}],"date":"May 24, 2022, 1:43:48 PM"}
{"name":"Basilisk Knight","level":204,"killCount":-1,"type":"NPC","drops":[{"name":"Rune dagger","id":1213,"quantity":1,"price":4470}],"date":"May 24, 2022, 1:44:39 PM"}
{"name":"Basilisk Knight","level":204,"killCount":-1,"type":"NPC","drops":[{"name":"Law rune","id":563,"quantity":24,"price":132}],"date":"May 24, 2022, 1:45:33 PM"}
{"name":"Basilisk Knight","level":204,"killCount":-1,"type":"NPC","drops":[{"name":"Death rune","id":560,"quantity":19,"price":191}],"date":"May 24, 2022, 1:46:36 PM"}
{"name":"Basilisk Knight","level":204,"killCount":-1,"type":"NPC","drops":[{"name":"Rune axe","id":1359,"quantity":1,"price":7052}],"date":"May 24, 2022, 1:47:44 PM"}
{"name":"Basilisk Knight","level":204,"killCount":-1,"type":"NPC","drops":[{"name":"Blood rune","id":565,"quantity":18,"price":374}],"date":"May 24, 2022, 1:49:06 PM"}
{"name":"Basilisk Knight","level":204,"killCount":-1,"type":"NPC","drops":[{"name":"Law rune","id":563,"quantity":22,"price":132}],"date":"May 24, 2022, 1:49:58 PM"}
{"name":"Basilisk Knight","level":204,"killCount":-1,"type":"NPC","drops":[{"name":"Grimy avantoe","id":212,"quantity":1,"price":1615}],"date":"May 24, 2022, 1:50:53 PM"}
{"name":"Basilisk Knight","level":204,"killCount":-1,"type":"NPC","drops":[{"name":"Uncut emerald","id":1621,"quantity":1,"price":573}],"date":"May 24, 2022, 1:52:00 PM"}
{"name":"Basilisk Knight","level":204,"killCount":-1,"type":"NPC","drops":[{"name":"Law rune","id":563,"quantity":21,"price":132}],"date":"May 24, 2022, 1:52:57 PM"}
{"name":"Basilisk Knight","level":204,"killCount":-1,"type":"NPC","drops":[{"name":"Uncut sapphire","id":1623,"quantity":1,"price":384}],"date":"May 24, 2022, 1:56:09 PM"}
{"name":"Basilisk Knight","level":204,"killCount":-1,"type":"NPC","drops":[{"name":"Coins","id":995,"quantity":643,"price":1}],"date":"May 24, 2022, 1:56:59 PM"}
{"name":"Basilisk Knight","level":204,"killCount":-1,"type":"NPC","drops":[{"name":"Grimy ranarr weed","id":208,"quantity":1,"price":8853}],"date":"May 24, 2022, 1:58:22 PM"}
{"name":"Basilisk Knight","level":204,"killCount":-1,"type":"NPC","drops":[{"name":"Death rune","id":560,"quantity":18,"price":192}],"date":"May 24, 2022, 1:59:21 PM"}
{"name":"Basilisk Knight","level":204,"killCount":-1,"type":"NPC","drops":[{"name":"Astral rune","id":9075,"quantity":24,"price":116}],"date":"May 24, 2022, 2:02:55 PM"}
{"name":"Basilisk Knight","level":204,"killCount":-1,"type":"NPC","drops":[{"name":"Coins","id":995,"quantity":1480,"price":1}],"date":"May 24, 2022, 2:03:54 PM"}
{"name":"Basilisk Knight","level":204,"killCount":-1,"type":"NPC","drops":[{"name":"Law rune","id":563,"quantity":28,"price":132}],"date":"May 24, 2022, 2:05:56 PM"}
{"name":"Basilisk Knight","level":204,"killCount":-1,"type":"NPC","drops":[{"name":"Nature rune","id":561,"quantity":17,"price":192}],"date":"May 24, 2022, 2:06:50 PM"}
{"name":"Basilisk Knight","level":204,"killCount":-1,"type":"NPC","drops":[{"name":"Astral rune","id":9075,"quantity":18,"price":116}],"date":"May 24, 2022, 2:07:59 PM"}
{"name":"Basilisk Knight","level":204,"killCount":-1,"type":"NPC","drops":[{"name":"Astral rune","id":9075,"quantity":21,"price":116}],"date":"May 24, 2022, 2:09:54 PM"}
{"name":"Basilisk Knight","level":204,"killCount":-1,"type":"NPC","drops":[{"name":"Law rune","id":563,"quantity":22,"price":132}],"date":"May 24, 2022, 2:12:15 PM"}
{"name":"Basilisk Knight","level":204,"killCount":-1,"type":"NPC","drops":[{"name":"Astral rune","id":9075,"quantity":30,"price":116}],"date":"May 24, 2022, 2:13:14 PM"}
{"name":"Basilisk Knight","level":204,"killCount":-1,"type":"NPC","drops":[{"name":"Nature rune","id":561,"quantity":16,"price":192}],"date":"May 24, 2022, 2:14:12 PM"}
{"name":"Basilisk Knight","level":204,"killCount":-1,"type":"NPC","drops":[{"name":"Coins","id":995,"quantity":1786,"price":1}],"date":"May 24, 2022, 2:16:24 PM"}
{"name":"Basilisk Knight","level":204,"killCount":-1,"type":"NPC","drops":[{"name":"Nature rune","id":561,"quantity":27,"price":194}],"date":"May 24, 2022, 2:17:59 PM"}
{"name":"Basilisk Knight","level":204,"killCount":-1,"type":"NPC","drops":[{"name":"Rune scimitar","id":1333,"quantity":1,"price":14905}],"date":"May 24, 2022, 2:20:18 PM"}
{"name":"Basilisk Knight","level":204,"killCount":-1,"type":"NPC","drops":[{"name":"Death rune","id":560,"quantity":12,"price":191}],"date":"May 24, 2022, 2:22:42 PM"}
{"name":"Basilisk Knight","level":204,"killCount":-1,"type":"NPC","drops":[{"name":"Death rune","id":560,"quantity":11,"price":191}],"date":"May 24, 2022, 2:23:32 PM"}
{"name":"Basilisk Knight","level":204,"killCount":-1,"type":"NPC","drops":[{"name":"Coins","id":995,"quantity":1121,"price":1}],"date":"May 24, 2022, 2:24:35 PM"}
{"name":"Basilisk Knight","level":204,"killCount":-1,"type":"NPC","drops":[{"name":"Blood rune","id":565,"quantity":15,"price":375}],"date":"May 24, 2022, 2:25:43 PM"}
{"name":"Basilisk Knight","level":204,"killCount":-1,"type":"NPC","drops":[{"name":"Adamant kiteshield","id":1199,"quantity":1,"price":2882}],"date":"May 24, 2022, 2:26:28 PM"}
{"name":"Basilisk Knight","level":204,"killCount":-1,"type":"NPC","drops":[{"name":"Astral rune","id":9075,"quantity":31,"price":111}],"date":"May 24, 2022, 2:30:16 PM"}
{"name":"Basilisk Knight","level":204,"killCount":-1,"type":"NPC","drops":[{"name":"Grimy snapdragon","id":3052,"quantity":1,"price":11877}],"date":"May 24, 2022, 2:31:22 PM"}
{"name":"Basilisk Knight","level":204,"killCount":-1,"type":"NPC","drops":[{"name":"Grimy snapdragon","id":3052,"quantity":1,"price":11877}],"date":"May 24, 2022, 2:33:21 PM"}
{"name":"Basilisk Knight","level":204,"killCount":-1,"type":"NPC","drops":[{"name":"Rune axe","id":1359,"quantity":1,"price":7164}],"date":"May 24, 2022, 2:34:46 PM"}
{"name":"Basilisk Knight","level":204,"killCount":-1,"type":"NPC","drops":[{"name":"Death rune","id":560,"quantity":13,"price":191}],"date":"May 24, 2022, 2:37:55 PM"}
{"name":"Basilisk Knight","level":204,"killCount":-1,"type":"NPC","drops":[{"name":"Nature rune","id":561,"quantity":17,"price":194}],"date":"May 24, 2022, 2:38:41 PM"}
{"name":"Basilisk Knight","level":204,"killCount":-1,"type":"NPC","drops":[{"name":"Death rune","id":560,"quantity":16,"price":191}],"date":"May 24, 2022, 2:39:45 PM"}
{"name":"Basilisk Knight","level":204,"killCount":-1,"type":"NPC","drops":[{"name":"Coins","id":995,"quantity":1652,"price":1}],"date":"May 24, 2022, 2:41:07 PM"}
{"name":"Basilisk Knight","level":204,"killCount":-1,"type":"NPC","drops":[{"name":"Nature rune","id":561,"quantity":17,"price":194}],"date":"May 24, 2022, 2:42:14 PM"}
{"name":"Basilisk Knight","level":204,"killCount":-1,"type":"NPC","drops":[{"name":"Astral rune","id":9075,"quantity":18,"price":111}],"date":"May 24, 2022, 2:44:13 PM"}
{"name":"Basilisk Knight","level":204,"killCount":-1,"type":"NPC","drops":[{"name":"Law rune","id":563,"quantity":23,"price":130}],"date":"May 24, 2022, 2:46:35 PM"}
{"name":"Basilisk Knight","level":204,"killCount":-1,"type":"NPC","drops":[{"name":"Law rune","id":563,"quantity":23,"price":130}],"date":"May 24, 2022, 2:47:48 PM"}
{"name":"Basilisk Knight","level":204,"killCount":-1,"type":"NPC","drops":[{"name":"Grimy ranarr weed","id":208,"quantity":1,"price":8807}],"date":"May 24, 2022, 2:49:09 PM"}
{"name":"Basilisk Knight","level":204,"killCount":-1,"type":"NPC","drops":[{"name":"Coins","id":995,"quantity":560,"price":1}],"date":"May 24, 2022, 2:50:25 PM"}
{"name":"Basilisk Knight","level":204,"killCount":-1,"type":"NPC","drops":[{"name":"Coins","id":995,"quantity":1380,"price":1}],"date":"May 24, 2022, 2:51:47 PM"}
{"name":"Basilisk Knight","level":204,"killCount":-1,"type":"NPC","drops":[{"name":"Law rune","id":563,"quantity":20,"price":130}],"date":"May 24, 2022, 2:54:40 PM"}
{"name":"Basilisk Knight","level":204,"killCount":-1,"type":"NPC","drops":[{"name":"Rune med helm","id":1147,"quantity":1,"price":11077}],"date":"May 24, 2022, 2:55:42 PM"}
{"name":"Basilisk Knight","level":204,"killCount":-1,"type":"NPC","drops":[{"name":"Law rune","id":563,"quantity":28,"price":130}],"date":"May 24, 2022, 2:57:15 PM"}
{"name":"Basilisk Knight","level":204,"killCount":-1,"type":"NPC","drops":[{"name":"Rune axe","id":1359,"quantity":1,"price":7142}],"date":"May 24, 2022, 2:58:19 PM"}
{"name":"Basilisk Knight","level":204,"killCount":-1,"type":"NPC","drops":[{"name":"Adamantite ore","id":450,"quantity":2,"price":1132}],"date":"May 24, 2022, 2:59:57 PM"}
{"name":"Basilisk Knight","level":204,"killCount":-1,"type":"NPC","drops":[{"name":"Uncut emerald","id":1621,"quantity":1,"price":573}],"date":"May 24, 2022, 3:01:19 PM"}
{"name":"Basilisk Knight","level":204,"killCount":-1,"type":"NPC","drops":[{"name":"Coins","id":995,"quantity":588,"price":1}],"date":"May 24, 2022, 3:04:35 PM"}
{"name":"Basilisk Knight","level":204,"killCount":-1,"type":"NPC","drops":[{"name":"Nature rune","id":561,"quantity":20,"price":193}],"date":"May 24, 2022, 3:05:25 PM"}
{"name":"Basilisk Knight","level":204,"killCount":-1,"type":"NPC","drops":[{"name":"Death rune","id":560,"quantity":16,"price":193}],"date":"May 24, 2022, 3:06:24 PM"}
{"name":"Basilisk Knight","level":204,"killCount":-1,"type":"NPC","drops":[{"name":"Nature rune","id":561,"quantity":16,"price":193}],"date":"May 24, 2022, 3:07:38 PM"}
{"name":"Basilisk Knight","level":204,"killCount":-1,"type":"NPC","drops":[{"name":"Coins","id":995,"quantity":1348,"price":1}],"date":"May 24, 2022, 3:08:39 PM"}
{"name":"Basilisk Knight","level":204,"killCount":-1,"type":"NPC","drops":[{"name":"Law rune","id":563,"quantity":25,"price":130}],"date":"May 24, 2022, 3:09:29 PM"}
{"name":"Basilisk Knight","level":204,"killCount":-1,"type":"NPC","drops":[{"name":"Rune spear","id":1247,"quantity":1,"price":11857}],"date":"May 24, 2022, 3:10:24 PM"}
{"name":"Basilisk Knight","level":204,"killCount":-1,"type":"NPC","drops":[{"name":"Nature rune","id":561,"quantity":27,"price":193}],"date":"May 24, 2022, 3:12:36 PM"}
{"name":"Basilisk Knight","level":204,"killCount":-1,"type":"NPC","drops":[{"name":"Rune spear","id":1247,"quantity":1,"price":11857}],"date":"May 24, 2022, 3:13:31 PM"}
{"name":"Basilisk Knight","level":204,"killCount":-1,"type":"NPC","drops":[{"name":"Nature rune","id":561,"quantity":17,"price":193}],"date":"May 24, 2022, 3:15:06 PM"}
{"name":"Basilisk Knight","level":204,"killCount":-1,"type":"NPC","drops":[{"name":"Uncut sapphire","id":1623,"quantity":1,"price":383}],"date":"May 24, 2022, 3:16:18 PM"}
{"name":"Basilisk Knight","level":204,"killCount":-1,"type":"NPC","drops":[{"name":"Uncut sapphire","id":1623,"quantity":1,"price":390}],"date":"May 24, 2022, 3:18:05 PM"}
{"name":"Basilisk Knight","level":204,"killCount":-1,"type":"NPC","drops":[{"name":"Law rune","id":563,"quantity":22,"price":129}],"date":"May 24, 2022, 3:19:35 PM"}
{"name":"Basilisk Knight","level":204,"killCount":-1,"type":"NPC","drops":[{"name":"Adamant kiteshield","id":1199,"quantity":1,"price":2918}],"date":"May 24, 2022, 3:20:46 PM"}
{"name":"Basilisk Knight","level":204,"killCount":-1,"type":"NPC","drops":[{"name":"Grimy ranarr weed","id":208,"quantity":1,"price":8790}],"date":"May 24, 2022, 3:56:22 PM"}
{"name":"Basilisk Knight","level":204,"killCount":-1,"type":"NPC","drops":[{"name":"Blood rune","id":565,"quantity":17,"price":374}],"date":"May 24, 2022, 3:57:17 PM"}
{"name":"Basilisk Knight","level":204,"killCount":-1,"type":"NPC","drops":[{"name":"Blood rune","id":565,"quantity":20,"price":374}],"date":"May 24, 2022, 4:00:10 PM"}
{"name":"Basilisk Knight","level":204,"killCount":-1,"type":"NPC","drops":[{"name":"Uncut diamond","id":1617,"quantity":1,"price":2987}],"date":"May 24, 2022, 4:01:25 PM"}
{"name":"Basilisk Knight","level":204,"killCount":-1,"type":"NPC","drops":[{"name":"Grimy avantoe","id":212,"quantity":1,"price":1575}],"date":"May 24, 2022, 4:02:31 PM"}
{"name":"Basilisk Knight","level":204,"killCount":-1,"type":"NPC","drops":[{"name":"Death rune","id":560,"quantity":21,"price":191}],"date":"May 24, 2022, 4:03:33 PM"}
{"name":"Basilisk Knight","level":204,"killCount":-1,"type":"NPC","drops":[{"name":"Grimy avantoe","id":212,"quantity":1,"price":1575}],"date":"May 24, 2022, 4:04:38 PM"}
{"name":"Basilisk Knight","level":204,"killCount":-1,"type":"NPC","drops":[{"name":"Astral rune","id":9075,"quantity":28,"price":112}],"date":"May 24, 2022, 4:05:46 PM"}
{"name":"Basilisk Knight","level":204,"killCount":-1,"type":"NPC","drops":[{"name":"Law rune","id":563,"quantity":29,"price":130}],"date":"May 24, 2022, 4:07:26 PM"}
{"name":"Basilisk Knight","level":204,"killCount":-1,"type":"NPC","drops":[{"name":"Rune dagger","id":1213,"quantity":1,"price":4492}],"date":"May 24, 2022, 4:08:54 PM"}
{"name":"Basilisk Knight","level":204,"killCount":-1,"type":"NPC","drops":[{"name":"Adamant kiteshield","id":1199,"quantity":1,"price":3686}],"date":"May 24, 2022, 4:10:07 PM"}
{"name":"Basilisk Knight","level":204,"killCount":-1,"type":"NPC","drops":[{"name":"Blood rune","id":565,"quantity":16,"price":374}],"date":"May 24, 2022, 4:11:23 PM"}
{"name":"Basilisk Knight","level":204,"killCount":-1,"type":"NPC","drops":[{"name":"Law rune","id":563,"quantity":29,"price":130}],"date":"May 24, 2022, 4:13:13 PM"}
{"name":"Basilisk Knight","level":204,"killCount":-1,"type":"NPC","drops":[{"name":"Coins","id":995,"quantity":2007,"price":1}],"date":"May 24, 2022, 4:14:14 PM"}
{"name":"Basilisk Knight","level":204,"killCount":-1,"type":"NPC","drops":[{"name":"Coins","id":995,"quantity":1722,"price":1}],"date":"May 24, 2022, 4:15:16 PM"}
{"name":"Basilisk Knight","level":204,"killCount":-1,"type":"NPC","drops":[{"name":"Rune scimitar","id":1333,"quantity":1,"price":15055}],"date":"May 24, 2022, 4:16:37 PM"}
{"name":"Basilisk Knight","level":204,"killCount":-1,"type":"NPC","drops":[{"name":"Nature rune","id":561,"quantity":20,"price":195}],"date":"May 24, 2022, 4:18:00 PM"}
{"name":"Basilisk Knight","level":204,"killCount":-1,"type":"NPC","drops":[{"name":"Grimy torstol","id":220,"quantity":1,"price":8366}],"date":"May 24, 2022, 4:23:15 PM"}
{"name":"Basilisk Knight","level":204,"killCount":-1,"type":"NPC","drops":[{"name":"Adamantite ore","id":450,"quantity":2,"price":1122}],"date":"May 24, 2022, 4:24:06 PM"}
{"name":"Basilisk Knight","level":204,"killCount":-1,"type":"NPC","drops":[{"name":"Coins","id":995,"quantity":1906,"price":1}],"date":"May 24, 2022, 4:25:03 PM"}
{"name":"Basilisk Knight","level":204,"killCount":-1,"type":"NPC","drops":[{"name":"Grimy snapdragon","id":3052,"quantity":1,"price":11741}],"date":"May 24, 2022, 4:26:30 PM"}
{"name":"Basilisk Knight","level":204,"killCount":-1,"type":"NPC","drops":[{"name":"Adamant kiteshield","id":1199,"quantity":1,"price":2882}],"date":"May 24, 2022, 4:27:35 PM"}
{"name":"Basilisk Knight","level":204,"killCount":-1,"type":"NPC","drops":[{"name":"Law rune","id":563,"quantity":22,"price":129}],"date":"May 24, 2022, 4:28:23 PM"}
{"name":"Basilisk Knight","level":204,"killCount":-1,"type":"NPC","drops":[{"name":"Nature rune","id":561,"quantity":22,"price":195}],"date":"May 24, 2022, 4:29:04 PM"}
{"name":"Basilisk Knight","level":204,"killCount":-1,"type":"NPC","drops":[{"name":"Adamantite ore","id":450,"quantity":2,"price":1122}],"date":"May 24, 2022, 4:29:56 PM"}
{"name":"Basilisk Knight","level":204,"killCount":-1,"type":"NPC","drops":[{"name":"Coins","id":995,"quantity":2157,"price":1}],"date":"May 24, 2022, 4:30:44 PM"}
{"name":"Basilisk Knight","level":204,"killCount":-1,"type":"NPC","drops":[{"name":"Coins","id":995,"quantity":2432,"price":1}],"date":"May 24, 2022, 4:31:55 PM"}
{"name":"Basilisk Knight","level":204,"killCount":-1,"type":"NPC","drops":[{"name":"Nature rune","id":561,"quantity":24,"price":195}],"date":"May 24, 2022, 4:32:45 PM"}
{"name":"Basilisk Knight","level":204,"killCount":-1,"type":"NPC","drops":[{"name":"Astral rune","id":9075,"quantity":25,"price":120}],"date":"May 24, 2022, 4:33:33 PM"}
{"name":"Basilisk Knight","level":204,"killCount":-1,"type":"NPC","drops":[{"name":"Rune scimitar","id":1333,"quantity":1,"price":15200}],"date":"May 24, 2022, 4:34:47 PM"}
{"name":"Basilisk Knight","level":204,"killCount":-1,"type":"NPC","drops":[{"name":"Uncut sapphire","id":1623,"quantity":1,"price":385}],"date":"May 24, 2022, 4:36:43 PM"}
{"name":"Basilisk Knight","level":204,"killCount":-1,"type":"NPC","drops":[{"name":"Nature rune","id":561,"quantity":15,"price":195}],"date":"May 24, 2022, 4:37:48 PM"}
{"name":"Basilisk Knight","level":204,"killCount":-1,"type":"NPC","drops":[{"name":"Death rune","id":560,"quantity":11,"price":193}],"date":"May 24, 2022, 4:38:50 PM"}
{"name":"Basilisk Knight","level":204,"killCount":-1,"type":"NPC","drops":[{"name":"Law rune","id":563,"quantity":26,"price":129}],"date":"May 24, 2022, 4:39:36 PM"}
{"name":"Basilisk Knight","level":204,"killCount":-1,"type":"NPC","drops":[{"name":"Rune battleaxe","id":1373,"quantity":1,"price":24460}],"date":"May 24, 2022, 4:40:50 PM"}
{"name":"Basilisk Knight","level":204,"killCount":-1,"type":"NPC","drops":[{"name":"Nature rune","id":561,"quantity":28,"price":195}],"date":"May 24, 2022, 4:43:39 PM"}
{"name":"Basilisk Knight","level":204,"killCount":-1,"type":"NPC","drops":[{"name":"Coins","id":995,"quantity":1043,"price":1}],"date":"May 24, 2022, 4:44:53 PM"}
{"name":"Basilisk Knight","level":204,"killCount":-1,"type":"NPC","drops":[{"name":"Rune spear","id":1247,"quantity":1,"price":12133}],"date":"May 24, 2022, 4:45:55 PM"}
{"name":"Basilisk Knight","level":204,"killCount":-1,"type":"NPC","drops":[{"name":"Adamant kiteshield","id":1199,"quantity":1,"price":2831}],"date":"May 24, 2022, 4:47:57 PM"}
{"name":"Basilisk Knight","level":204,"killCount":-1,"type":"NPC","drops":[{"name":"Nature rune","id":561,"quantity":27,"price":194}],"date":"May 24, 2022, 4:48:55 PM"}
{"name":"Basilisk Knight","level":204,"killCount":-1,"type":"NPC","drops":[{"name":"Blood rune","id":565,"quantity":8,"price":371}],"date":"May 24, 2022, 4:49:52 PM"}
{"name":"Basilisk Knight","level":204,"killCount":-1,"type":"NPC","drops":[{"name":"Adamant platelegs","id":1073,"quantity":1,"price":3430}],"date":"May 24, 2022, 4:50:40 PM"}
{"name":"Basilisk Knight","level":204,"killCount":-1,"type":"NPC","drops":[{"name":"Astral rune","id":9075,"quantity":31,"price":121}],"date":"May 24, 2022, 4:52:39 PM"}
{"name":"Basilisk Knight","level":204,"killCount":-1,"type":"NPC","drops":[{"name":"Law rune","id":563,"quantity":22,"price":130}],"date":"May 24, 2022, 4:53:30 PM"}
{"name":"Basilisk Knight","level":204,"killCount":-1,"type":"NPC","drops":[{"name":"Astral rune","id":9075,"quantity":21,"price":121}],"date":"May 24, 2022, 4:54:22 PM"}
{"name":"Basilisk Knight","level":204,"killCount":-1,"type":"NPC","drops":[{"name":"Rune med helm","id":1147,"quantity":1,"price":11070}],"date":"May 24, 2022, 4:55:30 PM"}
{"name":"Basilisk Knight","level":204,"killCount":-1,"type":"NPC","drops":[{"name":"Astral rune","id":9075,"quantity":28,"price":121}],"date":"May 24, 2022, 4:56:22 PM"}
{"name":"Basilisk Knight","level":204,"killCount":-1,"type":"NPC","drops":[{"name":"Law rune","id":563,"quantity":26,"price":130}],"date":"May 24, 2022, 4:57:31 PM"}
{"name":"Basilisk Knight","level":204,"killCount":-1,"type":"NPC","drops":[{"name":"Blood rune","id":565,"quantity":12,"price":371}],"date":"May 24, 2022, 4:58:25 PM"}
{"name":"Basilisk Knight","level":204,"killCount":-1,"type":"NPC","drops":[{"name":"Death rune","id":560,"quantity":16,"price":191}],"date":"May 24, 2022, 4:59:44 PM"}
{"name":"Basilisk Knight","level":204,"killCount":-1,"type":"NPC","drops":[{"name":"Law rune","id":563,"quantity":20,"price":130}],"date":"May 24, 2022, 5:00:28 PM"}
{"name":"Basilisk Knight","level":204,"killCount":-1,"type":"NPC","drops":[{"name":"Nature rune","id":561,"quantity":24,"price":194}],"date":"May 24, 2022, 5:01:32 PM"}
{"name":"Basilisk Knight","level":204,"killCount":-1,"type":"NPC","drops":[{"name":"Rune axe","id":1359,"quantity":1,"price":7222}],"date":"May 24, 2022, 5:02:57 PM"}
{"name":"Basilisk Knight","level":204,"killCount":-1,"type":"NPC","drops":[{"name":"Nature rune","id":561,"quantity":28,"price":194}],"date":"May 24, 2022, 5:05:39 PM"}
{"name":"Basilisk Knight","level":204,"killCount":-1,"type":"NPC","drops":[{"name":"Astral rune","id":9075,"quantity":30,"price":121}],"date":"May 24, 2022, 5:06:40 PM"}
{"name":"Basilisk Knight","level":204,"killCount":-1,"type":"NPC","drops":[{"name":"Adamantite ore","id":450,"quantity":2,"price":1122}],"date":"May 24, 2022, 5:07:42 PM"}
{"name":"Basilisk Knight","level":204,"killCount":-1,"type":"NPC","drops":[{"name":"Death rune","id":560,"quantity":20,"price":191}],"date":"May 24, 2022, 5:08:38 PM"}
{"name":"Basilisk Knight","level":204,"killCount":-1,"type":"NPC","drops":[{"name":"Blood rune","id":565,"quantity":20,"price":371}],"date":"May 24, 2022, 5:09:29 PM"}
{"name":"Basilisk Knight","level":204,"killCount":-1,"type":"NPC","drops":[{"name":"Blood rune","id":565,"quantity":9,"price":371}],"date":"May 24, 2022, 5:10:05 PM"}
{"name":"Basilisk Knight","level":204,"killCount":-1,"type":"NPC","drops":[{"name":"Grimy snapdragon","id":3052,"quantity":1,"price":11748}],"date":"May 24, 2022, 5:11:07 PM"}
{"name":"Basilisk Knight","level":204,"killCount":-1,"type":"NPC","drops":[{"name":"Big bones","id":532,"quantity":1,"price":230},{"name":"Coins","id":995,"quantity":1953,"price":1}],"date":"May 25, 2022, 10:19:42 AM"}
{"name":"Basilisk Knight","level":204,"killCount":-1,"type":"NPC","drops":[{"name":"Big bones","id":532,"quantity":1,"price":230},{"name":"Blood rune","id":565,"quantity":14,"price":377}],"date":"May 25, 2022, 10:21:05 AM"}
{"name":"Basilisk Knight","level":204,"killCount":-1,"type":"NPC","drops":[{"name":"Big bones","id":532,"quantity":1,"price":230},{"name":"Coins","id":995,"quantity":1041,"price":1}],"date":"May 25, 2022, 10:22:28 AM"}
{"name":"Basilisk Knight","level":204,"killCount":-1,"type":"NPC","drops":[{"name":"Big bones","id":532,"quantity":1,"price":230},{"name":"Nature rune","id":561,"quantity":17,"price":194}],"date":"May 25, 2022, 10:23:38 AM"}
{"name":"Basilisk Knight","level":204,"killCount":-1,"type":"NPC","drops":[{"name":"Big bones","id":532,"quantity":1,"price":230},{"name":"Coins","id":995,"quantity":1270,"price":1}],"date":"May 25, 2022, 10:24:41 AM"}
{"name":"Basilisk Knight","level":204,"killCount":-1,"type":"NPC","drops":[{"name":"Big bones","id":532,"quantity":1,"price":230},{"name":"Law rune","id":563,"quantity":28,"price":132}],"date":"May 25, 2022, 10:25:44 AM"}
{"name":"Basilisk Knight","level":204,"killCount":-1,"type":"NPC","drops":[{"name":"Big bones","id":532,"quantity":1,"price":230}],"date":"May 25, 2022, 10:26:48 AM"}
{"name":"Basilisk Knight","level":204,"killCount":-1,"type":"NPC","drops":[{"name":"Long bone","id":10976,"quantity":1,"price":1000},{"name":"Big bones","id":532,"quantity":1,"price":230},{"name":"Death rune","id":560,"quantity":14,"price":189}],"date":"May 25, 2022, 10:28:02 AM"}
{"name":"Basilisk Knight","level":204,"killCount":-1,"type":"NPC","drops":[{"name":"Big bones","id":532,"quantity":1,"price":230},{"name":"Rune spear","id":1247,"quantity":1,"price":11893}],"date":"May 25, 2022, 10:29:37 AM"}
{"name":"Basilisk Knight","level":204,"killCount":-1,"type":"NPC","drops":[{"name":"Big bones","id":532,"quantity":1,"price":230},{"name":"Death rune","id":560,"quantity":25,"price":189}],"date":"May 25, 2022, 10:30:38 AM"}
{"name":"Basilisk Knight","level":204,"killCount":-1,"type":"NPC","drops":[{"name":"Big bones","id":532,"quantity":1,"price":230},{"name":"Uncut emerald","id":1621,"quantity":1,"price":577}],"date":"May 25, 2022, 10:31:53 AM"}
{"name":"Basilisk Knight","level":204,"killCount":-1,"type":"NPC","drops":[{"name":"Big bones","id":532,"quantity":1,"price":230},{"name":"Coins","id":995,"quantity":898,"price":1}],"date":"May 25, 2022, 10:33:04 AM"}
{"name":"Basilisk Knight","level":204,"killCount":-1,"type":"NPC","drops":[{"name":"Big bones","id":532,"quantity":1,"price":230},{"name":"Death rune","id":560,"quantity":23,"price":189}],"date":"May 25, 2022, 10:34:09 AM"}
{"name":"Basilisk Knight","level":204,"killCount":-1,"type":"NPC","drops":[{"name":"Big bones","id":532,"quantity":1,"price":230},{"name":"Adamant platelegs","id":1073,"quantity":1,"price":3399}],"date":"May 25, 2022, 10:35:05 AM"}
{"name":"Basilisk Knight","level":204,"killCount":-1,"type":"NPC","drops":[{"name":"Big bones","id":532,"quantity":1,"price":230},{"name":"Nature rune","id":561,"quantity":30,"price":194}],"date":"May 25, 2022, 10:36:03 AM"}
{"name":"Basilisk Knight","level":204,"killCount":-1,"type":"NPC","drops":[{"name":"Big bones","id":532,"quantity":1,"price":230}],"date":"May 25, 2022, 10:36:50 AM"}
{"name":"Basilisk Knight","level":204,"killCount":-1,"type":"NPC","drops":[{"name":"Big bones","id":532,"quantity":1,"price":230},{"name":"Rune battleaxe","id":1373,"quantity":1,"price":24477}],"date":"May 25, 2022, 10:37:55 AM"}
{"name":"Basilisk Knight","level":204,"killCount":-1,"type":"NPC","drops":[{"name":"Big bones","id":532,"quantity":1,"price":230},{"name":"Nature rune","id":561,"quantity":18,"price":194}],"date":"May 25, 2022, 10:39:01 AM"}
{"name":"Basilisk Knight","level":204,"killCount":-1,"type":"NPC","drops":[{"name":"Big bones","id":532,"quantity":1,"price":230},{"name":"Coins","id":995,"quantity":2324,"price":1}],"date":"May 25, 2022, 10:41:58 AM"}
{"name":"Basilisk Knight","level":204,"killCount":-1,"type":"NPC","drops":[{"name":"Big bones","id":532,"quantity":1,"price":230},{"name":"Rune med helm","id":1147,"quantity":1,"price":11071}],"date":"May 25, 2022, 10:42:32 AM"}
{"name":"Basilisk Knight","level":204,"killCount":-1,"type":"NPC","drops":[{"name":"Big bones","id":532,"quantity":1,"price":230},{"name":"Nature rune","id":561,"quantity":18,"price":194}],"date":"May 25, 2022, 10:43:40 AM"}
{"name":"Basilisk Knight","level":204,"killCount":-1,"type":"NPC","drops":[{"name":"Big bones","id":532,"quantity":1,"price":230},{"name":"Death rune","id":560,"quantity":13,"price":189}],"date":"May 25, 2022, 10:45:08 AM"}
{"name":"Basilisk Knight","level":204,"killCount":-1,"type":"NPC","drops":[{"name":"Big bones","id":532,"quantity":1,"price":230},{"name":"Rune battleaxe","id":1373,"quantity":1,"price":24477}],"date":"May 25, 2022, 10:46:14 AM"}
{"name":"Basilisk Knight","level":204,"killCount":-1,"type":"NPC","drops":[{"name":"Big bones","id":532,"quantity":1,"price":230},{"name":"Uncut sapphire","id":1623,"quantity":1,"price":384}],"date":"May 25, 2022, 10:47:37 AM"}
{"name":"Basilisk Knight","level":204,"killCount":-1,"type":"NPC","drops":[{"name":"Big bones","id":532,"quantity":1,"price":230},{"name":"Nature rune","id":561,"quantity":28,"price":194}],"date":"May 25, 2022, 10:48:23 AM"}
{"name":"Basilisk Knight","level":204,"killCount":-1,"type":"NPC","drops":[{"name":"Big bones","id":532,"quantity":1,"price":228},{"name":"Grimy avantoe","id":212,"quantity":1,"price":1555}],"date":"May 25, 2022, 10:49:24 AM"}
{"name":"Basilisk Knight","level":204,"killCount":-1,"type":"NPC","drops":[{"name":"Big bones","id":532,"quantity":1,"price":228},{"name":"Rune dagger","id":1213,"quantity":1,"price":4491}],"date":"May 25, 2022, 10:50:58 AM"}
{"name":"Basilisk Knight","level":204,"killCount":-1,"type":"NPC","drops":[{"name":"Big bones","id":532,"quantity":1,"price":228},{"name":"Death rune","id":560,"quantity":12,"price":190}],"date":"May 25, 2022, 10:52:24 AM"}
{"name":"Basilisk Knight","level":204,"killCount":-1,"type":"NPC","drops":[{"name":"Big bones","id":532,"quantity":1,"price":228}],"date":"May 25, 2022, 10:53:33 AM"}
{"name":"Basilisk Knight","level":204,"killCount":-1,"type":"NPC","drops":[{"name":"Big bones","id":532,"quantity":1,"price":228},{"name":"Coins","id":995,"quantity":1898,"price":1}],"date":"May 25, 2022, 10:54:34 AM"}
{"name":"Basilisk Knight","level":204,"killCount":-1,"type":"NPC","drops":[{"name":"Big bones","id":532,"quantity":1,"price":228}],"date":"May 25, 2022, 10:55:52 AM"}
{"name":"Basilisk Knight","level":204,"killCount":-1,"type":"NPC","drops":[{"name":"Big bones","id":532,"quantity":1,"price":228},{"name":"Grimy torstol","id":220,"quantity":1,"price":8280}],"date":"May 25, 2022, 10:56:51 AM"}
{"name":"Basilisk Knight","level":204,"killCount":-1,"type":"NPC","drops":[{"name":"Big bones","id":532,"quantity":1,"price":228},{"name":"Astral rune","id":9075,"quantity":23,"price":123}],"date":"May 25, 2022, 10:58:10 AM"}
{"name":"Basilisk Knight","level":204,"killCount":-1,"type":"NPC","drops":[{"name":"Big bones","id":532,"quantity":1,"price":228},{"name":"Nature rune","id":561,"quantity":27,"price":194}],"date":"May 25, 2022, 10:59:17 AM"}
{"name":"Basilisk Knight","level":204,"killCount":-1,"type":"NPC","drops":[{"name":"Big bones","id":532,"quantity":1,"price":228},{"name":"Death rune","id":560,"quantity":24,"price":190}],"date":"May 25, 2022, 11:02:09 AM"}
{"name":"Basilisk Knight","level":204,"killCount":-1,"type":"NPC","drops":[{"name":"Big bones","id":532,"quantity":1,"price":228}],"date":"May 25, 2022, 11:02:54 AM"}
{"name":"Basilisk Knight","level":204,"killCount":-1,"type":"NPC","drops":[{"name":"Big bones","id":532,"quantity":1,"price":228},{"name":"Grimy ranarr weed","id":208,"quantity":1,"price":8912}],"date":"May 25, 2022, 11:04:26 AM"}
{"name":"Basilisk Knight","level":204,"killCount":-1,"type":"NPC","drops":[{"name":"Big bones","id":532,"quantity":1,"price":228}],"date":"May 25, 2022, 11:05:46 AM"}
{"name":"Basilisk Knight","level":204,"killCount":-1,"type":"NPC","drops":[{"name":"Big bones","id":532,"quantity":1,"price":228},{"name":"Rune dagger","id":1213,"quantity":1,"price":4491}],"date":"May 25, 2022, 11:06:56 AM"}
{"name":"Basilisk Knight","level":204,"killCount":-1,"type":"NPC","drops":[{"name":"Big bones","id":532,"quantity":1,"price":228},{"name":"Adamant kiteshield","id":1199,"quantity":1,"price":2907}],"date":"May 25, 2022, 11:07:46 AM"}
{"name":"Basilisk Knight","level":204,"killCount":-1,"type":"NPC","drops":[{"name":"Big bones","id":532,"quantity":1,"price":228},{"name":"Blood rune","id":565,"quantity":20,"price":376}],"date":"May 25, 2022, 11:09:20 AM"}
{"name":"Basilisk Knight","level":204,"killCount":-1,"type":"NPC","drops":[{"name":"Big bones","id":532,"quantity":1,"price":228},{"name":"Law rune","id":563,"quantity":30,"price":131}],"date":"May 25, 2022, 11:10:07 AM"}
{"name":"Basilisk Knight","level":204,"killCount":-1,"type":"NPC","drops":[{"name":"Big bones","id":532,"quantity":1,"price":228},{"name":"Law rune","id":563,"quantity":29,"price":131}],"date":"May 25, 2022, 11:11:29 AM"}
{"name":"Basilisk Knight","level":204,"killCount":-1,"type":"NPC","drops":[{"name":"Big bones","id":532,"quantity":1,"price":228},{"name":"Grimy ranarr weed","id":208,"quantity":1,"price":8912}],"date":"May 25, 2022, 11:12:11 AM"}
{"name":"Basilisk Knight","level":204,"killCount":-1,"type":"NPC","drops":[{"name":"Big bones","id":532,"quantity":1,"price":228},{"name":"Law rune","id":563,"quantity":24,"price":131}],"date":"May 25, 2022, 11:13:21 AM"}
{"name":"Basilisk Knight","level":204,"killCount":-1,"type":"NPC","drops":[{"name":"Big bones","id":532,"quantity":1,"price":228},{"name":"Coins","id":995,"quantity":1750,"price":1}],"date":"May 25, 2022, 11:14:17 AM"}
{"name":"Basilisk Knight","level":204,"killCount":-1,"type":"NPC","drops":[{"name":"Big bones","id":532,"quantity":1,"price":228},{"name":"Grimy avantoe","id":212,"quantity":1,"price":1555}],"date":"May 25, 2022, 11:15:20 AM"}
{"name":"Basilisk Knight","level":204,"killCount":-1,"type":"NPC","drops":[{"name":"Big bones","id":532,"quantity":1,"price":228},{"name":"Astral rune","id":9075,"quantity":27,"price":123}],"date":"May 25, 2022, 11:16:47 AM"}
{"name":"Basilisk Knight","level":204,"killCount":-1,"type":"NPC","drops":[{"name":"Big bones","id":532,"quantity":1,"price":228},{"name":"Astral rune","id":9075,"quantity":16,"price":123}],"date":"May 25, 2022, 11:17:22 AM"}
{"name":"Basilisk Knight","level":204,"killCount":-1,"type":"NPC","drops":[{"name":"Big bones","id":532,"quantity":1,"price":228},{"name":"Basilisk jaw","id":24268,"quantity":1,"price":17458771},{"name":"Rune scimitar","id":1333,"quantity":1,"price":15000}],"date":"May 25, 2022, 11:18:13 AM"}
