{"name":"Black dragon","level":227,"killCount":-1,"type":"NPC","drops":[{"name":"Dragon bones","id":536,"quantity":1,"price":2302},{"name":"Black dragonhide","id":1747,"quantity":1,"price":2965},{"name":"Ensouled dragon head","id":13510,"quantity":1,"price":6142},{"name":"Adamant javelin","id":829,"quantity":30,"price":56}],"date":"Aug 29, 2022, 1:41:13 PM"}
{"name":"Black dragon","level":227,"killCount":-1,"type":"NPC","drops":[{"name":"Dragon bones","id":536,"quantity":1,"price":2302},{"name":"Black dragonhide","id":1747,"quantity":1,"price":2965},{"name":"Blood rune","id":565,"quantity":15,"price":352}],"date":"Aug 29, 2022, 1:41:49 PM"}
{"name":"Black dragon","level":227,"killCount":-1,"type":"NPC","drops":[{"name":"Dragon bones","id":536,"quantity":1,"price":2302},{"name":"Black dragonhide","id":1747,"quantity":1,"price":2965},{"name":"Mithril battleaxe","id":1369,"quantity":1,"price":1004}],"date":"Aug 29, 2022, 1:42:16 PM"}
{"name":"Black dragon","level":227,"killCount":-1,"type":"NPC","drops":[{"name":"Dragon bones","id":536,"quantity":1,"price":2302},{"name":"Black dragonhide","id":1747,"quantity":1,"price":2965},{"name":"Adamant javelin","id":829,"quantity":30,"price":56}],"date":"Aug 29, 2022, 1:42:46 PM"}
{"name":"Black dragon","level":227,"killCount":-1,"type":"NPC","drops":[{"name":"Dragon bones","id":536,"quantity":1,"price":2302},{"name":"Black dragonhide","id":1747,"quantity":1,"price":2965},{"name":"Coins","id":995,"quantity":330,"price":1}],"date":"Aug 29, 2022, 1:43:16 PM"}
{"name":"Black dragon","level":227,"killCount":-1,"type":"NPC","drops":[{"name":"Dragon bones","id":536,"quantity":1,"price":2302},{"name":"Black dragonhide","id":1747,"quantity":1,"price":2965},{"name":"Coins","id":995,"quantity":196,"price":1}],"date":"Aug 29, 2022, 1:43:37 PM"}
{"name":"Black dragon","level":227,"killCount":-1,"type":"NPC","drops":[{"name":"Dragon bones","id":536,"quantity":1,"price":2302},{"name":"Black dragonhide","id":1747,"quantity":1,"price":2965},{"name":"Coins","id":995,"quantity":330,"price":1}],"date":"Aug 29, 2022, 1:44:04 PM"}
{"name":"Black dragon","level":227,"killCount":-1,"type":"NPC","drops":[{"name":"Dragon bones","id":536,"quantity":1,"price":2302},{"name":"Black dragonhide","id":1747,"quantity":1,"price":2965},{"name":"Mithril axe","id":1355,"quantity":1,"price":109}],"date":"Aug 29, 2022, 1:44:49 PM"}
{"name":"Black dragon","level":227,"killCount":-1,"type":"NPC","drops":[{"name":"Dragon bones","id":536,"quantity":1,"price":2302},{"name":"Black dragonhide","id":1747,"quantity":1,"price":2965},{"name":"Ensouled dragon head","id":13510,"quantity":1,"price":6142},{"name":"Coins","id":995,"quantity":196,"price":1}],"date":"Aug 29, 2022, 1:45:11 PM"}
{"name":"Black dragon","level":227,"killCount":-1,"type":"NPC","drops":[{"name":"Dragon bones","id":536,"quantity":1,"price":2302},{"name":"Black dragonhide","id":1747,"quantity":1,"price":2965},{"name":"Coins","id":995,"quantity":196,"price":1}],"date":"Aug 29, 2022, 1:45:43 PM"}
{"name":"Black dragon","level":227,"killCount":-1,"type":"NPC","drops":[{"name":"Dragon bones","id":536,"quantity":1,"price":2302},{"name":"Black dragonhide","id":1747,"quantity":1,"price":2965}],"date":"Aug 29, 2022, 1:46:10 PM"}
{"name":"Black dragon","level":227,"killCount":-1,"type":"NPC","drops":[{"name":"Dragon bones","id":536,"quantity":1,"price":2302},{"name":"Black dragonhide","id":1747,"quantity":1,"price":2965},{"name":"Coins","id":995,"quantity":196,"price":1}],"date":"Aug 29, 2022, 1:46:32 PM"}
{"name":"Black dragon","level":227,"killCount":-1,"type":"NPC","drops":[{"name":"Dragon bones","id":536,"quantity":1,"price":2302},{"name":"Black dragonhide","id":1747,"quantity":1,"price":2965},{"name":"Coins","id":995,"quantity":196,"price":1}],"date":"Aug 29, 2022, 1:47:14 PM"}
{"name":"Black dragon","level":227,"killCount":-1,"type":"NPC","drops":[{"name":"Dragon bones","id":536,"quantity":1,"price":2302},{"name":"Black dragonhide","id":1747,"quantity":1,"price":2965},{"name":"Fire rune","id":554,"quantity":50,"price":4}],"date":"Aug 29, 2022, 1:47:57 PM"}
{"name":"Black dragon","level":227,"killCount":-1,"type":"NPC","drops":[{"name":"Dragon bones","id":536,"quantity":1,"price":2459},{"name":"Black dragonhide","id":1747,"quantity":1,"price":3145},{"name":"Coins","id":995,"quantity":196,"price":1}],"date":"Sep 3, 2022, 5:31:13 PM"}
{"name":"Black dragon","level":227,"killCount":-1,"type":"NPC","drops":[{"name":"Dragon bones","id":536,"quantity":1,"price":2459},{"name":"Black dragonhide","id":1747,"quantity":1,"price":3145},{"name":"Coins","id":995,"quantity":196,"price":1}],"date":"Sep 3, 2022, 5:31:48 PM"}
{"name":"Black dragon","level":227,"killCount":-1,"type":"NPC","drops":[{"name":"Dragon bones","id":536,"quantity":1,"price":2459},{"name":"Black dragonhide","id":1747,"quantity":1,"price":3145},{"name":"Clue scroll (hard)","id":3575,"quantity":1,"price":0},{"name":"Dragon javelin heads","id":19582,"quantity":10,"price":910}],"date":"Sep 3, 2022, 5:32:03 PM"}
{"name":"Black dragon","level":227,"killCount":-1,"type":"NPC","drops":[{"name":"Dragon bones","id":536,"quantity":1,"price":2459},{"name":"Black dragonhide","id":1747,"quantity":1,"price":3145},{"name":"Coins","id":995,"quantity":196,"price":1}],"date":"Sep 3, 2022, 5:32:32 PM"}
{"name":"Black dragon","level":227,"killCount":-1,"type":"NPC","drops":[{"name":"Brimstone key","id":23083,"quantity":1,"price":0},{"name":"Dragon bones","id":536,"quantity":1,"price":2459},{"name":"Black dragonhide","id":1747,"quantity":1,"price":3145},{"name":"Coins","id":995,"quantity":196,"price":1}],"date":"Sep 3, 2022, 5:32:58 PM"}
{"name":"Black dragon","level":227,"killCount":-1,"type":"NPC","drops":[{"name":"Dragon bones","id":536,"quantity":1,"price":2459},{"name":"Black dragonhide","id":1747,"quantity":1,"price":3145},{"name":"Ensouled dragon head","id":13510,"quantity":1,"price":7025},{"name":"Fire rune","id":554,"quantity":50,"price":4}],"date":"Sep 3, 2022, 5:33:32 PM"}
{"name":"Black dragon","level":227,"killCount":-1,"type":"NPC","drops":[{"name":"Dragon bones","id":536,"quantity":1,"price":2459},{"name":"Black dragonhide","id":1747,"quantity":1,"price":3145},{"name":"Mithril 2h sword","id":1315,"quantity":1,"price":1131}],"date":"Sep 3, 2022, 5:33:59 PM"}
{"name":"Black dragon","level":227,"killCount":-1,"type":"NPC","drops":[{"name":"Dragon bones","id":536,"quantity":1,"price":2459},{"name":"Black dragonhide","id":1747,"quantity":1,"price":3145},{"name":"Adamant platebody","id":1123,"quantity":1,"price":9350}],"date":"Sep 3, 2022, 5:34:38 PM"}
{"name":"Black dragon","level":227,"killCount":-1,"type":"NPC","drops":[{"name":"Dragon bones","id":536,"quantity":1,"price":2459},{"name":"Black dragonhide","id":1747,"quantity":1,"price":3145},{"name":"Adamant dart(p)","id":816,"quantity":16,"price":66}],"date":"Sep 3, 2022, 5:35:07 PM"}
{"name":"Black dragon","level":227,"killCount":-1,"type":"NPC","drops":[{"name":"Dragon bones","id":536,"quantity":1,"price":2459},{"name":"Black dragonhide","id":1747,"quantity":1,"price":3145},{"name":"Mithril battleaxe","id":1369,"quantity":1,"price":1056}],"date":"Sep 3, 2022, 5:35:35 PM"}
{"name":"Black dragon","level":227,"killCount":-1,"type":"NPC","drops":[{"name":"Dragon bones","id":536,"quantity":1,"price":2459},{"name":"Black dragonhide","id":1747,"quantity":1,"price":3145},{"name":"Adamant javelin","id":829,"quantity":30,"price":60}],"date":"Sep 3, 2022, 5:36:06 PM"}
{"name":"Black dragon","level":227,"killCount":-1,"type":"NPC","drops":[{"name":"Dragon bones","id":536,"quantity":1,"price":2459},{"name":"Black dragonhide","id":1747,"quantity":1,"price":3145},{"name":"Law rune","id":563,"quantity":10,"price":116}],"date":"Sep 3, 2022, 5:36:45 PM"}
{"name":"Black dragon","level":227,"killCount":-1,"type":"NPC","drops":[{"name":"Dragon bones","id":536,"quantity":1,"price":2459},{"name":"Black dragonhide","id":1747,"quantity":1,"price":3145},{"name":"Mithril kiteshield","id":1197,"quantity":1,"price":1060}],"date":"Sep 3, 2022, 5:37:00 PM"}
{"name":"Black dragon","level":227,"killCount":-1,"type":"NPC","drops":[{"name":"Dragon bones","id":536,"quantity":1,"price":2360},{"name":"Black dragonhide","id":1747,"quantity":1,"price":2992},{"name":"Coins","id":995,"quantity":196,"price":1}],"date":"Jan 10, 2023, 9:34:51 PM"}
{"name":"Black dragon","level":227,"killCount":-1,"type":"NPC","drops":[{"name":"Dragon bones","id":536,"quantity":1,"price":2360},{"name":"Black dragonhide","id":1747,"quantity":1,"price":2992},{"name":"Coins","id":995,"quantity":196,"price":1}],"date":"Jan 10, 2023, 9:35:09 PM"}
{"name":"Black dragon","level":227,"killCount":-1,"type":"NPC","drops":[{"name":"Dragon bones","id":536,"quantity":1,"price":2360},{"name":"Black dragonhide","id":1747,"quantity":1,"price":2992},{"name":"Adamant javelin","id":829,"quantity":30,"price":65}],"date":"Jan 10, 2023, 9:35:43 PM"}
{"name":"Black dragon","level":227,"killCount":-1,"type":"NPC","drops":[{"name":"Dragon bones","id":536,"quantity":1,"price":2360},{"name":"Black dragonhide","id":1747,"quantity":1,"price":2992},{"name":"Coins","id":995,"quantity":196,"price":1}],"date":"Jan 10, 2023, 9:36:12 PM"}
{"name":"Black dragon","level":227,"killCount":-1,"type":"NPC","drops":[{"name":"Dragon bones","id":536,"quantity":1,"price":2360},{"name":"Black dragonhide","id":1747,"quantity":1,"price":2992},{"name":"Rune knife","id":868,"quantity":2,"price":303}],"date":"Jan 10, 2023, 9:36:39 PM"}
{"name":"Black dragon","level":227,"killCount":-1,"type":"NPC","drops":[{"name":"Dragon bones","id":536,"quantity":1,"price":2360},{"name":"Black dragonhide","id":1747,"quantity":1,"price":2992},{"name":"Coins","id":995,"quantity":196,"price":1}],"date":"Jan 10, 2023, 9:37:03 PM"}
{"name":"Black dragon","level":227,"killCount":-1,"type":"NPC","drops":[{"name":"Dragon bones","id":536,"quantity":1,"price":2360},{"name":"Black dragonhide","id":1747,"quantity":1,"price":2992},{"name":"Rune longsword","id":1303,"quantity":1,"price":18627}],"date":"Jan 10, 2023, 9:37:41 PM"}
{"name":"Black dragon","level":227,"killCount":-1,"type":"NPC","drops":[{"name":"Dragon bones","id":536,"quantity":1,"price":2360},{"name":"Black dragonhide","id":1747,"quantity":1,"price":2992},{"name":"Coins","id":995,"quantity":196,"price":1}],"date":"Jan 10, 2023, 9:38:03 PM"}
{"name":"Black dragon","level":227,"killCount":-1,"type":"NPC","drops":[{"name":"Dragon bones","id":536,"quantity":1,"price":2360},{"name":"Black dragonhide","id":1747,"quantity":1,"price":2992},{"name":"Coins","id":995,"quantity":196,"price":1}],"date":"Jan 10, 2023, 9:38:39 PM"}
{"name":"Black dragon","level":227,"killCount":-1,"type":"NPC","drops":[{"name":"Dragon bones","id":536,"quantity":1,"price":2360},{"name":"Black dragonhide","id":1747,"quantity":1,"price":2992},{"name":"Fire rune","id":554,"quantity":50,"price":7}],"date":"Jan 10, 2023, 9:39:11 PM"}
{"name":"Black dragon","level":227,"killCount":-1,"type":"NPC","drops":[{"name":"Dragon bones","id":536,"quantity":1,"price":2360},{"name":"Black dragonhide","id":1747,"quantity":1,"price":2992},{"name":"Coins","id":995,"quantity":330,"price":1}],"date":"Jan 10, 2023, 9:39:51 PM"}
{"name":"Black dragon","level":227,"killCount":-1,"type":"NPC","drops":[{"name":"Dragon bones","id":536,"quantity":1,"price":2360},{"name":"Black dragonhide","id":1747,"quantity":1,"price":2992},{"name":"Coins","id":995,"quantity":196,"price":1}],"date":"Jan 10, 2023, 9:40:16 PM"}
{"name":"Black dragon","level":227,"killCount":-1,"type":"NPC","drops":[{"name":"Dragon bones","id":536,"quantity":1,"price":2360},{"name":"Black dragonhide","id":1747,"quantity":1,"price":2992},{"name":"Clue scroll (hard)","id":2773,"quantity":1,"price":0},{"name":"Adamant platebody","id":1123,"quantity":1,"price":9579}],"date":"Jan 10, 2023, 9:40:57 PM"}
{"name":"Black dragon","level":227,"killCount":-1,"type":"NPC","drops":[{"name":"Dragon bones","id":536,"quantity":1,"price":2345},{"name":"Black dragonhide","id":1747,"quantity":1,"price":3018},{"name":"Adamant javelin","id":829,"quantity":30,"price":65}],"date":"Jan 11, 2023, 9:19:56 AM"}
{"name":"Black dragon","level":227,"killCount":-1,"type":"NPC","drops":[{"name":"Dragon bones","id":536,"quantity":1,"price":2345},{"name":"Black dragonhide","id":1747,"quantity":1,"price":3018},{"name":"Coins","id":995,"quantity":196,"price":1}],"date":"Jan 11, 2023, 9:20:31 AM"}
{"name":"Black dragon","level":227,"killCount":-1,"type":"NPC","drops":[{"name":"Dragon bones","id":536,"quantity":1,"price":2345},{"name":"Black dragonhide","id":1747,"quantity":1,"price":3018},{"name":"Law rune","id":563,"quantity":10,"price":125}],"date":"Jan 11, 2023, 9:20:58 AM"}
{"name":"Black dragon","level":227,"killCount":-1,"type":"NPC","drops":[{"name":"Dragon bones","id":536,"quantity":1,"price":2345},{"name":"Black dragonhide","id":1747,"quantity":1,"price":3018},{"name":"Adamant javelin","id":829,"quantity":20,"price":65}],"date":"Jan 11, 2023, 9:21:46 AM"}
{"name":"Black dragon","level":227,"killCount":-1,"type":"NPC","drops":[{"name":"Dragon bones","id":536,"quantity":1,"price":2345},{"name":"Black dragonhide","id":1747,"quantity":1,"price":3018},{"name":"Coins","id":995,"quantity":196,"price":1}],"date":"Jan 11, 2023, 9:22:11 AM"}
{"name":"Black dragon","level":227,"killCount":-1,"type":"NPC","drops":[{"name":"Dragon bones","id":536,"quantity":1,"price":2345},{"name":"Black dragonhide","id":1747,"quantity":1,"price":3018},{"name":"Coins","id":995,"quantity":196,"price":1}],"date":"Jan 11, 2023, 9:22:32 AM"}
{"name":"Black dragon","level":227,"killCount":-1,"type":"NPC","drops":[{"name":"Dragon bones","id":536,"quantity":1,"price":2345},{"name":"Black dragonhide","id":1747,"quantity":1,"price":3018},{"name":"Adamant javelin","id":829,"quantity":30,"price":65}],"date":"Jan 11, 2023, 9:22:56 AM"}
{"name":"Black dragon","level":227,"killCount":-1,"type":"NPC","drops":[{"name":"Dragon bones","id":536,"quantity":1,"price":2345},{"name":"Black dragonhide","id":1747,"quantity":1,"price":3018},{"name":"Blood rune","id":565,"quantity":15,"price":212}],"date":"Jan 11, 2023, 9:23:35 AM"}
{"name":"Black dragon","level":227,"killCount":-1,"type":"NPC","drops":[{"name":"Dragon bones","id":536,"quantity":1,"price":2345},{"name":"Black dragonhide","id":1747,"quantity":1,"price":3018},{"name":"Dragon javelin heads","id":19582,"quantity":10,"price":956}],"date":"Jan 11, 2023, 9:24:36 AM"}
{"name":"Black dragon","level":227,"killCount":-1,"type":"NPC","drops":[{"name":"Dragon bones","id":536,"quantity":1,"price":2345},{"name":"Black dragonhide","id":1747,"quantity":1,"price":3018},{"name":"Coins","id":995,"quantity":196,"price":1}],"date":"Jan 11, 2023, 9:25:10 AM"}
{"name":"Black dragon","level":227,"killCount":-1,"type":"NPC","drops":[{"name":"Dragon bones","id":536,"quantity":1,"price":2345},{"name":"Black dragonhide","id":1747,"quantity":1,"price":3018},{"name":"Coins","id":995,"quantity":196,"price":1}],"date":"Jan 11, 2023, 9:25:39 AM"}
{"name":"Black dragon","level":227,"killCount":-1,"type":"NPC","drops":[{"name":"Dragon bones","id":536,"quantity":1,"price":2345},{"name":"Black dragonhide","id":1747,"quantity":1,"price":3018},{"name":"Coins","id":995,"quantity":196,"price":1}],"date":"Jan 11, 2023, 9:26:03 AM"}
{"name":"Black dragon","level":227,"killCount":-1,"type":"NPC","drops":[{"name":"Dragon bones","id":536,"quantity":1,"price":2345},{"name":"Black dragonhide","id":1747,"quantity":1,"price":3018}],"date":"Jan 11, 2023, 9:26:34 AM"}
{"name":"Black dragon","level":227,"killCount":-1,"type":"NPC","drops":[{"name":"Dragon bones","id":536,"quantity":1,"price":2345},{"name":"Black dragonhide","id":1747,"quantity":1,"price":3018},{"name":"Coins","id":995,"quantity":196,"price":1}],"date":"Jan 11, 2023, 9:27:05 AM"}
