{"name":"Bloodveld","level":81,"killCount":-1,"type":"NPC","drops":[{"name":"Vile ashes","id":25769,"quantity":1,"price":614},{"name":"Coins","id":995,"quantity":40,"price":1}],"date":"Aug 4, 2022, 8:48:31 AM"}
{"name":"Bloodveld","level":81,"killCount":-1,"type":"NPC","drops":[{"name":"Vile ashes","id":25769,"quantity":1,"price":614},{"name":"Blood rune","id":565,"quantity":10,"price":361}],"date":"Aug 4, 2022, 8:48:38 AM"}
{"name":"Bloodveld","level":81,"killCount":-1,"type":"NPC","drops":[{"name":"Vile ashes","id":25769,"quantity":1,"price":614},{"name":"Coins","id":995,"quantity":120,"price":1}],"date":"Aug 4, 2022, 8:48:41 AM"}
{"name":"Bloodveld","level":81,"killCount":-1,"type":"NPC","drops":[{"name":"Vile ashes","id":25769,"quantity":1,"price":614},{"name":"Blood rune","id":565,"quantity":30,"price":361}],"date":"Aug 4, 2022, 8:48:51 AM"}
{"name":"Bloodveld","level":81,"killCount":-1,"type":"NPC","drops":[{"name":"Vile ashes","id":25769,"quantity":1,"price":613},{"name":"Uncut sapphire","id":1623,"quantity":1,"price":352}],"date":"Aug 5, 2022, 9:51:05 PM"}
{"name":"Bloodveld","level":81,"killCount":-1,"type":"NPC","drops":[{"name":"Vile ashes","id":25769,"quantity":1,"price":613},{"name":"Coins","id":995,"quantity":200,"price":1}],"date":"Aug 5, 2022, 10:14:31 PM"}
{"name":"Bloodveld","level":81,"killCount":-1,"type":"NPC","drops":[{"name":"Vile ashes","id":25769,"quantity":1,"price":613},{"name":"Coins","id":995,"quantity":120,"price":1}],"date":"Aug 5, 2022, 10:14:41 PM"}
{"name":"Bloodveld","level":81,"killCount":-1,"type":"NPC","drops":[{"name":"Vile ashes","id":25769,"quantity":1,"price":613},{"name":"Bones","id":526,"quantity":1,"price":71},{"name":"Big bones","id":532,"quantity":1,"price":216}],"date":"Aug 5, 2022, 10:15:03 PM"}
{"name":"Bloodveld","level":81,"killCount":-1,"type":"NPC","drops":[{"name":"Vile ashes","id":25769,"quantity":1,"price":613},{"name":"Rune med helm","id":1147,"quantity":1,"price":11108}],"date":"Aug 5, 2022, 10:30:32 PM"}
{"name":"Bloodveld","level":81,"killCount":-1,"type":"NPC","drops":[{"name":"Vile ashes","id":25769,"quantity":1,"price":614},{"name":"Meat pizza","id":2293,"quantity":1,"price":448}],"date":"Aug 5, 2022, 10:46:49 PM"}
{"name":"Bloodveld","level":81,"killCount":-1,"type":"NPC","drops":[{"name":"Vile ashes","id":25769,"quantity":1,"price":614},{"name":"Bones","id":526,"quantity":1,"price":69},{"name":"Big bones","id":532,"quantity":1,"price":213}],"date":"Aug 5, 2022, 10:47:34 PM"}
{"name":"Bloodveld","level":81,"killCount":-1,"type":"NPC","drops":[{"name":"Vile ashes","id":25769,"quantity":1,"price":614},{"name":"Mithril sq shield","id":1181,"quantity":1,"price":770}],"date":"Aug 5, 2022, 11:00:18 PM"}
{"name":"Bloodveld","level":81,"killCount":-1,"type":"NPC","drops":[{"name":"Vile ashes","id":25769,"quantity":1,"price":614},{"name":"Coins","id":995,"quantity":40,"price":1}],"date":"Aug 5, 2022, 11:01:34 PM"}
{"name":"Bloodveld","level":81,"killCount":-1,"type":"NPC","drops":[{"name":"Vile ashes","id":25769,"quantity":1,"price":613},{"name":"Blood rune","id":565,"quantity":3,"price":360}],"date":"Aug 5, 2022, 11:17:20 PM"}
{"name":"Bloodveld","level":81,"killCount":-1,"type":"NPC","drops":[{"name":"Vile ashes","id":25769,"quantity":1,"price":613},{"name":"Meat pizza","id":2293,"quantity":1,"price":460}],"date":"Aug 5, 2022, 11:18:54 PM"}
{"name":"Bloodveld","level":81,"killCount":-1,"type":"NPC","drops":[{"name":"Vile ashes","id":25769,"quantity":1,"price":613},{"name":"Steel full helm","id":1157,"quantity":1,"price":337}],"date":"Aug 5, 2022, 11:27:53 PM"}
{"name":"Bloodveld","level":81,"killCount":-1,"type":"NPC","drops":[{"name":"Vile ashes","id":25769,"quantity":1,"price":613},{"name":"Coins","id":995,"quantity":200,"price":1}],"date":"Aug 5, 2022, 11:29:24 PM"}
{"name":"Bloodveld","level":81,"killCount":-1,"type":"NPC","drops":[{"name":"Vile ashes","id":25769,"quantity":1,"price":613},{"name":"Meat pizza","id":2293,"quantity":1,"price":460}],"date":"Aug 5, 2022, 11:44:17 PM"}
{"name":"Bloodveld","level":81,"killCount":-1,"type":"NPC","drops":[{"name":"Vile ashes","id":25769,"quantity":1,"price":613},{"name":"Coins","id":995,"quantity":120,"price":1}],"date":"Aug 5, 2022, 11:47:30 PM"}
{"name":"Bloodveld","level":81,"killCount":-1,"type":"NPC","drops":[{"name":"Vile ashes","id":25769,"quantity":1,"price":613},{"name":"Fire rune","id":554,"quantity":60,"price":5}],"date":"Aug 5, 2022, 11:55:31 PM"}
{"name":"Bloodveld","level":81,"killCount":-1,"type":"NPC","drops":[{"name":"Vile ashes","id":25769,"quantity":1,"price":613},{"name":"Bones","id":526,"quantity":1,"price":72},{"name":"Big bones","id":532,"quantity":1,"price":209}],"date":"Aug 5, 2022, 11:57:14 PM"}
{"name":"Bloodveld","level":81,"killCount":-1,"type":"NPC","drops":[{"name":"Vile ashes","id":25769,"quantity":1,"price":613},{"name":"Coins","id":995,"quantity":120,"price":1}],"date":"Aug 6, 2022, 12:12:28 AM"}
{"name":"Bloodveld","level":81,"killCount":-1,"type":"NPC","drops":[{"name":"Vile ashes","id":25769,"quantity":1,"price":613},{"name":"Coins","id":995,"quantity":40,"price":1}],"date":"Aug 6, 2022, 12:27:52 AM"}
{"name":"Bloodveld","level":81,"killCount":-1,"type":"NPC","drops":[{"name":"Vile ashes","id":25769,"quantity":1,"price":613},{"name":"Coins","id":995,"quantity":40,"price":1}],"date":"Aug 6, 2022, 12:30:29 AM"}
{"name":"Bloodveld","level":81,"killCount":-1,"type":"NPC","drops":[{"name":"Vile ashes","id":25769,"quantity":1,"price":616},{"name":"Coins","id":995,"quantity":120,"price":1}],"date":"Aug 7, 2022, 4:14:44 PM"}
{"name":"Bloodveld","level":81,"killCount":-1,"type":"NPC","drops":[{"name":"Vile ashes","id":25769,"quantity":1,"price":616},{"name":"Bones","id":526,"quantity":1,"price":70},{"name":"Big bones","id":532,"quantity":1,"price":210}],"date":"Aug 7, 2022, 4:40:12 PM"}
{"name":"Bloodveld","level":81,"killCount":-1,"type":"NPC","drops":[{"name":"Vile ashes","id":25769,"quantity":1,"price":616},{"name":"Fire rune","id":554,"quantity":60,"price":6}],"date":"Aug 7, 2022, 5:01:42 PM"}
{"name":"Bloodveld","level":81,"killCount":-1,"type":"NPC","drops":[{"name":"Vile ashes","id":25769,"quantity":1,"price":616},{"name":"Coins","id":995,"quantity":200,"price":1}],"date":"Aug 7, 2022, 5:12:52 PM"}
{"name":"Bloodveld","level":81,"killCount":-1,"type":"NPC","drops":[{"name":"Vile ashes","id":25769,"quantity":1,"price":616},{"name":"Coins","id":995,"quantity":40,"price":1}],"date":"Aug 7, 2022, 5:14:24 PM"}
{"name":"Bloodveld","level":81,"killCount":-1,"type":"NPC","drops":[{"name":"Vile ashes","id":25769,"quantity":1,"price":616},{"name":"Blood rune","id":565,"quantity":3,"price":366}],"date":"Aug 7, 2022, 5:29:20 PM"}
{"name":"Bloodveld","level":81,"killCount":-1,"type":"NPC","drops":[{"name":"Vile ashes","id":25769,"quantity":1,"price":616},{"name":"Coins","id":995,"quantity":40,"price":1}],"date":"Aug 7, 2022, 5:30:20 PM"}
{"name":"Bloodveld","level":81,"killCount":-1,"type":"NPC","drops":[{"name":"Vile ashes","id":25769,"quantity":1,"price":616},{"name":"Rune med helm","id":1147,"quantity":1,"price":11666}],"date":"Aug 7, 2022, 5:32:05 PM"}
{"name":"Bloodveld","level":81,"killCount":-1,"type":"NPC","drops":[{"name":"Vile ashes","id":25769,"quantity":1,"price":616},{"name":"Bones","id":526,"quantity":1,"price":71},{"name":"Big bones","id":532,"quantity":1,"price":212}],"date":"Aug 7, 2022, 5:45:40 PM"}
{"name":"Bloodveld","level":81,"killCount":-1,"type":"NPC","drops":[{"name":"Vile ashes","id":25769,"quantity":1,"price":616},{"name":"Fire rune","id":554,"quantity":60,"price":5}],"date":"Aug 7, 2022, 5:46:24 PM"}
{"name":"Bloodveld","level":81,"killCount":-1,"type":"NPC","drops":[{"name":"Vile ashes","id":25769,"quantity":1,"price":616},{"name":"Grimy ranarr weed","id":207,"quantity":1,"price":9020}],"date":"Aug 7, 2022, 5:53:05 PM"}
{"name":"Bloodveld","level":81,"killCount":-1,"type":"NPC","drops":[{"name":"Vile ashes","id":25769,"quantity":1,"price":616},{"name":"Coins","id":995,"quantity":120,"price":1}],"date":"Aug 7, 2022, 6:29:53 PM"}
{"name":"Bloodveld","level":81,"killCount":-1,"type":"NPC","drops":[{"name":"Vile ashes","id":25769,"quantity":1,"price":616},{"name":"Steel axe","id":1353,"quantity":1,"price":75}],"date":"Aug 7, 2022, 6:30:43 PM"}
{"name":"Bloodveld","level":81,"killCount":-1,"type":"NPC","drops":[{"name":"Vile ashes","id":25769,"quantity":1,"price":663},{"name":"Coins","id":995,"quantity":40,"price":1}],"date":"Aug 7, 2022, 6:45:52 PM"}
{"name":"Bloodveld","level":81,"killCount":-1,"type":"NPC","drops":[{"name":"Vile ashes","id":25769,"quantity":1,"price":663},{"name":"Coins","id":995,"quantity":120,"price":1}],"date":"Aug 7, 2022, 6:49:56 PM"}
{"name":"Bloodveld","level":81,"killCount":-1,"type":"NPC","drops":[{"name":"Vile ashes","id":25769,"quantity":1,"price":663},{"name":"Coins","id":995,"quantity":200,"price":1}],"date":"Aug 7, 2022, 8:13:19 PM"}
{"name":"Bloodveld","level":81,"killCount":-1,"type":"NPC","drops":[{"name":"Vile ashes","id":25769,"quantity":1,"price":663},{"name":"Steel full helm","id":1157,"quantity":1,"price":349}],"date":"Aug 7, 2022, 8:15:07 PM"}
{"name":"Bloodveld","level":81,"killCount":-1,"type":"NPC","drops":[{"name":"Vile ashes","id":25769,"quantity":1,"price":663},{"name":"Coins","id":995,"quantity":40,"price":1}],"date":"Aug 7, 2022, 8:16:02 PM"}
{"name":"Bloodveld","level":81,"killCount":-1,"type":"NPC","drops":[{"name":"Vile ashes","id":25769,"quantity":1,"price":663},{"name":"Coins","id":995,"quantity":120,"price":1}],"date":"Aug 7, 2022, 8:25:56 PM"}
{"name":"Bloodveld","level":81,"killCount":-1,"type":"NPC","drops":[{"name":"Vile ashes","id":25769,"quantity":1,"price":663},{"name":"Steel axe","id":1353,"quantity":1,"price":76}],"date":"Aug 7, 2022, 8:26:00 PM"}
{"name":"Bloodveld","level":81,"killCount":-1,"type":"NPC","drops":[{"name":"Vile ashes","id":25769,"quantity":1,"price":663},{"name":"Blood rune","id":565,"quantity":30,"price":362}],"date":"Aug 7, 2022, 8:26:56 PM"}
{"name":"Bloodveld","level":81,"killCount":-1,"type":"NPC","drops":[{"name":"Vile ashes","id":25769,"quantity":1,"price":663},{"name":"Coins","id":995,"quantity":120,"price":1}],"date":"Aug 7, 2022, 8:57:28 PM"}
{"name":"Bloodveld","level":81,"killCount":-1,"type":"NPC","drops":[{"name":"Vile ashes","id":25769,"quantity":1,"price":663},{"name":"Fire rune","id":554,"quantity":60,"price":5}],"date":"Aug 7, 2022, 8:59:15 PM"}
{"name":"Bloodveld","level":81,"killCount":-1,"type":"NPC","drops":[{"name":"Vile ashes","id":25769,"quantity":1,"price":694}],"date":"Aug 7, 2022, 9:16:09 PM"}
{"name":"Bloodveld","level":81,"killCount":-1,"type":"NPC","drops":[{"name":"Vile ashes","id":25769,"quantity":1,"price":694},{"name":"Coins","id":995,"quantity":120,"price":1}],"date":"Aug 7, 2022, 9:17:31 PM"}
{"name":"Bloodveld","level":81,"killCount":-1,"type":"NPC","drops":[{"name":"Vile ashes","id":25769,"quantity":1,"price":694},{"name":"Coins","id":995,"quantity":40,"price":1}],"date":"Aug 7, 2022, 9:18:39 PM"}
{"name":"Bloodveld","level":81,"killCount":-1,"type":"NPC","drops":[{"name":"Vile ashes","id":25769,"quantity":1,"price":694},{"name":"Coins","id":995,"quantity":120,"price":1}],"date":"Aug 7, 2022, 9:28:06 PM"}
{"name":"Bloodveld","level":81,"killCount":-1,"type":"NPC","drops":[{"name":"Vile ashes","id":25769,"quantity":1,"price":616}],"date":"Aug 7, 2022, 10:31:26 PM"}
{"name":"Bloodveld","level":81,"killCount":-1,"type":"NPC","drops":[{"name":"Vile ashes","id":25769,"quantity":1,"price":616},{"name":"Blood rune","id":565,"quantity":30,"price":363}],"date":"Aug 7, 2022, 10:35:12 PM"}
{"name":"Bloodveld","level":81,"killCount":-1,"type":"NPC","drops":[{"name":"Vile ashes","id":25769,"quantity":1,"price":616},{"name":"Coins","id":995,"quantity":40,"price":1}],"date":"Aug 7, 2022, 10:52:46 PM"}
{"name":"Bloodveld","level":81,"killCount":-1,"type":"NPC","drops":[{"name":"Vile ashes","id":25769,"quantity":1,"price":616},{"name":"Coins","id":995,"quantity":120,"price":1}],"date":"Aug 7, 2022, 10:54:11 PM"}
{"name":"Bloodveld","level":81,"killCount":-1,"type":"NPC","drops":[{"name":"Vile ashes","id":25769,"quantity":1,"price":616},{"name":"Steel axe","id":1353,"quantity":1,"price":92}],"date":"Aug 7, 2022, 10:57:36 PM"}
{"name":"Bloodveld","level":81,"killCount":-1,"type":"NPC","drops":[{"name":"Vile ashes","id":25769,"quantity":1,"price":616},{"name":"Coins","id":995,"quantity":200,"price":1}],"date":"Aug 7, 2022, 10:57:46 PM"}
{"name":"Bloodveld","level":81,"killCount":-1,"type":"NPC","drops":[{"name":"Vile ashes","id":25769,"quantity":1,"price":616}],"date":"Aug 7, 2022, 11:04:23 PM"}
{"name":"Bloodveld","level":81,"killCount":-1,"type":"NPC","drops":[{"name":"Vile ashes","id":25769,"quantity":1,"price":616},{"name":"Coins","id":995,"quantity":120,"price":1}],"date":"Aug 7, 2022, 11:06:23 PM"}
{"name":"Bloodveld","level":81,"killCount":-1,"type":"NPC","drops":[{"name":"Vile ashes","id":25769,"quantity":1,"price":616},{"name":"Steel scimitar","id":1325,"quantity":1,"price":272}],"date":"Aug 7, 2022, 11:08:55 PM"}
{"name":"Bloodveld","level":81,"killCount":-1,"type":"NPC","drops":[{"name":"Vile ashes","id":25769,"quantity":1,"price":616},{"name":"Blood rune","id":565,"quantity":10,"price":361}],"date":"Aug 7, 2022, 11:20:35 PM"}
{"name":"Bloodveld","level":81,"killCount":-1,"type":"NPC","drops":[{"name":"Vile ashes","id":25769,"quantity":1,"price":616},{"name":"Coins","id":995,"quantity":200,"price":1}],"date":"Aug 7, 2022, 11:22:02 PM"}
{"name":"Bloodveld","level":81,"killCount":-1,"type":"NPC","drops":[{"name":"Vile ashes","id":25769,"quantity":1,"price":616},{"name":"Coins","id":995,"quantity":40,"price":1}],"date":"Aug 7, 2022, 11:43:43 PM"}
{"name":"Bloodveld","level":81,"killCount":-1,"type":"NPC","drops":[{"name":"Vile ashes","id":25769,"quantity":1,"price":616},{"name":"Meat pizza","id":2293,"quantity":1,"price":456}],"date":"Aug 7, 2022, 11:43:54 PM"}
{"name":"Bloodveld","level":81,"killCount":-1,"type":"NPC","drops":[{"name":"Vile ashes","id":25769,"quantity":1,"price":616},{"name":"Coins","id":995,"quantity":10,"price":1}],"date":"Aug 7, 2022, 11:44:40 PM"}
{"name":"Bloodveld","level":81,"killCount":-1,"type":"NPC","drops":[{"name":"Vile ashes","id":25769,"quantity":1,"price":616},{"name":"Mithril chainbody","id":1109,"quantity":1,"price":1231}],"date":"Aug 8, 2022, 12:03:51 AM"}
{"name":"Bloodveld","level":81,"killCount":-1,"type":"NPC","drops":[{"name":"Vile ashes","id":25769,"quantity":1,"price":644},{"name":"Coins","id":995,"quantity":40,"price":1}],"date":"Aug 8, 2022, 8:58:20 PM"}
{"name":"Bloodveld","level":81,"killCount":-1,"type":"NPC","drops":[{"name":"Vile ashes","id":25769,"quantity":1,"price":621},{"name":"Fire rune","id":554,"quantity":60,"price":5}],"date":"Aug 8, 2022, 9:02:07 PM"}
{"name":"Bloodveld","level":81,"killCount":-1,"type":"NPC","drops":[{"name":"Vile ashes","id":25769,"quantity":1,"price":621},{"name":"Coins","id":995,"quantity":200,"price":1}],"date":"Aug 8, 2022, 9:14:30 PM"}
{"name":"Bloodveld","level":81,"killCount":-1,"type":"NPC","drops":[{"name":"Vile ashes","id":25769,"quantity":1,"price":621},{"name":"Meat pizza","id":2293,"quantity":1,"price":473}],"date":"Aug 8, 2022, 9:21:20 PM"}
{"name":"Bloodveld","level":81,"killCount":-1,"type":"NPC","drops":[{"name":"Vile ashes","id":25769,"quantity":1,"price":621},{"name":"Meat pizza","id":2293,"quantity":1,"price":473}],"date":"Aug 8, 2022, 9:22:46 PM"}
{"name":"Bloodveld","level":81,"killCount":-1,"type":"NPC","drops":[{"name":"Vile ashes","id":25769,"quantity":1,"price":621},{"name":"Coins","id":995,"quantity":40,"price":1}],"date":"Aug 8, 2022, 9:54:36 PM"}
{"name":"Bloodveld","level":81,"killCount":-1,"type":"NPC","drops":[{"name":"Vile ashes","id":25769,"quantity":1,"price":621},{"name":"Steel axe","id":1353,"quantity":1,"price":76}],"date":"Aug 8, 2022, 9:54:38 PM"}
{"name":"Bloodveld","level":81,"killCount":-1,"type":"NPC","drops":[{"name":"Vile ashes","id":25769,"quantity":1,"price":621},{"name":"Coins","id":995,"quantity":120,"price":1}],"date":"Aug 8, 2022, 9:54:48 PM"}
{"name":"Bloodveld","level":81,"killCount":-1,"type":"NPC","drops":[{"name":"Vile ashes","id":25769,"quantity":1,"price":621},{"name":"Coins","id":995,"quantity":120,"price":1}],"date":"Aug 8, 2022, 9:55:55 PM"}
{"name":"Bloodveld","level":81,"killCount":-1,"type":"NPC","drops":[{"name":"Vile ashes","id":25769,"quantity":1,"price":621},{"name":"Coins","id":995,"quantity":40,"price":1}],"date":"Aug 8, 2022, 10:09:00 PM"}
{"name":"Bloodveld","level":81,"killCount":-1,"type":"NPC","drops":[{"name":"Vile ashes","id":25769,"quantity":1,"price":621},{"name":"Steel axe","id":1353,"quantity":1,"price":76}],"date":"Aug 8, 2022, 10:11:16 PM"}
{"name":"Bloodveld","level":81,"killCount":-1,"type":"NPC","drops":[{"name":"Vile ashes","id":25769,"quantity":1,"price":621},{"name":"Fire rune","id":554,"quantity":60,"price":5}],"date":"Aug 8, 2022, 10:28:36 PM"}
{"name":"Bloodveld","level":81,"killCount":-1,"type":"NPC","drops":[{"name":"Vile ashes","id":25769,"quantity":1,"price":621},{"name":"Coins","id":995,"quantity":40,"price":1}],"date":"Aug 8, 2022, 10:49:36 PM"}
{"name":"Bloodveld","level":81,"killCount":-1,"type":"NPC","drops":[{"name":"Vile ashes","id":25769,"quantity":1,"price":621},{"name":"Fire rune","id":554,"quantity":60,"price":5}],"date":"Aug 8, 2022, 10:51:11 PM"}
{"name":"Bloodveld","level":81,"killCount":-1,"type":"NPC","drops":[{"name":"Vile ashes","id":25769,"quantity":1,"price":621},{"name":"Fire rune","id":554,"quantity":60,"price":5}],"date":"Aug 8, 2022, 11:10:25 PM"}
{"name":"Bloodveld","level":81,"killCount":-1,"type":"NPC","drops":[{"name":"Vile ashes","id":25769,"quantity":1,"price":621},{"name":"Steel full helm","id":1157,"quantity":1,"price":177}],"date":"Aug 8, 2022, 11:22:39 PM"}
{"name":"Bloodveld","level":81,"killCount":-1,"type":"NPC","drops":[{"name":"Vile ashes","id":25769,"quantity":1,"price":621},{"name":"Coins","id":995,"quantity":40,"price":1}],"date":"Aug 8, 2022, 11:41:06 PM"}
{"name":"Bloodveld","level":81,"killCount":-1,"type":"NPC","drops":[{"name":"Vile ashes","id":25769,"quantity":1,"price":621},{"name":"Coins","id":995,"quantity":40,"price":1}],"date":"Aug 8, 2022, 11:42:02 PM"}
{"name":"Bloodveld","level":81,"killCount":-1,"type":"NPC","drops":[{"name":"Vile ashes","id":25769,"quantity":1,"price":621},{"name":"Coins","id":995,"quantity":120,"price":1}],"date":"Aug 8, 2022, 11:44:11 PM"}
{"name":"Bloodveld","level":81,"killCount":-1,"type":"NPC","drops":[{"name":"Vile ashes","id":25769,"quantity":1,"price":621},{"name":"Blood rune","id":565,"quantity":10,"price":366}],"date":"Aug 8, 2022, 11:58:11 PM"}
{"name":"Bloodveld","level":81,"killCount":-1,"type":"NPC","drops":[{"name":"Vile ashes","id":25769,"quantity":1,"price":622},{"name":"Coins","id":995,"quantity":200,"price":1}],"date":"Aug 9, 2022, 9:31:15 AM"}
{"name":"Bloodveld","level":81,"killCount":-1,"type":"NPC","drops":[{"name":"Vile ashes","id":25769,"quantity":1,"price":622},{"name":"Coins","id":995,"quantity":120,"price":1}],"date":"Aug 9, 2022, 9:32:10 AM"}
{"name":"Bloodveld","level":81,"killCount":-1,"type":"NPC","drops":[{"name":"Vile ashes","id":25769,"quantity":1,"price":622},{"name":"Steel scimitar","id":1325,"quantity":1,"price":317}],"date":"Aug 9, 2022, 9:33:48 AM"}
{"name":"Bloodveld","level":81,"killCount":-1,"type":"NPC","drops":[{"name":"Vile ashes","id":25769,"quantity":1,"price":628},{"name":"Coins","id":995,"quantity":40,"price":1}],"date":"Aug 9, 2022, 10:09:51 AM"}
{"name":"Bloodveld","level":81,"killCount":-1,"type":"NPC","drops":[{"name":"Vile ashes","id":25769,"quantity":1,"price":628},{"name":"Bones","id":526,"quantity":1,"price":72},{"name":"Big bones","id":532,"quantity":1,"price":211}],"date":"Aug 9, 2022, 10:12:39 AM"}
{"name":"Bloodveld","level":81,"killCount":-1,"type":"NPC","drops":[{"name":"Vile ashes","id":25769,"quantity":1,"price":628},{"name":"Coins","id":995,"quantity":450,"price":1}],"date":"Aug 9, 2022, 10:53:32 AM"}
{"name":"Bloodveld","level":81,"killCount":-1,"type":"NPC","drops":[{"name":"Vile ashes","id":25769,"quantity":1,"price":641},{"name":"Mithril chainbody","id":1109,"quantity":1,"price":1134}],"date":"Aug 9, 2022, 11:27:43 AM"}
{"name":"Bloodveld","level":81,"killCount":-1,"type":"NPC","drops":[{"name":"Vile ashes","id":25769,"quantity":1,"price":623}],"date":"Aug 9, 2022, 12:20:02 PM"}
{"name":"Bloodveld","level":81,"killCount":-1,"type":"NPC","drops":[{"name":"Vile ashes","id":25769,"quantity":1,"price":623},{"name":"Coins","id":995,"quantity":120,"price":1}],"date":"Aug 9, 2022, 12:37:47 PM"}
{"name":"Bloodveld","level":81,"killCount":-1,"type":"NPC","drops":[{"name":"Vile ashes","id":25769,"quantity":1,"price":623},{"name":"Uncut sapphire","id":1623,"quantity":1,"price":343}],"date":"Aug 9, 2022, 12:38:09 PM"}
{"name":"Bloodveld","level":81,"killCount":-1,"type":"NPC","drops":[{"name":"Vile ashes","id":25769,"quantity":1,"price":623},{"name":"Coins","id":995,"quantity":200,"price":1}],"date":"Aug 9, 2022, 12:47:41 PM"}
{"name":"Bloodveld","level":81,"killCount":-1,"type":"NPC","drops":[{"name":"Vile ashes","id":25769,"quantity":1,"price":623},{"name":"Coins","id":995,"quantity":120,"price":1}],"date":"Aug 9, 2022, 12:49:20 PM"}
{"name":"Bloodveld","level":81,"killCount":-1,"type":"NPC","drops":[{"name":"Vile ashes","id":25769,"quantity":1,"price":623},{"name":"Coins","id":995,"quantity":40,"price":1}],"date":"Aug 9, 2022, 12:52:28 PM"}
{"name":"Bloodveld","level":81,"killCount":-1,"type":"NPC","drops":[{"name":"Vile ashes","id":25769,"quantity":1,"price":622},{"name":"Coins","id":995,"quantity":120,"price":1}],"date":"Aug 9, 2022, 5:24:18 PM"}
{"name":"Bloodveld","level":81,"killCount":-1,"type":"NPC","drops":[{"name":"Vile ashes","id":25769,"quantity":1,"price":622},{"name":"Coins","id":995,"quantity":40,"price":1}],"date":"Aug 9, 2022, 5:25:35 PM"}
{"name":"Bloodveld","level":81,"killCount":-1,"type":"NPC","drops":[{"name":"Vile ashes","id":25769,"quantity":1,"price":622},{"name":"Bones","id":526,"quantity":1,"price":71},{"name":"Big bones","id":532,"quantity":1,"price":205}],"date":"Aug 9, 2022, 6:15:44 PM"}
{"name":"Bloodveld","level":81,"killCount":-1,"type":"NPC","drops":[{"name":"Vile ashes","id":25769,"quantity":1,"price":621},{"name":"Blood rune","id":565,"quantity":3,"price":362}],"date":"Aug 9, 2022, 6:28:22 PM"}
{"name":"Bloodveld","level":81,"killCount":-1,"type":"NPC","drops":[{"name":"Vile ashes","id":25769,"quantity":1,"price":621},{"name":"Steel scimitar","id":1325,"quantity":1,"price":151}],"date":"Aug 9, 2022, 6:43:48 PM"}
{"name":"Bloodveld","level":81,"killCount":-1,"type":"NPC","drops":[{"name":"Vile ashes","id":25769,"quantity":1,"price":621},{"name":"Coins","id":995,"quantity":40,"price":1}],"date":"Aug 9, 2022, 6:47:01 PM"}
{"name":"Bloodveld","level":81,"killCount":-1,"type":"NPC","drops":[{"name":"Vile ashes","id":25769,"quantity":1,"price":621},{"name":"Coins","id":995,"quantity":120,"price":1}],"date":"Aug 9, 2022, 7:01:28 PM"}
{"name":"Bloodveld","level":81,"killCount":-1,"type":"NPC","drops":[{"name":"Vile ashes","id":25769,"quantity":1,"price":621},{"name":"Coins","id":995,"quantity":120,"price":1}],"date":"Aug 9, 2022, 7:03:13 PM"}
{"name":"Bloodveld","level":81,"killCount":-1,"type":"NPC","drops":[{"name":"Vile ashes","id":25769,"quantity":1,"price":621},{"name":"Coins","id":995,"quantity":120,"price":1}],"date":"Aug 9, 2022, 7:35:58 PM"}
{"name":"Bloodveld","level":81,"killCount":-1,"type":"NPC","drops":[{"name":"Vile ashes","id":25769,"quantity":1,"price":621},{"name":"Bones","id":526,"quantity":1,"price":68},{"name":"Big bones","id":532,"quantity":1,"price":219}],"date":"Aug 9, 2022, 7:37:54 PM"}
{"name":"Bloodveld","level":81,"killCount":-1,"type":"NPC","drops":[{"name":"Vile ashes","id":25769,"quantity":1,"price":672},{"name":"Coins","id":995,"quantity":40,"price":1}],"date":"Dec 22, 2022, 9:57:37 PM"}
{"name":"Bloodveld","level":81,"killCount":-1,"type":"NPC","drops":[{"name":"Vile ashes","id":25769,"quantity":1,"price":665},{"name":"Blood rune","id":565,"quantity":10,"price":203}],"date":"Dec 27, 2022, 7:41:28 PM"}
