{"name":"Branda the Fire Queen","level":-1,"killCount":-1,"type":"NPC","drops":[{"name":"Coins","id":995,"quantity":10135,"price":1},{"name":"Grimy avantoe","id":212,"quantity":7,"price":2637}],"date":"Mar 11, 2025, 12:01:06 PM"}
{"name":"Branda the Fire Queen","level":-1,"killCount":-1,"type":"NPC","drops":[{"name":"Grimy irit leaf","id":210,"quantity":8,"price":1348},{"name":"Grimy avantoe","id":212,"quantity":7,"price":2637}],"date":"Mar 11, 2025, 12:04:45 PM"}
{"name":"Branda the Fire Queen","level":-1,"killCount":-1,"type":"NPC","drops":[{"name":"Nature rune","id":561,"quantity":128,"price":116},{"name":"Blood rune","id":565,"quantity":125,"price":304}],"date":"Mar 11, 2025, 12:08:25 PM"}
{"name":"Branda the Fire Queen","level":-1,"killCount":-1,"type":"NPC","drops":[{"name":"Palm tree seed","id":5289,"quantity":2,"price":19950},{"name":"Law rune","id":563,"quantity":146,"price":129}],"date":"Mar 11, 2025, 12:11:50 PM"}
{"name":"Branda the Fire Queen","level":-1,"killCount":-1,"type":"NPC","drops":[{"name":"Grimy avantoe","id":212,"quantity":8,"price":2637},{"name":"Grimy dwarf weed","id":218,"quantity":7,"price":1973}],"date":"Mar 11, 2025, 12:16:13 PM"}
{"name":"Branda the Fire Queen","level":-1,"killCount":-1,"type":"NPC","drops":[{"name":"Yew seed","id":5315,"quantity":2,"price":27315},{"name":"Mystic fire staff","id":1402,"quantity":4,"price":25191}],"date":"Mar 11, 2025, 12:19:31 PM"}
{"name":"Branda the Fire Queen","level":-1,"killCount":-1,"type":"NPC","drops":[{"name":"Fire battlestaff","id":1394,"quantity":6,"price":9018},{"name":"Mystic fire staff","id":1402,"quantity":4,"price":25191}],"date":"Mar 11, 2025, 12:22:54 PM"}
{"name":"Branda the Fire Queen","level":-1,"killCount":-1,"type":"NPC","drops":[{"name":"Fire battlestaff","id":1394,"quantity":6,"price":9018},{"name":"Soul rune","id":566,"quantity":120,"price":188}],"date":"Mar 11, 2025, 12:26:15 PM"}
{"name":"Branda the Fire Queen","level":-1,"killCount":-1,"type":"NPC","drops":[{"name":"Rune plateskirt","id":1093,"quantity":2,"price":37763},{"name":"Blood rune","id":565,"quantity":145,"price":304}],"date":"Mar 11, 2025, 12:30:36 PM"}
{"name":"Branda the Fire Queen","level":-1,"killCount":-1,"type":"NPC","drops":[{"name":"Rune plateskirt","id":1093,"quantity":2,"price":37763},{"name":"Grimy irit leaf","id":210,"quantity":7,"price":1348}],"date":"Mar 11, 2025, 12:34:57 PM"}
{"name":"Branda the Fire Queen","level":-1,"killCount":-1,"type":"NPC","drops":[{"name":"Chaos rune","id":562,"quantity":265,"price":102},{"name":"Mystic fire staff","id":1402,"quantity":4,"price":25191}],"date":"Mar 11, 2025, 12:38:39 PM"}
{"name":"Branda the Fire Queen","level":-1,"killCount":-1,"type":"NPC","drops":[{"name":"Grimy avantoe","id":212,"quantity":7,"price":2637},{"name":"Gold ore","id":445,"quantity":85,"price":154}],"date":"Mar 11, 2025, 12:42:31 PM"}
{"name":"Branda the Fire Queen","level":-1,"killCount":-1,"type":"NPC","drops":[{"name":"Coins","id":995,"quantity":25442,"price":1},{"name":"Grimy dwarf weed","id":218,"quantity":8,"price":1973}],"date":"Mar 11, 2025, 12:45:58 PM"}
{"name":"Branda the Fire Queen","level":-1,"killCount":-1,"type":"NPC","drops":[{"name":"Soul rune","id":566,"quantity":113,"price":180},{"name":"Mystic fire staff","id":1402,"quantity":4,"price":25113}],"date":"Mar 15, 2025, 5:30:37 PM"}
{"name":"Branda the Fire Queen","level":-1,"killCount":-1,"type":"NPC","drops":[{"name":"Rune plateskirt","id":1093,"quantity":2,"price":37572},{"name":"Grimy lantadyme","id":2486,"quantity":7,"price":1706}],"date":"Mar 15, 2025, 5:34:25 PM"}
{"name":"Branda the Fire Queen","level":-1,"killCount":-1,"type":"NPC","drops":[{"name":"Soul rune","id":566,"quantity":134,"price":180},{"name":"Gold ore","id":445,"quantity":92,"price":154}],"date":"Mar 15, 2025, 5:38:12 PM"}
{"name":"Branda the Fire Queen","level":-1,"killCount":-1,"type":"NPC","drops":[{"name":"Palm tree seed","id":5289,"quantity":2,"price":19089},{"name":"Gold ore","id":445,"quantity":97,"price":154}],"date":"Mar 15, 2025, 5:41:39 PM"}
{"name":"Branda the Fire Queen","level":-1,"killCount":-1,"type":"NPC","drops":[{"name":"Clue scroll (hard)","id":23168,"quantity":1,"price":0},{"name":"Grimy dwarf weed","id":218,"quantity":7,"price":2047},{"name":"Fire orb","id":570,"quantity":34,"price":1079}],"date":"Mar 15, 2025, 5:45:38 PM"}
{"name":"Branda the Fire Queen","level":-1,"killCount":-1,"type":"NPC","drops":[{"name":"Grimy lantadyme","id":2486,"quantity":8,"price":1706},{"name":"Grimy cadantine","id":216,"quantity":7,"price":3424}],"date":"Mar 15, 2025, 5:48:57 PM"}
{"name":"Branda the Fire Queen","level":-1,"killCount":-1,"type":"NPC","drops":[{"name":"Fire battlestaff","id":1394,"quantity":6,"price":9020},{"name":"Grimy kwuarm","id":214,"quantity":7,"price":3080}],"date":"Mar 15, 2025, 5:52:34 PM"}
{"name":"Branda the Fire Queen","level":-1,"killCount":-1,"type":"NPC","drops":[{"name":"Mystic fire staff","id":1402,"quantity":4,"price":25113},{"name":"Grimy dwarf weed","id":218,"quantity":6,"price":2047}],"date":"Mar 15, 2025, 5:56:01 PM"}
{"name":"Branda the Fire Queen","level":-1,"killCount":-1,"type":"NPC","drops":[{"name":"Grimy cadantine","id":216,"quantity":8,"price":3424},{"name":"Grimy dwarf weed","id":218,"quantity":6,"price":2047}],"date":"Mar 15, 2025, 5:59:31 PM"}
{"name":"Branda the Fire Queen","level":-1,"killCount":-1,"type":"NPC","drops":[{"name":"Palm tree seed","id":5289,"quantity":2,"price":19089},{"name":"Mystic fire staff","id":1402,"quantity":4,"price":25113}],"date":"Mar 15, 2025, 6:03:29 PM"}
{"name":"Branda the Fire Queen","level":-1,"killCount":-1,"type":"NPC","drops":[{"name":"Death rune","id":560,"quantity":212,"price":175},{"name":"Chaos rune","id":562,"quantity":285,"price":103}],"date":"Mar 15, 2025, 6:15:06 PM"}
{"name":"Branda the Fire Queen","level":-1,"killCount":-1,"type":"NPC","drops":[{"name":"Nature rune","id":561,"quantity":115,"price":116},{"name":"Grimy dwarf weed","id":218,"quantity":6,"price":2047}],"date":"Mar 15, 2025, 6:18:42 PM"}
{"name":"Branda the Fire Queen","level":-1,"killCount":-1,"type":"NPC","drops":[{"name":"Rune scimitar","id":1333,"quantity":4,"price":14865}],"date":"Mar 15, 2025, 6:21:36 PM"}
{"name":"Branda the Fire Queen","level":-1,"killCount":-1,"type":"NPC","drops":[{"name":"Coins","id":995,"quantity":17569,"price":1},{"name":"Clue scroll (hard)","id":19844,"quantity":1,"price":0},{"name":"Soul rune","id":566,"quantity":143,"price":180}],"date":"Mar 15, 2025, 6:24:47 PM"}
{"name":"Branda the Fire Queen","level":-1,"killCount":-1,"type":"NPC","drops":[{"name":"Chaos rune","id":562,"quantity":313,"price":103},{"name":"Fire battlestaff","id":1394,"quantity":6,"price":9020}],"date":"Mar 15, 2025, 6:28:00 PM"}
{"name":"Branda the Fire Queen","level":-1,"killCount":-1,"type":"NPC","drops":[{"name":"Grimy lantadyme","id":2486,"quantity":6,"price":1706},{"name":"Rune pickaxe","id":1275,"quantity":2,"price":18496}],"date":"Mar 15, 2025, 6:32:02 PM"}
{"name":"Branda the Fire Queen","level":-1,"killCount":-1,"type":"NPC","drops":[{"name":"Chaos rune","id":562,"quantity":247,"price":103},{"name":"Mystic fire staff","id":1402,"quantity":4,"price":25113}],"date":"Mar 15, 2025, 6:36:21 PM"}
{"name":"Branda the Fire Queen","level":-1,"killCount":-1,"type":"NPC","drops":[{"name":"Desiccated page","id":30640,"quantity":17,"price":0},{"name":"Grimy lantadyme","id":2486,"quantity":7,"price":1706}],"date":"Mar 15, 2025, 6:41:53 PM"}
{"name":"Branda the Fire Queen","level":-1,"killCount":-1,"type":"NPC","drops":[{"name":"Grimy ranarr weed","id":208,"quantity":7,"price":5926},{"name":"Death rune","id":560,"quantity":182,"price":175}],"date":"Mar 15, 2025, 6:47:00 PM"}
{"name":"Branda the Fire Queen","level":-1,"killCount":-1,"type":"NPC","drops":[{"name":"Chaos rune","id":562,"quantity":379,"price":103},{"name":"Fire orb","id":570,"quantity":32,"price":1079}],"date":"Mar 15, 2025, 6:50:24 PM"}
{"name":"Branda the Fire Queen","level":-1,"killCount":-1,"type":"NPC","drops":[{"name":"Yew seed","id":5315,"quantity":2,"price":29053},{"name":"Soul rune","id":566,"quantity":125,"price":180}],"date":"Mar 15, 2025, 6:54:29 PM"}
{"name":"Branda the Fire Queen","level":-1,"killCount":-1,"type":"NPC","drops":[{"name":"Fire rune","id":554,"quantity":2570,"price":5},{"name":"Rune pickaxe","id":1275,"quantity":2,"price":18496}],"date":"Mar 15, 2025, 6:58:30 PM"}
{"name":"Branda the Fire Queen","level":-1,"killCount":-1,"type":"NPC","drops":[{"name":"Coins","id":995,"quantity":17605,"price":1},{"name":"Rune pickaxe","id":1275,"quantity":2,"price":18496}],"date":"Mar 15, 2025, 7:01:49 PM"}
{"name":"Branda the Fire Queen","level":-1,"killCount":-1,"type":"NPC","drops":[{"name":"Coins","id":995,"quantity":17891,"price":1},{"name":"Law rune","id":563,"quantity":128,"price":130}],"date":"Mar 15, 2025, 7:11:25 PM"}
{"name":"Branda the Fire Queen","level":-1,"killCount":-1,"type":"NPC","drops":[{"name":"Nature rune","id":561,"quantity":139,"price":116},{"name":"Grimy irit leaf","id":210,"quantity":6,"price":1256}],"date":"Mar 15, 2025, 7:14:21 PM"}
{"name":"Branda the Fire Queen","level":-1,"killCount":-1,"type":"NPC","drops":[{"name":"Law rune","id":563,"quantity":103,"price":130},{"name":"Mystic fire staff","id":1402,"quantity":4,"price":25113}],"date":"Mar 15, 2025, 7:17:34 PM"}
{"name":"Branda the Fire Queen","level":-1,"killCount":-1,"type":"NPC","drops":[{"name":"Giantsoul amulet (uncharged)","id":30637,"quantity":1,"price":0}],"date":"Mar 15, 2025, 7:21:07 PM"}
{"name":"Branda the Fire Queen","level":-1,"killCount":-1,"type":"NPC","drops":[{"name":"Prayer potion(4)","id":2434,"quantity":2,"price":8693},{"name":"Fire rune","id":554,"quantity":1916,"price":5}],"date":"Mar 15, 2025, 7:26:50 PM"}
{"name":"Branda the Fire Queen","level":-1,"killCount":-1,"type":"NPC","drops":[{"name":"Grimy lantadyme","id":2486,"quantity":6,"price":1706},{"name":"Grimy dwarf weed","id":218,"quantity":8,"price":2047}],"date":"Mar 15, 2025, 7:30:36 PM"}
{"name":"Branda the Fire Queen","level":-1,"killCount":-1,"type":"NPC","drops":[{"name":"Desiccated page","id":30640,"quantity":18,"price":0},{"name":"Law rune","id":563,"quantity":146,"price":130}],"date":"Mar 15, 2025, 7:33:43 PM"}
{"name":"Branda the Fire Queen","level":-1,"killCount":-1,"type":"NPC","drops":[{"name":"Coins","id":995,"quantity":16808,"price":1},{"name":"Grimy kwuarm","id":214,"quantity":6,"price":3080}],"date":"Mar 15, 2025, 7:37:21 PM"}
{"name":"Branda the Fire Queen","level":-1,"killCount":-1,"type":"NPC","drops":[{"name":"Fire rune","id":554,"quantity":2382,"price":5},{"name":"Nature rune","id":561,"quantity":135,"price":116}],"date":"Mar 15, 2025, 7:40:54 PM"}
{"name":"Branda the Fire Queen","level":-1,"killCount":-1,"type":"NPC","drops":[{"name":"Fire element staff crown","id":30631,"quantity":1,"price":62020}],"date":"Mar 15, 2025, 7:43:38 PM"}
{"name":"Branda the Fire Queen","level":-1,"killCount":-1,"type":"NPC","drops":[{"name":"Rune plateskirt","id":1093,"quantity":2,"price":37572},{"name":"Fire battlestaff","id":1394,"quantity":6,"price":9020}],"date":"Mar 15, 2025, 7:47:53 PM"}
{"name":"Branda the Fire Queen","level":-1,"killCount":-1,"type":"NPC","drops":[{"name":"Grimy ranarr weed","id":208,"quantity":6,"price":5926},{"name":"Gold ore","id":445,"quantity":81,"price":154}],"date":"Mar 15, 2025, 7:51:21 PM"}
{"name":"Branda the Fire Queen","level":-1,"killCount":-1,"type":"NPC","drops":[{"name":"Mystic fire staff","id":1402,"quantity":4,"price":25113},{"name":"Gold ore","id":445,"quantity":72,"price":154}],"date":"Mar 15, 2025, 7:58:30 PM"}
{"name":"Branda the Fire Queen","level":-1,"killCount":-1,"type":"NPC","drops":[{"name":"Maple seed","id":5314,"quantity":6,"price":4992},{"name":"Soul rune","id":566,"quantity":135,"price":180}],"date":"Mar 15, 2025, 8:01:28 PM"}
{"name":"Branda the Fire Queen","level":-1,"killCount":-1,"type":"NPC","drops":[{"name":"Coins","id":995,"quantity":12811,"price":1},{"name":"Nature rune","id":561,"quantity":136,"price":116}],"date":"Mar 15, 2025, 8:04:09 PM"}
{"name":"Branda the Fire Queen","level":-1,"killCount":-1,"type":"NPC","drops":[{"name":"Coins","id":995,"quantity":19244,"price":1},{"name":"Grimy lantadyme","id":2486,"quantity":6,"price":1706}],"date":"Mar 15, 2025, 8:07:13 PM"}
{"name":"Branda the Fire Queen","level":-1,"killCount":-1,"type":"NPC","drops":[{"name":"Grimy ranarr weed","id":208,"quantity":7,"price":5926},{"name":"Grimy cadantine","id":216,"quantity":7,"price":3424}],"date":"Mar 15, 2025, 8:10:41 PM"}
{"name":"Branda the Fire Queen","level":-1,"killCount":-1,"type":"NPC","drops":[{"name":"Prayer potion(4)","id":2434,"quantity":2,"price":8693},{"name":"Blood rune","id":565,"quantity":109,"price":307}],"date":"Mar 15, 2025, 8:13:20 PM"}
{"name":"Branda the Fire Queen","level":-1,"killCount":-1,"type":"NPC","drops":[{"name":"Grimy cadantine","id":216,"quantity":6,"price":3424},{"name":"Fire orb","id":570,"quantity":31,"price":1079}],"date":"Mar 15, 2025, 8:16:29 PM"}
{"name":"Branda the Fire Queen","level":-1,"killCount":-1,"type":"NPC","drops":[{"name":"Coins","id":995,"quantity":23306,"price":1},{"name":"Fire rune","id":554,"quantity":2407,"price":5}],"date":"Mar 15, 2025, 8:20:02 PM"}
{"name":"Branda the Fire Queen","level":-1,"killCount":-1,"type":"NPC","drops":[{"name":"Yew seed","id":5315,"quantity":2,"price":29053},{"name":"Fire orb","id":570,"quantity":20,"price":1079}],"date":"Mar 15, 2025, 8:23:44 PM"}
{"name":"Branda the Fire Queen","level":-1,"killCount":-1,"type":"NPC","drops":[{"name":"Giantsoul amulet (uncharged)","id":30637,"quantity":1,"price":0}],"date":"Mar 15, 2025, 8:27:15 PM"}
{"name":"Branda the Fire Queen","level":-1,"killCount":-1,"type":"NPC","drops":[{"name":"Coins","id":995,"quantity":12972,"price":1},{"name":"Coal","id":454,"quantity":318,"price":164}],"date":"Mar 15, 2025, 8:31:52 PM"}
{"name":"Branda the Fire Queen","level":-1,"killCount":-1,"type":"NPC","drops":[{"name":"Grimy kwuarm","id":214,"quantity":7,"price":3080},{"name":"Mystic fire staff","id":1402,"quantity":4,"price":25113}],"date":"Mar 15, 2025, 8:35:28 PM"}
{"name":"Branda the Fire Queen","level":-1,"killCount":-1,"type":"NPC","drops":[{"name":"Grimy irit leaf","id":210,"quantity":14,"price":1256}],"date":"Mar 15, 2025, 8:41:52 PM"}
{"name":"Branda the Fire Queen","level":-1,"killCount":-1,"type":"NPC","drops":[{"name":"Grimy avantoe","id":212,"quantity":16,"price":2601},{"name":"Clue scroll (hard)","id":3544,"quantity":1,"price":0}],"date":"Mar 15, 2025, 8:45:06 PM"}
{"name":"Branda the Fire Queen","level":-1,"killCount":-1,"type":"NPC","drops":[],"date":"Mar 15, 2025, 8:49:25 PM"}
{"name":"Branda the Fire Queen","level":-1,"killCount":-1,"type":"NPC","drops":[{"name":"Coal","id":454,"quantity":281,"price":164},{"name":"Nature rune","id":561,"quantity":105,"price":116}],"date":"Mar 15, 2025, 8:51:51 PM"}
{"name":"Branda the Fire Queen","level":-1,"killCount":-1,"type":"NPC","drops":[{"name":"Rune plateskirt","id":1093,"quantity":2,"price":37572},{"name":"Grimy kwuarm","id":214,"quantity":8,"price":3080}],"date":"Mar 15, 2025, 8:54:58 PM"}
{"name":"Branda the Fire Queen","level":-1,"killCount":-1,"type":"NPC","drops":[{"name":"Maple seed","id":5314,"quantity":6,"price":4992},{"name":"Mystic fire staff","id":1402,"quantity":4,"price":25113}],"date":"Mar 15, 2025, 8:58:25 PM"}
{"name":"Branda the Fire Queen","level":-1,"killCount":-1,"type":"NPC","drops":[{"name":"Coal","id":454,"quantity":305,"price":164},{"name":"Grimy dwarf weed","id":218,"quantity":6,"price":2047}],"date":"Mar 15, 2025, 9:01:03 PM"}
{"name":"Branda the Fire Queen","level":-1,"killCount":-1,"type":"NPC","drops":[{"name":"Yew seed","id":5315,"quantity":2,"price":29053},{"name":"Rune plateskirt","id":1093,"quantity":2,"price":37572}],"date":"Mar 15, 2025, 9:04:47 PM"}
{"name":"Branda the Fire Queen","level":-1,"killCount":-1,"type":"NPC","drops":[{"name":"Rune pickaxe","id":1275,"quantity":2,"price":18496},{"name":"Gold ore","id":445,"quantity":98,"price":154}],"date":"Mar 15, 2025, 9:08:12 PM"}
{"name":"Branda the Fire Queen","level":-1,"killCount":-1,"type":"NPC","drops":[{"name":"Nature rune","id":561,"quantity":141,"price":116},{"name":"Rune scimitar","id":1333,"quantity":2,"price":14865}],"date":"Mar 15, 2025, 9:11:52 PM"}
{"name":"Branda the Fire Queen","level":-1,"killCount":-1,"type":"NPC","drops":[{"name":"Grimy ranarr weed","id":208,"quantity":8,"price":5926},{"name":"Desiccated page","id":30640,"quantity":21,"price":0}],"date":"Mar 15, 2025, 9:15:23 PM"}
{"name":"Branda the Fire Queen","level":-1,"killCount":-1,"type":"NPC","drops":[{"name":"Coins","id":995,"quantity":14313,"price":1},{"name":"Rune plateskirt","id":1093,"quantity":2,"price":37572}],"date":"Mar 15, 2025, 9:19:15 PM"}
{"name":"Branda the Fire Queen","level":-1,"killCount":-1,"type":"NPC","drops":[{"name":"Grimy ranarr weed","id":208,"quantity":6,"price":5926},{"name":"Death rune","id":560,"quantity":276,"price":175}],"date":"Mar 15, 2025, 9:23:50 PM"}
{"name":"Branda the Fire Queen","level":-1,"killCount":-1,"type":"NPC","drops":[{"name":"Grimy ranarr weed","id":208,"quantity":8,"price":5926},{"name":"Rune scimitar","id":1333,"quantity":2,"price":14865}],"date":"Mar 15, 2025, 9:26:52 PM"}
{"name":"Branda the Fire Queen","level":-1,"killCount":-1,"type":"NPC","drops":[{"name":"Maple seed","id":5314,"quantity":5,"price":4992},{"name":"Law rune","id":563,"quantity":143,"price":130}],"date":"Mar 15, 2025, 9:34:37 PM"}
{"name":"Branda the Fire Queen","level":-1,"killCount":-1,"type":"NPC","drops":[{"name":"Coal","id":454,"quantity":303,"price":164},{"name":"Grimy cadantine","id":216,"quantity":7,"price":3424}],"date":"Mar 15, 2025, 9:38:23 PM"}
{"name":"Branda the Fire Queen","level":-1,"killCount":-1,"type":"NPC","drops":[{"name":"Giantsoul amulet (uncharged)","id":30637,"quantity":1,"price":0}],"date":"Mar 15, 2025, 9:43:40 PM"}
{"name":"Branda the Fire Queen","level":-1,"killCount":-1,"type":"NPC","drops":[{"name":"Yew seed","id":5315,"quantity":2,"price":29053},{"name":"Rune arrow","id":892,"quantity":124,"price":61}],"date":"Mar 15, 2025, 9:46:22 PM"}
{"name":"Branda the Fire Queen","level":-1,"killCount":-1,"type":"NPC","drops":[{"name":"Death rune","id":560,"quantity":217,"price":175},{"name":"Fire battlestaff","id":1394,"quantity":6,"price":9020}],"date":"Mar 15, 2025, 9:50:05 PM"}
{"name":"Branda the Fire Queen","level":-1,"killCount":-1,"type":"NPC","drops":[{"name":"Giantsoul amulet (uncharged)","id":30637,"quantity":1,"price":0}],"date":"Mar 15, 2025, 9:53:35 PM"}
{"name":"Branda the Fire Queen","level":-1,"killCount":-1,"type":"NPC","drops":[{"name":"Prayer potion(4)","id":2434,"quantity":4,"price":8693},{"name":"Death rune","id":560,"quantity":202,"price":175}],"date":"Mar 15, 2025, 9:57:30 PM"}
{"name":"Branda the Fire Queen","level":-1,"killCount":-1,"type":"NPC","drops":[{"name":"Grimy avantoe","id":212,"quantity":14,"price":2601}],"date":"Mar 15, 2025, 10:01:07 PM"}
{"name":"Branda the Fire Queen","level":-1,"killCount":-1,"type":"NPC","drops":[{"name":"Soul rune","id":566,"quantity":101,"price":180},{"name":"Grimy cadantine","id":216,"quantity":6,"price":3424}],"date":"Mar 15, 2025, 10:04:53 PM"}
{"name":"Branda the Fire Queen","level":-1,"killCount":-1,"type":"NPC","drops":[{"name":"Grimy lantadyme","id":2486,"quantity":6,"price":1706},{"name":"Rune arrow","id":892,"quantity":247,"price":61}],"date":"Mar 15, 2025, 10:08:43 PM"}
{"name":"Branda the Fire Queen","level":-1,"killCount":-1,"type":"NPC","drops":[{"name":"Grimy cadantine","id":216,"quantity":7,"price":3424},{"name":"Rune arrow","id":892,"quantity":210,"price":61}],"date":"Mar 15, 2025, 10:12:10 PM"}
{"name":"Branda the Fire Queen","level":-1,"killCount":-1,"type":"NPC","drops":[{"name":"Prayer potion(4)","id":2434,"quantity":4,"price":8693},{"name":"Coins","id":995,"quantity":20151,"price":1},{"name":"Clue scroll (hard)","id":19900,"quantity":1,"price":0}],"date":"Mar 15, 2025, 10:16:22 PM"}
{"name":"Branda the Fire Queen","level":-1,"killCount":-1,"type":"NPC","drops":[{"name":"Fire element staff crown","id":30631,"quantity":1,"price":65035}],"date":"Mar 16, 2025, 7:12:42 AM"}
{"name":"Branda the Fire Queen","level":-1,"killCount":-1,"type":"NPC","drops":[{"name":"Law rune","id":563,"quantity":114,"price":131},{"name":"Fire orb","id":570,"quantity":34,"price":1046}],"date":"Mar 16, 2025, 12:16:12 PM"}
{"name":"Branda the Fire Queen","level":-1,"killCount":-1,"type":"NPC","drops":[{"name":"Palm tree seed","id":5289,"quantity":2,"price":18483},{"name":"Fire orb","id":570,"quantity":35,"price":1046}],"date":"Mar 16, 2025, 12:19:14 PM"}
{"name":"Branda the Fire Queen","level":-1,"killCount":-1,"type":"NPC","drops":[{"name":"Fire rune","id":554,"quantity":2701,"price":5},{"name":"Soul rune","id":566,"quantity":128,"price":182}],"date":"Mar 16, 2025, 12:23:38 PM"}
{"name":"Branda the Fire Queen","level":-1,"killCount":-1,"type":"NPC","drops":[{"name":"Grimy irit leaf","id":210,"quantity":6,"price":1231},{"name":"Blood rune","id":565,"quantity":118,"price":305}],"date":"Mar 16, 2025, 12:26:32 PM"}
{"name":"Branda the Fire Queen","level":-1,"killCount":-1,"type":"NPC","drops":[{"name":"Giantsoul amulet (uncharged)","id":30637,"quantity":1,"price":0}],"date":"Mar 16, 2025, 12:29:35 PM"}
{"name":"Branda the Fire Queen","level":-1,"killCount":-1,"type":"NPC","drops":[{"name":"Coins","id":995,"quantity":29342,"price":1},{"name":"Clue scroll (hard)","id":23176,"quantity":1,"price":0},{"name":"Death rune","id":560,"quantity":182,"price":173}],"date":"Mar 16, 2025, 12:32:39 PM"}
{"name":"Branda the Fire Queen","level":-1,"killCount":-1,"type":"NPC","drops":[{"name":"Giantsoul amulet (uncharged)","id":30637,"quantity":1,"price":0}],"date":"Mar 16, 2025, 12:36:03 PM"}
{"name":"Branda the Fire Queen","level":-1,"killCount":-1,"type":"NPC","drops":[{"name":"Law rune","id":563,"quantity":133,"price":131},{"name":"Grimy kwuarm","id":214,"quantity":7,"price":3100}],"date":"Mar 16, 2025, 12:43:17 PM"}
{"name":"Branda the Fire Queen","level":-1,"killCount":-1,"type":"NPC","drops":[{"name":"Coal","id":454,"quantity":295,"price":166},{"name":"Law rune","id":563,"quantity":116,"price":131}],"date":"Mar 16, 2025, 12:50:05 PM"}
{"name":"Branda the Fire Queen","level":-1,"killCount":-1,"type":"NPC","drops":[{"name":"Fire orb","id":570,"quantity":30,"price":1046},{"name":"Mystic fire staff","id":1402,"quantity":4,"price":25348}],"date":"Mar 16, 2025, 12:53:20 PM"}
{"name":"Branda the Fire Queen","level":-1,"killCount":-1,"type":"NPC","drops":[{"name":"Grimy irit leaf","id":210,"quantity":8,"price":1231},{"name":"Mystic fire staff","id":1402,"quantity":4,"price":25348}],"date":"Mar 16, 2025, 12:55:56 PM"}
{"name":"Branda the Fire Queen","level":-1,"killCount":-1,"type":"NPC","drops":[{"name":"Fire rune","id":554,"quantity":2075,"price":5},{"name":"Gold ore","id":445,"quantity":61,"price":154}],"date":"Mar 16, 2025, 12:59:33 PM"}
{"name":"Branda the Fire Queen","level":-1,"killCount":-1,"type":"NPC","drops":[{"name":"Mystic vigour prayer scroll","id":30627,"quantity":1,"price":0}],"date":"Mar 16, 2025, 1:02:33 PM"}
