{"name":"Brassican Mage","level":140,"killCount":-1,"type":"NPC","drops":[{"name":"Bones","id":526,"quantity":1,"price":80},{"name":"Coins","id":995,"quantity":57,"price":1}],"date":"May 9, 2022, 2:12:50 PM"}
{"name":"Brassican Mage","level":140,"killCount":-1,"type":"NPC","drops":[{"name":"Bones","id":526,"quantity":1,"price":79},{"name":"Coins","id":995,"quantity":61,"price":1}],"date":"May 11, 2022, 8:33:52 AM"}
{"name":"Brassican Mage","level":140,"killCount":-1,"type":"NPC","drops":[{"name":"Bones","id":526,"quantity":1,"price":79},{"name":"Onion seed","id":5319,"quantity":2,"price":1}],"date":"May 11, 2022, 8:36:10 AM"}
{"name":"Brassican Mage","level":140,"killCount":-1,"type":"NPC","drops":[{"name":"Bones","id":526,"quantity":1,"price":56},{"name":"Grimy marrentill","id":201,"quantity":1,"price":20}],"date":"May 11, 2022, 12:42:22 PM"}
{"name":"Brassican Mage","level":140,"killCount":-1,"type":"NPC","drops":[{"name":"Bones","id":526,"quantity":1,"price":56},{"name":"Grimy marrentill","id":201,"quantity":1,"price":20}],"date":"May 11, 2022, 12:43:21 PM"}
{"name":"Brassican Mage","level":140,"killCount":-1,"type":"NPC","drops":[{"name":"Bones","id":526,"quantity":1,"price":64},{"name":"Earth rune","id":557,"quantity":19,"price":4}],"date":"May 17, 2022, 2:18:41 PM"}
{"name":"Brassican Mage","level":140,"killCount":-1,"type":"NPC","drops":[{"name":"Bones","id":526,"quantity":1,"price":65},{"name":"Earth rune","id":557,"quantity":7,"price":4}],"date":"May 17, 2022, 2:40:24 PM"}
{"name":"Brassican Mage","level":140,"killCount":-1,"type":"NPC","drops":[{"name":"Bones","id":526,"quantity":1,"price":69},{"name":"Grimy tarromin","id":203,"quantity":1,"price":129}],"date":"May 29, 2022, 5:10:10 PM"}
{"name":"Brassican Mage","level":140,"killCount":-1,"type":"NPC","drops":[{"name":"Bones","id":526,"quantity":1,"price":69},{"name":"Death rune","id":560,"quantity":17,"price":189}],"date":"May 29, 2022, 5:12:54 PM"}
{"name":"Brassican Mage","level":140,"killCount":-1,"type":"NPC","drops":[{"name":"Bones","id":526,"quantity":1,"price":69},{"name":"Cabbage","id":1965,"quantity":1,"price":34},{"name":"Cabbage","id":1965,"quantity":1,"price":34},{"name":"Cabbage","id":1965,"quantity":1,"price":34},{"name":"Cabbage","id":1965,"quantity":1,"price":34},{"name":"Cabbage","id":1965,"quantity":1,"price":34},{"name":"Cabbage","id":1965,"quantity":1,"price":34},{"name":"Cabbage","id":1965,"quantity":1,"price":34},{"name":"Cabbage","id":1965,"quantity":1,"price":34},{"name":"Cabbage","id":1965,"quantity":1,"price":34},{"name":"Cabbage","id":1965,"quantity":1,"price":34}],"date":"May 29, 2022, 5:21:28 PM"}
{"name":"Brassican Mage","level":140,"killCount":-1,"type":"NPC","drops":[{"name":"Bones","id":526,"quantity":1,"price":69},{"name":"Death rune","id":560,"quantity":12,"price":189}],"date":"May 29, 2022, 5:23:24 PM"}
{"name":"Brassican Mage","level":140,"killCount":-1,"type":"NPC","drops":[{"name":"Bones","id":526,"quantity":1,"price":71},{"name":"Air rune","id":556,"quantity":12,"price":5}],"date":"Jun 3, 2022, 11:44:45 AM"}
{"name":"Brassican Mage","level":140,"killCount":-1,"type":"NPC","drops":[{"name":"Bones","id":526,"quantity":1,"price":75},{"name":"Coins","id":995,"quantity":218,"price":1}],"date":"Jun 17, 2022, 11:14:18 PM"}
{"name":"Brassican Mage","level":140,"killCount":-1,"type":"NPC","drops":[{"name":"Bones","id":526,"quantity":1,"price":78},{"name":"Pure essence","id":7937,"quantity":25,"price":1}],"date":"Jul 8, 2022, 12:46:06 PM"}
{"name":"Brassican Mage","level":140,"killCount":-1,"type":"NPC","drops":[{"name":"Bones","id":526,"quantity":1,"price":72},{"name":"Earth rune","id":557,"quantity":10,"price":4}],"date":"Jul 8, 2022, 8:42:07 PM"}
{"name":"Brassican Mage","level":140,"killCount":-1,"type":"NPC","drops":[{"name":"Bones","id":526,"quantity":1,"price":71},{"name":"Earth battlestaff","id":1399,"quantity":1,"price":8950}],"date":"Jul 8, 2022, 8:57:32 PM"}
{"name":"Brassican Mage","level":140,"killCount":-1,"type":"NPC","drops":[{"name":"Bones","id":526,"quantity":1,"price":74},{"name":"Coins","id":995,"quantity":155,"price":1}],"date":"Jul 8, 2022, 9:21:35 PM"}
{"name":"Brassican Mage","level":140,"killCount":-1,"type":"NPC","drops":[{"name":"Bones","id":526,"quantity":1,"price":74},{"name":"Pure essence","id":7937,"quantity":25,"price":1}],"date":"Jul 8, 2022, 9:24:35 PM"}
{"name":"Brassican Mage","level":140,"killCount":-1,"type":"NPC","drops":[{"name":"Bones","id":526,"quantity":1,"price":74},{"name":"Coins","id":995,"quantity":164,"price":1}],"date":"Jul 8, 2022, 9:32:12 PM"}
{"name":"Brassican Mage","level":140,"killCount":-1,"type":"NPC","drops":[{"name":"Bones","id":526,"quantity":1,"price":77},{"name":"Tomato seed","id":5322,"quantity":1,"price":1}],"date":"Jul 9, 2022, 12:44:55 AM"}
{"name":"Brassican Mage","level":140,"killCount":-1,"type":"NPC","drops":[{"name":"Bones","id":526,"quantity":1,"price":77},{"name":"Death rune","id":560,"quantity":21,"price":186}],"date":"Jul 9, 2022, 12:49:25 AM"}
{"name":"Brassican Mage","level":140,"killCount":-1,"type":"NPC","drops":[{"name":"Bones","id":526,"quantity":1,"price":77},{"name":"Pure essence","id":7937,"quantity":25,"price":1}],"date":"Jul 9, 2022, 12:50:01 AM"}
{"name":"Brassican Mage","level":140,"killCount":-1,"type":"NPC","drops":[{"name":"Bones","id":526,"quantity":1,"price":70},{"name":"Coins","id":995,"quantity":61,"price":1}],"date":"Jul 10, 2022, 1:50:33 AM"}
{"name":"Brassican Mage","level":140,"killCount":-1,"type":"NPC","drops":[{"name":"Bones","id":526,"quantity":1,"price":70},{"name":"Coins","id":995,"quantity":101,"price":1}],"date":"Jul 10, 2022, 1:52:30 AM"}
{"name":"Brassican Mage","level":140,"killCount":-1,"type":"NPC","drops":[{"name":"Bones","id":526,"quantity":1,"price":58},{"name":"Pure essence","id":7937,"quantity":25,"price":1}],"date":"Jul 17, 2022, 10:01:35 AM"}
{"name":"Brassican Mage","level":140,"killCount":-1,"type":"NPC","drops":[{"name":"Bones","id":526,"quantity":1,"price":71},{"name":"Potato seed","id":5318,"quantity":4,"price":1}],"date":"Aug 9, 2022, 9:46:43 PM"}
{"name":"Brassican Mage","level":140,"killCount":-1,"type":"NPC","drops":[{"name":"Bones","id":526,"quantity":1,"price":71},{"name":"Potato seed","id":5318,"quantity":2,"price":1}],"date":"Aug 9, 2022, 9:55:47 PM"}
{"name":"Brassican Mage","level":140,"killCount":-1,"type":"NPC","drops":[{"name":"Bones","id":526,"quantity":1,"price":65},{"name":"Air rune","id":556,"quantity":23,"price":4}],"date":"Aug 29, 2022, 2:08:33 PM"}
{"name":"Brassican Mage","level":140,"killCount":-1,"type":"NPC","drops":[{"name":"Bones","id":526,"quantity":1,"price":65},{"name":"Pure essence","id":7937,"quantity":25,"price":2}],"date":"Aug 29, 2022, 2:10:15 PM"}
{"name":"Brassican Mage","level":140,"killCount":-1,"type":"NPC","drops":[{"name":"Bones","id":526,"quantity":1,"price":65},{"name":"Cabbage","id":1965,"quantity":1,"price":39},{"name":"Cabbage","id":1965,"quantity":1,"price":39},{"name":"Cabbage","id":1965,"quantity":1,"price":39},{"name":"Cabbage","id":1965,"quantity":1,"price":39},{"name":"Cabbage","id":1965,"quantity":1,"price":39},{"name":"Cabbage","id":1965,"quantity":1,"price":39},{"name":"Cabbage","id":1965,"quantity":1,"price":39},{"name":"Cabbage","id":1965,"quantity":1,"price":39},{"name":"Cabbage","id":1965,"quantity":1,"price":39},{"name":"Cabbage","id":1965,"quantity":1,"price":39},{"name":"Cabbage","id":1965,"quantity":1,"price":39},{"name":"Cabbage","id":1965,"quantity":1,"price":39},{"name":"Cabbage","id":1965,"quantity":1,"price":39},{"name":"Cabbage","id":1965,"quantity":1,"price":39},{"name":"Cabbage","id":1965,"quantity":1,"price":39}],"date":"Aug 29, 2022, 2:14:44 PM"}
{"name":"Brassican Mage","level":140,"killCount":-1,"type":"NPC","drops":[{"name":"Bones","id":526,"quantity":1,"price":65},{"name":"Pure essence","id":7937,"quantity":25,"price":2}],"date":"Aug 29, 2022, 2:16:04 PM"}
{"name":"Brassican Mage","level":140,"killCount":-1,"type":"NPC","drops":[{"name":"Bones","id":526,"quantity":1,"price":67},{"name":"Cabbage","id":1965,"quantity":1,"price":32},{"name":"Cabbage","id":1965,"quantity":1,"price":32},{"name":"Cabbage","id":1965,"quantity":1,"price":32},{"name":"Cabbage","id":1965,"quantity":1,"price":32},{"name":"Cabbage","id":1965,"quantity":1,"price":32},{"name":"Cabbage","id":1965,"quantity":1,"price":32},{"name":"Cabbage","id":1965,"quantity":1,"price":32},{"name":"Cabbage","id":1965,"quantity":1,"price":32},{"name":"Cabbage","id":1965,"quantity":1,"price":32},{"name":"Cabbage","id":1965,"quantity":1,"price":32},{"name":"Cabbage","id":1965,"quantity":1,"price":32},{"name":"Cabbage","id":1965,"quantity":1,"price":32},{"name":"Cabbage","id":1965,"quantity":1,"price":32},{"name":"Cabbage","id":1965,"quantity":1,"price":32}],"date":"Aug 30, 2022, 12:14:59 PM"}
{"name":"Brassican Mage","level":140,"killCount":-1,"type":"NPC","drops":[{"name":"Bones","id":526,"quantity":1,"price":67},{"name":"Coins","id":995,"quantity":103,"price":1}],"date":"Aug 30, 2022, 12:16:58 PM"}
{"name":"Brassican Mage","level":140,"killCount":-1,"type":"NPC","drops":[{"name":"Bones","id":526,"quantity":1,"price":68},{"name":"Cabbage","id":1965,"quantity":1,"price":33},{"name":"Cabbage","id":1965,"quantity":1,"price":33},{"name":"Cabbage","id":1965,"quantity":1,"price":33},{"name":"Cabbage","id":1965,"quantity":1,"price":33},{"name":"Cabbage","id":1965,"quantity":1,"price":33},{"name":"Cabbage","id":1965,"quantity":1,"price":33},{"name":"Cabbage","id":1965,"quantity":1,"price":33},{"name":"Cabbage","id":1965,"quantity":1,"price":33},{"name":"Cabbage","id":1965,"quantity":1,"price":33},{"name":"Cabbage","id":1965,"quantity":1,"price":33},{"name":"Cabbage","id":1965,"quantity":1,"price":33},{"name":"Cabbage","id":1965,"quantity":1,"price":33},{"name":"Cabbage","id":1965,"quantity":1,"price":33},{"name":"Cabbage","id":1965,"quantity":1,"price":33}],"date":"Sep 16, 2022, 11:05:14 PM"}
{"name":"Brassican Mage","level":140,"killCount":-1,"type":"NPC","drops":[{"name":"Bones","id":526,"quantity":1,"price":68},{"name":"Grimy marrentill","id":201,"quantity":1,"price":24}],"date":"Sep 16, 2022, 11:11:30 PM"}
{"name":"Brassican Mage","level":140,"killCount":-1,"type":"NPC","drops":[{"name":"Bones","id":526,"quantity":1,"price":68},{"name":"Grimy marrentill","id":201,"quantity":1,"price":24}],"date":"Sep 16, 2022, 11:14:56 PM"}
{"name":"Brassican Mage","level":140,"killCount":-1,"type":"NPC","drops":[{"name":"Bones","id":526,"quantity":1,"price":69},{"name":"Coins","id":995,"quantity":161,"price":1}],"date":"Sep 20, 2022, 2:30:04 PM"}
{"name":"Brassican Mage","level":140,"killCount":-1,"type":"NPC","drops":[{"name":"Bones","id":526,"quantity":1,"price":69},{"name":"Potato seed","id":5318,"quantity":4,"price":1}],"date":"Sep 20, 2022, 2:44:47 PM"}
{"name":"Brassican Mage","level":140,"killCount":-1,"type":"NPC","drops":[{"name":"Bones","id":526,"quantity":1,"price":69},{"name":"Death rune","id":560,"quantity":10,"price":168}],"date":"Sep 20, 2022, 2:52:58 PM"}
{"name":"Brassican Mage","level":140,"killCount":-1,"type":"NPC","drops":[{"name":"Bones","id":526,"quantity":1,"price":72},{"name":"Death rune","id":560,"quantity":18,"price":166}],"date":"Sep 24, 2022, 11:34:07 PM"}
{"name":"Brassican Mage","level":140,"killCount":-1,"type":"NPC","drops":[{"name":"Bones","id":526,"quantity":1,"price":77},{"name":"Cabbage","id":1965,"quantity":1,"price":41},{"name":"Cabbage","id":1965,"quantity":1,"price":41},{"name":"Cabbage","id":1965,"quantity":1,"price":41},{"name":"Cabbage","id":1965,"quantity":1,"price":41},{"name":"Cabbage","id":1965,"quantity":1,"price":41},{"name":"Cabbage","id":1965,"quantity":1,"price":41},{"name":"Cabbage","id":1965,"quantity":1,"price":41},{"name":"Cabbage","id":1965,"quantity":1,"price":41},{"name":"Cabbage","id":1965,"quantity":1,"price":41},{"name":"Cabbage","id":1965,"quantity":1,"price":41},{"name":"Cabbage","id":1965,"quantity":1,"price":41},{"name":"Cabbage","id":1965,"quantity":1,"price":41},{"name":"Cabbage","id":1965,"quantity":1,"price":41},{"name":"Cabbage","id":1965,"quantity":1,"price":41},{"name":"Cabbage","id":1965,"quantity":1,"price":41}],"date":"Dec 22, 2022, 7:52:46 PM"}
{"name":"Brassican Mage","level":140,"killCount":-1,"type":"NPC","drops":[{"name":"Bones","id":526,"quantity":1,"price":77},{"name":"Staff of earth","id":1385,"quantity":1,"price":920}],"date":"Dec 22, 2022, 9:10:14 PM"}
{"name":"Brassican Mage","level":140,"killCount":-1,"type":"NPC","drops":[{"name":"Bones","id":526,"quantity":1,"price":77},{"name":"Coins","id":995,"quantity":166,"price":1}],"date":"Dec 22, 2022, 9:36:37 PM"}
{"name":"Brassican Mage","level":140,"killCount":-1,"type":"NPC","drops":[{"name":"Bones","id":526,"quantity":1,"price":75},{"name":"Cabbage","id":1965,"quantity":1,"price":44},{"name":"Cabbage","id":1965,"quantity":1,"price":44},{"name":"Cabbage","id":1965,"quantity":1,"price":44},{"name":"Cabbage","id":1965,"quantity":1,"price":44},{"name":"Cabbage","id":1965,"quantity":1,"price":44},{"name":"Cabbage","id":1965,"quantity":1,"price":44},{"name":"Cabbage","id":1965,"quantity":1,"price":44},{"name":"Cabbage","id":1965,"quantity":1,"price":44},{"name":"Cabbage","id":1965,"quantity":1,"price":44},{"name":"Cabbage","id":1965,"quantity":1,"price":44},{"name":"Cabbage","id":1965,"quantity":1,"price":44},{"name":"Cabbage","id":1965,"quantity":1,"price":44},{"name":"Cabbage","id":1965,"quantity":1,"price":44}],"date":"Dec 29, 2022, 3:00:08 AM"}
{"name":"Brassican Mage","level":140,"killCount":-1,"type":"NPC","drops":[{"name":"Bones","id":526,"quantity":1,"price":75},{"name":"Coins","id":995,"quantity":243,"price":1}],"date":"Dec 29, 2022, 3:02:02 AM"}
{"name":"Brassican Mage","level":140,"killCount":-1,"type":"NPC","drops":[{"name":"Bones","id":526,"quantity":1,"price":75},{"name":"Coins","id":995,"quantity":89,"price":1}],"date":"Jan 11, 2023, 5:51:40 PM"}
{"name":"Brassican Mage","level":140,"killCount":-1,"type":"NPC","drops":[{"name":"Bones","id":526,"quantity":1,"price":75},{"name":"Grimy guam leaf","id":199,"quantity":1,"price":42}],"date":"Jan 11, 2023, 5:53:39 PM"}
{"name":"Brassican Mage","level":140,"killCount":-1,"type":"NPC","drops":[{"name":"Bones","id":526,"quantity":1,"price":73},{"name":"Coins","id":995,"quantity":76,"price":1}],"date":"Jan 14, 2023, 12:47:49 AM"}
