{"name":"Bree","level":146,"killCount":-1,"type":"NPC","drops":[{"name":"Bones","id":526,"quantity":1,"price":59},{"name":"Coins","id":995,"quantity":1323,"price":1}],"date":"Jun 30, 2023, 10:32:07 AM"}
{"name":"Bree","level":146,"killCount":-1,"type":"NPC","drops":[{"name":"Bones","id":526,"quantity":1,"price":59},{"name":"Steel dart","id":808,"quantity":100,"price":3}],"date":"Jun 30, 2023, 10:36:34 AM"}
{"name":"Bree","level":146,"killCount":-1,"type":"NPC","drops":[{"name":"Bones","id":526,"quantity":1,"price":59},{"name":"Grimy ranarr weed","id":208,"quantity":1,"price":5808}],"date":"Jun 30, 2023, 10:42:25 AM"}
{"name":"Bree","level":146,"killCount":-1,"type":"NPC","drops":[{"name":"Bones","id":526,"quantity":1,"price":59},{"name":"Summer pie","id":7218,"quantity":1,"price":788}],"date":"Jun 30, 2023, 11:01:23 AM"}
{"name":"Bree","level":146,"killCount":-1,"type":"NPC","drops":[{"name":"Bones","id":526,"quantity":1,"price":59},{"name":"Godsword shard 1","id":11818,"quantity":1,"price":151781}],"date":"Jun 30, 2023, 11:04:11 AM"}
{"name":"Bree","level":146,"killCount":-1,"type":"NPC","drops":[{"name":"Bones","id":526,"quantity":1,"price":59},{"name":"Coins","id":995,"quantity":1389,"price":1}],"date":"Jun 30, 2023, 11:06:54 AM"}
{"name":"Bree","level":146,"killCount":-1,"type":"NPC","drops":[{"name":"Bones","id":526,"quantity":1,"price":59},{"name":"Monkfish","id":7946,"quantity":1,"price":402},{"name":"Monkfish","id":7946,"quantity":1,"price":402},{"name":"Monkfish","id":7946,"quantity":1,"price":402}],"date":"Jun 30, 2023, 11:09:38 AM"}
{"name":"Bree","level":146,"killCount":-1,"type":"NPC","drops":[{"name":"Bones","id":526,"quantity":1,"price":59},{"name":"Coins","id":995,"quantity":1383,"price":1}],"date":"Jun 30, 2023, 11:12:24 AM"}
{"name":"Bree","level":146,"killCount":-1,"type":"NPC","drops":[{"name":"Bones","id":526,"quantity":1,"price":59},{"name":"Coins","id":995,"quantity":1358,"price":1}],"date":"Jun 30, 2023, 11:14:58 AM"}
{"name":"Bree","level":146,"killCount":-1,"type":"NPC","drops":[{"name":"Bones","id":526,"quantity":1,"price":59},{"name":"Coins","id":995,"quantity":1374,"price":1}],"date":"Jun 30, 2023, 11:18:37 AM"}
{"name":"Bree","level":146,"killCount":-1,"type":"NPC","drops":[{"name":"Bones","id":526,"quantity":1,"price":59},{"name":"Snape grass","id":232,"quantity":5,"price":319}],"date":"Jun 30, 2023, 11:20:35 AM"}
{"name":"Bree","level":146,"killCount":-1,"type":"NPC","drops":[{"name":"Bones","id":526,"quantity":1,"price":59},{"name":"Coins","id":995,"quantity":1382,"price":1}],"date":"Jun 30, 2023, 11:23:52 AM"}
{"name":"Bree","level":146,"killCount":-1,"type":"NPC","drops":[{"name":"Bones","id":526,"quantity":1,"price":59},{"name":"Coins","id":995,"quantity":1387,"price":1}],"date":"Jun 30, 2023, 11:26:04 AM"}
{"name":"Bree","level":146,"killCount":-1,"type":"NPC","drops":[{"name":"Bones","id":526,"quantity":1,"price":59},{"name":"Snape grass","id":232,"quantity":5,"price":319}],"date":"Jun 30, 2023, 11:28:55 AM"}
{"name":"Bree","level":146,"killCount":-1,"type":"NPC","drops":[{"name":"Bones","id":526,"quantity":1,"price":59},{"name":"Unicorn horn","id":238,"quantity":6,"price":121}],"date":"Jun 30, 2023, 11:30:59 AM"}
{"name":"Bree","level":146,"killCount":-1,"type":"NPC","drops":[{"name":"Bones","id":526,"quantity":1,"price":59},{"name":"Monkfish","id":7946,"quantity":1,"price":402},{"name":"Monkfish","id":7946,"quantity":1,"price":402},{"name":"Monkfish","id":7946,"quantity":1,"price":402}],"date":"Jun 30, 2023, 11:34:09 AM"}
{"name":"Bree","level":146,"killCount":-1,"type":"NPC","drops":[{"name":"Bones","id":526,"quantity":1,"price":59},{"name":"Steel dart","id":808,"quantity":97,"price":3}],"date":"Jun 30, 2023, 11:50:31 AM"}
{"name":"Bree","level":146,"killCount":-1,"type":"NPC","drops":[{"name":"Bones","id":526,"quantity":1,"price":59},{"name":"Unicorn horn","id":238,"quantity":6,"price":121}],"date":"Jun 30, 2023, 11:53:25 AM"}
{"name":"Bree","level":146,"killCount":-1,"type":"NPC","drops":[{"name":"Bones","id":526,"quantity":1,"price":59},{"name":"Summer pie","id":7218,"quantity":1,"price":788}],"date":"Jun 30, 2023, 11:55:45 AM"}
{"name":"Bree","level":146,"killCount":-1,"type":"NPC","drops":[{"name":"Bones","id":526,"quantity":1,"price":59},{"name":"Coins","id":995,"quantity":1325,"price":1}],"date":"Jun 30, 2023, 11:58:38 AM"}
{"name":"Bree","level":146,"killCount":-1,"type":"NPC","drops":[{"name":"Bones","id":526,"quantity":1,"price":59},{"name":"Unicorn horn","id":238,"quantity":6,"price":121}],"date":"Jun 30, 2023, 12:01:15 PM"}
{"name":"Bree","level":146,"killCount":-1,"type":"NPC","drops":[{"name":"Bones","id":526,"quantity":1,"price":59},{"name":"Monkfish","id":7946,"quantity":1,"price":402},{"name":"Monkfish","id":7946,"quantity":1,"price":402},{"name":"Monkfish","id":7946,"quantity":1,"price":402}],"date":"Jun 30, 2023, 12:03:45 PM"}
{"name":"Bree","level":146,"killCount":-1,"type":"NPC","drops":[{"name":"Bones","id":526,"quantity":1,"price":59},{"name":"Coins","id":995,"quantity":1365,"price":1}],"date":"Jun 30, 2023, 12:05:59 PM"}
{"name":"Bree","level":146,"killCount":-1,"type":"NPC","drops":[{"name":"Bones","id":526,"quantity":1,"price":59},{"name":"Steel dart","id":808,"quantity":98,"price":3}],"date":"Jun 30, 2023, 12:08:17 PM"}
{"name":"Bree","level":146,"killCount":-1,"type":"NPC","drops":[{"name":"Bones","id":526,"quantity":1,"price":59},{"name":"Coins","id":995,"quantity":1369,"price":1}],"date":"Jun 30, 2023, 12:11:15 PM"}
{"name":"Bree","level":146,"killCount":-1,"type":"NPC","drops":[{"name":"Bones","id":526,"quantity":1,"price":59},{"name":"Unicorn horn","id":238,"quantity":6,"price":121}],"date":"Jun 30, 2023, 12:13:42 PM"}
{"name":"Bree","level":146,"killCount":-1,"type":"NPC","drops":[{"name":"Bones","id":526,"quantity":1,"price":59},{"name":"Coins","id":995,"quantity":1379,"price":1}],"date":"Jun 30, 2023, 12:16:40 PM"}
{"name":"Bree","level":146,"killCount":-1,"type":"NPC","drops":[{"name":"Bones","id":526,"quantity":1,"price":59},{"name":"Coins","id":995,"quantity":1309,"price":1}],"date":"Jun 30, 2023, 12:18:48 PM"}
{"name":"Bree","level":146,"killCount":-1,"type":"NPC","drops":[{"name":"Bones","id":526,"quantity":1,"price":59},{"name":"Coins","id":995,"quantity":1349,"price":1}],"date":"Jun 30, 2023, 12:20:44 PM"}
{"name":"Bree","level":146,"killCount":-1,"type":"NPC","drops":[{"name":"Bones","id":526,"quantity":1,"price":59},{"name":"Monkfish","id":7946,"quantity":1,"price":402},{"name":"Monkfish","id":7946,"quantity":1,"price":402},{"name":"Monkfish","id":7946,"quantity":1,"price":402}],"date":"Jun 30, 2023, 12:23:27 PM"}
{"name":"Bree","level":146,"killCount":-1,"type":"NPC","drops":[{"name":"Bones","id":526,"quantity":1,"price":59},{"name":"Coins","id":995,"quantity":1319,"price":1}],"date":"Jun 30, 2023, 12:25:54 PM"}
{"name":"Bree","level":146,"killCount":-1,"type":"NPC","drops":[{"name":"Bones","id":526,"quantity":1,"price":59},{"name":"Snape grass","id":232,"quantity":5,"price":319}],"date":"Jun 30, 2023, 12:28:09 PM"}
{"name":"Bree","level":146,"killCount":-1,"type":"NPC","drops":[{"name":"Bones","id":526,"quantity":1,"price":59},{"name":"Monkfish","id":7946,"quantity":1,"price":402},{"name":"Monkfish","id":7946,"quantity":1,"price":402},{"name":"Monkfish","id":7946,"quantity":1,"price":402}],"date":"Jun 30, 2023, 12:30:41 PM"}
{"name":"Bree","level":146,"killCount":-1,"type":"NPC","drops":[{"name":"Bones","id":526,"quantity":1,"price":59},{"name":"Grimy ranarr weed","id":208,"quantity":1,"price":5808}],"date":"Jun 30, 2023, 12:33:23 PM"}
{"name":"Bree","level":146,"killCount":-1,"type":"NPC","drops":[{"name":"Bones","id":526,"quantity":1,"price":59},{"name":"Steel dart","id":808,"quantity":95,"price":3}],"date":"Jun 30, 2023, 12:36:03 PM"}
{"name":"Bree","level":146,"killCount":-1,"type":"NPC","drops":[{"name":"Bones","id":526,"quantity":1,"price":59},{"name":"Snape grass","id":232,"quantity":5,"price":319}],"date":"Jun 30, 2023, 12:38:13 PM"}
{"name":"Bree","level":146,"killCount":-1,"type":"NPC","drops":[{"name":"Bones","id":526,"quantity":1,"price":59},{"name":"Grimy ranarr weed","id":208,"quantity":1,"price":5808}],"date":"Jun 30, 2023, 12:40:43 PM"}
{"name":"Bree","level":146,"killCount":-1,"type":"NPC","drops":[{"name":"Bones","id":526,"quantity":1,"price":59},{"name":"Coins","id":995,"quantity":1373,"price":1}],"date":"Jun 30, 2023, 12:43:38 PM"}
{"name":"Bree","level":146,"killCount":-1,"type":"NPC","drops":[{"name":"Bones","id":526,"quantity":1,"price":59},{"name":"Coins","id":995,"quantity":1364,"price":1}],"date":"Jun 30, 2023, 12:45:42 PM"}
{"name":"Bree","level":146,"killCount":-1,"type":"NPC","drops":[{"name":"Bones","id":526,"quantity":1,"price":59},{"name":"Coins","id":995,"quantity":1358,"price":1}],"date":"Jun 30, 2023, 12:50:07 PM"}
{"name":"Bree","level":146,"killCount":-1,"type":"NPC","drops":[{"name":"Bones","id":526,"quantity":1,"price":59},{"name":"Grimy ranarr weed","id":208,"quantity":1,"price":5808}],"date":"Jun 30, 2023, 12:53:09 PM"}
{"name":"Bree","level":146,"killCount":-1,"type":"NPC","drops":[{"name":"Bones","id":526,"quantity":1,"price":59},{"name":"Snape grass","id":232,"quantity":5,"price":319}],"date":"Jun 30, 2023, 1:09:22 PM"}
{"name":"Bree","level":146,"killCount":-1,"type":"NPC","drops":[{"name":"Bones","id":526,"quantity":1,"price":59},{"name":"Monkfish","id":7946,"quantity":1,"price":402},{"name":"Monkfish","id":7946,"quantity":1,"price":402},{"name":"Monkfish","id":7946,"quantity":1,"price":402}],"date":"Jun 30, 2023, 1:11:54 PM"}
{"name":"Bree","level":146,"killCount":-1,"type":"NPC","drops":[{"name":"Bones","id":526,"quantity":1,"price":59},{"name":"Snape grass","id":232,"quantity":5,"price":319}],"date":"Jun 30, 2023, 1:14:43 PM"}
{"name":"Bree","level":146,"killCount":-1,"type":"NPC","drops":[{"name":"Bones","id":526,"quantity":1,"price":59},{"name":"Coins","id":995,"quantity":1308,"price":1}],"date":"Jun 30, 2023, 1:16:58 PM"}
{"name":"Bree","level":146,"killCount":-1,"type":"NPC","drops":[{"name":"Bones","id":526,"quantity":1,"price":59},{"name":"Coins","id":995,"quantity":1387,"price":1}],"date":"Jun 30, 2023, 1:19:31 PM"}
{"name":"Bree","level":146,"killCount":-1,"type":"NPC","drops":[{"name":"Bones","id":526,"quantity":1,"price":59},{"name":"Coins","id":995,"quantity":1319,"price":1}],"date":"Jun 30, 2023, 1:21:50 PM"}
{"name":"Bree","level":146,"killCount":-1,"type":"NPC","drops":[{"name":"Bones","id":526,"quantity":1,"price":59},{"name":"Steel arrow","id":886,"quantity":97,"price":16}],"date":"Jun 30, 2023, 1:24:36 PM"}
{"name":"Bree","level":146,"killCount":-1,"type":"NPC","drops":[{"name":"Bones","id":526,"quantity":1,"price":59},{"name":"Unicorn horn","id":238,"quantity":6,"price":121}],"date":"Jun 30, 2023, 1:26:58 PM"}
{"name":"Bree","level":146,"killCount":-1,"type":"NPC","drops":[{"name":"Bones","id":526,"quantity":1,"price":59},{"name":"Unicorn horn","id":238,"quantity":6,"price":121}],"date":"Jun 30, 2023, 1:29:29 PM"}
{"name":"Bree","level":146,"killCount":-1,"type":"NPC","drops":[{"name":"Bones","id":526,"quantity":1,"price":59},{"name":"Steel dart","id":808,"quantity":98,"price":3}],"date":"Jun 30, 2023, 1:32:44 PM"}
{"name":"Bree","level":146,"killCount":-1,"type":"NPC","drops":[{"name":"Bones","id":526,"quantity":1,"price":59},{"name":"Grimy ranarr weed","id":208,"quantity":1,"price":5808}],"date":"Jun 30, 2023, 1:35:09 PM"}
{"name":"Bree","level":146,"killCount":-1,"type":"NPC","drops":[{"name":"Bones","id":526,"quantity":1,"price":59},{"name":"Coins","id":995,"quantity":1306,"price":1}],"date":"Jun 30, 2023, 1:38:11 PM"}
{"name":"Bree","level":146,"killCount":-1,"type":"NPC","drops":[{"name":"Bones","id":526,"quantity":1,"price":59},{"name":"Coins","id":995,"quantity":1352,"price":1}],"date":"Jun 30, 2023, 1:40:45 PM"}
{"name":"Bree","level":146,"killCount":-1,"type":"NPC","drops":[{"name":"Bones","id":526,"quantity":1,"price":59},{"name":"Coins","id":995,"quantity":1390,"price":1}],"date":"Jun 30, 2023, 1:43:23 PM"}
{"name":"Bree","level":146,"killCount":-1,"type":"NPC","drops":[{"name":"Bones","id":526,"quantity":1,"price":59},{"name":"Coins","id":995,"quantity":1384,"price":1}],"date":"Jun 30, 2023, 1:46:48 PM"}
{"name":"Bree","level":146,"killCount":-1,"type":"NPC","drops":[{"name":"Bones","id":526,"quantity":1,"price":59},{"name":"Steel arrow","id":886,"quantity":97,"price":16}],"date":"Jun 30, 2023, 1:48:54 PM"}
{"name":"Bree","level":146,"killCount":-1,"type":"NPC","drops":[{"name":"Bones","id":526,"quantity":1,"price":59},{"name":"Unicorn horn","id":238,"quantity":6,"price":121}],"date":"Jun 30, 2023, 1:51:28 PM"}
{"name":"Bree","level":146,"killCount":-1,"type":"NPC","drops":[{"name":"Bones","id":526,"quantity":1,"price":59},{"name":"Coins","id":995,"quantity":1362,"price":1}],"date":"Jun 30, 2023, 1:54:48 PM"}
{"name":"Bree","level":146,"killCount":-1,"type":"NPC","drops":[{"name":"Bones","id":526,"quantity":1,"price":59},{"name":"Coins","id":995,"quantity":1343,"price":1}],"date":"Jun 30, 2023, 1:57:42 PM"}
{"name":"Bree","level":146,"killCount":-1,"type":"NPC","drops":[{"name":"Bones","id":526,"quantity":1,"price":59},{"name":"Steel dart","id":808,"quantity":97,"price":3}],"date":"Jun 30, 2023, 2:00:00 PM"}
{"name":"Bree","level":146,"killCount":-1,"type":"NPC","drops":[{"name":"Bones","id":526,"quantity":1,"price":59},{"name":"Coins","id":995,"quantity":1335,"price":1}],"date":"Jun 30, 2023, 2:03:28 PM"}
{"name":"Bree","level":146,"killCount":-1,"type":"NPC","drops":[{"name":"Bones","id":526,"quantity":1,"price":59},{"name":"Coins","id":995,"quantity":1346,"price":1}],"date":"Jun 30, 2023, 2:06:17 PM"}
{"name":"Bree","level":146,"killCount":-1,"type":"NPC","drops":[{"name":"Bones","id":526,"quantity":1,"price":59},{"name":"Coins","id":995,"quantity":1328,"price":1}],"date":"Jun 30, 2023, 2:08:42 PM"}
{"name":"Bree","level":146,"killCount":-1,"type":"NPC","drops":[{"name":"Bones","id":526,"quantity":1,"price":59},{"name":"Coins","id":995,"quantity":1322,"price":1}],"date":"Jun 30, 2023, 2:11:28 PM"}
{"name":"Bree","level":146,"killCount":-1,"type":"NPC","drops":[{"name":"Bones","id":526,"quantity":1,"price":59},{"name":"Summer pie","id":7218,"quantity":1,"price":788}],"date":"Jun 30, 2023, 2:13:39 PM"}
