{"name":"Brine rat","level":70,"killCount":-1,"type":"NPC","drops":[{"name":"Raw rat meat","id":2134,"quantity":1,"price":276},{"name":"Coins","id":995,"quantity":2,"price":1}],"date":"May 22, 2022, 8:49:39 PM"}
{"name":"Brine rat","level":70,"killCount":-1,"type":"NPC","drops":[{"name":"Raw rat meat","id":2134,"quantity":1,"price":276},{"name":"Raw shark","id":384,"quantity":3,"price":710}],"date":"May 22, 2022, 8:49:44 PM"}
{"name":"Brine rat","level":70,"killCount":-1,"type":"NPC","drops":[{"name":"Raw rat meat","id":2134,"quantity":1,"price":276},{"name":"Raw lobster","id":378,"quantity":10,"price":155}],"date":"May 22, 2022, 8:49:47 PM"}
{"name":"Brine rat","level":70,"killCount":-1,"type":"NPC","drops":[{"name":"Raw rat meat","id":2134,"quantity":1,"price":276}],"date":"May 22, 2022, 8:49:52 PM"}
{"name":"Brine rat","level":70,"killCount":-1,"type":"NPC","drops":[{"name":"Raw rat meat","id":2134,"quantity":1,"price":276},{"name":"Raw lobster","id":378,"quantity":10,"price":155}],"date":"May 22, 2022, 8:49:53 PM"}
{"name":"Brine rat","level":70,"killCount":-1,"type":"NPC","drops":[{"name":"Raw rat meat","id":2134,"quantity":1,"price":276},{"name":"Death rune","id":560,"quantity":7,"price":191}],"date":"May 22, 2022, 8:50:01 PM"}
{"name":"Brine rat","level":70,"killCount":-1,"type":"NPC","drops":[{"name":"Raw rat meat","id":2134,"quantity":1,"price":276},{"name":"Death rune","id":560,"quantity":7,"price":191}],"date":"May 22, 2022, 8:50:06 PM"}
{"name":"Brine rat","level":70,"killCount":-1,"type":"NPC","drops":[{"name":"Raw rat meat","id":2134,"quantity":1,"price":276}],"date":"May 22, 2022, 8:50:13 PM"}
{"name":"Brine rat","level":70,"killCount":-1,"type":"NPC","drops":[{"name":"Raw rat meat","id":2134,"quantity":1,"price":276},{"name":"Death rune","id":560,"quantity":7,"price":191}],"date":"May 22, 2022, 8:50:20 PM"}
{"name":"Brine rat","level":70,"killCount":-1,"type":"NPC","drops":[{"name":"Raw rat meat","id":2134,"quantity":1,"price":276},{"name":"Raw pike","id":350,"quantity":18,"price":90}],"date":"May 22, 2022, 8:50:27 PM"}
{"name":"Brine rat","level":70,"killCount":-1,"type":"NPC","drops":[{"name":"Raw rat meat","id":2134,"quantity":1,"price":276},{"name":"Coins","id":995,"quantity":1,"price":1}],"date":"May 22, 2022, 8:50:37 PM"}
{"name":"Brine rat","level":70,"killCount":-1,"type":"NPC","drops":[{"name":"Raw rat meat","id":2134,"quantity":1,"price":276}],"date":"May 22, 2022, 8:50:52 PM"}
{"name":"Brine rat","level":70,"killCount":-1,"type":"NPC","drops":[{"name":"Raw rat meat","id":2134,"quantity":1,"price":276},{"name":"Raw shark","id":384,"quantity":8,"price":710}],"date":"May 22, 2022, 8:50:56 PM"}
{"name":"Brine rat","level":70,"killCount":-1,"type":"NPC","drops":[{"name":"Raw rat meat","id":2134,"quantity":1,"price":276},{"name":"Death rune","id":560,"quantity":7,"price":191}],"date":"May 22, 2022, 8:51:02 PM"}
{"name":"Brine rat","level":70,"killCount":-1,"type":"NPC","drops":[{"name":"Raw rat meat","id":2134,"quantity":1,"price":276},{"name":"Coins","id":995,"quantity":1,"price":1}],"date":"May 22, 2022, 8:51:04 PM"}
{"name":"Brine rat","level":70,"killCount":-1,"type":"NPC","drops":[{"name":"Raw rat meat","id":2134,"quantity":1,"price":276},{"name":"Raw shark","id":384,"quantity":3,"price":710}],"date":"May 22, 2022, 8:51:09 PM"}
{"name":"Brine rat","level":70,"killCount":-1,"type":"NPC","drops":[{"name":"Raw rat meat","id":2134,"quantity":1,"price":276},{"name":"Coins","id":995,"quantity":4,"price":1}],"date":"May 22, 2022, 8:51:15 PM"}
{"name":"Brine rat","level":70,"killCount":-1,"type":"NPC","drops":[{"name":"Raw rat meat","id":2134,"quantity":1,"price":276},{"name":"Death rune","id":560,"quantity":7,"price":191}],"date":"May 22, 2022, 8:51:23 PM"}
{"name":"Brine rat","level":70,"killCount":-1,"type":"NPC","drops":[{"name":"Raw rat meat","id":2134,"quantity":1,"price":276},{"name":"Coins","id":995,"quantity":4,"price":1}],"date":"May 22, 2022, 8:51:28 PM"}
{"name":"Brine rat","level":70,"killCount":-1,"type":"NPC","drops":[{"name":"Raw rat meat","id":2134,"quantity":1,"price":276}],"date":"May 22, 2022, 8:51:30 PM"}
{"name":"Brine rat","level":70,"killCount":-1,"type":"NPC","drops":[{"name":"Raw rat meat","id":2134,"quantity":1,"price":276},{"name":"Water rune","id":555,"quantity":10,"price":4}],"date":"May 22, 2022, 8:51:34 PM"}
{"name":"Brine rat","level":70,"killCount":-1,"type":"NPC","drops":[{"name":"Raw rat meat","id":2134,"quantity":1,"price":276},{"name":"Death rune","id":560,"quantity":7,"price":191}],"date":"May 22, 2022, 8:51:39 PM"}
{"name":"Brine rat","level":70,"killCount":-1,"type":"NPC","drops":[{"name":"Raw rat meat","id":2134,"quantity":1,"price":276},{"name":"Water talisman","id":1444,"quantity":1,"price":355}],"date":"May 22, 2022, 8:51:44 PM"}
{"name":"Brine rat","level":70,"killCount":-1,"type":"NPC","drops":[{"name":"Raw rat meat","id":2134,"quantity":1,"price":276}],"date":"May 22, 2022, 8:51:52 PM"}
{"name":"Brine rat","level":70,"killCount":-1,"type":"NPC","drops":[{"name":"Raw rat meat","id":2134,"quantity":1,"price":276},{"name":"Coins","id":995,"quantity":2,"price":1}],"date":"May 22, 2022, 8:52:01 PM"}
{"name":"Brine rat","level":70,"killCount":-1,"type":"NPC","drops":[{"name":"Raw rat meat","id":2134,"quantity":1,"price":276},{"name":"Coins","id":995,"quantity":4,"price":1}],"date":"May 22, 2022, 8:52:07 PM"}
{"name":"Brine rat","level":70,"killCount":-1,"type":"NPC","drops":[{"name":"Raw rat meat","id":2134,"quantity":1,"price":276},{"name":"Coins","id":995,"quantity":2,"price":1}],"date":"May 22, 2022, 8:52:08 PM"}
{"name":"Brine rat","level":70,"killCount":-1,"type":"NPC","drops":[{"name":"Raw rat meat","id":2134,"quantity":1,"price":276},{"name":"Coins","id":995,"quantity":1,"price":1}],"date":"May 22, 2022, 8:52:12 PM"}
{"name":"Brine rat","level":70,"killCount":-1,"type":"NPC","drops":[{"name":"Raw rat meat","id":2134,"quantity":1,"price":276},{"name":"Coins","id":995,"quantity":1,"price":1}],"date":"May 22, 2022, 8:52:18 PM"}
{"name":"Brine rat","level":70,"killCount":-1,"type":"NPC","drops":[{"name":"Raw rat meat","id":2134,"quantity":1,"price":276},{"name":"Coins","id":995,"quantity":2,"price":1}],"date":"May 22, 2022, 8:52:25 PM"}
{"name":"Brine rat","level":70,"killCount":-1,"type":"NPC","drops":[{"name":"Raw rat meat","id":2134,"quantity":1,"price":276},{"name":"Coins","id":995,"quantity":2,"price":1}],"date":"May 22, 2022, 8:52:39 PM"}
{"name":"Brine rat","level":70,"killCount":-1,"type":"NPC","drops":[{"name":"Raw rat meat","id":2134,"quantity":1,"price":276},{"name":"Coins","id":995,"quantity":2,"price":1}],"date":"May 22, 2022, 8:52:49 PM"}
{"name":"Brine rat","level":70,"killCount":-1,"type":"NPC","drops":[{"name":"Raw rat meat","id":2134,"quantity":1,"price":276},{"name":"Water talisman","id":1444,"quantity":1,"price":355}],"date":"May 22, 2022, 8:52:56 PM"}
{"name":"Brine rat","level":70,"killCount":-1,"type":"NPC","drops":[{"name":"Raw rat meat","id":2134,"quantity":1,"price":276},{"name":"Raw lobster","id":378,"quantity":10,"price":155}],"date":"May 22, 2022, 8:53:01 PM"}
{"name":"Brine rat","level":70,"killCount":-1,"type":"NPC","drops":[{"name":"Raw rat meat","id":2134,"quantity":1,"price":276},{"name":"Death rune","id":560,"quantity":7,"price":191}],"date":"May 22, 2022, 8:53:04 PM"}
{"name":"Brine rat","level":70,"killCount":-1,"type":"NPC","drops":[{"name":"Brimstone key","id":23083,"quantity":1,"price":0},{"name":"Raw rat meat","id":2134,"quantity":1,"price":276},{"name":"Earth rune","id":557,"quantity":10,"price":4}],"date":"May 22, 2022, 8:53:10 PM"}
{"name":"Brine rat","level":70,"killCount":-1,"type":"NPC","drops":[{"name":"Raw rat meat","id":2134,"quantity":1,"price":276},{"name":"Coins","id":995,"quantity":2,"price":1}],"date":"May 22, 2022, 8:53:16 PM"}
{"name":"Brine rat","level":70,"killCount":-1,"type":"NPC","drops":[{"name":"Raw rat meat","id":2134,"quantity":1,"price":276},{"name":"Water talisman","id":1444,"quantity":1,"price":355}],"date":"May 22, 2022, 8:53:19 PM"}
{"name":"Brine rat","level":70,"killCount":-1,"type":"NPC","drops":[{"name":"Raw rat meat","id":2134,"quantity":1,"price":276},{"name":"Death rune","id":560,"quantity":7,"price":191}],"date":"May 22, 2022, 8:53:25 PM"}
{"name":"Brine rat","level":70,"killCount":-1,"type":"NPC","drops":[{"name":"Raw rat meat","id":2134,"quantity":1,"price":276},{"name":"Death rune","id":560,"quantity":7,"price":191}],"date":"May 22, 2022, 8:53:30 PM"}
{"name":"Brine rat","level":70,"killCount":-1,"type":"NPC","drops":[{"name":"Raw rat meat","id":2134,"quantity":1,"price":276},{"name":"Coins","id":995,"quantity":1,"price":1}],"date":"May 22, 2022, 8:53:34 PM"}
{"name":"Brine rat","level":70,"killCount":-1,"type":"NPC","drops":[{"name":"Raw rat meat","id":2134,"quantity":1,"price":276},{"name":"Coins","id":995,"quantity":2,"price":1}],"date":"May 22, 2022, 8:53:42 PM"}
{"name":"Brine rat","level":70,"killCount":-1,"type":"NPC","drops":[{"name":"Raw rat meat","id":2134,"quantity":1,"price":276},{"name":"Death rune","id":560,"quantity":7,"price":191}],"date":"May 22, 2022, 8:53:48 PM"}
{"name":"Brine rat","level":70,"killCount":-1,"type":"NPC","drops":[{"name":"Raw rat meat","id":2134,"quantity":1,"price":276},{"name":"Death rune","id":560,"quantity":7,"price":191}],"date":"May 22, 2022, 8:53:57 PM"}
{"name":"Brine rat","level":70,"killCount":-1,"type":"NPC","drops":[{"name":"Raw rat meat","id":2134,"quantity":1,"price":276},{"name":"Raw rat meat","id":2135,"quantity":18,"price":276}],"date":"May 22, 2022, 8:54:02 PM"}
{"name":"Brine rat","level":70,"killCount":-1,"type":"NPC","drops":[{"name":"Raw rat meat","id":2134,"quantity":1,"price":276},{"name":"Earth rune","id":557,"quantity":36,"price":4}],"date":"May 22, 2022, 8:54:09 PM"}
{"name":"Brine rat","level":70,"killCount":-1,"type":"NPC","drops":[{"name":"Raw rat meat","id":2134,"quantity":1,"price":276},{"name":"Clue scroll (medium)","id":7304,"quantity":1,"price":0},{"name":"Earth rune","id":557,"quantity":36,"price":4}],"date":"May 22, 2022, 8:54:16 PM"}
{"name":"Brine rat","level":70,"killCount":-1,"type":"NPC","drops":[{"name":"Raw rat meat","id":2134,"quantity":1,"price":276}],"date":"May 22, 2022, 8:54:21 PM"}
{"name":"Brine rat","level":70,"killCount":-1,"type":"NPC","drops":[{"name":"Raw rat meat","id":2134,"quantity":1,"price":276},{"name":"Raw shark","id":384,"quantity":3,"price":710}],"date":"May 22, 2022, 8:54:31 PM"}
{"name":"Brine rat","level":70,"killCount":-1,"type":"NPC","drops":[{"name":"Raw rat meat","id":2134,"quantity":1,"price":276},{"name":"Coins","id":995,"quantity":1,"price":1}],"date":"May 22, 2022, 8:54:39 PM"}
{"name":"Brine rat","level":70,"killCount":-1,"type":"NPC","drops":[{"name":"Raw rat meat","id":2134,"quantity":1,"price":276},{"name":"Death rune","id":560,"quantity":7,"price":191}],"date":"May 22, 2022, 8:54:45 PM"}
{"name":"Brine rat","level":70,"killCount":-1,"type":"NPC","drops":[{"name":"Raw rat meat","id":2134,"quantity":1,"price":276},{"name":"Coins","id":995,"quantity":2,"price":1}],"date":"May 22, 2022, 8:55:01 PM"}
{"name":"Brine rat","level":70,"killCount":-1,"type":"NPC","drops":[{"name":"Raw rat meat","id":2134,"quantity":1,"price":276},{"name":"Coins","id":995,"quantity":2,"price":1}],"date":"May 22, 2022, 8:55:04 PM"}
{"name":"Brine rat","level":70,"killCount":-1,"type":"NPC","drops":[{"name":"Raw rat meat","id":2134,"quantity":1,"price":276},{"name":"Raw lobster","id":378,"quantity":10,"price":155}],"date":"May 22, 2022, 8:55:09 PM"}
{"name":"Brine rat","level":70,"killCount":-1,"type":"NPC","drops":[{"name":"Raw rat meat","id":2134,"quantity":1,"price":276},{"name":"Death rune","id":560,"quantity":7,"price":191}],"date":"May 22, 2022, 8:55:11 PM"}
{"name":"Brine rat","level":70,"killCount":-1,"type":"NPC","drops":[{"name":"Raw rat meat","id":2134,"quantity":1,"price":276},{"name":"Water rune","id":555,"quantity":18,"price":4}],"date":"May 22, 2022, 8:55:15 PM"}
{"name":"Brine rat","level":70,"killCount":-1,"type":"NPC","drops":[{"name":"Raw rat meat","id":2134,"quantity":1,"price":276},{"name":"Water rune","id":555,"quantity":18,"price":4}],"date":"May 22, 2022, 8:55:19 PM"}
{"name":"Brine rat","level":70,"killCount":-1,"type":"NPC","drops":[{"name":"Raw rat meat","id":2134,"quantity":1,"price":276},{"name":"Death rune","id":560,"quantity":7,"price":191}],"date":"May 22, 2022, 8:55:26 PM"}
{"name":"Brine rat","level":70,"killCount":-1,"type":"NPC","drops":[{"name":"Raw rat meat","id":2134,"quantity":1,"price":276},{"name":"Death rune","id":560,"quantity":7,"price":191}],"date":"May 22, 2022, 8:55:33 PM"}
{"name":"Brine rat","level":70,"killCount":-1,"type":"NPC","drops":[{"name":"Raw rat meat","id":2134,"quantity":1,"price":276},{"name":"Coins","id":995,"quantity":4,"price":1}],"date":"May 22, 2022, 8:55:38 PM"}
{"name":"Brine rat","level":70,"killCount":-1,"type":"NPC","drops":[{"name":"Raw rat meat","id":2134,"quantity":1,"price":276},{"name":"Earth rune","id":557,"quantity":36,"price":4}],"date":"May 22, 2022, 8:55:45 PM"}
{"name":"Brine rat","level":70,"killCount":-1,"type":"NPC","drops":[{"name":"Raw rat meat","id":2134,"quantity":1,"price":276},{"name":"Coins","id":995,"quantity":1,"price":1}],"date":"May 22, 2022, 8:55:48 PM"}
{"name":"Brine rat","level":70,"killCount":-1,"type":"NPC","drops":[{"name":"Raw rat meat","id":2134,"quantity":1,"price":276},{"name":"Earth rune","id":557,"quantity":10,"price":4}],"date":"May 22, 2022, 8:55:54 PM"}
{"name":"Brine rat","level":70,"killCount":-1,"type":"NPC","drops":[{"name":"Raw rat meat","id":2134,"quantity":1,"price":276},{"name":"Coins","id":995,"quantity":29,"price":1}],"date":"May 22, 2022, 8:56:05 PM"}
{"name":"Brine rat","level":70,"killCount":-1,"type":"NPC","drops":[{"name":"Raw rat meat","id":2134,"quantity":1,"price":276},{"name":"Death rune","id":560,"quantity":7,"price":191}],"date":"May 22, 2022, 8:56:10 PM"}
{"name":"Brine rat","level":70,"killCount":-1,"type":"NPC","drops":[{"name":"Raw rat meat","id":2134,"quantity":1,"price":276},{"name":"Raw shark","id":384,"quantity":3,"price":710}],"date":"May 22, 2022, 8:56:20 PM"}
{"name":"Brine rat","level":70,"killCount":-1,"type":"NPC","drops":[{"name":"Raw rat meat","id":2134,"quantity":1,"price":276},{"name":"Water rune","id":555,"quantity":18,"price":4}],"date":"May 22, 2022, 8:56:25 PM"}
{"name":"Brine rat","level":70,"killCount":-1,"type":"NPC","drops":[{"name":"Raw rat meat","id":2134,"quantity":1,"price":276},{"name":"Coins","id":995,"quantity":4,"price":1}],"date":"May 22, 2022, 8:56:30 PM"}
{"name":"Brine rat","level":70,"killCount":-1,"type":"NPC","drops":[{"name":"Raw rat meat","id":2134,"quantity":1,"price":276},{"name":"Coins","id":995,"quantity":1,"price":1}],"date":"May 22, 2022, 8:56:34 PM"}
{"name":"Brine rat","level":70,"killCount":-1,"type":"NPC","drops":[{"name":"Raw rat meat","id":2134,"quantity":1,"price":276},{"name":"Coins","id":995,"quantity":1,"price":1}],"date":"May 22, 2022, 8:56:35 PM"}
{"name":"Brine rat","level":70,"killCount":-1,"type":"NPC","drops":[{"name":"Raw rat meat","id":2134,"quantity":1,"price":276},{"name":"Death rune","id":560,"quantity":7,"price":191}],"date":"May 22, 2022, 8:56:46 PM"}
{"name":"Brine rat","level":70,"killCount":-1,"type":"NPC","drops":[{"name":"Raw rat meat","id":2134,"quantity":1,"price":276},{"name":"Coins","id":995,"quantity":4,"price":1}],"date":"May 22, 2022, 8:56:55 PM"}
{"name":"Brine rat","level":70,"killCount":-1,"type":"NPC","drops":[{"name":"Raw rat meat","id":2134,"quantity":1,"price":276},{"name":"Air rune","id":556,"quantity":18,"price":5}],"date":"May 22, 2022, 8:57:04 PM"}
{"name":"Brine rat","level":70,"killCount":-1,"type":"NPC","drops":[{"name":"Raw rat meat","id":2134,"quantity":1,"price":276},{"name":"Water talisman","id":1444,"quantity":1,"price":355}],"date":"May 22, 2022, 8:57:09 PM"}
{"name":"Brine rat","level":70,"killCount":-1,"type":"NPC","drops":[{"name":"Raw rat meat","id":2134,"quantity":1,"price":276},{"name":"Raw rat meat","id":2135,"quantity":18,"price":276}],"date":"May 22, 2022, 8:57:12 PM"}
{"name":"Brine rat","level":70,"killCount":-1,"type":"NPC","drops":[{"name":"Raw rat meat","id":2134,"quantity":1,"price":276},{"name":"Death rune","id":560,"quantity":7,"price":191}],"date":"May 22, 2022, 8:57:21 PM"}
{"name":"Brine rat","level":70,"killCount":-1,"type":"NPC","drops":[{"name":"Raw rat meat","id":2134,"quantity":1,"price":276},{"name":"Raw lobster","id":378,"quantity":10,"price":155}],"date":"May 22, 2022, 8:57:28 PM"}
{"name":"Brine rat","level":70,"killCount":-1,"type":"NPC","drops":[{"name":"Raw rat meat","id":2134,"quantity":1,"price":276},{"name":"Raw lobster","id":378,"quantity":10,"price":155}],"date":"May 22, 2022, 8:57:31 PM"}
{"name":"Brine rat","level":70,"killCount":-1,"type":"NPC","drops":[{"name":"Raw rat meat","id":2134,"quantity":1,"price":276}],"date":"May 22, 2022, 8:57:39 PM"}
{"name":"Brine rat","level":70,"killCount":-1,"type":"NPC","drops":[{"name":"Raw rat meat","id":2134,"quantity":1,"price":276},{"name":"Death rune","id":560,"quantity":7,"price":191}],"date":"May 22, 2022, 8:57:51 PM"}
{"name":"Brine rat","level":70,"killCount":-1,"type":"NPC","drops":[{"name":"Raw rat meat","id":2134,"quantity":1,"price":276},{"name":"Coins","id":995,"quantity":2,"price":1}],"date":"May 22, 2022, 8:57:58 PM"}
{"name":"Brine rat","level":70,"killCount":-1,"type":"NPC","drops":[{"name":"Raw rat meat","id":2134,"quantity":1,"price":276},{"name":"Water rune","id":555,"quantity":10,"price":4}],"date":"May 22, 2022, 8:58:02 PM"}
{"name":"Brine rat","level":70,"killCount":-1,"type":"NPC","drops":[{"name":"Raw rat meat","id":2134,"quantity":1,"price":276},{"name":"Coins","id":995,"quantity":1,"price":1}],"date":"May 22, 2022, 8:58:12 PM"}
{"name":"Brine rat","level":70,"killCount":-1,"type":"NPC","drops":[{"name":"Raw rat meat","id":2134,"quantity":1,"price":276},{"name":"Coins","id":995,"quantity":2,"price":1}],"date":"May 22, 2022, 8:58:22 PM"}
{"name":"Brine rat","level":70,"killCount":-1,"type":"NPC","drops":[{"name":"Raw rat meat","id":2134,"quantity":1,"price":276},{"name":"Earth rune","id":557,"quantity":18,"price":4}],"date":"May 22, 2022, 8:58:30 PM"}
{"name":"Brine rat","level":70,"killCount":-1,"type":"NPC","drops":[{"name":"Raw rat meat","id":2134,"quantity":1,"price":276},{"name":"Coins","id":995,"quantity":2,"price":1}],"date":"May 22, 2022, 8:58:37 PM"}
{"name":"Brine rat","level":70,"killCount":-1,"type":"NPC","drops":[{"name":"Raw rat meat","id":2134,"quantity":1,"price":276},{"name":"Coins","id":995,"quantity":1,"price":1}],"date":"May 22, 2022, 8:58:48 PM"}
{"name":"Brine rat","level":70,"killCount":-1,"type":"NPC","drops":[{"name":"Raw rat meat","id":2134,"quantity":1,"price":276},{"name":"Raw shark","id":384,"quantity":3,"price":710}],"date":"May 22, 2022, 8:58:58 PM"}
{"name":"Brine rat","level":70,"killCount":-1,"type":"NPC","drops":[{"name":"Raw rat meat","id":2134,"quantity":1,"price":276},{"name":"Raw shark","id":384,"quantity":8,"price":710}],"date":"May 22, 2022, 8:59:12 PM"}
{"name":"Brine rat","level":70,"killCount":-1,"type":"NPC","drops":[{"name":"Raw rat meat","id":2134,"quantity":1,"price":276},{"name":"Raw lobster","id":378,"quantity":10,"price":155}],"date":"May 22, 2022, 8:59:28 PM"}
{"name":"Brine rat","level":70,"killCount":-1,"type":"NPC","drops":[{"name":"Raw rat meat","id":2134,"quantity":1,"price":276},{"name":"Death rune","id":560,"quantity":7,"price":191}],"date":"May 22, 2022, 8:59:45 PM"}
{"name":"Brine rat","level":70,"killCount":-1,"type":"NPC","drops":[{"name":"Raw rat meat","id":2134,"quantity":1,"price":276},{"name":"Earth rune","id":557,"quantity":10,"price":4}],"date":"May 22, 2022, 8:59:55 PM"}
{"name":"Brine rat","level":70,"killCount":-1,"type":"NPC","drops":[{"name":"Raw rat meat","id":2134,"quantity":1,"price":276},{"name":"Earth rune","id":557,"quantity":18,"price":4}],"date":"May 22, 2022, 9:00:07 PM"}
{"name":"Brine rat","level":70,"killCount":-1,"type":"NPC","drops":[{"name":"Raw rat meat","id":2134,"quantity":1,"price":276},{"name":"Raw shark","id":384,"quantity":3,"price":710}],"date":"May 22, 2022, 9:00:36 PM"}
{"name":"Brine rat","level":70,"killCount":-1,"type":"NPC","drops":[{"name":"Raw rat meat","id":2134,"quantity":1,"price":276},{"name":"Water rune","id":555,"quantity":18,"price":4}],"date":"May 22, 2022, 9:00:43 PM"}
{"name":"Brine rat","level":70,"killCount":-1,"type":"NPC","drops":[{"name":"Raw rat meat","id":2134,"quantity":1,"price":276},{"name":"Coins","id":995,"quantity":1,"price":1}],"date":"May 22, 2022, 9:00:49 PM"}
{"name":"Brine rat","level":70,"killCount":-1,"type":"NPC","drops":[{"name":"Raw rat meat","id":2134,"quantity":1,"price":276},{"name":"Coins","id":995,"quantity":2,"price":1}],"date":"May 22, 2022, 9:01:07 PM"}
{"name":"Brine rat","level":70,"killCount":-1,"type":"NPC","drops":[{"name":"Raw rat meat","id":2134,"quantity":1,"price":276},{"name":"Coins","id":995,"quantity":2,"price":1}],"date":"May 22, 2022, 9:01:15 PM"}
{"name":"Brine rat","level":70,"killCount":-1,"type":"NPC","drops":[{"name":"Raw rat meat","id":2134,"quantity":1,"price":276},{"name":"Coins","id":995,"quantity":2,"price":1}],"date":"May 22, 2022, 9:01:24 PM"}
{"name":"Brine rat","level":70,"killCount":-1,"type":"NPC","drops":[{"name":"Raw rat meat","id":2134,"quantity":1,"price":276},{"name":"Coins","id":995,"quantity":1,"price":1}],"date":"May 22, 2022, 9:01:27 PM"}
{"name":"Brine rat","level":70,"killCount":-1,"type":"NPC","drops":[{"name":"Raw rat meat","id":2134,"quantity":1,"price":311},{"name":"Coins","id":995,"quantity":29,"price":1}],"date":"May 22, 2022, 9:01:34 PM"}
{"name":"Brine rat","level":70,"killCount":-1,"type":"NPC","drops":[{"name":"Raw rat meat","id":2134,"quantity":1,"price":311},{"name":"Coins","id":995,"quantity":1,"price":1}],"date":"May 22, 2022, 9:01:47 PM"}
{"name":"Brine rat","level":70,"killCount":-1,"type":"NPC","drops":[{"name":"Raw rat meat","id":2134,"quantity":1,"price":311}],"date":"May 22, 2022, 9:01:49 PM"}
{"name":"Brine rat","level":70,"killCount":-1,"type":"NPC","drops":[{"name":"Raw rat meat","id":2134,"quantity":1,"price":311},{"name":"Coins","id":995,"quantity":1,"price":1}],"date":"May 22, 2022, 9:01:54 PM"}
{"name":"Brine rat","level":70,"killCount":-1,"type":"NPC","drops":[{"name":"Raw rat meat","id":2134,"quantity":1,"price":311},{"name":"Coins","id":995,"quantity":2,"price":1}],"date":"May 22, 2022, 9:02:03 PM"}
{"name":"Brine rat","level":70,"killCount":-1,"type":"NPC","drops":[{"name":"Raw rat meat","id":2134,"quantity":1,"price":311},{"name":"Death rune","id":560,"quantity":7,"price":192}],"date":"May 22, 2022, 9:02:13 PM"}
{"name":"Brine rat","level":70,"killCount":-1,"type":"NPC","drops":[{"name":"Raw rat meat","id":2134,"quantity":1,"price":311},{"name":"Air rune","id":556,"quantity":18,"price":6}],"date":"May 22, 2022, 9:02:25 PM"}
{"name":"Brine rat","level":70,"killCount":-1,"type":"NPC","drops":[{"name":"Raw rat meat","id":2134,"quantity":1,"price":311},{"name":"Death rune","id":560,"quantity":7,"price":192}],"date":"May 22, 2022, 9:02:30 PM"}
{"name":"Brine rat","level":70,"killCount":-1,"type":"NPC","drops":[{"name":"Raw rat meat","id":2134,"quantity":1,"price":311},{"name":"Coins","id":995,"quantity":2,"price":1}],"date":"May 22, 2022, 9:02:37 PM"}
{"name":"Brine rat","level":70,"killCount":-1,"type":"NPC","drops":[{"name":"Raw rat meat","id":2134,"quantity":1,"price":311},{"name":"Earth rune","id":557,"quantity":18,"price":5}],"date":"May 22, 2022, 9:02:50 PM"}
{"name":"Brine rat","level":70,"killCount":-1,"type":"NPC","drops":[{"name":"Raw rat meat","id":2134,"quantity":1,"price":311},{"name":"Death rune","id":560,"quantity":7,"price":192}],"date":"May 22, 2022, 9:02:53 PM"}
{"name":"Brine rat","level":70,"killCount":-1,"type":"NPC","drops":[{"name":"Raw rat meat","id":2134,"quantity":1,"price":311},{"name":"Raw lobster","id":378,"quantity":10,"price":156}],"date":"May 22, 2022, 9:02:58 PM"}
{"name":"Brine rat","level":70,"killCount":-1,"type":"NPC","drops":[{"name":"Raw rat meat","id":2134,"quantity":1,"price":311},{"name":"Coins","id":995,"quantity":1,"price":1}],"date":"May 22, 2022, 9:03:03 PM"}
{"name":"Brine rat","level":70,"killCount":-1,"type":"NPC","drops":[{"name":"Raw rat meat","id":2134,"quantity":1,"price":311},{"name":"Coins","id":995,"quantity":2,"price":1}],"date":"May 22, 2022, 9:03:10 PM"}
{"name":"Brine rat","level":70,"killCount":-1,"type":"NPC","drops":[{"name":"Raw rat meat","id":2134,"quantity":1,"price":311},{"name":"Coins","id":995,"quantity":1,"price":1}],"date":"May 22, 2022, 9:03:20 PM"}
{"name":"Brine rat","level":70,"killCount":-1,"type":"NPC","drops":[{"name":"Raw rat meat","id":2134,"quantity":1,"price":311},{"name":"Water talisman","id":1444,"quantity":1,"price":355}],"date":"May 22, 2022, 9:03:28 PM"}
{"name":"Brine rat","level":70,"killCount":-1,"type":"NPC","drops":[{"name":"Raw rat meat","id":2134,"quantity":1,"price":311},{"name":"Raw pike","id":350,"quantity":18,"price":90}],"date":"May 22, 2022, 9:03:37 PM"}
{"name":"Brine rat","level":70,"killCount":-1,"type":"NPC","drops":[{"name":"Raw rat meat","id":2134,"quantity":1,"price":311},{"name":"Coins","id":995,"quantity":4,"price":1}],"date":"May 22, 2022, 9:03:44 PM"}
{"name":"Brine rat","level":70,"killCount":-1,"type":"NPC","drops":[{"name":"Raw rat meat","id":2134,"quantity":1,"price":311},{"name":"Coins","id":995,"quantity":4,"price":1}],"date":"May 22, 2022, 9:03:49 PM"}
{"name":"Brine rat","level":70,"killCount":-1,"type":"NPC","drops":[{"name":"Raw rat meat","id":2134,"quantity":1,"price":311},{"name":"Raw swordfish","id":371,"quantity":1,"price":337},{"name":"Raw swordfish","id":371,"quantity":1,"price":337},{"name":"Raw swordfish","id":371,"quantity":1,"price":337},{"name":"Raw swordfish","id":371,"quantity":1,"price":337},{"name":"Raw swordfish","id":371,"quantity":1,"price":337},{"name":"Raw swordfish","id":371,"quantity":1,"price":337},{"name":"Raw swordfish","id":371,"quantity":1,"price":337},{"name":"Raw swordfish","id":371,"quantity":1,"price":337},{"name":"Raw swordfish","id":371,"quantity":1,"price":337}],"date":"May 22, 2022, 9:04:01 PM"}
{"name":"Brine rat","level":70,"killCount":-1,"type":"NPC","drops":[{"name":"Raw rat meat","id":2134,"quantity":1,"price":311},{"name":"Blood rune","id":565,"quantity":4,"price":376}],"date":"May 22, 2022, 9:04:09 PM"}
{"name":"Brine rat","level":70,"killCount":-1,"type":"NPC","drops":[{"name":"Raw rat meat","id":2134,"quantity":1,"price":311}],"date":"May 22, 2022, 9:04:23 PM"}
{"name":"Brine rat","level":70,"killCount":-1,"type":"NPC","drops":[{"name":"Raw rat meat","id":2134,"quantity":1,"price":311},{"name":"Coins","id":995,"quantity":2,"price":1}],"date":"May 22, 2022, 9:04:36 PM"}
{"name":"Brine rat","level":70,"killCount":-1,"type":"NPC","drops":[{"name":"Raw rat meat","id":2134,"quantity":1,"price":311}],"date":"May 22, 2022, 9:04:49 PM"}
{"name":"Brine rat","level":70,"killCount":-1,"type":"NPC","drops":[{"name":"Raw rat meat","id":2134,"quantity":1,"price":311},{"name":"Raw shark","id":384,"quantity":3,"price":701}],"date":"May 22, 2022, 9:04:57 PM"}
{"name":"Brine rat","level":70,"killCount":-1,"type":"NPC","drops":[{"name":"Raw rat meat","id":2134,"quantity":1,"price":311},{"name":"Coins","id":995,"quantity":1,"price":1}],"date":"May 22, 2022, 9:05:04 PM"}
{"name":"Brine rat","level":70,"killCount":-1,"type":"NPC","drops":[{"name":"Raw rat meat","id":2134,"quantity":1,"price":311},{"name":"Earth rune","id":557,"quantity":36,"price":5}],"date":"May 22, 2022, 9:05:13 PM"}
{"name":"Brine rat","level":70,"killCount":-1,"type":"NPC","drops":[{"name":"Raw rat meat","id":2134,"quantity":1,"price":311},{"name":"Coins","id":995,"quantity":2,"price":1}],"date":"May 22, 2022, 9:05:23 PM"}
{"name":"Brine rat","level":70,"killCount":-1,"type":"NPC","drops":[{"name":"Raw rat meat","id":2134,"quantity":1,"price":311},{"name":"Coins","id":995,"quantity":1,"price":1}],"date":"May 22, 2022, 9:05:28 PM"}
{"name":"Brine rat","level":70,"killCount":-1,"type":"NPC","drops":[{"name":"Raw rat meat","id":2134,"quantity":1,"price":311},{"name":"Raw swordfish","id":371,"quantity":1,"price":337},{"name":"Raw swordfish","id":371,"quantity":1,"price":337},{"name":"Raw swordfish","id":371,"quantity":1,"price":337},{"name":"Raw swordfish","id":371,"quantity":1,"price":337},{"name":"Raw swordfish","id":371,"quantity":1,"price":337},{"name":"Raw swordfish","id":371,"quantity":1,"price":337},{"name":"Raw swordfish","id":371,"quantity":1,"price":337},{"name":"Raw swordfish","id":371,"quantity":1,"price":337},{"name":"Raw swordfish","id":371,"quantity":1,"price":337}],"date":"May 22, 2022, 9:05:38 PM"}
{"name":"Brine rat","level":70,"killCount":-1,"type":"NPC","drops":[{"name":"Raw rat meat","id":2134,"quantity":1,"price":311},{"name":"Raw shark","id":384,"quantity":8,"price":701}],"date":"May 22, 2022, 9:05:45 PM"}
{"name":"Brine rat","level":70,"killCount":-1,"type":"NPC","drops":[{"name":"Raw rat meat","id":2134,"quantity":1,"price":311},{"name":"Earth rune","id":557,"quantity":10,"price":5}],"date":"May 22, 2022, 9:05:52 PM"}
{"name":"Brine rat","level":70,"killCount":-1,"type":"NPC","drops":[{"name":"Raw rat meat","id":2134,"quantity":1,"price":311}],"date":"May 22, 2022, 9:06:02 PM"}
{"name":"Brine rat","level":70,"killCount":-1,"type":"NPC","drops":[{"name":"Raw rat meat","id":2134,"quantity":1,"price":311},{"name":"Earth rune","id":557,"quantity":36,"price":5}],"date":"May 22, 2022, 9:06:10 PM"}
{"name":"Brine rat","level":70,"killCount":-1,"type":"NPC","drops":[{"name":"Raw rat meat","id":2134,"quantity":1,"price":311},{"name":"Earth rune","id":557,"quantity":18,"price":5}],"date":"May 22, 2022, 9:06:47 PM"}
{"name":"Brine rat","level":70,"killCount":-1,"type":"NPC","drops":[{"name":"Raw rat meat","id":2134,"quantity":1,"price":311}],"date":"May 22, 2022, 9:06:57 PM"}
{"name":"Brine rat","level":70,"killCount":-1,"type":"NPC","drops":[{"name":"Raw rat meat","id":2134,"quantity":1,"price":311},{"name":"Coins","id":995,"quantity":1,"price":1}],"date":"May 22, 2022, 9:07:06 PM"}
{"name":"Brine rat","level":70,"killCount":-1,"type":"NPC","drops":[{"name":"Raw rat meat","id":2134,"quantity":1,"price":311},{"name":"Death rune","id":560,"quantity":7,"price":192}],"date":"May 22, 2022, 9:07:16 PM"}
{"name":"Brine rat","level":70,"killCount":-1,"type":"NPC","drops":[{"name":"Raw rat meat","id":2134,"quantity":1,"price":311},{"name":"Raw pike","id":350,"quantity":18,"price":90}],"date":"May 22, 2022, 9:07:30 PM"}
{"name":"Brine rat","level":70,"killCount":-1,"type":"NPC","drops":[{"name":"Raw rat meat","id":2134,"quantity":1,"price":311},{"name":"Coins","id":995,"quantity":1,"price":1}],"date":"May 22, 2022, 9:07:47 PM"}
{"name":"Brine rat","level":70,"killCount":-1,"type":"NPC","drops":[{"name":"Raw rat meat","id":2134,"quantity":1,"price":311},{"name":"Coins","id":995,"quantity":2,"price":1}],"date":"May 22, 2022, 9:07:55 PM"}
{"name":"Brine rat","level":70,"killCount":-1,"type":"NPC","drops":[{"name":"Raw rat meat","id":2134,"quantity":1,"price":311},{"name":"Earth rune","id":557,"quantity":36,"price":5}],"date":"May 22, 2022, 9:08:02 PM"}
{"name":"Brine rat","level":70,"killCount":-1,"type":"NPC","drops":[{"name":"Raw rat meat","id":2134,"quantity":1,"price":311},{"name":"Raw pike","id":350,"quantity":18,"price":90}],"date":"May 22, 2022, 9:08:08 PM"}
{"name":"Brine rat","level":70,"killCount":-1,"type":"NPC","drops":[{"name":"Raw rat meat","id":2134,"quantity":1,"price":311},{"name":"Coins","id":995,"quantity":1,"price":1}],"date":"May 22, 2022, 9:08:18 PM"}
{"name":"Brine rat","level":70,"killCount":-1,"type":"NPC","drops":[{"name":"Raw rat meat","id":2134,"quantity":1,"price":311},{"name":"Raw shark","id":384,"quantity":3,"price":701}],"date":"May 22, 2022, 9:08:26 PM"}
{"name":"Brine rat","level":70,"killCount":-1,"type":"NPC","drops":[{"name":"Raw rat meat","id":2134,"quantity":1,"price":311},{"name":"Coins","id":995,"quantity":1,"price":1}],"date":"May 22, 2022, 9:08:30 PM"}
{"name":"Brine rat","level":70,"killCount":-1,"type":"NPC","drops":[{"name":"Raw rat meat","id":2134,"quantity":1,"price":311},{"name":"Death rune","id":560,"quantity":7,"price":192}],"date":"May 22, 2022, 9:08:37 PM"}
{"name":"Brine rat","level":70,"killCount":-1,"type":"NPC","drops":[{"name":"Raw rat meat","id":2134,"quantity":1,"price":311},{"name":"Coins","id":995,"quantity":1,"price":1}],"date":"May 22, 2022, 9:08:45 PM"}
{"name":"Brine rat","level":70,"killCount":-1,"type":"NPC","drops":[{"name":"Raw rat meat","id":2134,"quantity":1,"price":311},{"name":"Water rune","id":555,"quantity":10,"price":5}],"date":"May 22, 2022, 9:08:56 PM"}
{"name":"Brine rat","level":70,"killCount":-1,"type":"NPC","drops":[{"name":"Raw rat meat","id":2134,"quantity":1,"price":311},{"name":"Water talisman","id":1444,"quantity":1,"price":355}],"date":"May 22, 2022, 9:09:06 PM"}
{"name":"Brine rat","level":70,"killCount":-1,"type":"NPC","drops":[{"name":"Raw rat meat","id":2134,"quantity":1,"price":311},{"name":"Water talisman","id":1444,"quantity":1,"price":355}],"date":"May 22, 2022, 9:09:16 PM"}
{"name":"Brine rat","level":70,"killCount":-1,"type":"NPC","drops":[{"name":"Raw rat meat","id":2134,"quantity":1,"price":311},{"name":"Raw lobster","id":378,"quantity":10,"price":156}],"date":"May 22, 2022, 9:09:42 PM"}
{"name":"Brine rat","level":70,"killCount":-1,"type":"NPC","drops":[{"name":"Raw rat meat","id":2134,"quantity":1,"price":311},{"name":"Coins","id":995,"quantity":1,"price":1}],"date":"May 22, 2022, 9:09:49 PM"}
{"name":"Brine rat","level":70,"killCount":-1,"type":"NPC","drops":[{"name":"Raw rat meat","id":2134,"quantity":1,"price":311},{"name":"Earth rune","id":557,"quantity":36,"price":5}],"date":"May 22, 2022, 9:09:56 PM"}
{"name":"Brine rat","level":70,"killCount":-1,"type":"NPC","drops":[{"name":"Raw rat meat","id":2134,"quantity":1,"price":311},{"name":"Raw swordfish","id":371,"quantity":1,"price":337},{"name":"Raw swordfish","id":371,"quantity":1,"price":337},{"name":"Raw swordfish","id":371,"quantity":1,"price":337},{"name":"Raw swordfish","id":371,"quantity":1,"price":337},{"name":"Raw swordfish","id":371,"quantity":1,"price":337},{"name":"Raw swordfish","id":371,"quantity":1,"price":337},{"name":"Raw swordfish","id":371,"quantity":1,"price":337},{"name":"Raw swordfish","id":371,"quantity":1,"price":337},{"name":"Raw swordfish","id":371,"quantity":1,"price":337}],"date":"May 22, 2022, 9:10:00 PM"}
{"name":"Brine rat","level":70,"killCount":-1,"type":"NPC","drops":[{"name":"Raw rat meat","id":2134,"quantity":1,"price":311},{"name":"Coins","id":995,"quantity":4,"price":1}],"date":"May 22, 2022, 9:10:05 PM"}
{"name":"Brine rat","level":70,"killCount":-1,"type":"NPC","drops":[{"name":"Raw rat meat","id":2134,"quantity":1,"price":311},{"name":"Raw lobster","id":378,"quantity":10,"price":156}],"date":"May 22, 2022, 9:10:13 PM"}
{"name":"Brine rat","level":70,"killCount":-1,"type":"NPC","drops":[{"name":"Raw rat meat","id":2134,"quantity":1,"price":311},{"name":"Raw pike","id":350,"quantity":18,"price":90}],"date":"May 22, 2022, 9:10:26 PM"}
{"name":"Brine rat","level":70,"killCount":-1,"type":"NPC","drops":[{"name":"Raw rat meat","id":2134,"quantity":1,"price":311},{"name":"Death rune","id":560,"quantity":7,"price":192}],"date":"May 22, 2022, 9:10:35 PM"}
{"name":"Brine rat","level":70,"killCount":-1,"type":"NPC","drops":[{"name":"Raw rat meat","id":2134,"quantity":1,"price":311},{"name":"Raw shark","id":384,"quantity":3,"price":701}],"date":"May 22, 2022, 9:10:39 PM"}
{"name":"Brine rat","level":70,"killCount":-1,"type":"NPC","drops":[{"name":"Bones","id":526,"quantity":1,"price":75},{"name":"Raw rat meat","id":2134,"quantity":1,"price":231},{"name":"Coins","id":995,"quantity":4,"price":1}],"date":"Dec 29, 2022, 2:18:03 AM"}
{"name":"Brine rat","level":70,"killCount":-1,"type":"NPC","drops":[{"name":"Bones","id":526,"quantity":1,"price":75},{"name":"Raw rat meat","id":2134,"quantity":1,"price":231},{"name":"Water rune","id":555,"quantity":18,"price":5}],"date":"Dec 29, 2022, 2:18:13 AM"}
{"name":"Brine rat","level":70,"killCount":-1,"type":"NPC","drops":[{"name":"Bones","id":526,"quantity":1,"price":75},{"name":"Raw rat meat","id":2134,"quantity":1,"price":231},{"name":"Raw shark","id":384,"quantity":8,"price":500}],"date":"Dec 29, 2022, 2:18:20 AM"}
{"name":"Brine rat","level":70,"killCount":-1,"type":"NPC","drops":[{"name":"Bones","id":526,"quantity":1,"price":75},{"name":"Raw rat meat","id":2134,"quantity":1,"price":231},{"name":"Death rune","id":560,"quantity":7,"price":154}],"date":"Dec 29, 2022, 2:18:23 AM"}
{"name":"Brine rat","level":70,"killCount":-1,"type":"NPC","drops":[{"name":"Bones","id":526,"quantity":1,"price":75},{"name":"Raw rat meat","id":2134,"quantity":1,"price":231},{"name":"Death rune","id":560,"quantity":7,"price":154}],"date":"Dec 29, 2022, 2:18:29 AM"}
{"name":"Brine rat","level":70,"killCount":-1,"type":"NPC","drops":[{"name":"Bones","id":526,"quantity":1,"price":75},{"name":"Raw rat meat","id":2134,"quantity":1,"price":231},{"name":"Coins","id":995,"quantity":2,"price":1}],"date":"Dec 29, 2022, 2:18:38 AM"}
{"name":"Brine rat","level":70,"killCount":-1,"type":"NPC","drops":[{"name":"Bones","id":526,"quantity":1,"price":75},{"name":"Raw rat meat","id":2134,"quantity":1,"price":231},{"name":"Coins","id":995,"quantity":29,"price":1}],"date":"Dec 29, 2022, 2:18:43 AM"}
{"name":"Brine rat","level":70,"killCount":-1,"type":"NPC","drops":[{"name":"Bones","id":526,"quantity":1,"price":75},{"name":"Raw rat meat","id":2134,"quantity":1,"price":231},{"name":"Coins","id":995,"quantity":4,"price":1}],"date":"Dec 29, 2022, 2:18:48 AM"}
{"name":"Brine rat","level":70,"killCount":-1,"type":"NPC","drops":[{"name":"Bones","id":526,"quantity":1,"price":75},{"name":"Raw rat meat","id":2134,"quantity":1,"price":231},{"name":"Coins","id":995,"quantity":1,"price":1}],"date":"Dec 29, 2022, 2:18:54 AM"}
{"name":"Brine rat","level":70,"killCount":-1,"type":"NPC","drops":[{"name":"Bones","id":526,"quantity":1,"price":75},{"name":"Raw rat meat","id":2134,"quantity":1,"price":231},{"name":"Coins","id":995,"quantity":2,"price":1}],"date":"Dec 29, 2022, 2:19:05 AM"}
{"name":"Brine rat","level":70,"killCount":-1,"type":"NPC","drops":[{"name":"Bones","id":526,"quantity":1,"price":75},{"name":"Raw rat meat","id":2134,"quantity":1,"price":231},{"name":"Coins","id":995,"quantity":4,"price":1}],"date":"Dec 29, 2022, 2:19:18 AM"}
{"name":"Brine rat","level":70,"killCount":-1,"type":"NPC","drops":[{"name":"Bones","id":526,"quantity":1,"price":75},{"name":"Raw rat meat","id":2134,"quantity":1,"price":231}],"date":"Dec 29, 2022, 2:19:26 AM"}
{"name":"Brine rat","level":70,"killCount":-1,"type":"NPC","drops":[{"name":"Bones","id":526,"quantity":1,"price":75},{"name":"Raw rat meat","id":2134,"quantity":1,"price":231},{"name":"Coins","id":995,"quantity":4,"price":1}],"date":"Dec 29, 2022, 2:19:33 AM"}
{"name":"Brine rat","level":70,"killCount":-1,"type":"NPC","drops":[{"name":"Bones","id":526,"quantity":1,"price":75},{"name":"Raw rat meat","id":2134,"quantity":1,"price":231},{"name":"Coins","id":995,"quantity":2,"price":1}],"date":"Dec 29, 2022, 2:19:39 AM"}
{"name":"Brine rat","level":70,"killCount":-1,"type":"NPC","drops":[{"name":"Bones","id":526,"quantity":1,"price":75},{"name":"Raw rat meat","id":2134,"quantity":1,"price":231},{"name":"Coins","id":995,"quantity":1,"price":1}],"date":"Dec 29, 2022, 2:19:47 AM"}
{"name":"Brine rat","level":70,"killCount":-1,"type":"NPC","drops":[{"name":"Bones","id":526,"quantity":1,"price":75},{"name":"Raw rat meat","id":2134,"quantity":1,"price":231},{"name":"Raw shark","id":384,"quantity":3,"price":500}],"date":"Dec 29, 2022, 2:19:51 AM"}
{"name":"Brine rat","level":70,"killCount":-1,"type":"NPC","drops":[{"name":"Bones","id":526,"quantity":1,"price":75},{"name":"Raw rat meat","id":2134,"quantity":1,"price":231},{"name":"Raw lobster","id":378,"quantity":10,"price":197}],"date":"Dec 29, 2022, 2:20:03 AM"}
{"name":"Brine rat","level":70,"killCount":-1,"type":"NPC","drops":[{"name":"Bones","id":526,"quantity":1,"price":75},{"name":"Raw rat meat","id":2134,"quantity":1,"price":231}],"date":"Dec 29, 2022, 2:20:08 AM"}
{"name":"Brine rat","level":70,"killCount":-1,"type":"NPC","drops":[{"name":"Bones","id":526,"quantity":1,"price":75},{"name":"Raw rat meat","id":2134,"quantity":1,"price":231},{"name":"Death rune","id":560,"quantity":7,"price":154}],"date":"Dec 29, 2022, 2:20:19 AM"}
{"name":"Brine rat","level":70,"killCount":-1,"type":"NPC","drops":[{"name":"Bones","id":526,"quantity":1,"price":75},{"name":"Raw rat meat","id":2134,"quantity":1,"price":231},{"name":"Earth rune","id":557,"quantity":10,"price":4}],"date":"Dec 29, 2022, 2:20:24 AM"}
{"name":"Brine rat","level":70,"killCount":-1,"type":"NPC","drops":[{"name":"Bones","id":526,"quantity":1,"price":75},{"name":"Raw rat meat","id":2134,"quantity":1,"price":231},{"name":"Raw shark","id":384,"quantity":8,"price":500}],"date":"Dec 29, 2022, 2:20:31 AM"}
{"name":"Brine rat","level":70,"killCount":-1,"type":"NPC","drops":[{"name":"Bones","id":526,"quantity":1,"price":75},{"name":"Raw rat meat","id":2134,"quantity":1,"price":231},{"name":"Coins","id":995,"quantity":1,"price":1}],"date":"Dec 29, 2022, 2:20:36 AM"}
{"name":"Brine rat","level":70,"killCount":-1,"type":"NPC","drops":[{"name":"Bones","id":526,"quantity":1,"price":75},{"name":"Raw rat meat","id":2134,"quantity":1,"price":231},{"name":"Earth rune","id":557,"quantity":10,"price":4}],"date":"Dec 29, 2022, 2:20:41 AM"}
{"name":"Brine rat","level":70,"killCount":-1,"type":"NPC","drops":[{"name":"Bones","id":526,"quantity":1,"price":75},{"name":"Raw rat meat","id":2134,"quantity":1,"price":231},{"name":"Raw shark","id":384,"quantity":3,"price":500}],"date":"Dec 29, 2022, 2:20:50 AM"}
{"name":"Brine rat","level":70,"killCount":-1,"type":"NPC","drops":[{"name":"Bones","id":526,"quantity":1,"price":75},{"name":"Raw rat meat","id":2134,"quantity":1,"price":231},{"name":"Raw pike","id":350,"quantity":18,"price":86}],"date":"Dec 29, 2022, 2:20:53 AM"}
{"name":"Brine rat","level":70,"killCount":-1,"type":"NPC","drops":[{"name":"Bones","id":526,"quantity":1,"price":75},{"name":"Raw rat meat","id":2134,"quantity":1,"price":231},{"name":"Earth rune","id":557,"quantity":10,"price":4}],"date":"Dec 29, 2022, 2:21:02 AM"}
{"name":"Brine rat","level":70,"killCount":-1,"type":"NPC","drops":[{"name":"Bones","id":526,"quantity":1,"price":75},{"name":"Raw rat meat","id":2134,"quantity":1,"price":231},{"name":"Raw swordfish","id":371,"quantity":1,"price":226},{"name":"Raw swordfish","id":371,"quantity":1,"price":226},{"name":"Raw swordfish","id":371,"quantity":1,"price":226},{"name":"Raw swordfish","id":371,"quantity":1,"price":226},{"name":"Raw swordfish","id":371,"quantity":1,"price":226},{"name":"Raw swordfish","id":371,"quantity":1,"price":226},{"name":"Raw swordfish","id":371,"quantity":1,"price":226},{"name":"Raw swordfish","id":371,"quantity":1,"price":226},{"name":"Raw swordfish","id":371,"quantity":1,"price":226}],"date":"Dec 29, 2022, 2:21:06 AM"}
{"name":"Brine rat","level":70,"killCount":-1,"type":"NPC","drops":[{"name":"Bones","id":526,"quantity":1,"price":75},{"name":"Raw rat meat","id":2134,"quantity":1,"price":231},{"name":"Coins","id":995,"quantity":2,"price":1}],"date":"Dec 29, 2022, 2:21:15 AM"}
{"name":"Brine rat","level":70,"killCount":-1,"type":"NPC","drops":[{"name":"Bones","id":526,"quantity":1,"price":75},{"name":"Raw rat meat","id":2134,"quantity":1,"price":231},{"name":"Coins","id":995,"quantity":29,"price":1}],"date":"Dec 29, 2022, 2:21:24 AM"}
{"name":"Brine rat","level":70,"killCount":-1,"type":"NPC","drops":[{"name":"Bones","id":526,"quantity":1,"price":75},{"name":"Raw rat meat","id":2134,"quantity":1,"price":231},{"name":"Death rune","id":560,"quantity":7,"price":154}],"date":"Dec 29, 2022, 2:21:30 AM"}
{"name":"Brine rat","level":70,"killCount":-1,"type":"NPC","drops":[{"name":"Bones","id":526,"quantity":1,"price":75},{"name":"Raw rat meat","id":2134,"quantity":1,"price":231},{"name":"Coins","id":995,"quantity":2,"price":1}],"date":"Dec 29, 2022, 2:21:35 AM"}
{"name":"Brine rat","level":70,"killCount":-1,"type":"NPC","drops":[{"name":"Bones","id":526,"quantity":1,"price":75},{"name":"Raw rat meat","id":2134,"quantity":1,"price":231},{"name":"Raw lobster","id":378,"quantity":10,"price":197}],"date":"Dec 29, 2022, 2:21:42 AM"}
{"name":"Brine rat","level":70,"killCount":-1,"type":"NPC","drops":[{"name":"Bones","id":526,"quantity":1,"price":75},{"name":"Raw rat meat","id":2134,"quantity":1,"price":231}],"date":"Dec 29, 2022, 2:21:47 AM"}
{"name":"Brine rat","level":70,"killCount":-1,"type":"NPC","drops":[{"name":"Bones","id":526,"quantity":1,"price":75},{"name":"Raw rat meat","id":2134,"quantity":1,"price":231},{"name":"Death rune","id":560,"quantity":7,"price":154}],"date":"Dec 29, 2022, 2:21:56 AM"}
{"name":"Brine rat","level":70,"killCount":-1,"type":"NPC","drops":[{"name":"Bones","id":526,"quantity":1,"price":75},{"name":"Raw rat meat","id":2134,"quantity":1,"price":231},{"name":"Water rune","id":555,"quantity":10,"price":5}],"date":"Dec 29, 2022, 2:22:06 AM"}
{"name":"Brine rat","level":70,"killCount":-1,"type":"NPC","drops":[{"name":"Bones","id":526,"quantity":1,"price":75},{"name":"Raw rat meat","id":2134,"quantity":1,"price":231},{"name":"Raw shark","id":384,"quantity":8,"price":500}],"date":"Dec 29, 2022, 2:22:09 AM"}
{"name":"Brine rat","level":70,"killCount":-1,"type":"NPC","drops":[{"name":"Bones","id":526,"quantity":1,"price":75},{"name":"Raw rat meat","id":2134,"quantity":1,"price":231},{"name":"Coins","id":995,"quantity":1,"price":1}],"date":"Dec 29, 2022, 2:22:12 AM"}
{"name":"Brine rat","level":70,"killCount":-1,"type":"NPC","drops":[{"name":"Bones","id":526,"quantity":1,"price":75},{"name":"Raw rat meat","id":2134,"quantity":1,"price":231},{"name":"Coins","id":995,"quantity":2,"price":1}],"date":"Dec 29, 2022, 2:22:16 AM"}
{"name":"Brine rat","level":70,"killCount":-1,"type":"NPC","drops":[{"name":"Bones","id":526,"quantity":1,"price":75},{"name":"Raw rat meat","id":2134,"quantity":1,"price":231},{"name":"Coins","id":995,"quantity":4,"price":1}],"date":"Dec 29, 2022, 2:22:21 AM"}
{"name":"Brine rat","level":70,"killCount":-1,"type":"NPC","drops":[{"name":"Bones","id":526,"quantity":1,"price":75},{"name":"Raw rat meat","id":2134,"quantity":1,"price":231},{"name":"Raw shark","id":384,"quantity":3,"price":500}],"date":"Dec 29, 2022, 2:22:23 AM"}
{"name":"Brine rat","level":70,"killCount":-1,"type":"NPC","drops":[{"name":"Bones","id":526,"quantity":1,"price":75},{"name":"Raw rat meat","id":2134,"quantity":1,"price":231},{"name":"Coins","id":995,"quantity":4,"price":1}],"date":"Dec 29, 2022, 2:22:35 AM"}
{"name":"Brine rat","level":70,"killCount":-1,"type":"NPC","drops":[{"name":"Bones","id":526,"quantity":1,"price":75},{"name":"Raw rat meat","id":2134,"quantity":1,"price":231},{"name":"Raw rat meat","id":2135,"quantity":18,"price":231}],"date":"Dec 29, 2022, 2:22:45 AM"}
{"name":"Brine rat","level":70,"killCount":-1,"type":"NPC","drops":[{"name":"Bones","id":526,"quantity":1,"price":75},{"name":"Raw rat meat","id":2134,"quantity":1,"price":231},{"name":"Earth rune","id":557,"quantity":36,"price":4}],"date":"Dec 29, 2022, 2:22:53 AM"}
{"name":"Brine rat","level":70,"killCount":-1,"type":"NPC","drops":[{"name":"Bones","id":526,"quantity":1,"price":75},{"name":"Raw rat meat","id":2134,"quantity":1,"price":231},{"name":"Death rune","id":560,"quantity":7,"price":154}],"date":"Dec 29, 2022, 2:22:58 AM"}
{"name":"Brine rat","level":70,"killCount":-1,"type":"NPC","drops":[{"name":"Bones","id":526,"quantity":1,"price":75},{"name":"Raw rat meat","id":2134,"quantity":1,"price":231},{"name":"Coins","id":995,"quantity":29,"price":1}],"date":"Dec 29, 2022, 2:23:06 AM"}
{"name":"Brine rat","level":70,"killCount":-1,"type":"NPC","drops":[{"name":"Bones","id":526,"quantity":1,"price":75},{"name":"Raw rat meat","id":2134,"quantity":1,"price":231},{"name":"Earth rune","id":557,"quantity":18,"price":4}],"date":"Dec 29, 2022, 2:23:12 AM"}
{"name":"Brine rat","level":70,"killCount":-1,"type":"NPC","drops":[{"name":"Bones","id":526,"quantity":1,"price":75},{"name":"Raw rat meat","id":2134,"quantity":1,"price":231},{"name":"Death rune","id":560,"quantity":7,"price":154}],"date":"Dec 29, 2022, 2:23:23 AM"}
{"name":"Brine rat","level":70,"killCount":-1,"type":"NPC","drops":[{"name":"Bones","id":526,"quantity":1,"price":75},{"name":"Raw rat meat","id":2134,"quantity":1,"price":231},{"name":"Death rune","id":560,"quantity":7,"price":154}],"date":"Dec 29, 2022, 2:23:30 AM"}
{"name":"Brine rat","level":70,"killCount":-1,"type":"NPC","drops":[{"name":"Bones","id":526,"quantity":1,"price":75},{"name":"Raw rat meat","id":2134,"quantity":1,"price":231}],"date":"Dec 29, 2022, 2:23:39 AM"}
{"name":"Brine rat","level":70,"killCount":-1,"type":"NPC","drops":[{"name":"Bones","id":526,"quantity":1,"price":75},{"name":"Raw rat meat","id":2134,"quantity":1,"price":231},{"name":"Coins","id":995,"quantity":4,"price":1}],"date":"Dec 29, 2022, 2:23:47 AM"}
{"name":"Brine rat","level":70,"killCount":-1,"type":"NPC","drops":[{"name":"Bones","id":526,"quantity":1,"price":75},{"name":"Raw rat meat","id":2134,"quantity":1,"price":231},{"name":"Water talisman","id":1444,"quantity":1,"price":220}],"date":"Dec 29, 2022, 2:23:50 AM"}
{"name":"Brine rat","level":70,"killCount":-1,"type":"NPC","drops":[{"name":"Bones","id":526,"quantity":1,"price":75},{"name":"Raw rat meat","id":2134,"quantity":1,"price":231},{"name":"Water rune","id":555,"quantity":10,"price":5}],"date":"Dec 29, 2022, 2:23:59 AM"}
{"name":"Brine rat","level":70,"killCount":-1,"type":"NPC","drops":[{"name":"Bones","id":526,"quantity":1,"price":75},{"name":"Raw rat meat","id":2134,"quantity":1,"price":231},{"name":"Coins","id":995,"quantity":2,"price":1}],"date":"Dec 29, 2022, 2:24:09 AM"}
{"name":"Brine rat","level":70,"killCount":-1,"type":"NPC","drops":[{"name":"Bones","id":526,"quantity":1,"price":75},{"name":"Raw rat meat","id":2134,"quantity":1,"price":231},{"name":"Blood rune","id":565,"quantity":4,"price":209}],"date":"Dec 29, 2022, 2:24:16 AM"}
{"name":"Brine rat","level":70,"killCount":-1,"type":"NPC","drops":[{"name":"Bones","id":526,"quantity":1,"price":75},{"name":"Raw rat meat","id":2134,"quantity":1,"price":231}],"date":"Dec 29, 2022, 2:24:20 AM"}
{"name":"Brine rat","level":70,"killCount":-1,"type":"NPC","drops":[{"name":"Bones","id":526,"quantity":1,"price":75},{"name":"Raw rat meat","id":2134,"quantity":1,"price":231},{"name":"Coins","id":995,"quantity":1,"price":1}],"date":"Dec 29, 2022, 2:24:24 AM"}
{"name":"Brine rat","level":70,"killCount":-1,"type":"NPC","drops":[{"name":"Bones","id":526,"quantity":1,"price":75},{"name":"Raw rat meat","id":2134,"quantity":1,"price":231},{"name":"Air rune","id":556,"quantity":18,"price":5}],"date":"Dec 29, 2022, 2:24:26 AM"}
{"name":"Brine rat","level":70,"killCount":-1,"type":"NPC","drops":[{"name":"Bones","id":526,"quantity":1,"price":75},{"name":"Raw rat meat","id":2134,"quantity":1,"price":231}],"date":"Dec 29, 2022, 2:24:29 AM"}
{"name":"Brine rat","level":70,"killCount":-1,"type":"NPC","drops":[{"name":"Bones","id":526,"quantity":1,"price":75},{"name":"Raw rat meat","id":2134,"quantity":1,"price":231},{"name":"Death rune","id":560,"quantity":7,"price":154}],"date":"Dec 29, 2022, 2:24:39 AM"}
{"name":"Brine rat","level":70,"killCount":-1,"type":"NPC","drops":[{"name":"Bones","id":526,"quantity":1,"price":75},{"name":"Raw rat meat","id":2134,"quantity":1,"price":231},{"name":"Earth rune","id":557,"quantity":18,"price":4}],"date":"Dec 29, 2022, 2:24:48 AM"}
{"name":"Brine rat","level":70,"killCount":-1,"type":"NPC","drops":[{"name":"Bones","id":526,"quantity":1,"price":75},{"name":"Raw rat meat","id":2134,"quantity":1,"price":231},{"name":"Coins","id":995,"quantity":2,"price":1}],"date":"Dec 29, 2022, 2:24:53 AM"}
{"name":"Brine rat","level":70,"killCount":-1,"type":"NPC","drops":[{"name":"Bones","id":526,"quantity":1,"price":75},{"name":"Raw rat meat","id":2134,"quantity":1,"price":231}],"date":"Dec 29, 2022, 2:24:59 AM"}
{"name":"Brine rat","level":70,"killCount":-1,"type":"NPC","drops":[{"name":"Bones","id":526,"quantity":1,"price":75},{"name":"Raw rat meat","id":2134,"quantity":1,"price":231},{"name":"Death rune","id":560,"quantity":7,"price":154}],"date":"Dec 29, 2022, 2:25:08 AM"}
{"name":"Brine rat","level":70,"killCount":-1,"type":"NPC","drops":[{"name":"Bones","id":526,"quantity":1,"price":75},{"name":"Raw rat meat","id":2134,"quantity":1,"price":231},{"name":"Raw lobster","id":378,"quantity":10,"price":197}],"date":"Dec 29, 2022, 2:25:12 AM"}
{"name":"Brine rat","level":70,"killCount":-1,"type":"NPC","drops":[{"name":"Bones","id":526,"quantity":1,"price":75},{"name":"Raw rat meat","id":2134,"quantity":1,"price":231},{"name":"Earth rune","id":557,"quantity":18,"price":4}],"date":"Dec 29, 2022, 2:25:18 AM"}
{"name":"Brine rat","level":70,"killCount":-1,"type":"NPC","drops":[{"name":"Bones","id":526,"quantity":1,"price":75},{"name":"Raw rat meat","id":2134,"quantity":1,"price":231}],"date":"Dec 29, 2022, 2:25:26 AM"}
{"name":"Brine rat","level":70,"killCount":-1,"type":"NPC","drops":[{"name":"Bones","id":526,"quantity":1,"price":75},{"name":"Raw rat meat","id":2134,"quantity":1,"price":231}],"date":"Dec 29, 2022, 2:25:35 AM"}
{"name":"Brine rat","level":70,"killCount":-1,"type":"NPC","drops":[{"name":"Bones","id":526,"quantity":1,"price":75},{"name":"Raw rat meat","id":2134,"quantity":1,"price":231},{"name":"Earth rune","id":557,"quantity":10,"price":4}],"date":"Dec 29, 2022, 2:25:48 AM"}
{"name":"Brine rat","level":70,"killCount":-1,"type":"NPC","drops":[{"name":"Bones","id":526,"quantity":1,"price":75},{"name":"Raw rat meat","id":2134,"quantity":1,"price":231},{"name":"Coins","id":995,"quantity":2,"price":1}],"date":"Dec 29, 2022, 2:25:56 AM"}
{"name":"Brine rat","level":70,"killCount":-1,"type":"NPC","drops":[{"name":"Bones","id":526,"quantity":1,"price":75},{"name":"Raw rat meat","id":2134,"quantity":1,"price":231},{"name":"Coins","id":995,"quantity":1,"price":1}],"date":"Dec 29, 2022, 2:26:05 AM"}
{"name":"Brine rat","level":70,"killCount":-1,"type":"NPC","drops":[{"name":"Bones","id":526,"quantity":1,"price":75},{"name":"Raw rat meat","id":2134,"quantity":1,"price":231},{"name":"Blood rune","id":565,"quantity":4,"price":209}],"date":"Dec 29, 2022, 2:26:10 AM"}
{"name":"Brine rat","level":70,"killCount":-1,"type":"NPC","drops":[{"name":"Bones","id":526,"quantity":1,"price":75},{"name":"Raw rat meat","id":2134,"quantity":1,"price":231},{"name":"Earth rune","id":557,"quantity":36,"price":4}],"date":"Dec 29, 2022, 2:26:17 AM"}
{"name":"Brine rat","level":70,"killCount":-1,"type":"NPC","drops":[{"name":"Bones","id":526,"quantity":1,"price":75},{"name":"Raw rat meat","id":2134,"quantity":1,"price":231},{"name":"Water rune","id":555,"quantity":10,"price":5}],"date":"Dec 29, 2022, 2:26:27 AM"}
{"name":"Brine rat","level":70,"killCount":-1,"type":"NPC","drops":[{"name":"Bones","id":526,"quantity":1,"price":75},{"name":"Raw rat meat","id":2134,"quantity":1,"price":231},{"name":"Coins","id":995,"quantity":1,"price":1}],"date":"Dec 29, 2022, 2:26:39 AM"}
{"name":"Brine rat","level":70,"killCount":-1,"type":"NPC","drops":[{"name":"Bones","id":526,"quantity":1,"price":75},{"name":"Raw rat meat","id":2134,"quantity":1,"price":231},{"name":"Coins","id":995,"quantity":2,"price":1}],"date":"Dec 29, 2022, 2:26:51 AM"}
{"name":"Brine rat","level":70,"killCount":-1,"type":"NPC","drops":[{"name":"Bones","id":526,"quantity":1,"price":75},{"name":"Raw rat meat","id":2134,"quantity":1,"price":231},{"name":"Coins","id":995,"quantity":2,"price":1}],"date":"Dec 29, 2022, 2:26:54 AM"}
{"name":"Brine rat","level":70,"killCount":-1,"type":"NPC","drops":[{"name":"Bones","id":526,"quantity":1,"price":75},{"name":"Raw rat meat","id":2134,"quantity":1,"price":231},{"name":"Earth rune","id":557,"quantity":10,"price":4}],"date":"Dec 29, 2022, 2:27:02 AM"}
{"name":"Brine rat","level":70,"killCount":-1,"type":"NPC","drops":[{"name":"Bones","id":526,"quantity":1,"price":75},{"name":"Raw rat meat","id":2134,"quantity":1,"price":231},{"name":"Earth rune","id":557,"quantity":10,"price":4}],"date":"Dec 29, 2022, 2:27:09 AM"}
{"name":"Brine rat","level":70,"killCount":-1,"type":"NPC","drops":[{"name":"Bones","id":526,"quantity":1,"price":75},{"name":"Raw rat meat","id":2134,"quantity":1,"price":231}],"date":"Dec 29, 2022, 2:27:11 AM"}
{"name":"Brine rat","level":70,"killCount":-1,"type":"NPC","drops":[{"name":"Bones","id":526,"quantity":1,"price":75},{"name":"Raw rat meat","id":2134,"quantity":1,"price":231},{"name":"Raw shark","id":384,"quantity":3,"price":500}],"date":"Dec 29, 2022, 2:27:20 AM"}
{"name":"Brine rat","level":70,"killCount":-1,"type":"NPC","drops":[{"name":"Bones","id":526,"quantity":1,"price":75},{"name":"Raw rat meat","id":2134,"quantity":1,"price":231},{"name":"Death rune","id":560,"quantity":7,"price":154}],"date":"Dec 29, 2022, 2:27:29 AM"}
{"name":"Brine rat","level":70,"killCount":-1,"type":"NPC","drops":[{"name":"Bones","id":526,"quantity":1,"price":75},{"name":"Raw rat meat","id":2134,"quantity":1,"price":231},{"name":"Raw shark","id":384,"quantity":8,"price":500}],"date":"Dec 29, 2022, 2:27:38 AM"}
{"name":"Brine rat","level":70,"killCount":-1,"type":"NPC","drops":[{"name":"Bones","id":526,"quantity":1,"price":75},{"name":"Raw rat meat","id":2134,"quantity":1,"price":231},{"name":"Death rune","id":560,"quantity":7,"price":154}],"date":"Dec 29, 2022, 2:27:45 AM"}
{"name":"Brine rat","level":70,"killCount":-1,"type":"NPC","drops":[{"name":"Bones","id":526,"quantity":1,"price":75},{"name":"Raw rat meat","id":2134,"quantity":1,"price":231},{"name":"Coins","id":995,"quantity":2,"price":1}],"date":"Dec 29, 2022, 2:27:53 AM"}
{"name":"Brine rat","level":70,"killCount":-1,"type":"NPC","drops":[{"name":"Bones","id":526,"quantity":1,"price":75},{"name":"Raw rat meat","id":2134,"quantity":1,"price":231},{"name":"Raw shark","id":384,"quantity":3,"price":500}],"date":"Dec 29, 2022, 2:27:59 AM"}
{"name":"Brine rat","level":70,"killCount":-1,"type":"NPC","drops":[{"name":"Bones","id":526,"quantity":1,"price":75},{"name":"Raw rat meat","id":2134,"quantity":1,"price":231}],"date":"Dec 29, 2022, 2:28:03 AM"}
{"name":"Brine rat","level":70,"killCount":-1,"type":"NPC","drops":[{"name":"Bones","id":526,"quantity":1,"price":75},{"name":"Raw rat meat","id":2134,"quantity":1,"price":231},{"name":"Water rune","id":555,"quantity":18,"price":5}],"date":"Dec 29, 2022, 2:28:09 AM"}
{"name":"Brine rat","level":70,"killCount":-1,"type":"NPC","drops":[{"name":"Bones","id":526,"quantity":1,"price":75},{"name":"Raw rat meat","id":2134,"quantity":1,"price":231},{"name":"Death rune","id":560,"quantity":7,"price":154}],"date":"Dec 29, 2022, 2:28:15 AM"}
{"name":"Brine rat","level":70,"killCount":-1,"type":"NPC","drops":[{"name":"Bones","id":526,"quantity":1,"price":75},{"name":"Raw rat meat","id":2134,"quantity":1,"price":231},{"name":"Coins","id":995,"quantity":2,"price":1}],"date":"Dec 29, 2022, 2:28:26 AM"}
{"name":"Brine rat","level":70,"killCount":-1,"type":"NPC","drops":[{"name":"Bones","id":526,"quantity":1,"price":75},{"name":"Raw rat meat","id":2134,"quantity":1,"price":231},{"name":"Coins","id":995,"quantity":2,"price":1}],"date":"Dec 29, 2022, 2:28:29 AM"}
{"name":"Brine rat","level":70,"killCount":-1,"type":"NPC","drops":[{"name":"Bones","id":526,"quantity":1,"price":75},{"name":"Raw rat meat","id":2134,"quantity":1,"price":231}],"date":"Dec 29, 2022, 2:28:38 AM"}
{"name":"Brine rat","level":70,"killCount":-1,"type":"NPC","drops":[{"name":"Bones","id":526,"quantity":1,"price":75},{"name":"Raw rat meat","id":2134,"quantity":1,"price":231},{"name":"Coins","id":995,"quantity":2,"price":1}],"date":"Dec 29, 2022, 2:28:47 AM"}
{"name":"Brine rat","level":70,"killCount":-1,"type":"NPC","drops":[{"name":"Bones","id":526,"quantity":1,"price":75},{"name":"Raw rat meat","id":2134,"quantity":1,"price":231}],"date":"Dec 29, 2022, 2:28:52 AM"}
{"name":"Brine rat","level":70,"killCount":-1,"type":"NPC","drops":[{"name":"Bones","id":526,"quantity":1,"price":75},{"name":"Raw rat meat","id":2134,"quantity":1,"price":231},{"name":"Death rune","id":560,"quantity":7,"price":154}],"date":"Dec 29, 2022, 2:28:58 AM"}
{"name":"Brine rat","level":70,"killCount":-1,"type":"NPC","drops":[{"name":"Bones","id":526,"quantity":1,"price":75},{"name":"Raw rat meat","id":2134,"quantity":1,"price":231}],"date":"Dec 29, 2022, 2:29:07 AM"}
{"name":"Brine rat","level":70,"killCount":-1,"type":"NPC","drops":[{"name":"Bones","id":526,"quantity":1,"price":75},{"name":"Raw rat meat","id":2134,"quantity":1,"price":231},{"name":"Death rune","id":560,"quantity":7,"price":154}],"date":"Dec 29, 2022, 2:29:14 AM"}
{"name":"Brine rat","level":70,"killCount":-1,"type":"NPC","drops":[{"name":"Bones","id":526,"quantity":1,"price":75},{"name":"Raw rat meat","id":2134,"quantity":1,"price":231}],"date":"Dec 29, 2022, 2:29:17 AM"}
{"name":"Brine rat","level":70,"killCount":-1,"type":"NPC","drops":[{"name":"Bones","id":526,"quantity":1,"price":75},{"name":"Raw rat meat","id":2134,"quantity":1,"price":231},{"name":"Coins","id":995,"quantity":4,"price":1}],"date":"Dec 29, 2022, 2:29:21 AM"}
{"name":"Brine rat","level":70,"killCount":-1,"type":"NPC","drops":[{"name":"Bones","id":526,"quantity":1,"price":75},{"name":"Raw rat meat","id":2134,"quantity":1,"price":231},{"name":"Coins","id":995,"quantity":2,"price":1}],"date":"Dec 29, 2022, 2:29:29 AM"}
{"name":"Brine rat","level":70,"killCount":-1,"type":"NPC","drops":[{"name":"Bones","id":526,"quantity":1,"price":75},{"name":"Raw rat meat","id":2134,"quantity":1,"price":231},{"name":"Coins","id":995,"quantity":1,"price":1}],"date":"Dec 29, 2022, 2:29:47 AM"}
{"name":"Brine rat","level":70,"killCount":-1,"type":"NPC","drops":[{"name":"Bones","id":526,"quantity":1,"price":75},{"name":"Raw rat meat","id":2134,"quantity":1,"price":231},{"name":"Coins","id":995,"quantity":29,"price":1}],"date":"Dec 29, 2022, 2:29:54 AM"}
{"name":"Brine rat","level":70,"killCount":-1,"type":"NPC","drops":[{"name":"Bones","id":526,"quantity":1,"price":75},{"name":"Raw rat meat","id":2134,"quantity":1,"price":231},{"name":"Coins","id":995,"quantity":2,"price":1}],"date":"Dec 29, 2022, 2:29:59 AM"}
{"name":"Brine rat","level":70,"killCount":-1,"type":"NPC","drops":[{"name":"Bones","id":526,"quantity":1,"price":75},{"name":"Raw rat meat","id":2134,"quantity":1,"price":231},{"name":"Death rune","id":560,"quantity":7,"price":154}],"date":"Dec 29, 2022, 2:30:09 AM"}
{"name":"Brine rat","level":70,"killCount":-1,"type":"NPC","drops":[{"name":"Bones","id":526,"quantity":1,"price":75},{"name":"Raw rat meat","id":2134,"quantity":1,"price":231},{"name":"Coins","id":995,"quantity":1,"price":1}],"date":"Dec 29, 2022, 2:30:15 AM"}
{"name":"Brine rat","level":70,"killCount":-1,"type":"NPC","drops":[{"name":"Bones","id":526,"quantity":1,"price":75},{"name":"Raw rat meat","id":2134,"quantity":1,"price":231},{"name":"Coins","id":995,"quantity":2,"price":1}],"date":"Dec 29, 2022, 2:30:21 AM"}
{"name":"Brine rat","level":70,"killCount":-1,"type":"NPC","drops":[{"name":"Bones","id":526,"quantity":1,"price":75},{"name":"Raw rat meat","id":2134,"quantity":1,"price":231},{"name":"Coins","id":995,"quantity":1,"price":1}],"date":"Dec 29, 2022, 2:30:27 AM"}
{"name":"Brine rat","level":70,"killCount":-1,"type":"NPC","drops":[{"name":"Bones","id":526,"quantity":1,"price":75},{"name":"Raw rat meat","id":2134,"quantity":1,"price":231},{"name":"Coins","id":995,"quantity":2,"price":1}],"date":"Dec 29, 2022, 2:30:32 AM"}
{"name":"Brine rat","level":70,"killCount":-1,"type":"NPC","drops":[{"name":"Bones","id":526,"quantity":1,"price":75},{"name":"Raw rat meat","id":2134,"quantity":1,"price":231}],"date":"Dec 29, 2022, 2:30:36 AM"}
{"name":"Brine rat","level":70,"killCount":-1,"type":"NPC","drops":[{"name":"Bones","id":526,"quantity":1,"price":75},{"name":"Raw rat meat","id":2134,"quantity":1,"price":231},{"name":"Coins","id":995,"quantity":2,"price":1}],"date":"Dec 29, 2022, 2:30:46 AM"}
{"name":"Brine rat","level":70,"killCount":-1,"type":"NPC","drops":[{"name":"Bones","id":526,"quantity":1,"price":75},{"name":"Raw rat meat","id":2134,"quantity":1,"price":231},{"name":"Raw rat meat","id":2135,"quantity":18,"price":231}],"date":"Dec 29, 2022, 2:30:57 AM"}
{"name":"Brine rat","level":70,"killCount":-1,"type":"NPC","drops":[{"name":"Bones","id":526,"quantity":1,"price":75},{"name":"Raw rat meat","id":2134,"quantity":1,"price":231},{"name":"Earth rune","id":557,"quantity":10,"price":4}],"date":"Dec 29, 2022, 2:31:08 AM"}
{"name":"Brine rat","level":70,"killCount":-1,"type":"NPC","drops":[{"name":"Bones","id":526,"quantity":1,"price":75},{"name":"Raw rat meat","id":2134,"quantity":1,"price":231},{"name":"Coins","id":995,"quantity":2,"price":1}],"date":"Dec 29, 2022, 2:31:20 AM"}
{"name":"Brine rat","level":70,"killCount":-1,"type":"NPC","drops":[{"name":"Bones","id":526,"quantity":1,"price":75},{"name":"Raw rat meat","id":2134,"quantity":1,"price":231},{"name":"Coins","id":995,"quantity":2,"price":1}],"date":"Dec 29, 2022, 2:31:23 AM"}
{"name":"Brine rat","level":70,"killCount":-1,"type":"NPC","drops":[{"name":"Bones","id":526,"quantity":1,"price":75},{"name":"Raw rat meat","id":2134,"quantity":1,"price":231},{"name":"Coins","id":995,"quantity":4,"price":1}],"date":"Dec 29, 2022, 2:31:26 AM"}
{"name":"Brine rat","level":70,"killCount":-1,"type":"NPC","drops":[{"name":"Bones","id":526,"quantity":1,"price":75},{"name":"Raw rat meat","id":2134,"quantity":1,"price":231},{"name":"Water rune","id":555,"quantity":10,"price":5}],"date":"Dec 29, 2022, 2:31:41 AM"}
{"name":"Brine rat","level":70,"killCount":-1,"type":"NPC","drops":[{"name":"Bones","id":526,"quantity":1,"price":75},{"name":"Raw rat meat","id":2134,"quantity":1,"price":231},{"name":"Coins","id":995,"quantity":1,"price":1}],"date":"Dec 29, 2022, 2:31:53 AM"}
{"name":"Brine rat","level":70,"killCount":-1,"type":"NPC","drops":[{"name":"Bones","id":526,"quantity":1,"price":75},{"name":"Raw rat meat","id":2134,"quantity":1,"price":231},{"name":"Death rune","id":560,"quantity":7,"price":154}],"date":"Dec 29, 2022, 2:32:09 AM"}
{"name":"Brine rat","level":70,"killCount":-1,"type":"NPC","drops":[{"name":"Bones","id":526,"quantity":1,"price":75},{"name":"Raw rat meat","id":2134,"quantity":1,"price":231},{"name":"Coins","id":995,"quantity":1,"price":1}],"date":"Dec 29, 2022, 2:32:11 AM"}
{"name":"Brine rat","level":70,"killCount":-1,"type":"NPC","drops":[{"name":"Bones","id":526,"quantity":1,"price":75},{"name":"Raw rat meat","id":2134,"quantity":1,"price":231},{"name":"Earth rune","id":557,"quantity":10,"price":4}],"date":"Dec 29, 2022, 2:32:14 AM"}
{"name":"Brine rat","level":70,"killCount":-1,"type":"NPC","drops":[{"name":"Bones","id":526,"quantity":1,"price":75},{"name":"Raw rat meat","id":2134,"quantity":1,"price":231},{"name":"Death rune","id":560,"quantity":7,"price":154}],"date":"Dec 29, 2022, 2:32:16 AM"}
{"name":"Brine rat","level":70,"killCount":-1,"type":"NPC","drops":[{"name":"Bones","id":526,"quantity":1,"price":75},{"name":"Raw rat meat","id":2134,"quantity":1,"price":231},{"name":"Raw lobster","id":378,"quantity":10,"price":197}],"date":"Dec 29, 2022, 2:32:26 AM"}
{"name":"Brine rat","level":70,"killCount":-1,"type":"NPC","drops":[{"name":"Bones","id":526,"quantity":1,"price":75},{"name":"Raw rat meat","id":2134,"quantity":1,"price":231},{"name":"Coins","id":995,"quantity":4,"price":1}],"date":"Dec 29, 2022, 2:32:29 AM"}
{"name":"Brine rat","level":70,"killCount":-1,"type":"NPC","drops":[{"name":"Bones","id":526,"quantity":1,"price":75},{"name":"Raw rat meat","id":2134,"quantity":1,"price":231},{"name":"Coins","id":995,"quantity":2,"price":1}],"date":"Dec 29, 2022, 2:32:41 AM"}
{"name":"Brine rat","level":70,"killCount":-1,"type":"NPC","drops":[{"name":"Bones","id":526,"quantity":1,"price":75},{"name":"Raw rat meat","id":2134,"quantity":1,"price":231}],"date":"Dec 29, 2022, 2:32:45 AM"}
{"name":"Brine rat","level":70,"killCount":-1,"type":"NPC","drops":[{"name":"Bones","id":526,"quantity":1,"price":75},{"name":"Raw rat meat","id":2134,"quantity":1,"price":231},{"name":"Death rune","id":560,"quantity":7,"price":154}],"date":"Dec 29, 2022, 2:32:48 AM"}
{"name":"Brine rat","level":70,"killCount":-1,"type":"NPC","drops":[{"name":"Bones","id":526,"quantity":1,"price":75},{"name":"Raw rat meat","id":2134,"quantity":1,"price":231},{"name":"Death rune","id":560,"quantity":7,"price":154}],"date":"Dec 29, 2022, 2:32:53 AM"}
{"name":"Brine rat","level":70,"killCount":-1,"type":"NPC","drops":[{"name":"Bones","id":526,"quantity":1,"price":75},{"name":"Raw rat meat","id":2134,"quantity":1,"price":231},{"name":"Coins","id":995,"quantity":1,"price":1}],"date":"Dec 29, 2022, 2:32:59 AM"}
{"name":"Brine rat","level":70,"killCount":-1,"type":"NPC","drops":[{"name":"Bones","id":526,"quantity":1,"price":75},{"name":"Raw rat meat","id":2134,"quantity":1,"price":231},{"name":"Coins","id":995,"quantity":29,"price":1}],"date":"Dec 29, 2022, 2:33:13 AM"}
{"name":"Brine rat","level":70,"killCount":-1,"type":"NPC","drops":[{"name":"Bones","id":526,"quantity":1,"price":75},{"name":"Raw rat meat","id":2134,"quantity":1,"price":231}],"date":"Dec 29, 2022, 2:33:19 AM"}
{"name":"Brine rat","level":70,"killCount":-1,"type":"NPC","drops":[{"name":"Bones","id":526,"quantity":1,"price":75},{"name":"Raw rat meat","id":2134,"quantity":1,"price":231},{"name":"Coins","id":995,"quantity":1,"price":1}],"date":"Dec 29, 2022, 2:33:30 AM"}
{"name":"Brine rat","level":70,"killCount":-1,"type":"NPC","drops":[{"name":"Bones","id":526,"quantity":1,"price":75},{"name":"Raw rat meat","id":2134,"quantity":1,"price":231},{"name":"Coins","id":995,"quantity":29,"price":1}],"date":"Dec 29, 2022, 2:33:36 AM"}
{"name":"Brine rat","level":70,"killCount":-1,"type":"NPC","drops":[{"name":"Bones","id":526,"quantity":1,"price":75},{"name":"Raw rat meat","id":2134,"quantity":1,"price":231},{"name":"Death rune","id":560,"quantity":7,"price":154}],"date":"Dec 29, 2022, 2:33:42 AM"}
{"name":"Brine rat","level":70,"killCount":-1,"type":"NPC","drops":[{"name":"Bones","id":526,"quantity":1,"price":75},{"name":"Raw rat meat","id":2134,"quantity":1,"price":231},{"name":"Death rune","id":560,"quantity":7,"price":154}],"date":"Dec 29, 2022, 2:34:00 AM"}
{"name":"Brine rat","level":70,"killCount":-1,"type":"NPC","drops":[{"name":"Bones","id":526,"quantity":1,"price":75},{"name":"Raw rat meat","id":2134,"quantity":1,"price":231},{"name":"Death rune","id":560,"quantity":7,"price":154}],"date":"Dec 29, 2022, 2:34:03 AM"}
{"name":"Brine rat","level":70,"killCount":-1,"type":"NPC","drops":[{"name":"Bones","id":526,"quantity":1,"price":75},{"name":"Raw rat meat","id":2134,"quantity":1,"price":231},{"name":"Death rune","id":560,"quantity":7,"price":154}],"date":"Dec 29, 2022, 2:34:09 AM"}
{"name":"Brine rat","level":70,"killCount":-1,"type":"NPC","drops":[{"name":"Bones","id":526,"quantity":1,"price":75},{"name":"Raw rat meat","id":2134,"quantity":1,"price":231},{"name":"Coins","id":995,"quantity":2,"price":1}],"date":"Dec 29, 2022, 2:34:16 AM"}
{"name":"Brine rat","level":70,"killCount":-1,"type":"NPC","drops":[{"name":"Bones","id":526,"quantity":1,"price":75},{"name":"Raw rat meat","id":2134,"quantity":1,"price":231},{"name":"Coins","id":995,"quantity":29,"price":1}],"date":"Dec 29, 2022, 2:34:23 AM"}
{"name":"Brine rat","level":70,"killCount":-1,"type":"NPC","drops":[{"name":"Bones","id":526,"quantity":1,"price":75},{"name":"Raw rat meat","id":2134,"quantity":1,"price":231},{"name":"Coins","id":995,"quantity":1,"price":1}],"date":"Dec 29, 2022, 2:34:30 AM"}
{"name":"Brine rat","level":70,"killCount":-1,"type":"NPC","drops":[{"name":"Bones","id":526,"quantity":1,"price":75},{"name":"Raw rat meat","id":2134,"quantity":1,"price":231},{"name":"Coins","id":995,"quantity":2,"price":1}],"date":"Dec 29, 2022, 2:34:38 AM"}
{"name":"Brine rat","level":70,"killCount":-1,"type":"NPC","drops":[{"name":"Bones","id":526,"quantity":1,"price":75},{"name":"Raw rat meat","id":2134,"quantity":1,"price":231},{"name":"Coins","id":995,"quantity":1,"price":1}],"date":"Dec 29, 2022, 2:34:47 AM"}
{"name":"Brine rat","level":70,"killCount":-1,"type":"NPC","drops":[{"name":"Bones","id":526,"quantity":1,"price":75},{"name":"Raw rat meat","id":2134,"quantity":1,"price":231},{"name":"Earth rune","id":557,"quantity":10,"price":4}],"date":"Dec 29, 2022, 2:34:53 AM"}
{"name":"Brine rat","level":70,"killCount":-1,"type":"NPC","drops":[{"name":"Bones","id":526,"quantity":1,"price":75},{"name":"Raw rat meat","id":2134,"quantity":1,"price":231},{"name":"Coins","id":995,"quantity":4,"price":1}],"date":"Dec 29, 2022, 2:35:01 AM"}
{"name":"Brine rat","level":70,"killCount":-1,"type":"NPC","drops":[{"name":"Bones","id":526,"quantity":1,"price":75},{"name":"Raw rat meat","id":2134,"quantity":1,"price":231},{"name":"Coins","id":995,"quantity":2,"price":1}],"date":"Dec 29, 2022, 2:35:09 AM"}
{"name":"Brine rat","level":70,"killCount":-1,"type":"NPC","drops":[{"name":"Bones","id":526,"quantity":1,"price":75},{"name":"Raw rat meat","id":2134,"quantity":1,"price":231},{"name":"Coins","id":995,"quantity":1,"price":1}],"date":"Dec 29, 2022, 2:35:14 AM"}
{"name":"Brine rat","level":70,"killCount":-1,"type":"NPC","drops":[{"name":"Bones","id":526,"quantity":1,"price":75},{"name":"Raw rat meat","id":2134,"quantity":1,"price":231},{"name":"Earth rune","id":557,"quantity":18,"price":4}],"date":"Dec 29, 2022, 2:35:16 AM"}
{"name":"Brine rat","level":70,"killCount":-1,"type":"NPC","drops":[{"name":"Bones","id":526,"quantity":1,"price":75},{"name":"Raw rat meat","id":2134,"quantity":1,"price":231},{"name":"Earth rune","id":557,"quantity":10,"price":4}],"date":"Dec 29, 2022, 2:35:22 AM"}
{"name":"Brine rat","level":70,"killCount":-1,"type":"NPC","drops":[{"name":"Bones","id":526,"quantity":1,"price":75},{"name":"Raw rat meat","id":2134,"quantity":1,"price":231},{"name":"Raw pike","id":350,"quantity":18,"price":86}],"date":"Dec 29, 2022, 2:35:26 AM"}
{"name":"Brine rat","level":70,"killCount":-1,"type":"NPC","drops":[{"name":"Bones","id":526,"quantity":1,"price":75},{"name":"Raw rat meat","id":2134,"quantity":1,"price":231},{"name":"Coins","id":995,"quantity":2,"price":1}],"date":"Dec 29, 2022, 2:35:33 AM"}
{"name":"Brine rat","level":70,"killCount":-1,"type":"NPC","drops":[{"name":"Bones","id":526,"quantity":1,"price":75},{"name":"Raw rat meat","id":2134,"quantity":1,"price":231},{"name":"Earth rune","id":557,"quantity":36,"price":4}],"date":"Dec 29, 2022, 2:35:41 AM"}
{"name":"Brine rat","level":70,"killCount":-1,"type":"NPC","drops":[{"name":"Bones","id":526,"quantity":1,"price":75},{"name":"Raw rat meat","id":2134,"quantity":1,"price":231},{"name":"Coins","id":995,"quantity":2,"price":1}],"date":"Dec 29, 2022, 2:35:45 AM"}
{"name":"Brine rat","level":70,"killCount":-1,"type":"NPC","drops":[{"name":"Bones","id":526,"quantity":1,"price":75},{"name":"Raw rat meat","id":2134,"quantity":1,"price":231},{"name":"Death rune","id":560,"quantity":7,"price":154}],"date":"Dec 29, 2022, 2:35:53 AM"}
{"name":"Brine rat","level":70,"killCount":-1,"type":"NPC","drops":[{"name":"Bones","id":526,"quantity":1,"price":75},{"name":"Raw rat meat","id":2134,"quantity":1,"price":231},{"name":"Coins","id":995,"quantity":2,"price":1}],"date":"Dec 29, 2022, 2:36:00 AM"}
{"name":"Brine rat","level":70,"killCount":-1,"type":"NPC","drops":[{"name":"Bones","id":526,"quantity":1,"price":75},{"name":"Raw rat meat","id":2134,"quantity":1,"price":231},{"name":"Raw rat meat","id":2135,"quantity":18,"price":231}],"date":"Dec 29, 2022, 2:36:04 AM"}
{"name":"Brine rat","level":70,"killCount":-1,"type":"NPC","drops":[{"name":"Bones","id":526,"quantity":1,"price":75},{"name":"Raw rat meat","id":2134,"quantity":1,"price":231},{"name":"Coins","id":995,"quantity":1,"price":1}],"date":"Dec 29, 2022, 2:36:13 AM"}
{"name":"Brine rat","level":70,"killCount":-1,"type":"NPC","drops":[{"name":"Bones","id":526,"quantity":1,"price":75},{"name":"Raw rat meat","id":2134,"quantity":1,"price":231},{"name":"Coins","id":995,"quantity":1,"price":1}],"date":"Dec 29, 2022, 2:36:24 AM"}
{"name":"Brine rat","level":70,"killCount":-1,"type":"NPC","drops":[{"name":"Bones","id":526,"quantity":1,"price":75},{"name":"Raw rat meat","id":2134,"quantity":1,"price":231},{"name":"Brine sabre","id":11037,"quantity":1,"price":200298}],"date":"Dec 29, 2022, 2:36:34 AM"}
{"name":"Brine rat","level":70,"killCount":-1,"type":"NPC","drops":[{"name":"Bones","id":526,"quantity":1,"price":75},{"name":"Raw rat meat","id":2134,"quantity":1,"price":231},{"name":"Coins","id":995,"quantity":2,"price":1}],"date":"Dec 29, 2022, 2:36:37 AM"}
{"name":"Brine rat","level":70,"killCount":-1,"type":"NPC","drops":[{"name":"Bones","id":526,"quantity":1,"price":75},{"name":"Raw rat meat","id":2134,"quantity":1,"price":231},{"name":"Coins","id":995,"quantity":1,"price":1}],"date":"Dec 29, 2022, 2:36:41 AM"}
