{"name":"Bryophyta","level":128,"killCount":1,"type":"NPC","drops":[{"name":"Big bones","id":532,"quantity":1,"price":253},{"name":"Coins","id":995,"quantity":10000,"price":1}],"date":"Aug 30, 2022, 12:43:54 PM"}
{"name":"Bryophyta","level":128,"killCount":2,"type":"NPC","drops":[{"name":"Big bones","id":532,"quantity":1,"price":253},{"name":"Rune platelegs","id":1079,"quantity":1,"price":38100}],"date":"Aug 30, 2022, 12:53:07 PM"}
{"name":"Bryophyta","level":128,"killCount":3,"type":"NPC","drops":[{"name":"Clue scroll (beginner)","id":23182,"quantity":1,"price":0},{"name":"Big bones","id":532,"quantity":1,"price":211},{"name":"Rune plateskirt","id":1093,"quantity":1,"price":38050}],"date":"Mar 5, 2023, 2:04:30 AM"}
{"name":"Bryophyta","level":128,"killCount":4,"type":"NPC","drops":[{"name":"Chaos rune","id":562,"quantity":200,"price":75}],"date":"Apr 27, 2023, 12:35:39 PM"}
{"name":"Bryophyta","level":128,"killCount":5,"type":"NPC","drops":[{"name":"Rune med helm","id":1147,"quantity":1,"price":11177},{"name":"Rune med helm","id":1147,"quantity":1,"price":11177}],"date":"Apr 27, 2023, 12:36:27 PM"}
{"name":"Bryophyta","level":128,"killCount":6,"type":"NPC","drops":[{"name":"Battlestaff","id":1392,"quantity":3,"price":7898}],"date":"Apr 27, 2023, 12:37:27 PM"}
{"name":"Bryophyta","level":128,"killCount":7,"type":"NPC","drops":[{"name":"Rune med helm","id":1147,"quantity":1,"price":11177},{"name":"Rune med helm","id":1147,"quantity":1,"price":11177}],"date":"Apr 27, 2023, 12:38:45 PM"}
{"name":"Bryophyta","level":128,"killCount":8,"type":"NPC","drops":[{"name":"Wildblood seed","id":5311,"quantity":1,"price":40}],"date":"Apr 27, 2023, 12:39:24 PM"}
{"name":"Bryophyta","level":128,"killCount":9,"type":"NPC","drops":[{"name":"Uncut diamond","id":1618,"quantity":5,"price":2421},{"name":"Uncut ruby","id":1620,"quantity":5,"price":1041}],"date":"Apr 27, 2023, 12:40:09 PM"}
{"name":"Bryophyta","level":128,"killCount":10,"type":"NPC","drops":[{"name":"Long bone","id":10976,"quantity":1,"price":1000},{"name":"Law rune","id":563,"quantity":100,"price":118}],"date":"Apr 27, 2023, 12:40:59 PM"}
{"name":"Bryophyta","level":128,"killCount":21,"type":"NPC","drops":[{"name":"Big bones","id":532,"quantity":1,"price":264},{"name":"Rune sq shield","id":1185,"quantity":1,"price":22623}],"date":"May 3, 2023, 11:52:23 AM"}
{"name":"Bryophyta","level":128,"killCount":22,"type":"NPC","drops":[{"name":"Mossy key","id":22374,"quantity":1,"price":0},{"name":"Big bones","id":532,"quantity":1,"price":264},{"name":"Bryophyta\u0027s essence","id":22372,"quantity":1,"price":7147707}],"date":"May 3, 2023, 11:55:15 AM"}
{"name":"Bryophyta","level":128,"killCount":23,"type":"NPC","drops":[{"name":"Big bones","id":532,"quantity":1,"price":264},{"name":"Jangerberry seed","id":5104,"quantity":1,"price":2}],"date":"May 3, 2023, 11:57:10 AM"}
{"name":"Bryophyta","level":128,"killCount":24,"type":"NPC","drops":[{"name":"Big bones","id":532,"quantity":1,"price":264},{"name":"Uncut diamond","id":1618,"quantity":5,"price":2462},{"name":"Uncut ruby","id":1620,"quantity":5,"price":1064}],"date":"May 3, 2023, 11:58:07 AM"}
{"name":"Bryophyta","level":128,"killCount":25,"type":"NPC","drops":[{"name":"Big bones","id":532,"quantity":1,"price":264},{"name":"Rune longsword","id":1303,"quantity":1,"price":18688}],"date":"May 3, 2023, 11:58:46 AM"}
{"name":"Bryophyta","level":128,"killCount":26,"type":"NPC","drops":[{"name":"Big bones","id":532,"quantity":1,"price":264},{"name":"Nature rune","id":561,"quantity":100,"price":94}],"date":"May 3, 2023, 11:59:35 AM"}
{"name":"Bryophyta","level":128,"killCount":27,"type":"NPC","drops":[{"name":"Big bones","id":532,"quantity":1,"price":264},{"name":"Strawberry seed","id":5323,"quantity":1,"price":2}],"date":"May 3, 2023, 12:00:57 PM"}
{"name":"Bryophyta","level":128,"killCount":28,"type":"NPC","drops":[{"name":"Big bones","id":532,"quantity":1,"price":264},{"name":"Death rune","id":560,"quantity":100,"price":151}],"date":"May 3, 2023, 12:01:54 PM"}
{"name":"Bryophyta","level":128,"killCount":29,"type":"NPC","drops":[{"name":"Big bones","id":532,"quantity":1,"price":264},{"name":"Nature rune","id":561,"quantity":100,"price":94}],"date":"May 3, 2023, 12:02:29 PM"}
{"name":"Bryophyta","level":128,"killCount":30,"type":"NPC","drops":[{"name":"Big bones","id":532,"quantity":1,"price":264},{"name":"Rune sword","id":1289,"quantity":1,"price":12163},{"name":"Rune sword","id":1289,"quantity":1,"price":12163}],"date":"May 3, 2023, 12:03:15 PM"}
{"name":"Bryophyta","level":128,"killCount":1,"type":"NPC","drops":[{"name":"Scroll box (beginner)","id":24361,"quantity":1,"price":0},{"name":"Big bones","id":532,"quantity":1,"price":255},{"name":"Runite bar","id":2363,"quantity":1,"price":12490},{"name":"Runite bar","id":2363,"quantity":1,"price":12490}],"date":"Nov 20, 2023, 3:06:42 PM"}
