{"name":"Cave crawler","level":23,"killCount":-1,"type":"NPC","drops":[{"name":"Potato seed","id":5318,"quantity":3,"price":2}],"date":"Nov 2, 2024, 6:34:24 PM"}
{"name":"Cave crawler","level":23,"killCount":-1,"type":"NPC","drops":[{"name":"Cabbage seed","id":5324,"quantity":3,"price":2}],"date":"Nov 2, 2024, 6:34:29 PM"}
{"name":"Cave crawler","level":23,"killCount":-1,"type":"NPC","drops":[{"name":"Grimy cadantine","id":215,"quantity":1,"price":3332}],"date":"Nov 2, 2024, 6:34:32 PM"}
{"name":"Cave crawler","level":23,"killCount":-1,"type":"NPC","drops":[{"name":"Grimy harralander","id":205,"quantity":1,"price":719}],"date":"Nov 2, 2024, 6:34:47 PM"}
{"name":"Cave crawler","level":23,"killCount":-1,"type":"NPC","drops":[{"name":"Limpwurt root","id":225,"quantity":1,"price":568}],"date":"Nov 2, 2024, 6:34:52 PM"}
{"name":"Cave crawler","level":23,"killCount":-1,"type":"NPC","drops":[{"name":"Cabbage seed","id":5324,"quantity":2,"price":2}],"date":"Nov 2, 2024, 6:35:08 PM"}
{"name":"Cave crawler","level":23,"killCount":-1,"type":"NPC","drops":[{"name":"Uncut ruby","id":1619,"quantity":1,"price":1010}],"date":"Nov 2, 2024, 6:35:15 PM"}
{"name":"Cave crawler","level":23,"killCount":-1,"type":"NPC","drops":[{"name":"Onion seed","id":5319,"quantity":2,"price":2}],"date":"Nov 2, 2024, 6:35:18 PM"}
{"name":"Cave crawler","level":23,"killCount":-1,"type":"NPC","drops":[{"name":"Vial of water","id":227,"quantity":1,"price":3}],"date":"Nov 2, 2024, 6:35:25 PM"}
{"name":"Cave crawler","level":23,"killCount":-1,"type":"NPC","drops":[{"name":"Grimy guam leaf","id":199,"quantity":1,"price":306}],"date":"Nov 2, 2024, 6:35:30 PM"}
{"name":"Cave crawler","level":23,"killCount":-1,"type":"NPC","drops":[{"name":"Coins","id":995,"quantity":29,"price":1}],"date":"Nov 2, 2024, 6:35:35 PM"}
{"name":"Cave crawler","level":23,"killCount":-1,"type":"NPC","drops":[{"name":"Eye of newt","id":221,"quantity":1,"price":4}],"date":"Nov 2, 2024, 6:35:42 PM"}
{"name":"Cave crawler","level":23,"killCount":-1,"type":"NPC","drops":[{"name":"Potato seed","id":5318,"quantity":2,"price":2}],"date":"Nov 2, 2024, 6:47:29 PM"}
{"name":"Cave crawler","level":23,"killCount":-1,"type":"NPC","drops":[{"name":"Vial of water","id":227,"quantity":1,"price":3}],"date":"Nov 2, 2024, 6:47:32 PM"}
{"name":"Cave crawler","level":23,"killCount":-1,"type":"NPC","drops":[{"name":"Coins","id":995,"quantity":29,"price":1}],"date":"Nov 2, 2024, 6:47:35 PM"}
{"name":"Cave crawler","level":23,"killCount":-1,"type":"NPC","drops":[{"name":"Potato seed","id":5318,"quantity":2,"price":2}],"date":"Nov 2, 2024, 6:47:38 PM"}
{"name":"Cave crawler","level":23,"killCount":-1,"type":"NPC","drops":[{"name":"Fire rune","id":554,"quantity":12,"price":5}],"date":"Nov 2, 2024, 6:47:43 PM"}
{"name":"Cave crawler","level":23,"killCount":-1,"type":"NPC","drops":[{"name":"Potato seed","id":5318,"quantity":2,"price":2}],"date":"Nov 2, 2024, 6:47:46 PM"}
{"name":"Cave crawler","level":23,"killCount":-1,"type":"NPC","drops":[{"name":"Nature rune","id":561,"quantity":3,"price":108}],"date":"Nov 2, 2024, 6:47:47 PM"}
{"name":"Cave crawler","level":23,"killCount":-1,"type":"NPC","drops":[{"name":"Grimy irit leaf","id":209,"quantity":1,"price":1460}],"date":"Nov 2, 2024, 6:47:52 PM"}
{"name":"Cave crawler","level":23,"killCount":-1,"type":"NPC","drops":[{"name":"Limpwurt root","id":225,"quantity":1,"price":568}],"date":"Nov 2, 2024, 6:47:58 PM"}
{"name":"Cave crawler","level":23,"killCount":-1,"type":"NPC","drops":[{"name":"Onion seed","id":5319,"quantity":1,"price":2}],"date":"Nov 2, 2024, 6:48:03 PM"}
{"name":"Cave crawler","level":23,"killCount":-1,"type":"NPC","drops":[{"name":"Nature rune","id":561,"quantity":3,"price":108}],"date":"Nov 2, 2024, 6:48:06 PM"}
{"name":"Cave crawler","level":23,"killCount":-1,"type":"NPC","drops":[{"name":"Grimy ranarr weed","id":207,"quantity":1,"price":6693}],"date":"Nov 2, 2024, 6:48:09 PM"}
