{"name":"Cave horror","level":80,"killCount":-1,"type":"NPC","drops":[{"name":"Big bones","id":532,"quantity":1,"price":200},{"name":"Teak logs","id":6334,"quantity":4,"price":240}],"date":"Apr 29, 2022, 10:05:34 AM"}
{"name":"Cave horror","level":80,"killCount":-1,"type":"NPC","drops":[{"name":"Big bones","id":532,"quantity":1,"price":200},{"name":"Coins","id":995,"quantity":44,"price":1}],"date":"Apr 29, 2022, 10:05:40 AM"}
{"name":"Cave horror","level":80,"killCount":-1,"type":"NPC","drops":[{"name":"Big bones","id":532,"quantity":1,"price":200},{"name":"Nature rune","id":561,"quantity":4,"price":192}],"date":"Apr 29, 2022, 10:05:45 AM"}
{"name":"Cave horror","level":80,"killCount":-1,"type":"NPC","drops":[{"name":"Big bones","id":532,"quantity":1,"price":200},{"name":"Irit seed","id":5297,"quantity":1,"price":41}],"date":"Apr 29, 2022, 10:05:59 AM"}
{"name":"Cave horror","level":80,"killCount":-1,"type":"NPC","drops":[{"name":"Big bones","id":532,"quantity":1,"price":200},{"name":"Coins","id":995,"quantity":440,"price":1}],"date":"Apr 29, 2022, 10:06:07 AM"}
{"name":"Cave horror","level":80,"killCount":-1,"type":"NPC","drops":[{"name":"Big bones","id":532,"quantity":1,"price":200},{"name":"Coins","id":995,"quantity":132,"price":1}],"date":"Apr 29, 2022, 10:06:12 AM"}
{"name":"Cave horror","level":80,"killCount":-1,"type":"NPC","drops":[{"name":"Big bones","id":532,"quantity":1,"price":200},{"name":"Mithril axe","id":1355,"quantity":1,"price":225}],"date":"Apr 29, 2022, 10:06:19 AM"}
{"name":"Cave horror","level":80,"killCount":-1,"type":"NPC","drops":[{"name":"Big bones","id":532,"quantity":1,"price":200},{"name":"Onion seed","id":5319,"quantity":3,"price":1}],"date":"Apr 29, 2022, 10:06:30 AM"}
{"name":"Cave horror","level":80,"killCount":-1,"type":"NPC","drops":[{"name":"Big bones","id":532,"quantity":1,"price":200},{"name":"Coins","id":995,"quantity":44,"price":1}],"date":"Apr 29, 2022, 10:06:42 AM"}
{"name":"Cave horror","level":80,"killCount":-1,"type":"NPC","drops":[{"name":"Big bones","id":532,"quantity":1,"price":200},{"name":"Coins","id":995,"quantity":44,"price":1}],"date":"Apr 29, 2022, 10:06:51 AM"}
{"name":"Cave horror","level":80,"killCount":-1,"type":"NPC","drops":[{"name":"Big bones","id":532,"quantity":1,"price":200},{"name":"Coins","id":995,"quantity":132,"price":1}],"date":"Apr 29, 2022, 10:06:56 AM"}
{"name":"Cave horror","level":80,"killCount":-1,"type":"NPC","drops":[{"name":"Big bones","id":532,"quantity":1,"price":200},{"name":"Coins","id":995,"quantity":44,"price":1}],"date":"Apr 29, 2022, 10:07:06 AM"}
{"name":"Cave horror","level":80,"killCount":-1,"type":"NPC","drops":[{"name":"Big bones","id":532,"quantity":1,"price":200},{"name":"Mahogany logs","id":6332,"quantity":1,"price":453},{"name":"Mahogany logs","id":6332,"quantity":1,"price":453}],"date":"Apr 29, 2022, 10:07:25 AM"}
{"name":"Cave horror","level":80,"killCount":-1,"type":"NPC","drops":[{"name":"Big bones","id":532,"quantity":1,"price":200},{"name":"Coins","id":995,"quantity":44,"price":1}],"date":"Apr 29, 2022, 10:07:34 AM"}
{"name":"Cave horror","level":80,"killCount":-1,"type":"NPC","drops":[{"name":"Big bones","id":532,"quantity":1,"price":200},{"name":"Coins","id":995,"quantity":44,"price":1}],"date":"Apr 29, 2022, 10:07:39 AM"}
{"name":"Cave horror","level":80,"killCount":-1,"type":"NPC","drops":[{"name":"Big bones","id":532,"quantity":1,"price":200},{"name":"Teak logs","id":6334,"quantity":4,"price":240}],"date":"Apr 29, 2022, 10:07:48 AM"}
{"name":"Cave horror","level":80,"killCount":-1,"type":"NPC","drops":[{"name":"Big bones","id":532,"quantity":1,"price":200},{"name":"Belladonna seed","id":5281,"quantity":1,"price":33}],"date":"Apr 29, 2022, 10:07:52 AM"}
{"name":"Cave horror","level":80,"killCount":-1,"type":"NPC","drops":[{"name":"Big bones","id":532,"quantity":1,"price":200},{"name":"Toadflax seed","id":5296,"quantity":1,"price":3406}],"date":"Apr 29, 2022, 10:08:04 AM"}
{"name":"Cave horror","level":80,"killCount":-1,"type":"NPC","drops":[{"name":"Big bones","id":532,"quantity":1,"price":200},{"name":"Mithril axe","id":1355,"quantity":1,"price":225}],"date":"Apr 29, 2022, 10:08:12 AM"}
{"name":"Cave horror","level":80,"killCount":-1,"type":"NPC","drops":[{"name":"Big bones","id":532,"quantity":1,"price":200},{"name":"Teak logs","id":6334,"quantity":4,"price":240}],"date":"Apr 29, 2022, 10:08:24 AM"}
{"name":"Cave horror","level":80,"killCount":-1,"type":"NPC","drops":[{"name":"Big bones","id":532,"quantity":1,"price":200},{"name":"Coins","id":995,"quantity":440,"price":1}],"date":"Apr 29, 2022, 10:08:31 AM"}
{"name":"Cave horror","level":80,"killCount":-1,"type":"NPC","drops":[{"name":"Big bones","id":532,"quantity":1,"price":200},{"name":"Mithril kiteshield","id":1197,"quantity":1,"price":1053}],"date":"Apr 29, 2022, 10:08:34 AM"}
{"name":"Cave horror","level":80,"killCount":-1,"type":"NPC","drops":[{"name":"Big bones","id":532,"quantity":1,"price":200},{"name":"Tomato seed","id":5322,"quantity":1,"price":8}],"date":"Apr 29, 2022, 10:08:52 AM"}
{"name":"Cave horror","level":80,"killCount":-1,"type":"NPC","drops":[{"name":"Big bones","id":532,"quantity":1,"price":200},{"name":"Mahogany logs","id":6332,"quantity":1,"price":453},{"name":"Mahogany logs","id":6332,"quantity":1,"price":453}],"date":"Apr 29, 2022, 10:09:00 AM"}
{"name":"Cave horror","level":80,"killCount":-1,"type":"NPC","drops":[{"name":"Big bones","id":532,"quantity":1,"price":200},{"name":"Mithril axe","id":1355,"quantity":1,"price":225}],"date":"Apr 29, 2022, 10:09:10 AM"}
{"name":"Cave horror","level":80,"killCount":-1,"type":"NPC","drops":[{"name":"Big bones","id":532,"quantity":1,"price":200},{"name":"Mithril axe","id":1355,"quantity":1,"price":225}],"date":"Apr 29, 2022, 10:09:15 AM"}
{"name":"Cave horror","level":80,"killCount":-1,"type":"NPC","drops":[{"name":"Big bones","id":532,"quantity":1,"price":200},{"name":"Cadantine seed","id":5301,"quantity":1,"price":1075}],"date":"Apr 29, 2022, 10:09:26 AM"}
{"name":"Cave horror","level":80,"killCount":-1,"type":"NPC","drops":[{"name":"Big bones","id":532,"quantity":1,"price":200},{"name":"Coins","id":995,"quantity":44,"price":1}],"date":"Apr 29, 2022, 10:09:45 AM"}
{"name":"Cave horror","level":80,"killCount":-1,"type":"NPC","drops":[{"name":"Big bones","id":532,"quantity":1,"price":200},{"name":"Coins","id":995,"quantity":132,"price":1}],"date":"Apr 29, 2022, 10:09:52 AM"}
{"name":"Cave horror","level":80,"killCount":-1,"type":"NPC","drops":[{"name":"Big bones","id":532,"quantity":1,"price":200},{"name":"Black mask (10)","id":8901,"quantity":1,"price":1136000}],"date":"Apr 29, 2022, 10:10:03 AM"}
{"name":"Cave horror","level":80,"killCount":-1,"type":"NPC","drops":[{"name":"Big bones","id":532,"quantity":1,"price":200},{"name":"Toadflax seed","id":5296,"quantity":1,"price":3406}],"date":"Apr 29, 2022, 10:10:12 AM"}
{"name":"Cave horror","level":80,"killCount":-1,"type":"NPC","drops":[{"name":"Big bones","id":532,"quantity":1,"price":200},{"name":"Ensouled horror head","id":13486,"quantity":1,"price":1370},{"name":"Coins","id":995,"quantity":44,"price":1}],"date":"Apr 29, 2022, 10:10:18 AM"}
{"name":"Cave horror","level":80,"killCount":-1,"type":"NPC","drops":[{"name":"Big bones","id":532,"quantity":1,"price":200},{"name":"Teak logs","id":6334,"quantity":4,"price":240}],"date":"Apr 29, 2022, 10:10:39 AM"}
{"name":"Cave horror","level":80,"killCount":-1,"type":"NPC","drops":[{"name":"Big bones","id":532,"quantity":1,"price":200},{"name":"Coins","id":995,"quantity":132,"price":1}],"date":"Apr 29, 2022, 10:10:50 AM"}
{"name":"Cave horror","level":80,"killCount":-1,"type":"NPC","drops":[{"name":"Big bones","id":532,"quantity":1,"price":200},{"name":"Ensouled horror head","id":13486,"quantity":1,"price":1370},{"name":"Potato seed","id":5318,"quantity":3,"price":1}],"date":"Apr 29, 2022, 10:10:57 AM"}
{"name":"Cave horror","level":80,"killCount":-1,"type":"NPC","drops":[{"name":"Big bones","id":532,"quantity":1,"price":200},{"name":"Grimy marrentill","id":201,"quantity":1,"price":17}],"date":"Apr 29, 2022, 10:11:13 AM"}
{"name":"Cave horror","level":80,"killCount":-1,"type":"NPC","drops":[{"name":"Big bones","id":532,"quantity":1,"price":200},{"name":"Coins","id":995,"quantity":44,"price":1}],"date":"Apr 29, 2022, 10:11:19 AM"}
{"name":"Cave horror","level":80,"killCount":-1,"type":"NPC","drops":[{"name":"Big bones","id":532,"quantity":1,"price":200},{"name":"Coins","id":995,"quantity":44,"price":1}],"date":"Apr 29, 2022, 10:11:31 AM"}
{"name":"Cave horror","level":80,"killCount":-1,"type":"NPC","drops":[{"name":"Big bones","id":532,"quantity":1,"price":200},{"name":"Nature rune","id":561,"quantity":6,"price":192}],"date":"Apr 29, 2022, 10:11:40 AM"}
{"name":"Cave horror","level":80,"killCount":-1,"type":"NPC","drops":[{"name":"Big bones","id":532,"quantity":1,"price":200},{"name":"Grimy guam leaf","id":199,"quantity":1,"price":104}],"date":"Apr 29, 2022, 10:11:48 AM"}
{"name":"Cave horror","level":80,"killCount":-1,"type":"NPC","drops":[{"name":"Big bones","id":532,"quantity":1,"price":200},{"name":"Coins","id":995,"quantity":44,"price":1}],"date":"Apr 29, 2022, 10:11:55 AM"}
{"name":"Cave horror","level":80,"killCount":-1,"type":"NPC","drops":[{"name":"Big bones","id":532,"quantity":1,"price":200},{"name":"Nature rune","id":561,"quantity":4,"price":192}],"date":"Apr 29, 2022, 10:12:10 AM"}
{"name":"Cave horror","level":80,"killCount":-1,"type":"NPC","drops":[{"name":"Big bones","id":532,"quantity":1,"price":200},{"name":"Coins","id":995,"quantity":132,"price":1}],"date":"Apr 29, 2022, 10:12:12 AM"}
{"name":"Cave horror","level":80,"killCount":-1,"type":"NPC","drops":[{"name":"Big bones","id":532,"quantity":1,"price":200},{"name":"Nature rune","id":561,"quantity":6,"price":192}],"date":"Apr 29, 2022, 10:12:17 AM"}
{"name":"Cave horror","level":80,"killCount":-1,"type":"NPC","drops":[{"name":"Big bones","id":532,"quantity":1,"price":200},{"name":"Teak logs","id":6334,"quantity":4,"price":240}],"date":"Apr 29, 2022, 10:12:31 AM"}
{"name":"Cave horror","level":80,"killCount":-1,"type":"NPC","drops":[{"name":"Big bones","id":532,"quantity":1,"price":200},{"name":"Coins","id":995,"quantity":132,"price":1}],"date":"Apr 29, 2022, 10:12:41 AM"}
{"name":"Cave horror","level":80,"killCount":-1,"type":"NPC","drops":[{"name":"Big bones","id":532,"quantity":1,"price":200},{"name":"Mithril axe","id":1355,"quantity":1,"price":225}],"date":"Apr 29, 2022, 10:12:45 AM"}
{"name":"Cave horror","level":80,"killCount":-1,"type":"NPC","drops":[{"name":"Big bones","id":532,"quantity":1,"price":200}],"date":"Apr 29, 2022, 10:12:53 AM"}
{"name":"Cave horror","level":80,"killCount":-1,"type":"NPC","drops":[{"name":"Big bones","id":532,"quantity":1,"price":200},{"name":"Coins","id":995,"quantity":44,"price":1}],"date":"Apr 29, 2022, 10:12:58 AM"}
{"name":"Cave horror","level":80,"killCount":-1,"type":"NPC","drops":[{"name":"Big bones","id":532,"quantity":1,"price":200},{"name":"Coins","id":995,"quantity":44,"price":1}],"date":"Apr 29, 2022, 10:13:14 AM"}
{"name":"Cave horror","level":80,"killCount":-1,"type":"NPC","drops":[{"name":"Big bones","id":532,"quantity":1,"price":200},{"name":"Belladonna seed","id":5281,"quantity":1,"price":33}],"date":"Apr 29, 2022, 10:13:17 AM"}
{"name":"Cave horror","level":80,"killCount":-1,"type":"NPC","drops":[{"name":"Big bones","id":532,"quantity":1,"price":200},{"name":"Coins","id":995,"quantity":132,"price":1}],"date":"Apr 29, 2022, 10:13:21 AM"}
{"name":"Cave horror","level":80,"killCount":-1,"type":"NPC","drops":[{"name":"Big bones","id":532,"quantity":1,"price":200},{"name":"Limpwurt root","id":225,"quantity":1,"price":714}],"date":"Apr 29, 2022, 10:13:27 AM"}
{"name":"Cave horror","level":80,"killCount":-1,"type":"NPC","drops":[{"name":"Big bones","id":532,"quantity":1,"price":200},{"name":"Teak logs","id":6334,"quantity":4,"price":240}],"date":"Apr 29, 2022, 10:13:35 AM"}
{"name":"Cave horror","level":80,"killCount":-1,"type":"NPC","drops":[{"name":"Big bones","id":532,"quantity":1,"price":200},{"name":"Nature rune","id":561,"quantity":4,"price":192}],"date":"Apr 29, 2022, 10:13:43 AM"}
{"name":"Cave horror","level":80,"killCount":-1,"type":"NPC","drops":[{"name":"Big bones","id":532,"quantity":1,"price":200},{"name":"Coins","id":995,"quantity":44,"price":1}],"date":"Apr 29, 2022, 10:13:51 AM"}
{"name":"Cave horror","level":80,"killCount":-1,"type":"NPC","drops":[{"name":"Big bones","id":532,"quantity":1,"price":200},{"name":"Coins","id":995,"quantity":44,"price":1}],"date":"Apr 29, 2022, 10:13:58 AM"}
{"name":"Cave horror","level":80,"killCount":-1,"type":"NPC","drops":[{"name":"Big bones","id":532,"quantity":1,"price":200},{"name":"Grimy ranarr weed","id":207,"quantity":1,"price":7714}],"date":"Apr 29, 2022, 10:14:09 AM"}
{"name":"Cave horror","level":80,"killCount":-1,"type":"NPC","drops":[{"name":"Big bones","id":532,"quantity":1,"price":200},{"name":"Snapdragon seed","id":5300,"quantity":1,"price":88233}],"date":"Apr 29, 2022, 10:14:14 AM"}
{"name":"Cave horror","level":80,"killCount":-1,"type":"NPC","drops":[{"name":"Big bones","id":532,"quantity":1,"price":200},{"name":"Mithril axe","id":1355,"quantity":1,"price":225}],"date":"Apr 29, 2022, 10:14:21 AM"}
{"name":"Cave horror","level":80,"killCount":-1,"type":"NPC","drops":[{"name":"Big bones","id":532,"quantity":1,"price":200},{"name":"Rune dagger","id":1213,"quantity":1,"price":4476}],"date":"Apr 29, 2022, 10:14:31 AM"}
{"name":"Cave horror","level":80,"killCount":-1,"type":"NPC","drops":[{"name":"Big bones","id":532,"quantity":1,"price":200},{"name":"Coins","id":995,"quantity":44,"price":1}],"date":"Apr 29, 2022, 10:14:40 AM"}
{"name":"Cave horror","level":80,"killCount":-1,"type":"NPC","drops":[{"name":"Big bones","id":532,"quantity":1,"price":200},{"name":"Nature rune","id":561,"quantity":4,"price":192}],"date":"Apr 29, 2022, 10:14:45 AM"}
{"name":"Cave horror","level":80,"killCount":-1,"type":"NPC","drops":[{"name":"Big bones","id":532,"quantity":1,"price":200},{"name":"Coins","id":995,"quantity":132,"price":1}],"date":"Apr 29, 2022, 10:14:52 AM"}
{"name":"Cave horror","level":80,"killCount":-1,"type":"NPC","drops":[{"name":"Big bones","id":532,"quantity":1,"price":200},{"name":"Toadflax seed","id":5296,"quantity":1,"price":3406}],"date":"Apr 29, 2022, 10:15:03 AM"}
{"name":"Cave horror","level":80,"killCount":-1,"type":"NPC","drops":[{"name":"Big bones","id":532,"quantity":1,"price":200},{"name":"Onion seed","id":5319,"quantity":1,"price":1}],"date":"Apr 29, 2022, 10:15:06 AM"}
{"name":"Cave horror","level":80,"killCount":-1,"type":"NPC","drops":[{"name":"Big bones","id":532,"quantity":1,"price":200},{"name":"Cabbage seed","id":5324,"quantity":3,"price":1}],"date":"Apr 29, 2022, 10:15:24 AM"}
{"name":"Cave horror","level":80,"killCount":-1,"type":"NPC","drops":[{"name":"Big bones","id":532,"quantity":1,"price":200},{"name":"Coins","id":995,"quantity":44,"price":1}],"date":"Apr 29, 2022, 10:15:36 AM"}
{"name":"Cave horror","level":80,"killCount":-1,"type":"NPC","drops":[{"name":"Big bones","id":532,"quantity":1,"price":200},{"name":"Onion seed","id":5319,"quantity":3,"price":1}],"date":"Apr 29, 2022, 10:15:39 AM"}
{"name":"Cave horror","level":80,"killCount":-1,"type":"NPC","drops":[{"name":"Big bones","id":532,"quantity":1,"price":200},{"name":"Ensouled horror head","id":13486,"quantity":1,"price":1370},{"name":"Teak logs","id":6334,"quantity":4,"price":240}],"date":"Apr 29, 2022, 10:15:46 AM"}
{"name":"Cave horror","level":80,"killCount":-1,"type":"NPC","drops":[{"name":"Big bones","id":532,"quantity":1,"price":200},{"name":"Onion seed","id":5319,"quantity":1,"price":1}],"date":"Apr 29, 2022, 10:16:05 AM"}
{"name":"Cave horror","level":80,"killCount":-1,"type":"NPC","drops":[{"name":"Big bones","id":532,"quantity":1,"price":200},{"name":"Tomato seed","id":5322,"quantity":1,"price":8}],"date":"Apr 29, 2022, 10:16:13 AM"}
{"name":"Cave horror","level":80,"killCount":-1,"type":"NPC","drops":[{"name":"Big bones","id":532,"quantity":1,"price":200},{"name":"Coins","id":995,"quantity":132,"price":1}],"date":"Apr 29, 2022, 10:16:22 AM"}
{"name":"Cave horror","level":80,"killCount":-1,"type":"NPC","drops":[{"name":"Big bones","id":532,"quantity":1,"price":200},{"name":"Cactus seed","id":5280,"quantity":1,"price":74}],"date":"Apr 29, 2022, 10:16:30 AM"}
{"name":"Cave horror","level":80,"killCount":-1,"type":"NPC","drops":[{"name":"Big bones","id":532,"quantity":1,"price":200},{"name":"Cabbage seed","id":5324,"quantity":3,"price":1}],"date":"Apr 29, 2022, 10:16:48 AM"}
{"name":"Cave horror","level":80,"killCount":-1,"type":"NPC","drops":[{"name":"Big bones","id":532,"quantity":1,"price":200},{"name":"Nature rune","id":561,"quantity":4,"price":192}],"date":"Apr 29, 2022, 10:17:04 AM"}
{"name":"Cave horror","level":80,"killCount":-1,"type":"NPC","drops":[{"name":"Big bones","id":532,"quantity":1,"price":200},{"name":"Poison ivy seed","id":5106,"quantity":1,"price":45}],"date":"Apr 29, 2022, 10:17:16 AM"}
{"name":"Cave horror","level":80,"killCount":-1,"type":"NPC","drops":[{"name":"Big bones","id":532,"quantity":1,"price":200},{"name":"Mithril axe","id":1355,"quantity":1,"price":225}],"date":"Apr 29, 2022, 10:17:23 AM"}
{"name":"Cave horror","level":80,"killCount":-1,"type":"NPC","drops":[{"name":"Big bones","id":532,"quantity":1,"price":200},{"name":"Belladonna seed","id":5281,"quantity":1,"price":33}],"date":"Apr 29, 2022, 10:17:35 AM"}
{"name":"Cave horror","level":80,"killCount":-1,"type":"NPC","drops":[{"name":"Big bones","id":532,"quantity":1,"price":200},{"name":"Coins","id":995,"quantity":44,"price":1}],"date":"Apr 29, 2022, 10:17:40 AM"}
{"name":"Cave horror","level":80,"killCount":-1,"type":"NPC","drops":[{"name":"Big bones","id":532,"quantity":1,"price":200},{"name":"Potato seed","id":5318,"quantity":4,"price":1}],"date":"Apr 29, 2022, 10:17:45 AM"}
{"name":"Cave horror","level":80,"killCount":-1,"type":"NPC","drops":[{"name":"Big bones","id":532,"quantity":1,"price":200},{"name":"Nature rune","id":561,"quantity":6,"price":192}],"date":"Apr 29, 2022, 10:17:49 AM"}
{"name":"Cave horror","level":80,"killCount":-1,"type":"NPC","drops":[{"name":"Big bones","id":532,"quantity":1,"price":200},{"name":"Coins","id":995,"quantity":44,"price":1}],"date":"Apr 29, 2022, 10:18:01 AM"}
{"name":"Cave horror","level":80,"killCount":-1,"type":"NPC","drops":[{"name":"Big bones","id":532,"quantity":1,"price":200},{"name":"Grimy harralander","id":205,"quantity":1,"price":782}],"date":"Apr 29, 2022, 10:18:13 AM"}
{"name":"Cave horror","level":80,"killCount":-1,"type":"NPC","drops":[{"name":"Big bones","id":532,"quantity":1,"price":200},{"name":"Coins","id":995,"quantity":44,"price":1}],"date":"Apr 29, 2022, 10:18:39 AM"}
{"name":"Cave horror","level":80,"killCount":-1,"type":"NPC","drops":[{"name":"Big bones","id":532,"quantity":1,"price":200},{"name":"Potato seed","id":5318,"quantity":3,"price":1}],"date":"Apr 29, 2022, 10:18:47 AM"}
{"name":"Cave horror","level":80,"killCount":-1,"type":"NPC","drops":[{"name":"Big bones","id":532,"quantity":1,"price":200},{"name":"Coins","id":995,"quantity":44,"price":1}],"date":"Apr 29, 2022, 10:18:55 AM"}
{"name":"Cave horror","level":80,"killCount":-1,"type":"NPC","drops":[{"name":"Big bones","id":532,"quantity":1,"price":201},{"name":"Irit seed","id":5297,"quantity":1,"price":41}],"date":"Apr 29, 2022, 10:18:58 AM"}
{"name":"Cave horror","level":80,"killCount":-1,"type":"NPC","drops":[{"name":"Big bones","id":532,"quantity":1,"price":201},{"name":"Grimy harralander","id":205,"quantity":1,"price":769}],"date":"Apr 29, 2022, 10:19:10 AM"}
{"name":"Cave horror","level":80,"killCount":-1,"type":"NPC","drops":[{"name":"Big bones","id":532,"quantity":1,"price":201},{"name":"Uncut emerald","id":1621,"quantity":1,"price":571}],"date":"Apr 29, 2022, 10:19:24 AM"}
{"name":"Cave horror","level":80,"killCount":-1,"type":"NPC","drops":[{"name":"Big bones","id":532,"quantity":1,"price":201},{"name":"Mithril kiteshield","id":1197,"quantity":1,"price":1053}],"date":"Apr 29, 2022, 10:19:34 AM"}
{"name":"Cave horror","level":80,"killCount":-1,"type":"NPC","drops":[{"name":"Big bones","id":532,"quantity":1,"price":201},{"name":"Belladonna seed","id":5281,"quantity":1,"price":37}],"date":"Apr 29, 2022, 10:19:41 AM"}
{"name":"Cave horror","level":80,"killCount":-1,"type":"NPC","drops":[{"name":"Big bones","id":532,"quantity":1,"price":201},{"name":"Grimy guam leaf","id":199,"quantity":1,"price":567}],"date":"Apr 29, 2022, 10:19:51 AM"}
{"name":"Cave horror","level":80,"killCount":-1,"type":"NPC","drops":[{"name":"Big bones","id":532,"quantity":1,"price":201},{"name":"Coins","id":995,"quantity":132,"price":1}],"date":"Apr 29, 2022, 10:20:01 AM"}
{"name":"Cave horror","level":80,"killCount":-1,"type":"NPC","drops":[{"name":"Big bones","id":532,"quantity":1,"price":201},{"name":"Coins","id":995,"quantity":44,"price":1}],"date":"Apr 29, 2022, 10:20:08 AM"}
{"name":"Cave horror","level":80,"killCount":-1,"type":"NPC","drops":[{"name":"Big bones","id":532,"quantity":1,"price":201},{"name":"Potato seed","id":5318,"quantity":3,"price":1}],"date":"Apr 29, 2022, 10:20:13 AM"}
{"name":"Cave horror","level":80,"killCount":-1,"type":"NPC","drops":[{"name":"Big bones","id":532,"quantity":1,"price":201},{"name":"Potato seed","id":5318,"quantity":3,"price":1}],"date":"Apr 29, 2022, 10:20:20 AM"}
{"name":"Cave horror","level":80,"killCount":-1,"type":"NPC","drops":[{"name":"Big bones","id":532,"quantity":1,"price":201},{"name":"Coins","id":995,"quantity":44,"price":1}],"date":"Apr 29, 2022, 10:20:25 AM"}
{"name":"Cave horror","level":80,"killCount":-1,"type":"NPC","drops":[{"name":"Big bones","id":532,"quantity":1,"price":201},{"name":"Coins","id":995,"quantity":44,"price":1}],"date":"Apr 29, 2022, 10:20:32 AM"}
{"name":"Cave horror","level":80,"killCount":-1,"type":"NPC","drops":[{"name":"Big bones","id":532,"quantity":1,"price":201},{"name":"Mahogany logs","id":6332,"quantity":1,"price":454},{"name":"Mahogany logs","id":6332,"quantity":1,"price":454}],"date":"Apr 29, 2022, 10:20:49 AM"}
{"name":"Cave horror","level":80,"killCount":-1,"type":"NPC","drops":[{"name":"Big bones","id":532,"quantity":1,"price":201},{"name":"Grimy ranarr weed","id":207,"quantity":1,"price":7694}],"date":"Apr 29, 2022, 10:21:00 AM"}
{"name":"Cave horror","level":80,"killCount":-1,"type":"NPC","drops":[{"name":"Big bones","id":532,"quantity":1,"price":201},{"name":"Teak logs","id":6334,"quantity":4,"price":247}],"date":"Apr 29, 2022, 10:21:08 AM"}
{"name":"Cave horror","level":80,"killCount":-1,"type":"NPC","drops":[{"name":"Big bones","id":532,"quantity":1,"price":201},{"name":"Grimy lantadyme","id":2485,"quantity":1,"price":1712}],"date":"Apr 29, 2022, 10:21:17 AM"}
{"name":"Cave horror","level":80,"killCount":-1,"type":"NPC","drops":[{"name":"Big bones","id":532,"quantity":1,"price":201},{"name":"Limpwurt root","id":225,"quantity":1,"price":714}],"date":"Apr 29, 2022, 10:21:29 AM"}
{"name":"Cave horror","level":80,"killCount":-1,"type":"NPC","drops":[{"name":"Big bones","id":532,"quantity":1,"price":201},{"name":"Grimy marrentill","id":201,"quantity":1,"price":21}],"date":"Apr 29, 2022, 10:21:44 AM"}
{"name":"Cave horror","level":80,"killCount":-1,"type":"NPC","drops":[{"name":"Big bones","id":532,"quantity":1,"price":201},{"name":"Poison ivy seed","id":5106,"quantity":1,"price":45}],"date":"Apr 29, 2022, 10:21:55 AM"}
{"name":"Cave horror","level":80,"killCount":-1,"type":"NPC","drops":[{"name":"Big bones","id":532,"quantity":1,"price":201},{"name":"Mithril axe","id":1355,"quantity":1,"price":174}],"date":"Apr 29, 2022, 10:22:15 AM"}
{"name":"Cave horror","level":80,"killCount":-1,"type":"NPC","drops":[{"name":"Big bones","id":532,"quantity":1,"price":201},{"name":"Mahogany logs","id":6332,"quantity":1,"price":454},{"name":"Mahogany logs","id":6332,"quantity":1,"price":454}],"date":"Apr 29, 2022, 10:22:22 AM"}
{"name":"Cave horror","level":80,"killCount":-1,"type":"NPC","drops":[{"name":"Big bones","id":532,"quantity":1,"price":201},{"name":"Grimy kwuarm","id":213,"quantity":1,"price":1695}],"date":"Apr 29, 2022, 10:22:34 AM"}
{"name":"Cave horror","level":80,"killCount":-1,"type":"NPC","drops":[{"name":"Big bones","id":532,"quantity":1,"price":201},{"name":"Grimy tarromin","id":203,"quantity":1,"price":111}],"date":"Apr 29, 2022, 10:22:52 AM"}
{"name":"Cave horror","level":80,"killCount":-1,"type":"NPC","drops":[{"name":"Big bones","id":532,"quantity":1,"price":201},{"name":"Grimy marrentill","id":201,"quantity":1,"price":21}],"date":"Apr 29, 2022, 10:22:57 AM"}
{"name":"Cave horror","level":80,"killCount":-1,"type":"NPC","drops":[{"name":"Big bones","id":532,"quantity":1,"price":201},{"name":"Coins","id":995,"quantity":44,"price":1}],"date":"Apr 29, 2022, 10:23:13 AM"}
{"name":"Cave horror","level":80,"killCount":-1,"type":"NPC","drops":[{"name":"Big bones","id":532,"quantity":1,"price":201},{"name":"Grimy harralander","id":205,"quantity":1,"price":769}],"date":"Apr 29, 2022, 10:23:21 AM"}
{"name":"Cave horror","level":80,"killCount":-1,"type":"NPC","drops":[{"name":"Big bones","id":532,"quantity":1,"price":201},{"name":"Nature rune","id":561,"quantity":6,"price":190}],"date":"Apr 29, 2022, 10:23:36 AM"}
{"name":"Cave horror","level":80,"killCount":-1,"type":"NPC","drops":[{"name":"Big bones","id":532,"quantity":1,"price":201},{"name":"Coins","id":995,"quantity":44,"price":1}],"date":"Apr 29, 2022, 10:23:47 AM"}
{"name":"Cave horror","level":80,"killCount":-1,"type":"NPC","drops":[{"name":"Big bones","id":532,"quantity":1,"price":201},{"name":"Coins","id":995,"quantity":44,"price":1}],"date":"Apr 29, 2022, 10:23:56 AM"}
{"name":"Cave horror","level":80,"killCount":-1,"type":"NPC","drops":[{"name":"Big bones","id":532,"quantity":1,"price":201},{"name":"Nature rune","id":561,"quantity":6,"price":190}],"date":"Apr 29, 2022, 10:24:08 AM"}
{"name":"Cave horror","level":80,"killCount":-1,"type":"NPC","drops":[{"name":"Big bones","id":532,"quantity":1,"price":201},{"name":"Irit seed","id":5297,"quantity":1,"price":41}],"date":"Apr 29, 2022, 10:24:15 AM"}
{"name":"Cave horror","level":80,"killCount":-1,"type":"NPC","drops":[{"name":"Big bones","id":532,"quantity":1,"price":201},{"name":"Ensouled horror head","id":13486,"quantity":1,"price":1973},{"name":"Potato seed","id":5318,"quantity":2,"price":1}],"date":"Apr 29, 2022, 10:24:21 AM"}
{"name":"Cave horror","level":80,"killCount":-1,"type":"NPC","drops":[{"name":"Big bones","id":532,"quantity":1,"price":201},{"name":"Mithril axe","id":1355,"quantity":1,"price":174}],"date":"Apr 29, 2022, 10:24:27 AM"}
{"name":"Cave horror","level":80,"killCount":-1,"type":"NPC","drops":[{"name":"Big bones","id":532,"quantity":1,"price":201},{"name":"Tomato seed","id":5322,"quantity":1,"price":2}],"date":"Apr 29, 2022, 10:24:40 AM"}
{"name":"Cave horror","level":80,"killCount":-1,"type":"NPC","drops":[{"name":"Long bone","id":10976,"quantity":1,"price":1000},{"name":"Big bones","id":532,"quantity":1,"price":201},{"name":"Onion seed","id":5319,"quantity":3,"price":1}],"date":"Apr 29, 2022, 10:24:51 AM"}
{"name":"Cave horror","level":80,"killCount":-1,"type":"NPC","drops":[{"name":"Big bones","id":532,"quantity":1,"price":201},{"name":"Irit seed","id":5297,"quantity":1,"price":41}],"date":"Apr 29, 2022, 10:25:02 AM"}
{"name":"Cave horror","level":80,"killCount":-1,"type":"NPC","drops":[{"name":"Big bones","id":532,"quantity":1,"price":201},{"name":"Potato seed","id":5318,"quantity":3,"price":1}],"date":"Apr 29, 2022, 10:25:12 AM"}
{"name":"Cave horror","level":80,"killCount":-1,"type":"NPC","drops":[{"name":"Big bones","id":532,"quantity":1,"price":201},{"name":"Coins","id":995,"quantity":44,"price":1}],"date":"Apr 29, 2022, 10:25:17 AM"}
{"name":"Cave horror","level":80,"killCount":-1,"type":"NPC","drops":[{"name":"Big bones","id":532,"quantity":1,"price":201},{"name":"Mahogany logs","id":6332,"quantity":1,"price":454},{"name":"Mahogany logs","id":6332,"quantity":1,"price":454}],"date":"Apr 29, 2022, 10:25:26 AM"}
{"name":"Cave horror","level":80,"killCount":-1,"type":"NPC","drops":[{"name":"Big bones","id":532,"quantity":1,"price":201},{"name":"Grimy lantadyme","id":2485,"quantity":1,"price":1712}],"date":"Apr 29, 2022, 10:25:30 AM"}
{"name":"Cave horror","level":80,"killCount":-1,"type":"NPC","drops":[{"name":"Big bones","id":532,"quantity":1,"price":201},{"name":"Coins","id":995,"quantity":44,"price":1}],"date":"Apr 29, 2022, 10:25:59 AM"}
{"name":"Cave horror","level":80,"killCount":-1,"type":"NPC","drops":[{"name":"Big bones","id":532,"quantity":1,"price":201},{"name":"Strawberry seed","id":5323,"quantity":1,"price":3}],"date":"Apr 29, 2022, 10:26:12 AM"}
{"name":"Cave horror","level":80,"killCount":-1,"type":"NPC","drops":[{"name":"Big bones","id":532,"quantity":1,"price":201},{"name":"Potato seed","id":5318,"quantity":4,"price":1}],"date":"Apr 29, 2022, 10:26:24 AM"}
{"name":"Cave horror","level":80,"killCount":-1,"type":"NPC","drops":[{"name":"Big bones","id":532,"quantity":1,"price":201},{"name":"Coins","id":995,"quantity":132,"price":1}],"date":"Apr 29, 2022, 10:26:31 AM"}
{"name":"Cave horror","level":80,"killCount":-1,"type":"NPC","drops":[{"name":"Big bones","id":532,"quantity":1,"price":201},{"name":"Teak logs","id":6334,"quantity":4,"price":247}],"date":"Apr 29, 2022, 10:26:36 AM"}
{"name":"Cave horror","level":80,"killCount":-1,"type":"NPC","drops":[{"name":"Big bones","id":532,"quantity":1,"price":201},{"name":"Coins","id":995,"quantity":132,"price":1}],"date":"Apr 29, 2022, 10:26:44 AM"}
{"name":"Cave horror","level":80,"killCount":-1,"type":"NPC","drops":[{"name":"Big bones","id":532,"quantity":1,"price":201},{"name":"Poison ivy seed","id":5106,"quantity":1,"price":45}],"date":"Apr 29, 2022, 10:26:48 AM"}
{"name":"Cave horror","level":80,"killCount":-1,"type":"NPC","drops":[{"name":"Big bones","id":532,"quantity":1,"price":201},{"name":"Mahogany logs","id":6332,"quantity":1,"price":454},{"name":"Mahogany logs","id":6332,"quantity":1,"price":454}],"date":"Apr 29, 2022, 10:27:06 AM"}
{"name":"Cave horror","level":80,"killCount":-1,"type":"NPC","drops":[{"name":"Big bones","id":532,"quantity":1,"price":201},{"name":"Grimy marrentill","id":201,"quantity":1,"price":21}],"date":"Apr 29, 2022, 10:27:18 AM"}
{"name":"Cave horror","level":80,"killCount":-1,"type":"NPC","drops":[{"name":"Big bones","id":532,"quantity":1,"price":201},{"name":"Limpwurt root","id":225,"quantity":1,"price":714}],"date":"Apr 29, 2022, 10:27:28 AM"}
{"name":"Cave horror","level":80,"killCount":-1,"type":"NPC","drops":[{"name":"Big bones","id":532,"quantity":1,"price":201},{"name":"Mahogany logs","id":6332,"quantity":1,"price":454},{"name":"Mahogany logs","id":6332,"quantity":1,"price":454}],"date":"Apr 29, 2022, 10:27:37 AM"}
{"name":"Cave horror","level":80,"killCount":-1,"type":"NPC","drops":[{"name":"Cabbage seed","id":5324,"quantity":1,"price":1}],"date":"Jul 5, 2022, 8:55:55 PM"}
{"name":"Cave horror","level":80,"killCount":-1,"type":"NPC","drops":[{"name":"Kwuarm seed","id":5299,"quantity":1,"price":284}],"date":"Jul 5, 2022, 8:55:58 PM"}
{"name":"Cave horror","level":80,"killCount":-1,"type":"NPC","drops":[{"name":"Mithril axe","id":1355,"quantity":1,"price":105}],"date":"Jul 5, 2022, 8:56:09 PM"}
{"name":"Cave horror","level":80,"killCount":-1,"type":"NPC","drops":[{"name":"Coins","id":995,"quantity":44,"price":1}],"date":"Jul 5, 2022, 8:56:22 PM"}
{"name":"Cave horror","level":80,"killCount":-1,"type":"NPC","drops":[{"name":"Coins","id":995,"quantity":132,"price":1}],"date":"Jul 5, 2022, 8:56:36 PM"}
{"name":"Cave horror","level":80,"killCount":-1,"type":"NPC","drops":[{"name":"Limpwurt root","id":225,"quantity":1,"price":717}],"date":"Jul 5, 2022, 8:56:38 PM"}
{"name":"Cave horror","level":80,"killCount":-1,"type":"NPC","drops":[{"name":"Coins","id":995,"quantity":44,"price":1}],"date":"Jul 5, 2022, 8:56:44 PM"}
{"name":"Cave horror","level":80,"killCount":-1,"type":"NPC","drops":[{"name":"Sweetcorn seed","id":5320,"quantity":1,"price":3}],"date":"Jul 5, 2022, 8:56:51 PM"}
{"name":"Cave horror","level":80,"killCount":-1,"type":"NPC","drops":[{"name":"Potato seed","id":5318,"quantity":4,"price":1}],"date":"Jul 5, 2022, 8:56:59 PM"}
{"name":"Cave horror","level":80,"killCount":-1,"type":"NPC","drops":[{"name":"Ensouled horror head","id":13486,"quantity":1,"price":2623},{"name":"Limpwurt root","id":225,"quantity":1,"price":717}],"date":"Jul 5, 2022, 8:57:05 PM"}
{"name":"Cave horror","level":80,"killCount":-1,"type":"NPC","drops":[{"name":"Nature rune","id":561,"quantity":4,"price":184}],"date":"Jul 5, 2022, 8:57:21 PM"}
{"name":"Cave horror","level":80,"killCount":-1,"type":"NPC","drops":[{"name":"Coins","id":995,"quantity":440,"price":1}],"date":"Jul 5, 2022, 8:57:27 PM"}
{"name":"Cave horror","level":80,"killCount":-1,"type":"NPC","drops":[{"name":"Coins","id":995,"quantity":44,"price":1}],"date":"Jul 5, 2022, 8:57:36 PM"}
{"name":"Cave horror","level":80,"killCount":-1,"type":"NPC","drops":[{"name":"Poison ivy seed","id":5106,"quantity":1,"price":14}],"date":"Jul 5, 2022, 8:57:44 PM"}
{"name":"Cave horror","level":80,"killCount":-1,"type":"NPC","drops":[{"name":"Grimy marrentill","id":201,"quantity":1,"price":20}],"date":"Jul 5, 2022, 8:57:52 PM"}
{"name":"Cave horror","level":80,"killCount":-1,"type":"NPC","drops":[{"name":"Belladonna seed","id":5281,"quantity":1,"price":254}],"date":"Jul 5, 2022, 8:58:06 PM"}
{"name":"Cave horror","level":80,"killCount":-1,"type":"NPC","drops":[{"name":"Grimy tarromin","id":203,"quantity":1,"price":117}],"date":"Jul 5, 2022, 8:58:11 PM"}
{"name":"Cave horror","level":80,"killCount":-1,"type":"NPC","drops":[{"name":"Grimy tarromin","id":203,"quantity":1,"price":117}],"date":"Jul 5, 2022, 8:58:27 PM"}
{"name":"Cave horror","level":80,"killCount":-1,"type":"NPC","drops":[{"name":"Coins","id":995,"quantity":132,"price":1}],"date":"Jul 5, 2022, 8:58:33 PM"}
{"name":"Cave horror","level":80,"killCount":-1,"type":"NPC","drops":[{"name":"Grimy harralander","id":205,"quantity":1,"price":710}],"date":"Jul 5, 2022, 8:58:39 PM"}
{"name":"Cave horror","level":80,"killCount":-1,"type":"NPC","drops":[{"name":"Limpwurt root","id":225,"quantity":1,"price":717}],"date":"Jul 5, 2022, 8:58:46 PM"}
{"name":"Cave horror","level":80,"killCount":-1,"type":"NPC","drops":[{"name":"Limpwurt root","id":225,"quantity":1,"price":717}],"date":"Jul 5, 2022, 8:58:52 PM"}
{"name":"Cave horror","level":80,"killCount":-1,"type":"NPC","drops":[{"name":"Coins","id":995,"quantity":132,"price":1}],"date":"Jul 5, 2022, 8:58:59 PM"}
{"name":"Cave horror","level":80,"killCount":-1,"type":"NPC","drops":[{"name":"Limpwurt root","id":225,"quantity":1,"price":717}],"date":"Jul 5, 2022, 8:59:06 PM"}
{"name":"Cave horror","level":80,"killCount":-1,"type":"NPC","drops":[{"name":"Grimy lantadyme","id":2485,"quantity":1,"price":1488}],"date":"Jul 5, 2022, 8:59:18 PM"}
{"name":"Cave horror","level":80,"killCount":-1,"type":"NPC","drops":[{"name":"Coins","id":995,"quantity":132,"price":1}],"date":"Jul 5, 2022, 8:59:28 PM"}
{"name":"Cave horror","level":80,"killCount":-1,"type":"NPC","drops":[{"name":"Coins","id":995,"quantity":44,"price":1}],"date":"Jul 5, 2022, 8:59:34 PM"}
{"name":"Cave horror","level":80,"killCount":-1,"type":"NPC","drops":[{"name":"Mithril axe","id":1355,"quantity":1,"price":105}],"date":"Jul 5, 2022, 8:59:44 PM"}
{"name":"Cave horror","level":80,"killCount":-1,"type":"NPC","drops":[{"name":"Coins","id":995,"quantity":44,"price":1}],"date":"Jul 5, 2022, 8:59:57 PM"}
{"name":"Cave horror","level":80,"killCount":-1,"type":"NPC","drops":[{"name":"Mahogany logs","id":6332,"quantity":1,"price":398},{"name":"Mahogany logs","id":6332,"quantity":1,"price":398}],"date":"Jul 5, 2022, 9:00:01 PM"}
{"name":"Cave horror","level":80,"killCount":-1,"type":"NPC","drops":[{"name":"Coins","id":995,"quantity":44,"price":1}],"date":"Jul 5, 2022, 9:00:21 PM"}
{"name":"Cave horror","level":80,"killCount":-1,"type":"NPC","drops":[{"name":"Coins","id":995,"quantity":132,"price":1}],"date":"Jul 5, 2022, 9:00:28 PM"}
{"name":"Cave horror","level":80,"killCount":-1,"type":"NPC","drops":[{"name":"Coins","id":995,"quantity":44,"price":1}],"date":"Jul 5, 2022, 9:00:39 PM"}
{"name":"Cave horror","level":80,"killCount":-1,"type":"NPC","drops":[{"name":"Rune dagger","id":1213,"quantity":1,"price":4278}],"date":"Jul 5, 2022, 9:00:46 PM"}
{"name":"Cave horror","level":80,"killCount":-1,"type":"NPC","drops":[{"name":"Teak logs","id":6334,"quantity":4,"price":211}],"date":"Jul 5, 2022, 9:01:04 PM"}
{"name":"Cave horror","level":80,"killCount":-1,"type":"NPC","drops":[{"name":"Coins","id":995,"quantity":44,"price":1}],"date":"Jul 5, 2022, 9:01:07 PM"}
{"name":"Cave horror","level":80,"killCount":-1,"type":"NPC","drops":[{"name":"Cactus seed","id":5280,"quantity":1,"price":123}],"date":"Jul 5, 2022, 9:01:12 PM"}
{"name":"Cave horror","level":80,"killCount":-1,"type":"NPC","drops":[{"name":"Grimy guam leaf","id":199,"quantity":1,"price":59}],"date":"Jul 5, 2022, 9:01:24 PM"}
{"name":"Cave horror","level":80,"killCount":-1,"type":"NPC","drops":[{"name":"Coins","id":995,"quantity":132,"price":1}],"date":"Jul 5, 2022, 9:01:27 PM"}
{"name":"Cave horror","level":80,"killCount":-1,"type":"NPC","drops":[{"name":"Toadflax seed","id":5296,"quantity":1,"price":3496}],"date":"Jul 5, 2022, 9:01:30 PM"}
{"name":"Cave horror","level":80,"killCount":-1,"type":"NPC","drops":[{"name":"Potato cactus seed","id":22873,"quantity":1,"price":10}],"date":"Jul 5, 2022, 9:01:32 PM"}
{"name":"Cave horror","level":80,"killCount":-1,"type":"NPC","drops":[{"name":"Coins","id":995,"quantity":44,"price":1}],"date":"Jul 5, 2022, 9:01:40 PM"}
{"name":"Cave horror","level":80,"killCount":-1,"type":"NPC","drops":[{"name":"Belladonna seed","id":5281,"quantity":1,"price":254}],"date":"Jul 5, 2022, 9:02:03 PM"}
{"name":"Cave horror","level":80,"killCount":-1,"type":"NPC","drops":[{"name":"Coins","id":995,"quantity":44,"price":1}],"date":"Jul 5, 2022, 9:02:15 PM"}
{"name":"Cave horror","level":80,"killCount":-1,"type":"NPC","drops":[{"name":"Grimy marrentill","id":201,"quantity":1,"price":20}],"date":"Jul 5, 2022, 9:02:22 PM"}
{"name":"Cave horror","level":80,"killCount":-1,"type":"NPC","drops":[{"name":"Coins","id":995,"quantity":132,"price":1}],"date":"Jul 5, 2022, 9:02:24 PM"}
{"name":"Cave horror","level":80,"killCount":-1,"type":"NPC","drops":[{"name":"Grimy guam leaf","id":199,"quantity":1,"price":59}],"date":"Jul 5, 2022, 9:02:28 PM"}
{"name":"Cave horror","level":80,"killCount":-1,"type":"NPC","drops":[{"name":"Teak logs","id":6334,"quantity":4,"price":211}],"date":"Jul 5, 2022, 9:02:39 PM"}
{"name":"Cave horror","level":80,"killCount":-1,"type":"NPC","drops":[{"name":"Coins","id":995,"quantity":44,"price":1}],"date":"Jul 5, 2022, 9:02:51 PM"}
{"name":"Cave horror","level":80,"killCount":-1,"type":"NPC","drops":[{"name":"Cactus seed","id":5280,"quantity":1,"price":123}],"date":"Jul 5, 2022, 9:02:55 PM"}
{"name":"Cave horror","level":80,"killCount":-1,"type":"NPC","drops":[{"name":"Uncut sapphire","id":1623,"quantity":1,"price":388}],"date":"Jul 5, 2022, 9:03:07 PM"}
{"name":"Cave horror","level":80,"killCount":-1,"type":"NPC","drops":[{"name":"Coins","id":995,"quantity":132,"price":1}],"date":"Jul 5, 2022, 9:03:13 PM"}
{"name":"Cave horror","level":80,"killCount":-1,"type":"NPC","drops":[{"name":"Coins","id":995,"quantity":44,"price":1}],"date":"Jul 5, 2022, 9:03:19 PM"}
{"name":"Cave horror","level":80,"killCount":-1,"type":"NPC","drops":[{"name":"Coins","id":995,"quantity":132,"price":1}],"date":"Jul 5, 2022, 9:03:22 PM"}
{"name":"Cave horror","level":80,"killCount":-1,"type":"NPC","drops":[{"name":"Coins","id":995,"quantity":132,"price":1}],"date":"Jul 5, 2022, 9:03:32 PM"}
{"name":"Cave horror","level":80,"killCount":-1,"type":"NPC","drops":[{"name":"Nature rune","id":561,"quantity":4,"price":184}],"date":"Jul 5, 2022, 9:03:39 PM"}
{"name":"Cave horror","level":80,"killCount":-1,"type":"NPC","drops":[{"name":"Coins","id":995,"quantity":44,"price":1}],"date":"Jul 5, 2022, 9:03:46 PM"}
{"name":"Cave horror","level":80,"killCount":-1,"type":"NPC","drops":[{"name":"Limpwurt root","id":225,"quantity":1,"price":717}],"date":"Jul 5, 2022, 9:03:52 PM"}
{"name":"Cave horror","level":80,"killCount":-1,"type":"NPC","drops":[{"name":"Teak logs","id":6334,"quantity":4,"price":211}],"date":"Jul 5, 2022, 9:04:01 PM"}
{"name":"Cave horror","level":80,"killCount":-1,"type":"NPC","drops":[{"name":"Coins","id":995,"quantity":132,"price":1}],"date":"Jul 5, 2022, 9:04:09 PM"}
{"name":"Cave horror","level":80,"killCount":-1,"type":"NPC","drops":[{"name":"Potato cactus seed","id":22873,"quantity":1,"price":10}],"date":"Jul 5, 2022, 9:04:19 PM"}
{"name":"Cave horror","level":80,"killCount":-1,"type":"NPC","drops":[{"name":"Coins","id":995,"quantity":44,"price":1}],"date":"Jul 5, 2022, 9:04:27 PM"}
{"name":"Cave horror","level":80,"killCount":-1,"type":"NPC","drops":[{"name":"Cadantine seed","id":5301,"quantity":1,"price":618}],"date":"Jul 5, 2022, 9:04:39 PM"}
{"name":"Cave horror","level":80,"killCount":-1,"type":"NPC","drops":[{"name":"Ensouled horror head","id":13486,"quantity":1,"price":2623},{"name":"Coins","id":995,"quantity":132,"price":1}],"date":"Jul 5, 2022, 9:04:49 PM"}
{"name":"Cave horror","level":80,"killCount":-1,"type":"NPC","drops":[{"name":"Coins","id":995,"quantity":132,"price":1}],"date":"Jul 5, 2022, 9:05:15 PM"}
{"name":"Cave horror","level":80,"killCount":-1,"type":"NPC","drops":[{"name":"Teak logs","id":6334,"quantity":4,"price":211}],"date":"Jul 5, 2022, 9:05:19 PM"}
{"name":"Cave horror","level":80,"killCount":-1,"type":"NPC","drops":[{"name":"Limpwurt root","id":225,"quantity":1,"price":717}],"date":"Jul 5, 2022, 9:05:27 PM"}
{"name":"Cave horror","level":80,"killCount":-1,"type":"NPC","drops":[{"name":"Coins","id":995,"quantity":44,"price":1}],"date":"Jul 5, 2022, 9:05:36 PM"}
{"name":"Cave horror","level":80,"killCount":-1,"type":"NPC","drops":[{"name":"Coins","id":995,"quantity":44,"price":1}],"date":"Jul 5, 2022, 9:05:52 PM"}
{"name":"Cave horror","level":80,"killCount":-1,"type":"NPC","drops":[{"name":"Ensouled horror head","id":13486,"quantity":1,"price":2623},{"name":"Grimy marrentill","id":201,"quantity":1,"price":20}],"date":"Jul 5, 2022, 9:06:01 PM"}
{"name":"Cave horror","level":80,"killCount":-1,"type":"NPC","drops":[{"name":"Coins","id":995,"quantity":44,"price":1}],"date":"Jul 5, 2022, 9:06:06 PM"}
{"name":"Cave horror","level":80,"killCount":-1,"type":"NPC","drops":[{"name":"Coins","id":995,"quantity":44,"price":1}],"date":"Jul 5, 2022, 9:06:15 PM"}
{"name":"Cave horror","level":80,"killCount":-1,"type":"NPC","drops":[{"name":"Coins","id":995,"quantity":132,"price":1}],"date":"Jul 5, 2022, 9:06:18 PM"}
{"name":"Cave horror","level":80,"killCount":-1,"type":"NPC","drops":[{"name":"Coins","id":995,"quantity":44,"price":1}],"date":"Jul 5, 2022, 9:06:30 PM"}
{"name":"Cave horror","level":80,"killCount":-1,"type":"NPC","drops":[{"name":"Poison ivy seed","id":5106,"quantity":1,"price":14}],"date":"Jul 5, 2022, 9:06:37 PM"}
{"name":"Cave horror","level":80,"killCount":-1,"type":"NPC","drops":[{"name":"Teak logs","id":6334,"quantity":4,"price":211}],"date":"Jul 5, 2022, 9:06:42 PM"}
{"name":"Cave horror","level":80,"killCount":-1,"type":"NPC","drops":[{"name":"Ensouled horror head","id":13486,"quantity":1,"price":2623},{"name":"Limpwurt root","id":225,"quantity":1,"price":717}],"date":"Jul 5, 2022, 9:06:48 PM"}
{"name":"Cave horror","level":80,"killCount":-1,"type":"NPC","drops":[{"name":"Grimy harralander","id":205,"quantity":1,"price":710}],"date":"Jul 5, 2022, 9:06:53 PM"}
{"name":"Cave horror","level":80,"killCount":-1,"type":"NPC","drops":[{"name":"Coins","id":995,"quantity":44,"price":1}],"date":"Jul 5, 2022, 9:07:12 PM"}
{"name":"Cave horror","level":80,"killCount":-1,"type":"NPC","drops":[{"name":"Limpwurt root","id":225,"quantity":1,"price":717}],"date":"Jul 5, 2022, 9:07:17 PM"}
{"name":"Cave horror","level":80,"killCount":-1,"type":"NPC","drops":[{"name":"Grimy marrentill","id":201,"quantity":1,"price":20}],"date":"Jul 5, 2022, 9:07:23 PM"}
{"name":"Cave horror","level":80,"killCount":-1,"type":"NPC","drops":[{"name":"Toadflax seed","id":5296,"quantity":1,"price":3174}],"date":"Jul 5, 2022, 9:07:31 PM"}
{"name":"Cave horror","level":80,"killCount":-1,"type":"NPC","drops":[{"name":"Coins","id":995,"quantity":44,"price":1}],"date":"Jul 5, 2022, 9:07:36 PM"}
{"name":"Cave horror","level":80,"killCount":-1,"type":"NPC","drops":[{"name":"Lantadyme seed","id":5302,"quantity":1,"price":925}],"date":"Jul 5, 2022, 9:07:51 PM"}
{"name":"Cave horror","level":80,"killCount":-1,"type":"NPC","drops":[{"name":"Kwuarm seed","id":5299,"quantity":1,"price":249}],"date":"Jul 5, 2022, 9:08:03 PM"}
{"name":"Cave horror","level":80,"killCount":-1,"type":"NPC","drops":[{"name":"Belladonna seed","id":5281,"quantity":1,"price":331}],"date":"Jul 5, 2022, 9:08:10 PM"}
{"name":"Cave horror","level":80,"killCount":-1,"type":"NPC","drops":[{"name":"Nature rune","id":561,"quantity":6,"price":185}],"date":"Jul 5, 2022, 9:08:17 PM"}
{"name":"Cave horror","level":80,"killCount":-1,"type":"NPC","drops":[{"name":"Coins","id":995,"quantity":44,"price":1}],"date":"Jul 5, 2022, 9:08:23 PM"}
{"name":"Cave horror","level":80,"killCount":-1,"type":"NPC","drops":[{"name":"Nature rune","id":561,"quantity":4,"price":185}],"date":"Jul 5, 2022, 9:08:32 PM"}
{"name":"Cave horror","level":80,"killCount":-1,"type":"NPC","drops":[{"name":"Poison ivy seed","id":5106,"quantity":1,"price":17}],"date":"Jul 5, 2022, 9:08:37 PM"}
{"name":"Cave horror","level":80,"killCount":-1,"type":"NPC","drops":[{"name":"Nature rune","id":561,"quantity":6,"price":185}],"date":"Jul 5, 2022, 9:08:48 PM"}
{"name":"Cave horror","level":80,"killCount":-1,"type":"NPC","drops":[{"name":"Mithril kiteshield","id":1197,"quantity":1,"price":1033}],"date":"Jul 5, 2022, 9:08:57 PM"}
{"name":"Cave horror","level":80,"killCount":-1,"type":"NPC","drops":[{"name":"Limpwurt root","id":225,"quantity":1,"price":707}],"date":"Jul 5, 2022, 9:09:02 PM"}
{"name":"Cave horror","level":80,"killCount":-1,"type":"NPC","drops":[{"name":"Coins","id":995,"quantity":132,"price":1}],"date":"Jul 5, 2022, 9:09:10 PM"}
{"name":"Cave horror","level":80,"killCount":-1,"type":"NPC","drops":[{"name":"Nature rune","id":561,"quantity":4,"price":185}],"date":"Jul 5, 2022, 9:09:23 PM"}
{"name":"Cave horror","level":80,"killCount":-1,"type":"NPC","drops":[{"name":"Teak logs","id":6334,"quantity":4,"price":202}],"date":"Jul 5, 2022, 9:09:36 PM"}
{"name":"Cave horror","level":80,"killCount":-1,"type":"NPC","drops":[{"name":"Coins","id":995,"quantity":44,"price":1}],"date":"Jul 5, 2022, 9:09:39 PM"}
{"name":"Cave horror","level":80,"killCount":-1,"type":"NPC","drops":[{"name":"Snape grass seed","id":22879,"quantity":3,"price":2691}],"date":"Jul 5, 2022, 9:09:54 PM"}
{"name":"Cave horror","level":80,"killCount":-1,"type":"NPC","drops":[{"name":"Nature rune","id":561,"quantity":4,"price":185}],"date":"Jul 5, 2022, 9:10:03 PM"}
{"name":"Cave horror","level":80,"killCount":-1,"type":"NPC","drops":[{"name":"Toadflax seed","id":5296,"quantity":1,"price":3174}],"date":"Jul 5, 2022, 9:10:08 PM"}
{"name":"Cave horror","level":80,"killCount":-1,"type":"NPC","drops":[{"name":"Teak logs","id":6334,"quantity":4,"price":202}],"date":"Jul 5, 2022, 9:10:14 PM"}
{"name":"Cave horror","level":80,"killCount":-1,"type":"NPC","drops":[{"name":"Coins","id":995,"quantity":44,"price":1}],"date":"Jul 5, 2022, 9:10:23 PM"}
{"name":"Cave horror","level":80,"killCount":-1,"type":"NPC","drops":[{"name":"Onion seed","id":5319,"quantity":2,"price":1}],"date":"Jul 5, 2022, 9:10:34 PM"}
{"name":"Cave horror","level":80,"killCount":-1,"type":"NPC","drops":[{"name":"Grimy guam leaf","id":199,"quantity":1,"price":56}],"date":"Jul 5, 2022, 9:10:41 PM"}
{"name":"Cave horror","level":80,"killCount":-1,"type":"NPC","drops":[{"name":"Toadflax seed","id":5296,"quantity":1,"price":3174}],"date":"Jul 5, 2022, 9:10:50 PM"}
{"name":"Cave horror","level":80,"killCount":-1,"type":"NPC","drops":[{"name":"Coins","id":995,"quantity":132,"price":1}],"date":"Jul 5, 2022, 9:11:06 PM"}
{"name":"Cave horror","level":80,"killCount":-1,"type":"NPC","drops":[{"name":"Grimy marrentill","id":201,"quantity":1,"price":20}],"date":"Jul 5, 2022, 9:11:15 PM"}
{"name":"Cave horror","level":80,"killCount":-1,"type":"NPC","drops":[{"name":"Coins","id":995,"quantity":44,"price":1}],"date":"Jul 5, 2022, 9:11:22 PM"}
{"name":"Cave horror","level":80,"killCount":-1,"type":"NPC","drops":[{"name":"Nature rune","id":561,"quantity":4,"price":185}],"date":"Jul 5, 2022, 9:11:32 PM"}
{"name":"Cave horror","level":80,"killCount":-1,"type":"NPC","drops":[{"name":"Grimy marrentill","id":201,"quantity":1,"price":20}],"date":"Jul 5, 2022, 9:11:45 PM"}
{"name":"Cave horror","level":80,"killCount":-1,"type":"NPC","drops":[{"name":"Teak logs","id":6334,"quantity":4,"price":202}],"date":"Jul 5, 2022, 9:11:49 PM"}
{"name":"Cave horror","level":80,"killCount":-1,"type":"NPC","drops":[{"name":"Ensouled horror head","id":13486,"quantity":1,"price":2581},{"name":"Uncut sapphire","id":1623,"quantity":1,"price":363}],"date":"Jul 5, 2022, 9:11:55 PM"}
{"name":"Cave horror","level":80,"killCount":-1,"type":"NPC","drops":[{"name":"Coins","id":995,"quantity":132,"price":1}],"date":"Jul 5, 2022, 9:12:23 PM"}
{"name":"Cave horror","level":80,"killCount":-1,"type":"NPC","drops":[{"name":"Uncut sapphire","id":1623,"quantity":1,"price":363}],"date":"Jul 5, 2022, 9:12:29 PM"}
{"name":"Cave horror","level":80,"killCount":-1,"type":"NPC","drops":[{"name":"Grimy harralander","id":205,"quantity":1,"price":715}],"date":"Jul 5, 2022, 9:12:39 PM"}
{"name":"Cave horror","level":80,"killCount":-1,"type":"NPC","drops":[{"name":"Cabbage seed","id":5324,"quantity":2,"price":1}],"date":"Jul 5, 2022, 9:12:51 PM"}
{"name":"Cave horror","level":80,"killCount":-1,"type":"NPC","drops":[{"name":"Potato seed","id":5318,"quantity":4,"price":1}],"date":"Jul 5, 2022, 9:12:56 PM"}
{"name":"Cave horror","level":80,"killCount":-1,"type":"NPC","drops":[{"name":"Nature rune","id":561,"quantity":6,"price":185}],"date":"Jul 5, 2022, 9:13:03 PM"}
{"name":"Cave horror","level":80,"killCount":-1,"type":"NPC","drops":[{"name":"Coins","id":995,"quantity":44,"price":1}],"date":"Jul 5, 2022, 9:13:15 PM"}
{"name":"Cave horror","level":80,"killCount":-1,"type":"NPC","drops":[{"name":"Coins","id":995,"quantity":44,"price":1}],"date":"Jul 5, 2022, 9:13:23 PM"}
{"name":"Cave horror","level":80,"killCount":-1,"type":"NPC","drops":[{"name":"Nature rune","id":561,"quantity":4,"price":185}],"date":"Jul 5, 2022, 9:13:30 PM"}
{"name":"Cave horror","level":80,"killCount":-1,"type":"NPC","drops":[{"name":"Coins","id":995,"quantity":44,"price":1}],"date":"Jul 5, 2022, 9:13:39 PM"}
{"name":"Cave horror","level":80,"killCount":-1,"type":"NPC","drops":[{"name":"Teak logs","id":6334,"quantity":4,"price":202}],"date":"Jul 5, 2022, 9:13:45 PM"}
{"name":"Cave horror","level":80,"killCount":-1,"type":"NPC","drops":[{"name":"Nature rune","id":561,"quantity":6,"price":185}],"date":"Jul 5, 2022, 9:14:01 PM"}
{"name":"Cave horror","level":80,"killCount":-1,"type":"NPC","drops":[{"name":"Coins","id":995,"quantity":44,"price":1}],"date":"Jul 5, 2022, 9:14:03 PM"}
{"name":"Cave horror","level":80,"killCount":-1,"type":"NPC","drops":[{"name":"Coins","id":995,"quantity":132,"price":1}],"date":"Jul 5, 2022, 9:14:11 PM"}
{"name":"Cave horror","level":80,"killCount":-1,"type":"NPC","drops":[{"name":"Coins","id":995,"quantity":44,"price":1}],"date":"Jul 5, 2022, 9:14:15 PM"}
{"name":"Cave horror","level":80,"killCount":-1,"type":"NPC","drops":[{"name":"Coins","id":995,"quantity":132,"price":1}],"date":"Jul 5, 2022, 9:14:26 PM"}
{"name":"Cave horror","level":80,"killCount":-1,"type":"NPC","drops":[{"name":"Limpwurt root","id":225,"quantity":1,"price":707}],"date":"Jul 5, 2022, 9:14:30 PM"}
{"name":"Cave horror","level":80,"killCount":-1,"type":"NPC","drops":[{"name":"Mithril axe","id":1355,"quantity":1,"price":103}],"date":"Jul 5, 2022, 9:14:37 PM"}
{"name":"Cave horror","level":80,"killCount":-1,"type":"NPC","drops":[{"name":"Coins","id":995,"quantity":44,"price":1}],"date":"Jul 5, 2022, 9:14:55 PM"}
{"name":"Cave horror","level":80,"killCount":-1,"type":"NPC","drops":[{"name":"Coins","id":995,"quantity":44,"price":1}],"date":"Jul 5, 2022, 9:15:02 PM"}
{"name":"Cave horror","level":80,"killCount":-1,"type":"NPC","drops":[{"name":"Coins","id":995,"quantity":132,"price":1}],"date":"Jul 5, 2022, 9:15:14 PM"}
{"name":"Cave horror","level":80,"killCount":-1,"type":"NPC","drops":[{"name":"Uncut sapphire","id":1623,"quantity":1,"price":363}],"date":"Jul 5, 2022, 9:15:48 PM"}
{"name":"Cave horror","level":80,"killCount":-1,"type":"NPC","drops":[{"name":"Toadflax seed","id":5296,"quantity":1,"price":3174}],"date":"Jul 5, 2022, 9:15:53 PM"}
{"name":"Cave horror","level":80,"killCount":-1,"type":"NPC","drops":[{"name":"Grimy guam leaf","id":199,"quantity":1,"price":56}],"date":"Jul 5, 2022, 9:16:00 PM"}
{"name":"Cave horror","level":80,"killCount":-1,"type":"NPC","drops":[{"name":"Nature rune","id":561,"quantity":4,"price":185}],"date":"Jul 5, 2022, 9:16:11 PM"}
{"name":"Cave horror","level":80,"killCount":-1,"type":"NPC","drops":[{"name":"Ensouled horror head","id":13486,"quantity":1,"price":2581},{"name":"Cactus seed","id":5280,"quantity":1,"price":111}],"date":"Jul 5, 2022, 9:16:23 PM"}
{"name":"Cave horror","level":80,"killCount":-1,"type":"NPC","drops":[{"name":"Mithril kiteshield","id":1197,"quantity":1,"price":1033}],"date":"Jul 5, 2022, 9:16:27 PM"}
{"name":"Cave horror","level":80,"killCount":-1,"type":"NPC","drops":[{"name":"Coins","id":995,"quantity":132,"price":1}],"date":"Jul 5, 2022, 9:16:37 PM"}
{"name":"Cave horror","level":80,"killCount":-1,"type":"NPC","drops":[{"name":"Coins","id":995,"quantity":132,"price":1}],"date":"Jul 5, 2022, 9:16:49 PM"}
{"name":"Cave horror","level":80,"killCount":-1,"type":"NPC","drops":[{"name":"Lantadyme seed","id":5302,"quantity":1,"price":925}],"date":"Jul 5, 2022, 9:17:00 PM"}
{"name":"Cave horror","level":80,"killCount":-1,"type":"NPC","drops":[{"name":"Coins","id":995,"quantity":44,"price":1}],"date":"Jul 5, 2022, 9:17:08 PM"}
{"name":"Cave horror","level":80,"killCount":-1,"type":"NPC","drops":[{"name":"Onion seed","id":5319,"quantity":2,"price":1}],"date":"Jul 5, 2022, 9:17:15 PM"}
{"name":"Cave horror","level":80,"killCount":-1,"type":"NPC","drops":[{"name":"Coins","id":995,"quantity":44,"price":1}],"date":"Jul 5, 2022, 9:17:20 PM"}
{"name":"Cave horror","level":80,"killCount":-1,"type":"NPC","drops":[{"name":"Limpwurt root","id":225,"quantity":1,"price":707}],"date":"Jul 5, 2022, 9:17:27 PM"}
{"name":"Cave horror","level":80,"killCount":-1,"type":"NPC","drops":[{"name":"Coins","id":995,"quantity":44,"price":1}],"date":"Jul 5, 2022, 9:17:37 PM"}
{"name":"Cave horror","level":80,"killCount":-1,"type":"NPC","drops":[{"name":"Nature rune","id":561,"quantity":3,"price":185}],"date":"Jul 5, 2022, 9:17:41 PM"}
{"name":"Cave horror","level":80,"killCount":-1,"type":"NPC","drops":[{"name":"Ensouled horror head","id":13486,"quantity":1,"price":2581}],"date":"Jul 5, 2022, 9:17:44 PM"}
{"name":"Cave horror","level":80,"killCount":-1,"type":"NPC","drops":[{"name":"Coins","id":995,"quantity":132,"price":1}],"date":"Jul 5, 2022, 9:17:53 PM"}
{"name":"Cave horror","level":80,"killCount":-1,"type":"NPC","drops":[{"name":"Cactus seed","id":5280,"quantity":1,"price":111}],"date":"Jul 5, 2022, 9:18:02 PM"}
{"name":"Cave horror","level":80,"killCount":-1,"type":"NPC","drops":[{"name":"Coins","id":995,"quantity":132,"price":1}],"date":"Jul 5, 2022, 9:18:07 PM"}
{"name":"Cave horror","level":80,"killCount":-1,"type":"NPC","drops":[{"name":"Limpwurt root","id":225,"quantity":1,"price":707}],"date":"Jul 5, 2022, 9:18:35 PM"}
{"name":"Cave horror","level":80,"killCount":-1,"type":"NPC","drops":[{"name":"Coins","id":995,"quantity":44,"price":1}],"date":"Jul 5, 2022, 9:18:42 PM"}
{"name":"Cave horror","level":80,"killCount":-1,"type":"NPC","drops":[{"name":"Ensouled horror head","id":13486,"quantity":1,"price":2581},{"name":"Coins","id":995,"quantity":44,"price":1}],"date":"Jul 5, 2022, 9:18:49 PM"}
{"name":"Cave horror","level":80,"killCount":-1,"type":"NPC","drops":[{"name":"Coins","id":995,"quantity":44,"price":1}],"date":"Jul 5, 2022, 9:18:52 PM"}
{"name":"Cave horror","level":80,"killCount":-1,"type":"NPC","drops":[{"name":"Grimy harralander","id":205,"quantity":1,"price":715}],"date":"Jul 5, 2022, 9:19:05 PM"}
{"name":"Cave horror","level":80,"killCount":-1,"type":"NPC","drops":[{"name":"Coins","id":995,"quantity":44,"price":1}],"date":"Jul 5, 2022, 9:19:18 PM"}
{"name":"Cave horror","level":80,"killCount":-1,"type":"NPC","drops":[{"name":"Ensouled horror head","id":13486,"quantity":1,"price":2581},{"name":"Uncut emerald","id":1621,"quantity":1,"price":529}],"date":"Jul 5, 2022, 9:19:24 PM"}
{"name":"Cave horror","level":80,"killCount":-1,"type":"NPC","drops":[{"name":"Coins","id":995,"quantity":44,"price":1}],"date":"Jul 5, 2022, 9:19:48 PM"}
{"name":"Cave horror","level":80,"killCount":-1,"type":"NPC","drops":[{"name":"Belladonna seed","id":5281,"quantity":1,"price":331}],"date":"Jul 5, 2022, 9:19:51 PM"}
{"name":"Cave horror","level":80,"killCount":-1,"type":"NPC","drops":[{"name":"Coins","id":995,"quantity":44,"price":1}],"date":"Jul 5, 2022, 9:20:00 PM"}
{"name":"Cave horror","level":80,"killCount":-1,"type":"NPC","drops":[{"name":"Coins","id":995,"quantity":44,"price":1}],"date":"Jul 5, 2022, 9:20:11 PM"}
{"name":"Cave horror","level":80,"killCount":-1,"type":"NPC","drops":[{"name":"Teak logs","id":6334,"quantity":4,"price":202}],"date":"Jul 5, 2022, 9:20:18 PM"}
{"name":"Cave horror","level":80,"killCount":-1,"type":"NPC","drops":[{"name":"Potato seed","id":5318,"quantity":3,"price":1}],"date":"Jul 5, 2022, 9:20:31 PM"}
{"name":"Cave horror","level":80,"killCount":-1,"type":"NPC","drops":[{"name":"Kwuarm seed","id":5299,"quantity":1,"price":249}],"date":"Jul 5, 2022, 9:20:38 PM"}
{"name":"Cave horror","level":80,"killCount":-1,"type":"NPC","drops":[{"name":"Nature rune","id":561,"quantity":6,"price":185}],"date":"Jul 5, 2022, 9:20:48 PM"}
{"name":"Cave horror","level":80,"killCount":-1,"type":"NPC","drops":[{"name":"Mahogany logs","id":6332,"quantity":1,"price":392},{"name":"Mahogany logs","id":6332,"quantity":1,"price":392}],"date":"Jul 5, 2022, 9:20:58 PM"}
{"name":"Cave horror","level":80,"killCount":-1,"type":"NPC","drops":[{"name":"Nature rune","id":561,"quantity":6,"price":185}],"date":"Jul 5, 2022, 9:21:09 PM"}
{"name":"Cave horror","level":80,"killCount":-1,"type":"NPC","drops":[{"name":"Big bones","id":532,"quantity":1,"price":168},{"name":"Coins","id":995,"quantity":132,"price":1}],"date":"Jan 6, 2023, 8:21:36 PM"}
{"name":"Cave horror","level":80,"killCount":-1,"type":"NPC","drops":[{"name":"Big bones","id":532,"quantity":1,"price":168},{"name":"Potato seed","id":5318,"quantity":3,"price":1}],"date":"Jan 6, 2023, 8:21:55 PM"}
{"name":"Cave horror","level":80,"killCount":-1,"type":"NPC","drops":[{"name":"Big bones","id":532,"quantity":1,"price":168},{"name":"Teak logs","id":6334,"quantity":4,"price":169}],"date":"Jan 6, 2023, 8:22:14 PM"}
{"name":"Cave horror","level":80,"killCount":-1,"type":"NPC","drops":[{"name":"Big bones","id":532,"quantity":1,"price":168},{"name":"Coins","id":995,"quantity":44,"price":1}],"date":"Jan 6, 2023, 8:22:25 PM"}
{"name":"Cave horror","level":80,"killCount":-1,"type":"NPC","drops":[{"name":"Big bones","id":532,"quantity":1,"price":168},{"name":"Coins","id":995,"quantity":132,"price":1}],"date":"Jan 6, 2023, 8:22:37 PM"}
{"name":"Cave horror","level":80,"killCount":-1,"type":"NPC","drops":[{"name":"Big bones","id":532,"quantity":1,"price":168},{"name":"Coins","id":995,"quantity":44,"price":1}],"date":"Jan 6, 2023, 8:22:52 PM"}
{"name":"Cave horror","level":80,"killCount":-1,"type":"NPC","drops":[{"name":"Big bones","id":532,"quantity":1,"price":168},{"name":"Onion seed","id":5319,"quantity":2,"price":1}],"date":"Jan 6, 2023, 8:22:59 PM"}
{"name":"Cave horror","level":80,"killCount":-1,"type":"NPC","drops":[{"name":"Big bones","id":532,"quantity":1,"price":168},{"name":"Ensouled horror head","id":13486,"quantity":1,"price":1943},{"name":"Mithril kiteshield","id":1197,"quantity":1,"price":1013}],"date":"Jan 6, 2023, 8:23:09 PM"}
{"name":"Cave horror","level":80,"killCount":-1,"type":"NPC","drops":[{"name":"Big bones","id":532,"quantity":1,"price":168},{"name":"Teak logs","id":6334,"quantity":4,"price":169}],"date":"Jan 6, 2023, 8:23:26 PM"}
{"name":"Cave horror","level":80,"killCount":-1,"type":"NPC","drops":[{"name":"Big bones","id":532,"quantity":1,"price":168},{"name":"Onion seed","id":5319,"quantity":2,"price":1}],"date":"Jan 6, 2023, 8:23:34 PM"}
{"name":"Cave horror","level":80,"killCount":-1,"type":"NPC","drops":[{"name":"Big bones","id":532,"quantity":1,"price":168},{"name":"Coins","id":995,"quantity":132,"price":1}],"date":"Jan 6, 2023, 8:23:42 PM"}
{"name":"Cave horror","level":80,"killCount":-1,"type":"NPC","drops":[{"name":"Big bones","id":532,"quantity":1,"price":168},{"name":"Irit seed","id":5297,"quantity":1,"price":43}],"date":"Jan 6, 2023, 8:23:48 PM"}
{"name":"Cave horror","level":80,"killCount":-1,"type":"NPC","drops":[{"name":"Big bones","id":532,"quantity":1,"price":168},{"name":"Limpwurt root","id":225,"quantity":1,"price":619}],"date":"Jan 6, 2023, 8:23:57 PM"}
{"name":"Cave horror","level":80,"killCount":-1,"type":"NPC","drops":[{"name":"Big bones","id":532,"quantity":1,"price":168},{"name":"Onion seed","id":5319,"quantity":2,"price":1}],"date":"Jan 6, 2023, 8:24:06 PM"}
{"name":"Cave horror","level":80,"killCount":-1,"type":"NPC","drops":[{"name":"Big bones","id":532,"quantity":1,"price":168},{"name":"Teak logs","id":6334,"quantity":4,"price":169}],"date":"Jan 6, 2023, 8:24:13 PM"}
{"name":"Cave horror","level":80,"killCount":-1,"type":"NPC","drops":[{"name":"Big bones","id":532,"quantity":1,"price":168},{"name":"Coins","id":995,"quantity":44,"price":1}],"date":"Jan 6, 2023, 8:24:23 PM"}
{"name":"Cave horror","level":80,"killCount":-1,"type":"NPC","drops":[{"name":"Big bones","id":532,"quantity":1,"price":168},{"name":"Mithril kiteshield","id":1197,"quantity":1,"price":1013}],"date":"Jan 6, 2023, 8:24:28 PM"}
{"name":"Cave horror","level":80,"killCount":-1,"type":"NPC","drops":[{"name":"Big bones","id":532,"quantity":1,"price":168},{"name":"Coins","id":995,"quantity":44,"price":1}],"date":"Jan 6, 2023, 8:24:43 PM"}
{"name":"Cave horror","level":80,"killCount":-1,"type":"NPC","drops":[{"name":"Big bones","id":532,"quantity":1,"price":168},{"name":"Grimy guam leaf","id":199,"quantity":1,"price":42}],"date":"Jan 6, 2023, 8:24:56 PM"}
{"name":"Cave horror","level":80,"killCount":-1,"type":"NPC","drops":[{"name":"Big bones","id":532,"quantity":1,"price":168},{"name":"Potato cactus seed","id":22873,"quantity":1,"price":9}],"date":"Jan 6, 2023, 8:25:03 PM"}
{"name":"Cave horror","level":80,"killCount":-1,"type":"NPC","drops":[{"name":"Big bones","id":532,"quantity":1,"price":168},{"name":"Ensouled horror head","id":13486,"quantity":1,"price":1943},{"name":"Nature rune","id":561,"quantity":6,"price":112}],"date":"Jan 6, 2023, 8:25:12 PM"}
{"name":"Cave horror","level":80,"killCount":-1,"type":"NPC","drops":[{"name":"Big bones","id":532,"quantity":1,"price":168},{"name":"Grimy harralander","id":205,"quantity":1,"price":690}],"date":"Jan 6, 2023, 8:25:17 PM"}
{"name":"Cave horror","level":80,"killCount":-1,"type":"NPC","drops":[{"name":"Big bones","id":532,"quantity":1,"price":168},{"name":"Coins","id":995,"quantity":44,"price":1}],"date":"Jan 6, 2023, 8:25:27 PM"}
{"name":"Cave horror","level":80,"killCount":-1,"type":"NPC","drops":[{"name":"Big bones","id":532,"quantity":1,"price":168},{"name":"Mithril kiteshield","id":1197,"quantity":1,"price":1013}],"date":"Jan 6, 2023, 8:25:40 PM"}
{"name":"Cave horror","level":80,"killCount":-1,"type":"NPC","drops":[{"name":"Big bones","id":532,"quantity":1,"price":168},{"name":"Coins","id":995,"quantity":44,"price":1}],"date":"Jan 6, 2023, 8:25:53 PM"}
{"name":"Cave horror","level":80,"killCount":-1,"type":"NPC","drops":[{"name":"Big bones","id":532,"quantity":1,"price":168},{"name":"Kwuarm seed","id":5299,"quantity":1,"price":296}],"date":"Jan 6, 2023, 8:25:58 PM"}
{"name":"Cave horror","level":80,"killCount":-1,"type":"NPC","drops":[{"name":"Big bones","id":532,"quantity":1,"price":168},{"name":"Teak logs","id":6334,"quantity":4,"price":169}],"date":"Jan 6, 2023, 8:26:07 PM"}
{"name":"Cave horror","level":80,"killCount":-1,"type":"NPC","drops":[{"name":"Big bones","id":532,"quantity":1,"price":168},{"name":"Onion seed","id":5319,"quantity":3,"price":1}],"date":"Jan 6, 2023, 8:26:11 PM"}
{"name":"Cave horror","level":80,"killCount":-1,"type":"NPC","drops":[{"name":"Big bones","id":532,"quantity":1,"price":168},{"name":"Limpwurt root","id":225,"quantity":1,"price":619}],"date":"Jan 6, 2023, 8:26:16 PM"}
{"name":"Cave horror","level":80,"killCount":-1,"type":"NPC","drops":[{"name":"Big bones","id":532,"quantity":1,"price":168},{"name":"Limpwurt root","id":225,"quantity":1,"price":619}],"date":"Jan 6, 2023, 8:26:27 PM"}
{"name":"Cave horror","level":80,"killCount":-1,"type":"NPC","drops":[{"name":"Big bones","id":532,"quantity":1,"price":168},{"name":"Grimy marrentill","id":201,"quantity":1,"price":30}],"date":"Jan 6, 2023, 8:26:39 PM"}
{"name":"Cave horror","level":80,"killCount":-1,"type":"NPC","drops":[{"name":"Big bones","id":532,"quantity":1,"price":168},{"name":"Teak logs","id":6334,"quantity":4,"price":169}],"date":"Jan 6, 2023, 8:26:49 PM"}
{"name":"Cave horror","level":80,"killCount":-1,"type":"NPC","drops":[{"name":"Big bones","id":532,"quantity":1,"price":168},{"name":"Coins","id":995,"quantity":44,"price":1}],"date":"Jan 6, 2023, 8:26:58 PM"}
{"name":"Cave horror","level":80,"killCount":-1,"type":"NPC","drops":[{"name":"Big bones","id":532,"quantity":1,"price":168},{"name":"Coins","id":995,"quantity":44,"price":1}],"date":"Jan 6, 2023, 8:27:04 PM"}
{"name":"Cave horror","level":80,"killCount":-1,"type":"NPC","drops":[{"name":"Big bones","id":532,"quantity":1,"price":168},{"name":"Coins","id":995,"quantity":44,"price":1}],"date":"Jan 6, 2023, 8:27:09 PM"}
{"name":"Cave horror","level":80,"killCount":-1,"type":"NPC","drops":[{"name":"Big bones","id":532,"quantity":1,"price":168},{"name":"Avantoe seed","id":5298,"quantity":1,"price":575}],"date":"Jan 6, 2023, 8:27:18 PM"}
{"name":"Cave horror","level":80,"killCount":-1,"type":"NPC","drops":[{"name":"Big bones","id":532,"quantity":1,"price":168},{"name":"Coins","id":995,"quantity":44,"price":1}],"date":"Jan 6, 2023, 8:27:30 PM"}
{"name":"Cave horror","level":80,"killCount":-1,"type":"NPC","drops":[{"name":"Big bones","id":532,"quantity":1,"price":168},{"name":"Grimy harralander","id":205,"quantity":1,"price":690}],"date":"Jan 6, 2023, 8:27:40 PM"}
{"name":"Cave horror","level":80,"killCount":-1,"type":"NPC","drops":[{"name":"Big bones","id":532,"quantity":1,"price":168}],"date":"Jan 6, 2023, 8:27:42 PM"}
{"name":"Cave horror","level":80,"killCount":-1,"type":"NPC","drops":[{"name":"Big bones","id":532,"quantity":1,"price":168},{"name":"Belladonna seed","id":5281,"quantity":1,"price":74}],"date":"Jan 6, 2023, 8:27:52 PM"}
{"name":"Cave horror","level":80,"killCount":-1,"type":"NPC","drops":[{"name":"Big bones","id":532,"quantity":1,"price":168},{"name":"Grimy tarromin","id":203,"quantity":1,"price":140}],"date":"Jan 6, 2023, 8:27:56 PM"}
{"name":"Cave horror","level":80,"killCount":-1,"type":"NPC","drops":[{"name":"Big bones","id":532,"quantity":1,"price":168},{"name":"Clue scroll (hard)","id":3554,"quantity":1,"price":0},{"name":"Coins","id":995,"quantity":44,"price":1}],"date":"Jan 6, 2023, 8:27:59 PM"}
{"name":"Cave horror","level":80,"killCount":-1,"type":"NPC","drops":[{"name":"Big bones","id":532,"quantity":1,"price":168},{"name":"Lantadyme seed","id":5302,"quantity":1,"price":321}],"date":"Jan 6, 2023, 8:28:06 PM"}
{"name":"Cave horror","level":80,"killCount":-1,"type":"NPC","drops":[{"name":"Big bones","id":532,"quantity":1,"price":168},{"name":"Coins","id":995,"quantity":132,"price":1}],"date":"Jan 6, 2023, 8:28:21 PM"}
{"name":"Cave horror","level":80,"killCount":-1,"type":"NPC","drops":[{"name":"Big bones","id":532,"quantity":1,"price":168},{"name":"Coins","id":995,"quantity":44,"price":1}],"date":"Jan 6, 2023, 8:28:32 PM"}
{"name":"Cave horror","level":80,"killCount":-1,"type":"NPC","drops":[{"name":"Big bones","id":532,"quantity":1,"price":168},{"name":"Coins","id":995,"quantity":44,"price":1}],"date":"Jan 6, 2023, 8:28:37 PM"}
{"name":"Cave horror","level":80,"killCount":-1,"type":"NPC","drops":[{"name":"Big bones","id":532,"quantity":1,"price":168},{"name":"Coins","id":995,"quantity":44,"price":1}],"date":"Jan 6, 2023, 8:28:49 PM"}
{"name":"Cave horror","level":80,"killCount":-1,"type":"NPC","drops":[{"name":"Big bones","id":532,"quantity":1,"price":168},{"name":"Mahogany logs","id":6332,"quantity":1,"price":383},{"name":"Mahogany logs","id":6332,"quantity":1,"price":383}],"date":"Jan 6, 2023, 8:29:17 PM"}
{"name":"Cave horror","level":80,"killCount":-1,"type":"NPC","drops":[{"name":"Big bones","id":532,"quantity":1,"price":168},{"name":"Potato seed","id":5318,"quantity":1,"price":1}],"date":"Jan 6, 2023, 8:29:23 PM"}
{"name":"Cave horror","level":80,"killCount":-1,"type":"NPC","drops":[{"name":"Big bones","id":532,"quantity":1,"price":168},{"name":"Toadflax seed","id":5296,"quantity":1,"price":1036}],"date":"Jan 6, 2023, 8:29:29 PM"}
{"name":"Cave horror","level":80,"killCount":-1,"type":"NPC","drops":[{"name":"Big bones","id":532,"quantity":1,"price":168},{"name":"Coins","id":995,"quantity":132,"price":1}],"date":"Jan 6, 2023, 8:29:34 PM"}
{"name":"Cave horror","level":80,"killCount":-1,"type":"NPC","drops":[{"name":"Big bones","id":532,"quantity":1,"price":168},{"name":"Nature rune","id":561,"quantity":3,"price":112}],"date":"Jan 6, 2023, 8:29:42 PM"}
{"name":"Cave horror","level":80,"killCount":-1,"type":"NPC","drops":[{"name":"Big bones","id":532,"quantity":1,"price":168},{"name":"Coins","id":995,"quantity":44,"price":1}],"date":"Jan 6, 2023, 8:29:54 PM"}
{"name":"Cave horror","level":80,"killCount":-1,"type":"NPC","drops":[{"name":"Big bones","id":532,"quantity":1,"price":168},{"name":"Coins","id":995,"quantity":132,"price":1}],"date":"Jan 6, 2023, 8:29:59 PM"}
{"name":"Cave horror","level":80,"killCount":-1,"type":"NPC","drops":[{"name":"Big bones","id":532,"quantity":1,"price":168},{"name":"Coins","id":995,"quantity":44,"price":1}],"date":"Jan 6, 2023, 8:30:10 PM"}
{"name":"Cave horror","level":80,"killCount":-1,"type":"NPC","drops":[{"name":"Big bones","id":532,"quantity":1,"price":168},{"name":"Toadflax seed","id":5296,"quantity":1,"price":1036}],"date":"Jan 6, 2023, 8:30:17 PM"}
{"name":"Cave horror","level":80,"killCount":-1,"type":"NPC","drops":[{"name":"Big bones","id":532,"quantity":1,"price":168},{"name":"Coins","id":995,"quantity":44,"price":1}],"date":"Jan 6, 2023, 8:30:26 PM"}
{"name":"Cave horror","level":80,"killCount":-1,"type":"NPC","drops":[{"name":"Big bones","id":532,"quantity":1,"price":168},{"name":"Coins","id":995,"quantity":44,"price":1}],"date":"Jan 6, 2023, 8:30:35 PM"}
{"name":"Cave horror","level":80,"killCount":-1,"type":"NPC","drops":[{"name":"Big bones","id":532,"quantity":1,"price":168},{"name":"Toadflax seed","id":5296,"quantity":1,"price":1036}],"date":"Jan 6, 2023, 8:30:44 PM"}
{"name":"Cave horror","level":80,"killCount":-1,"type":"NPC","drops":[{"name":"Big bones","id":532,"quantity":1,"price":168},{"name":"Uncut diamond","id":1617,"quantity":1,"price":2821}],"date":"Jan 6, 2023, 8:31:03 PM"}
{"name":"Cave horror","level":80,"killCount":-1,"type":"NPC","drops":[{"name":"Big bones","id":532,"quantity":1,"price":168},{"name":"Ensouled horror head","id":13486,"quantity":1,"price":1943},{"name":"Potato seed","id":5318,"quantity":3,"price":1}],"date":"Jan 6, 2023, 8:31:08 PM"}
{"name":"Cave horror","level":80,"killCount":-1,"type":"NPC","drops":[{"name":"Big bones","id":532,"quantity":1,"price":168},{"name":"Teak logs","id":6334,"quantity":4,"price":169}],"date":"Jan 6, 2023, 8:31:26 PM"}
{"name":"Cave horror","level":80,"killCount":-1,"type":"NPC","drops":[{"name":"Big bones","id":532,"quantity":1,"price":168},{"name":"Coins","id":995,"quantity":44,"price":1}],"date":"Jan 6, 2023, 8:31:33 PM"}
{"name":"Cave horror","level":80,"killCount":-1,"type":"NPC","drops":[{"name":"Big bones","id":532,"quantity":1,"price":168},{"name":"Onion seed","id":5319,"quantity":2,"price":1}],"date":"Jan 6, 2023, 8:31:39 PM"}
{"name":"Cave horror","level":80,"killCount":-1,"type":"NPC","drops":[{"name":"Big bones","id":532,"quantity":1,"price":168},{"name":"Mithril axe","id":1355,"quantity":1,"price":95}],"date":"Jan 6, 2023, 8:31:50 PM"}
{"name":"Cave horror","level":80,"killCount":-1,"type":"NPC","drops":[{"name":"Big bones","id":532,"quantity":1,"price":168},{"name":"Teak logs","id":6334,"quantity":4,"price":169}],"date":"Jan 6, 2023, 8:31:57 PM"}
{"name":"Cave horror","level":80,"killCount":-1,"type":"NPC","drops":[{"name":"Big bones","id":532,"quantity":1,"price":168},{"name":"Grimy guam leaf","id":199,"quantity":1,"price":42}],"date":"Jan 6, 2023, 8:32:03 PM"}
{"name":"Cave horror","level":80,"killCount":-1,"type":"NPC","drops":[{"name":"Big bones","id":532,"quantity":1,"price":168},{"name":"Teak logs","id":6334,"quantity":4,"price":169}],"date":"Jan 6, 2023, 8:32:15 PM"}
{"name":"Cave horror","level":80,"killCount":-1,"type":"NPC","drops":[{"name":"Big bones","id":532,"quantity":1,"price":168},{"name":"Coins","id":995,"quantity":44,"price":1}],"date":"Jan 6, 2023, 8:32:23 PM"}
{"name":"Cave horror","level":80,"killCount":-1,"type":"NPC","drops":[{"name":"Big bones","id":532,"quantity":1,"price":168},{"name":"Coins","id":995,"quantity":132,"price":1}],"date":"Jan 6, 2023, 8:32:27 PM"}
{"name":"Cave horror","level":80,"killCount":-1,"type":"NPC","drops":[{"name":"Big bones","id":532,"quantity":1,"price":168},{"name":"Coins","id":995,"quantity":44,"price":1}],"date":"Jan 6, 2023, 8:32:34 PM"}
{"name":"Cave horror","level":80,"killCount":-1,"type":"NPC","drops":[{"name":"Big bones","id":532,"quantity":1,"price":168},{"name":"Limpwurt root","id":225,"quantity":1,"price":619}],"date":"Jan 6, 2023, 8:32:41 PM"}
{"name":"Cave horror","level":80,"killCount":-1,"type":"NPC","drops":[{"name":"Big bones","id":532,"quantity":1,"price":168},{"name":"Lantadyme seed","id":5302,"quantity":1,"price":321}],"date":"Jan 6, 2023, 8:32:49 PM"}
{"name":"Cave horror","level":80,"killCount":-1,"type":"NPC","drops":[{"name":"Long bone","id":10976,"quantity":1,"price":1000},{"name":"Big bones","id":532,"quantity":1,"price":168},{"name":"Poison ivy seed","id":5106,"quantity":1,"price":12}],"date":"Jan 6, 2023, 8:32:59 PM"}
{"name":"Cave horror","level":80,"killCount":-1,"type":"NPC","drops":[{"name":"Big bones","id":532,"quantity":1,"price":168},{"name":"Nature rune","id":561,"quantity":6,"price":112}],"date":"Jan 6, 2023, 8:33:15 PM"}
{"name":"Cave horror","level":80,"killCount":-1,"type":"NPC","drops":[{"name":"Big bones","id":532,"quantity":1,"price":168},{"name":"Limpwurt root","id":225,"quantity":1,"price":619}],"date":"Jan 6, 2023, 8:33:20 PM"}
{"name":"Cave horror","level":80,"killCount":-1,"type":"NPC","drops":[{"name":"Big bones","id":532,"quantity":1,"price":168},{"name":"Teak logs","id":6334,"quantity":4,"price":169}],"date":"Jan 6, 2023, 8:33:24 PM"}
{"name":"Cave horror","level":80,"killCount":-1,"type":"NPC","drops":[{"name":"Big bones","id":532,"quantity":1,"price":168},{"name":"Coins","id":995,"quantity":132,"price":1}],"date":"Jan 6, 2023, 8:33:34 PM"}
{"name":"Cave horror","level":80,"killCount":-1,"type":"NPC","drops":[{"name":"Big bones","id":532,"quantity":1,"price":168},{"name":"Teak logs","id":6334,"quantity":4,"price":169}],"date":"Jan 6, 2023, 8:33:39 PM"}
{"name":"Cave horror","level":80,"killCount":-1,"type":"NPC","drops":[{"name":"Big bones","id":532,"quantity":1,"price":168},{"name":"Irit seed","id":5297,"quantity":1,"price":43}],"date":"Jan 6, 2023, 8:33:48 PM"}
{"name":"Cave horror","level":80,"killCount":-1,"type":"NPC","drops":[{"name":"Big bones","id":532,"quantity":1,"price":168},{"name":"Toadflax seed","id":5296,"quantity":1,"price":1036}],"date":"Jan 6, 2023, 8:33:55 PM"}
{"name":"Cave horror","level":80,"killCount":-1,"type":"NPC","drops":[{"name":"Big bones","id":532,"quantity":1,"price":168},{"name":"Strawberry seed","id":5323,"quantity":1,"price":3}],"date":"Jan 6, 2023, 8:34:09 PM"}
{"name":"Cave horror","level":80,"killCount":-1,"type":"NPC","drops":[{"name":"Big bones","id":532,"quantity":1,"price":168},{"name":"Ensouled horror head","id":13486,"quantity":1,"price":1943},{"name":"Coins","id":995,"quantity":44,"price":1}],"date":"Jan 6, 2023, 8:34:17 PM"}
{"name":"Cave horror","level":80,"killCount":-1,"type":"NPC","drops":[{"name":"Big bones","id":532,"quantity":1,"price":168},{"name":"Cadantine seed","id":5301,"quantity":1,"price":801}],"date":"Jan 6, 2023, 8:34:24 PM"}
{"name":"Cave horror","level":80,"killCount":-1,"type":"NPC","drops":[{"name":"Big bones","id":532,"quantity":1,"price":168},{"name":"Kwuarm seed","id":5299,"quantity":1,"price":296}],"date":"Jan 6, 2023, 8:34:35 PM"}
{"name":"Cave horror","level":80,"killCount":-1,"type":"NPC","drops":[{"name":"Big bones","id":532,"quantity":1,"price":168},{"name":"Limpwurt root","id":225,"quantity":1,"price":619}],"date":"Jan 6, 2023, 8:34:47 PM"}
{"name":"Cave horror","level":80,"killCount":-1,"type":"NPC","drops":[{"name":"Big bones","id":532,"quantity":1,"price":168},{"name":"Teak logs","id":6334,"quantity":4,"price":169}],"date":"Jan 6, 2023, 8:34:59 PM"}
{"name":"Cave horror","level":80,"killCount":-1,"type":"NPC","drops":[{"name":"Big bones","id":532,"quantity":1,"price":168},{"name":"Toadflax seed","id":5296,"quantity":1,"price":1036}],"date":"Jan 6, 2023, 8:35:03 PM"}
{"name":"Cave horror","level":80,"killCount":-1,"type":"NPC","drops":[{"name":"Big bones","id":532,"quantity":1,"price":168},{"name":"Potato seed","id":5318,"quantity":3,"price":1}],"date":"Jan 6, 2023, 8:35:16 PM"}
{"name":"Cave horror","level":80,"killCount":-1,"type":"NPC","drops":[{"name":"Big bones","id":532,"quantity":1,"price":168}],"date":"Jan 6, 2023, 8:35:25 PM"}
{"name":"Cave horror","level":80,"killCount":-1,"type":"NPC","drops":[{"name":"Big bones","id":532,"quantity":1,"price":168},{"name":"Coins","id":995,"quantity":44,"price":1}],"date":"Jan 6, 2023, 8:35:37 PM"}
{"name":"Cave horror","level":80,"killCount":-1,"type":"NPC","drops":[{"name":"Big bones","id":532,"quantity":1,"price":168},{"name":"Teak logs","id":6334,"quantity":4,"price":169}],"date":"Jan 6, 2023, 8:35:47 PM"}
{"name":"Cave horror","level":80,"killCount":-1,"type":"NPC","drops":[{"name":"Big bones","id":532,"quantity":1,"price":168},{"name":"Coins","id":995,"quantity":440,"price":1}],"date":"Jan 6, 2023, 8:35:51 PM"}
{"name":"Cave horror","level":80,"killCount":-1,"type":"NPC","drops":[{"name":"Big bones","id":532,"quantity":1,"price":168},{"name":"Coins","id":995,"quantity":44,"price":1}],"date":"Jan 6, 2023, 8:35:56 PM"}
{"name":"Cave horror","level":80,"killCount":-1,"type":"NPC","drops":[{"name":"Big bones","id":532,"quantity":1,"price":168},{"name":"Potato seed","id":5318,"quantity":1,"price":1}],"date":"Jan 6, 2023, 8:36:02 PM"}
{"name":"Cave horror","level":80,"killCount":-1,"type":"NPC","drops":[{"name":"Big bones","id":532,"quantity":1,"price":168},{"name":"Onion seed","id":5319,"quantity":3,"price":1}],"date":"Jan 6, 2023, 8:36:20 PM"}
{"name":"Cave horror","level":80,"killCount":-1,"type":"NPC","drops":[{"name":"Big bones","id":532,"quantity":1,"price":168},{"name":"Mahogany logs","id":6332,"quantity":1,"price":383},{"name":"Mahogany logs","id":6332,"quantity":1,"price":383}],"date":"Jan 6, 2023, 8:36:24 PM"}
{"name":"Cave horror","level":80,"killCount":-1,"type":"NPC","drops":[{"name":"Big bones","id":532,"quantity":1,"price":168},{"name":"Uncut emerald","id":1621,"quantity":1,"price":483}],"date":"Jan 6, 2023, 8:36:29 PM"}
{"name":"Cave horror","level":80,"killCount":-1,"type":"NPC","drops":[{"name":"Big bones","id":532,"quantity":1,"price":168},{"name":"Coins","id":995,"quantity":44,"price":1}],"date":"Jan 6, 2023, 8:36:38 PM"}
{"name":"Cave horror","level":80,"killCount":-1,"type":"NPC","drops":[{"name":"Big bones","id":532,"quantity":1,"price":168},{"name":"Coins","id":995,"quantity":44,"price":1}],"date":"Jan 6, 2023, 8:36:45 PM"}
{"name":"Cave horror","level":80,"killCount":-1,"type":"NPC","drops":[{"name":"Big bones","id":532,"quantity":1,"price":168},{"name":"Limpwurt root","id":225,"quantity":1,"price":619}],"date":"Jan 6, 2023, 8:36:59 PM"}
{"name":"Cave horror","level":80,"killCount":-1,"type":"NPC","drops":[{"name":"Big bones","id":532,"quantity":1,"price":168},{"name":"Coins","id":995,"quantity":44,"price":1}],"date":"Jan 6, 2023, 8:37:08 PM"}
{"name":"Cave horror","level":80,"killCount":-1,"type":"NPC","drops":[{"name":"Big bones","id":532,"quantity":1,"price":168},{"name":"Mithril axe","id":1355,"quantity":1,"price":95}],"date":"Jan 6, 2023, 8:37:19 PM"}
{"name":"Cave horror","level":80,"killCount":-1,"type":"NPC","drops":[{"name":"Big bones","id":532,"quantity":1,"price":168},{"name":"Grimy tarromin","id":203,"quantity":1,"price":140}],"date":"Jan 6, 2023, 8:37:25 PM"}
{"name":"Cave horror","level":80,"killCount":-1,"type":"NPC","drops":[{"name":"Big bones","id":532,"quantity":1,"price":168},{"name":"Coins","id":995,"quantity":44,"price":1}],"date":"Jan 6, 2023, 8:37:35 PM"}
{"name":"Cave horror","level":80,"killCount":-1,"type":"NPC","drops":[{"name":"Big bones","id":532,"quantity":1,"price":168},{"name":"Coins","id":995,"quantity":44,"price":1}],"date":"Jan 6, 2023, 8:37:41 PM"}
{"name":"Cave horror","level":80,"killCount":-1,"type":"NPC","drops":[{"name":"Big bones","id":532,"quantity":1,"price":168},{"name":"Coins","id":995,"quantity":44,"price":1}],"date":"Jan 6, 2023, 8:37:50 PM"}
{"name":"Cave horror","level":80,"killCount":-1,"type":"NPC","drops":[{"name":"Big bones","id":532,"quantity":1,"price":168},{"name":"Coins","id":995,"quantity":44,"price":1}],"date":"Jan 6, 2023, 8:37:56 PM"}
{"name":"Cave horror","level":80,"killCount":-1,"type":"NPC","drops":[{"name":"Big bones","id":532,"quantity":1,"price":168},{"name":"Mahogany logs","id":6332,"quantity":1,"price":383},{"name":"Mahogany logs","id":6332,"quantity":1,"price":383}],"date":"Jan 6, 2023, 8:38:05 PM"}
{"name":"Cave horror","level":80,"killCount":-1,"type":"NPC","drops":[{"name":"Big bones","id":532,"quantity":1,"price":168},{"name":"Ensouled horror head","id":13486,"quantity":1,"price":1943},{"name":"Coins","id":995,"quantity":132,"price":1}],"date":"Jan 6, 2023, 8:38:15 PM"}
{"name":"Cave horror","level":80,"killCount":-1,"type":"NPC","drops":[{"name":"Big bones","id":532,"quantity":1,"price":168},{"name":"Potato seed","id":5318,"quantity":1,"price":1}],"date":"Jan 6, 2023, 8:38:20 PM"}
{"name":"Cave horror","level":80,"killCount":-1,"type":"NPC","drops":[{"name":"Big bones","id":532,"quantity":1,"price":168},{"name":"Limpwurt root","id":225,"quantity":1,"price":619}],"date":"Jan 6, 2023, 8:38:21 PM"}
{"name":"Cave horror","level":80,"killCount":-1,"type":"NPC","drops":[{"name":"Big bones","id":532,"quantity":1,"price":168},{"name":"Teak logs","id":6334,"quantity":4,"price":169}],"date":"Jan 6, 2023, 8:38:27 PM"}
{"name":"Cave horror","level":80,"killCount":-1,"type":"NPC","drops":[{"name":"Big bones","id":532,"quantity":1,"price":168},{"name":"Ensouled horror head","id":13486,"quantity":1,"price":1943}],"date":"Jan 6, 2023, 8:38:36 PM"}
{"name":"Cave horror","level":80,"killCount":-1,"type":"NPC","drops":[{"name":"Big bones","id":532,"quantity":1,"price":168},{"name":"Coins","id":995,"quantity":132,"price":1}],"date":"Jan 6, 2023, 8:38:41 PM"}
{"name":"Cave horror","level":80,"killCount":-1,"type":"NPC","drops":[{"name":"Big bones","id":532,"quantity":1,"price":168},{"name":"Coins","id":995,"quantity":44,"price":1}],"date":"Jan 6, 2023, 8:38:51 PM"}
{"name":"Cave horror","level":80,"killCount":-1,"type":"NPC","drops":[{"name":"Big bones","id":532,"quantity":1,"price":168},{"name":"Belladonna seed","id":5281,"quantity":1,"price":74}],"date":"Jan 6, 2023, 8:39:05 PM"}
{"name":"Cave horror","level":80,"killCount":-1,"type":"NPC","drops":[{"name":"Big bones","id":532,"quantity":1,"price":168},{"name":"Onion seed","id":5319,"quantity":1,"price":1}],"date":"Jan 6, 2023, 8:39:09 PM"}
{"name":"Cave horror","level":80,"killCount":-1,"type":"NPC","drops":[{"name":"Big bones","id":532,"quantity":1,"price":168},{"name":"Coins","id":995,"quantity":44,"price":1}],"date":"Jan 6, 2023, 8:39:19 PM"}
{"name":"Cave horror","level":80,"killCount":-1,"type":"NPC","drops":[{"name":"Big bones","id":532,"quantity":1,"price":168},{"name":"Nature rune","id":561,"quantity":4,"price":112}],"date":"Jan 6, 2023, 8:39:30 PM"}
{"name":"Cave horror","level":80,"killCount":-1,"type":"NPC","drops":[{"name":"Big bones","id":532,"quantity":1,"price":168},{"name":"Coins","id":995,"quantity":44,"price":1}],"date":"Jan 6, 2023, 8:39:41 PM"}
{"name":"Cave horror","level":80,"killCount":-1,"type":"NPC","drops":[{"name":"Big bones","id":532,"quantity":1,"price":168},{"name":"Coins","id":995,"quantity":132,"price":1}],"date":"Jan 6, 2023, 8:39:54 PM"}
{"name":"Cave horror","level":80,"killCount":-1,"type":"NPC","drops":[{"name":"Big bones","id":532,"quantity":1,"price":168},{"name":"Mithril axe","id":1355,"quantity":1,"price":95}],"date":"Jan 6, 2023, 8:39:59 PM"}
{"name":"Cave horror","level":80,"killCount":-1,"type":"NPC","drops":[{"name":"Big bones","id":532,"quantity":1,"price":168},{"name":"Potato seed","id":5318,"quantity":2,"price":1}],"date":"Jan 6, 2023, 8:40:06 PM"}
{"name":"Cave horror","level":80,"killCount":-1,"type":"NPC","drops":[{"name":"Big bones","id":532,"quantity":1,"price":168},{"name":"Grimy guam leaf","id":199,"quantity":1,"price":42}],"date":"Jan 6, 2023, 8:40:13 PM"}
{"name":"Cave horror","level":80,"killCount":-1,"type":"NPC","drops":[{"name":"Big bones","id":532,"quantity":1,"price":168},{"name":"Nature rune","id":561,"quantity":6,"price":112}],"date":"Jan 6, 2023, 8:40:19 PM"}
{"name":"Cave horror","level":80,"killCount":-1,"type":"NPC","drops":[{"name":"Big bones","id":532,"quantity":1,"price":168},{"name":"Coins","id":995,"quantity":44,"price":1}],"date":"Jan 6, 2023, 8:40:29 PM"}
{"name":"Cave horror","level":80,"killCount":-1,"type":"NPC","drops":[{"name":"Big bones","id":532,"quantity":1,"price":168},{"name":"Coins","id":995,"quantity":44,"price":1}],"date":"Jan 6, 2023, 8:40:40 PM"}
{"name":"Cave horror","level":80,"killCount":-1,"type":"NPC","drops":[{"name":"Big bones","id":532,"quantity":1,"price":168},{"name":"Coins","id":995,"quantity":44,"price":1}],"date":"Jan 6, 2023, 8:40:49 PM"}
{"name":"Cave horror","level":80,"killCount":-1,"type":"NPC","drops":[{"name":"Big bones","id":532,"quantity":1,"price":168},{"name":"Potato seed","id":5318,"quantity":2,"price":1}],"date":"Jan 6, 2023, 8:40:59 PM"}
{"name":"Cave horror","level":80,"killCount":-1,"type":"NPC","drops":[{"name":"Big bones","id":532,"quantity":1,"price":168},{"name":"Uncut sapphire","id":1623,"quantity":1,"price":241}],"date":"Jan 6, 2023, 8:41:08 PM"}
{"name":"Cave horror","level":80,"killCount":-1,"type":"NPC","drops":[{"name":"Big bones","id":532,"quantity":1,"price":168},{"name":"Grimy irit leaf","id":209,"quantity":1,"price":857}],"date":"Jan 6, 2023, 8:41:22 PM"}
