{"name":"Cerberus","level":318,"killCount":63,"type":"NPC","drops":[{"name":"Infernal ashes","id":25778,"quantity":1,"price":3215},{"name":"Unholy symbol","id":1724,"quantity":1,"price":425}],"date":"Mar 24, 2022, 1:23:33 PM"}
{"name":"Cerberus","level":318,"killCount":64,"type":"NPC","drops":[{"name":"Infernal ashes","id":25778,"quantity":1,"price":3215},{"name":"Soul rune","id":566,"quantity":100,"price":150}],"date":"Mar 24, 2022, 1:28:11 PM"}
{"name":"Cerberus","level":318,"killCount":65,"type":"NPC","drops":[{"name":"Infernal ashes","id":25778,"quantity":1,"price":3215},{"name":"Runite bolts (unf)","id":9381,"quantity":40,"price":231}],"date":"Mar 24, 2022, 1:32:16 PM"}
{"name":"Cerberus","level":318,"killCount":66,"type":"NPC","drops":[{"name":"Infernal ashes","id":25778,"quantity":1,"price":3215},{"name":"Dragon bones","id":537,"quantity":20,"price":1822}],"date":"Mar 24, 2022, 1:37:08 PM"}
{"name":"Cerberus","level":318,"killCount":67,"type":"NPC","drops":[{"name":"Infernal ashes","id":25778,"quantity":1,"price":3215},{"name":"Ashes","id":593,"quantity":50,"price":211}],"date":"Mar 24, 2022, 1:40:56 PM"}
{"name":"Cerberus","level":318,"killCount":68,"type":"NPC","drops":[{"name":"Infernal ashes","id":25778,"quantity":1,"price":3215},{"name":"Death rune","id":560,"quantity":100,"price":196}],"date":"Mar 24, 2022, 1:50:58 PM"}
{"name":"Cerberus","level":318,"killCount":69,"type":"NPC","drops":[{"name":"Infernal ashes","id":25778,"quantity":1,"price":3215},{"name":"Unholy symbol","id":1724,"quantity":1,"price":425}],"date":"Mar 24, 2022, 1:54:08 PM"}
{"name":"Cerberus","level":318,"killCount":70,"type":"NPC","drops":[{"name":"Infernal ashes","id":25778,"quantity":1,"price":3215},{"name":"Runite ore","id":452,"quantity":5,"price":11057}],"date":"Mar 24, 2022, 1:57:05 PM"}
{"name":"Cerberus","level":318,"killCount":71,"type":"NPC","drops":[{"name":"Infernal ashes","id":25778,"quantity":1,"price":3215},{"name":"Black d\u0027hide body","id":2503,"quantity":1,"price":7173}],"date":"Mar 24, 2022, 2:00:03 PM"}
{"name":"Cerberus","level":318,"killCount":72,"type":"NPC","drops":[{"name":"Infernal ashes","id":25778,"quantity":1,"price":3200},{"name":"Summer pie","id":7218,"quantity":1,"price":870},{"name":"Summer pie","id":7218,"quantity":1,"price":870},{"name":"Summer pie","id":7218,"quantity":1,"price":870}],"date":"Mar 25, 2022, 10:53:02 AM"}
{"name":"Cerberus","level":318,"killCount":73,"type":"NPC","drops":[{"name":"Infernal ashes","id":25778,"quantity":1,"price":3200},{"name":"Grimy torstol","id":220,"quantity":6,"price":8313}],"date":"Mar 25, 2022, 10:56:19 AM"}
{"name":"Cerberus","level":318,"killCount":74,"type":"NPC","drops":[{"name":"Infernal ashes","id":25778,"quantity":1,"price":3200},{"name":"Summer pie","id":7218,"quantity":1,"price":870},{"name":"Summer pie","id":7218,"quantity":1,"price":870},{"name":"Summer pie","id":7218,"quantity":1,"price":870}],"date":"Mar 25, 2022, 11:01:22 AM"}
{"name":"Cerberus","level":318,"killCount":75,"type":"NPC","drops":[{"name":"Infernal ashes","id":25778,"quantity":1,"price":3200},{"name":"Ashes","id":593,"quantity":50,"price":218}],"date":"Mar 25, 2022, 11:05:37 AM"}
{"name":"Cerberus","level":318,"killCount":76,"type":"NPC","drops":[{"name":"Infernal ashes","id":25778,"quantity":1,"price":3200},{"name":"Fire rune","id":554,"quantity":300,"price":4}],"date":"Mar 25, 2022, 11:09:18 AM"}
{"name":"Cerberus","level":318,"killCount":77,"type":"NPC","drops":[{"name":"Infernal ashes","id":25778,"quantity":1,"price":3200},{"name":"Cannonball","id":2,"quantity":50,"price":169}],"date":"Mar 25, 2022, 11:12:58 AM"}
{"name":"Cerberus","level":318,"killCount":78,"type":"NPC","drops":[{"name":"Infernal ashes","id":25778,"quantity":1,"price":3200},{"name":"Pure essence","id":7937,"quantity":300,"price":2}],"date":"Mar 25, 2022, 11:16:16 AM"}
{"name":"Cerberus","level":318,"killCount":79,"type":"NPC","drops":[{"name":"Infernal ashes","id":25778,"quantity":1,"price":3200},{"name":"Soul rune","id":566,"quantity":100,"price":150}],"date":"Mar 25, 2022, 11:20:03 AM"}
{"name":"Cerberus","level":318,"killCount":80,"type":"NPC","drops":[{"name":"Infernal ashes","id":25778,"quantity":1,"price":3200},{"name":"Coal","id":454,"quantity":120,"price":160}],"date":"Mar 25, 2022, 11:23:48 AM"}
{"name":"Cerberus","level":318,"killCount":81,"type":"NPC","drops":[{"name":"Infernal ashes","id":25778,"quantity":1,"price":3200},{"name":"Super restore(4)","id":3024,"quantity":1,"price":15215},{"name":"Super restore(4)","id":3024,"quantity":1,"price":15215}],"date":"Mar 25, 2022, 11:27:48 AM"}
{"name":"Cerberus","level":318,"killCount":82,"type":"NPC","drops":[{"name":"Infernal ashes","id":25778,"quantity":1,"price":3200},{"name":"Pure essence","id":7937,"quantity":300,"price":2}],"date":"Mar 25, 2022, 11:32:04 AM"}
{"name":"Cerberus","level":318,"killCount":83,"type":"NPC","drops":[{"name":"Infernal ashes","id":25778,"quantity":1,"price":3200},{"name":"Super restore(4)","id":3024,"quantity":1,"price":15215},{"name":"Super restore(4)","id":3024,"quantity":1,"price":15215}],"date":"Mar 25, 2022, 11:35:15 AM"}
{"name":"Cerberus","level":318,"killCount":84,"type":"NPC","drops":[{"name":"Infernal ashes","id":25778,"quantity":1,"price":3200},{"name":"Coal","id":454,"quantity":120,"price":160}],"date":"Mar 25, 2022, 11:39:37 AM"}
{"name":"Cerberus","level":318,"killCount":85,"type":"NPC","drops":[{"name":"Infernal ashes","id":25778,"quantity":1,"price":3205},{"name":"Cannonball","id":2,"quantity":50,"price":169}],"date":"Mar 25, 2022, 11:44:41 AM"}
{"name":"Cerberus","level":318,"killCount":86,"type":"NPC","drops":[{"name":"Infernal ashes","id":25778,"quantity":1,"price":3205},{"name":"Super restore(4)","id":3024,"quantity":1,"price":15435},{"name":"Super restore(4)","id":3024,"quantity":1,"price":15435}],"date":"Mar 25, 2022, 11:48:13 AM"}
{"name":"Cerberus","level":318,"killCount":87,"type":"NPC","drops":[{"name":"Infernal ashes","id":25778,"quantity":1,"price":3205},{"name":"Pure essence","id":7937,"quantity":300,"price":2}],"date":"Mar 25, 2022, 11:51:39 AM"}
{"name":"Cerberus","level":318,"killCount":88,"type":"NPC","drops":[{"name":"Infernal ashes","id":25778,"quantity":1,"price":3205},{"name":"Rune chainbody","id":1113,"quantity":1,"price":29584}],"date":"Mar 25, 2022, 11:55:37 AM"}
{"name":"Cerberus","level":318,"killCount":89,"type":"NPC","drops":[{"name":"Infernal ashes","id":25778,"quantity":1,"price":3205},{"name":"Grimy torstol","id":220,"quantity":6,"price":8248}],"date":"Mar 25, 2022, 11:59:28 AM"}
{"name":"Cerberus","level":318,"killCount":90,"type":"NPC","drops":[{"name":"Infernal ashes","id":25778,"quantity":1,"price":3200},{"name":"Unholy symbol","id":1724,"quantity":1,"price":200}],"date":"Mar 26, 2022, 8:46:19 PM"}
{"name":"Cerberus","level":318,"killCount":91,"type":"NPC","drops":[{"name":"Infernal ashes","id":25778,"quantity":1,"price":3200},{"name":"Dragon bones","id":537,"quantity":20,"price":1888}],"date":"Mar 26, 2022, 8:50:15 PM"}
{"name":"Cerberus","level":318,"killCount":92,"type":"NPC","drops":[{"name":"Infernal ashes","id":25778,"quantity":1,"price":3200},{"name":"Coins","id":995,"quantity":15556,"price":1}],"date":"Mar 26, 2022, 8:54:05 PM"}
{"name":"Cerberus","level":318,"killCount":93,"type":"NPC","drops":[{"name":"Infernal ashes","id":25778,"quantity":1,"price":3200},{"name":"Coal","id":454,"quantity":120,"price":159}],"date":"Mar 26, 2022, 8:57:35 PM"}
{"name":"Cerberus","level":318,"killCount":94,"type":"NPC","drops":[{"name":"Infernal ashes","id":25778,"quantity":1,"price":3647},{"name":"Rune pickaxe","id":1275,"quantity":1,"price":18595}],"date":"Mar 26, 2022, 9:05:01 PM"}
{"name":"Cerberus","level":318,"killCount":95,"type":"NPC","drops":[{"name":"Infernal ashes","id":25778,"quantity":1,"price":3647},{"name":"Key master teleport","id":13249,"quantity":3,"price":0}],"date":"Mar 26, 2022, 9:09:19 PM"}
{"name":"Cerberus","level":318,"killCount":96,"type":"NPC","drops":[{"name":"Infernal ashes","id":25778,"quantity":1,"price":3647},{"name":"Black d\u0027hide body","id":2503,"quantity":1,"price":7438}],"date":"Mar 26, 2022, 9:12:34 PM"}
{"name":"Cerberus","level":318,"killCount":97,"type":"NPC","drops":[{"name":"Infernal ashes","id":25778,"quantity":1,"price":3647},{"name":"Rune pickaxe","id":1275,"quantity":1,"price":18595}],"date":"Mar 26, 2022, 9:15:48 PM"}
{"name":"Cerberus","level":318,"killCount":98,"type":"NPC","drops":[{"name":"Infernal ashes","id":25778,"quantity":1,"price":3647},{"name":"Summer pie","id":7218,"quantity":1,"price":722},{"name":"Summer pie","id":7218,"quantity":1,"price":722},{"name":"Summer pie","id":7218,"quantity":1,"price":722}],"date":"Mar 26, 2022, 9:20:07 PM"}
{"name":"Cerberus","level":318,"killCount":99,"type":"NPC","drops":[{"name":"Infernal ashes","id":25778,"quantity":1,"price":3647},{"name":"Rune platebody","id":1127,"quantity":1,"price":38385}],"date":"Mar 26, 2022, 9:23:33 PM"}
{"name":"Cerberus","level":318,"killCount":100,"type":"NPC","drops":[{"name":"Infernal ashes","id":25778,"quantity":1,"price":3647},{"name":"Summer pie","id":7218,"quantity":1,"price":722},{"name":"Summer pie","id":7218,"quantity":1,"price":722},{"name":"Summer pie","id":7218,"quantity":1,"price":722}],"date":"Mar 26, 2022, 9:27:06 PM"}
{"name":"Cerberus","level":318,"killCount":101,"type":"NPC","drops":[{"name":"Infernal ashes","id":25778,"quantity":1,"price":4279},{"name":"Ashes","id":593,"quantity":50,"price":61}],"date":"May 24, 2022, 10:00:22 AM"}
{"name":"Cerberus","level":318,"killCount":102,"type":"NPC","drops":[{"name":"Infernal ashes","id":25778,"quantity":1,"price":4279},{"name":"Battlestaff","id":1392,"quantity":6,"price":7720}],"date":"May 24, 2022, 10:06:28 AM"}
{"name":"Cerberus","level":318,"killCount":103,"type":"NPC","drops":[{"name":"Infernal ashes","id":25778,"quantity":1,"price":4279},{"name":"Ensouled hellhound head","id":26996,"quantity":1,"price":0},{"name":"Soul rune","id":566,"quantity":100,"price":183}],"date":"May 24, 2022, 10:08:28 AM"}
{"name":"Cerberus","level":318,"killCount":104,"type":"NPC","drops":[{"name":"Infernal ashes","id":25778,"quantity":1,"price":4279},{"name":"Ensouled hellhound head","id":26996,"quantity":1,"price":0},{"name":"Death rune","id":560,"quantity":100,"price":192}],"date":"May 24, 2022, 10:10:06 AM"}
{"name":"Cerberus","level":318,"killCount":105,"type":"NPC","drops":[{"name":"Infernal ashes","id":25778,"quantity":1,"price":4279},{"name":"Dragon bones","id":537,"quantity":20,"price":2845}],"date":"May 24, 2022, 10:13:41 AM"}
{"name":"Cerberus","level":318,"killCount":106,"type":"NPC","drops":[{"name":"Infernal ashes","id":25778,"quantity":1,"price":4279},{"name":"Pure essence","id":7937,"quantity":300,"price":1}],"date":"May 24, 2022, 10:15:09 AM"}
{"name":"Cerberus","level":318,"killCount":107,"type":"NPC","drops":[{"name":"Infernal ashes","id":25778,"quantity":1,"price":4279},{"name":"Wine of zamorak","id":246,"quantity":15,"price":1158}],"date":"May 24, 2022, 10:19:01 AM"}
{"name":"Cerberus","level":318,"killCount":108,"type":"NPC","drops":[{"name":"Infernal ashes","id":25778,"quantity":1,"price":4279},{"name":"Clue scroll (elite)","id":26944,"quantity":1,"price":0}],"date":"May 24, 2022, 10:20:37 AM"}
{"name":"Cerberus","level":318,"killCount":109,"type":"NPC","drops":[{"name":"Infernal ashes","id":25778,"quantity":1,"price":4279},{"name":"Summer pie","id":7218,"quantity":1,"price":669},{"name":"Summer pie","id":7218,"quantity":1,"price":669},{"name":"Summer pie","id":7218,"quantity":1,"price":669}],"date":"May 24, 2022, 10:40:26 AM"}
{"name":"Cerberus","level":318,"killCount":110,"type":"NPC","drops":[{"name":"Infernal ashes","id":25778,"quantity":1,"price":4279},{"name":"Coal","id":454,"quantity":120,"price":159}],"date":"May 24, 2022, 10:42:01 AM"}
{"name":"Cerberus","level":318,"killCount":111,"type":"NPC","drops":[{"name":"Infernal ashes","id":25778,"quantity":1,"price":4279},{"name":"Ensouled hellhound head","id":26996,"quantity":1,"price":0},{"name":"Blood rune","id":565,"quantity":60,"price":377}],"date":"May 24, 2022, 10:43:58 AM"}
{"name":"Cerberus","level":318,"killCount":112,"type":"NPC","drops":[{"name":"Infernal ashes","id":25778,"quantity":1,"price":4279},{"name":"Wine of zamorak","id":246,"quantity":15,"price":1147}],"date":"May 24, 2022, 10:55:45 AM"}
{"name":"Cerberus","level":318,"killCount":113,"type":"NPC","drops":[{"name":"Infernal ashes","id":25778,"quantity":1,"price":4279},{"name":"Runite bolts (unf)","id":9381,"quantity":40,"price":250}],"date":"May 24, 2022, 10:57:27 AM"}
{"name":"Cerberus","level":318,"killCount":114,"type":"NPC","drops":[{"name":"Infernal ashes","id":25778,"quantity":1,"price":4279},{"name":"Unholy symbol","id":1724,"quantity":1,"price":255}],"date":"May 24, 2022, 10:59:00 AM"}
{"name":"Cerberus","level":318,"killCount":115,"type":"NPC","drops":[{"name":"Infernal ashes","id":25778,"quantity":1,"price":4279},{"name":"Coins","id":995,"quantity":13856,"price":1}],"date":"May 24, 2022, 11:01:10 AM"}
{"name":"Cerberus","level":318,"killCount":116,"type":"NPC","drops":[{"name":"Infernal ashes","id":25778,"quantity":1,"price":4279},{"name":"Rune platebody","id":1127,"quantity":1,"price":38454}],"date":"May 24, 2022, 11:07:59 AM"}
{"name":"Cerberus","level":318,"killCount":117,"type":"NPC","drops":[{"name":"Infernal ashes","id":25778,"quantity":1,"price":4279},{"name":"Death rune","id":560,"quantity":100,"price":192}],"date":"May 24, 2022, 11:09:32 AM"}
{"name":"Cerberus","level":318,"killCount":118,"type":"NPC","drops":[{"name":"Infernal ashes","id":25778,"quantity":1,"price":4279},{"name":"Coins","id":995,"quantity":18604,"price":1}],"date":"May 24, 2022, 11:11:05 AM"}
{"name":"Cerberus","level":318,"killCount":119,"type":"NPC","drops":[{"name":"Infernal ashes","id":25778,"quantity":1,"price":4279},{"name":"Dragon bones","id":537,"quantity":20,"price":2840}],"date":"May 24, 2022, 11:12:27 AM"}
{"name":"Cerberus","level":318,"killCount":120,"type":"NPC","drops":[{"name":"Infernal ashes","id":25778,"quantity":1,"price":4279},{"name":"Soul rune","id":566,"quantity":100,"price":185}],"date":"May 24, 2022, 11:21:57 AM"}
{"name":"Cerberus","level":318,"killCount":121,"type":"NPC","drops":[{"name":"Infernal ashes","id":25778,"quantity":1,"price":4279},{"name":"Fire rune","id":554,"quantity":300,"price":4}],"date":"May 24, 2022, 11:23:22 AM"}
{"name":"Cerberus","level":318,"killCount":122,"type":"NPC","drops":[{"name":"Infernal ashes","id":25778,"quantity":1,"price":4279},{"name":"Wine of zamorak","id":246,"quantity":15,"price":1138}],"date":"May 24, 2022, 11:24:43 AM"}
{"name":"Cerberus","level":318,"killCount":123,"type":"NPC","drops":[{"name":"Infernal ashes","id":25778,"quantity":1,"price":4279},{"name":"Soul rune","id":566,"quantity":100,"price":185}],"date":"May 24, 2022, 11:31:58 AM"}
{"name":"Cerberus","level":318,"killCount":124,"type":"NPC","drops":[{"name":"Infernal ashes","id":25778,"quantity":1,"price":4279},{"name":"Battlestaff","id":1392,"quantity":6,"price":7686}],"date":"May 24, 2022, 11:34:07 AM"}
{"name":"Cerberus","level":318,"killCount":125,"type":"NPC","drops":[{"name":"Infernal ashes","id":25778,"quantity":1,"price":4279},{"name":"Runite ore","id":452,"quantity":5,"price":11049}],"date":"May 24, 2022, 11:35:52 AM"}
{"name":"Cerberus","level":318,"killCount":126,"type":"NPC","drops":[{"name":"Infernal ashes","id":25778,"quantity":1,"price":4279},{"name":"Coal","id":454,"quantity":120,"price":159}],"date":"May 24, 2022, 11:40:07 AM"}
{"name":"Cerberus","level":318,"killCount":127,"type":"NPC","drops":[{"name":"Infernal ashes","id":25778,"quantity":1,"price":4279},{"name":"Rune platebody","id":1127,"quantity":1,"price":38352}],"date":"May 24, 2022, 11:41:47 AM"}
{"name":"Cerberus","level":318,"killCount":128,"type":"NPC","drops":[{"name":"Infernal ashes","id":25778,"quantity":1,"price":4279},{"name":"Coal","id":454,"quantity":120,"price":159}],"date":"May 24, 2022, 11:43:27 AM"}
{"name":"Cerberus","level":318,"killCount":129,"type":"NPC","drops":[{"name":"Infernal ashes","id":25778,"quantity":1,"price":4863},{"name":"Soul rune","id":566,"quantity":100,"price":186}],"date":"May 24, 2022, 11:49:14 AM"}
{"name":"Cerberus","level":318,"killCount":130,"type":"NPC","drops":[{"name":"Infernal ashes","id":25778,"quantity":1,"price":4863},{"name":"Dragon bones","id":537,"quantity":20,"price":2825}],"date":"May 24, 2022, 11:51:21 AM"}
{"name":"Cerberus","level":318,"killCount":131,"type":"NPC","drops":[{"name":"Infernal ashes","id":25778,"quantity":1,"price":4863},{"name":"Runite bolts (unf)","id":9381,"quantity":40,"price":250}],"date":"May 24, 2022, 11:55:16 AM"}
{"name":"Cerberus","level":318,"killCount":132,"type":"NPC","drops":[{"name":"Infernal ashes","id":25778,"quantity":1,"price":4863},{"name":"Super restore(4)","id":3024,"quantity":1,"price":15366},{"name":"Super restore(4)","id":3024,"quantity":1,"price":15366}],"date":"May 24, 2022, 11:56:59 AM"}
{"name":"Cerberus","level":318,"killCount":133,"type":"NPC","drops":[{"name":"Infernal ashes","id":25778,"quantity":1,"price":4863},{"name":"Wine of zamorak","id":246,"quantity":15,"price":1123}],"date":"May 24, 2022, 12:00:46 PM"}
{"name":"Cerberus","level":318,"killCount":134,"type":"NPC","drops":[{"name":"Infernal ashes","id":25778,"quantity":1,"price":4863},{"name":"Ensouled hellhound head","id":26996,"quantity":1,"price":0},{"name":"Coal","id":454,"quantity":120,"price":158}],"date":"May 24, 2022, 12:02:15 PM"}
{"name":"Cerberus","level":318,"killCount":135,"type":"NPC","drops":[{"name":"Infernal ashes","id":25778,"quantity":1,"price":4863},{"name":"Soul rune","id":566,"quantity":100,"price":186}],"date":"May 24, 2022, 12:05:55 PM"}
{"name":"Cerberus","level":318,"killCount":136,"type":"NPC","drops":[{"name":"Infernal ashes","id":25778,"quantity":1,"price":4050},{"name":"Soul rune","id":566,"quantity":100,"price":173}],"date":"Jun 29, 2022, 4:16:38 PM"}
{"name":"Cerberus","level":318,"killCount":137,"type":"NPC","drops":[{"name":"Infernal ashes","id":25778,"quantity":1,"price":4050},{"name":"Black d\u0027hide body","id":2503,"quantity":1,"price":7484}],"date":"Jun 29, 2022, 4:18:00 PM"}
{"name":"Cerberus","level":318,"killCount":138,"type":"NPC","drops":[{"name":"Infernal ashes","id":25778,"quantity":1,"price":4050},{"name":"Ensouled hellhound head","id":26996,"quantity":1,"price":0},{"name":"Wine of zamorak","id":246,"quantity":15,"price":1016}],"date":"Jun 29, 2022, 4:19:19 PM"}
{"name":"Cerberus","level":318,"killCount":139,"type":"NPC","drops":[{"name":"Infernal ashes","id":25778,"quantity":1,"price":4050},{"name":"Clue scroll (elite)","id":12081,"quantity":1,"price":0},{"name":"Wine of zamorak","id":246,"quantity":15,"price":1043}],"date":"Jun 29, 2022, 4:22:13 PM"}
{"name":"Cerberus","level":318,"killCount":140,"type":"NPC","drops":[{"name":"Infernal ashes","id":25778,"quantity":1,"price":4050},{"name":"Ashes","id":593,"quantity":50,"price":81}],"date":"Jun 29, 2022, 4:23:30 PM"}
{"name":"Cerberus","level":318,"killCount":141,"type":"NPC","drops":[{"name":"Infernal ashes","id":25778,"quantity":1,"price":4050},{"name":"Coins","id":995,"quantity":13813,"price":1}],"date":"Jun 29, 2022, 4:24:59 PM"}
{"name":"Cerberus","level":318,"killCount":142,"type":"NPC","drops":[{"name":"Infernal ashes","id":25778,"quantity":1,"price":4050},{"name":"Rune chainbody","id":1113,"quantity":1,"price":29999}],"date":"Jun 29, 2022, 4:31:52 PM"}
{"name":"Cerberus","level":318,"killCount":143,"type":"NPC","drops":[{"name":"Infernal ashes","id":25778,"quantity":1,"price":4050},{"name":"Coal","id":454,"quantity":120,"price":153}],"date":"Jun 29, 2022, 4:33:19 PM"}
{"name":"Cerberus","level":318,"killCount":144,"type":"NPC","drops":[{"name":"Infernal ashes","id":25778,"quantity":1,"price":4050},{"name":"Fire rune","id":554,"quantity":300,"price":5}],"date":"Jun 29, 2022, 4:34:55 PM"}
{"name":"Cerberus","level":318,"killCount":145,"type":"NPC","drops":[{"name":"Infernal ashes","id":25778,"quantity":1,"price":4050},{"name":"Lava battlestaff","id":3053,"quantity":1,"price":9655}],"date":"Jun 29, 2022, 4:38:16 PM"}
{"name":"Cerberus","level":318,"killCount":146,"type":"NPC","drops":[{"name":"Infernal ashes","id":25778,"quantity":1,"price":4050},{"name":"Wine of zamorak","id":246,"quantity":15,"price":1043}],"date":"Jun 29, 2022, 4:40:11 PM"}
{"name":"Cerberus","level":318,"killCount":147,"type":"NPC","drops":[{"name":"Infernal ashes","id":25778,"quantity":1,"price":4050},{"name":"Coins","id":995,"quantity":10491,"price":1}],"date":"Jun 29, 2022, 4:41:53 PM"}
{"name":"Cerberus","level":318,"killCount":148,"type":"NPC","drops":[{"name":"Infernal ashes","id":25778,"quantity":1,"price":4050},{"name":"Wine of zamorak","id":246,"quantity":15,"price":1043}],"date":"Jun 29, 2022, 4:43:13 PM"}
{"name":"Cerberus","level":318,"killCount":149,"type":"NPC","drops":[{"name":"Infernal ashes","id":25778,"quantity":1,"price":4050},{"name":"Wine of zamorak","id":246,"quantity":15,"price":1043}],"date":"Jun 29, 2022, 4:46:34 PM"}
{"name":"Cerberus","level":318,"killCount":150,"type":"NPC","drops":[{"name":"Infernal ashes","id":25778,"quantity":1,"price":4050},{"name":"Pure essence","id":7937,"quantity":300,"price":2}],"date":"Jun 29, 2022, 4:50:12 PM"}
{"name":"Cerberus","level":318,"killCount":151,"type":"NPC","drops":[{"name":"Infernal ashes","id":25778,"quantity":1,"price":4050},{"name":"Rune axe","id":1359,"quantity":1,"price":7197}],"date":"Jun 29, 2022, 4:52:04 PM"}
{"name":"Cerberus","level":318,"killCount":152,"type":"NPC","drops":[{"name":"Infernal ashes","id":25778,"quantity":1,"price":4050},{"name":"Rune chainbody","id":1113,"quantity":1,"price":29500}],"date":"Jun 29, 2022, 4:55:10 PM"}
{"name":"Cerberus","level":318,"killCount":153,"type":"NPC","drops":[{"name":"Infernal ashes","id":25778,"quantity":1,"price":4050},{"name":"Summer pie","id":7218,"quantity":1,"price":636},{"name":"Summer pie","id":7218,"quantity":1,"price":636},{"name":"Summer pie","id":7218,"quantity":1,"price":636}],"date":"Jun 29, 2022, 4:56:57 PM"}
{"name":"Cerberus","level":318,"killCount":154,"type":"NPC","drops":[{"name":"Infernal ashes","id":25778,"quantity":1,"price":4050},{"name":"Soul rune","id":566,"quantity":100,"price":172}],"date":"Jun 29, 2022, 4:58:33 PM"}
{"name":"Cerberus","level":318,"killCount":155,"type":"NPC","drops":[{"name":"Infernal ashes","id":25778,"quantity":1,"price":4050},{"name":"Dragon bones","id":537,"quantity":20,"price":2781}],"date":"Jun 29, 2022, 5:00:06 PM"}
{"name":"Cerberus","level":318,"killCount":156,"type":"NPC","drops":[{"name":"Infernal ashes","id":25778,"quantity":1,"price":4050},{"name":"Rune chainbody","id":1113,"quantity":1,"price":29500}],"date":"Jun 29, 2022, 5:04:22 PM"}
{"name":"Cerberus","level":318,"killCount":157,"type":"NPC","drops":[{"name":"Infernal ashes","id":25778,"quantity":1,"price":4050},{"name":"Rune 2h sword","id":1319,"quantity":1,"price":37924}],"date":"Jun 29, 2022, 5:05:50 PM"}
{"name":"Cerberus","level":318,"killCount":158,"type":"NPC","drops":[{"name":"Infernal ashes","id":25778,"quantity":1,"price":4050},{"name":"Ashes","id":593,"quantity":50,"price":81}],"date":"Jun 29, 2022, 5:07:35 PM"}
{"name":"Cerberus","level":318,"killCount":159,"type":"NPC","drops":[{"name":"Infernal ashes","id":25778,"quantity":1,"price":4050},{"name":"Rune axe","id":1359,"quantity":1,"price":7197}],"date":"Jun 29, 2022, 5:09:06 PM"}
{"name":"Cerberus","level":318,"killCount":160,"type":"NPC","drops":[{"name":"Infernal ashes","id":25778,"quantity":1,"price":4050},{"name":"Rune platebody","id":1127,"quantity":1,"price":38370}],"date":"Jun 29, 2022, 5:14:32 PM"}
{"name":"Cerberus","level":318,"killCount":161,"type":"NPC","drops":[{"name":"Infernal ashes","id":25778,"quantity":1,"price":4050},{"name":"Rune 2h sword","id":1319,"quantity":1,"price":37924}],"date":"Jun 29, 2022, 5:16:08 PM"}
{"name":"Cerberus","level":318,"killCount":162,"type":"NPC","drops":[{"name":"Infernal ashes","id":25778,"quantity":1,"price":4050},{"name":"Fire rune","id":554,"quantity":300,"price":4}],"date":"Jun 29, 2022, 5:17:22 PM"}
{"name":"Cerberus","level":318,"killCount":163,"type":"NPC","drops":[{"name":"Infernal ashes","id":25778,"quantity":1,"price":4050},{"name":"Summer pie","id":7218,"quantity":1,"price":636},{"name":"Summer pie","id":7218,"quantity":1,"price":636},{"name":"Summer pie","id":7218,"quantity":1,"price":636}],"date":"Jun 29, 2022, 5:20:42 PM"}
{"name":"Cerberus","level":318,"killCount":164,"type":"NPC","drops":[{"name":"Infernal ashes","id":25778,"quantity":1,"price":4064},{"name":"Summer pie","id":7218,"quantity":1,"price":628},{"name":"Summer pie","id":7218,"quantity":1,"price":628},{"name":"Summer pie","id":7218,"quantity":1,"price":628}],"date":"Jun 29, 2022, 5:22:49 PM"}
{"name":"Cerberus","level":318,"killCount":165,"type":"NPC","drops":[{"name":"Infernal ashes","id":25778,"quantity":1,"price":4064},{"name":"Coins","id":995,"quantity":3000,"price":1}],"date":"Jun 29, 2022, 5:24:50 PM"}
{"name":"Cerberus","level":318,"killCount":166,"type":"NPC","drops":[{"name":"Infernal ashes","id":25778,"quantity":1,"price":4064},{"name":"Cannonball","id":2,"quantity":50,"price":197}],"date":"Jun 29, 2022, 9:08:07 PM"}
{"name":"Cerberus","level":318,"killCount":167,"type":"NPC","drops":[{"name":"Infernal ashes","id":25778,"quantity":1,"price":4064},{"name":"Lava battlestaff","id":3053,"quantity":1,"price":9706}],"date":"Jun 29, 2022, 9:09:34 PM"}
{"name":"Cerberus","level":318,"killCount":168,"type":"NPC","drops":[{"name":"Infernal ashes","id":25778,"quantity":1,"price":4064},{"name":"Unholy symbol","id":1724,"quantity":1,"price":293}],"date":"Jun 29, 2022, 9:13:04 PM"}
{"name":"Cerberus","level":318,"killCount":169,"type":"NPC","drops":[{"name":"Infernal ashes","id":25778,"quantity":1,"price":4064},{"name":"Super restore(4)","id":3024,"quantity":1,"price":16094},{"name":"Super restore(4)","id":3024,"quantity":1,"price":16094}],"date":"Jun 29, 2022, 9:14:51 PM"}
{"name":"Cerberus","level":318,"killCount":170,"type":"NPC","drops":[{"name":"Infernal ashes","id":25778,"quantity":1,"price":4064},{"name":"Dragon bones","id":537,"quantity":20,"price":2790}],"date":"Jun 29, 2022, 9:16:36 PM"}
{"name":"Cerberus","level":318,"killCount":171,"type":"NPC","drops":[{"name":"Infernal ashes","id":25778,"quantity":1,"price":4064},{"name":"Black d\u0027hide body","id":2503,"quantity":1,"price":7289}],"date":"Jun 29, 2022, 9:20:42 PM"}
{"name":"Cerberus","level":318,"killCount":172,"type":"NPC","drops":[{"name":"Infernal ashes","id":25778,"quantity":1,"price":4064},{"name":"Grimy torstol","id":220,"quantity":6,"price":8093}],"date":"Jun 29, 2022, 9:22:15 PM"}
{"name":"Cerberus","level":318,"killCount":173,"type":"NPC","drops":[{"name":"Infernal ashes","id":25778,"quantity":1,"price":4064},{"name":"Ashes","id":593,"quantity":50,"price":76}],"date":"Jun 29, 2022, 9:24:01 PM"}
{"name":"Cerberus","level":318,"killCount":174,"type":"NPC","drops":[{"name":"Infernal ashes","id":25778,"quantity":1,"price":4064},{"name":"Summer pie","id":7218,"quantity":1,"price":630},{"name":"Summer pie","id":7218,"quantity":1,"price":630},{"name":"Summer pie","id":7218,"quantity":1,"price":630}],"date":"Jun 29, 2022, 9:28:45 PM"}
{"name":"Cerberus","level":318,"killCount":175,"type":"NPC","drops":[{"name":"Infernal ashes","id":25778,"quantity":1,"price":4050},{"name":"Fire rune","id":554,"quantity":300,"price":5}],"date":"Jun 29, 2022, 9:30:33 PM"}
{"name":"Cerberus","level":318,"killCount":176,"type":"NPC","drops":[{"name":"Infernal ashes","id":25778,"quantity":1,"price":4050},{"name":"Ensouled hellhound head","id":26996,"quantity":1,"price":0},{"name":"Ashes","id":593,"quantity":50,"price":74}],"date":"Jun 29, 2022, 9:32:26 PM"}
{"name":"Cerberus","level":318,"killCount":177,"type":"NPC","drops":[{"name":"Infernal ashes","id":25778,"quantity":1,"price":4050},{"name":"Soul rune","id":566,"quantity":100,"price":175}],"date":"Jun 29, 2022, 9:35:57 PM"}
{"name":"Cerberus","level":318,"killCount":178,"type":"NPC","drops":[{"name":"Infernal ashes","id":25778,"quantity":1,"price":4050},{"name":"Soul rune","id":566,"quantity":100,"price":175}],"date":"Jun 29, 2022, 9:37:42 PM"}
{"name":"Cerberus","level":318,"killCount":179,"type":"NPC","drops":[{"name":"Infernal ashes","id":25778,"quantity":1,"price":4050},{"name":"Fire rune","id":554,"quantity":300,"price":5}],"date":"Jun 29, 2022, 9:41:15 PM"}
{"name":"Cerberus","level":318,"killCount":180,"type":"NPC","drops":[{"name":"Infernal ashes","id":25778,"quantity":1,"price":4050},{"name":"Ensouled hellhound head","id":26996,"quantity":1,"price":0},{"name":"Wine of zamorak","id":246,"quantity":15,"price":992}],"date":"Jun 29, 2022, 9:42:52 PM"}
{"name":"Cerberus","level":318,"killCount":181,"type":"NPC","drops":[{"name":"Infernal ashes","id":25778,"quantity":1,"price":4050},{"name":"Death rune","id":560,"quantity":100,"price":186}],"date":"Jun 29, 2022, 10:01:50 PM"}
{"name":"Cerberus","level":318,"killCount":182,"type":"NPC","drops":[{"name":"Infernal ashes","id":25778,"quantity":1,"price":4050},{"name":"Wine of zamorak","id":246,"quantity":15,"price":1045}],"date":"Jun 29, 2022, 10:03:44 PM"}
{"name":"Cerberus","level":318,"killCount":183,"type":"NPC","drops":[{"name":"Infernal ashes","id":25778,"quantity":1,"price":4050},{"name":"Summer pie","id":7218,"quantity":1,"price":616},{"name":"Summer pie","id":7218,"quantity":1,"price":616},{"name":"Summer pie","id":7218,"quantity":1,"price":616}],"date":"Jun 29, 2022, 10:09:39 PM"}
{"name":"Cerberus","level":318,"killCount":184,"type":"NPC","drops":[{"name":"Infernal ashes","id":25778,"quantity":1,"price":4050},{"name":"Rune platebody","id":1127,"quantity":1,"price":38393}],"date":"Jun 29, 2022, 10:14:41 PM"}
{"name":"Cerberus","level":318,"killCount":185,"type":"NPC","drops":[{"name":"Infernal ashes","id":25778,"quantity":1,"price":4050},{"name":"Runite ore","id":452,"quantity":5,"price":11144}],"date":"Jun 29, 2022, 10:15:55 PM"}
{"name":"Cerberus","level":318,"killCount":186,"type":"NPC","drops":[{"name":"Infernal ashes","id":25778,"quantity":1,"price":4050},{"name":"Lava battlestaff","id":3053,"quantity":1,"price":9717}],"date":"Jun 29, 2022, 10:20:57 PM"}
{"name":"Cerberus","level":318,"killCount":187,"type":"NPC","drops":[{"name":"Infernal ashes","id":25778,"quantity":1,"price":4050},{"name":"Ensouled hellhound head","id":26996,"quantity":1,"price":0},{"name":"Grimy torstol","id":220,"quantity":6,"price":8081}],"date":"Jun 29, 2022, 10:24:40 PM"}
{"name":"Cerberus","level":318,"killCount":188,"type":"NPC","drops":[{"name":"Infernal ashes","id":25778,"quantity":1,"price":4050},{"name":"Rune full helm","id":1163,"quantity":1,"price":20479}],"date":"Jun 29, 2022, 10:26:12 PM"}
{"name":"Cerberus","level":318,"killCount":189,"type":"NPC","drops":[{"name":"Infernal ashes","id":25778,"quantity":1,"price":4050},{"name":"Fire rune","id":554,"quantity":300,"price":5}],"date":"Jun 29, 2022, 10:27:46 PM"}
{"name":"Cerberus","level":318,"killCount":190,"type":"NPC","drops":[{"name":"Infernal ashes","id":25778,"quantity":1,"price":4050},{"name":"Runite bolts (unf)","id":9381,"quantity":40,"price":303}],"date":"Jun 29, 2022, 10:31:33 PM"}
{"name":"Cerberus","level":318,"killCount":191,"type":"NPC","drops":[{"name":"Infernal ashes","id":25778,"quantity":1,"price":4050},{"name":"Summer pie","id":7218,"quantity":1,"price":616},{"name":"Summer pie","id":7218,"quantity":1,"price":616},{"name":"Summer pie","id":7218,"quantity":1,"price":616}],"date":"Jun 29, 2022, 10:33:39 PM"}
{"name":"Cerberus","level":318,"killCount":192,"type":"NPC","drops":[{"name":"Infernal ashes","id":25778,"quantity":1,"price":4050},{"name":"Lava battlestaff","id":3053,"quantity":1,"price":9729}],"date":"Jun 29, 2022, 10:35:30 PM"}
{"name":"Cerberus","level":318,"killCount":193,"type":"NPC","drops":[{"name":"Infernal ashes","id":25778,"quantity":1,"price":4050},{"name":"Summer pie","id":7218,"quantity":1,"price":616},{"name":"Summer pie","id":7218,"quantity":1,"price":616},{"name":"Summer pie","id":7218,"quantity":1,"price":616}],"date":"Jun 29, 2022, 10:38:26 PM"}
{"name":"Cerberus","level":318,"killCount":194,"type":"NPC","drops":[{"name":"Infernal ashes","id":25778,"quantity":1,"price":4050},{"name":"Rune axe","id":1359,"quantity":1,"price":7197}],"date":"Jun 29, 2022, 10:40:14 PM"}
{"name":"Cerberus","level":318,"killCount":195,"type":"NPC","drops":[{"name":"Infernal ashes","id":25778,"quantity":1,"price":4050},{"name":"Soul rune","id":566,"quantity":100,"price":177}],"date":"Jun 29, 2022, 10:41:51 PM"}
{"name":"Cerberus","level":318,"killCount":196,"type":"NPC","drops":[{"name":"Infernal ashes","id":25778,"quantity":1,"price":4050},{"name":"Rune chainbody","id":1113,"quantity":1,"price":29475}],"date":"Jun 29, 2022, 10:46:27 PM"}
{"name":"Cerberus","level":318,"killCount":197,"type":"NPC","drops":[{"name":"Infernal ashes","id":25778,"quantity":1,"price":4050},{"name":"Lava battlestaff","id":3053,"quantity":1,"price":9729}],"date":"Jun 29, 2022, 10:48:09 PM"}
{"name":"Cerberus","level":318,"killCount":198,"type":"NPC","drops":[{"name":"Infernal ashes","id":25778,"quantity":1,"price":4050},{"name":"Grimy torstol","id":220,"quantity":6,"price":8075}],"date":"Jun 29, 2022, 10:51:53 PM"}
{"name":"Cerberus","level":318,"killCount":199,"type":"NPC","drops":[{"name":"Infernal ashes","id":25778,"quantity":1,"price":4050},{"name":"Soul rune","id":566,"quantity":100,"price":177}],"date":"Jun 29, 2022, 10:53:30 PM"}
{"name":"Cerberus","level":318,"killCount":200,"type":"NPC","drops":[{"name":"Infernal ashes","id":25778,"quantity":1,"price":4050},{"name":"Super restore(4)","id":3024,"quantity":1,"price":15794},{"name":"Super restore(4)","id":3024,"quantity":1,"price":15794}],"date":"Jun 29, 2022, 10:55:29 PM"}
{"name":"Cerberus","level":318,"killCount":201,"type":"NPC","drops":[{"name":"Infernal ashes","id":25778,"quantity":1,"price":4041},{"name":"Unholy symbol","id":1724,"quantity":1,"price":350}],"date":"Jul 5, 2022, 10:31:58 PM"}
{"name":"Cerberus","level":318,"killCount":202,"type":"NPC","drops":[{"name":"Infernal ashes","id":25778,"quantity":1,"price":4041},{"name":"Battlestaff","id":1392,"quantity":6,"price":8023}],"date":"Jul 5, 2022, 10:35:52 PM"}
{"name":"Cerberus","level":318,"killCount":203,"type":"NPC","drops":[{"name":"Infernal ashes","id":25778,"quantity":1,"price":4041},{"name":"Rune pickaxe","id":1275,"quantity":1,"price":18599}],"date":"Jul 5, 2022, 10:37:42 PM"}
{"name":"Cerberus","level":318,"killCount":204,"type":"NPC","drops":[{"name":"Infernal ashes","id":25778,"quantity":1,"price":4041},{"name":"Ensouled hellhound head","id":26996,"quantity":1,"price":0},{"name":"Runite ore","id":452,"quantity":5,"price":11033}],"date":"Jul 5, 2022, 10:39:04 PM"}
{"name":"Cerberus","level":318,"killCount":205,"type":"NPC","drops":[{"name":"Infernal ashes","id":25778,"quantity":1,"price":4041},{"name":"Cannonball","id":2,"quantity":50,"price":192}],"date":"Jul 5, 2022, 10:43:37 PM"}
{"name":"Cerberus","level":318,"killCount":206,"type":"NPC","drops":[{"name":"Infernal ashes","id":25778,"quantity":1,"price":4041},{"name":"Coins","id":995,"quantity":19672,"price":1}],"date":"Jul 5, 2022, 10:45:23 PM"}
{"name":"Cerberus","level":318,"killCount":207,"type":"NPC","drops":[{"name":"Infernal ashes","id":25778,"quantity":1,"price":4041},{"name":"Fire rune","id":554,"quantity":300,"price":5}],"date":"Jul 5, 2022, 10:47:00 PM"}
{"name":"Cerberus","level":318,"killCount":208,"type":"NPC","drops":[{"name":"Infernal ashes","id":25778,"quantity":1,"price":4041},{"name":"Ensouled hellhound head","id":26996,"quantity":1,"price":0},{"name":"Uncut diamond","id":1618,"quantity":5,"price":2832}],"date":"Jul 5, 2022, 10:50:32 PM"}
{"name":"Cerberus","level":318,"killCount":209,"type":"NPC","drops":[{"name":"Infernal ashes","id":25778,"quantity":1,"price":4041},{"name":"Clue scroll (elite)","id":12153,"quantity":1,"price":0},{"name":"Coal","id":454,"quantity":120,"price":154}],"date":"Jul 5, 2022, 10:52:00 PM"}
{"name":"Cerberus","level":318,"killCount":210,"type":"NPC","drops":[{"name":"Infernal ashes","id":25778,"quantity":1,"price":4041},{"name":"Rune chainbody","id":1113,"quantity":1,"price":29461}],"date":"Jul 5, 2022, 10:53:45 PM"}
{"name":"Cerberus","level":318,"killCount":211,"type":"NPC","drops":[{"name":"Infernal ashes","id":25778,"quantity":1,"price":4041},{"name":"Summer pie","id":7218,"quantity":1,"price":603},{"name":"Summer pie","id":7218,"quantity":1,"price":603},{"name":"Summer pie","id":7218,"quantity":1,"price":603}],"date":"Jul 5, 2022, 10:57:35 PM"}
{"name":"Cerberus","level":318,"killCount":212,"type":"NPC","drops":[{"name":"Infernal ashes","id":25778,"quantity":1,"price":4041},{"name":"Pure essence","id":7937,"quantity":300,"price":1}],"date":"Jul 5, 2022, 10:59:19 PM"}
{"name":"Cerberus","level":318,"killCount":213,"type":"NPC","drops":[{"name":"Infernal ashes","id":25778,"quantity":1,"price":4041},{"name":"Coal","id":454,"quantity":120,"price":154}],"date":"Jul 5, 2022, 11:01:34 PM"}
{"name":"Cerberus","level":318,"killCount":214,"type":"NPC","drops":[{"name":"Infernal ashes","id":25778,"quantity":1,"price":4041},{"name":"Rune chainbody","id":1113,"quantity":1,"price":29461}],"date":"Jul 5, 2022, 11:05:13 PM"}
{"name":"Cerberus","level":318,"killCount":215,"type":"NPC","drops":[{"name":"Infernal ashes","id":25778,"quantity":1,"price":4041},{"name":"Coal","id":454,"quantity":120,"price":154}],"date":"Jul 5, 2022, 11:06:53 PM"}
{"name":"Cerberus","level":318,"killCount":216,"type":"NPC","drops":[{"name":"Infernal ashes","id":25778,"quantity":1,"price":4041},{"name":"Rune halberd","id":3202,"quantity":1,"price":37904}],"date":"Jul 5, 2022, 11:08:43 PM"}
{"name":"Cerberus","level":318,"killCount":217,"type":"NPC","drops":[{"name":"Infernal ashes","id":25778,"quantity":1,"price":4041},{"name":"Grimy torstol","id":220,"quantity":6,"price":8090}],"date":"Jul 5, 2022, 11:12:52 PM"}
{"name":"Cerberus","level":318,"killCount":218,"type":"NPC","drops":[{"name":"Infernal ashes","id":25778,"quantity":1,"price":4041},{"name":"Fire rune","id":554,"quantity":300,"price":5}],"date":"Jul 5, 2022, 11:14:50 PM"}
{"name":"Cerberus","level":318,"killCount":219,"type":"NPC","drops":[{"name":"Infernal ashes","id":25778,"quantity":1,"price":4041},{"name":"Key master teleport","id":13249,"quantity":3,"price":0}],"date":"Jul 5, 2022, 11:16:41 PM"}
{"name":"Cerberus","level":318,"killCount":220,"type":"NPC","drops":[{"name":"Infernal ashes","id":25778,"quantity":1,"price":4041},{"name":"Coins","id":995,"quantity":16231,"price":1}],"date":"Jul 5, 2022, 11:23:28 PM"}
{"name":"Cerberus","level":318,"killCount":221,"type":"NPC","drops":[{"name":"Infernal ashes","id":25778,"quantity":1,"price":4041},{"name":"Fire rune","id":554,"quantity":300,"price":5}],"date":"Jul 5, 2022, 11:25:37 PM"}
{"name":"Cerberus","level":318,"killCount":222,"type":"NPC","drops":[{"name":"Infernal ashes","id":25778,"quantity":1,"price":4041},{"name":"Rune 2h sword","id":1319,"quantity":1,"price":37904}],"date":"Jul 5, 2022, 11:29:00 PM"}
{"name":"Cerberus","level":318,"killCount":223,"type":"NPC","drops":[{"name":"Infernal ashes","id":25778,"quantity":1,"price":4041},{"name":"Fire orb","id":570,"quantity":20,"price":1200}],"date":"Jul 5, 2022, 11:31:04 PM"}
{"name":"Cerberus","level":318,"killCount":224,"type":"NPC","drops":[{"name":"Infernal ashes","id":25778,"quantity":1,"price":4041},{"name":"Rune 2h sword","id":1319,"quantity":1,"price":37904}],"date":"Jul 5, 2022, 11:35:10 PM"}
{"name":"Cerberus","level":318,"killCount":225,"type":"NPC","drops":[{"name":"Infernal ashes","id":25778,"quantity":1,"price":4041},{"name":"Summer pie","id":7218,"quantity":1,"price":584},{"name":"Summer pie","id":7218,"quantity":1,"price":584},{"name":"Summer pie","id":7218,"quantity":1,"price":584}],"date":"Jul 5, 2022, 11:36:37 PM"}
{"name":"Cerberus","level":318,"killCount":226,"type":"NPC","drops":[{"name":"Infernal ashes","id":25778,"quantity":1,"price":4259},{"name":"Fire rune","id":554,"quantity":300,"price":5}],"date":"Jul 5, 2022, 11:38:17 PM"}
{"name":"Cerberus","level":318,"killCount":227,"type":"NPC","drops":[{"name":"Infernal ashes","id":25778,"quantity":1,"price":4259},{"name":"Summer pie","id":7218,"quantity":1,"price":614},{"name":"Summer pie","id":7218,"quantity":1,"price":614},{"name":"Summer pie","id":7218,"quantity":1,"price":614}],"date":"Jul 5, 2022, 11:40:06 PM"}
{"name":"Cerberus","level":318,"killCount":228,"type":"NPC","drops":[{"name":"Infernal ashes","id":25778,"quantity":1,"price":4259},{"name":"Rune chainbody","id":1113,"quantity":1,"price":29422}],"date":"Jul 5, 2022, 11:43:43 PM"}
{"name":"Cerberus","level":318,"killCount":229,"type":"NPC","drops":[{"name":"Brimstone key","id":23083,"quantity":1,"price":0},{"name":"Infernal ashes","id":25778,"quantity":1,"price":4259},{"name":"Dragon bones","id":537,"quantity":20,"price":2744}],"date":"Jul 5, 2022, 11:45:17 PM"}
{"name":"Cerberus","level":318,"killCount":230,"type":"NPC","drops":[{"name":"Infernal ashes","id":25778,"quantity":1,"price":4259},{"name":"Black d\u0027hide body","id":2503,"quantity":1,"price":7301}],"date":"Jul 5, 2022, 11:47:15 PM"}
{"name":"Cerberus","level":318,"killCount":231,"type":"NPC","drops":[{"name":"Infernal ashes","id":25778,"quantity":1,"price":4259},{"name":"Blood rune","id":565,"quantity":60,"price":359}],"date":"Jul 5, 2022, 11:51:02 PM"}
{"name":"Cerberus","level":318,"killCount":232,"type":"NPC","drops":[{"name":"Infernal ashes","id":25778,"quantity":1,"price":4259},{"name":"Summer pie","id":7218,"quantity":1,"price":614},{"name":"Summer pie","id":7218,"quantity":1,"price":614},{"name":"Summer pie","id":7218,"quantity":1,"price":614}],"date":"Jul 5, 2022, 11:52:59 PM"}
{"name":"Cerberus","level":318,"killCount":233,"type":"NPC","drops":[{"name":"Infernal ashes","id":25778,"quantity":1,"price":4259},{"name":"Ashes","id":593,"quantity":50,"price":81}],"date":"Jul 5, 2022, 11:59:34 PM"}
{"name":"Cerberus","level":318,"killCount":234,"type":"NPC","drops":[{"name":"Infernal ashes","id":25778,"quantity":1,"price":4259},{"name":"Fire rune","id":554,"quantity":300,"price":5}],"date":"Jul 6, 2022, 12:01:19 AM"}
{"name":"Cerberus","level":318,"killCount":235,"type":"NPC","drops":[{"name":"Infernal ashes","id":25778,"quantity":1,"price":4259},{"name":"Grimy torstol","id":220,"quantity":6,"price":8085}],"date":"Jul 6, 2022, 12:03:00 AM"}
{"name":"Cerberus","level":318,"killCount":236,"type":"NPC","drops":[{"name":"Infernal ashes","id":25778,"quantity":1,"price":4261},{"name":"Rune chainbody","id":1113,"quantity":1,"price":29921}],"date":"Jul 6, 2022, 12:10:10 AM"}
{"name":"Cerberus","level":318,"killCount":237,"type":"NPC","drops":[{"name":"Infernal ashes","id":25778,"quantity":1,"price":4261},{"name":"Blood rune","id":565,"quantity":60,"price":359}],"date":"Jul 6, 2022, 12:11:46 AM"}
{"name":"Cerberus","level":318,"killCount":238,"type":"NPC","drops":[{"name":"Infernal ashes","id":25778,"quantity":1,"price":4261},{"name":"Dragon bones","id":537,"quantity":20,"price":2737}],"date":"Jul 6, 2022, 12:13:44 AM"}
{"name":"Cerberus","level":318,"killCount":239,"type":"NPC","drops":[{"name":"Infernal ashes","id":25778,"quantity":1,"price":4261},{"name":"Pure essence","id":7937,"quantity":300,"price":2}],"date":"Jul 6, 2022, 12:15:46 AM"}
{"name":"Cerberus","level":318,"killCount":240,"type":"NPC","drops":[{"name":"Infernal ashes","id":25778,"quantity":1,"price":4261},{"name":"Coins","id":995,"quantity":10694,"price":1}],"date":"Jul 6, 2022, 12:19:13 AM"}
{"name":"Cerberus","level":318,"killCount":241,"type":"NPC","drops":[{"name":"Infernal ashes","id":25778,"quantity":1,"price":4261},{"name":"Fire orb","id":570,"quantity":20,"price":1220}],"date":"Jul 6, 2022, 12:21:05 AM"}
{"name":"Cerberus","level":318,"killCount":242,"type":"NPC","drops":[{"name":"Infernal ashes","id":25778,"quantity":1,"price":4261},{"name":"Fire orb","id":570,"quantity":20,"price":1220}],"date":"Jul 6, 2022, 12:22:46 AM"}
{"name":"Cerberus","level":318,"killCount":243,"type":"NPC","drops":[{"name":"Infernal ashes","id":25778,"quantity":1,"price":4261},{"name":"Black d\u0027hide body","id":2503,"quantity":1,"price":7302}],"date":"Jul 6, 2022, 12:24:27 AM"}
{"name":"Cerberus","level":318,"killCount":244,"type":"NPC","drops":[{"name":"Infernal ashes","id":25778,"quantity":1,"price":4261},{"name":"Dragon bones","id":537,"quantity":20,"price":2737}],"date":"Jul 6, 2022, 12:28:10 AM"}
{"name":"Cerberus","level":318,"killCount":245,"type":"NPC","drops":[{"name":"Infernal ashes","id":25778,"quantity":1,"price":4261},{"name":"Super restore(4)","id":3024,"quantity":1,"price":15467},{"name":"Super restore(4)","id":3024,"quantity":1,"price":15467}],"date":"Jul 6, 2022, 12:29:52 AM"}
{"name":"Cerberus","level":318,"killCount":246,"type":"NPC","drops":[{"name":"Infernal ashes","id":25778,"quantity":1,"price":4261},{"name":"Rune platebody","id":1127,"quantity":1,"price":38388}],"date":"Jul 6, 2022, 12:31:21 AM"}
{"name":"Cerberus","level":318,"killCount":247,"type":"NPC","drops":[{"name":"Infernal ashes","id":25778,"quantity":1,"price":4261},{"name":"Ashes","id":593,"quantity":50,"price":80}],"date":"Jul 6, 2022, 12:34:56 AM"}
{"name":"Cerberus","level":318,"killCount":248,"type":"NPC","drops":[{"name":"Infernal ashes","id":25778,"quantity":1,"price":4261},{"name":"Rune platebody","id":1127,"quantity":1,"price":38388}],"date":"Jul 6, 2022, 12:36:28 AM"}
{"name":"Cerberus","level":318,"killCount":249,"type":"NPC","drops":[{"name":"Infernal ashes","id":25778,"quantity":1,"price":4261},{"name":"Rune 2h sword","id":1319,"quantity":1,"price":37897}],"date":"Jul 6, 2022, 12:38:24 AM"}
{"name":"Cerberus","level":318,"killCount":250,"type":"NPC","drops":[{"name":"Infernal ashes","id":25778,"quantity":1,"price":4261},{"name":"Rune chainbody","id":1113,"quantity":1,"price":29880}],"date":"Jul 6, 2022, 12:40:06 AM"}
{"name":"Cerberus","level":318,"killCount":251,"type":"NPC","drops":[{"name":"Infernal ashes","id":25778,"quantity":1,"price":3901},{"name":"Rune platebody","id":1127,"quantity":1,"price":38444}],"date":"Jul 8, 2022, 3:13:14 PM"}
{"name":"Cerberus","level":318,"killCount":252,"type":"NPC","drops":[{"name":"Infernal ashes","id":25778,"quantity":1,"price":3901},{"name":"Ensouled hellhound head","id":26996,"quantity":1,"price":0},{"name":"Rune platebody","id":1127,"quantity":1,"price":38444}],"date":"Jul 8, 2022, 3:17:39 PM"}
{"name":"Cerberus","level":318,"killCount":253,"type":"NPC","drops":[{"name":"Infernal ashes","id":25778,"quantity":1,"price":3901},{"name":"Rune 2h sword","id":1319,"quantity":1,"price":37870}],"date":"Jul 8, 2022, 3:19:16 PM"}
{"name":"Cerberus","level":318,"killCount":254,"type":"NPC","drops":[{"name":"Infernal ashes","id":25778,"quantity":1,"price":3901},{"name":"Fire rune","id":554,"quantity":300,"price":5}],"date":"Jul 8, 2022, 3:20:44 PM"}
{"name":"Cerberus","level":318,"killCount":255,"type":"NPC","drops":[{"name":"Infernal ashes","id":25778,"quantity":1,"price":3901},{"name":"Fire orb","id":570,"quantity":20,"price":1179}],"date":"Jul 8, 2022, 3:22:09 PM"}
{"name":"Cerberus","level":318,"killCount":256,"type":"NPC","drops":[{"name":"Infernal ashes","id":25778,"quantity":1,"price":3901},{"name":"Unholy symbol","id":1724,"quantity":1,"price":259}],"date":"Jul 8, 2022, 3:25:42 PM"}
{"name":"Cerberus","level":318,"killCount":257,"type":"NPC","drops":[{"name":"Infernal ashes","id":25778,"quantity":1,"price":3901},{"name":"Coal","id":454,"quantity":120,"price":153}],"date":"Jul 8, 2022, 3:27:36 PM"}
{"name":"Cerberus","level":318,"killCount":258,"type":"NPC","drops":[{"name":"Infernal ashes","id":25778,"quantity":1,"price":3901},{"name":"Runite bolts (unf)","id":9381,"quantity":40,"price":304}],"date":"Jul 8, 2022, 3:29:27 PM"}
{"name":"Cerberus","level":318,"killCount":259,"type":"NPC","drops":[{"name":"Infernal ashes","id":25778,"quantity":1,"price":3901},{"name":"Ashes","id":593,"quantity":50,"price":66}],"date":"Jul 8, 2022, 3:39:37 PM"}
{"name":"Cerberus","level":318,"killCount":260,"type":"NPC","drops":[{"name":"Infernal ashes","id":25778,"quantity":1,"price":3901},{"name":"Clue scroll (elite)","id":23147,"quantity":1,"price":0},{"name":"Summer pie","id":7218,"quantity":1,"price":606},{"name":"Summer pie","id":7218,"quantity":1,"price":606},{"name":"Summer pie","id":7218,"quantity":1,"price":606}],"date":"Jul 8, 2022, 3:40:53 PM"}
{"name":"Cerberus","level":318,"killCount":261,"type":"NPC","drops":[{"name":"Infernal ashes","id":25778,"quantity":1,"price":3901},{"name":"Fire rune","id":554,"quantity":300,"price":5}],"date":"Jul 8, 2022, 3:42:45 PM"}
{"name":"Cerberus","level":318,"killCount":262,"type":"NPC","drops":[{"name":"Infernal ashes","id":25778,"quantity":1,"price":3901},{"name":"Key master teleport","id":13249,"quantity":3,"price":0}],"date":"Jul 8, 2022, 3:47:52 PM"}
{"name":"Cerberus","level":318,"killCount":263,"type":"NPC","drops":[{"name":"Infernal ashes","id":25778,"quantity":1,"price":3901},{"name":"Pure essence","id":7937,"quantity":300,"price":2}],"date":"Jul 8, 2022, 3:49:46 PM"}
{"name":"Cerberus","level":318,"killCount":264,"type":"NPC","drops":[{"name":"Infernal ashes","id":25778,"quantity":1,"price":3901},{"name":"Wine of zamorak","id":246,"quantity":15,"price":926}],"date":"Jul 8, 2022, 3:51:24 PM"}
{"name":"Cerberus","level":318,"killCount":265,"type":"NPC","drops":[{"name":"Infernal ashes","id":25778,"quantity":1,"price":3901},{"name":"Super restore(4)","id":3024,"quantity":1,"price":15917},{"name":"Super restore(4)","id":3024,"quantity":1,"price":15917}],"date":"Jul 8, 2022, 3:53:05 PM"}
{"name":"Cerberus","level":318,"killCount":266,"type":"NPC","drops":[{"name":"Infernal ashes","id":25778,"quantity":1,"price":3901},{"name":"Coal","id":454,"quantity":120,"price":152}],"date":"Jul 8, 2022, 3:55:47 PM"}
{"name":"Cerberus","level":318,"killCount":267,"type":"NPC","drops":[{"name":"Infernal ashes","id":25778,"quantity":1,"price":3901},{"name":"Rune chainbody","id":1113,"quantity":1,"price":29621}],"date":"Jul 8, 2022, 3:57:28 PM"}
{"name":"Cerberus","level":318,"killCount":268,"type":"NPC","drops":[{"name":"Infernal ashes","id":25778,"quantity":1,"price":3901},{"name":"Lava battlestaff","id":3053,"quantity":1,"price":9085}],"date":"Jul 8, 2022, 4:00:59 PM"}
{"name":"Cerberus","level":318,"killCount":269,"type":"NPC","drops":[{"name":"Infernal ashes","id":25778,"quantity":1,"price":3901},{"name":"Ensouled hellhound head","id":26996,"quantity":1,"price":0},{"name":"Super restore(4)","id":3024,"quantity":1,"price":15917},{"name":"Super restore(4)","id":3024,"quantity":1,"price":15917}],"date":"Jul 8, 2022, 4:02:29 PM"}
{"name":"Cerberus","level":318,"killCount":270,"type":"NPC","drops":[{"name":"Infernal ashes","id":25778,"quantity":1,"price":3901},{"name":"Cannonball","id":2,"quantity":50,"price":207}],"date":"Jul 8, 2022, 4:03:51 PM"}
{"name":"Cerberus","level":318,"killCount":271,"type":"NPC","drops":[{"name":"Infernal ashes","id":25778,"quantity":1,"price":3901},{"name":"Summer pie","id":7218,"quantity":1,"price":612},{"name":"Summer pie","id":7218,"quantity":1,"price":612},{"name":"Summer pie","id":7218,"quantity":1,"price":612}],"date":"Jul 8, 2022, 4:05:38 PM"}
{"name":"Cerberus","level":318,"killCount":272,"type":"NPC","drops":[{"name":"Infernal ashes","id":25778,"quantity":1,"price":3901},{"name":"Pure essence","id":7937,"quantity":300,"price":2}],"date":"Jul 8, 2022, 4:07:06 PM"}
{"name":"Cerberus","level":318,"killCount":273,"type":"NPC","drops":[{"name":"Infernal ashes","id":25778,"quantity":1,"price":3901},{"name":"Dragon bones","id":537,"quantity":20,"price":2691}],"date":"Jul 8, 2022, 4:08:53 PM"}
{"name":"Cerberus","level":318,"killCount":274,"type":"NPC","drops":[{"name":"Infernal ashes","id":25778,"quantity":1,"price":3901},{"name":"Eternal crystal","id":13227,"quantity":1,"price":1880500}],"date":"Jul 8, 2022, 4:11:23 PM"}
{"name":"Cerberus","level":318,"killCount":275,"type":"NPC","drops":[{"name":"Infernal ashes","id":25778,"quantity":1,"price":3901},{"name":"Pure essence","id":7937,"quantity":300,"price":2}],"date":"Jul 8, 2022, 4:12:55 PM"}
{"name":"Cerberus","level":318,"killCount":276,"type":"NPC","drops":[{"name":"Infernal ashes","id":25778,"quantity":1,"price":3901},{"name":"Ensouled hellhound head","id":26996,"quantity":1,"price":0},{"name":"Rune axe","id":1359,"quantity":1,"price":7165}],"date":"Jul 8, 2022, 4:14:58 PM"}
{"name":"Cerberus","level":318,"killCount":277,"type":"NPC","drops":[{"name":"Infernal ashes","id":25778,"quantity":1,"price":3901}],"date":"Jul 8, 2022, 4:16:55 PM"}
{"name":"Cerberus","level":318,"killCount":278,"type":"NPC","drops":[{"name":"Infernal ashes","id":25778,"quantity":1,"price":3901},{"name":"Rune platebody","id":1127,"quantity":1,"price":38438}],"date":"Jul 8, 2022, 4:21:29 PM"}
{"name":"Cerberus","level":318,"killCount":279,"type":"NPC","drops":[{"name":"Infernal ashes","id":25778,"quantity":1,"price":3901},{"name":"Soul rune","id":566,"quantity":100,"price":174}],"date":"Jul 8, 2022, 4:23:04 PM"}
{"name":"Cerberus","level":318,"killCount":280,"type":"NPC","drops":[{"name":"Infernal ashes","id":25778,"quantity":1,"price":3901},{"name":"Coins","id":995,"quantity":11345,"price":1}],"date":"Jul 8, 2022, 4:24:42 PM"}
{"name":"Cerberus","level":318,"killCount":281,"type":"NPC","drops":[{"name":"Infernal ashes","id":25778,"quantity":1,"price":3901},{"name":"Rune chainbody","id":1113,"quantity":1,"price":29621}],"date":"Jul 8, 2022, 4:26:15 PM"}
{"name":"Cerberus","level":318,"killCount":282,"type":"NPC","drops":[{"name":"Infernal ashes","id":25778,"quantity":1,"price":3901},{"name":"Blood rune","id":565,"quantity":60,"price":359}],"date":"Jul 8, 2022, 4:30:58 PM"}
{"name":"Cerberus","level":318,"killCount":283,"type":"NPC","drops":[{"name":"Infernal ashes","id":25778,"quantity":1,"price":3901},{"name":"Battlestaff","id":1392,"quantity":6,"price":8078}],"date":"Jul 8, 2022, 4:32:48 PM"}
{"name":"Cerberus","level":318,"killCount":284,"type":"NPC","drops":[{"name":"Infernal ashes","id":25778,"quantity":1,"price":3901},{"name":"Black d\u0027hide body","id":2503,"quantity":1,"price":7293}],"date":"Jul 8, 2022, 4:36:18 PM"}
{"name":"Cerberus","level":318,"killCount":285,"type":"NPC","drops":[{"name":"Infernal ashes","id":25778,"quantity":1,"price":3901},{"name":"Rune platebody","id":1127,"quantity":1,"price":38438}],"date":"Jul 8, 2022, 4:38:02 PM"}
{"name":"Cerberus","level":318,"killCount":286,"type":"NPC","drops":[{"name":"Infernal ashes","id":25778,"quantity":1,"price":3901},{"name":"Fire orb","id":570,"quantity":20,"price":1148}],"date":"Jul 8, 2022, 4:39:44 PM"}
{"name":"Cerberus","level":318,"killCount":287,"type":"NPC","drops":[{"name":"Infernal ashes","id":25778,"quantity":1,"price":4097},{"name":"Rune axe","id":1359,"quantity":1,"price":7306}],"date":"Jul 8, 2022, 4:43:10 PM"}
{"name":"Cerberus","level":318,"killCount":288,"type":"NPC","drops":[{"name":"Infernal ashes","id":25778,"quantity":1,"price":4097},{"name":"Rune chainbody","id":1113,"quantity":1,"price":29447}],"date":"Jul 8, 2022, 4:44:55 PM"}
{"name":"Cerberus","level":318,"killCount":289,"type":"NPC","drops":[{"name":"Infernal ashes","id":25778,"quantity":1,"price":4097},{"name":"Super restore(4)","id":3024,"quantity":1,"price":15935},{"name":"Super restore(4)","id":3024,"quantity":1,"price":15935}],"date":"Jul 8, 2022, 4:46:37 PM"}
{"name":"Cerberus","level":318,"killCount":290,"type":"NPC","drops":[{"name":"Infernal ashes","id":25778,"quantity":1,"price":4097},{"name":"Wine of zamorak","id":246,"quantity":15,"price":926}],"date":"Jul 8, 2022, 4:48:08 PM"}
{"name":"Cerberus","level":318,"killCount":291,"type":"NPC","drops":[{"name":"Infernal ashes","id":25778,"quantity":1,"price":4097},{"name":"Wine of zamorak","id":246,"quantity":15,"price":926}],"date":"Jul 8, 2022, 4:51:37 PM"}
{"name":"Cerberus","level":318,"killCount":292,"type":"NPC","drops":[{"name":"Infernal ashes","id":25778,"quantity":1,"price":4097},{"name":"Runite ore","id":452,"quantity":5,"price":11150}],"date":"Jul 8, 2022, 4:52:48 PM"}
{"name":"Cerberus","level":318,"killCount":293,"type":"NPC","drops":[{"name":"Infernal ashes","id":25778,"quantity":1,"price":4097},{"name":"Death rune","id":560,"quantity":100,"price":184}],"date":"Jul 8, 2022, 4:54:24 PM"}
{"name":"Cerberus","level":318,"killCount":294,"type":"NPC","drops":[{"name":"Infernal ashes","id":25778,"quantity":1,"price":4097},{"name":"Super restore(4)","id":3024,"quantity":1,"price":15935},{"name":"Super restore(4)","id":3024,"quantity":1,"price":15935}],"date":"Jul 8, 2022, 4:55:48 PM"}
{"name":"Cerberus","level":318,"killCount":295,"type":"NPC","drops":[{"name":"Infernal ashes","id":25778,"quantity":1,"price":4097},{"name":"Unholy symbol","id":1724,"quantity":1,"price":282}],"date":"Jul 8, 2022, 4:59:24 PM"}
{"name":"Cerberus","level":318,"killCount":296,"type":"NPC","drops":[{"name":"Infernal ashes","id":25778,"quantity":1,"price":4097},{"name":"Fire rune","id":554,"quantity":300,"price":5}],"date":"Jul 8, 2022, 5:00:59 PM"}
{"name":"Cerberus","level":318,"killCount":297,"type":"NPC","drops":[{"name":"Infernal ashes","id":25778,"quantity":1,"price":4097},{"name":"Soul rune","id":566,"quantity":100,"price":176}],"date":"Jul 8, 2022, 5:02:57 PM"}
{"name":"Cerberus","level":318,"killCount":298,"type":"NPC","drops":[{"name":"Infernal ashes","id":25778,"quantity":1,"price":4097},{"name":"Blood rune","id":565,"quantity":60,"price":359}],"date":"Jul 8, 2022, 5:09:52 PM"}
{"name":"Cerberus","level":318,"killCount":299,"type":"NPC","drops":[{"name":"Infernal ashes","id":25778,"quantity":1,"price":4097},{"name":"Rune pickaxe","id":1275,"quantity":1,"price":18651}],"date":"Jul 8, 2022, 5:11:34 PM"}
{"name":"Cerberus","level":318,"killCount":300,"type":"NPC","drops":[{"name":"Infernal ashes","id":25778,"quantity":1,"price":4046},{"name":"Rune pickaxe","id":1275,"quantity":1,"price":18825}],"date":"Jul 8, 2022, 5:13:15 PM"}
{"name":"Cerberus","level":318,"killCount":301,"type":"NPC","drops":[{"name":"Infernal ashes","id":25778,"quantity":1,"price":4053},{"name":"Soul rune","id":566,"quantity":100,"price":178}],"date":"Jul 8, 2022, 7:03:21 PM"}
{"name":"Cerberus","level":318,"killCount":302,"type":"NPC","drops":[{"name":"Infernal ashes","id":25778,"quantity":1,"price":4053},{"name":"Wine of zamorak","id":246,"quantity":15,"price":922}],"date":"Jul 8, 2022, 7:04:55 PM"}
{"name":"Cerberus","level":318,"killCount":303,"type":"NPC","drops":[{"name":"Infernal ashes","id":25778,"quantity":1,"price":4053},{"name":"Key master teleport","id":13249,"quantity":3,"price":0}],"date":"Jul 8, 2022, 7:07:04 PM"}
{"name":"Cerberus","level":318,"killCount":304,"type":"NPC","drops":[{"name":"Infernal ashes","id":25778,"quantity":1,"price":4053},{"name":"Rune platebody","id":1127,"quantity":1,"price":38862}],"date":"Jul 8, 2022, 7:09:31 PM"}
{"name":"Cerberus","level":318,"killCount":305,"type":"NPC","drops":[{"name":"Infernal ashes","id":25778,"quantity":1,"price":4053},{"name":"Super restore(4)","id":3024,"quantity":1,"price":15720},{"name":"Super restore(4)","id":3024,"quantity":1,"price":15720}],"date":"Jul 8, 2022, 7:11:08 PM"}
{"name":"Cerberus","level":318,"killCount":306,"type":"NPC","drops":[{"name":"Infernal ashes","id":25778,"quantity":1,"price":4053},{"name":"Fire orb","id":570,"quantity":20,"price":1139}],"date":"Jul 8, 2022, 7:12:45 PM"}
{"name":"Cerberus","level":318,"killCount":307,"type":"NPC","drops":[{"name":"Infernal ashes","id":25778,"quantity":1,"price":4053},{"name":"Rune full helm","id":1163,"quantity":1,"price":20390}],"date":"Jul 8, 2022, 7:14:12 PM"}
{"name":"Cerberus","level":318,"killCount":308,"type":"NPC","drops":[{"name":"Infernal ashes","id":25778,"quantity":1,"price":4108},{"name":"Fire orb","id":570,"quantity":20,"price":1139}],"date":"Jul 8, 2022, 8:12:02 PM"}
{"name":"Cerberus","level":318,"killCount":309,"type":"NPC","drops":[{"name":"Infernal ashes","id":25778,"quantity":1,"price":4053},{"name":"Black d\u0027hide body","id":2503,"quantity":1,"price":7516}],"date":"Jul 8, 2022, 8:13:42 PM"}
{"name":"Cerberus","level":318,"killCount":310,"type":"NPC","drops":[{"name":"Infernal ashes","id":25778,"quantity":1,"price":4053},{"name":"Ensouled hellhound head","id":26996,"quantity":1,"price":0},{"name":"Blood rune","id":565,"quantity":60,"price":358}],"date":"Jul 8, 2022, 8:15:14 PM"}
{"name":"Cerberus","level":318,"killCount":311,"type":"NPC","drops":[{"name":"Infernal ashes","id":25778,"quantity":1,"price":4053},{"name":"Clue scroll (elite)","id":23770,"quantity":1,"price":0},{"name":"Rune chainbody","id":1113,"quantity":1,"price":29445}],"date":"Jul 8, 2022, 8:19:38 PM"}
{"name":"Cerberus","level":318,"killCount":312,"type":"NPC","drops":[{"name":"Infernal ashes","id":25778,"quantity":1,"price":4053},{"name":"Rune platebody","id":1127,"quantity":1,"price":39172}],"date":"Jul 8, 2022, 8:21:25 PM"}
{"name":"Cerberus","level":318,"killCount":313,"type":"NPC","drops":[{"name":"Infernal ashes","id":25778,"quantity":1,"price":4053},{"name":"Ensouled hellhound head","id":26996,"quantity":1,"price":0},{"name":"Rune axe","id":1359,"quantity":1,"price":7298}],"date":"Jul 8, 2022, 8:26:47 PM"}
{"name":"Cerberus","level":318,"killCount":314,"type":"NPC","drops":[{"name":"Infernal ashes","id":25778,"quantity":1,"price":4053},{"name":"Uncut sapphire","id":1623,"quantity":1,"price":359}],"date":"Jul 8, 2022, 9:47:02 PM"}
{"name":"Cerberus","level":318,"killCount":315,"type":"NPC","drops":[{"name":"Infernal ashes","id":25778,"quantity":1,"price":4053},{"name":"Ensouled hellhound head","id":26996,"quantity":1,"price":0},{"name":"Runite bolts (unf)","id":9381,"quantity":40,"price":308}],"date":"Jul 8, 2022, 9:48:30 PM"}
{"name":"Cerberus","level":318,"killCount":316,"type":"NPC","drops":[{"name":"Infernal ashes","id":25778,"quantity":1,"price":4053},{"name":"Fire rune","id":554,"quantity":300,"price":5}],"date":"Jul 8, 2022, 9:50:16 PM"}
{"name":"Cerberus","level":318,"killCount":317,"type":"NPC","drops":[{"name":"Infernal ashes","id":25778,"quantity":1,"price":4053},{"name":"Battlestaff","id":1392,"quantity":6,"price":8075}],"date":"Jul 8, 2022, 9:52:04 PM"}
{"name":"Cerberus","level":318,"killCount":318,"type":"NPC","drops":[{"name":"Infernal ashes","id":25778,"quantity":1,"price":4053},{"name":"Ensouled hellhound head","id":26996,"quantity":1,"price":0},{"name":"Cannonball","id":2,"quantity":50,"price":210}],"date":"Jul 8, 2022, 9:53:43 PM"}
{"name":"Cerberus","level":318,"killCount":319,"type":"NPC","drops":[{"name":"Infernal ashes","id":25778,"quantity":1,"price":4053},{"name":"Rune 2h sword","id":1319,"quantity":1,"price":37946}],"date":"Jul 8, 2022, 9:56:47 PM"}
{"name":"Cerberus","level":318,"killCount":320,"type":"NPC","drops":[{"name":"Infernal ashes","id":25778,"quantity":1,"price":4053},{"name":"Black d\u0027hide body","id":2503,"quantity":1,"price":7560}],"date":"Jul 8, 2022, 9:57:58 PM"}
{"name":"Cerberus","level":318,"killCount":321,"type":"NPC","drops":[{"name":"Infernal ashes","id":25778,"quantity":1,"price":4053},{"name":"Super restore(4)","id":3024,"quantity":1,"price":15769},{"name":"Super restore(4)","id":3024,"quantity":1,"price":15769}],"date":"Jul 8, 2022, 9:59:50 PM"}
{"name":"Cerberus","level":318,"killCount":322,"type":"NPC","drops":[{"name":"Infernal ashes","id":25778,"quantity":1,"price":4053},{"name":"Cannonball","id":2,"quantity":50,"price":210}],"date":"Jul 8, 2022, 10:01:06 PM"}
{"name":"Cerberus","level":318,"killCount":323,"type":"NPC","drops":[{"name":"Infernal ashes","id":25778,"quantity":1,"price":4053},{"name":"Cannonball","id":2,"quantity":50,"price":210}],"date":"Jul 8, 2022, 10:02:38 PM"}
{"name":"Cerberus","level":318,"killCount":324,"type":"NPC","drops":[{"name":"Infernal ashes","id":25778,"quantity":1,"price":4053},{"name":"Fire rune","id":554,"quantity":300,"price":5}],"date":"Jul 8, 2022, 10:05:20 PM"}
{"name":"Cerberus","level":318,"killCount":325,"type":"NPC","drops":[{"name":"Infernal ashes","id":25778,"quantity":1,"price":4053},{"name":"Rune full helm","id":1163,"quantity":1,"price":20684}],"date":"Jul 8, 2022, 10:07:04 PM"}
{"name":"Cerberus","level":318,"killCount":326,"type":"NPC","drops":[{"name":"Infernal ashes","id":25778,"quantity":1,"price":4053}],"date":"Jul 8, 2022, 10:08:47 PM"}
{"name":"Cerberus","level":318,"killCount":327,"type":"NPC","drops":[{"name":"Infernal ashes","id":25778,"quantity":1,"price":4053},{"name":"Unholy symbol","id":1724,"quantity":1,"price":233}],"date":"Jul 8, 2022, 10:10:20 PM"}
{"name":"Cerberus","level":318,"killCount":328,"type":"NPC","drops":[{"name":"Infernal ashes","id":25778,"quantity":1,"price":4053},{"name":"Unholy symbol","id":1724,"quantity":1,"price":233}],"date":"Jul 8, 2022, 10:12:02 PM"}
{"name":"Cerberus","level":318,"killCount":329,"type":"NPC","drops":[{"name":"Infernal ashes","id":25778,"quantity":1,"price":4053},{"name":"Torstol seed","id":5304,"quantity":3,"price":51380}],"date":"Jul 8, 2022, 10:14:36 PM"}
{"name":"Cerberus","level":318,"killCount":330,"type":"NPC","drops":[{"name":"Infernal ashes","id":25778,"quantity":1,"price":4053},{"name":"Lava battlestaff","id":3053,"quantity":1,"price":8356}],"date":"Jul 8, 2022, 10:16:48 PM"}
{"name":"Cerberus","level":318,"killCount":331,"type":"NPC","drops":[{"name":"Infernal ashes","id":25778,"quantity":1,"price":4053},{"name":"Blood rune","id":565,"quantity":60,"price":359}],"date":"Jul 8, 2022, 10:18:26 PM"}
{"name":"Cerberus","level":318,"killCount":332,"type":"NPC","drops":[{"name":"Infernal ashes","id":25778,"quantity":1,"price":4053},{"name":"Black d\u0027hide body","id":2503,"quantity":1,"price":7642}],"date":"Jul 8, 2022, 10:21:55 PM"}
{"name":"Cerberus","level":318,"killCount":333,"type":"NPC","drops":[{"name":"Infernal ashes","id":25778,"quantity":1,"price":4053},{"name":"Rune axe","id":1359,"quantity":1,"price":7182}],"date":"Jul 8, 2022, 10:23:41 PM"}
{"name":"Cerberus","level":318,"killCount":334,"type":"NPC","drops":[{"name":"Infernal ashes","id":25778,"quantity":1,"price":4053},{"name":"Pure essence","id":7937,"quantity":300,"price":1}],"date":"Jul 8, 2022, 10:25:19 PM"}
{"name":"Cerberus","level":318,"killCount":335,"type":"NPC","drops":[{"name":"Infernal ashes","id":25778,"quantity":1,"price":4053},{"name":"Runite ore","id":452,"quantity":5,"price":11075}],"date":"Jul 8, 2022, 10:27:01 PM"}
{"name":"Cerberus","level":318,"killCount":336,"type":"NPC","drops":[{"name":"Infernal ashes","id":25778,"quantity":1,"price":4053},{"name":"Lava battlestaff","id":3053,"quantity":1,"price":8356}],"date":"Jul 8, 2022, 10:29:28 PM"}
{"name":"Cerberus","level":318,"killCount":337,"type":"NPC","drops":[{"name":"Infernal ashes","id":25778,"quantity":1,"price":4053},{"name":"Rune full helm","id":1163,"quantity":1,"price":20482}],"date":"Jul 8, 2022, 10:30:59 PM"}
{"name":"Cerberus","level":318,"killCount":338,"type":"NPC","drops":[{"name":"Infernal ashes","id":25778,"quantity":1,"price":4053},{"name":"Summer pie","id":7218,"quantity":1,"price":581},{"name":"Summer pie","id":7218,"quantity":1,"price":581},{"name":"Summer pie","id":7218,"quantity":1,"price":581}],"date":"Jul 8, 2022, 10:32:37 PM"}
{"name":"Cerberus","level":318,"killCount":339,"type":"NPC","drops":[{"name":"Infernal ashes","id":25778,"quantity":1,"price":4053},{"name":"Torstol seed","id":5304,"quantity":3,"price":51380}],"date":"Jul 8, 2022, 10:34:32 PM"}
{"name":"Cerberus","level":318,"killCount":340,"type":"NPC","drops":[{"name":"Infernal ashes","id":25778,"quantity":1,"price":4053},{"name":"Coins","id":995,"quantity":15425,"price":1}],"date":"Jul 8, 2022, 10:35:53 PM"}
{"name":"Cerberus","level":318,"killCount":341,"type":"NPC","drops":[{"name":"Infernal ashes","id":25778,"quantity":1,"price":4053},{"name":"Unholy symbol","id":1724,"quantity":1,"price":252}],"date":"Jul 8, 2022, 10:37:08 PM"}
{"name":"Cerberus","level":318,"killCount":342,"type":"NPC","drops":[{"name":"Infernal ashes","id":25778,"quantity":1,"price":4053},{"name":"Unholy symbol","id":1724,"quantity":1,"price":252}],"date":"Jul 8, 2022, 10:39:19 PM"}
{"name":"Cerberus","level":318,"killCount":343,"type":"NPC","drops":[{"name":"Infernal ashes","id":25778,"quantity":1,"price":4053},{"name":"Rune platebody","id":1127,"quantity":1,"price":38438}],"date":"Jul 8, 2022, 10:40:45 PM"}
{"name":"Cerberus","level":318,"killCount":344,"type":"NPC","drops":[{"name":"Infernal ashes","id":25778,"quantity":1,"price":4053},{"name":"Summer pie","id":7218,"quantity":1,"price":581},{"name":"Summer pie","id":7218,"quantity":1,"price":581},{"name":"Summer pie","id":7218,"quantity":1,"price":581}],"date":"Jul 8, 2022, 10:42:22 PM"}
{"name":"Cerberus","level":318,"killCount":345,"type":"NPC","drops":[{"name":"Infernal ashes","id":25778,"quantity":1,"price":4053},{"name":"Wine of zamorak","id":246,"quantity":15,"price":924}],"date":"Jul 8, 2022, 10:44:10 PM"}
{"name":"Cerberus","level":318,"killCount":346,"type":"NPC","drops":[{"name":"Infernal ashes","id":25778,"quantity":1,"price":4053},{"name":"Runite bolts (unf)","id":9381,"quantity":40,"price":308}],"date":"Jul 8, 2022, 10:47:09 PM"}
{"name":"Cerberus","level":318,"killCount":347,"type":"NPC","drops":[{"name":"Infernal ashes","id":25778,"quantity":1,"price":4053},{"name":"Rune halberd","id":3202,"quantity":1,"price":37651}],"date":"Jul 8, 2022, 10:48:42 PM"}
{"name":"Cerberus","level":318,"killCount":348,"type":"NPC","drops":[{"name":"Infernal ashes","id":25778,"quantity":1,"price":4053},{"name":"Soul rune","id":566,"quantity":100,"price":176}],"date":"Jul 8, 2022, 10:50:21 PM"}
{"name":"Cerberus","level":318,"killCount":349,"type":"NPC","drops":[{"name":"Infernal ashes","id":25778,"quantity":1,"price":4053},{"name":"Coal","id":454,"quantity":120,"price":153}],"date":"Jul 8, 2022, 10:52:21 PM"}
{"name":"Cerberus","level":318,"killCount":350,"type":"NPC","drops":[{"name":"Infernal ashes","id":25778,"quantity":1,"price":4053},{"name":"Uncut diamond","id":1618,"quantity":5,"price":2831}],"date":"Jul 8, 2022, 10:56:08 PM"}
{"name":"Cerberus","level":318,"killCount":351,"type":"NPC","drops":[{"name":"Infernal ashes","id":25778,"quantity":1,"price":4022},{"name":"Summer pie","id":7218,"quantity":1,"price":856},{"name":"Summer pie","id":7218,"quantity":1,"price":856},{"name":"Summer pie","id":7218,"quantity":1,"price":856}],"date":"Jan 2, 2023, 10:38:40 PM"}
{"name":"Cerberus","level":318,"killCount":352,"type":"NPC","drops":[{"name":"Infernal ashes","id":25778,"quantity":1,"price":4022},{"name":"Death rune","id":560,"quantity":100,"price":154}],"date":"Jan 2, 2023, 10:39:59 PM"}
{"name":"Cerberus","level":318,"killCount":353,"type":"NPC","drops":[{"name":"Infernal ashes","id":25778,"quantity":1,"price":4022},{"name":"Grimy torstol","id":220,"quantity":6,"price":4538}],"date":"Jan 2, 2023, 10:41:19 PM"}
{"name":"Cerberus","level":318,"killCount":354,"type":"NPC","drops":[{"name":"Infernal ashes","id":25778,"quantity":1,"price":4022},{"name":"Uncut diamond","id":1618,"quantity":5,"price":2853}],"date":"Jan 2, 2023, 10:42:53 PM"}
{"name":"Cerberus","level":318,"killCount":355,"type":"NPC","drops":[{"name":"Infernal ashes","id":25778,"quantity":1,"price":4022},{"name":"Ensouled hellhound head","id":26996,"quantity":1,"price":4049},{"name":"Dragonstone","id":1615,"quantity":1,"price":11441}],"date":"Jan 2, 2023, 10:44:08 PM"}
{"name":"Cerberus","level":318,"killCount":356,"type":"NPC","drops":[{"name":"Infernal ashes","id":25778,"quantity":1,"price":4022},{"name":"Uncut diamond","id":1618,"quantity":5,"price":2853}],"date":"Jan 2, 2023, 10:47:26 PM"}
{"name":"Cerberus","level":318,"killCount":357,"type":"NPC","drops":[{"name":"Infernal ashes","id":25778,"quantity":1,"price":4022},{"name":"Rune 2h sword","id":1319,"quantity":1,"price":37895}],"date":"Jan 2, 2023, 10:48:55 PM"}
{"name":"Cerberus","level":318,"killCount":358,"type":"NPC","drops":[{"name":"Infernal ashes","id":25778,"quantity":1,"price":4022},{"name":"Primordial crystal","id":13231,"quantity":1,"price":27587947}],"date":"Jan 2, 2023, 10:50:38 PM"}
{"name":"Cerberus","level":318,"killCount":359,"type":"NPC","drops":[{"name":"Infernal ashes","id":25778,"quantity":1,"price":4022},{"name":"Wine of zamorak","id":246,"quantity":15,"price":949}],"date":"Jan 2, 2023, 10:52:00 PM"}
{"name":"Cerberus","level":318,"killCount":360,"type":"NPC","drops":[{"name":"Infernal ashes","id":25778,"quantity":1,"price":4022},{"name":"Rune chainbody","id":1113,"quantity":1,"price":29206}],"date":"Jan 2, 2023, 10:55:19 PM"}
{"name":"Cerberus","level":318,"killCount":361,"type":"NPC","drops":[{"name":"Infernal ashes","id":25778,"quantity":1,"price":4022},{"name":"Grimy torstol","id":220,"quantity":6,"price":4538}],"date":"Jan 2, 2023, 10:56:25 PM"}
{"name":"Cerberus","level":318,"killCount":362,"type":"NPC","drops":[{"name":"Infernal ashes","id":25778,"quantity":1,"price":4022},{"name":"Fire orb","id":570,"quantity":20,"price":1119}],"date":"Jan 2, 2023, 10:57:52 PM"}
{"name":"Cerberus","level":318,"killCount":363,"type":"NPC","drops":[{"name":"Infernal ashes","id":25778,"quantity":1,"price":4022},{"name":"Ashes","id":593,"quantity":50,"price":73}],"date":"Jan 2, 2023, 10:59:19 PM"}
{"name":"Cerberus","level":318,"killCount":364,"type":"NPC","drops":[{"name":"Infernal ashes","id":25778,"quantity":1,"price":4022},{"name":"Torstol seed","id":5304,"quantity":3,"price":14975}],"date":"Jan 2, 2023, 11:02:14 PM"}
{"name":"Cerberus","level":318,"killCount":365,"type":"NPC","drops":[{"name":"Infernal ashes","id":25778,"quantity":1,"price":4022},{"name":"Super restore(4)","id":3024,"quantity":1,"price":10691},{"name":"Super restore(4)","id":3024,"quantity":1,"price":10691}],"date":"Jan 2, 2023, 11:03:19 PM"}
{"name":"Cerberus","level":318,"killCount":366,"type":"NPC","drops":[{"name":"Infernal ashes","id":25778,"quantity":1,"price":4022},{"name":"Black d\u0027hide body","id":2503,"quantity":1,"price":7124}],"date":"Jan 2, 2023, 11:04:31 PM"}
{"name":"Cerberus","level":318,"killCount":367,"type":"NPC","drops":[{"name":"Infernal ashes","id":25778,"quantity":1,"price":4022},{"name":"Rune chainbody","id":1113,"quantity":1,"price":29206}],"date":"Jan 2, 2023, 11:06:11 PM"}
{"name":"Cerberus","level":318,"killCount":368,"type":"NPC","drops":[{"name":"Infernal ashes","id":25778,"quantity":1,"price":4022},{"name":"Soul rune","id":566,"quantity":100,"price":238}],"date":"Jan 2, 2023, 11:07:28 PM"}
{"name":"Cerberus","level":318,"killCount":369,"type":"NPC","drops":[{"name":"Infernal ashes","id":25778,"quantity":1,"price":4022},{"name":"Fire orb","id":570,"quantity":20,"price":1119}],"date":"Jan 2, 2023, 11:08:46 PM"}
{"name":"Cerberus","level":318,"killCount":370,"type":"NPC","drops":[{"name":"Infernal ashes","id":25778,"quantity":1,"price":4022},{"name":"Lava battlestaff","id":3053,"quantity":1,"price":9151}],"date":"Jan 2, 2023, 11:12:36 PM"}
{"name":"Cerberus","level":318,"killCount":371,"type":"NPC","drops":[{"name":"Infernal ashes","id":25778,"quantity":1,"price":4022},{"name":"Ensouled hellhound head","id":26996,"quantity":1,"price":4049},{"name":"Runite bolts (unf)","id":9381,"quantity":40,"price":308}],"date":"Jan 2, 2023, 11:13:46 PM"}
{"name":"Cerberus","level":318,"killCount":372,"type":"NPC","drops":[{"name":"Infernal ashes","id":25778,"quantity":1,"price":4022},{"name":"Soul rune","id":566,"quantity":100,"price":238}],"date":"Jan 2, 2023, 11:15:00 PM"}
{"name":"Cerberus","level":318,"killCount":373,"type":"NPC","drops":[{"name":"Infernal ashes","id":25778,"quantity":1,"price":4022},{"name":"Rune chainbody","id":1113,"quantity":1,"price":29206}],"date":"Jan 2, 2023, 11:16:12 PM"}
{"name":"Cerberus","level":318,"killCount":374,"type":"NPC","drops":[{"name":"Infernal ashes","id":25778,"quantity":1,"price":3931},{"name":"Super restore(4)","id":3024,"quantity":1,"price":10809},{"name":"Super restore(4)","id":3024,"quantity":1,"price":10809}],"date":"Jan 2, 2023, 11:17:44 PM"}
{"name":"Cerberus","level":318,"killCount":375,"type":"NPC","drops":[{"name":"Infernal ashes","id":25778,"quantity":1,"price":3931},{"name":"Uncut diamond","id":1618,"quantity":5,"price":2855}],"date":"Jan 2, 2023, 11:20:57 PM"}
{"name":"Cerberus","level":318,"killCount":376,"type":"NPC","drops":[{"name":"Infernal ashes","id":25778,"quantity":1,"price":3931},{"name":"Unholy symbol","id":1724,"quantity":1,"price":369}],"date":"Jan 2, 2023, 11:22:26 PM"}
{"name":"Cerberus","level":318,"killCount":377,"type":"NPC","drops":[{"name":"Infernal ashes","id":25778,"quantity":1,"price":3931},{"name":"Runite ore","id":452,"quantity":5,"price":11203}],"date":"Jan 2, 2023, 11:23:39 PM"}
{"name":"Cerberus","level":318,"killCount":378,"type":"NPC","drops":[{"name":"Infernal ashes","id":25778,"quantity":1,"price":3931},{"name":"Death rune","id":560,"quantity":100,"price":153}],"date":"Jan 2, 2023, 11:24:56 PM"}
{"name":"Cerberus","level":318,"killCount":379,"type":"NPC","drops":[{"name":"Infernal ashes","id":25778,"quantity":1,"price":3931},{"name":"Super restore(4)","id":3024,"quantity":1,"price":10809},{"name":"Super restore(4)","id":3024,"quantity":1,"price":10809}],"date":"Jan 2, 2023, 11:26:07 PM"}
{"name":"Cerberus","level":318,"killCount":380,"type":"NPC","drops":[{"name":"Infernal ashes","id":25778,"quantity":1,"price":3931},{"name":"Rune 2h sword","id":1319,"quantity":1,"price":37836}],"date":"Jan 2, 2023, 11:27:30 PM"}
{"name":"Cerberus","level":318,"killCount":381,"type":"NPC","drops":[{"name":"Infernal ashes","id":25778,"quantity":1,"price":3931},{"name":"Rune platebody","id":1127,"quantity":1,"price":38387}],"date":"Jan 2, 2023, 11:30:31 PM"}
{"name":"Cerberus","level":318,"killCount":382,"type":"NPC","drops":[{"name":"Infernal ashes","id":25778,"quantity":1,"price":3931},{"name":"Fire orb","id":570,"quantity":20,"price":1158}],"date":"Jan 2, 2023, 11:31:45 PM"}
{"name":"Cerberus","level":318,"killCount":383,"type":"NPC","drops":[{"name":"Infernal ashes","id":25778,"quantity":1,"price":3931},{"name":"Rune platebody","id":1127,"quantity":1,"price":38387}],"date":"Jan 2, 2023, 11:33:24 PM"}
{"name":"Cerberus","level":318,"killCount":384,"type":"NPC","drops":[{"name":"Infernal ashes","id":25778,"quantity":1,"price":3931},{"name":"Lava battlestaff","id":3053,"quantity":1,"price":9236}],"date":"Jan 2, 2023, 11:34:37 PM"}
{"name":"Cerberus","level":318,"killCount":385,"type":"NPC","drops":[{"name":"Infernal ashes","id":25778,"quantity":1,"price":3931},{"name":"Ensouled hellhound head","id":26996,"quantity":1,"price":3885},{"name":"Death rune","id":560,"quantity":100,"price":153}],"date":"Jan 2, 2023, 11:37:35 PM"}
{"name":"Cerberus","level":318,"killCount":386,"type":"NPC","drops":[{"name":"Infernal ashes","id":25778,"quantity":1,"price":3931},{"name":"Ensouled hellhound head","id":26996,"quantity":1,"price":3885},{"name":"Rune chainbody","id":1113,"quantity":1,"price":29338}],"date":"Jan 2, 2023, 11:38:54 PM"}
{"name":"Cerberus","level":318,"killCount":387,"type":"NPC","drops":[{"name":"Infernal ashes","id":25778,"quantity":1,"price":3931},{"name":"Torstol seed","id":5304,"quantity":3,"price":15087}],"date":"Jan 2, 2023, 11:40:21 PM"}
{"name":"Cerberus","level":318,"killCount":388,"type":"NPC","drops":[{"name":"Infernal ashes","id":25778,"quantity":1,"price":3931},{"name":"Unholy symbol","id":1724,"quantity":1,"price":369}],"date":"Jan 2, 2023, 11:41:27 PM"}
{"name":"Cerberus","level":318,"killCount":389,"type":"NPC","drops":[{"name":"Infernal ashes","id":25778,"quantity":1,"price":3931},{"name":"Coins","id":995,"quantity":12354,"price":1}],"date":"Jan 2, 2023, 11:42:46 PM"}
{"name":"Cerberus","level":318,"killCount":390,"type":"NPC","drops":[{"name":"Infernal ashes","id":25778,"quantity":1,"price":3931},{"name":"Unholy symbol","id":1724,"quantity":1,"price":369}],"date":"Jan 2, 2023, 11:45:36 PM"}
{"name":"Cerberus","level":318,"killCount":391,"type":"NPC","drops":[{"name":"Infernal ashes","id":25778,"quantity":1,"price":3931},{"name":"Dragon bones","id":537,"quantity":20,"price":2205}],"date":"Jan 2, 2023, 11:46:50 PM"}
{"name":"Cerberus","level":318,"killCount":392,"type":"NPC","drops":[{"name":"Infernal ashes","id":25778,"quantity":1,"price":3931},{"name":"Blood rune","id":565,"quantity":60,"price":214}],"date":"Jan 2, 2023, 11:48:06 PM"}
{"name":"Cerberus","level":318,"killCount":393,"type":"NPC","drops":[{"name":"Infernal ashes","id":25778,"quantity":1,"price":3931},{"name":"Battlestaff","id":1392,"quantity":6,"price":8028}],"date":"Jan 2, 2023, 11:49:18 PM"}
{"name":"Cerberus","level":318,"killCount":394,"type":"NPC","drops":[{"name":"Infernal ashes","id":25778,"quantity":1,"price":3931},{"name":"Lava battlestaff","id":3053,"quantity":1,"price":9236}],"date":"Jan 2, 2023, 11:50:50 PM"}
{"name":"Cerberus","level":318,"killCount":395,"type":"NPC","drops":[{"name":"Infernal ashes","id":25778,"quantity":1,"price":3931},{"name":"Rune full helm","id":1163,"quantity":1,"price":20492}],"date":"Jan 2, 2023, 11:53:44 PM"}
{"name":"Cerberus","level":318,"killCount":396,"type":"NPC","drops":[{"name":"Infernal ashes","id":25778,"quantity":1,"price":3931},{"name":"Runite ore","id":452,"quantity":5,"price":11203}],"date":"Jan 2, 2023, 11:54:56 PM"}
{"name":"Cerberus","level":318,"killCount":397,"type":"NPC","drops":[{"name":"Infernal ashes","id":25778,"quantity":1,"price":3931},{"name":"Black d\u0027hide body","id":2503,"quantity":1,"price":7131}],"date":"Jan 2, 2023, 11:56:16 PM"}
{"name":"Cerberus","level":318,"killCount":398,"type":"NPC","drops":[{"name":"Infernal ashes","id":25778,"quantity":1,"price":3931},{"name":"Primordial crystal","id":13231,"quantity":1,"price":27442608}],"date":"Jan 2, 2023, 11:57:28 PM"}
{"name":"Cerberus","level":318,"killCount":399,"type":"NPC","drops":[{"name":"Infernal ashes","id":25778,"quantity":1,"price":3931},{"name":"Unholy symbol","id":1724,"quantity":1,"price":369}],"date":"Jan 2, 2023, 11:58:37 PM"}
{"name":"Cerberus","level":318,"killCount":400,"type":"NPC","drops":[{"name":"Infernal ashes","id":25778,"quantity":1,"price":3931},{"name":"Grimy torstol","id":220,"quantity":6,"price":4525}],"date":"Jan 2, 2023, 11:59:38 PM"}
{"name":"Cerberus","level":318,"killCount":401,"type":"NPC","drops":[{"name":"Infernal ashes","id":25778,"quantity":1,"price":3931},{"name":"Blood rune","id":565,"quantity":60,"price":214}],"date":"Jan 3, 2023, 12:03:52 AM"}
{"name":"Cerberus","level":318,"killCount":402,"type":"NPC","drops":[{"name":"Infernal ashes","id":25778,"quantity":1,"price":3931},{"name":"Battlestaff","id":1392,"quantity":6,"price":8028}],"date":"Jan 3, 2023, 12:05:29 AM"}
{"name":"Cerberus","level":318,"killCount":403,"type":"NPC","drops":[{"name":"Infernal ashes","id":25778,"quantity":1,"price":3931},{"name":"Rune full helm","id":1163,"quantity":1,"price":20492}],"date":"Jan 3, 2023, 12:06:48 AM"}
{"name":"Cerberus","level":318,"killCount":404,"type":"NPC","drops":[{"name":"Infernal ashes","id":25778,"quantity":1,"price":3931},{"name":"Summer pie","id":7218,"quantity":1,"price":836},{"name":"Summer pie","id":7218,"quantity":1,"price":836},{"name":"Summer pie","id":7218,"quantity":1,"price":836}],"date":"Jan 3, 2023, 12:08:18 AM"}
