{"name":"Chaos Fanatic","level":202,"killCount":8,"type":"NPC","drops":[{"name":"Bones","id":526,"quantity":1,"price":77},{"name":"Ring of life","id":2570,"quantity":1,"price":1820}],"date":"Dec 23, 2022, 1:38:02 PM"}
{"name":"Chaos Fanatic","level":202,"killCount":9,"type":"NPC","drops":[{"name":"Bones","id":526,"quantity":1,"price":77},{"name":"Battlestaff","id":1392,"quantity":5,"price":7978}],"date":"Dec 23, 2022, 1:40:20 PM"}
{"name":"Chaos Fanatic","level":202,"killCount":10,"type":"NPC","drops":[{"name":"Bones","id":526,"quantity":1,"price":77},{"name":"Fire rune","id":554,"quantity":250,"price":6}],"date":"Dec 23, 2022, 1:42:26 PM"}
{"name":"Chaos Fanatic","level":202,"killCount":11,"type":"NPC","drops":[{"name":"Bones","id":526,"quantity":1,"price":77},{"name":"Monkfish","id":7946,"quantity":1,"price":334},{"name":"Monkfish","id":7946,"quantity":1,"price":334},{"name":"Monkfish","id":7946,"quantity":1,"price":334}],"date":"Dec 23, 2022, 1:44:13 PM"}
{"name":"Chaos Fanatic","level":202,"killCount":12,"type":"NPC","drops":[{"name":"Bones","id":526,"quantity":1,"price":77},{"name":"Chaos talisman","id":1452,"quantity":1,"price":162}],"date":"Dec 23, 2022, 1:45:49 PM"}
{"name":"Chaos Fanatic","level":202,"killCount":13,"type":"NPC","drops":[{"name":"Bones","id":526,"quantity":1,"price":77},{"name":"Shark","id":385,"quantity":1,"price":739}],"date":"Dec 23, 2022, 1:47:50 PM"}
{"name":"Chaos Fanatic","level":202,"killCount":14,"type":"NPC","drops":[{"name":"Bones","id":526,"quantity":1,"price":77},{"name":"Coins","id":995,"quantity":1297,"price":1}],"date":"Dec 23, 2022, 1:49:11 PM"}
{"name":"Chaos Fanatic","level":202,"killCount":15,"type":"NPC","drops":[{"name":"Bones","id":526,"quantity":1,"price":77},{"name":"Chaos talisman","id":1452,"quantity":1,"price":162}],"date":"Dec 23, 2022, 1:50:47 PM"}
{"name":"Chaos Fanatic","level":202,"killCount":16,"type":"NPC","drops":[{"name":"Bones","id":526,"quantity":1,"price":77},{"name":"Coins","id":995,"quantity":3595,"price":1}],"date":"Dec 23, 2022, 1:52:43 PM"}
{"name":"Chaos Fanatic","level":202,"killCount":17,"type":"NPC","drops":[{"name":"Bones","id":526,"quantity":1,"price":77},{"name":"Splitbark body","id":3387,"quantity":1,"price":26885}],"date":"Dec 23, 2022, 1:54:41 PM"}
{"name":"Chaos Fanatic","level":202,"killCount":18,"type":"NPC","drops":[{"name":"Bones","id":526,"quantity":1,"price":70},{"name":"Coins","id":995,"quantity":2131,"price":1}],"date":"Feb 14, 2023, 11:15:08 PM"}
{"name":"Chaos Fanatic","level":202,"killCount":19,"type":"NPC","drops":[{"name":"Bones","id":526,"quantity":1,"price":70},{"name":"Battlestaff","id":1392,"quantity":5,"price":8148}],"date":"Feb 14, 2023, 11:16:27 PM"}
{"name":"Chaos Fanatic","level":202,"killCount":20,"type":"NPC","drops":[{"name":"Bones","id":526,"quantity":1,"price":70},{"name":"Coins","id":995,"quantity":1427,"price":1}],"date":"Feb 14, 2023, 11:17:53 PM"}
{"name":"Chaos Fanatic","level":202,"killCount":21,"type":"NPC","drops":[{"name":"Bones","id":526,"quantity":1,"price":58},{"name":"Prayer potion(4)","id":2434,"quantity":1,"price":8410}],"date":"May 23, 2023, 10:41:21 PM"}
{"name":"Chaos Fanatic","level":202,"killCount":22,"type":"NPC","drops":[{"name":"Bones","id":526,"quantity":1,"price":58},{"name":"Coins","id":995,"quantity":3236,"price":1}],"date":"May 23, 2023, 10:43:00 PM"}
{"name":"Chaos Fanatic","level":202,"killCount":23,"type":"NPC","drops":[{"name":"Bones","id":526,"quantity":1,"price":58},{"name":"Prayer potion(4)","id":2434,"quantity":1,"price":8410}],"date":"May 23, 2023, 10:44:35 PM"}
{"name":"Chaos Fanatic","level":202,"killCount":24,"type":"NPC","drops":[{"name":"Bones","id":526,"quantity":1,"price":58},{"name":"Sinister key","id":993,"quantity":1,"price":24571}],"date":"May 23, 2023, 10:46:07 PM"}
{"name":"Chaos Fanatic","level":202,"killCount":25,"type":"NPC","drops":[{"name":"Bones","id":526,"quantity":1,"price":58},{"name":"Monkfish","id":7946,"quantity":1,"price":407},{"name":"Monkfish","id":7946,"quantity":1,"price":407},{"name":"Monkfish","id":7946,"quantity":1,"price":407}],"date":"May 23, 2023, 10:47:18 PM"}
{"name":"Chaos Fanatic","level":202,"killCount":63,"type":"NPC","drops":[{"name":"Bones","id":526,"quantity":1,"price":174},{"name":"Uncut emerald","id":1621,"quantity":1,"price":409}],"date":"Jun 11, 2024, 10:25:58 PM"}
{"name":"Chaos Fanatic","level":202,"killCount":64,"type":"NPC","drops":[{"name":"Bones","id":526,"quantity":1,"price":174},{"name":"Wine of zamorak","id":246,"quantity":10,"price":858}],"date":"Jun 11, 2024, 10:27:12 PM"}
{"name":"Chaos Fanatic","level":202,"killCount":65,"type":"NPC","drops":[{"name":"Bones","id":526,"quantity":1,"price":174},{"name":"Anchovy pizza","id":2298,"quantity":8,"price":753}],"date":"Jun 11, 2024, 10:27:49 PM"}
{"name":"Chaos Fanatic","level":202,"killCount":66,"type":"NPC","drops":[{"name":"Bones","id":526,"quantity":1,"price":174},{"name":"Ring of life","id":2570,"quantity":1,"price":1976}],"date":"Jun 11, 2024, 10:28:32 PM"}
{"name":"Chaos Fanatic","level":202,"killCount":67,"type":"NPC","drops":[{"name":"Bones","id":526,"quantity":1,"price":174},{"name":"Ring of life","id":2570,"quantity":1,"price":1976}],"date":"Jun 11, 2024, 10:29:29 PM"}
{"name":"Chaos Fanatic","level":202,"killCount":68,"type":"NPC","drops":[{"name":"Bones","id":526,"quantity":1,"price":174},{"name":"Splitbark legs","id":3389,"quantity":1,"price":24811}],"date":"Jun 11, 2024, 10:30:40 PM"}
{"name":"Chaos Fanatic","level":202,"killCount":69,"type":"NPC","drops":[{"name":"Bones","id":526,"quantity":1,"price":174},{"name":"Splitbark legs","id":3389,"quantity":1,"price":24811}],"date":"Jun 11, 2024, 10:31:39 PM"}
{"name":"Chaos Fanatic","level":202,"killCount":70,"type":"NPC","drops":[{"name":"Bones","id":526,"quantity":1,"price":174},{"name":"Chaos rune","id":562,"quantity":175,"price":76}],"date":"Jun 11, 2024, 10:32:41 PM"}
{"name":"Chaos Fanatic","level":202,"killCount":71,"type":"NPC","drops":[{"name":"Bones","id":526,"quantity":1,"price":174},{"name":"Blood rune","id":565,"quantity":50,"price":203}],"date":"Jun 11, 2024, 10:34:13 PM"}
{"name":"Chaos Fanatic","level":202,"killCount":72,"type":"NPC","drops":[{"name":"Bones","id":526,"quantity":1,"price":174}],"date":"Jun 11, 2024, 10:36:48 PM"}
{"name":"Chaos Fanatic","level":202,"killCount":73,"type":"NPC","drops":[{"name":"Bones","id":526,"quantity":1,"price":174},{"name":"Monkfish","id":7946,"quantity":1,"price":469},{"name":"Monkfish","id":7946,"quantity":1,"price":469},{"name":"Monkfish","id":7946,"quantity":1,"price":469}],"date":"Jun 11, 2024, 10:37:47 PM"}
{"name":"Chaos Fanatic","level":202,"killCount":74,"type":"NPC","drops":[{"name":"Bones","id":526,"quantity":1,"price":174},{"name":"Wine of zamorak","id":246,"quantity":10,"price":858}],"date":"Jun 11, 2024, 10:39:01 PM"}
{"name":"Chaos Fanatic","level":202,"killCount":75,"type":"NPC","drops":[{"name":"Bones","id":526,"quantity":1,"price":174},{"name":"Wine of zamorak","id":246,"quantity":10,"price":858}],"date":"Jun 11, 2024, 10:39:50 PM"}
{"name":"Chaos Fanatic","level":202,"killCount":76,"type":"NPC","drops":[{"name":"Bones","id":526,"quantity":1,"price":174},{"name":"Coins","id":995,"quantity":916,"price":1}],"date":"Jun 11, 2024, 10:40:46 PM"}
{"name":"Chaos Fanatic","level":202,"killCount":77,"type":"NPC","drops":[{"name":"Bones","id":526,"quantity":1,"price":174},{"name":"Fire rune","id":554,"quantity":250,"price":4}],"date":"Jun 11, 2024, 10:45:35 PM"}
{"name":"Chaos Fanatic","level":202,"killCount":78,"type":"NPC","drops":[{"name":"Bones","id":526,"quantity":1,"price":174},{"name":"Grimy lantadyme","id":2486,"quantity":4,"price":1349}],"date":"Jun 11, 2024, 10:46:16 PM"}
{"name":"Chaos Fanatic","level":202,"killCount":79,"type":"NPC","drops":[{"name":"Bones","id":526,"quantity":1,"price":174},{"name":"Anchovy pizza","id":2298,"quantity":8,"price":753}],"date":"Jun 11, 2024, 10:47:07 PM"}
{"name":"Chaos Fanatic","level":202,"killCount":80,"type":"NPC","drops":[{"name":"Bones","id":526,"quantity":1,"price":174},{"name":"Uncut emerald","id":1622,"quantity":6,"price":409},{"name":"Uncut sapphire","id":1624,"quantity":4,"price":215}],"date":"Jun 11, 2024, 10:48:15 PM"}
{"name":"Chaos Fanatic","level":202,"killCount":81,"type":"NPC","drops":[{"name":"Bones","id":526,"quantity":1,"price":174},{"name":"Shark","id":385,"quantity":1,"price":982}],"date":"Jun 11, 2024, 10:49:10 PM"}
{"name":"Chaos Fanatic","level":202,"killCount":82,"type":"NPC","drops":[{"name":"Bones","id":526,"quantity":1,"price":174},{"name":"Coins","id":995,"quantity":2604,"price":1}],"date":"Jun 11, 2024, 10:50:02 PM"}
{"name":"Chaos Fanatic","level":202,"killCount":83,"type":"NPC","drops":[{"name":"Bones","id":526,"quantity":1,"price":174},{"name":"Anchovy pizza","id":2298,"quantity":8,"price":753}],"date":"Jun 11, 2024, 10:50:53 PM"}
{"name":"Chaos Fanatic","level":202,"killCount":84,"type":"NPC","drops":[{"name":"Bones","id":526,"quantity":1,"price":174},{"name":"Loop half of key","id":987,"quantity":1,"price":9339}],"date":"Jun 11, 2024, 10:51:40 PM"}
{"name":"Chaos Fanatic","level":202,"killCount":85,"type":"NPC","drops":[{"name":"Bones","id":526,"quantity":1,"price":174},{"name":"Anchovy pizza","id":2298,"quantity":8,"price":753}],"date":"Jun 11, 2024, 10:52:53 PM"}
{"name":"Chaos Fanatic","level":202,"killCount":86,"type":"NPC","drops":[{"name":"Bones","id":526,"quantity":1,"price":174},{"name":"Coins","id":995,"quantity":3462,"price":1}],"date":"Jun 11, 2024, 10:54:10 PM"}
{"name":"Chaos Fanatic","level":202,"killCount":87,"type":"NPC","drops":[{"name":"Bones","id":526,"quantity":1,"price":174}],"date":"Jun 11, 2024, 10:55:09 PM"}
{"name":"Chaos Fanatic","level":202,"killCount":88,"type":"NPC","drops":[{"name":"Bones","id":526,"quantity":1,"price":174},{"name":"Splitbark body","id":3387,"quantity":1,"price":34151}],"date":"Jun 11, 2024, 10:56:16 PM"}
{"name":"Chaos Fanatic","level":202,"killCount":89,"type":"NPC","drops":[{"name":"Bones","id":526,"quantity":1,"price":174},{"name":"Coins","id":995,"quantity":1676,"price":1}],"date":"Jun 11, 2024, 10:57:13 PM"}
{"name":"Chaos Fanatic","level":202,"killCount":90,"type":"NPC","drops":[{"name":"Bones","id":526,"quantity":1,"price":174},{"name":"Zamorak monk bottom","id":1033,"quantity":1,"price":5829},{"name":"Zamorak monk top","id":1035,"quantity":1,"price":1303}],"date":"Jun 11, 2024, 10:58:30 PM"}
{"name":"Chaos Fanatic","level":202,"killCount":91,"type":"NPC","drops":[{"name":"Bones","id":526,"quantity":1,"price":174},{"name":"Coins","id":995,"quantity":1145,"price":1}],"date":"Jun 11, 2024, 10:59:33 PM"}
{"name":"Chaos Fanatic","level":202,"killCount":92,"type":"NPC","drops":[{"name":"Bones","id":526,"quantity":1,"price":174},{"name":"Smoke rune","id":4697,"quantity":30,"price":34}],"date":"Jun 11, 2024, 11:00:10 PM"}
{"name":"Chaos Fanatic","level":202,"killCount":93,"type":"NPC","drops":[{"name":"Bones","id":526,"quantity":1,"price":174},{"name":"Anchovy pizza","id":2298,"quantity":8,"price":753}],"date":"Jun 11, 2024, 11:01:17 PM"}
{"name":"Chaos Fanatic","level":202,"killCount":94,"type":"NPC","drops":[{"name":"Bones","id":526,"quantity":1,"price":174},{"name":"Coins","id":995,"quantity":2554,"price":1}],"date":"Jun 11, 2024, 11:02:28 PM"}
{"name":"Chaos Fanatic","level":202,"killCount":95,"type":"NPC","drops":[{"name":"Bones","id":526,"quantity":1,"price":174},{"name":"Blood rune","id":565,"quantity":50,"price":203}],"date":"Jun 11, 2024, 11:03:27 PM"}
{"name":"Chaos Fanatic","level":202,"killCount":96,"type":"NPC","drops":[{"name":"Bones","id":526,"quantity":1,"price":174},{"name":"Shark","id":385,"quantity":1,"price":982}],"date":"Jun 11, 2024, 11:04:39 PM"}
{"name":"Chaos Fanatic","level":202,"killCount":97,"type":"NPC","drops":[{"name":"Bones","id":526,"quantity":1,"price":174},{"name":"Uncut ruby","id":1619,"quantity":1,"price":848}],"date":"Jun 11, 2024, 11:05:40 PM"}
{"name":"Chaos Fanatic","level":202,"killCount":98,"type":"NPC","drops":[{"name":"Bones","id":526,"quantity":1,"price":174},{"name":"Blood rune","id":565,"quantity":50,"price":203}],"date":"Jun 11, 2024, 11:06:21 PM"}
{"name":"Chaos Fanatic","level":202,"killCount":99,"type":"NPC","drops":[{"name":"Bones","id":526,"quantity":1,"price":174},{"name":"Grimy lantadyme","id":2486,"quantity":4,"price":1349}],"date":"Jun 11, 2024, 11:07:37 PM"}
{"name":"Chaos Fanatic","level":202,"killCount":100,"type":"NPC","drops":[{"name":"Bones","id":526,"quantity":1,"price":174},{"name":"Shark","id":385,"quantity":1,"price":982}],"date":"Jun 11, 2024, 11:08:30 PM"}
{"name":"Chaos Fanatic","level":202,"killCount":151,"type":"NPC","drops":[{"name":"Bones","id":526,"quantity":1,"price":169},{"name":"Wine of zamorak","id":246,"quantity":10,"price":861}],"date":"Jun 12, 2024, 8:40:28 PM"}
{"name":"Chaos Fanatic","level":202,"killCount":152,"type":"NPC","drops":[{"name":"Bones","id":526,"quantity":1,"price":169},{"name":"Shark","id":385,"quantity":1,"price":951}],"date":"Jun 12, 2024, 8:41:32 PM"}
{"name":"Chaos Fanatic","level":202,"killCount":153,"type":"NPC","drops":[{"name":"Bones","id":526,"quantity":1,"price":169},{"name":"Splitbark body","id":3387,"quantity":1,"price":34035}],"date":"Jun 12, 2024, 8:42:41 PM"}
{"name":"Chaos Fanatic","level":202,"killCount":154,"type":"NPC","drops":[{"name":"Bones","id":526,"quantity":1,"price":169},{"name":"Coins","id":995,"quantity":3017,"price":1}],"date":"Jun 12, 2024, 8:43:30 PM"}
{"name":"Chaos Fanatic","level":202,"killCount":155,"type":"NPC","drops":[{"name":"Bones","id":526,"quantity":1,"price":169},{"name":"Wine of zamorak","id":246,"quantity":10,"price":861}],"date":"Jun 12, 2024, 8:44:17 PM"}
{"name":"Chaos Fanatic","level":202,"killCount":156,"type":"NPC","drops":[{"name":"Bones","id":526,"quantity":1,"price":169},{"name":"Prayer potion(4)","id":2434,"quantity":1,"price":10835}],"date":"Jun 12, 2024, 8:45:20 PM"}
{"name":"Chaos Fanatic","level":202,"killCount":157,"type":"NPC","drops":[{"name":"Bones","id":526,"quantity":1,"price":169},{"name":"Chaos rune","id":562,"quantity":175,"price":77}],"date":"Jun 12, 2024, 8:45:58 PM"}
{"name":"Chaos Fanatic","level":202,"killCount":158,"type":"NPC","drops":[{"name":"Bones","id":526,"quantity":1,"price":169},{"name":"Grimy lantadyme","id":2486,"quantity":4,"price":1381}],"date":"Jun 12, 2024, 8:46:37 PM"}
{"name":"Chaos Fanatic","level":202,"killCount":159,"type":"NPC","drops":[{"name":"Bones","id":526,"quantity":1,"price":169},{"name":"Zamorak monk bottom","id":1033,"quantity":1,"price":5937},{"name":"Zamorak monk top","id":1035,"quantity":1,"price":1337}],"date":"Jun 12, 2024, 8:47:49 PM"}
{"name":"Chaos Fanatic","level":202,"killCount":160,"type":"NPC","drops":[{"name":"Bones","id":526,"quantity":1,"price":169},{"name":"Uncut ruby","id":1619,"quantity":1,"price":850}],"date":"Jun 12, 2024, 8:48:31 PM"}
{"name":"Chaos Fanatic","level":202,"killCount":161,"type":"NPC","drops":[{"name":"Bones","id":526,"quantity":1,"price":169},{"name":"Uncut emerald","id":1622,"quantity":6,"price":411},{"name":"Uncut sapphire","id":1624,"quantity":4,"price":214}],"date":"Jun 12, 2024, 8:49:32 PM"}
{"name":"Chaos Fanatic","level":202,"killCount":162,"type":"NPC","drops":[{"name":"Bones","id":526,"quantity":1,"price":169},{"name":"Chaos talisman","id":1452,"quantity":1,"price":64}],"date":"Jun 12, 2024, 8:50:29 PM"}
{"name":"Chaos Fanatic","level":202,"killCount":163,"type":"NPC","drops":[{"name":"Bones","id":526,"quantity":1,"price":169},{"name":"Sinister key","id":993,"quantity":1,"price":32930}],"date":"Jun 12, 2024, 8:51:47 PM"}
{"name":"Chaos Fanatic","level":202,"killCount":164,"type":"NPC","drops":[{"name":"Bones","id":526,"quantity":1,"price":169},{"name":"Prayer potion(4)","id":2434,"quantity":1,"price":10835}],"date":"Jun 12, 2024, 8:52:25 PM"}
{"name":"Chaos Fanatic","level":202,"killCount":165,"type":"NPC","drops":[{"name":"Bones","id":526,"quantity":1,"price":169},{"name":"Uncut emerald","id":1622,"quantity":6,"price":411},{"name":"Uncut sapphire","id":1624,"quantity":4,"price":214}],"date":"Jun 12, 2024, 8:53:38 PM"}
{"name":"Chaos Fanatic","level":202,"killCount":166,"type":"NPC","drops":[{"name":"Bones","id":526,"quantity":1,"price":169},{"name":"Rune spear","id":1247,"quantity":1,"price":11776}],"date":"Jun 12, 2024, 8:54:38 PM"}
{"name":"Chaos Fanatic","level":202,"killCount":167,"type":"NPC","drops":[{"name":"Bones","id":526,"quantity":1,"price":169},{"name":"Coins","id":995,"quantity":797,"price":1}],"date":"Jun 12, 2024, 8:55:41 PM"}
{"name":"Chaos Fanatic","level":202,"killCount":168,"type":"NPC","drops":[{"name":"Bones","id":526,"quantity":1,"price":169},{"name":"Chaos rune","id":562,"quantity":175,"price":77}],"date":"Jun 12, 2024, 8:57:05 PM"}
{"name":"Chaos Fanatic","level":202,"killCount":169,"type":"NPC","drops":[{"name":"Bones","id":526,"quantity":1,"price":169},{"name":"Grimy lantadyme","id":2486,"quantity":4,"price":1381}],"date":"Jun 12, 2024, 8:57:57 PM"}
{"name":"Chaos Fanatic","level":202,"killCount":170,"type":"NPC","drops":[{"name":"Bones","id":526,"quantity":1,"price":169},{"name":"Wine of zamorak","id":246,"quantity":10,"price":861}],"date":"Jun 12, 2024, 8:58:53 PM"}
{"name":"Chaos Fanatic","level":202,"killCount":171,"type":"NPC","drops":[{"name":"Bones","id":526,"quantity":1,"price":169},{"name":"Coins","id":995,"quantity":2522,"price":1}],"date":"Jun 12, 2024, 8:59:59 PM"}
{"name":"Chaos Fanatic","level":202,"killCount":172,"type":"NPC","drops":[{"name":"Bones","id":526,"quantity":1,"price":169},{"name":"Shark","id":385,"quantity":1,"price":951}],"date":"Jun 12, 2024, 9:01:24 PM"}
{"name":"Chaos Fanatic","level":202,"killCount":173,"type":"NPC","drops":[{"name":"Bones","id":526,"quantity":1,"price":169},{"name":"Grimy lantadyme","id":2486,"quantity":4,"price":1381}],"date":"Jun 12, 2024, 9:02:15 PM"}
{"name":"Chaos Fanatic","level":202,"killCount":174,"type":"NPC","drops":[{"name":"Bones","id":526,"quantity":1,"price":169},{"name":"Coins","id":995,"quantity":2554,"price":1}],"date":"Jun 12, 2024, 9:03:34 PM"}
{"name":"Chaos Fanatic","level":202,"killCount":175,"type":"NPC","drops":[{"name":"Bones","id":526,"quantity":1,"price":169},{"name":"Coins","id":995,"quantity":1993,"price":1}],"date":"Jun 12, 2024, 9:04:16 PM"}
{"name":"Chaos Fanatic","level":202,"killCount":176,"type":"NPC","drops":[{"name":"Bones","id":526,"quantity":1,"price":169},{"name":"Battlestaff","id":1392,"quantity":5,"price":8029}],"date":"Jun 12, 2024, 9:05:21 PM"}
{"name":"Chaos Fanatic","level":202,"killCount":177,"type":"NPC","drops":[{"name":"Bones","id":526,"quantity":1,"price":169},{"name":"Ancient staff","id":4675,"quantity":1,"price":71204}],"date":"Jun 12, 2024, 9:06:05 PM"}
{"name":"Chaos Fanatic","level":202,"killCount":178,"type":"NPC","drops":[{"name":"Bones","id":526,"quantity":1,"price":169},{"name":"Sinister key","id":993,"quantity":1,"price":32930}],"date":"Jun 12, 2024, 9:06:49 PM"}
{"name":"Chaos Fanatic","level":202,"killCount":179,"type":"NPC","drops":[{"name":"Bones","id":526,"quantity":1,"price":169},{"name":"Coins","id":995,"quantity":2366,"price":1}],"date":"Jun 12, 2024, 9:07:52 PM"}
{"name":"Chaos Fanatic","level":202,"killCount":180,"type":"NPC","drops":[{"name":"Bones","id":526,"quantity":1,"price":169},{"name":"Coins","id":995,"quantity":3364,"price":1}],"date":"Jun 12, 2024, 9:08:40 PM"}
{"name":"Chaos Fanatic","level":202,"killCount":181,"type":"NPC","drops":[{"name":"Bones","id":526,"quantity":1,"price":169},{"name":"Grimy lantadyme","id":2486,"quantity":4,"price":1381}],"date":"Jun 12, 2024, 9:09:27 PM"}
{"name":"Chaos Fanatic","level":202,"killCount":182,"type":"NPC","drops":[{"name":"Bones","id":526,"quantity":1,"price":169},{"name":"Grimy lantadyme","id":2486,"quantity":4,"price":1381}],"date":"Jun 12, 2024, 9:10:21 PM"}
{"name":"Chaos Fanatic","level":202,"killCount":183,"type":"NPC","drops":[{"name":"Bones","id":526,"quantity":1,"price":169},{"name":"Blood rune","id":565,"quantity":50,"price":202}],"date":"Jun 12, 2024, 9:11:13 PM"}
{"name":"Chaos Fanatic","level":202,"killCount":184,"type":"NPC","drops":[{"name":"Bones","id":526,"quantity":1,"price":169},{"name":"Smoke rune","id":4697,"quantity":30,"price":34}],"date":"Jun 12, 2024, 9:11:57 PM"}
{"name":"Chaos Fanatic","level":202,"killCount":185,"type":"NPC","drops":[{"name":"Bones","id":526,"quantity":1,"price":169},{"name":"Splitbark body","id":3387,"quantity":1,"price":34035}],"date":"Jun 12, 2024, 9:12:48 PM"}
{"name":"Chaos Fanatic","level":202,"killCount":186,"type":"NPC","drops":[{"name":"Bones","id":526,"quantity":1,"price":169},{"name":"Fire rune","id":554,"quantity":250,"price":4}],"date":"Jun 12, 2024, 9:13:37 PM"}
{"name":"Chaos Fanatic","level":202,"killCount":187,"type":"NPC","drops":[{"name":"Bones","id":526,"quantity":1,"price":169},{"name":"Fire rune","id":554,"quantity":250,"price":4}],"date":"Jun 12, 2024, 9:14:49 PM"}
{"name":"Chaos Fanatic","level":202,"killCount":188,"type":"NPC","drops":[{"name":"Bones","id":526,"quantity":1,"price":169},{"name":"Coins","id":995,"quantity":3894,"price":1}],"date":"Jun 12, 2024, 9:22:43 PM"}
{"name":"Chaos Fanatic","level":202,"killCount":189,"type":"NPC","drops":[{"name":"Bones","id":526,"quantity":1,"price":169},{"name":"Battlestaff","id":1392,"quantity":5,"price":8029}],"date":"Jun 12, 2024, 9:23:27 PM"}
{"name":"Chaos Fanatic","level":202,"killCount":190,"type":"NPC","drops":[{"name":"Bones","id":526,"quantity":1,"price":169},{"name":"Ring of life","id":2570,"quantity":1,"price":1976}],"date":"Jun 12, 2024, 9:24:07 PM"}
{"name":"Chaos Fanatic","level":202,"killCount":191,"type":"NPC","drops":[{"name":"Bones","id":526,"quantity":1,"price":169},{"name":"Splitbark legs","id":3389,"quantity":1,"price":24365}],"date":"Jun 12, 2024, 9:25:06 PM"}
{"name":"Chaos Fanatic","level":202,"killCount":192,"type":"NPC","drops":[{"name":"Bones","id":526,"quantity":1,"price":169},{"name":"Grimy lantadyme","id":2486,"quantity":4,"price":1381}],"date":"Jun 12, 2024, 9:26:02 PM"}
{"name":"Chaos Fanatic","level":202,"killCount":193,"type":"NPC","drops":[{"name":"Bones","id":526,"quantity":1,"price":169},{"name":"Grimy lantadyme","id":2486,"quantity":4,"price":1381}],"date":"Jun 12, 2024, 9:27:02 PM"}
{"name":"Chaos Fanatic","level":202,"killCount":194,"type":"NPC","drops":[{"name":"Bones","id":526,"quantity":1,"price":169},{"name":"Coins","id":995,"quantity":3566,"price":1}],"date":"Jun 12, 2024, 9:28:00 PM"}
{"name":"Chaos Fanatic","level":202,"killCount":195,"type":"NPC","drops":[{"name":"Bones","id":526,"quantity":1,"price":169},{"name":"Wine of zamorak","id":246,"quantity":10,"price":861}],"date":"Jun 12, 2024, 9:28:48 PM"}
{"name":"Chaos Fanatic","level":202,"killCount":196,"type":"NPC","drops":[{"name":"Bones","id":526,"quantity":1,"price":169},{"name":"Uncut emerald","id":1622,"quantity":6,"price":411},{"name":"Uncut sapphire","id":1624,"quantity":4,"price":214}],"date":"Jun 12, 2024, 9:29:59 PM"}
{"name":"Chaos Fanatic","level":202,"killCount":197,"type":"NPC","drops":[{"name":"Bones","id":526,"quantity":1,"price":169}],"date":"Jun 12, 2024, 9:30:44 PM"}
{"name":"Chaos Fanatic","level":202,"killCount":198,"type":"NPC","drops":[{"name":"Bones","id":526,"quantity":1,"price":169},{"name":"Smoke rune","id":4697,"quantity":30,"price":34}],"date":"Jun 12, 2024, 9:31:30 PM"}
{"name":"Chaos Fanatic","level":202,"killCount":199,"type":"NPC","drops":[{"name":"Bones","id":526,"quantity":1,"price":169},{"name":"Chaos talisman","id":1452,"quantity":1,"price":64}],"date":"Jun 12, 2024, 9:32:38 PM"}
{"name":"Chaos Fanatic","level":202,"killCount":200,"type":"NPC","drops":[{"name":"Bones","id":526,"quantity":1,"price":169},{"name":"Wine of zamorak","id":246,"quantity":10,"price":861}],"date":"Jun 12, 2024, 9:33:26 PM"}
{"name":"Chaos Fanatic","level":202,"killCount":201,"type":"NPC","drops":[{"name":"Bones","id":526,"quantity":1,"price":169},{"name":"Clue scroll (hard)","id":3570,"quantity":1,"price":0},{"name":"Smoke rune","id":4697,"quantity":30,"price":34}],"date":"Jun 12, 2024, 9:34:33 PM"}
{"name":"Chaos Fanatic","level":202,"killCount":202,"type":"NPC","drops":[{"name":"Bones","id":526,"quantity":1,"price":169},{"name":"Fire rune","id":554,"quantity":250,"price":4}],"date":"Jun 12, 2024, 9:35:24 PM"}
{"name":"Chaos Fanatic","level":202,"killCount":203,"type":"NPC","drops":[{"name":"Bones","id":526,"quantity":1,"price":169},{"name":"Uncut sapphire","id":1623,"quantity":1,"price":216}],"date":"Jun 13, 2024, 8:13:22 AM"}
{"name":"Chaos Fanatic","level":202,"killCount":204,"type":"NPC","drops":[{"name":"Bones","id":526,"quantity":1,"price":169},{"name":"Coins","id":995,"quantity":2134,"price":1}],"date":"Jun 13, 2024, 8:14:14 AM"}
{"name":"Chaos Fanatic","level":202,"killCount":205,"type":"NPC","drops":[{"name":"Bones","id":526,"quantity":1,"price":169},{"name":"Ring of life","id":2570,"quantity":1,"price":1986}],"date":"Jun 13, 2024, 8:15:02 AM"}
{"name":"Chaos Fanatic","level":202,"killCount":206,"type":"NPC","drops":[{"name":"Bones","id":526,"quantity":1,"price":169},{"name":"Ring of life","id":2570,"quantity":1,"price":1986}],"date":"Jun 13, 2024, 8:15:49 AM"}
{"name":"Chaos Fanatic","level":202,"killCount":207,"type":"NPC","drops":[{"name":"Bones","id":526,"quantity":1,"price":169},{"name":"Prayer potion(4)","id":2434,"quantity":1,"price":10789}],"date":"Jun 13, 2024, 8:16:40 AM"}
{"name":"Chaos Fanatic","level":202,"killCount":208,"type":"NPC","drops":[{"name":"Bones","id":526,"quantity":1,"price":169},{"name":"Splitbark legs","id":3389,"quantity":1,"price":24332}],"date":"Jun 13, 2024, 8:17:34 AM"}
{"name":"Chaos Fanatic","level":202,"killCount":209,"type":"NPC","drops":[{"name":"Bones","id":526,"quantity":1,"price":169},{"name":"Ring of life","id":2570,"quantity":1,"price":1986}],"date":"Jun 13, 2024, 8:18:16 AM"}
{"name":"Chaos Fanatic","level":202,"killCount":210,"type":"NPC","drops":[{"name":"Bones","id":526,"quantity":1,"price":169},{"name":"Coins","id":995,"quantity":2019,"price":1}],"date":"Jun 13, 2024, 8:19:28 AM"}
{"name":"Chaos Fanatic","level":202,"killCount":211,"type":"NPC","drops":[{"name":"Bones","id":526,"quantity":1,"price":169},{"name":"Prayer potion(4)","id":2434,"quantity":1,"price":10789}],"date":"Jun 13, 2024, 8:20:09 AM"}
{"name":"Chaos Fanatic","level":202,"killCount":212,"type":"NPC","drops":[{"name":"Bones","id":526,"quantity":1,"price":169},{"name":"Anchovy pizza","id":2298,"quantity":8,"price":811}],"date":"Jun 13, 2024, 8:21:08 AM"}
{"name":"Chaos Fanatic","level":202,"killCount":213,"type":"NPC","drops":[{"name":"Bones","id":526,"quantity":1,"price":169},{"name":"Sinister key","id":993,"quantity":1,"price":33880}],"date":"Jun 13, 2024, 8:22:07 AM"}
{"name":"Chaos Fanatic","level":202,"killCount":214,"type":"NPC","drops":[{"name":"Bones","id":526,"quantity":1,"price":169},{"name":"Coins","id":995,"quantity":3487,"price":1}],"date":"Jun 13, 2024, 8:22:59 AM"}
{"name":"Chaos Fanatic","level":202,"killCount":215,"type":"NPC","drops":[{"name":"Bones","id":526,"quantity":1,"price":169},{"name":"Wine of zamorak","id":246,"quantity":10,"price":854}],"date":"Jun 13, 2024, 8:24:04 AM"}
{"name":"Chaos Fanatic","level":202,"killCount":216,"type":"NPC","drops":[{"name":"Bones","id":526,"quantity":1,"price":169},{"name":"Wine of zamorak","id":246,"quantity":10,"price":854}],"date":"Jun 13, 2024, 8:25:04 AM"}
{"name":"Chaos Fanatic","level":202,"killCount":217,"type":"NPC","drops":[{"name":"Bones","id":526,"quantity":1,"price":169}],"date":"Jun 13, 2024, 8:25:56 AM"}
{"name":"Chaos Fanatic","level":202,"killCount":218,"type":"NPC","drops":[{"name":"Bones","id":526,"quantity":1,"price":169},{"name":"Prayer potion(4)","id":2434,"quantity":1,"price":10789}],"date":"Jun 13, 2024, 8:26:38 AM"}
{"name":"Chaos Fanatic","level":202,"killCount":219,"type":"NPC","drops":[{"name":"Bones","id":526,"quantity":1,"price":169},{"name":"Wine of zamorak","id":246,"quantity":10,"price":854}],"date":"Jun 13, 2024, 8:27:26 AM"}
{"name":"Chaos Fanatic","level":202,"killCount":220,"type":"NPC","drops":[{"name":"Bones","id":526,"quantity":1,"price":169},{"name":"Ring of life","id":2570,"quantity":1,"price":1986}],"date":"Jun 13, 2024, 8:28:15 AM"}
{"name":"Chaos Fanatic","level":202,"killCount":221,"type":"NPC","drops":[{"name":"Bones","id":526,"quantity":1,"price":169},{"name":"Splitbark legs","id":3389,"quantity":1,"price":24332}],"date":"Jun 13, 2024, 8:29:02 AM"}
{"name":"Chaos Fanatic","level":202,"killCount":222,"type":"NPC","drops":[{"name":"Bones","id":526,"quantity":1,"price":169},{"name":"Wine of zamorak","id":246,"quantity":10,"price":854}],"date":"Jun 13, 2024, 8:30:01 AM"}
{"name":"Chaos Fanatic","level":202,"killCount":223,"type":"NPC","drops":[{"name":"Bones","id":526,"quantity":1,"price":169},{"name":"Chaos rune","id":562,"quantity":175,"price":77}],"date":"Jun 13, 2024, 8:30:58 AM"}
{"name":"Chaos Fanatic","level":202,"killCount":224,"type":"NPC","drops":[{"name":"Bones","id":526,"quantity":1,"price":169},{"name":"Shark","id":385,"quantity":1,"price":933}],"date":"Jun 13, 2024, 8:31:57 AM"}
{"name":"Chaos Fanatic","level":202,"killCount":225,"type":"NPC","drops":[{"name":"Bones","id":526,"quantity":1,"price":169},{"name":"Chaos talisman","id":1452,"quantity":1,"price":66}],"date":"Jun 13, 2024, 8:32:37 AM"}
{"name":"Chaos Fanatic","level":202,"killCount":226,"type":"NPC","drops":[{"name":"Bones","id":526,"quantity":1,"price":169},{"name":"Ring of life","id":2570,"quantity":1,"price":1986}],"date":"Jun 13, 2024, 8:33:31 AM"}
{"name":"Chaos Fanatic","level":202,"killCount":227,"type":"NPC","drops":[{"name":"Bones","id":526,"quantity":1,"price":169},{"name":"Prayer potion(4)","id":2434,"quantity":1,"price":10789}],"date":"Jun 13, 2024, 8:34:09 AM"}
{"name":"Chaos Fanatic","level":202,"killCount":228,"type":"NPC","drops":[{"name":"Bones","id":526,"quantity":1,"price":169},{"name":"Wine of zamorak","id":246,"quantity":10,"price":854}],"date":"Jun 13, 2024, 8:34:58 AM"}
{"name":"Chaos Fanatic","level":202,"killCount":229,"type":"NPC","drops":[{"name":"Bones","id":526,"quantity":1,"price":141},{"name":"Monkfish","id":7946,"quantity":1,"price":405},{"name":"Monkfish","id":7946,"quantity":1,"price":405},{"name":"Monkfish","id":7946,"quantity":1,"price":405}],"date":"Jun 21, 2024, 11:07:14 AM"}
{"name":"Chaos Fanatic","level":202,"killCount":230,"type":"NPC","drops":[{"name":"Bones","id":526,"quantity":1,"price":141},{"name":"Uncut emerald","id":1622,"quantity":6,"price":406},{"name":"Uncut sapphire","id":1624,"quantity":4,"price":215}],"date":"Jun 21, 2024, 11:09:14 AM"}
{"name":"Chaos Fanatic","level":202,"killCount":231,"type":"NPC","drops":[{"name":"Bones","id":526,"quantity":1,"price":141},{"name":"Chaos talisman","id":1452,"quantity":1,"price":60}],"date":"Jun 21, 2024, 11:09:56 AM"}
{"name":"Chaos Fanatic","level":202,"killCount":232,"type":"NPC","drops":[{"name":"Bones","id":526,"quantity":1,"price":141},{"name":"Uncut emerald","id":1621,"quantity":1,"price":406}],"date":"Jun 21, 2024, 11:10:44 AM"}
{"name":"Chaos Fanatic","level":202,"killCount":233,"type":"NPC","drops":[{"name":"Bones","id":526,"quantity":1,"price":141},{"name":"Splitbark body","id":3387,"quantity":1,"price":32279}],"date":"Jun 21, 2024, 11:11:31 AM"}
{"name":"Chaos Fanatic","level":202,"killCount":234,"type":"NPC","drops":[{"name":"Bones","id":526,"quantity":1,"price":141},{"name":"Coins","id":995,"quantity":1344,"price":1}],"date":"Jun 21, 2024, 11:12:24 AM"}
{"name":"Chaos Fanatic","level":202,"killCount":235,"type":"NPC","drops":[{"name":"Bones","id":526,"quantity":1,"price":141},{"name":"Blood rune","id":565,"quantity":50,"price":203}],"date":"Jun 21, 2024, 11:13:03 AM"}
{"name":"Chaos Fanatic","level":202,"killCount":236,"type":"NPC","drops":[{"name":"Bones","id":526,"quantity":1,"price":141},{"name":"Smoke rune","id":4697,"quantity":30,"price":36}],"date":"Jun 21, 2024, 11:14:11 AM"}
{"name":"Chaos Fanatic","level":202,"killCount":237,"type":"NPC","drops":[{"name":"Bones","id":526,"quantity":1,"price":141}],"date":"Jun 21, 2024, 11:14:51 AM"}
{"name":"Chaos Fanatic","level":202,"killCount":238,"type":"NPC","drops":[{"name":"Bones","id":526,"quantity":1,"price":141},{"name":"Monkfish","id":7946,"quantity":1,"price":405},{"name":"Monkfish","id":7946,"quantity":1,"price":405},{"name":"Monkfish","id":7946,"quantity":1,"price":405}],"date":"Jun 21, 2024, 11:15:46 AM"}
{"name":"Chaos Fanatic","level":202,"killCount":239,"type":"NPC","drops":[{"name":"Bones","id":526,"quantity":1,"price":141},{"name":"Splitbark body","id":3387,"quantity":1,"price":32279}],"date":"Jun 21, 2024, 11:16:52 AM"}
{"name":"Chaos Fanatic","level":202,"killCount":240,"type":"NPC","drops":[{"name":"Bones","id":526,"quantity":1,"price":141},{"name":"Coins","id":995,"quantity":2249,"price":1}],"date":"Jun 21, 2024, 11:17:57 AM"}
{"name":"Chaos Fanatic","level":202,"killCount":241,"type":"NPC","drops":[{"name":"Bones","id":526,"quantity":1,"price":141},{"name":"Splitbark body","id":3387,"quantity":1,"price":32279}],"date":"Jun 21, 2024, 11:18:56 AM"}
{"name":"Chaos Fanatic","level":202,"killCount":242,"type":"NPC","drops":[{"name":"Bones","id":526,"quantity":1,"price":141},{"name":"Loop half of key","id":987,"quantity":1,"price":9401}],"date":"Jun 21, 2024, 11:19:55 AM"}
{"name":"Chaos Fanatic","level":202,"killCount":243,"type":"NPC","drops":[{"name":"Bones","id":526,"quantity":1,"price":141},{"name":"Splitbark legs","id":3389,"quantity":1,"price":23586}],"date":"Jun 21, 2024, 11:20:42 AM"}
{"name":"Chaos Fanatic","level":202,"killCount":244,"type":"NPC","drops":[{"name":"Bones","id":526,"quantity":1,"price":141},{"name":"Grimy lantadyme","id":2486,"quantity":4,"price":1353}],"date":"Jun 21, 2024, 11:21:31 AM"}
{"name":"Chaos Fanatic","level":202,"killCount":245,"type":"NPC","drops":[{"name":"Bones","id":526,"quantity":1,"price":141},{"name":"Sinister key","id":993,"quantity":1,"price":32925}],"date":"Jun 21, 2024, 11:22:27 AM"}
{"name":"Chaos Fanatic","level":202,"killCount":246,"type":"NPC","drops":[{"name":"Bones","id":526,"quantity":1,"price":141},{"name":"Anchovy pizza","id":2298,"quantity":8,"price":735}],"date":"Jun 21, 2024, 11:23:14 AM"}
{"name":"Chaos Fanatic","level":202,"killCount":247,"type":"NPC","drops":[{"name":"Bones","id":526,"quantity":1,"price":141},{"name":"Zamorak monk bottom","id":1033,"quantity":1,"price":5757},{"name":"Zamorak monk top","id":1035,"quantity":1,"price":1163}],"date":"Jun 21, 2024, 11:24:19 AM"}
{"name":"Chaos Fanatic","level":202,"killCount":248,"type":"NPC","drops":[{"name":"Bones","id":526,"quantity":1,"price":141},{"name":"Smoke rune","id":4697,"quantity":30,"price":36}],"date":"Jun 21, 2024, 11:25:17 AM"}
{"name":"Chaos Fanatic","level":202,"killCount":249,"type":"NPC","drops":[{"name":"Bones","id":526,"quantity":1,"price":141},{"name":"Coins","id":995,"quantity":1677,"price":1}],"date":"Jun 21, 2024, 11:26:01 AM"}
{"name":"Chaos Fanatic","level":202,"killCount":251,"type":"NPC","drops":[{"name":"Bones","id":526,"quantity":1,"price":141},{"name":"Prayer potion(4)","id":2434,"quantity":1,"price":10121}],"date":"Jun 21, 2024, 11:31:14 AM"}
{"name":"Chaos Fanatic","level":202,"killCount":252,"type":"NPC","drops":[{"name":"Bones","id":526,"quantity":1,"price":141},{"name":"Coins","id":995,"quantity":2397,"price":1}],"date":"Jun 21, 2024, 11:32:10 AM"}
{"name":"Chaos Fanatic","level":202,"killCount":253,"type":"NPC","drops":[{"name":"Bones","id":526,"quantity":1,"price":141},{"name":"Grimy lantadyme","id":2486,"quantity":4,"price":1353}],"date":"Jun 21, 2024, 11:33:02 AM"}
{"name":"Chaos Fanatic","level":202,"killCount":254,"type":"NPC","drops":[{"name":"Bones","id":526,"quantity":1,"price":141},{"name":"Sinister key","id":993,"quantity":1,"price":32925}],"date":"Jun 21, 2024, 11:34:07 AM"}
{"name":"Chaos Fanatic","level":202,"killCount":255,"type":"NPC","drops":[{"name":"Bones","id":526,"quantity":1,"price":141},{"name":"Prayer potion(4)","id":2434,"quantity":1,"price":10121}],"date":"Jun 21, 2024, 11:34:49 AM"}
{"name":"Chaos Fanatic","level":202,"killCount":256,"type":"NPC","drops":[{"name":"Bones","id":526,"quantity":1,"price":141},{"name":"Rune sq shield","id":1185,"quantity":1,"price":22536}],"date":"Jun 21, 2024, 11:37:05 AM"}
{"name":"Chaos Fanatic","level":202,"killCount":257,"type":"NPC","drops":[{"name":"Bones","id":526,"quantity":1,"price":141},{"name":"Sinister key","id":993,"quantity":1,"price":32925}],"date":"Jun 21, 2024, 11:37:55 AM"}
{"name":"Chaos Fanatic","level":202,"killCount":258,"type":"NPC","drops":[{"name":"Bones","id":526,"quantity":1,"price":141},{"name":"Clue scroll (hard)","id":19868,"quantity":1,"price":0},{"name":"Wine of zamorak","id":246,"quantity":10,"price":898}],"date":"Jun 21, 2024, 11:38:58 AM"}
{"name":"Chaos Fanatic","level":202,"killCount":259,"type":"NPC","drops":[{"name":"Bones","id":526,"quantity":1,"price":141},{"name":"Sinister key","id":993,"quantity":1,"price":32925}],"date":"Jun 21, 2024, 11:48:55 AM"}
{"name":"Chaos Fanatic","level":202,"killCount":260,"type":"NPC","drops":[{"name":"Bones","id":526,"quantity":1,"price":141},{"name":"Loop half of key","id":987,"quantity":1,"price":9401}],"date":"Jun 21, 2024, 11:55:16 AM"}
{"name":"Chaos Fanatic","level":202,"killCount":261,"type":"NPC","drops":[{"name":"Bones","id":526,"quantity":1,"price":141},{"name":"Ring of life","id":2570,"quantity":1,"price":1969}],"date":"Jun 21, 2024, 11:56:29 AM"}
{"name":"Chaos Fanatic","level":202,"killCount":262,"type":"NPC","drops":[{"name":"Bones","id":526,"quantity":1,"price":141},{"name":"Sinister key","id":993,"quantity":1,"price":32925}],"date":"Jun 21, 2024, 11:57:33 AM"}
{"name":"Chaos Fanatic","level":202,"killCount":263,"type":"NPC","drops":[{"name":"Bones","id":526,"quantity":1,"price":118},{"name":"Coins","id":995,"quantity":2708,"price":1}],"date":"Jul 2, 2024, 7:42:59 PM"}
{"name":"Chaos Fanatic","level":202,"killCount":264,"type":"NPC","drops":[{"name":"Bones","id":526,"quantity":1,"price":118},{"name":"Prayer potion(4)","id":2434,"quantity":1,"price":9868}],"date":"Jul 2, 2024, 7:43:52 PM"}
{"name":"Chaos Fanatic","level":202,"killCount":265,"type":"NPC","drops":[{"name":"Bones","id":526,"quantity":1,"price":118},{"name":"Coins","id":995,"quantity":914,"price":1}],"date":"Jul 2, 2024, 7:44:32 PM"}
{"name":"Chaos Fanatic","level":202,"killCount":266,"type":"NPC","drops":[{"name":"Bones","id":526,"quantity":1,"price":118},{"name":"Prayer potion(4)","id":2434,"quantity":1,"price":9868}],"date":"Jul 2, 2024, 7:45:14 PM"}
{"name":"Chaos Fanatic","level":202,"killCount":267,"type":"NPC","drops":[{"name":"Bones","id":526,"quantity":1,"price":118},{"name":"Adamant javelin","id":829,"quantity":20,"price":39}],"date":"Jul 2, 2024, 7:45:59 PM"}
{"name":"Chaos Fanatic","level":202,"killCount":268,"type":"NPC","drops":[{"name":"Bones","id":526,"quantity":1,"price":118},{"name":"Coins","id":995,"quantity":3208,"price":1}],"date":"Jul 2, 2024, 7:46:38 PM"}
{"name":"Chaos Fanatic","level":202,"killCount":269,"type":"NPC","drops":[{"name":"Bones","id":526,"quantity":1,"price":118},{"name":"Grimy lantadyme","id":2486,"quantity":4,"price":1438}],"date":"Jul 2, 2024, 7:47:23 PM"}
{"name":"Chaos Fanatic","level":202,"killCount":270,"type":"NPC","drops":[{"name":"Bones","id":526,"quantity":1,"price":118},{"name":"Shark","id":385,"quantity":1,"price":816}],"date":"Jul 2, 2024, 7:47:57 PM"}
{"name":"Chaos Fanatic","level":202,"killCount":271,"type":"NPC","drops":[{"name":"Bones","id":526,"quantity":1,"price":118},{"name":"Ring of life","id":2570,"quantity":1,"price":1851}],"date":"Jul 2, 2024, 7:49:04 PM"}
{"name":"Chaos Fanatic","level":202,"killCount":272,"type":"NPC","drops":[{"name":"Bones","id":526,"quantity":1,"price":118},{"name":"Smoke rune","id":4697,"quantity":30,"price":49}],"date":"Jul 2, 2024, 7:49:57 PM"}
{"name":"Chaos Fanatic","level":202,"killCount":273,"type":"NPC","drops":[{"name":"Bones","id":526,"quantity":1,"price":118},{"name":"Prayer potion(4)","id":2434,"quantity":1,"price":9868}],"date":"Jul 2, 2024, 7:50:42 PM"}
{"name":"Chaos Fanatic","level":202,"killCount":274,"type":"NPC","drops":[{"name":"Bones","id":526,"quantity":1,"price":118},{"name":"Monkfish","id":7946,"quantity":1,"price":409},{"name":"Monkfish","id":7946,"quantity":1,"price":409},{"name":"Monkfish","id":7946,"quantity":1,"price":409}],"date":"Jul 2, 2024, 7:51:24 PM"}
{"name":"Chaos Fanatic","level":202,"killCount":275,"type":"NPC","drops":[{"name":"Bones","id":526,"quantity":1,"price":118},{"name":"Splitbark body","id":3387,"quantity":1,"price":31781}],"date":"Jul 2, 2024, 7:52:05 PM"}
{"name":"Chaos Fanatic","level":202,"killCount":276,"type":"NPC","drops":[{"name":"Bones","id":526,"quantity":1,"price":118}],"date":"Jul 2, 2024, 7:52:51 PM"}
{"name":"Chaos Fanatic","level":202,"killCount":277,"type":"NPC","drops":[{"name":"Bones","id":526,"quantity":1,"price":118},{"name":"Wine of zamorak","id":246,"quantity":10,"price":860}],"date":"Jul 2, 2024, 7:53:43 PM"}
{"name":"Chaos Fanatic","level":202,"killCount":278,"type":"NPC","drops":[{"name":"Bones","id":526,"quantity":1,"price":118},{"name":"Blood rune","id":565,"quantity":50,"price":203}],"date":"Jul 2, 2024, 7:54:37 PM"}
{"name":"Chaos Fanatic","level":202,"killCount":279,"type":"NPC","drops":[{"name":"Bones","id":526,"quantity":1,"price":118},{"name":"Chaos rune","id":562,"quantity":175,"price":108}],"date":"Jul 2, 2024, 7:55:22 PM"}
{"name":"Chaos Fanatic","level":202,"killCount":280,"type":"NPC","drops":[{"name":"Bones","id":526,"quantity":1,"price":118},{"name":"Anchovy pizza","id":2298,"quantity":8,"price":837}],"date":"Jul 2, 2024, 7:56:24 PM"}
{"name":"Chaos Fanatic","level":202,"killCount":281,"type":"NPC","drops":[{"name":"Bones","id":526,"quantity":1,"price":118},{"name":"Ring of life","id":2570,"quantity":1,"price":1851}],"date":"Jul 2, 2024, 7:57:12 PM"}
{"name":"Chaos Fanatic","level":202,"killCount":282,"type":"NPC","drops":[{"name":"Bones","id":526,"quantity":1,"price":118},{"name":"Chaos rune","id":562,"quantity":175,"price":108}],"date":"Jul 2, 2024, 7:57:54 PM"}
{"name":"Chaos Fanatic","level":202,"killCount":283,"type":"NPC","drops":[{"name":"Bones","id":526,"quantity":1,"price":118},{"name":"Pure essence","id":7937,"quantity":250,"price":1}],"date":"Jul 2, 2024, 7:58:44 PM"}
{"name":"Chaos Fanatic","level":202,"killCount":284,"type":"NPC","drops":[{"name":"Bones","id":526,"quantity":1,"price":118},{"name":"Chaos talisman","id":1452,"quantity":1,"price":81}],"date":"Jul 2, 2024, 7:59:27 PM"}
{"name":"Chaos Fanatic","level":202,"killCount":285,"type":"NPC","drops":[{"name":"Bones","id":526,"quantity":1,"price":118},{"name":"Ring of life","id":2570,"quantity":1,"price":1851}],"date":"Jul 2, 2024, 8:00:18 PM"}
{"name":"Chaos Fanatic","level":202,"killCount":286,"type":"NPC","drops":[{"name":"Bones","id":526,"quantity":1,"price":118},{"name":"Battlestaff","id":1392,"quantity":5,"price":8084}],"date":"Jul 2, 2024, 8:01:16 PM"}
{"name":"Chaos Fanatic","level":202,"killCount":287,"type":"NPC","drops":[{"name":"Bones","id":526,"quantity":1,"price":118},{"name":"Coins","id":995,"quantity":3000,"price":1}],"date":"Jul 2, 2024, 8:01:54 PM"}
{"name":"Chaos Fanatic","level":202,"killCount":288,"type":"NPC","drops":[{"name":"Bones","id":526,"quantity":1,"price":118},{"name":"Shark","id":385,"quantity":1,"price":816}],"date":"Jul 2, 2024, 8:02:47 PM"}
{"name":"Chaos Fanatic","level":202,"killCount":289,"type":"NPC","drops":[{"name":"Bones","id":526,"quantity":1,"price":118},{"name":"Coins","id":995,"quantity":2497,"price":1}],"date":"Jul 2, 2024, 8:03:39 PM"}
{"name":"Chaos Fanatic","level":202,"killCount":290,"type":"NPC","drops":[{"name":"Bones","id":526,"quantity":1,"price":118},{"name":"Malediction shard 1","id":11931,"quantity":1,"price":1071935}],"date":"Jul 2, 2024, 8:04:19 PM"}
{"name":"Chaos Fanatic","level":202,"killCount":291,"type":"NPC","drops":[{"name":"Bones","id":526,"quantity":1,"price":118},{"name":"Wine of zamorak","id":246,"quantity":10,"price":860}],"date":"Jul 2, 2024, 8:12:08 PM"}
{"name":"Chaos Fanatic","level":202,"killCount":292,"type":"NPC","drops":[{"name":"Bones","id":526,"quantity":1,"price":118},{"name":"Grimy lantadyme","id":2486,"quantity":4,"price":1438}],"date":"Jul 2, 2024, 8:13:03 PM"}
{"name":"Chaos Fanatic","level":202,"killCount":293,"type":"NPC","drops":[{"name":"Bones","id":526,"quantity":1,"price":118},{"name":"Chaos rune","id":562,"quantity":175,"price":108}],"date":"Jul 2, 2024, 8:13:51 PM"}
{"name":"Chaos Fanatic","level":202,"killCount":294,"type":"NPC","drops":[{"name":"Bones","id":526,"quantity":1,"price":118},{"name":"Clue scroll (hard)","id":2725,"quantity":1,"price":0},{"name":"Coins","id":995,"quantity":3471,"price":1}],"date":"Jul 2, 2024, 8:14:26 PM"}
{"name":"Chaos Fanatic","level":202,"killCount":295,"type":"NPC","drops":[{"name":"Bones","id":526,"quantity":1,"price":118}],"date":"Jul 2, 2024, 8:15:03 PM"}
{"name":"Chaos Fanatic","level":202,"killCount":296,"type":"NPC","drops":[{"name":"Bones","id":526,"quantity":1,"price":118},{"name":"Chaos talisman","id":1452,"quantity":1,"price":81}],"date":"Jul 2, 2024, 8:15:36 PM"}
{"name":"Chaos Fanatic","level":202,"killCount":297,"type":"NPC","drops":[{"name":"Bones","id":526,"quantity":1,"price":118},{"name":"Coins","id":995,"quantity":935,"price":1}],"date":"Jul 2, 2024, 8:16:20 PM"}
{"name":"Chaos Fanatic","level":202,"killCount":298,"type":"NPC","drops":[{"name":"Bones","id":526,"quantity":1,"price":118},{"name":"Splitbark legs","id":3389,"quantity":1,"price":24926}],"date":"Jul 2, 2024, 8:16:57 PM"}
{"name":"Chaos Fanatic","level":202,"killCount":299,"type":"NPC","drops":[{"name":"Bones","id":526,"quantity":1,"price":118},{"name":"Chaos rune","id":562,"quantity":175,"price":108}],"date":"Jul 2, 2024, 8:17:53 PM"}
{"name":"Chaos Fanatic","level":202,"killCount":300,"type":"NPC","drops":[{"name":"Bones","id":526,"quantity":1,"price":118},{"name":"Wine of zamorak","id":246,"quantity":10,"price":860}],"date":"Jul 2, 2024, 8:18:40 PM"}
{"name":"Chaos Fanatic","level":202,"killCount":301,"type":"NPC","drops":[{"name":"Bones","id":526,"quantity":1,"price":118},{"name":"Anchovy pizza","id":2298,"quantity":8,"price":837}],"date":"Jul 2, 2024, 8:19:29 PM"}
{"name":"Chaos Fanatic","level":202,"killCount":302,"type":"NPC","drops":[{"name":"Bones","id":526,"quantity":1,"price":118},{"name":"Coins","id":995,"quantity":1496,"price":1}],"date":"Jul 2, 2024, 8:20:33 PM"}
{"name":"Chaos Fanatic","level":202,"killCount":303,"type":"NPC","drops":[{"name":"Bones","id":526,"quantity":1,"price":118},{"name":"Anchovy pizza","id":2298,"quantity":8,"price":837}],"date":"Jul 2, 2024, 8:21:19 PM"}
{"name":"Chaos Fanatic","level":202,"killCount":304,"type":"NPC","drops":[{"name":"Bones","id":526,"quantity":1,"price":118},{"name":"Blood rune","id":565,"quantity":50,"price":203}],"date":"Jul 2, 2024, 8:22:19 PM"}
{"name":"Chaos Fanatic","level":202,"killCount":305,"type":"NPC","drops":[{"name":"Bones","id":526,"quantity":1,"price":118},{"name":"Monkfish","id":7946,"quantity":1,"price":409},{"name":"Monkfish","id":7946,"quantity":1,"price":409},{"name":"Monkfish","id":7946,"quantity":1,"price":409}],"date":"Jul 2, 2024, 8:23:10 PM"}
{"name":"Chaos Fanatic","level":202,"killCount":306,"type":"NPC","drops":[{"name":"Bones","id":526,"quantity":1,"price":118},{"name":"Battlestaff","id":1392,"quantity":5,"price":8084}],"date":"Jul 2, 2024, 8:23:55 PM"}
{"name":"Chaos Fanatic","level":202,"killCount":307,"type":"NPC","drops":[{"name":"Bones","id":526,"quantity":1,"price":118},{"name":"Coins","id":995,"quantity":3011,"price":1}],"date":"Jul 2, 2024, 8:24:32 PM"}
{"name":"Chaos Fanatic","level":202,"killCount":308,"type":"NPC","drops":[{"name":"Bones","id":526,"quantity":1,"price":118},{"name":"Chaos talisman","id":1452,"quantity":1,"price":81}],"date":"Jul 2, 2024, 8:25:19 PM"}
{"name":"Chaos Fanatic","level":202,"killCount":309,"type":"NPC","drops":[{"name":"Bones","id":526,"quantity":1,"price":118},{"name":"Splitbark legs","id":3389,"quantity":1,"price":24926}],"date":"Jul 2, 2024, 8:25:55 PM"}
{"name":"Chaos Fanatic","level":202,"killCount":310,"type":"NPC","drops":[{"name":"Bones","id":526,"quantity":1,"price":118},{"name":"Prayer potion(4)","id":2434,"quantity":1,"price":9868}],"date":"Jul 2, 2024, 8:26:37 PM"}
{"name":"Chaos Fanatic","level":202,"killCount":311,"type":"NPC","drops":[{"name":"Bones","id":526,"quantity":1,"price":118},{"name":"Malediction shard 1","id":11931,"quantity":1,"price":1071935}],"date":"Jul 2, 2024, 8:27:22 PM"}
{"name":"Chaos Fanatic","level":202,"killCount":312,"type":"NPC","drops":[{"name":"Bones","id":526,"quantity":1,"price":118},{"name":"Wine of zamorak","id":246,"quantity":10,"price":860}],"date":"Jul 2, 2024, 8:37:42 PM"}
{"name":"Chaos Fanatic","level":202,"killCount":313,"type":"NPC","drops":[{"name":"Bones","id":526,"quantity":1,"price":118},{"name":"Splitbark legs","id":3389,"quantity":1,"price":24926}],"date":"Jul 2, 2024, 8:38:16 PM"}
{"name":"Chaos Fanatic","level":202,"killCount":314,"type":"NPC","drops":[{"name":"Bones","id":526,"quantity":1,"price":118},{"name":"Shark","id":385,"quantity":1,"price":816}],"date":"Jul 2, 2024, 8:39:07 PM"}
{"name":"Chaos Fanatic","level":202,"killCount":315,"type":"NPC","drops":[{"name":"Bones","id":526,"quantity":1,"price":118},{"name":"Uncut emerald","id":1622,"quantity":6,"price":388},{"name":"Uncut sapphire","id":1624,"quantity":4,"price":209}],"date":"Jul 2, 2024, 8:39:49 PM"}
{"name":"Chaos Fanatic","level":202,"killCount":316,"type":"NPC","drops":[{"name":"Bones","id":526,"quantity":1,"price":118},{"name":"Battlestaff","id":1392,"quantity":5,"price":8084}],"date":"Jul 2, 2024, 8:40:33 PM"}
{"name":"Chaos Fanatic","level":202,"killCount":317,"type":"NPC","drops":[{"name":"Bones","id":526,"quantity":1,"price":118},{"name":"Anchovy pizza","id":2298,"quantity":8,"price":837}],"date":"Jul 2, 2024, 8:41:13 PM"}
{"name":"Chaos Fanatic","level":202,"killCount":318,"type":"NPC","drops":[{"name":"Bones","id":526,"quantity":1,"price":111},{"name":"Anchovy pizza","id":2298,"quantity":8,"price":743}],"date":"Oct 27, 2024, 5:40:03 PM"}
{"name":"Chaos Fanatic","level":202,"killCount":319,"type":"NPC","drops":[{"name":"Bones","id":526,"quantity":1,"price":111},{"name":"Uncut emerald","id":1622,"quantity":6,"price":459},{"name":"Uncut sapphire","id":1624,"quantity":4,"price":227}],"date":"Oct 27, 2024, 5:41:25 PM"}
{"name":"Chaos Fanatic","level":202,"killCount":320,"type":"NPC","drops":[{"name":"Bones","id":526,"quantity":1,"price":111},{"name":"Blood rune","id":565,"quantity":50,"price":248}],"date":"Oct 27, 2024, 5:42:09 PM"}
