{"name":"Chaos Golem","level":70,"killCount":-1,"type":"NPC","drops":[{"name":"Uncut sapphire","id":1623,"quantity":1,"price":336}],"date":"Aug 23, 2022, 9:43:24 AM"}
{"name":"Chaos Golem","level":70,"killCount":-1,"type":"NPC","drops":[{"name":"Uncut sapphire","id":1623,"quantity":1,"price":336}],"date":"Aug 23, 2022, 9:43:37 AM"}
{"name":"Chaos Golem","level":70,"killCount":-1,"type":"NPC","drops":[{"name":"Uncut sapphire","id":1623,"quantity":1,"price":336}],"date":"Aug 23, 2022, 9:43:55 AM"}
{"name":"Chaos Golem","level":70,"killCount":-1,"type":"NPC","drops":[{"name":"Chaos core","id":25700,"quantity":1,"price":0},{"name":"Clay","id":434,"quantity":1,"price":120},{"name":"Clay","id":434,"quantity":1,"price":120},{"name":"Clay","id":434,"quantity":1,"price":120},{"name":"Clay","id":434,"quantity":1,"price":120}],"date":"Aug 23, 2022, 9:44:15 AM"}
{"name":"Chaos Golem","level":70,"killCount":-1,"type":"NPC","drops":[{"name":"Barronite shards","id":25676,"quantity":13,"price":0},{"name":"Chaos core","id":25700,"quantity":1,"price":0},{"name":"Silver ore","id":442,"quantity":1,"price":51},{"name":"Silver ore","id":442,"quantity":1,"price":51},{"name":"Silver ore","id":442,"quantity":1,"price":51},{"name":"Silver ore","id":442,"quantity":1,"price":51}],"date":"Aug 23, 2022, 9:44:37 AM"}
{"name":"Chaos Golem","level":70,"killCount":-1,"type":"NPC","drops":[{"name":"Barronite shards","id":25676,"quantity":17,"price":0},{"name":"Iron ore","id":440,"quantity":1,"price":134},{"name":"Iron ore","id":440,"quantity":1,"price":134},{"name":"Iron ore","id":440,"quantity":1,"price":134}],"date":"Aug 23, 2022, 9:44:56 AM"}
{"name":"Chaos Golem","level":70,"killCount":-1,"type":"NPC","drops":[{"name":"Barronite shards","id":25676,"quantity":12,"price":0},{"name":"Clay","id":434,"quantity":1,"price":120},{"name":"Clay","id":434,"quantity":1,"price":120},{"name":"Clay","id":434,"quantity":1,"price":120}],"date":"Aug 23, 2022, 9:45:16 AM"}
{"name":"Chaos Golem","level":70,"killCount":-1,"type":"NPC","drops":[{"name":"Barronite shards","id":25676,"quantity":13,"price":0},{"name":"Uncut sapphire","id":1623,"quantity":1,"price":336}],"date":"Aug 23, 2022, 9:45:29 AM"}
{"name":"Chaos Golem","level":70,"killCount":-1,"type":"NPC","drops":[{"name":"Barronite shards","id":25676,"quantity":12,"price":0},{"name":"Gold ore","id":444,"quantity":1,"price":192},{"name":"Gold ore","id":444,"quantity":1,"price":192}],"date":"Aug 23, 2022, 9:45:47 AM"}
{"name":"Chaos Golem","level":70,"killCount":-1,"type":"NPC","drops":[{"name":"Barronite shards","id":25676,"quantity":15,"price":0},{"name":"Rune essence","id":1437,"quantity":5,"price":13}],"date":"Aug 23, 2022, 9:46:10 AM"}
{"name":"Chaos Golem","level":70,"killCount":-1,"type":"NPC","drops":[{"name":"Clay","id":434,"quantity":1,"price":120},{"name":"Clay","id":434,"quantity":1,"price":120},{"name":"Clay","id":434,"quantity":1,"price":120}],"date":"Aug 23, 2022, 9:46:37 AM"}
{"name":"Chaos Golem","level":70,"killCount":-1,"type":"NPC","drops":[{"name":"Barronite shards","id":25676,"quantity":20,"price":0},{"name":"Uncut ruby","id":1619,"quantity":1,"price":1118}],"date":"Aug 23, 2022, 9:47:20 AM"}
{"name":"Chaos Golem","level":70,"killCount":-1,"type":"NPC","drops":[{"name":"Chaos rune","id":562,"quantity":6,"price":61}],"date":"Aug 23, 2022, 9:47:37 AM"}
{"name":"Chaos Golem","level":70,"killCount":-1,"type":"NPC","drops":[{"name":"Barronite shards","id":25676,"quantity":12,"price":0},{"name":"Chaos talisman","id":1452,"quantity":1,"price":126}],"date":"Aug 23, 2022, 9:47:53 AM"}
{"name":"Chaos Golem","level":70,"killCount":-1,"type":"NPC","drops":[{"name":"Barronite shards","id":25676,"quantity":18,"price":0},{"name":"Clay","id":434,"quantity":1,"price":120},{"name":"Clay","id":434,"quantity":1,"price":120},{"name":"Clay","id":434,"quantity":1,"price":120},{"name":"Clay","id":434,"quantity":1,"price":120}],"date":"Aug 23, 2022, 9:48:25 AM"}
{"name":"Chaos Golem","level":70,"killCount":-1,"type":"NPC","drops":[{"name":"Barronite shards","id":25676,"quantity":18,"price":0},{"name":"Silver ore","id":442,"quantity":1,"price":51},{"name":"Silver ore","id":442,"quantity":1,"price":51},{"name":"Silver ore","id":442,"quantity":1,"price":51},{"name":"Silver ore","id":442,"quantity":1,"price":51}],"date":"Aug 23, 2022, 9:48:49 AM"}
{"name":"Chaos Golem","level":70,"killCount":-1,"type":"NPC","drops":[{"name":"Iron ore","id":440,"quantity":1,"price":134},{"name":"Iron ore","id":440,"quantity":1,"price":134},{"name":"Iron ore","id":440,"quantity":1,"price":134},{"name":"Iron ore","id":440,"quantity":1,"price":134}],"date":"Aug 23, 2022, 9:49:16 AM"}
{"name":"Chaos Golem","level":70,"killCount":-1,"type":"NPC","drops":[{"name":"Uncut ruby","id":1619,"quantity":1,"price":1118}],"date":"Aug 23, 2022, 9:49:42 AM"}
{"name":"Chaos Golem","level":70,"killCount":-1,"type":"NPC","drops":[{"name":"Iron ore","id":440,"quantity":1,"price":134},{"name":"Iron ore","id":440,"quantity":1,"price":134},{"name":"Iron ore","id":440,"quantity":1,"price":134}],"date":"Aug 23, 2022, 9:50:11 AM"}
{"name":"Chaos Golem","level":70,"killCount":-1,"type":"NPC","drops":[{"name":"Iron ore","id":440,"quantity":1,"price":134},{"name":"Iron ore","id":440,"quantity":1,"price":134},{"name":"Iron ore","id":440,"quantity":1,"price":134},{"name":"Iron ore","id":440,"quantity":1,"price":134}],"date":"Aug 23, 2022, 9:50:37 AM"}
{"name":"Chaos Golem","level":70,"killCount":-1,"type":"NPC","drops":[{"name":"Uncut emerald","id":1621,"quantity":1,"price":528}],"date":"Aug 23, 2022, 9:51:01 AM"}
{"name":"Chaos Golem","level":70,"killCount":-1,"type":"NPC","drops":[{"name":"Barronite shards","id":25676,"quantity":14,"price":0},{"name":"Silver ore","id":442,"quantity":1,"price":51},{"name":"Silver ore","id":442,"quantity":1,"price":51},{"name":"Silver ore","id":442,"quantity":1,"price":51},{"name":"Silver ore","id":442,"quantity":1,"price":51}],"date":"Aug 23, 2022, 9:51:24 AM"}
{"name":"Chaos Golem","level":70,"killCount":-1,"type":"NPC","drops":[{"name":"Gold ore","id":444,"quantity":1,"price":192},{"name":"Gold ore","id":444,"quantity":1,"price":192},{"name":"Gold ore","id":444,"quantity":1,"price":192}],"date":"Aug 23, 2022, 9:51:43 AM"}
{"name":"Chaos Golem","level":70,"killCount":-1,"type":"NPC","drops":[{"name":"Gold ore","id":444,"quantity":1,"price":192},{"name":"Gold ore","id":444,"quantity":1,"price":192},{"name":"Gold ore","id":444,"quantity":1,"price":192}],"date":"Aug 23, 2022, 9:52:16 AM"}
{"name":"Chaos Golem","level":70,"killCount":-1,"type":"NPC","drops":[{"name":"Uncut emerald","id":1621,"quantity":1,"price":528}],"date":"Aug 23, 2022, 9:52:38 AM"}
{"name":"Chaos Golem","level":70,"killCount":-1,"type":"NPC","drops":[{"name":"Chaos rune","id":562,"quantity":5,"price":61}],"date":"Aug 23, 2022, 9:53:09 AM"}
{"name":"Chaos Golem","level":70,"killCount":-1,"type":"NPC","drops":[{"name":"Barronite shards","id":25676,"quantity":18,"price":0},{"name":"Clay","id":434,"quantity":1,"price":120},{"name":"Clay","id":434,"quantity":1,"price":120},{"name":"Clay","id":434,"quantity":1,"price":120}],"date":"Aug 23, 2022, 9:53:29 AM"}
{"name":"Chaos Golem","level":70,"killCount":-1,"type":"NPC","drops":[{"name":"Silver ore","id":442,"quantity":1,"price":51},{"name":"Silver ore","id":442,"quantity":1,"price":51},{"name":"Silver ore","id":442,"quantity":1,"price":51},{"name":"Silver ore","id":442,"quantity":1,"price":51}],"date":"Aug 23, 2022, 9:53:55 AM"}
{"name":"Chaos Golem","level":70,"killCount":-1,"type":"NPC","drops":[{"name":"Barronite shards","id":25676,"quantity":18,"price":0},{"name":"Chaos core","id":25700,"quantity":1,"price":0},{"name":"Silver ore","id":442,"quantity":1,"price":51},{"name":"Silver ore","id":442,"quantity":1,"price":51},{"name":"Silver ore","id":442,"quantity":1,"price":51},{"name":"Silver ore","id":442,"quantity":1,"price":51}],"date":"Aug 23, 2022, 9:54:18 AM"}
{"name":"Chaos Golem","level":70,"killCount":-1,"type":"NPC","drops":[{"name":"Clay","id":434,"quantity":1,"price":120},{"name":"Clay","id":434,"quantity":1,"price":120},{"name":"Clay","id":434,"quantity":1,"price":120},{"name":"Clay","id":434,"quantity":1,"price":120}],"date":"Aug 23, 2022, 9:54:44 AM"}
{"name":"Chaos Golem","level":70,"killCount":-1,"type":"NPC","drops":[{"name":"Barronite shards","id":25676,"quantity":23,"price":0},{"name":"Clay","id":434,"quantity":1,"price":120},{"name":"Clay","id":434,"quantity":1,"price":120},{"name":"Clay","id":434,"quantity":1,"price":120},{"name":"Clay","id":434,"quantity":1,"price":120}],"date":"Aug 23, 2022, 9:55:04 AM"}
{"name":"Chaos Golem","level":70,"killCount":-1,"type":"NPC","drops":[{"name":"Chaos rune","id":562,"quantity":9,"price":61}],"date":"Aug 23, 2022, 9:55:25 AM"}
{"name":"Chaos Golem","level":70,"killCount":-1,"type":"NPC","drops":[{"name":"Clay","id":434,"quantity":1,"price":120},{"name":"Clay","id":434,"quantity":1,"price":120},{"name":"Clay","id":434,"quantity":1,"price":120}],"date":"Aug 23, 2022, 9:55:45 AM"}
{"name":"Chaos Golem","level":70,"killCount":-1,"type":"NPC","drops":[{"name":"Barronite shards","id":25676,"quantity":22,"price":0},{"name":"Clay","id":434,"quantity":1,"price":120},{"name":"Clay","id":434,"quantity":1,"price":120},{"name":"Clay","id":434,"quantity":1,"price":120}],"date":"Aug 23, 2022, 9:56:27 AM"}
{"name":"Chaos Golem","level":70,"killCount":-1,"type":"NPC","drops":[{"name":"Silver ore","id":442,"quantity":1,"price":51},{"name":"Silver ore","id":442,"quantity":1,"price":51},{"name":"Silver ore","id":442,"quantity":1,"price":51}],"date":"Aug 23, 2022, 9:56:54 AM"}
{"name":"Chaos Golem","level":70,"killCount":-1,"type":"NPC","drops":[{"name":"Gold ore","id":444,"quantity":1,"price":192},{"name":"Gold ore","id":444,"quantity":1,"price":192},{"name":"Gold ore","id":444,"quantity":1,"price":192}],"date":"Aug 23, 2022, 9:57:13 AM"}
{"name":"Chaos Golem","level":70,"killCount":-1,"type":"NPC","drops":[{"name":"Chaos core","id":25700,"quantity":1,"price":0},{"name":"Uncut ruby","id":1619,"quantity":1,"price":1118}],"date":"Aug 23, 2022, 9:57:37 AM"}
{"name":"Chaos Golem","level":70,"killCount":-1,"type":"NPC","drops":[{"name":"Clay","id":434,"quantity":1,"price":120},{"name":"Clay","id":434,"quantity":1,"price":120},{"name":"Clay","id":434,"quantity":1,"price":120}],"date":"Aug 23, 2022, 9:58:06 AM"}
{"name":"Chaos Golem","level":70,"killCount":-1,"type":"NPC","drops":[{"name":"Rune essence","id":1437,"quantity":4,"price":13}],"date":"Aug 23, 2022, 9:58:27 AM"}
{"name":"Chaos Golem","level":70,"killCount":-1,"type":"NPC","drops":[{"name":"Silver ore","id":442,"quantity":1,"price":51},{"name":"Silver ore","id":442,"quantity":1,"price":51},{"name":"Silver ore","id":442,"quantity":1,"price":51}],"date":"Aug 23, 2022, 9:58:54 AM"}
{"name":"Chaos Golem","level":70,"killCount":-1,"type":"NPC","drops":[{"name":"Clay","id":434,"quantity":1,"price":120},{"name":"Clay","id":434,"quantity":1,"price":120},{"name":"Clay","id":434,"quantity":1,"price":120},{"name":"Clay","id":434,"quantity":1,"price":120}],"date":"Aug 23, 2022, 9:59:22 AM"}
{"name":"Chaos Golem","level":70,"killCount":-1,"type":"NPC","drops":[{"name":"Barronite shards","id":25676,"quantity":13,"price":0},{"name":"Chaos core","id":25700,"quantity":1,"price":0},{"name":"Rune essence","id":1437,"quantity":4,"price":13}],"date":"Aug 23, 2022, 9:59:38 AM"}
{"name":"Chaos Golem","level":70,"killCount":-1,"type":"NPC","drops":[{"name":"Uncut sapphire","id":1623,"quantity":1,"price":336}],"date":"Aug 23, 2022, 9:59:55 AM"}
{"name":"Chaos Golem","level":70,"killCount":-1,"type":"NPC","drops":[{"name":"Barronite shards","id":25676,"quantity":19,"price":0},{"name":"Chaos core","id":25700,"quantity":1,"price":0},{"name":"Clay","id":434,"quantity":1,"price":120},{"name":"Clay","id":434,"quantity":1,"price":120},{"name":"Clay","id":434,"quantity":1,"price":120},{"name":"Clay","id":434,"quantity":1,"price":120}],"date":"Aug 23, 2022, 10:00:21 AM"}
{"name":"Chaos Golem","level":70,"killCount":-1,"type":"NPC","drops":[{"name":"Silver ore","id":442,"quantity":1,"price":51},{"name":"Silver ore","id":442,"quantity":1,"price":51},{"name":"Silver ore","id":442,"quantity":1,"price":51}],"date":"Aug 23, 2022, 10:00:49 AM"}
{"name":"Chaos Golem","level":70,"killCount":-1,"type":"NPC","drops":[{"name":"Barronite shards","id":25676,"quantity":23,"price":0},{"name":"Rune essence","id":1437,"quantity":5,"price":13}],"date":"Aug 23, 2022, 10:01:18 AM"}
{"name":"Chaos Golem","level":70,"killCount":-1,"type":"NPC","drops":[{"name":"Chaos rune","id":562,"quantity":6,"price":61}],"date":"Aug 23, 2022, 10:01:48 AM"}
{"name":"Chaos Golem","level":70,"killCount":-1,"type":"NPC","drops":[{"name":"Barronite shards","id":25676,"quantity":15,"price":0},{"name":"Rune essence","id":1437,"quantity":5,"price":13}],"date":"Aug 23, 2022, 10:02:13 AM"}
{"name":"Chaos Golem","level":70,"killCount":-1,"type":"NPC","drops":[{"name":"Rune essence","id":1437,"quantity":4,"price":13}],"date":"Aug 23, 2022, 10:02:30 AM"}
{"name":"Chaos Golem","level":70,"killCount":-1,"type":"NPC","drops":[{"name":"Gold ore","id":444,"quantity":1,"price":192},{"name":"Gold ore","id":444,"quantity":1,"price":192}],"date":"Aug 23, 2022, 10:03:21 AM"}
{"name":"Chaos Golem","level":70,"killCount":-1,"type":"NPC","drops":[{"name":"Chaos rune","id":562,"quantity":7,"price":60}],"date":"Aug 23, 2022, 10:03:45 AM"}
{"name":"Chaos Golem","level":70,"killCount":-1,"type":"NPC","drops":[{"name":"Chaos rune","id":562,"quantity":10,"price":60}],"date":"Aug 23, 2022, 10:04:16 AM"}
{"name":"Chaos Golem","level":70,"killCount":-1,"type":"NPC","drops":[{"name":"Barronite shards","id":25676,"quantity":18,"price":0},{"name":"Uncut sapphire","id":1623,"quantity":1,"price":336}],"date":"Aug 23, 2022, 10:04:33 AM"}
{"name":"Chaos Golem","level":70,"killCount":-1,"type":"NPC","drops":[{"name":"Rune essence","id":1437,"quantity":5,"price":14}],"date":"Aug 23, 2022, 10:05:07 AM"}
{"name":"Chaos Golem","level":70,"killCount":-1,"type":"NPC","drops":[{"name":"Iron ore","id":440,"quantity":1,"price":130},{"name":"Iron ore","id":440,"quantity":1,"price":130},{"name":"Iron ore","id":440,"quantity":1,"price":130},{"name":"Iron ore","id":440,"quantity":1,"price":130}],"date":"Aug 23, 2022, 10:05:31 AM"}
{"name":"Chaos Golem","level":70,"killCount":-1,"type":"NPC","drops":[{"name":"Iron ore","id":440,"quantity":1,"price":130},{"name":"Iron ore","id":440,"quantity":1,"price":130},{"name":"Iron ore","id":440,"quantity":1,"price":130},{"name":"Iron ore","id":440,"quantity":1,"price":130}],"date":"Aug 23, 2022, 10:06:19 AM"}
{"name":"Chaos Golem","level":70,"killCount":-1,"type":"NPC","drops":[{"name":"Chaos rune","id":562,"quantity":7,"price":60}],"date":"Aug 23, 2022, 10:10:06 AM"}
{"name":"Chaos Golem","level":70,"killCount":-1,"type":"NPC","drops":[{"name":"Barronite shards","id":25676,"quantity":23,"price":0},{"name":"Silver ore","id":442,"quantity":1,"price":53},{"name":"Silver ore","id":442,"quantity":1,"price":53},{"name":"Silver ore","id":442,"quantity":1,"price":53}],"date":"Aug 23, 2022, 10:10:34 AM"}
{"name":"Chaos Golem","level":70,"killCount":-1,"type":"NPC","drops":[{"name":"Uncut emerald","id":1621,"quantity":1,"price":526}],"date":"Aug 23, 2022, 10:11:02 AM"}
{"name":"Chaos Golem","level":70,"killCount":-1,"type":"NPC","drops":[{"name":"Rune essence","id":1437,"quantity":6,"price":14}],"date":"Aug 23, 2022, 10:11:42 AM"}
{"name":"Chaos Golem","level":70,"killCount":-1,"type":"NPC","drops":[{"name":"Barronite shards","id":25676,"quantity":17,"price":0},{"name":"Gold ore","id":444,"quantity":1,"price":195},{"name":"Gold ore","id":444,"quantity":1,"price":195}],"date":"Aug 23, 2022, 10:12:00 AM"}
{"name":"Chaos Golem","level":70,"killCount":-1,"type":"NPC","drops":[{"name":"Chaos rune","id":562,"quantity":9,"price":60}],"date":"Aug 23, 2022, 10:12:46 AM"}
{"name":"Chaos Golem","level":70,"killCount":-1,"type":"NPC","drops":[{"name":"Chaos rune","id":562,"quantity":9,"price":60}],"date":"Aug 23, 2022, 10:13:08 AM"}
{"name":"Chaos Golem","level":70,"killCount":-1,"type":"NPC","drops":[{"name":"Barronite shards","id":25676,"quantity":20,"price":0},{"name":"Silver ore","id":442,"quantity":1,"price":53},{"name":"Silver ore","id":442,"quantity":1,"price":53},{"name":"Silver ore","id":442,"quantity":1,"price":53}],"date":"Aug 23, 2022, 10:13:46 AM"}
{"name":"Chaos Golem","level":70,"killCount":-1,"type":"NPC","drops":[{"name":"Uncut sapphire","id":1623,"quantity":1,"price":336}],"date":"Aug 23, 2022, 10:14:03 AM"}
{"name":"Chaos Golem","level":70,"killCount":-1,"type":"NPC","drops":[{"name":"Iron ore","id":440,"quantity":1,"price":130},{"name":"Iron ore","id":440,"quantity":1,"price":130},{"name":"Iron ore","id":440,"quantity":1,"price":130}],"date":"Aug 23, 2022, 10:14:33 AM"}
{"name":"Chaos Golem","level":70,"killCount":-1,"type":"NPC","drops":[{"name":"Rune essence","id":1437,"quantity":5,"price":14}],"date":"Aug 23, 2022, 10:15:04 AM"}
{"name":"Chaos Golem","level":70,"killCount":-1,"type":"NPC","drops":[{"name":"Uncut ruby","id":1619,"quantity":1,"price":1124}],"date":"Aug 23, 2022, 10:15:40 AM"}
{"name":"Chaos Golem","level":70,"killCount":-1,"type":"NPC","drops":[{"name":"Chaos core","id":25700,"quantity":1,"price":0},{"name":"Uncut emerald","id":1621,"quantity":1,"price":526}],"date":"Aug 23, 2022, 10:16:11 AM"}
{"name":"Chaos Golem","level":70,"killCount":-1,"type":"NPC","drops":[{"name":"Gold ore","id":444,"quantity":1,"price":195},{"name":"Gold ore","id":444,"quantity":1,"price":195}],"date":"Aug 23, 2022, 10:16:33 AM"}
{"name":"Chaos Golem","level":70,"killCount":-1,"type":"NPC","drops":[{"name":"Gold ore","id":444,"quantity":1,"price":195},{"name":"Gold ore","id":444,"quantity":1,"price":195},{"name":"Gold ore","id":444,"quantity":1,"price":195}],"date":"Aug 23, 2022, 10:17:08 AM"}
{"name":"Chaos Golem","level":70,"killCount":-1,"type":"NPC","drops":[{"name":"Clay","id":434,"quantity":1,"price":120},{"name":"Clay","id":434,"quantity":1,"price":120},{"name":"Clay","id":434,"quantity":1,"price":120},{"name":"Clay","id":434,"quantity":1,"price":120}],"date":"Aug 23, 2022, 10:17:44 AM"}
{"name":"Chaos Golem","level":70,"killCount":-1,"type":"NPC","drops":[{"name":"Barronite shards","id":25676,"quantity":13,"price":0},{"name":"Chaos core","id":25700,"quantity":1,"price":0},{"name":"Gold ore","id":444,"quantity":1,"price":195},{"name":"Gold ore","id":444,"quantity":1,"price":195},{"name":"Gold ore","id":444,"quantity":1,"price":195}],"date":"Aug 23, 2022, 10:20:10 AM"}
{"name":"Chaos Golem","level":70,"killCount":-1,"type":"NPC","drops":[{"name":"Clay","id":434,"quantity":1,"price":120},{"name":"Clay","id":434,"quantity":1,"price":120},{"name":"Clay","id":434,"quantity":1,"price":120}],"date":"Aug 23, 2022, 10:20:36 AM"}
{"name":"Chaos Golem","level":70,"killCount":-1,"type":"NPC","drops":[{"name":"Silver ore","id":442,"quantity":1,"price":53},{"name":"Silver ore","id":442,"quantity":1,"price":53},{"name":"Silver ore","id":442,"quantity":1,"price":53}],"date":"Aug 23, 2022, 10:21:05 AM"}
{"name":"Chaos Golem","level":70,"killCount":-1,"type":"NPC","drops":[{"name":"Chaos core","id":25700,"quantity":1,"price":0},{"name":"Rune essence","id":1437,"quantity":4,"price":14}],"date":"Aug 23, 2022, 10:21:39 AM"}
{"name":"Chaos Golem","level":70,"killCount":-1,"type":"NPC","drops":[{"name":"Chaos core","id":25700,"quantity":1,"price":0},{"name":"Gold ore","id":444,"quantity":1,"price":195},{"name":"Gold ore","id":444,"quantity":1,"price":195}],"date":"Aug 23, 2022, 10:22:15 AM"}
{"name":"Chaos Golem","level":70,"killCount":-1,"type":"NPC","drops":[{"name":"Rune essence","id":1437,"quantity":6,"price":14}],"date":"Aug 23, 2022, 10:23:36 AM"}
{"name":"Chaos Golem","level":70,"killCount":-1,"type":"NPC","drops":[{"name":"Chaos rune","id":562,"quantity":8,"price":60}],"date":"Aug 23, 2022, 10:24:11 AM"}
{"name":"Chaos Golem","level":70,"killCount":-1,"type":"NPC","drops":[{"name":"Iron ore","id":440,"quantity":1,"price":130},{"name":"Iron ore","id":440,"quantity":1,"price":130},{"name":"Iron ore","id":440,"quantity":1,"price":130},{"name":"Iron ore","id":440,"quantity":1,"price":130}],"date":"Aug 23, 2022, 10:24:38 AM"}
{"name":"Chaos Golem","level":70,"killCount":-1,"type":"NPC","drops":[{"name":"Silver ore","id":442,"quantity":1,"price":53},{"name":"Silver ore","id":442,"quantity":1,"price":53},{"name":"Silver ore","id":442,"quantity":1,"price":53},{"name":"Silver ore","id":442,"quantity":1,"price":53}],"date":"Aug 23, 2022, 10:25:02 AM"}
{"name":"Chaos Golem","level":70,"killCount":-1,"type":"NPC","drops":[{"name":"Rune essence","id":1437,"quantity":6,"price":14}],"date":"Aug 23, 2022, 10:25:30 AM"}
{"name":"Chaos Golem","level":70,"killCount":-1,"type":"NPC","drops":[{"name":"Barronite shards","id":25676,"quantity":12,"price":0},{"name":"Rune essence","id":1437,"quantity":6,"price":14}],"date":"Aug 23, 2022, 10:26:27 AM"}
{"name":"Chaos Golem","level":70,"killCount":-1,"type":"NPC","drops":[{"name":"Clay","id":434,"quantity":1,"price":120},{"name":"Clay","id":434,"quantity":1,"price":120},{"name":"Clay","id":434,"quantity":1,"price":120},{"name":"Clay","id":434,"quantity":1,"price":120}],"date":"Aug 23, 2022, 10:26:56 AM"}
{"name":"Chaos Golem","level":70,"killCount":-1,"type":"NPC","drops":[{"name":"Barronite shards","id":25676,"quantity":13,"price":0},{"name":"Uncut sapphire","id":1623,"quantity":1,"price":336}],"date":"Aug 23, 2022, 10:27:23 AM"}
{"name":"Chaos Golem","level":70,"killCount":-1,"type":"NPC","drops":[{"name":"Barronite shards","id":25676,"quantity":22,"price":0},{"name":"Chaos core","id":25700,"quantity":1,"price":0},{"name":"Silver ore","id":442,"quantity":1,"price":53},{"name":"Silver ore","id":442,"quantity":1,"price":53},{"name":"Silver ore","id":442,"quantity":1,"price":53}],"date":"Aug 23, 2022, 10:27:50 AM"}
{"name":"Chaos Golem","level":70,"killCount":-1,"type":"NPC","drops":[{"name":"Barronite shards","id":25676,"quantity":23,"price":0},{"name":"Uncut diamond","id":1617,"quantity":1,"price":2621}],"date":"Aug 23, 2022, 10:28:23 AM"}
{"name":"Chaos Golem","level":70,"killCount":-1,"type":"NPC","drops":[{"name":"Clay","id":434,"quantity":1,"price":120},{"name":"Clay","id":434,"quantity":1,"price":120},{"name":"Clay","id":434,"quantity":1,"price":120},{"name":"Clay","id":434,"quantity":1,"price":120}],"date":"Aug 23, 2022, 10:28:52 AM"}
{"name":"Chaos Golem","level":70,"killCount":-1,"type":"NPC","drops":[{"name":"Barronite shards","id":25676,"quantity":14,"price":0},{"name":"Chaos rune","id":562,"quantity":7,"price":60}],"date":"Aug 23, 2022, 10:29:14 AM"}
{"name":"Chaos Golem","level":70,"killCount":-1,"type":"NPC","drops":[{"name":"Uncut sapphire","id":1623,"quantity":1,"price":336}],"date":"Aug 23, 2022, 10:30:08 AM"}
{"name":"Chaos Golem","level":70,"killCount":-1,"type":"NPC","drops":[{"name":"Chaos rune","id":562,"quantity":9,"price":60}],"date":"Aug 23, 2022, 10:30:41 AM"}
{"name":"Chaos Golem","level":70,"killCount":-1,"type":"NPC","drops":[{"name":"Rune essence","id":1437,"quantity":5,"price":14}],"date":"Aug 23, 2022, 10:31:13 AM"}
{"name":"Chaos Golem","level":70,"killCount":-1,"type":"NPC","drops":[{"name":"Iron ore","id":440,"quantity":1,"price":130},{"name":"Iron ore","id":440,"quantity":1,"price":130},{"name":"Iron ore","id":440,"quantity":1,"price":130}],"date":"Aug 23, 2022, 10:31:37 AM"}
{"name":"Chaos Golem","level":70,"killCount":-1,"type":"NPC","drops":[{"name":"Chaos talisman","id":1452,"quantity":1,"price":126}],"date":"Aug 23, 2022, 10:31:59 AM"}
{"name":"Chaos Golem","level":70,"killCount":-1,"type":"NPC","drops":[{"name":"Barronite shards","id":25676,"quantity":18,"price":0},{"name":"Uncut sapphire","id":1623,"quantity":1,"price":338}],"date":"Aug 23, 2022, 10:33:43 AM"}
{"name":"Chaos Golem","level":70,"killCount":-1,"type":"NPC","drops":[{"name":"Clay","id":434,"quantity":1,"price":120},{"name":"Clay","id":434,"quantity":1,"price":120},{"name":"Clay","id":434,"quantity":1,"price":120},{"name":"Clay","id":434,"quantity":1,"price":120}],"date":"Aug 23, 2022, 10:34:19 AM"}
{"name":"Chaos Golem","level":70,"killCount":-1,"type":"NPC","drops":[{"name":"Chaos rune","id":562,"quantity":10,"price":63}],"date":"Aug 23, 2022, 10:34:49 AM"}
{"name":"Chaos Golem","level":70,"killCount":-1,"type":"NPC","drops":[{"name":"Barronite shards","id":25676,"quantity":19,"price":0},{"name":"Chaos rune","id":562,"quantity":7,"price":63}],"date":"Aug 23, 2022, 10:35:18 AM"}
{"name":"Chaos Golem","level":70,"killCount":-1,"type":"NPC","drops":[{"name":"Chaos rune","id":562,"quantity":6,"price":63}],"date":"Aug 23, 2022, 10:35:54 AM"}
{"name":"Chaos Golem","level":70,"killCount":-1,"type":"NPC","drops":[{"name":"Chaos rune","id":562,"quantity":9,"price":63}],"date":"Aug 23, 2022, 10:36:31 AM"}
{"name":"Chaos Golem","level":70,"killCount":-1,"type":"NPC","drops":[{"name":"Iron ore","id":440,"quantity":1,"price":131},{"name":"Iron ore","id":440,"quantity":1,"price":131},{"name":"Iron ore","id":440,"quantity":1,"price":131}],"date":"Aug 23, 2022, 10:37:02 AM"}
{"name":"Chaos Golem","level":70,"killCount":-1,"type":"NPC","drops":[{"name":"Barronite shards","id":25676,"quantity":18,"price":0},{"name":"Chaos talisman","id":1452,"quantity":1,"price":126}],"date":"Aug 23, 2022, 10:37:24 AM"}
{"name":"Chaos Golem","level":70,"killCount":-1,"type":"NPC","drops":[{"name":"Chaos core","id":25700,"quantity":1,"price":0},{"name":"Uncut sapphire","id":1623,"quantity":1,"price":338}],"date":"Aug 23, 2022, 10:37:49 AM"}
{"name":"Chaos Golem","level":70,"killCount":-1,"type":"NPC","drops":[{"name":"Iron ore","id":440,"quantity":1,"price":131},{"name":"Iron ore","id":440,"quantity":1,"price":131},{"name":"Iron ore","id":440,"quantity":1,"price":131}],"date":"Aug 23, 2022, 10:38:15 AM"}
{"name":"Chaos Golem","level":70,"killCount":-1,"type":"NPC","drops":[{"name":"Clay","id":434,"quantity":1,"price":120},{"name":"Clay","id":434,"quantity":1,"price":120},{"name":"Clay","id":434,"quantity":1,"price":120},{"name":"Clay","id":434,"quantity":1,"price":120}],"date":"Aug 23, 2022, 10:39:00 AM"}
{"name":"Chaos Golem","level":70,"killCount":-1,"type":"NPC","drops":[{"name":"Gold ore","id":444,"quantity":1,"price":187},{"name":"Gold ore","id":444,"quantity":1,"price":187}],"date":"Aug 23, 2022, 10:39:34 AM"}
{"name":"Chaos Golem","level":70,"killCount":-1,"type":"NPC","drops":[{"name":"Iron ore","id":440,"quantity":1,"price":131},{"name":"Iron ore","id":440,"quantity":1,"price":131},{"name":"Iron ore","id":440,"quantity":1,"price":131}],"date":"Aug 23, 2022, 10:39:59 AM"}
{"name":"Chaos Golem","level":70,"killCount":-1,"type":"NPC","drops":[{"name":"Barronite shards","id":25676,"quantity":14,"price":0},{"name":"Gold ore","id":444,"quantity":1,"price":187},{"name":"Gold ore","id":444,"quantity":1,"price":187},{"name":"Gold ore","id":444,"quantity":1,"price":187}],"date":"Aug 23, 2022, 10:40:27 AM"}
{"name":"Chaos Golem","level":70,"killCount":-1,"type":"NPC","drops":[{"name":"Uncut ruby","id":1619,"quantity":1,"price":1126}],"date":"Aug 23, 2022, 10:40:57 AM"}
{"name":"Chaos Golem","level":70,"killCount":-1,"type":"NPC","drops":[{"name":"Barronite shards","id":25676,"quantity":23,"price":0},{"name":"Gold ore","id":444,"quantity":1,"price":187},{"name":"Gold ore","id":444,"quantity":1,"price":187},{"name":"Gold ore","id":444,"quantity":1,"price":187}],"date":"Aug 23, 2022, 10:41:53 AM"}
{"name":"Chaos Golem","level":70,"killCount":-1,"type":"NPC","drops":[{"name":"Barronite shards","id":25676,"quantity":18,"price":0},{"name":"Iron ore","id":440,"quantity":1,"price":131},{"name":"Iron ore","id":440,"quantity":1,"price":131},{"name":"Iron ore","id":440,"quantity":1,"price":131},{"name":"Iron ore","id":440,"quantity":1,"price":131}],"date":"Aug 23, 2022, 10:42:25 AM"}
{"name":"Chaos Golem","level":70,"killCount":-1,"type":"NPC","drops":[{"name":"Clay","id":434,"quantity":1,"price":120},{"name":"Clay","id":434,"quantity":1,"price":120},{"name":"Clay","id":434,"quantity":1,"price":120}],"date":"Aug 23, 2022, 10:42:49 AM"}
{"name":"Chaos Golem","level":70,"killCount":-1,"type":"NPC","drops":[{"name":"Uncut ruby","id":1619,"quantity":1,"price":1126}],"date":"Aug 23, 2022, 10:43:20 AM"}
{"name":"Chaos Golem","level":70,"killCount":-1,"type":"NPC","drops":[{"name":"Barronite shards","id":25676,"quantity":14,"price":0},{"name":"Chaos rune","id":562,"quantity":6,"price":63}],"date":"Aug 23, 2022, 10:43:50 AM"}
{"name":"Chaos Golem","level":70,"killCount":-1,"type":"NPC","drops":[{"name":"Gold ore","id":444,"quantity":1,"price":187},{"name":"Gold ore","id":444,"quantity":1,"price":187}],"date":"Aug 23, 2022, 10:44:23 AM"}
{"name":"Chaos Golem","level":70,"killCount":-1,"type":"NPC","drops":[{"name":"Barronite shards","id":25676,"quantity":22,"price":0},{"name":"Chaos rune","id":562,"quantity":9,"price":63}],"date":"Aug 23, 2022, 10:44:48 AM"}
{"name":"Chaos Golem","level":70,"killCount":-1,"type":"NPC","drops":[{"name":"Barronite shards","id":25676,"quantity":22,"price":0},{"name":"Uncut ruby","id":1619,"quantity":1,"price":1126}],"date":"Aug 23, 2022, 10:45:14 AM"}
{"name":"Chaos Golem","level":70,"killCount":-1,"type":"NPC","drops":[{"name":"Iron ore","id":440,"quantity":1,"price":131},{"name":"Iron ore","id":440,"quantity":1,"price":131},{"name":"Iron ore","id":440,"quantity":1,"price":131}],"date":"Aug 23, 2022, 10:45:51 AM"}
{"name":"Chaos Golem","level":70,"killCount":-1,"type":"NPC","drops":[{"name":"Iron ore","id":440,"quantity":1,"price":131},{"name":"Iron ore","id":440,"quantity":1,"price":131},{"name":"Iron ore","id":440,"quantity":1,"price":131}],"date":"Aug 23, 2022, 10:46:12 AM"}
{"name":"Chaos Golem","level":70,"killCount":-1,"type":"NPC","drops":[{"name":"Chaos rune","id":562,"quantity":7,"price":63}],"date":"Aug 23, 2022, 10:46:37 AM"}
{"name":"Chaos Golem","level":70,"killCount":-1,"type":"NPC","drops":[{"name":"Uncut sapphire","id":1623,"quantity":1,"price":338}],"date":"Aug 23, 2022, 10:47:13 AM"}
{"name":"Chaos Golem","level":70,"killCount":-1,"type":"NPC","drops":[{"name":"Silver ore","id":442,"quantity":1,"price":51},{"name":"Silver ore","id":442,"quantity":1,"price":51},{"name":"Silver ore","id":442,"quantity":1,"price":51},{"name":"Silver ore","id":442,"quantity":1,"price":51}],"date":"Aug 23, 2022, 10:47:48 AM"}
{"name":"Chaos Golem","level":70,"killCount":-1,"type":"NPC","drops":[{"name":"Barronite shards","id":25676,"quantity":20,"price":0},{"name":"Chaos core","id":25700,"quantity":1,"price":0},{"name":"Rune essence","id":1437,"quantity":6,"price":14}],"date":"Aug 23, 2022, 10:48:09 AM"}
{"name":"Chaos Golem","level":70,"killCount":-1,"type":"NPC","drops":[{"name":"Barronite shards","id":25676,"quantity":12,"price":0},{"name":"Gold ore","id":444,"quantity":1,"price":187},{"name":"Gold ore","id":444,"quantity":1,"price":187}],"date":"Aug 23, 2022, 10:48:55 AM"}
{"name":"Chaos Golem","level":70,"killCount":-1,"type":"NPC","drops":[{"name":"Uncut emerald","id":1621,"quantity":1,"price":525}],"date":"Aug 23, 2022, 10:49:37 AM"}
{"name":"Chaos Golem","level":70,"killCount":-1,"type":"NPC","drops":[{"name":"Iron ore","id":440,"quantity":1,"price":131},{"name":"Iron ore","id":440,"quantity":1,"price":131},{"name":"Iron ore","id":440,"quantity":1,"price":131},{"name":"Iron ore","id":440,"quantity":1,"price":131}],"date":"Aug 23, 2022, 10:50:15 AM"}
{"name":"Chaos Golem","level":70,"killCount":-1,"type":"NPC","drops":[{"name":"Uncut sapphire","id":1623,"quantity":1,"price":338}],"date":"Aug 23, 2022, 10:50:36 AM"}
{"name":"Chaos Golem","level":70,"killCount":-1,"type":"NPC","drops":[{"name":"Clay","id":434,"quantity":1,"price":120},{"name":"Clay","id":434,"quantity":1,"price":120},{"name":"Clay","id":434,"quantity":1,"price":120}],"date":"Aug 23, 2022, 10:50:54 AM"}
{"name":"Chaos Golem","level":70,"killCount":-1,"type":"NPC","drops":[{"name":"Barronite shards","id":25676,"quantity":13,"price":0},{"name":"Clay","id":434,"quantity":1,"price":120},{"name":"Clay","id":434,"quantity":1,"price":120},{"name":"Clay","id":434,"quantity":1,"price":120}],"date":"Aug 23, 2022, 10:51:18 AM"}
{"name":"Chaos Golem","level":70,"killCount":-1,"type":"NPC","drops":[{"name":"Chaos core","id":25700,"quantity":1,"price":0},{"name":"Uncut emerald","id":1621,"quantity":1,"price":525}],"date":"Aug 23, 2022, 10:52:09 AM"}
{"name":"Chaos Golem","level":70,"killCount":-1,"type":"NPC","drops":[{"name":"Chaos rune","id":562,"quantity":6,"price":63}],"date":"Aug 23, 2022, 10:52:31 AM"}
{"name":"Chaos Golem","level":70,"killCount":-1,"type":"NPC","drops":[{"name":"Barronite shards","id":25676,"quantity":20,"price":0},{"name":"Clay","id":434,"quantity":1,"price":120},{"name":"Clay","id":434,"quantity":1,"price":120},{"name":"Clay","id":434,"quantity":1,"price":120},{"name":"Clay","id":434,"quantity":1,"price":120}],"date":"Aug 23, 2022, 10:52:56 AM"}
{"name":"Chaos Golem","level":70,"killCount":-1,"type":"NPC","drops":[{"name":"Silver ore","id":442,"quantity":1,"price":51},{"name":"Silver ore","id":442,"quantity":1,"price":51},{"name":"Silver ore","id":442,"quantity":1,"price":51}],"date":"Aug 23, 2022, 10:53:41 AM"}
{"name":"Chaos Golem","level":70,"killCount":-1,"type":"NPC","drops":[{"name":"Chaos core","id":25700,"quantity":1,"price":0},{"name":"Silver ore","id":442,"quantity":1,"price":51},{"name":"Silver ore","id":442,"quantity":1,"price":51},{"name":"Silver ore","id":442,"quantity":1,"price":51}],"date":"Aug 23, 2022, 10:54:26 AM"}
{"name":"Chaos Golem","level":70,"killCount":-1,"type":"NPC","drops":[{"name":"Chaos rune","id":562,"quantity":8,"price":63}],"date":"Aug 23, 2022, 10:55:00 AM"}
{"name":"Chaos Golem","level":70,"killCount":-1,"type":"NPC","drops":[{"name":"Barronite shards","id":25676,"quantity":22,"price":0},{"name":"Uncut emerald","id":1621,"quantity":1,"price":525}],"date":"Aug 23, 2022, 10:55:26 AM"}
{"name":"Chaos Golem","level":70,"killCount":-1,"type":"NPC","drops":[{"name":"Gold ore","id":444,"quantity":1,"price":187},{"name":"Gold ore","id":444,"quantity":1,"price":187}],"date":"Aug 23, 2022, 10:55:50 AM"}
{"name":"Chaos Golem","level":70,"killCount":-1,"type":"NPC","drops":[{"name":"Chaos rune","id":562,"quantity":6,"price":63}],"date":"Aug 23, 2022, 10:56:11 AM"}
{"name":"Chaos Golem","level":70,"killCount":-1,"type":"NPC","drops":[{"name":"Gold ore","id":444,"quantity":1,"price":187},{"name":"Gold ore","id":444,"quantity":1,"price":187}],"date":"Aug 23, 2022, 10:56:39 AM"}
{"name":"Chaos Golem","level":70,"killCount":-1,"type":"NPC","drops":[{"name":"Silver ore","id":442,"quantity":1,"price":51},{"name":"Silver ore","id":442,"quantity":1,"price":51},{"name":"Silver ore","id":442,"quantity":1,"price":51}],"date":"Aug 23, 2022, 10:58:45 AM"}
{"name":"Chaos Golem","level":70,"killCount":-1,"type":"NPC","drops":[{"name":"Gold ore","id":444,"quantity":1,"price":187},{"name":"Gold ore","id":444,"quantity":1,"price":187},{"name":"Gold ore","id":444,"quantity":1,"price":187}],"date":"Aug 23, 2022, 10:59:50 AM"}
{"name":"Chaos Golem","level":70,"killCount":-1,"type":"NPC","drops":[{"name":"Barronite shards","id":25676,"quantity":15,"price":0},{"name":"Gold ore","id":444,"quantity":1,"price":187},{"name":"Gold ore","id":444,"quantity":1,"price":187}],"date":"Aug 23, 2022, 11:00:13 AM"}
{"name":"Chaos Golem","level":70,"killCount":-1,"type":"NPC","drops":[{"name":"Barronite shards","id":25676,"quantity":23,"price":0},{"name":"Rune essence","id":1437,"quantity":4,"price":14}],"date":"Aug 23, 2022, 11:00:47 AM"}
{"name":"Chaos Golem","level":70,"killCount":-1,"type":"NPC","drops":[{"name":"Clay","id":434,"quantity":1,"price":120},{"name":"Clay","id":434,"quantity":1,"price":120},{"name":"Clay","id":434,"quantity":1,"price":120}],"date":"Aug 23, 2022, 11:01:30 AM"}
{"name":"Chaos Golem","level":70,"killCount":-1,"type":"NPC","drops":[{"name":"Clay","id":434,"quantity":1,"price":120},{"name":"Clay","id":434,"quantity":1,"price":120},{"name":"Clay","id":434,"quantity":1,"price":120},{"name":"Clay","id":434,"quantity":1,"price":120}],"date":"Aug 23, 2022, 11:01:51 AM"}
{"name":"Chaos Golem","level":70,"killCount":-1,"type":"NPC","drops":[{"name":"Gold ore","id":444,"quantity":1,"price":187},{"name":"Gold ore","id":444,"quantity":1,"price":187},{"name":"Gold ore","id":444,"quantity":1,"price":187}],"date":"Aug 23, 2022, 11:02:20 AM"}
{"name":"Chaos Golem","level":70,"killCount":-1,"type":"NPC","drops":[{"name":"Uncut sapphire","id":1623,"quantity":1,"price":338}],"date":"Aug 23, 2022, 11:02:51 AM"}
{"name":"Chaos Golem","level":70,"killCount":-1,"type":"NPC","drops":[{"name":"Barronite shards","id":25676,"quantity":21,"price":0},{"name":"Silver ore","id":442,"quantity":1,"price":51},{"name":"Silver ore","id":442,"quantity":1,"price":51},{"name":"Silver ore","id":442,"quantity":1,"price":51},{"name":"Silver ore","id":442,"quantity":1,"price":51}],"date":"Aug 23, 2022, 11:03:18 AM"}
{"name":"Chaos Golem","level":70,"killCount":-1,"type":"NPC","drops":[{"name":"Uncut emerald","id":1621,"quantity":1,"price":527}],"date":"Aug 23, 2022, 11:03:44 AM"}
{"name":"Chaos Golem","level":70,"killCount":-1,"type":"NPC","drops":[{"name":"Silver ore","id":442,"quantity":1,"price":51},{"name":"Silver ore","id":442,"quantity":1,"price":51},{"name":"Silver ore","id":442,"quantity":1,"price":51},{"name":"Silver ore","id":442,"quantity":1,"price":51}],"date":"Aug 23, 2022, 11:04:08 AM"}
{"name":"Chaos Golem","level":70,"killCount":-1,"type":"NPC","drops":[{"name":"Silver ore","id":442,"quantity":1,"price":51},{"name":"Silver ore","id":442,"quantity":1,"price":51},{"name":"Silver ore","id":442,"quantity":1,"price":51}],"date":"Aug 23, 2022, 11:04:25 AM"}
{"name":"Chaos Golem","level":70,"killCount":-1,"type":"NPC","drops":[{"name":"Silver ore","id":442,"quantity":1,"price":51},{"name":"Silver ore","id":442,"quantity":1,"price":51},{"name":"Silver ore","id":442,"quantity":1,"price":51}],"date":"Aug 23, 2022, 11:05:00 AM"}
{"name":"Chaos Golem","level":70,"killCount":-1,"type":"NPC","drops":[{"name":"Silver ore","id":442,"quantity":1,"price":51},{"name":"Silver ore","id":442,"quantity":1,"price":51},{"name":"Silver ore","id":442,"quantity":1,"price":51}],"date":"Aug 23, 2022, 11:06:28 AM"}
{"name":"Chaos Golem","level":70,"killCount":-1,"type":"NPC","drops":[{"name":"Chaos core","id":25700,"quantity":1,"price":0},{"name":"Clay","id":434,"quantity":1,"price":120},{"name":"Clay","id":434,"quantity":1,"price":120},{"name":"Clay","id":434,"quantity":1,"price":120},{"name":"Clay","id":434,"quantity":1,"price":120}],"date":"Aug 23, 2022, 11:07:01 AM"}
{"name":"Chaos Golem","level":70,"killCount":-1,"type":"NPC","drops":[{"name":"Barronite shards","id":25676,"quantity":15,"price":0},{"name":"Iron ore","id":440,"quantity":1,"price":129},{"name":"Iron ore","id":440,"quantity":1,"price":129},{"name":"Iron ore","id":440,"quantity":1,"price":129}],"date":"Aug 23, 2022, 11:07:39 AM"}
{"name":"Chaos Golem","level":70,"killCount":-1,"type":"NPC","drops":[{"name":"Uncut ruby","id":1619,"quantity":1,"price":1118}],"date":"Aug 23, 2022, 11:08:02 AM"}
{"name":"Chaos Golem","level":70,"killCount":-1,"type":"NPC","drops":[{"name":"Barronite shards","id":25676,"quantity":17,"price":0},{"name":"Uncut emerald","id":1621,"quantity":1,"price":527}],"date":"Aug 23, 2022, 11:08:27 AM"}
{"name":"Chaos Golem","level":70,"killCount":-1,"type":"NPC","drops":[{"name":"Barronite shards","id":25676,"quantity":14,"price":0},{"name":"Clay","id":434,"quantity":1,"price":120},{"name":"Clay","id":434,"quantity":1,"price":120},{"name":"Clay","id":434,"quantity":1,"price":120},{"name":"Clay","id":434,"quantity":1,"price":120}],"date":"Aug 23, 2022, 11:09:03 AM"}
{"name":"Chaos Golem","level":70,"killCount":-1,"type":"NPC","drops":[{"name":"Uncut ruby","id":1619,"quantity":1,"price":1118}],"date":"Aug 23, 2022, 11:09:49 AM"}
{"name":"Chaos Golem","level":70,"killCount":-1,"type":"NPC","drops":[{"name":"Chaos rune","id":562,"quantity":6,"price":66}],"date":"Aug 23, 2022, 11:10:18 AM"}
{"name":"Chaos Golem","level":70,"killCount":-1,"type":"NPC","drops":[{"name":"Clay","id":434,"quantity":1,"price":120},{"name":"Clay","id":434,"quantity":1,"price":120},{"name":"Clay","id":434,"quantity":1,"price":120}],"date":"Aug 23, 2022, 11:10:49 AM"}
{"name":"Chaos Golem","level":70,"killCount":-1,"type":"NPC","drops":[{"name":"Uncut sapphire","id":1623,"quantity":1,"price":336}],"date":"Aug 23, 2022, 11:11:30 AM"}
{"name":"Chaos Golem","level":70,"killCount":-1,"type":"NPC","drops":[{"name":"Silver ore","id":442,"quantity":1,"price":51},{"name":"Silver ore","id":442,"quantity":1,"price":51},{"name":"Silver ore","id":442,"quantity":1,"price":51},{"name":"Silver ore","id":442,"quantity":1,"price":51}],"date":"Aug 23, 2022, 11:13:03 AM"}
{"name":"Chaos Golem","level":70,"killCount":-1,"type":"NPC","drops":[{"name":"Gold ore","id":444,"quantity":1,"price":190},{"name":"Gold ore","id":444,"quantity":1,"price":190}],"date":"Aug 23, 2022, 11:13:30 AM"}
{"name":"Chaos Golem","level":70,"killCount":-1,"type":"NPC","drops":[{"name":"Barronite shards","id":25676,"quantity":24,"price":0},{"name":"Silver ore","id":442,"quantity":1,"price":51},{"name":"Silver ore","id":442,"quantity":1,"price":51},{"name":"Silver ore","id":442,"quantity":1,"price":51}],"date":"Aug 23, 2022, 11:14:15 AM"}
{"name":"Chaos Golem","level":70,"killCount":-1,"type":"NPC","drops":[{"name":"Barronite shards","id":25676,"quantity":17,"price":0},{"name":"Rune essence","id":1437,"quantity":6,"price":14}],"date":"Aug 23, 2022, 11:16:21 AM"}
{"name":"Chaos Golem","level":70,"killCount":-1,"type":"NPC","drops":[{"name":"Chaos rune","id":562,"quantity":9,"price":66}],"date":"Aug 23, 2022, 11:17:02 AM"}
{"name":"Chaos Golem","level":70,"killCount":-1,"type":"NPC","drops":[{"name":"Chaos core","id":25700,"quantity":1,"price":0},{"name":"Chaos rune","id":562,"quantity":7,"price":66}],"date":"Aug 23, 2022, 11:17:29 AM"}
{"name":"Chaos Golem","level":70,"killCount":-1,"type":"NPC","drops":[{"name":"Clay","id":434,"quantity":1,"price":120},{"name":"Clay","id":434,"quantity":1,"price":120},{"name":"Clay","id":434,"quantity":1,"price":120},{"name":"Clay","id":434,"quantity":1,"price":120}],"date":"Aug 23, 2022, 11:18:08 AM"}
{"name":"Chaos Golem","level":70,"killCount":-1,"type":"NPC","drops":[{"name":"Silver ore","id":442,"quantity":1,"price":51},{"name":"Silver ore","id":442,"quantity":1,"price":51},{"name":"Silver ore","id":442,"quantity":1,"price":51},{"name":"Silver ore","id":442,"quantity":1,"price":51}],"date":"Aug 23, 2022, 11:20:09 AM"}
{"name":"Chaos Golem","level":70,"killCount":-1,"type":"NPC","drops":[{"name":"Clay","id":434,"quantity":1,"price":120},{"name":"Clay","id":434,"quantity":1,"price":120},{"name":"Clay","id":434,"quantity":1,"price":120}],"date":"Aug 23, 2022, 11:21:00 AM"}
{"name":"Chaos Golem","level":70,"killCount":-1,"type":"NPC","drops":[{"name":"Barronite shards","id":25676,"quantity":22,"price":0},{"name":"Uncut ruby","id":1619,"quantity":1,"price":1118}],"date":"Aug 23, 2022, 11:22:03 AM"}
{"name":"Chaos Golem","level":70,"killCount":-1,"type":"NPC","drops":[{"name":"Uncut ruby","id":1619,"quantity":1,"price":1118}],"date":"Aug 23, 2022, 11:23:20 AM"}
{"name":"Chaos Golem","level":70,"killCount":-1,"type":"NPC","drops":[{"name":"Uncut sapphire","id":1623,"quantity":1,"price":336}],"date":"Aug 23, 2022, 11:26:42 AM"}
{"name":"Chaos Golem","level":70,"killCount":-1,"type":"NPC","drops":[{"name":"Barronite shards","id":25676,"quantity":12,"price":0},{"name":"Silver ore","id":442,"quantity":1,"price":51},{"name":"Silver ore","id":442,"quantity":1,"price":51},{"name":"Silver ore","id":442,"quantity":1,"price":51},{"name":"Silver ore","id":442,"quantity":1,"price":51}],"date":"Aug 23, 2022, 11:27:08 AM"}
{"name":"Chaos Golem","level":70,"killCount":-1,"type":"NPC","drops":[{"name":"Iron ore","id":440,"quantity":1,"price":129},{"name":"Iron ore","id":440,"quantity":1,"price":129},{"name":"Iron ore","id":440,"quantity":1,"price":129}],"date":"Aug 23, 2022, 11:27:39 AM"}
{"name":"Chaos Golem","level":70,"killCount":-1,"type":"NPC","drops":[{"name":"Iron ore","id":440,"quantity":1,"price":129},{"name":"Iron ore","id":440,"quantity":1,"price":129},{"name":"Iron ore","id":440,"quantity":1,"price":129}],"date":"Aug 23, 2022, 11:28:15 AM"}
{"name":"Chaos Golem","level":70,"killCount":-1,"type":"NPC","drops":[{"name":"Barronite shards","id":25676,"quantity":14,"price":0},{"name":"Iron ore","id":440,"quantity":1,"price":129},{"name":"Iron ore","id":440,"quantity":1,"price":129},{"name":"Iron ore","id":440,"quantity":1,"price":129},{"name":"Iron ore","id":440,"quantity":1,"price":129}],"date":"Aug 23, 2022, 11:28:49 AM"}
{"name":"Chaos Golem","level":70,"killCount":-1,"type":"NPC","drops":[{"name":"Barronite shards","id":25676,"quantity":21,"price":0},{"name":"Uncut sapphire","id":1623,"quantity":1,"price":336}],"date":"Aug 23, 2022, 11:29:17 AM"}
{"name":"Chaos Golem","level":70,"killCount":-1,"type":"NPC","drops":[{"name":"Clay","id":434,"quantity":1,"price":120},{"name":"Clay","id":434,"quantity":1,"price":120},{"name":"Clay","id":434,"quantity":1,"price":120}],"date":"Aug 23, 2022, 11:29:54 AM"}
{"name":"Chaos Golem","level":70,"killCount":-1,"type":"NPC","drops":[{"name":"Iron ore","id":440,"quantity":1,"price":129},{"name":"Iron ore","id":440,"quantity":1,"price":129},{"name":"Iron ore","id":440,"quantity":1,"price":129},{"name":"Iron ore","id":440,"quantity":1,"price":129}],"date":"Aug 23, 2022, 11:31:11 AM"}
{"name":"Chaos Golem","level":70,"killCount":-1,"type":"NPC","drops":[{"name":"Chaos rune","id":562,"quantity":6,"price":66}],"date":"Aug 23, 2022, 11:31:38 AM"}
{"name":"Chaos Golem","level":70,"killCount":-1,"type":"NPC","drops":[{"name":"Rune essence","id":1437,"quantity":6,"price":14}],"date":"Aug 23, 2022, 11:32:08 AM"}
{"name":"Chaos Golem","level":70,"killCount":-1,"type":"NPC","drops":[{"name":"Iron ore","id":440,"quantity":1,"price":129},{"name":"Iron ore","id":440,"quantity":1,"price":129},{"name":"Iron ore","id":440,"quantity":1,"price":129}],"date":"Aug 23, 2022, 11:32:40 AM"}
{"name":"Chaos Golem","level":70,"killCount":-1,"type":"NPC","drops":[{"name":"Gold ore","id":444,"quantity":1,"price":190},{"name":"Gold ore","id":444,"quantity":1,"price":190},{"name":"Gold ore","id":444,"quantity":1,"price":190}],"date":"Aug 23, 2022, 11:33:11 AM"}
{"name":"Chaos Golem","level":70,"killCount":-1,"type":"NPC","drops":[{"name":"Silver ore","id":442,"quantity":1,"price":49},{"name":"Silver ore","id":442,"quantity":1,"price":49},{"name":"Silver ore","id":442,"quantity":1,"price":49},{"name":"Silver ore","id":442,"quantity":1,"price":49}],"date":"Aug 23, 2022, 11:33:34 AM"}
{"name":"Chaos Golem","level":70,"killCount":-1,"type":"NPC","drops":[{"name":"Barronite shards","id":25676,"quantity":24,"price":0},{"name":"Iron ore","id":440,"quantity":1,"price":128},{"name":"Iron ore","id":440,"quantity":1,"price":128},{"name":"Iron ore","id":440,"quantity":1,"price":128}],"date":"Aug 23, 2022, 11:34:06 AM"}
{"name":"Chaos Golem","level":70,"killCount":-1,"type":"NPC","drops":[{"name":"Iron ore","id":440,"quantity":1,"price":128},{"name":"Iron ore","id":440,"quantity":1,"price":128},{"name":"Iron ore","id":440,"quantity":1,"price":128}],"date":"Aug 23, 2022, 11:34:38 AM"}
{"name":"Chaos Golem","level":70,"killCount":-1,"type":"NPC","drops":[{"name":"Silver ore","id":442,"quantity":1,"price":49},{"name":"Silver ore","id":442,"quantity":1,"price":49},{"name":"Silver ore","id":442,"quantity":1,"price":49},{"name":"Silver ore","id":442,"quantity":1,"price":49}],"date":"Aug 23, 2022, 11:35:02 AM"}
{"name":"Chaos Golem","level":70,"killCount":-1,"type":"NPC","drops":[{"name":"Uncut emerald","id":1621,"quantity":1,"price":530}],"date":"Aug 23, 2022, 11:35:52 AM"}
{"name":"Chaos Golem","level":70,"killCount":-1,"type":"NPC","drops":[{"name":"Clay","id":434,"quantity":1,"price":120},{"name":"Clay","id":434,"quantity":1,"price":120},{"name":"Clay","id":434,"quantity":1,"price":120}],"date":"Aug 23, 2022, 11:36:17 AM"}
{"name":"Chaos Golem","level":70,"killCount":-1,"type":"NPC","drops":[{"name":"Chaos rune","id":562,"quantity":6,"price":60}],"date":"Aug 23, 2022, 11:36:46 AM"}
{"name":"Chaos Golem","level":70,"killCount":-1,"type":"NPC","drops":[{"name":"Silver ore","id":442,"quantity":1,"price":49},{"name":"Silver ore","id":442,"quantity":1,"price":49},{"name":"Silver ore","id":442,"quantity":1,"price":49},{"name":"Silver ore","id":442,"quantity":1,"price":49}],"date":"Aug 23, 2022, 11:37:14 AM"}
{"name":"Chaos Golem","level":70,"killCount":-1,"type":"NPC","drops":[{"name":"Uncut emerald","id":1621,"quantity":1,"price":530}],"date":"Aug 23, 2022, 11:37:50 AM"}
{"name":"Chaos Golem","level":70,"killCount":-1,"type":"NPC","drops":[{"name":"Barronite shards","id":25676,"quantity":18,"price":0},{"name":"Gold ore","id":444,"quantity":1,"price":188},{"name":"Gold ore","id":444,"quantity":1,"price":188},{"name":"Gold ore","id":444,"quantity":1,"price":188}],"date":"Aug 23, 2022, 11:38:20 AM"}
{"name":"Chaos Golem","level":70,"killCount":-1,"type":"NPC","drops":[{"name":"Barronite shards","id":25676,"quantity":18,"price":0},{"name":"Chaos rune","id":562,"quantity":8,"price":60}],"date":"Aug 23, 2022, 11:38:58 AM"}
{"name":"Chaos Golem","level":70,"killCount":-1,"type":"NPC","drops":[{"name":"Rune essence","id":1437,"quantity":5,"price":15}],"date":"Aug 23, 2022, 11:39:26 AM"}
{"name":"Chaos Golem","level":70,"killCount":-1,"type":"NPC","drops":[{"name":"Chaos core","id":25700,"quantity":1,"price":0},{"name":"Chaos rune","id":562,"quantity":8,"price":60}],"date":"Aug 23, 2022, 11:39:50 AM"}
{"name":"Chaos Golem","level":70,"killCount":-1,"type":"NPC","drops":[{"name":"Barronite shards","id":25676,"quantity":23,"price":0},{"name":"Chaos core","id":25700,"quantity":1,"price":0},{"name":"Gold ore","id":444,"quantity":1,"price":188},{"name":"Gold ore","id":444,"quantity":1,"price":188},{"name":"Gold ore","id":444,"quantity":1,"price":188}],"date":"Aug 23, 2022, 11:40:07 AM"}
{"name":"Chaos Golem","level":70,"killCount":-1,"type":"NPC","drops":[{"name":"Barronite shards","id":25676,"quantity":15,"price":0},{"name":"Chaos core","id":25700,"quantity":1,"price":0},{"name":"Chaos rune","id":562,"quantity":8,"price":60}],"date":"Aug 23, 2022, 11:40:43 AM"}
{"name":"Chaos Golem","level":70,"killCount":-1,"type":"NPC","drops":[{"name":"Barronite shards","id":25676,"quantity":24,"price":0},{"name":"Clay","id":434,"quantity":1,"price":120},{"name":"Clay","id":434,"quantity":1,"price":120},{"name":"Clay","id":434,"quantity":1,"price":120}],"date":"Aug 23, 2022, 11:41:19 AM"}
{"name":"Chaos Golem","level":70,"killCount":-1,"type":"NPC","drops":[{"name":"Barronite shards","id":25676,"quantity":18,"price":0},{"name":"Uncut ruby","id":1619,"quantity":1,"price":1152}],"date":"Aug 23, 2022, 11:41:41 AM"}
{"name":"Chaos Golem","level":70,"killCount":-1,"type":"NPC","drops":[{"name":"Gold ore","id":444,"quantity":1,"price":188},{"name":"Gold ore","id":444,"quantity":1,"price":188},{"name":"Gold ore","id":444,"quantity":1,"price":188}],"date":"Aug 23, 2022, 11:42:06 AM"}
{"name":"Chaos Golem","level":70,"killCount":-1,"type":"NPC","drops":[{"name":"Uncut emerald","id":1621,"quantity":1,"price":530}],"date":"Aug 23, 2022, 11:42:54 AM"}
{"name":"Chaos Golem","level":70,"killCount":-1,"type":"NPC","drops":[{"name":"Rune essence","id":1437,"quantity":4,"price":15}],"date":"Aug 23, 2022, 11:43:48 AM"}
{"name":"Chaos Golem","level":70,"killCount":-1,"type":"NPC","drops":[{"name":"Chaos core","id":25700,"quantity":1,"price":0},{"name":"Silver ore","id":442,"quantity":1,"price":49},{"name":"Silver ore","id":442,"quantity":1,"price":49},{"name":"Silver ore","id":442,"quantity":1,"price":49},{"name":"Silver ore","id":442,"quantity":1,"price":49}],"date":"Aug 23, 2022, 11:44:11 AM"}
{"name":"Chaos Golem","level":70,"killCount":-1,"type":"NPC","drops":[{"name":"Uncut diamond","id":1617,"quantity":1,"price":2626}],"date":"Aug 23, 2022, 11:45:36 AM"}
{"name":"Chaos Golem","level":70,"killCount":-1,"type":"NPC","drops":[{"name":"Chaos rune","id":562,"quantity":9,"price":60}],"date":"Aug 23, 2022, 11:45:53 AM"}
{"name":"Chaos Golem","level":70,"killCount":-1,"type":"NPC","drops":[{"name":"Barronite shards","id":25676,"quantity":15,"price":0},{"name":"Uncut sapphire","id":1623,"quantity":1,"price":341}],"date":"Aug 23, 2022, 11:46:19 AM"}
{"name":"Chaos Golem","level":70,"killCount":-1,"type":"NPC","drops":[{"name":"Barronite shards","id":25676,"quantity":23,"price":0},{"name":"Rune essence","id":1437,"quantity":4,"price":15}],"date":"Aug 23, 2022, 11:47:19 AM"}
{"name":"Chaos Golem","level":70,"killCount":-1,"type":"NPC","drops":[{"name":"Chaos rune","id":562,"quantity":7,"price":60}],"date":"Aug 23, 2022, 11:48:18 AM"}
{"name":"Chaos Golem","level":70,"killCount":-1,"type":"NPC","drops":[{"name":"Uncut sapphire","id":1623,"quantity":1,"price":341}],"date":"Aug 23, 2022, 11:49:30 AM"}
{"name":"Chaos Golem","level":70,"killCount":-1,"type":"NPC","drops":[{"name":"Silver ore","id":442,"quantity":1,"price":49},{"name":"Silver ore","id":442,"quantity":1,"price":49},{"name":"Silver ore","id":442,"quantity":1,"price":49}],"date":"Aug 23, 2022, 11:50:11 AM"}
{"name":"Chaos Golem","level":70,"killCount":-1,"type":"NPC","drops":[{"name":"Barronite shards","id":25676,"quantity":23,"price":0},{"name":"Uncut emerald","id":1621,"quantity":1,"price":530}],"date":"Aug 23, 2022, 11:50:29 AM"}
{"name":"Chaos Golem","level":70,"killCount":-1,"type":"NPC","drops":[{"name":"Chaos core","id":25700,"quantity":1,"price":0},{"name":"Chaos rune","id":562,"quantity":10,"price":60}],"date":"Aug 23, 2022, 11:50:49 AM"}
{"name":"Chaos Golem","level":70,"killCount":-1,"type":"NPC","drops":[{"name":"Barronite shards","id":25676,"quantity":22,"price":0},{"name":"Clay","id":434,"quantity":1,"price":120},{"name":"Clay","id":434,"quantity":1,"price":120},{"name":"Clay","id":434,"quantity":1,"price":120}],"date":"Aug 23, 2022, 11:51:21 AM"}
{"name":"Chaos Golem","level":70,"killCount":-1,"type":"NPC","drops":[{"name":"Clay","id":434,"quantity":1,"price":120},{"name":"Clay","id":434,"quantity":1,"price":120},{"name":"Clay","id":434,"quantity":1,"price":120},{"name":"Clay","id":434,"quantity":1,"price":120}],"date":"Aug 23, 2022, 11:51:52 AM"}
{"name":"Chaos Golem","level":70,"killCount":-1,"type":"NPC","drops":[{"name":"Chaos rune","id":562,"quantity":9,"price":60}],"date":"Aug 23, 2022, 11:52:27 AM"}
{"name":"Chaos Golem","level":70,"killCount":-1,"type":"NPC","drops":[{"name":"Uncut ruby","id":1619,"quantity":1,"price":1152}],"date":"Aug 23, 2022, 11:52:54 AM"}
{"name":"Chaos Golem","level":70,"killCount":-1,"type":"NPC","drops":[{"name":"Chaos talisman","id":1452,"quantity":1,"price":126}],"date":"Aug 23, 2022, 11:53:16 AM"}
{"name":"Chaos Golem","level":70,"killCount":-1,"type":"NPC","drops":[{"name":"Silver ore","id":442,"quantity":1,"price":49},{"name":"Silver ore","id":442,"quantity":1,"price":49},{"name":"Silver ore","id":442,"quantity":1,"price":49},{"name":"Silver ore","id":442,"quantity":1,"price":49}],"date":"Aug 23, 2022, 11:53:46 AM"}
{"name":"Chaos Golem","level":70,"killCount":-1,"type":"NPC","drops":[{"name":"Barronite shards","id":25676,"quantity":22,"price":0},{"name":"Chaos core","id":25700,"quantity":1,"price":0},{"name":"Rune essence","id":1437,"quantity":4,"price":15}],"date":"Aug 23, 2022, 11:54:07 AM"}
{"name":"Chaos Golem","level":70,"killCount":-1,"type":"NPC","drops":[{"name":"Clay","id":434,"quantity":1,"price":120},{"name":"Clay","id":434,"quantity":1,"price":120},{"name":"Clay","id":434,"quantity":1,"price":120},{"name":"Clay","id":434,"quantity":1,"price":120}],"date":"Aug 23, 2022, 11:55:11 AM"}
{"name":"Chaos Golem","level":70,"killCount":-1,"type":"NPC","drops":[{"name":"Barronite shards","id":25676,"quantity":20,"price":0},{"name":"Chaos core","id":25700,"quantity":1,"price":0},{"name":"Chaos rune","id":562,"quantity":5,"price":60}],"date":"Aug 23, 2022, 11:55:36 AM"}
{"name":"Chaos Golem","level":70,"killCount":-1,"type":"NPC","drops":[{"name":"Uncut ruby","id":1619,"quantity":1,"price":1152}],"date":"Aug 23, 2022, 11:56:01 AM"}
{"name":"Chaos Golem","level":70,"killCount":-1,"type":"NPC","drops":[{"name":"Uncut emerald","id":1621,"quantity":1,"price":530}],"date":"Aug 23, 2022, 11:56:29 AM"}
{"name":"Chaos Golem","level":70,"killCount":-1,"type":"NPC","drops":[{"name":"Rune essence","id":1437,"quantity":6,"price":15}],"date":"Aug 23, 2022, 11:56:49 AM"}
{"name":"Chaos Golem","level":70,"killCount":-1,"type":"NPC","drops":[{"name":"Uncut emerald","id":1621,"quantity":1,"price":530}],"date":"Aug 23, 2022, 11:57:18 AM"}
{"name":"Chaos Golem","level":70,"killCount":-1,"type":"NPC","drops":[{"name":"Rune essence","id":1437,"quantity":5,"price":15}],"date":"Aug 23, 2022, 11:57:49 AM"}
{"name":"Chaos Golem","level":70,"killCount":-1,"type":"NPC","drops":[{"name":"Chaos core","id":25700,"quantity":1,"price":0},{"name":"Chaos rune","id":562,"quantity":9,"price":60}],"date":"Aug 23, 2022, 11:58:18 AM"}
{"name":"Chaos Golem","level":70,"killCount":-1,"type":"NPC","drops":[{"name":"Gold ore","id":444,"quantity":1,"price":188},{"name":"Gold ore","id":444,"quantity":1,"price":188}],"date":"Aug 23, 2022, 11:59:47 AM"}
{"name":"Chaos Golem","level":70,"killCount":-1,"type":"NPC","drops":[{"name":"Iron ore","id":440,"quantity":1,"price":128},{"name":"Iron ore","id":440,"quantity":1,"price":128},{"name":"Iron ore","id":440,"quantity":1,"price":128}],"date":"Aug 23, 2022, 12:01:36 PM"}
{"name":"Chaos Golem","level":70,"killCount":-1,"type":"NPC","drops":[{"name":"Chaos core","id":25700,"quantity":1,"price":0},{"name":"Clay","id":434,"quantity":1,"price":120},{"name":"Clay","id":434,"quantity":1,"price":120},{"name":"Clay","id":434,"quantity":1,"price":120},{"name":"Clay","id":434,"quantity":1,"price":120}],"date":"Aug 23, 2022, 12:02:14 PM"}
{"name":"Chaos Golem","level":70,"killCount":-1,"type":"NPC","drops":[{"name":"Barronite shards","id":25676,"quantity":13,"price":0},{"name":"Chaos rune","id":562,"quantity":8,"price":60}],"date":"Aug 23, 2022, 12:02:47 PM"}
{"name":"Chaos Golem","level":70,"killCount":-1,"type":"NPC","drops":[{"name":"Barronite shards","id":25676,"quantity":19,"price":0},{"name":"Rune essence","id":1437,"quantity":4,"price":15}],"date":"Aug 23, 2022, 12:03:10 PM"}
{"name":"Chaos Golem","level":70,"killCount":-1,"type":"NPC","drops":[{"name":"Uncut diamond","id":1617,"quantity":1,"price":2638}],"date":"Aug 23, 2022, 12:03:45 PM"}
{"name":"Chaos Golem","level":70,"killCount":-1,"type":"NPC","drops":[{"name":"Barronite guard","id":25639,"quantity":1,"price":0},{"name":"Chaos rune","id":562,"quantity":9,"price":59}],"date":"Aug 23, 2022, 12:04:14 PM"}
