{"name":"Chicken","level":1,"killCount":-1,"type":"NPC","drops":[{"name":"Bones","id":526,"quantity":1,"price":54},{"name":"Key (medium)","id":2838,"quantity":1,"price":0},{"name":"Raw chicken","id":2138,"quantity":1,"price":64},{"name":"Feather","id":314,"quantity":5,"price":2}],"date":"Jul 15, 2022, 10:34:48 AM"}
{"name":"Chicken","level":1,"killCount":-1,"type":"NPC","drops":[{"name":"Bones","id":526,"quantity":1,"price":65},{"name":"Key (medium)","id":2838,"quantity":1,"price":0},{"name":"Raw chicken","id":2138,"quantity":1,"price":159},{"name":"Feather","id":314,"quantity":5,"price":2}],"date":"Sep 16, 2022, 6:00:28 PM"}
{"name":"Chicken","level":1,"killCount":-1,"type":"NPC","drops":[{"name":"Bones","id":526,"quantity":1,"price":68},{"name":"Key (medium)","id":2838,"quantity":1,"price":0},{"name":"Raw chicken","id":2138,"quantity":1,"price":74},{"name":"Feather","id":314,"quantity":5,"price":3}],"date":"Sep 16, 2022, 9:36:53 PM"}
{"name":"Chicken","level":1,"killCount":-1,"type":"NPC","drops":[{"name":"Bones","id":526,"quantity":1,"price":68},{"name":"Key (medium)","id":2838,"quantity":1,"price":0},{"name":"Raw chicken","id":2138,"quantity":1,"price":75},{"name":"Feather","id":314,"quantity":5,"price":3}],"date":"Sep 18, 2022, 9:01:15 PM"}
{"name":"Chicken","level":1,"killCount":-1,"type":"NPC","drops":[{"name":"Bones","id":526,"quantity":1,"price":68},{"name":"Key (medium)","id":2838,"quantity":1,"price":0},{"name":"Raw chicken","id":2138,"quantity":1,"price":75},{"name":"Feather","id":314,"quantity":5,"price":3}],"date":"Sep 18, 2022, 11:29:32 PM"}
{"name":"Chicken","level":1,"killCount":-1,"type":"NPC","drops":[{"name":"Bones","id":526,"quantity":1,"price":68},{"name":"Raw chicken","id":2138,"quantity":1,"price":74},{"name":"Feather","id":314,"quantity":15,"price":3}],"date":"Jan 25, 2023, 9:18:14 AM"}
{"name":"Chicken","level":1,"killCount":-1,"type":"NPC","drops":[{"name":"Bones","id":526,"quantity":1,"price":68},{"name":"Raw chicken","id":2138,"quantity":1,"price":74},{"name":"Feather","id":314,"quantity":5,"price":3}],"date":"Jan 25, 2023, 9:18:15 AM"}
{"name":"Chicken","level":1,"killCount":-1,"type":"NPC","drops":[{"name":"Bones","id":526,"quantity":1,"price":68},{"name":"Raw chicken","id":2138,"quantity":1,"price":74},{"name":"Feather","id":314,"quantity":15,"price":3}],"date":"Jan 25, 2023, 9:18:16 AM"}
{"name":"Chicken","level":1,"killCount":-1,"type":"NPC","drops":[{"name":"Bones","id":526,"quantity":1,"price":68},{"name":"Raw chicken","id":2138,"quantity":1,"price":74},{"name":"Feather","id":314,"quantity":5,"price":3}],"date":"Jan 25, 2023, 9:18:18 AM"}
{"name":"Chicken","level":1,"killCount":-1,"type":"NPC","drops":[{"name":"Bones","id":526,"quantity":1,"price":68},{"name":"Raw chicken","id":2138,"quantity":1,"price":74},{"name":"Feather","id":314,"quantity":5,"price":3}],"date":"Jan 25, 2023, 9:18:37 AM"}
{"name":"Chicken","level":1,"killCount":-1,"type":"NPC","drops":[{"name":"Bones","id":526,"quantity":1,"price":68},{"name":"Raw chicken","id":2138,"quantity":1,"price":74}],"date":"Jan 25, 2023, 9:18:39 AM"}
{"name":"Chicken","level":1,"killCount":-1,"type":"NPC","drops":[{"name":"Bones","id":526,"quantity":1,"price":68},{"name":"Raw chicken","id":2138,"quantity":1,"price":74},{"name":"Feather","id":314,"quantity":15,"price":3}],"date":"Jan 25, 2023, 9:18:41 AM"}
{"name":"Chicken","level":1,"killCount":-1,"type":"NPC","drops":[{"name":"Bones","id":526,"quantity":1,"price":68},{"name":"Raw chicken","id":2138,"quantity":1,"price":74},{"name":"Feather","id":314,"quantity":15,"price":3}],"date":"Jan 25, 2023, 9:18:42 AM"}
{"name":"Chicken","level":1,"killCount":-1,"type":"NPC","drops":[{"name":"Bones","id":526,"quantity":1,"price":68},{"name":"Raw chicken","id":2138,"quantity":1,"price":74},{"name":"Feather","id":314,"quantity":5,"price":3}],"date":"Jan 25, 2023, 9:18:58 AM"}
{"name":"Chicken","level":1,"killCount":-1,"type":"NPC","drops":[{"name":"Bones","id":526,"quantity":1,"price":68},{"name":"Raw chicken","id":2138,"quantity":1,"price":74},{"name":"Feather","id":314,"quantity":5,"price":3}],"date":"Jan 25, 2023, 9:18:58 AM"}
{"name":"Chicken","level":1,"killCount":-1,"type":"NPC","drops":[{"name":"Bones","id":526,"quantity":1,"price":68},{"name":"Raw chicken","id":2138,"quantity":1,"price":74},{"name":"Feather","id":314,"quantity":15,"price":3}],"date":"Jan 25, 2023, 9:19:00 AM"}
{"name":"Chicken","level":1,"killCount":-1,"type":"NPC","drops":[{"name":"Bones","id":526,"quantity":1,"price":68},{"name":"Raw chicken","id":2138,"quantity":1,"price":74},{"name":"Feather","id":314,"quantity":5,"price":3}],"date":"Jan 25, 2023, 9:19:03 AM"}
{"name":"Chicken","level":1,"killCount":-1,"type":"NPC","drops":[{"name":"Bones","id":526,"quantity":1,"price":68},{"name":"Raw chicken","id":2138,"quantity":1,"price":74},{"name":"Feather","id":314,"quantity":5,"price":3}],"date":"Jan 25, 2023, 9:19:19 AM"}
{"name":"Chicken","level":1,"killCount":-1,"type":"NPC","drops":[{"name":"Bones","id":526,"quantity":1,"price":68},{"name":"Raw chicken","id":2138,"quantity":1,"price":74},{"name":"Feather","id":314,"quantity":5,"price":3}],"date":"Jan 25, 2023, 9:20:30 AM"}
{"name":"Chicken","level":1,"killCount":-1,"type":"NPC","drops":[{"name":"Bones","id":526,"quantity":1,"price":68},{"name":"Raw chicken","id":2138,"quantity":1,"price":74},{"name":"Feather","id":314,"quantity":15,"price":3}],"date":"Jan 25, 2023, 9:20:31 AM"}
{"name":"Chicken","level":1,"killCount":-1,"type":"NPC","drops":[{"name":"Bones","id":526,"quantity":1,"price":68},{"name":"Raw chicken","id":2138,"quantity":1,"price":74}],"date":"Jan 25, 2023, 9:20:31 AM"}
{"name":"Chicken","level":1,"killCount":-1,"type":"NPC","drops":[{"name":"Bones","id":526,"quantity":1,"price":68},{"name":"Raw chicken","id":2138,"quantity":1,"price":74},{"name":"Feather","id":314,"quantity":5,"price":3}],"date":"Jan 25, 2023, 9:20:33 AM"}
{"name":"Chicken","level":1,"killCount":-1,"type":"NPC","drops":[{"name":"Bones","id":526,"quantity":1,"price":68},{"name":"Raw chicken","id":2138,"quantity":1,"price":74},{"name":"Feather","id":314,"quantity":5,"price":3}],"date":"Jan 25, 2023, 9:20:52 AM"}
{"name":"Chicken","level":1,"killCount":-1,"type":"NPC","drops":[{"name":"Bones","id":526,"quantity":1,"price":68},{"name":"Raw chicken","id":2138,"quantity":1,"price":74},{"name":"Feather","id":314,"quantity":5,"price":3}],"date":"Jan 25, 2023, 9:20:54 AM"}
{"name":"Chicken","level":1,"killCount":-1,"type":"NPC","drops":[{"name":"Bones","id":526,"quantity":1,"price":68},{"name":"Raw chicken","id":2138,"quantity":1,"price":74},{"name":"Feather","id":314,"quantity":15,"price":3}],"date":"Jan 25, 2023, 9:20:56 AM"}
{"name":"Chicken","level":1,"killCount":-1,"type":"NPC","drops":[{"name":"Bones","id":526,"quantity":1,"price":68},{"name":"Raw chicken","id":2138,"quantity":1,"price":74},{"name":"Feather","id":314,"quantity":5,"price":3}],"date":"Jan 25, 2023, 9:20:57 AM"}
{"name":"Chicken","level":1,"killCount":-1,"type":"NPC","drops":[{"name":"Bones","id":526,"quantity":1,"price":68},{"name":"Raw chicken","id":2138,"quantity":1,"price":74}],"date":"Jan 25, 2023, 9:21:11 AM"}
{"name":"Chicken","level":1,"killCount":-1,"type":"NPC","drops":[{"name":"Bones","id":526,"quantity":1,"price":68},{"name":"Raw chicken","id":2138,"quantity":1,"price":74},{"name":"Feather","id":314,"quantity":5,"price":3}],"date":"Jan 25, 2023, 9:21:13 AM"}
{"name":"Chicken","level":1,"killCount":-1,"type":"NPC","drops":[{"name":"Bones","id":526,"quantity":1,"price":68},{"name":"Raw chicken","id":2138,"quantity":1,"price":74},{"name":"Feather","id":314,"quantity":15,"price":3}],"date":"Jan 25, 2023, 9:21:18 AM"}
{"name":"Chicken","level":1,"killCount":-1,"type":"NPC","drops":[{"name":"Bones","id":526,"quantity":1,"price":68},{"name":"Raw chicken","id":2138,"quantity":1,"price":74}],"date":"Jan 25, 2023, 9:21:19 AM"}
{"name":"Chicken","level":1,"killCount":-1,"type":"NPC","drops":[{"name":"Bones","id":526,"quantity":1,"price":68},{"name":"Raw chicken","id":2138,"quantity":1,"price":74},{"name":"Feather","id":314,"quantity":5,"price":3}],"date":"Jan 25, 2023, 9:21:31 AM"}
{"name":"Chicken","level":1,"killCount":-1,"type":"NPC","drops":[{"name":"Bones","id":526,"quantity":1,"price":68},{"name":"Raw chicken","id":2138,"quantity":1,"price":74},{"name":"Feather","id":314,"quantity":5,"price":3}],"date":"Jan 25, 2023, 9:21:32 AM"}
{"name":"Chicken","level":1,"killCount":-1,"type":"NPC","drops":[{"name":"Bones","id":526,"quantity":1,"price":68},{"name":"Raw chicken","id":2138,"quantity":1,"price":74},{"name":"Feather","id":314,"quantity":5,"price":3}],"date":"Jan 25, 2023, 9:21:37 AM"}
{"name":"Chicken","level":1,"killCount":-1,"type":"NPC","drops":[{"name":"Bones","id":526,"quantity":1,"price":68},{"name":"Raw chicken","id":2138,"quantity":1,"price":74},{"name":"Feather","id":314,"quantity":5,"price":3}],"date":"Jan 25, 2023, 9:21:39 AM"}
{"name":"Chicken","level":1,"killCount":-1,"type":"NPC","drops":[{"name":"Bones","id":526,"quantity":1,"price":68},{"name":"Raw chicken","id":2138,"quantity":1,"price":74}],"date":"Jan 25, 2023, 9:23:25 AM"}
{"name":"Chicken","level":1,"killCount":-1,"type":"NPC","drops":[{"name":"Bones","id":526,"quantity":1,"price":68},{"name":"Raw chicken","id":2138,"quantity":1,"price":74},{"name":"Feather","id":314,"quantity":5,"price":3}],"date":"Jan 25, 2023, 9:23:28 AM"}
{"name":"Chicken","level":1,"killCount":-1,"type":"NPC","drops":[{"name":"Bones","id":526,"quantity":1,"price":68},{"name":"Raw chicken","id":2138,"quantity":1,"price":74},{"name":"Feather","id":314,"quantity":15,"price":3}],"date":"Jan 25, 2023, 9:23:31 AM"}
{"name":"Chicken","level":1,"killCount":-1,"type":"NPC","drops":[{"name":"Bones","id":526,"quantity":1,"price":68},{"name":"Raw chicken","id":2138,"quantity":1,"price":74},{"name":"Feather","id":314,"quantity":15,"price":3}],"date":"Jan 25, 2023, 9:23:32 AM"}
{"name":"Chicken","level":1,"killCount":-1,"type":"NPC","drops":[{"name":"Bones","id":526,"quantity":1,"price":68},{"name":"Raw chicken","id":2138,"quantity":1,"price":74},{"name":"Feather","id":314,"quantity":5,"price":3}],"date":"Jan 25, 2023, 9:23:48 AM"}
{"name":"Chicken","level":1,"killCount":-1,"type":"NPC","drops":[{"name":"Bones","id":526,"quantity":1,"price":68},{"name":"Raw chicken","id":2138,"quantity":1,"price":74}],"date":"Jan 25, 2023, 9:23:48 AM"}
{"name":"Chicken","level":1,"killCount":-1,"type":"NPC","drops":[{"name":"Bones","id":526,"quantity":1,"price":68},{"name":"Raw chicken","id":2138,"quantity":1,"price":74},{"name":"Feather","id":314,"quantity":5,"price":3}],"date":"Jan 25, 2023, 9:23:51 AM"}
{"name":"Chicken","level":1,"killCount":-1,"type":"NPC","drops":[{"name":"Bones","id":526,"quantity":1,"price":68},{"name":"Raw chicken","id":2138,"quantity":1,"price":74}],"date":"Jan 25, 2023, 9:23:51 AM"}
{"name":"Chicken","level":1,"killCount":-1,"type":"NPC","drops":[{"name":"Bones","id":526,"quantity":1,"price":68},{"name":"Raw chicken","id":2138,"quantity":1,"price":74},{"name":"Feather","id":314,"quantity":15,"price":3}],"date":"Jan 25, 2023, 9:24:07 AM"}
{"name":"Chicken","level":1,"killCount":-1,"type":"NPC","drops":[{"name":"Bones","id":526,"quantity":1,"price":68},{"name":"Raw chicken","id":2138,"quantity":1,"price":74},{"name":"Feather","id":314,"quantity":5,"price":3}],"date":"Jan 25, 2023, 9:24:08 AM"}
{"name":"Chicken","level":1,"killCount":-1,"type":"NPC","drops":[{"name":"Bones","id":526,"quantity":1,"price":68},{"name":"Raw chicken","id":2138,"quantity":1,"price":74},{"name":"Feather","id":314,"quantity":5,"price":3}],"date":"Jan 25, 2023, 9:24:10 AM"}
{"name":"Chicken","level":1,"killCount":-1,"type":"NPC","drops":[{"name":"Bones","id":526,"quantity":1,"price":68},{"name":"Raw chicken","id":2138,"quantity":1,"price":74},{"name":"Feather","id":314,"quantity":5,"price":3}],"date":"Jan 25, 2023, 9:24:11 AM"}
{"name":"Chicken","level":1,"killCount":-1,"type":"NPC","drops":[{"name":"Bones","id":526,"quantity":1,"price":63},{"name":"Key (medium)","id":2838,"quantity":1,"price":0},{"name":"Raw chicken","id":2138,"quantity":1,"price":68},{"name":"Feather","id":314,"quantity":15,"price":3}],"date":"Mar 27, 2023, 1:02:54 PM"}
{"name":"Chicken","level":1,"killCount":-1,"type":"NPC","drops":[{"name":"Bones","id":526,"quantity":1,"price":63},{"name":"Key (medium)","id":2838,"quantity":1,"price":0},{"name":"Raw chicken","id":2138,"quantity":1,"price":68}],"date":"Mar 27, 2023, 4:15:25 PM"}
{"name":"Chicken","level":1,"killCount":-1,"type":"NPC","drops":[{"name":"Bones","id":526,"quantity":1,"price":52},{"name":"Key (medium)","id":2838,"quantity":1,"price":0},{"name":"Raw chicken","id":2138,"quantity":1,"price":42},{"name":"Feather","id":314,"quantity":5,"price":3}],"date":"Jun 13, 2023, 11:11:41 AM"}
{"name":"Chicken","level":1,"killCount":-1,"type":"NPC","drops":[{"name":"Bones","id":526,"quantity":1,"price":58},{"name":"Key (medium)","id":2838,"quantity":1,"price":0},{"name":"Raw chicken","id":2138,"quantity":1,"price":47},{"name":"Feather","id":314,"quantity":5,"price":3}],"date":"Jun 26, 2023, 3:27:20 PM"}
{"name":"Chicken","level":1,"killCount":-1,"type":"NPC","drops":[{"name":"Bones","id":526,"quantity":1,"price":57},{"name":"Key (medium)","id":2838,"quantity":1,"price":0},{"name":"Raw chicken","id":2138,"quantity":1,"price":46}],"date":"Jul 11, 2023, 11:41:56 AM"}
{"name":"Chicken","level":1,"killCount":-1,"type":"NPC","drops":[{"name":"Bones","id":526,"quantity":1,"price":79},{"name":"Key (medium)","id":2838,"quantity":1,"price":0},{"name":"Raw chicken","id":2138,"quantity":1,"price":79},{"name":"Feather","id":314,"quantity":15,"price":2}],"date":"Mar 30, 2024, 11:55:59 PM"}
{"name":"Chicken","level":1,"killCount":-1,"type":"NPC","drops":[{"name":"Bones","id":526,"quantity":1,"price":79},{"name":"Key (medium)","id":2838,"quantity":1,"price":0},{"name":"Raw chicken","id":2138,"quantity":1,"price":79},{"name":"Feather","id":314,"quantity":15,"price":2}],"date":"Mar 31, 2024, 11:02:50 PM"}
{"name":"Chicken","level":1,"killCount":-1,"type":"NPC","drops":[{"name":"Bones","id":526,"quantity":1,"price":79},{"name":"Key (medium)","id":2838,"quantity":1,"price":0},{"name":"Raw chicken","id":2138,"quantity":1,"price":79},{"name":"Feather","id":314,"quantity":5,"price":2}],"date":"Mar 31, 2024, 11:33:29 PM"}
{"name":"Chicken","level":1,"killCount":-1,"type":"NPC","drops":[{"name":"Bones","id":526,"quantity":1,"price":79},{"name":"Key (medium)","id":2838,"quantity":1,"price":0},{"name":"Raw chicken","id":2138,"quantity":1,"price":79},{"name":"Feather","id":314,"quantity":15,"price":2}],"date":"Apr 4, 2024, 7:19:31 PM"}
{"name":"Chicken","level":1,"killCount":-1,"type":"NPC","drops":[{"name":"Bones","id":526,"quantity":1,"price":79},{"name":"Key (medium)","id":2838,"quantity":1,"price":0},{"name":"Raw chicken","id":2138,"quantity":1,"price":79},{"name":"Feather","id":314,"quantity":15,"price":2}],"date":"Apr 21, 2024, 2:25:55 PM"}
{"name":"Chicken","level":1,"killCount":-1,"type":"NPC","drops":[{"name":"Bones","id":526,"quantity":1,"price":94},{"name":"Key (medium)","id":2838,"quantity":1,"price":0},{"name":"Raw chicken","id":2138,"quantity":1,"price":112},{"name":"Feather","id":314,"quantity":5,"price":2}],"date":"Sep 7, 2024, 5:06:02 PM"}
{"name":"Chicken","level":1,"killCount":-1,"type":"NPC","drops":[{"name":"Bones","id":526,"quantity":1,"price":94},{"name":"Key (medium)","id":2838,"quantity":1,"price":0},{"name":"Raw chicken","id":2138,"quantity":1,"price":112},{"name":"Feather","id":314,"quantity":5,"price":2}],"date":"Sep 7, 2024, 5:16:14 PM"}
{"name":"Chicken","level":1,"killCount":-1,"type":"NPC","drops":[{"name":"Bones","id":526,"quantity":1,"price":114},{"name":"Raw chicken","id":2138,"quantity":1,"price":66},{"name":"Feather","id":314,"quantity":5,"price":3}],"date":"Nov 2, 2024, 6:45:39 PM"}
{"name":"Chicken","level":1,"killCount":-1,"type":"NPC","drops":[{"name":"Bones","id":526,"quantity":1,"price":114},{"name":"Raw chicken","id":2138,"quantity":1,"price":66},{"name":"Feather","id":314,"quantity":5,"price":3}],"date":"Nov 2, 2024, 6:45:41 PM"}
{"name":"Chicken","level":1,"killCount":-1,"type":"NPC","drops":[{"name":"Bones","id":526,"quantity":1,"price":114},{"name":"Raw chicken","id":2138,"quantity":1,"price":66}],"date":"Nov 2, 2024, 6:46:12 PM"}
{"name":"Chicken","level":1,"killCount":-1,"type":"NPC","drops":[{"name":"Bones","id":526,"quantity":1,"price":114},{"name":"Raw chicken","id":2138,"quantity":1,"price":66},{"name":"Feather","id":314,"quantity":15,"price":3}],"date":"Nov 2, 2024, 6:46:14 PM"}
{"name":"Chicken","level":1,"killCount":-1,"type":"NPC","drops":[{"name":"Bones","id":526,"quantity":1,"price":114},{"name":"Raw chicken","id":2138,"quantity":1,"price":66},{"name":"Feather","id":314,"quantity":5,"price":3}],"date":"Nov 2, 2024, 6:46:16 PM"}
{"name":"Chicken","level":1,"killCount":-1,"type":"NPC","drops":[{"name":"Bones","id":526,"quantity":1,"price":114},{"name":"Raw chicken","id":2138,"quantity":1,"price":66},{"name":"Feather","id":314,"quantity":15,"price":3}],"date":"Nov 2, 2024, 6:46:21 PM"}
{"name":"Chicken","level":1,"killCount":-1,"type":"NPC","drops":[{"name":"Bones","id":526,"quantity":1,"price":114},{"name":"Raw chicken","id":2138,"quantity":1,"price":66},{"name":"Feather","id":314,"quantity":15,"price":3}],"date":"Nov 2, 2024, 6:46:25 PM"}
{"name":"Chicken","level":1,"killCount":-1,"type":"NPC","drops":[{"name":"Bones","id":526,"quantity":1,"price":114},{"name":"Raw chicken","id":2138,"quantity":1,"price":66},{"name":"Feather","id":314,"quantity":5,"price":3}],"date":"Nov 2, 2024, 6:46:25 PM"}
{"name":"Chicken","level":1,"killCount":-1,"type":"NPC","drops":[{"name":"Bones","id":526,"quantity":1,"price":114},{"name":"Raw chicken","id":2138,"quantity":1,"price":66}],"date":"Nov 2, 2024, 6:46:27 PM"}
{"name":"Chicken","level":1,"killCount":-1,"type":"NPC","drops":[{"name":"Bones","id":526,"quantity":1,"price":114},{"name":"Raw chicken","id":2138,"quantity":1,"price":66},{"name":"Feather","id":314,"quantity":5,"price":3}],"date":"Nov 2, 2024, 6:46:30 PM"}
{"name":"Chicken","level":1,"killCount":-1,"type":"NPC","drops":[{"name":"Bones","id":526,"quantity":1,"price":114},{"name":"Raw chicken","id":2138,"quantity":1,"price":66},{"name":"Feather","id":314,"quantity":5,"price":3}],"date":"Nov 2, 2024, 6:46:31 PM"}
{"name":"Chicken","level":1,"killCount":-1,"type":"NPC","drops":[{"name":"Bones","id":526,"quantity":1,"price":114},{"name":"Raw chicken","id":2138,"quantity":1,"price":66},{"name":"Feather","id":314,"quantity":15,"price":3}],"date":"Nov 2, 2024, 6:46:32 PM"}
{"name":"Chicken","level":1,"killCount":-1,"type":"NPC","drops":[{"name":"Bones","id":526,"quantity":1,"price":114},{"name":"Raw chicken","id":2138,"quantity":1,"price":66},{"name":"Feather","id":314,"quantity":5,"price":3}],"date":"Nov 2, 2024, 6:46:33 PM"}
{"name":"Chicken","level":1,"killCount":-1,"type":"NPC","drops":[{"name":"Bones","id":526,"quantity":1,"price":114},{"name":"Raw chicken","id":2138,"quantity":1,"price":66}],"date":"Nov 2, 2024, 6:46:35 PM"}
{"name":"Chicken","level":1,"killCount":-1,"type":"NPC","drops":[{"name":"Bones","id":526,"quantity":1,"price":114},{"name":"Raw chicken","id":2138,"quantity":1,"price":66},{"name":"Feather","id":314,"quantity":5,"price":3}],"date":"Nov 2, 2024, 6:46:35 PM"}
{"name":"Chicken","level":1,"killCount":-1,"type":"NPC","drops":[{"name":"Bones","id":526,"quantity":1,"price":114},{"name":"Raw chicken","id":2138,"quantity":1,"price":66},{"name":"Feather","id":314,"quantity":15,"price":3}],"date":"Nov 2, 2024, 6:46:37 PM"}
{"name":"Chicken","level":1,"killCount":-1,"type":"NPC","drops":[{"name":"Bones","id":526,"quantity":1,"price":114},{"name":"Raw chicken","id":2138,"quantity":1,"price":66},{"name":"Feather","id":314,"quantity":5,"price":3}],"date":"Nov 2, 2024, 6:46:38 PM"}
{"name":"Chicken","level":1,"killCount":-1,"type":"NPC","drops":[{"name":"Bones","id":526,"quantity":1,"price":114},{"name":"Raw chicken","id":2138,"quantity":1,"price":66},{"name":"Feather","id":314,"quantity":15,"price":3}],"date":"Nov 2, 2024, 6:46:41 PM"}
{"name":"Chicken","level":1,"killCount":-1,"type":"NPC","drops":[{"name":"Bones","id":526,"quantity":1,"price":114},{"name":"Raw chicken","id":2138,"quantity":1,"price":66},{"name":"Feather","id":314,"quantity":5,"price":3}],"date":"Nov 2, 2024, 6:46:42 PM"}
{"name":"Chicken","level":1,"killCount":-1,"type":"NPC","drops":[{"name":"Bones","id":526,"quantity":1,"price":114},{"name":"Raw chicken","id":2138,"quantity":1,"price":66},{"name":"Feather","id":314,"quantity":15,"price":3}],"date":"Nov 2, 2024, 6:46:47 PM"}
{"name":"Chicken","level":1,"killCount":-1,"type":"NPC","drops":[{"name":"Bones","id":526,"quantity":1,"price":114},{"name":"Raw chicken","id":2138,"quantity":1,"price":66},{"name":"Feather","id":314,"quantity":5,"price":3}],"date":"Nov 2, 2024, 6:46:48 PM"}
{"name":"Chicken","level":1,"killCount":-1,"type":"NPC","drops":[{"name":"Bones","id":526,"quantity":1,"price":90},{"name":"Raw chicken","id":2138,"quantity":1,"price":58},{"name":"Feather","id":314,"quantity":15,"price":3}],"date":"Nov 24, 2024, 11:13:12 AM"}
{"name":"Chicken","level":1,"killCount":-1,"type":"NPC","drops":[{"name":"Bones","id":526,"quantity":1,"price":90},{"name":"Raw chicken","id":2138,"quantity":1,"price":58},{"name":"Feather","id":314,"quantity":15,"price":3}],"date":"Nov 24, 2024, 11:13:28 AM"}
