{"name":"Commander Zilyana","level":596,"killCount":1,"type":"NPC","drops":[{"name":"Bones","id":526,"quantity":1,"price":75},{"name":"Frozen key piece (saradomin)","id":26364,"quantity":1,"price":0},{"name":"Super restore(4)","id":3024,"quantity":1,"price":10781},{"name":"Super restore(4)","id":3024,"quantity":1,"price":10781},{"name":"Super restore(4)","id":3024,"quantity":1,"price":10781},{"name":"Saradomin brew(3)","id":6687,"quantity":1,"price":6349},{"name":"Saradomin brew(3)","id":6687,"quantity":1,"price":6349},{"name":"Saradomin brew(3)","id":6687,"quantity":1,"price":6349}],"date":"Dec 14, 2022, 11:46:29 PM"}
{"name":"Commander Zilyana","level":596,"killCount":2,"type":"NPC","drops":[{"name":"Bones","id":526,"quantity":1,"price":59},{"name":"Uncut sapphire","id":1623,"quantity":1,"price":270}],"date":"Jun 30, 2023, 10:31:01 AM"}
{"name":"Commander Zilyana","level":596,"killCount":3,"type":"NPC","drops":[{"name":"Bones","id":526,"quantity":1,"price":59},{"name":"Ranarr seed","id":5295,"quantity":2,"price":19354}],"date":"Jun 30, 2023, 10:33:36 AM"}
{"name":"Commander Zilyana","level":596,"killCount":4,"type":"NPC","drops":[{"name":"Bones","id":526,"quantity":1,"price":59},{"name":"Super restore(4)","id":3024,"quantity":1,"price":9150},{"name":"Super restore(4)","id":3024,"quantity":1,"price":9150},{"name":"Super restore(4)","id":3024,"quantity":1,"price":9150},{"name":"Saradomin brew(3)","id":6687,"quantity":1,"price":6714},{"name":"Saradomin brew(3)","id":6687,"quantity":1,"price":6714},{"name":"Saradomin brew(3)","id":6687,"quantity":1,"price":6714}],"date":"Jun 30, 2023, 10:36:12 AM"}
{"name":"Commander Zilyana","level":596,"killCount":5,"type":"NPC","drops":[{"name":"Bones","id":526,"quantity":1,"price":59},{"name":"Super defence(3)","id":163,"quantity":1,"price":3459},{"name":"Super defence(3)","id":163,"quantity":1,"price":3459},{"name":"Super defence(3)","id":163,"quantity":1,"price":3459},{"name":"Magic potion(3)","id":3042,"quantity":1,"price":77},{"name":"Magic potion(3)","id":3042,"quantity":1,"price":77},{"name":"Magic potion(3)","id":3042,"quantity":1,"price":77}],"date":"Jun 30, 2023, 10:38:47 AM"}
{"name":"Commander Zilyana","level":596,"killCount":6,"type":"NPC","drops":[{"name":"Bones","id":526,"quantity":1,"price":59},{"name":"Coins","id":995,"quantity":19898,"price":1}],"date":"Jun 30, 2023, 10:41:38 AM"}
{"name":"Commander Zilyana","level":596,"killCount":7,"type":"NPC","drops":[{"name":"Bones","id":526,"quantity":1,"price":59},{"name":"Rune plateskirt","id":1093,"quantity":1,"price":37867}],"date":"Jun 30, 2023, 10:46:00 AM"}
{"name":"Commander Zilyana","level":596,"killCount":8,"type":"NPC","drops":[{"name":"Bones","id":526,"quantity":1,"price":59},{"name":"Super defence(3)","id":163,"quantity":1,"price":3459},{"name":"Super defence(3)","id":163,"quantity":1,"price":3459},{"name":"Super defence(3)","id":163,"quantity":1,"price":3459},{"name":"Magic potion(3)","id":3042,"quantity":1,"price":77},{"name":"Magic potion(3)","id":3042,"quantity":1,"price":77},{"name":"Magic potion(3)","id":3042,"quantity":1,"price":77}],"date":"Jun 30, 2023, 11:00:37 AM"}
{"name":"Commander Zilyana","level":596,"killCount":9,"type":"NPC","drops":[{"name":"Bones","id":526,"quantity":1,"price":59},{"name":"Ranarr seed","id":5295,"quantity":2,"price":19354}],"date":"Jun 30, 2023, 11:03:08 AM"}
{"name":"Commander Zilyana","level":596,"killCount":10,"type":"NPC","drops":[{"name":"Bones","id":526,"quantity":1,"price":59},{"name":"Coins","id":995,"quantity":19586,"price":1}],"date":"Jun 30, 2023, 11:06:08 AM"}
{"name":"Commander Zilyana","level":596,"killCount":11,"type":"NPC","drops":[{"name":"Bones","id":526,"quantity":1,"price":59},{"name":"Law rune","id":563,"quantity":98,"price":118}],"date":"Jun 30, 2023, 11:09:02 AM"}
{"name":"Commander Zilyana","level":596,"killCount":12,"type":"NPC","drops":[{"name":"Bones","id":526,"quantity":1,"price":59},{"name":"Diamond","id":1602,"quantity":6,"price":1729}],"date":"Jun 30, 2023, 11:11:41 AM"}
{"name":"Commander Zilyana","level":596,"killCount":13,"type":"NPC","drops":[{"name":"Bones","id":526,"quantity":1,"price":59},{"name":"Coins","id":995,"quantity":19569,"price":1}],"date":"Jun 30, 2023, 11:14:11 AM"}
{"name":"Commander Zilyana","level":596,"killCount":14,"type":"NPC","drops":[{"name":"Bones","id":526,"quantity":1,"price":59},{"name":"Ranarr seed","id":5295,"quantity":2,"price":19354}],"date":"Jun 30, 2023, 11:17:34 AM"}
{"name":"Commander Zilyana","level":596,"killCount":15,"type":"NPC","drops":[{"name":"Bones","id":526,"quantity":1,"price":59},{"name":"Rune plateskirt","id":1093,"quantity":1,"price":37867}],"date":"Jun 30, 2023, 11:19:57 AM"}
{"name":"Commander Zilyana","level":596,"killCount":16,"type":"NPC","drops":[{"name":"Bones","id":526,"quantity":1,"price":59},{"name":"Super restore(4)","id":3024,"quantity":1,"price":9150},{"name":"Super restore(4)","id":3024,"quantity":1,"price":9150},{"name":"Super restore(4)","id":3024,"quantity":1,"price":9150},{"name":"Saradomin brew(3)","id":6687,"quantity":1,"price":6714},{"name":"Saradomin brew(3)","id":6687,"quantity":1,"price":6714},{"name":"Saradomin brew(3)","id":6687,"quantity":1,"price":6714}],"date":"Jun 30, 2023, 11:22:49 AM"}
{"name":"Commander Zilyana","level":596,"killCount":17,"type":"NPC","drops":[{"name":"Bones","id":526,"quantity":1,"price":59},{"name":"Grimy ranarr weed","id":208,"quantity":5,"price":5808}],"date":"Jun 30, 2023, 11:25:29 AM"}
{"name":"Commander Zilyana","level":596,"killCount":18,"type":"NPC","drops":[{"name":"Bones","id":526,"quantity":1,"price":59},{"name":"Coins","id":995,"quantity":19527,"price":1}],"date":"Jun 30, 2023, 11:28:11 AM"}
{"name":"Commander Zilyana","level":596,"killCount":19,"type":"NPC","drops":[{"name":"Bones","id":526,"quantity":1,"price":59},{"name":"Coins","id":995,"quantity":19698,"price":1}],"date":"Jun 30, 2023, 11:30:22 AM"}
{"name":"Commander Zilyana","level":596,"killCount":20,"type":"NPC","drops":[{"name":"Bones","id":526,"quantity":1,"price":59},{"name":"Saradomin sword","id":11838,"quantity":1,"price":177418}],"date":"Jun 30, 2023, 11:33:01 AM"}
{"name":"Commander Zilyana","level":596,"killCount":21,"type":"NPC","drops":[{"name":"Bones","id":526,"quantity":1,"price":59},{"name":"Super defence(3)","id":163,"quantity":1,"price":3459},{"name":"Super defence(3)","id":163,"quantity":1,"price":3459},{"name":"Super defence(3)","id":163,"quantity":1,"price":3459},{"name":"Magic potion(3)","id":3042,"quantity":1,"price":77},{"name":"Magic potion(3)","id":3042,"quantity":1,"price":77},{"name":"Magic potion(3)","id":3042,"quantity":1,"price":77}],"date":"Jun 30, 2023, 11:49:55 AM"}
{"name":"Commander Zilyana","level":596,"killCount":22,"type":"NPC","drops":[{"name":"Bones","id":526,"quantity":1,"price":59},{"name":"Coins","id":995,"quantity":19847,"price":1}],"date":"Jun 30, 2023, 11:52:40 AM"}
{"name":"Commander Zilyana","level":596,"killCount":23,"type":"NPC","drops":[{"name":"Bones","id":526,"quantity":1,"price":59},{"name":"Super restore(4)","id":3024,"quantity":1,"price":9150},{"name":"Super restore(4)","id":3024,"quantity":1,"price":9150},{"name":"Super restore(4)","id":3024,"quantity":1,"price":9150},{"name":"Saradomin brew(3)","id":6687,"quantity":1,"price":6714},{"name":"Saradomin brew(3)","id":6687,"quantity":1,"price":6714},{"name":"Saradomin brew(3)","id":6687,"quantity":1,"price":6714}],"date":"Jun 30, 2023, 11:55:03 AM"}
{"name":"Commander Zilyana","level":596,"killCount":24,"type":"NPC","drops":[{"name":"Bones","id":526,"quantity":1,"price":59},{"name":"Super restore(4)","id":3024,"quantity":1,"price":9150},{"name":"Super restore(4)","id":3024,"quantity":1,"price":9150},{"name":"Super restore(4)","id":3024,"quantity":1,"price":9150},{"name":"Saradomin brew(3)","id":6687,"quantity":1,"price":6714},{"name":"Saradomin brew(3)","id":6687,"quantity":1,"price":6714},{"name":"Saradomin brew(3)","id":6687,"quantity":1,"price":6714}],"date":"Jun 30, 2023, 11:58:02 AM"}
{"name":"Commander Zilyana","level":596,"killCount":25,"type":"NPC","drops":[{"name":"Bones","id":526,"quantity":1,"price":59},{"name":"Law rune","id":563,"quantity":98,"price":118}],"date":"Jun 30, 2023, 12:00:30 PM"}
{"name":"Commander Zilyana","level":596,"killCount":26,"type":"NPC","drops":[{"name":"Bones","id":526,"quantity":1,"price":59},{"name":"Law rune","id":563,"quantity":98,"price":118}],"date":"Jun 30, 2023, 12:03:03 PM"}
{"name":"Commander Zilyana","level":596,"killCount":27,"type":"NPC","drops":[{"name":"Bones","id":526,"quantity":1,"price":59},{"name":"Uncut sapphire","id":1623,"quantity":1,"price":270}],"date":"Jun 30, 2023, 12:05:21 PM"}
{"name":"Commander Zilyana","level":596,"killCount":28,"type":"NPC","drops":[{"name":"Bones","id":526,"quantity":1,"price":59},{"name":"Super restore(4)","id":3024,"quantity":1,"price":9150},{"name":"Super restore(4)","id":3024,"quantity":1,"price":9150},{"name":"Super restore(4)","id":3024,"quantity":1,"price":9150},{"name":"Saradomin brew(3)","id":6687,"quantity":1,"price":6714},{"name":"Saradomin brew(3)","id":6687,"quantity":1,"price":6714},{"name":"Saradomin brew(3)","id":6687,"quantity":1,"price":6714}],"date":"Jun 30, 2023, 12:07:35 PM"}
{"name":"Commander Zilyana","level":596,"killCount":29,"type":"NPC","drops":[{"name":"Bones","id":526,"quantity":1,"price":59},{"name":"Diamond","id":1602,"quantity":6,"price":1729}],"date":"Jun 30, 2023, 12:10:20 PM"}
{"name":"Commander Zilyana","level":596,"killCount":30,"type":"NPC","drops":[{"name":"Bones","id":526,"quantity":1,"price":59},{"name":"Coins","id":995,"quantity":19748,"price":1}],"date":"Jun 30, 2023, 12:13:05 PM"}
{"name":"Commander Zilyana","level":596,"killCount":31,"type":"NPC","drops":[{"name":"Bones","id":526,"quantity":1,"price":59},{"name":"Ranarr seed","id":5295,"quantity":2,"price":19354}],"date":"Jun 30, 2023, 12:15:55 PM"}
{"name":"Commander Zilyana","level":596,"killCount":32,"type":"NPC","drops":[{"name":"Bones","id":526,"quantity":1,"price":59},{"name":"Adamant platebody","id":1123,"quantity":1,"price":9539}],"date":"Jun 30, 2023, 12:18:08 PM"}
{"name":"Commander Zilyana","level":596,"killCount":33,"type":"NPC","drops":[{"name":"Bones","id":526,"quantity":1,"price":59},{"name":"Dragonstone","id":1615,"quantity":1,"price":11360}],"date":"Jun 30, 2023, 12:20:17 PM"}
{"name":"Commander Zilyana","level":596,"killCount":34,"type":"NPC","drops":[{"name":"Bones","id":526,"quantity":1,"price":59},{"name":"Prayer potion(4)","id":2434,"quantity":1,"price":8317},{"name":"Prayer potion(4)","id":2434,"quantity":1,"price":8317},{"name":"Prayer potion(4)","id":2434,"quantity":1,"price":8317}],"date":"Jun 30, 2023, 12:22:34 PM"}
{"name":"Commander Zilyana","level":596,"killCount":35,"type":"NPC","drops":[{"name":"Bones","id":526,"quantity":1,"price":59},{"name":"Coins","id":995,"quantity":19966,"price":1}],"date":"Jun 30, 2023, 12:25:10 PM"}
{"name":"Commander Zilyana","level":596,"killCount":36,"type":"NPC","drops":[{"name":"Bones","id":526,"quantity":1,"price":59},{"name":"Law rune","id":563,"quantity":96,"price":118}],"date":"Jun 30, 2023, 12:27:32 PM"}
{"name":"Commander Zilyana","level":596,"killCount":37,"type":"NPC","drops":[{"name":"Bones","id":526,"quantity":1,"price":59},{"name":"Adamant platebody","id":1123,"quantity":1,"price":9539}],"date":"Jun 30, 2023, 12:30:00 PM"}
{"name":"Commander Zilyana","level":596,"killCount":38,"type":"NPC","drops":[{"name":"Bones","id":526,"quantity":1,"price":59},{"name":"Ranarr seed","id":5295,"quantity":2,"price":19354}],"date":"Jun 30, 2023, 12:32:40 PM"}
{"name":"Commander Zilyana","level":596,"killCount":39,"type":"NPC","drops":[{"name":"Bones","id":526,"quantity":1,"price":59},{"name":"Ranarr seed","id":5295,"quantity":2,"price":19354}],"date":"Jun 30, 2023, 12:35:18 PM"}
{"name":"Commander Zilyana","level":596,"killCount":40,"type":"NPC","drops":[{"name":"Bones","id":526,"quantity":1,"price":59},{"name":"Ranarr seed","id":5295,"quantity":2,"price":19354}],"date":"Jun 30, 2023, 12:37:36 PM"}
{"name":"Commander Zilyana","level":596,"killCount":41,"type":"NPC","drops":[{"name":"Bones","id":526,"quantity":1,"price":59},{"name":"Coins","id":995,"quantity":19577,"price":1}],"date":"Jun 30, 2023, 12:40:07 PM"}
{"name":"Commander Zilyana","level":596,"killCount":42,"type":"NPC","drops":[{"name":"Bones","id":526,"quantity":1,"price":59},{"name":"Ranarr seed","id":5295,"quantity":2,"price":19354}],"date":"Jun 30, 2023, 12:42:49 PM"}
{"name":"Commander Zilyana","level":596,"killCount":43,"type":"NPC","drops":[{"name":"Bones","id":526,"quantity":1,"price":59},{"name":"Coins","id":995,"quantity":19702,"price":1}],"date":"Jun 30, 2023, 12:45:15 PM"}
{"name":"Commander Zilyana","level":596,"killCount":44,"type":"NPC","drops":[{"name":"Bones","id":526,"quantity":1,"price":59},{"name":"Coins","id":995,"quantity":19571,"price":1}],"date":"Jun 30, 2023, 12:49:12 PM"}
{"name":"Commander Zilyana","level":596,"killCount":45,"type":"NPC","drops":[{"name":"Bones","id":526,"quantity":1,"price":59},{"name":"Super defence(3)","id":163,"quantity":1,"price":3459},{"name":"Super defence(3)","id":163,"quantity":1,"price":3459},{"name":"Super defence(3)","id":163,"quantity":1,"price":3459},{"name":"Magic potion(3)","id":3042,"quantity":1,"price":77},{"name":"Magic potion(3)","id":3042,"quantity":1,"price":77},{"name":"Magic potion(3)","id":3042,"quantity":1,"price":77}],"date":"Jun 30, 2023, 12:52:30 PM"}
{"name":"Commander Zilyana","level":596,"killCount":46,"type":"NPC","drops":[{"name":"Bones","id":526,"quantity":1,"price":59},{"name":"Coins","id":995,"quantity":19509,"price":1}],"date":"Jun 30, 2023, 1:08:40 PM"}
{"name":"Commander Zilyana","level":596,"killCount":47,"type":"NPC","drops":[{"name":"Bones","id":526,"quantity":1,"price":59},{"name":"Grimy ranarr weed","id":208,"quantity":5,"price":5808}],"date":"Jun 30, 2023, 1:11:18 PM"}
{"name":"Commander Zilyana","level":596,"killCount":48,"type":"NPC","drops":[{"name":"Bones","id":526,"quantity":1,"price":59},{"name":"Rune plateskirt","id":1093,"quantity":1,"price":37867}],"date":"Jun 30, 2023, 1:14:04 PM"}
{"name":"Commander Zilyana","level":596,"killCount":49,"type":"NPC","drops":[{"name":"Bones","id":526,"quantity":1,"price":59},{"name":"Grimy ranarr weed","id":208,"quantity":5,"price":5808}],"date":"Jun 30, 2023, 1:16:15 PM"}
{"name":"Commander Zilyana","level":596,"killCount":50,"type":"NPC","drops":[{"name":"Bones","id":526,"quantity":1,"price":59},{"name":"Grimy ranarr weed","id":208,"quantity":5,"price":5808}],"date":"Jun 30, 2023, 1:18:55 PM"}
{"name":"Commander Zilyana","level":596,"killCount":51,"type":"NPC","drops":[{"name":"Bones","id":526,"quantity":1,"price":59},{"name":"Law rune","id":563,"quantity":95,"price":118}],"date":"Jun 30, 2023, 1:21:08 PM"}
{"name":"Commander Zilyana","level":596,"killCount":52,"type":"NPC","drops":[{"name":"Bones","id":526,"quantity":1,"price":59},{"name":"Rune dart","id":811,"quantity":38,"price":176}],"date":"Jun 30, 2023, 1:23:48 PM"}
{"name":"Commander Zilyana","level":596,"killCount":53,"type":"NPC","drops":[{"name":"Bones","id":526,"quantity":1,"price":59},{"name":"Rune dart","id":811,"quantity":35,"price":176}],"date":"Jun 30, 2023, 1:26:18 PM"}
{"name":"Commander Zilyana","level":596,"killCount":54,"type":"NPC","drops":[{"name":"Bones","id":526,"quantity":1,"price":59},{"name":"Coins","id":995,"quantity":19589,"price":1}],"date":"Jun 30, 2023, 1:28:50 PM"}
{"name":"Commander Zilyana","level":596,"killCount":55,"type":"NPC","drops":[{"name":"Bones","id":526,"quantity":1,"price":59},{"name":"Prayer potion(4)","id":2434,"quantity":1,"price":8317},{"name":"Prayer potion(4)","id":2434,"quantity":1,"price":8317},{"name":"Prayer potion(4)","id":2434,"quantity":1,"price":8317}],"date":"Jun 30, 2023, 1:31:42 PM"}
{"name":"Commander Zilyana","level":596,"killCount":56,"type":"NPC","drops":[{"name":"Bones","id":526,"quantity":1,"price":59},{"name":"Adamant platebody","id":1123,"quantity":1,"price":9539}],"date":"Jun 30, 2023, 1:34:28 PM"}
{"name":"Commander Zilyana","level":596,"killCount":57,"type":"NPC","drops":[{"name":"Bones","id":526,"quantity":1,"price":59},{"name":"Law rune","id":563,"quantity":98,"price":118}],"date":"Jun 30, 2023, 1:37:21 PM"}
{"name":"Commander Zilyana","level":596,"killCount":58,"type":"NPC","drops":[{"name":"Bones","id":526,"quantity":1,"price":59},{"name":"Coins","id":995,"quantity":19961,"price":1}],"date":"Jun 30, 2023, 1:39:54 PM"}
{"name":"Commander Zilyana","level":596,"killCount":59,"type":"NPC","drops":[{"name":"Bones","id":526,"quantity":1,"price":59},{"name":"Diamond","id":1602,"quantity":6,"price":1729}],"date":"Jun 30, 2023, 1:42:50 PM"}
{"name":"Commander Zilyana","level":596,"killCount":60,"type":"NPC","drops":[{"name":"Bones","id":526,"quantity":1,"price":59},{"name":"Coins","id":995,"quantity":19818,"price":1}],"date":"Jun 30, 2023, 1:45:43 PM"}
{"name":"Commander Zilyana","level":596,"killCount":61,"type":"NPC","drops":[{"name":"Bones","id":526,"quantity":1,"price":59},{"name":"Ranarr seed","id":5295,"quantity":2,"price":19354}],"date":"Jun 30, 2023, 1:47:59 PM"}
{"name":"Commander Zilyana","level":596,"killCount":62,"type":"NPC","drops":[{"name":"Bones","id":526,"quantity":1,"price":59},{"name":"Law rune","id":563,"quantity":97,"price":118}],"date":"Jun 30, 2023, 1:50:23 PM"}
{"name":"Commander Zilyana","level":596,"killCount":63,"type":"NPC","drops":[{"name":"Bones","id":526,"quantity":1,"price":59},{"name":"Rune dart","id":811,"quantity":39,"price":176}],"date":"Jun 30, 2023, 1:53:41 PM"}
{"name":"Commander Zilyana","level":596,"killCount":64,"type":"NPC","drops":[{"name":"Bones","id":526,"quantity":1,"price":59},{"name":"Ranarr seed","id":5295,"quantity":2,"price":19354}],"date":"Jun 30, 2023, 1:56:38 PM"}
{"name":"Commander Zilyana","level":596,"killCount":65,"type":"NPC","drops":[{"name":"Bones","id":526,"quantity":1,"price":59},{"name":"Law rune","id":563,"quantity":96,"price":118}],"date":"Jun 30, 2023, 1:59:17 PM"}
{"name":"Commander Zilyana","level":596,"killCount":66,"type":"NPC","drops":[{"name":"Bones","id":526,"quantity":1,"price":59},{"name":"Adamant platebody","id":1123,"quantity":1,"price":9539}],"date":"Jun 30, 2023, 2:02:23 PM"}
{"name":"Commander Zilyana","level":596,"killCount":67,"type":"NPC","drops":[{"name":"Bones","id":526,"quantity":1,"price":59},{"name":"Adamant platebody","id":1123,"quantity":1,"price":9539}],"date":"Jun 30, 2023, 2:05:02 PM"}
{"name":"Commander Zilyana","level":596,"killCount":68,"type":"NPC","drops":[{"name":"Bones","id":526,"quantity":1,"price":59},{"name":"Coins","id":995,"quantity":19633,"price":1}],"date":"Jun 30, 2023, 2:07:45 PM"}
{"name":"Commander Zilyana","level":596,"killCount":69,"type":"NPC","drops":[{"name":"Bones","id":526,"quantity":1,"price":59},{"name":"Diamond","id":1602,"quantity":6,"price":1729}],"date":"Jun 30, 2023, 2:10:15 PM"}
{"name":"Commander Zilyana","level":596,"killCount":70,"type":"NPC","drops":[{"name":"Bones","id":526,"quantity":1,"price":59},{"name":"Rune kiteshield","id":1201,"quantity":1,"price":31955}],"date":"Jun 30, 2023, 2:12:58 PM"}
{"name":"Commander Zilyana","level":596,"killCount":71,"type":"NPC","drops":[{"name":"Bones","id":526,"quantity":1,"price":114},{"name":"Coins","id":995,"quantity":19932,"price":1}],"date":"Nov 1, 2024, 4:24:39 PM"}
{"name":"Commander Zilyana","level":596,"killCount":72,"type":"NPC","drops":[{"name":"Bones","id":526,"quantity":1,"price":114},{"name":"Law rune","id":563,"quantity":96,"price":150}],"date":"Nov 1, 2024, 4:27:06 PM"}
{"name":"Commander Zilyana","level":596,"killCount":73,"type":"NPC","drops":[{"name":"Bones","id":526,"quantity":1,"price":114},{"name":"Rune plateskirt","id":1093,"quantity":1,"price":38055}],"date":"Nov 1, 2024, 4:29:47 PM"}
{"name":"Commander Zilyana","level":596,"killCount":74,"type":"NPC","drops":[{"name":"Bones","id":526,"quantity":1,"price":114},{"name":"Coins","id":995,"quantity":19799,"price":1}],"date":"Nov 1, 2024, 4:46:23 PM"}
{"name":"Commander Zilyana","level":596,"killCount":75,"type":"NPC","drops":[{"name":"Bones","id":526,"quantity":1,"price":114},{"name":"Coins","id":995,"quantity":19775,"price":1}],"date":"Nov 1, 2024, 4:49:46 PM"}
{"name":"Commander Zilyana","level":596,"killCount":76,"type":"NPC","drops":[{"name":"Bones","id":526,"quantity":1,"price":114},{"name":"Ranarr seed","id":5295,"quantity":2,"price":29654}],"date":"Nov 1, 2024, 4:52:08 PM"}
{"name":"Commander Zilyana","level":596,"killCount":77,"type":"NPC","drops":[{"name":"Bones","id":526,"quantity":1,"price":114},{"name":"Magic seed","id":5316,"quantity":1,"price":96076}],"date":"Nov 1, 2024, 4:55:01 PM"}
{"name":"Commander Zilyana","level":596,"killCount":78,"type":"NPC","drops":[{"name":"Bones","id":526,"quantity":1,"price":114},{"name":"Ranarr seed","id":5295,"quantity":2,"price":29654}],"date":"Nov 1, 2024, 4:57:40 PM"}
{"name":"Commander Zilyana","level":596,"killCount":79,"type":"NPC","drops":[{"name":"Bones","id":526,"quantity":1,"price":114},{"name":"Coins","id":995,"quantity":19847,"price":1}],"date":"Nov 1, 2024, 4:59:54 PM"}
{"name":"Commander Zilyana","level":596,"killCount":80,"type":"NPC","drops":[{"name":"Bones","id":526,"quantity":1,"price":114},{"name":"Grimy ranarr weed","id":208,"quantity":5,"price":6691}],"date":"Nov 1, 2024, 5:02:43 PM"}
{"name":"Commander Zilyana","level":596,"killCount":81,"type":"NPC","drops":[{"name":"Bones","id":526,"quantity":1,"price":114},{"name":"Rune plateskirt","id":1093,"quantity":1,"price":38055}],"date":"Nov 1, 2024, 5:05:46 PM"}
{"name":"Commander Zilyana","level":596,"killCount":82,"type":"NPC","drops":[{"name":"Bones","id":526,"quantity":1,"price":114},{"name":"Diamond","id":1602,"quantity":6,"price":1744}],"date":"Nov 1, 2024, 5:08:47 PM"}
{"name":"Commander Zilyana","level":596,"killCount":83,"type":"NPC","drops":[{"name":"Bones","id":526,"quantity":1,"price":114},{"name":"Super defence(3)","id":163,"quantity":1,"price":3615},{"name":"Super defence(3)","id":163,"quantity":1,"price":3615},{"name":"Super defence(3)","id":163,"quantity":1,"price":3615},{"name":"Magic potion(3)","id":3042,"quantity":1,"price":93},{"name":"Magic potion(3)","id":3042,"quantity":1,"price":93},{"name":"Magic potion(3)","id":3042,"quantity":1,"price":93}],"date":"Nov 1, 2024, 5:11:41 PM"}
{"name":"Commander Zilyana","level":596,"killCount":84,"type":"NPC","drops":[{"name":"Bones","id":526,"quantity":1,"price":114},{"name":"Rune dart","id":811,"quantity":40,"price":177}],"date":"Nov 1, 2024, 5:21:13 PM"}
{"name":"Commander Zilyana","level":596,"killCount":85,"type":"NPC","drops":[{"name":"Bones","id":526,"quantity":1,"price":114},{"name":"Rune kiteshield","id":1201,"quantity":1,"price":32238}],"date":"Nov 1, 2024, 5:24:09 PM"}
{"name":"Commander Zilyana","level":596,"killCount":86,"type":"NPC","drops":[{"name":"Bones","id":526,"quantity":1,"price":114},{"name":"Prayer potion(4)","id":2434,"quantity":1,"price":9759},{"name":"Prayer potion(4)","id":2434,"quantity":1,"price":9759},{"name":"Prayer potion(4)","id":2434,"quantity":1,"price":9759}],"date":"Nov 1, 2024, 5:26:41 PM"}
{"name":"Commander Zilyana","level":596,"killCount":87,"type":"NPC","drops":[{"name":"Bones","id":526,"quantity":1,"price":114},{"name":"Ranarr seed","id":5295,"quantity":2,"price":29654}],"date":"Nov 1, 2024, 5:29:04 PM"}
{"name":"Commander Zilyana","level":596,"killCount":88,"type":"NPC","drops":[{"name":"Bones","id":526,"quantity":1,"price":114},{"name":"Super restore(4)","id":3024,"quantity":1,"price":10801},{"name":"Super restore(4)","id":3024,"quantity":1,"price":10801},{"name":"Super restore(4)","id":3024,"quantity":1,"price":10801},{"name":"Saradomin brew(3)","id":6687,"quantity":1,"price":8909},{"name":"Saradomin brew(3)","id":6687,"quantity":1,"price":8909},{"name":"Saradomin brew(3)","id":6687,"quantity":1,"price":8909}],"date":"Nov 1, 2024, 5:31:18 PM"}
{"name":"Commander Zilyana","level":596,"killCount":89,"type":"NPC","drops":[{"name":"Bones","id":526,"quantity":1,"price":114},{"name":"Grimy ranarr weed","id":208,"quantity":5,"price":6691}],"date":"Nov 1, 2024, 5:33:48 PM"}
{"name":"Commander Zilyana","level":596,"killCount":90,"type":"NPC","drops":[{"name":"Bones","id":526,"quantity":1,"price":114},{"name":"Super restore(4)","id":3024,"quantity":1,"price":10801},{"name":"Super restore(4)","id":3024,"quantity":1,"price":10801},{"name":"Super restore(4)","id":3024,"quantity":1,"price":10801},{"name":"Saradomin brew(3)","id":6687,"quantity":1,"price":8909},{"name":"Saradomin brew(3)","id":6687,"quantity":1,"price":8909},{"name":"Saradomin brew(3)","id":6687,"quantity":1,"price":8909}],"date":"Nov 1, 2024, 5:36:22 PM"}
{"name":"Commander Zilyana","level":596,"killCount":91,"type":"NPC","drops":[{"name":"Bones","id":526,"quantity":1,"price":114},{"name":"Super restore(4)","id":3024,"quantity":1,"price":10801},{"name":"Super restore(4)","id":3024,"quantity":1,"price":10801},{"name":"Super restore(4)","id":3024,"quantity":1,"price":10801},{"name":"Saradomin brew(3)","id":6687,"quantity":1,"price":8909},{"name":"Saradomin brew(3)","id":6687,"quantity":1,"price":8909},{"name":"Saradomin brew(3)","id":6687,"quantity":1,"price":8909}],"date":"Nov 1, 2024, 5:38:38 PM"}
{"name":"Commander Zilyana","level":596,"killCount":92,"type":"NPC","drops":[{"name":"Bones","id":526,"quantity":1,"price":114},{"name":"Prayer potion(4)","id":2434,"quantity":1,"price":9759},{"name":"Prayer potion(4)","id":2434,"quantity":1,"price":9759},{"name":"Prayer potion(4)","id":2434,"quantity":1,"price":9759}],"date":"Nov 1, 2024, 5:40:56 PM"}
{"name":"Commander Zilyana","level":596,"killCount":93,"type":"NPC","drops":[{"name":"Bones","id":526,"quantity":1,"price":114},{"name":"Prayer potion(4)","id":2434,"quantity":1,"price":9759},{"name":"Prayer potion(4)","id":2434,"quantity":1,"price":9759},{"name":"Prayer potion(4)","id":2434,"quantity":1,"price":9759}],"date":"Nov 1, 2024, 5:43:40 PM"}
{"name":"Commander Zilyana","level":596,"killCount":94,"type":"NPC","drops":[{"name":"Bones","id":526,"quantity":1,"price":114},{"name":"Super defence(3)","id":163,"quantity":1,"price":3615},{"name":"Super defence(3)","id":163,"quantity":1,"price":3615},{"name":"Super defence(3)","id":163,"quantity":1,"price":3615},{"name":"Magic potion(3)","id":3042,"quantity":1,"price":93},{"name":"Magic potion(3)","id":3042,"quantity":1,"price":93},{"name":"Magic potion(3)","id":3042,"quantity":1,"price":93}],"date":"Nov 1, 2024, 5:46:32 PM"}
{"name":"Commander Zilyana","level":596,"killCount":95,"type":"NPC","drops":[{"name":"Bones","id":526,"quantity":1,"price":114},{"name":"Coins","id":995,"quantity":19622,"price":1}],"date":"Nov 1, 2024, 5:49:42 PM"}
{"name":"Commander Zilyana","level":596,"killCount":96,"type":"NPC","drops":[{"name":"Bones","id":526,"quantity":1,"price":114},{"name":"Coins","id":995,"quantity":19562,"price":1}],"date":"Nov 1, 2024, 5:52:23 PM"}
{"name":"Commander Zilyana","level":596,"killCount":97,"type":"NPC","drops":[{"name":"Bones","id":526,"quantity":1,"price":114},{"name":"Coins","id":995,"quantity":19863,"price":1}],"date":"Nov 1, 2024, 5:54:56 PM"}
{"name":"Commander Zilyana","level":596,"killCount":98,"type":"NPC","drops":[{"name":"Bones","id":526,"quantity":1,"price":114},{"name":"Grimy ranarr weed","id":208,"quantity":5,"price":6691}],"date":"Nov 1, 2024, 5:57:31 PM"}
{"name":"Commander Zilyana","level":596,"killCount":99,"type":"NPC","drops":[{"name":"Bones","id":526,"quantity":1,"price":114},{"name":"Law rune","id":563,"quantity":98,"price":150}],"date":"Nov 1, 2024, 6:00:44 PM"}
{"name":"Commander Zilyana","level":596,"killCount":100,"type":"NPC","drops":[{"name":"Bones","id":526,"quantity":1,"price":114},{"name":"Rune kiteshield","id":1201,"quantity":1,"price":32238}],"date":"Nov 1, 2024, 6:03:03 PM"}
{"name":"Commander Zilyana","level":596,"killCount":101,"type":"NPC","drops":[{"name":"Bones","id":526,"quantity":1,"price":114},{"name":"Rune kiteshield","id":1201,"quantity":1,"price":32238}],"date":"Nov 1, 2024, 6:06:11 PM"}
{"name":"Commander Zilyana","level":596,"killCount":102,"type":"NPC","drops":[{"name":"Bones","id":526,"quantity":1,"price":114},{"name":"Ranarr seed","id":5295,"quantity":2,"price":29654}],"date":"Nov 1, 2024, 6:08:38 PM"}
{"name":"Commander Zilyana","level":596,"killCount":103,"type":"NPC","drops":[{"name":"Bones","id":526,"quantity":1,"price":114},{"name":"Coins","id":995,"quantity":19705,"price":1}],"date":"Nov 1, 2024, 6:11:04 PM"}
{"name":"Commander Zilyana","level":596,"killCount":104,"type":"NPC","drops":[{"name":"Bones","id":526,"quantity":1,"price":114},{"name":"Coins","id":995,"quantity":19731,"price":1}],"date":"Nov 1, 2024, 6:13:40 PM"}
{"name":"Commander Zilyana","level":596,"killCount":105,"type":"NPC","drops":[{"name":"Bones","id":526,"quantity":1,"price":114},{"name":"Super defence(3)","id":163,"quantity":1,"price":3615},{"name":"Super defence(3)","id":163,"quantity":1,"price":3615},{"name":"Super defence(3)","id":163,"quantity":1,"price":3615},{"name":"Magic potion(3)","id":3042,"quantity":1,"price":93},{"name":"Magic potion(3)","id":3042,"quantity":1,"price":93},{"name":"Magic potion(3)","id":3042,"quantity":1,"price":93}],"date":"Nov 1, 2024, 6:20:20 PM"}
{"name":"Commander Zilyana","level":596,"killCount":106,"type":"NPC","drops":[{"name":"Bones","id":526,"quantity":1,"price":114},{"name":"Diamond","id":1602,"quantity":6,"price":1744}],"date":"Nov 1, 2024, 6:23:17 PM"}
{"name":"Commander Zilyana","level":596,"killCount":107,"type":"NPC","drops":[{"name":"Bones","id":526,"quantity":1,"price":114},{"name":"Coins","id":995,"quantity":19758,"price":1}],"date":"Nov 1, 2024, 6:25:30 PM"}
{"name":"Commander Zilyana","level":596,"killCount":108,"type":"NPC","drops":[{"name":"Bones","id":526,"quantity":1,"price":114},{"name":"Coins","id":995,"quantity":19595,"price":1}],"date":"Nov 1, 2024, 6:28:12 PM"}
{"name":"Commander Zilyana","level":596,"killCount":109,"type":"NPC","drops":[{"name":"Bones","id":526,"quantity":1,"price":114},{"name":"Law rune","id":563,"quantity":99,"price":150}],"date":"Nov 1, 2024, 6:30:53 PM"}
{"name":"Commander Zilyana","level":596,"killCount":110,"type":"NPC","drops":[{"name":"Bones","id":526,"quantity":1,"price":114},{"name":"Grimy ranarr weed","id":208,"quantity":5,"price":6691}],"date":"Nov 1, 2024, 6:33:09 PM"}
{"name":"Commander Zilyana","level":596,"killCount":111,"type":"NPC","drops":[{"name":"Bones","id":526,"quantity":1,"price":114},{"name":"Ranarr seed","id":5295,"quantity":2,"price":29654}],"date":"Nov 1, 2024, 6:35:48 PM"}
{"name":"Commander Zilyana","level":596,"killCount":112,"type":"NPC","drops":[{"name":"Bones","id":526,"quantity":1,"price":114},{"name":"Law rune","id":563,"quantity":99,"price":150}],"date":"Nov 1, 2024, 6:38:33 PM"}
{"name":"Commander Zilyana","level":596,"killCount":113,"type":"NPC","drops":[{"name":"Bones","id":526,"quantity":1,"price":114},{"name":"Adamant platebody","id":1123,"quantity":1,"price":9508}],"date":"Nov 1, 2024, 6:40:55 PM"}
{"name":"Commander Zilyana","level":596,"killCount":114,"type":"NPC","drops":[{"name":"Bones","id":526,"quantity":1,"price":114},{"name":"Saradomin\u0027s light","id":13256,"quantity":1,"price":110201}],"date":"Nov 1, 2024, 6:43:06 PM"}
{"name":"Commander Zilyana","level":596,"killCount":115,"type":"NPC","drops":[{"name":"Bones","id":526,"quantity":1,"price":114},{"name":"Rune kiteshield","id":1201,"quantity":1,"price":32238}],"date":"Nov 1, 2024, 6:45:58 PM"}
{"name":"Commander Zilyana","level":596,"killCount":116,"type":"NPC","drops":[{"name":"Bones","id":526,"quantity":1,"price":114},{"name":"Ranarr seed","id":5295,"quantity":2,"price":29654}],"date":"Nov 1, 2024, 6:49:07 PM"}
{"name":"Commander Zilyana","level":596,"killCount":117,"type":"NPC","drops":[{"name":"Bones","id":526,"quantity":1,"price":114},{"name":"Prayer potion(4)","id":2434,"quantity":1,"price":9759},{"name":"Prayer potion(4)","id":2434,"quantity":1,"price":9759},{"name":"Prayer potion(4)","id":2434,"quantity":1,"price":9759}],"date":"Nov 1, 2024, 6:52:26 PM"}
{"name":"Commander Zilyana","level":596,"killCount":122,"type":"NPC","drops":[{"name":"Bones","id":526,"quantity":1,"price":66},{"name":"Adamant platebody","id":1123,"quantity":1,"price":9507}],"date":"Feb 11, 2025, 9:24:07 PM"}
{"name":"Commander Zilyana","level":596,"killCount":123,"type":"NPC","drops":[{"name":"Bones","id":526,"quantity":1,"price":66},{"name":"Coins","id":995,"quantity":19511,"price":1}],"date":"Feb 11, 2025, 9:26:50 PM"}
{"name":"Commander Zilyana","level":596,"killCount":124,"type":"NPC","drops":[{"name":"Bones","id":526,"quantity":1,"price":66},{"name":"Super defence(3)","id":163,"quantity":1,"price":3806},{"name":"Super defence(3)","id":163,"quantity":1,"price":3806},{"name":"Super defence(3)","id":163,"quantity":1,"price":3806},{"name":"Magic potion(3)","id":3042,"quantity":1,"price":83},{"name":"Magic potion(3)","id":3042,"quantity":1,"price":83},{"name":"Magic potion(3)","id":3042,"quantity":1,"price":83}],"date":"Feb 11, 2025, 9:29:28 PM"}
{"name":"Commander Zilyana","level":596,"killCount":125,"type":"NPC","drops":[{"name":"Bones","id":526,"quantity":1,"price":66},{"name":"Law rune","id":563,"quantity":96,"price":123}],"date":"Feb 11, 2025, 9:32:04 PM"}
{"name":"Commander Zilyana","level":596,"killCount":126,"type":"NPC","drops":[{"name":"Bones","id":526,"quantity":1,"price":66},{"name":"Grimy ranarr weed","id":208,"quantity":5,"price":5972}],"date":"Feb 11, 2025, 9:34:28 PM"}
{"name":"Commander Zilyana","level":596,"killCount":127,"type":"NPC","drops":[{"name":"Bones","id":526,"quantity":1,"price":66},{"name":"Coins","id":995,"quantity":19802,"price":1}],"date":"Feb 11, 2025, 9:37:37 PM"}
{"name":"Commander Zilyana","level":596,"killCount":128,"type":"NPC","drops":[{"name":"Bones","id":526,"quantity":1,"price":66},{"name":"Rune kiteshield","id":1201,"quantity":1,"price":32154}],"date":"Feb 11, 2025, 9:40:46 PM"}
{"name":"Commander Zilyana","level":596,"killCount":129,"type":"NPC","drops":[{"name":"Bones","id":526,"quantity":1,"price":66},{"name":"Coins","id":995,"quantity":19679,"price":1}],"date":"Feb 11, 2025, 9:43:31 PM"}
{"name":"Commander Zilyana","level":596,"killCount":130,"type":"NPC","drops":[{"name":"Bones","id":526,"quantity":1,"price":66},{"name":"Coins","id":995,"quantity":19974,"price":1}],"date":"Feb 11, 2025, 9:46:07 PM"}
{"name":"Commander Zilyana","level":596,"killCount":131,"type":"NPC","drops":[{"name":"Bones","id":526,"quantity":1,"price":66},{"name":"Super defence(3)","id":163,"quantity":1,"price":3806},{"name":"Super defence(3)","id":163,"quantity":1,"price":3806},{"name":"Super defence(3)","id":163,"quantity":1,"price":3806},{"name":"Magic potion(3)","id":3042,"quantity":1,"price":83},{"name":"Magic potion(3)","id":3042,"quantity":1,"price":83},{"name":"Magic potion(3)","id":3042,"quantity":1,"price":83}],"date":"Feb 11, 2025, 9:48:35 PM"}
{"name":"Commander Zilyana","level":596,"killCount":132,"type":"NPC","drops":[{"name":"Bones","id":526,"quantity":1,"price":66},{"name":"Diamond","id":1602,"quantity":6,"price":1760}],"date":"Feb 11, 2025, 9:51:14 PM"}
{"name":"Commander Zilyana","level":596,"killCount":133,"type":"NPC","drops":[{"name":"Bones","id":526,"quantity":1,"price":66},{"name":"Grimy ranarr weed","id":208,"quantity":5,"price":5972}],"date":"Feb 11, 2025, 9:54:07 PM"}
{"name":"Commander Zilyana","level":596,"killCount":134,"type":"NPC","drops":[{"name":"Bones","id":526,"quantity":1,"price":66},{"name":"Coins","id":995,"quantity":19849,"price":1}],"date":"Feb 11, 2025, 9:56:55 PM"}
{"name":"Commander Zilyana","level":596,"killCount":135,"type":"NPC","drops":[{"name":"Bones","id":526,"quantity":1,"price":66},{"name":"Rune plateskirt","id":1093,"quantity":1,"price":37919}],"date":"Feb 11, 2025, 9:59:33 PM"}
{"name":"Commander Zilyana","level":596,"killCount":136,"type":"NPC","drops":[{"name":"Bones","id":526,"quantity":1,"price":66},{"name":"Grimy ranarr weed","id":208,"quantity":5,"price":5972}],"date":"Feb 11, 2025, 10:03:01 PM"}
{"name":"Commander Zilyana","level":596,"killCount":137,"type":"NPC","drops":[{"name":"Bones","id":526,"quantity":1,"price":66},{"name":"Rune plateskirt","id":1093,"quantity":1,"price":37919}],"date":"Feb 11, 2025, 10:05:42 PM"}
{"name":"Commander Zilyana","level":596,"killCount":138,"type":"NPC","drops":[{"name":"Bones","id":526,"quantity":1,"price":66},{"name":"Grimy ranarr weed","id":208,"quantity":5,"price":5972}],"date":"Feb 11, 2025, 10:19:49 PM"}
{"name":"Commander Zilyana","level":596,"killCount":139,"type":"NPC","drops":[{"name":"Bones","id":526,"quantity":1,"price":66},{"name":"Prayer potion(4)","id":2434,"quantity":1,"price":8802},{"name":"Prayer potion(4)","id":2434,"quantity":1,"price":8802},{"name":"Prayer potion(4)","id":2434,"quantity":1,"price":8802}],"date":"Feb 11, 2025, 10:22:29 PM"}
{"name":"Commander Zilyana","level":596,"killCount":140,"type":"NPC","drops":[{"name":"Bones","id":526,"quantity":1,"price":66},{"name":"Coins","id":995,"quantity":19811,"price":1}],"date":"Feb 11, 2025, 10:24:52 PM"}
{"name":"Commander Zilyana","level":596,"killCount":141,"type":"NPC","drops":[{"name":"Bones","id":526,"quantity":1,"price":66},{"name":"Ranarr seed","id":5295,"quantity":2,"price":22736}],"date":"Feb 11, 2025, 10:27:06 PM"}
{"name":"Commander Zilyana","level":596,"killCount":142,"type":"NPC","drops":[{"name":"Bones","id":526,"quantity":1,"price":66},{"name":"Coins","id":995,"quantity":19537,"price":1}],"date":"Feb 11, 2025, 10:29:37 PM"}
{"name":"Commander Zilyana","level":596,"killCount":143,"type":"NPC","drops":[{"name":"Bones","id":526,"quantity":1,"price":66},{"name":"Super restore(4)","id":3024,"quantity":1,"price":10190},{"name":"Super restore(4)","id":3024,"quantity":1,"price":10190},{"name":"Super restore(4)","id":3024,"quantity":1,"price":10190},{"name":"Saradomin brew(3)","id":6687,"quantity":1,"price":9092},{"name":"Saradomin brew(3)","id":6687,"quantity":1,"price":9092},{"name":"Saradomin brew(3)","id":6687,"quantity":1,"price":9092}],"date":"Feb 11, 2025, 10:32:04 PM"}
{"name":"Commander Zilyana","level":596,"killCount":144,"type":"NPC","drops":[{"name":"Bones","id":526,"quantity":1,"price":66},{"name":"Rune plateskirt","id":1093,"quantity":1,"price":37919}],"date":"Feb 11, 2025, 10:34:26 PM"}
{"name":"Commander Zilyana","level":596,"killCount":145,"type":"NPC","drops":[{"name":"Bones","id":526,"quantity":1,"price":66},{"name":"Rune kiteshield","id":1201,"quantity":1,"price":32154}],"date":"Feb 11, 2025, 10:36:44 PM"}
{"name":"Commander Zilyana","level":596,"killCount":146,"type":"NPC","drops":[{"name":"Bones","id":526,"quantity":1,"price":66},{"name":"Rune plateskirt","id":1093,"quantity":1,"price":37919}],"date":"Feb 11, 2025, 10:39:45 PM"}
{"name":"Commander Zilyana","level":596,"killCount":147,"type":"NPC","drops":[{"name":"Bones","id":526,"quantity":1,"price":66},{"name":"Coins","id":995,"quantity":19833,"price":1}],"date":"Feb 11, 2025, 10:42:44 PM"}
{"name":"Commander Zilyana","level":596,"killCount":148,"type":"NPC","drops":[{"name":"Bones","id":526,"quantity":1,"price":66},{"name":"Rune dart","id":811,"quantity":38,"price":167}],"date":"Feb 11, 2025, 10:45:37 PM"}
{"name":"Commander Zilyana","level":596,"killCount":149,"type":"NPC","drops":[{"name":"Bones","id":526,"quantity":1,"price":66},{"name":"Coins","id":995,"quantity":19560,"price":1}],"date":"Feb 11, 2025, 10:48:35 PM"}
{"name":"Commander Zilyana","level":596,"killCount":150,"type":"NPC","drops":[{"name":"Bones","id":526,"quantity":1,"price":66},{"name":"Adamant platebody","id":1123,"quantity":1,"price":9507}],"date":"Feb 11, 2025, 10:51:03 PM"}
{"name":"Commander Zilyana","level":596,"killCount":151,"type":"NPC","drops":[{"name":"Bones","id":526,"quantity":1,"price":66},{"name":"Saradomin sword","id":11838,"quantity":1,"price":171223}],"date":"Feb 11, 2025, 10:53:44 PM"}
{"name":"Commander Zilyana","level":596,"killCount":118,"type":"NPC","drops":[{"name":"Bones","id":526,"quantity":1,"price":66},{"name":"Coins","id":995,"quantity":19649,"price":1}],"date":"Feb 11, 2025, 12:53:01 PM"}
{"name":"Commander Zilyana","level":596,"killCount":119,"type":"NPC","drops":[{"name":"Bones","id":526,"quantity":1,"price":66},{"name":"Rune kiteshield","id":1201,"quantity":1,"price":32154}],"date":"Feb 11, 2025, 12:55:25 PM"}
{"name":"Commander Zilyana","level":596,"killCount":120,"type":"NPC","drops":[{"name":"Bones","id":526,"quantity":1,"price":66},{"name":"Law rune","id":563,"quantity":100,"price":123}],"date":"Feb 11, 2025, 12:57:39 PM"}
{"name":"Commander Zilyana","level":596,"killCount":121,"type":"NPC","drops":[{"name":"Bones","id":526,"quantity":1,"price":66},{"name":"Coins","id":995,"quantity":19542,"price":1}],"date":"Feb 11, 2025, 1:00:33 PM"}
