{"name":"Cow","level":2,"killCount":-1,"type":"NPC","drops":[{"name":"Bones","id":526,"quantity":1,"price":74},{"name":"Raw beef","id":2132,"quantity":1,"price":41},{"name":"Cowhide","id":1739,"quantity":1,"price":211}],"date":"May 26, 2022, 2:08:24 PM"}
{"name":"Cow","level":2,"killCount":-1,"type":"NPC","drops":[{"name":"Bones","id":526,"quantity":1,"price":81},{"name":"Raw beef","id":2132,"quantity":1,"price":47},{"name":"Cowhide","id":1739,"quantity":1,"price":181}],"date":"Nov 1, 2022, 4:19:40 PM"}
{"name":"Cow","level":2,"killCount":-1,"type":"NPC","drops":[{"name":"Bones","id":526,"quantity":1,"price":81},{"name":"Raw beef","id":2132,"quantity":1,"price":47},{"name":"Cowhide","id":1739,"quantity":1,"price":181}],"date":"Nov 1, 2022, 4:19:52 PM"}
{"name":"Cow","level":2,"killCount":-1,"type":"NPC","drops":[{"name":"Bones","id":526,"quantity":1,"price":81},{"name":"Raw beef","id":2132,"quantity":1,"price":47},{"name":"Cowhide","id":1739,"quantity":1,"price":181}],"date":"Nov 1, 2022, 4:19:54 PM"}
{"name":"Cow","level":2,"killCount":-1,"type":"NPC","drops":[{"name":"Bones","id":526,"quantity":1,"price":81},{"name":"Raw beef","id":2132,"quantity":1,"price":47},{"name":"Cowhide","id":1739,"quantity":1,"price":181}],"date":"Nov 1, 2022, 4:19:55 PM"}
{"name":"Cow","level":2,"killCount":-1,"type":"NPC","drops":[{"name":"Bones","id":526,"quantity":1,"price":81},{"name":"Raw beef","id":2132,"quantity":1,"price":47},{"name":"Cowhide","id":1739,"quantity":1,"price":181}],"date":"Nov 1, 2022, 4:19:58 PM"}
{"name":"Cow","level":2,"killCount":-1,"type":"NPC","drops":[{"name":"Bones","id":526,"quantity":1,"price":81},{"name":"Raw beef","id":2132,"quantity":1,"price":47},{"name":"Cowhide","id":1739,"quantity":1,"price":181}],"date":"Nov 1, 2022, 4:20:12 PM"}
{"name":"Cow","level":2,"killCount":-1,"type":"NPC","drops":[{"name":"Bones","id":526,"quantity":1,"price":81},{"name":"Raw beef","id":2132,"quantity":1,"price":47},{"name":"Cowhide","id":1739,"quantity":1,"price":181}],"date":"Nov 1, 2022, 4:20:26 PM"}
{"name":"Cow","level":2,"killCount":-1,"type":"NPC","drops":[{"name":"Bones","id":526,"quantity":1,"price":81},{"name":"Raw beef","id":2132,"quantity":1,"price":47},{"name":"Cowhide","id":1739,"quantity":1,"price":181}],"date":"Nov 1, 2022, 4:20:27 PM"}
{"name":"Cow","level":2,"killCount":-1,"type":"NPC","drops":[{"name":"Bones","id":526,"quantity":1,"price":81},{"name":"Raw beef","id":2132,"quantity":1,"price":47},{"name":"Cowhide","id":1739,"quantity":1,"price":181}],"date":"Nov 1, 2022, 4:20:34 PM"}
{"name":"Cow","level":2,"killCount":-1,"type":"NPC","drops":[{"name":"Bones","id":526,"quantity":1,"price":81},{"name":"Raw beef","id":2132,"quantity":1,"price":47},{"name":"Cowhide","id":1739,"quantity":1,"price":181}],"date":"Nov 1, 2022, 4:20:40 PM"}
{"name":"Cow","level":2,"killCount":-1,"type":"NPC","drops":[{"name":"Bones","id":526,"quantity":1,"price":81},{"name":"Raw beef","id":2132,"quantity":1,"price":47},{"name":"Cowhide","id":1739,"quantity":1,"price":181}],"date":"Nov 1, 2022, 4:20:44 PM"}
{"name":"Cow","level":2,"killCount":-1,"type":"NPC","drops":[{"name":"Bones","id":526,"quantity":1,"price":81},{"name":"Raw beef","id":2132,"quantity":1,"price":47},{"name":"Cowhide","id":1739,"quantity":1,"price":181}],"date":"Nov 1, 2022, 4:20:46 PM"}
{"name":"Cow","level":2,"killCount":-1,"type":"NPC","drops":[{"name":"Bones","id":526,"quantity":1,"price":81},{"name":"Raw beef","id":2132,"quantity":1,"price":47},{"name":"Cowhide","id":1739,"quantity":1,"price":181}],"date":"Nov 1, 2022, 4:22:22 PM"}
{"name":"Cow","level":2,"killCount":-1,"type":"NPC","drops":[{"name":"Bones","id":526,"quantity":1,"price":81},{"name":"Raw beef","id":2132,"quantity":1,"price":47},{"name":"Cowhide","id":1739,"quantity":1,"price":181}],"date":"Nov 1, 2022, 4:22:23 PM"}
{"name":"Cow","level":2,"killCount":-1,"type":"NPC","drops":[{"name":"Bones","id":526,"quantity":1,"price":81},{"name":"Raw beef","id":2132,"quantity":1,"price":47},{"name":"Cowhide","id":1739,"quantity":1,"price":181}],"date":"Nov 1, 2022, 4:22:32 PM"}
{"name":"Cow","level":2,"killCount":-1,"type":"NPC","drops":[{"name":"Bones","id":526,"quantity":1,"price":81},{"name":"Raw beef","id":2132,"quantity":1,"price":47},{"name":"Cowhide","id":1739,"quantity":1,"price":181}],"date":"Nov 1, 2022, 4:22:37 PM"}
{"name":"Cow","level":2,"killCount":-1,"type":"NPC","drops":[{"name":"Bones","id":526,"quantity":1,"price":81},{"name":"Raw beef","id":2132,"quantity":1,"price":47},{"name":"Cowhide","id":1739,"quantity":1,"price":181}],"date":"Nov 1, 2022, 4:22:55 PM"}
{"name":"Cow","level":2,"killCount":-1,"type":"NPC","drops":[{"name":"Bones","id":526,"quantity":1,"price":81},{"name":"Raw beef","id":2132,"quantity":1,"price":47},{"name":"Cowhide","id":1739,"quantity":1,"price":181}],"date":"Nov 1, 2022, 4:22:58 PM"}
{"name":"Cow","level":2,"killCount":-1,"type":"NPC","drops":[{"name":"Bones","id":526,"quantity":1,"price":81},{"name":"Raw beef","id":2132,"quantity":1,"price":47},{"name":"Cowhide","id":1739,"quantity":1,"price":181}],"date":"Nov 1, 2022, 4:23:03 PM"}
{"name":"Cow","level":2,"killCount":-1,"type":"NPC","drops":[{"name":"Bones","id":526,"quantity":1,"price":81},{"name":"Raw beef","id":2132,"quantity":1,"price":47},{"name":"Cowhide","id":1739,"quantity":1,"price":181}],"date":"Nov 1, 2022, 4:23:07 PM"}
{"name":"Cow","level":2,"killCount":-1,"type":"NPC","drops":[{"name":"Bones","id":526,"quantity":1,"price":81},{"name":"Raw beef","id":2132,"quantity":1,"price":47},{"name":"Cowhide","id":1739,"quantity":1,"price":181}],"date":"Nov 1, 2022, 4:23:11 PM"}
{"name":"Cow","level":2,"killCount":-1,"type":"NPC","drops":[{"name":"Bones","id":526,"quantity":1,"price":68},{"name":"Raw beef","id":2132,"quantity":1,"price":55},{"name":"Cowhide","id":1739,"quantity":1,"price":171}],"date":"Jan 25, 2023, 5:25:30 PM"}
{"name":"Cow","level":2,"killCount":-1,"type":"NPC","drops":[{"name":"Bones","id":526,"quantity":1,"price":68},{"name":"Raw beef","id":2132,"quantity":1,"price":55},{"name":"Cowhide","id":1739,"quantity":1,"price":171}],"date":"Jan 25, 2023, 5:25:33 PM"}
{"name":"Cow","level":2,"killCount":-1,"type":"NPC","drops":[{"name":"Bones","id":526,"quantity":1,"price":68},{"name":"Raw beef","id":2132,"quantity":1,"price":55},{"name":"Cowhide","id":1739,"quantity":1,"price":171}],"date":"Jan 25, 2023, 5:25:34 PM"}
{"name":"Cow","level":2,"killCount":-1,"type":"NPC","drops":[{"name":"Bones","id":526,"quantity":1,"price":68},{"name":"Raw beef","id":2132,"quantity":1,"price":55},{"name":"Cowhide","id":1739,"quantity":1,"price":171}],"date":"Jan 25, 2023, 5:25:45 PM"}
{"name":"Cow","level":2,"killCount":-1,"type":"NPC","drops":[{"name":"Bones","id":526,"quantity":1,"price":68},{"name":"Raw beef","id":2132,"quantity":1,"price":55},{"name":"Cowhide","id":1739,"quantity":1,"price":171}],"date":"Jan 25, 2023, 5:25:55 PM"}
{"name":"Cow","level":2,"killCount":-1,"type":"NPC","drops":[{"name":"Bones","id":526,"quantity":1,"price":68},{"name":"Raw beef","id":2132,"quantity":1,"price":55},{"name":"Cowhide","id":1739,"quantity":1,"price":171}],"date":"Jan 25, 2023, 5:26:00 PM"}
{"name":"Cow","level":2,"killCount":-1,"type":"NPC","drops":[{"name":"Bones","id":526,"quantity":1,"price":68},{"name":"Raw beef","id":2132,"quantity":1,"price":55},{"name":"Cowhide","id":1739,"quantity":1,"price":171}],"date":"Jan 25, 2023, 5:26:04 PM"}
{"name":"Cow","level":2,"killCount":-1,"type":"NPC","drops":[{"name":"Bones","id":526,"quantity":1,"price":68},{"name":"Raw beef","id":2132,"quantity":1,"price":55},{"name":"Cowhide","id":1739,"quantity":1,"price":171}],"date":"Jan 25, 2023, 5:26:12 PM"}
{"name":"Cow","level":2,"killCount":-1,"type":"NPC","drops":[{"name":"Bones","id":526,"quantity":1,"price":68},{"name":"Raw beef","id":2132,"quantity":1,"price":55},{"name":"Cowhide","id":1739,"quantity":1,"price":171}],"date":"Jan 25, 2023, 5:26:16 PM"}
{"name":"Cow","level":2,"killCount":-1,"type":"NPC","drops":[{"name":"Bones","id":526,"quantity":1,"price":68},{"name":"Raw beef","id":2132,"quantity":1,"price":55},{"name":"Cowhide","id":1739,"quantity":1,"price":171}],"date":"Jan 25, 2023, 5:26:19 PM"}
{"name":"Cow","level":2,"killCount":-1,"type":"NPC","drops":[{"name":"Bones","id":526,"quantity":1,"price":68},{"name":"Raw beef","id":2132,"quantity":1,"price":55},{"name":"Cowhide","id":1739,"quantity":1,"price":171}],"date":"Jan 25, 2023, 5:26:40 PM"}
{"name":"Cow","level":2,"killCount":-1,"type":"NPC","drops":[{"name":"Bones","id":526,"quantity":1,"price":68},{"name":"Raw beef","id":2132,"quantity":1,"price":55},{"name":"Cowhide","id":1739,"quantity":1,"price":171}],"date":"Jan 25, 2023, 5:26:43 PM"}
{"name":"Cow","level":2,"killCount":-1,"type":"NPC","drops":[{"name":"Bones","id":526,"quantity":1,"price":68},{"name":"Raw beef","id":2132,"quantity":1,"price":55},{"name":"Cowhide","id":1739,"quantity":1,"price":171}],"date":"Jan 25, 2023, 5:26:48 PM"}
{"name":"Cow","level":2,"killCount":-1,"type":"NPC","drops":[{"name":"Bones","id":526,"quantity":1,"price":55},{"name":"Raw beef","id":2132,"quantity":1,"price":81},{"name":"Cowhide","id":1739,"quantity":1,"price":147}],"date":"May 3, 2023, 4:55:41 PM"}
{"name":"Cow","level":2,"killCount":-1,"type":"NPC","drops":[{"name":"Bones","id":526,"quantity":1,"price":55},{"name":"Raw beef","id":2132,"quantity":1,"price":129},{"name":"Cowhide","id":1739,"quantity":1,"price":130}],"date":"Jul 19, 2023, 9:08:40 AM"}
{"name":"Cow","level":2,"killCount":-1,"type":"NPC","drops":[{"name":"Bones","id":526,"quantity":1,"price":60},{"name":"Raw beef","id":2132,"quantity":1,"price":110},{"name":"Cowhide","id":1739,"quantity":1,"price":143}],"date":"Aug 5, 2023, 11:01:00 AM"}
{"name":"Cow","level":2,"killCount":-1,"type":"NPC","drops":[{"name":"Bones","id":526,"quantity":1,"price":60},{"name":"Raw beef","id":2132,"quantity":1,"price":110},{"name":"Cowhide","id":1739,"quantity":1,"price":143}],"date":"Aug 5, 2023, 11:01:06 AM"}
{"name":"Cow","level":2,"killCount":-1,"type":"NPC","drops":[{"name":"Bones","id":526,"quantity":1,"price":60},{"name":"Raw beef","id":2132,"quantity":1,"price":110},{"name":"Cowhide","id":1739,"quantity":1,"price":143}],"date":"Aug 5, 2023, 11:01:09 AM"}
{"name":"Cow","level":2,"killCount":-1,"type":"NPC","drops":[{"name":"Bones","id":526,"quantity":1,"price":60},{"name":"Raw beef","id":2132,"quantity":1,"price":110},{"name":"Cowhide","id":1739,"quantity":1,"price":143}],"date":"Aug 5, 2023, 11:01:16 AM"}
{"name":"Cow","level":2,"killCount":-1,"type":"NPC","drops":[{"name":"Bones","id":526,"quantity":1,"price":60},{"name":"Raw beef","id":2132,"quantity":1,"price":110},{"name":"Cowhide","id":1739,"quantity":1,"price":143}],"date":"Aug 5, 2023, 11:01:28 AM"}
{"name":"Cow","level":2,"killCount":-1,"type":"NPC","drops":[{"name":"Bones","id":526,"quantity":1,"price":60},{"name":"Raw beef","id":2132,"quantity":1,"price":110},{"name":"Cowhide","id":1739,"quantity":1,"price":143}],"date":"Aug 5, 2023, 11:01:34 AM"}
{"name":"Cow","level":2,"killCount":-1,"type":"NPC","drops":[{"name":"Bones","id":526,"quantity":1,"price":60},{"name":"Raw beef","id":2132,"quantity":1,"price":110},{"name":"Cowhide","id":1739,"quantity":1,"price":143}],"date":"Aug 5, 2023, 11:01:45 AM"}
{"name":"Cow","level":2,"killCount":-1,"type":"NPC","drops":[{"name":"Bones","id":526,"quantity":1,"price":60},{"name":"Raw beef","id":2132,"quantity":1,"price":110},{"name":"Cowhide","id":1739,"quantity":1,"price":143}],"date":"Aug 5, 2023, 11:01:52 AM"}
{"name":"Cow","level":2,"killCount":-1,"type":"NPC","drops":[{"name":"Bones","id":526,"quantity":1,"price":60},{"name":"Raw beef","id":2132,"quantity":1,"price":110},{"name":"Cowhide","id":1739,"quantity":1,"price":143}],"date":"Aug 5, 2023, 11:01:55 AM"}
{"name":"Cow","level":2,"killCount":-1,"type":"NPC","drops":[{"name":"Bones","id":526,"quantity":1,"price":69},{"name":"Raw beef","id":2132,"quantity":1,"price":112},{"name":"Cowhide","id":1739,"quantity":1,"price":124}],"date":"Sep 4, 2023, 3:01:14 PM"}
{"name":"Cow","level":2,"killCount":-1,"type":"NPC","drops":[{"name":"Bones","id":526,"quantity":1,"price":64},{"name":"Raw beef","id":2132,"quantity":1,"price":60},{"name":"Cowhide","id":1739,"quantity":1,"price":132}],"date":"Nov 15, 2023, 11:09:27 AM"}
{"name":"Cow","level":2,"killCount":-1,"type":"NPC","drops":[{"name":"Bones","id":526,"quantity":1,"price":64},{"name":"Raw beef","id":2132,"quantity":1,"price":60},{"name":"Cowhide","id":1739,"quantity":1,"price":132}],"date":"Nov 15, 2023, 11:09:35 AM"}
{"name":"Cow","level":2,"killCount":-1,"type":"NPC","drops":[{"name":"Bones","id":526,"quantity":1,"price":64},{"name":"Raw beef","id":2132,"quantity":1,"price":60},{"name":"Cowhide","id":1739,"quantity":1,"price":132}],"date":"Nov 15, 2023, 11:12:28 AM"}
{"name":"Cow","level":2,"killCount":-1,"type":"NPC","drops":[{"name":"Bones","id":526,"quantity":1,"price":64},{"name":"Raw beef","id":2132,"quantity":1,"price":60},{"name":"Cowhide","id":1739,"quantity":1,"price":132}],"date":"Nov 15, 2023, 2:09:22 PM"}
{"name":"Cow","level":2,"killCount":-1,"type":"NPC","drops":[{"name":"Bones","id":526,"quantity":1,"price":66},{"name":"Raw beef","id":2132,"quantity":1,"price":65},{"name":"Cowhide","id":1739,"quantity":1,"price":133}],"date":"Nov 17, 2023, 10:51:38 AM"}
{"name":"Cow","level":2,"killCount":-1,"type":"NPC","drops":[{"name":"Bones","id":526,"quantity":1,"price":66},{"name":"Raw beef","id":2132,"quantity":1,"price":65},{"name":"Cowhide","id":1739,"quantity":1,"price":133}],"date":"Nov 17, 2023, 10:51:43 AM"}
{"name":"Cow","level":2,"killCount":-1,"type":"NPC","drops":[{"name":"Bones","id":526,"quantity":1,"price":66},{"name":"Raw beef","id":2132,"quantity":1,"price":65},{"name":"Cowhide","id":1739,"quantity":1,"price":133}],"date":"Nov 17, 2023, 10:51:44 AM"}
{"name":"Cow","level":2,"killCount":-1,"type":"NPC","drops":[{"name":"Bones","id":526,"quantity":1,"price":66},{"name":"Raw beef","id":2132,"quantity":1,"price":65},{"name":"Cowhide","id":1739,"quantity":1,"price":133}],"date":"Nov 17, 2023, 10:51:47 AM"}
{"name":"Cow","level":2,"killCount":-1,"type":"NPC","drops":[{"name":"Bones","id":526,"quantity":1,"price":66},{"name":"Raw beef","id":2132,"quantity":1,"price":65},{"name":"Cowhide","id":1739,"quantity":1,"price":133}],"date":"Nov 17, 2023, 10:51:51 AM"}
{"name":"Cow","level":2,"killCount":-1,"type":"NPC","drops":[{"name":"Bones","id":526,"quantity":1,"price":66},{"name":"Raw beef","id":2132,"quantity":1,"price":65},{"name":"Cowhide","id":1739,"quantity":1,"price":133}],"date":"Nov 17, 2023, 10:51:55 AM"}
{"name":"Cow","level":2,"killCount":-1,"type":"NPC","drops":[{"name":"Bones","id":526,"quantity":1,"price":66},{"name":"Raw beef","id":2132,"quantity":1,"price":65},{"name":"Cowhide","id":1739,"quantity":1,"price":133}],"date":"Nov 17, 2023, 10:52:23 AM"}
{"name":"Cow","level":2,"killCount":-1,"type":"NPC","drops":[{"name":"Bones","id":526,"quantity":1,"price":66},{"name":"Raw beef","id":2132,"quantity":1,"price":65},{"name":"Cowhide","id":1739,"quantity":1,"price":133}],"date":"Nov 17, 2023, 10:52:26 AM"}
{"name":"Cow","level":2,"killCount":-1,"type":"NPC","drops":[{"name":"Bones","id":526,"quantity":1,"price":66},{"name":"Raw beef","id":2132,"quantity":1,"price":65},{"name":"Cowhide","id":1739,"quantity":1,"price":133}],"date":"Nov 17, 2023, 10:52:27 AM"}
{"name":"Cow","level":2,"killCount":-1,"type":"NPC","drops":[{"name":"Bones","id":526,"quantity":1,"price":66},{"name":"Raw beef","id":2132,"quantity":1,"price":65},{"name":"Cowhide","id":1739,"quantity":1,"price":133}],"date":"Nov 17, 2023, 10:52:27 AM"}
{"name":"Cow","level":2,"killCount":-1,"type":"NPC","drops":[{"name":"Bones","id":526,"quantity":1,"price":66},{"name":"Raw beef","id":2132,"quantity":1,"price":65},{"name":"Cowhide","id":1739,"quantity":1,"price":133}],"date":"Nov 17, 2023, 10:52:28 AM"}
{"name":"Cow","level":2,"killCount":-1,"type":"NPC","drops":[{"name":"Bones","id":526,"quantity":1,"price":66},{"name":"Raw beef","id":2132,"quantity":1,"price":65},{"name":"Cowhide","id":1739,"quantity":1,"price":133}],"date":"Nov 17, 2023, 10:52:34 AM"}
{"name":"Cow","level":2,"killCount":-1,"type":"NPC","drops":[{"name":"Bones","id":526,"quantity":1,"price":66},{"name":"Raw beef","id":2132,"quantity":1,"price":65},{"name":"Cowhide","id":1739,"quantity":1,"price":133}],"date":"Nov 17, 2023, 10:53:27 AM"}
{"name":"Cow","level":2,"killCount":-1,"type":"NPC","drops":[{"name":"Bones","id":526,"quantity":1,"price":66},{"name":"Raw beef","id":2132,"quantity":1,"price":65},{"name":"Cowhide","id":1739,"quantity":1,"price":133}],"date":"Nov 17, 2023, 10:53:30 AM"}
{"name":"Cow","level":2,"killCount":-1,"type":"NPC","drops":[{"name":"Bones","id":526,"quantity":1,"price":66},{"name":"Raw beef","id":2132,"quantity":1,"price":65},{"name":"Cowhide","id":1739,"quantity":1,"price":133}],"date":"Nov 17, 2023, 10:53:34 AM"}
{"name":"Cow","level":2,"killCount":-1,"type":"NPC","drops":[{"name":"Bones","id":526,"quantity":1,"price":66},{"name":"Raw beef","id":2132,"quantity":1,"price":65},{"name":"Cowhide","id":1739,"quantity":1,"price":133}],"date":"Nov 17, 2023, 10:53:35 AM"}
{"name":"Cow","level":2,"killCount":-1,"type":"NPC","drops":[{"name":"Bones","id":526,"quantity":1,"price":66},{"name":"Raw beef","id":2132,"quantity":1,"price":65},{"name":"Cowhide","id":1739,"quantity":1,"price":133}],"date":"Nov 17, 2023, 10:53:36 AM"}
{"name":"Cow","level":2,"killCount":-1,"type":"NPC","drops":[{"name":"Bones","id":526,"quantity":1,"price":66},{"name":"Scroll box (beginner)","id":24361,"quantity":1,"price":0},{"name":"Raw beef","id":2132,"quantity":1,"price":65},{"name":"Cowhide","id":1739,"quantity":1,"price":133}],"date":"Nov 17, 2023, 10:53:39 AM"}
{"name":"Cow","level":2,"killCount":-1,"type":"NPC","drops":[{"name":"Bones","id":526,"quantity":1,"price":66},{"name":"Raw beef","id":2132,"quantity":1,"price":65},{"name":"Cowhide","id":1739,"quantity":1,"price":133}],"date":"Nov 17, 2023, 10:54:28 AM"}
{"name":"Cow","level":2,"killCount":-1,"type":"NPC","drops":[{"name":"Bones","id":526,"quantity":1,"price":66},{"name":"Raw beef","id":2132,"quantity":1,"price":65},{"name":"Cowhide","id":1739,"quantity":1,"price":133}],"date":"Nov 17, 2023, 10:54:29 AM"}
{"name":"Cow","level":2,"killCount":-1,"type":"NPC","drops":[{"name":"Bones","id":526,"quantity":1,"price":66},{"name":"Raw beef","id":2132,"quantity":1,"price":65},{"name":"Cowhide","id":1739,"quantity":1,"price":133}],"date":"Nov 17, 2023, 10:54:30 AM"}
{"name":"Cow","level":2,"killCount":-1,"type":"NPC","drops":[{"name":"Bones","id":526,"quantity":1,"price":66},{"name":"Raw beef","id":2132,"quantity":1,"price":65},{"name":"Cowhide","id":1739,"quantity":1,"price":133}],"date":"Nov 17, 2023, 10:54:32 AM"}
{"name":"Cow","level":2,"killCount":-1,"type":"NPC","drops":[{"name":"Bones","id":526,"quantity":1,"price":66},{"name":"Raw beef","id":2132,"quantity":1,"price":65},{"name":"Cowhide","id":1739,"quantity":1,"price":133}],"date":"Nov 17, 2023, 10:54:33 AM"}
{"name":"Cow","level":2,"killCount":-1,"type":"NPC","drops":[{"name":"Bones","id":526,"quantity":1,"price":66},{"name":"Raw beef","id":2132,"quantity":1,"price":65},{"name":"Cowhide","id":1739,"quantity":1,"price":133}],"date":"Nov 17, 2023, 10:54:35 AM"}
{"name":"Cow","level":2,"killCount":-1,"type":"NPC","drops":[{"name":"Bones","id":526,"quantity":1,"price":66},{"name":"Raw beef","id":2132,"quantity":1,"price":65},{"name":"Cowhide","id":1739,"quantity":1,"price":133}],"date":"Nov 17, 2023, 10:54:40 AM"}
{"name":"Cow","level":2,"killCount":-1,"type":"NPC","drops":[{"name":"Bones","id":526,"quantity":1,"price":66},{"name":"Raw beef","id":2132,"quantity":1,"price":65},{"name":"Cowhide","id":1739,"quantity":1,"price":133}],"date":"Nov 17, 2023, 10:54:41 AM"}
{"name":"Cow","level":2,"killCount":-1,"type":"NPC","drops":[{"name":"Bones","id":526,"quantity":1,"price":66},{"name":"Raw beef","id":2132,"quantity":1,"price":65},{"name":"Cowhide","id":1739,"quantity":1,"price":133}],"date":"Nov 17, 2023, 1:00:04 PM"}
{"name":"Cow","level":2,"killCount":-1,"type":"NPC","drops":[{"name":"Bones","id":526,"quantity":1,"price":64},{"name":"Raw beef","id":2132,"quantity":1,"price":64},{"name":"Cowhide","id":1739,"quantity":1,"price":131}],"date":"Nov 19, 2023, 7:56:14 PM"}
{"name":"Cow","level":2,"killCount":-1,"type":"NPC","drops":[{"name":"Bones","id":526,"quantity":1,"price":65},{"name":"Raw beef","id":2132,"quantity":1,"price":63},{"name":"Cowhide","id":1739,"quantity":1,"price":139}],"date":"Nov 27, 2023, 6:54:44 PM"}
