{"name":"Cyclops","level":81,"killCount":-1,"type":"NPC","drops":[{"name":"Big bones","id":532,"quantity":1,"price":181},{"name":"Coins","id":995,"quantity":7,"price":1}],"date":"Dec 24, 2022, 12:58:37 AM"}
{"name":"Cyclops","level":106,"killCount":-1,"type":"NPC","drops":[{"name":"Big bones","id":532,"quantity":1,"price":197},{"name":"Black dagger","id":1217,"quantity":1,"price":185}],"date":"Aug 1, 2023, 9:36:43 PM"}
{"name":"Cyclops","level":106,"killCount":-1,"type":"NPC","drops":[{"name":"Big bones","id":532,"quantity":1,"price":197},{"name":"Grimy guam leaf","id":199,"quantity":1,"price":50}],"date":"Aug 1, 2023, 9:37:02 PM"}
{"name":"Cyclops","level":106,"killCount":-1,"type":"NPC","drops":[{"name":"Big bones","id":532,"quantity":1,"price":197},{"name":"Black mace","id":1426,"quantity":1,"price":244}],"date":"Aug 1, 2023, 9:37:19 PM"}
{"name":"Cyclops","level":106,"killCount":-1,"type":"NPC","drops":[{"name":"Big bones","id":532,"quantity":1,"price":197},{"name":"Coins","id":995,"quantity":96,"price":1}],"date":"Aug 1, 2023, 9:37:44 PM"}
{"name":"Cyclops","level":106,"killCount":-1,"type":"NPC","drops":[{"name":"Big bones","id":532,"quantity":1,"price":197},{"name":"Steel chainbody","id":1105,"quantity":1,"price":227}],"date":"Aug 1, 2023, 9:37:54 PM"}
{"name":"Cyclops","level":106,"killCount":-1,"type":"NPC","drops":[{"name":"Big bones","id":532,"quantity":1,"price":197},{"name":"Coins","id":995,"quantity":96,"price":1}],"date":"Aug 1, 2023, 9:38:04 PM"}
{"name":"Cyclops","level":106,"killCount":-1,"type":"NPC","drops":[{"name":"Big bones","id":532,"quantity":1,"price":197},{"name":"Coins","id":995,"quantity":96,"price":1}],"date":"Aug 1, 2023, 9:38:26 PM"}
{"name":"Cyclops","level":106,"killCount":-1,"type":"NPC","drops":[{"name":"Big bones","id":532,"quantity":1,"price":197},{"name":"Black knife","id":869,"quantity":22,"price":46}],"date":"Aug 1, 2023, 9:38:50 PM"}
{"name":"Cyclops","level":106,"killCount":-1,"type":"NPC","drops":[{"name":"Big bones","id":532,"quantity":1,"price":197},{"name":"Mithril platelegs","id":1071,"quantity":1,"price":1213}],"date":"Aug 1, 2023, 9:39:06 PM"}
{"name":"Cyclops","level":106,"killCount":-1,"type":"NPC","drops":[{"name":"Big bones","id":532,"quantity":1,"price":197},{"name":"Mithril kiteshield","id":1197,"quantity":1,"price":988}],"date":"Aug 1, 2023, 9:39:23 PM"}
{"name":"Cyclops","level":106,"killCount":-1,"type":"NPC","drops":[{"name":"Big bones","id":532,"quantity":1,"price":197},{"name":"Rune med helm","id":1147,"quantity":1,"price":11139}],"date":"Aug 1, 2023, 9:39:35 PM"}
{"name":"Cyclops","level":106,"killCount":-1,"type":"NPC","drops":[{"name":"Big bones","id":532,"quantity":1,"price":197},{"name":"Mithril kiteshield","id":1197,"quantity":1,"price":988}],"date":"Aug 1, 2023, 9:40:01 PM"}
{"name":"Cyclops","level":106,"killCount":-1,"type":"NPC","drops":[{"name":"Big bones","id":532,"quantity":1,"price":197},{"name":"Coins","id":995,"quantity":403,"price":1}],"date":"Aug 1, 2023, 9:40:26 PM"}
{"name":"Cyclops","level":106,"killCount":-1,"type":"NPC","drops":[{"name":"Big bones","id":532,"quantity":1,"price":197},{"name":"Mithril dart","id":809,"quantity":12,"price":4}],"date":"Aug 1, 2023, 9:40:53 PM"}
{"name":"Cyclops","level":106,"killCount":-1,"type":"NPC","drops":[{"name":"Big bones","id":532,"quantity":1,"price":197},{"name":"Mithril kiteshield","id":1197,"quantity":1,"price":988}],"date":"Aug 1, 2023, 9:41:08 PM"}
{"name":"Cyclops","level":106,"killCount":-1,"type":"NPC","drops":[{"name":"Big bones","id":532,"quantity":1,"price":197},{"name":"Mithril scimitar","id":1329,"quantity":1,"price":399}],"date":"Aug 1, 2023, 9:41:20 PM"}
{"name":"Cyclops","level":106,"killCount":-1,"type":"NPC","drops":[{"name":"Big bones","id":532,"quantity":1,"price":197},{"name":"Grimy marrentill","id":201,"quantity":1,"price":30}],"date":"Aug 1, 2023, 9:41:39 PM"}
{"name":"Cyclops","level":106,"killCount":-1,"type":"NPC","drops":[{"name":"Big bones","id":532,"quantity":1,"price":197},{"name":"Black knife","id":869,"quantity":22,"price":46}],"date":"Aug 1, 2023, 9:41:56 PM"}
{"name":"Cyclops","level":106,"killCount":-1,"type":"NPC","drops":[{"name":"Big bones","id":532,"quantity":1,"price":197},{"name":"Tooth half of key","id":985,"quantity":1,"price":9518}],"date":"Aug 1, 2023, 9:42:11 PM"}
{"name":"Cyclops","level":106,"killCount":-1,"type":"NPC","drops":[{"name":"Big bones","id":532,"quantity":1,"price":197},{"name":"Marrentill seed","id":5292,"quantity":1,"price":3}],"date":"Aug 1, 2023, 9:42:36 PM"}
{"name":"Cyclops","level":106,"killCount":-1,"type":"NPC","drops":[{"name":"Big bones","id":532,"quantity":1,"price":197},{"name":"Adamant 2h sword","id":1317,"quantity":1,"price":3440}],"date":"Aug 1, 2023, 9:43:00 PM"}
{"name":"Cyclops","level":106,"killCount":-1,"type":"NPC","drops":[{"name":"Big bones","id":532,"quantity":1,"price":197},{"name":"Black full helm","id":1165,"quantity":1,"price":490}],"date":"Aug 1, 2023, 9:43:17 PM"}
{"name":"Cyclops","level":106,"killCount":-1,"type":"NPC","drops":[{"name":"Big bones","id":532,"quantity":1,"price":197},{"name":"Mushroom spore","id":5282,"quantity":1,"price":56}],"date":"Aug 1, 2023, 9:43:45 PM"}
{"name":"Cyclops","level":106,"killCount":-1,"type":"NPC","drops":[{"name":"Big bones","id":532,"quantity":1,"price":197},{"name":"Black full helm","id":1165,"quantity":1,"price":490}],"date":"Aug 1, 2023, 9:44:06 PM"}
{"name":"Cyclops","level":106,"killCount":-1,"type":"NPC","drops":[{"name":"Big bones","id":532,"quantity":1,"price":197},{"name":"Adamant dagger","id":1211,"quantity":1,"price":264}],"date":"Aug 1, 2023, 9:44:30 PM"}
{"name":"Cyclops","level":106,"killCount":-1,"type":"NPC","drops":[{"name":"Big bones","id":532,"quantity":1,"price":197},{"name":"Adamant sq shield","id":1183,"quantity":1,"price":2001}],"date":"Aug 1, 2023, 9:45:04 PM"}
{"name":"Cyclops","level":106,"killCount":-1,"type":"NPC","drops":[{"name":"Big bones","id":532,"quantity":1,"price":197},{"name":"Rune med helm","id":1147,"quantity":1,"price":11139}],"date":"Aug 1, 2023, 9:45:18 PM"}
{"name":"Cyclops","level":106,"killCount":-1,"type":"NPC","drops":[{"name":"Big bones","id":532,"quantity":1,"price":197},{"name":"Steel platebody","id":1119,"quantity":1,"price":891}],"date":"Aug 1, 2023, 9:45:36 PM"}
{"name":"Cyclops","level":106,"killCount":-1,"type":"NPC","drops":[{"name":"Big bones","id":532,"quantity":1,"price":197},{"name":"Black knife","id":869,"quantity":22,"price":46}],"date":"Aug 1, 2023, 9:45:53 PM"}
{"name":"Cyclops","level":106,"killCount":-1,"type":"NPC","drops":[{"name":"Big bones","id":532,"quantity":1,"price":197},{"name":"Black mace","id":1426,"quantity":1,"price":244}],"date":"Aug 1, 2023, 9:46:15 PM"}
{"name":"Cyclops","level":106,"killCount":-1,"type":"NPC","drops":[{"name":"Big bones","id":532,"quantity":1,"price":197},{"name":"Mithril kiteshield","id":1197,"quantity":1,"price":988}],"date":"Aug 1, 2023, 9:46:33 PM"}
{"name":"Cyclops","level":106,"killCount":-1,"type":"NPC","drops":[{"name":"Big bones","id":532,"quantity":1,"price":197},{"name":"Adamant 2h sword","id":1317,"quantity":1,"price":3440}],"date":"Aug 1, 2023, 9:46:57 PM"}
{"name":"Cyclops","level":106,"killCount":-1,"type":"NPC","drops":[{"name":"Big bones","id":532,"quantity":1,"price":197},{"name":"Adamant dagger","id":1211,"quantity":1,"price":264}],"date":"Aug 1, 2023, 9:47:09 PM"}
{"name":"Cyclops","level":106,"killCount":-1,"type":"NPC","drops":[{"name":"Big bones","id":532,"quantity":1,"price":197},{"name":"Grimy guam leaf","id":199,"quantity":1,"price":50}],"date":"Aug 1, 2023, 9:47:23 PM"}
{"name":"Cyclops","level":106,"killCount":-1,"type":"NPC","drops":[{"name":"Big bones","id":532,"quantity":1,"price":197},{"name":"Jangerberry seed","id":5104,"quantity":1,"price":1}],"date":"Aug 1, 2023, 9:47:42 PM"}
{"name":"Cyclops","level":106,"killCount":-1,"type":"NPC","drops":[{"name":"Big bones","id":532,"quantity":1,"price":197},{"name":"Black mace","id":1426,"quantity":1,"price":244}],"date":"Aug 1, 2023, 9:48:06 PM"}
{"name":"Cyclops","level":106,"killCount":-1,"type":"NPC","drops":[{"name":"Big bones","id":532,"quantity":1,"price":197},{"name":"Grimy marrentill","id":201,"quantity":1,"price":30}],"date":"Aug 1, 2023, 9:48:32 PM"}
{"name":"Cyclops","level":106,"killCount":-1,"type":"NPC","drops":[{"name":"Big bones","id":532,"quantity":1,"price":197},{"name":"Mithril kiteshield","id":1197,"quantity":1,"price":988}],"date":"Aug 1, 2023, 9:48:42 PM"}
{"name":"Cyclops","level":106,"killCount":-1,"type":"NPC","drops":[{"name":"Big bones","id":532,"quantity":1,"price":197},{"name":"Black full helm","id":1165,"quantity":1,"price":490}],"date":"Aug 1, 2023, 9:48:56 PM"}
{"name":"Cyclops","level":106,"killCount":-1,"type":"NPC","drops":[{"name":"Big bones","id":532,"quantity":1,"price":197},{"name":"Coins","id":995,"quantity":96,"price":1}],"date":"Aug 1, 2023, 9:49:26 PM"}
{"name":"Cyclops","level":106,"killCount":-1,"type":"NPC","drops":[{"name":"Big bones","id":532,"quantity":1,"price":197},{"name":"Coins","id":995,"quantity":356,"price":1}],"date":"Aug 1, 2023, 9:49:38 PM"}
{"name":"Cyclops","level":106,"killCount":-1,"type":"NPC","drops":[{"name":"Big bones","id":532,"quantity":1,"price":197},{"name":"Steel chainbody","id":1105,"quantity":1,"price":227}],"date":"Aug 1, 2023, 9:49:57 PM"}
{"name":"Cyclops","level":106,"killCount":-1,"type":"NPC","drops":[{"name":"Big bones","id":532,"quantity":1,"price":197},{"name":"Adamant 2h sword","id":1317,"quantity":1,"price":3440}],"date":"Aug 1, 2023, 9:50:14 PM"}
{"name":"Cyclops","level":106,"killCount":-1,"type":"NPC","drops":[{"name":"Big bones","id":532,"quantity":1,"price":197},{"name":"Coins","id":995,"quantity":96,"price":1}],"date":"Aug 1, 2023, 9:50:33 PM"}
{"name":"Cyclops","level":106,"killCount":-1,"type":"NPC","drops":[{"name":"Big bones","id":532,"quantity":1,"price":197},{"name":"Steel platebody","id":1119,"quantity":1,"price":891}],"date":"Aug 1, 2023, 9:50:50 PM"}
{"name":"Cyclops","level":106,"killCount":-1,"type":"NPC","drops":[{"name":"Big bones","id":532,"quantity":1,"price":197},{"name":"Black dagger","id":1217,"quantity":1,"price":185}],"date":"Aug 1, 2023, 9:51:06 PM"}
{"name":"Cyclops","level":106,"killCount":-1,"type":"NPC","drops":[{"name":"Big bones","id":532,"quantity":1,"price":197},{"name":"Black mace","id":1426,"quantity":1,"price":244}],"date":"Aug 1, 2023, 9:51:18 PM"}
{"name":"Cyclops","level":106,"killCount":-1,"type":"NPC","drops":[{"name":"Big bones","id":532,"quantity":1,"price":197},{"name":"Adamant dagger","id":1211,"quantity":1,"price":264}],"date":"Aug 1, 2023, 9:51:42 PM"}
{"name":"Cyclops","level":106,"killCount":-1,"type":"NPC","drops":[{"name":"Big bones","id":532,"quantity":1,"price":197},{"name":"Steel chainbody","id":1105,"quantity":1,"price":227}],"date":"Aug 1, 2023, 9:52:02 PM"}
{"name":"Cyclops","level":106,"killCount":-1,"type":"NPC","drops":[{"name":"Big bones","id":532,"quantity":1,"price":197},{"name":"Grimy tarromin","id":203,"quantity":1,"price":112}],"date":"Aug 1, 2023, 9:52:17 PM"}
{"name":"Cyclops","level":106,"killCount":-1,"type":"NPC","drops":[{"name":"Big bones","id":532,"quantity":1,"price":197},{"name":"Coins","id":995,"quantity":383,"price":1}],"date":"Aug 1, 2023, 9:52:29 PM"}
{"name":"Cyclops","level":106,"killCount":-1,"type":"NPC","drops":[{"name":"Big bones","id":532,"quantity":1,"price":197}],"date":"Aug 1, 2023, 9:52:51 PM"}
{"name":"Cyclops","level":106,"killCount":-1,"type":"NPC","drops":[{"name":"Big bones","id":532,"quantity":1,"price":197},{"name":"Rune med helm","id":1147,"quantity":1,"price":11139}],"date":"Aug 1, 2023, 9:53:12 PM"}
{"name":"Cyclops","level":106,"killCount":-1,"type":"NPC","drops":[{"name":"Big bones","id":532,"quantity":1,"price":197},{"name":"Lobster","id":379,"quantity":1,"price":191}],"date":"Aug 1, 2023, 9:53:36 PM"}
{"name":"Cyclops","level":106,"killCount":-1,"type":"NPC","drops":[{"name":"Big bones","id":532,"quantity":1,"price":197},{"name":"Black dagger","id":1217,"quantity":1,"price":185}],"date":"Aug 1, 2023, 9:53:55 PM"}
{"name":"Cyclops","level":106,"killCount":-1,"type":"NPC","drops":[{"name":"Big bones","id":532,"quantity":1,"price":197},{"name":"Lobster","id":379,"quantity":1,"price":191}],"date":"Aug 1, 2023, 9:54:19 PM"}
{"name":"Cyclops","level":106,"killCount":-1,"type":"NPC","drops":[{"name":"Big bones","id":532,"quantity":1,"price":197},{"name":"Black full helm","id":1165,"quantity":1,"price":490}],"date":"Aug 1, 2023, 9:54:45 PM"}
{"name":"Cyclops","level":106,"killCount":-1,"type":"NPC","drops":[{"name":"Big bones","id":532,"quantity":1,"price":197},{"name":"Tooth half of key","id":985,"quantity":1,"price":9518}],"date":"Aug 1, 2023, 9:55:06 PM"}
{"name":"Cyclops","level":106,"killCount":-1,"type":"NPC","drops":[{"name":"Big bones","id":532,"quantity":1,"price":197},{"name":"Mithril kiteshield","id":1197,"quantity":1,"price":988}],"date":"Aug 1, 2023, 9:55:27 PM"}
{"name":"Cyclops","level":106,"killCount":-1,"type":"NPC","drops":[{"name":"Big bones","id":532,"quantity":1,"price":197},{"name":"Loop half of key","id":987,"quantity":1,"price":9538}],"date":"Aug 1, 2023, 9:55:42 PM"}
{"name":"Cyclops","level":106,"killCount":-1,"type":"NPC","drops":[{"name":"Big bones","id":532,"quantity":1,"price":197},{"name":"Steel platebody","id":1119,"quantity":1,"price":891}],"date":"Aug 1, 2023, 9:56:14 PM"}
{"name":"Cyclops","level":106,"killCount":-1,"type":"NPC","drops":[{"name":"Big bones","id":532,"quantity":1,"price":197},{"name":"Adamant 2h sword","id":1317,"quantity":1,"price":3440}],"date":"Aug 1, 2023, 9:56:36 PM"}
{"name":"Cyclops","level":106,"killCount":-1,"type":"NPC","drops":[{"name":"Big bones","id":532,"quantity":1,"price":197},{"name":"Coins","id":995,"quantity":420,"price":1}],"date":"Aug 1, 2023, 9:57:02 PM"}
{"name":"Cyclops","level":106,"killCount":-1,"type":"NPC","drops":[{"name":"Big bones","id":532,"quantity":1,"price":197},{"name":"Black dagger","id":1217,"quantity":1,"price":185}],"date":"Aug 1, 2023, 9:57:19 PM"}
{"name":"Cyclops","level":106,"killCount":-1,"type":"NPC","drops":[{"name":"Big bones","id":532,"quantity":1,"price":197},{"name":"Coins","id":995,"quantity":386,"price":1}],"date":"Aug 1, 2023, 9:57:38 PM"}
{"name":"Cyclops","level":106,"killCount":-1,"type":"NPC","drops":[{"name":"Big bones","id":532,"quantity":1,"price":197},{"name":"Black full helm","id":1165,"quantity":1,"price":490}],"date":"Aug 1, 2023, 9:57:57 PM"}
{"name":"Cyclops","level":106,"killCount":-1,"type":"NPC","drops":[{"name":"Big bones","id":532,"quantity":1,"price":197},{"name":"Adamant 2h sword","id":1317,"quantity":1,"price":3440}],"date":"Aug 1, 2023, 9:58:19 PM"}
{"name":"Cyclops","level":106,"killCount":-1,"type":"NPC","drops":[{"name":"Big bones","id":532,"quantity":1,"price":197},{"name":"Steel chainbody","id":1105,"quantity":1,"price":227}],"date":"Aug 1, 2023, 9:58:34 PM"}
{"name":"Cyclops","level":106,"killCount":-1,"type":"NPC","drops":[{"name":"Big bones","id":532,"quantity":1,"price":197},{"name":"Coins","id":995,"quantity":96,"price":1}],"date":"Aug 1, 2023, 9:58:53 PM"}
{"name":"Cyclops","level":106,"killCount":-1,"type":"NPC","drops":[{"name":"Big bones","id":532,"quantity":1,"price":197},{"name":"Steel chainbody","id":1105,"quantity":1,"price":227}],"date":"Aug 1, 2023, 9:59:08 PM"}
{"name":"Cyclops","level":106,"killCount":-1,"type":"NPC","drops":[{"name":"Big bones","id":532,"quantity":1,"price":197},{"name":"Black mace","id":1426,"quantity":1,"price":244}],"date":"Aug 1, 2023, 9:59:22 PM"}
{"name":"Cyclops","level":106,"killCount":-1,"type":"NPC","drops":[{"name":"Big bones","id":532,"quantity":1,"price":197},{"name":"Steel chainbody","id":1105,"quantity":1,"price":227}],"date":"Aug 1, 2023, 9:59:41 PM"}
{"name":"Cyclops","level":106,"killCount":-1,"type":"NPC","drops":[{"name":"Big bones","id":532,"quantity":1,"price":197},{"name":"Mithril kiteshield","id":1197,"quantity":1,"price":988}],"date":"Aug 1, 2023, 10:00:00 PM"}
{"name":"Cyclops","level":106,"killCount":-1,"type":"NPC","drops":[{"name":"Big bones","id":532,"quantity":1,"price":197},{"name":"Steel platebody","id":1119,"quantity":1,"price":891}],"date":"Aug 1, 2023, 10:00:23 PM"}
{"name":"Cyclops","level":106,"killCount":-1,"type":"NPC","drops":[{"name":"Big bones","id":532,"quantity":1,"price":197},{"name":"Coins","id":995,"quantity":96,"price":1}],"date":"Aug 1, 2023, 10:00:41 PM"}
{"name":"Cyclops","level":106,"killCount":-1,"type":"NPC","drops":[{"name":"Big bones","id":532,"quantity":1,"price":197},{"name":"Black mace","id":1426,"quantity":1,"price":244}],"date":"Aug 1, 2023, 10:00:56 PM"}
{"name":"Cyclops","level":106,"killCount":-1,"type":"NPC","drops":[{"name":"Big bones","id":532,"quantity":1,"price":197},{"name":"Clue scroll (hard)","id":25792,"quantity":1,"price":0},{"name":"Grimy tarromin","id":203,"quantity":1,"price":112}],"date":"Aug 1, 2023, 10:01:17 PM"}
{"name":"Cyclops","level":106,"killCount":-1,"type":"NPC","drops":[{"name":"Big bones","id":532,"quantity":1,"price":197},{"name":"Rune med helm","id":1147,"quantity":1,"price":11139}],"date":"Aug 1, 2023, 10:01:39 PM"}
{"name":"Cyclops","level":106,"killCount":-1,"type":"NPC","drops":[{"name":"Big bones","id":532,"quantity":1,"price":197},{"name":"Grimy harralander","id":205,"quantity":1,"price":444}],"date":"Aug 1, 2023, 10:02:09 PM"}
{"name":"Cyclops","level":106,"killCount":-1,"type":"NPC","drops":[{"name":"Big bones","id":532,"quantity":1,"price":197},{"name":"Black mace","id":1426,"quantity":1,"price":244}],"date":"Aug 1, 2023, 10:02:30 PM"}
{"name":"Cyclops","level":106,"killCount":-1,"type":"NPC","drops":[{"name":"Big bones","id":532,"quantity":1,"price":197},{"name":"Lobster","id":379,"quantity":1,"price":191}],"date":"Aug 1, 2023, 10:02:49 PM"}
{"name":"Cyclops","level":106,"killCount":-1,"type":"NPC","drops":[{"name":"Big bones","id":532,"quantity":1,"price":197},{"name":"Black mace","id":1426,"quantity":1,"price":244}],"date":"Aug 1, 2023, 10:03:14 PM"}
{"name":"Cyclops","level":106,"killCount":-1,"type":"NPC","drops":[{"name":"Big bones","id":532,"quantity":1,"price":197},{"name":"Rune med helm","id":1147,"quantity":1,"price":11139}],"date":"Aug 1, 2023, 10:03:30 PM"}
{"name":"Cyclops","level":106,"killCount":-1,"type":"NPC","drops":[{"name":"Big bones","id":532,"quantity":1,"price":197},{"name":"Black mace","id":1426,"quantity":1,"price":244}],"date":"Aug 1, 2023, 10:03:53 PM"}
{"name":"Cyclops","level":106,"killCount":-1,"type":"NPC","drops":[{"name":"Big bones","id":532,"quantity":1,"price":197},{"name":"Black mace","id":1426,"quantity":1,"price":244}],"date":"Aug 1, 2023, 10:04:19 PM"}
{"name":"Cyclops","level":106,"killCount":-1,"type":"NPC","drops":[{"name":"Big bones","id":532,"quantity":1,"price":197},{"name":"Mithril scimitar","id":1329,"quantity":1,"price":399}],"date":"Aug 1, 2023, 10:04:41 PM"}
{"name":"Cyclops","level":106,"killCount":-1,"type":"NPC","drops":[{"name":"Big bones","id":532,"quantity":1,"price":197},{"name":"Mithril kiteshield","id":1197,"quantity":1,"price":988}],"date":"Aug 1, 2023, 10:05:09 PM"}
{"name":"Cyclops","level":106,"killCount":-1,"type":"NPC","drops":[{"name":"Big bones","id":532,"quantity":1,"price":197},{"name":"Coins","id":995,"quantity":96,"price":1}],"date":"Aug 1, 2023, 10:05:31 PM"}
{"name":"Cyclops","level":106,"killCount":-1,"type":"NPC","drops":[{"name":"Big bones","id":532,"quantity":1,"price":197},{"name":"Grimy guam leaf","id":199,"quantity":1,"price":50}],"date":"Aug 1, 2023, 10:06:24 PM"}
{"name":"Cyclops","level":106,"killCount":-1,"type":"NPC","drops":[{"name":"Big bones","id":532,"quantity":1,"price":197},{"name":"Black mace","id":1426,"quantity":1,"price":244}],"date":"Aug 1, 2023, 10:06:52 PM"}
{"name":"Cyclops","level":106,"killCount":-1,"type":"NPC","drops":[{"name":"Big bones","id":532,"quantity":1,"price":197},{"name":"Black mace","id":1426,"quantity":1,"price":244}],"date":"Aug 1, 2023, 10:07:32 PM"}
{"name":"Cyclops","level":106,"killCount":-1,"type":"NPC","drops":[{"name":"Big bones","id":532,"quantity":1,"price":197},{"name":"Black dagger","id":1217,"quantity":1,"price":185}],"date":"Aug 1, 2023, 10:07:49 PM"}
{"name":"Cyclops","level":106,"killCount":-1,"type":"NPC","drops":[{"name":"Big bones","id":532,"quantity":1,"price":197},{"name":"Mithril platelegs","id":1071,"quantity":1,"price":1213}],"date":"Aug 1, 2023, 10:08:09 PM"}
{"name":"Cyclops","level":106,"killCount":-1,"type":"NPC","drops":[{"name":"Big bones","id":532,"quantity":1,"price":197},{"name":"Steel platebody","id":1119,"quantity":1,"price":891}],"date":"Aug 1, 2023, 10:08:29 PM"}
{"name":"Cyclops","level":106,"killCount":-1,"type":"NPC","drops":[{"name":"Big bones","id":532,"quantity":1,"price":197},{"name":"Rune full helm","id":1163,"quantity":1,"price":20577}],"date":"Aug 1, 2023, 10:08:48 PM"}
{"name":"Cyclops","level":106,"killCount":-1,"type":"NPC","drops":[{"name":"Big bones","id":532,"quantity":1,"price":197},{"name":"Coins","id":995,"quantity":96,"price":1}],"date":"Aug 1, 2023, 10:09:17 PM"}
{"name":"Cyclops","level":106,"killCount":-1,"type":"NPC","drops":[{"name":"Big bones","id":532,"quantity":1,"price":197},{"name":"Steel chainbody","id":1105,"quantity":1,"price":227}],"date":"Aug 1, 2023, 10:09:34 PM"}
{"name":"Cyclops","level":106,"killCount":-1,"type":"NPC","drops":[{"name":"Big bones","id":532,"quantity":1,"price":197},{"name":"Adamant dagger","id":1211,"quantity":1,"price":264}],"date":"Aug 1, 2023, 10:09:51 PM"}
{"name":"Cyclops","level":106,"killCount":-1,"type":"NPC","drops":[{"name":"Big bones","id":532,"quantity":1,"price":197},{"name":"Grimy marrentill","id":201,"quantity":1,"price":30}],"date":"Aug 1, 2023, 10:10:08 PM"}
{"name":"Cyclops","level":106,"killCount":-1,"type":"NPC","drops":[{"name":"Big bones","id":532,"quantity":1,"price":197},{"name":"Mithril scimitar","id":1329,"quantity":1,"price":399}],"date":"Aug 1, 2023, 10:10:47 PM"}
{"name":"Cyclops","level":106,"killCount":-1,"type":"NPC","drops":[{"name":"Big bones","id":532,"quantity":1,"price":197},{"name":"Lobster","id":379,"quantity":1,"price":191}],"date":"Aug 1, 2023, 10:11:05 PM"}
{"name":"Cyclops","level":106,"killCount":-1,"type":"NPC","drops":[{"name":"Big bones","id":532,"quantity":1,"price":197},{"name":"Black full helm","id":1165,"quantity":1,"price":490}],"date":"Aug 1, 2023, 10:11:31 PM"}
{"name":"Cyclops","level":106,"killCount":-1,"type":"NPC","drops":[{"name":"Big bones","id":532,"quantity":1,"price":197},{"name":"Mithril platelegs","id":1071,"quantity":1,"price":1213}],"date":"Aug 1, 2023, 10:11:58 PM"}
{"name":"Cyclops","level":106,"killCount":-1,"type":"NPC","drops":[{"name":"Big bones","id":532,"quantity":1,"price":197},{"name":"Lobster","id":379,"quantity":1,"price":191}],"date":"Aug 1, 2023, 10:12:13 PM"}
{"name":"Cyclops","level":106,"killCount":-1,"type":"NPC","drops":[{"name":"Big bones","id":532,"quantity":1,"price":197},{"name":"Coins","id":995,"quantity":96,"price":1}],"date":"Aug 1, 2023, 10:12:42 PM"}
{"name":"Cyclops","level":106,"killCount":-1,"type":"NPC","drops":[{"name":"Big bones","id":532,"quantity":1,"price":197},{"name":"Grimy guam leaf","id":199,"quantity":1,"price":50}],"date":"Aug 1, 2023, 10:12:59 PM"}
{"name":"Cyclops","level":106,"killCount":-1,"type":"NPC","drops":[{"name":"Big bones","id":532,"quantity":1,"price":197},{"name":"Lobster","id":379,"quantity":1,"price":191}],"date":"Aug 1, 2023, 10:13:20 PM"}
{"name":"Cyclops","level":106,"killCount":-1,"type":"NPC","drops":[{"name":"Big bones","id":532,"quantity":1,"price":197},{"name":"Coins","id":995,"quantity":96,"price":1}],"date":"Aug 1, 2023, 10:13:41 PM"}
{"name":"Cyclops","level":106,"killCount":-1,"type":"NPC","drops":[{"name":"Big bones","id":532,"quantity":1,"price":197},{"name":"Adamant 2h sword","id":1317,"quantity":1,"price":3440}],"date":"Aug 1, 2023, 10:14:05 PM"}
{"name":"Cyclops","level":106,"killCount":-1,"type":"NPC","drops":[{"name":"Big bones","id":532,"quantity":1,"price":197},{"name":"Coins","id":995,"quantity":96,"price":1}],"date":"Aug 1, 2023, 10:14:24 PM"}
{"name":"Cyclops","level":106,"killCount":-1,"type":"NPC","drops":[{"name":"Big bones","id":532,"quantity":1,"price":197},{"name":"Coins","id":995,"quantity":96,"price":1}],"date":"Aug 1, 2023, 10:14:48 PM"}
{"name":"Cyclops","level":106,"killCount":-1,"type":"NPC","drops":[{"name":"Big bones","id":532,"quantity":1,"price":197},{"name":"Steel chainbody","id":1105,"quantity":1,"price":227}],"date":"Aug 1, 2023, 10:15:07 PM"}
{"name":"Cyclops","level":106,"killCount":-1,"type":"NPC","drops":[{"name":"Big bones","id":532,"quantity":1,"price":197},{"name":"Grimy guam leaf","id":199,"quantity":1,"price":50}],"date":"Aug 1, 2023, 10:15:34 PM"}
{"name":"Cyclops","level":106,"killCount":-1,"type":"NPC","drops":[{"name":"Big bones","id":532,"quantity":1,"price":197},{"name":"Coins","id":995,"quantity":96,"price":1}],"date":"Aug 1, 2023, 10:15:53 PM"}
{"name":"Cyclops","level":106,"killCount":-1,"type":"NPC","drops":[{"name":"Big bones","id":532,"quantity":1,"price":197},{"name":"Black full helm","id":1165,"quantity":1,"price":490}],"date":"Aug 1, 2023, 10:16:17 PM"}
{"name":"Cyclops","level":106,"killCount":-1,"type":"NPC","drops":[{"name":"Big bones","id":532,"quantity":1,"price":197},{"name":"Mithril scimitar","id":1329,"quantity":1,"price":399}],"date":"Aug 1, 2023, 10:16:32 PM"}
{"name":"Cyclops","level":106,"killCount":-1,"type":"NPC","drops":[{"name":"Big bones","id":532,"quantity":1,"price":197},{"name":"Mithril platelegs","id":1071,"quantity":1,"price":1213}],"date":"Aug 1, 2023, 10:16:51 PM"}
{"name":"Cyclops","level":106,"killCount":-1,"type":"NPC","drops":[{"name":"Big bones","id":532,"quantity":1,"price":197},{"name":"Mithril scimitar","id":1329,"quantity":1,"price":399}],"date":"Aug 1, 2023, 10:17:15 PM"}
{"name":"Cyclops","level":106,"killCount":-1,"type":"NPC","drops":[{"name":"Big bones","id":532,"quantity":1,"price":197},{"name":"Steel platebody","id":1119,"quantity":1,"price":891}],"date":"Aug 1, 2023, 10:17:32 PM"}
{"name":"Cyclops","level":106,"killCount":-1,"type":"NPC","drops":[{"name":"Big bones","id":532,"quantity":1,"price":197},{"name":"Coins","id":995,"quantity":96,"price":1}],"date":"Aug 1, 2023, 10:17:55 PM"}
{"name":"Cyclops","level":106,"killCount":-1,"type":"NPC","drops":[{"name":"Big bones","id":532,"quantity":1,"price":197},{"name":"Rune med helm","id":1147,"quantity":1,"price":11139}],"date":"Aug 1, 2023, 10:18:20 PM"}
{"name":"Cyclops","level":106,"killCount":-1,"type":"NPC","drops":[{"name":"Big bones","id":532,"quantity":1,"price":197},{"name":"Grimy lantadyme","id":2485,"quantity":1,"price":1375}],"date":"Aug 1, 2023, 10:18:49 PM"}
{"name":"Cyclops","level":106,"killCount":-1,"type":"NPC","drops":[{"name":"Big bones","id":532,"quantity":1,"price":197},{"name":"Steel platebody","id":1119,"quantity":1,"price":891}],"date":"Aug 1, 2023, 10:19:04 PM"}
{"name":"Cyclops","level":106,"killCount":-1,"type":"NPC","drops":[{"name":"Big bones","id":532,"quantity":1,"price":197},{"name":"Black mace","id":1426,"quantity":1,"price":244}],"date":"Aug 1, 2023, 10:19:21 PM"}
{"name":"Cyclops","level":106,"killCount":-1,"type":"NPC","drops":[{"name":"Big bones","id":532,"quantity":1,"price":197},{"name":"Coins","id":995,"quantity":418,"price":1}],"date":"Aug 1, 2023, 10:19:59 PM"}
{"name":"Cyclops","level":106,"killCount":-1,"type":"NPC","drops":[{"name":"Big bones","id":532,"quantity":1,"price":197},{"name":"Adamant sq shield","id":1183,"quantity":1,"price":2001}],"date":"Aug 1, 2023, 10:20:19 PM"}
{"name":"Cyclops","level":106,"killCount":-1,"type":"NPC","drops":[{"name":"Big bones","id":532,"quantity":1,"price":197},{"name":"Black mace","id":1426,"quantity":1,"price":244}],"date":"Aug 1, 2023, 10:20:43 PM"}
{"name":"Cyclops","level":106,"killCount":-1,"type":"NPC","drops":[{"name":"Big bones","id":532,"quantity":1,"price":197},{"name":"Black full helm","id":1165,"quantity":1,"price":490}],"date":"Aug 1, 2023, 10:21:02 PM"}
{"name":"Cyclops","level":106,"killCount":-1,"type":"NPC","drops":[{"name":"Big bones","id":532,"quantity":1,"price":197},{"name":"Black mace","id":1426,"quantity":1,"price":244}],"date":"Aug 1, 2023, 10:21:31 PM"}
{"name":"Cyclops","level":106,"killCount":-1,"type":"NPC","drops":[{"name":"Big bones","id":532,"quantity":1,"price":197},{"name":"Mithril scimitar","id":1329,"quantity":1,"price":399}],"date":"Aug 1, 2023, 10:22:49 PM"}
{"name":"Cyclops","level":106,"killCount":-1,"type":"NPC","drops":[{"name":"Big bones","id":532,"quantity":1,"price":197},{"name":"Rune med helm","id":1147,"quantity":1,"price":11139}],"date":"Aug 1, 2023, 10:23:07 PM"}
{"name":"Cyclops","level":106,"killCount":-1,"type":"NPC","drops":[{"name":"Big bones","id":532,"quantity":1,"price":197},{"name":"Mithril scimitar","id":1329,"quantity":1,"price":399}],"date":"Aug 1, 2023, 10:23:35 PM"}
{"name":"Cyclops","level":106,"killCount":-1,"type":"NPC","drops":[{"name":"Big bones","id":532,"quantity":1,"price":197},{"name":"Black knife","id":869,"quantity":22,"price":46}],"date":"Aug 1, 2023, 10:24:01 PM"}
{"name":"Cyclops","level":106,"killCount":-1,"type":"NPC","drops":[{"name":"Big bones","id":532,"quantity":1,"price":197},{"name":"Coins","id":995,"quantity":381,"price":1}],"date":"Aug 1, 2023, 10:24:20 PM"}
{"name":"Cyclops","level":106,"killCount":-1,"type":"NPC","drops":[{"name":"Big bones","id":532,"quantity":1,"price":197},{"name":"Black knife","id":869,"quantity":22,"price":46}],"date":"Aug 1, 2023, 10:24:40 PM"}
{"name":"Cyclops","level":106,"killCount":-1,"type":"NPC","drops":[{"name":"Big bones","id":532,"quantity":1,"price":197},{"name":"Black full helm","id":1165,"quantity":1,"price":490}],"date":"Aug 1, 2023, 10:25:06 PM"}
{"name":"Cyclops","level":106,"killCount":-1,"type":"NPC","drops":[{"name":"Big bones","id":532,"quantity":1,"price":197},{"name":"Lobster","id":379,"quantity":1,"price":191}],"date":"Aug 1, 2023, 10:25:25 PM"}
{"name":"Cyclops","level":106,"killCount":-1,"type":"NPC","drops":[{"name":"Big bones","id":532,"quantity":1,"price":197},{"name":"Coins","id":995,"quantity":96,"price":1}],"date":"Aug 1, 2023, 10:25:47 PM"}
{"name":"Cyclops","level":106,"killCount":-1,"type":"NPC","drops":[{"name":"Big bones","id":532,"quantity":1,"price":197},{"name":"Adamant dagger","id":1211,"quantity":1,"price":264}],"date":"Aug 1, 2023, 10:26:11 PM"}
{"name":"Cyclops","level":106,"killCount":-1,"type":"NPC","drops":[{"name":"Big bones","id":532,"quantity":1,"price":197},{"name":"Steel platebody","id":1119,"quantity":1,"price":891}],"date":"Aug 1, 2023, 10:26:39 PM"}
{"name":"Cyclops","level":106,"killCount":-1,"type":"NPC","drops":[{"name":"Big bones","id":532,"quantity":1,"price":197},{"name":"Jangerberry seed","id":5104,"quantity":1,"price":1}],"date":"Aug 1, 2023, 10:26:54 PM"}
{"name":"Cyclops","level":106,"killCount":-1,"type":"NPC","drops":[{"name":"Big bones","id":532,"quantity":1,"price":197},{"name":"Adamant dagger","id":1211,"quantity":1,"price":264}],"date":"Aug 1, 2023, 10:27:06 PM"}
{"name":"Cyclops","level":106,"killCount":-1,"type":"NPC","drops":[{"name":"Big bones","id":532,"quantity":1,"price":197},{"name":"Mithril platelegs","id":1071,"quantity":1,"price":1213}],"date":"Aug 1, 2023, 10:27:20 PM"}
{"name":"Cyclops","level":106,"killCount":-1,"type":"NPC","drops":[{"name":"Big bones","id":532,"quantity":1,"price":197},{"name":"Coins","id":995,"quantity":396,"price":1}],"date":"Aug 1, 2023, 10:27:49 PM"}
{"name":"Cyclops","level":106,"killCount":-1,"type":"NPC","drops":[{"name":"Big bones","id":532,"quantity":1,"price":197},{"name":"Steel platebody","id":1119,"quantity":1,"price":891}],"date":"Aug 1, 2023, 10:28:14 PM"}
{"name":"Cyclops","level":106,"killCount":-1,"type":"NPC","drops":[{"name":"Big bones","id":532,"quantity":1,"price":197},{"name":"Coins","id":995,"quantity":96,"price":1}],"date":"Aug 1, 2023, 10:28:34 PM"}
{"name":"Cyclops","level":106,"killCount":-1,"type":"NPC","drops":[{"name":"Big bones","id":532,"quantity":1,"price":197},{"name":"Steel platebody","id":1119,"quantity":1,"price":891}],"date":"Aug 1, 2023, 10:28:50 PM"}
{"name":"Cyclops","level":106,"killCount":-1,"type":"NPC","drops":[{"name":"Big bones","id":532,"quantity":1,"price":197},{"name":"Rune full helm","id":1163,"quantity":1,"price":20577}],"date":"Aug 1, 2023, 10:29:17 PM"}
{"name":"Cyclops","level":106,"killCount":-1,"type":"NPC","drops":[{"name":"Big bones","id":532,"quantity":1,"price":197},{"name":"Steel platebody","id":1119,"quantity":1,"price":891}],"date":"Aug 1, 2023, 10:29:40 PM"}
{"name":"Cyclops","level":106,"killCount":-1,"type":"NPC","drops":[{"name":"Big bones","id":532,"quantity":1,"price":197},{"name":"Adamant 2h sword","id":1317,"quantity":1,"price":3440}],"date":"Aug 1, 2023, 10:30:01 PM"}
{"name":"Cyclops","level":106,"killCount":-1,"type":"NPC","drops":[{"name":"Big bones","id":532,"quantity":1,"price":197},{"name":"Steel chainbody","id":1105,"quantity":1,"price":227}],"date":"Aug 1, 2023, 10:30:27 PM"}
{"name":"Cyclops","level":106,"killCount":-1,"type":"NPC","drops":[{"name":"Big bones","id":532,"quantity":1,"price":197},{"name":"Mithril scimitar","id":1329,"quantity":1,"price":399}],"date":"Aug 1, 2023, 10:30:51 PM"}
{"name":"Cyclops","level":106,"killCount":-1,"type":"NPC","drops":[{"name":"Big bones","id":532,"quantity":1,"price":197},{"name":"Coins","id":995,"quantity":96,"price":1}],"date":"Aug 1, 2023, 10:31:22 PM"}
{"name":"Cyclops","level":106,"killCount":-1,"type":"NPC","drops":[{"name":"Big bones","id":532,"quantity":1,"price":197},{"name":"Black full helm","id":1165,"quantity":1,"price":490}],"date":"Aug 1, 2023, 10:31:52 PM"}
{"name":"Cyclops","level":106,"killCount":-1,"type":"NPC","drops":[{"name":"Big bones","id":532,"quantity":1,"price":197},{"name":"Black mace","id":1426,"quantity":1,"price":244}],"date":"Aug 1, 2023, 10:32:03 PM"}
{"name":"Cyclops","level":106,"killCount":-1,"type":"NPC","drops":[{"name":"Big bones","id":532,"quantity":1,"price":197},{"name":"Loop half of key","id":987,"quantity":1,"price":9538}],"date":"Aug 1, 2023, 10:32:23 PM"}
{"name":"Cyclops","level":106,"killCount":-1,"type":"NPC","drops":[{"name":"Big bones","id":532,"quantity":1,"price":197},{"name":"Black knife","id":869,"quantity":22,"price":46}],"date":"Aug 1, 2023, 10:32:49 PM"}
{"name":"Cyclops","level":106,"killCount":-1,"type":"NPC","drops":[{"name":"Big bones","id":532,"quantity":1,"price":197},{"name":"Mithril dart","id":809,"quantity":12,"price":4}],"date":"Aug 1, 2023, 10:33:05 PM"}
{"name":"Cyclops","level":106,"killCount":-1,"type":"NPC","drops":[{"name":"Big bones","id":532,"quantity":1,"price":197},{"name":"Mithril dart","id":809,"quantity":12,"price":4}],"date":"Aug 1, 2023, 10:33:17 PM"}
{"name":"Cyclops","level":106,"killCount":-1,"type":"NPC","drops":[{"name":"Big bones","id":532,"quantity":1,"price":197},{"name":"Adamant dagger","id":1211,"quantity":1,"price":264}],"date":"Aug 1, 2023, 10:33:37 PM"}
{"name":"Cyclops","level":106,"killCount":-1,"type":"NPC","drops":[{"name":"Big bones","id":532,"quantity":1,"price":197},{"name":"Rune med helm","id":1147,"quantity":1,"price":11139}],"date":"Aug 1, 2023, 10:34:03 PM"}
{"name":"Cyclops","level":106,"killCount":-1,"type":"NPC","drops":[{"name":"Big bones","id":532,"quantity":1,"price":197},{"name":"Lobster","id":379,"quantity":1,"price":191}],"date":"Aug 1, 2023, 10:34:33 PM"}
{"name":"Cyclops","level":106,"killCount":-1,"type":"NPC","drops":[{"name":"Big bones","id":532,"quantity":1,"price":197},{"name":"Black dagger","id":1217,"quantity":1,"price":185}],"date":"Aug 1, 2023, 10:34:47 PM"}
{"name":"Cyclops","level":106,"killCount":-1,"type":"NPC","drops":[{"name":"Big bones","id":532,"quantity":1,"price":197},{"name":"Steel chainbody","id":1105,"quantity":1,"price":227}],"date":"Aug 1, 2023, 10:35:07 PM"}
{"name":"Cyclops","level":106,"killCount":-1,"type":"NPC","drops":[{"name":"Big bones","id":532,"quantity":1,"price":197},{"name":"Coins","id":995,"quantity":96,"price":1}],"date":"Aug 1, 2023, 10:35:32 PM"}
{"name":"Cyclops","level":106,"killCount":-1,"type":"NPC","drops":[{"name":"Big bones","id":532,"quantity":1,"price":197},{"name":"Mithril dart","id":809,"quantity":12,"price":4}],"date":"Aug 1, 2023, 10:35:52 PM"}
{"name":"Cyclops","level":106,"killCount":-1,"type":"NPC","drops":[{"name":"Big bones","id":532,"quantity":1,"price":197},{"name":"Adamant 2h sword","id":1317,"quantity":1,"price":3440}],"date":"Aug 1, 2023, 10:36:18 PM"}
{"name":"Cyclops","level":106,"killCount":-1,"type":"NPC","drops":[{"name":"Big bones","id":532,"quantity":1,"price":197},{"name":"Rune med helm","id":1147,"quantity":1,"price":11139}],"date":"Aug 1, 2023, 10:36:48 PM"}
{"name":"Cyclops","level":106,"killCount":-1,"type":"NPC","drops":[{"name":"Big bones","id":532,"quantity":1,"price":197},{"name":"Adamant 2h sword","id":1317,"quantity":1,"price":3440}],"date":"Aug 1, 2023, 10:37:19 PM"}
{"name":"Cyclops","level":106,"killCount":-1,"type":"NPC","drops":[{"name":"Big bones","id":532,"quantity":1,"price":197},{"name":"Watermelon seed","id":5321,"quantity":1,"price":4}],"date":"Aug 1, 2023, 10:37:49 PM"}
{"name":"Cyclops","level":106,"killCount":-1,"type":"NPC","drops":[{"name":"Big bones","id":532,"quantity":1,"price":197},{"name":"Dragon defender","id":12954,"quantity":1,"price":0}],"date":"Aug 1, 2023, 10:37:59 PM"}
