{"name":"Dark beast","level":182,"killCount":-1,"type":"NPC","drops":[{"name":"Big bones","id":532,"quantity":1,"price":218},{"name":"Coins","id":995,"quantity":152,"price":1}],"date":"May 11, 2022, 7:34:40 PM"}
{"name":"Dark beast","level":182,"killCount":-1,"type":"NPC","drops":[{"name":"Big bones","id":532,"quantity":1,"price":218},{"name":"Blood rune","id":565,"quantity":15,"price":357}],"date":"May 11, 2022, 7:35:25 PM"}
{"name":"Dark beast","level":182,"killCount":-1,"type":"NPC","drops":[{"name":"Big bones","id":532,"quantity":1,"price":218},{"name":"Chaos rune","id":562,"quantity":30,"price":69}],"date":"May 11, 2022, 7:36:04 PM"}
{"name":"Dark beast","level":182,"killCount":-1,"type":"NPC","drops":[{"name":"Big bones","id":532,"quantity":1,"price":218},{"name":"Grimy guam leaf","id":199,"quantity":1,"price":60},{"name":"Grimy guam leaf","id":199,"quantity":1,"price":60}],"date":"May 11, 2022, 7:36:42 PM"}
{"name":"Dark beast","level":182,"killCount":-1,"type":"NPC","drops":[{"name":"Big bones","id":532,"quantity":1,"price":218},{"name":"Coins","id":995,"quantity":152,"price":1}],"date":"May 11, 2022, 7:37:25 PM"}
{"name":"Dark beast","level":182,"killCount":-1,"type":"NPC","drops":[{"name":"Big bones","id":532,"quantity":1,"price":218},{"name":"Chaos rune","id":562,"quantity":30,"price":69}],"date":"May 11, 2022, 7:38:28 PM"}
{"name":"Dark beast","level":182,"killCount":-1,"type":"NPC","drops":[{"name":"Big bones","id":532,"quantity":1,"price":218},{"name":"Death rune","id":560,"quantity":20,"price":184}],"date":"May 11, 2022, 7:39:21 PM"}
{"name":"Dark beast","level":182,"killCount":-1,"type":"NPC","drops":[{"name":"Big bones","id":532,"quantity":1,"price":218},{"name":"Coins","id":995,"quantity":152,"price":1}],"date":"May 11, 2022, 7:39:50 PM"}
{"name":"Dark beast","level":182,"killCount":-1,"type":"NPC","drops":[{"name":"Big bones","id":532,"quantity":1,"price":218},{"name":"Chaos rune","id":562,"quantity":30,"price":69}],"date":"May 11, 2022, 7:40:26 PM"}
{"name":"Dark beast","level":182,"killCount":-1,"type":"NPC","drops":[{"name":"Big bones","id":532,"quantity":1,"price":218},{"name":"Death rune","id":560,"quantity":20,"price":184}],"date":"May 11, 2022, 7:41:19 PM"}
{"name":"Dark beast","level":182,"killCount":-1,"type":"NPC","drops":[{"name":"Big bones","id":532,"quantity":1,"price":218},{"name":"Coins","id":995,"quantity":220,"price":1}],"date":"May 11, 2022, 7:41:52 PM"}
{"name":"Dark beast","level":182,"killCount":-1,"type":"NPC","drops":[{"name":"Big bones","id":532,"quantity":1,"price":218},{"name":"Coins","id":995,"quantity":152,"price":1}],"date":"May 11, 2022, 7:42:28 PM"}
{"name":"Dark beast","level":182,"killCount":-1,"type":"NPC","drops":[{"name":"Big bones","id":532,"quantity":1,"price":218},{"name":"Coins","id":995,"quantity":152,"price":1}],"date":"May 11, 2022, 7:43:22 PM"}
{"name":"Dark beast","level":182,"killCount":-1,"type":"NPC","drops":[{"name":"Big bones","id":532,"quantity":1,"price":218},{"name":"Shark","id":385,"quantity":1,"price":907}],"date":"May 11, 2022, 7:43:53 PM"}
{"name":"Dark beast","level":182,"killCount":-1,"type":"NPC","drops":[{"name":"Big bones","id":532,"quantity":1,"price":218},{"name":"Coins","id":995,"quantity":152,"price":1}],"date":"May 11, 2022, 7:44:42 PM"}
{"name":"Dark beast","level":182,"killCount":-1,"type":"NPC","drops":[{"name":"Big bones","id":532,"quantity":1,"price":232},{"name":"Coins","id":995,"quantity":95,"price":1}],"date":"May 25, 2022, 10:04:04 AM"}
{"name":"Dark beast","level":182,"killCount":-1,"type":"NPC","drops":[{"name":"Big bones","id":532,"quantity":1,"price":232},{"name":"Coins","id":995,"quantity":152,"price":1}],"date":"May 25, 2022, 10:04:33 AM"}
{"name":"Dark beast","level":182,"killCount":-1,"type":"NPC","drops":[{"name":"Big bones","id":532,"quantity":1,"price":232},{"name":"Shark","id":385,"quantity":1,"price":921}],"date":"May 25, 2022, 10:05:16 AM"}
{"name":"Dark beast","level":182,"killCount":-1,"type":"NPC","drops":[{"name":"Big bones","id":532,"quantity":1,"price":232}],"date":"May 25, 2022, 10:05:49 AM"}
{"name":"Dark beast","level":182,"killCount":-1,"type":"NPC","drops":[{"name":"Big bones","id":532,"quantity":1,"price":232},{"name":"Coins","id":995,"quantity":64,"price":1}],"date":"May 25, 2022, 10:06:23 AM"}
{"name":"Dark beast","level":182,"killCount":-1,"type":"NPC","drops":[{"name":"Big bones","id":532,"quantity":1,"price":232},{"name":"Coins","id":995,"quantity":152,"price":1}],"date":"May 25, 2022, 10:06:57 AM"}
{"name":"Dark beast","level":182,"killCount":-1,"type":"NPC","drops":[{"name":"Big bones","id":532,"quantity":1,"price":232},{"name":"Coins","id":995,"quantity":95,"price":1}],"date":"May 25, 2022, 10:07:21 AM"}
{"name":"Dark beast","level":182,"killCount":-1,"type":"NPC","drops":[{"name":"Big bones","id":532,"quantity":1,"price":232},{"name":"Chaos rune","id":562,"quantity":30,"price":68}],"date":"May 25, 2022, 10:07:51 AM"}
{"name":"Dark beast","level":182,"killCount":-1,"type":"NPC","drops":[{"name":"Big bones","id":532,"quantity":1,"price":232},{"name":"Rune battleaxe","id":1373,"quantity":1,"price":24498}],"date":"May 25, 2022, 10:08:43 AM"}
{"name":"Dark beast","level":182,"killCount":-1,"type":"NPC","drops":[{"name":"Big bones","id":532,"quantity":1,"price":232},{"name":"Grimy avantoe","id":211,"quantity":1,"price":1555}],"date":"May 25, 2022, 10:09:22 AM"}
{"name":"Dark beast","level":182,"killCount":-1,"type":"NPC","drops":[{"name":"Big bones","id":532,"quantity":1,"price":232},{"name":"Coins","id":995,"quantity":95,"price":1}],"date":"May 25, 2022, 10:10:15 AM"}
{"name":"Dark beast","level":182,"killCount":-1,"type":"NPC","drops":[{"name":"Big bones","id":532,"quantity":1,"price":232},{"name":"Belladonna seed","id":5281,"quantity":1,"price":59}],"date":"May 25, 2022, 10:10:51 AM"}
{"name":"Dark beast","level":182,"killCount":-1,"type":"NPC","drops":[{"name":"Big bones","id":532,"quantity":1,"price":232},{"name":"Runite bar","id":2363,"quantity":1,"price":12424}],"date":"May 25, 2022, 10:11:15 AM"}
{"name":"Dark beast","level":182,"killCount":-1,"type":"NPC","drops":[{"name":"Big bones","id":532,"quantity":1,"price":232},{"name":"Uncut emerald","id":1621,"quantity":1,"price":577}],"date":"May 25, 2022, 10:11:47 AM"}
{"name":"Dark beast","level":182,"killCount":-1,"type":"NPC","drops":[{"name":"Big bones","id":532,"quantity":1,"price":232},{"name":"Grimy irit leaf","id":209,"quantity":1,"price":696}],"date":"May 25, 2022, 10:12:15 AM"}
{"name":"Dark beast","level":182,"killCount":-1,"type":"NPC","drops":[{"name":"Big bones","id":532,"quantity":1,"price":232},{"name":"Coins","id":995,"quantity":220,"price":1}],"date":"May 25, 2022, 10:12:42 AM"}
{"name":"Dark beast","level":182,"killCount":-1,"type":"NPC","drops":[{"name":"Big bones","id":532,"quantity":1,"price":232},{"name":"Coins","id":995,"quantity":152,"price":1}],"date":"May 25, 2022, 10:13:30 AM"}
{"name":"Dark beast","level":182,"killCount":-1,"type":"NPC","drops":[{"name":"Big bones","id":532,"quantity":1,"price":232},{"name":"Coins","id":995,"quantity":152,"price":1}],"date":"May 25, 2022, 10:14:02 AM"}
{"name":"Dark beast","level":182,"killCount":-1,"type":"NPC","drops":[{"name":"Big bones","id":532,"quantity":1,"price":232},{"name":"Blood rune","id":565,"quantity":15,"price":378}],"date":"May 25, 2022, 10:14:54 AM"}
{"name":"Dark beast","level":182,"killCount":-1,"type":"NPC","drops":[{"name":"Big bones","id":532,"quantity":1,"price":232},{"name":"Grimy marrentill","id":201,"quantity":1,"price":19},{"name":"Grimy marrentill","id":201,"quantity":1,"price":19}],"date":"May 25, 2022, 10:15:20 AM"}
{"name":"Dark beast","level":182,"killCount":-1,"type":"NPC","drops":[{"name":"Big bones","id":532,"quantity":1,"price":231},{"name":"Death rune","id":560,"quantity":20,"price":191}],"date":"May 25, 2022, 12:24:08 PM"}
{"name":"Dark beast","level":182,"killCount":-1,"type":"NPC","drops":[{"name":"Big bones","id":532,"quantity":1,"price":231},{"name":"Grimy guam leaf","id":199,"quantity":1,"price":55}],"date":"May 25, 2022, 12:24:47 PM"}
{"name":"Dark beast","level":182,"killCount":-1,"type":"NPC","drops":[{"name":"Big bones","id":532,"quantity":1,"price":231},{"name":"Grimy marrentill","id":201,"quantity":1,"price":26}],"date":"May 25, 2022, 12:25:21 PM"}
{"name":"Dark beast","level":182,"killCount":-1,"type":"NPC","drops":[{"name":"Big bones","id":532,"quantity":1,"price":231},{"name":"Grimy tarromin","id":203,"quantity":1,"price":117}],"date":"May 25, 2022, 12:25:52 PM"}
{"name":"Dark beast","level":182,"killCount":-1,"type":"NPC","drops":[{"name":"Big bones","id":532,"quantity":1,"price":231},{"name":"Coins","id":995,"quantity":152,"price":1}],"date":"May 25, 2022, 12:26:53 PM"}
{"name":"Dark beast","level":182,"killCount":-1,"type":"NPC","drops":[{"name":"Big bones","id":532,"quantity":1,"price":231},{"name":"Coins","id":995,"quantity":152,"price":1}],"date":"May 25, 2022, 12:27:31 PM"}
{"name":"Dark beast","level":182,"killCount":-1,"type":"NPC","drops":[{"name":"Big bones","id":532,"quantity":1,"price":231},{"name":"Grimy harralander","id":205,"quantity":1,"price":895}],"date":"May 25, 2022, 12:28:05 PM"}
{"name":"Dark beast","level":182,"killCount":-1,"type":"NPC","drops":[{"name":"Big bones","id":532,"quantity":1,"price":231},{"name":"Death rune","id":560,"quantity":20,"price":191}],"date":"May 25, 2022, 12:28:31 PM"}
{"name":"Dark beast","level":182,"killCount":-1,"type":"NPC","drops":[{"name":"Big bones","id":532,"quantity":1,"price":231},{"name":"Grimy guam leaf","id":199,"quantity":1,"price":55}],"date":"May 25, 2022, 12:29:15 PM"}
{"name":"Dark beast","level":182,"killCount":-1,"type":"NPC","drops":[{"name":"Big bones","id":532,"quantity":1,"price":231},{"name":"Coins","id":995,"quantity":152,"price":1}],"date":"May 25, 2022, 12:29:51 PM"}
{"name":"Dark beast","level":182,"killCount":-1,"type":"NPC","drops":[{"name":"Big bones","id":532,"quantity":1,"price":231},{"name":"Loop half of key","id":987,"quantity":1,"price":9616}],"date":"May 25, 2022, 12:30:50 PM"}
{"name":"Dark beast","level":182,"killCount":-1,"type":"NPC","drops":[{"name":"Big bones","id":532,"quantity":1,"price":231},{"name":"Death rune","id":560,"quantity":20,"price":191}],"date":"May 25, 2022, 12:31:38 PM"}
{"name":"Dark beast","level":182,"killCount":-1,"type":"NPC","drops":[{"name":"Big bones","id":532,"quantity":1,"price":231},{"name":"Coins","id":995,"quantity":220,"price":1}],"date":"May 25, 2022, 12:32:08 PM"}
{"name":"Dark beast","level":182,"killCount":-1,"type":"NPC","drops":[{"name":"Big bones","id":532,"quantity":1,"price":231},{"name":"Death rune","id":560,"quantity":20,"price":191}],"date":"May 25, 2022, 12:32:38 PM"}
{"name":"Dark beast","level":182,"killCount":-1,"type":"NPC","drops":[{"name":"Coins","id":995,"quantity":152,"price":1}],"date":"May 29, 2022, 11:59:33 AM"}
{"name":"Dark beast","level":182,"killCount":-1,"type":"NPC","drops":[{"name":"Grimy cadantine","id":215,"quantity":1,"price":1669}],"date":"May 29, 2022, 12:00:21 PM"}
{"name":"Dark beast","level":182,"killCount":-1,"type":"NPC","drops":[{"name":"Rune full helm","id":1163,"quantity":1,"price":20702}],"date":"May 29, 2022, 12:00:47 PM"}
{"name":"Dark beast","level":182,"killCount":-1,"type":"NPC","drops":[{"name":"Coins","id":995,"quantity":152,"price":1}],"date":"May 29, 2022, 12:01:36 PM"}
{"name":"Dark beast","level":182,"killCount":-1,"type":"NPC","drops":[{"name":"Shark","id":385,"quantity":1,"price":912}],"date":"May 29, 2022, 12:02:21 PM"}
{"name":"Dark beast","level":182,"killCount":-1,"type":"NPC","drops":[{"name":"Blood rune","id":565,"quantity":15,"price":391}],"date":"May 29, 2022, 12:03:05 PM"}
{"name":"Dark beast","level":182,"killCount":-1,"type":"NPC","drops":[{"name":"Coins","id":995,"quantity":152,"price":1}],"date":"May 29, 2022, 12:03:57 PM"}
{"name":"Dark beast","level":182,"killCount":-1,"type":"NPC","drops":[{"name":"Grimy guam leaf","id":199,"quantity":1,"price":75}],"date":"May 29, 2022, 12:04:36 PM"}
{"name":"Dark beast","level":182,"killCount":-1,"type":"NPC","drops":[{"name":"Shark","id":385,"quantity":1,"price":912},{"name":"Shark","id":385,"quantity":1,"price":912}],"date":"May 29, 2022, 12:06:08 PM"}
{"name":"Dark beast","level":182,"killCount":-1,"type":"NPC","drops":[{"name":"Tooth half of key","id":985,"quantity":1,"price":10309}],"date":"May 29, 2022, 12:07:17 PM"}
{"name":"Dark beast","level":182,"killCount":-1,"type":"NPC","drops":[{"name":"Coins","id":995,"quantity":152,"price":1}],"date":"May 29, 2022, 12:08:38 PM"}
{"name":"Dark beast","level":182,"killCount":-1,"type":"NPC","drops":[{"name":"Blood rune","id":565,"quantity":15,"price":391}],"date":"May 29, 2022, 12:09:45 PM"}
{"name":"Dark beast","level":182,"killCount":-1,"type":"NPC","drops":[{"name":"Blood rune","id":565,"quantity":15,"price":391}],"date":"May 29, 2022, 12:10:53 PM"}
{"name":"Dark beast","level":182,"killCount":-1,"type":"NPC","drops":[{"name":"Blood rune","id":565,"quantity":15,"price":391}],"date":"May 29, 2022, 12:11:29 PM"}
{"name":"Dark beast","level":182,"killCount":-1,"type":"NPC","drops":[{"name":"Coins","id":995,"quantity":64,"price":1}],"date":"May 29, 2022, 12:12:08 PM"}
{"name":"Dark beast","level":182,"killCount":-1,"type":"NPC","drops":[{"name":"Grimy marrentill","id":201,"quantity":1,"price":11},{"name":"Grimy guam leaf","id":199,"quantity":1,"price":75}],"date":"May 29, 2022, 12:12:35 PM"}
{"name":"Dark beast","level":182,"killCount":-1,"type":"NPC","drops":[{"name":"Death rune","id":560,"quantity":20,"price":190}],"date":"May 29, 2022, 12:13:11 PM"}
{"name":"Dark beast","level":182,"killCount":-1,"type":"NPC","drops":[{"name":"Big bones","id":532,"quantity":1,"price":215},{"name":"Coins","id":995,"quantity":220,"price":1}],"date":"Jul 2, 2022, 2:41:56 PM"}
{"name":"Dark beast","level":182,"killCount":-1,"type":"NPC","drops":[{"name":"Big bones","id":532,"quantity":1,"price":215},{"name":"Coins","id":995,"quantity":152,"price":1}],"date":"Jul 2, 2022, 2:42:27 PM"}
{"name":"Dark beast","level":182,"killCount":-1,"type":"NPC","drops":[{"name":"Big bones","id":532,"quantity":1,"price":215},{"name":"Coins","id":995,"quantity":220,"price":1}],"date":"Jul 2, 2022, 2:43:08 PM"}
{"name":"Dark beast","level":182,"killCount":-1,"type":"NPC","drops":[{"name":"Big bones","id":532,"quantity":1,"price":215},{"name":"Coins","id":995,"quantity":95,"price":1}],"date":"Jul 2, 2022, 2:43:34 PM"}
{"name":"Dark beast","level":182,"killCount":-1,"type":"NPC","drops":[{"name":"Big bones","id":532,"quantity":1,"price":215},{"name":"Rune 2h sword","id":1319,"quantity":1,"price":37920}],"date":"Jul 2, 2022, 2:44:17 PM"}
{"name":"Dark beast","level":182,"killCount":-1,"type":"NPC","drops":[{"name":"Big bones","id":532,"quantity":1,"price":215},{"name":"Grimy guam leaf","id":199,"quantity":1,"price":61}],"date":"Jul 2, 2022, 2:44:45 PM"}
{"name":"Dark beast","level":182,"killCount":-1,"type":"NPC","drops":[{"name":"Big bones","id":532,"quantity":1,"price":215},{"name":"Coins","id":995,"quantity":152,"price":1}],"date":"Jul 2, 2022, 2:45:20 PM"}
{"name":"Dark beast","level":182,"killCount":-1,"type":"NPC","drops":[{"name":"Big bones","id":532,"quantity":1,"price":215},{"name":"Coins","id":995,"quantity":152,"price":1}],"date":"Jul 2, 2022, 2:46:14 PM"}
{"name":"Dark beast","level":182,"killCount":-1,"type":"NPC","drops":[{"name":"Big bones","id":532,"quantity":1,"price":215},{"name":"Coins","id":995,"quantity":152,"price":1}],"date":"Jul 2, 2022, 2:46:50 PM"}
{"name":"Dark beast","level":182,"killCount":-1,"type":"NPC","drops":[{"name":"Big bones","id":532,"quantity":1,"price":215},{"name":"Coins","id":995,"quantity":152,"price":1}],"date":"Jul 2, 2022, 2:47:19 PM"}
{"name":"Dark beast","level":182,"killCount":-1,"type":"NPC","drops":[{"name":"Big bones","id":532,"quantity":1,"price":215},{"name":"Coins","id":995,"quantity":152,"price":1}],"date":"Jul 2, 2022, 2:47:48 PM"}
{"name":"Dark beast","level":182,"killCount":-1,"type":"NPC","drops":[{"name":"Big bones","id":532,"quantity":1,"price":215},{"name":"Coins","id":995,"quantity":152,"price":1}],"date":"Jul 2, 2022, 2:48:29 PM"}
{"name":"Dark beast","level":182,"killCount":-1,"type":"NPC","drops":[{"name":"Big bones","id":532,"quantity":1,"price":215},{"name":"Grimy avantoe","id":211,"quantity":1,"price":1649}],"date":"Jul 2, 2022, 2:49:12 PM"}
{"name":"Dark beast","level":182,"killCount":-1,"type":"NPC","drops":[{"name":"Big bones","id":532,"quantity":1,"price":215},{"name":"Blood rune","id":565,"quantity":15,"price":352}],"date":"Jul 2, 2022, 2:49:34 PM"}
{"name":"Dark beast","level":182,"killCount":-1,"type":"NPC","drops":[{"name":"Big bones","id":532,"quantity":1,"price":215},{"name":"Coins","id":995,"quantity":64,"price":1}],"date":"Jul 2, 2022, 2:50:06 PM"}
{"name":"Dark beast","level":182,"killCount":-1,"type":"NPC","drops":[{"name":"Big bones","id":532,"quantity":1,"price":215},{"name":"Grimy kwuarm","id":213,"quantity":1,"price":1434}],"date":"Jul 2, 2022, 2:50:56 PM"}
{"name":"Dark beast","level":182,"killCount":-1,"type":"NPC","drops":[{"name":"Big bones","id":532,"quantity":1,"price":215},{"name":"Coins","id":995,"quantity":152,"price":1}],"date":"Jul 2, 2022, 3:13:47 PM"}
{"name":"Dark beast","level":182,"killCount":-1,"type":"NPC","drops":[{"name":"Big bones","id":532,"quantity":1,"price":215},{"name":"Grimy tarromin","id":203,"quantity":1,"price":135}],"date":"Jul 2, 2022, 3:14:23 PM"}
{"name":"Dark beast","level":182,"killCount":-1,"type":"NPC","drops":[{"name":"Big bones","id":532,"quantity":1,"price":215},{"name":"Grimy tarromin","id":203,"quantity":1,"price":135}],"date":"Jul 2, 2022, 3:15:16 PM"}
{"name":"Dark beast","level":182,"killCount":-1,"type":"NPC","drops":[{"name":"Big bones","id":532,"quantity":1,"price":215},{"name":"Coins","id":995,"quantity":220,"price":1}],"date":"Jul 2, 2022, 3:16:04 PM"}
{"name":"Dark beast","level":182,"killCount":-1,"type":"NPC","drops":[{"name":"Blood rune","id":565,"quantity":15,"price":357}],"date":"Jul 6, 2022, 9:21:23 AM"}
{"name":"Dark beast","level":182,"killCount":-1,"type":"NPC","drops":[{"name":"Grimy tarromin","id":203,"quantity":1,"price":104}],"date":"Jul 6, 2022, 9:21:49 AM"}
{"name":"Dark beast","level":182,"killCount":-1,"type":"NPC","drops":[{"name":"Coins","id":995,"quantity":95,"price":1}],"date":"Jul 6, 2022, 9:22:21 AM"}
{"name":"Dark beast","level":182,"killCount":-1,"type":"NPC","drops":[{"name":"Coins","id":995,"quantity":152,"price":1}],"date":"Jul 6, 2022, 9:22:53 AM"}
{"name":"Dark beast","level":182,"killCount":-1,"type":"NPC","drops":[{"name":"Coins","id":995,"quantity":64,"price":1}],"date":"Jul 6, 2022, 9:23:27 AM"}
{"name":"Dark beast","level":182,"killCount":-1,"type":"NPC","drops":[{"name":"Grimy guam leaf","id":199,"quantity":1,"price":55}],"date":"Jul 6, 2022, 9:24:03 AM"}
{"name":"Dark beast","level":182,"killCount":-1,"type":"NPC","drops":[{"name":"Coins","id":995,"quantity":152,"price":1}],"date":"Jul 6, 2022, 9:24:39 AM"}
{"name":"Dark beast","level":182,"killCount":-1,"type":"NPC","drops":[{"name":"Coins","id":995,"quantity":220,"price":1}],"date":"Jul 6, 2022, 9:25:27 AM"}
{"name":"Dark beast","level":182,"killCount":-1,"type":"NPC","drops":[{"name":"Coins","id":995,"quantity":152,"price":1}],"date":"Jul 6, 2022, 9:26:00 AM"}
{"name":"Dark beast","level":182,"killCount":-1,"type":"NPC","drops":[{"name":"Coins","id":995,"quantity":64,"price":1}],"date":"Jul 6, 2022, 9:26:41 AM"}
{"name":"Dark beast","level":182,"killCount":-1,"type":"NPC","drops":[{"name":"Coins","id":995,"quantity":152,"price":1}],"date":"Jul 6, 2022, 9:27:05 AM"}
{"name":"Dark beast","level":182,"killCount":-1,"type":"NPC","drops":[{"name":"Coins","id":995,"quantity":152,"price":1}],"date":"Jul 6, 2022, 9:27:44 AM"}
{"name":"Dark beast","level":182,"killCount":-1,"type":"NPC","drops":[{"name":"Grimy guam leaf","id":199,"quantity":1,"price":55}],"date":"Jul 6, 2022, 9:28:41 AM"}
{"name":"Dark beast","level":182,"killCount":-1,"type":"NPC","drops":[{"name":"Coins","id":995,"quantity":152,"price":1}],"date":"Jul 6, 2022, 9:29:18 AM"}
{"name":"Dark beast","level":182,"killCount":-1,"type":"NPC","drops":[{"name":"Rune med helm","id":1147,"quantity":1,"price":11049}],"date":"Jul 6, 2022, 9:49:43 AM"}
{"name":"Dark beast","level":182,"killCount":-1,"type":"NPC","drops":[{"name":"Grimy harralander","id":205,"quantity":1,"price":715},{"name":"Grimy tarromin","id":203,"quantity":1,"price":105}],"date":"Jul 6, 2022, 9:50:32 AM"}
{"name":"Dark beast","level":182,"killCount":-1,"type":"NPC","drops":[{"name":"Rune med helm","id":1147,"quantity":1,"price":11049}],"date":"Jul 6, 2022, 9:51:11 AM"}
{"name":"Dark beast","level":182,"killCount":-1,"type":"NPC","drops":[{"name":"Big bones","id":532,"quantity":1,"price":214},{"name":"Grimy harralander","id":205,"quantity":1,"price":673},{"name":"Grimy harralander","id":205,"quantity":1,"price":673}],"date":"Jul 9, 2022, 11:05:43 PM"}
{"name":"Dark beast","level":182,"killCount":-1,"type":"NPC","drops":[{"name":"Big bones","id":532,"quantity":1,"price":214},{"name":"Tooth half of key","id":985,"quantity":1,"price":9900}],"date":"Jul 9, 2022, 11:06:15 PM"}
{"name":"Dark beast","level":182,"killCount":-1,"type":"NPC","drops":[{"name":"Big bones","id":532,"quantity":1,"price":214},{"name":"Coins","id":995,"quantity":220,"price":1}],"date":"Jul 9, 2022, 11:07:16 PM"}
{"name":"Dark beast","level":182,"killCount":-1,"type":"NPC","drops":[{"name":"Big bones","id":532,"quantity":1,"price":214},{"name":"Death rune","id":560,"quantity":20,"price":186}],"date":"Jul 9, 2022, 11:07:50 PM"}
{"name":"Dark beast","level":182,"killCount":-1,"type":"NPC","drops":[{"name":"Big bones","id":532,"quantity":1,"price":214},{"name":"Blood rune","id":565,"quantity":15,"price":365}],"date":"Jul 9, 2022, 11:08:09 PM"}
{"name":"Dark beast","level":182,"killCount":-1,"type":"NPC","drops":[{"name":"Big bones","id":532,"quantity":1,"price":214},{"name":"Dark bow","id":11235,"quantity":1,"price":704863}],"date":"Jul 9, 2022, 11:08:50 PM"}
{"name":"Dark beast","level":182,"killCount":-1,"type":"NPC","drops":[{"name":"Big bones","id":532,"quantity":1,"price":214},{"name":"Coins","id":995,"quantity":152,"price":1}],"date":"Jul 9, 2022, 11:09:32 PM"}
{"name":"Dark beast","level":182,"killCount":-1,"type":"NPC","drops":[{"name":"Big bones","id":532,"quantity":1,"price":214},{"name":"Snapdragon seed","id":5300,"quantity":1,"price":80749}],"date":"Jul 9, 2022, 11:10:11 PM"}
{"name":"Dark beast","level":182,"killCount":-1,"type":"NPC","drops":[{"name":"Big bones","id":532,"quantity":1,"price":214},{"name":"Grimy tarromin","id":203,"quantity":1,"price":116}],"date":"Jul 9, 2022, 11:10:38 PM"}
{"name":"Dark beast","level":182,"killCount":-1,"type":"NPC","drops":[{"name":"Big bones","id":532,"quantity":1,"price":214},{"name":"Coins","id":995,"quantity":220,"price":1}],"date":"Jul 9, 2022, 11:11:05 PM"}
{"name":"Dark beast","level":182,"killCount":-1,"type":"NPC","drops":[{"name":"Big bones","id":532,"quantity":1,"price":214},{"name":"Shark","id":385,"quantity":1,"price":952},{"name":"Shark","id":385,"quantity":1,"price":952}],"date":"Jul 9, 2022, 11:11:48 PM"}
{"name":"Dark beast","level":182,"killCount":-1,"type":"NPC","drops":[{"name":"Big bones","id":532,"quantity":1,"price":214},{"name":"Black battleaxe","id":1367,"quantity":1,"price":571}],"date":"Jul 9, 2022, 11:12:40 PM"}
{"name":"Dark beast","level":182,"killCount":-1,"type":"NPC","drops":[{"name":"Big bones","id":532,"quantity":1,"price":214},{"name":"Grimy cadantine","id":215,"quantity":1,"price":1656}],"date":"Jul 9, 2022, 11:13:21 PM"}
{"name":"Dark beast","level":182,"killCount":-1,"type":"NPC","drops":[{"name":"Big bones","id":532,"quantity":1,"price":214},{"name":"Black battleaxe","id":1367,"quantity":1,"price":571}],"date":"Jul 9, 2022, 11:14:01 PM"}
{"name":"Dark beast","level":182,"killCount":-1,"type":"NPC","drops":[{"name":"Big bones","id":532,"quantity":1,"price":214},{"name":"Grimy dwarf weed","id":217,"quantity":1,"price":996}],"date":"Jul 9, 2022, 11:14:32 PM"}
{"name":"Dark beast","level":182,"killCount":-1,"type":"NPC","drops":[{"name":"Big bones","id":532,"quantity":1,"price":214},{"name":"Coins","id":995,"quantity":152,"price":1}],"date":"Jul 9, 2022, 11:15:11 PM"}
{"name":"Dark beast","level":182,"killCount":-1,"type":"NPC","drops":[{"name":"Big bones","id":532,"quantity":1,"price":214},{"name":"Adamant sq shield","id":1183,"quantity":1,"price":2136}],"date":"Jul 9, 2022, 11:15:39 PM"}
{"name":"Dark beast","level":182,"killCount":-1,"type":"NPC","drops":[{"name":"Snapdragon seed","id":5300,"quantity":1,"price":80500}],"date":"Aug 2, 2022, 9:25:23 AM"}
{"name":"Dark beast","level":182,"killCount":-1,"type":"NPC","drops":[{"name":"Shark","id":385,"quantity":1,"price":897},{"name":"Shark","id":385,"quantity":1,"price":897}],"date":"Aug 2, 2022, 9:26:11 AM"}
{"name":"Dark beast","level":182,"killCount":-1,"type":"NPC","drops":[{"name":"Rune chainbody","id":1113,"quantity":1,"price":29665}],"date":"Aug 2, 2022, 9:26:43 AM"}
{"name":"Dark beast","level":182,"killCount":-1,"type":"NPC","drops":[{"name":"Grimy avantoe","id":211,"quantity":1,"price":1668}],"date":"Aug 2, 2022, 9:27:13 AM"}
{"name":"Dark beast","level":182,"killCount":-1,"type":"NPC","drops":[{"name":"Coins","id":995,"quantity":152,"price":1}],"date":"Aug 2, 2022, 9:27:45 AM"}
{"name":"Dark beast","level":182,"killCount":-1,"type":"NPC","drops":[{"name":"Death talisman","id":1456,"quantity":1,"price":4638}],"date":"Aug 2, 2022, 9:28:49 AM"}
{"name":"Dark beast","level":182,"killCount":-1,"type":"NPC","drops":[{"name":"Grimy kwuarm","id":213,"quantity":1,"price":1369}],"date":"Aug 2, 2022, 9:29:31 AM"}
{"name":"Dark beast","level":182,"killCount":-1,"type":"NPC","drops":[{"name":"Coins","id":995,"quantity":152,"price":1}],"date":"Aug 2, 2022, 9:30:43 AM"}
{"name":"Dark beast","level":182,"killCount":-1,"type":"NPC","drops":[{"name":"Rune sq shield","id":1185,"quantity":1,"price":22503}],"date":"Aug 2, 2022, 9:31:28 AM"}
{"name":"Dark beast","level":182,"killCount":-1,"type":"NPC","drops":[{"name":"Blood rune","id":565,"quantity":15,"price":364}],"date":"Aug 2, 2022, 9:32:05 AM"}
{"name":"Dark beast","level":182,"killCount":-1,"type":"NPC","drops":[{"name":"Adamant sq shield","id":1183,"quantity":1,"price":1993}],"date":"Aug 2, 2022, 9:32:49 AM"}
{"name":"Dark beast","level":182,"killCount":-1,"type":"NPC","drops":[{"name":"Shark","id":385,"quantity":1,"price":897}],"date":"Aug 2, 2022, 9:33:31 AM"}
{"name":"Dark beast","level":182,"killCount":-1,"type":"NPC","drops":[{"name":"Death rune","id":560,"quantity":20,"price":183}],"date":"Aug 2, 2022, 9:34:05 AM"}
{"name":"Dark beast","level":182,"killCount":-1,"type":"NPC","drops":[{"name":"Big bones","id":532,"quantity":1,"price":178},{"name":"Grimy marrentill","id":201,"quantity":1,"price":31}],"date":"Jan 10, 2023, 7:30:41 PM"}
{"name":"Dark beast","level":182,"killCount":-1,"type":"NPC","drops":[{"name":"Big bones","id":532,"quantity":1,"price":178},{"name":"Grimy irit leaf","id":209,"quantity":1,"price":824}],"date":"Jan 10, 2023, 7:31:15 PM"}
{"name":"Dark beast","level":182,"killCount":-1,"type":"NPC","drops":[{"name":"Big bones","id":532,"quantity":1,"price":178},{"name":"Black battleaxe","id":1367,"quantity":1,"price":484}],"date":"Jan 10, 2023, 7:31:59 PM"}
{"name":"Dark beast","level":182,"killCount":-1,"type":"NPC","drops":[{"name":"Big bones","id":532,"quantity":1,"price":178},{"name":"Coins","id":995,"quantity":152,"price":1}],"date":"Jan 10, 2023, 7:32:35 PM"}
{"name":"Dark beast","level":182,"killCount":-1,"type":"NPC","drops":[{"name":"Big bones","id":532,"quantity":1,"price":178},{"name":"Tooth half of key","id":985,"quantity":1,"price":10830}],"date":"Jan 10, 2023, 7:32:59 PM"}
{"name":"Dark beast","level":182,"killCount":-1,"type":"NPC","drops":[{"name":"Big bones","id":532,"quantity":1,"price":178},{"name":"Chaos rune","id":562,"quantity":30,"price":74}],"date":"Jan 10, 2023, 7:33:32 PM"}
{"name":"Dark beast","level":182,"killCount":-1,"type":"NPC","drops":[{"name":"Big bones","id":532,"quantity":1,"price":178},{"name":"Chaos rune","id":562,"quantity":30,"price":74}],"date":"Jan 10, 2023, 7:34:14 PM"}
{"name":"Dark beast","level":182,"killCount":-1,"type":"NPC","drops":[{"name":"Big bones","id":532,"quantity":1,"price":178},{"name":"Coins","id":995,"quantity":152,"price":1}],"date":"Jan 10, 2023, 7:35:01 PM"}
{"name":"Dark beast","level":182,"killCount":-1,"type":"NPC","drops":[{"name":"Big bones","id":532,"quantity":1,"price":178},{"name":"Coins","id":995,"quantity":220,"price":1}],"date":"Jan 10, 2023, 7:35:22 PM"}
{"name":"Dark beast","level":182,"killCount":-1,"type":"NPC","drops":[{"name":"Big bones","id":532,"quantity":1,"price":178},{"name":"Runite ore","id":452,"quantity":1,"price":11309}],"date":"Jan 10, 2023, 7:35:58 PM"}
{"name":"Dark beast","level":182,"killCount":-1,"type":"NPC","drops":[{"name":"Big bones","id":532,"quantity":1,"price":178},{"name":"Snapdragon seed","id":5300,"quantity":1,"price":45092}],"date":"Jan 10, 2023, 7:36:22 PM"}
{"name":"Dark beast","level":182,"killCount":-1,"type":"NPC","drops":[{"name":"Big bones","id":532,"quantity":1,"price":178},{"name":"Blood rune","id":565,"quantity":15,"price":212}],"date":"Jan 10, 2023, 7:36:52 PM"}
{"name":"Dark beast","level":182,"killCount":-1,"type":"NPC","drops":[{"name":"Big bones","id":532,"quantity":1,"price":178},{"name":"Grimy cadantine","id":215,"quantity":1,"price":2377}],"date":"Jan 10, 2023, 7:37:14 PM"}
{"name":"Dark beast","level":182,"killCount":-1,"type":"NPC","drops":[{"name":"Big bones","id":532,"quantity":1,"price":178},{"name":"Coins","id":995,"quantity":152,"price":1}],"date":"Jan 10, 2023, 7:38:03 PM"}
{"name":"Dark beast","level":182,"killCount":-1,"type":"NPC","drops":[{"name":"Big bones","id":532,"quantity":1,"price":178},{"name":"Coins","id":995,"quantity":152,"price":1}],"date":"Jan 10, 2023, 7:38:37 PM"}
{"name":"Dark beast","level":182,"killCount":-1,"type":"NPC","drops":[{"name":"Big bones","id":532,"quantity":1,"price":178},{"name":"Coins","id":995,"quantity":152,"price":1}],"date":"Jan 10, 2023, 7:39:04 PM"}
{"name":"Dark beast","level":182,"killCount":-1,"type":"NPC","drops":[{"name":"Big bones","id":532,"quantity":1,"price":178},{"name":"Coins","id":995,"quantity":152,"price":1}],"date":"Jan 10, 2023, 7:39:34 PM"}
{"name":"Dark beast","level":182,"killCount":-1,"type":"NPC","drops":[{"name":"Big bones","id":532,"quantity":1,"price":178},{"name":"Grimy irit leaf","id":209,"quantity":1,"price":824}],"date":"Jan 10, 2023, 7:39:56 PM"}
{"name":"Dark beast","level":182,"killCount":-1,"type":"NPC","drops":[{"name":"Big bones","id":532,"quantity":1,"price":207},{"name":"Shark","id":385,"quantity":1,"price":623},{"name":"Shark","id":385,"quantity":1,"price":623}],"date":"Feb 26, 2023, 10:58:12 PM"}
{"name":"Dark beast","level":182,"killCount":-1,"type":"NPC","drops":[{"name":"Big bones","id":532,"quantity":1,"price":207},{"name":"Coins","id":995,"quantity":220,"price":1}],"date":"Feb 26, 2023, 11:01:01 PM"}
{"name":"Dark beast","level":182,"killCount":-1,"type":"NPC","drops":[{"name":"Big bones","id":532,"quantity":1,"price":207},{"name":"Coins","id":995,"quantity":95,"price":1}],"date":"Feb 26, 2023, 11:01:37 PM"}
{"name":"Dark beast","level":182,"killCount":-1,"type":"NPC","drops":[{"name":"Big bones","id":532,"quantity":1,"price":207},{"name":"Black battleaxe","id":1367,"quantity":1,"price":534}],"date":"Feb 26, 2023, 11:02:17 PM"}
{"name":"Dark beast","level":182,"killCount":-1,"type":"NPC","drops":[{"name":"Big bones","id":532,"quantity":1,"price":207},{"name":"Grimy irit leaf","id":209,"quantity":1,"price":905}],"date":"Feb 26, 2023, 11:02:56 PM"}
{"name":"Dark beast","level":182,"killCount":-1,"type":"NPC","drops":[{"name":"Big bones","id":532,"quantity":1,"price":207},{"name":"Crystal shard","id":23962,"quantity":1,"price":0},{"name":"Chaos rune","id":562,"quantity":30,"price":86}],"date":"Feb 26, 2023, 11:03:32 PM"}
{"name":"Dark beast","level":182,"killCount":-1,"type":"NPC","drops":[{"name":"Big bones","id":532,"quantity":1,"price":207},{"name":"Coins","id":995,"quantity":64,"price":1}],"date":"Feb 26, 2023, 11:04:13 PM"}
{"name":"Dark beast","level":182,"killCount":-1,"type":"NPC","drops":[{"name":"Big bones","id":532,"quantity":1,"price":207},{"name":"Coins","id":995,"quantity":95,"price":1}],"date":"Feb 26, 2023, 11:04:50 PM"}
{"name":"Dark beast","level":182,"killCount":-1,"type":"NPC","drops":[{"name":"Big bones","id":532,"quantity":1,"price":207},{"name":"Grimy marrentill","id":201,"quantity":1,"price":35}],"date":"Feb 26, 2023, 11:05:17 PM"}
{"name":"Dark beast","level":182,"killCount":-1,"type":"NPC","drops":[{"name":"Big bones","id":532,"quantity":1,"price":207},{"name":"Coins","id":995,"quantity":152,"price":1}],"date":"Feb 26, 2023, 11:08:08 PM"}
{"name":"Dark beast","level":182,"killCount":-1,"type":"NPC","drops":[{"name":"Big bones","id":532,"quantity":1,"price":298},{"name":"Uncut ruby","id":1619,"quantity":1,"price":1018}],"date":"May 18, 2023, 4:54:08 PM"}
{"name":"Dark beast","level":182,"killCount":-1,"type":"NPC","drops":[{"name":"Big bones","id":532,"quantity":1,"price":298},{"name":"Death rune","id":560,"quantity":20,"price":141}],"date":"May 18, 2023, 4:54:55 PM"}
{"name":"Dark beast","level":182,"killCount":-1,"type":"NPC","drops":[{"name":"Big bones","id":532,"quantity":1,"price":298},{"name":"Coins","id":995,"quantity":152,"price":1}],"date":"May 18, 2023, 4:55:31 PM"}
{"name":"Dark beast","level":182,"killCount":-1,"type":"NPC","drops":[{"name":"Big bones","id":532,"quantity":1,"price":298},{"name":"Rune med helm","id":1147,"quantity":1,"price":11162}],"date":"May 18, 2023, 4:55:58 PM"}
{"name":"Dark beast","level":182,"killCount":-1,"type":"NPC","drops":[{"name":"Big bones","id":532,"quantity":1,"price":298},{"name":"Coins","id":995,"quantity":95,"price":1}],"date":"May 18, 2023, 4:56:34 PM"}
{"name":"Dark beast","level":182,"killCount":-1,"type":"NPC","drops":[{"name":"Big bones","id":532,"quantity":1,"price":298},{"name":"Coins","id":995,"quantity":152,"price":1}],"date":"May 18, 2023, 4:56:58 PM"}
{"name":"Dark beast","level":182,"killCount":-1,"type":"NPC","drops":[{"name":"Big bones","id":532,"quantity":1,"price":298},{"name":"Grimy tarromin","id":203,"quantity":1,"price":137}],"date":"May 18, 2023, 4:57:37 PM"}
{"name":"Dark beast","level":182,"killCount":-1,"type":"NPC","drops":[{"name":"Big bones","id":532,"quantity":1,"price":298},{"name":"Black battleaxe","id":1367,"quantity":1,"price":450}],"date":"May 18, 2023, 4:58:22 PM"}
{"name":"Dark beast","level":182,"killCount":-1,"type":"NPC","drops":[{"name":"Big bones","id":532,"quantity":1,"price":298},{"name":"Coins","id":995,"quantity":220,"price":1}],"date":"May 18, 2023, 4:58:50 PM"}
{"name":"Dark beast","level":182,"killCount":-1,"type":"NPC","drops":[{"name":"Big bones","id":532,"quantity":1,"price":298},{"name":"Tooth half of key","id":985,"quantity":1,"price":10284}],"date":"May 18, 2023, 4:59:26 PM"}
{"name":"Dark beast","level":182,"killCount":-1,"type":"NPC","drops":[{"name":"Big bones","id":532,"quantity":1,"price":298},{"name":"Black battleaxe","id":1367,"quantity":1,"price":450}],"date":"May 18, 2023, 5:00:22 PM"}
{"name":"Dark beast","level":182,"killCount":-1,"type":"NPC","drops":[{"name":"Big bones","id":532,"quantity":1,"price":298},{"name":"Grimy ranarr weed","id":207,"quantity":1,"price":5820}],"date":"May 18, 2023, 5:00:51 PM"}
{"name":"Dark beast","level":182,"killCount":-1,"type":"NPC","drops":[{"name":"Big bones","id":532,"quantity":1,"price":211},{"name":"Coins","id":995,"quantity":152,"price":1}],"date":"Jul 3, 2023, 3:45:40 PM"}
{"name":"Dark beast","level":182,"killCount":-1,"type":"NPC","drops":[{"name":"Big bones","id":532,"quantity":1,"price":211},{"name":"Uncut sapphire","id":1623,"quantity":1,"price":262}],"date":"Jul 3, 2023, 3:46:09 PM"}
{"name":"Dark beast","level":182,"killCount":-1,"type":"NPC","drops":[{"name":"Big bones","id":532,"quantity":1,"price":211},{"name":"Coins","id":995,"quantity":152,"price":1}],"date":"Jul 3, 2023, 3:46:51 PM"}
{"name":"Dark beast","level":182,"killCount":-1,"type":"NPC","drops":[{"name":"Big bones","id":532,"quantity":1,"price":211},{"name":"Death rune","id":560,"quantity":20,"price":112}],"date":"Jul 3, 2023, 3:47:17 PM"}
{"name":"Dark beast","level":182,"killCount":-1,"type":"NPC","drops":[{"name":"Big bones","id":532,"quantity":1,"price":211},{"name":"Chaos rune","id":562,"quantity":30,"price":56}],"date":"Jul 3, 2023, 3:47:41 PM"}
{"name":"Dark beast","level":182,"killCount":-1,"type":"NPC","drops":[{"name":"Big bones","id":532,"quantity":1,"price":211},{"name":"Grimy tarromin","id":203,"quantity":1,"price":122}],"date":"Jul 3, 2023, 3:48:04 PM"}
{"name":"Dark beast","level":182,"killCount":-1,"type":"NPC","drops":[{"name":"Big bones","id":532,"quantity":1,"price":211},{"name":"Coins","id":995,"quantity":152,"price":1}],"date":"Jul 3, 2023, 3:48:30 PM"}
{"name":"Dark beast","level":182,"killCount":-1,"type":"NPC","drops":[{"name":"Big bones","id":532,"quantity":1,"price":211},{"name":"Grimy tarromin","id":203,"quantity":1,"price":122}],"date":"Jul 3, 2023, 3:49:09 PM"}
{"name":"Dark beast","level":182,"killCount":-1,"type":"NPC","drops":[{"name":"Big bones","id":532,"quantity":1,"price":211},{"name":"Coins","id":995,"quantity":64,"price":1}],"date":"Jul 3, 2023, 3:49:55 PM"}
{"name":"Dark beast","level":182,"killCount":-1,"type":"NPC","drops":[{"name":"Big bones","id":532,"quantity":1,"price":211},{"name":"Grimy guam leaf","id":199,"quantity":1,"price":53}],"date":"Jul 3, 2023, 3:50:39 PM"}
{"name":"Dark beast","level":182,"killCount":-1,"type":"NPC","drops":[{"name":"Big bones","id":532,"quantity":1,"price":211},{"name":"Coins","id":995,"quantity":64,"price":1}],"date":"Jul 3, 2023, 3:51:12 PM"}
{"name":"Dark beast","level":182,"killCount":-1,"type":"NPC","drops":[{"name":"Big bones","id":532,"quantity":1,"price":211},{"name":"Coins","id":995,"quantity":152,"price":1}],"date":"Jul 3, 2023, 3:52:12 PM"}
{"name":"Dark beast","level":182,"killCount":-1,"type":"NPC","drops":[{"name":"Big bones","id":532,"quantity":1,"price":211}],"date":"Jul 3, 2023, 3:53:27 PM"}
{"name":"Dark beast","level":182,"killCount":-1,"type":"NPC","drops":[{"name":"Big bones","id":532,"quantity":1,"price":211},{"name":"Coins","id":995,"quantity":64,"price":1}],"date":"Jul 3, 2023, 3:54:03 PM"}
{"name":"Dark beast","level":182,"killCount":-1,"type":"NPC","drops":[{"name":"Big bones","id":532,"quantity":1,"price":211},{"name":"Shark","id":385,"quantity":1,"price":669}],"date":"Jul 3, 2023, 3:54:29 PM"}
{"name":"Dark beast","level":182,"killCount":-1,"type":"NPC","drops":[{"name":"Big bones","id":532,"quantity":1,"price":211},{"name":"Coins","id":995,"quantity":152,"price":1}],"date":"Jul 3, 2023, 3:55:03 PM"}
{"name":"Dark beast","level":182,"killCount":-1,"type":"NPC","drops":[{"name":"Big bones","id":532,"quantity":1,"price":211},{"name":"Grimy harralander","id":205,"quantity":1,"price":491},{"name":"Grimy lantadyme","id":2485,"quantity":1,"price":1483}],"date":"Jul 3, 2023, 3:55:36 PM"}
{"name":"Dark beast","level":182,"killCount":-1,"type":"NPC","drops":[{"name":"Big bones","id":532,"quantity":1,"price":211},{"name":"Grimy marrentill","id":201,"quantity":1,"price":37},{"name":"Grimy marrentill","id":201,"quantity":1,"price":37}],"date":"Jul 3, 2023, 3:56:04 PM"}
{"name":"Dark beast","level":182,"killCount":-1,"type":"NPC","drops":[{"name":"Big bones","id":532,"quantity":1,"price":211},{"name":"Coins","id":995,"quantity":95,"price":1}],"date":"Jul 3, 2023, 3:56:46 PM"}
{"name":"Dark beast","level":182,"killCount":-1,"type":"NPC","drops":[{"name":"Big bones","id":532,"quantity":1,"price":211},{"name":"Coins","id":995,"quantity":64,"price":1}],"date":"Jul 3, 2023, 3:57:29 PM"}
{"name":"Dark beast","level":182,"killCount":-1,"type":"NPC","drops":[{"name":"Big bones","id":532,"quantity":1,"price":211},{"name":"Chaos rune","id":562,"quantity":30,"price":56}],"date":"Jul 3, 2023, 3:58:17 PM"}
{"name":"Dark beast","level":182,"killCount":-1,"type":"NPC","drops":[{"name":"Big bones","id":532,"quantity":1,"price":211},{"name":"Coins","id":995,"quantity":152,"price":1}],"date":"Jul 3, 2023, 3:58:48 PM"}
{"name":"Dark beast","level":182,"killCount":-1,"type":"NPC","drops":[{"name":"Big bones","id":532,"quantity":1,"price":211},{"name":"Coins","id":995,"quantity":152,"price":1}],"date":"Jul 3, 2023, 3:59:22 PM"}
{"name":"Dark beast","level":182,"killCount":-1,"type":"NPC","drops":[{"name":"Big bones","id":532,"quantity":1,"price":211},{"name":"Grimy kwuarm","id":213,"quantity":1,"price":2932}],"date":"Jul 3, 2023, 3:59:56 PM"}
{"name":"Dark beast","level":182,"killCount":-1,"type":"NPC","drops":[{"name":"Big bones","id":532,"quantity":1,"price":211},{"name":"Coins","id":995,"quantity":220,"price":1}],"date":"Jul 3, 2023, 4:00:27 PM"}
{"name":"Dark beast","level":182,"killCount":-1,"type":"NPC","drops":[{"name":"Big bones","id":532,"quantity":1,"price":211},{"name":"Coins","id":995,"quantity":152,"price":1}],"date":"Jul 3, 2023, 4:00:58 PM"}
{"name":"Dark beast","level":182,"killCount":-1,"type":"NPC","drops":[{"name":"Big bones","id":532,"quantity":1,"price":211},{"name":"Coins","id":995,"quantity":152,"price":1}],"date":"Jul 3, 2023, 4:01:32 PM"}
{"name":"Dark beast","level":182,"killCount":-1,"type":"NPC","drops":[{"name":"Big bones","id":532,"quantity":1,"price":211},{"name":"Coins","id":995,"quantity":152,"price":1}],"date":"Jul 3, 2023, 4:02:05 PM"}
{"name":"Dark beast","level":182,"killCount":-1,"type":"NPC","drops":[{"name":"Big bones","id":532,"quantity":1,"price":211},{"name":"Coins","id":995,"quantity":152,"price":1}],"date":"Jul 3, 2023, 4:02:34 PM"}
{"name":"Dark beast","level":182,"killCount":-1,"type":"NPC","drops":[{"name":"Big bones","id":532,"quantity":1,"price":276},{"name":"Rune full helm","id":1163,"quantity":1,"price":20556}],"date":"Nov 9, 2023, 11:04:35 PM"}
{"name":"Dark beast","level":182,"killCount":-1,"type":"NPC","drops":[{"name":"Big bones","id":532,"quantity":1,"price":276},{"name":"Coins","id":995,"quantity":152,"price":1}],"date":"Nov 9, 2023, 11:05:08 PM"}
{"name":"Dark beast","level":182,"killCount":-1,"type":"NPC","drops":[{"name":"Big bones","id":532,"quantity":1,"price":276},{"name":"Coins","id":995,"quantity":152,"price":1}],"date":"Nov 9, 2023, 11:05:32 PM"}
{"name":"Dark beast","level":182,"killCount":-1,"type":"NPC","drops":[{"name":"Big bones","id":532,"quantity":1,"price":276},{"name":"Coins","id":995,"quantity":152,"price":1}],"date":"Nov 9, 2023, 11:06:03 PM"}
{"name":"Dark beast","level":182,"killCount":-1,"type":"NPC","drops":[{"name":"Big bones","id":532,"quantity":1,"price":276},{"name":"Coins","id":995,"quantity":152,"price":1}],"date":"Nov 9, 2023, 11:06:35 PM"}
{"name":"Dark beast","level":182,"killCount":-1,"type":"NPC","drops":[{"name":"Big bones","id":532,"quantity":1,"price":276},{"name":"Coins","id":995,"quantity":152,"price":1}],"date":"Nov 9, 2023, 11:07:02 PM"}
{"name":"Dark beast","level":182,"killCount":-1,"type":"NPC","drops":[{"name":"Big bones","id":532,"quantity":1,"price":276},{"name":"Grimy marrentill","id":201,"quantity":1,"price":58},{"name":"Grimy guam leaf","id":199,"quantity":1,"price":118}],"date":"Nov 9, 2023, 11:07:30 PM"}
{"name":"Dark beast","level":182,"killCount":-1,"type":"NPC","drops":[{"name":"Big bones","id":532,"quantity":1,"price":276},{"name":"Coins","id":995,"quantity":152,"price":1}],"date":"Nov 9, 2023, 11:08:19 PM"}
{"name":"Dark beast","level":182,"killCount":-1,"type":"NPC","drops":[{"name":"Big bones","id":532,"quantity":1,"price":276},{"name":"Death rune","id":560,"quantity":20,"price":154}],"date":"Nov 9, 2023, 11:08:53 PM"}
{"name":"Dark beast","level":182,"killCount":-1,"type":"NPC","drops":[{"name":"Big bones","id":532,"quantity":1,"price":276},{"name":"Coins","id":995,"quantity":152,"price":1}],"date":"Nov 9, 2023, 11:09:38 PM"}
{"name":"Dark beast","level":182,"killCount":-1,"type":"NPC","drops":[{"name":"Big bones","id":532,"quantity":1,"price":280},{"name":"Grimy irit leaf","id":209,"quantity":1,"price":1487}],"date":"Nov 9, 2023, 11:11:25 PM"}
{"name":"Dark beast","level":182,"killCount":-1,"type":"NPC","drops":[{"name":"Big bones","id":532,"quantity":1,"price":280},{"name":"Grimy harralander","id":205,"quantity":1,"price":538}],"date":"Nov 9, 2023, 11:12:06 PM"}
{"name":"Dark beast","level":182,"killCount":-1,"type":"NPC","drops":[{"name":"Big bones","id":532,"quantity":1,"price":280},{"name":"Coins","id":995,"quantity":64,"price":1}],"date":"Nov 9, 2023, 11:12:38 PM"}
{"name":"Dark beast","level":182,"killCount":-1,"type":"NPC","drops":[{"name":"Big bones","id":532,"quantity":1,"price":280},{"name":"Chaos rune","id":562,"quantity":30,"price":88}],"date":"Nov 9, 2023, 11:13:23 PM"}
{"name":"Dark beast","level":182,"killCount":-1,"type":"NPC","drops":[{"name":"Big bones","id":532,"quantity":1,"price":280},{"name":"Grimy marrentill","id":201,"quantity":1,"price":59}],"date":"Nov 9, 2023, 11:13:52 PM"}
{"name":"Dark beast","level":182,"killCount":-1,"type":"NPC","drops":[{"name":"Big bones","id":532,"quantity":1,"price":280},{"name":"Grimy tarromin","id":203,"quantity":1,"price":140}],"date":"Nov 9, 2023, 11:14:28 PM"}
{"name":"Dark beast","level":182,"killCount":-1,"type":"NPC","drops":[{"name":"Big bones","id":532,"quantity":1,"price":280},{"name":"Coins","id":995,"quantity":64,"price":1}],"date":"Nov 9, 2023, 11:14:55 PM"}
{"name":"Dark beast","level":182,"killCount":-1,"type":"NPC","drops":[{"name":"Big bones","id":532,"quantity":1,"price":280},{"name":"Rune med helm","id":1147,"quantity":1,"price":11098}],"date":"Nov 9, 2023, 11:15:31 PM"}
{"name":"Dark beast","level":182,"killCount":-1,"type":"NPC","drops":[{"name":"Big bones","id":532,"quantity":1,"price":280},{"name":"Grimy guam leaf","id":199,"quantity":1,"price":114}],"date":"Nov 9, 2023, 11:15:59 PM"}
{"name":"Dark beast","level":182,"killCount":-1,"type":"NPC","drops":[{"name":"Big bones","id":532,"quantity":1,"price":280},{"name":"Rune chainbody","id":1113,"quantity":1,"price":29408}],"date":"Nov 9, 2023, 11:16:23 PM"}
{"name":"Dark beast","level":182,"killCount":-1,"type":"NPC","drops":[{"name":"Big bones","id":532,"quantity":1,"price":280},{"name":"Death rune","id":560,"quantity":20,"price":151}],"date":"Nov 9, 2023, 11:16:49 PM"}
{"name":"Dark beast","level":182,"killCount":-1,"type":"NPC","drops":[{"name":"Big bones","id":532,"quantity":1,"price":280},{"name":"Coins","id":995,"quantity":152,"price":1}],"date":"Nov 9, 2023, 11:17:28 PM"}
{"name":"Dark beast","level":182,"killCount":-1,"type":"NPC","drops":[{"name":"Big bones","id":532,"quantity":1,"price":280},{"name":"Grimy marrentill","id":201,"quantity":1,"price":59},{"name":"Grimy guam leaf","id":199,"quantity":1,"price":114}],"date":"Nov 9, 2023, 11:18:08 PM"}
{"name":"Dark beast","level":182,"killCount":-1,"type":"NPC","drops":[{"name":"Big bones","id":532,"quantity":1,"price":280},{"name":"Adamant javelin","id":829,"quantity":20,"price":59}],"date":"Nov 9, 2023, 11:18:41 PM"}
{"name":"Dark beast","level":182,"killCount":-1,"type":"NPC","drops":[{"name":"Big bones","id":532,"quantity":1,"price":280},{"name":"Coins","id":995,"quantity":152,"price":1}],"date":"Nov 9, 2023, 11:19:14 PM"}
{"name":"Dark beast","level":182,"killCount":-1,"type":"NPC","drops":[{"name":"Big bones","id":532,"quantity":1,"price":280},{"name":"Chaos rune","id":562,"quantity":30,"price":88}],"date":"Nov 10, 2023, 8:47:36 AM"}
{"name":"Dark beast","level":182,"killCount":-1,"type":"NPC","drops":[{"name":"Long bone","id":10976,"quantity":1,"price":1000},{"name":"Big bones","id":532,"quantity":1,"price":280},{"name":"Coins","id":995,"quantity":152,"price":1}],"date":"Nov 10, 2023, 8:48:37 AM"}
{"name":"Dark beast","level":182,"killCount":-1,"type":"NPC","drops":[{"name":"Big bones","id":532,"quantity":1,"price":280},{"name":"Adamantite bar","id":2362,"quantity":3,"price":1870}],"date":"Nov 10, 2023, 8:49:10 AM"}
{"name":"Dark beast","level":182,"killCount":-1,"type":"NPC","drops":[{"name":"Big bones","id":532,"quantity":1,"price":280},{"name":"Shark","id":385,"quantity":1,"price":528},{"name":"Shark","id":385,"quantity":1,"price":528}],"date":"Nov 10, 2023, 8:49:49 AM"}
{"name":"Dark beast","level":182,"killCount":-1,"type":"NPC","drops":[{"name":"Big bones","id":532,"quantity":1,"price":280},{"name":"Coins","id":995,"quantity":152,"price":1}],"date":"Nov 10, 2023, 8:50:31 AM"}
{"name":"Dark beast","level":182,"killCount":-1,"type":"NPC","drops":[{"name":"Big bones","id":532,"quantity":1,"price":280},{"name":"Coins","id":995,"quantity":152,"price":1}],"date":"Nov 10, 2023, 8:50:54 AM"}
{"name":"Dark beast","level":182,"killCount":-1,"type":"NPC","drops":[{"name":"Big bones","id":532,"quantity":1,"price":280},{"name":"Uncut sapphire","id":1623,"quantity":1,"price":246}],"date":"Nov 10, 2023, 8:51:43 AM"}
{"name":"Dark beast","level":182,"killCount":-1,"type":"NPC","drops":[{"name":"Big bones","id":532,"quantity":1,"price":280},{"name":"Coins","id":995,"quantity":152,"price":1}],"date":"Nov 10, 2023, 8:52:29 AM"}
{"name":"Dark beast","level":182,"killCount":-1,"type":"NPC","drops":[{"name":"Big bones","id":532,"quantity":1,"price":280},{"name":"Coins","id":995,"quantity":220,"price":1}],"date":"Nov 10, 2023, 8:55:27 AM"}
{"name":"Dark beast","level":182,"killCount":-1,"type":"NPC","drops":[{"name":"Big bones","id":532,"quantity":1,"price":280},{"name":"Coins","id":995,"quantity":152,"price":1}],"date":"Nov 10, 2023, 8:55:59 AM"}
{"name":"Dark beast","level":182,"killCount":-1,"type":"NPC","drops":[{"name":"Big bones","id":532,"quantity":1,"price":280},{"name":"Blood rune","id":565,"quantity":15,"price":196}],"date":"Nov 10, 2023, 8:56:35 AM"}
{"name":"Dark beast","level":182,"killCount":-1,"type":"NPC","drops":[{"name":"Big bones","id":532,"quantity":1,"price":279},{"name":"Coins","id":995,"quantity":152,"price":1}],"date":"Nov 11, 2023, 1:24:37 PM"}
{"name":"Dark beast","level":182,"killCount":-1,"type":"NPC","drops":[{"name":"Big bones","id":532,"quantity":1,"price":279},{"name":"Blood rune","id":565,"quantity":15,"price":197}],"date":"Nov 11, 2023, 1:25:25 PM"}
{"name":"Dark beast","level":182,"killCount":-1,"type":"NPC","drops":[{"name":"Big bones","id":532,"quantity":1,"price":279},{"name":"Grimy guam leaf","id":199,"quantity":1,"price":117}],"date":"Nov 11, 2023, 1:26:07 PM"}
{"name":"Dark beast","level":182,"killCount":-1,"type":"NPC","drops":[{"name":"Big bones","id":532,"quantity":1,"price":279},{"name":"Death rune","id":560,"quantity":20,"price":154}],"date":"Nov 11, 2023, 1:26:43 PM"}
{"name":"Dark beast","level":182,"killCount":-1,"type":"NPC","drops":[{"name":"Big bones","id":532,"quantity":1,"price":279},{"name":"Grimy cadantine","id":215,"quantity":1,"price":3880}],"date":"Nov 11, 2023, 1:27:58 PM"}
{"name":"Dark beast","level":182,"killCount":-1,"type":"NPC","drops":[{"name":"Big bones","id":532,"quantity":1,"price":279},{"name":"Loop half of key","id":987,"quantity":1,"price":10053}],"date":"Nov 11, 2023, 1:28:50 PM"}
{"name":"Dark beast","level":182,"killCount":-1,"type":"NPC","drops":[{"name":"Big bones","id":532,"quantity":1,"price":279},{"name":"Coins","id":995,"quantity":152,"price":1}],"date":"Nov 11, 2023, 1:29:27 PM"}
{"name":"Dark beast","level":182,"killCount":-1,"type":"NPC","drops":[{"name":"Big bones","id":532,"quantity":1,"price":279},{"name":"Chaos rune","id":562,"quantity":30,"price":89}],"date":"Nov 11, 2023, 1:30:08 PM"}
{"name":"Dark beast","level":182,"killCount":-1,"type":"NPC","drops":[{"name":"Big bones","id":532,"quantity":1,"price":279},{"name":"Death rune","id":560,"quantity":20,"price":154}],"date":"Nov 11, 2023, 1:30:51 PM"}
{"name":"Dark beast","level":182,"killCount":-1,"type":"NPC","drops":[{"name":"Big bones","id":532,"quantity":1,"price":279},{"name":"Coins","id":995,"quantity":152,"price":1}],"date":"Nov 11, 2023, 1:31:32 PM"}
{"name":"Dark beast","level":182,"killCount":-1,"type":"NPC","drops":[{"name":"Big bones","id":532,"quantity":1,"price":279},{"name":"Death rune","id":560,"quantity":20,"price":154}],"date":"Nov 11, 2023, 1:32:22 PM"}
{"name":"Dark beast","level":182,"killCount":-1,"type":"NPC","drops":[{"name":"Big bones","id":532,"quantity":1,"price":279},{"name":"Chaos rune","id":562,"quantity":30,"price":89}],"date":"Nov 11, 2023, 1:32:58 PM"}
{"name":"Dark beast","level":182,"killCount":-1,"type":"NPC","drops":[{"name":"Big bones","id":532,"quantity":1,"price":279},{"name":"Coins","id":995,"quantity":95,"price":1}],"date":"Nov 11, 2023, 1:35:34 PM"}
{"name":"Dark beast","level":182,"killCount":-1,"type":"NPC","drops":[{"name":"Big bones","id":532,"quantity":1,"price":279},{"name":"Grimy marrentill","id":201,"quantity":1,"price":61}],"date":"Nov 11, 2023, 1:36:12 PM"}
{"name":"Dark beast","level":182,"killCount":-1,"type":"NPC","drops":[{"name":"Big bones","id":532,"quantity":1,"price":279},{"name":"Adamantite bar","id":2362,"quantity":3,"price":1867}],"date":"Nov 11, 2023, 1:39:46 PM"}
{"name":"Dark beast","level":182,"killCount":-1,"type":"NPC","drops":[{"name":"Big bones","id":532,"quantity":1,"price":279},{"name":"Grimy marrentill","id":201,"quantity":1,"price":61}],"date":"Nov 11, 2023, 1:40:22 PM"}
{"name":"Dark beast","level":182,"killCount":-1,"type":"NPC","drops":[{"name":"Big bones","id":532,"quantity":1,"price":279},{"name":"Coins","id":995,"quantity":152,"price":1}],"date":"Nov 11, 2023, 1:41:00 PM"}
{"name":"Dark beast","level":182,"killCount":-1,"type":"NPC","drops":[{"name":"Big bones","id":532,"quantity":1,"price":279},{"name":"Coins","id":995,"quantity":152,"price":1}],"date":"Nov 11, 2023, 1:41:41 PM"}
{"name":"Dark beast","level":182,"killCount":-1,"type":"NPC","drops":[{"name":"Big bones","id":532,"quantity":1,"price":279}],"date":"Nov 11, 2023, 1:42:12 PM"}
{"name":"Dark beast","level":182,"killCount":-1,"type":"NPC","drops":[{"name":"Big bones","id":532,"quantity":1,"price":279},{"name":"Death rune","id":560,"quantity":20,"price":154}],"date":"Nov 11, 2023, 1:42:43 PM"}
{"name":"Dark beast","level":182,"killCount":-1,"type":"NPC","drops":[{"name":"Big bones","id":532,"quantity":1,"price":279},{"name":"Loop half of key","id":987,"quantity":1,"price":10053}],"date":"Nov 11, 2023, 1:43:21 PM"}
{"name":"Dark beast","level":182,"killCount":-1,"type":"NPC","drops":[{"name":"Big bones","id":532,"quantity":1,"price":279}],"date":"Nov 11, 2023, 1:44:13 PM"}
{"name":"Dark beast","level":182,"killCount":-1,"type":"NPC","drops":[{"name":"Big bones","id":532,"quantity":1,"price":279},{"name":"Death rune","id":560,"quantity":20,"price":154}],"date":"Nov 11, 2023, 1:44:59 PM"}
{"name":"Dark beast","level":182,"killCount":-1,"type":"NPC","drops":[{"name":"Big bones","id":532,"quantity":1,"price":279},{"name":"Grimy lantadyme","id":2485,"quantity":1,"price":1691}],"date":"Nov 11, 2023, 1:45:18 PM"}
{"name":"Dark beast","level":182,"killCount":-1,"type":"NPC","drops":[{"name":"Big bones","id":532,"quantity":1,"price":279},{"name":"Grimy guam leaf","id":199,"quantity":1,"price":117}],"date":"Nov 11, 2023, 1:46:09 PM"}
{"name":"Dark beast","level":182,"killCount":-1,"type":"NPC","drops":[{"name":"Big bones","id":532,"quantity":1,"price":279},{"name":"Grimy ranarr weed","id":207,"quantity":1,"price":5976},{"name":"Grimy harralander","id":205,"quantity":1,"price":544}],"date":"Nov 11, 2023, 1:46:55 PM"}
{"name":"Dark beast","level":182,"killCount":-1,"type":"NPC","drops":[{"name":"Big bones","id":532,"quantity":1,"price":279},{"name":"Grimy harralander","id":205,"quantity":1,"price":544}],"date":"Nov 11, 2023, 1:47:36 PM"}
{"name":"Dark beast","level":182,"killCount":-1,"type":"NPC","drops":[{"name":"Grimy avantoe","id":211,"quantity":1,"price":3309}],"date":"Jan 26, 2024, 3:10:00 PM"}
{"name":"Dark beast","level":182,"killCount":-1,"type":"NPC","drops":[{"name":"Coins","id":995,"quantity":95,"price":1}],"date":"Jan 26, 2024, 3:10:47 PM"}
{"name":"Dark beast","level":182,"killCount":-1,"type":"NPC","drops":[{"name":"Coins","id":995,"quantity":152,"price":1}],"date":"Jan 26, 2024, 3:11:25 PM"}
{"name":"Dark beast","level":182,"killCount":-1,"type":"NPC","drops":[{"name":"Coins","id":995,"quantity":152,"price":1}],"date":"Jan 26, 2024, 3:12:01 PM"}
{"name":"Dark beast","level":182,"killCount":-1,"type":"NPC","drops":[{"name":"Coins","id":995,"quantity":220,"price":1}],"date":"Jan 26, 2024, 3:12:23 PM"}
{"name":"Dark beast","level":182,"killCount":-1,"type":"NPC","drops":[{"name":"Snapdragon seed","id":5300,"quantity":1,"price":30947}],"date":"Jan 26, 2024, 3:12:51 PM"}
{"name":"Dark beast","level":182,"killCount":-1,"type":"NPC","drops":[{"name":"Blood rune","id":565,"quantity":15,"price":204}],"date":"Jan 26, 2024, 3:13:38 PM"}
{"name":"Dark beast","level":182,"killCount":-1,"type":"NPC","drops":[{"name":"Poison ivy seed","id":5106,"quantity":1,"price":10}],"date":"Jan 26, 2024, 3:14:20 PM"}
{"name":"Dark beast","level":182,"killCount":-1,"type":"NPC","drops":[{"name":"Uncut sapphire","id":1623,"quantity":1,"price":235}],"date":"Jan 26, 2024, 3:15:00 PM"}
{"name":"Dark beast","level":182,"killCount":-1,"type":"NPC","drops":[{"name":"Rune full helm","id":1163,"quantity":1,"price":20339}],"date":"Jan 26, 2024, 3:15:36 PM"}
{"name":"Dark beast","level":182,"killCount":-1,"type":"NPC","drops":[{"name":"Coins","id":995,"quantity":152,"price":1}],"date":"Jan 26, 2024, 3:15:57 PM"}
{"name":"Dark beast","level":182,"killCount":-1,"type":"NPC","drops":[{"name":"Coins","id":995,"quantity":152,"price":1}],"date":"Jan 26, 2024, 3:16:33 PM"}
{"name":"Dark beast","level":182,"killCount":-1,"type":"NPC","drops":[{"name":"Chaos rune","id":562,"quantity":30,"price":103}],"date":"Jan 26, 2024, 3:17:12 PM"}
{"name":"Dark beast","level":182,"killCount":-1,"type":"NPC","drops":[{"name":"Snapdragon seed","id":5300,"quantity":1,"price":30947}],"date":"Jan 26, 2024, 3:18:01 PM"}
{"name":"Dark beast","level":182,"killCount":-1,"type":"NPC","drops":[{"name":"Coins","id":995,"quantity":152,"price":1}],"date":"Jan 26, 2024, 3:18:48 PM"}
{"name":"Dark beast","level":182,"killCount":-1,"type":"NPC","drops":[{"name":"Grimy tarromin","id":203,"quantity":1,"price":151},{"name":"Grimy tarromin","id":203,"quantity":1,"price":151}],"date":"Jan 26, 2024, 3:19:27 PM"}
{"name":"Dark beast","level":182,"killCount":-1,"type":"NPC","drops":[{"name":"Grimy guam leaf","id":199,"quantity":1,"price":321}],"date":"Jan 26, 2024, 3:20:08 PM"}
