{"name":"Dark wizard","level":7,"killCount":-1,"type":"NPC","drops":[{"name":"Bones","id":526,"quantity":1,"price":64},{"name":"Coins","id":995,"quantity":2,"price":1}],"date":"Nov 15, 2023, 9:39:01 AM"}
{"name":"Dark wizard","level":7,"killCount":-1,"type":"NPC","drops":[{"name":"Bones","id":526,"quantity":1,"price":64},{"name":"Coins","id":995,"quantity":2,"price":1}],"date":"Nov 15, 2023, 10:40:03 PM"}
{"name":"Dark wizard","level":7,"killCount":-1,"type":"NPC","drops":[{"name":"Bones","id":526,"quantity":1,"price":64},{"name":"Nature rune","id":561,"quantity":4,"price":117}],"date":"Nov 15, 2023, 10:55:27 PM"}
{"name":"Dark wizard","level":7,"killCount":-1,"type":"NPC","drops":[{"name":"Bones","id":526,"quantity":1,"price":64},{"name":"Fire rune","id":554,"quantity":10,"price":4}],"date":"Nov 16, 2023, 5:52:02 PM"}
{"name":"Dark wizard","level":20,"killCount":-1,"type":"NPC","drops":[{"name":"Bones","id":526,"quantity":1,"price":64},{"name":"Coins","id":995,"quantity":1,"price":1}],"date":"Nov 16, 2023, 5:52:09 PM"}
{"name":"Dark wizard","level":20,"killCount":-1,"type":"NPC","drops":[{"name":"Bones","id":526,"quantity":1,"price":64},{"name":"Coins","id":995,"quantity":4,"price":1}],"date":"Nov 16, 2023, 5:52:12 PM"}
{"name":"Dark wizard","level":7,"killCount":-1,"type":"NPC","drops":[{"name":"Bones","id":526,"quantity":1,"price":64},{"name":"Coins","id":995,"quantity":2,"price":1}],"date":"Nov 16, 2023, 5:52:16 PM"}
{"name":"Dark wizard","level":20,"killCount":-1,"type":"NPC","drops":[{"name":"Bones","id":526,"quantity":1,"price":64}],"date":"Nov 16, 2023, 5:52:20 PM"}
{"name":"Dark wizard","level":7,"killCount":-1,"type":"NPC","drops":[{"name":"Bones","id":526,"quantity":1,"price":64},{"name":"Coins","id":995,"quantity":2,"price":1}],"date":"Nov 16, 2023, 5:52:24 PM"}
{"name":"Dark wizard","level":7,"killCount":-1,"type":"NPC","drops":[{"name":"Bones","id":526,"quantity":1,"price":64},{"name":"Coins","id":995,"quantity":4,"price":1}],"date":"Nov 16, 2023, 5:52:27 PM"}
{"name":"Dark wizard","level":7,"killCount":-1,"type":"NPC","drops":[{"name":"Bones","id":526,"quantity":1,"price":64},{"name":"Coins","id":995,"quantity":2,"price":1}],"date":"Nov 16, 2023, 5:52:29 PM"}
{"name":"Dark wizard","level":20,"killCount":-1,"type":"NPC","drops":[{"name":"Bones","id":526,"quantity":1,"price":64},{"name":"Nature rune","id":561,"quantity":4,"price":116}],"date":"Nov 16, 2023, 5:52:33 PM"}
{"name":"Dark wizard","level":20,"killCount":-1,"type":"NPC","drops":[{"name":"Bones","id":526,"quantity":1,"price":64},{"name":"Coins","id":995,"quantity":29,"price":1}],"date":"Nov 16, 2023, 5:52:37 PM"}
{"name":"Dark wizard","level":7,"killCount":-1,"type":"NPC","drops":[{"name":"Bones","id":526,"quantity":1,"price":64},{"name":"Coins","id":995,"quantity":1,"price":1}],"date":"Nov 16, 2023, 5:52:40 PM"}
{"name":"Dark wizard","level":7,"killCount":-1,"type":"NPC","drops":[{"name":"Bones","id":526,"quantity":1,"price":64},{"name":"Earth rune","id":557,"quantity":36,"price":4}],"date":"Nov 16, 2023, 5:52:43 PM"}
{"name":"Dark wizard","level":20,"killCount":-1,"type":"NPC","drops":[{"name":"Bones","id":526,"quantity":1,"price":64},{"name":"Staff","id":1379,"quantity":1,"price":69}],"date":"Nov 16, 2023, 5:52:49 PM"}
{"name":"Dark wizard","level":20,"killCount":-1,"type":"NPC","drops":[{"name":"Bones","id":526,"quantity":1,"price":64},{"name":"Nature rune","id":561,"quantity":4,"price":116}],"date":"Nov 16, 2023, 5:52:54 PM"}
{"name":"Dark wizard","level":7,"killCount":-1,"type":"NPC","drops":[{"name":"Bones","id":526,"quantity":1,"price":64},{"name":"Coins","id":995,"quantity":29,"price":1}],"date":"Nov 16, 2023, 5:53:00 PM"}
{"name":"Dark wizard","level":7,"killCount":-1,"type":"NPC","drops":[{"name":"Bones","id":526,"quantity":1,"price":64},{"name":"Coins","id":995,"quantity":1,"price":1}],"date":"Nov 16, 2023, 5:53:01 PM"}
{"name":"Dark wizard","level":7,"killCount":-1,"type":"NPC","drops":[{"name":"Bones","id":526,"quantity":1,"price":64},{"name":"Black robe","id":581,"quantity":1,"price":566}],"date":"Nov 16, 2023, 5:53:06 PM"}
{"name":"Dark wizard","level":20,"killCount":-1,"type":"NPC","drops":[{"name":"Bones","id":526,"quantity":1,"price":64},{"name":"Chaos rune","id":562,"quantity":4,"price":87}],"date":"Nov 16, 2023, 5:53:09 PM"}
