{"name":"Demonic gorilla","level":275,"killCount":-1,"type":"NPC","drops":[{"name":"Malicious ashes","id":25772,"quantity":1,"price":1550},{"name":"Dragon scimitar","id":4587,"quantity":1,"price":64279}],"date":"May 25, 2023, 3:07:19 PM"}
{"name":"Demonic gorilla","level":275,"killCount":-1,"type":"NPC","drops":[{"name":"Malicious ashes","id":25772,"quantity":1,"price":1550},{"name":"Shark","id":385,"quantity":1,"price":688},{"name":"Shark","id":385,"quantity":1,"price":688}],"date":"May 25, 2023, 3:08:31 PM"}
{"name":"Demonic gorilla","level":275,"killCount":-1,"type":"NPC","drops":[{"name":"Malicious ashes","id":25772,"quantity":1,"price":1550},{"name":"Prayer potion(3)","id":139,"quantity":1,"price":6188},{"name":"Prayer potion(3)","id":139,"quantity":1,"price":6188}],"date":"May 25, 2023, 3:09:52 PM"}
{"name":"Demonic gorilla","level":275,"killCount":-1,"type":"NPC","drops":[{"name":"Malicious ashes","id":25772,"quantity":1,"price":1550},{"name":"Rune plateskirt","id":1093,"quantity":1,"price":37831}],"date":"May 25, 2023, 3:11:03 PM"}
{"name":"Demonic gorilla","level":275,"killCount":-1,"type":"NPC","drops":[{"name":"Malicious ashes","id":25772,"quantity":1,"price":1489},{"name":"Adamantite bar","id":2362,"quantity":6,"price":1855}],"date":"Jul 6, 2023, 3:56:20 PM"}
{"name":"Demonic gorilla","level":275,"killCount":-1,"type":"NPC","drops":[{"name":"Malicious ashes","id":25772,"quantity":1,"price":1489},{"name":"Zenyte shard","id":19529,"quantity":1,"price":9729037}],"date":"Jul 6, 2023, 3:57:37 PM"}
{"name":"Demonic gorilla","level":275,"killCount":-1,"type":"NPC","drops":[{"name":"Malicious ashes","id":25772,"quantity":1,"price":1489},{"name":"Prayer potion(3)","id":139,"quantity":1,"price":6275},{"name":"Prayer potion(3)","id":139,"quantity":1,"price":6275}],"date":"Jul 6, 2023, 3:58:44 PM"}
{"name":"Demonic gorilla","level":275,"killCount":-1,"type":"NPC","drops":[{"name":"Malicious ashes","id":25772,"quantity":1,"price":1489},{"name":"Law rune","id":563,"quantity":75,"price":118}],"date":"Jul 6, 2023, 3:59:31 PM"}
{"name":"Demonic gorilla","level":275,"killCount":-1,"type":"NPC","drops":[{"name":"Malicious ashes","id":25772,"quantity":1,"price":1489},{"name":"Rune platelegs","id":1079,"quantity":1,"price":37838}],"date":"Jul 6, 2023, 4:00:37 PM"}
{"name":"Demonic gorilla","level":275,"killCount":-1,"type":"NPC","drops":[{"name":"Malicious ashes","id":25772,"quantity":1,"price":1489},{"name":"Death rune","id":560,"quantity":53,"price":114}],"date":"Jul 6, 2023, 4:01:49 PM"}
{"name":"Demonic gorilla","level":275,"killCount":-1,"type":"NPC","drops":[{"name":"Malicious ashes","id":25772,"quantity":1,"price":1489},{"name":"Javelin shaft","id":19584,"quantity":1078,"price":1}],"date":"Jul 6, 2023, 4:03:13 PM"}
{"name":"Demonic gorilla","level":275,"killCount":-1,"type":"NPC","drops":[{"name":"Malicious ashes","id":25772,"quantity":1,"price":1489},{"name":"Ballista limbs","id":19592,"quantity":1,"price":30260}],"date":"Jul 6, 2023, 4:04:12 PM"}
{"name":"Demonic gorilla","level":275,"killCount":-1,"type":"NPC","drops":[{"name":"Malicious ashes","id":25772,"quantity":1,"price":1489},{"name":"Shark","id":385,"quantity":1,"price":637},{"name":"Shark","id":385,"quantity":1,"price":637}],"date":"Jul 6, 2023, 4:05:43 PM"}
{"name":"Demonic gorilla","level":275,"killCount":-1,"type":"NPC","drops":[{"name":"Malicious ashes","id":25772,"quantity":1,"price":1489},{"name":"Rune javelin heads","id":19580,"quantity":47,"price":625}],"date":"Jul 6, 2023, 4:06:38 PM"}
{"name":"Demonic gorilla","level":275,"killCount":-1,"type":"NPC","drops":[{"name":"Malicious ashes","id":25772,"quantity":1,"price":1489},{"name":"Dragon javelin heads","id":19582,"quantity":29,"price":919}],"date":"Jul 6, 2023, 4:08:08 PM"}
{"name":"Demonic gorilla","level":275,"killCount":-1,"type":"NPC","drops":[{"name":"Malicious ashes","id":25772,"quantity":1,"price":1489},{"name":"Celastrus seed","id":22869,"quantity":2,"price":70001}],"date":"Jul 6, 2023, 4:09:09 PM"}
{"name":"Demonic gorilla","level":275,"killCount":-1,"type":"NPC","drops":[{"name":"Malicious ashes","id":25772,"quantity":1,"price":1489},{"name":"Grimy kwuarm","id":214,"quantity":7,"price":2726}],"date":"Jul 6, 2023, 4:17:31 PM"}
{"name":"Demonic gorilla","level":275,"killCount":-1,"type":"NPC","drops":[{"name":"Malicious ashes","id":25772,"quantity":1,"price":1489},{"name":"Death rune","id":560,"quantity":60,"price":114}],"date":"Jul 6, 2023, 4:18:36 PM"}
{"name":"Demonic gorilla","level":275,"killCount":-1,"type":"NPC","drops":[{"name":"Malicious ashes","id":25772,"quantity":1,"price":1489},{"name":"Dragon javelin heads","id":19582,"quantity":30,"price":919}],"date":"Jul 6, 2023, 4:19:35 PM"}
{"name":"Demonic gorilla","level":275,"killCount":-1,"type":"NPC","drops":[{"name":"Malicious ashes","id":25772,"quantity":1,"price":1489},{"name":"Rune chainbody","id":1113,"quantity":1,"price":29573}],"date":"Jul 6, 2023, 4:20:34 PM"}
{"name":"Demonic gorilla","level":275,"killCount":-1,"type":"NPC","drops":[{"name":"Malicious ashes","id":25772,"quantity":1,"price":1489},{"name":"Death rune","id":560,"quantity":72,"price":114}],"date":"Jul 6, 2023, 4:21:35 PM"}
{"name":"Demonic gorilla","level":275,"killCount":-1,"type":"NPC","drops":[{"name":"Malicious ashes","id":25772,"quantity":1,"price":1489},{"name":"Javelin shaft","id":19584,"quantity":1167,"price":1}],"date":"Jul 6, 2023, 4:23:10 PM"}
{"name":"Demonic gorilla","level":275,"killCount":-1,"type":"NPC","drops":[{"name":"Malicious ashes","id":25772,"quantity":1,"price":1489},{"name":"Palm tree seed","id":5289,"quantity":2,"price":14800}],"date":"Jul 6, 2023, 4:24:03 PM"}
{"name":"Demonic gorilla","level":275,"killCount":-1,"type":"NPC","drops":[{"name":"Malicious ashes","id":25772,"quantity":1,"price":1489},{"name":"Ballista spring","id":19601,"quantity":1,"price":30894}],"date":"Jul 6, 2023, 4:25:27 PM"}
{"name":"Demonic gorilla","level":275,"killCount":-1,"type":"NPC","drops":[{"name":"Malicious ashes","id":25772,"quantity":1,"price":1600},{"name":"Grimy lantadyme","id":2486,"quantity":12,"price":1509}],"date":"Jul 5, 2023, 12:46:36 AM"}
{"name":"Demonic gorilla","level":275,"killCount":-1,"type":"NPC","drops":[{"name":"Malicious ashes","id":25772,"quantity":1,"price":1600},{"name":"Prayer potion(3)","id":139,"quantity":1,"price":6303},{"name":"Prayer potion(3)","id":139,"quantity":1,"price":6303}],"date":"Jul 5, 2023, 12:47:25 AM"}
{"name":"Demonic gorilla","level":275,"killCount":-1,"type":"NPC","drops":[{"name":"Malicious ashes","id":25772,"quantity":1,"price":1600},{"name":"Runite bolts","id":9144,"quantity":101,"price":187}],"date":"Jul 5, 2023, 12:48:23 AM"}
{"name":"Demonic gorilla","level":275,"killCount":-1,"type":"NPC","drops":[{"name":"Malicious ashes","id":25772,"quantity":1,"price":1600},{"name":"Rune plateskirt","id":1093,"quantity":1,"price":37889}],"date":"Jul 5, 2023, 12:49:44 AM"}
{"name":"Demonic gorilla","level":275,"killCount":-1,"type":"NPC","drops":[{"name":"Malicious ashes","id":25772,"quantity":1,"price":1600},{"name":"Javelin shaft","id":19584,"quantity":892,"price":1}],"date":"Jul 5, 2023, 12:51:06 AM"}
{"name":"Demonic gorilla","level":275,"killCount":-1,"type":"NPC","drops":[{"name":"Malicious ashes","id":25772,"quantity":1,"price":1600},{"name":"Runite bolts","id":9144,"quantity":142,"price":187}],"date":"Jul 5, 2023, 12:51:52 AM"}
{"name":"Demonic gorilla","level":275,"killCount":-1,"type":"NPC","drops":[{"name":"Malicious ashes","id":25772,"quantity":1,"price":1600},{"name":"Rune platelegs","id":1079,"quantity":1,"price":37779}],"date":"Jul 5, 2023, 12:52:45 AM"}
{"name":"Demonic gorilla","level":275,"killCount":-1,"type":"NPC","drops":[{"name":"Malicious ashes","id":25772,"quantity":1,"price":1600},{"name":"Death rune","id":560,"quantity":50,"price":112}],"date":"Jul 5, 2023, 12:53:52 AM"}
{"name":"Demonic gorilla","level":275,"killCount":-1,"type":"NPC","drops":[{"name":"Malicious ashes","id":25772,"quantity":1,"price":1600},{"name":"Grimy lantadyme","id":2486,"quantity":7,"price":1509}],"date":"Jul 5, 2023, 12:54:40 AM"}
{"name":"Demonic gorilla","level":275,"killCount":-1,"type":"NPC","drops":[{"name":"Malicious ashes","id":25772,"quantity":1,"price":1600},{"name":"Rune plateskirt","id":1093,"quantity":1,"price":37889}],"date":"Jul 5, 2023, 12:55:25 AM"}
{"name":"Demonic gorilla","level":275,"killCount":-1,"type":"NPC","drops":[{"name":"Malicious ashes","id":25772,"quantity":1,"price":1600},{"name":"Rune chainbody","id":1113,"quantity":1,"price":29519}],"date":"Jul 5, 2023, 12:56:26 AM"}
{"name":"Demonic gorilla","level":275,"killCount":-1,"type":"NPC","drops":[{"name":"Malicious ashes","id":25772,"quantity":1,"price":1600},{"name":"Prayer potion(3)","id":139,"quantity":1,"price":6303},{"name":"Prayer potion(3)","id":139,"quantity":1,"price":6303}],"date":"Jul 5, 2023, 12:59:12 AM"}
{"name":"Demonic gorilla","level":275,"killCount":-1,"type":"NPC","drops":[{"name":"Malicious ashes","id":25772,"quantity":1,"price":1600},{"name":"Coins","id":995,"quantity":6108,"price":1}],"date":"Jul 5, 2023, 1:00:28 AM"}
{"name":"Demonic gorilla","level":275,"killCount":-1,"type":"NPC","drops":[{"name":"Malicious ashes","id":25772,"quantity":1,"price":1600},{"name":"Shark","id":385,"quantity":1,"price":658},{"name":"Shark","id":385,"quantity":1,"price":658}],"date":"Jul 5, 2023, 1:01:18 AM"}
{"name":"Demonic gorilla","level":275,"killCount":-1,"type":"NPC","drops":[{"name":"Malicious ashes","id":25772,"quantity":1,"price":1600},{"name":"Grimy dwarf weed","id":218,"quantity":9,"price":990}],"date":"Jul 5, 2023, 1:02:31 AM"}
{"name":"Demonic gorilla","level":275,"killCount":-1,"type":"NPC","drops":[{"name":"Malicious ashes","id":25772,"quantity":1,"price":1600},{"name":"Adamantite bar","id":2362,"quantity":6,"price":1857}],"date":"Jul 5, 2023, 1:03:29 AM"}
{"name":"Demonic gorilla","level":275,"killCount":-1,"type":"NPC","drops":[{"name":"Malicious ashes","id":25772,"quantity":1,"price":1600},{"name":"Clue scroll (hard)","id":7253,"quantity":1,"price":0},{"name":"Prayer potion(3)","id":139,"quantity":1,"price":6303},{"name":"Prayer potion(3)","id":139,"quantity":1,"price":6303}],"date":"Jul 5, 2023, 1:04:22 AM"}
{"name":"Demonic gorilla","level":275,"killCount":-1,"type":"NPC","drops":[{"name":"Malicious ashes","id":25772,"quantity":1,"price":1541},{"name":"Runite bolts","id":9144,"quantity":149,"price":186}],"date":"Jul 5, 2023, 10:57:46 AM"}
{"name":"Demonic gorilla","level":275,"killCount":-1,"type":"NPC","drops":[{"name":"Malicious ashes","id":25772,"quantity":1,"price":1541},{"name":"Uncut ruby","id":1619,"quantity":1,"price":1014}],"date":"Jul 5, 2023, 10:58:55 AM"}
{"name":"Demonic gorilla","level":275,"killCount":-1,"type":"NPC","drops":[{"name":"Malicious ashes","id":25772,"quantity":1,"price":1541},{"name":"Saradomin brew(2)","id":6689,"quantity":1,"price":4603}],"date":"Jul 5, 2023, 10:59:49 AM"}
{"name":"Demonic gorilla","level":275,"killCount":-1,"type":"NPC","drops":[{"name":"Malicious ashes","id":25772,"quantity":1,"price":1541},{"name":"Dragon scimitar","id":4587,"quantity":1,"price":59592}],"date":"Jul 5, 2023, 11:00:51 AM"}
{"name":"Demonic gorilla","level":275,"killCount":-1,"type":"NPC","drops":[{"name":"Malicious ashes","id":25772,"quantity":1,"price":1541},{"name":"Shark","id":385,"quantity":1,"price":650},{"name":"Shark","id":385,"quantity":1,"price":650}],"date":"Jul 5, 2023, 11:01:34 AM"}
{"name":"Demonic gorilla","level":275,"killCount":-1,"type":"NPC","drops":[{"name":"Malicious ashes","id":25772,"quantity":1,"price":1541},{"name":"Law rune","id":563,"quantity":61,"price":119}],"date":"Jul 5, 2023, 11:02:12 AM"}
{"name":"Demonic gorilla","level":275,"killCount":-1,"type":"NPC","drops":[{"name":"Malicious ashes","id":25772,"quantity":1,"price":1541},{"name":"Dragon javelin heads","id":19582,"quantity":28,"price":916}],"date":"Jul 5, 2023, 11:03:01 AM"}
{"name":"Demonic gorilla","level":275,"killCount":-1,"type":"NPC","drops":[{"name":"Malicious ashes","id":25772,"quantity":1,"price":1541},{"name":"Ranarr seed","id":5295,"quantity":2,"price":19660}],"date":"Jul 5, 2023, 11:04:04 AM"}
{"name":"Demonic gorilla","level":275,"killCount":-1,"type":"NPC","drops":[{"name":"Malicious ashes","id":25772,"quantity":1,"price":1541},{"name":"Prayer potion(3)","id":139,"quantity":1,"price":6274},{"name":"Prayer potion(3)","id":139,"quantity":1,"price":6274}],"date":"Jul 5, 2023, 11:04:52 AM"}
{"name":"Demonic gorilla","level":275,"killCount":-1,"type":"NPC","drops":[{"name":"Malicious ashes","id":25772,"quantity":1,"price":1541},{"name":"Adamantite bar","id":2362,"quantity":6,"price":1850}],"date":"Jul 5, 2023, 11:05:38 AM"}
{"name":"Demonic gorilla","level":275,"killCount":-1,"type":"NPC","drops":[{"name":"Malicious ashes","id":25772,"quantity":1,"price":1541},{"name":"Law rune","id":563,"quantity":69,"price":119}],"date":"Jul 5, 2023, 11:06:44 AM"}
{"name":"Demonic gorilla","level":275,"killCount":-1,"type":"NPC","drops":[{"name":"Malicious ashes","id":25772,"quantity":1,"price":1541},{"name":"Law rune","id":563,"quantity":65,"price":119}],"date":"Jul 5, 2023, 11:07:37 AM"}
{"name":"Demonic gorilla","level":275,"killCount":-1,"type":"NPC","drops":[{"name":"Malicious ashes","id":25772,"quantity":1,"price":1541},{"name":"Rune chainbody","id":1113,"quantity":1,"price":29536}],"date":"Jul 5, 2023, 11:10:26 AM"}
{"name":"Demonic gorilla","level":275,"killCount":-1,"type":"NPC","drops":[{"name":"Malicious ashes","id":25772,"quantity":1,"price":1541},{"name":"Willow seed","id":5313,"quantity":2,"price":87}],"date":"Jul 5, 2023, 11:11:19 AM"}
{"name":"Demonic gorilla","level":275,"killCount":-1,"type":"NPC","drops":[{"name":"Malicious ashes","id":25772,"quantity":1,"price":1541},{"name":"Maple seed","id":5314,"quantity":2,"price":6678}],"date":"Jul 5, 2023, 11:12:13 AM"}
{"name":"Demonic gorilla","level":275,"killCount":-1,"type":"NPC","drops":[{"name":"Malicious ashes","id":25772,"quantity":1,"price":1541},{"name":"Rune javelin heads","id":19580,"quantity":49,"price":624}],"date":"Jul 5, 2023, 11:13:03 AM"}
{"name":"Demonic gorilla","level":275,"killCount":-1,"type":"NPC","drops":[{"name":"Malicious ashes","id":25772,"quantity":1,"price":1541},{"name":"Saradomin brew(2)","id":6689,"quantity":1,"price":4603}],"date":"Jul 5, 2023, 11:14:23 AM"}
{"name":"Demonic gorilla","level":275,"killCount":-1,"type":"NPC","drops":[{"name":"Malicious ashes","id":25772,"quantity":1,"price":1541},{"name":"Rune plateskirt","id":1093,"quantity":1,"price":37974}],"date":"Jul 5, 2023, 11:15:08 AM"}
{"name":"Demonic gorilla","level":275,"killCount":-1,"type":"NPC","drops":[{"name":"Malicious ashes","id":25772,"quantity":1,"price":1541},{"name":"Runite bolts","id":9144,"quantity":115,"price":186}],"date":"Jul 5, 2023, 11:15:57 AM"}
{"name":"Demonic gorilla","level":275,"killCount":-1,"type":"NPC","drops":[{"name":"Malicious ashes","id":25772,"quantity":1,"price":1541},{"name":"Prayer potion(3)","id":139,"quantity":1,"price":6274},{"name":"Prayer potion(3)","id":139,"quantity":1,"price":6274}],"date":"Jul 5, 2023, 11:16:46 AM"}
{"name":"Demonic gorilla","level":275,"killCount":-1,"type":"NPC","drops":[{"name":"Malicious ashes","id":25772,"quantity":1,"price":1541},{"name":"Javelin shaft","id":19584,"quantity":760,"price":1}],"date":"Jul 5, 2023, 11:17:49 AM"}
{"name":"Demonic gorilla","level":275,"killCount":-1,"type":"NPC","drops":[{"name":"Malicious ashes","id":25772,"quantity":1,"price":1541},{"name":"Coins","id":995,"quantity":9584,"price":1}],"date":"Jul 5, 2023, 11:18:32 AM"}
{"name":"Demonic gorilla","level":275,"killCount":-1,"type":"NPC","drops":[{"name":"Malicious ashes","id":25772,"quantity":1,"price":1541},{"name":"Javelin shaft","id":19584,"quantity":1199,"price":1}],"date":"Jul 5, 2023, 11:19:34 AM"}
{"name":"Demonic gorilla","level":275,"killCount":-1,"type":"NPC","drops":[{"name":"Malicious ashes","id":25772,"quantity":1,"price":1541},{"name":"Rune plateskirt","id":1093,"quantity":1,"price":37974}],"date":"Jul 5, 2023, 11:20:26 AM"}
{"name":"Demonic gorilla","level":275,"killCount":-1,"type":"NPC","drops":[{"name":"Malicious ashes","id":25772,"quantity":1,"price":1541},{"name":"Shark","id":385,"quantity":1,"price":650},{"name":"Shark","id":385,"quantity":1,"price":650}],"date":"Jul 5, 2023, 11:21:15 AM"}
{"name":"Demonic gorilla","level":275,"killCount":-1,"type":"NPC","drops":[{"name":"Malicious ashes","id":25772,"quantity":1,"price":1541},{"name":"Law rune","id":563,"quantity":63,"price":119}],"date":"Jul 5, 2023, 11:22:01 AM"}
{"name":"Demonic gorilla","level":275,"killCount":-1,"type":"NPC","drops":[{"name":"Malicious ashes","id":25772,"quantity":1,"price":1541},{"name":"Shark","id":385,"quantity":1,"price":650},{"name":"Shark","id":385,"quantity":1,"price":650},{"name":"Shark","id":385,"quantity":1,"price":650}],"date":"Jul 5, 2023, 11:22:42 AM"}
{"name":"Demonic gorilla","level":275,"killCount":-1,"type":"NPC","drops":[{"name":"Malicious ashes","id":25772,"quantity":1,"price":1541},{"name":"Dragon javelin heads","id":19582,"quantity":31,"price":916}],"date":"Jul 5, 2023, 11:23:32 AM"}
{"name":"Demonic gorilla","level":275,"killCount":-1,"type":"NPC","drops":[{"name":"Malicious ashes","id":25772,"quantity":1,"price":1541},{"name":"Rune platelegs","id":1079,"quantity":1,"price":37838}],"date":"Jul 5, 2023, 11:24:25 AM"}
{"name":"Demonic gorilla","level":275,"killCount":-1,"type":"NPC","drops":[{"name":"Malicious ashes","id":25772,"quantity":1,"price":1541},{"name":"Rune javelin heads","id":19580,"quantity":50,"price":624}],"date":"Jul 5, 2023, 11:25:46 AM"}
{"name":"Demonic gorilla","level":275,"killCount":-1,"type":"NPC","drops":[{"name":"Malicious ashes","id":25772,"quantity":1,"price":1541},{"name":"Rune platelegs","id":1079,"quantity":1,"price":37838}],"date":"Jul 5, 2023, 11:26:42 AM"}
{"name":"Demonic gorilla","level":275,"killCount":-1,"type":"NPC","drops":[{"name":"Malicious ashes","id":25772,"quantity":1,"price":1541},{"name":"Runite bar","id":2364,"quantity":3,"price":12386}],"date":"Jul 5, 2023, 11:27:56 AM"}
{"name":"Demonic gorilla","level":275,"killCount":-1,"type":"NPC","drops":[{"name":"Malicious ashes","id":25772,"quantity":1,"price":1541},{"name":"Saradomin brew(2)","id":6689,"quantity":1,"price":4603}],"date":"Jul 5, 2023, 11:41:38 AM"}
{"name":"Demonic gorilla","level":275,"killCount":-1,"type":"NPC","drops":[{"name":"Malicious ashes","id":25772,"quantity":1,"price":1541},{"name":"Grimy dwarf weed","id":218,"quantity":11,"price":1001}],"date":"Jul 5, 2023, 11:42:24 AM"}
{"name":"Demonic gorilla","level":275,"killCount":-1,"type":"NPC","drops":[{"name":"Malicious ashes","id":25772,"quantity":1,"price":1541},{"name":"Shark","id":385,"quantity":1,"price":650},{"name":"Shark","id":385,"quantity":1,"price":650}],"date":"Jul 5, 2023, 11:43:29 AM"}
{"name":"Demonic gorilla","level":275,"killCount":-1,"type":"NPC","drops":[{"name":"Malicious ashes","id":25772,"quantity":1,"price":1541},{"name":"Rune plateskirt","id":1093,"quantity":1,"price":37974}],"date":"Jul 5, 2023, 11:44:32 AM"}
{"name":"Demonic gorilla","level":275,"killCount":-1,"type":"NPC","drops":[{"name":"Malicious ashes","id":25772,"quantity":1,"price":1541},{"name":"Shark","id":385,"quantity":1,"price":650},{"name":"Shark","id":385,"quantity":1,"price":650}],"date":"Jul 5, 2023, 11:45:21 AM"}
{"name":"Demonic gorilla","level":275,"killCount":-1,"type":"NPC","drops":[{"name":"Malicious ashes","id":25772,"quantity":1,"price":1541},{"name":"Prayer potion(3)","id":139,"quantity":1,"price":6274},{"name":"Prayer potion(3)","id":139,"quantity":1,"price":6274}],"date":"Jul 5, 2023, 11:46:21 AM"}
{"name":"Demonic gorilla","level":275,"killCount":-1,"type":"NPC","drops":[{"name":"Malicious ashes","id":25772,"quantity":1,"price":1541},{"name":"Death rune","id":560,"quantity":50,"price":113}],"date":"Jul 5, 2023, 11:47:16 AM"}
{"name":"Demonic gorilla","level":275,"killCount":-1,"type":"NPC","drops":[{"name":"Malicious ashes","id":25772,"quantity":1,"price":1541},{"name":"Rune platelegs","id":1079,"quantity":1,"price":37838}],"date":"Jul 5, 2023, 11:48:17 AM"}
{"name":"Demonic gorilla","level":275,"killCount":-1,"type":"NPC","drops":[{"name":"Malicious ashes","id":25772,"quantity":1,"price":1541},{"name":"Loop half of key","id":987,"quantity":1,"price":9906}],"date":"Jul 5, 2023, 11:49:18 AM"}
{"name":"Demonic gorilla","level":275,"killCount":-1,"type":"NPC","drops":[{"name":"Malicious ashes","id":25772,"quantity":1,"price":1541},{"name":"Law rune","id":563,"quantity":59,"price":119}],"date":"Jul 5, 2023, 11:50:29 AM"}
{"name":"Demonic gorilla","level":275,"killCount":-1,"type":"NPC","drops":[{"name":"Malicious ashes","id":25772,"quantity":1,"price":1541},{"name":"Runite bar","id":2364,"quantity":3,"price":12386}],"date":"Jul 5, 2023, 11:51:28 AM"}
{"name":"Demonic gorilla","level":275,"killCount":-1,"type":"NPC","drops":[{"name":"Malicious ashes","id":25772,"quantity":1,"price":1541},{"name":"Death rune","id":560,"quantity":65,"price":113}],"date":"Jul 5, 2023, 11:52:17 AM"}
{"name":"Demonic gorilla","level":275,"killCount":-1,"type":"NPC","drops":[{"name":"Malicious ashes","id":25772,"quantity":1,"price":1541},{"name":"Javelin shaft","id":19584,"quantity":999,"price":1}],"date":"Jul 5, 2023, 11:53:19 AM"}
{"name":"Demonic gorilla","level":275,"killCount":-1,"type":"NPC","drops":[{"name":"Malicious ashes","id":25772,"quantity":1,"price":1541},{"name":"Clue scroll (hard)","id":2733,"quantity":1,"price":0},{"name":"Saradomin brew(2)","id":6689,"quantity":1,"price":4603}],"date":"Jul 5, 2023, 11:54:47 AM"}
{"name":"Demonic gorilla","level":275,"killCount":-1,"type":"NPC","drops":[{"name":"Malicious ashes","id":25772,"quantity":1,"price":1541},{"name":"Adamantite bar","id":2362,"quantity":6,"price":1850}],"date":"Jul 5, 2023, 12:02:05 PM"}
{"name":"Demonic gorilla","level":275,"killCount":-1,"type":"NPC","drops":[{"name":"Malicious ashes","id":25772,"quantity":1,"price":1541},{"name":"Prayer potion(3)","id":139,"quantity":1,"price":6274},{"name":"Prayer potion(3)","id":139,"quantity":1,"price":6274}],"date":"Jul 5, 2023, 12:03:00 PM"}
{"name":"Demonic gorilla","level":275,"killCount":-1,"type":"NPC","drops":[{"name":"Malicious ashes","id":25772,"quantity":1,"price":1541},{"name":"Death rune","id":560,"quantity":74,"price":113}],"date":"Jul 5, 2023, 12:04:52 PM"}
{"name":"Demonic gorilla","level":275,"killCount":-1,"type":"NPC","drops":[{"name":"Malicious ashes","id":25772,"quantity":1,"price":1541},{"name":"Shark","id":385,"quantity":1,"price":650},{"name":"Shark","id":385,"quantity":1,"price":650}],"date":"Jul 5, 2023, 12:05:02 PM"}
{"name":"Demonic gorilla","level":275,"killCount":-1,"type":"NPC","drops":[{"name":"Malicious ashes","id":25772,"quantity":1,"price":1541},{"name":"Shark","id":385,"quantity":1,"price":650},{"name":"Shark","id":385,"quantity":1,"price":650}],"date":"Jul 5, 2023, 12:06:00 PM"}
{"name":"Demonic gorilla","level":275,"killCount":-1,"type":"NPC","drops":[{"name":"Malicious ashes","id":25772,"quantity":1,"price":1541},{"name":"Rune plateskirt","id":1093,"quantity":1,"price":37974}],"date":"Jul 5, 2023, 12:07:06 PM"}
{"name":"Demonic gorilla","level":275,"killCount":-1,"type":"NPC","drops":[{"name":"Malicious ashes","id":25772,"quantity":1,"price":1541},{"name":"Coins","id":995,"quantity":6798,"price":1}],"date":"Jul 5, 2023, 12:08:04 PM"}
{"name":"Demonic gorilla","level":275,"killCount":-1,"type":"NPC","drops":[{"name":"Malicious ashes","id":25772,"quantity":1,"price":1541},{"name":"Rune platelegs","id":1079,"quantity":1,"price":37838}],"date":"Jul 5, 2023, 12:08:48 PM"}
{"name":"Demonic gorilla","level":275,"killCount":-1,"type":"NPC","drops":[{"name":"Malicious ashes","id":25772,"quantity":1,"price":1541},{"name":"Javelin shaft","id":19584,"quantity":779,"price":1}],"date":"Jul 5, 2023, 12:10:03 PM"}
{"name":"Demonic gorilla","level":275,"killCount":-1,"type":"NPC","drops":[{"name":"Malicious ashes","id":25772,"quantity":1,"price":1541},{"name":"Dragon javelin heads","id":19582,"quantity":29,"price":916}],"date":"Jul 5, 2023, 12:13:25 PM"}
{"name":"Demonic gorilla","level":275,"killCount":-1,"type":"NPC","drops":[{"name":"Malicious ashes","id":25772,"quantity":1,"price":1541},{"name":"Coins","id":995,"quantity":9882,"price":1}],"date":"Jul 5, 2023, 12:14:34 PM"}
{"name":"Demonic gorilla","level":275,"killCount":-1,"type":"NPC","drops":[{"name":"Malicious ashes","id":25772,"quantity":1,"price":1541},{"name":"Dragon javelin heads","id":19582,"quantity":29,"price":916}],"date":"Jul 5, 2023, 12:15:29 PM"}
{"name":"Demonic gorilla","level":275,"killCount":-1,"type":"NPC","drops":[{"name":"Malicious ashes","id":25772,"quantity":1,"price":1541},{"name":"Rune plateskirt","id":1093,"quantity":1,"price":37974}],"date":"Jul 5, 2023, 12:16:25 PM"}
{"name":"Demonic gorilla","level":275,"killCount":-1,"type":"NPC","drops":[{"name":"Malicious ashes","id":25772,"quantity":1,"price":1541},{"name":"Dragon javelin heads","id":19582,"quantity":28,"price":916}],"date":"Jul 5, 2023, 12:17:27 PM"}
{"name":"Demonic gorilla","level":275,"killCount":-1,"type":"NPC","drops":[{"name":"Malicious ashes","id":25772,"quantity":1,"price":1541},{"name":"Javelin shaft","id":19584,"quantity":846,"price":1}],"date":"Jul 5, 2023, 12:18:25 PM"}
{"name":"Demonic gorilla","level":275,"killCount":-1,"type":"NPC","drops":[{"name":"Malicious ashes","id":25772,"quantity":1,"price":1541},{"name":"Javelin shaft","id":19584,"quantity":1240,"price":1}],"date":"Jul 5, 2023, 12:27:21 PM"}
{"name":"Demonic gorilla","level":275,"killCount":-1,"type":"NPC","drops":[{"name":"Malicious ashes","id":25772,"quantity":1,"price":1541},{"name":"Shark","id":385,"quantity":1,"price":650},{"name":"Shark","id":385,"quantity":1,"price":650},{"name":"Shark","id":385,"quantity":1,"price":650}],"date":"Jul 5, 2023, 12:28:13 PM"}
{"name":"Demonic gorilla","level":275,"killCount":-1,"type":"NPC","drops":[{"name":"Malicious ashes","id":25772,"quantity":1,"price":1541},{"name":"Saradomin brew(2)","id":6689,"quantity":1,"price":4603}],"date":"Jul 5, 2023, 12:29:15 PM"}
{"name":"Demonic gorilla","level":275,"killCount":-1,"type":"NPC","drops":[{"name":"Malicious ashes","id":25772,"quantity":1,"price":1541},{"name":"Death rune","id":560,"quantity":58,"price":113}],"date":"Jul 5, 2023, 12:30:32 PM"}
{"name":"Demonic gorilla","level":275,"killCount":-1,"type":"NPC","drops":[{"name":"Malicious ashes","id":25772,"quantity":1,"price":1541},{"name":"Adamantite bar","id":2362,"quantity":6,"price":1850}],"date":"Jul 5, 2023, 12:31:27 PM"}
{"name":"Demonic gorilla","level":275,"killCount":-1,"type":"NPC","drops":[{"name":"Malicious ashes","id":25772,"quantity":1,"price":1541},{"name":"Rune platelegs","id":1079,"quantity":1,"price":37838}],"date":"Jul 5, 2023, 12:32:09 PM"}
{"name":"Demonic gorilla","level":275,"killCount":-1,"type":"NPC","drops":[{"name":"Malicious ashes","id":25772,"quantity":1,"price":1541},{"name":"Coins","id":995,"quantity":7545,"price":1}],"date":"Jul 5, 2023, 12:33:10 PM"}
{"name":"Demonic gorilla","level":275,"killCount":-1,"type":"NPC","drops":[{"name":"Malicious ashes","id":25772,"quantity":1,"price":1541},{"name":"Prayer potion(3)","id":139,"quantity":1,"price":6274},{"name":"Prayer potion(3)","id":139,"quantity":1,"price":6274}],"date":"Jul 5, 2023, 12:34:12 PM"}
{"name":"Demonic gorilla","level":275,"killCount":-1,"type":"NPC","drops":[{"name":"Malicious ashes","id":25772,"quantity":1,"price":1541},{"name":"Diamond","id":1602,"quantity":6,"price":1730}],"date":"Jul 5, 2023, 12:39:39 PM"}
{"name":"Demonic gorilla","level":275,"killCount":-1,"type":"NPC","drops":[{"name":"Malicious ashes","id":25772,"quantity":1,"price":1541},{"name":"Rune platelegs","id":1079,"quantity":1,"price":37838}],"date":"Jul 5, 2023, 12:40:53 PM"}
{"name":"Demonic gorilla","level":275,"killCount":-1,"type":"NPC","drops":[{"name":"Malicious ashes","id":25772,"quantity":1,"price":1541},{"name":"Shark","id":385,"quantity":1,"price":650},{"name":"Shark","id":385,"quantity":1,"price":650},{"name":"Shark","id":385,"quantity":1,"price":650}],"date":"Jul 5, 2023, 12:41:43 PM"}
{"name":"Demonic gorilla","level":275,"killCount":-1,"type":"NPC","drops":[{"name":"Malicious ashes","id":25772,"quantity":1,"price":1541},{"name":"Ballista limbs","id":19592,"quantity":1,"price":30260}],"date":"Jul 5, 2023, 12:42:56 PM"}
{"name":"Demonic gorilla","level":275,"killCount":-1,"type":"NPC","drops":[{"name":"Malicious ashes","id":25772,"quantity":1,"price":1541},{"name":"Saradomin brew(2)","id":6689,"quantity":1,"price":4603}],"date":"Jul 5, 2023, 12:44:11 PM"}
{"name":"Demonic gorilla","level":275,"killCount":-1,"type":"NPC","drops":[{"name":"Malicious ashes","id":25772,"quantity":1,"price":1541},{"name":"Javelin shaft","id":19584,"quantity":889,"price":1}],"date":"Jul 5, 2023, 12:46:17 PM"}
{"name":"Demonic gorilla","level":275,"killCount":-1,"type":"NPC","drops":[{"name":"Malicious ashes","id":25772,"quantity":1,"price":1541},{"name":"Shark","id":385,"quantity":1,"price":650},{"name":"Shark","id":385,"quantity":1,"price":650}],"date":"Jul 5, 2023, 12:47:16 PM"}
{"name":"Demonic gorilla","level":275,"killCount":-1,"type":"NPC","drops":[{"name":"Malicious ashes","id":25772,"quantity":1,"price":1541},{"name":"Rune 2h sword","id":1319,"quantity":1,"price":37867}],"date":"Jul 5, 2023, 12:48:16 PM"}
{"name":"Demonic gorilla","level":275,"killCount":-1,"type":"NPC","drops":[{"name":"Malicious ashes","id":25772,"quantity":1,"price":1541},{"name":"Rune platelegs","id":1079,"quantity":1,"price":37838}],"date":"Jul 5, 2023, 12:49:32 PM"}
{"name":"Demonic gorilla","level":275,"killCount":-1,"type":"NPC","drops":[{"name":"Malicious ashes","id":25772,"quantity":1,"price":1541},{"name":"Spirit seed","id":5317,"quantity":2,"price":0}],"date":"Jul 5, 2023, 12:50:52 PM"}
{"name":"Demonic gorilla","level":275,"killCount":-1,"type":"NPC","drops":[{"name":"Malicious ashes","id":25772,"quantity":1,"price":1541},{"name":"Law rune","id":563,"quantity":67,"price":119}],"date":"Jul 5, 2023, 12:51:46 PM"}
{"name":"Demonic gorilla","level":275,"killCount":-1,"type":"NPC","drops":[{"name":"Malicious ashes","id":25772,"quantity":1,"price":1541},{"name":"Rune javelin heads","id":19580,"quantity":54,"price":624}],"date":"Jul 5, 2023, 12:52:40 PM"}
{"name":"Demonic gorilla","level":275,"killCount":-1,"type":"NPC","drops":[{"name":"Malicious ashes","id":25772,"quantity":1,"price":1541},{"name":"Rune platelegs","id":1079,"quantity":1,"price":37838}],"date":"Jul 5, 2023, 12:53:31 PM"}
{"name":"Demonic gorilla","level":275,"killCount":-1,"type":"NPC","drops":[{"name":"Malicious ashes","id":25772,"quantity":1,"price":1541},{"name":"Rune platelegs","id":1079,"quantity":1,"price":37838}],"date":"Jul 5, 2023, 12:54:35 PM"}
{"name":"Demonic gorilla","level":275,"killCount":-1,"type":"NPC","drops":[{"name":"Malicious ashes","id":25772,"quantity":1,"price":1541},{"name":"Shark","id":385,"quantity":1,"price":650},{"name":"Shark","id":385,"quantity":1,"price":650}],"date":"Jul 5, 2023, 12:55:28 PM"}
{"name":"Demonic gorilla","level":275,"killCount":-1,"type":"NPC","drops":[{"name":"Malicious ashes","id":25772,"quantity":1,"price":1541},{"name":"Dragon scimitar","id":4587,"quantity":1,"price":59592}],"date":"Jul 5, 2023, 12:56:29 PM"}
{"name":"Demonic gorilla","level":275,"killCount":-1,"type":"NPC","drops":[{"name":"Malicious ashes","id":25772,"quantity":1,"price":1541},{"name":"Dragon javelin heads","id":19582,"quantity":30,"price":916}],"date":"Jul 5, 2023, 12:57:27 PM"}
{"name":"Demonic gorilla","level":275,"killCount":-1,"type":"NPC","drops":[{"name":"Malicious ashes","id":25772,"quantity":1,"price":1541},{"name":"Runite bar","id":2364,"quantity":3,"price":12386}],"date":"Jul 5, 2023, 12:58:32 PM"}
{"name":"Demonic gorilla","level":275,"killCount":-1,"type":"NPC","drops":[{"name":"Malicious ashes","id":25772,"quantity":1,"price":1541},{"name":"Diamond","id":1602,"quantity":4,"price":1730}],"date":"Jul 5, 2023, 1:05:27 PM"}
{"name":"Demonic gorilla","level":275,"killCount":-1,"type":"NPC","drops":[{"name":"Malicious ashes","id":25772,"quantity":1,"price":1541},{"name":"Dragon javelin heads","id":19582,"quantity":32,"price":916}],"date":"Jul 5, 2023, 1:06:28 PM"}
{"name":"Demonic gorilla","level":275,"killCount":-1,"type":"NPC","drops":[{"name":"Malicious ashes","id":25772,"quantity":1,"price":1541},{"name":"Coins","id":995,"quantity":7643,"price":1}],"date":"Jul 5, 2023, 1:07:52 PM"}
{"name":"Demonic gorilla","level":275,"killCount":-1,"type":"NPC","drops":[{"name":"Malicious ashes","id":25772,"quantity":1,"price":1541},{"name":"Coins","id":995,"quantity":5763,"price":1}],"date":"Jul 5, 2023, 1:08:51 PM"}
{"name":"Demonic gorilla","level":275,"killCount":-1,"type":"NPC","drops":[{"name":"Malicious ashes","id":25772,"quantity":1,"price":1541},{"name":"Rune plateskirt","id":1093,"quantity":1,"price":37974}],"date":"Jul 5, 2023, 1:09:38 PM"}
{"name":"Demonic gorilla","level":275,"killCount":-1,"type":"NPC","drops":[{"name":"Malicious ashes","id":25772,"quantity":1,"price":1541},{"name":"Loop half of key","id":987,"quantity":1,"price":9906}],"date":"Jul 5, 2023, 1:10:37 PM"}
{"name":"Demonic gorilla","level":275,"killCount":-1,"type":"NPC","drops":[{"name":"Malicious ashes","id":25772,"quantity":1,"price":1541},{"name":"Saradomin brew(2)","id":6689,"quantity":1,"price":4603}],"date":"Jul 5, 2023, 1:11:42 PM"}
{"name":"Demonic gorilla","level":275,"killCount":-1,"type":"NPC","drops":[{"name":"Malicious ashes","id":25772,"quantity":1,"price":1541},{"name":"Dragon javelin heads","id":19582,"quantity":30,"price":916}],"date":"Jul 5, 2023, 1:12:52 PM"}
{"name":"Demonic gorilla","level":275,"killCount":-1,"type":"NPC","drops":[{"name":"Malicious ashes","id":25772,"quantity":1,"price":1541},{"name":"Prayer potion(3)","id":139,"quantity":1,"price":6274},{"name":"Prayer potion(3)","id":139,"quantity":1,"price":6274}],"date":"Jul 5, 2023, 1:13:40 PM"}
{"name":"Demonic gorilla","level":275,"killCount":-1,"type":"NPC","drops":[{"name":"Malicious ashes","id":25772,"quantity":1,"price":1541},{"name":"Law rune","id":563,"quantity":59,"price":119}],"date":"Jul 5, 2023, 1:14:31 PM"}
{"name":"Demonic gorilla","level":275,"killCount":-1,"type":"NPC","drops":[{"name":"Malicious ashes","id":25772,"quantity":1,"price":1541},{"name":"Rune platelegs","id":1079,"quantity":1,"price":37838}],"date":"Jul 5, 2023, 1:15:34 PM"}
{"name":"Demonic gorilla","level":275,"killCount":-1,"type":"NPC","drops":[{"name":"Malicious ashes","id":25772,"quantity":1,"price":1541},{"name":"Prayer potion(3)","id":139,"quantity":1,"price":6274},{"name":"Prayer potion(3)","id":139,"quantity":1,"price":6274}],"date":"Jul 5, 2023, 1:16:37 PM"}
{"name":"Demonic gorilla","level":275,"killCount":-1,"type":"NPC","drops":[{"name":"Malicious ashes","id":25772,"quantity":1,"price":1541},{"name":"Grimy cadantine","id":216,"quantity":11,"price":3293}],"date":"Jul 5, 2023, 1:17:27 PM"}
{"name":"Demonic gorilla","level":275,"killCount":-1,"type":"NPC","drops":[{"name":"Malicious ashes","id":25772,"quantity":1,"price":1541},{"name":"Runite bolts","id":9144,"quantity":118,"price":186}],"date":"Jul 5, 2023, 1:20:51 PM"}
{"name":"Demonic gorilla","level":275,"killCount":-1,"type":"NPC","drops":[{"name":"Malicious ashes","id":25772,"quantity":1,"price":1541},{"name":"Runite bolts","id":9144,"quantity":126,"price":186}],"date":"Jul 5, 2023, 1:21:47 PM"}
{"name":"Demonic gorilla","level":275,"killCount":-1,"type":"NPC","drops":[{"name":"Malicious ashes","id":25772,"quantity":1,"price":1541},{"name":"Shark","id":385,"quantity":1,"price":650},{"name":"Shark","id":385,"quantity":1,"price":650},{"name":"Shark","id":385,"quantity":1,"price":650}],"date":"Jul 5, 2023, 1:22:47 PM"}
{"name":"Demonic gorilla","level":275,"killCount":-1,"type":"NPC","drops":[{"name":"Malicious ashes","id":25772,"quantity":1,"price":1541},{"name":"Saradomin brew(2)","id":6689,"quantity":1,"price":4603}],"date":"Jul 5, 2023, 1:23:50 PM"}
{"name":"Demonic gorilla","level":275,"killCount":-1,"type":"NPC","drops":[{"name":"Malicious ashes","id":25772,"quantity":1,"price":1541},{"name":"Death rune","id":560,"quantity":50,"price":113}],"date":"Jul 5, 2023, 1:24:57 PM"}
{"name":"Demonic gorilla","level":275,"killCount":-1,"type":"NPC","drops":[{"name":"Malicious ashes","id":25772,"quantity":1,"price":1541},{"name":"Prayer potion(3)","id":139,"quantity":1,"price":6274},{"name":"Prayer potion(3)","id":139,"quantity":1,"price":6274}],"date":"Jul 5, 2023, 1:25:56 PM"}
{"name":"Demonic gorilla","level":275,"killCount":-1,"type":"NPC","drops":[{"name":"Malicious ashes","id":25772,"quantity":1,"price":1541},{"name":"Rune arrow","id":892,"quantity":42,"price":107}],"date":"Jul 5, 2023, 1:26:59 PM"}
{"name":"Demonic gorilla","level":275,"killCount":-1,"type":"NPC","drops":[{"name":"Malicious ashes","id":25772,"quantity":1,"price":1541},{"name":"Runite bolts","id":9144,"quantity":129,"price":186}],"date":"Jul 5, 2023, 1:27:47 PM"}
{"name":"Demonic gorilla","level":275,"killCount":-1,"type":"NPC","drops":[{"name":"Malicious ashes","id":25772,"quantity":1,"price":1541},{"name":"Dragon scimitar","id":4587,"quantity":1,"price":59592}],"date":"Jul 5, 2023, 1:28:40 PM"}
{"name":"Demonic gorilla","level":275,"killCount":-1,"type":"NPC","drops":[{"name":"Malicious ashes","id":25772,"quantity":1,"price":1541},{"name":"Rune plateskirt","id":1093,"quantity":1,"price":37974}],"date":"Jul 5, 2023, 1:29:36 PM"}
{"name":"Demonic gorilla","level":275,"killCount":-1,"type":"NPC","drops":[{"name":"Malicious ashes","id":25772,"quantity":1,"price":1541},{"name":"Rune javelin heads","id":19580,"quantity":53,"price":624}],"date":"Jul 5, 2023, 1:30:37 PM"}
{"name":"Demonic gorilla","level":275,"killCount":-1,"type":"NPC","drops":[{"name":"Malicious ashes","id":25772,"quantity":1,"price":1541},{"name":"Rune platelegs","id":1079,"quantity":1,"price":37838}],"date":"Jul 5, 2023, 1:31:42 PM"}
{"name":"Demonic gorilla","level":275,"killCount":-1,"type":"NPC","drops":[{"name":"Malicious ashes","id":25772,"quantity":1,"price":1541},{"name":"Adamantite bar","id":2362,"quantity":6,"price":1850}],"date":"Jul 5, 2023, 1:33:50 PM"}
{"name":"Demonic gorilla","level":275,"killCount":-1,"type":"NPC","drops":[{"name":"Malicious ashes","id":25772,"quantity":1,"price":1541},{"name":"Saradomin brew(2)","id":6689,"quantity":1,"price":4603}],"date":"Jul 5, 2023, 1:35:13 PM"}
{"name":"Demonic gorilla","level":275,"killCount":-1,"type":"NPC","drops":[{"name":"Malicious ashes","id":25772,"quantity":1,"price":1541},{"name":"Coins","id":995,"quantity":9175,"price":1}],"date":"Jul 5, 2023, 1:40:16 PM"}
{"name":"Demonic gorilla","level":275,"killCount":-1,"type":"NPC","drops":[{"name":"Malicious ashes","id":25772,"quantity":1,"price":1541},{"name":"Rune platelegs","id":1079,"quantity":1,"price":37838}],"date":"Jul 5, 2023, 1:41:11 PM"}
{"name":"Demonic gorilla","level":275,"killCount":-1,"type":"NPC","drops":[{"name":"Malicious ashes","id":25772,"quantity":1,"price":1541},{"name":"Prayer potion(3)","id":139,"quantity":1,"price":6274},{"name":"Prayer potion(3)","id":139,"quantity":1,"price":6274}],"date":"Jul 5, 2023, 1:42:03 PM"}
{"name":"Demonic gorilla","level":275,"killCount":-1,"type":"NPC","drops":[{"name":"Malicious ashes","id":25772,"quantity":1,"price":1541},{"name":"Death rune","id":560,"quantity":50,"price":113}],"date":"Jul 5, 2023, 1:42:50 PM"}
{"name":"Demonic gorilla","level":275,"killCount":-1,"type":"NPC","drops":[{"name":"Malicious ashes","id":25772,"quantity":1,"price":1541},{"name":"Shark","id":385,"quantity":1,"price":650},{"name":"Shark","id":385,"quantity":1,"price":650}],"date":"Jul 5, 2023, 1:43:40 PM"}
{"name":"Demonic gorilla","level":275,"killCount":-1,"type":"NPC","drops":[{"name":"Malicious ashes","id":25772,"quantity":1,"price":1541},{"name":"Grimy cadantine","id":216,"quantity":13,"price":3293}],"date":"Jul 5, 2023, 1:44:40 PM"}
{"name":"Demonic gorilla","level":275,"killCount":-1,"type":"NPC","drops":[{"name":"Malicious ashes","id":25772,"quantity":1,"price":1541},{"name":"Coins","id":995,"quantity":5867,"price":1}],"date":"Jul 5, 2023, 1:45:22 PM"}
{"name":"Demonic gorilla","level":275,"killCount":-1,"type":"NPC","drops":[{"name":"Malicious ashes","id":25772,"quantity":1,"price":1541},{"name":"Death rune","id":560,"quantity":62,"price":113}],"date":"Jul 5, 2023, 1:46:54 PM"}
{"name":"Demonic gorilla","level":275,"killCount":-1,"type":"NPC","drops":[{"name":"Malicious ashes","id":25772,"quantity":1,"price":1541},{"name":"Diamond","id":1602,"quantity":4,"price":1730}],"date":"Jul 5, 2023, 1:47:40 PM"}
{"name":"Demonic gorilla","level":275,"killCount":-1,"type":"NPC","drops":[{"name":"Malicious ashes","id":25772,"quantity":1,"price":1541},{"name":"Grimy lantadyme","id":2486,"quantity":11,"price":1528}],"date":"Jul 5, 2023, 1:48:40 PM"}
{"name":"Demonic gorilla","level":275,"killCount":-1,"type":"NPC","drops":[{"name":"Malicious ashes","id":25772,"quantity":1,"price":1541},{"name":"Rune chainbody","id":1113,"quantity":1,"price":29536}],"date":"Jul 5, 2023, 1:49:26 PM"}
{"name":"Demonic gorilla","level":275,"killCount":-1,"type":"NPC","drops":[{"name":"Malicious ashes","id":25772,"quantity":1,"price":1541},{"name":"Death rune","id":560,"quantity":75,"price":113}],"date":"Jul 5, 2023, 1:50:13 PM"}
{"name":"Demonic gorilla","level":275,"killCount":-1,"type":"NPC","drops":[{"name":"Malicious ashes","id":25772,"quantity":1,"price":1541},{"name":"Prayer potion(3)","id":139,"quantity":1,"price":6274},{"name":"Prayer potion(3)","id":139,"quantity":1,"price":6274}],"date":"Jul 5, 2023, 1:51:07 PM"}
{"name":"Demonic gorilla","level":275,"killCount":-1,"type":"NPC","drops":[{"name":"Malicious ashes","id":25772,"quantity":1,"price":1541},{"name":"Coins","id":995,"quantity":5754,"price":1}],"date":"Jul 5, 2023, 1:52:10 PM"}
{"name":"Demonic gorilla","level":275,"killCount":-1,"type":"NPC","drops":[{"name":"Malicious ashes","id":25772,"quantity":1,"price":1541},{"name":"Rune chainbody","id":1113,"quantity":1,"price":29536}],"date":"Jul 5, 2023, 1:53:01 PM"}
{"name":"Demonic gorilla","level":275,"killCount":-1,"type":"NPC","drops":[{"name":"Malicious ashes","id":25772,"quantity":1,"price":1541},{"name":"Law rune","id":563,"quantity":63,"price":119}],"date":"Jul 5, 2023, 1:53:58 PM"}
{"name":"Demonic gorilla","level":275,"killCount":-1,"type":"NPC","drops":[{"name":"Malicious ashes","id":25772,"quantity":1,"price":1541},{"name":"Javelin shaft","id":19584,"quantity":1112,"price":1}],"date":"Jul 5, 2023, 1:54:53 PM"}
{"name":"Demonic gorilla","level":275,"killCount":-1,"type":"NPC","drops":[{"name":"Malicious ashes","id":25772,"quantity":1,"price":1541},{"name":"Shark","id":385,"quantity":1,"price":650},{"name":"Shark","id":385,"quantity":1,"price":650}],"date":"Jul 5, 2023, 1:55:37 PM"}
{"name":"Demonic gorilla","level":275,"killCount":-1,"type":"NPC","drops":[{"name":"Malicious ashes","id":25772,"quantity":1,"price":1541},{"name":"Shark","id":385,"quantity":1,"price":650},{"name":"Shark","id":385,"quantity":1,"price":650},{"name":"Shark","id":385,"quantity":1,"price":650}],"date":"Jul 5, 2023, 2:28:25 PM"}
{"name":"Demonic gorilla","level":275,"killCount":-1,"type":"NPC","drops":[{"name":"Malicious ashes","id":25772,"quantity":1,"price":1541},{"name":"Diamond","id":1602,"quantity":6,"price":1730}],"date":"Jul 5, 2023, 2:29:52 PM"}
{"name":"Demonic gorilla","level":275,"killCount":-1,"type":"NPC","drops":[{"name":"Malicious ashes","id":25772,"quantity":1,"price":1541},{"name":"Runite bolts","id":9144,"quantity":127,"price":186}],"date":"Jul 5, 2023, 2:30:47 PM"}
{"name":"Demonic gorilla","level":275,"killCount":-1,"type":"NPC","drops":[{"name":"Malicious ashes","id":25772,"quantity":1,"price":1541},{"name":"Rune platelegs","id":1079,"quantity":1,"price":37838}],"date":"Jul 5, 2023, 2:31:30 PM"}
{"name":"Demonic gorilla","level":275,"killCount":-1,"type":"NPC","drops":[{"name":"Malicious ashes","id":25772,"quantity":1,"price":1541},{"name":"Rune chainbody","id":1113,"quantity":1,"price":29536}],"date":"Jul 5, 2023, 2:32:38 PM"}
{"name":"Demonic gorilla","level":275,"killCount":-1,"type":"NPC","drops":[{"name":"Malicious ashes","id":25772,"quantity":1,"price":1541},{"name":"Ballista spring","id":19601,"quantity":1,"price":30894}],"date":"Jul 5, 2023, 2:33:22 PM"}
{"name":"Demonic gorilla","level":275,"killCount":-1,"type":"NPC","drops":[{"name":"Malicious ashes","id":25772,"quantity":1,"price":1541},{"name":"Coins","id":995,"quantity":7687,"price":1}],"date":"Jul 5, 2023, 2:34:53 PM"}
{"name":"Demonic gorilla","level":275,"killCount":-1,"type":"NPC","drops":[{"name":"Malicious ashes","id":25772,"quantity":1,"price":1541},{"name":"Dragon scimitar","id":4587,"quantity":1,"price":59592}],"date":"Jul 5, 2023, 2:36:22 PM"}
{"name":"Demonic gorilla","level":275,"killCount":-1,"type":"NPC","drops":[{"name":"Malicious ashes","id":25772,"quantity":1,"price":1541},{"name":"Clue scroll (elite)","id":19802,"quantity":1,"price":0},{"name":"Shark","id":385,"quantity":1,"price":650},{"name":"Shark","id":385,"quantity":1,"price":650},{"name":"Shark","id":385,"quantity":1,"price":650}],"date":"Jul 5, 2023, 2:47:19 PM"}
{"name":"Demonic gorilla","level":275,"killCount":-1,"type":"NPC","drops":[{"name":"Malicious ashes","id":25772,"quantity":1,"price":1541},{"name":"Diamond","id":1602,"quantity":4,"price":1730}],"date":"Jul 5, 2023, 2:51:01 PM"}
{"name":"Demonic gorilla","level":275,"killCount":-1,"type":"NPC","drops":[{"name":"Malicious ashes","id":25772,"quantity":1,"price":1541},{"name":"Dragon scimitar","id":4587,"quantity":1,"price":59592}],"date":"Jul 5, 2023, 2:51:57 PM"}
{"name":"Demonic gorilla","level":275,"killCount":-1,"type":"NPC","drops":[{"name":"Malicious ashes","id":25772,"quantity":1,"price":1541},{"name":"Dragon javelin heads","id":19582,"quantity":32,"price":916}],"date":"Jul 5, 2023, 2:53:19 PM"}
{"name":"Demonic gorilla","level":275,"killCount":-1,"type":"NPC","drops":[{"name":"Malicious ashes","id":25772,"quantity":1,"price":1541},{"name":"Runite bar","id":2364,"quantity":3,"price":12386}],"date":"Jul 5, 2023, 2:54:23 PM"}
{"name":"Demonic gorilla","level":275,"killCount":-1,"type":"NPC","drops":[{"name":"Malicious ashes","id":25772,"quantity":1,"price":1541},{"name":"Shark","id":385,"quantity":1,"price":650},{"name":"Shark","id":385,"quantity":1,"price":650}],"date":"Jul 5, 2023, 2:55:25 PM"}
{"name":"Demonic gorilla","level":275,"killCount":-1,"type":"NPC","drops":[{"name":"Malicious ashes","id":25772,"quantity":1,"price":1541},{"name":"Rune plateskirt","id":1093,"quantity":1,"price":37974}],"date":"Jul 5, 2023, 2:57:05 PM"}
{"name":"Demonic gorilla","level":275,"killCount":-1,"type":"NPC","drops":[{"name":"Malicious ashes","id":25772,"quantity":1,"price":1541},{"name":"Runite bar","id":2364,"quantity":3,"price":12386}],"date":"Jul 5, 2023, 2:58:11 PM"}
{"name":"Demonic gorilla","level":275,"killCount":-1,"type":"NPC","drops":[{"name":"Malicious ashes","id":25772,"quantity":1,"price":1541},{"name":"Dragon javelin heads","id":19582,"quantity":30,"price":916}],"date":"Jul 5, 2023, 2:59:05 PM"}
{"name":"Demonic gorilla","level":275,"killCount":-1,"type":"NPC","drops":[{"name":"Malicious ashes","id":25772,"quantity":1,"price":1541},{"name":"Dragon javelin heads","id":19582,"quantity":29,"price":916}],"date":"Jul 5, 2023, 3:00:14 PM"}
{"name":"Demonic gorilla","level":275,"killCount":-1,"type":"NPC","drops":[{"name":"Malicious ashes","id":25772,"quantity":1,"price":1541},{"name":"Prayer potion(3)","id":139,"quantity":1,"price":6274},{"name":"Prayer potion(3)","id":139,"quantity":1,"price":6274}],"date":"Jul 5, 2023, 3:01:38 PM"}
{"name":"Demonic gorilla","level":275,"killCount":-1,"type":"NPC","drops":[{"name":"Malicious ashes","id":25772,"quantity":1,"price":1541},{"name":"Rune platelegs","id":1079,"quantity":1,"price":37838}],"date":"Jul 5, 2023, 3:03:15 PM"}
{"name":"Demonic gorilla","level":275,"killCount":-1,"type":"NPC","drops":[{"name":"Malicious ashes","id":25772,"quantity":1,"price":1541},{"name":"Clue scroll (hard)","id":3573,"quantity":1,"price":0},{"name":"Adamantite bar","id":2362,"quantity":6,"price":1850}],"date":"Jul 5, 2023, 3:04:05 PM"}
{"name":"Demonic gorilla","level":275,"killCount":-1,"type":"NPC","drops":[{"name":"Malicious ashes","id":25772,"quantity":1,"price":1541},{"name":"Javelin shaft","id":19584,"quantity":888,"price":1}],"date":"Jul 5, 2023, 3:16:43 PM"}
{"name":"Demonic gorilla","level":275,"killCount":-1,"type":"NPC","drops":[{"name":"Malicious ashes","id":25772,"quantity":1,"price":1541},{"name":"Rune javelin heads","id":19580,"quantity":52,"price":624}],"date":"Jul 5, 2023, 3:17:40 PM"}
{"name":"Demonic gorilla","level":275,"killCount":-1,"type":"NPC","drops":[{"name":"Malicious ashes","id":25772,"quantity":1,"price":1541},{"name":"Saradomin brew(2)","id":6689,"quantity":1,"price":4603}],"date":"Jul 5, 2023, 3:18:23 PM"}
{"name":"Demonic gorilla","level":275,"killCount":-1,"type":"NPC","drops":[{"name":"Malicious ashes","id":25772,"quantity":1,"price":1541},{"name":"Rune platelegs","id":1079,"quantity":1,"price":37838}],"date":"Jul 5, 2023, 3:19:06 PM"}
{"name":"Demonic gorilla","level":275,"killCount":-1,"type":"NPC","drops":[{"name":"Malicious ashes","id":25772,"quantity":1,"price":1541},{"name":"Rune platelegs","id":1079,"quantity":1,"price":37838}],"date":"Jul 5, 2023, 3:20:01 PM"}
{"name":"Demonic gorilla","level":275,"killCount":-1,"type":"NPC","drops":[{"name":"Malicious ashes","id":25772,"quantity":1,"price":1541},{"name":"Dragon scimitar","id":4587,"quantity":1,"price":59592}],"date":"Jul 5, 2023, 3:20:59 PM"}
{"name":"Demonic gorilla","level":275,"killCount":-1,"type":"NPC","drops":[{"name":"Malicious ashes","id":25772,"quantity":1,"price":1541},{"name":"Javelin shaft","id":19584,"quantity":969,"price":1}],"date":"Jul 5, 2023, 3:21:48 PM"}
{"name":"Demonic gorilla","level":275,"killCount":-1,"type":"NPC","drops":[{"name":"Malicious ashes","id":25772,"quantity":1,"price":1541},{"name":"Prayer potion(3)","id":139,"quantity":1,"price":6274},{"name":"Prayer potion(3)","id":139,"quantity":1,"price":6274}],"date":"Jul 5, 2023, 3:22:58 PM"}
{"name":"Demonic gorilla","level":275,"killCount":-1,"type":"NPC","drops":[{"name":"Malicious ashes","id":25772,"quantity":1,"price":1541},{"name":"Shark","id":385,"quantity":1,"price":650},{"name":"Shark","id":385,"quantity":1,"price":650},{"name":"Shark","id":385,"quantity":1,"price":650}],"date":"Jul 5, 2023, 3:24:10 PM"}
{"name":"Demonic gorilla","level":275,"killCount":-1,"type":"NPC","drops":[{"name":"Malicious ashes","id":25772,"quantity":1,"price":1541},{"name":"Adamantite bar","id":2362,"quantity":6,"price":1850}],"date":"Jul 5, 2023, 3:25:02 PM"}
{"name":"Demonic gorilla","level":275,"killCount":-1,"type":"NPC","drops":[{"name":"Malicious ashes","id":25772,"quantity":1,"price":1541},{"name":"Prayer potion(3)","id":139,"quantity":1,"price":6274},{"name":"Prayer potion(3)","id":139,"quantity":1,"price":6274}],"date":"Jul 5, 2023, 3:25:58 PM"}
{"name":"Demonic gorilla","level":275,"killCount":-1,"type":"NPC","drops":[{"name":"Malicious ashes","id":25772,"quantity":1,"price":1541},{"name":"Law rune","id":563,"quantity":69,"price":119}],"date":"Jul 5, 2023, 3:27:01 PM"}
{"name":"Demonic gorilla","level":275,"killCount":-1,"type":"NPC","drops":[{"name":"Malicious ashes","id":25772,"quantity":1,"price":1541},{"name":"Diamond","id":1602,"quantity":6,"price":1730}],"date":"Jul 5, 2023, 3:27:50 PM"}
{"name":"Demonic gorilla","level":275,"killCount":-1,"type":"NPC","drops":[{"name":"Malicious ashes","id":25772,"quantity":1,"price":1541}],"date":"Jul 5, 2023, 3:28:42 PM"}
{"name":"Demonic gorilla","level":275,"killCount":-1,"type":"NPC","drops":[{"name":"Malicious ashes","id":25772,"quantity":1,"price":1541},{"name":"Rune plateskirt","id":1093,"quantity":1,"price":37974}],"date":"Jul 5, 2023, 3:30:00 PM"}
{"name":"Demonic gorilla","level":275,"killCount":-1,"type":"NPC","drops":[{"name":"Malicious ashes","id":25772,"quantity":1,"price":1541},{"name":"Runite bolts","id":9144,"quantity":103,"price":186}],"date":"Jul 5, 2023, 3:31:01 PM"}
{"name":"Demonic gorilla","level":275,"killCount":-1,"type":"NPC","drops":[{"name":"Malicious ashes","id":25772,"quantity":1,"price":1541},{"name":"Rune javelin heads","id":19580,"quantity":47,"price":624}],"date":"Jul 5, 2023, 3:32:07 PM"}
{"name":"Demonic gorilla","level":275,"killCount":-1,"type":"NPC","drops":[{"name":"Malicious ashes","id":25772,"quantity":1,"price":1541},{"name":"Javelin shaft","id":19584,"quantity":1004,"price":1}],"date":"Jul 5, 2023, 3:33:20 PM"}
{"name":"Demonic gorilla","level":275,"killCount":-1,"type":"NPC","drops":[{"name":"Malicious ashes","id":25772,"quantity":1,"price":1541},{"name":"Law rune","id":563,"quantity":59,"price":119}],"date":"Jul 5, 2023, 3:34:18 PM"}
{"name":"Demonic gorilla","level":275,"killCount":-1,"type":"NPC","drops":[{"name":"Malicious ashes","id":25772,"quantity":1,"price":1541},{"name":"Runite bolts","id":9144,"quantity":146,"price":186}],"date":"Jul 5, 2023, 3:35:12 PM"}
