{"name":"Drake","level":192,"killCount":-1,"type":"NPC","drops":[{"name":"Drake bones","id":22783,"quantity":1,"price":2898},{"name":"Death rune","id":560,"quantity":37,"price":177}],"date":"Aug 31, 2022, 9:55:22 PM"}
{"name":"Drake","level":192,"killCount":-1,"type":"NPC","drops":[{"name":"Drake bones","id":22783,"quantity":1,"price":2898},{"name":"Grimy avantoe","id":212,"quantity":3,"price":1427}],"date":"Aug 31, 2022, 9:56:05 PM"}
{"name":"Drake","level":192,"killCount":-1,"type":"NPC","drops":[{"name":"Drake bones","id":22783,"quantity":1,"price":2898},{"name":"Rune arrow","id":892,"quantity":64,"price":56}],"date":"Aug 31, 2022, 9:56:38 PM"}
{"name":"Drake","level":192,"killCount":-1,"type":"NPC","drops":[{"name":"Drake bones","id":22783,"quantity":1,"price":2898},{"name":"Nature rune","id":561,"quantity":60,"price":172}],"date":"Aug 31, 2022, 9:57:23 PM"}
{"name":"Drake","level":192,"killCount":-1,"type":"NPC","drops":[{"name":"Drake bones","id":22783,"quantity":1,"price":2898},{"name":"Law rune","id":563,"quantity":35,"price":118}],"date":"Aug 31, 2022, 9:57:54 PM"}
{"name":"Drake","level":192,"killCount":-1,"type":"NPC","drops":[{"name":"Drake bones","id":22783,"quantity":1,"price":2898},{"name":"Fire rune","id":554,"quantity":173,"price":4}],"date":"Aug 31, 2022, 9:58:43 PM"}
{"name":"Drake","level":192,"killCount":-1,"type":"NPC","drops":[{"name":"Drake bones","id":22783,"quantity":1,"price":2898},{"name":"Grimy ranarr weed","id":208,"quantity":3,"price":7773}],"date":"Aug 31, 2022, 9:59:24 PM"}
{"name":"Drake","level":192,"killCount":-1,"type":"NPC","drops":[{"name":"Drake bones","id":22783,"quantity":1,"price":2898},{"name":"Fire rune","id":554,"quantity":106,"price":4}],"date":"Aug 31, 2022, 9:59:44 PM"}
{"name":"Drake","level":192,"killCount":-1,"type":"NPC","drops":[{"name":"Drake bones","id":22783,"quantity":1,"price":2898},{"name":"Grimy cadantine","id":215,"quantity":1,"price":1258},{"name":"Grimy avantoe","id":211,"quantity":1,"price":1427},{"name":"Grimy kwuarm","id":213,"quantity":1,"price":1232}],"date":"Aug 31, 2022, 10:00:12 PM"}
{"name":"Drake","level":192,"killCount":-1,"type":"NPC","drops":[{"name":"Drake bones","id":22783,"quantity":1,"price":2898},{"name":"Fire rune","id":554,"quantity":144,"price":4}],"date":"Aug 31, 2022, 10:00:47 PM"}
{"name":"Drake","level":192,"killCount":-1,"type":"NPC","drops":[{"name":"Drake bones","id":22783,"quantity":1,"price":2898},{"name":"Nature rune","id":561,"quantity":49,"price":172}],"date":"Aug 31, 2022, 10:01:20 PM"}
{"name":"Drake","level":192,"killCount":-1,"type":"NPC","drops":[{"name":"Drake bones","id":22783,"quantity":1,"price":2898},{"name":"Swordfish","id":373,"quantity":1,"price":265},{"name":"Swordfish","id":373,"quantity":1,"price":265}],"date":"Aug 31, 2022, 10:01:47 PM"}
{"name":"Drake","level":192,"killCount":-1,"type":"NPC","drops":[{"name":"Drake bones","id":22783,"quantity":1,"price":2898},{"name":"Fire rune","id":554,"quantity":119,"price":4}],"date":"Aug 31, 2022, 10:02:22 PM"}
{"name":"Drake","level":192,"killCount":-1,"type":"NPC","drops":[{"name":"Drake bones","id":22783,"quantity":1,"price":2898},{"name":"Toadflax seed","id":5296,"quantity":1,"price":2102}],"date":"Aug 31, 2022, 10:02:57 PM"}
{"name":"Drake","level":192,"killCount":-1,"type":"NPC","drops":[{"name":"Drake bones","id":22783,"quantity":1,"price":2898},{"name":"Nature rune","id":561,"quantity":35,"price":172}],"date":"Aug 31, 2022, 10:05:07 PM"}
{"name":"Drake","level":192,"killCount":-1,"type":"NPC","drops":[{"name":"Drake bones","id":22783,"quantity":1,"price":2898},{"name":"Fire rune","id":554,"quantity":181,"price":4}],"date":"Aug 31, 2022, 10:05:34 PM"}
{"name":"Drake","level":192,"killCount":-1,"type":"NPC","drops":[{"name":"Drake bones","id":22783,"quantity":1,"price":2898},{"name":"Fire rune","id":554,"quantity":194,"price":4}],"date":"Aug 31, 2022, 10:05:52 PM"}
{"name":"Drake","level":192,"killCount":-1,"type":"NPC","drops":[{"name":"Drake bones","id":22783,"quantity":1,"price":2898},{"name":"Swordfish","id":373,"quantity":1,"price":265},{"name":"Swordfish","id":373,"quantity":1,"price":265}],"date":"Aug 31, 2022, 10:06:25 PM"}
{"name":"Drake","level":192,"killCount":-1,"type":"NPC","drops":[{"name":"Drake bones","id":22783,"quantity":1,"price":2898},{"name":"Fire rune","id":554,"quantity":156,"price":4}],"date":"Aug 31, 2022, 10:07:05 PM"}
{"name":"Drake","level":192,"killCount":-1,"type":"NPC","drops":[{"name":"Drake bones","id":22783,"quantity":1,"price":2898},{"name":"Death rune","id":560,"quantity":38,"price":177}],"date":"Aug 31, 2022, 10:07:34 PM"}
{"name":"Drake","level":192,"killCount":-1,"type":"NPC","drops":[{"name":"Drake bones","id":22783,"quantity":1,"price":2898},{"name":"Rune arrow","id":892,"quantity":37,"price":56}],"date":"Aug 31, 2022, 10:08:06 PM"}
{"name":"Drake","level":192,"killCount":-1,"type":"NPC","drops":[{"name":"Drake bones","id":22783,"quantity":1,"price":2898},{"name":"Fire rune","id":554,"quantity":192,"price":4}],"date":"Aug 31, 2022, 10:08:25 PM"}
{"name":"Drake","level":192,"killCount":-1,"type":"NPC","drops":[{"name":"Drake bones","id":22783,"quantity":1,"price":2898},{"name":"Coins","id":995,"quantity":1792,"price":1}],"date":"Aug 31, 2022, 10:08:57 PM"}
{"name":"Drake","level":192,"killCount":-1,"type":"NPC","drops":[{"name":"Drake bones","id":22783,"quantity":1,"price":2898},{"name":"Nature rune","id":561,"quantity":51,"price":172}],"date":"Aug 31, 2022, 10:09:18 PM"}
{"name":"Drake","level":192,"killCount":-1,"type":"NPC","drops":[{"name":"Drake bones","id":22783,"quantity":1,"price":2898},{"name":"Diamond","id":1602,"quantity":3,"price":1663}],"date":"Aug 31, 2022, 10:09:59 PM"}
{"name":"Drake","level":192,"killCount":-1,"type":"NPC","drops":[{"name":"Drake bones","id":22783,"quantity":1,"price":2898},{"name":"Fire rune","id":554,"quantity":158,"price":4}],"date":"Aug 31, 2022, 10:10:33 PM"}
{"name":"Drake","level":192,"killCount":-1,"type":"NPC","drops":[{"name":"Drake bones","id":22783,"quantity":1,"price":2898},{"name":"Clue scroll (hard)","id":23177,"quantity":1,"price":0},{"name":"Fire rune","id":554,"quantity":113,"price":4}],"date":"Aug 31, 2022, 10:11:24 PM"}
{"name":"Drake","level":192,"killCount":-1,"type":"NPC","drops":[{"name":"Drake bones","id":22783,"quantity":1,"price":2898},{"name":"Red d\u0027hide body","id":2501,"quantity":1,"price":5933}],"date":"Aug 31, 2022, 10:12:06 PM"}
{"name":"Drake","level":192,"killCount":-1,"type":"NPC","drops":[{"name":"Drake bones","id":22783,"quantity":1,"price":2898},{"name":"Rune arrow","id":892,"quantity":52,"price":56}],"date":"Aug 31, 2022, 10:12:52 PM"}
{"name":"Drake","level":192,"killCount":-1,"type":"NPC","drops":[{"name":"Drake bones","id":22783,"quantity":1,"price":2898},{"name":"Grimy ranarr weed","id":208,"quantity":1,"price":7773}],"date":"Aug 31, 2022, 10:13:25 PM"}
{"name":"Drake","level":192,"killCount":-1,"type":"NPC","drops":[{"name":"Drake bones","id":22783,"quantity":1,"price":2898},{"name":"Nature rune","id":561,"quantity":48,"price":172}],"date":"Aug 31, 2022, 10:15:07 PM"}
{"name":"Drake","level":192,"killCount":-1,"type":"NPC","drops":[{"name":"Drake bones","id":22783,"quantity":1,"price":2898},{"name":"Coins","id":995,"quantity":5585,"price":1}],"date":"Aug 31, 2022, 10:15:49 PM"}
{"name":"Drake","level":192,"killCount":-1,"type":"NPC","drops":[{"name":"Drake bones","id":22783,"quantity":1,"price":2898},{"name":"Grimy tarromin","id":203,"quantity":1,"price":91}],"date":"Aug 31, 2022, 10:17:00 PM"}
{"name":"Drake","level":192,"killCount":-1,"type":"NPC","drops":[{"name":"Drake bones","id":22783,"quantity":1,"price":2898},{"name":"Law rune","id":563,"quantity":43,"price":118}],"date":"Aug 31, 2022, 10:17:31 PM"}
{"name":"Drake","level":192,"killCount":-1,"type":"NPC","drops":[{"name":"Drake bones","id":22783,"quantity":1,"price":2898},{"name":"Nature rune","id":561,"quantity":59,"price":172}],"date":"Aug 31, 2022, 10:18:13 PM"}
{"name":"Drake","level":192,"killCount":-1,"type":"NPC","drops":[{"name":"Drake bones","id":22783,"quantity":1,"price":2898},{"name":"Fire rune","id":554,"quantity":115,"price":4}],"date":"Aug 31, 2022, 10:19:02 PM"}
{"name":"Drake","level":192,"killCount":-1,"type":"NPC","drops":[{"name":"Drake bones","id":22783,"quantity":1,"price":2898},{"name":"Law rune","id":563,"quantity":44,"price":118}],"date":"Aug 31, 2022, 10:19:52 PM"}
{"name":"Drake","level":192,"killCount":-1,"type":"NPC","drops":[{"name":"Drake bones","id":22783,"quantity":1,"price":2898},{"name":"Rune arrow","id":892,"quantity":55,"price":56}],"date":"Aug 31, 2022, 10:20:21 PM"}
{"name":"Drake","level":192,"killCount":-1,"type":"NPC","drops":[{"name":"Drake bones","id":22783,"quantity":1,"price":2898},{"name":"Nature rune","id":561,"quantity":59,"price":172}],"date":"Aug 31, 2022, 10:21:02 PM"}
{"name":"Drake","level":192,"killCount":-1,"type":"NPC","drops":[{"name":"Drake bones","id":22783,"quantity":1,"price":2898},{"name":"Grimy kwuarm","id":214,"quantity":2,"price":1232}],"date":"Aug 31, 2022, 10:21:39 PM"}
{"name":"Drake","level":192,"killCount":-1,"type":"NPC","drops":[{"name":"Drake bones","id":22783,"quantity":1,"price":2898},{"name":"Rune arrow","id":892,"quantity":47,"price":56}],"date":"Aug 31, 2022, 10:22:11 PM"}
{"name":"Drake","level":192,"killCount":-1,"type":"NPC","drops":[{"name":"Drake bones","id":22783,"quantity":1,"price":2898},{"name":"Law rune","id":563,"quantity":36,"price":118}],"date":"Aug 31, 2022, 10:23:50 PM"}
{"name":"Drake","level":192,"killCount":-1,"type":"NPC","drops":[{"name":"Drake bones","id":22783,"quantity":1,"price":2898},{"name":"Nature rune","id":561,"quantity":35,"price":172}],"date":"Aug 31, 2022, 10:24:19 PM"}
{"name":"Drake","level":192,"killCount":-1,"type":"NPC","drops":[{"name":"Drake bones","id":22783,"quantity":1,"price":2898},{"name":"Death rune","id":560,"quantity":20,"price":178}],"date":"Aug 31, 2022, 10:24:54 PM"}
{"name":"Drake","level":192,"killCount":-1,"type":"NPC","drops":[{"name":"Drake bones","id":22783,"quantity":1,"price":2898},{"name":"Rune full helm","id":1163,"quantity":1,"price":20482}],"date":"Aug 31, 2022, 10:25:46 PM"}
{"name":"Drake","level":192,"killCount":-1,"type":"NPC","drops":[{"name":"Drake bones","id":22783,"quantity":1,"price":2898},{"name":"Death rune","id":560,"quantity":32,"price":178}],"date":"Aug 31, 2022, 10:26:24 PM"}
{"name":"Drake","level":192,"killCount":-1,"type":"NPC","drops":[{"name":"Drake bones","id":22783,"quantity":1,"price":2898},{"name":"Coins","id":995,"quantity":6652,"price":1}],"date":"Aug 31, 2022, 10:27:05 PM"}
{"name":"Drake","level":192,"killCount":-1,"type":"NPC","drops":[{"name":"Drake bones","id":22783,"quantity":1,"price":2898},{"name":"Law rune","id":563,"quantity":30,"price":118}],"date":"Aug 31, 2022, 10:28:15 PM"}
{"name":"Drake","level":192,"killCount":-1,"type":"NPC","drops":[{"name":"Drake bones","id":22783,"quantity":1,"price":2898},{"name":"Rune arrow","id":892,"quantity":59,"price":64}],"date":"Aug 31, 2022, 10:29:01 PM"}
{"name":"Drake","level":192,"killCount":-1,"type":"NPC","drops":[{"name":"Drake bones","id":22783,"quantity":1,"price":2898},{"name":"Grimy avantoe","id":211,"quantity":1,"price":1465},{"name":"Grimy tarromin","id":203,"quantity":1,"price":87}],"date":"Aug 31, 2022, 10:29:53 PM"}
{"name":"Drake","level":192,"killCount":-1,"type":"NPC","drops":[{"name":"Drake bones","id":22783,"quantity":1,"price":2898},{"name":"Fire rune","id":554,"quantity":158,"price":4}],"date":"Aug 31, 2022, 10:30:26 PM"}
{"name":"Drake","level":192,"killCount":-1,"type":"NPC","drops":[{"name":"Drake bones","id":22783,"quantity":1,"price":2898},{"name":"Grimy kwuarm","id":213,"quantity":1,"price":1215}],"date":"Aug 31, 2022, 10:30:58 PM"}
{"name":"Drake","level":192,"killCount":-1,"type":"NPC","drops":[{"name":"Drake bones","id":22783,"quantity":1,"price":2898},{"name":"Grimy marrentill","id":201,"quantity":1,"price":22}],"date":"Aug 31, 2022, 10:31:28 PM"}
{"name":"Drake","level":192,"killCount":-1,"type":"NPC","drops":[{"name":"Drake bones","id":22783,"quantity":1,"price":2898},{"name":"Diamond","id":1602,"quantity":3,"price":1665}],"date":"Aug 31, 2022, 10:32:10 PM"}
{"name":"Drake","level":192,"killCount":-1,"type":"NPC","drops":[{"name":"Drake bones","id":22783,"quantity":1,"price":2898},{"name":"Diamond","id":1602,"quantity":4,"price":1665}],"date":"Aug 31, 2022, 10:32:46 PM"}
{"name":"Drake","level":192,"killCount":-1,"type":"NPC","drops":[{"name":"Drake bones","id":22783,"quantity":1,"price":2898},{"name":"Grimy cadantine","id":216,"quantity":1,"price":1295}],"date":"Aug 31, 2022, 10:33:29 PM"}
{"name":"Drake","level":192,"killCount":-1,"type":"NPC","drops":[{"name":"Drake bones","id":22783,"quantity":1,"price":2898},{"name":"Grimy avantoe","id":212,"quantity":3,"price":1465}],"date":"Aug 31, 2022, 10:34:16 PM"}
{"name":"Drake","level":192,"killCount":-1,"type":"NPC","drops":[{"name":"Drake bones","id":22783,"quantity":1,"price":2898},{"name":"Fire rune","id":554,"quantity":172,"price":4}],"date":"Aug 31, 2022, 10:34:44 PM"}
{"name":"Drake","level":192,"killCount":-1,"type":"NPC","drops":[{"name":"Drake bones","id":22783,"quantity":1,"price":2898},{"name":"Death rune","id":560,"quantity":27,"price":178}],"date":"Aug 31, 2022, 10:36:33 PM"}
{"name":"Drake","level":192,"killCount":-1,"type":"NPC","drops":[{"name":"Drake bones","id":22783,"quantity":1,"price":2898},{"name":"Nature rune","id":561,"quantity":34,"price":172}],"date":"Aug 31, 2022, 10:37:10 PM"}
{"name":"Drake","level":192,"killCount":-1,"type":"NPC","drops":[{"name":"Drake bones","id":22783,"quantity":1,"price":2898},{"name":"Fire rune","id":554,"quantity":156,"price":4}],"date":"Aug 31, 2022, 10:37:40 PM"}
{"name":"Drake","level":192,"killCount":-1,"type":"NPC","drops":[{"name":"Drake bones","id":22783,"quantity":1,"price":2898},{"name":"Grimy tarromin","id":203,"quantity":1,"price":87},{"name":"Grimy tarromin","id":203,"quantity":1,"price":87},{"name":"Grimy avantoe","id":211,"quantity":1,"price":1465}],"date":"Aug 31, 2022, 10:38:24 PM"}
{"name":"Drake","level":192,"killCount":-1,"type":"NPC","drops":[{"name":"Drake bones","id":22783,"quantity":1,"price":2898},{"name":"Grimy marrentill","id":201,"quantity":1,"price":22},{"name":"Grimy marrentill","id":201,"quantity":1,"price":22},{"name":"Grimy marrentill","id":201,"quantity":1,"price":22}],"date":"Aug 31, 2022, 10:39:07 PM"}
{"name":"Drake","level":192,"killCount":-1,"type":"NPC","drops":[{"name":"Drake bones","id":22783,"quantity":1,"price":2898},{"name":"Diamond","id":1602,"quantity":3,"price":1665}],"date":"Aug 31, 2022, 10:40:00 PM"}
{"name":"Drake","level":192,"killCount":-1,"type":"NPC","drops":[{"name":"Drake bones","id":22783,"quantity":1,"price":2898},{"name":"Nature rune","id":561,"quantity":54,"price":172}],"date":"Aug 31, 2022, 10:40:37 PM"}
{"name":"Drake","level":192,"killCount":-1,"type":"NPC","drops":[{"name":"Brimstone key","id":23083,"quantity":1,"price":0},{"name":"Drake bones","id":22783,"quantity":1,"price":2898},{"name":"Nature rune","id":561,"quantity":33,"price":172}],"date":"Aug 31, 2022, 10:41:27 PM"}
{"name":"Drake","level":192,"killCount":-1,"type":"NPC","drops":[{"name":"Drake bones","id":22783,"quantity":1,"price":2898},{"name":"Rune arrow","id":892,"quantity":52,"price":64}],"date":"Aug 31, 2022, 10:42:03 PM"}
{"name":"Drake","level":192,"killCount":-1,"type":"NPC","drops":[{"name":"Drake bones","id":22783,"quantity":1,"price":2898},{"name":"Coins","id":995,"quantity":1598,"price":1}],"date":"Aug 31, 2022, 10:43:00 PM"}
{"name":"Drake","level":192,"killCount":-1,"type":"NPC","drops":[{"name":"Drake bones","id":22783,"quantity":1,"price":2898},{"name":"Fire rune","id":554,"quantity":194,"price":4}],"date":"Aug 31, 2022, 10:43:34 PM"}
{"name":"Drake","level":192,"killCount":-1,"type":"NPC","drops":[{"name":"Drake bones","id":22783,"quantity":1,"price":2898},{"name":"Grimy cadantine","id":215,"quantity":1,"price":1295}],"date":"Aug 31, 2022, 10:44:04 PM"}
{"name":"Drake","level":192,"killCount":-1,"type":"NPC","drops":[{"name":"Drake bones","id":22783,"quantity":1,"price":2898},{"name":"Swordfish","id":373,"quantity":1,"price":269}],"date":"Aug 31, 2022, 10:44:42 PM"}
{"name":"Drake","level":192,"killCount":-1,"type":"NPC","drops":[{"name":"Drake bones","id":22783,"quantity":1,"price":2898},{"name":"Nature rune","id":561,"quantity":53,"price":172}],"date":"Aug 31, 2022, 10:45:27 PM"}
{"name":"Drake","level":192,"killCount":-1,"type":"NPC","drops":[{"name":"Drake bones","id":22783,"quantity":1,"price":2898},{"name":"Swordfish","id":373,"quantity":1,"price":269},{"name":"Swordfish","id":373,"quantity":1,"price":269}],"date":"Aug 31, 2022, 10:46:04 PM"}
{"name":"Drake","level":192,"killCount":-1,"type":"NPC","drops":[{"name":"Drake bones","id":22783,"quantity":1,"price":2898},{"name":"Nature rune","id":561,"quantity":43,"price":172}],"date":"Aug 31, 2022, 10:46:46 PM"}
{"name":"Drake","level":192,"killCount":-1,"type":"NPC","drops":[{"name":"Drake bones","id":22783,"quantity":1,"price":2898},{"name":"Law rune","id":563,"quantity":33,"price":118}],"date":"Aug 31, 2022, 10:47:30 PM"}
