{"name":"Drake","level":192,"killCount":-1,"type":"NPC","drops":[{"name":"Drake bones","id":22783,"quantity":1,"price":2898},{"name":"Death rune","id":560,"quantity":37,"price":177}],"date":"Aug 31, 2022, 9:55:22 PM"}
{"name":"Drake","level":192,"killCount":-1,"type":"NPC","drops":[{"name":"Drake bones","id":22783,"quantity":1,"price":2898},{"name":"Grimy avantoe","id":212,"quantity":3,"price":1427}],"date":"Aug 31, 2022, 9:56:05 PM"}
{"name":"Drake","level":192,"killCount":-1,"type":"NPC","drops":[{"name":"Drake bones","id":22783,"quantity":1,"price":2898},{"name":"Rune arrow","id":892,"quantity":64,"price":56}],"date":"Aug 31, 2022, 9:56:38 PM"}
{"name":"Drake","level":192,"killCount":-1,"type":"NPC","drops":[{"name":"Drake bones","id":22783,"quantity":1,"price":2898},{"name":"Nature rune","id":561,"quantity":60,"price":172}],"date":"Aug 31, 2022, 9:57:23 PM"}
{"name":"Drake","level":192,"killCount":-1,"type":"NPC","drops":[{"name":"Drake bones","id":22783,"quantity":1,"price":2898},{"name":"Law rune","id":563,"quantity":35,"price":118}],"date":"Aug 31, 2022, 9:57:54 PM"}
{"name":"Drake","level":192,"killCount":-1,"type":"NPC","drops":[{"name":"Drake bones","id":22783,"quantity":1,"price":2898},{"name":"Fire rune","id":554,"quantity":173,"price":4}],"date":"Aug 31, 2022, 9:58:43 PM"}
{"name":"Drake","level":192,"killCount":-1,"type":"NPC","drops":[{"name":"Drake bones","id":22783,"quantity":1,"price":2898},{"name":"Grimy ranarr weed","id":208,"quantity":3,"price":7773}],"date":"Aug 31, 2022, 9:59:24 PM"}
{"name":"Drake","level":192,"killCount":-1,"type":"NPC","drops":[{"name":"Drake bones","id":22783,"quantity":1,"price":2898},{"name":"Fire rune","id":554,"quantity":106,"price":4}],"date":"Aug 31, 2022, 9:59:44 PM"}
{"name":"Drake","level":192,"killCount":-1,"type":"NPC","drops":[{"name":"Drake bones","id":22783,"quantity":1,"price":2898},{"name":"Grimy cadantine","id":215,"quantity":1,"price":1258},{"name":"Grimy avantoe","id":211,"quantity":1,"price":1427},{"name":"Grimy kwuarm","id":213,"quantity":1,"price":1232}],"date":"Aug 31, 2022, 10:00:12 PM"}
{"name":"Drake","level":192,"killCount":-1,"type":"NPC","drops":[{"name":"Drake bones","id":22783,"quantity":1,"price":2898},{"name":"Fire rune","id":554,"quantity":144,"price":4}],"date":"Aug 31, 2022, 10:00:47 PM"}
{"name":"Drake","level":192,"killCount":-1,"type":"NPC","drops":[{"name":"Drake bones","id":22783,"quantity":1,"price":2898},{"name":"Nature rune","id":561,"quantity":49,"price":172}],"date":"Aug 31, 2022, 10:01:20 PM"}
{"name":"Drake","level":192,"killCount":-1,"type":"NPC","drops":[{"name":"Drake bones","id":22783,"quantity":1,"price":2898},{"name":"Swordfish","id":373,"quantity":1,"price":265},{"name":"Swordfish","id":373,"quantity":1,"price":265}],"date":"Aug 31, 2022, 10:01:47 PM"}
{"name":"Drake","level":192,"killCount":-1,"type":"NPC","drops":[{"name":"Drake bones","id":22783,"quantity":1,"price":2898},{"name":"Fire rune","id":554,"quantity":119,"price":4}],"date":"Aug 31, 2022, 10:02:22 PM"}
{"name":"Drake","level":192,"killCount":-1,"type":"NPC","drops":[{"name":"Drake bones","id":22783,"quantity":1,"price":2898},{"name":"Toadflax seed","id":5296,"quantity":1,"price":2102}],"date":"Aug 31, 2022, 10:02:57 PM"}
{"name":"Drake","level":192,"killCount":-1,"type":"NPC","drops":[{"name":"Drake bones","id":22783,"quantity":1,"price":2898},{"name":"Nature rune","id":561,"quantity":35,"price":172}],"date":"Aug 31, 2022, 10:05:07 PM"}
{"name":"Drake","level":192,"killCount":-1,"type":"NPC","drops":[{"name":"Drake bones","id":22783,"quantity":1,"price":2898},{"name":"Fire rune","id":554,"quantity":181,"price":4}],"date":"Aug 31, 2022, 10:05:34 PM"}
{"name":"Drake","level":192,"killCount":-1,"type":"NPC","drops":[{"name":"Drake bones","id":22783,"quantity":1,"price":2898},{"name":"Fire rune","id":554,"quantity":194,"price":4}],"date":"Aug 31, 2022, 10:05:52 PM"}
{"name":"Drake","level":192,"killCount":-1,"type":"NPC","drops":[{"name":"Drake bones","id":22783,"quantity":1,"price":2898},{"name":"Swordfish","id":373,"quantity":1,"price":265},{"name":"Swordfish","id":373,"quantity":1,"price":265}],"date":"Aug 31, 2022, 10:06:25 PM"}
{"name":"Drake","level":192,"killCount":-1,"type":"NPC","drops":[{"name":"Drake bones","id":22783,"quantity":1,"price":2898},{"name":"Fire rune","id":554,"quantity":156,"price":4}],"date":"Aug 31, 2022, 10:07:05 PM"}
{"name":"Drake","level":192,"killCount":-1,"type":"NPC","drops":[{"name":"Drake bones","id":22783,"quantity":1,"price":2898},{"name":"Death rune","id":560,"quantity":38,"price":177}],"date":"Aug 31, 2022, 10:07:34 PM"}
{"name":"Drake","level":192,"killCount":-1,"type":"NPC","drops":[{"name":"Drake bones","id":22783,"quantity":1,"price":2898},{"name":"Rune arrow","id":892,"quantity":37,"price":56}],"date":"Aug 31, 2022, 10:08:06 PM"}
{"name":"Drake","level":192,"killCount":-1,"type":"NPC","drops":[{"name":"Drake bones","id":22783,"quantity":1,"price":2898},{"name":"Fire rune","id":554,"quantity":192,"price":4}],"date":"Aug 31, 2022, 10:08:25 PM"}
{"name":"Drake","level":192,"killCount":-1,"type":"NPC","drops":[{"name":"Drake bones","id":22783,"quantity":1,"price":2898},{"name":"Coins","id":995,"quantity":1792,"price":1}],"date":"Aug 31, 2022, 10:08:57 PM"}
{"name":"Drake","level":192,"killCount":-1,"type":"NPC","drops":[{"name":"Drake bones","id":22783,"quantity":1,"price":2898},{"name":"Nature rune","id":561,"quantity":51,"price":172}],"date":"Aug 31, 2022, 10:09:18 PM"}
{"name":"Drake","level":192,"killCount":-1,"type":"NPC","drops":[{"name":"Drake bones","id":22783,"quantity":1,"price":2898},{"name":"Diamond","id":1602,"quantity":3,"price":1663}],"date":"Aug 31, 2022, 10:09:59 PM"}
{"name":"Drake","level":192,"killCount":-1,"type":"NPC","drops":[{"name":"Drake bones","id":22783,"quantity":1,"price":2898},{"name":"Fire rune","id":554,"quantity":158,"price":4}],"date":"Aug 31, 2022, 10:10:33 PM"}
{"name":"Drake","level":192,"killCount":-1,"type":"NPC","drops":[{"name":"Drake bones","id":22783,"quantity":1,"price":2898},{"name":"Clue scroll (hard)","id":23177,"quantity":1,"price":0},{"name":"Fire rune","id":554,"quantity":113,"price":4}],"date":"Aug 31, 2022, 10:11:24 PM"}
{"name":"Drake","level":192,"killCount":-1,"type":"NPC","drops":[{"name":"Drake bones","id":22783,"quantity":1,"price":2898},{"name":"Red d\u0027hide body","id":2501,"quantity":1,"price":5933}],"date":"Aug 31, 2022, 10:12:06 PM"}
{"name":"Drake","level":192,"killCount":-1,"type":"NPC","drops":[{"name":"Drake bones","id":22783,"quantity":1,"price":2898},{"name":"Rune arrow","id":892,"quantity":52,"price":56}],"date":"Aug 31, 2022, 10:12:52 PM"}
{"name":"Drake","level":192,"killCount":-1,"type":"NPC","drops":[{"name":"Drake bones","id":22783,"quantity":1,"price":2898},{"name":"Grimy ranarr weed","id":208,"quantity":1,"price":7773}],"date":"Aug 31, 2022, 10:13:25 PM"}
{"name":"Drake","level":192,"killCount":-1,"type":"NPC","drops":[{"name":"Drake bones","id":22783,"quantity":1,"price":2898},{"name":"Nature rune","id":561,"quantity":48,"price":172}],"date":"Aug 31, 2022, 10:15:07 PM"}
{"name":"Drake","level":192,"killCount":-1,"type":"NPC","drops":[{"name":"Drake bones","id":22783,"quantity":1,"price":2898},{"name":"Coins","id":995,"quantity":5585,"price":1}],"date":"Aug 31, 2022, 10:15:49 PM"}
{"name":"Drake","level":192,"killCount":-1,"type":"NPC","drops":[{"name":"Drake bones","id":22783,"quantity":1,"price":2898},{"name":"Grimy tarromin","id":203,"quantity":1,"price":91}],"date":"Aug 31, 2022, 10:17:00 PM"}
{"name":"Drake","level":192,"killCount":-1,"type":"NPC","drops":[{"name":"Drake bones","id":22783,"quantity":1,"price":2898},{"name":"Law rune","id":563,"quantity":43,"price":118}],"date":"Aug 31, 2022, 10:17:31 PM"}
{"name":"Drake","level":192,"killCount":-1,"type":"NPC","drops":[{"name":"Drake bones","id":22783,"quantity":1,"price":2898},{"name":"Nature rune","id":561,"quantity":59,"price":172}],"date":"Aug 31, 2022, 10:18:13 PM"}
{"name":"Drake","level":192,"killCount":-1,"type":"NPC","drops":[{"name":"Drake bones","id":22783,"quantity":1,"price":2898},{"name":"Fire rune","id":554,"quantity":115,"price":4}],"date":"Aug 31, 2022, 10:19:02 PM"}
{"name":"Drake","level":192,"killCount":-1,"type":"NPC","drops":[{"name":"Drake bones","id":22783,"quantity":1,"price":2898},{"name":"Law rune","id":563,"quantity":44,"price":118}],"date":"Aug 31, 2022, 10:19:52 PM"}
{"name":"Drake","level":192,"killCount":-1,"type":"NPC","drops":[{"name":"Drake bones","id":22783,"quantity":1,"price":2898},{"name":"Rune arrow","id":892,"quantity":55,"price":56}],"date":"Aug 31, 2022, 10:20:21 PM"}
{"name":"Drake","level":192,"killCount":-1,"type":"NPC","drops":[{"name":"Drake bones","id":22783,"quantity":1,"price":2898},{"name":"Nature rune","id":561,"quantity":59,"price":172}],"date":"Aug 31, 2022, 10:21:02 PM"}
{"name":"Drake","level":192,"killCount":-1,"type":"NPC","drops":[{"name":"Drake bones","id":22783,"quantity":1,"price":2898},{"name":"Grimy kwuarm","id":214,"quantity":2,"price":1232}],"date":"Aug 31, 2022, 10:21:39 PM"}
{"name":"Drake","level":192,"killCount":-1,"type":"NPC","drops":[{"name":"Drake bones","id":22783,"quantity":1,"price":2898},{"name":"Rune arrow","id":892,"quantity":47,"price":56}],"date":"Aug 31, 2022, 10:22:11 PM"}
{"name":"Drake","level":192,"killCount":-1,"type":"NPC","drops":[{"name":"Drake bones","id":22783,"quantity":1,"price":2898},{"name":"Law rune","id":563,"quantity":36,"price":118}],"date":"Aug 31, 2022, 10:23:50 PM"}
{"name":"Drake","level":192,"killCount":-1,"type":"NPC","drops":[{"name":"Drake bones","id":22783,"quantity":1,"price":2898},{"name":"Nature rune","id":561,"quantity":35,"price":172}],"date":"Aug 31, 2022, 10:24:19 PM"}
{"name":"Drake","level":192,"killCount":-1,"type":"NPC","drops":[{"name":"Drake bones","id":22783,"quantity":1,"price":2898},{"name":"Death rune","id":560,"quantity":20,"price":178}],"date":"Aug 31, 2022, 10:24:54 PM"}
{"name":"Drake","level":192,"killCount":-1,"type":"NPC","drops":[{"name":"Drake bones","id":22783,"quantity":1,"price":2898},{"name":"Rune full helm","id":1163,"quantity":1,"price":20482}],"date":"Aug 31, 2022, 10:25:46 PM"}
{"name":"Drake","level":192,"killCount":-1,"type":"NPC","drops":[{"name":"Drake bones","id":22783,"quantity":1,"price":2898},{"name":"Death rune","id":560,"quantity":32,"price":178}],"date":"Aug 31, 2022, 10:26:24 PM"}
{"name":"Drake","level":192,"killCount":-1,"type":"NPC","drops":[{"name":"Drake bones","id":22783,"quantity":1,"price":2898},{"name":"Coins","id":995,"quantity":6652,"price":1}],"date":"Aug 31, 2022, 10:27:05 PM"}
{"name":"Drake","level":192,"killCount":-1,"type":"NPC","drops":[{"name":"Drake bones","id":22783,"quantity":1,"price":2898},{"name":"Law rune","id":563,"quantity":30,"price":118}],"date":"Aug 31, 2022, 10:28:15 PM"}
{"name":"Drake","level":192,"killCount":-1,"type":"NPC","drops":[{"name":"Drake bones","id":22783,"quantity":1,"price":2898},{"name":"Rune arrow","id":892,"quantity":59,"price":64}],"date":"Aug 31, 2022, 10:29:01 PM"}
{"name":"Drake","level":192,"killCount":-1,"type":"NPC","drops":[{"name":"Drake bones","id":22783,"quantity":1,"price":2898},{"name":"Grimy avantoe","id":211,"quantity":1,"price":1465},{"name":"Grimy tarromin","id":203,"quantity":1,"price":87}],"date":"Aug 31, 2022, 10:29:53 PM"}
{"name":"Drake","level":192,"killCount":-1,"type":"NPC","drops":[{"name":"Drake bones","id":22783,"quantity":1,"price":2898},{"name":"Fire rune","id":554,"quantity":158,"price":4}],"date":"Aug 31, 2022, 10:30:26 PM"}
{"name":"Drake","level":192,"killCount":-1,"type":"NPC","drops":[{"name":"Drake bones","id":22783,"quantity":1,"price":2898},{"name":"Grimy kwuarm","id":213,"quantity":1,"price":1215}],"date":"Aug 31, 2022, 10:30:58 PM"}
{"name":"Drake","level":192,"killCount":-1,"type":"NPC","drops":[{"name":"Drake bones","id":22783,"quantity":1,"price":2898},{"name":"Grimy marrentill","id":201,"quantity":1,"price":22}],"date":"Aug 31, 2022, 10:31:28 PM"}
{"name":"Drake","level":192,"killCount":-1,"type":"NPC","drops":[{"name":"Drake bones","id":22783,"quantity":1,"price":2898},{"name":"Diamond","id":1602,"quantity":3,"price":1665}],"date":"Aug 31, 2022, 10:32:10 PM"}
{"name":"Drake","level":192,"killCount":-1,"type":"NPC","drops":[{"name":"Drake bones","id":22783,"quantity":1,"price":2898},{"name":"Diamond","id":1602,"quantity":4,"price":1665}],"date":"Aug 31, 2022, 10:32:46 PM"}
{"name":"Drake","level":192,"killCount":-1,"type":"NPC","drops":[{"name":"Drake bones","id":22783,"quantity":1,"price":2898},{"name":"Grimy cadantine","id":216,"quantity":1,"price":1295}],"date":"Aug 31, 2022, 10:33:29 PM"}
{"name":"Drake","level":192,"killCount":-1,"type":"NPC","drops":[{"name":"Drake bones","id":22783,"quantity":1,"price":2898},{"name":"Grimy avantoe","id":212,"quantity":3,"price":1465}],"date":"Aug 31, 2022, 10:34:16 PM"}
{"name":"Drake","level":192,"killCount":-1,"type":"NPC","drops":[{"name":"Drake bones","id":22783,"quantity":1,"price":2898},{"name":"Fire rune","id":554,"quantity":172,"price":4}],"date":"Aug 31, 2022, 10:34:44 PM"}
{"name":"Drake","level":192,"killCount":-1,"type":"NPC","drops":[{"name":"Drake bones","id":22783,"quantity":1,"price":2898},{"name":"Death rune","id":560,"quantity":27,"price":178}],"date":"Aug 31, 2022, 10:36:33 PM"}
{"name":"Drake","level":192,"killCount":-1,"type":"NPC","drops":[{"name":"Drake bones","id":22783,"quantity":1,"price":2898},{"name":"Nature rune","id":561,"quantity":34,"price":172}],"date":"Aug 31, 2022, 10:37:10 PM"}
{"name":"Drake","level":192,"killCount":-1,"type":"NPC","drops":[{"name":"Drake bones","id":22783,"quantity":1,"price":2898},{"name":"Fire rune","id":554,"quantity":156,"price":4}],"date":"Aug 31, 2022, 10:37:40 PM"}
{"name":"Drake","level":192,"killCount":-1,"type":"NPC","drops":[{"name":"Drake bones","id":22783,"quantity":1,"price":2898},{"name":"Grimy tarromin","id":203,"quantity":1,"price":87},{"name":"Grimy tarromin","id":203,"quantity":1,"price":87},{"name":"Grimy avantoe","id":211,"quantity":1,"price":1465}],"date":"Aug 31, 2022, 10:38:24 PM"}
{"name":"Drake","level":192,"killCount":-1,"type":"NPC","drops":[{"name":"Drake bones","id":22783,"quantity":1,"price":2898},{"name":"Grimy marrentill","id":201,"quantity":1,"price":22},{"name":"Grimy marrentill","id":201,"quantity":1,"price":22},{"name":"Grimy marrentill","id":201,"quantity":1,"price":22}],"date":"Aug 31, 2022, 10:39:07 PM"}
{"name":"Drake","level":192,"killCount":-1,"type":"NPC","drops":[{"name":"Drake bones","id":22783,"quantity":1,"price":2898},{"name":"Diamond","id":1602,"quantity":3,"price":1665}],"date":"Aug 31, 2022, 10:40:00 PM"}
{"name":"Drake","level":192,"killCount":-1,"type":"NPC","drops":[{"name":"Drake bones","id":22783,"quantity":1,"price":2898},{"name":"Nature rune","id":561,"quantity":54,"price":172}],"date":"Aug 31, 2022, 10:40:37 PM"}
{"name":"Drake","level":192,"killCount":-1,"type":"NPC","drops":[{"name":"Brimstone key","id":23083,"quantity":1,"price":0},{"name":"Drake bones","id":22783,"quantity":1,"price":2898},{"name":"Nature rune","id":561,"quantity":33,"price":172}],"date":"Aug 31, 2022, 10:41:27 PM"}
{"name":"Drake","level":192,"killCount":-1,"type":"NPC","drops":[{"name":"Drake bones","id":22783,"quantity":1,"price":2898},{"name":"Rune arrow","id":892,"quantity":52,"price":64}],"date":"Aug 31, 2022, 10:42:03 PM"}
{"name":"Drake","level":192,"killCount":-1,"type":"NPC","drops":[{"name":"Drake bones","id":22783,"quantity":1,"price":2898},{"name":"Coins","id":995,"quantity":1598,"price":1}],"date":"Aug 31, 2022, 10:43:00 PM"}
{"name":"Drake","level":192,"killCount":-1,"type":"NPC","drops":[{"name":"Drake bones","id":22783,"quantity":1,"price":2898},{"name":"Fire rune","id":554,"quantity":194,"price":4}],"date":"Aug 31, 2022, 10:43:34 PM"}
{"name":"Drake","level":192,"killCount":-1,"type":"NPC","drops":[{"name":"Drake bones","id":22783,"quantity":1,"price":2898},{"name":"Grimy cadantine","id":215,"quantity":1,"price":1295}],"date":"Aug 31, 2022, 10:44:04 PM"}
{"name":"Drake","level":192,"killCount":-1,"type":"NPC","drops":[{"name":"Drake bones","id":22783,"quantity":1,"price":2898},{"name":"Swordfish","id":373,"quantity":1,"price":269}],"date":"Aug 31, 2022, 10:44:42 PM"}
{"name":"Drake","level":192,"killCount":-1,"type":"NPC","drops":[{"name":"Drake bones","id":22783,"quantity":1,"price":2898},{"name":"Nature rune","id":561,"quantity":53,"price":172}],"date":"Aug 31, 2022, 10:45:27 PM"}
{"name":"Drake","level":192,"killCount":-1,"type":"NPC","drops":[{"name":"Drake bones","id":22783,"quantity":1,"price":2898},{"name":"Swordfish","id":373,"quantity":1,"price":269},{"name":"Swordfish","id":373,"quantity":1,"price":269}],"date":"Aug 31, 2022, 10:46:04 PM"}
{"name":"Drake","level":192,"killCount":-1,"type":"NPC","drops":[{"name":"Drake bones","id":22783,"quantity":1,"price":2898},{"name":"Nature rune","id":561,"quantity":43,"price":172}],"date":"Aug 31, 2022, 10:46:46 PM"}
{"name":"Drake","level":192,"killCount":-1,"type":"NPC","drops":[{"name":"Drake bones","id":22783,"quantity":1,"price":2898},{"name":"Law rune","id":563,"quantity":33,"price":118}],"date":"Aug 31, 2022, 10:47:30 PM"}
{"name":"Drake","level":192,"killCount":-1,"type":"NPC","drops":[{"name":"Drake bones","id":22783,"quantity":1,"price":2849},{"name":"Dragon mace","id":1434,"quantity":1,"price":29512}],"date":"Jan 10, 2023, 11:49:29 PM"}
{"name":"Drake","level":192,"killCount":-1,"type":"NPC","drops":[{"name":"Drake bones","id":22783,"quantity":1,"price":2849},{"name":"Grimy dwarf weed","id":218,"quantity":2,"price":1026}],"date":"Jan 10, 2023, 11:50:12 PM"}
{"name":"Drake","level":192,"killCount":-1,"type":"NPC","drops":[{"name":"Drake bones","id":22783,"quantity":1,"price":2849},{"name":"Rune arrow","id":892,"quantity":51,"price":74}],"date":"Jan 10, 2023, 11:50:59 PM"}
{"name":"Drake","level":192,"killCount":-1,"type":"NPC","drops":[{"name":"Drake bones","id":22783,"quantity":1,"price":2849},{"name":"Death rune","id":560,"quantity":35,"price":144}],"date":"Jan 10, 2023, 11:51:37 PM"}
{"name":"Drake","level":192,"killCount":-1,"type":"NPC","drops":[{"name":"Drake bones","id":22783,"quantity":1,"price":2849},{"name":"Rune arrow","id":892,"quantity":45,"price":74}],"date":"Jan 10, 2023, 11:52:15 PM"}
{"name":"Drake","level":192,"killCount":-1,"type":"NPC","drops":[{"name":"Drake bones","id":22783,"quantity":1,"price":2849},{"name":"Rune arrow","id":892,"quantity":39,"price":74}],"date":"Jan 10, 2023, 11:52:56 PM"}
{"name":"Drake","level":192,"killCount":-1,"type":"NPC","drops":[{"name":"Drake bones","id":22783,"quantity":1,"price":2849},{"name":"Nature rune","id":561,"quantity":59,"price":112}],"date":"Jan 10, 2023, 11:53:28 PM"}
{"name":"Drake","level":192,"killCount":-1,"type":"NPC","drops":[{"name":"Brimstone key","id":23083,"quantity":1,"price":0},{"name":"Drake bones","id":22783,"quantity":1,"price":2849},{"name":"Death rune","id":560,"quantity":34,"price":144}],"date":"Jan 10, 2023, 11:54:10 PM"}
{"name":"Drake","level":192,"killCount":-1,"type":"NPC","drops":[{"name":"Drake bones","id":22783,"quantity":1,"price":2849},{"name":"Death rune","id":560,"quantity":28,"price":144}],"date":"Jan 10, 2023, 11:55:15 PM"}
{"name":"Drake","level":192,"killCount":-1,"type":"NPC","drops":[{"name":"Drake bones","id":22783,"quantity":1,"price":2849},{"name":"Law rune","id":563,"quantity":36,"price":126}],"date":"Jan 10, 2023, 11:55:52 PM"}
{"name":"Drake","level":192,"killCount":-1,"type":"NPC","drops":[{"name":"Drake bones","id":22783,"quantity":1,"price":2849},{"name":"Coins","id":995,"quantity":1778,"price":1}],"date":"Jan 10, 2023, 11:59:52 PM"}
{"name":"Drake","level":192,"killCount":-1,"type":"NPC","drops":[{"name":"Drake bones","id":22783,"quantity":1,"price":2849},{"name":"Law rune","id":563,"quantity":42,"price":126}],"date":"Jan 11, 2023, 12:00:31 AM"}
{"name":"Drake","level":192,"killCount":-1,"type":"NPC","drops":[{"name":"Drake bones","id":22783,"quantity":1,"price":2849},{"name":"Mystic earth staff","id":1407,"quantity":1,"price":25166}],"date":"Jan 11, 2023, 12:00:56 AM"}
{"name":"Drake","level":192,"killCount":-1,"type":"NPC","drops":[{"name":"Drake bones","id":22783,"quantity":1,"price":2849},{"name":"Law rune","id":563,"quantity":46,"price":126}],"date":"Jan 11, 2023, 12:01:41 AM"}
{"name":"Drake","level":192,"killCount":-1,"type":"NPC","drops":[{"name":"Brimstone key","id":23083,"quantity":1,"price":0},{"name":"Drake bones","id":22783,"quantity":1,"price":2849},{"name":"Grimy kwuarm","id":214,"quantity":3,"price":2037}],"date":"Jan 11, 2023, 12:02:28 AM"}
{"name":"Drake","level":192,"killCount":-1,"type":"NPC","drops":[{"name":"Drake bones","id":22783,"quantity":1,"price":2849},{"name":"Rune arrow","id":892,"quantity":48,"price":74}],"date":"Jan 11, 2023, 12:02:56 AM"}
{"name":"Drake","level":192,"killCount":-1,"type":"NPC","drops":[{"name":"Drake bones","id":22783,"quantity":1,"price":2849},{"name":"Fire rune","id":554,"quantity":144,"price":7}],"date":"Jan 11, 2023, 12:03:29 AM"}
{"name":"Drake","level":192,"killCount":-1,"type":"NPC","drops":[{"name":"Drake bones","id":22783,"quantity":1,"price":2849},{"name":"Rune full helm","id":1163,"quantity":1,"price":20584}],"date":"Jan 11, 2023, 12:04:05 AM"}
{"name":"Drake","level":192,"killCount":-1,"type":"NPC","drops":[{"name":"Drake bones","id":22783,"quantity":1,"price":2849},{"name":"Grimy irit leaf","id":209,"quantity":1,"price":824},{"name":"Grimy tarromin","id":203,"quantity":1,"price":156},{"name":"Grimy avantoe","id":211,"quantity":1,"price":3034}],"date":"Jan 11, 2023, 12:05:01 AM"}
{"name":"Drake","level":192,"killCount":-1,"type":"NPC","drops":[{"name":"Drake bones","id":22783,"quantity":1,"price":2849},{"name":"Law rune","id":563,"quantity":43,"price":126}],"date":"Jan 11, 2023, 12:05:46 AM"}
{"name":"Drake","level":192,"killCount":-1,"type":"NPC","drops":[{"name":"Drake bones","id":22783,"quantity":1,"price":2849},{"name":"Death rune","id":560,"quantity":31,"price":144}],"date":"Jan 11, 2023, 12:06:23 AM"}
{"name":"Drake","level":192,"killCount":-1,"type":"NPC","drops":[{"name":"Drake bones","id":22783,"quantity":1,"price":2849},{"name":"Coins","id":995,"quantity":1459,"price":1}],"date":"Jan 11, 2023, 12:06:50 AM"}
{"name":"Drake","level":192,"killCount":-1,"type":"NPC","drops":[{"name":"Drake bones","id":22783,"quantity":1,"price":2849},{"name":"Death rune","id":560,"quantity":30,"price":144}],"date":"Jan 11, 2023, 12:07:15 AM"}
{"name":"Drake","level":192,"killCount":-1,"type":"NPC","drops":[{"name":"Drake bones","id":22783,"quantity":1,"price":2849},{"name":"Red d\u0027hide body","id":2501,"quantity":1,"price":5897}],"date":"Jan 11, 2023, 12:07:55 AM"}
{"name":"Drake","level":192,"killCount":-1,"type":"NPC","drops":[{"name":"Drake bones","id":22783,"quantity":1,"price":2849},{"name":"Rune arrow","id":892,"quantity":53,"price":74}],"date":"Jan 11, 2023, 12:08:47 AM"}
{"name":"Drake","level":192,"killCount":-1,"type":"NPC","drops":[{"name":"Drake bones","id":22783,"quantity":1,"price":2849},{"name":"Nature rune","id":561,"quantity":48,"price":112}],"date":"Jan 11, 2023, 12:09:23 AM"}
{"name":"Drake","level":192,"killCount":-1,"type":"NPC","drops":[{"name":"Drake bones","id":22783,"quantity":1,"price":2849},{"name":"Nature rune","id":561,"quantity":42,"price":112}],"date":"Jan 11, 2023, 12:12:16 AM"}
{"name":"Drake","level":192,"killCount":-1,"type":"NPC","drops":[{"name":"Drake bones","id":22783,"quantity":1,"price":2849},{"name":"Law rune","id":563,"quantity":48,"price":126}],"date":"Jan 11, 2023, 12:12:54 AM"}
{"name":"Drake","level":192,"killCount":-1,"type":"NPC","drops":[{"name":"Drake bones","id":22783,"quantity":1,"price":2849},{"name":"Rune arrow","id":892,"quantity":50,"price":74}],"date":"Jan 11, 2023, 12:13:36 AM"}
{"name":"Drake","level":192,"killCount":-1,"type":"NPC","drops":[{"name":"Drake bones","id":22783,"quantity":1,"price":2849},{"name":"Swordfish","id":373,"quantity":1,"price":265},{"name":"Swordfish","id":373,"quantity":1,"price":265}],"date":"Jan 11, 2023, 12:14:18 AM"}
{"name":"Drake","level":192,"killCount":-1,"type":"NPC","drops":[{"name":"Drake bones","id":22783,"quantity":1,"price":2849},{"name":"Black d\u0027hide vambraces","id":2491,"quantity":1,"price":2240}],"date":"Jan 11, 2023, 12:14:48 AM"}
{"name":"Drake","level":192,"killCount":-1,"type":"NPC","drops":[{"name":"Drake bones","id":22783,"quantity":1,"price":2849},{"name":"Law rune","id":563,"quantity":29,"price":126}],"date":"Jan 11, 2023, 12:15:13 AM"}
{"name":"Drake","level":192,"killCount":-1,"type":"NPC","drops":[{"name":"Drake bones","id":22783,"quantity":1,"price":2849},{"name":"Fire rune","id":554,"quantity":113,"price":7}],"date":"Jan 11, 2023, 12:15:35 AM"}
{"name":"Drake","level":192,"killCount":-1,"type":"NPC","drops":[{"name":"Drake bones","id":22783,"quantity":1,"price":2849},{"name":"Coins","id":995,"quantity":1500,"price":1}],"date":"Jan 11, 2023, 12:16:05 AM"}
{"name":"Drake","level":192,"killCount":-1,"type":"NPC","drops":[{"name":"Drake bones","id":22783,"quantity":1,"price":2849},{"name":"Rune arrow","id":892,"quantity":45,"price":74}],"date":"Jan 11, 2023, 12:16:35 AM"}
{"name":"Drake","level":192,"killCount":-1,"type":"NPC","drops":[{"name":"Drake bones","id":22783,"quantity":1,"price":2849},{"name":"Swordfish","id":373,"quantity":1,"price":265}],"date":"Jan 11, 2023, 12:17:21 AM"}
{"name":"Drake","level":192,"killCount":-1,"type":"NPC","drops":[{"name":"Drake bones","id":22783,"quantity":1,"price":2849},{"name":"Death rune","id":560,"quantity":31,"price":144}],"date":"Jan 11, 2023, 12:18:01 AM"}
{"name":"Drake","level":192,"killCount":-1,"type":"NPC","drops":[{"name":"Drake bones","id":22783,"quantity":1,"price":2849},{"name":"Fire rune","id":554,"quantity":143,"price":7}],"date":"Jan 11, 2023, 12:18:30 AM"}
{"name":"Drake","level":192,"killCount":-1,"type":"NPC","drops":[{"name":"Drake bones","id":22783,"quantity":1,"price":2849},{"name":"Law rune","id":563,"quantity":44,"price":126}],"date":"Jan 11, 2023, 12:19:07 AM"}
{"name":"Drake","level":192,"killCount":-1,"type":"NPC","drops":[{"name":"Drake bones","id":22783,"quantity":1,"price":2849},{"name":"Law rune","id":563,"quantity":49,"price":126}],"date":"Jan 11, 2023, 12:19:56 AM"}
{"name":"Drake","level":192,"killCount":-1,"type":"NPC","drops":[{"name":"Drake bones","id":22783,"quantity":1,"price":2849},{"name":"Grimy kwuarm","id":214,"quantity":1,"price":2037}],"date":"Jan 11, 2023, 12:20:37 AM"}
{"name":"Drake","level":192,"killCount":-1,"type":"NPC","drops":[{"name":"Drake bones","id":22783,"quantity":1,"price":2849},{"name":"Law rune","id":563,"quantity":40,"price":126}],"date":"Jan 11, 2023, 12:21:13 AM"}
{"name":"Drake","level":192,"killCount":-1,"type":"NPC","drops":[{"name":"Drake bones","id":22783,"quantity":1,"price":2849},{"name":"Rune arrow","id":892,"quantity":62,"price":74}],"date":"Jan 11, 2023, 12:22:00 AM"}
{"name":"Drake","level":192,"killCount":-1,"type":"NPC","drops":[{"name":"Drake bones","id":22783,"quantity":1,"price":2849},{"name":"Nature rune","id":561,"quantity":31,"price":112}],"date":"Jan 11, 2023, 12:22:45 AM"}
{"name":"Drake","level":192,"killCount":-1,"type":"NPC","drops":[{"name":"Drake bones","id":22783,"quantity":1,"price":2849},{"name":"Fire rune","id":554,"quantity":175,"price":7}],"date":"Jan 11, 2023, 12:23:36 AM"}
{"name":"Drake","level":192,"killCount":-1,"type":"NPC","drops":[{"name":"Drake bones","id":22783,"quantity":1,"price":2849},{"name":"Rune arrow","id":892,"quantity":53,"price":74}],"date":"Jan 11, 2023, 12:26:19 AM"}
{"name":"Drake","level":192,"killCount":-1,"type":"NPC","drops":[{"name":"Drake bones","id":22783,"quantity":1,"price":2849},{"name":"Nature rune","id":561,"quantity":43,"price":112}],"date":"Jan 11, 2023, 12:26:47 AM"}
{"name":"Drake","level":192,"killCount":-1,"type":"NPC","drops":[{"name":"Drake bones","id":22783,"quantity":1,"price":2849},{"name":"Grimy kwuarm","id":214,"quantity":1,"price":2037}],"date":"Jan 11, 2023, 12:27:20 AM"}
{"name":"Drake","level":192,"killCount":-1,"type":"NPC","drops":[{"name":"Drake bones","id":22783,"quantity":1,"price":2849},{"name":"Death rune","id":560,"quantity":25,"price":144}],"date":"Jan 11, 2023, 12:27:49 AM"}
{"name":"Drake","level":192,"killCount":-1,"type":"NPC","drops":[{"name":"Drake bones","id":22783,"quantity":1,"price":2849},{"name":"Death rune","id":560,"quantity":22,"price":144}],"date":"Jan 11, 2023, 12:28:25 AM"}
{"name":"Drake","level":192,"killCount":-1,"type":"NPC","drops":[{"name":"Drake bones","id":22783,"quantity":1,"price":2849},{"name":"Death rune","id":560,"quantity":23,"price":144}],"date":"Jan 11, 2023, 12:29:04 AM"}
{"name":"Drake","level":192,"killCount":-1,"type":"NPC","drops":[{"name":"Drake bones","id":22783,"quantity":1,"price":2849},{"name":"Law rune","id":563,"quantity":45,"price":126}],"date":"Jan 11, 2023, 12:29:32 AM"}
{"name":"Drake","level":192,"killCount":-1,"type":"NPC","drops":[{"name":"Drake bones","id":22783,"quantity":1,"price":2849},{"name":"Fire rune","id":554,"quantity":115,"price":7}],"date":"Jan 11, 2023, 12:30:09 AM"}
{"name":"Drake","level":192,"killCount":-1,"type":"NPC","drops":[{"name":"Drake bones","id":22783,"quantity":1,"price":2849},{"name":"Nature rune","id":561,"quantity":49,"price":112}],"date":"Jan 11, 2023, 12:30:36 AM"}
{"name":"Drake","level":192,"killCount":-1,"type":"NPC","drops":[{"name":"Drake bones","id":22783,"quantity":1,"price":2849},{"name":"Fire rune","id":554,"quantity":139,"price":7}],"date":"Jan 11, 2023, 12:31:29 AM"}
{"name":"Drake","level":192,"killCount":-1,"type":"NPC","drops":[{"name":"Drake bones","id":22783,"quantity":1,"price":2849},{"name":"Nature rune","id":561,"quantity":33,"price":112}],"date":"Jan 11, 2023, 12:31:54 AM"}
{"name":"Drake","level":192,"killCount":-1,"type":"NPC","drops":[{"name":"Drake bones","id":22783,"quantity":1,"price":2849},{"name":"Rune full helm","id":1163,"quantity":1,"price":20584}],"date":"Jan 11, 2023, 12:32:25 AM"}
{"name":"Drake","level":192,"killCount":-1,"type":"NPC","drops":[{"name":"Drake bones","id":22783,"quantity":1,"price":2849},{"name":"Grimy ranarr weed","id":208,"quantity":1,"price":6879}],"date":"Jan 11, 2023, 12:33:01 AM"}
{"name":"Drake","level":192,"killCount":-1,"type":"NPC","drops":[{"name":"Drake bones","id":22783,"quantity":1,"price":2849},{"name":"Grimy harralander","id":205,"quantity":1,"price":706},{"name":"Grimy marrentill","id":201,"quantity":1,"price":31}],"date":"Jan 11, 2023, 12:33:33 AM"}
{"name":"Drake","level":192,"killCount":-1,"type":"NPC","drops":[{"name":"Drake bones","id":22783,"quantity":1,"price":2849},{"name":"Grimy dwarf weed","id":218,"quantity":1,"price":1026}],"date":"Jan 11, 2023, 12:34:19 AM"}
{"name":"Drake","level":192,"killCount":-1,"type":"NPC","drops":[{"name":"Drake bones","id":22783,"quantity":1,"price":2849},{"name":"Law rune","id":563,"quantity":40,"price":126}],"date":"Jan 11, 2023, 12:34:48 AM"}
{"name":"Drake","level":192,"killCount":-1,"type":"NPC","drops":[{"name":"Drake bones","id":22783,"quantity":1,"price":2849},{"name":"Death rune","id":560,"quantity":27,"price":144}],"date":"Jan 11, 2023, 12:35:24 AM"}
{"name":"Drake","level":192,"killCount":-1,"type":"NPC","drops":[{"name":"Drake bones","id":22783,"quantity":1,"price":2849},{"name":"Fire rune","id":554,"quantity":161,"price":7}],"date":"Jan 11, 2023, 12:35:44 AM"}
{"name":"Drake","level":192,"killCount":-1,"type":"NPC","drops":[{"name":"Drake bones","id":22783,"quantity":1,"price":2849},{"name":"Law rune","id":563,"quantity":32,"price":126}],"date":"Jan 11, 2023, 12:40:13 AM"}
{"name":"Drake","level":192,"killCount":-1,"type":"NPC","drops":[{"name":"Drake bones","id":22783,"quantity":1,"price":2849},{"name":"Death rune","id":560,"quantity":22,"price":144}],"date":"Jan 11, 2023, 12:40:32 AM"}
{"name":"Drake","level":192,"killCount":-1,"type":"NPC","drops":[{"name":"Drake bones","id":22783,"quantity":1,"price":2849},{"name":"Grimy guam leaf","id":199,"quantity":1,"price":41},{"name":"Grimy guam leaf","id":199,"quantity":1,"price":41},{"name":"Grimy marrentill","id":201,"quantity":1,"price":31}],"date":"Jan 11, 2023, 12:41:43 AM"}
{"name":"Drake","level":192,"killCount":-1,"type":"NPC","drops":[{"name":"Drake bones","id":22783,"quantity":1,"price":2849},{"name":"Fire rune","id":554,"quantity":109,"price":7}],"date":"Jan 11, 2023, 12:42:25 AM"}
{"name":"Drake","level":192,"killCount":-1,"type":"NPC","drops":[{"name":"Drake bones","id":22783,"quantity":1,"price":2849},{"name":"Fire rune","id":554,"quantity":172,"price":7}],"date":"Jan 11, 2023, 12:42:57 AM"}
{"name":"Drake","level":192,"killCount":-1,"type":"NPC","drops":[{"name":"Drake bones","id":22783,"quantity":1,"price":2849},{"name":"Coins","id":995,"quantity":1615,"price":1}],"date":"Jan 11, 2023, 12:43:43 AM"}
{"name":"Drake","level":192,"killCount":-1,"type":"NPC","drops":[{"name":"Drake bones","id":22783,"quantity":1,"price":2849},{"name":"Rune arrow","id":892,"quantity":44,"price":74}],"date":"Jan 11, 2023, 12:44:23 AM"}
{"name":"Drake","level":192,"killCount":-1,"type":"NPC","drops":[{"name":"Drake bones","id":22783,"quantity":1,"price":2849},{"name":"Grimy ranarr weed","id":207,"quantity":1,"price":6879}],"date":"Jan 11, 2023, 12:44:51 AM"}
{"name":"Drake","level":192,"killCount":-1,"type":"NPC","drops":[{"name":"Drake bones","id":22783,"quantity":1,"price":2849},{"name":"Red d\u0027hide body","id":2501,"quantity":1,"price":5897}],"date":"Jan 11, 2023, 12:45:27 AM"}
{"name":"Drake","level":192,"killCount":-1,"type":"NPC","drops":[{"name":"Drake bones","id":22783,"quantity":1,"price":2849},{"name":"Law rune","id":563,"quantity":29,"price":126}],"date":"Jan 11, 2023, 12:45:58 AM"}
{"name":"Drake","level":192,"killCount":-1,"type":"NPC","drops":[{"name":"Drake bones","id":22783,"quantity":1,"price":2849},{"name":"Nature rune","id":561,"quantity":36,"price":112}],"date":"Jan 11, 2023, 12:46:32 AM"}
{"name":"Drake","level":192,"killCount":-1,"type":"NPC","drops":[{"name":"Drake bones","id":22783,"quantity":1,"price":2849},{"name":"Coins","id":995,"quantity":1753,"price":1}],"date":"Jan 11, 2023, 12:47:12 AM"}
{"name":"Drake","level":192,"killCount":-1,"type":"NPC","drops":[{"name":"Drake bones","id":22783,"quantity":1,"price":2849},{"name":"Law rune","id":563,"quantity":42,"price":126}],"date":"Jan 11, 2023, 12:47:47 AM"}
{"name":"Drake","level":192,"killCount":-1,"type":"NPC","drops":[{"name":"Drake bones","id":22783,"quantity":1,"price":2849},{"name":"Fire rune","id":554,"quantity":162,"price":7}],"date":"Jan 11, 2023, 12:48:18 AM"}
{"name":"Drake","level":192,"killCount":-1,"type":"NPC","drops":[{"name":"Drake bones","id":22783,"quantity":1,"price":2849},{"name":"Fire rune","id":554,"quantity":150,"price":7}],"date":"Jan 11, 2023, 12:48:56 AM"}
{"name":"Drake","level":192,"killCount":-1,"type":"NPC","drops":[{"name":"Drake bones","id":22783,"quantity":1,"price":2849},{"name":"Nature rune","id":561,"quantity":35,"price":112}],"date":"Jan 11, 2023, 12:49:32 AM"}
{"name":"Drake","level":192,"killCount":-1,"type":"NPC","drops":[{"name":"Drake bones","id":22783,"quantity":1,"price":2849},{"name":"Nature rune","id":561,"quantity":47,"price":112}],"date":"Jan 11, 2023, 12:50:23 AM"}
{"name":"Drake","level":192,"killCount":-1,"type":"NPC","drops":[{"name":"Drake bones","id":22783,"quantity":1,"price":2849},{"name":"Mystic earth staff","id":1407,"quantity":1,"price":25166}],"date":"Jan 11, 2023, 12:51:06 AM"}
{"name":"Drake","level":192,"killCount":-1,"type":"NPC","drops":[{"name":"Drake bones","id":22783,"quantity":1,"price":2849},{"name":"Grimy tarromin","id":203,"quantity":1,"price":161},{"name":"Grimy cadantine","id":215,"quantity":1,"price":2411}],"date":"Jan 11, 2023, 9:03:46 AM"}
{"name":"Drake","level":192,"killCount":-1,"type":"NPC","drops":[{"name":"Drake bones","id":22783,"quantity":1,"price":2849},{"name":"Death rune","id":560,"quantity":29,"price":144}],"date":"Jan 11, 2023, 9:04:31 AM"}
{"name":"Drake","level":192,"killCount":-1,"type":"NPC","drops":[{"name":"Drake bones","id":22783,"quantity":1,"price":2849},{"name":"Red d\u0027hide body","id":2501,"quantity":1,"price":5985}],"date":"Jan 11, 2023, 9:05:00 AM"}
{"name":"Drake","level":192,"killCount":-1,"type":"NPC","drops":[{"name":"Drake bones","id":22783,"quantity":1,"price":2849},{"name":"Law rune","id":563,"quantity":29,"price":125}],"date":"Jan 11, 2023, 9:05:36 AM"}
{"name":"Drake","level":192,"killCount":-1,"type":"NPC","drops":[{"name":"Drake bones","id":22783,"quantity":1,"price":2849},{"name":"Nature rune","id":561,"quantity":52,"price":113}],"date":"Jan 11, 2023, 9:06:18 AM"}
{"name":"Drake","level":192,"killCount":-1,"type":"NPC","drops":[{"name":"Drake bones","id":22783,"quantity":1,"price":2849},{"name":"Nature rune","id":561,"quantity":46,"price":113}],"date":"Jan 11, 2023, 9:06:51 AM"}
{"name":"Drake","level":192,"killCount":-1,"type":"NPC","drops":[{"name":"Drake bones","id":22783,"quantity":1,"price":2849},{"name":"Fire rune","id":554,"quantity":138,"price":7}],"date":"Jan 11, 2023, 9:07:29 AM"}
{"name":"Drake","level":192,"killCount":-1,"type":"NPC","drops":[{"name":"Drake bones","id":22783,"quantity":1,"price":2849},{"name":"Rune arrow","id":892,"quantity":57,"price":78}],"date":"Jan 11, 2023, 9:08:22 AM"}
{"name":"Drake","level":192,"killCount":-1,"type":"NPC","drops":[{"name":"Drake bones","id":22783,"quantity":1,"price":2849},{"name":"Rune arrow","id":892,"quantity":58,"price":78}],"date":"Jan 11, 2023, 9:08:55 AM"}
{"name":"Drake","level":192,"killCount":-1,"type":"NPC","drops":[{"name":"Drake bones","id":22783,"quantity":1,"price":2849},{"name":"Rune arrow","id":892,"quantity":55,"price":78}],"date":"Jan 11, 2023, 9:09:28 AM"}
{"name":"Drake","level":192,"killCount":-1,"type":"NPC","drops":[{"name":"Drake bones","id":22783,"quantity":1,"price":2849},{"name":"Coins","id":995,"quantity":1308,"price":1}],"date":"Jan 11, 2023, 9:10:11 AM"}
{"name":"Drake","level":192,"killCount":-1,"type":"NPC","drops":[{"name":"Drake bones","id":22783,"quantity":1,"price":2849},{"name":"Rune full helm","id":1163,"quantity":1,"price":20609}],"date":"Jan 11, 2023, 9:11:03 AM"}
{"name":"Drake","level":192,"killCount":-1,"type":"NPC","drops":[{"name":"Drake bones","id":22783,"quantity":1,"price":2849},{"name":"Rune full helm","id":1163,"quantity":1,"price":20609}],"date":"Jan 11, 2023, 9:11:42 AM"}
{"name":"Drake","level":192,"killCount":-1,"type":"NPC","drops":[{"name":"Drake bones","id":22783,"quantity":1,"price":2849},{"name":"Grimy harralander","id":205,"quantity":1,"price":700}],"date":"Jan 11, 2023, 9:12:21 AM"}
{"name":"Drake","level":192,"killCount":-1,"type":"NPC","drops":[{"name":"Drake bones","id":22783,"quantity":1,"price":2849},{"name":"Death rune","id":560,"quantity":23,"price":144}],"date":"Jan 11, 2023, 9:12:54 AM"}
{"name":"Drake","level":192,"killCount":-1,"type":"NPC","drops":[{"name":"Drake bones","id":22783,"quantity":1,"price":2849},{"name":"Grimy kwuarm","id":213,"quantity":1,"price":2063}],"date":"Jan 11, 2023, 9:13:18 AM"}
{"name":"Drake","level":192,"killCount":-1,"type":"NPC","drops":[{"name":"Drake bones","id":22783,"quantity":1,"price":2849},{"name":"Law rune","id":563,"quantity":47,"price":125}],"date":"Jan 11, 2023, 9:13:53 AM"}
{"name":"Drake","level":192,"killCount":-1,"type":"NPC","drops":[{"name":"Drake bones","id":22783,"quantity":1,"price":2849},{"name":"Rune arrow","id":892,"quantity":54,"price":78}],"date":"Jan 11, 2023, 9:14:28 AM"}
{"name":"Drake","level":192,"killCount":-1,"type":"NPC","drops":[{"name":"Drake bones","id":22783,"quantity":1,"price":2849},{"name":"Rune full helm","id":1163,"quantity":1,"price":20609}],"date":"Jan 11, 2023, 9:15:04 AM"}
{"name":"Drake","level":192,"killCount":-1,"type":"NPC","drops":[{"name":"Drake bones","id":22783,"quantity":1,"price":2849},{"name":"Grimy snapdragon","id":3052,"quantity":3,"price":8441}],"date":"Jan 11, 2023, 9:15:37 AM"}
{"name":"Drake","level":192,"killCount":-1,"type":"NPC","drops":[{"name":"Drake bones","id":22783,"quantity":1,"price":3030},{"name":"Diamond","id":1602,"quantity":5,"price":1789}],"date":"Jan 16, 2023, 6:48:09 PM"}
{"name":"Drake","level":192,"killCount":-1,"type":"NPC","drops":[{"name":"Drake bones","id":22783,"quantity":1,"price":3030},{"name":"Red d\u0027hide body","id":2501,"quantity":1,"price":5958}],"date":"Jan 16, 2023, 6:48:29 PM"}
{"name":"Drake","level":192,"killCount":-1,"type":"NPC","drops":[{"name":"Drake bones","id":22783,"quantity":1,"price":3030},{"name":"Red d\u0027hide body","id":2501,"quantity":1,"price":5958}],"date":"Jan 16, 2023, 6:49:03 PM"}
{"name":"Drake","level":192,"killCount":-1,"type":"NPC","drops":[{"name":"Drake bones","id":22783,"quantity":1,"price":3030},{"name":"Rune arrow","id":892,"quantity":61,"price":95}],"date":"Jan 16, 2023, 6:49:31 PM"}
{"name":"Drake","level":192,"killCount":-1,"type":"NPC","drops":[{"name":"Drake bones","id":22783,"quantity":1,"price":3030},{"name":"Fire rune","id":554,"quantity":153,"price":6}],"date":"Jan 16, 2023, 6:50:15 PM"}
{"name":"Drake","level":192,"killCount":-1,"type":"NPC","drops":[{"name":"Drake bones","id":22783,"quantity":1,"price":3030},{"name":"Drake\u0027s claw","id":22957,"quantity":1,"price":589868}],"date":"Jan 16, 2023, 6:50:51 PM"}
{"name":"Drake","level":192,"killCount":-1,"type":"NPC","drops":[{"name":"Drake bones","id":22783,"quantity":1,"price":3030},{"name":"Law rune","id":563,"quantity":45,"price":124}],"date":"Jan 16, 2023, 6:51:23 PM"}
{"name":"Drake","level":192,"killCount":-1,"type":"NPC","drops":[{"name":"Drake bones","id":22783,"quantity":1,"price":3030},{"name":"Grimy guam leaf","id":199,"quantity":1,"price":40},{"name":"Grimy guam leaf","id":199,"quantity":1,"price":40},{"name":"Grimy tarromin","id":203,"quantity":1,"price":147}],"date":"Jan 16, 2023, 6:52:00 PM"}
{"name":"Drake","level":192,"killCount":-1,"type":"NPC","drops":[{"name":"Drake bones","id":22783,"quantity":1,"price":3030},{"name":"Black d\u0027hide vambraces","id":2491,"quantity":1,"price":2230}],"date":"Jan 16, 2023, 6:52:37 PM"}
{"name":"Drake","level":192,"killCount":-1,"type":"NPC","drops":[{"name":"Drake bones","id":22783,"quantity":1,"price":3030},{"name":"Law rune","id":563,"quantity":33,"price":124}],"date":"Jan 16, 2023, 6:53:09 PM"}
{"name":"Drake","level":192,"killCount":-1,"type":"NPC","drops":[{"name":"Drake bones","id":22783,"quantity":1,"price":3030},{"name":"Drake\u0027s claw","id":22957,"quantity":1,"price":589868}],"date":"Jan 16, 2023, 6:53:46 PM"}
{"name":"Drake","level":192,"killCount":-1,"type":"NPC","drops":[{"name":"Drake bones","id":22783,"quantity":1,"price":3030},{"name":"Fire rune","id":554,"quantity":144,"price":6}],"date":"Jan 16, 2023, 6:54:43 PM"}
{"name":"Drake","level":192,"killCount":-1,"type":"NPC","drops":[{"name":"Drake bones","id":22783,"quantity":1,"price":3030},{"name":"Grimy guam leaf","id":199,"quantity":1,"price":40}],"date":"Jan 16, 2023, 6:55:10 PM"}
{"name":"Drake","level":192,"killCount":-1,"type":"NPC","drops":[{"name":"Drake bones","id":22783,"quantity":1,"price":3030},{"name":"Nature rune","id":561,"quantity":60,"price":110}],"date":"Jan 16, 2023, 6:55:46 PM"}
{"name":"Drake","level":192,"killCount":-1,"type":"NPC","drops":[{"name":"Drake bones","id":22783,"quantity":1,"price":3030},{"name":"Nature rune","id":561,"quantity":60,"price":110}],"date":"Jan 16, 2023, 6:56:22 PM"}
{"name":"Drake","level":192,"killCount":-1,"type":"NPC","drops":[{"name":"Drake bones","id":22783,"quantity":1,"price":3030},{"name":"Grimy kwuarm","id":214,"quantity":3,"price":1998}],"date":"Jan 16, 2023, 6:56:58 PM"}
{"name":"Drake","level":192,"killCount":-1,"type":"NPC","drops":[{"name":"Drake bones","id":22783,"quantity":1,"price":3030},{"name":"Law rune","id":563,"quantity":43,"price":124}],"date":"Jan 16, 2023, 6:57:40 PM"}
{"name":"Drake","level":192,"killCount":-1,"type":"NPC","drops":[{"name":"Drake bones","id":22783,"quantity":1,"price":3030},{"name":"Rune full helm","id":1163,"quantity":1,"price":20641}],"date":"Jan 16, 2023, 7:00:03 PM"}
{"name":"Drake","level":192,"killCount":-1,"type":"NPC","drops":[{"name":"Brimstone key","id":23083,"quantity":1,"price":0},{"name":"Drake bones","id":22783,"quantity":1,"price":3030},{"name":"Grimy snapdragon","id":3052,"quantity":3,"price":7726}],"date":"Jan 16, 2023, 7:00:32 PM"}
{"name":"Drake","level":192,"killCount":-1,"type":"NPC","drops":[{"name":"Drake bones","id":22783,"quantity":1,"price":3030},{"name":"Swordfish","id":373,"quantity":1,"price":267},{"name":"Swordfish","id":373,"quantity":1,"price":267}],"date":"Jan 16, 2023, 7:01:05 PM"}
{"name":"Drake","level":192,"killCount":-1,"type":"NPC","drops":[{"name":"Drake bones","id":22783,"quantity":1,"price":3030},{"name":"Rune arrow","id":892,"quantity":57,"price":95}],"date":"Jan 16, 2023, 7:01:41 PM"}
{"name":"Drake","level":192,"killCount":-1,"type":"NPC","drops":[{"name":"Drake bones","id":22783,"quantity":1,"price":3030},{"name":"Law rune","id":563,"quantity":32,"price":124}],"date":"Jan 16, 2023, 7:02:08 PM"}
{"name":"Drake","level":192,"killCount":-1,"type":"NPC","drops":[{"name":"Drake bones","id":22783,"quantity":1,"price":3030},{"name":"Cactus seed","id":5280,"quantity":1,"price":62}],"date":"Jan 16, 2023, 7:03:02 PM"}
{"name":"Drake","level":192,"killCount":-1,"type":"NPC","drops":[{"name":"Drake bones","id":22783,"quantity":1,"price":3030},{"name":"Swordfish","id":373,"quantity":1,"price":267}],"date":"Jan 16, 2023, 7:03:26 PM"}
{"name":"Drake","level":192,"killCount":-1,"type":"NPC","drops":[{"name":"Drake bones","id":22783,"quantity":1,"price":3030},{"name":"Black d\u0027hide vambraces","id":2491,"quantity":1,"price":2230}],"date":"Jan 16, 2023, 7:03:49 PM"}
{"name":"Drake","level":192,"killCount":-1,"type":"NPC","drops":[{"name":"Drake bones","id":22783,"quantity":1,"price":3030},{"name":"Law rune","id":563,"quantity":50,"price":124}],"date":"Jan 16, 2023, 7:04:09 PM"}
{"name":"Drake","level":192,"killCount":-1,"type":"NPC","drops":[{"name":"Drake bones","id":22783,"quantity":1,"price":3030},{"name":"Nature rune","id":561,"quantity":41,"price":110}],"date":"Jan 16, 2023, 7:04:29 PM"}
{"name":"Drake","level":192,"killCount":-1,"type":"NPC","drops":[{"name":"Drake bones","id":22783,"quantity":1,"price":3030},{"name":"Coins","id":995,"quantity":1208,"price":1}],"date":"Jan 16, 2023, 7:05:00 PM"}
{"name":"Drake","level":192,"killCount":-1,"type":"NPC","drops":[{"name":"Drake bones","id":22783,"quantity":1,"price":3030},{"name":"Mystic earth staff","id":1407,"quantity":1,"price":25142}],"date":"Jan 16, 2023, 7:05:28 PM"}
{"name":"Drake","level":192,"killCount":-1,"type":"NPC","drops":[{"name":"Drake bones","id":22783,"quantity":1,"price":3030},{"name":"Grimy cadantine","id":216,"quantity":2,"price":2458}],"date":"Jan 16, 2023, 7:06:06 PM"}
{"name":"Drake","level":192,"killCount":-1,"type":"NPC","drops":[{"name":"Drake bones","id":22783,"quantity":1,"price":3030},{"name":"Law rune","id":563,"quantity":34,"price":124}],"date":"Jan 16, 2023, 7:06:39 PM"}
{"name":"Drake","level":192,"killCount":-1,"type":"NPC","drops":[{"name":"Drake bones","id":22783,"quantity":1,"price":3030},{"name":"Nature rune","id":561,"quantity":47,"price":110}],"date":"Jan 16, 2023, 7:07:09 PM"}
{"name":"Drake","level":192,"killCount":-1,"type":"NPC","drops":[{"name":"Drake bones","id":22783,"quantity":1,"price":3030},{"name":"Law rune","id":563,"quantity":50,"price":124}],"date":"Jan 16, 2023, 7:07:47 PM"}
{"name":"Drake","level":192,"killCount":-1,"type":"NPC","drops":[{"name":"Drake bones","id":22783,"quantity":1,"price":3030},{"name":"Grimy irit leaf","id":209,"quantity":1,"price":801},{"name":"Grimy guam leaf","id":199,"quantity":1,"price":40}],"date":"Jan 16, 2023, 7:08:10 PM"}
{"name":"Drake","level":192,"killCount":-1,"type":"NPC","drops":[{"name":"Drake bones","id":22783,"quantity":1,"price":3030},{"name":"Death rune","id":560,"quantity":26,"price":145}],"date":"Jan 16, 2023, 7:08:57 PM"}
{"name":"Drake","level":192,"killCount":-1,"type":"NPC","drops":[{"name":"Drake bones","id":22783,"quantity":1,"price":3030},{"name":"Fire rune","id":554,"quantity":194,"price":6}],"date":"Jan 16, 2023, 7:09:38 PM"}
{"name":"Drake","level":192,"killCount":-1,"type":"NPC","drops":[{"name":"Drake bones","id":22783,"quantity":1,"price":3030},{"name":"Death rune","id":560,"quantity":40,"price":145}],"date":"Jan 16, 2023, 7:11:44 PM"}
{"name":"Drake","level":192,"killCount":-1,"type":"NPC","drops":[{"name":"Drake bones","id":22783,"quantity":1,"price":3030},{"name":"Grimy ranarr weed","id":208,"quantity":2,"price":6420}],"date":"Jan 16, 2023, 7:12:11 PM"}
{"name":"Drake","level":192,"killCount":-1,"type":"NPC","drops":[{"name":"Drake bones","id":22783,"quantity":1,"price":3030},{"name":"Law rune","id":563,"quantity":47,"price":124}],"date":"Jan 16, 2023, 7:12:37 PM"}
{"name":"Drake","level":192,"killCount":-1,"type":"NPC","drops":[{"name":"Drake bones","id":22783,"quantity":1,"price":3030},{"name":"Law rune","id":563,"quantity":25,"price":124}],"date":"Jan 16, 2023, 7:13:01 PM"}
{"name":"Drake","level":192,"killCount":-1,"type":"NPC","drops":[{"name":"Drake bones","id":22783,"quantity":1,"price":3030},{"name":"Rune arrow","id":892,"quantity":54,"price":95}],"date":"Jan 16, 2023, 7:13:33 PM"}
{"name":"Drake","level":192,"killCount":-1,"type":"NPC","drops":[{"name":"Drake bones","id":22783,"quantity":1,"price":3030},{"name":"Coins","id":995,"quantity":1015,"price":1}],"date":"Jan 16, 2023, 7:14:08 PM"}
{"name":"Drake","level":192,"killCount":-1,"type":"NPC","drops":[{"name":"Drake bones","id":22783,"quantity":1,"price":3030},{"name":"Diamond","id":1602,"quantity":5,"price":1789}],"date":"Jan 16, 2023, 7:14:35 PM"}
{"name":"Drake","level":192,"killCount":-1,"type":"NPC","drops":[{"name":"Drake bones","id":22783,"quantity":1,"price":3030},{"name":"Red d\u0027hide body","id":2501,"quantity":1,"price":5958}],"date":"Jan 16, 2023, 7:15:11 PM"}
{"name":"Drake","level":192,"killCount":-1,"type":"NPC","drops":[{"name":"Drake bones","id":22783,"quantity":1,"price":3030},{"name":"Law rune","id":563,"quantity":43,"price":124}],"date":"Jan 16, 2023, 7:15:43 PM"}
{"name":"Drake","level":192,"killCount":-1,"type":"NPC","drops":[{"name":"Drake bones","id":22783,"quantity":1,"price":3030},{"name":"Swordfish","id":373,"quantity":1,"price":267}],"date":"Jan 16, 2023, 7:16:26 PM"}
{"name":"Drake","level":192,"killCount":-1,"type":"NPC","drops":[{"name":"Drake bones","id":22783,"quantity":1,"price":3030},{"name":"Mystic earth staff","id":1407,"quantity":1,"price":25142}],"date":"Jan 16, 2023, 7:16:44 PM"}
{"name":"Drake","level":192,"killCount":-1,"type":"NPC","drops":[{"name":"Drake bones","id":22783,"quantity":1,"price":3030},{"name":"Coins","id":995,"quantity":1160,"price":1}],"date":"Jan 16, 2023, 7:17:31 PM"}
{"name":"Drake","level":192,"killCount":-1,"type":"NPC","drops":[{"name":"Drake bones","id":22783,"quantity":1,"price":3030},{"name":"Diamond","id":1602,"quantity":6,"price":1789}],"date":"Jan 16, 2023, 7:18:06 PM"}
{"name":"Drake","level":192,"killCount":-1,"type":"NPC","drops":[{"name":"Drake bones","id":22783,"quantity":1,"price":3030},{"name":"Law rune","id":563,"quantity":50,"price":124}],"date":"Jan 16, 2023, 7:18:39 PM"}
{"name":"Drake","level":192,"killCount":-1,"type":"NPC","drops":[{"name":"Drake bones","id":22783,"quantity":1,"price":3030},{"name":"Fire rune","id":554,"quantity":165,"price":6}],"date":"Jan 16, 2023, 7:19:10 PM"}
{"name":"Drake","level":192,"killCount":-1,"type":"NPC","drops":[{"name":"Drake bones","id":22783,"quantity":1,"price":3030},{"name":"Swordfish","id":373,"quantity":1,"price":267}],"date":"Jan 16, 2023, 7:20:05 PM"}
{"name":"Drake","level":192,"killCount":-1,"type":"NPC","drops":[{"name":"Drake bones","id":22783,"quantity":1,"price":3030},{"name":"Nature rune","id":561,"quantity":50,"price":110}],"date":"Jan 16, 2023, 7:21:53 PM"}
{"name":"Drake","level":192,"killCount":-1,"type":"NPC","drops":[{"name":"Drake bones","id":22783,"quantity":1,"price":3030},{"name":"Death rune","id":560,"quantity":21,"price":145}],"date":"Jan 16, 2023, 7:22:25 PM"}
{"name":"Drake","level":192,"killCount":-1,"type":"NPC","drops":[{"name":"Drake bones","id":22783,"quantity":1,"price":3030},{"name":"Death rune","id":560,"quantity":28,"price":145}],"date":"Jan 16, 2023, 7:23:18 PM"}
{"name":"Drake","level":192,"killCount":-1,"type":"NPC","drops":[{"name":"Drake bones","id":22783,"quantity":1,"price":3030},{"name":"Coins","id":995,"quantity":1161,"price":1}],"date":"Jan 16, 2023, 7:23:53 PM"}
{"name":"Drake","level":192,"killCount":-1,"type":"NPC","drops":[{"name":"Drake bones","id":22783,"quantity":1,"price":3030},{"name":"Dragon mace","id":1434,"quantity":1,"price":29552}],"date":"Jan 16, 2023, 7:24:29 PM"}
{"name":"Drake","level":192,"killCount":-1,"type":"NPC","drops":[{"name":"Drake bones","id":22783,"quantity":1,"price":3030},{"name":"Grimy guam leaf","id":199,"quantity":1,"price":40},{"name":"Grimy avantoe","id":211,"quantity":1,"price":3009}],"date":"Jan 16, 2023, 7:25:05 PM"}
{"name":"Drake","level":192,"killCount":-1,"type":"NPC","drops":[{"name":"Drake bones","id":22783,"quantity":1,"price":3030},{"name":"Nature rune","id":561,"quantity":39,"price":110}],"date":"Jan 16, 2023, 7:25:43 PM"}
{"name":"Drake","level":192,"killCount":-1,"type":"NPC","drops":[{"name":"Drake bones","id":22783,"quantity":1,"price":3030},{"name":"Diamond","id":1602,"quantity":3,"price":1789}],"date":"Jan 16, 2023, 7:26:44 PM"}
{"name":"Drake","level":192,"killCount":-1,"type":"NPC","drops":[{"name":"Drake bones","id":22783,"quantity":1,"price":3030},{"name":"Fire rune","id":554,"quantity":171,"price":6}],"date":"Jan 16, 2023, 7:27:19 PM"}
{"name":"Drake","level":192,"killCount":-1,"type":"NPC","drops":[{"name":"Drake bones","id":22783,"quantity":1,"price":3030},{"name":"Grimy ranarr weed","id":208,"quantity":3,"price":6420}],"date":"Jan 16, 2023, 7:27:56 PM"}
{"name":"Drake","level":192,"killCount":-1,"type":"NPC","drops":[{"name":"Drake bones","id":22783,"quantity":1,"price":3030},{"name":"Nature rune","id":561,"quantity":60,"price":110}],"date":"Jan 16, 2023, 7:28:33 PM"}
{"name":"Drake","level":192,"killCount":-1,"type":"NPC","drops":[{"name":"Drake bones","id":22783,"quantity":1,"price":3030},{"name":"Rune arrow","id":892,"quantity":39,"price":95}],"date":"Jan 16, 2023, 7:29:03 PM"}
{"name":"Drake","level":192,"killCount":-1,"type":"NPC","drops":[{"name":"Drake bones","id":22783,"quantity":1,"price":3030},{"name":"Coins","id":995,"quantity":1486,"price":1}],"date":"Jan 16, 2023, 7:29:41 PM"}
{"name":"Drake","level":192,"killCount":-1,"type":"NPC","drops":[{"name":"Drake bones","id":22783,"quantity":1,"price":3030},{"name":"Rune arrow","id":892,"quantity":60,"price":95}],"date":"Jan 16, 2023, 7:30:06 PM"}
{"name":"Drake","level":192,"killCount":-1,"type":"NPC","drops":[{"name":"Drake bones","id":22783,"quantity":1,"price":3030},{"name":"Grimy torstol","id":220,"quantity":1,"price":3941}],"date":"Jan 16, 2023, 7:30:49 PM"}
{"name":"Drake","level":192,"killCount":-1,"type":"NPC","drops":[{"name":"Drake bones","id":22783,"quantity":1,"price":3030},{"name":"Law rune","id":563,"quantity":35,"price":124}],"date":"Jan 16, 2023, 7:31:17 PM"}
{"name":"Drake","level":192,"killCount":-1,"type":"NPC","drops":[{"name":"Drake bones","id":22783,"quantity":1,"price":3030},{"name":"Mystic earth staff","id":1407,"quantity":1,"price":25142}],"date":"Jan 16, 2023, 7:31:39 PM"}
{"name":"Drake","level":192,"killCount":-1,"type":"NPC","drops":[{"name":"Drake bones","id":22783,"quantity":1,"price":3030},{"name":"Fire rune","id":554,"quantity":161,"price":6}],"date":"Jan 16, 2023, 7:33:39 PM"}
{"name":"Drake","level":192,"killCount":-1,"type":"NPC","drops":[{"name":"Drake bones","id":22783,"quantity":1,"price":3030},{"name":"Swordfish","id":373,"quantity":1,"price":267}],"date":"Jan 16, 2023, 7:34:05 PM"}
{"name":"Drake","level":192,"killCount":-1,"type":"NPC","drops":[{"name":"Drake bones","id":22783,"quantity":1,"price":3030},{"name":"Death rune","id":560,"quantity":36,"price":145}],"date":"Jan 16, 2023, 7:34:38 PM"}
{"name":"Drake","level":192,"killCount":-1,"type":"NPC","drops":[{"name":"Drake bones","id":22783,"quantity":1,"price":3030},{"name":"Diamond","id":1602,"quantity":5,"price":1789}],"date":"Jan 16, 2023, 7:35:00 PM"}
{"name":"Drake","level":192,"killCount":-1,"type":"NPC","drops":[{"name":"Drake bones","id":22783,"quantity":1,"price":3030},{"name":"Grimy torstol","id":220,"quantity":3,"price":3941}],"date":"Jan 16, 2023, 7:35:22 PM"}
{"name":"Drake","level":192,"killCount":-1,"type":"NPC","drops":[{"name":"Drake bones","id":22783,"quantity":1,"price":3300},{"name":"Swordfish","id":373,"quantity":1,"price":224}],"date":"Nov 22, 2023, 7:23:05 PM"}
{"name":"Drake","level":192,"killCount":-1,"type":"NPC","drops":[{"name":"Drake bones","id":22783,"quantity":1,"price":3300},{"name":"Dragon mace","id":1434,"quantity":1,"price":29827}],"date":"Nov 22, 2023, 7:25:15 PM"}
{"name":"Drake","level":192,"killCount":-1,"type":"NPC","drops":[{"name":"Drake bones","id":22783,"quantity":1,"price":3300},{"name":"Scroll box (hard)","id":24364,"quantity":1,"price":0},{"name":"Law rune","id":563,"quantity":29,"price":117}],"date":"Nov 22, 2023, 7:25:38 PM"}
{"name":"Drake","level":192,"killCount":-1,"type":"NPC","drops":[{"name":"Drake bones","id":22783,"quantity":1,"price":3300},{"name":"Grimy kwuarm","id":213,"quantity":1,"price":3510},{"name":"Grimy cadantine","id":215,"quantity":1,"price":3920}],"date":"Nov 22, 2023, 7:26:00 PM"}
{"name":"Drake","level":192,"killCount":-1,"type":"NPC","drops":[{"name":"Drake bones","id":22783,"quantity":1,"price":3300},{"name":"Grimy ranarr weed","id":208,"quantity":3,"price":5889}],"date":"Nov 22, 2023, 7:26:14 PM"}
{"name":"Drake","level":192,"killCount":-1,"type":"NPC","drops":[{"name":"Drake bones","id":22783,"quantity":1,"price":3300},{"name":"Red d\u0027hide body","id":2501,"quantity":1,"price":6016}],"date":"Nov 22, 2023, 7:26:39 PM"}
{"name":"Drake","level":192,"killCount":-1,"type":"NPC","drops":[{"name":"Drake bones","id":22783,"quantity":1,"price":3300},{"name":"Diamond","id":1602,"quantity":6,"price":1808}],"date":"Nov 22, 2023, 7:27:46 PM"}
{"name":"Drake","level":192,"killCount":-1,"type":"NPC","drops":[{"name":"Drake bones","id":22783,"quantity":1,"price":3300},{"name":"Fire rune","id":554,"quantity":104,"price":4}],"date":"Nov 22, 2023, 7:28:04 PM"}
{"name":"Drake","level":192,"killCount":-1,"type":"NPC","drops":[{"name":"Drake bones","id":22783,"quantity":1,"price":3300},{"name":"Diamond","id":1602,"quantity":5,"price":1808}],"date":"Nov 22, 2023, 7:28:16 PM"}
{"name":"Drake","level":192,"killCount":-1,"type":"NPC","drops":[{"name":"Drake bones","id":22783,"quantity":1,"price":3300},{"name":"Fire rune","id":554,"quantity":198,"price":4}],"date":"Nov 22, 2023, 7:28:33 PM"}
{"name":"Drake","level":192,"killCount":-1,"type":"NPC","drops":[{"name":"Drake bones","id":22783,"quantity":1,"price":3300},{"name":"Swordfish","id":373,"quantity":1,"price":224},{"name":"Swordfish","id":373,"quantity":1,"price":224}],"date":"Nov 22, 2023, 7:28:53 PM"}
{"name":"Drake","level":192,"killCount":-1,"type":"NPC","drops":[{"name":"Drake bones","id":22783,"quantity":1,"price":3300}],"date":"Nov 22, 2023, 7:29:07 PM"}
{"name":"Drake","level":192,"killCount":-1,"type":"NPC","drops":[{"name":"Drake bones","id":22783,"quantity":1,"price":3300},{"name":"Rune arrow","id":892,"quantity":62,"price":126}],"date":"Nov 22, 2023, 7:29:20 PM"}
{"name":"Drake","level":192,"killCount":-1,"type":"NPC","drops":[{"name":"Drake bones","id":22783,"quantity":1,"price":3300},{"name":"Coins","id":995,"quantity":1418,"price":1}],"date":"Nov 22, 2023, 7:29:37 PM"}
{"name":"Drake","level":192,"killCount":-1,"type":"NPC","drops":[{"name":"Drake bones","id":22783,"quantity":1,"price":3300},{"name":"Coins","id":995,"quantity":6861,"price":1}],"date":"Nov 22, 2023, 7:29:52 PM"}
{"name":"Drake","level":192,"killCount":-1,"type":"NPC","drops":[{"name":"Drake bones","id":22783,"quantity":1,"price":3300},{"name":"Black d\u0027hide vambraces","id":2491,"quantity":1,"price":2288}],"date":"Nov 22, 2023, 7:30:11 PM"}
{"name":"Drake","level":192,"killCount":-1,"type":"NPC","drops":[{"name":"Drake bones","id":22783,"quantity":1,"price":3300},{"name":"Swordfish","id":373,"quantity":1,"price":224}],"date":"Nov 22, 2023, 7:30:28 PM"}
{"name":"Drake","level":192,"killCount":-1,"type":"NPC","drops":[{"name":"Drake bones","id":22783,"quantity":1,"price":3300},{"name":"Death rune","id":560,"quantity":34,"price":138}],"date":"Nov 22, 2023, 7:30:42 PM"}
{"name":"Drake","level":192,"killCount":-1,"type":"NPC","drops":[{"name":"Drake bones","id":22783,"quantity":1,"price":3300},{"name":"Grimy snapdragon","id":3052,"quantity":1,"price":6858}],"date":"Nov 22, 2023, 7:30:59 PM"}
{"name":"Drake","level":192,"killCount":-1,"type":"NPC","drops":[{"name":"Drake bones","id":22783,"quantity":1,"price":3300},{"name":"Rune arrow","id":892,"quantity":39,"price":126}],"date":"Nov 22, 2023, 7:31:18 PM"}
{"name":"Drake","level":192,"killCount":-1,"type":"NPC","drops":[{"name":"Drake bones","id":22783,"quantity":1,"price":3300},{"name":"Nature rune","id":561,"quantity":37,"price":113}],"date":"Nov 22, 2023, 7:31:35 PM"}
{"name":"Drake","level":192,"killCount":-1,"type":"NPC","drops":[{"name":"Drake bones","id":22783,"quantity":1,"price":3300},{"name":"Grimy kwuarm","id":214,"quantity":1,"price":3510}],"date":"Nov 22, 2023, 7:31:52 PM"}
{"name":"Drake","level":192,"killCount":-1,"type":"NPC","drops":[{"name":"Drake bones","id":22783,"quantity":1,"price":3300},{"name":"Death rune","id":560,"quantity":25,"price":138}],"date":"Nov 22, 2023, 7:32:11 PM"}
{"name":"Drake","level":192,"killCount":-1,"type":"NPC","drops":[{"name":"Drake bones","id":22783,"quantity":1,"price":3300},{"name":"Grimy lantadyme","id":2486,"quantity":1,"price":1820}],"date":"Nov 22, 2023, 7:32:41 PM"}
{"name":"Drake","level":192,"killCount":-1,"type":"NPC","drops":[{"name":"Drake bones","id":22783,"quantity":1,"price":3300},{"name":"Scroll box (hard)","id":24364,"quantity":1,"price":0},{"name":"Nature rune","id":561,"quantity":31,"price":113}],"date":"Nov 22, 2023, 7:32:53 PM"}
{"name":"Drake","level":192,"killCount":-1,"type":"NPC","drops":[{"name":"Drake bones","id":22783,"quantity":1,"price":3300},{"name":"Nature rune","id":561,"quantity":34,"price":113}],"date":"Nov 22, 2023, 7:33:10 PM"}
{"name":"Drake","level":192,"killCount":-1,"type":"NPC","drops":[{"name":"Drake bones","id":22783,"quantity":1,"price":3300},{"name":"Death rune","id":560,"quantity":26,"price":138}],"date":"Nov 22, 2023, 7:33:37 PM"}
{"name":"Drake","level":192,"killCount":-1,"type":"NPC","drops":[{"name":"Drake bones","id":22783,"quantity":1,"price":3300},{"name":"Law rune","id":563,"quantity":50,"price":117}],"date":"Nov 22, 2023, 7:33:52 PM"}
{"name":"Drake","level":192,"killCount":-1,"type":"NPC","drops":[{"name":"Drake bones","id":22783,"quantity":1,"price":3300},{"name":"Irit seed","id":5297,"quantity":1,"price":52}],"date":"Nov 22, 2023, 7:34:02 PM"}
{"name":"Drake","level":192,"killCount":-1,"type":"NPC","drops":[{"name":"Drake bones","id":22783,"quantity":1,"price":3300},{"name":"Nature rune","id":561,"quantity":41,"price":113}],"date":"Nov 22, 2023, 7:34:35 PM"}
{"name":"Drake","level":192,"killCount":-1,"type":"NPC","drops":[{"name":"Drake bones","id":22783,"quantity":1,"price":3300},{"name":"Death rune","id":560,"quantity":40,"price":138}],"date":"Nov 22, 2023, 7:34:53 PM"}
{"name":"Drake","level":192,"killCount":-1,"type":"NPC","drops":[{"name":"Drake bones","id":22783,"quantity":1,"price":3300},{"name":"Nature rune","id":561,"quantity":47,"price":113}],"date":"Nov 22, 2023, 7:35:29 PM"}
{"name":"Drake","level":192,"killCount":-1,"type":"NPC","drops":[{"name":"Drake bones","id":22783,"quantity":1,"price":3300},{"name":"Swordfish","id":373,"quantity":1,"price":224},{"name":"Swordfish","id":373,"quantity":1,"price":224}],"date":"Nov 22, 2023, 7:35:48 PM"}
{"name":"Drake","level":192,"killCount":-1,"type":"NPC","drops":[{"name":"Drake bones","id":22783,"quantity":1,"price":3300},{"name":"Death rune","id":560,"quantity":40,"price":138}],"date":"Nov 22, 2023, 7:36:07 PM"}
{"name":"Drake","level":192,"killCount":-1,"type":"NPC","drops":[{"name":"Drake bones","id":22783,"quantity":1,"price":3300},{"name":"Law rune","id":563,"quantity":31,"price":117}],"date":"Nov 22, 2023, 7:36:32 PM"}
{"name":"Drake","level":192,"killCount":-1,"type":"NPC","drops":[{"name":"Drake bones","id":22783,"quantity":1,"price":3300},{"name":"Grimy tarromin","id":203,"quantity":1,"price":173},{"name":"Grimy cadantine","id":215,"quantity":1,"price":3920}],"date":"Nov 22, 2023, 7:36:50 PM"}
{"name":"Drake","level":192,"killCount":-1,"type":"NPC","drops":[{"name":"Drake bones","id":22783,"quantity":1,"price":3300},{"name":"Coins","id":995,"quantity":6448,"price":1}],"date":"Nov 22, 2023, 7:37:10 PM"}
{"name":"Drake","level":192,"killCount":-1,"type":"NPC","drops":[{"name":"Drake bones","id":22783,"quantity":1,"price":3300},{"name":"Scroll box (hard)","id":24364,"quantity":1,"price":0},{"name":"Rune arrow","id":892,"quantity":41,"price":126}],"date":"Nov 22, 2023, 7:37:28 PM"}
{"name":"Drake","level":192,"killCount":-1,"type":"NPC","drops":[{"name":"Drake bones","id":22783,"quantity":1,"price":3300},{"name":"Nature rune","id":561,"quantity":50,"price":113}],"date":"Nov 22, 2023, 7:37:48 PM"}
{"name":"Drake","level":192,"killCount":-1,"type":"NPC","drops":[{"name":"Drake bones","id":22783,"quantity":1,"price":3300},{"name":"Coins","id":995,"quantity":1824,"price":1}],"date":"Nov 22, 2023, 7:38:05 PM"}
{"name":"Drake","level":192,"killCount":-1,"type":"NPC","drops":[{"name":"Drake bones","id":22783,"quantity":1,"price":3300},{"name":"Rune arrow","id":892,"quantity":60,"price":126}],"date":"Nov 22, 2023, 7:38:24 PM"}
{"name":"Drake","level":192,"killCount":-1,"type":"NPC","drops":[{"name":"Drake bones","id":22783,"quantity":1,"price":3300},{"name":"Nature rune","id":561,"quantity":58,"price":113}],"date":"Nov 22, 2023, 7:38:37 PM"}
{"name":"Drake","level":192,"killCount":-1,"type":"NPC","drops":[{"name":"Drake bones","id":22783,"quantity":1,"price":3300},{"name":"Death rune","id":560,"quantity":30,"price":138}],"date":"Nov 22, 2023, 7:38:52 PM"}
{"name":"Drake","level":192,"killCount":-1,"type":"NPC","drops":[{"name":"Drake bones","id":22783,"quantity":1,"price":3300},{"name":"Rune arrow","id":892,"quantity":64,"price":126}],"date":"Nov 22, 2023, 7:39:07 PM"}
{"name":"Drake","level":192,"killCount":-1,"type":"NPC","drops":[{"name":"Drake bones","id":22783,"quantity":1,"price":3300},{"name":"Grimy cadantine","id":216,"quantity":2,"price":3920}],"date":"Nov 22, 2023, 7:39:19 PM"}
{"name":"Drake","level":192,"killCount":-1,"type":"NPC","drops":[{"name":"Drake bones","id":22783,"quantity":1,"price":3300},{"name":"Rune arrow","id":892,"quantity":52,"price":126}],"date":"Nov 22, 2023, 7:39:33 PM"}
{"name":"Drake","level":192,"killCount":-1,"type":"NPC","drops":[{"name":"Drake bones","id":22783,"quantity":1,"price":3300},{"name":"Diamond","id":1602,"quantity":5,"price":1808}],"date":"Nov 22, 2023, 7:39:47 PM"}
{"name":"Drake","level":192,"killCount":-1,"type":"NPC","drops":[{"name":"Drake bones","id":22783,"quantity":1,"price":3300},{"name":"Rune arrow","id":892,"quantity":36,"price":126}],"date":"Nov 22, 2023, 7:40:05 PM"}
{"name":"Drake","level":192,"killCount":-1,"type":"NPC","drops":[{"name":"Drake bones","id":22783,"quantity":1,"price":3300},{"name":"Drake\u0027s claw","id":22957,"quantity":1,"price":476751}],"date":"Nov 22, 2023, 7:40:16 PM"}
{"name":"Drake","level":192,"killCount":-1,"type":"NPC","drops":[{"name":"Drake bones","id":22783,"quantity":1,"price":3300},{"name":"Diamond","id":1602,"quantity":6,"price":1808}],"date":"Nov 22, 2023, 7:40:27 PM"}
{"name":"Drake","level":192,"killCount":-1,"type":"NPC","drops":[{"name":"Drake bones","id":22783,"quantity":1,"price":3300},{"name":"Rune arrow","id":892,"quantity":39,"price":126}],"date":"Nov 22, 2023, 7:41:28 PM"}
{"name":"Drake","level":192,"killCount":-1,"type":"NPC","drops":[{"name":"Drake bones","id":22783,"quantity":1,"price":3300},{"name":"Fire rune","id":554,"quantity":192,"price":4}],"date":"Nov 22, 2023, 7:41:48 PM"}
{"name":"Drake","level":192,"killCount":-1,"type":"NPC","drops":[{"name":"Drake bones","id":22783,"quantity":1,"price":3300},{"name":"Scroll box (hard)","id":24364,"quantity":1,"price":0},{"name":"Red d\u0027hide body","id":2501,"quantity":1,"price":6016}],"date":"Nov 22, 2023, 7:42:05 PM"}
{"name":"Drake","level":192,"killCount":-1,"type":"NPC","drops":[{"name":"Drake bones","id":22783,"quantity":1,"price":3300},{"name":"Swordfish","id":373,"quantity":1,"price":224},{"name":"Swordfish","id":373,"quantity":1,"price":224}],"date":"Nov 22, 2023, 7:42:28 PM"}
{"name":"Drake","level":192,"killCount":-1,"type":"NPC","drops":[{"name":"Drake bones","id":22783,"quantity":1,"price":3300},{"name":"Fire rune","id":554,"quantity":151,"price":4}],"date":"Nov 22, 2023, 7:42:43 PM"}
{"name":"Drake","level":192,"killCount":-1,"type":"NPC","drops":[{"name":"Drake bones","id":22783,"quantity":1,"price":3300},{"name":"Law rune","id":563,"quantity":32,"price":117}],"date":"Nov 22, 2023, 7:42:59 PM"}
{"name":"Drake","level":192,"killCount":-1,"type":"NPC","drops":[{"name":"Drake bones","id":22783,"quantity":1,"price":3300},{"name":"Fire rune","id":554,"quantity":158,"price":4}],"date":"Nov 22, 2023, 7:43:13 PM"}
{"name":"Drake","level":192,"killCount":-1,"type":"NPC","drops":[{"name":"Drake bones","id":22783,"quantity":1,"price":3300},{"name":"Rune arrow","id":892,"quantity":47,"price":126}],"date":"Nov 22, 2023, 7:43:24 PM"}
{"name":"Drake","level":192,"killCount":-1,"type":"NPC","drops":[{"name":"Drake bones","id":22783,"quantity":1,"price":3300},{"name":"Mystic earth staff","id":1407,"quantity":1,"price":25155}],"date":"Nov 22, 2023, 7:43:41 PM"}
{"name":"Drake","level":192,"killCount":-1,"type":"NPC","drops":[{"name":"Drake bones","id":22783,"quantity":1,"price":3300},{"name":"Diamond","id":1602,"quantity":3,"price":1808}],"date":"Nov 22, 2023, 7:44:07 PM"}
{"name":"Drake","level":192,"killCount":-1,"type":"NPC","drops":[{"name":"Drake bones","id":22783,"quantity":1,"price":3300},{"name":"Death rune","id":560,"quantity":33,"price":138}],"date":"Nov 22, 2023, 7:44:22 PM"}
{"name":"Drake","level":192,"killCount":-1,"type":"NPC","drops":[{"name":"Drake bones","id":22783,"quantity":1,"price":3300},{"name":"Rune arrow","id":892,"quantity":53,"price":126}],"date":"Nov 22, 2023, 7:44:37 PM"}
