{"name":"Duke Sucellus","level":758,"killCount":2,"type":"NPC","drops":[{"name":"Dragon arrowtips","id":11237,"quantity":166,"price":1395}],"date":"Aug 1, 2024, 10:34:49 AM"}
{"name":"Duke Sucellus","level":758,"killCount":3,"type":"NPC","drops":[{"name":"Chaos rune","id":562,"quantity":100,"price":105}],"date":"Aug 1, 2024, 10:39:48 AM"}
{"name":"Duke Sucellus","level":758,"killCount":4,"type":"NPC","drops":[{"name":"Adamantite ore","id":450,"quantity":75,"price":857}],"date":"Aug 1, 2024, 10:43:17 AM"}
{"name":"Duke Sucellus","level":758,"killCount":5,"type":"NPC","drops":[{"name":"Ruby","id":1604,"quantity":28,"price":840}],"date":"Aug 1, 2024, 10:50:05 AM"}
{"name":"Duke Sucellus","level":758,"killCount":6,"type":"NPC","drops":[{"name":"Uncut ruby","id":1620,"quantity":62,"price":983}],"date":"Aug 1, 2024, 10:52:45 AM"}
{"name":"Duke Sucellus","level":758,"killCount":7,"type":"NPC","drops":[{"name":"Awakener\u0027s orb","id":28334,"quantity":1,"price":648843}],"date":"Aug 1, 2024, 11:00:52 AM"}
{"name":"Duke Sucellus","level":758,"killCount":8,"type":"NPC","drops":[{"name":"Pineapple pizza","id":2301,"quantity":1,"price":990},{"name":"Pineapple pizza","id":2301,"quantity":1,"price":990},{"name":"Pineapple pizza","id":2301,"quantity":1,"price":990},{"name":"Pineapple pizza","id":2301,"quantity":1,"price":990},{"name":"Prayer potion(3)","id":139,"quantity":1,"price":7060},{"name":"Super combat potion(2)","id":12699,"quantity":1,"price":8359}],"date":"Aug 1, 2024, 11:03:31 AM"}
{"name":"Duke Sucellus","level":758,"killCount":9,"type":"NPC","drops":[{"name":"Coal","id":454,"quantity":216,"price":131}],"date":"Aug 1, 2024, 11:13:47 AM"}
{"name":"Duke Sucellus","level":758,"killCount":10,"type":"NPC","drops":[{"name":"Pineapple pizza","id":2301,"quantity":1,"price":990},{"name":"Pineapple pizza","id":2301,"quantity":1,"price":990},{"name":"Pineapple pizza","id":2301,"quantity":1,"price":990},{"name":"Pineapple pizza","id":2301,"quantity":1,"price":990},{"name":"Prayer potion(3)","id":139,"quantity":1,"price":7060},{"name":"Super combat potion(2)","id":12699,"quantity":1,"price":8359}],"date":"Aug 1, 2024, 11:16:58 AM"}
{"name":"Duke Sucellus","level":758,"killCount":11,"type":"NPC","drops":[{"name":"Coal","id":454,"quantity":216,"price":131}],"date":"Aug 1, 2024, 11:33:05 AM"}
{"name":"Duke Sucellus","level":758,"killCount":12,"type":"NPC","drops":[{"name":"Emerald","id":1606,"quantity":28,"price":443}],"date":"Aug 1, 2024, 11:35:35 AM"}
{"name":"Duke Sucellus","level":758,"killCount":13,"type":"NPC","drops":[{"name":"Dragon javelin heads","id":19582,"quantity":60,"price":923}],"date":"Aug 1, 2024, 1:29:38 PM"}
{"name":"Duke Sucellus","level":758,"killCount":14,"type":"NPC","drops":[{"name":"Mist rune","id":4695,"quantity":100,"price":94}],"date":"Aug 1, 2024, 1:32:48 PM"}
{"name":"Duke Sucellus","level":758,"killCount":15,"type":"NPC","drops":[{"name":"Rune javelin heads","id":19580,"quantity":60,"price":558}],"date":"Aug 1, 2024, 1:37:15 PM"}
{"name":"Duke Sucellus","level":758,"killCount":16,"type":"NPC","drops":[{"name":"Pineapple pizza","id":2301,"quantity":1,"price":990},{"name":"Pineapple pizza","id":2301,"quantity":1,"price":990},{"name":"Pineapple pizza","id":2301,"quantity":1,"price":990},{"name":"Prayer potion(3)","id":139,"quantity":1,"price":7060},{"name":"Super combat potion(2)","id":12699,"quantity":1,"price":8359}],"date":"Aug 1, 2024, 1:40:49 PM"}
{"name":"Duke Sucellus","level":758,"killCount":17,"type":"NPC","drops":[{"name":"Ice quartz","id":28270,"quantity":1,"price":0}],"date":"Aug 1, 2024, 1:45:39 PM"}
{"name":"Duke Sucellus","level":758,"killCount":18,"type":"NPC","drops":[{"name":"Pineapple pizza","id":2301,"quantity":1,"price":990},{"name":"Pineapple pizza","id":2301,"quantity":1,"price":990},{"name":"Pineapple pizza","id":2301,"quantity":1,"price":990},{"name":"Pineapple pizza","id":2301,"quantity":1,"price":990},{"name":"Prayer potion(3)","id":139,"quantity":1,"price":7060},{"name":"Super combat potion(2)","id":12699,"quantity":1,"price":8359}],"date":"Aug 1, 2024, 1:57:53 PM"}
{"name":"Duke Sucellus","level":758,"killCount":19,"type":"NPC","drops":[{"name":"Adamantite ore","id":450,"quantity":75,"price":857}],"date":"Aug 1, 2024, 2:01:54 PM"}
{"name":"Duke Sucellus","level":758,"killCount":20,"type":"NPC","drops":[{"name":"Dragon javelin heads","id":19582,"quantity":60,"price":923}],"date":"Aug 1, 2024, 2:04:54 PM"}
{"name":"Duke Sucellus","level":758,"killCount":21,"type":"NPC","drops":[{"name":"Coal","id":454,"quantity":216,"price":131}],"date":"Aug 1, 2024, 2:12:34 PM"}
{"name":"Duke Sucellus","level":758,"killCount":22,"type":"NPC","drops":[{"name":"Pineapple pizza","id":2301,"quantity":1,"price":990},{"name":"Pineapple pizza","id":2301,"quantity":1,"price":990},{"name":"Pineapple pizza","id":2301,"quantity":1,"price":990},{"name":"Prayer potion(3)","id":139,"quantity":1,"price":7060},{"name":"Super combat potion(2)","id":12699,"quantity":1,"price":8359}],"date":"Aug 1, 2024, 2:15:35 PM"}
{"name":"Duke Sucellus","level":758,"killCount":23,"type":"NPC","drops":[{"name":"Mithril ore","id":448,"quantity":33,"price":171}],"date":"Aug 1, 2024, 2:19:08 PM"}
{"name":"Duke Sucellus","level":758,"killCount":24,"type":"NPC","drops":[{"name":"Adamantite ore","id":450,"quantity":75,"price":857}],"date":"Aug 1, 2024, 2:22:44 PM"}
{"name":"Duke Sucellus","level":758,"killCount":25,"type":"NPC","drops":[{"name":"Pineapple pizza","id":2301,"quantity":1,"price":990},{"name":"Pineapple pizza","id":2301,"quantity":1,"price":990},{"name":"Pineapple pizza","id":2301,"quantity":1,"price":990},{"name":"Pineapple pizza","id":2301,"quantity":1,"price":990},{"name":"Prayer potion(3)","id":139,"quantity":1,"price":7060},{"name":"Super combat potion(2)","id":12699,"quantity":1,"price":8359}],"date":"Aug 1, 2024, 2:31:58 PM"}
{"name":"Duke Sucellus","level":758,"killCount":26,"type":"NPC","drops":[{"name":"Rune javelin heads","id":19580,"quantity":60,"price":558}],"date":"Aug 1, 2024, 2:35:36 PM"}
{"name":"Duke Sucellus","level":758,"killCount":27,"type":"NPC","drops":[{"name":"Uncut diamond","id":1618,"quantity":41,"price":2243}],"date":"Aug 1, 2024, 2:38:32 PM"}
{"name":"Duke Sucellus","level":758,"killCount":28,"type":"NPC","drops":[{"name":"Dragon javelin heads","id":19582,"quantity":60,"price":923}],"date":"Aug 1, 2024, 2:42:11 PM"}
{"name":"Duke Sucellus","level":758,"killCount":29,"type":"NPC","drops":[{"name":"Pineapple pizza","id":2301,"quantity":1,"price":990},{"name":"Pineapple pizza","id":2301,"quantity":1,"price":990},{"name":"Pineapple pizza","id":2301,"quantity":1,"price":990},{"name":"Prayer potion(3)","id":139,"quantity":1,"price":7060},{"name":"Super combat potion(2)","id":12699,"quantity":1,"price":8359}],"date":"Aug 1, 2024, 2:47:03 PM"}
{"name":"Duke Sucellus","level":758,"killCount":30,"type":"NPC","drops":[{"name":"Pineapple pizza","id":2301,"quantity":1,"price":990},{"name":"Pineapple pizza","id":2301,"quantity":1,"price":990},{"name":"Pineapple pizza","id":2301,"quantity":1,"price":990},{"name":"Prayer potion(3)","id":139,"quantity":1,"price":7060},{"name":"Super combat potion(2)","id":12699,"quantity":1,"price":8359}],"date":"Aug 1, 2024, 2:49:41 PM"}
{"name":"Duke Sucellus","level":758,"killCount":31,"type":"NPC","drops":[{"name":"Rune javelin heads","id":19580,"quantity":60,"price":558}],"date":"Aug 1, 2024, 2:52:47 PM"}
{"name":"Duke Sucellus","level":758,"killCount":32,"type":"NPC","drops":[{"name":"Pineapple pizza","id":2301,"quantity":1,"price":990},{"name":"Pineapple pizza","id":2301,"quantity":1,"price":990},{"name":"Pineapple pizza","id":2301,"quantity":1,"price":990},{"name":"Pineapple pizza","id":2301,"quantity":1,"price":990},{"name":"Prayer potion(3)","id":139,"quantity":1,"price":7060},{"name":"Super combat potion(2)","id":12699,"quantity":1,"price":8359}],"date":"Aug 1, 2024, 2:55:56 PM"}
{"name":"Duke Sucellus","level":758,"killCount":33,"type":"NPC","drops":[{"name":"Pineapple pizza","id":2301,"quantity":1,"price":990},{"name":"Pineapple pizza","id":2301,"quantity":1,"price":990},{"name":"Pineapple pizza","id":2301,"quantity":1,"price":990},{"name":"Prayer potion(3)","id":139,"quantity":1,"price":7060},{"name":"Super combat potion(2)","id":12699,"quantity":1,"price":8359}],"date":"Aug 1, 2024, 2:59:43 PM"}
{"name":"Duke Sucellus","level":758,"killCount":34,"type":"NPC","drops":[{"name":"Mist rune","id":4695,"quantity":100,"price":94}],"date":"Aug 1, 2024, 3:03:11 PM"}
{"name":"Duke Sucellus","level":758,"killCount":35,"type":"NPC","drops":[{"name":"Chaos rune","id":562,"quantity":100,"price":105}],"date":"Aug 1, 2024, 3:06:18 PM"}
{"name":"Duke Sucellus","level":758,"killCount":36,"type":"NPC","drops":[{"name":"Pineapple pizza","id":2301,"quantity":1,"price":1018},{"name":"Pineapple pizza","id":2301,"quantity":1,"price":1018},{"name":"Pineapple pizza","id":2301,"quantity":1,"price":1018},{"name":"Pineapple pizza","id":2301,"quantity":1,"price":1018},{"name":"Prayer potion(3)","id":139,"quantity":1,"price":7071},{"name":"Super combat potion(2)","id":12699,"quantity":1,"price":8390}],"date":"Aug 1, 2024, 3:37:19 PM"}
{"name":"Duke Sucellus","level":758,"killCount":37,"type":"NPC","drops":[{"name":"Uncut diamond","id":1618,"quantity":62,"price":2268}],"date":"Aug 1, 2024, 3:40:55 PM"}
{"name":"Duke Sucellus","level":758,"killCount":38,"type":"NPC","drops":[{"name":"Mist rune","id":4695,"quantity":150,"price":95}],"date":"Aug 1, 2024, 3:44:09 PM"}
{"name":"Duke Sucellus","level":758,"killCount":39,"type":"NPC","drops":[{"name":"Coal","id":454,"quantity":325,"price":129}],"date":"Aug 1, 2024, 3:49:06 PM"}
{"name":"Duke Sucellus","level":758,"killCount":40,"type":"NPC","drops":[{"name":"Chaos rune","id":562,"quantity":100,"price":102}],"date":"Aug 1, 2024, 3:58:22 PM"}
{"name":"Duke Sucellus","level":758,"killCount":41,"type":"NPC","drops":[{"name":"Frozen tablet","id":28333,"quantity":1,"price":0}],"date":"Aug 1, 2024, 4:02:44 PM"}
{"name":"Duke Sucellus","level":758,"killCount":42,"type":"NPC","drops":[{"name":"Pure essence","id":7937,"quantity":200,"price":1}],"date":"Aug 1, 2024, 4:06:06 PM"}
{"name":"Duke Sucellus","level":758,"killCount":43,"type":"NPC","drops":[{"name":"Coal","id":454,"quantity":216,"price":129}],"date":"Aug 1, 2024, 4:09:28 PM"}
{"name":"Duke Sucellus","level":758,"killCount":44,"type":"NPC","drops":[{"name":"Uncut ruby","id":1620,"quantity":62,"price":997}],"date":"Aug 1, 2024, 4:12:20 PM"}
{"name":"Duke Sucellus","level":758,"killCount":45,"type":"NPC","drops":[{"name":"Adamantite ore","id":450,"quantity":112,"price":826}],"date":"Aug 1, 2024, 4:16:01 PM"}
{"name":"Duke Sucellus","level":758,"killCount":46,"type":"NPC","drops":[{"name":"Uncut ruby","id":1620,"quantity":41,"price":997}],"date":"Aug 1, 2024, 4:19:10 PM"}
{"name":"Duke Sucellus","level":758,"killCount":47,"type":"NPC","drops":[{"name":"Dragon arrowtips","id":11237,"quantity":250,"price":1431}],"date":"Aug 1, 2024, 4:22:45 PM"}
{"name":"Duke Sucellus","level":758,"killCount":48,"type":"NPC","drops":[{"name":"Dragon javelin heads","id":19582,"quantity":90,"price":917}],"date":"Aug 1, 2024, 4:32:29 PM"}
{"name":"Duke Sucellus","level":758,"killCount":49,"type":"NPC","drops":[{"name":"Uncut ruby","id":1620,"quantity":62,"price":997}],"date":"Aug 1, 2024, 4:35:58 PM"}
{"name":"Duke Sucellus","level":758,"killCount":50,"type":"NPC","drops":[{"name":"Chaos rune","id":562,"quantity":150,"price":102}],"date":"Aug 1, 2024, 4:43:52 PM"}
