{"name":"Elder Chaos druid","level":129,"killCount":-1,"type":"NPC","drops":[{"name":"Bones","id":526,"quantity":1,"price":60},{"name":"Grimy avantoe","id":211,"quantity":1,"price":3365},{"name":"Grimy tarromin","id":203,"quantity":1,"price":107}],"date":"Aug 6, 2023, 12:14:03 AM"}
{"name":"Elder Chaos druid","level":129,"killCount":-1,"type":"NPC","drops":[{"name":"Bones","id":526,"quantity":1,"price":60},{"name":"Grimy harralander","id":205,"quantity":1,"price":459}],"date":"Aug 6, 2023, 12:14:21 AM"}
{"name":"Elder Chaos druid","level":129,"killCount":-1,"type":"NPC","drops":[{"name":"Bones","id":526,"quantity":1,"price":60},{"name":"Vial of water","id":227,"quantity":1,"price":3},{"name":"Vial of water","id":227,"quantity":1,"price":3},{"name":"Vial of water","id":227,"quantity":1,"price":3},{"name":"Vial of water","id":227,"quantity":1,"price":3}],"date":"Aug 6, 2023, 12:14:44 AM"}
{"name":"Elder Chaos druid","level":129,"killCount":-1,"type":"NPC","drops":[{"name":"Bones","id":526,"quantity":1,"price":60},{"name":"Ensouled chaos druid head","id":13471,"quantity":1,"price":791},{"name":"Unholy mould","id":1594,"quantity":1,"price":0}],"date":"Aug 6, 2023, 12:15:03 AM"}
{"name":"Elder Chaos druid","level":129,"killCount":-1,"type":"NPC","drops":[{"name":"Bones","id":526,"quantity":1,"price":60},{"name":"Mind rune","id":558,"quantity":22,"price":2}],"date":"Aug 6, 2023, 12:15:21 AM"}
{"name":"Elder Chaos druid","level":129,"killCount":-1,"type":"NPC","drops":[{"name":"Bones","id":526,"quantity":1,"price":60},{"name":"Vial of water","id":227,"quantity":1,"price":3},{"name":"Vial of water","id":227,"quantity":1,"price":3},{"name":"Vial of water","id":227,"quantity":1,"price":3},{"name":"Vial of water","id":227,"quantity":1,"price":3}],"date":"Aug 6, 2023, 12:15:42 AM"}
{"name":"Elder Chaos druid","level":129,"killCount":-1,"type":"NPC","drops":[{"name":"Bones","id":526,"quantity":1,"price":60},{"name":"Grimy cadantine","id":215,"quantity":1,"price":3240},{"name":"Grimy guam leaf","id":199,"quantity":1,"price":51}],"date":"Aug 6, 2023, 12:16:02 AM"}
{"name":"Elder Chaos druid","level":129,"killCount":-1,"type":"NPC","drops":[{"name":"Bones","id":526,"quantity":1,"price":60},{"name":"Mind rune","id":558,"quantity":22,"price":2}],"date":"Aug 6, 2023, 12:16:23 AM"}
{"name":"Elder Chaos druid","level":129,"killCount":-1,"type":"NPC","drops":[{"name":"Bones","id":526,"quantity":1,"price":60},{"name":"Coins","id":995,"quantity":80,"price":1}],"date":"Aug 6, 2023, 12:16:44 AM"}
{"name":"Elder Chaos druid","level":129,"killCount":-1,"type":"NPC","drops":[{"name":"Bones","id":526,"quantity":1,"price":60},{"name":"Grimy tarromin","id":203,"quantity":1,"price":107},{"name":"Grimy marrentill","id":201,"quantity":1,"price":35}],"date":"Aug 6, 2023, 12:17:00 AM"}
{"name":"Elder Chaos druid","level":129,"killCount":-1,"type":"NPC","drops":[{"name":"Bones","id":526,"quantity":1,"price":60},{"name":"Ensouled chaos druid head","id":13471,"quantity":1,"price":791},{"name":"Grimy harralander","id":205,"quantity":1,"price":459}],"date":"Aug 6, 2023, 12:19:44 AM"}
{"name":"Elder Chaos druid","level":129,"killCount":-1,"type":"NPC","drops":[{"name":"Bones","id":526,"quantity":1,"price":60},{"name":"Ensouled chaos druid head","id":13471,"quantity":1,"price":791},{"name":"Earth rune","id":557,"quantity":19,"price":4}],"date":"Aug 6, 2023, 12:20:04 AM"}
{"name":"Elder Chaos druid","level":129,"killCount":-1,"type":"NPC","drops":[{"name":"Bones","id":526,"quantity":1,"price":60},{"name":"Coins","id":995,"quantity":80,"price":1}],"date":"Aug 6, 2023, 12:20:28 AM"}
{"name":"Elder Chaos druid","level":129,"killCount":-1,"type":"NPC","drops":[{"name":"Bones","id":526,"quantity":1,"price":60},{"name":"Grimy guam leaf","id":199,"quantity":1,"price":51},{"name":"Grimy guam leaf","id":199,"quantity":1,"price":51}],"date":"Aug 6, 2023, 12:20:38 AM"}
{"name":"Elder Chaos druid","level":129,"killCount":-1,"type":"NPC","drops":[{"name":"Bones","id":526,"quantity":1,"price":60},{"name":"Steel longsword","id":1295,"quantity":1,"price":134}],"date":"Aug 6, 2023, 12:20:57 AM"}
{"name":"Elder Chaos druid","level":129,"killCount":-1,"type":"NPC","drops":[{"name":"Bones","id":526,"quantity":1,"price":60},{"name":"Grimy tarromin","id":203,"quantity":1,"price":107}],"date":"Aug 6, 2023, 12:21:13 AM"}
{"name":"Elder Chaos druid","level":129,"killCount":-1,"type":"NPC","drops":[{"name":"Bones","id":526,"quantity":1,"price":60},{"name":"Zamorak monk bottom","id":1033,"quantity":1,"price":2788}],"date":"Aug 6, 2023, 12:21:34 AM"}
{"name":"Elder Chaos druid","level":129,"killCount":-1,"type":"NPC","drops":[{"name":"Bones","id":526,"quantity":1,"price":60},{"name":"Mithril bolts","id":9142,"quantity":28,"price":56}],"date":"Aug 6, 2023, 12:21:52 AM"}
{"name":"Elder Chaos druid","level":129,"killCount":-1,"type":"NPC","drops":[{"name":"Bones","id":526,"quantity":1,"price":60},{"name":"Chaos rune","id":562,"quantity":7,"price":56}],"date":"Aug 6, 2023, 12:22:11 AM"}
{"name":"Elder Chaos druid","level":129,"killCount":-1,"type":"NPC","drops":[{"name":"Bones","id":526,"quantity":1,"price":60},{"name":"Mind rune","id":558,"quantity":22,"price":2}],"date":"Aug 6, 2023, 12:22:33 AM"}
{"name":"Elder Chaos druid","level":129,"killCount":-1,"type":"NPC","drops":[{"name":"Bones","id":526,"quantity":1,"price":60},{"name":"Law rune","id":563,"quantity":6,"price":118}],"date":"Aug 6, 2023, 12:22:59 AM"}
{"name":"Elder Chaos druid","level":129,"killCount":-1,"type":"NPC","drops":[{"name":"Bones","id":526,"quantity":1,"price":60},{"name":"Ensouled chaos druid head","id":13471,"quantity":1,"price":791},{"name":"Grimy guam leaf","id":199,"quantity":1,"price":51}],"date":"Aug 6, 2023, 12:23:27 AM"}
{"name":"Elder Chaos druid","level":129,"killCount":-1,"type":"NPC","drops":[{"name":"Bones","id":526,"quantity":1,"price":60},{"name":"Grimy marrentill","id":201,"quantity":1,"price":35},{"name":"Grimy guam leaf","id":199,"quantity":1,"price":51},{"name":"Grimy guam leaf","id":199,"quantity":1,"price":51}],"date":"Aug 6, 2023, 12:23:40 AM"}
{"name":"Elder Chaos druid","level":129,"killCount":-1,"type":"NPC","drops":[{"name":"Bones","id":526,"quantity":1,"price":60},{"name":"Vial of water","id":227,"quantity":1,"price":3},{"name":"Vial of water","id":227,"quantity":1,"price":3},{"name":"Vial of water","id":227,"quantity":1,"price":3},{"name":"Vial of water","id":227,"quantity":1,"price":3}],"date":"Aug 6, 2023, 12:24:44 AM"}
{"name":"Elder Chaos druid","level":129,"killCount":-1,"type":"NPC","drops":[{"name":"Bones","id":526,"quantity":1,"price":60},{"name":"Coins","id":995,"quantity":250,"price":1}],"date":"Aug 6, 2023, 12:24:48 AM"}
{"name":"Elder Chaos druid","level":129,"killCount":-1,"type":"NPC","drops":[{"name":"Bones","id":526,"quantity":1,"price":60},{"name":"Grimy ranarr weed","id":207,"quantity":1,"price":6854},{"name":"Grimy harralander","id":205,"quantity":1,"price":459},{"name":"Grimy harralander","id":205,"quantity":1,"price":459}],"date":"Aug 6, 2023, 12:25:17 AM"}
{"name":"Elder Chaos druid","level":129,"killCount":-1,"type":"NPC","drops":[{"name":"Bones","id":526,"quantity":1,"price":60},{"name":"Grimy harralander","id":205,"quantity":1,"price":459},{"name":"Grimy tarromin","id":203,"quantity":1,"price":107}],"date":"Aug 6, 2023, 12:25:31 AM"}
{"name":"Elder Chaos druid","level":129,"killCount":-1,"type":"NPC","drops":[{"name":"Bones","id":526,"quantity":1,"price":60},{"name":"Grimy tarromin","id":203,"quantity":1,"price":107},{"name":"Grimy guam leaf","id":199,"quantity":1,"price":51},{"name":"Grimy marrentill","id":201,"quantity":1,"price":35},{"name":"Grimy tarromin","id":203,"quantity":1,"price":107}],"date":"Aug 6, 2023, 12:25:52 AM"}
{"name":"Elder Chaos druid","level":129,"killCount":-1,"type":"NPC","drops":[{"name":"Bones","id":526,"quantity":1,"price":60},{"name":"Dark fishing bait","id":11940,"quantity":11,"price":4}],"date":"Aug 6, 2023, 12:26:13 AM"}
{"name":"Elder Chaos druid","level":129,"killCount":-1,"type":"NPC","drops":[{"name":"Bones","id":526,"quantity":1,"price":60},{"name":"Earth rune","id":557,"quantity":19,"price":4}],"date":"Aug 6, 2023, 12:26:36 AM"}
{"name":"Elder Chaos druid","level":129,"killCount":-1,"type":"NPC","drops":[{"name":"Bones","id":526,"quantity":1,"price":60},{"name":"Grimy tarromin","id":203,"quantity":1,"price":107},{"name":"Grimy kwuarm","id":213,"quantity":1,"price":3235}],"date":"Aug 6, 2023, 12:26:55 AM"}
{"name":"Elder Chaos druid","level":129,"killCount":-1,"type":"NPC","drops":[{"name":"Bones","id":526,"quantity":1,"price":60},{"name":"Ensouled chaos druid head","id":13471,"quantity":1,"price":791},{"name":"Chaos rune","id":562,"quantity":7,"price":56}],"date":"Aug 6, 2023, 12:27:17 AM"}
{"name":"Elder Chaos druid","level":129,"killCount":-1,"type":"NPC","drops":[{"name":"Bones","id":526,"quantity":1,"price":60},{"name":"Grimy marrentill","id":201,"quantity":1,"price":35},{"name":"Grimy marrentill","id":201,"quantity":1,"price":35}],"date":"Aug 6, 2023, 12:27:44 AM"}
{"name":"Elder Chaos druid","level":129,"killCount":-1,"type":"NPC","drops":[{"name":"Bones","id":526,"quantity":1,"price":60},{"name":"Coins","id":995,"quantity":250,"price":1}],"date":"Aug 6, 2023, 12:28:12 AM"}
{"name":"Elder Chaos druid","level":129,"killCount":-1,"type":"NPC","drops":[{"name":"Bones","id":526,"quantity":1,"price":60},{"name":"Grimy kwuarm","id":213,"quantity":1,"price":3235},{"name":"Grimy marrentill","id":201,"quantity":1,"price":35}],"date":"Aug 6, 2023, 12:28:28 AM"}
{"name":"Elder Chaos druid","level":129,"killCount":-1,"type":"NPC","drops":[{"name":"Bones","id":526,"quantity":1,"price":60},{"name":"Grimy guam leaf","id":199,"quantity":1,"price":51},{"name":"Grimy guam leaf","id":199,"quantity":1,"price":51},{"name":"Grimy kwuarm","id":213,"quantity":1,"price":3235}],"date":"Aug 6, 2023, 12:28:46 AM"}
{"name":"Elder Chaos druid","level":129,"killCount":-1,"type":"NPC","drops":[{"name":"Bones","id":526,"quantity":1,"price":60},{"name":"Grimy tarromin","id":203,"quantity":1,"price":107}],"date":"Aug 6, 2023, 12:28:59 AM"}
{"name":"Elder Chaos druid","level":129,"killCount":-1,"type":"NPC","drops":[{"name":"Bones","id":526,"quantity":1,"price":60},{"name":"Earth rune","id":557,"quantity":19,"price":4}],"date":"Aug 6, 2023, 12:29:22 AM"}
{"name":"Elder Chaos druid","level":129,"killCount":-1,"type":"NPC","drops":[{"name":"Bones","id":526,"quantity":1,"price":60},{"name":"Grimy marrentill","id":201,"quantity":1,"price":35},{"name":"Grimy harralander","id":205,"quantity":1,"price":459}],"date":"Aug 6, 2023, 12:29:36 AM"}
{"name":"Elder Chaos druid","level":129,"killCount":-1,"type":"NPC","drops":[{"name":"Bones","id":526,"quantity":1,"price":60},{"name":"Grimy tarromin","id":203,"quantity":1,"price":107},{"name":"Grimy guam leaf","id":199,"quantity":1,"price":51}],"date":"Aug 6, 2023, 12:29:59 AM"}
{"name":"Elder Chaos druid","level":129,"killCount":-1,"type":"NPC","drops":[{"name":"Bones","id":526,"quantity":1,"price":60},{"name":"Mind rune","id":558,"quantity":22,"price":2}],"date":"Aug 6, 2023, 12:30:20 AM"}
{"name":"Elder Chaos druid","level":129,"killCount":-1,"type":"NPC","drops":[{"name":"Bones","id":526,"quantity":1,"price":60},{"name":"Coins","id":995,"quantity":250,"price":1}],"date":"Aug 6, 2023, 12:30:41 AM"}
{"name":"Elder Chaos druid","level":129,"killCount":-1,"type":"NPC","drops":[{"name":"Bones","id":526,"quantity":1,"price":60},{"name":"Coins","id":995,"quantity":250,"price":1}],"date":"Aug 6, 2023, 12:31:02 AM"}
{"name":"Elder Chaos druid","level":129,"killCount":-1,"type":"NPC","drops":[{"name":"Bones","id":526,"quantity":1,"price":60},{"name":"Ensouled chaos druid head","id":13471,"quantity":1,"price":791},{"name":"Coins","id":995,"quantity":250,"price":1}],"date":"Aug 6, 2023, 12:31:23 AM"}
{"name":"Elder Chaos druid","level":129,"killCount":-1,"type":"NPC","drops":[{"name":"Bones","id":526,"quantity":1,"price":60},{"name":"Ensouled chaos druid head","id":13471,"quantity":1,"price":791},{"name":"Mithril bolts","id":9142,"quantity":12,"price":56}],"date":"Aug 6, 2023, 12:31:40 AM"}
{"name":"Elder Chaos druid","level":129,"killCount":-1,"type":"NPC","drops":[{"name":"Bones","id":526,"quantity":1,"price":60},{"name":"Mind rune","id":558,"quantity":22,"price":2}],"date":"Aug 6, 2023, 12:31:57 AM"}
{"name":"Elder Chaos druid","level":129,"killCount":-1,"type":"NPC","drops":[{"name":"Bones","id":526,"quantity":1,"price":60},{"name":"Ensouled chaos druid head","id":13471,"quantity":1,"price":791},{"name":"Steel longsword","id":1295,"quantity":1,"price":134}],"date":"Aug 6, 2023, 12:32:17 AM"}
{"name":"Elder Chaos druid","level":129,"killCount":-1,"type":"NPC","drops":[{"name":"Bones","id":526,"quantity":1,"price":60},{"name":"Earth rune","id":557,"quantity":19,"price":4}],"date":"Aug 6, 2023, 12:32:38 AM"}
{"name":"Elder Chaos druid","level":129,"killCount":-1,"type":"NPC","drops":[{"name":"Bones","id":526,"quantity":1,"price":60},{"name":"Ensouled chaos druid head","id":13471,"quantity":1,"price":791},{"name":"Law rune","id":563,"quantity":6,"price":118}],"date":"Aug 6, 2023, 12:33:04 AM"}
{"name":"Elder Chaos druid","level":129,"killCount":-1,"type":"NPC","drops":[{"name":"Bones","id":526,"quantity":1,"price":60},{"name":"Earth rune","id":557,"quantity":19,"price":4}],"date":"Aug 6, 2023, 12:33:19 AM"}
{"name":"Elder Chaos druid","level":129,"killCount":-1,"type":"NPC","drops":[{"name":"Bones","id":526,"quantity":1,"price":60},{"name":"Steel longsword","id":1295,"quantity":1,"price":134}],"date":"Aug 6, 2023, 12:33:34 AM"}
{"name":"Elder Chaos druid","level":129,"killCount":-1,"type":"NPC","drops":[{"name":"Bones","id":526,"quantity":1,"price":60},{"name":"Steel longsword","id":1295,"quantity":1,"price":134}],"date":"Aug 6, 2023, 12:33:58 AM"}
{"name":"Elder Chaos druid","level":129,"killCount":-1,"type":"NPC","drops":[{"name":"Bones","id":526,"quantity":1,"price":60},{"name":"Vial of water","id":227,"quantity":1,"price":3},{"name":"Vial of water","id":227,"quantity":1,"price":3},{"name":"Vial of water","id":227,"quantity":1,"price":3},{"name":"Vial of water","id":227,"quantity":1,"price":3}],"date":"Aug 6, 2023, 12:34:16 AM"}
{"name":"Elder Chaos druid","level":129,"killCount":-1,"type":"NPC","drops":[{"name":"Bones","id":526,"quantity":1,"price":60},{"name":"Grimy irit leaf","id":209,"quantity":1,"price":1023},{"name":"Grimy guam leaf","id":199,"quantity":1,"price":51},{"name":"Grimy marrentill","id":201,"quantity":1,"price":35}],"date":"Aug 6, 2023, 12:34:32 AM"}
{"name":"Elder Chaos druid","level":129,"killCount":-1,"type":"NPC","drops":[{"name":"Bones","id":526,"quantity":1,"price":60},{"name":"Coins","id":995,"quantity":250,"price":1}],"date":"Aug 6, 2023, 12:34:57 AM"}
{"name":"Elder Chaos druid","level":129,"killCount":-1,"type":"NPC","drops":[{"name":"Bones","id":526,"quantity":1,"price":60},{"name":"Grimy harralander","id":205,"quantity":1,"price":459},{"name":"Grimy ranarr weed","id":207,"quantity":1,"price":6854}],"date":"Aug 6, 2023, 12:35:24 AM"}
{"name":"Elder Chaos druid","level":129,"killCount":-1,"type":"NPC","drops":[{"name":"Bones","id":526,"quantity":1,"price":60},{"name":"Air rune","id":556,"quantity":56,"price":4}],"date":"Aug 6, 2023, 12:35:45 AM"}
{"name":"Elder Chaos druid","level":129,"killCount":-1,"type":"NPC","drops":[{"name":"Bones","id":526,"quantity":1,"price":60},{"name":"Air rune","id":556,"quantity":56,"price":4}],"date":"Aug 6, 2023, 12:37:42 AM"}
{"name":"Elder Chaos druid","level":129,"killCount":-1,"type":"NPC","drops":[{"name":"Bones","id":526,"quantity":1,"price":60},{"name":"Earth rune","id":557,"quantity":19,"price":4}],"date":"Aug 6, 2023, 12:38:01 AM"}
{"name":"Elder Chaos druid","level":129,"killCount":-1,"type":"NPC","drops":[{"name":"Bones","id":526,"quantity":1,"price":60},{"name":"Body rune","id":559,"quantity":19,"price":4}],"date":"Aug 6, 2023, 12:38:22 AM"}
{"name":"Elder Chaos druid","level":129,"killCount":-1,"type":"NPC","drops":[{"name":"Bones","id":526,"quantity":1,"price":60},{"name":"Earth rune","id":557,"quantity":19,"price":4}],"date":"Aug 6, 2023, 12:38:42 AM"}
{"name":"Elder Chaos druid","level":129,"killCount":-1,"type":"NPC","drops":[{"name":"Bones","id":526,"quantity":1,"price":60},{"name":"Mithril bolts","id":9142,"quantity":26,"price":56}],"date":"Aug 6, 2023, 12:38:56 AM"}
{"name":"Elder Chaos druid","level":129,"killCount":-1,"type":"NPC","drops":[{"name":"Bones","id":526,"quantity":1,"price":60},{"name":"Vial of water","id":227,"quantity":1,"price":3},{"name":"Vial of water","id":227,"quantity":1,"price":3},{"name":"Vial of water","id":227,"quantity":1,"price":3},{"name":"Vial of water","id":227,"quantity":1,"price":3}],"date":"Aug 6, 2023, 12:39:16 AM"}
{"name":"Elder Chaos druid","level":129,"killCount":-1,"type":"NPC","drops":[{"name":"Bones","id":526,"quantity":1,"price":60},{"name":"Grimy harralander","id":205,"quantity":1,"price":459},{"name":"Grimy tarromin","id":203,"quantity":1,"price":107},{"name":"Grimy marrentill","id":201,"quantity":1,"price":35}],"date":"Aug 6, 2023, 12:39:29 AM"}
{"name":"Elder Chaos druid","level":129,"killCount":-1,"type":"NPC","drops":[{"name":"Bones","id":526,"quantity":1,"price":60},{"name":"Earth rune","id":557,"quantity":19,"price":4}],"date":"Aug 6, 2023, 12:39:49 AM"}
{"name":"Elder Chaos druid","level":129,"killCount":-1,"type":"NPC","drops":[{"name":"Bones","id":526,"quantity":1,"price":60},{"name":"Mind rune","id":558,"quantity":22,"price":2}],"date":"Aug 6, 2023, 12:40:09 AM"}
{"name":"Elder Chaos druid","level":129,"killCount":-1,"type":"NPC","drops":[{"name":"Bones","id":526,"quantity":1,"price":60},{"name":"Grimy harralander","id":205,"quantity":1,"price":459},{"name":"Grimy tarromin","id":203,"quantity":1,"price":107}],"date":"Aug 6, 2023, 12:40:36 AM"}
{"name":"Elder Chaos druid","level":129,"killCount":-1,"type":"NPC","drops":[{"name":"Bones","id":526,"quantity":1,"price":60},{"name":"Steel longsword","id":1295,"quantity":1,"price":134}],"date":"Aug 6, 2023, 12:40:58 AM"}
{"name":"Elder Chaos druid","level":129,"killCount":-1,"type":"NPC","drops":[{"name":"Bones","id":526,"quantity":1,"price":60},{"name":"Grimy dwarf weed","id":217,"quantity":1,"price":1032}],"date":"Aug 6, 2023, 12:41:12 AM"}
{"name":"Elder Chaos druid","level":129,"killCount":-1,"type":"NPC","drops":[{"name":"Bones","id":526,"quantity":1,"price":60},{"name":"Grimy avantoe","id":211,"quantity":1,"price":3365},{"name":"Grimy guam leaf","id":199,"quantity":1,"price":51},{"name":"Grimy marrentill","id":201,"quantity":1,"price":35}],"date":"Aug 6, 2023, 12:41:34 AM"}
{"name":"Elder Chaos druid","level":129,"killCount":-1,"type":"NPC","drops":[{"name":"Bones","id":526,"quantity":1,"price":60},{"name":"Grimy tarromin","id":203,"quantity":1,"price":107},{"name":"Grimy guam leaf","id":199,"quantity":1,"price":51},{"name":"Grimy dwarf weed","id":217,"quantity":1,"price":1032}],"date":"Aug 6, 2023, 12:41:53 AM"}
{"name":"Elder Chaos druid","level":129,"killCount":-1,"type":"NPC","drops":[{"name":"Bones","id":526,"quantity":1,"price":60},{"name":"Mithril bolts","id":9142,"quantity":16,"price":56}],"date":"Aug 6, 2023, 12:42:06 AM"}
{"name":"Elder Chaos druid","level":129,"killCount":-1,"type":"NPC","drops":[{"name":"Bones","id":526,"quantity":1,"price":60},{"name":"Vial of water","id":227,"quantity":1,"price":3},{"name":"Vial of water","id":227,"quantity":1,"price":3},{"name":"Vial of water","id":227,"quantity":1,"price":3},{"name":"Vial of water","id":227,"quantity":1,"price":3}],"date":"Aug 6, 2023, 12:42:28 AM"}
{"name":"Elder Chaos druid","level":129,"killCount":-1,"type":"NPC","drops":[{"name":"Bones","id":526,"quantity":1,"price":60},{"name":"Grimy tarromin","id":203,"quantity":1,"price":107},{"name":"Grimy tarromin","id":203,"quantity":1,"price":107},{"name":"Grimy marrentill","id":201,"quantity":1,"price":35}],"date":"Aug 6, 2023, 12:42:45 AM"}
{"name":"Elder Chaos druid","level":129,"killCount":-1,"type":"NPC","drops":[{"name":"Bones","id":526,"quantity":1,"price":60},{"name":"Grimy dwarf weed","id":217,"quantity":1,"price":1032}],"date":"Aug 6, 2023, 12:43:09 AM"}
{"name":"Elder Chaos druid","level":129,"killCount":-1,"type":"NPC","drops":[{"name":"Bones","id":526,"quantity":1,"price":60},{"name":"Grimy avantoe","id":211,"quantity":1,"price":3365},{"name":"Grimy lantadyme","id":2485,"quantity":1,"price":1404},{"name":"Grimy tarromin","id":203,"quantity":1,"price":107}],"date":"Aug 6, 2023, 12:43:31 AM"}
{"name":"Elder Chaos druid","level":129,"killCount":-1,"type":"NPC","drops":[{"name":"Bones","id":526,"quantity":1,"price":60},{"name":"Earth rune","id":557,"quantity":19,"price":4}],"date":"Aug 6, 2023, 12:43:52 AM"}
{"name":"Elder Chaos druid","level":129,"killCount":-1,"type":"NPC","drops":[{"name":"Bones","id":526,"quantity":1,"price":60},{"name":"Grimy harralander","id":205,"quantity":1,"price":459},{"name":"Grimy guam leaf","id":199,"quantity":1,"price":51}],"date":"Aug 6, 2023, 12:44:13 AM"}
{"name":"Elder Chaos druid","level":129,"killCount":-1,"type":"NPC","drops":[{"name":"Bones","id":526,"quantity":1,"price":60},{"name":"Coins","id":995,"quantity":250,"price":1}],"date":"Aug 6, 2023, 12:44:45 AM"}
{"name":"Elder Chaos druid","level":129,"killCount":-1,"type":"NPC","drops":[{"name":"Bones","id":526,"quantity":1,"price":60},{"name":"Mithril bolts","id":9142,"quantity":19,"price":56}],"date":"Aug 6, 2023, 12:45:06 AM"}
{"name":"Elder Chaos druid","level":129,"killCount":-1,"type":"NPC","drops":[{"name":"Bones","id":526,"quantity":1,"price":60},{"name":"Steel longsword","id":1295,"quantity":1,"price":134}],"date":"Aug 6, 2023, 12:45:28 AM"}
{"name":"Elder Chaos druid","level":129,"killCount":-1,"type":"NPC","drops":[{"name":"Bones","id":526,"quantity":1,"price":60},{"name":"Grimy marrentill","id":201,"quantity":1,"price":35}],"date":"Aug 6, 2023, 12:45:48 AM"}
{"name":"Elder Chaos druid","level":129,"killCount":-1,"type":"NPC","drops":[{"name":"Bones","id":526,"quantity":1,"price":60},{"name":"Clue scroll (hard)","id":19853,"quantity":1,"price":0},{"name":"Ensouled chaos druid head","id":13471,"quantity":1,"price":791},{"name":"Unholy mould","id":1594,"quantity":1,"price":0}],"date":"Aug 6, 2023, 12:46:10 AM"}
{"name":"Elder Chaos druid","level":129,"killCount":-1,"type":"NPC","drops":[{"name":"Bones","id":526,"quantity":1,"price":60},{"name":"Coins","id":995,"quantity":80,"price":1}],"date":"Aug 6, 2023, 12:46:43 AM"}
{"name":"Elder Chaos druid","level":129,"killCount":-1,"type":"NPC","drops":[{"name":"Bones","id":526,"quantity":1,"price":60},{"name":"Vial of water","id":227,"quantity":1,"price":3},{"name":"Vial of water","id":227,"quantity":1,"price":3},{"name":"Vial of water","id":227,"quantity":1,"price":3},{"name":"Vial of water","id":227,"quantity":1,"price":3}],"date":"Aug 6, 2023, 12:47:04 AM"}
{"name":"Elder Chaos druid","level":129,"killCount":-1,"type":"NPC","drops":[{"name":"Bones","id":526,"quantity":1,"price":60},{"name":"Nature rune","id":561,"quantity":12,"price":87}],"date":"Aug 6, 2023, 12:47:27 AM"}
{"name":"Elder Chaos druid","level":129,"killCount":-1,"type":"NPC","drops":[{"name":"Bones","id":526,"quantity":1,"price":60},{"name":"Grimy marrentill","id":201,"quantity":1,"price":35},{"name":"Grimy harralander","id":205,"quantity":1,"price":459}],"date":"Aug 6, 2023, 12:47:42 AM"}
{"name":"Elder Chaos druid","level":129,"killCount":-1,"type":"NPC","drops":[{"name":"Bones","id":526,"quantity":1,"price":60},{"name":"Grimy lantadyme","id":2485,"quantity":1,"price":1404},{"name":"Grimy guam leaf","id":199,"quantity":1,"price":51},{"name":"Grimy harralander","id":205,"quantity":1,"price":459}],"date":"Aug 6, 2023, 12:48:01 AM"}
{"name":"Elder Chaos druid","level":129,"killCount":-1,"type":"NPC","drops":[{"name":"Bones","id":526,"quantity":1,"price":60},{"name":"Grimy tarromin","id":203,"quantity":1,"price":107}],"date":"Aug 6, 2023, 12:55:28 AM"}
{"name":"Elder Chaos druid","level":129,"killCount":-1,"type":"NPC","drops":[{"name":"Bones","id":526,"quantity":1,"price":60},{"name":"Grimy harralander","id":205,"quantity":1,"price":459}],"date":"Aug 6, 2023, 12:55:57 AM"}
{"name":"Elder Chaos druid","level":129,"killCount":-1,"type":"NPC","drops":[{"name":"Bones","id":526,"quantity":1,"price":60},{"name":"Earth rune","id":557,"quantity":19,"price":4}],"date":"Aug 6, 2023, 12:56:15 AM"}
{"name":"Elder Chaos druid","level":129,"killCount":-1,"type":"NPC","drops":[{"name":"Bones","id":526,"quantity":1,"price":60},{"name":"Grimy harralander","id":205,"quantity":1,"price":459},{"name":"Grimy guam leaf","id":199,"quantity":1,"price":51},{"name":"Grimy avantoe","id":211,"quantity":1,"price":3365}],"date":"Aug 6, 2023, 12:56:46 AM"}
{"name":"Elder Chaos druid","level":129,"killCount":-1,"type":"NPC","drops":[{"name":"Bones","id":526,"quantity":1,"price":60},{"name":"Grimy guam leaf","id":199,"quantity":1,"price":51},{"name":"Grimy guam leaf","id":199,"quantity":1,"price":51}],"date":"Aug 6, 2023, 12:57:07 AM"}
{"name":"Elder Chaos druid","level":129,"killCount":-1,"type":"NPC","drops":[{"name":"Bones","id":526,"quantity":1,"price":60},{"name":"Mind rune","id":558,"quantity":22,"price":2}],"date":"Aug 6, 2023, 12:57:29 AM"}
{"name":"Elder Chaos druid","level":129,"killCount":-1,"type":"NPC","drops":[{"name":"Bones","id":526,"quantity":1,"price":60},{"name":"Vial of water","id":227,"quantity":1,"price":3},{"name":"Vial of water","id":227,"quantity":1,"price":3},{"name":"Vial of water","id":227,"quantity":1,"price":3},{"name":"Vial of water","id":227,"quantity":1,"price":3}],"date":"Aug 6, 2023, 12:57:46 AM"}
{"name":"Elder Chaos druid","level":129,"killCount":-1,"type":"NPC","drops":[{"name":"Bones","id":526,"quantity":1,"price":60},{"name":"Chaos rune","id":562,"quantity":7,"price":56}],"date":"Aug 6, 2023, 12:58:12 AM"}
{"name":"Elder Chaos druid","level":129,"killCount":-1,"type":"NPC","drops":[{"name":"Bones","id":526,"quantity":1,"price":60},{"name":"Coins","id":995,"quantity":80,"price":1}],"date":"Aug 6, 2023, 12:58:36 AM"}
{"name":"Elder Chaos druid","level":129,"killCount":-1,"type":"NPC","drops":[{"name":"Bones","id":526,"quantity":1,"price":60},{"name":"Mind rune","id":558,"quantity":22,"price":2}],"date":"Aug 6, 2023, 12:59:07 AM"}
{"name":"Elder Chaos druid","level":129,"killCount":-1,"type":"NPC","drops":[{"name":"Bones","id":526,"quantity":1,"price":60},{"name":"Grimy marrentill","id":201,"quantity":1,"price":35},{"name":"Grimy tarromin","id":203,"quantity":1,"price":107},{"name":"Grimy guam leaf","id":199,"quantity":1,"price":51},{"name":"Grimy guam leaf","id":199,"quantity":1,"price":51}],"date":"Aug 6, 2023, 12:59:39 AM"}
{"name":"Elder Chaos druid","level":129,"killCount":-1,"type":"NPC","drops":[{"name":"Bones","id":526,"quantity":1,"price":60},{"name":"Steel longsword","id":1295,"quantity":1,"price":134}],"date":"Aug 6, 2023, 1:00:01 AM"}
{"name":"Elder Chaos druid","level":129,"killCount":-1,"type":"NPC","drops":[{"name":"Bones","id":526,"quantity":1,"price":60},{"name":"Grimy dwarf weed","id":217,"quantity":1,"price":1032}],"date":"Aug 6, 2023, 1:00:43 AM"}
{"name":"Elder Chaos druid","level":129,"killCount":-1,"type":"NPC","drops":[{"name":"Bones","id":526,"quantity":1,"price":60},{"name":"Dark fishing bait","id":11940,"quantity":17,"price":4}],"date":"Aug 6, 2023, 1:01:06 AM"}
{"name":"Elder Chaos druid","level":129,"killCount":-1,"type":"NPC","drops":[{"name":"Bones","id":526,"quantity":1,"price":60},{"name":"Grimy marrentill","id":201,"quantity":1,"price":35}],"date":"Aug 6, 2023, 1:01:29 AM"}
{"name":"Elder Chaos druid","level":129,"killCount":-1,"type":"NPC","drops":[{"name":"Bones","id":526,"quantity":1,"price":60},{"name":"Vial of water","id":227,"quantity":1,"price":3},{"name":"Vial of water","id":227,"quantity":1,"price":3},{"name":"Vial of water","id":227,"quantity":1,"price":3},{"name":"Vial of water","id":227,"quantity":1,"price":3}],"date":"Aug 6, 2023, 1:01:56 AM"}
{"name":"Elder Chaos druid","level":129,"killCount":-1,"type":"NPC","drops":[{"name":"Bones","id":526,"quantity":1,"price":60},{"name":"Chaos rune","id":562,"quantity":7,"price":56}],"date":"Aug 6, 2023, 1:02:27 AM"}
{"name":"Elder Chaos druid","level":129,"killCount":-1,"type":"NPC","drops":[{"name":"Bones","id":526,"quantity":1,"price":60},{"name":"Chaos rune","id":562,"quantity":7,"price":56}],"date":"Aug 6, 2023, 1:02:49 AM"}
{"name":"Elder Chaos druid","level":129,"killCount":-1,"type":"NPC","drops":[{"name":"Bones","id":526,"quantity":1,"price":60},{"name":"Grimy marrentill","id":201,"quantity":1,"price":35},{"name":"Grimy marrentill","id":201,"quantity":1,"price":35},{"name":"Grimy tarromin","id":203,"quantity":1,"price":107}],"date":"Aug 6, 2023, 1:03:12 AM"}
{"name":"Elder Chaos druid","level":129,"killCount":-1,"type":"NPC","drops":[{"name":"Bones","id":526,"quantity":1,"price":60},{"name":"Grimy guam leaf","id":199,"quantity":1,"price":51},{"name":"Grimy avantoe","id":211,"quantity":1,"price":3365},{"name":"Grimy kwuarm","id":213,"quantity":1,"price":3235}],"date":"Aug 6, 2023, 1:03:35 AM"}
{"name":"Elder Chaos druid","level":129,"killCount":-1,"type":"NPC","drops":[{"name":"Bones","id":526,"quantity":1,"price":60},{"name":"Nature rune","id":561,"quantity":12,"price":87}],"date":"Aug 6, 2023, 1:04:00 AM"}
{"name":"Elder Chaos druid","level":129,"killCount":-1,"type":"NPC","drops":[{"name":"Bones","id":526,"quantity":1,"price":60},{"name":"Air rune","id":556,"quantity":56,"price":4}],"date":"Aug 6, 2023, 1:04:29 AM"}
{"name":"Elder Chaos druid","level":129,"killCount":-1,"type":"NPC","drops":[{"name":"Bones","id":526,"quantity":1,"price":60},{"name":"Mithril bolts","id":9142,"quantity":11,"price":56}],"date":"Aug 6, 2023, 1:04:51 AM"}
{"name":"Elder Chaos druid","level":129,"killCount":-1,"type":"NPC","drops":[{"name":"Bones","id":526,"quantity":1,"price":60},{"name":"Grimy lantadyme","id":2485,"quantity":1,"price":1404},{"name":"Grimy avantoe","id":211,"quantity":1,"price":3365},{"name":"Grimy tarromin","id":203,"quantity":1,"price":107}],"date":"Aug 6, 2023, 1:05:13 AM"}
{"name":"Elder Chaos druid","level":129,"killCount":-1,"type":"NPC","drops":[{"name":"Bones","id":526,"quantity":1,"price":60},{"name":"Air rune","id":556,"quantity":56,"price":4}],"date":"Aug 6, 2023, 1:06:07 AM"}
{"name":"Elder Chaos druid","level":129,"killCount":-1,"type":"NPC","drops":[{"name":"Bones","id":526,"quantity":1,"price":60},{"name":"Vial of water","id":227,"quantity":1,"price":3},{"name":"Vial of water","id":227,"quantity":1,"price":3},{"name":"Vial of water","id":227,"quantity":1,"price":3},{"name":"Vial of water","id":227,"quantity":1,"price":3}],"date":"Aug 6, 2023, 1:06:29 AM"}
{"name":"Elder Chaos druid","level":129,"killCount":-1,"type":"NPC","drops":[{"name":"Bones","id":526,"quantity":1,"price":60},{"name":"Grimy marrentill","id":201,"quantity":1,"price":35},{"name":"Grimy kwuarm","id":213,"quantity":1,"price":3235}],"date":"Aug 6, 2023, 1:06:59 AM"}
{"name":"Elder Chaos druid","level":129,"killCount":-1,"type":"NPC","drops":[{"name":"Bones","id":526,"quantity":1,"price":60},{"name":"Grimy harralander","id":205,"quantity":1,"price":459},{"name":"Grimy guam leaf","id":199,"quantity":1,"price":51},{"name":"Grimy marrentill","id":201,"quantity":1,"price":35}],"date":"Aug 6, 2023, 1:07:34 AM"}
{"name":"Elder Chaos druid","level":129,"killCount":-1,"type":"NPC","drops":[{"name":"Bones","id":526,"quantity":1,"price":60},{"name":"Earth rune","id":557,"quantity":19,"price":4}],"date":"Aug 6, 2023, 1:07:51 AM"}
{"name":"Elder Chaos druid","level":129,"killCount":-1,"type":"NPC","drops":[{"name":"Bones","id":526,"quantity":1,"price":60},{"name":"Grimy harralander","id":205,"quantity":1,"price":459},{"name":"Grimy guam leaf","id":199,"quantity":1,"price":51},{"name":"Grimy guam leaf","id":199,"quantity":1,"price":51}],"date":"Aug 6, 2023, 1:08:10 AM"}
{"name":"Elder Chaos druid","level":129,"killCount":-1,"type":"NPC","drops":[{"name":"Bones","id":526,"quantity":1,"price":60},{"name":"Grimy guam leaf","id":199,"quantity":1,"price":51},{"name":"Grimy marrentill","id":201,"quantity":1,"price":35}],"date":"Aug 6, 2023, 1:08:32 AM"}
{"name":"Elder Chaos druid","level":129,"killCount":-1,"type":"NPC","drops":[{"name":"Bones","id":526,"quantity":1,"price":60},{"name":"Mithril bolts","id":9142,"quantity":15,"price":56}],"date":"Aug 6, 2023, 1:08:51 AM"}
{"name":"Elder Chaos druid","level":129,"killCount":-1,"type":"NPC","drops":[{"name":"Bones","id":526,"quantity":1,"price":60},{"name":"Grimy lantadyme","id":2485,"quantity":1,"price":1404},{"name":"Grimy guam leaf","id":199,"quantity":1,"price":51}],"date":"Aug 6, 2023, 1:09:25 AM"}
{"name":"Elder Chaos druid","level":129,"killCount":-1,"type":"NPC","drops":[{"name":"Bones","id":526,"quantity":1,"price":60},{"name":"Earth rune","id":557,"quantity":19,"price":4}],"date":"Aug 6, 2023, 1:09:51 AM"}
{"name":"Elder Chaos druid","level":129,"killCount":-1,"type":"NPC","drops":[{"name":"Bones","id":526,"quantity":1,"price":60},{"name":"Mind rune","id":558,"quantity":22,"price":2}],"date":"Aug 6, 2023, 1:10:10 AM"}
{"name":"Elder Chaos druid","level":129,"killCount":-1,"type":"NPC","drops":[{"name":"Bones","id":526,"quantity":1,"price":60},{"name":"Mithril bolts","id":9142,"quantity":15,"price":56}],"date":"Aug 6, 2023, 1:10:32 AM"}
{"name":"Elder Chaos druid","level":129,"killCount":-1,"type":"NPC","drops":[{"name":"Bones","id":526,"quantity":1,"price":60},{"name":"Grimy guam leaf","id":199,"quantity":1,"price":51},{"name":"Grimy ranarr weed","id":207,"quantity":1,"price":6854}],"date":"Aug 6, 2023, 1:10:59 AM"}
{"name":"Elder Chaos druid","level":129,"killCount":-1,"type":"NPC","drops":[{"name":"Bones","id":526,"quantity":1,"price":60},{"name":"Law rune","id":563,"quantity":6,"price":118}],"date":"Aug 6, 2023, 1:11:22 AM"}
{"name":"Elder Chaos druid","level":129,"killCount":-1,"type":"NPC","drops":[{"name":"Bones","id":526,"quantity":1,"price":60},{"name":"Coins","id":995,"quantity":250,"price":1}],"date":"Aug 6, 2023, 1:11:46 AM"}
{"name":"Elder Chaos druid","level":129,"killCount":-1,"type":"NPC","drops":[{"name":"Bones","id":526,"quantity":1,"price":60},{"name":"Grimy marrentill","id":201,"quantity":1,"price":35},{"name":"Grimy harralander","id":205,"quantity":1,"price":459}],"date":"Aug 6, 2023, 1:12:08 AM"}
{"name":"Elder Chaos druid","level":129,"killCount":-1,"type":"NPC","drops":[{"name":"Bones","id":526,"quantity":1,"price":60},{"name":"Grimy irit leaf","id":209,"quantity":1,"price":1023},{"name":"Grimy marrentill","id":201,"quantity":1,"price":35},{"name":"Grimy guam leaf","id":199,"quantity":1,"price":51},{"name":"Grimy harralander","id":205,"quantity":1,"price":459}],"date":"Aug 6, 2023, 1:12:25 AM"}
{"name":"Elder Chaos druid","level":129,"killCount":-1,"type":"NPC","drops":[{"name":"Bones","id":526,"quantity":1,"price":60},{"name":"Grimy avantoe","id":211,"quantity":1,"price":3365},{"name":"Grimy harralander","id":205,"quantity":1,"price":459}],"date":"Aug 6, 2023, 1:16:29 AM"}
{"name":"Elder Chaos druid","level":129,"killCount":-1,"type":"NPC","drops":[{"name":"Bones","id":526,"quantity":1,"price":60},{"name":"Vial of water","id":227,"quantity":1,"price":3},{"name":"Vial of water","id":227,"quantity":1,"price":3},{"name":"Vial of water","id":227,"quantity":1,"price":3},{"name":"Vial of water","id":227,"quantity":1,"price":3}],"date":"Aug 6, 2023, 1:16:41 AM"}
{"name":"Elder Chaos druid","level":129,"killCount":-1,"type":"NPC","drops":[{"name":"Bones","id":526,"quantity":1,"price":60},{"name":"Grimy harralander","id":205,"quantity":1,"price":459}],"date":"Aug 6, 2023, 1:17:07 AM"}
{"name":"Elder Chaos druid","level":129,"killCount":-1,"type":"NPC","drops":[{"name":"Bones","id":526,"quantity":1,"price":60},{"name":"Mithril bolts","id":9142,"quantity":11,"price":56}],"date":"Aug 6, 2023, 1:17:37 AM"}
{"name":"Elder Chaos druid","level":129,"killCount":-1,"type":"NPC","drops":[{"name":"Bones","id":526,"quantity":1,"price":60},{"name":"Mithril bolts","id":9142,"quantity":15,"price":56}],"date":"Aug 6, 2023, 1:17:54 AM"}
{"name":"Elder Chaos druid","level":129,"killCount":-1,"type":"NPC","drops":[{"name":"Bones","id":526,"quantity":1,"price":60},{"name":"Mind rune","id":558,"quantity":22,"price":2}],"date":"Aug 6, 2023, 1:18:06 AM"}
{"name":"Elder Chaos druid","level":129,"killCount":-1,"type":"NPC","drops":[{"name":"Bones","id":526,"quantity":1,"price":60},{"name":"Grimy marrentill","id":201,"quantity":1,"price":35},{"name":"Grimy tarromin","id":203,"quantity":1,"price":107},{"name":"Grimy avantoe","id":211,"quantity":1,"price":3365}],"date":"Aug 6, 2023, 1:18:25 AM"}
{"name":"Elder Chaos druid","level":129,"killCount":-1,"type":"NPC","drops":[{"name":"Bones","id":526,"quantity":1,"price":60},{"name":"Grimy lantadyme","id":2485,"quantity":1,"price":1404},{"name":"Grimy cadantine","id":215,"quantity":1,"price":3240},{"name":"Grimy harralander","id":205,"quantity":1,"price":459},{"name":"Grimy guam leaf","id":199,"quantity":1,"price":51}],"date":"Aug 6, 2023, 1:18:42 AM"}
{"name":"Elder Chaos druid","level":129,"killCount":-1,"type":"NPC","drops":[{"name":"Bones","id":526,"quantity":1,"price":60},{"name":"Grimy cadantine","id":215,"quantity":1,"price":3240},{"name":"Grimy ranarr weed","id":207,"quantity":1,"price":6854}],"date":"Aug 6, 2023, 1:19:06 AM"}
{"name":"Elder Chaos druid","level":129,"killCount":-1,"type":"NPC","drops":[{"name":"Bones","id":526,"quantity":1,"price":60},{"name":"Grimy guam leaf","id":199,"quantity":1,"price":51},{"name":"Grimy harralander","id":205,"quantity":1,"price":459},{"name":"Grimy guam leaf","id":199,"quantity":1,"price":51},{"name":"Grimy tarromin","id":203,"quantity":1,"price":107}],"date":"Aug 6, 2023, 1:19:34 AM"}
{"name":"Elder Chaos druid","level":129,"killCount":-1,"type":"NPC","drops":[{"name":"Bones","id":526,"quantity":1,"price":60},{"name":"Grimy marrentill","id":201,"quantity":1,"price":35},{"name":"Grimy guam leaf","id":199,"quantity":1,"price":51}],"date":"Aug 6, 2023, 1:19:56 AM"}
{"name":"Elder Chaos druid","level":129,"killCount":-1,"type":"NPC","drops":[{"name":"Bones","id":526,"quantity":1,"price":60},{"name":"Grimy guam leaf","id":199,"quantity":1,"price":51}],"date":"Aug 6, 2023, 1:20:20 AM"}
{"name":"Elder Chaos druid","level":129,"killCount":-1,"type":"NPC","drops":[{"name":"Bones","id":526,"quantity":1,"price":60},{"name":"Grimy guam leaf","id":199,"quantity":1,"price":51},{"name":"Grimy ranarr weed","id":207,"quantity":1,"price":6854}],"date":"Aug 6, 2023, 1:21:04 AM"}
{"name":"Elder Chaos druid","level":129,"killCount":-1,"type":"NPC","drops":[{"name":"Bones","id":526,"quantity":1,"price":60},{"name":"Body rune","id":559,"quantity":19,"price":4}],"date":"Aug 6, 2023, 1:21:27 AM"}
{"name":"Elder Chaos druid","level":129,"killCount":-1,"type":"NPC","drops":[{"name":"Bones","id":526,"quantity":1,"price":60},{"name":"Air rune","id":556,"quantity":56,"price":4}],"date":"Aug 6, 2023, 1:21:55 AM"}
{"name":"Elder Chaos druid","level":129,"killCount":-1,"type":"NPC","drops":[{"name":"Bones","id":526,"quantity":1,"price":60},{"name":"Grimy irit leaf","id":209,"quantity":1,"price":1023}],"date":"Aug 6, 2023, 1:22:00 AM"}
{"name":"Elder Chaos druid","level":129,"killCount":-1,"type":"NPC","drops":[{"name":"Bones","id":526,"quantity":1,"price":60},{"name":"Grimy marrentill","id":201,"quantity":1,"price":35}],"date":"Aug 6, 2023, 1:22:25 AM"}
{"name":"Elder Chaos druid","level":129,"killCount":-1,"type":"NPC","drops":[{"name":"Bones","id":526,"quantity":1,"price":60},{"name":"Coins","id":995,"quantity":80,"price":1}],"date":"Aug 6, 2023, 1:22:57 AM"}
{"name":"Elder Chaos druid","level":129,"killCount":-1,"type":"NPC","drops":[{"name":"Bones","id":526,"quantity":1,"price":60},{"name":"Elder chaos hood","id":20595,"quantity":1,"price":280073}],"date":"Aug 6, 2023, 1:23:14 AM"}
{"name":"Elder Chaos druid","level":129,"killCount":-1,"type":"NPC","drops":[{"name":"Bones","id":526,"quantity":1,"price":73},{"name":"Mithril bolts","id":9142,"quantity":23,"price":47}],"date":"Aug 28, 2023, 9:11:29 AM"}
{"name":"Elder Chaos druid","level":129,"killCount":-1,"type":"NPC","drops":[{"name":"Bones","id":526,"quantity":1,"price":73},{"name":"Steel longsword","id":1295,"quantity":1,"price":135}],"date":"Aug 28, 2023, 9:11:52 AM"}
{"name":"Elder Chaos druid","level":129,"killCount":-1,"type":"NPC","drops":[{"name":"Bones","id":526,"quantity":1,"price":73},{"name":"Mind rune","id":558,"quantity":22,"price":2}],"date":"Aug 28, 2023, 9:12:13 AM"}
{"name":"Elder Chaos druid","level":129,"killCount":-1,"type":"NPC","drops":[{"name":"Bones","id":526,"quantity":1,"price":73},{"name":"Coins","id":995,"quantity":80,"price":1}],"date":"Aug 28, 2023, 9:12:35 AM"}
{"name":"Elder Chaos druid","level":129,"killCount":-1,"type":"NPC","drops":[{"name":"Bones","id":526,"quantity":1,"price":73},{"name":"Dark fishing bait","id":11940,"quantity":11,"price":4}],"date":"Aug 28, 2023, 9:13:04 AM"}
{"name":"Elder Chaos druid","level":129,"killCount":-1,"type":"NPC","drops":[{"name":"Bones","id":526,"quantity":1,"price":73},{"name":"Law rune","id":563,"quantity":6,"price":116}],"date":"Aug 28, 2023, 9:13:20 AM"}
{"name":"Elder Chaos druid","level":129,"killCount":-1,"type":"NPC","drops":[{"name":"Bones","id":526,"quantity":1,"price":73},{"name":"Chaos rune","id":562,"quantity":7,"price":44}],"date":"Aug 28, 2023, 9:13:40 AM"}
{"name":"Elder Chaos druid","level":129,"killCount":-1,"type":"NPC","drops":[{"name":"Bones","id":526,"quantity":1,"price":73},{"name":"Grimy marrentill","id":201,"quantity":1,"price":41}],"date":"Aug 28, 2023, 9:14:01 AM"}
{"name":"Elder Chaos druid","level":129,"killCount":-1,"type":"NPC","drops":[{"name":"Bones","id":526,"quantity":1,"price":73},{"name":"Air rune","id":556,"quantity":56,"price":4}],"date":"Aug 28, 2023, 9:14:25 AM"}
{"name":"Elder Chaos druid","level":129,"killCount":-1,"type":"NPC","drops":[{"name":"Bones","id":526,"quantity":1,"price":73},{"name":"Vial of water","id":227,"quantity":1,"price":3},{"name":"Vial of water","id":227,"quantity":1,"price":3},{"name":"Vial of water","id":227,"quantity":1,"price":3},{"name":"Vial of water","id":227,"quantity":1,"price":3}],"date":"Aug 28, 2023, 9:14:59 AM"}
{"name":"Elder Chaos druid","level":129,"killCount":-1,"type":"NPC","drops":[{"name":"Bones","id":526,"quantity":1,"price":73},{"name":"Vial of water","id":227,"quantity":1,"price":3},{"name":"Vial of water","id":227,"quantity":1,"price":3},{"name":"Vial of water","id":227,"quantity":1,"price":3},{"name":"Vial of water","id":227,"quantity":1,"price":3}],"date":"Aug 28, 2023, 9:15:26 AM"}
{"name":"Elder Chaos druid","level":129,"killCount":-1,"type":"NPC","drops":[{"name":"Bones","id":526,"quantity":1,"price":73},{"name":"Grimy guam leaf","id":199,"quantity":1,"price":61},{"name":"Grimy tarromin","id":203,"quantity":1,"price":197},{"name":"Grimy guam leaf","id":199,"quantity":1,"price":61}],"date":"Aug 28, 2023, 9:15:46 AM"}
{"name":"Elder Chaos druid","level":129,"killCount":-1,"type":"NPC","drops":[{"name":"Bones","id":526,"quantity":1,"price":73},{"name":"Grimy guam leaf","id":199,"quantity":1,"price":61}],"date":"Aug 28, 2023, 9:16:10 AM"}
{"name":"Elder Chaos druid","level":129,"killCount":-1,"type":"NPC","drops":[{"name":"Bones","id":526,"quantity":1,"price":73},{"name":"Body rune","id":559,"quantity":19,"price":4}],"date":"Aug 28, 2023, 9:16:38 AM"}
{"name":"Elder Chaos druid","level":129,"killCount":-1,"type":"NPC","drops":[{"name":"Bones","id":526,"quantity":1,"price":73},{"name":"Ensouled chaos druid head","id":13471,"quantity":1,"price":685},{"name":"Grimy tarromin","id":203,"quantity":1,"price":197},{"name":"Grimy guam leaf","id":199,"quantity":1,"price":61}],"date":"Aug 28, 2023, 9:17:07 AM"}
{"name":"Elder Chaos druid","level":129,"killCount":-1,"type":"NPC","drops":[{"name":"Bones","id":526,"quantity":1,"price":73},{"name":"Body rune","id":559,"quantity":19,"price":4}],"date":"Aug 28, 2023, 9:17:38 AM"}
{"name":"Elder Chaos druid","level":129,"killCount":-1,"type":"NPC","drops":[{"name":"Bones","id":526,"quantity":1,"price":73},{"name":"Ensouled chaos druid head","id":13471,"quantity":1,"price":685},{"name":"Grimy guam leaf","id":199,"quantity":1,"price":61},{"name":"Grimy marrentill","id":201,"quantity":1,"price":41}],"date":"Aug 28, 2023, 9:18:00 AM"}
{"name":"Elder Chaos druid","level":129,"killCount":-1,"type":"NPC","drops":[{"name":"Bones","id":526,"quantity":1,"price":73},{"name":"Coins","id":995,"quantity":250,"price":1}],"date":"Aug 28, 2023, 9:18:22 AM"}
{"name":"Elder Chaos druid","level":129,"killCount":-1,"type":"NPC","drops":[{"name":"Bones","id":526,"quantity":1,"price":73},{"name":"Grimy guam leaf","id":199,"quantity":1,"price":61},{"name":"Grimy marrentill","id":201,"quantity":1,"price":41},{"name":"Grimy guam leaf","id":199,"quantity":1,"price":61}],"date":"Aug 28, 2023, 9:18:56 AM"}
{"name":"Elder Chaos druid","level":129,"killCount":-1,"type":"NPC","drops":[{"name":"Bones","id":526,"quantity":1,"price":73},{"name":"Grimy harralander","id":205,"quantity":1,"price":483},{"name":"Grimy kwuarm","id":213,"quantity":1,"price":3537},{"name":"Grimy marrentill","id":201,"quantity":1,"price":41}],"date":"Aug 28, 2023, 9:19:35 AM"}
{"name":"Elder Chaos druid","level":129,"killCount":-1,"type":"NPC","drops":[{"name":"Bones","id":526,"quantity":1,"price":73},{"name":"Vial of water","id":227,"quantity":1,"price":3},{"name":"Vial of water","id":227,"quantity":1,"price":3},{"name":"Vial of water","id":227,"quantity":1,"price":3},{"name":"Vial of water","id":227,"quantity":1,"price":3}],"date":"Aug 28, 2023, 9:19:40 AM"}
{"name":"Elder Chaos druid","level":129,"killCount":-1,"type":"NPC","drops":[{"name":"Bones","id":526,"quantity":1,"price":73},{"name":"Coins","id":995,"quantity":80,"price":1}],"date":"Aug 28, 2023, 9:20:14 AM"}
{"name":"Elder Chaos druid","level":129,"killCount":-1,"type":"NPC","drops":[{"name":"Bones","id":526,"quantity":1,"price":73},{"name":"Grimy harralander","id":205,"quantity":1,"price":483},{"name":"Grimy avantoe","id":211,"quantity":1,"price":4364}],"date":"Aug 28, 2023, 9:20:37 AM"}
{"name":"Elder Chaos druid","level":129,"killCount":-1,"type":"NPC","drops":[{"name":"Bones","id":526,"quantity":1,"price":73},{"name":"Coins","id":995,"quantity":250,"price":1}],"date":"Aug 28, 2023, 9:20:51 AM"}
{"name":"Elder Chaos druid","level":129,"killCount":-1,"type":"NPC","drops":[{"name":"Bones","id":526,"quantity":1,"price":73},{"name":"Air rune","id":556,"quantity":56,"price":4}],"date":"Aug 28, 2023, 9:21:22 AM"}
{"name":"Elder Chaos druid","level":129,"killCount":-1,"type":"NPC","drops":[{"name":"Bones","id":526,"quantity":1,"price":73},{"name":"Coins","id":995,"quantity":250,"price":1}],"date":"Aug 28, 2023, 9:21:47 AM"}
{"name":"Elder Chaos druid","level":129,"killCount":-1,"type":"NPC","drops":[{"name":"Bones","id":526,"quantity":1,"price":73},{"name":"Dark fishing bait","id":11940,"quantity":12,"price":4}],"date":"Aug 28, 2023, 9:22:14 AM"}
{"name":"Elder Chaos druid","level":129,"killCount":-1,"type":"NPC","drops":[{"name":"Bones","id":526,"quantity":1,"price":73},{"name":"Grimy guam leaf","id":199,"quantity":1,"price":61}],"date":"Aug 28, 2023, 9:22:43 AM"}
{"name":"Elder Chaos druid","level":129,"killCount":-1,"type":"NPC","drops":[{"name":"Bones","id":526,"quantity":1,"price":73},{"name":"Coins","id":995,"quantity":250,"price":1}],"date":"Aug 28, 2023, 9:23:02 AM"}
{"name":"Elder Chaos druid","level":129,"killCount":-1,"type":"NPC","drops":[{"name":"Bones","id":526,"quantity":1,"price":73},{"name":"Vial of water","id":227,"quantity":1,"price":3},{"name":"Vial of water","id":227,"quantity":1,"price":3},{"name":"Vial of water","id":227,"quantity":1,"price":3},{"name":"Vial of water","id":227,"quantity":1,"price":3}],"date":"Aug 28, 2023, 9:23:22 AM"}
{"name":"Elder Chaos druid","level":129,"killCount":-1,"type":"NPC","drops":[{"name":"Bones","id":526,"quantity":1,"price":73},{"name":"Earth rune","id":557,"quantity":19,"price":4}],"date":"Aug 28, 2023, 9:23:47 AM"}
{"name":"Elder Chaos druid","level":129,"killCount":-1,"type":"NPC","drops":[{"name":"Bones","id":526,"quantity":1,"price":73},{"name":"Mind rune","id":558,"quantity":22,"price":2}],"date":"Aug 28, 2023, 9:24:10 AM"}
{"name":"Elder Chaos druid","level":129,"killCount":-1,"type":"NPC","drops":[{"name":"Bones","id":526,"quantity":1,"price":73},{"name":"Coins","id":995,"quantity":250,"price":1}],"date":"Aug 28, 2023, 9:24:34 AM"}
{"name":"Elder Chaos druid","level":129,"killCount":-1,"type":"NPC","drops":[{"name":"Bones","id":526,"quantity":1,"price":73},{"name":"Ensouled chaos druid head","id":13471,"quantity":1,"price":685},{"name":"Mithril bolts","id":9142,"quantity":17,"price":47}],"date":"Aug 28, 2023, 9:25:06 AM"}
{"name":"Elder Chaos druid","level":129,"killCount":-1,"type":"NPC","drops":[{"name":"Bones","id":526,"quantity":1,"price":73},{"name":"Grimy harralander","id":205,"quantity":1,"price":483},{"name":"Grimy guam leaf","id":199,"quantity":1,"price":61},{"name":"Grimy marrentill","id":201,"quantity":1,"price":41}],"date":"Aug 28, 2023, 9:25:35 AM"}
{"name":"Elder Chaos druid","level":129,"killCount":-1,"type":"NPC","drops":[{"name":"Bones","id":526,"quantity":1,"price":73},{"name":"Law rune","id":563,"quantity":6,"price":116}],"date":"Aug 28, 2023, 9:26:09 AM"}
{"name":"Elder Chaos druid","level":129,"killCount":-1,"type":"NPC","drops":[{"name":"Bones","id":526,"quantity":1,"price":73},{"name":"Ensouled chaos druid head","id":13471,"quantity":1,"price":685},{"name":"Grimy avantoe","id":211,"quantity":1,"price":4364}],"date":"Aug 28, 2023, 9:26:28 AM"}
{"name":"Elder Chaos druid","level":129,"killCount":-1,"type":"NPC","drops":[{"name":"Bones","id":526,"quantity":1,"price":73},{"name":"Ensouled chaos druid head","id":13471,"quantity":1,"price":685},{"name":"Steel longsword","id":1295,"quantity":1,"price":135}],"date":"Aug 28, 2023, 9:27:14 AM"}
{"name":"Elder Chaos druid","level":129,"killCount":-1,"type":"NPC","drops":[{"name":"Bones","id":526,"quantity":1,"price":73},{"name":"Unholy mould","id":1594,"quantity":1,"price":0}],"date":"Aug 28, 2023, 9:29:31 AM"}
{"name":"Elder Chaos druid","level":129,"killCount":-1,"type":"NPC","drops":[{"name":"Bones","id":526,"quantity":1,"price":73},{"name":"Vial of water","id":227,"quantity":1,"price":3},{"name":"Vial of water","id":227,"quantity":1,"price":3},{"name":"Vial of water","id":227,"quantity":1,"price":3},{"name":"Vial of water","id":227,"quantity":1,"price":3}],"date":"Aug 28, 2023, 9:29:52 AM"}
{"name":"Elder Chaos druid","level":129,"killCount":-1,"type":"NPC","drops":[{"name":"Bones","id":526,"quantity":1,"price":73},{"name":"Body rune","id":559,"quantity":19,"price":4}],"date":"Aug 28, 2023, 9:30:14 AM"}
{"name":"Elder Chaos druid","level":129,"killCount":-1,"type":"NPC","drops":[{"name":"Bones","id":526,"quantity":1,"price":73},{"name":"Grimy guam leaf","id":199,"quantity":1,"price":61},{"name":"Grimy marrentill","id":201,"quantity":1,"price":41}],"date":"Aug 28, 2023, 9:30:37 AM"}
{"name":"Elder Chaos druid","level":129,"killCount":-1,"type":"NPC","drops":[{"name":"Bones","id":526,"quantity":1,"price":73},{"name":"Ensouled chaos druid head","id":13471,"quantity":1,"price":685},{"name":"Snape grass","id":231,"quantity":1,"price":328},{"name":"Snape grass","id":231,"quantity":1,"price":328},{"name":"Snape grass","id":231,"quantity":1,"price":328},{"name":"Snape grass","id":231,"quantity":1,"price":328}],"date":"Aug 28, 2023, 9:31:03 AM"}
{"name":"Elder Chaos druid","level":129,"killCount":-1,"type":"NPC","drops":[{"name":"Bones","id":526,"quantity":1,"price":73},{"name":"Mind rune","id":558,"quantity":22,"price":2}],"date":"Aug 28, 2023, 9:31:29 AM"}
{"name":"Elder Chaos druid","level":129,"killCount":-1,"type":"NPC","drops":[{"name":"Bones","id":526,"quantity":1,"price":73},{"name":"Grimy guam leaf","id":199,"quantity":1,"price":61},{"name":"Grimy harralander","id":205,"quantity":1,"price":483},{"name":"Grimy guam leaf","id":199,"quantity":1,"price":61}],"date":"Aug 28, 2023, 9:31:46 AM"}
{"name":"Elder Chaos druid","level":129,"killCount":-1,"type":"NPC","drops":[{"name":"Bones","id":526,"quantity":1,"price":73},{"name":"Coins","id":995,"quantity":250,"price":1}],"date":"Aug 28, 2023, 9:32:10 AM"}
{"name":"Elder Chaos druid","level":129,"killCount":-1,"type":"NPC","drops":[{"name":"Bones","id":526,"quantity":1,"price":73},{"name":"Mind rune","id":558,"quantity":22,"price":2}],"date":"Aug 28, 2023, 9:32:24 AM"}
{"name":"Elder Chaos druid","level":129,"killCount":-1,"type":"NPC","drops":[{"name":"Bones","id":526,"quantity":1,"price":73},{"name":"Earth rune","id":557,"quantity":19,"price":4}],"date":"Aug 28, 2023, 9:32:52 AM"}
{"name":"Elder Chaos druid","level":129,"killCount":-1,"type":"NPC","drops":[{"name":"Bones","id":526,"quantity":1,"price":73},{"name":"Vial of water","id":227,"quantity":1,"price":3},{"name":"Vial of water","id":227,"quantity":1,"price":3},{"name":"Vial of water","id":227,"quantity":1,"price":3},{"name":"Vial of water","id":227,"quantity":1,"price":3}],"date":"Aug 28, 2023, 9:33:11 AM"}
{"name":"Elder Chaos druid","level":129,"killCount":-1,"type":"NPC","drops":[{"name":"Bones","id":526,"quantity":1,"price":73},{"name":"Steel longsword","id":1295,"quantity":1,"price":135}],"date":"Aug 28, 2023, 9:33:39 AM"}
{"name":"Elder Chaos druid","level":129,"killCount":-1,"type":"NPC","drops":[{"name":"Bones","id":526,"quantity":1,"price":73},{"name":"Mithril bolts","id":9142,"quantity":13,"price":47}],"date":"Aug 28, 2023, 9:34:04 AM"}
{"name":"Elder Chaos druid","level":129,"killCount":-1,"type":"NPC","drops":[{"name":"Bones","id":526,"quantity":1,"price":73},{"name":"Grimy tarromin","id":203,"quantity":1,"price":197},{"name":"Grimy guam leaf","id":199,"quantity":1,"price":61},{"name":"Grimy avantoe","id":211,"quantity":1,"price":4364}],"date":"Aug 28, 2023, 9:34:22 AM"}
{"name":"Elder Chaos druid","level":129,"killCount":-1,"type":"NPC","drops":[{"name":"Bones","id":526,"quantity":1,"price":73},{"name":"Earth rune","id":557,"quantity":19,"price":4}],"date":"Aug 28, 2023, 9:34:49 AM"}
{"name":"Elder Chaos druid","level":129,"killCount":-1,"type":"NPC","drops":[{"name":"Bones","id":526,"quantity":1,"price":73},{"name":"Grimy guam leaf","id":199,"quantity":1,"price":61},{"name":"Grimy tarromin","id":203,"quantity":1,"price":197}],"date":"Aug 28, 2023, 9:35:03 AM"}
{"name":"Elder Chaos druid","level":129,"killCount":-1,"type":"NPC","drops":[{"name":"Bones","id":526,"quantity":1,"price":73},{"name":"Vial of water","id":227,"quantity":1,"price":3},{"name":"Vial of water","id":227,"quantity":1,"price":3},{"name":"Vial of water","id":227,"quantity":1,"price":3},{"name":"Vial of water","id":227,"quantity":1,"price":3}],"date":"Aug 28, 2023, 9:35:30 AM"}
{"name":"Elder Chaos druid","level":129,"killCount":-1,"type":"NPC","drops":[{"name":"Bones","id":526,"quantity":1,"price":73},{"name":"Grimy guam leaf","id":199,"quantity":1,"price":61}],"date":"Aug 28, 2023, 9:35:52 AM"}
{"name":"Elder Chaos druid","level":129,"killCount":-1,"type":"NPC","drops":[{"name":"Bones","id":526,"quantity":1,"price":73},{"name":"Steel longsword","id":1295,"quantity":1,"price":135}],"date":"Aug 28, 2023, 9:36:30 AM"}
{"name":"Elder Chaos druid","level":129,"killCount":-1,"type":"NPC","drops":[{"name":"Bones","id":526,"quantity":1,"price":73},{"name":"Grimy guam leaf","id":199,"quantity":1,"price":61},{"name":"Grimy dwarf weed","id":217,"quantity":1,"price":1631}],"date":"Aug 28, 2023, 9:37:04 AM"}
{"name":"Elder Chaos druid","level":129,"killCount":-1,"type":"NPC","drops":[{"name":"Bones","id":526,"quantity":1,"price":73},{"name":"Vial of water","id":227,"quantity":1,"price":3},{"name":"Vial of water","id":227,"quantity":1,"price":3},{"name":"Vial of water","id":227,"quantity":1,"price":3},{"name":"Vial of water","id":227,"quantity":1,"price":3}],"date":"Aug 28, 2023, 9:37:28 AM"}
{"name":"Elder Chaos druid","level":129,"killCount":-1,"type":"NPC","drops":[{"name":"Bones","id":526,"quantity":1,"price":73},{"name":"Steel longsword","id":1295,"quantity":1,"price":135}],"date":"Aug 28, 2023, 9:37:48 AM"}
{"name":"Elder Chaos druid","level":129,"killCount":-1,"type":"NPC","drops":[{"name":"Bones","id":526,"quantity":1,"price":73},{"name":"Chaos rune","id":562,"quantity":7,"price":44}],"date":"Aug 28, 2023, 9:38:09 AM"}
{"name":"Elder Chaos druid","level":129,"killCount":-1,"type":"NPC","drops":[{"name":"Bones","id":526,"quantity":1,"price":73},{"name":"Coins","id":995,"quantity":250,"price":1}],"date":"Aug 28, 2023, 9:38:31 AM"}
{"name":"Elder Chaos druid","level":129,"killCount":-1,"type":"NPC","drops":[{"name":"Bones","id":526,"quantity":1,"price":73},{"name":"Grimy dwarf weed","id":217,"quantity":1,"price":1631}],"date":"Aug 28, 2023, 9:38:52 AM"}
{"name":"Elder Chaos druid","level":129,"killCount":-1,"type":"NPC","drops":[{"name":"Bones","id":526,"quantity":1,"price":73},{"name":"Coins","id":995,"quantity":250,"price":1}],"date":"Aug 28, 2023, 9:39:13 AM"}
{"name":"Elder Chaos druid","level":129,"killCount":-1,"type":"NPC","drops":[{"name":"Bones","id":526,"quantity":1,"price":73},{"name":"Chaos rune","id":562,"quantity":7,"price":44}],"date":"Aug 28, 2023, 9:39:48 AM"}
{"name":"Elder Chaos druid","level":129,"killCount":-1,"type":"NPC","drops":[{"name":"Bones","id":526,"quantity":1,"price":73},{"name":"Vial of water","id":227,"quantity":1,"price":3},{"name":"Vial of water","id":227,"quantity":1,"price":3},{"name":"Vial of water","id":227,"quantity":1,"price":3},{"name":"Vial of water","id":227,"quantity":1,"price":3}],"date":"Aug 28, 2023, 9:40:13 AM"}
{"name":"Elder Chaos druid","level":129,"killCount":-1,"type":"NPC","drops":[{"name":"Bones","id":526,"quantity":1,"price":73},{"name":"Ensouled chaos druid head","id":13471,"quantity":1,"price":685},{"name":"Body rune","id":559,"quantity":19,"price":4}],"date":"Aug 28, 2023, 9:40:28 AM"}
{"name":"Elder Chaos druid","level":129,"killCount":-1,"type":"NPC","drops":[{"name":"Bones","id":526,"quantity":1,"price":73},{"name":"Mind rune","id":558,"quantity":22,"price":2}],"date":"Aug 28, 2023, 9:40:50 AM"}
{"name":"Elder Chaos druid","level":129,"killCount":-1,"type":"NPC","drops":[{"name":"Bones","id":526,"quantity":1,"price":73},{"name":"Grimy tarromin","id":203,"quantity":1,"price":197},{"name":"Grimy tarromin","id":203,"quantity":1,"price":197}],"date":"Aug 28, 2023, 9:41:16 AM"}
{"name":"Elder Chaos druid","level":129,"killCount":-1,"type":"NPC","drops":[{"name":"Bones","id":526,"quantity":1,"price":73},{"name":"Grimy harralander","id":205,"quantity":1,"price":483},{"name":"Grimy guam leaf","id":199,"quantity":1,"price":61}],"date":"Aug 28, 2023, 9:41:36 AM"}
{"name":"Elder Chaos druid","level":129,"killCount":-1,"type":"NPC","drops":[{"name":"Bones","id":526,"quantity":1,"price":73},{"name":"Chaos rune","id":562,"quantity":7,"price":44}],"date":"Aug 28, 2023, 9:42:04 AM"}
{"name":"Elder Chaos druid","level":129,"killCount":-1,"type":"NPC","drops":[{"name":"Bones","id":526,"quantity":1,"price":73},{"name":"Grimy tarromin","id":203,"quantity":1,"price":197},{"name":"Grimy guam leaf","id":199,"quantity":1,"price":61},{"name":"Grimy harralander","id":205,"quantity":1,"price":483}],"date":"Aug 28, 2023, 9:42:28 AM"}
{"name":"Elder Chaos druid","level":129,"killCount":-1,"type":"NPC","drops":[{"name":"Bones","id":526,"quantity":1,"price":73},{"name":"Grimy tarromin","id":203,"quantity":1,"price":197},{"name":"Grimy harralander","id":205,"quantity":1,"price":483}],"date":"Aug 28, 2023, 9:42:59 AM"}
{"name":"Elder Chaos druid","level":129,"killCount":-1,"type":"NPC","drops":[{"name":"Bones","id":526,"quantity":1,"price":73},{"name":"Mithril bolts","id":9142,"quantity":24,"price":47}],"date":"Aug 28, 2023, 9:43:21 AM"}
{"name":"Elder Chaos druid","level":129,"killCount":-1,"type":"NPC","drops":[{"name":"Bones","id":526,"quantity":1,"price":73},{"name":"Grimy marrentill","id":201,"quantity":1,"price":41},{"name":"Grimy lantadyme","id":2485,"quantity":1,"price":1619},{"name":"Grimy ranarr weed","id":207,"quantity":1,"price":7378}],"date":"Aug 28, 2023, 9:43:42 AM"}
{"name":"Elder Chaos druid","level":129,"killCount":-1,"type":"NPC","drops":[{"name":"Bones","id":526,"quantity":1,"price":73},{"name":"Air rune","id":556,"quantity":56,"price":4}],"date":"Aug 28, 2023, 9:44:11 AM"}
{"name":"Elder Chaos druid","level":129,"killCount":-1,"type":"NPC","drops":[{"name":"Bones","id":526,"quantity":1,"price":73},{"name":"Steel longsword","id":1295,"quantity":1,"price":135}],"date":"Aug 28, 2023, 9:44:39 AM"}
{"name":"Elder Chaos druid","level":129,"killCount":-1,"type":"NPC","drops":[{"name":"Bones","id":526,"quantity":1,"price":73},{"name":"Air rune","id":556,"quantity":56,"price":4}],"date":"Aug 28, 2023, 9:45:06 AM"}
{"name":"Elder Chaos druid","level":129,"killCount":-1,"type":"NPC","drops":[{"name":"Bones","id":526,"quantity":1,"price":73},{"name":"Law rune","id":563,"quantity":6,"price":116}],"date":"Aug 28, 2023, 10:09:14 AM"}
{"name":"Elder Chaos druid","level":129,"killCount":-1,"type":"NPC","drops":[{"name":"Bones","id":526,"quantity":1,"price":73},{"name":"Coins","id":995,"quantity":250,"price":1}],"date":"Aug 28, 2023, 10:09:42 AM"}
{"name":"Elder Chaos druid","level":129,"killCount":-1,"type":"NPC","drops":[{"name":"Bones","id":526,"quantity":1,"price":73},{"name":"Air rune","id":556,"quantity":56,"price":4}],"date":"Aug 28, 2023, 10:10:11 AM"}
{"name":"Elder Chaos druid","level":129,"killCount":-1,"type":"NPC","drops":[{"name":"Bones","id":526,"quantity":1,"price":73},{"name":"Grimy tarromin","id":203,"quantity":1,"price":197}],"date":"Aug 28, 2023, 10:10:35 AM"}
{"name":"Elder Chaos druid","level":129,"killCount":-1,"type":"NPC","drops":[{"name":"Bones","id":526,"quantity":1,"price":73},{"name":"Ensouled chaos druid head","id":13471,"quantity":1,"price":685},{"name":"Grimy guam leaf","id":199,"quantity":1,"price":61},{"name":"Grimy harralander","id":205,"quantity":1,"price":483}],"date":"Aug 28, 2023, 10:10:57 AM"}
{"name":"Elder Chaos druid","level":129,"killCount":-1,"type":"NPC","drops":[{"name":"Bones","id":526,"quantity":1,"price":73},{"name":"Mithril bolts","id":9142,"quantity":8,"price":47}],"date":"Aug 28, 2023, 10:11:21 AM"}
{"name":"Elder Chaos druid","level":129,"killCount":-1,"type":"NPC","drops":[{"name":"Bones","id":526,"quantity":1,"price":73},{"name":"Vial of water","id":227,"quantity":1,"price":3},{"name":"Vial of water","id":227,"quantity":1,"price":3},{"name":"Vial of water","id":227,"quantity":1,"price":3},{"name":"Vial of water","id":227,"quantity":1,"price":3}],"date":"Aug 28, 2023, 10:11:41 AM"}
{"name":"Elder Chaos druid","level":129,"killCount":-1,"type":"NPC","drops":[{"name":"Bones","id":526,"quantity":1,"price":73},{"name":"Grimy cadantine","id":215,"quantity":1,"price":3818}],"date":"Aug 28, 2023, 10:12:02 AM"}
{"name":"Elder Chaos druid","level":129,"killCount":-1,"type":"NPC","drops":[{"name":"Bones","id":526,"quantity":1,"price":73},{"name":"Grimy tarromin","id":203,"quantity":1,"price":197},{"name":"Grimy guam leaf","id":199,"quantity":1,"price":61},{"name":"Grimy irit leaf","id":209,"quantity":1,"price":1134}],"date":"Aug 28, 2023, 10:12:19 AM"}
{"name":"Elder Chaos druid","level":129,"killCount":-1,"type":"NPC","drops":[{"name":"Bones","id":526,"quantity":1,"price":73},{"name":"Grimy ranarr weed","id":207,"quantity":1,"price":7378},{"name":"Grimy ranarr weed","id":207,"quantity":1,"price":7378},{"name":"Grimy guam leaf","id":199,"quantity":1,"price":61},{"name":"Grimy irit leaf","id":209,"quantity":1,"price":1134}],"date":"Aug 28, 2023, 10:13:00 AM"}
{"name":"Elder Chaos druid","level":129,"killCount":-1,"type":"NPC","drops":[{"name":"Bones","id":526,"quantity":1,"price":73},{"name":"Body rune","id":559,"quantity":19,"price":4}],"date":"Aug 28, 2023, 10:13:27 AM"}
{"name":"Elder Chaos druid","level":129,"killCount":-1,"type":"NPC","drops":[{"name":"Bones","id":526,"quantity":1,"price":73},{"name":"Ensouled chaos druid head","id":13471,"quantity":1,"price":685},{"name":"Grimy tarromin","id":203,"quantity":1,"price":197},{"name":"Grimy tarromin","id":203,"quantity":1,"price":197}],"date":"Aug 28, 2023, 10:13:46 AM"}
{"name":"Elder Chaos druid","level":129,"killCount":-1,"type":"NPC","drops":[{"name":"Bones","id":526,"quantity":1,"price":73},{"name":"Mithril bolts","id":9142,"quantity":12,"price":47}],"date":"Aug 28, 2023, 10:14:08 AM"}
{"name":"Elder Chaos druid","level":129,"killCount":-1,"type":"NPC","drops":[{"name":"Bones","id":526,"quantity":1,"price":73},{"name":"Mithril bolts","id":9142,"quantity":14,"price":47}],"date":"Aug 28, 2023, 10:14:29 AM"}
{"name":"Elder Chaos druid","level":129,"killCount":-1,"type":"NPC","drops":[{"name":"Bones","id":526,"quantity":1,"price":73},{"name":"Steel longsword","id":1295,"quantity":1,"price":135}],"date":"Aug 28, 2023, 10:14:53 AM"}
{"name":"Elder Chaos druid","level":129,"killCount":-1,"type":"NPC","drops":[{"name":"Bones","id":526,"quantity":1,"price":73},{"name":"Grimy ranarr weed","id":207,"quantity":1,"price":7378},{"name":"Grimy ranarr weed","id":207,"quantity":1,"price":7378},{"name":"Grimy irit leaf","id":209,"quantity":1,"price":1134},{"name":"Grimy harralander","id":205,"quantity":1,"price":483}],"date":"Aug 28, 2023, 10:15:15 AM"}
{"name":"Elder Chaos druid","level":129,"killCount":-1,"type":"NPC","drops":[{"name":"Bones","id":526,"quantity":1,"price":73},{"name":"Grimy marrentill","id":201,"quantity":1,"price":41}],"date":"Aug 28, 2023, 10:15:36 AM"}
{"name":"Elder Chaos druid","level":129,"killCount":-1,"type":"NPC","drops":[{"name":"Bones","id":526,"quantity":1,"price":73},{"name":"Dark fishing bait","id":11940,"quantity":23,"price":4}],"date":"Aug 28, 2023, 10:15:59 AM"}
{"name":"Elder Chaos druid","level":129,"killCount":-1,"type":"NPC","drops":[{"name":"Bones","id":526,"quantity":1,"price":73},{"name":"Steel longsword","id":1295,"quantity":1,"price":135}],"date":"Aug 28, 2023, 10:16:24 AM"}
{"name":"Elder Chaos druid","level":129,"killCount":-1,"type":"NPC","drops":[{"name":"Bones","id":526,"quantity":1,"price":73},{"name":"Grimy marrentill","id":201,"quantity":1,"price":41},{"name":"Grimy cadantine","id":215,"quantity":1,"price":3818}],"date":"Aug 28, 2023, 10:17:11 AM"}
{"name":"Elder Chaos druid","level":129,"killCount":-1,"type":"NPC","drops":[{"name":"Bones","id":526,"quantity":1,"price":73},{"name":"Grimy irit leaf","id":209,"quantity":1,"price":1134}],"date":"Aug 28, 2023, 10:17:20 AM"}
{"name":"Elder Chaos druid","level":129,"killCount":-1,"type":"NPC","drops":[{"name":"Bones","id":526,"quantity":1,"price":73},{"name":"Coins","id":995,"quantity":250,"price":1}],"date":"Aug 28, 2023, 10:17:59 AM"}
{"name":"Elder Chaos druid","level":129,"killCount":-1,"type":"NPC","drops":[{"name":"Bones","id":526,"quantity":1,"price":73},{"name":"Coins","id":995,"quantity":250,"price":1}],"date":"Aug 28, 2023, 10:18:23 AM"}
{"name":"Elder Chaos druid","level":129,"killCount":-1,"type":"NPC","drops":[{"name":"Bones","id":526,"quantity":1,"price":73},{"name":"Grimy guam leaf","id":199,"quantity":1,"price":61},{"name":"Grimy kwuarm","id":213,"quantity":1,"price":3537}],"date":"Aug 28, 2023, 10:18:36 AM"}
{"name":"Elder Chaos druid","level":129,"killCount":-1,"type":"NPC","drops":[{"name":"Bones","id":526,"quantity":1,"price":73},{"name":"Chaos rune","id":562,"quantity":7,"price":44}],"date":"Aug 28, 2023, 10:19:19 AM"}
{"name":"Elder Chaos druid","level":129,"killCount":-1,"type":"NPC","drops":[{"name":"Bones","id":526,"quantity":1,"price":73},{"name":"Grimy harralander","id":205,"quantity":1,"price":483},{"name":"Grimy guam leaf","id":199,"quantity":1,"price":61},{"name":"Grimy marrentill","id":201,"quantity":1,"price":41},{"name":"Grimy cadantine","id":215,"quantity":1,"price":3818}],"date":"Aug 28, 2023, 10:19:33 AM"}
{"name":"Elder Chaos druid","level":129,"killCount":-1,"type":"NPC","drops":[{"name":"Bones","id":526,"quantity":1,"price":73},{"name":"Grimy harralander","id":205,"quantity":1,"price":483},{"name":"Grimy marrentill","id":201,"quantity":1,"price":41},{"name":"Grimy marrentill","id":201,"quantity":1,"price":41}],"date":"Aug 28, 2023, 10:20:06 AM"}
{"name":"Elder Chaos druid","level":129,"killCount":-1,"type":"NPC","drops":[{"name":"Bones","id":526,"quantity":1,"price":73},{"name":"Body rune","id":559,"quantity":19,"price":4}],"date":"Aug 28, 2023, 10:20:29 AM"}
{"name":"Elder Chaos druid","level":129,"killCount":-1,"type":"NPC","drops":[{"name":"Bones","id":526,"quantity":1,"price":73},{"name":"Grimy harralander","id":205,"quantity":1,"price":483},{"name":"Grimy irit leaf","id":209,"quantity":1,"price":1134}],"date":"Aug 28, 2023, 10:20:45 AM"}
{"name":"Elder Chaos druid","level":129,"killCount":-1,"type":"NPC","drops":[{"name":"Bones","id":526,"quantity":1,"price":73},{"name":"Body rune","id":559,"quantity":19,"price":4}],"date":"Aug 28, 2023, 10:21:07 AM"}
{"name":"Elder Chaos druid","level":129,"killCount":-1,"type":"NPC","drops":[{"name":"Bones","id":526,"quantity":1,"price":73},{"name":"Grimy guam leaf","id":199,"quantity":1,"price":61}],"date":"Aug 28, 2023, 10:22:12 AM"}
{"name":"Elder Chaos druid","level":129,"killCount":-1,"type":"NPC","drops":[{"name":"Bones","id":526,"quantity":1,"price":73},{"name":"Grimy tarromin","id":203,"quantity":1,"price":197},{"name":"Grimy tarromin","id":203,"quantity":1,"price":197}],"date":"Aug 28, 2023, 10:22:37 AM"}
{"name":"Elder Chaos druid","level":129,"killCount":-1,"type":"NPC","drops":[{"name":"Bones","id":526,"quantity":1,"price":73},{"name":"Grimy guam leaf","id":199,"quantity":1,"price":61},{"name":"Grimy marrentill","id":201,"quantity":1,"price":41}],"date":"Aug 28, 2023, 10:23:52 AM"}
{"name":"Elder Chaos druid","level":129,"killCount":-1,"type":"NPC","drops":[{"name":"Bones","id":526,"quantity":1,"price":73},{"name":"Grimy tarromin","id":203,"quantity":1,"price":197},{"name":"Grimy guam leaf","id":199,"quantity":1,"price":61},{"name":"Grimy harralander","id":205,"quantity":1,"price":483}],"date":"Aug 28, 2023, 10:24:18 AM"}
{"name":"Elder Chaos druid","level":129,"killCount":-1,"type":"NPC","drops":[{"name":"Bones","id":526,"quantity":1,"price":73},{"name":"Vial of water","id":227,"quantity":1,"price":3},{"name":"Vial of water","id":227,"quantity":1,"price":3},{"name":"Vial of water","id":227,"quantity":1,"price":3},{"name":"Vial of water","id":227,"quantity":1,"price":3}],"date":"Aug 28, 2023, 10:24:50 AM"}
{"name":"Elder Chaos druid","level":129,"killCount":-1,"type":"NPC","drops":[{"name":"Bones","id":526,"quantity":1,"price":73},{"name":"Grimy guam leaf","id":199,"quantity":1,"price":61},{"name":"Grimy ranarr weed","id":207,"quantity":1,"price":7378}],"date":"Aug 28, 2023, 10:25:18 AM"}
{"name":"Elder Chaos druid","level":129,"killCount":-1,"type":"NPC","drops":[{"name":"Bones","id":526,"quantity":1,"price":73},{"name":"Grimy marrentill","id":201,"quantity":1,"price":41},{"name":"Grimy tarromin","id":203,"quantity":1,"price":197}],"date":"Aug 28, 2023, 10:25:42 AM"}
{"name":"Elder Chaos druid","level":129,"killCount":-1,"type":"NPC","drops":[{"name":"Bones","id":526,"quantity":1,"price":73},{"name":"Grimy marrentill","id":201,"quantity":1,"price":41},{"name":"Grimy irit leaf","id":209,"quantity":1,"price":1134},{"name":"Grimy marrentill","id":201,"quantity":1,"price":41}],"date":"Aug 28, 2023, 10:26:10 AM"}
{"name":"Elder Chaos druid","level":129,"killCount":-1,"type":"NPC","drops":[{"name":"Bones","id":526,"quantity":1,"price":73},{"name":"Coins","id":995,"quantity":80,"price":1}],"date":"Aug 28, 2023, 10:26:35 AM"}
{"name":"Elder Chaos druid","level":129,"killCount":-1,"type":"NPC","drops":[{"name":"Bones","id":526,"quantity":1,"price":73},{"name":"Elder chaos robe","id":20520,"quantity":1,"price":167897}],"date":"Aug 28, 2023, 10:26:50 AM"}
