{"name":"Feral Vampyre","level":61,"killCount":-1,"type":"NPC","drops":[{"name":"Vampyre dust","id":3325,"quantity":1,"price":624}],"date":"Jun 23, 2022, 10:23:19 PM"}
{"name":"Feral Vampyre","level":61,"killCount":-1,"type":"NPC","drops":[{"name":"Vampyre dust","id":3325,"quantity":1,"price":624},{"name":"Watermelon seed","id":5321,"quantity":1,"price":15}],"date":"Jun 23, 2022, 10:23:27 PM"}
{"name":"Feral Vampyre","level":61,"killCount":-1,"type":"NPC","drops":[{"name":"Vampyre dust","id":3325,"quantity":1,"price":624},{"name":"Earth rune","id":557,"quantity":4,"price":4}],"date":"Jun 23, 2022, 10:23:43 PM"}
{"name":"Feral Vampyre","level":61,"killCount":-1,"type":"NPC","drops":[{"name":"Vampyre dust","id":3325,"quantity":1,"price":624}],"date":"Jun 23, 2022, 10:23:57 PM"}
{"name":"Feral Vampyre","level":61,"killCount":-1,"type":"NPC","drops":[{"name":"Vampyre dust","id":3325,"quantity":1,"price":624}],"date":"Jun 23, 2022, 10:24:09 PM"}
{"name":"Feral Vampyre","level":61,"killCount":-1,"type":"NPC","drops":[{"name":"Vampyre dust","id":3325,"quantity":1,"price":624},{"name":"Coins","id":995,"quantity":15,"price":1}],"date":"Jun 23, 2022, 10:24:13 PM"}
{"name":"Feral Vampyre","level":61,"killCount":-1,"type":"NPC","drops":[{"name":"Vampyre dust","id":3325,"quantity":1,"price":624},{"name":"Black axe","id":1361,"quantity":1,"price":765}],"date":"Jun 23, 2022, 10:24:22 PM"}
{"name":"Feral Vampyre","level":61,"killCount":-1,"type":"NPC","drops":[{"name":"Vampyre dust","id":3325,"quantity":1,"price":624},{"name":"Earth rune","id":557,"quantity":4,"price":4}],"date":"Jun 23, 2022, 10:24:35 PM"}
{"name":"Feral Vampyre","level":61,"killCount":-1,"type":"NPC","drops":[{"name":"Vampyre dust","id":3325,"quantity":1,"price":624},{"name":"Coins","id":995,"quantity":15,"price":1}],"date":"Jun 23, 2022, 10:24:51 PM"}
{"name":"Feral Vampyre","level":61,"killCount":-1,"type":"NPC","drops":[{"name":"Vampyre dust","id":3325,"quantity":1,"price":624},{"name":"Black axe","id":1361,"quantity":1,"price":765}],"date":"Jun 23, 2022, 10:25:01 PM"}
{"name":"Feral Vampyre","level":61,"killCount":-1,"type":"NPC","drops":[{"name":"Vampyre dust","id":3325,"quantity":1,"price":624},{"name":"Kwuarm seed","id":5299,"quantity":1,"price":324}],"date":"Jun 23, 2022, 10:25:13 PM"}
{"name":"Feral Vampyre","level":61,"killCount":-1,"type":"NPC","drops":[{"name":"Vampyre dust","id":3325,"quantity":1,"price":624},{"name":"Grimy guam leaf","id":199,"quantity":1,"price":51}],"date":"Jun 23, 2022, 10:25:30 PM"}
{"name":"Feral Vampyre","level":61,"killCount":-1,"type":"NPC","drops":[{"name":"Vampyre dust","id":3325,"quantity":1,"price":624}],"date":"Jun 23, 2022, 10:25:37 PM"}
{"name":"Feral Vampyre","level":61,"killCount":-1,"type":"NPC","drops":[{"name":"Vampyre dust","id":3325,"quantity":1,"price":624},{"name":"Coins","id":995,"quantity":15,"price":1}],"date":"Jun 23, 2022, 10:25:48 PM"}
{"name":"Feral Vampyre","level":61,"killCount":-1,"type":"NPC","drops":[{"name":"Vampyre dust","id":3325,"quantity":1,"price":624},{"name":"Coins","id":995,"quantity":15,"price":1}],"date":"Jun 23, 2022, 10:25:58 PM"}
{"name":"Feral Vampyre","level":61,"killCount":-1,"type":"NPC","drops":[{"name":"Vampyre dust","id":3325,"quantity":1,"price":624},{"name":"Death rune","id":560,"quantity":2,"price":184}],"date":"Jun 23, 2022, 10:26:09 PM"}
{"name":"Feral Vampyre","level":61,"killCount":-1,"type":"NPC","drops":[{"name":"Vampyre dust","id":3325,"quantity":1,"price":624},{"name":"Grimy ranarr weed","id":207,"quantity":1,"price":9321}],"date":"Jun 23, 2022, 10:26:16 PM"}
{"name":"Feral Vampyre","level":61,"killCount":-1,"type":"NPC","drops":[{"name":"Vampyre dust","id":3325,"quantity":1,"price":624}],"date":"Jun 23, 2022, 10:26:27 PM"}
{"name":"Feral Vampyre","level":61,"killCount":-1,"type":"NPC","drops":[{"name":"Vampyre dust","id":3325,"quantity":1,"price":624},{"name":"Grimy tarromin","id":203,"quantity":1,"price":176}],"date":"Jun 23, 2022, 10:26:38 PM"}
{"name":"Feral Vampyre","level":61,"killCount":-1,"type":"NPC","drops":[{"name":"Vampyre dust","id":3325,"quantity":1,"price":624},{"name":"Death rune","id":560,"quantity":2,"price":184}],"date":"Jun 23, 2022, 10:27:26 PM"}
{"name":"Feral Vampyre","level":61,"killCount":-1,"type":"NPC","drops":[{"name":"Vampyre dust","id":3325,"quantity":1,"price":624},{"name":"Coins","id":995,"quantity":15,"price":1}],"date":"Jun 23, 2022, 10:27:37 PM"}
{"name":"Feral Vampyre","level":61,"killCount":-1,"type":"NPC","drops":[{"name":"Vampyre dust","id":3325,"quantity":1,"price":624},{"name":"Grimy tarromin","id":203,"quantity":1,"price":176}],"date":"Jun 23, 2022, 10:27:52 PM"}
{"name":"Feral Vampyre","level":61,"killCount":-1,"type":"NPC","drops":[{"name":"Vampyre dust","id":3325,"quantity":1,"price":624}],"date":"Jun 23, 2022, 10:28:04 PM"}
{"name":"Feral Vampyre","level":61,"killCount":-1,"type":"NPC","drops":[{"name":"Vampyre dust","id":3325,"quantity":1,"price":624},{"name":"Coins","id":995,"quantity":15,"price":1}],"date":"Jun 23, 2022, 10:28:12 PM"}
{"name":"Feral Vampyre","level":61,"killCount":-1,"type":"NPC","drops":[{"name":"Vampyre dust","id":3325,"quantity":1,"price":624},{"name":"Wildblood seed","id":5311,"quantity":1,"price":36}],"date":"Jun 23, 2022, 10:28:27 PM"}
{"name":"Feral Vampyre","level":61,"killCount":-1,"type":"NPC","drops":[{"name":"Vampyre dust","id":3325,"quantity":1,"price":624},{"name":"Death rune","id":560,"quantity":2,"price":184}],"date":"Jun 23, 2022, 10:28:36 PM"}
{"name":"Feral Vampyre","level":61,"killCount":-1,"type":"NPC","drops":[{"name":"Vampyre dust","id":3325,"quantity":1,"price":624},{"name":"Coins","id":995,"quantity":15,"price":1}],"date":"Jun 23, 2022, 10:28:45 PM"}
{"name":"Feral Vampyre","level":61,"killCount":-1,"type":"NPC","drops":[{"name":"Vampyre dust","id":3325,"quantity":1,"price":624},{"name":"Coins","id":995,"quantity":15,"price":1}],"date":"Jun 23, 2022, 10:28:52 PM"}
{"name":"Feral Vampyre","level":61,"killCount":-1,"type":"NPC","drops":[{"name":"Vampyre dust","id":3325,"quantity":1,"price":624},{"name":"Ranarr seed","id":5295,"quantity":1,"price":59080}],"date":"Jun 23, 2022, 10:29:02 PM"}
{"name":"Feral Vampyre","level":61,"killCount":-1,"type":"NPC","drops":[{"name":"Vampyre dust","id":3325,"quantity":1,"price":624},{"name":"Earth talisman","id":1440,"quantity":1,"price":361}],"date":"Jun 23, 2022, 10:29:12 PM"}
{"name":"Feral Vampyre","level":61,"killCount":-1,"type":"NPC","drops":[{"name":"Vampyre dust","id":3325,"quantity":1,"price":624},{"name":"Harralander seed","id":5294,"quantity":1,"price":38}],"date":"Jun 23, 2022, 10:29:19 PM"}
{"name":"Feral Vampyre","level":61,"killCount":-1,"type":"NPC","drops":[{"name":"Vampyre dust","id":3325,"quantity":1,"price":624},{"name":"Death rune","id":560,"quantity":2,"price":184}],"date":"Jun 23, 2022, 10:29:24 PM"}
{"name":"Feral Vampyre","level":61,"killCount":-1,"type":"NPC","drops":[{"name":"Vampyre dust","id":3325,"quantity":1,"price":624},{"name":"Coins","id":995,"quantity":15,"price":1}],"date":"Jun 23, 2022, 10:29:43 PM"}
{"name":"Feral Vampyre","level":61,"killCount":-1,"type":"NPC","drops":[{"name":"Vampyre dust","id":3325,"quantity":1,"price":624},{"name":"Black axe","id":1361,"quantity":1,"price":765}],"date":"Jun 23, 2022, 10:29:50 PM"}
{"name":"Feral Vampyre","level":61,"killCount":-1,"type":"NPC","drops":[{"name":"Vampyre dust","id":3325,"quantity":1,"price":624},{"name":"Coins","id":995,"quantity":15,"price":1}],"date":"Jun 23, 2022, 10:30:12 PM"}
{"name":"Feral Vampyre","level":61,"killCount":-1,"type":"NPC","drops":[{"name":"Vampyre dust","id":3325,"quantity":1,"price":624},{"name":"Grimy ranarr weed","id":207,"quantity":1,"price":9321}],"date":"Jun 23, 2022, 10:30:18 PM"}
{"name":"Feral Vampyre","level":61,"killCount":-1,"type":"NPC","drops":[{"name":"Vampyre dust","id":3325,"quantity":1,"price":624},{"name":"Ranarr seed","id":5295,"quantity":1,"price":59080}],"date":"Jun 23, 2022, 10:30:29 PM"}
{"name":"Feral Vampyre","level":61,"killCount":-1,"type":"NPC","drops":[{"name":"Vampyre dust","id":3325,"quantity":1,"price":624},{"name":"Marrentill seed","id":5292,"quantity":1,"price":4}],"date":"Jun 23, 2022, 10:30:37 PM"}
{"name":"Feral Vampyre","level":61,"killCount":-1,"type":"NPC","drops":[{"name":"Vampyre dust","id":3325,"quantity":1,"price":624},{"name":"Earth rune","id":557,"quantity":4,"price":4}],"date":"Jun 23, 2022, 10:30:49 PM"}
{"name":"Feral Vampyre","level":61,"killCount":-1,"type":"NPC","drops":[{"name":"Vampyre dust","id":3325,"quantity":1,"price":624},{"name":"Earth rune","id":557,"quantity":4,"price":4}],"date":"Jun 23, 2022, 10:30:59 PM"}
{"name":"Feral Vampyre","level":61,"killCount":-1,"type":"NPC","drops":[{"name":"Vampyre dust","id":3325,"quantity":1,"price":641},{"name":"Coins","id":995,"quantity":15,"price":1}],"date":"Jun 23, 2022, 11:48:53 PM"}
{"name":"Feral Vampyre","level":61,"killCount":-1,"type":"NPC","drops":[{"name":"Vampyre dust","id":3325,"quantity":1,"price":641},{"name":"Death rune","id":560,"quantity":2,"price":184}],"date":"Jun 23, 2022, 11:48:59 PM"}
{"name":"Feral Vampyre","level":61,"killCount":-1,"type":"NPC","drops":[{"name":"Vampyre dust","id":3325,"quantity":1,"price":641},{"name":"Earth rune","id":557,"quantity":4,"price":4}],"date":"Jun 23, 2022, 11:49:06 PM"}
{"name":"Feral Vampyre","level":61,"killCount":-1,"type":"NPC","drops":[{"name":"Vampyre dust","id":3325,"quantity":1,"price":641},{"name":"Blood rune","id":565,"quantity":1,"price":362}],"date":"Jun 23, 2022, 11:49:16 PM"}
{"name":"Feral Vampyre","level":61,"killCount":-1,"type":"NPC","drops":[{"name":"Vampyre dust","id":3325,"quantity":1,"price":641},{"name":"Strawberry seed","id":5323,"quantity":1,"price":11}],"date":"Jun 23, 2022, 11:49:28 PM"}
{"name":"Feral Vampyre","level":61,"killCount":-1,"type":"NPC","drops":[{"name":"Vampyre dust","id":3325,"quantity":1,"price":641},{"name":"Lantadyme seed","id":5302,"quantity":1,"price":1075}],"date":"Jun 23, 2022, 11:49:55 PM"}
{"name":"Feral Vampyre","level":61,"killCount":-1,"type":"NPC","drops":[{"name":"Vampyre dust","id":3325,"quantity":1,"price":641},{"name":"Marrentill seed","id":5292,"quantity":1,"price":5}],"date":"Jun 23, 2022, 11:50:04 PM"}
{"name":"Feral Vampyre","level":61,"killCount":-1,"type":"NPC","drops":[{"name":"Vampyre dust","id":3325,"quantity":1,"price":641},{"name":"Coins","id":995,"quantity":15,"price":1}],"date":"Jun 23, 2022, 11:50:13 PM"}
{"name":"Feral Vampyre","level":61,"killCount":-1,"type":"NPC","drops":[{"name":"Vampyre dust","id":3325,"quantity":1,"price":641},{"name":"Coins","id":995,"quantity":15,"price":1}],"date":"Jun 23, 2022, 11:50:27 PM"}
{"name":"Feral Vampyre","level":61,"killCount":-1,"type":"NPC","drops":[{"name":"Vampyre dust","id":3325,"quantity":1,"price":641},{"name":"Death rune","id":560,"quantity":2,"price":184}],"date":"Jun 23, 2022, 11:50:33 PM"}
{"name":"Feral Vampyre","level":61,"killCount":-1,"type":"NPC","drops":[{"name":"Vampyre dust","id":3325,"quantity":1,"price":641},{"name":"Coins","id":995,"quantity":15,"price":1}],"date":"Jun 23, 2022, 11:50:43 PM"}
{"name":"Feral Vampyre","level":61,"killCount":-1,"type":"NPC","drops":[{"name":"Vampyre dust","id":3325,"quantity":1,"price":641},{"name":"Death rune","id":560,"quantity":2,"price":184}],"date":"Jun 23, 2022, 11:50:50 PM"}
{"name":"Feral Vampyre","level":61,"killCount":-1,"type":"NPC","drops":[{"name":"Vampyre dust","id":3325,"quantity":1,"price":641},{"name":"Coins","id":995,"quantity":15,"price":1}],"date":"Jun 23, 2022, 11:51:03 PM"}
{"name":"Feral Vampyre","level":61,"killCount":-1,"type":"NPC","drops":[{"name":"Vampyre dust","id":3325,"quantity":1,"price":641},{"name":"Marrentill seed","id":5292,"quantity":1,"price":5}],"date":"Jun 23, 2022, 11:51:15 PM"}
{"name":"Feral Vampyre","level":61,"killCount":-1,"type":"NPC","drops":[{"name":"Vampyre dust","id":3325,"quantity":1,"price":641},{"name":"Earth rune","id":557,"quantity":4,"price":4}],"date":"Jun 23, 2022, 11:51:34 PM"}
{"name":"Feral Vampyre","level":61,"killCount":-1,"type":"NPC","drops":[{"name":"Vampyre dust","id":3325,"quantity":1,"price":641},{"name":"Watermelon seed","id":5321,"quantity":1,"price":13}],"date":"Jun 23, 2022, 11:51:42 PM"}
{"name":"Feral Vampyre","level":61,"killCount":-1,"type":"NPC","drops":[{"name":"Vampyre dust","id":3325,"quantity":1,"price":641},{"name":"Marrentill seed","id":5292,"quantity":1,"price":5}],"date":"Jun 23, 2022, 11:51:52 PM"}
{"name":"Feral Vampyre","level":61,"killCount":-1,"type":"NPC","drops":[{"name":"Vampyre dust","id":3325,"quantity":1,"price":641}],"date":"Jun 23, 2022, 11:51:59 PM"}
{"name":"Feral Vampyre","level":61,"killCount":-1,"type":"NPC","drops":[{"name":"Vampyre dust","id":3325,"quantity":1,"price":641},{"name":"Coins","id":995,"quantity":15,"price":1}],"date":"Jun 23, 2022, 11:52:06 PM"}
{"name":"Feral Vampyre","level":61,"killCount":-1,"type":"NPC","drops":[{"name":"Vampyre dust","id":3325,"quantity":1,"price":641},{"name":"Coins","id":995,"quantity":15,"price":1}],"date":"Jun 23, 2022, 11:52:18 PM"}
{"name":"Feral Vampyre","level":61,"killCount":-1,"type":"NPC","drops":[{"name":"Vampyre dust","id":3325,"quantity":1,"price":641},{"name":"Strawberry seed","id":5323,"quantity":1,"price":11}],"date":"Jun 23, 2022, 11:52:26 PM"}
{"name":"Feral Vampyre","level":61,"killCount":-1,"type":"NPC","drops":[{"name":"Vampyre dust","id":3325,"quantity":1,"price":641},{"name":"Black axe","id":1361,"quantity":1,"price":804}],"date":"Jun 23, 2022, 11:52:31 PM"}
{"name":"Feral Vampyre","level":61,"killCount":-1,"type":"NPC","drops":[{"name":"Vampyre dust","id":3325,"quantity":1,"price":641},{"name":"Coins","id":995,"quantity":15,"price":1}],"date":"Jun 23, 2022, 11:52:36 PM"}
{"name":"Feral Vampyre","level":61,"killCount":-1,"type":"NPC","drops":[{"name":"Vampyre dust","id":3325,"quantity":1,"price":641}],"date":"Jun 23, 2022, 11:53:26 PM"}
{"name":"Feral Vampyre","level":61,"killCount":-1,"type":"NPC","drops":[{"name":"Vampyre dust","id":3325,"quantity":1,"price":641},{"name":"Black axe","id":1361,"quantity":1,"price":804}],"date":"Jun 23, 2022, 11:53:40 PM"}
{"name":"Feral Vampyre","level":61,"killCount":-1,"type":"NPC","drops":[{"name":"Vampyre dust","id":3325,"quantity":1,"price":641},{"name":"Coins","id":995,"quantity":15,"price":1}],"date":"Jun 23, 2022, 11:53:48 PM"}
{"name":"Feral Vampyre","level":61,"killCount":-1,"type":"NPC","drops":[{"name":"Vampyre dust","id":3325,"quantity":1,"price":641},{"name":"Chaos rune","id":562,"quantity":3,"price":69}],"date":"Jun 23, 2022, 11:54:00 PM"}
{"name":"Feral Vampyre","level":61,"killCount":-1,"type":"NPC","drops":[{"name":"Vampyre dust","id":3325,"quantity":1,"price":641},{"name":"Coins","id":995,"quantity":15,"price":1}],"date":"Jun 23, 2022, 11:54:10 PM"}
{"name":"Feral Vampyre","level":61,"killCount":-1,"type":"NPC","drops":[{"name":"Vampyre dust","id":3325,"quantity":1,"price":641},{"name":"Earth talisman","id":1440,"quantity":1,"price":383}],"date":"Jun 23, 2022, 11:54:18 PM"}
{"name":"Feral Vampyre","level":61,"killCount":-1,"type":"NPC","drops":[{"name":"Vampyre dust","id":3325,"quantity":1,"price":641},{"name":"Coins","id":995,"quantity":15,"price":1}],"date":"Jun 23, 2022, 11:54:26 PM"}
{"name":"Feral Vampyre","level":61,"killCount":-1,"type":"NPC","drops":[{"name":"Vampyre dust","id":3325,"quantity":1,"price":641}],"date":"Jun 23, 2022, 11:54:40 PM"}
{"name":"Feral Vampyre","level":61,"killCount":-1,"type":"NPC","drops":[{"name":"Vampyre dust","id":3325,"quantity":1,"price":641},{"name":"Jangerberry seed","id":5104,"quantity":1,"price":2}],"date":"Jun 23, 2022, 11:54:47 PM"}
{"name":"Feral Vampyre","level":61,"killCount":-1,"type":"NPC","drops":[{"name":"Vampyre dust","id":3325,"quantity":1,"price":641},{"name":"Coins","id":995,"quantity":15,"price":1}],"date":"Jun 23, 2022, 11:54:57 PM"}
{"name":"Feral Vampyre","level":61,"killCount":-1,"type":"NPC","drops":[{"name":"Vampyre dust","id":3325,"quantity":1,"price":641},{"name":"Tarromin seed","id":5293,"quantity":1,"price":22}],"date":"Jun 23, 2022, 11:55:04 PM"}
{"name":"Feral Vampyre","level":61,"killCount":-1,"type":"NPC","drops":[{"name":"Vampyre dust","id":3325,"quantity":1,"price":641},{"name":"Coins","id":995,"quantity":15,"price":1}],"date":"Jun 23, 2022, 11:55:18 PM"}
{"name":"Feral Vampyre","level":61,"killCount":-1,"type":"NPC","drops":[{"name":"Vampyre dust","id":3325,"quantity":1,"price":641},{"name":"Death rune","id":560,"quantity":2,"price":185}],"date":"Jun 23, 2022, 11:55:31 PM"}
{"name":"Feral Vampyre","level":61,"killCount":-1,"type":"NPC","drops":[{"name":"Vampyre dust","id":3325,"quantity":1,"price":641},{"name":"Death rune","id":560,"quantity":2,"price":185}],"date":"Jun 23, 2022, 11:55:38 PM"}
{"name":"Feral Vampyre","level":61,"killCount":-1,"type":"NPC","drops":[{"name":"Vampyre dust","id":3325,"quantity":1,"price":641},{"name":"Grimy tarromin","id":203,"quantity":1,"price":150}],"date":"Jun 23, 2022, 11:55:43 PM"}
{"name":"Feral Vampyre","level":61,"killCount":-1,"type":"NPC","drops":[{"name":"Vampyre dust","id":3325,"quantity":1,"price":641},{"name":"Coins","id":995,"quantity":15,"price":1}],"date":"Jun 23, 2022, 11:55:52 PM"}
{"name":"Feral Vampyre","level":61,"killCount":-1,"type":"NPC","drops":[{"name":"Vampyre dust","id":3325,"quantity":1,"price":641},{"name":"Marrentill seed","id":5292,"quantity":1,"price":5}],"date":"Jun 23, 2022, 11:56:09 PM"}
{"name":"Feral Vampyre","level":61,"killCount":-1,"type":"NPC","drops":[{"name":"Vampyre dust","id":3325,"quantity":1,"price":641},{"name":"Grimy marrentill","id":201,"quantity":1,"price":17}],"date":"Jun 23, 2022, 11:56:19 PM"}
{"name":"Feral Vampyre","level":61,"killCount":-1,"type":"NPC","drops":[{"name":"Vampyre dust","id":3325,"quantity":1,"price":641},{"name":"Chaos rune","id":562,"quantity":3,"price":69}],"date":"Jun 23, 2022, 11:56:34 PM"}
{"name":"Feral Vampyre","level":61,"killCount":-1,"type":"NPC","drops":[{"name":"Vampyre dust","id":3325,"quantity":1,"price":641},{"name":"Toadflax seed","id":5296,"quantity":1,"price":3638}],"date":"Jun 23, 2022, 11:56:42 PM"}
{"name":"Feral Vampyre","level":61,"killCount":-1,"type":"NPC","drops":[{"name":"Vampyre dust","id":3325,"quantity":1,"price":641},{"name":"Uncut ruby","id":1619,"quantity":1,"price":1200}],"date":"Jun 23, 2022, 11:56:52 PM"}
{"name":"Feral Vampyre","level":61,"killCount":-1,"type":"NPC","drops":[{"name":"Vampyre dust","id":3325,"quantity":1,"price":641},{"name":"Earth rune","id":557,"quantity":4,"price":4}],"date":"Jun 23, 2022, 11:56:59 PM"}
{"name":"Feral Vampyre","level":61,"killCount":-1,"type":"NPC","drops":[{"name":"Vampyre dust","id":3325,"quantity":1,"price":641},{"name":"Strawberry seed","id":5323,"quantity":1,"price":11}],"date":"Jun 23, 2022, 11:57:16 PM"}
{"name":"Feral Vampyre","level":61,"killCount":-1,"type":"NPC","drops":[{"name":"Vampyre dust","id":3325,"quantity":1,"price":661},{"name":"Coins","id":995,"quantity":15,"price":1}],"date":"Jun 25, 2022, 12:39:14 PM"}
{"name":"Feral Vampyre","level":61,"killCount":-1,"type":"NPC","drops":[{"name":"Vampyre dust","id":3325,"quantity":1,"price":661},{"name":"Coins","id":995,"quantity":15,"price":1}],"date":"Jun 25, 2022, 12:39:31 PM"}
{"name":"Feral Vampyre","level":61,"killCount":-1,"type":"NPC","drops":[{"name":"Vampyre dust","id":3325,"quantity":1,"price":661},{"name":"Chaos rune","id":562,"quantity":3,"price":69}],"date":"Jun 25, 2022, 12:39:36 PM"}
{"name":"Feral Vampyre","level":61,"killCount":-1,"type":"NPC","drops":[{"name":"Vampyre dust","id":3325,"quantity":1,"price":661},{"name":"Blood rune","id":565,"quantity":1,"price":354}],"date":"Jun 25, 2022, 12:39:41 PM"}
{"name":"Feral Vampyre","level":61,"killCount":-1,"type":"NPC","drops":[{"name":"Vampyre dust","id":3325,"quantity":1,"price":661}],"date":"Jun 25, 2022, 12:39:52 PM"}
{"name":"Feral Vampyre","level":61,"killCount":-1,"type":"NPC","drops":[{"name":"Vampyre dust","id":3325,"quantity":1,"price":661},{"name":"Coins","id":995,"quantity":15,"price":1}],"date":"Jun 25, 2022, 12:40:04 PM"}
{"name":"Feral Vampyre","level":61,"killCount":-1,"type":"NPC","drops":[{"name":"Vampyre dust","id":3325,"quantity":1,"price":661},{"name":"Earth rune","id":557,"quantity":4,"price":4}],"date":"Jun 25, 2022, 12:40:17 PM"}
{"name":"Feral Vampyre","level":61,"killCount":-1,"type":"NPC","drops":[{"name":"Vampyre dust","id":3325,"quantity":1,"price":661},{"name":"Coins","id":995,"quantity":15,"price":1}],"date":"Jun 25, 2022, 12:40:38 PM"}
{"name":"Feral Vampyre","level":61,"killCount":-1,"type":"NPC","drops":[{"name":"Vampyre dust","id":3325,"quantity":1,"price":661},{"name":"Earth rune","id":557,"quantity":4,"price":4}],"date":"Jun 25, 2022, 12:40:46 PM"}
{"name":"Feral Vampyre","level":61,"killCount":-1,"type":"NPC","drops":[{"name":"Vampyre dust","id":3325,"quantity":1,"price":661},{"name":"Black axe","id":1361,"quantity":1,"price":827}],"date":"Jun 25, 2022, 12:41:01 PM"}
{"name":"Feral Vampyre","level":61,"killCount":-1,"type":"NPC","drops":[{"name":"Vampyre dust","id":3325,"quantity":1,"price":661},{"name":"Coins","id":995,"quantity":15,"price":1}],"date":"Jun 25, 2022, 12:41:12 PM"}
{"name":"Feral Vampyre","level":61,"killCount":-1,"type":"NPC","drops":[{"name":"Vampyre dust","id":3325,"quantity":1,"price":661}],"date":"Jun 25, 2022, 12:41:20 PM"}
{"name":"Feral Vampyre","level":61,"killCount":-1,"type":"NPC","drops":[{"name":"Vampyre dust","id":3325,"quantity":1,"price":661},{"name":"Coins","id":995,"quantity":15,"price":1}],"date":"Jun 25, 2022, 12:41:31 PM"}
{"name":"Feral Vampyre","level":61,"killCount":-1,"type":"NPC","drops":[{"name":"Vampyre dust","id":3325,"quantity":1,"price":661},{"name":"Earth rune","id":557,"quantity":4,"price":4}],"date":"Jun 25, 2022, 12:41:40 PM"}
{"name":"Feral Vampyre","level":61,"killCount":-1,"type":"NPC","drops":[{"name":"Vampyre dust","id":3325,"quantity":1,"price":661},{"name":"Coins","id":995,"quantity":15,"price":1}],"date":"Jun 25, 2022, 12:42:02 PM"}
{"name":"Feral Vampyre","level":61,"killCount":-1,"type":"NPC","drops":[{"name":"Vampyre dust","id":3325,"quantity":1,"price":661}],"date":"Jun 25, 2022, 12:42:07 PM"}
{"name":"Feral Vampyre","level":61,"killCount":-1,"type":"NPC","drops":[{"name":"Vampyre dust","id":3325,"quantity":1,"price":661},{"name":"Blood rune","id":565,"quantity":2,"price":354}],"date":"Jun 25, 2022, 12:42:33 PM"}
{"name":"Feral Vampyre","level":61,"killCount":-1,"type":"NPC","drops":[{"name":"Vampyre dust","id":3325,"quantity":1,"price":661},{"name":"Coins","id":995,"quantity":15,"price":1}],"date":"Jun 25, 2022, 12:42:44 PM"}
{"name":"Feral Vampyre","level":61,"killCount":-1,"type":"NPC","drops":[{"name":"Vampyre dust","id":3325,"quantity":1,"price":661},{"name":"Coins","id":995,"quantity":15,"price":1}],"date":"Jun 25, 2022, 12:42:56 PM"}
{"name":"Feral Vampyre","level":61,"killCount":-1,"type":"NPC","drops":[{"name":"Vampyre dust","id":3325,"quantity":1,"price":661},{"name":"Coins","id":995,"quantity":15,"price":1}],"date":"Jun 25, 2022, 12:43:10 PM"}
{"name":"Feral Vampyre","level":61,"killCount":-1,"type":"NPC","drops":[{"name":"Vampyre dust","id":3325,"quantity":1,"price":661},{"name":"Coins","id":995,"quantity":15,"price":1}],"date":"Jun 25, 2022, 12:43:20 PM"}
{"name":"Feral Vampyre","level":61,"killCount":-1,"type":"NPC","drops":[{"name":"Vampyre dust","id":3325,"quantity":1,"price":661},{"name":"Coins","id":995,"quantity":15,"price":1}],"date":"Jun 25, 2022, 12:43:28 PM"}
{"name":"Feral Vampyre","level":61,"killCount":-1,"type":"NPC","drops":[{"name":"Vampyre dust","id":3325,"quantity":1,"price":661},{"name":"Blood rune","id":565,"quantity":1,"price":354}],"date":"Jun 25, 2022, 12:43:38 PM"}
{"name":"Feral Vampyre","level":61,"killCount":-1,"type":"NPC","drops":[{"name":"Vampyre dust","id":3325,"quantity":1,"price":661},{"name":"Whiteberry seed","id":5105,"quantity":1,"price":27}],"date":"Jun 25, 2022, 12:43:50 PM"}
{"name":"Feral Vampyre","level":61,"killCount":-1,"type":"NPC","drops":[{"name":"Vampyre dust","id":3325,"quantity":1,"price":661},{"name":"Coins","id":995,"quantity":15,"price":1}],"date":"Jun 25, 2022, 12:44:32 PM"}
{"name":"Feral Vampyre","level":61,"killCount":-1,"type":"NPC","drops":[{"name":"Vampyre dust","id":3325,"quantity":1,"price":661},{"name":"Chaos rune","id":562,"quantity":3,"price":69}],"date":"Jun 25, 2022, 12:44:38 PM"}
{"name":"Feral Vampyre","level":61,"killCount":-1,"type":"NPC","drops":[{"name":"Vampyre dust","id":3325,"quantity":1,"price":661},{"name":"Coins","id":995,"quantity":15,"price":1}],"date":"Jun 25, 2022, 12:44:43 PM"}
{"name":"Feral Vampyre","level":61,"killCount":-1,"type":"NPC","drops":[{"name":"Vampyre dust","id":3325,"quantity":1,"price":661},{"name":"Earth rune","id":557,"quantity":4,"price":4}],"date":"Jun 25, 2022, 12:44:50 PM"}
{"name":"Feral Vampyre","level":61,"killCount":-1,"type":"NPC","drops":[{"name":"Vampyre dust","id":3325,"quantity":1,"price":661}],"date":"Jun 25, 2022, 12:45:04 PM"}
{"name":"Feral Vampyre","level":61,"killCount":-1,"type":"NPC","drops":[{"name":"Vampyre dust","id":3325,"quantity":1,"price":661},{"name":"Death rune","id":560,"quantity":2,"price":185}],"date":"Jun 25, 2022, 12:45:10 PM"}
{"name":"Feral Vampyre","level":61,"killCount":-1,"type":"NPC","drops":[{"name":"Vampyre dust","id":3325,"quantity":1,"price":661},{"name":"Strawberry seed","id":5323,"quantity":1,"price":5}],"date":"Jun 25, 2022, 12:45:22 PM"}
{"name":"Feral Vampyre","level":61,"killCount":-1,"type":"NPC","drops":[{"name":"Vampyre dust","id":3325,"quantity":1,"price":661},{"name":"Blood rune","id":565,"quantity":1,"price":354}],"date":"Jun 25, 2022, 12:45:34 PM"}
{"name":"Feral Vampyre","level":61,"killCount":-1,"type":"NPC","drops":[{"name":"Vampyre dust","id":3325,"quantity":1,"price":661},{"name":"Coins","id":995,"quantity":15,"price":1}],"date":"Jun 25, 2022, 12:45:42 PM"}
{"name":"Feral Vampyre","level":61,"killCount":-1,"type":"NPC","drops":[{"name":"Vampyre dust","id":3325,"quantity":1,"price":661},{"name":"Earth talisman","id":1440,"quantity":1,"price":374}],"date":"Jun 25, 2022, 12:45:49 PM"}
{"name":"Feral Vampyre","level":61,"killCount":-1,"type":"NPC","drops":[{"name":"Vampyre dust","id":3325,"quantity":1,"price":661},{"name":"Limpwurt seed","id":5100,"quantity":1,"price":18}],"date":"Jun 25, 2022, 12:45:58 PM"}
{"name":"Feral Vampyre","level":61,"killCount":-1,"type":"NPC","drops":[{"name":"Vampyre dust","id":3325,"quantity":1,"price":661},{"name":"Coins","id":995,"quantity":15,"price":1}],"date":"Jun 25, 2022, 12:46:09 PM"}
{"name":"Feral Vampyre","level":61,"killCount":-1,"type":"NPC","drops":[{"name":"Vampyre dust","id":3325,"quantity":1,"price":661},{"name":"Grimy guam leaf","id":199,"quantity":1,"price":50}],"date":"Jun 25, 2022, 12:46:19 PM"}
{"name":"Feral Vampyre","level":61,"killCount":-1,"type":"NPC","drops":[{"name":"Vampyre dust","id":3325,"quantity":1,"price":661},{"name":"Blood rune","id":565,"quantity":2,"price":354}],"date":"Jun 25, 2022, 12:46:31 PM"}
{"name":"Feral Vampyre","level":61,"killCount":-1,"type":"NPC","drops":[{"name":"Vampyre dust","id":3325,"quantity":1,"price":661},{"name":"Grimy avantoe","id":211,"quantity":1,"price":1679}],"date":"Jun 25, 2022, 12:46:44 PM"}
{"name":"Feral Vampyre","level":61,"killCount":-1,"type":"NPC","drops":[{"name":"Vampyre dust","id":3325,"quantity":1,"price":661},{"name":"Coins","id":995,"quantity":15,"price":1}],"date":"Jun 25, 2022, 12:47:00 PM"}
{"name":"Feral Vampyre","level":61,"killCount":-1,"type":"NPC","drops":[{"name":"Vampyre dust","id":3325,"quantity":1,"price":661},{"name":"Strawberry seed","id":5323,"quantity":1,"price":5}],"date":"Jun 25, 2022, 12:47:08 PM"}
{"name":"Feral Vampyre","level":61,"killCount":-1,"type":"NPC","drops":[{"name":"Vampyre dust","id":3325,"quantity":1,"price":661},{"name":"Coins","id":995,"quantity":15,"price":1}],"date":"Jun 25, 2022, 12:47:16 PM"}
{"name":"Feral Vampyre","level":61,"killCount":-1,"type":"NPC","drops":[{"name":"Vampyre dust","id":3325,"quantity":1,"price":661},{"name":"Earth rune","id":557,"quantity":4,"price":4}],"date":"Jun 25, 2022, 12:47:20 PM"}
{"name":"Feral Vampyre","level":61,"killCount":-1,"type":"NPC","drops":[{"name":"Vampyre dust","id":3325,"quantity":1,"price":661},{"name":"Harralander seed","id":5294,"quantity":1,"price":24}],"date":"Jun 25, 2022, 12:47:32 PM"}
{"name":"Feral Vampyre","level":61,"killCount":-1,"type":"NPC","drops":[{"name":"Vampyre dust","id":3325,"quantity":1,"price":661}],"date":"Jun 25, 2022, 12:47:43 PM"}
{"name":"Feral Vampyre","level":61,"killCount":-1,"type":"NPC","drops":[{"name":"Vampyre dust","id":3325,"quantity":1,"price":661},{"name":"Poison ivy seed","id":5106,"quantity":1,"price":32}],"date":"Jun 25, 2022, 12:47:52 PM"}
{"name":"Feral Vampyre","level":77,"killCount":-1,"type":"NPC","drops":[{"name":"Vampyre dust","id":3325,"quantity":1,"price":730},{"name":"Death rune","id":560,"quantity":2,"price":182}],"date":"Aug 5, 2022, 10:47:16 PM"}
{"name":"Feral Vampyre","level":77,"killCount":-1,"type":"NPC","drops":[{"name":"Vampyre dust","id":3325,"quantity":1,"price":730},{"name":"Black axe","id":1361,"quantity":1,"price":507}],"date":"Aug 5, 2022, 10:48:13 PM"}
{"name":"Feral Vampyre","level":77,"killCount":-1,"type":"NPC","drops":[{"name":"Vampyre dust","id":3325,"quantity":1,"price":730},{"name":"Grimy marrentill","id":201,"quantity":1,"price":20}],"date":"Aug 5, 2022, 10:49:02 PM"}
{"name":"Feral Vampyre","level":77,"killCount":-1,"type":"NPC","drops":[{"name":"Vampyre dust","id":3325,"quantity":1,"price":730}],"date":"Aug 5, 2022, 10:49:34 PM"}
{"name":"Feral Vampyre","level":77,"killCount":-1,"type":"NPC","drops":[{"name":"Vampyre dust","id":3325,"quantity":1,"price":730},{"name":"Death rune","id":560,"quantity":2,"price":182}],"date":"Aug 5, 2022, 11:01:58 PM"}
{"name":"Feral Vampyre","level":77,"killCount":-1,"type":"NPC","drops":[{"name":"Vampyre dust","id":3325,"quantity":1,"price":730},{"name":"Coins","id":995,"quantity":15,"price":1}],"date":"Aug 5, 2022, 11:02:19 PM"}
{"name":"Feral Vampyre","level":77,"killCount":-1,"type":"NPC","drops":[{"name":"Vampyre dust","id":3325,"quantity":1,"price":718},{"name":"Blood rune","id":565,"quantity":1,"price":360}],"date":"Aug 5, 2022, 11:16:37 PM"}
{"name":"Feral Vampyre","level":77,"killCount":-1,"type":"NPC","drops":[{"name":"Vampyre dust","id":3325,"quantity":1,"price":718},{"name":"Coins","id":995,"quantity":15,"price":1}],"date":"Aug 5, 2022, 11:17:24 PM"}
{"name":"Feral Vampyre","level":77,"killCount":-1,"type":"NPC","drops":[{"name":"Vampyre dust","id":3325,"quantity":1,"price":718},{"name":"Coins","id":995,"quantity":15,"price":1}],"date":"Aug 5, 2022, 11:18:57 PM"}
{"name":"Feral Vampyre","level":77,"killCount":-1,"type":"NPC","drops":[{"name":"Vampyre dust","id":3325,"quantity":1,"price":718}],"date":"Aug 5, 2022, 11:26:31 PM"}
{"name":"Feral Vampyre","level":77,"killCount":-1,"type":"NPC","drops":[{"name":"Vampyre dust","id":3325,"quantity":1,"price":718},{"name":"Coins","id":995,"quantity":15,"price":1}],"date":"Aug 5, 2022, 11:28:09 PM"}
{"name":"Feral Vampyre","level":77,"killCount":-1,"type":"NPC","drops":[{"name":"Vampyre dust","id":3325,"quantity":1,"price":718},{"name":"Coins","id":995,"quantity":15,"price":1}],"date":"Aug 5, 2022, 11:29:02 PM"}
{"name":"Feral Vampyre","level":77,"killCount":-1,"type":"NPC","drops":[{"name":"Vampyre dust","id":3325,"quantity":1,"price":718},{"name":"Black axe","id":1361,"quantity":1,"price":581}],"date":"Aug 5, 2022, 11:30:14 PM"}
{"name":"Feral Vampyre","level":77,"killCount":-1,"type":"NPC","drops":[{"name":"Vampyre dust","id":3325,"quantity":1,"price":720},{"name":"Coins","id":995,"quantity":15,"price":1}],"date":"Aug 5, 2022, 11:45:07 PM"}
{"name":"Feral Vampyre","level":77,"killCount":-1,"type":"NPC","drops":[{"name":"Vampyre dust","id":3325,"quantity":1,"price":720},{"name":"Earth rune","id":557,"quantity":4,"price":6}],"date":"Aug 5, 2022, 11:45:34 PM"}
{"name":"Feral Vampyre","level":77,"killCount":-1,"type":"NPC","drops":[{"name":"Vampyre dust","id":3325,"quantity":1,"price":720},{"name":"Coins","id":995,"quantity":15,"price":1}],"date":"Aug 5, 2022, 11:46:33 PM"}
{"name":"Feral Vampyre","level":77,"killCount":-1,"type":"NPC","drops":[{"name":"Vampyre dust","id":3325,"quantity":1,"price":720},{"name":"Black axe","id":1361,"quantity":1,"price":792}],"date":"Aug 5, 2022, 11:47:20 PM"}
{"name":"Feral Vampyre","level":77,"killCount":-1,"type":"NPC","drops":[{"name":"Vampyre dust","id":3325,"quantity":1,"price":720},{"name":"Coins","id":995,"quantity":15,"price":1}],"date":"Aug 5, 2022, 11:47:38 PM"}
{"name":"Feral Vampyre","level":77,"killCount":-1,"type":"NPC","drops":[{"name":"Vampyre dust","id":3325,"quantity":1,"price":720},{"name":"Coins","id":995,"quantity":15,"price":1}],"date":"Aug 5, 2022, 11:48:11 PM"}
{"name":"Feral Vampyre","level":77,"killCount":-1,"type":"NPC","drops":[{"name":"Vampyre dust","id":3325,"quantity":1,"price":720},{"name":"Coins","id":995,"quantity":15,"price":1}],"date":"Aug 5, 2022, 11:54:52 PM"}
{"name":"Feral Vampyre","level":77,"killCount":-1,"type":"NPC","drops":[{"name":"Vampyre dust","id":3325,"quantity":1,"price":720},{"name":"Black axe","id":1361,"quantity":1,"price":792}],"date":"Aug 5, 2022, 11:58:02 PM"}
{"name":"Feral Vampyre","level":77,"killCount":-1,"type":"NPC","drops":[{"name":"Vampyre dust","id":3325,"quantity":1,"price":709},{"name":"Death rune","id":560,"quantity":2,"price":179}],"date":"Aug 7, 2022, 5:45:57 PM"}
{"name":"Feral Vampyre","level":77,"killCount":-1,"type":"NPC","drops":[{"name":"Vampyre dust","id":3325,"quantity":1,"price":709},{"name":"Grimy guam leaf","id":199,"quantity":1,"price":61}],"date":"Aug 7, 2022, 5:47:16 PM"}
{"name":"Feral Vampyre","level":77,"killCount":-1,"type":"NPC","drops":[{"name":"Vampyre dust","id":3325,"quantity":1,"price":709}],"date":"Aug 7, 2022, 5:55:44 PM"}
{"name":"Feral Vampyre","level":77,"killCount":-1,"type":"NPC","drops":[{"name":"Vampyre dust","id":3325,"quantity":1,"price":723}],"date":"Aug 7, 2022, 6:04:37 PM"}
{"name":"Feral Vampyre","level":77,"killCount":-1,"type":"NPC","drops":[{"name":"Vampyre dust","id":3325,"quantity":1,"price":723},{"name":"Coins","id":995,"quantity":15,"price":1}],"date":"Aug 7, 2022, 6:31:35 PM"}
{"name":"Feral Vampyre","level":77,"killCount":-1,"type":"NPC","drops":[{"name":"Vampyre dust","id":3325,"quantity":1,"price":721},{"name":"Blood rune","id":565,"quantity":1,"price":371}],"date":"Aug 7, 2022, 6:44:49 PM"}
{"name":"Feral Vampyre","level":77,"killCount":-1,"type":"NPC","drops":[{"name":"Vampyre dust","id":3325,"quantity":1,"price":721},{"name":"Grimy marrentill","id":201,"quantity":1,"price":21}],"date":"Aug 7, 2022, 6:49:23 PM"}
{"name":"Feral Vampyre","level":77,"killCount":-1,"type":"NPC","drops":[{"name":"Vampyre dust","id":3325,"quantity":1,"price":713}],"date":"Aug 7, 2022, 8:15:31 PM"}
{"name":"Feral Vampyre","level":77,"killCount":-1,"type":"NPC","drops":[{"name":"Vampyre dust","id":3325,"quantity":1,"price":713},{"name":"Coins","id":995,"quantity":15,"price":1}],"date":"Aug 7, 2022, 8:23:36 PM"}
{"name":"Feral Vampyre","level":77,"killCount":-1,"type":"NPC","drops":[{"name":"Vampyre dust","id":3325,"quantity":1,"price":713},{"name":"Coins","id":995,"quantity":15,"price":1}],"date":"Aug 7, 2022, 8:24:02 PM"}
{"name":"Feral Vampyre","level":77,"killCount":-1,"type":"NPC","drops":[{"name":"Vampyre dust","id":3325,"quantity":1,"price":713},{"name":"Coins","id":995,"quantity":15,"price":1}],"date":"Aug 7, 2022, 8:26:47 PM"}
{"name":"Feral Vampyre","level":77,"killCount":-1,"type":"NPC","drops":[{"name":"Vampyre dust","id":3325,"quantity":1,"price":739},{"name":"Coins","id":995,"quantity":15,"price":1}],"date":"Aug 7, 2022, 9:15:23 PM"}
{"name":"Feral Vampyre","level":77,"killCount":-1,"type":"NPC","drops":[{"name":"Vampyre dust","id":3325,"quantity":1,"price":739},{"name":"Earth rune","id":557,"quantity":4,"price":4}],"date":"Aug 7, 2022, 9:17:32 PM"}
{"name":"Feral Vampyre","level":77,"killCount":-1,"type":"NPC","drops":[{"name":"Vampyre dust","id":3325,"quantity":1,"price":752},{"name":"Coins","id":995,"quantity":15,"price":1}],"date":"Aug 7, 2022, 10:52:30 PM"}
{"name":"Feral Vampyre","level":77,"killCount":-1,"type":"NPC","drops":[{"name":"Vampyre dust","id":3325,"quantity":1,"price":765}],"date":"Aug 7, 2022, 11:04:08 PM"}
{"name":"Feral Vampyre","level":77,"killCount":-1,"type":"NPC","drops":[{"name":"Vampyre dust","id":3325,"quantity":1,"price":765},{"name":"Coins","id":995,"quantity":15,"price":1}],"date":"Aug 7, 2022, 11:07:13 PM"}
{"name":"Feral Vampyre","level":77,"killCount":-1,"type":"NPC","drops":[{"name":"Vampyre dust","id":3325,"quantity":1,"price":765},{"name":"Marrentill seed","id":5292,"quantity":1,"price":4}],"date":"Aug 7, 2022, 11:21:41 PM"}
{"name":"Feral Vampyre","level":77,"killCount":-1,"type":"NPC","drops":[{"name":"Vampyre dust","id":3325,"quantity":1,"price":765},{"name":"Avantoe seed","id":5298,"quantity":1,"price":338}],"date":"Aug 7, 2022, 11:22:41 PM"}
{"name":"Feral Vampyre","level":77,"killCount":-1,"type":"NPC","drops":[{"name":"Vampyre dust","id":3325,"quantity":1,"price":765},{"name":"Black axe","id":1361,"quantity":1,"price":605}],"date":"Aug 7, 2022, 11:23:48 PM"}
{"name":"Feral Vampyre","level":77,"killCount":-1,"type":"NPC","drops":[{"name":"Vampyre dust","id":3325,"quantity":1,"price":765},{"name":"Coins","id":995,"quantity":15,"price":1}],"date":"Aug 7, 2022, 11:24:54 PM"}
{"name":"Feral Vampyre","level":77,"killCount":-1,"type":"NPC","drops":[{"name":"Vampyre dust","id":3325,"quantity":1,"price":764},{"name":"Chaos rune","id":562,"quantity":3,"price":73}],"date":"Aug 7, 2022, 11:42:31 PM"}
{"name":"Feral Vampyre","level":77,"killCount":-1,"type":"NPC","drops":[{"name":"Vampyre dust","id":3325,"quantity":1,"price":725}],"date":"Aug 8, 2022, 10:29:00 PM"}
{"name":"Feral Vampyre","level":77,"killCount":-1,"type":"NPC","drops":[{"name":"Vampyre dust","id":3325,"quantity":1,"price":732}],"date":"Aug 8, 2022, 10:30:17 PM"}
{"name":"Feral Vampyre","level":77,"killCount":-1,"type":"NPC","drops":[{"name":"Vampyre dust","id":3325,"quantity":1,"price":732},{"name":"Coins","id":995,"quantity":15,"price":1}],"date":"Aug 8, 2022, 10:49:49 PM"}
{"name":"Feral Vampyre","level":77,"killCount":-1,"type":"NPC","drops":[{"name":"Vampyre dust","id":3325,"quantity":1,"price":732},{"name":"Coins","id":995,"quantity":15,"price":1}],"date":"Aug 8, 2022, 11:10:23 PM"}
{"name":"Feral Vampyre","level":77,"killCount":-1,"type":"NPC","drops":[{"name":"Vampyre dust","id":3325,"quantity":1,"price":732},{"name":"Grimy guam leaf","id":199,"quantity":1,"price":60}],"date":"Aug 8, 2022, 11:12:01 PM"}
{"name":"Feral Vampyre","level":77,"killCount":-1,"type":"NPC","drops":[{"name":"Vampyre dust","id":3325,"quantity":1,"price":732},{"name":"Coins","id":995,"quantity":15,"price":1}],"date":"Aug 8, 2022, 11:20:45 PM"}
{"name":"Feral Vampyre","level":77,"killCount":-1,"type":"NPC","drops":[{"name":"Vampyre dust","id":3325,"quantity":1,"price":732},{"name":"Chaos rune","id":562,"quantity":3,"price":75}],"date":"Aug 8, 2022, 11:32:03 PM"}
{"name":"Feral Vampyre","level":77,"killCount":-1,"type":"NPC","drops":[{"name":"Vampyre dust","id":3325,"quantity":1,"price":732},{"name":"Black axe","id":1361,"quantity":1,"price":605}],"date":"Aug 8, 2022, 11:33:04 PM"}
{"name":"Feral Vampyre","level":77,"killCount":-1,"type":"NPC","drops":[{"name":"Vampyre dust","id":3325,"quantity":1,"price":732},{"name":"Coins","id":995,"quantity":15,"price":1}],"date":"Aug 8, 2022, 11:42:49 PM"}
{"name":"Feral Vampyre","level":77,"killCount":-1,"type":"NPC","drops":[{"name":"Vampyre dust","id":3325,"quantity":1,"price":732},{"name":"Uncut emerald","id":1621,"quantity":1,"price":511}],"date":"Aug 8, 2022, 11:55:34 PM"}
{"name":"Feral Vampyre","level":77,"killCount":-1,"type":"NPC","drops":[{"name":"Vampyre dust","id":3325,"quantity":1,"price":732},{"name":"Coins","id":995,"quantity":15,"price":1}],"date":"Aug 8, 2022, 11:57:54 PM"}
{"name":"Feral Vampyre","level":77,"killCount":-1,"type":"NPC","drops":[{"name":"Vampyre dust","id":3325,"quantity":1,"price":720},{"name":"Coins","id":995,"quantity":15,"price":1}],"date":"Aug 9, 2022, 9:30:11 AM"}
{"name":"Feral Vampyre","level":77,"killCount":-1,"type":"NPC","drops":[{"name":"Vampyre dust","id":3325,"quantity":1,"price":720},{"name":"Grimy guam leaf","id":199,"quantity":1,"price":61}],"date":"Aug 9, 2022, 9:32:56 AM"}
{"name":"Feral Vampyre","level":77,"killCount":-1,"type":"NPC","drops":[{"name":"Vampyre dust","id":3325,"quantity":1,"price":734},{"name":"Coins","id":995,"quantity":15,"price":1}],"date":"Aug 9, 2022, 5:25:55 PM"}
{"name":"Feral Vampyre","level":77,"killCount":-1,"type":"NPC","drops":[{"name":"Vampyre dust","id":3325,"quantity":1,"price":724}],"date":"Aug 9, 2022, 5:35:44 PM"}
{"name":"Feral Vampyre","level":61,"killCount":-1,"type":"NPC","drops":[{"name":"Vampyre dust","id":3325,"quantity":1,"price":770},{"name":"Jangerberry seed","id":5104,"quantity":1,"price":1}],"date":"Aug 13, 2022, 5:20:06 PM"}
{"name":"Feral Vampyre","level":61,"killCount":-1,"type":"NPC","drops":[{"name":"Vampyre dust","id":3325,"quantity":1,"price":770},{"name":"Harralander seed","id":5294,"quantity":1,"price":26}],"date":"Aug 13, 2022, 5:20:14 PM"}
{"name":"Feral Vampyre","level":61,"killCount":-1,"type":"NPC","drops":[{"name":"Vampyre dust","id":3325,"quantity":1,"price":770},{"name":"Earth talisman","id":1440,"quantity":1,"price":334}],"date":"Aug 13, 2022, 5:20:21 PM"}
{"name":"Feral Vampyre","level":61,"killCount":-1,"type":"NPC","drops":[{"name":"Vampyre dust","id":3325,"quantity":1,"price":770},{"name":"Death rune","id":560,"quantity":2,"price":184}],"date":"Aug 13, 2022, 5:20:26 PM"}
{"name":"Feral Vampyre","level":61,"killCount":-1,"type":"NPC","drops":[{"name":"Vampyre dust","id":3325,"quantity":1,"price":770},{"name":"Grimy lantadyme","id":2485,"quantity":1,"price":1409}],"date":"Aug 13, 2022, 5:20:36 PM"}
{"name":"Feral Vampyre","level":61,"killCount":-1,"type":"NPC","drops":[{"name":"Vampyre dust","id":3325,"quantity":1,"price":770},{"name":"Coins","id":995,"quantity":15,"price":1}],"date":"Aug 13, 2022, 5:20:43 PM"}
{"name":"Feral Vampyre","level":61,"killCount":-1,"type":"NPC","drops":[{"name":"Vampyre dust","id":3325,"quantity":1,"price":770},{"name":"Death rune","id":560,"quantity":2,"price":184}],"date":"Aug 13, 2022, 5:20:57 PM"}
{"name":"Feral Vampyre","level":61,"killCount":-1,"type":"NPC","drops":[{"name":"Vampyre dust","id":3325,"quantity":1,"price":770},{"name":"Chaos rune","id":562,"quantity":3,"price":83}],"date":"Aug 13, 2022, 5:21:09 PM"}
{"name":"Feral Vampyre","level":61,"killCount":-1,"type":"NPC","drops":[{"name":"Vampyre dust","id":3325,"quantity":1,"price":770}],"date":"Aug 13, 2022, 5:21:25 PM"}
{"name":"Feral Vampyre","level":61,"killCount":-1,"type":"NPC","drops":[{"name":"Vampyre dust","id":3325,"quantity":1,"price":770}],"date":"Aug 13, 2022, 5:21:30 PM"}
{"name":"Feral Vampyre","level":61,"killCount":-1,"type":"NPC","drops":[{"name":"Vampyre dust","id":3325,"quantity":1,"price":770},{"name":"Blood rune","id":565,"quantity":1,"price":375}],"date":"Aug 13, 2022, 5:21:43 PM"}
{"name":"Feral Vampyre","level":61,"killCount":-1,"type":"NPC","drops":[{"name":"Vampyre dust","id":3325,"quantity":1,"price":770}],"date":"Aug 13, 2022, 5:21:52 PM"}
{"name":"Feral Vampyre","level":61,"killCount":-1,"type":"NPC","drops":[{"name":"Vampyre dust","id":3325,"quantity":1,"price":770},{"name":"Coins","id":995,"quantity":15,"price":1}],"date":"Aug 13, 2022, 5:22:03 PM"}
{"name":"Feral Vampyre","level":61,"killCount":-1,"type":"NPC","drops":[{"name":"Vampyre dust","id":3325,"quantity":1,"price":770},{"name":"Death rune","id":560,"quantity":2,"price":184}],"date":"Aug 13, 2022, 5:22:10 PM"}
{"name":"Feral Vampyre","level":61,"killCount":-1,"type":"NPC","drops":[{"name":"Vampyre dust","id":3325,"quantity":1,"price":770}],"date":"Aug 13, 2022, 5:22:16 PM"}
{"name":"Feral Vampyre","level":61,"killCount":-1,"type":"NPC","drops":[{"name":"Vampyre dust","id":3325,"quantity":1,"price":770},{"name":"Coins","id":995,"quantity":15,"price":1}],"date":"Aug 13, 2022, 5:22:30 PM"}
{"name":"Feral Vampyre","level":61,"killCount":-1,"type":"NPC","drops":[{"name":"Vampyre dust","id":3325,"quantity":1,"price":770},{"name":"Strawberry seed","id":5323,"quantity":1,"price":3}],"date":"Aug 13, 2022, 5:22:35 PM"}
{"name":"Feral Vampyre","level":61,"killCount":-1,"type":"NPC","drops":[{"name":"Vampyre dust","id":3325,"quantity":1,"price":770},{"name":"Grimy guam leaf","id":199,"quantity":1,"price":55}],"date":"Aug 13, 2022, 5:22:46 PM"}
{"name":"Feral Vampyre","level":61,"killCount":-1,"type":"NPC","drops":[{"name":"Vampyre dust","id":3325,"quantity":1,"price":770},{"name":"Coins","id":995,"quantity":15,"price":1}],"date":"Aug 13, 2022, 5:22:51 PM"}
{"name":"Feral Vampyre","level":61,"killCount":-1,"type":"NPC","drops":[{"name":"Vampyre dust","id":3325,"quantity":1,"price":770},{"name":"Coins","id":995,"quantity":15,"price":1}],"date":"Aug 13, 2022, 5:23:15 PM"}
{"name":"Feral Vampyre","level":61,"killCount":-1,"type":"NPC","drops":[{"name":"Vampyre dust","id":3325,"quantity":1,"price":770},{"name":"Chaos rune","id":562,"quantity":3,"price":83}],"date":"Aug 13, 2022, 5:23:22 PM"}
{"name":"Feral Vampyre","level":61,"killCount":-1,"type":"NPC","drops":[{"name":"Vampyre dust","id":3325,"quantity":1,"price":770}],"date":"Aug 13, 2022, 5:23:30 PM"}
{"name":"Feral Vampyre","level":61,"killCount":-1,"type":"NPC","drops":[{"name":"Vampyre dust","id":3325,"quantity":1,"price":770}],"date":"Aug 13, 2022, 5:23:37 PM"}
{"name":"Feral Vampyre","level":61,"killCount":-1,"type":"NPC","drops":[{"name":"Vampyre dust","id":3325,"quantity":1,"price":770},{"name":"Coins","id":995,"quantity":15,"price":1}],"date":"Aug 13, 2022, 5:23:39 PM"}
{"name":"Feral Vampyre","level":61,"killCount":-1,"type":"NPC","drops":[{"name":"Vampyre dust","id":3325,"quantity":1,"price":770},{"name":"Coins","id":995,"quantity":15,"price":1}],"date":"Aug 13, 2022, 5:23:49 PM"}
{"name":"Feral Vampyre","level":61,"killCount":-1,"type":"NPC","drops":[{"name":"Vampyre dust","id":3325,"quantity":1,"price":770},{"name":"Marrentill seed","id":5292,"quantity":1,"price":3}],"date":"Aug 13, 2022, 5:23:54 PM"}
{"name":"Feral Vampyre","level":61,"killCount":-1,"type":"NPC","drops":[{"name":"Vampyre dust","id":3325,"quantity":1,"price":770},{"name":"Coins","id":995,"quantity":15,"price":1}],"date":"Aug 13, 2022, 5:24:02 PM"}
{"name":"Feral Vampyre","level":61,"killCount":-1,"type":"NPC","drops":[{"name":"Vampyre dust","id":3325,"quantity":1,"price":770},{"name":"Death rune","id":560,"quantity":2,"price":184}],"date":"Aug 13, 2022, 5:24:06 PM"}
{"name":"Feral Vampyre","level":61,"killCount":-1,"type":"NPC","drops":[{"name":"Vampyre dust","id":3325,"quantity":1,"price":770},{"name":"Earth talisman","id":1440,"quantity":1,"price":334}],"date":"Aug 13, 2022, 5:24:13 PM"}
{"name":"Feral Vampyre","level":61,"killCount":-1,"type":"NPC","drops":[{"name":"Vampyre dust","id":3325,"quantity":1,"price":770},{"name":"Marrentill seed","id":5292,"quantity":1,"price":3}],"date":"Aug 13, 2022, 5:24:18 PM"}
{"name":"Feral Vampyre","level":61,"killCount":-1,"type":"NPC","drops":[{"name":"Vampyre dust","id":3325,"quantity":1,"price":770},{"name":"Black axe","id":1361,"quantity":1,"price":513}],"date":"Aug 13, 2022, 5:24:27 PM"}
{"name":"Feral Vampyre","level":77,"killCount":-1,"type":"NPC","drops":[{"name":"Vampyre dust","id":3325,"quantity":1,"price":696},{"name":"Coins","id":995,"quantity":15,"price":1}],"date":"Dec 21, 2022, 11:53:48 PM"}
{"name":"Feral Vampyre","level":77,"killCount":-1,"type":"NPC","drops":[{"name":"Vampyre dust","id":3325,"quantity":1,"price":696},{"name":"Clue scroll (medium)","id":3612,"quantity":1,"price":0},{"name":"Earth rune","id":557,"quantity":4,"price":5}],"date":"Dec 22, 2022, 12:28:02 AM"}
{"name":"Feral Vampyre","level":77,"killCount":-1,"type":"NPC","drops":[{"name":"Vampyre dust","id":3325,"quantity":1,"price":684},{"name":"Grimy guam leaf","id":199,"quantity":1,"price":44}],"date":"Dec 22, 2022, 10:19:13 AM"}
{"name":"Feral Vampyre","level":77,"killCount":-1,"type":"NPC","drops":[{"name":"Vampyre dust","id":3325,"quantity":1,"price":684},{"name":"Chaos rune","id":562,"quantity":3,"price":75}],"date":"Dec 22, 2022, 2:13:40 PM"}
{"name":"Feral Vampyre","level":77,"killCount":-1,"type":"NPC","drops":[{"name":"Vampyre dust","id":3325,"quantity":1,"price":588},{"name":"Uncut sapphire","id":1623,"quantity":1,"price":250}],"date":"Dec 27, 2022, 11:06:32 PM"}
