{"name":"Flockleader Geerin","level":149,"killCount":-1,"type":"NPC","drops":[{"name":"Bones","id":526,"quantity":1,"price":75},{"name":"Feather","id":314,"quantity":4,"price":3},{"name":"Coins","id":995,"quantity":1088,"price":1}],"date":"Dec 14, 2022, 11:18:51 PM"}
{"name":"Flockleader Geerin","level":149,"killCount":-1,"type":"NPC","drops":[{"name":"Bones","id":526,"quantity":1,"price":75},{"name":"Feather","id":314,"quantity":2,"price":3},{"name":"Manta ray","id":391,"quantity":1,"price":1046},{"name":"Manta ray","id":391,"quantity":1,"price":1046}],"date":"Dec 14, 2022, 11:22:18 PM"}
{"name":"Flockleader Geerin","level":149,"killCount":-1,"type":"NPC","drops":[{"name":"Bones","id":526,"quantity":1,"price":75},{"name":"Feather","id":314,"quantity":2,"price":3},{"name":"Coins","id":995,"quantity":1092,"price":1}],"date":"Dec 14, 2022, 11:26:31 PM"}
{"name":"Flockleader Geerin","level":149,"killCount":-1,"type":"NPC","drops":[{"name":"Bones","id":526,"quantity":1,"price":75},{"name":"Feather","id":314,"quantity":4,"price":3},{"name":"Coins","id":995,"quantity":1065,"price":1}],"date":"Jan 11, 2023, 10:28:37 AM"}
{"name":"Flockleader Geerin","level":149,"killCount":-1,"type":"NPC","drops":[{"name":"Bones","id":526,"quantity":1,"price":75},{"name":"Feather","id":314,"quantity":9,"price":3},{"name":"Coins","id":995,"quantity":1093,"price":1}],"date":"Jan 11, 2023, 10:36:12 AM"}
{"name":"Flockleader Geerin","level":149,"killCount":-1,"type":"NPC","drops":[{"name":"Bones","id":526,"quantity":1,"price":75},{"name":"Feather","id":314,"quantity":4,"price":3},{"name":"Steel dart","id":808,"quantity":94,"price":2}],"date":"Jan 11, 2023, 10:39:28 AM"}
{"name":"Flockleader Geerin","level":149,"killCount":-1,"type":"NPC","drops":[{"name":"Bones","id":526,"quantity":1,"price":75},{"name":"Feather","id":314,"quantity":2,"price":3},{"name":"Coins","id":995,"quantity":1071,"price":1}],"date":"Jan 11, 2023, 10:44:19 AM"}
{"name":"Flockleader Geerin","level":149,"killCount":-1,"type":"NPC","drops":[{"name":"Bones","id":526,"quantity":1,"price":75},{"name":"Feather","id":314,"quantity":2,"price":3},{"name":"Coins","id":995,"quantity":1068,"price":1}],"date":"Jan 11, 2023, 10:47:54 AM"}
{"name":"Flockleader Geerin","level":149,"killCount":-1,"type":"NPC","drops":[{"name":"Bones","id":526,"quantity":1,"price":75},{"name":"Feather","id":314,"quantity":9,"price":3},{"name":"Coins","id":995,"quantity":1075,"price":1}],"date":"Jan 11, 2023, 10:50:46 AM"}
{"name":"Flockleader Geerin","level":149,"killCount":-1,"type":"NPC","drops":[{"name":"Bones","id":526,"quantity":1,"price":75},{"name":"Feather","id":314,"quantity":4,"price":3},{"name":"Coins","id":995,"quantity":1091,"price":1}],"date":"Jan 11, 2023, 10:53:55 AM"}
{"name":"Flockleader Geerin","level":149,"killCount":-1,"type":"NPC","drops":[{"name":"Bones","id":526,"quantity":1,"price":75},{"name":"Feather","id":314,"quantity":11,"price":3},{"name":"Steel arrow","id":886,"quantity":101,"price":8}],"date":"Jan 11, 2023, 11:09:04 AM"}
{"name":"Flockleader Geerin","level":149,"killCount":-1,"type":"NPC","drops":[{"name":"Bones","id":526,"quantity":1,"price":75},{"name":"Feather","id":314,"quantity":10,"price":3},{"name":"Smoke rune","id":4697,"quantity":11,"price":107}],"date":"Jan 11, 2023, 11:12:26 AM"}
{"name":"Flockleader Geerin","level":149,"killCount":-1,"type":"NPC","drops":[{"name":"Bones","id":526,"quantity":1,"price":75},{"name":"Feather","id":314,"quantity":4,"price":3},{"name":"Coins","id":995,"quantity":1005,"price":1}],"date":"Jan 11, 2023, 11:17:14 AM"}
{"name":"Flockleader Geerin","level":149,"killCount":-1,"type":"NPC","drops":[{"name":"Bones","id":526,"quantity":1,"price":69},{"name":"Feather","id":314,"quantity":11,"price":3},{"name":"Crushed nest","id":6694,"quantity":2,"price":5085}],"date":"Feb 24, 2023, 10:56:53 PM"}
{"name":"Flockleader Geerin","level":149,"killCount":-1,"type":"NPC","drops":[{"name":"Bones","id":526,"quantity":1,"price":69},{"name":"Feather","id":314,"quantity":9,"price":3},{"name":"Smoke rune","id":4697,"quantity":12,"price":60}],"date":"Feb 24, 2023, 11:00:15 PM"}
{"name":"Flockleader Geerin","level":149,"killCount":-1,"type":"NPC","drops":[{"name":"Bones","id":526,"quantity":1,"price":69},{"name":"Feather","id":314,"quantity":4,"price":3},{"name":"Coins","id":995,"quantity":1057,"price":1}],"date":"Feb 24, 2023, 11:03:46 PM"}
{"name":"Flockleader Geerin","level":149,"killCount":-1,"type":"NPC","drops":[{"name":"Bones","id":526,"quantity":1,"price":69},{"name":"Feather","id":314,"quantity":5,"price":3},{"name":"Coins","id":995,"quantity":1060,"price":1}],"date":"Feb 24, 2023, 11:06:33 PM"}
{"name":"Flockleader Geerin","level":149,"killCount":-1,"type":"NPC","drops":[{"name":"Bones","id":526,"quantity":1,"price":69},{"name":"Feather","id":314,"quantity":10,"price":3},{"name":"Coins","id":995,"quantity":1099,"price":1}],"date":"Feb 24, 2023, 11:34:06 PM"}
{"name":"Flockleader Geerin","level":149,"killCount":-1,"type":"NPC","drops":[{"name":"Bones","id":526,"quantity":1,"price":69},{"name":"Feather","id":314,"quantity":8,"price":3},{"name":"Coins","id":995,"quantity":1024,"price":1}],"date":"Feb 24, 2023, 11:49:50 PM"}
{"name":"Flockleader Geerin","level":149,"killCount":-1,"type":"NPC","drops":[{"name":"Bones","id":526,"quantity":1,"price":69},{"name":"Feather","id":314,"quantity":10,"price":3},{"name":"Coins","id":995,"quantity":1041,"price":1}],"date":"Feb 24, 2023, 11:54:40 PM"}
{"name":"Flockleader Geerin","level":149,"killCount":-1,"type":"NPC","drops":[{"name":"Bones","id":526,"quantity":1,"price":69},{"name":"Feather","id":314,"quantity":11,"price":3},{"name":"Coins","id":995,"quantity":1059,"price":1}],"date":"Feb 25, 2023, 12:08:16 AM"}
{"name":"Flockleader Geerin","level":149,"killCount":-1,"type":"NPC","drops":[{"name":"Bones","id":526,"quantity":1,"price":69},{"name":"Feather","id":314,"quantity":11,"price":3},{"name":"Coins","id":995,"quantity":1005,"price":1}],"date":"Feb 25, 2023, 12:13:18 AM"}
{"name":"Flockleader Geerin","level":149,"killCount":-1,"type":"NPC","drops":[{"name":"Bones","id":526,"quantity":1,"price":69},{"name":"Feather","id":314,"quantity":1,"price":3},{"name":"Coins","id":995,"quantity":1017,"price":1}],"date":"Feb 25, 2023, 12:16:27 AM"}
{"name":"Flockleader Geerin","level":149,"killCount":-1,"type":"NPC","drops":[{"name":"Bones","id":526,"quantity":1,"price":69},{"name":"Feather","id":314,"quantity":10,"price":3},{"name":"Steel dart","id":808,"quantity":100,"price":3}],"date":"Feb 25, 2023, 12:20:24 AM"}
{"name":"Flockleader Geerin","level":149,"killCount":-1,"type":"NPC","drops":[{"name":"Bones","id":526,"quantity":1,"price":69},{"name":"Feather","id":314,"quantity":6,"price":3},{"name":"Coins","id":995,"quantity":1099,"price":1}],"date":"Feb 25, 2023, 12:23:10 AM"}
{"name":"Flockleader Geerin","level":149,"killCount":-1,"type":"NPC","drops":[{"name":"Bones","id":526,"quantity":1,"price":57},{"name":"Feather","id":314,"quantity":3,"price":3},{"name":"Coins","id":995,"quantity":1016,"price":1}],"date":"Apr 12, 2023, 9:53:42 AM"}
{"name":"Flockleader Geerin","level":149,"killCount":-1,"type":"NPC","drops":[{"name":"Bones","id":526,"quantity":1,"price":57},{"name":"Feather","id":314,"quantity":11,"price":3},{"name":"Mushroom potato","id":7058,"quantity":1,"price":606},{"name":"Mushroom potato","id":7058,"quantity":1,"price":606},{"name":"Mushroom potato","id":7058,"quantity":1,"price":606}],"date":"Apr 12, 2023, 10:10:15 AM"}
{"name":"Flockleader Geerin","level":149,"killCount":-1,"type":"NPC","drops":[{"name":"Bones","id":526,"quantity":1,"price":58},{"name":"Feather","id":314,"quantity":3,"price":3},{"name":"Coins","id":995,"quantity":1044,"price":1}],"date":"May 20, 2023, 11:25:15 AM"}
{"name":"Flockleader Geerin","level":149,"killCount":-1,"type":"NPC","drops":[{"name":"Bones","id":526,"quantity":1,"price":58},{"name":"Feather","id":314,"quantity":9,"price":3},{"name":"Grimy kwuarm","id":214,"quantity":1,"price":2426}],"date":"May 20, 2023, 11:27:30 AM"}
{"name":"Flockleader Geerin","level":149,"killCount":-1,"type":"NPC","drops":[{"name":"Bones","id":526,"quantity":1,"price":58},{"name":"Feather","id":314,"quantity":9,"price":3},{"name":"Manta ray","id":391,"quantity":1,"price":1005},{"name":"Manta ray","id":391,"quantity":1,"price":1005}],"date":"May 20, 2023, 11:30:18 AM"}
{"name":"Flockleader Geerin","level":149,"killCount":-1,"type":"NPC","drops":[{"name":"Bones","id":526,"quantity":1,"price":58},{"name":"Feather","id":314,"quantity":11,"price":3},{"name":"Coins","id":995,"quantity":1045,"price":1}],"date":"May 21, 2023, 12:14:23 AM"}
{"name":"Flockleader Geerin","level":149,"killCount":-1,"type":"NPC","drops":[{"name":"Bones","id":526,"quantity":1,"price":58},{"name":"Feather","id":314,"quantity":3,"price":3},{"name":"Steel dart","id":808,"quantity":93,"price":3}],"date":"May 21, 2023, 12:17:24 AM"}
{"name":"Flockleader Geerin","level":149,"killCount":-1,"type":"NPC","drops":[{"name":"Bones","id":526,"quantity":1,"price":58},{"name":"Feather","id":314,"quantity":10,"price":3},{"name":"Coins","id":995,"quantity":1068,"price":1},{"name":"Bones","id":526,"quantity":1,"price":58},{"name":"Feather","id":314,"quantity":6,"price":3},{"name":"Steel dart","id":808,"quantity":96,"price":3}],"date":"May 21, 2023, 12:20:48 AM"}
{"name":"Flockleader Geerin","level":149,"killCount":-1,"type":"NPC","drops":[{"name":"Bones","id":526,"quantity":1,"price":58},{"name":"Feather","id":314,"quantity":11,"price":3},{"name":"Coins","id":995,"quantity":1064,"price":1}],"date":"May 21, 2023, 12:24:07 AM"}
{"name":"Flockleader Geerin","level":149,"killCount":-1,"type":"NPC","drops":[{"name":"Bones","id":526,"quantity":1,"price":58},{"name":"Feather","id":314,"quantity":5,"price":3},{"name":"Coins","id":995,"quantity":1004,"price":1}],"date":"May 21, 2023, 12:26:12 AM"}
{"name":"Flockleader Geerin","level":149,"killCount":-1,"type":"NPC","drops":[{"name":"Bones","id":526,"quantity":1,"price":58},{"name":"Feather","id":314,"quantity":7,"price":3},{"name":"Coins","id":995,"quantity":1065,"price":1}],"date":"May 21, 2023, 12:28:29 AM"}
{"name":"Flockleader Geerin","level":149,"killCount":-1,"type":"NPC","drops":[{"name":"Bones","id":526,"quantity":1,"price":58},{"name":"Feather","id":314,"quantity":8,"price":3},{"name":"Grimy kwuarm","id":214,"quantity":1,"price":2426}],"date":"May 21, 2023, 12:31:42 AM"}
{"name":"Flockleader Geerin","level":149,"killCount":-1,"type":"NPC","drops":[{"name":"Bones","id":526,"quantity":1,"price":58},{"name":"Feather","id":314,"quantity":8,"price":3},{"name":"Smoke rune","id":4697,"quantity":11,"price":59}],"date":"May 21, 2023, 12:34:52 AM"}
{"name":"Flockleader Geerin","level":149,"killCount":-1,"type":"NPC","drops":[{"name":"Bones","id":526,"quantity":1,"price":58},{"name":"Feather","id":314,"quantity":2,"price":3},{"name":"Steel arrow","id":886,"quantity":92,"price":15}],"date":"May 21, 2023, 12:37:10 AM"}
{"name":"Flockleader Geerin","level":149,"killCount":-1,"type":"NPC","drops":[{"name":"Bones","id":526,"quantity":1,"price":58},{"name":"Feather","id":314,"quantity":2,"price":3},{"name":"Coins","id":995,"quantity":1089,"price":1}],"date":"May 21, 2023, 12:40:16 AM"}
{"name":"Flockleader Geerin","level":149,"killCount":-1,"type":"NPC","drops":[{"name":"Bones","id":526,"quantity":1,"price":58},{"name":"Feather","id":314,"quantity":8,"price":3},{"name":"Manta ray","id":391,"quantity":1,"price":1005},{"name":"Manta ray","id":391,"quantity":1,"price":1005}],"date":"May 21, 2023, 12:54:28 AM"}
{"name":"Flockleader Geerin","level":149,"killCount":-1,"type":"NPC","drops":[{"name":"Bones","id":526,"quantity":1,"price":58},{"name":"Feather","id":314,"quantity":4,"price":3},{"name":"Coins","id":995,"quantity":1011,"price":1}],"date":"May 21, 2023, 12:58:39 AM"}
{"name":"Flockleader Geerin","level":149,"killCount":-1,"type":"NPC","drops":[{"name":"Bones","id":526,"quantity":1,"price":58},{"name":"Feather","id":314,"quantity":6,"price":3},{"name":"Coins","id":995,"quantity":1079,"price":1}],"date":"May 21, 2023, 1:01:12 AM"}
{"name":"Flockleader Geerin","level":149,"killCount":-1,"type":"NPC","drops":[{"name":"Bones","id":526,"quantity":1,"price":58},{"name":"Feather","id":314,"quantity":6,"price":3},{"name":"Coins","id":995,"quantity":1016,"price":1}],"date":"May 21, 2023, 1:04:04 AM"}
{"name":"Flockleader Geerin","level":149,"killCount":-1,"type":"NPC","drops":[{"name":"Bones","id":526,"quantity":1,"price":58},{"name":"Feather","id":314,"quantity":9,"price":3},{"name":"Grimy kwuarm","id":214,"quantity":1,"price":2426}],"date":"May 21, 2023, 1:07:22 AM"}
{"name":"Flockleader Geerin","level":149,"killCount":-1,"type":"NPC","drops":[{"name":"Bones","id":526,"quantity":1,"price":58},{"name":"Feather","id":314,"quantity":7,"price":3},{"name":"Crushed nest","id":6694,"quantity":2,"price":5559}],"date":"May 21, 2023, 1:10:30 AM"}
{"name":"Flockleader Geerin","level":149,"killCount":-1,"type":"NPC","drops":[{"name":"Bones","id":526,"quantity":1,"price":58},{"name":"Feather","id":314,"quantity":5,"price":3},{"name":"Steel dart","id":808,"quantity":95,"price":3}],"date":"May 21, 2023, 1:13:19 AM"}
{"name":"Flockleader Geerin","level":149,"killCount":-1,"type":"NPC","drops":[{"name":"Bones","id":526,"quantity":1,"price":58},{"name":"Feather","id":314,"quantity":2,"price":3},{"name":"Coins","id":995,"quantity":1094,"price":1}],"date":"May 21, 2023, 1:23:06 AM"}
{"name":"Flockleader Geerin","level":149,"killCount":-1,"type":"NPC","drops":[{"name":"Bones","id":526,"quantity":1,"price":58},{"name":"Feather","id":314,"quantity":3,"price":3},{"name":"Coins","id":995,"quantity":1044,"price":1}],"date":"May 21, 2023, 1:25:45 AM"}
{"name":"Flockleader Geerin","level":149,"killCount":-1,"type":"NPC","drops":[{"name":"Bones","id":526,"quantity":1,"price":58},{"name":"Feather","id":314,"quantity":6,"price":3},{"name":"Mushroom potato","id":7058,"quantity":1,"price":625},{"name":"Mushroom potato","id":7058,"quantity":1,"price":625},{"name":"Mushroom potato","id":7058,"quantity":1,"price":625}],"date":"May 21, 2023, 1:28:01 AM"}
{"name":"Flockleader Geerin","level":149,"killCount":-1,"type":"NPC","drops":[{"name":"Bones","id":526,"quantity":1,"price":58},{"name":"Feather","id":314,"quantity":3,"price":3},{"name":"Coins","id":995,"quantity":1078,"price":1}],"date":"May 21, 2023, 1:31:08 AM"}
{"name":"Flockleader Geerin","level":149,"killCount":-1,"type":"NPC","drops":[{"name":"Bones","id":526,"quantity":1,"price":58},{"name":"Feather","id":314,"quantity":1,"price":3},{"name":"Manta ray","id":391,"quantity":1,"price":1005},{"name":"Manta ray","id":391,"quantity":1,"price":1005}],"date":"May 21, 2023, 1:34:30 AM"}
{"name":"Flockleader Geerin","level":149,"killCount":-1,"type":"NPC","drops":[{"name":"Bones","id":526,"quantity":1,"price":58},{"name":"Feather","id":314,"quantity":7,"price":3},{"name":"Coins","id":995,"quantity":1014,"price":1}],"date":"May 21, 2023, 1:36:30 AM"}
{"name":"Flockleader Geerin","level":149,"killCount":-1,"type":"NPC","drops":[{"name":"Bones","id":526,"quantity":1,"price":58},{"name":"Feather","id":314,"quantity":10,"price":3},{"name":"Coins","id":995,"quantity":1034,"price":1}],"date":"May 21, 2023, 1:40:02 AM"}
{"name":"Flockleader Geerin","level":149,"killCount":-1,"type":"NPC","drops":[{"name":"Bones","id":526,"quantity":1,"price":58},{"name":"Feather","id":314,"quantity":1,"price":3},{"name":"Coins","id":995,"quantity":1096,"price":1}],"date":"May 21, 2023, 1:42:46 AM"}
{"name":"Flockleader Geerin","level":149,"killCount":-1,"type":"NPC","drops":[{"name":"Bones","id":526,"quantity":1,"price":58},{"name":"Feather","id":314,"quantity":10,"price":3},{"name":"Coins","id":995,"quantity":1056,"price":1}],"date":"May 21, 2023, 1:44:59 AM"}
{"name":"Flockleader Geerin","level":149,"killCount":-1,"type":"NPC","drops":[{"name":"Bones","id":526,"quantity":1,"price":58},{"name":"Feather","id":314,"quantity":8,"price":3},{"name":"Coins","id":995,"quantity":1029,"price":1}],"date":"May 21, 2023, 1:48:23 AM"}
{"name":"Flockleader Geerin","level":149,"killCount":-1,"type":"NPC","drops":[{"name":"Bones","id":526,"quantity":1,"price":58},{"name":"Feather","id":314,"quantity":5,"price":3},{"name":"Mushroom potato","id":7058,"quantity":1,"price":625},{"name":"Mushroom potato","id":7058,"quantity":1,"price":625},{"name":"Mushroom potato","id":7058,"quantity":1,"price":625}],"date":"May 21, 2023, 1:50:45 AM"}
{"name":"Flockleader Geerin","level":149,"killCount":-1,"type":"NPC","drops":[{"name":"Bones","id":526,"quantity":1,"price":58},{"name":"Feather","id":314,"quantity":11,"price":3},{"name":"Coins","id":995,"quantity":1095,"price":1},{"name":"Bones","id":526,"quantity":1,"price":58},{"name":"Feather","id":314,"quantity":10,"price":3},{"name":"Manta ray","id":391,"quantity":1,"price":1005},{"name":"Manta ray","id":391,"quantity":1,"price":1005}],"date":"May 21, 2023, 1:53:17 AM"}
{"name":"Flockleader Geerin","level":149,"killCount":-1,"type":"NPC","drops":[{"name":"Bones","id":526,"quantity":1,"price":58},{"name":"Feather","id":314,"quantity":6,"price":3},{"name":"Steel arrow","id":886,"quantity":96,"price":16}],"date":"May 21, 2023, 6:27:19 PM"}
{"name":"Flockleader Geerin","level":149,"killCount":-1,"type":"NPC","drops":[{"name":"Bones","id":526,"quantity":1,"price":58},{"name":"Feather","id":314,"quantity":2,"price":3},{"name":"Smoke rune","id":4697,"quantity":11,"price":60}],"date":"May 21, 2023, 6:29:52 PM"}
{"name":"Flockleader Geerin","level":149,"killCount":-1,"type":"NPC","drops":[{"name":"Bones","id":526,"quantity":1,"price":58},{"name":"Feather","id":314,"quantity":5,"price":3},{"name":"Coins","id":995,"quantity":1010,"price":1}],"date":"May 21, 2023, 6:33:06 PM"}
{"name":"Flockleader Geerin","level":149,"killCount":-1,"type":"NPC","drops":[{"name":"Bones","id":526,"quantity":1,"price":58},{"name":"Feather","id":314,"quantity":1,"price":3},{"name":"Coins","id":995,"quantity":1011,"price":1}],"date":"May 21, 2023, 6:35:16 PM"}
{"name":"Flockleader Geerin","level":149,"killCount":-1,"type":"NPC","drops":[{"name":"Bones","id":526,"quantity":1,"price":58},{"name":"Feather","id":314,"quantity":3,"price":3},{"name":"Steel arrow","id":886,"quantity":93,"price":16},{"name":"Bones","id":526,"quantity":1,"price":58},{"name":"Feather","id":314,"quantity":1,"price":3},{"name":"Mushroom potato","id":7058,"quantity":1,"price":625},{"name":"Mushroom potato","id":7058,"quantity":1,"price":625},{"name":"Mushroom potato","id":7058,"quantity":1,"price":625}],"date":"May 21, 2023, 6:37:56 PM"}
{"name":"Flockleader Geerin","level":149,"killCount":-1,"type":"NPC","drops":[{"name":"Bones","id":526,"quantity":1,"price":58},{"name":"Feather","id":314,"quantity":7,"price":3},{"name":"Coins","id":995,"quantity":1070,"price":1}],"date":"May 21, 2023, 6:40:22 PM"}
{"name":"Flockleader Geerin","level":149,"killCount":-1,"type":"NPC","drops":[{"name":"Bones","id":526,"quantity":1,"price":58},{"name":"Feather","id":314,"quantity":7,"price":3},{"name":"Steel dart","id":808,"quantity":97,"price":3}],"date":"May 21, 2023, 6:44:05 PM"}
{"name":"Flockleader Geerin","level":149,"killCount":-1,"type":"NPC","drops":[{"name":"Bones","id":526,"quantity":1,"price":58},{"name":"Feather","id":314,"quantity":7,"price":3},{"name":"Steel dart","id":808,"quantity":97,"price":3}],"date":"May 21, 2023, 6:46:50 PM"}
{"name":"Flockleader Geerin","level":149,"killCount":-1,"type":"NPC","drops":[{"name":"Bones","id":526,"quantity":1,"price":58},{"name":"Feather","id":314,"quantity":5,"price":3},{"name":"Coins","id":995,"quantity":1018,"price":1}],"date":"May 21, 2023, 6:49:31 PM"}
{"name":"Flockleader Geerin","level":149,"killCount":-1,"type":"NPC","drops":[{"name":"Bones","id":526,"quantity":1,"price":58},{"name":"Feather","id":314,"quantity":9,"price":3},{"name":"Steel dart","id":808,"quantity":99,"price":3}],"date":"May 21, 2023, 6:53:31 PM"}
{"name":"Flockleader Geerin","level":149,"killCount":-1,"type":"NPC","drops":[{"name":"Bones","id":526,"quantity":1,"price":58},{"name":"Feather","id":314,"quantity":9,"price":3},{"name":"Coins","id":995,"quantity":1028,"price":1}],"date":"May 21, 2023, 6:56:29 PM"}
{"name":"Flockleader Geerin","level":149,"killCount":-1,"type":"NPC","drops":[{"name":"Bones","id":526,"quantity":1,"price":58},{"name":"Feather","id":314,"quantity":6,"price":3},{"name":"Coins","id":995,"quantity":1020,"price":1}],"date":"May 21, 2023, 6:59:31 PM"}
{"name":"Flockleader Geerin","level":149,"killCount":-1,"type":"NPC","drops":[{"name":"Bones","id":526,"quantity":1,"price":58},{"name":"Feather","id":314,"quantity":11,"price":3},{"name":"Coins","id":995,"quantity":1002,"price":1}],"date":"May 21, 2023, 7:14:27 PM"}
{"name":"Flockleader Geerin","level":149,"killCount":-1,"type":"NPC","drops":[{"name":"Bones","id":526,"quantity":1,"price":58},{"name":"Feather","id":314,"quantity":4,"price":3},{"name":"Coins","id":995,"quantity":1017,"price":1}],"date":"May 21, 2023, 7:17:09 PM"}
{"name":"Flockleader Geerin","level":149,"killCount":-1,"type":"NPC","drops":[{"name":"Bones","id":526,"quantity":1,"price":58},{"name":"Feather","id":314,"quantity":9,"price":3},{"name":"Coins","id":995,"quantity":1093,"price":1}],"date":"May 21, 2023, 7:19:29 PM"}
{"name":"Flockleader Geerin","level":149,"killCount":-1,"type":"NPC","drops":[{"name":"Bones","id":526,"quantity":1,"price":58},{"name":"Feather","id":314,"quantity":10,"price":3},{"name":"Coins","id":995,"quantity":1028,"price":1}],"date":"May 21, 2023, 7:22:18 PM"}
{"name":"Flockleader Geerin","level":149,"killCount":-1,"type":"NPC","drops":[{"name":"Bones","id":526,"quantity":1,"price":58},{"name":"Feather","id":314,"quantity":11,"price":3},{"name":"Smoke rune","id":4697,"quantity":12,"price":60}],"date":"May 21, 2023, 7:24:45 PM"}
{"name":"Flockleader Geerin","level":149,"killCount":-1,"type":"NPC","drops":[{"name":"Bones","id":526,"quantity":1,"price":58},{"name":"Feather","id":314,"quantity":4,"price":3},{"name":"Steel arrow","id":886,"quantity":94,"price":16}],"date":"May 21, 2023, 7:26:13 PM"}
{"name":"Flockleader Geerin","level":149,"killCount":-1,"type":"NPC","drops":[{"name":"Bones","id":526,"quantity":1,"price":58},{"name":"Feather","id":314,"quantity":7,"price":3},{"name":"Coins","id":995,"quantity":1003,"price":1}],"date":"May 21, 2023, 7:28:38 PM"}
{"name":"Flockleader Geerin","level":149,"killCount":-1,"type":"NPC","drops":[{"name":"Bones","id":526,"quantity":1,"price":58},{"name":"Feather","id":314,"quantity":8,"price":3},{"name":"Smoke rune","id":4697,"quantity":10,"price":60},{"name":"Bones","id":526,"quantity":1,"price":58},{"name":"Feather","id":314,"quantity":8,"price":3},{"name":"Coins","id":995,"quantity":1095,"price":1}],"date":"May 21, 2023, 7:32:14 PM"}
{"name":"Flockleader Geerin","level":149,"killCount":-1,"type":"NPC","drops":[{"name":"Bones","id":526,"quantity":1,"price":58},{"name":"Feather","id":314,"quantity":11,"price":3},{"name":"Coins","id":995,"quantity":1083,"price":1}],"date":"May 21, 2023, 7:36:05 PM"}
{"name":"Flockleader Geerin","level":149,"killCount":-1,"type":"NPC","drops":[{"name":"Bones","id":526,"quantity":1,"price":58},{"name":"Feather","id":314,"quantity":5,"price":3},{"name":"Manta ray","id":391,"quantity":1,"price":1006},{"name":"Manta ray","id":391,"quantity":1,"price":1006}],"date":"May 21, 2023, 7:38:54 PM"}
{"name":"Flockleader Geerin","level":149,"killCount":-1,"type":"NPC","drops":[{"name":"Bones","id":526,"quantity":1,"price":58},{"name":"Feather","id":314,"quantity":9,"price":3},{"name":"Coins","id":995,"quantity":1056,"price":1}],"date":"May 21, 2023, 7:49:46 PM"}
{"name":"Flockleader Geerin","level":149,"killCount":-1,"type":"NPC","drops":[{"name":"Bones","id":526,"quantity":1,"price":58},{"name":"Feather","id":314,"quantity":3,"price":3},{"name":"Coins","id":995,"quantity":1040,"price":1}],"date":"May 21, 2023, 7:53:14 PM"}
{"name":"Flockleader Geerin","level":149,"killCount":-1,"type":"NPC","drops":[{"name":"Bones","id":526,"quantity":1,"price":58},{"name":"Feather","id":314,"quantity":10,"price":3},{"name":"Coins","id":995,"quantity":1098,"price":1},{"name":"Bones","id":526,"quantity":1,"price":58},{"name":"Feather","id":314,"quantity":1,"price":3},{"name":"Manta ray","id":391,"quantity":1,"price":1006},{"name":"Manta ray","id":391,"quantity":1,"price":1006}],"date":"May 21, 2023, 7:55:52 PM"}
{"name":"Flockleader Geerin","level":149,"killCount":-1,"type":"NPC","drops":[{"name":"Bones","id":526,"quantity":1,"price":58},{"name":"Feather","id":314,"quantity":10,"price":3},{"name":"Steel dart","id":808,"quantity":100,"price":3}],"date":"May 21, 2023, 7:59:06 PM"}
{"name":"Flockleader Geerin","level":149,"killCount":-1,"type":"NPC","drops":[{"name":"Bones","id":526,"quantity":1,"price":58},{"name":"Feather","id":314,"quantity":5,"price":3},{"name":"Coins","id":995,"quantity":1031,"price":1}],"date":"May 21, 2023, 8:02:00 PM"}
{"name":"Flockleader Geerin","level":149,"killCount":-1,"type":"NPC","drops":[{"name":"Bones","id":526,"quantity":1,"price":58},{"name":"Feather","id":314,"quantity":4,"price":3},{"name":"Smoke rune","id":4697,"quantity":12,"price":60}],"date":"May 21, 2023, 8:07:10 PM"}
{"name":"Flockleader Geerin","level":149,"killCount":-1,"type":"NPC","drops":[{"name":"Bones","id":526,"quantity":1,"price":58},{"name":"Feather","id":314,"quantity":8,"price":3},{"name":"Manta ray","id":391,"quantity":1,"price":1006},{"name":"Manta ray","id":391,"quantity":1,"price":1006}],"date":"May 21, 2023, 8:57:11 PM"}
{"name":"Flockleader Geerin","level":149,"killCount":-1,"type":"NPC","drops":[{"name":"Bones","id":526,"quantity":1,"price":58},{"name":"Feather","id":314,"quantity":4,"price":3},{"name":"Mushroom potato","id":7058,"quantity":1,"price":625},{"name":"Mushroom potato","id":7058,"quantity":1,"price":625},{"name":"Mushroom potato","id":7058,"quantity":1,"price":625}],"date":"May 21, 2023, 8:59:23 PM"}
{"name":"Flockleader Geerin","level":149,"killCount":-1,"type":"NPC","drops":[{"name":"Bones","id":526,"quantity":1,"price":58},{"name":"Feather","id":314,"quantity":7,"price":3},{"name":"Coins","id":995,"quantity":1067,"price":1}],"date":"May 21, 2023, 9:02:39 PM"}
{"name":"Flockleader Geerin","level":149,"killCount":-1,"type":"NPC","drops":[{"name":"Bones","id":526,"quantity":1,"price":58},{"name":"Feather","id":314,"quantity":10,"price":3},{"name":"Mushroom potato","id":7058,"quantity":1,"price":625},{"name":"Mushroom potato","id":7058,"quantity":1,"price":625},{"name":"Mushroom potato","id":7058,"quantity":1,"price":625}],"date":"May 21, 2023, 9:04:26 PM"}
{"name":"Flockleader Geerin","level":149,"killCount":-1,"type":"NPC","drops":[{"name":"Bones","id":526,"quantity":1,"price":58},{"name":"Feather","id":314,"quantity":4,"price":3},{"name":"Coins","id":995,"quantity":1059,"price":1}],"date":"May 21, 2023, 9:07:24 PM"}
{"name":"Flockleader Geerin","level":149,"killCount":-1,"type":"NPC","drops":[{"name":"Bones","id":526,"quantity":1,"price":58},{"name":"Feather","id":314,"quantity":11,"price":3},{"name":"Grimy kwuarm","id":214,"quantity":1,"price":2476}],"date":"May 21, 2023, 9:10:00 PM"}
{"name":"Flockleader Geerin","level":149,"killCount":-1,"type":"NPC","drops":[{"name":"Bones","id":526,"quantity":1,"price":58},{"name":"Feather","id":314,"quantity":5,"price":3},{"name":"Steel arrow","id":886,"quantity":95,"price":16}],"date":"May 21, 2023, 9:13:46 PM"}
{"name":"Flockleader Geerin","level":149,"killCount":-1,"type":"NPC","drops":[{"name":"Bones","id":526,"quantity":1,"price":58},{"name":"Feather","id":314,"quantity":6,"price":3},{"name":"Coins","id":995,"quantity":1014,"price":1}],"date":"May 21, 2023, 9:16:40 PM"}
{"name":"Flockleader Geerin","level":149,"killCount":-1,"type":"NPC","drops":[{"name":"Bones","id":526,"quantity":1,"price":58},{"name":"Feather","id":314,"quantity":4,"price":3},{"name":"Manta ray","id":391,"quantity":1,"price":1006},{"name":"Manta ray","id":391,"quantity":1,"price":1006}],"date":"May 21, 2023, 9:19:02 PM"}
{"name":"Flockleader Geerin","level":149,"killCount":-1,"type":"NPC","drops":[{"name":"Bones","id":526,"quantity":1,"price":58},{"name":"Feather","id":314,"quantity":6,"price":3},{"name":"Coins","id":995,"quantity":1022,"price":1}],"date":"May 21, 2023, 9:22:06 PM"}
{"name":"Flockleader Geerin","level":149,"killCount":-1,"type":"NPC","drops":[{"name":"Bones","id":526,"quantity":1,"price":58},{"name":"Feather","id":314,"quantity":7,"price":3},{"name":"Coins","id":995,"quantity":1058,"price":1}],"date":"May 21, 2023, 9:25:01 PM"}
{"name":"Flockleader Geerin","level":149,"killCount":-1,"type":"NPC","drops":[{"name":"Bones","id":526,"quantity":1,"price":58},{"name":"Feather","id":314,"quantity":4,"price":3},{"name":"Steel dart","id":808,"quantity":94,"price":3}],"date":"May 21, 2023, 9:28:08 PM"}
{"name":"Flockleader Geerin","level":149,"killCount":-1,"type":"NPC","drops":[{"name":"Bones","id":526,"quantity":1,"price":58},{"name":"Feather","id":314,"quantity":4,"price":3},{"name":"Smoke rune","id":4697,"quantity":13,"price":60}],"date":"May 21, 2023, 9:31:11 PM"}
{"name":"Flockleader Geerin","level":149,"killCount":-1,"type":"NPC","drops":[{"name":"Bones","id":526,"quantity":1,"price":58},{"name":"Feather","id":314,"quantity":8,"price":3},{"name":"Coins","id":995,"quantity":1003,"price":1}],"date":"May 21, 2023, 9:34:12 PM"}
{"name":"Flockleader Geerin","level":149,"killCount":-1,"type":"NPC","drops":[{"name":"Bones","id":526,"quantity":1,"price":58},{"name":"Feather","id":314,"quantity":8,"price":3},{"name":"Steel dart","id":808,"quantity":98,"price":3}],"date":"May 21, 2023, 9:36:06 PM"}
{"name":"Flockleader Geerin","level":149,"killCount":-1,"type":"NPC","drops":[{"name":"Bones","id":526,"quantity":1,"price":58},{"name":"Feather","id":314,"quantity":11,"price":3},{"name":"Steel dart","id":808,"quantity":101,"price":3},{"name":"Bones","id":526,"quantity":1,"price":58},{"name":"Feather","id":314,"quantity":5,"price":3},{"name":"Mushroom potato","id":7058,"quantity":1,"price":625},{"name":"Mushroom potato","id":7058,"quantity":1,"price":625},{"name":"Mushroom potato","id":7058,"quantity":1,"price":625}],"date":"May 21, 2023, 9:39:12 PM"}
{"name":"Flockleader Geerin","level":149,"killCount":-1,"type":"NPC","drops":[{"name":"Bones","id":526,"quantity":1,"price":58},{"name":"Feather","id":314,"quantity":10,"price":3},{"name":"Coins","id":995,"quantity":1082,"price":1}],"date":"May 22, 2023, 12:45:17 AM"}
{"name":"Flockleader Geerin","level":149,"killCount":-1,"type":"NPC","drops":[{"name":"Bones","id":526,"quantity":1,"price":58},{"name":"Feather","id":314,"quantity":9,"price":3},{"name":"Coins","id":995,"quantity":1074,"price":1}],"date":"May 22, 2023, 12:48:42 AM"}
{"name":"Flockleader Geerin","level":149,"killCount":-1,"type":"NPC","drops":[{"name":"Bones","id":526,"quantity":1,"price":58},{"name":"Feather","id":314,"quantity":2,"price":3},{"name":"Coins","id":995,"quantity":1055,"price":1}],"date":"May 22, 2023, 12:51:23 AM"}
{"name":"Flockleader Geerin","level":149,"killCount":-1,"type":"NPC","drops":[{"name":"Bones","id":526,"quantity":1,"price":58},{"name":"Feather","id":314,"quantity":4,"price":3},{"name":"Coins","id":995,"quantity":1093,"price":1}],"date":"May 22, 2023, 12:53:33 AM"}
{"name":"Flockleader Geerin","level":149,"killCount":-1,"type":"NPC","drops":[{"name":"Bones","id":526,"quantity":1,"price":58},{"name":"Feather","id":314,"quantity":5,"price":3},{"name":"Coins","id":995,"quantity":1009,"price":1}],"date":"May 22, 2023, 12:56:48 AM"}
{"name":"Flockleader Geerin","level":149,"killCount":-1,"type":"NPC","drops":[{"name":"Bones","id":526,"quantity":1,"price":58},{"name":"Feather","id":314,"quantity":8,"price":3},{"name":"Steel arrow","id":886,"quantity":98,"price":16}],"date":"May 22, 2023, 12:59:53 AM"}
{"name":"Flockleader Geerin","level":149,"killCount":-1,"type":"NPC","drops":[{"name":"Bones","id":526,"quantity":1,"price":58},{"name":"Feather","id":314,"quantity":10,"price":3},{"name":"Coins","id":995,"quantity":1077,"price":1}],"date":"May 22, 2023, 1:03:10 AM"}
{"name":"Flockleader Geerin","level":149,"killCount":-1,"type":"NPC","drops":[{"name":"Bones","id":526,"quantity":1,"price":58},{"name":"Feather","id":314,"quantity":2,"price":3},{"name":"Coins","id":995,"quantity":1047,"price":1}],"date":"May 22, 2023, 1:13:04 AM"}
{"name":"Flockleader Geerin","level":149,"killCount":-1,"type":"NPC","drops":[{"name":"Bones","id":526,"quantity":1,"price":58},{"name":"Feather","id":314,"quantity":3,"price":3},{"name":"Grimy kwuarm","id":214,"quantity":1,"price":2476}],"date":"May 22, 2023, 1:16:50 AM"}
{"name":"Flockleader Geerin","level":149,"killCount":-1,"type":"NPC","drops":[{"name":"Bones","id":526,"quantity":1,"price":58},{"name":"Feather","id":314,"quantity":1,"price":3},{"name":"Coins","id":995,"quantity":1100,"price":1}],"date":"May 22, 2023, 1:19:45 AM"}
{"name":"Flockleader Geerin","level":149,"killCount":-1,"type":"NPC","drops":[{"name":"Bones","id":526,"quantity":1,"price":58},{"name":"Feather","id":314,"quantity":1,"price":3},{"name":"Coins","id":995,"quantity":1085,"price":1}],"date":"May 22, 2023, 1:22:51 AM"}
{"name":"Flockleader Geerin","level":149,"killCount":-1,"type":"NPC","drops":[{"name":"Bones","id":526,"quantity":1,"price":58},{"name":"Feather","id":314,"quantity":4,"price":3},{"name":"Coins","id":995,"quantity":1089,"price":1}],"date":"May 22, 2023, 1:25:20 AM"}
{"name":"Flockleader Geerin","level":149,"killCount":-1,"type":"NPC","drops":[{"name":"Bones","id":526,"quantity":1,"price":58},{"name":"Feather","id":314,"quantity":5,"price":3},{"name":"Crushed nest","id":6694,"quantity":2,"price":5523}],"date":"May 22, 2023, 1:29:10 AM"}
{"name":"Flockleader Geerin","level":149,"killCount":-1,"type":"NPC","drops":[{"name":"Bones","id":526,"quantity":1,"price":58},{"name":"Feather","id":314,"quantity":8,"price":3},{"name":"Coins","id":995,"quantity":1068,"price":1}],"date":"May 22, 2023, 1:43:46 AM"}
{"name":"Flockleader Geerin","level":149,"killCount":-1,"type":"NPC","drops":[{"name":"Bones","id":526,"quantity":1,"price":58},{"name":"Feather","id":314,"quantity":10,"price":3},{"name":"Coins","id":995,"quantity":1066,"price":1}],"date":"May 22, 2023, 1:47:18 AM"}
{"name":"Flockleader Geerin","level":149,"killCount":-1,"type":"NPC","drops":[{"name":"Bones","id":526,"quantity":1,"price":58},{"name":"Feather","id":314,"quantity":5,"price":3},{"name":"Coins","id":995,"quantity":1047,"price":1}],"date":"May 22, 2023, 1:50:07 AM"}
{"name":"Flockleader Geerin","level":149,"killCount":-1,"type":"NPC","drops":[{"name":"Bones","id":526,"quantity":1,"price":58},{"name":"Feather","id":314,"quantity":8,"price":3},{"name":"Steel dart","id":808,"quantity":98,"price":3},{"name":"Bones","id":526,"quantity":1,"price":58},{"name":"Feather","id":314,"quantity":6,"price":3},{"name":"Grimy kwuarm","id":214,"quantity":1,"price":2476}],"date":"May 22, 2023, 1:52:52 AM"}
{"name":"Flockleader Geerin","level":149,"killCount":-1,"type":"NPC","drops":[{"name":"Bones","id":526,"quantity":1,"price":58},{"name":"Feather","id":314,"quantity":1,"price":3},{"name":"Grimy kwuarm","id":214,"quantity":1,"price":2476}],"date":"May 22, 2023, 1:55:44 AM"}
{"name":"Flockleader Geerin","level":149,"killCount":-1,"type":"NPC","drops":[{"name":"Bones","id":526,"quantity":1,"price":58},{"name":"Feather","id":314,"quantity":7,"price":3},{"name":"Coins","id":995,"quantity":1028,"price":1}],"date":"May 22, 2023, 1:58:18 AM"}
{"name":"Flockleader Geerin","level":149,"killCount":-1,"type":"NPC","drops":[{"name":"Bones","id":526,"quantity":1,"price":58},{"name":"Feather","id":314,"quantity":3,"price":3},{"name":"Coins","id":995,"quantity":1053,"price":1}],"date":"May 22, 2023, 2:01:05 AM"}
{"name":"Flockleader Geerin","level":149,"killCount":-1,"type":"NPC","drops":[{"name":"Bones","id":526,"quantity":1,"price":58},{"name":"Feather","id":314,"quantity":5,"price":3},{"name":"Coins","id":995,"quantity":1038,"price":1}],"date":"May 22, 2023, 2:04:37 AM"}
{"name":"Flockleader Geerin","level":149,"killCount":-1,"type":"NPC","drops":[{"name":"Bones","id":526,"quantity":1,"price":58},{"name":"Feather","id":314,"quantity":6,"price":3},{"name":"Steel arrow","id":886,"quantity":96,"price":16}],"date":"May 22, 2023, 2:08:02 AM"}
{"name":"Flockleader Geerin","level":149,"killCount":-1,"type":"NPC","drops":[{"name":"Bones","id":526,"quantity":1,"price":59},{"name":"Feather","id":314,"quantity":5,"price":3},{"name":"Steel arrow","id":886,"quantity":95,"price":16}],"date":"May 22, 2023, 11:27:20 AM"}
{"name":"Flockleader Geerin","level":149,"killCount":-1,"type":"NPC","drops":[{"name":"Bones","id":526,"quantity":1,"price":59},{"name":"Feather","id":314,"quantity":7,"price":3},{"name":"Steel dart","id":808,"quantity":97,"price":3}],"date":"May 22, 2023, 11:30:02 AM"}
{"name":"Flockleader Geerin","level":149,"killCount":-1,"type":"NPC","drops":[{"name":"Bones","id":526,"quantity":1,"price":59},{"name":"Feather","id":314,"quantity":2,"price":3},{"name":"Coins","id":995,"quantity":1031,"price":1}],"date":"May 22, 2023, 11:34:03 AM"}
{"name":"Flockleader Geerin","level":149,"killCount":-1,"type":"NPC","drops":[{"name":"Bones","id":526,"quantity":1,"price":59},{"name":"Feather","id":314,"quantity":8,"price":3},{"name":"Coins","id":995,"quantity":1073,"price":1}],"date":"May 22, 2023, 11:36:28 AM"}
{"name":"Flockleader Geerin","level":149,"killCount":-1,"type":"NPC","drops":[{"name":"Bones","id":526,"quantity":1,"price":59},{"name":"Feather","id":314,"quantity":6,"price":3},{"name":"Coins","id":995,"quantity":1076,"price":1},{"name":"Bones","id":526,"quantity":1,"price":59},{"name":"Feather","id":314,"quantity":5,"price":3},{"name":"Coins","id":995,"quantity":1068,"price":1}],"date":"May 22, 2023, 11:40:17 AM"}
{"name":"Flockleader Geerin","level":149,"killCount":-1,"type":"NPC","drops":[{"name":"Bones","id":526,"quantity":1,"price":59},{"name":"Feather","id":314,"quantity":11,"price":3},{"name":"Steel dart","id":808,"quantity":101,"price":3},{"name":"Bones","id":526,"quantity":1,"price":59},{"name":"Feather","id":314,"quantity":4,"price":3},{"name":"Manta ray","id":391,"quantity":1,"price":1045},{"name":"Manta ray","id":391,"quantity":1,"price":1045}],"date":"May 22, 2023, 11:42:26 AM"}
{"name":"Flockleader Geerin","level":149,"killCount":-1,"type":"NPC","drops":[{"name":"Bones","id":526,"quantity":1,"price":59},{"name":"Feather","id":314,"quantity":8,"price":3},{"name":"Coins","id":995,"quantity":1023,"price":1}],"date":"May 22, 2023, 11:45:35 AM"}
{"name":"Flockleader Geerin","level":149,"killCount":-1,"type":"NPC","drops":[{"name":"Bones","id":526,"quantity":1,"price":59},{"name":"Feather","id":314,"quantity":3,"price":3},{"name":"Steel dart","id":808,"quantity":93,"price":3}],"date":"May 22, 2023, 11:48:11 AM"}
{"name":"Flockleader Geerin","level":149,"killCount":-1,"type":"NPC","drops":[{"name":"Bones","id":526,"quantity":1,"price":59},{"name":"Feather","id":314,"quantity":1,"price":3},{"name":"Coins","id":995,"quantity":1049,"price":1}],"date":"May 22, 2023, 11:50:43 AM"}
{"name":"Flockleader Geerin","level":149,"killCount":-1,"type":"NPC","drops":[{"name":"Bones","id":526,"quantity":1,"price":59},{"name":"Feather","id":314,"quantity":7,"price":3},{"name":"Coins","id":995,"quantity":1001,"price":1}],"date":"May 22, 2023, 11:53:20 AM"}
{"name":"Flockleader Geerin","level":149,"killCount":-1,"type":"NPC","drops":[{"name":"Bones","id":526,"quantity":1,"price":59},{"name":"Feather","id":314,"quantity":9,"price":3},{"name":"Coins","id":995,"quantity":1025,"price":1}],"date":"May 22, 2023, 11:55:53 AM"}
{"name":"Flockleader Geerin","level":149,"killCount":-1,"type":"NPC","drops":[{"name":"Bones","id":526,"quantity":1,"price":59},{"name":"Feather","id":314,"quantity":3,"price":3},{"name":"Steel arrow","id":886,"quantity":93,"price":16}],"date":"May 22, 2023, 11:59:10 AM"}
{"name":"Flockleader Geerin","level":149,"killCount":-1,"type":"NPC","drops":[{"name":"Bones","id":526,"quantity":1,"price":59},{"name":"Feather","id":314,"quantity":10,"price":3},{"name":"Mushroom potato","id":7058,"quantity":1,"price":641},{"name":"Mushroom potato","id":7058,"quantity":1,"price":641},{"name":"Mushroom potato","id":7058,"quantity":1,"price":641}],"date":"May 22, 2023, 12:02:04 PM"}
{"name":"Flockleader Geerin","level":149,"killCount":-1,"type":"NPC","drops":[{"name":"Bones","id":526,"quantity":1,"price":59},{"name":"Feather","id":314,"quantity":9,"price":3},{"name":"Coins","id":995,"quantity":1046,"price":1}],"date":"May 22, 2023, 12:07:22 PM"}
{"name":"Flockleader Geerin","level":149,"killCount":-1,"type":"NPC","drops":[{"name":"Bones","id":526,"quantity":1,"price":57},{"name":"Feather","id":314,"quantity":6,"price":3},{"name":"Grimy kwuarm","id":214,"quantity":1,"price":2596}],"date":"May 25, 2023, 8:01:37 PM"}
{"name":"Flockleader Geerin","level":149,"killCount":-1,"type":"NPC","drops":[{"name":"Bones","id":526,"quantity":1,"price":57},{"name":"Feather","id":314,"quantity":10,"price":3},{"name":"Coins","id":995,"quantity":1029,"price":1}],"date":"May 25, 2023, 8:03:53 PM"}
{"name":"Flockleader Geerin","level":149,"killCount":-1,"type":"NPC","drops":[{"name":"Bones","id":526,"quantity":1,"price":57},{"name":"Feather","id":314,"quantity":8,"price":3},{"name":"Steel dart","id":808,"quantity":98,"price":3}],"date":"May 25, 2023, 8:07:05 PM"}
{"name":"Flockleader Geerin","level":149,"killCount":-1,"type":"NPC","drops":[{"name":"Bones","id":526,"quantity":1,"price":57},{"name":"Feather","id":314,"quantity":2,"price":3},{"name":"Coins","id":995,"quantity":1033,"price":1}],"date":"May 25, 2023, 8:09:19 PM"}
{"name":"Flockleader Geerin","level":149,"killCount":-1,"type":"NPC","drops":[{"name":"Bones","id":526,"quantity":1,"price":57},{"name":"Feather","id":314,"quantity":3,"price":3},{"name":"Coins","id":995,"quantity":1083,"price":1}],"date":"May 25, 2023, 8:13:03 PM"}
{"name":"Flockleader Geerin","level":149,"killCount":-1,"type":"NPC","drops":[{"name":"Bones","id":526,"quantity":1,"price":57},{"name":"Feather","id":314,"quantity":4,"price":3},{"name":"Manta ray","id":391,"quantity":1,"price":1131},{"name":"Manta ray","id":391,"quantity":1,"price":1131}],"date":"May 25, 2023, 8:16:08 PM"}
{"name":"Flockleader Geerin","level":149,"killCount":-1,"type":"NPC","drops":[{"name":"Bones","id":526,"quantity":1,"price":57},{"name":"Feather","id":314,"quantity":10,"price":3},{"name":"Smoke rune","id":4697,"quantity":10,"price":66}],"date":"May 25, 2023, 8:18:40 PM"}
{"name":"Flockleader Geerin","level":149,"killCount":-1,"type":"NPC","drops":[{"name":"Bones","id":526,"quantity":1,"price":57},{"name":"Feather","id":314,"quantity":7,"price":3},{"name":"Coins","id":995,"quantity":1020,"price":1}],"date":"May 25, 2023, 8:22:06 PM"}
{"name":"Flockleader Geerin","level":149,"killCount":-1,"type":"NPC","drops":[{"name":"Bones","id":526,"quantity":1,"price":56},{"name":"Feather","id":314,"quantity":1,"price":3},{"name":"Coins","id":995,"quantity":1048,"price":1}],"date":"May 25, 2023, 10:54:51 PM"}
{"name":"Flockleader Geerin","level":149,"killCount":-1,"type":"NPC","drops":[{"name":"Bones","id":526,"quantity":1,"price":56},{"name":"Feather","id":314,"quantity":6,"price":3},{"name":"Coins","id":995,"quantity":1031,"price":1}],"date":"May 25, 2023, 10:58:01 PM"}
{"name":"Flockleader Geerin","level":149,"killCount":-1,"type":"NPC","drops":[{"name":"Bones","id":526,"quantity":1,"price":56},{"name":"Feather","id":314,"quantity":9,"price":3},{"name":"Smoke rune","id":4697,"quantity":10,"price":67}],"date":"May 25, 2023, 11:00:52 PM"}
{"name":"Flockleader Geerin","level":149,"killCount":-1,"type":"NPC","drops":[{"name":"Bones","id":526,"quantity":1,"price":56},{"name":"Feather","id":314,"quantity":2,"price":3},{"name":"Steel arrow","id":886,"quantity":92,"price":18}],"date":"May 25, 2023, 11:04:03 PM"}
{"name":"Flockleader Geerin","level":149,"killCount":-1,"type":"NPC","drops":[{"name":"Bones","id":526,"quantity":1,"price":56},{"name":"Feather","id":314,"quantity":11,"price":3},{"name":"Coins","id":995,"quantity":1077,"price":1}],"date":"May 25, 2023, 11:06:42 PM"}
{"name":"Flockleader Geerin","level":149,"killCount":-1,"type":"NPC","drops":[{"name":"Bones","id":526,"quantity":1,"price":56},{"name":"Feather","id":314,"quantity":1,"price":3},{"name":"Coins","id":995,"quantity":1060,"price":1}],"date":"May 25, 2023, 11:09:56 PM"}
{"name":"Flockleader Geerin","level":149,"killCount":-1,"type":"NPC","drops":[{"name":"Bones","id":526,"quantity":1,"price":56},{"name":"Feather","id":314,"quantity":10,"price":3},{"name":"Coins","id":995,"quantity":1029,"price":1}],"date":"May 25, 2023, 11:13:21 PM"}
{"name":"Flockleader Geerin","level":149,"killCount":-1,"type":"NPC","drops":[{"name":"Bones","id":526,"quantity":1,"price":56},{"name":"Feather","id":314,"quantity":3,"price":3},{"name":"Steel arrow","id":886,"quantity":93,"price":18}],"date":"May 25, 2023, 11:15:41 PM"}
{"name":"Flockleader Geerin","level":149,"killCount":-1,"type":"NPC","drops":[{"name":"Bones","id":526,"quantity":1,"price":56},{"name":"Feather","id":314,"quantity":5,"price":3},{"name":"Coins","id":995,"quantity":1019,"price":1}],"date":"May 25, 2023, 11:18:12 PM"}
{"name":"Flockleader Geerin","level":149,"killCount":-1,"type":"NPC","drops":[{"name":"Bones","id":526,"quantity":1,"price":56},{"name":"Feather","id":314,"quantity":1,"price":3},{"name":"Coins","id":995,"quantity":1091,"price":1}],"date":"May 25, 2023, 11:20:37 PM"}
{"name":"Flockleader Geerin","level":149,"killCount":-1,"type":"NPC","drops":[{"name":"Bones","id":526,"quantity":1,"price":56},{"name":"Feather","id":314,"quantity":3,"price":3},{"name":"Steel dart","id":808,"quantity":93,"price":3},{"name":"Bones","id":526,"quantity":1,"price":56},{"name":"Feather","id":314,"quantity":6,"price":3},{"name":"Coins","id":995,"quantity":1047,"price":1}],"date":"May 25, 2023, 11:23:43 PM"}
{"name":"Flockleader Geerin","level":149,"killCount":-1,"type":"NPC","drops":[{"name":"Bones","id":526,"quantity":1,"price":56},{"name":"Feather","id":314,"quantity":6,"price":3},{"name":"Coins","id":995,"quantity":1020,"price":1},{"name":"Bones","id":526,"quantity":1,"price":56},{"name":"Feather","id":314,"quantity":7,"price":3},{"name":"Coins","id":995,"quantity":1067,"price":1}],"date":"May 25, 2023, 11:26:28 PM"}
{"name":"Flockleader Geerin","level":149,"killCount":-1,"type":"NPC","drops":[{"name":"Bones","id":526,"quantity":1,"price":56},{"name":"Feather","id":314,"quantity":1,"price":3},{"name":"Coins","id":995,"quantity":1095,"price":1}],"date":"May 25, 2023, 11:37:28 PM"}
{"name":"Flockleader Geerin","level":149,"killCount":-1,"type":"NPC","drops":[{"name":"Bones","id":526,"quantity":1,"price":56},{"name":"Feather","id":314,"quantity":5,"price":3},{"name":"Mushroom potato","id":7058,"quantity":1,"price":659},{"name":"Mushroom potato","id":7058,"quantity":1,"price":659},{"name":"Mushroom potato","id":7058,"quantity":1,"price":659}],"date":"May 25, 2023, 11:41:35 PM"}
{"name":"Flockleader Geerin","level":149,"killCount":-1,"type":"NPC","drops":[{"name":"Bones","id":526,"quantity":1,"price":56},{"name":"Feather","id":314,"quantity":3,"price":3},{"name":"Steel dart","id":808,"quantity":93,"price":3}],"date":"May 25, 2023, 11:44:38 PM"}
{"name":"Flockleader Geerin","level":149,"killCount":-1,"type":"NPC","drops":[{"name":"Bones","id":526,"quantity":1,"price":56},{"name":"Feather","id":314,"quantity":11,"price":3},{"name":"Coins","id":995,"quantity":1034,"price":1}],"date":"May 25, 2023, 11:46:37 PM"}
{"name":"Flockleader Geerin","level":149,"killCount":-1,"type":"NPC","drops":[{"name":"Bones","id":526,"quantity":1,"price":56},{"name":"Feather","id":314,"quantity":10,"price":3},{"name":"Steel arrow","id":886,"quantity":100,"price":18}],"date":"May 25, 2023, 11:49:32 PM"}
{"name":"Flockleader Geerin","level":149,"killCount":-1,"type":"NPC","drops":[{"name":"Bones","id":526,"quantity":1,"price":56},{"name":"Feather","id":314,"quantity":7,"price":3},{"name":"Steel arrow","id":886,"quantity":97,"price":18}],"date":"May 25, 2023, 11:53:09 PM"}
{"name":"Flockleader Geerin","level":149,"killCount":-1,"type":"NPC","drops":[{"name":"Bones","id":526,"quantity":1,"price":56},{"name":"Feather","id":314,"quantity":9,"price":3},{"name":"Manta ray","id":391,"quantity":1,"price":1188},{"name":"Manta ray","id":391,"quantity":1,"price":1188}],"date":"May 25, 2023, 11:55:49 PM"}
