{"name":"Giant frog","level":99,"killCount":-1,"type":"NPC","drops":[{"name":"Big bones","id":532,"quantity":1,"price":255},{"name":"Giant frog legs","id":4517,"quantity":1,"price":1626}],"date":"Aug 20, 2022, 2:04:16 PM"}
{"name":"Giant frog","level":99,"killCount":-1,"type":"NPC","drops":[{"name":"Big bones","id":532,"quantity":1,"price":255},{"name":"Giant frog legs","id":4517,"quantity":1,"price":1626}],"date":"Aug 20, 2022, 2:04:30 PM"}
{"name":"Giant frog","level":99,"killCount":-1,"type":"NPC","drops":[{"name":"Big bones","id":532,"quantity":1,"price":255},{"name":"Giant frog legs","id":4517,"quantity":1,"price":1626}],"date":"Aug 20, 2022, 2:04:50 PM"}
{"name":"Giant frog","level":99,"killCount":-1,"type":"NPC","drops":[{"name":"Big bones","id":532,"quantity":1,"price":255},{"name":"Coins","id":995,"quantity":30,"price":1}],"date":"Aug 20, 2022, 2:05:10 PM"}
{"name":"Giant frog","level":99,"killCount":-1,"type":"NPC","drops":[{"name":"Big bones","id":532,"quantity":1,"price":255},{"name":"Blood rune","id":565,"quantity":1,"price":381}],"date":"Aug 20, 2022, 2:05:24 PM"}
{"name":"Giant frog","level":99,"killCount":-1,"type":"NPC","drops":[{"name":"Big bones","id":532,"quantity":1,"price":255},{"name":"Nature rune","id":561,"quantity":1,"price":185}],"date":"Aug 20, 2022, 2:05:47 PM"}
{"name":"Giant frog","level":99,"killCount":-1,"type":"NPC","drops":[{"name":"Big bones","id":532,"quantity":1,"price":255},{"name":"Giant frog legs","id":4517,"quantity":1,"price":1626}],"date":"Aug 20, 2022, 2:06:04 PM"}
{"name":"Giant frog","level":99,"killCount":-1,"type":"NPC","drops":[{"name":"Big bones","id":532,"quantity":1,"price":255},{"name":"Giant frog legs","id":4517,"quantity":1,"price":1626}],"date":"Aug 20, 2022, 2:06:18 PM"}
{"name":"Giant frog","level":99,"killCount":-1,"type":"NPC","drops":[{"name":"Big bones","id":532,"quantity":1,"price":255},{"name":"Giant frog legs","id":4517,"quantity":1,"price":1626}],"date":"Aug 20, 2022, 2:06:34 PM"}
{"name":"Giant frog","level":99,"killCount":-1,"type":"NPC","drops":[{"name":"Big bones","id":532,"quantity":1,"price":249},{"name":"Nature rune","id":561,"quantity":9,"price":185}],"date":"Aug 20, 2022, 2:06:55 PM"}
{"name":"Giant frog","level":99,"killCount":-1,"type":"NPC","drops":[{"name":"Big bones","id":532,"quantity":1,"price":249},{"name":"Giant frog legs","id":4517,"quantity":1,"price":2248}],"date":"Aug 20, 2022, 2:07:12 PM"}
{"name":"Giant frog","level":99,"killCount":-1,"type":"NPC","drops":[{"name":"Big bones","id":532,"quantity":1,"price":249},{"name":"Coal","id":453,"quantity":1,"price":158}],"date":"Aug 20, 2022, 2:07:27 PM"}
{"name":"Giant frog","level":99,"killCount":-1,"type":"NPC","drops":[{"name":"Big bones","id":532,"quantity":1,"price":249},{"name":"Nature rune","id":561,"quantity":3,"price":185}],"date":"Aug 20, 2022, 2:07:46 PM"}
{"name":"Giant frog","level":99,"killCount":-1,"type":"NPC","drops":[{"name":"Big bones","id":532,"quantity":1,"price":249},{"name":"Coins","id":995,"quantity":37,"price":1}],"date":"Aug 20, 2022, 2:08:01 PM"}
{"name":"Giant frog","level":99,"killCount":-1,"type":"NPC","drops":[{"name":"Big bones","id":532,"quantity":1,"price":249},{"name":"Giant frog legs","id":4517,"quantity":1,"price":2248}],"date":"Aug 20, 2022, 2:08:25 PM"}
{"name":"Giant frog","level":99,"killCount":-1,"type":"NPC","drops":[{"name":"Big bones","id":532,"quantity":1,"price":249},{"name":"Giant frog legs","id":4517,"quantity":1,"price":2248}],"date":"Aug 20, 2022, 2:08:40 PM"}
{"name":"Giant frog","level":99,"killCount":-1,"type":"NPC","drops":[{"name":"Big bones","id":532,"quantity":1,"price":249},{"name":"Nature rune","id":561,"quantity":3,"price":185}],"date":"Aug 20, 2022, 2:09:16 PM"}
{"name":"Giant frog","level":99,"killCount":-1,"type":"NPC","drops":[{"name":"Big bones","id":532,"quantity":1,"price":249},{"name":"Giant frog legs","id":4517,"quantity":1,"price":2248}],"date":"Aug 20, 2022, 2:09:37 PM"}
{"name":"Giant frog","level":99,"killCount":-1,"type":"NPC","drops":[{"name":"Big bones","id":532,"quantity":1,"price":263},{"name":"Nature rune","id":561,"quantity":9,"price":116}],"date":"Nov 16, 2023, 6:48:15 PM"}
{"name":"Giant frog","level":99,"killCount":-1,"type":"NPC","drops":[{"name":"Big bones","id":532,"quantity":1,"price":263},{"name":"Giant frog legs","id":4517,"quantity":1,"price":3103}],"date":"Nov 16, 2023, 6:48:28 PM"}
{"name":"Giant frog","level":13,"killCount":-1,"type":"NPC","drops":[{"name":"Big bones","id":532,"quantity":1,"price":254}],"date":"Nov 23, 2023, 1:39:43 PM"}
{"name":"Giant frog","level":13,"killCount":-1,"type":"NPC","drops":[{"name":"Big bones","id":532,"quantity":1,"price":254}],"date":"Nov 23, 2023, 1:39:48 PM"}
{"name":"Giant frog","level":13,"killCount":-1,"type":"NPC","drops":[{"name":"Big bones","id":532,"quantity":1,"price":254}],"date":"Nov 23, 2023, 1:39:50 PM"}
{"name":"Giant frog","level":13,"killCount":-1,"type":"NPC","drops":[{"name":"Big bones","id":532,"quantity":1,"price":254}],"date":"Nov 23, 2023, 1:39:54 PM"}
{"name":"Giant frog","level":13,"killCount":-1,"type":"NPC","drops":[{"name":"Big bones","id":532,"quantity":1,"price":254},{"name":"Scroll box (beginner)","id":24361,"quantity":1,"price":0}],"date":"Nov 23, 2023, 1:40:03 PM"}
{"name":"Giant frog","level":13,"killCount":-1,"type":"NPC","drops":[{"name":"Big bones","id":532,"quantity":1,"price":254}],"date":"Nov 23, 2023, 1:40:07 PM"}
{"name":"Giant frog","level":13,"killCount":-1,"type":"NPC","drops":[{"name":"Big bones","id":532,"quantity":1,"price":254},{"name":"Scroll box (beginner)","id":24361,"quantity":1,"price":0}],"date":"Nov 23, 2023, 1:40:08 PM"}
{"name":"Giant frog","level":13,"killCount":-1,"type":"NPC","drops":[{"name":"Big bones","id":532,"quantity":1,"price":254}],"date":"Nov 23, 2023, 1:40:20 PM"}
{"name":"Giant frog","level":13,"killCount":-1,"type":"NPC","drops":[{"name":"Big bones","id":532,"quantity":1,"price":254}],"date":"Nov 23, 2023, 1:40:22 PM"}
{"name":"Giant frog","level":13,"killCount":-1,"type":"NPC","drops":[{"name":"Big bones","id":532,"quantity":1,"price":254}],"date":"Nov 23, 2023, 1:40:29 PM"}
{"name":"Giant frog","level":13,"killCount":-1,"type":"NPC","drops":[{"name":"Big bones","id":532,"quantity":1,"price":254}],"date":"Nov 23, 2023, 1:40:33 PM"}
{"name":"Giant frog","level":13,"killCount":-1,"type":"NPC","drops":[{"name":"Big bones","id":532,"quantity":1,"price":254}],"date":"Nov 23, 2023, 1:40:36 PM"}
{"name":"Giant frog","level":13,"killCount":-1,"type":"NPC","drops":[{"name":"Big bones","id":532,"quantity":1,"price":254}],"date":"Nov 23, 2023, 1:40:39 PM"}
{"name":"Giant frog","level":13,"killCount":-1,"type":"NPC","drops":[{"name":"Big bones","id":532,"quantity":1,"price":254}],"date":"Nov 23, 2023, 1:40:46 PM"}
{"name":"Giant frog","level":13,"killCount":-1,"type":"NPC","drops":[{"name":"Big bones","id":532,"quantity":1,"price":254}],"date":"Nov 23, 2023, 1:41:01 PM"}
{"name":"Giant frog","level":13,"killCount":-1,"type":"NPC","drops":[{"name":"Big bones","id":532,"quantity":1,"price":254}],"date":"Nov 23, 2023, 1:41:04 PM"}
{"name":"Giant frog","level":13,"killCount":-1,"type":"NPC","drops":[{"name":"Big bones","id":532,"quantity":1,"price":254}],"date":"Nov 23, 2023, 1:41:13 PM"}
{"name":"Giant frog","level":13,"killCount":-1,"type":"NPC","drops":[{"name":"Big bones","id":532,"quantity":1,"price":254}],"date":"Nov 23, 2023, 1:41:16 PM"}
{"name":"Giant frog","level":13,"killCount":-1,"type":"NPC","drops":[{"name":"Big bones","id":532,"quantity":1,"price":254}],"date":"Nov 23, 2023, 1:41:19 PM"}
{"name":"Giant frog","level":13,"killCount":-1,"type":"NPC","drops":[{"name":"Big bones","id":532,"quantity":1,"price":254}],"date":"Nov 23, 2023, 1:41:23 PM"}
{"name":"Giant frog","level":13,"killCount":-1,"type":"NPC","drops":[{"name":"Big bones","id":532,"quantity":1,"price":254},{"name":"Scroll box (beginner)","id":24361,"quantity":1,"price":0}],"date":"Nov 23, 2023, 1:41:39 PM"}
{"name":"Giant frog","level":13,"killCount":-1,"type":"NPC","drops":[{"name":"Big bones","id":532,"quantity":1,"price":254}],"date":"Nov 23, 2023, 1:41:41 PM"}
{"name":"Giant frog","level":13,"killCount":-1,"type":"NPC","drops":[{"name":"Big bones","id":532,"quantity":1,"price":254}],"date":"Nov 23, 2023, 1:41:45 PM"}
{"name":"Giant frog","level":13,"killCount":-1,"type":"NPC","drops":[{"name":"Big bones","id":532,"quantity":1,"price":254}],"date":"Nov 23, 2023, 1:41:49 PM"}
{"name":"Giant frog","level":13,"killCount":-1,"type":"NPC","drops":[{"name":"Big bones","id":532,"quantity":1,"price":254}],"date":"Nov 23, 2023, 1:41:54 PM"}
{"name":"Giant frog","level":13,"killCount":-1,"type":"NPC","drops":[{"name":"Big bones","id":532,"quantity":1,"price":254}],"date":"Nov 23, 2023, 1:42:00 PM"}
{"name":"Giant frog","level":13,"killCount":-1,"type":"NPC","drops":[{"name":"Big bones","id":532,"quantity":1,"price":254}],"date":"Nov 23, 2023, 1:42:08 PM"}
{"name":"Giant frog","level":13,"killCount":-1,"type":"NPC","drops":[{"name":"Big bones","id":532,"quantity":1,"price":254}],"date":"Nov 23, 2023, 1:42:13 PM"}
{"name":"Giant frog","level":13,"killCount":-1,"type":"NPC","drops":[{"name":"Big bones","id":532,"quantity":1,"price":254}],"date":"Nov 23, 2023, 1:42:17 PM"}
{"name":"Giant frog","level":13,"killCount":-1,"type":"NPC","drops":[{"name":"Big bones","id":532,"quantity":1,"price":254}],"date":"Nov 23, 2023, 1:42:24 PM"}
{"name":"Giant frog","level":13,"killCount":-1,"type":"NPC","drops":[{"name":"Big bones","id":532,"quantity":1,"price":254}],"date":"Nov 23, 2023, 1:42:26 PM"}
{"name":"Giant frog","level":13,"killCount":-1,"type":"NPC","drops":[{"name":"Big bones","id":532,"quantity":1,"price":254}],"date":"Nov 23, 2023, 1:42:36 PM"}
{"name":"Giant frog","level":13,"killCount":-1,"type":"NPC","drops":[{"name":"Big bones","id":532,"quantity":1,"price":254}],"date":"Nov 23, 2023, 1:42:39 PM"}
{"name":"Giant frog","level":13,"killCount":-1,"type":"NPC","drops":[{"name":"Big bones","id":532,"quantity":1,"price":254}],"date":"Nov 23, 2023, 1:42:45 PM"}
{"name":"Giant frog","level":13,"killCount":-1,"type":"NPC","drops":[{"name":"Big bones","id":532,"quantity":1,"price":254}],"date":"Nov 23, 2023, 1:42:51 PM"}
{"name":"Giant frog","level":13,"killCount":-1,"type":"NPC","drops":[{"name":"Big bones","id":532,"quantity":1,"price":254}],"date":"Nov 23, 2023, 1:42:54 PM"}
{"name":"Giant frog","level":13,"killCount":-1,"type":"NPC","drops":[{"name":"Big bones","id":532,"quantity":1,"price":254}],"date":"Nov 23, 2023, 1:43:06 PM"}
{"name":"Giant frog","level":13,"killCount":-1,"type":"NPC","drops":[{"name":"Big bones","id":532,"quantity":1,"price":254}],"date":"Nov 23, 2023, 1:43:13 PM"}
{"name":"Giant frog","level":13,"killCount":-1,"type":"NPC","drops":[{"name":"Big bones","id":532,"quantity":1,"price":254}],"date":"Nov 23, 2023, 1:43:16 PM"}
{"name":"Giant frog","level":13,"killCount":-1,"type":"NPC","drops":[{"name":"Big bones","id":532,"quantity":1,"price":254}],"date":"Nov 23, 2023, 1:43:19 PM"}
{"name":"Giant frog","level":13,"killCount":-1,"type":"NPC","drops":[{"name":"Big bones","id":532,"quantity":1,"price":254}],"date":"Nov 23, 2023, 1:43:22 PM"}
{"name":"Giant frog","level":13,"killCount":-1,"type":"NPC","drops":[{"name":"Big bones","id":532,"quantity":1,"price":254}],"date":"Nov 23, 2023, 1:43:26 PM"}
{"name":"Giant frog","level":13,"killCount":-1,"type":"NPC","drops":[{"name":"Big bones","id":532,"quantity":1,"price":254}],"date":"Nov 23, 2023, 1:43:54 PM"}
{"name":"Giant frog","level":13,"killCount":-1,"type":"NPC","drops":[{"name":"Big bones","id":532,"quantity":1,"price":254}],"date":"Nov 23, 2023, 1:44:00 PM"}
{"name":"Giant frog","level":13,"killCount":-1,"type":"NPC","drops":[{"name":"Big bones","id":532,"quantity":1,"price":254}],"date":"Nov 23, 2023, 1:44:11 PM"}
{"name":"Giant frog","level":13,"killCount":-1,"type":"NPC","drops":[{"name":"Big bones","id":532,"quantity":1,"price":254}],"date":"Nov 23, 2023, 1:44:16 PM"}
{"name":"Giant frog","level":13,"killCount":-1,"type":"NPC","drops":[{"name":"Big bones","id":532,"quantity":1,"price":254}],"date":"Nov 23, 2023, 1:44:19 PM"}
{"name":"Giant frog","level":13,"killCount":-1,"type":"NPC","drops":[{"name":"Big bones","id":532,"quantity":1,"price":254}],"date":"Nov 23, 2023, 1:44:22 PM"}
{"name":"Giant frog","level":13,"killCount":-1,"type":"NPC","drops":[{"name":"Big bones","id":532,"quantity":1,"price":254}],"date":"Nov 23, 2023, 1:44:28 PM"}
{"name":"Giant frog","level":13,"killCount":-1,"type":"NPC","drops":[{"name":"Big bones","id":532,"quantity":1,"price":254}],"date":"Nov 23, 2023, 1:44:31 PM"}
{"name":"Giant frog","level":13,"killCount":-1,"type":"NPC","drops":[{"name":"Big bones","id":532,"quantity":1,"price":254}],"date":"Nov 23, 2023, 1:44:37 PM"}
