{"name":"Gorak","level":149,"killCount":-1,"type":"NPC","drops":[{"name":"Big bones","id":532,"quantity":1,"price":213},{"name":"Uncut emerald","id":1621,"quantity":1,"price":551}],"date":"Aug 5, 2022, 10:49:16 PM"}
{"name":"Gorak","level":149,"killCount":-1,"type":"NPC","drops":[{"name":"Big bones","id":532,"quantity":1,"price":213},{"name":"Nature talisman","id":1462,"quantity":1,"price":406}],"date":"Aug 5, 2022, 11:00:35 PM"}
{"name":"Gorak","level":149,"killCount":-1,"type":"NPC","drops":[{"name":"Big bones","id":532,"quantity":1,"price":208}],"date":"Aug 5, 2022, 11:03:59 PM"}
{"name":"Gorak","level":149,"killCount":-1,"type":"NPC","drops":[{"name":"Big bones","id":532,"quantity":1,"price":208}],"date":"Aug 5, 2022, 11:15:53 PM"}
{"name":"Gorak","level":149,"killCount":-1,"type":"NPC","drops":[{"name":"Big bones","id":532,"quantity":1,"price":208},{"name":"Gorak claws","id":9016,"quantity":1,"price":0},{"name":"Uncut sapphire","id":1623,"quantity":1,"price":349}],"date":"Aug 5, 2022, 11:17:49 PM"}
{"name":"Gorak","level":149,"killCount":-1,"type":"NPC","drops":[{"name":"Big bones","id":532,"quantity":1,"price":208},{"name":"Gorak claws","id":9016,"quantity":1,"price":0},{"name":"Uncut sapphire","id":1623,"quantity":1,"price":349}],"date":"Aug 5, 2022, 11:27:32 PM"}
{"name":"Gorak","level":149,"killCount":-1,"type":"NPC","drops":[{"name":"Big bones","id":532,"quantity":1,"price":208},{"name":"Uncut sapphire","id":1623,"quantity":1,"price":349}],"date":"Aug 5, 2022, 11:29:21 PM"}
{"name":"Gorak","level":149,"killCount":-1,"type":"NPC","drops":[{"name":"Big bones","id":532,"quantity":1,"price":209}],"date":"Aug 5, 2022, 11:45:45 PM"}
{"name":"Gorak","level":149,"killCount":-1,"type":"NPC","drops":[{"name":"Big bones","id":532,"quantity":1,"price":209},{"name":"Gorak claws","id":9016,"quantity":1,"price":0}],"date":"Aug 5, 2022, 11:55:29 PM"}
{"name":"Gorak","level":149,"killCount":-1,"type":"NPC","drops":[{"name":"Big bones","id":532,"quantity":1,"price":209}],"date":"Aug 5, 2022, 11:56:32 PM"}
{"name":"Gorak","level":149,"killCount":-1,"type":"NPC","drops":[{"name":"Big bones","id":532,"quantity":1,"price":216},{"name":"Uncut diamond","id":1617,"quantity":1,"price":2742}],"date":"Aug 6, 2022, 12:10:49 AM"}
{"name":"Gorak","level":149,"killCount":-1,"type":"NPC","drops":[{"name":"Big bones","id":532,"quantity":1,"price":216},{"name":"Gorak claws","id":9016,"quantity":1,"price":0},{"name":"Uncut sapphire","id":1623,"quantity":1,"price":353}],"date":"Aug 6, 2022, 12:12:06 AM"}
{"name":"Gorak","level":149,"killCount":-1,"type":"NPC","drops":[{"name":"Big bones","id":532,"quantity":1,"price":216}],"date":"Aug 6, 2022, 12:14:21 AM"}
{"name":"Gorak","level":149,"killCount":-1,"type":"NPC","drops":[{"name":"Big bones","id":532,"quantity":1,"price":216},{"name":"Gorak claws","id":9016,"quantity":1,"price":0},{"name":"Uncut sapphire","id":1623,"quantity":1,"price":353}],"date":"Aug 6, 2022, 12:31:30 AM"}
{"name":"Gorak","level":149,"killCount":-1,"type":"NPC","drops":[{"name":"Big bones","id":532,"quantity":1,"price":214}],"date":"Aug 7, 2022, 4:14:29 PM"}
{"name":"Gorak","level":149,"killCount":-1,"type":"NPC","drops":[{"name":"Big bones","id":532,"quantity":1,"price":214},{"name":"Tooth half of key","id":985,"quantity":1,"price":10149}],"date":"Aug 7, 2022, 4:16:02 PM"}
{"name":"Gorak","level":149,"killCount":-1,"type":"NPC","drops":[{"name":"Big bones","id":532,"quantity":1,"price":210},{"name":"Uncut ruby","id":1619,"quantity":1,"price":1149}],"date":"Aug 7, 2022, 4:39:20 PM"}
{"name":"Gorak","level":149,"killCount":-1,"type":"NPC","drops":[{"name":"Big bones","id":532,"quantity":1,"price":210},{"name":"Gorak claws","id":9016,"quantity":1,"price":0},{"name":"Uncut diamond","id":1617,"quantity":1,"price":2762}],"date":"Aug 7, 2022, 4:58:03 PM"}
{"name":"Gorak","level":149,"killCount":-1,"type":"NPC","drops":[{"name":"Big bones","id":532,"quantity":1,"price":210},{"name":"Gorak claws","id":9016,"quantity":1,"price":0}],"date":"Aug 7, 2022, 4:58:45 PM"}
{"name":"Gorak","level":149,"killCount":-1,"type":"NPC","drops":[{"name":"Big bones","id":532,"quantity":1,"price":209}],"date":"Aug 7, 2022, 5:15:29 PM"}
{"name":"Gorak","level":149,"killCount":-1,"type":"NPC","drops":[{"name":"Big bones","id":532,"quantity":1,"price":209}],"date":"Aug 7, 2022, 5:16:30 PM"}
{"name":"Gorak","level":149,"killCount":-1,"type":"NPC","drops":[{"name":"Big bones","id":532,"quantity":1,"price":209},{"name":"Uncut sapphire","id":1623,"quantity":1,"price":354}],"date":"Aug 7, 2022, 5:31:33 PM"}
{"name":"Gorak","level":149,"killCount":-1,"type":"NPC","drops":[{"name":"Big bones","id":532,"quantity":1,"price":212}],"date":"Aug 7, 2022, 5:33:24 PM"}
{"name":"Gorak","level":149,"killCount":-1,"type":"NPC","drops":[{"name":"Big bones","id":532,"quantity":1,"price":212},{"name":"Uncut emerald","id":1621,"quantity":1,"price":532}],"date":"Aug 7, 2022, 5:54:40 PM"}
{"name":"Gorak","level":149,"killCount":-1,"type":"NPC","drops":[{"name":"Big bones","id":532,"quantity":1,"price":214}],"date":"Aug 7, 2022, 6:03:41 PM"}
{"name":"Gorak","level":149,"killCount":-1,"type":"NPC","drops":[{"name":"Big bones","id":532,"quantity":1,"price":214}],"date":"Aug 7, 2022, 6:06:32 PM"}
{"name":"Gorak","level":149,"killCount":-1,"type":"NPC","drops":[{"name":"Big bones","id":532,"quantity":1,"price":214},{"name":"Uncut sapphire","id":1623,"quantity":1,"price":348}],"date":"Aug 7, 2022, 6:15:09 PM"}
{"name":"Gorak","level":149,"killCount":-1,"type":"NPC","drops":[{"name":"Big bones","id":532,"quantity":1,"price":214},{"name":"Gorak claws","id":9016,"quantity":1,"price":0}],"date":"Aug 7, 2022, 6:31:02 PM"}
{"name":"Gorak","level":149,"killCount":-1,"type":"NPC","drops":[{"name":"Big bones","id":532,"quantity":1,"price":212}],"date":"Aug 7, 2022, 7:54:15 PM"}
{"name":"Gorak","level":149,"killCount":-1,"type":"NPC","drops":[{"name":"Big bones","id":532,"quantity":1,"price":212},{"name":"Gorak claws","id":9016,"quantity":1,"price":0},{"name":"Uncut emerald","id":1621,"quantity":1,"price":545}],"date":"Aug 7, 2022, 7:55:34 PM"}
{"name":"Gorak","level":149,"killCount":-1,"type":"NPC","drops":[{"name":"Big bones","id":532,"quantity":1,"price":212}],"date":"Aug 7, 2022, 8:12:44 PM"}
{"name":"Gorak","level":149,"killCount":-1,"type":"NPC","drops":[{"name":"Big bones","id":532,"quantity":1,"price":212},{"name":"Gorak claws","id":9016,"quantity":1,"price":0},{"name":"Uncut ruby","id":1619,"quantity":1,"price":1150}],"date":"Aug 7, 2022, 8:14:16 PM"}
{"name":"Gorak","level":149,"killCount":-1,"type":"NPC","drops":[{"name":"Big bones","id":532,"quantity":1,"price":210},{"name":"Gorak claws","id":9016,"quantity":1,"price":0}],"date":"Aug 7, 2022, 8:45:12 PM"}
{"name":"Gorak","level":149,"killCount":-1,"type":"NPC","drops":[{"name":"Big bones","id":532,"quantity":1,"price":210}],"date":"Aug 7, 2022, 8:56:17 PM"}
{"name":"Gorak","level":149,"killCount":-1,"type":"NPC","drops":[{"name":"Big bones","id":532,"quantity":1,"price":210},{"name":"Gorak claws","id":9016,"quantity":1,"price":0},{"name":"Uncut sapphire","id":1623,"quantity":1,"price":354}],"date":"Aug 7, 2022, 9:15:21 PM"}
{"name":"Gorak","level":149,"killCount":-1,"type":"NPC","drops":[{"name":"Big bones","id":532,"quantity":1,"price":210},{"name":"Gorak claws","id":9016,"quantity":1,"price":0},{"name":"Uncut ruby","id":1619,"quantity":1,"price":1147}],"date":"Aug 7, 2022, 9:16:11 PM"}
{"name":"Gorak","level":149,"killCount":-1,"type":"NPC","drops":[{"name":"Big bones","id":532,"quantity":1,"price":209}],"date":"Aug 7, 2022, 9:53:45 PM"}
{"name":"Gorak","level":149,"killCount":-1,"type":"NPC","drops":[{"name":"Big bones","id":532,"quantity":1,"price":212}],"date":"Aug 7, 2022, 10:10:18 PM"}
{"name":"Gorak","level":149,"killCount":-1,"type":"NPC","drops":[{"name":"Big bones","id":532,"quantity":1,"price":212}],"date":"Aug 7, 2022, 10:12:01 PM"}
{"name":"Gorak","level":149,"killCount":-1,"type":"NPC","drops":[{"name":"Big bones","id":532,"quantity":1,"price":212}],"date":"Aug 7, 2022, 10:31:36 PM"}
{"name":"Gorak","level":149,"killCount":-1,"type":"NPC","drops":[{"name":"Big bones","id":532,"quantity":1,"price":214},{"name":"Gorak claws","id":9016,"quantity":1,"price":0},{"name":"Uncut sapphire","id":1623,"quantity":1,"price":348}],"date":"Aug 7, 2022, 10:33:23 PM"}
{"name":"Gorak","level":149,"killCount":-1,"type":"NPC","drops":[{"name":"Big bones","id":532,"quantity":1,"price":214},{"name":"Gorak claws","id":9016,"quantity":1,"price":0},{"name":"Uncut emerald","id":1621,"quantity":1,"price":550}],"date":"Aug 7, 2022, 10:54:26 PM"}
{"name":"Gorak","level":149,"killCount":-1,"type":"NPC","drops":[{"name":"Big bones","id":532,"quantity":1,"price":203}],"date":"Aug 7, 2022, 11:05:59 PM"}
{"name":"Gorak","level":149,"killCount":-1,"type":"NPC","drops":[{"name":"Big bones","id":532,"quantity":1,"price":203},{"name":"Uncut sapphire","id":1623,"quantity":1,"price":346}],"date":"Aug 7, 2022, 11:07:35 PM"}
{"name":"Gorak","level":149,"killCount":-1,"type":"NPC","drops":[{"name":"Big bones","id":532,"quantity":1,"price":203}],"date":"Aug 7, 2022, 11:21:16 PM"}
{"name":"Gorak","level":149,"killCount":-1,"type":"NPC","drops":[{"name":"Big bones","id":532,"quantity":1,"price":214},{"name":"Gorak claws","id":9016,"quantity":1,"price":0},{"name":"Uncut ruby","id":1619,"quantity":1,"price":1137}],"date":"Aug 7, 2022, 11:41:34 PM"}
{"name":"Gorak","level":149,"killCount":-1,"type":"NPC","drops":[{"name":"Big bones","id":532,"quantity":1,"price":217},{"name":"Gorak claws","id":9016,"quantity":1,"price":0},{"name":"Uncut emerald","id":1621,"quantity":1,"price":519}],"date":"Aug 8, 2022, 12:04:05 AM"}
{"name":"Gorak","level":149,"killCount":-1,"type":"NPC","drops":[{"name":"Big bones","id":532,"quantity":1,"price":217},{"name":"Gorak claws","id":9016,"quantity":1,"price":0}],"date":"Aug 8, 2022, 12:17:46 AM"}
{"name":"Gorak","level":149,"killCount":-1,"type":"NPC","drops":[{"name":"Big bones","id":532,"quantity":1,"price":216},{"name":"Uncut sapphire","id":1623,"quantity":1,"price":349}],"date":"Aug 8, 2022, 8:35:21 PM"}
{"name":"Gorak","level":149,"killCount":-1,"type":"NPC","drops":[{"name":"Big bones","id":532,"quantity":1,"price":216},{"name":"Gorak claws","id":9016,"quantity":1,"price":0}],"date":"Aug 8, 2022, 8:37:12 PM"}
{"name":"Gorak","level":149,"killCount":-1,"type":"NPC","drops":[{"name":"Big bones","id":532,"quantity":1,"price":216}],"date":"Aug 8, 2022, 8:45:53 PM"}
{"name":"Gorak","level":149,"killCount":-1,"type":"NPC","drops":[{"name":"Big bones","id":532,"quantity":1,"price":216},{"name":"Gorak claws","id":9016,"quantity":1,"price":0}],"date":"Aug 8, 2022, 8:47:44 PM"}
{"name":"Gorak","level":149,"killCount":-1,"type":"NPC","drops":[{"name":"Big bones","id":532,"quantity":1,"price":216}],"date":"Aug 8, 2022, 8:49:15 PM"}
{"name":"Gorak","level":149,"killCount":-1,"type":"NPC","drops":[{"name":"Big bones","id":532,"quantity":1,"price":216},{"name":"Gorak claws","id":9016,"quantity":1,"price":0},{"name":"Nature talisman","id":1462,"quantity":1,"price":424}],"date":"Aug 8, 2022, 8:50:23 PM"}
{"name":"Gorak","level":149,"killCount":-1,"type":"NPC","drops":[{"name":"Big bones","id":532,"quantity":1,"price":216},{"name":"Gorak claws","id":9016,"quantity":1,"price":0},{"name":"Uncut emerald","id":1621,"quantity":1,"price":532}],"date":"Aug 8, 2022, 8:58:59 PM"}
{"name":"Gorak","level":149,"killCount":-1,"type":"NPC","drops":[{"name":"Big bones","id":532,"quantity":1,"price":218}],"date":"Aug 8, 2022, 9:01:07 PM"}
{"name":"Gorak","level":149,"killCount":-1,"type":"NPC","drops":[{"name":"Big bones","id":532,"quantity":1,"price":218},{"name":"Gorak claws","id":9016,"quantity":1,"price":0}],"date":"Aug 8, 2022, 9:13:21 PM"}
{"name":"Gorak","level":149,"killCount":-1,"type":"NPC","drops":[{"name":"Big bones","id":532,"quantity":1,"price":218},{"name":"Gorak claws","id":9016,"quantity":1,"price":0},{"name":"Uncut emerald","id":1621,"quantity":1,"price":526}],"date":"Aug 8, 2022, 9:14:33 PM"}
{"name":"Gorak","level":149,"killCount":-1,"type":"NPC","drops":[{"name":"Big bones","id":532,"quantity":1,"price":218},{"name":"Gorak claws","id":9016,"quantity":1,"price":0}],"date":"Aug 8, 2022, 9:16:35 PM"}
{"name":"Gorak","level":149,"killCount":-1,"type":"NPC","drops":[{"name":"Big bones","id":532,"quantity":1,"price":212}],"date":"Aug 8, 2022, 9:54:03 PM"}
{"name":"Gorak","level":149,"killCount":-1,"type":"NPC","drops":[{"name":"Big bones","id":532,"quantity":1,"price":211},{"name":"Uncut emerald","id":1621,"quantity":1,"price":542}],"date":"Aug 8, 2022, 10:10:47 PM"}
{"name":"Gorak","level":149,"killCount":-1,"type":"NPC","drops":[{"name":"Big bones","id":532,"quantity":1,"price":214},{"name":"Uncut emerald","id":1621,"quantity":1,"price":532}],"date":"Aug 8, 2022, 10:29:31 PM"}
{"name":"Gorak","level":149,"killCount":-1,"type":"NPC","drops":[{"name":"Big bones","id":532,"quantity":1,"price":214}],"date":"Aug 8, 2022, 10:50:18 PM"}
{"name":"Gorak","level":149,"killCount":-1,"type":"NPC","drops":[{"name":"Big bones","id":532,"quantity":1,"price":214}],"date":"Aug 8, 2022, 10:53:26 PM"}
{"name":"Gorak","level":149,"killCount":-1,"type":"NPC","drops":[{"name":"Big bones","id":532,"quantity":1,"price":214}],"date":"Aug 8, 2022, 11:12:16 PM"}
{"name":"Gorak","level":149,"killCount":-1,"type":"NPC","drops":[{"name":"Big bones","id":532,"quantity":1,"price":214}],"date":"Aug 8, 2022, 11:13:30 PM"}
{"name":"Gorak","level":149,"killCount":-1,"type":"NPC","drops":[{"name":"Big bones","id":532,"quantity":1,"price":214},{"name":"Gorak claws","id":9016,"quantity":1,"price":0}],"date":"Aug 8, 2022, 11:22:33 PM"}
{"name":"Gorak","level":149,"killCount":-1,"type":"NPC","drops":[{"name":"Big bones","id":532,"quantity":1,"price":214},{"name":"Gorak claws","id":9016,"quantity":1,"price":0}],"date":"Aug 8, 2022, 11:43:29 PM"}
{"name":"Gorak","level":149,"killCount":-1,"type":"NPC","drops":[{"name":"Big bones","id":532,"quantity":1,"price":214},{"name":"Uncut ruby","id":1619,"quantity":1,"price":1148}],"date":"Aug 8, 2022, 11:57:03 PM"}
{"name":"Gorak","level":149,"killCount":-1,"type":"NPC","drops":[{"name":"Big bones","id":532,"quantity":1,"price":215},{"name":"Gorak claws","id":9016,"quantity":1,"price":0},{"name":"Uncut ruby","id":1619,"quantity":1,"price":1155}],"date":"Aug 9, 2022, 9:30:31 AM"}
{"name":"Gorak","level":149,"killCount":-1,"type":"NPC","drops":[{"name":"Big bones","id":532,"quantity":1,"price":215},{"name":"Gorak claws","id":9016,"quantity":1,"price":0},{"name":"Uncut emerald","id":1621,"quantity":1,"price":529}],"date":"Aug 9, 2022, 9:34:25 AM"}
{"name":"Gorak","level":149,"killCount":-1,"type":"NPC","drops":[{"name":"Big bones","id":532,"quantity":1,"price":211},{"name":"Tooth half of key","id":985,"quantity":1,"price":9883}],"date":"Aug 9, 2022, 10:10:25 AM"}
{"name":"Gorak","level":149,"killCount":-1,"type":"NPC","drops":[{"name":"Big bones","id":532,"quantity":1,"price":211},{"name":"Uncut emerald","id":1621,"quantity":1,"price":537}],"date":"Aug 9, 2022, 10:25:35 AM"}
{"name":"Gorak","level":149,"killCount":-1,"type":"NPC","drops":[{"name":"Big bones","id":532,"quantity":1,"price":212},{"name":"Uncut emerald","id":1621,"quantity":1,"price":529}],"date":"Aug 9, 2022, 10:38:34 AM"}
{"name":"Gorak","level":149,"killCount":-1,"type":"NPC","drops":[{"name":"Big bones","id":532,"quantity":1,"price":212},{"name":"Gorak claws","id":9016,"quantity":1,"price":0},{"name":"Uncut emerald","id":1621,"quantity":1,"price":529}],"date":"Aug 9, 2022, 10:39:50 AM"}
{"name":"Gorak","level":149,"killCount":-1,"type":"NPC","drops":[{"name":"Big bones","id":532,"quantity":1,"price":212},{"name":"Uncut sapphire","id":1623,"quantity":1,"price":357}],"date":"Aug 9, 2022, 10:53:20 AM"}
{"name":"Gorak","level":149,"killCount":-1,"type":"NPC","drops":[{"name":"Big bones","id":532,"quantity":1,"price":216},{"name":"Uncut sapphire","id":1623,"quantity":1,"price":343}],"date":"Aug 9, 2022, 11:21:06 AM"}
{"name":"Gorak","level":149,"killCount":-1,"type":"NPC","drops":[{"name":"Big bones","id":532,"quantity":1,"price":216}],"date":"Aug 9, 2022, 11:24:27 AM"}
{"name":"Gorak","level":149,"killCount":-1,"type":"NPC","drops":[{"name":"Big bones","id":532,"quantity":1,"price":216},{"name":"Gorak claws","id":9016,"quantity":1,"price":0}],"date":"Aug 9, 2022, 11:25:36 AM"}
{"name":"Gorak","level":149,"killCount":-1,"type":"NPC","drops":[{"name":"Big bones","id":532,"quantity":1,"price":214},{"name":"Gorak claws","id":9016,"quantity":1,"price":0},{"name":"Uncut sapphire","id":1623,"quantity":1,"price":353}],"date":"Aug 9, 2022, 12:19:37 PM"}
{"name":"Gorak","level":149,"killCount":-1,"type":"NPC","drops":[{"name":"Big bones","id":532,"quantity":1,"price":214},{"name":"Gorak claws","id":9016,"quantity":1,"price":0},{"name":"Uncut sapphire","id":1623,"quantity":1,"price":353}],"date":"Aug 9, 2022, 12:20:35 PM"}
{"name":"Gorak","level":149,"killCount":-1,"type":"NPC","drops":[{"name":"Big bones","id":532,"quantity":1,"price":213},{"name":"Gorak claws","id":9016,"quantity":1,"price":0},{"name":"Uncut sapphire","id":1623,"quantity":1,"price":345}],"date":"Aug 9, 2022, 5:24:58 PM"}
{"name":"Gorak","level":149,"killCount":-1,"type":"NPC","drops":[{"name":"Big bones","id":532,"quantity":1,"price":213},{"name":"Uncut sapphire","id":1623,"quantity":1,"price":345}],"date":"Aug 9, 2022, 5:26:03 PM"}
{"name":"Gorak","level":149,"killCount":-1,"type":"NPC","drops":[{"name":"Big bones","id":532,"quantity":1,"price":213}],"date":"Aug 9, 2022, 5:27:47 PM"}
{"name":"Gorak","level":149,"killCount":-1,"type":"NPC","drops":[{"name":"Big bones","id":532,"quantity":1,"price":211}],"date":"Aug 9, 2022, 5:36:10 PM"}
{"name":"Gorak","level":149,"killCount":-1,"type":"NPC","drops":[{"name":"Big bones","id":532,"quantity":1,"price":211}],"date":"Aug 9, 2022, 5:38:07 PM"}
{"name":"Gorak","level":149,"killCount":-1,"type":"NPC","drops":[{"name":"Big bones","id":532,"quantity":1,"price":205},{"name":"Uncut sapphire","id":1623,"quantity":1,"price":349}],"date":"Aug 9, 2022, 6:17:49 PM"}
{"name":"Gorak","level":149,"killCount":-1,"type":"NPC","drops":[{"name":"Big bones","id":532,"quantity":1,"price":205},{"name":"Uncut sapphire","id":1623,"quantity":1,"price":349}],"date":"Aug 9, 2022, 6:27:01 PM"}
{"name":"Gorak","level":149,"killCount":-1,"type":"NPC","drops":[{"name":"Big bones","id":532,"quantity":1,"price":212}],"date":"Aug 9, 2022, 6:46:35 PM"}
{"name":"Gorak","level":149,"killCount":-1,"type":"NPC","drops":[{"name":"Big bones","id":532,"quantity":1,"price":212},{"name":"Gorak claws","id":9016,"quantity":1,"price":0},{"name":"Uncut emerald","id":1621,"quantity":1,"price":529}],"date":"Aug 9, 2022, 7:04:07 PM"}
{"name":"Gorak","level":149,"killCount":-1,"type":"NPC","drops":[{"name":"Big bones","id":532,"quantity":1,"price":212},{"name":"Gorak claws","id":9016,"quantity":1,"price":0}],"date":"Aug 9, 2022, 7:06:32 PM"}
{"name":"Gorak","level":149,"killCount":-1,"type":"NPC","drops":[{"name":"Big bones","id":532,"quantity":1,"price":212}],"date":"Aug 9, 2022, 7:21:25 PM"}
{"name":"Gorak","level":149,"killCount":-1,"type":"NPC","drops":[{"name":"Big bones","id":532,"quantity":1,"price":212},{"name":"Gorak claws","id":9016,"quantity":1,"price":0},{"name":"Uncut emerald","id":1621,"quantity":1,"price":529}],"date":"Aug 9, 2022, 7:24:31 PM"}
{"name":"Gorak","level":149,"killCount":-1,"type":"NPC","drops":[{"name":"Big bones","id":532,"quantity":1,"price":250},{"name":"Uncut ruby","id":1619,"quantity":1,"price":1052}],"date":"Aug 28, 2022, 1:32:45 PM"}
{"name":"Gorak","level":149,"killCount":-1,"type":"NPC","drops":[{"name":"Big bones","id":532,"quantity":1,"price":192},{"name":"Gorak claws","id":9016,"quantity":1,"price":0},{"name":"Uncut emerald","id":1621,"quantity":1,"price":508}],"date":"Dec 14, 2022, 11:14:45 PM"}
