{"name":"Greater Nechryael","level":200,"killCount":-1,"type":"NPC","drops":[{"name":"Malicious ashes","id":25772,"quantity":1,"price":1434},{"name":"Gold bar","id":2358,"quantity":5,"price":83}],"date":"Dec 12, 2022, 9:28:47 PM"}
{"name":"Greater Nechryael","level":200,"killCount":-1,"type":"NPC","drops":[{"name":"Malicious ashes","id":25772,"quantity":1,"price":1434},{"name":"Lobster","id":379,"quantity":1,"price":201}],"date":"Dec 12, 2022, 9:28:50 PM"}
{"name":"Greater Nechryael","level":200,"killCount":-1,"type":"NPC","drops":[{"name":"Malicious ashes","id":25772,"quantity":1,"price":1434},{"name":"Potato cactus seed","id":22873,"quantity":1,"price":11},{"name":"Cactus seed","id":5280,"quantity":1,"price":61},{"name":"Fiendish ashes","id":25766,"quantity":1,"price":132}],"date":"Dec 12, 2022, 9:28:55 PM"}
{"name":"Greater Nechryael","level":200,"killCount":-1,"type":"NPC","drops":[{"name":"Malicious ashes","id":25772,"quantity":1,"price":1434},{"name":"Chaos rune","id":562,"quantity":50,"price":84},{"name":"Malicious ashes","id":25772,"quantity":1,"price":1434},{"name":"Blood rune","id":565,"quantity":20,"price":199}],"date":"Dec 12, 2022, 9:28:58 PM"}
{"name":"Greater Nechryael","level":200,"killCount":-1,"type":"NPC","drops":[{"name":"Malicious ashes","id":25772,"quantity":1,"price":1434},{"name":"Rune med helm","id":1147,"quantity":1,"price":11142},{"name":"Fiendish ashes","id":25766,"quantity":1,"price":132}],"date":"Dec 12, 2022, 9:29:07 PM"}
{"name":"Greater Nechryael","level":200,"killCount":-1,"type":"NPC","drops":[{"name":"Death rune","id":560,"quantity":23,"price":167}],"date":"Dec 12, 2022, 9:31:52 PM"}
{"name":"Greater Nechryael","level":200,"killCount":-1,"type":"NPC","drops":[{"name":"Lobster","id":379,"quantity":1,"price":201}],"date":"Dec 12, 2022, 9:31:58 PM"}
{"name":"Greater Nechryael","level":200,"killCount":-1,"type":"NPC","drops":[{"name":"Lobster","id":379,"quantity":1,"price":201}],"date":"Dec 12, 2022, 9:32:01 PM"}
{"name":"Greater Nechryael","level":200,"killCount":-1,"type":"NPC","drops":[{"name":"Adamant battleaxe","id":1371,"quantity":1,"price":2392},{"name":"Adamant battleaxe","id":1371,"quantity":1,"price":2392},{"name":"Lobster","id":379,"quantity":1,"price":201}],"date":"Dec 12, 2022, 9:32:14 PM"}
{"name":"Greater Nechryael","level":200,"killCount":-1,"type":"NPC","drops":[{"name":"Death rune","id":560,"quantity":23,"price":167}],"date":"Dec 12, 2022, 9:32:20 PM"}
{"name":"Greater Nechryael","level":200,"killCount":-1,"type":"NPC","drops":[{"name":"Coins","id":995,"quantity":2299,"price":1},{"name":"Rune axe","id":1359,"quantity":1,"price":7230}],"date":"Dec 12, 2022, 9:33:12 PM"}
{"name":"Greater Nechryael","level":200,"killCount":-1,"type":"NPC","drops":[{"name":"Soul rune","id":566,"quantity":25,"price":197}],"date":"Dec 12, 2022, 9:33:18 PM"}
{"name":"Greater Nechryael","level":200,"killCount":-1,"type":"NPC","drops":[{"name":"Chaos rune","id":562,"quantity":50,"price":84},{"name":"Lobster","id":379,"quantity":1,"price":201},{"name":"Blood rune","id":565,"quantity":20,"price":199}],"date":"Dec 12, 2022, 9:33:30 PM"}
{"name":"Greater Nechryael","level":200,"killCount":-1,"type":"NPC","drops":[{"name":"Chaos rune","id":562,"quantity":50,"price":84}],"date":"Dec 12, 2022, 9:33:35 PM"}
{"name":"Greater Nechryael","level":200,"killCount":-1,"type":"NPC","drops":[{"name":"Rune sq shield","id":1185,"quantity":1,"price":22627}],"date":"Dec 12, 2022, 9:35:02 PM"}
{"name":"Greater Nechryael","level":200,"killCount":-1,"type":"NPC","drops":[{"name":"Tuna","id":361,"quantity":1,"price":93},{"name":"Tuna","id":361,"quantity":1,"price":93},{"name":"Chaos rune","id":562,"quantity":50,"price":84}],"date":"Dec 12, 2022, 9:35:05 PM"}
{"name":"Greater Nechryael","level":200,"killCount":-1,"type":"NPC","drops":[{"name":"Air rune","id":556,"quantity":150,"price":6}],"date":"Dec 12, 2022, 9:35:09 PM"}
{"name":"Greater Nechryael","level":200,"killCount":-1,"type":"NPC","drops":[{"name":"Uncut sapphire","id":1623,"quantity":1,"price":260}],"date":"Dec 12, 2022, 9:35:12 PM"}
{"name":"Greater Nechryael","level":200,"killCount":-1,"type":"NPC","drops":[{"name":"Gold bar","id":2358,"quantity":5,"price":83}],"date":"Dec 12, 2022, 9:35:15 PM"}
{"name":"Greater Nechryael","level":200,"killCount":-1,"type":"NPC","drops":[{"name":"Blood rune","id":565,"quantity":20,"price":199}],"date":"Dec 12, 2022, 9:35:21 PM"}
{"name":"Greater Nechryael","level":200,"killCount":-1,"type":"NPC","drops":[{"name":"Death rune","id":560,"quantity":23,"price":167}],"date":"Dec 12, 2022, 9:36:18 PM"}
{"name":"Greater Nechryael","level":200,"killCount":-1,"type":"NPC","drops":[{"name":"Grimy harralander","id":205,"quantity":1,"price":646},{"name":"Irit seed","id":5297,"quantity":1,"price":35},{"name":"Belladonna seed","id":5281,"quantity":1,"price":90}],"date":"Dec 12, 2022, 9:36:24 PM"}
{"name":"Greater Nechryael","level":200,"killCount":-1,"type":"NPC","drops":[{"name":"Rune full helm","id":1163,"quantity":1,"price":20644},{"name":"Gold bar","id":2358,"quantity":5,"price":83}],"date":"Dec 12, 2022, 9:36:30 PM"}
{"name":"Greater Nechryael","level":200,"killCount":-1,"type":"NPC","drops":[{"name":"Snape grass seed","id":22879,"quantity":3,"price":3282},{"name":"Snapdragon seed","id":5300,"quantity":1,"price":45660}],"date":"Dec 12, 2022, 9:36:33 PM"}
{"name":"Greater Nechryael","level":200,"killCount":-1,"type":"NPC","drops":[{"name":"Chaos rune","id":562,"quantity":50,"price":84}],"date":"Dec 12, 2022, 9:36:40 PM"}
{"name":"Greater Nechryael","level":200,"killCount":-1,"type":"NPC","drops":[{"name":"Rune chainbody","id":1113,"quantity":1,"price":29453},{"name":"Soul rune","id":566,"quantity":25,"price":197}],"date":"Dec 12, 2022, 9:37:42 PM"}
{"name":"Greater Nechryael","level":200,"killCount":-1,"type":"NPC","drops":[{"name":"Gold bar","id":2358,"quantity":5,"price":83}],"date":"Dec 12, 2022, 9:37:48 PM"}
{"name":"Greater Nechryael","level":200,"killCount":-1,"type":"NPC","drops":[{"name":"Tuna","id":361,"quantity":1,"price":93},{"name":"Tuna","id":361,"quantity":1,"price":93},{"name":"Air rune","id":556,"quantity":150,"price":6}],"date":"Dec 12, 2022, 9:37:54 PM"}
{"name":"Greater Nechryael","level":200,"killCount":-1,"type":"NPC","drops":[{"name":"Adamant battleaxe","id":1371,"quantity":1,"price":2392}],"date":"Dec 12, 2022, 9:38:00 PM"}
{"name":"Greater Nechryael","level":200,"killCount":-1,"type":"NPC","drops":[{"name":"Chaos rune","id":562,"quantity":50,"price":84}],"date":"Dec 12, 2022, 9:38:09 PM"}
{"name":"Greater Nechryael","level":200,"killCount":-1,"type":"NPC","drops":[{"name":"Blood rune","id":565,"quantity":20,"price":199}],"date":"Dec 12, 2022, 9:39:06 PM"}
{"name":"Greater Nechryael","level":200,"killCount":-1,"type":"NPC","drops":[{"name":"Clue scroll (hard)","id":23177,"quantity":1,"price":0},{"name":"Tuna","id":361,"quantity":1,"price":93},{"name":"Tuna","id":361,"quantity":1,"price":93}],"date":"Dec 12, 2022, 9:39:09 PM"}
{"name":"Greater Nechryael","level":200,"killCount":-1,"type":"NPC","drops":[{"name":"Blood rune","id":565,"quantity":20,"price":199},{"name":"Mystic air staff","id":1405,"quantity":1,"price":25097}],"date":"Dec 12, 2022, 9:39:15 PM"}
{"name":"Greater Nechryael","level":200,"killCount":-1,"type":"NPC","drops":[{"name":"Wine of zamorak","id":246,"quantity":3,"price":1000}],"date":"Dec 12, 2022, 9:39:21 PM"}
{"name":"Greater Nechryael","level":200,"killCount":-1,"type":"NPC","drops":[{"name":"Coins","id":995,"quantity":2455,"price":1}],"date":"Dec 12, 2022, 9:39:31 PM"}
{"name":"Greater Nechryael","level":200,"killCount":-1,"type":"NPC","drops":[{"name":"Death rune","id":560,"quantity":23,"price":167}],"date":"Dec 12, 2022, 9:39:38 PM"}
{"name":"Greater Nechryael","level":200,"killCount":-1,"type":"NPC","drops":[{"name":"Rune axe","id":1359,"quantity":1,"price":7230}],"date":"Dec 12, 2022, 9:40:29 PM"}
{"name":"Greater Nechryael","level":200,"killCount":-1,"type":"NPC","drops":[{"name":"Death rune","id":560,"quantity":23,"price":167}],"date":"Dec 12, 2022, 9:40:35 PM"}
{"name":"Greater Nechryael","level":200,"killCount":-1,"type":"NPC","drops":[{"name":"Gold bar","id":2358,"quantity":5,"price":83}],"date":"Dec 12, 2022, 9:40:44 PM"}
{"name":"Greater Nechryael","level":200,"killCount":-1,"type":"NPC","drops":[{"name":"Blood rune","id":565,"quantity":20,"price":199},{"name":"Rune med helm","id":1147,"quantity":1,"price":11142},{"name":"Soul rune","id":566,"quantity":25,"price":197}],"date":"Dec 12, 2022, 9:40:51 PM"}
{"name":"Greater Nechryael","level":200,"killCount":-1,"type":"NPC","drops":[{"name":"Blood rune","id":565,"quantity":20,"price":199}],"date":"Dec 12, 2022, 9:41:46 PM"}
{"name":"Greater Nechryael","level":200,"killCount":-1,"type":"NPC","drops":[{"name":"Dwarf weed seed","id":5303,"quantity":1,"price":362},{"name":"Snapdragon seed","id":5300,"quantity":1,"price":45660}],"date":"Dec 12, 2022, 9:42:01 PM"}
{"name":"Greater Nechryael","level":200,"killCount":-1,"type":"NPC","drops":[{"name":"Soul rune","id":566,"quantity":25,"price":197}],"date":"Dec 12, 2022, 9:42:04 PM"}
{"name":"Greater Nechryael","level":200,"killCount":-1,"type":"NPC","drops":[{"name":"Uncut sapphire","id":1623,"quantity":1,"price":260}],"date":"Dec 12, 2022, 9:42:07 PM"}
{"name":"Greater Nechryael","level":200,"killCount":-1,"type":"NPC","drops":[{"name":"Wine of zamorak","id":246,"quantity":3,"price":1000}],"date":"Dec 12, 2022, 9:42:10 PM"}
{"name":"Greater Nechryael","level":200,"killCount":-1,"type":"NPC","drops":[{"name":"Chaos rune","id":562,"quantity":50,"price":84}],"date":"Dec 12, 2022, 9:42:25 PM"}
{"name":"Greater Nechryael","level":200,"killCount":-1,"type":"NPC","drops":[{"name":"Gold bar","id":2358,"quantity":5,"price":83}],"date":"Dec 12, 2022, 9:42:32 PM"}
{"name":"Greater Nechryael","level":200,"killCount":-1,"type":"NPC","drops":[{"name":"Coins","id":995,"quantity":2242,"price":1},{"name":"Soul rune","id":566,"quantity":25,"price":197}],"date":"Dec 12, 2022, 9:44:42 PM"}
{"name":"Greater Nechryael","level":200,"killCount":-1,"type":"NPC","drops":[{"name":"Adamant battleaxe","id":1371,"quantity":1,"price":2392}],"date":"Dec 12, 2022, 9:44:51 PM"}
{"name":"Greater Nechryael","level":200,"killCount":-1,"type":"NPC","drops":[{"name":"Rune sq shield","id":1185,"quantity":1,"price":22627}],"date":"Dec 12, 2022, 9:44:57 PM"}
{"name":"Greater Nechryael","level":200,"killCount":-1,"type":"NPC","drops":[{"name":"Adamant battleaxe","id":1371,"quantity":1,"price":2392}],"date":"Dec 12, 2022, 9:45:03 PM"}
{"name":"Greater Nechryael","level":200,"killCount":-1,"type":"NPC","drops":[{"name":"Adamant kiteshield","id":1199,"quantity":1,"price":2847}],"date":"Dec 12, 2022, 9:45:06 PM"}
{"name":"Greater Nechryael","level":200,"killCount":-1,"type":"NPC","drops":[{"name":"Blood rune","id":565,"quantity":20,"price":199}],"date":"Dec 12, 2022, 9:45:09 PM"}
{"name":"Greater Nechryael","level":200,"killCount":-1,"type":"NPC","drops":[{"name":"Blood rune","id":565,"quantity":20,"price":199}],"date":"Dec 12, 2022, 9:46:02 PM"}
{"name":"Greater Nechryael","level":200,"killCount":-1,"type":"NPC","drops":[{"name":"Soul rune","id":566,"quantity":25,"price":197},{"name":"Coins","id":995,"quantity":2457,"price":1}],"date":"Dec 12, 2022, 9:46:08 PM"}
{"name":"Greater Nechryael","level":200,"killCount":-1,"type":"NPC","drops":[{"name":"Tuna","id":361,"quantity":1,"price":93},{"name":"Tuna","id":361,"quantity":1,"price":93}],"date":"Dec 12, 2022, 9:46:11 PM"}
{"name":"Greater Nechryael","level":200,"killCount":-1,"type":"NPC","drops":[{"name":"Gold bar","id":2358,"quantity":5,"price":83}],"date":"Dec 12, 2022, 9:46:23 PM"}
{"name":"Greater Nechryael","level":200,"killCount":-1,"type":"NPC","drops":[{"name":"Grimy avantoe","id":211,"quantity":1,"price":2446}],"date":"Dec 12, 2022, 9:46:34 PM"}
{"name":"Greater Nechryael","level":200,"killCount":-1,"type":"NPC","drops":[{"name":"Rune med helm","id":1147,"quantity":1,"price":11142}],"date":"Dec 12, 2022, 9:47:19 PM"}
{"name":"Greater Nechryael","level":200,"killCount":-1,"type":"NPC","drops":[{"name":"Gold bar","id":2358,"quantity":5,"price":83}],"date":"Dec 12, 2022, 9:47:28 PM"}
{"name":"Greater Nechryael","level":200,"killCount":-1,"type":"NPC","drops":[{"name":"Death rune","id":560,"quantity":23,"price":167},{"name":"Death rune","id":560,"quantity":23,"price":167}],"date":"Dec 12, 2022, 9:47:43 PM"}
{"name":"Greater Nechryael","level":200,"killCount":-1,"type":"NPC","drops":[{"name":"Death rune","id":560,"quantity":23,"price":167}],"date":"Dec 12, 2022, 9:47:49 PM"}
{"name":"Greater Nechryael","level":200,"killCount":-1,"type":"NPC","drops":[{"name":"Chaos rune","id":562,"quantity":50,"price":84}],"date":"Dec 12, 2022, 9:47:58 PM"}
{"name":"Greater Nechryael","level":200,"killCount":-1,"type":"NPC","drops":[{"name":"Tuna","id":361,"quantity":1,"price":93},{"name":"Tuna","id":361,"quantity":1,"price":93}],"date":"Dec 12, 2022, 9:48:10 PM"}
{"name":"Greater Nechryael","level":200,"killCount":-1,"type":"NPC","drops":[{"name":"Blood rune","id":565,"quantity":20,"price":199}],"date":"Dec 12, 2022, 9:48:51 PM"}
{"name":"Greater Nechryael","level":200,"killCount":-1,"type":"NPC","drops":[{"name":"Lobster","id":379,"quantity":1,"price":201}],"date":"Dec 12, 2022, 9:49:00 PM"}
{"name":"Greater Nechryael","level":200,"killCount":-1,"type":"NPC","drops":[{"name":"Lobster","id":379,"quantity":1,"price":201}],"date":"Dec 12, 2022, 9:49:09 PM"}
{"name":"Greater Nechryael","level":200,"killCount":-1,"type":"NPC","drops":[{"name":"Death rune","id":560,"quantity":23,"price":167}],"date":"Dec 12, 2022, 9:49:15 PM"}
{"name":"Greater Nechryael","level":200,"killCount":-1,"type":"NPC","drops":[{"name":"Blood rune","id":565,"quantity":20,"price":199}],"date":"Dec 12, 2022, 9:49:18 PM"}
{"name":"Greater Nechryael","level":200,"killCount":-1,"type":"NPC","drops":[{"name":"Adamant kiteshield","id":1199,"quantity":1,"price":2847}],"date":"Dec 12, 2022, 9:49:42 PM"}
{"name":"Greater Nechryael","level":200,"killCount":-1,"type":"NPC","drops":[{"name":"Toadflax seed","id":5296,"quantity":1,"price":1706},{"name":"Poison ivy seed","id":5106,"quantity":1,"price":8}],"date":"Dec 12, 2022, 9:49:45 PM"}
{"name":"Greater Nechryael","level":200,"killCount":-1,"type":"NPC","drops":[{"name":"Air rune","id":556,"quantity":150,"price":6}],"date":"Dec 12, 2022, 9:50:06 PM"}
{"name":"Greater Nechryael","level":200,"killCount":-1,"type":"NPC","drops":[{"name":"Tuna","id":361,"quantity":1,"price":93},{"name":"Tuna","id":361,"quantity":1,"price":93}],"date":"Dec 12, 2022, 9:50:21 PM"}
{"name":"Greater Nechryael","level":200,"killCount":-1,"type":"NPC","drops":[{"name":"Death rune","id":560,"quantity":23,"price":167}],"date":"Dec 12, 2022, 9:50:21 PM"}
{"name":"Greater Nechryael","level":200,"killCount":-1,"type":"NPC","drops":[{"name":"Rune axe","id":1359,"quantity":1,"price":7230}],"date":"Dec 12, 2022, 9:50:24 PM"}
{"name":"Greater Nechryael","level":200,"killCount":-1,"type":"NPC","drops":[{"name":"Coins","id":995,"quantity":2325,"price":1}],"date":"Dec 12, 2022, 9:50:29 PM"}
{"name":"Greater Nechryael","level":200,"killCount":-1,"type":"NPC","drops":[{"name":"Chaos rune","id":562,"quantity":50,"price":84}],"date":"Dec 12, 2022, 9:51:31 PM"}
{"name":"Greater Nechryael","level":200,"killCount":-1,"type":"NPC","drops":[{"name":"Death rune","id":560,"quantity":23,"price":167}],"date":"Dec 12, 2022, 9:51:34 PM"}
{"name":"Greater Nechryael","level":200,"killCount":-1,"type":"NPC","drops":[{"name":"Coins","id":995,"quantity":2448,"price":1}],"date":"Dec 12, 2022, 9:51:37 PM"}
{"name":"Greater Nechryael","level":200,"killCount":-1,"type":"NPC","drops":[{"name":"Toadflax seed","id":5296,"quantity":1,"price":1706},{"name":"Potato cactus seed","id":22873,"quantity":1,"price":11}],"date":"Dec 12, 2022, 9:51:40 PM"}
{"name":"Greater Nechryael","level":200,"killCount":-1,"type":"NPC","drops":[{"name":"Soul rune","id":566,"quantity":25,"price":197}],"date":"Dec 12, 2022, 9:51:43 PM"}
{"name":"Greater Nechryael","level":200,"killCount":-1,"type":"NPC","drops":[{"name":"Coins","id":995,"quantity":2356,"price":1}],"date":"Dec 12, 2022, 9:51:50 PM"}
{"name":"Greater Nechryael","level":200,"killCount":-1,"type":"NPC","drops":[{"name":"Chaos rune","id":562,"quantity":50,"price":84}],"date":"Dec 12, 2022, 9:51:56 PM"}
{"name":"Greater Nechryael","level":200,"killCount":-1,"type":"NPC","drops":[{"name":"Rune sq shield","id":1185,"quantity":1,"price":22627}],"date":"Dec 12, 2022, 9:53:01 PM"}
{"name":"Greater Nechryael","level":200,"killCount":-1,"type":"NPC","drops":[{"name":"Lobster","id":379,"quantity":1,"price":201}],"date":"Dec 12, 2022, 9:53:07 PM"}
{"name":"Greater Nechryael","level":200,"killCount":-1,"type":"NPC","drops":[{"name":"Grimy guam leaf","id":199,"quantity":1,"price":52},{"name":"Rune axe","id":1359,"quantity":1,"price":7230}],"date":"Dec 12, 2022, 9:53:10 PM"}
{"name":"Greater Nechryael","level":200,"killCount":-1,"type":"NPC","drops":[{"name":"Rune med helm","id":1147,"quantity":1,"price":11142}],"date":"Dec 12, 2022, 9:53:16 PM"}
{"name":"Greater Nechryael","level":200,"killCount":-1,"type":"NPC","drops":[{"name":"Mystic air staff","id":1405,"quantity":1,"price":25097}],"date":"Dec 12, 2022, 9:53:19 PM"}
{"name":"Greater Nechryael","level":200,"killCount":-1,"type":"NPC","drops":[{"name":"Adamant kiteshield","id":1199,"quantity":1,"price":2847}],"date":"Dec 12, 2022, 9:53:28 PM"}
{"name":"Greater Nechryael","level":200,"killCount":-1,"type":"NPC","drops":[{"name":"Tuna","id":361,"quantity":1,"price":93},{"name":"Tuna","id":361,"quantity":1,"price":93},{"name":"Death rune","id":560,"quantity":23,"price":167}],"date":"Dec 12, 2022, 9:54:33 PM"}
{"name":"Greater Nechryael","level":200,"killCount":-1,"type":"NPC","drops":[{"name":"Lobster","id":379,"quantity":1,"price":201}],"date":"Dec 12, 2022, 9:54:36 PM"}
{"name":"Greater Nechryael","level":200,"killCount":-1,"type":"NPC","drops":[{"name":"Rune full helm","id":1163,"quantity":1,"price":20644}],"date":"Dec 12, 2022, 9:54:36 PM"}
{"name":"Greater Nechryael","level":200,"killCount":-1,"type":"NPC","drops":[{"name":"Blood rune","id":565,"quantity":20,"price":199}],"date":"Dec 12, 2022, 9:54:42 PM"}
{"name":"Greater Nechryael","level":200,"killCount":-1,"type":"NPC","drops":[{"name":"Air rune","id":556,"quantity":150,"price":6}],"date":"Dec 12, 2022, 9:55:25 PM"}
{"name":"Greater Nechryael","level":200,"killCount":-1,"type":"NPC","drops":[{"name":"Rune med helm","id":1147,"quantity":1,"price":11142}],"date":"Dec 12, 2022, 9:55:37 PM"}
{"name":"Greater Nechryael","level":200,"killCount":-1,"type":"NPC","drops":[{"name":"Lobster","id":379,"quantity":1,"price":201}],"date":"Dec 12, 2022, 9:55:52 PM"}
{"name":"Greater Nechryael","level":200,"killCount":-1,"type":"NPC","drops":[{"name":"Coins","id":995,"quantity":2095,"price":1}],"date":"Dec 12, 2022, 9:56:01 PM"}
{"name":"Greater Nechryael","level":200,"killCount":-1,"type":"NPC","drops":[{"name":"Rune axe","id":1359,"quantity":1,"price":7230},{"name":"Rune axe","id":1359,"quantity":1,"price":7230}],"date":"Dec 12, 2022, 9:56:04 PM"}
{"name":"Greater Nechryael","level":200,"killCount":-1,"type":"NPC","drops":[{"name":"Coins","id":995,"quantity":2350,"price":1}],"date":"Dec 12, 2022, 9:56:21 PM"}
{"name":"Greater Nechryael","level":200,"killCount":-1,"type":"NPC","drops":[{"name":"Coins","id":995,"quantity":2141,"price":1}],"date":"Dec 12, 2022, 9:57:17 PM"}
{"name":"Greater Nechryael","level":200,"killCount":-1,"type":"NPC","drops":[{"name":"Blood rune","id":565,"quantity":20,"price":199},{"name":"Chaos rune","id":562,"quantity":50,"price":84}],"date":"Dec 12, 2022, 9:57:26 PM"}
{"name":"Greater Nechryael","level":200,"killCount":-1,"type":"NPC","drops":[{"name":"Rune axe","id":1359,"quantity":1,"price":7230}],"date":"Dec 12, 2022, 9:57:30 PM"}
{"name":"Greater Nechryael","level":200,"killCount":-1,"type":"NPC","drops":[{"name":"Death rune","id":560,"quantity":23,"price":167},{"name":"Soul rune","id":566,"quantity":25,"price":197}],"date":"Dec 12, 2022, 9:57:33 PM"}
{"name":"Greater Nechryael","level":200,"killCount":-1,"type":"NPC","drops":[{"name":"Blood rune","id":565,"quantity":20,"price":199}],"date":"Dec 12, 2022, 9:58:23 PM"}
{"name":"Greater Nechryael","level":200,"killCount":-1,"type":"NPC","drops":[{"name":"Rune med helm","id":1147,"quantity":1,"price":11142}],"date":"Dec 12, 2022, 9:58:41 PM"}
{"name":"Greater Nechryael","level":200,"killCount":-1,"type":"NPC","drops":[{"name":"Gold bar","id":2358,"quantity":5,"price":83}],"date":"Dec 12, 2022, 9:58:50 PM"}
{"name":"Greater Nechryael","level":200,"killCount":-1,"type":"NPC","drops":[{"name":"Coins","id":995,"quantity":2244,"price":1},{"name":"Mystic air staff","id":1405,"quantity":1,"price":25097}],"date":"Dec 12, 2022, 9:58:53 PM"}
{"name":"Greater Nechryael","level":200,"killCount":-1,"type":"NPC","drops":[{"name":"Death rune","id":560,"quantity":23,"price":167},{"name":"Adamant kiteshield","id":1199,"quantity":1,"price":2847}],"date":"Dec 12, 2022, 9:58:56 PM"}
{"name":"Greater Nechryael","level":200,"killCount":-1,"type":"NPC","drops":[{"name":"Tuna","id":361,"quantity":1,"price":93},{"name":"Tuna","id":361,"quantity":1,"price":93}],"date":"Dec 12, 2022, 10:00:21 PM"}
{"name":"Greater Nechryael","level":200,"killCount":-1,"type":"NPC","drops":[{"name":"Chaos rune","id":562,"quantity":50,"price":84},{"name":"Death rune","id":560,"quantity":23,"price":167}],"date":"Dec 12, 2022, 10:00:24 PM"}
{"name":"Greater Nechryael","level":200,"killCount":-1,"type":"NPC","drops":[{"name":"Rune boots","id":4131,"quantity":1,"price":7269},{"name":"Adamant battleaxe","id":1371,"quantity":1,"price":2392}],"date":"Dec 12, 2022, 10:00:30 PM"}
{"name":"Greater Nechryael","level":200,"killCount":-1,"type":"NPC","drops":[{"name":"Blood rune","id":565,"quantity":20,"price":199}],"date":"Dec 12, 2022, 10:00:36 PM"}
{"name":"Greater Nechryael","level":200,"killCount":-1,"type":"NPC","drops":[{"name":"Toadflax seed","id":5296,"quantity":1,"price":1706},{"name":"Kwuarm seed","id":5299,"quantity":1,"price":695}],"date":"Dec 12, 2022, 10:00:42 PM"}
