{"name":"Green dragon","level":79,"killCount":-1,"type":"NPC","drops":[{"name":"Reward casket (elite)","id":20543,"quantity":1,"price":0},{"name":"Dragon bones","id":536,"quantity":1,"price":2112},{"name":"Green dragonhide","id":1753,"quantity":1,"price":1493},{"name":"Coins","id":995,"quantity":44,"price":1}],"date":"Apr 10, 2022, 12:48:56 PM"}
{"name":"Green dragon","level":79,"killCount":-1,"type":"NPC","drops":[{"name":"Dragon bones","id":536,"quantity":1,"price":2921},{"name":"Green dragonhide","id":1753,"quantity":1,"price":1411},{"name":"Coins","id":995,"quantity":44,"price":1}],"date":"May 29, 2022, 4:35:55 PM"}
{"name":"Green dragon","level":79,"killCount":-1,"type":"NPC","drops":[{"name":"Dragon bones","id":536,"quantity":1,"price":2921},{"name":"Green dragonhide","id":1753,"quantity":1,"price":1411},{"name":"Uncut emerald","id":1621,"quantity":1,"price":561}],"date":"May 29, 2022, 4:36:13 PM"}
{"name":"Green dragon","level":79,"killCount":-1,"type":"NPC","drops":[{"name":"Dragon bones","id":536,"quantity":1,"price":2921},{"name":"Green dragonhide","id":1753,"quantity":1,"price":1411},{"name":"Law rune","id":563,"quantity":3,"price":132}],"date":"May 29, 2022, 4:36:34 PM"}
{"name":"Green dragon","level":79,"killCount":-1,"type":"NPC","drops":[{"name":"Clue scroll (elite)","id":12085,"quantity":1,"price":0},{"name":"Dragon bones","id":536,"quantity":1,"price":2574},{"name":"Green dragonhide","id":1753,"quantity":1,"price":1400},{"name":"Coins","id":995,"quantity":44,"price":1}],"date":"Jul 17, 2022, 11:28:44 AM"}
{"name":"Green dragon","level":79,"killCount":-1,"type":"NPC","drops":[{"name":"Clue scroll (elite)","id":19813,"quantity":1,"price":0},{"name":"Dragon bones","id":536,"quantity":1,"price":2679},{"name":"Green dragonhide","id":1753,"quantity":1,"price":1407},{"name":"Coins","id":995,"quantity":440,"price":1}],"date":"Nov 5, 2022, 10:19:59 PM"}
{"name":"Green dragon","level":79,"killCount":-1,"type":"NPC","drops":[{"name":"Dragon bones","id":536,"quantity":1,"price":2679},{"name":"Green dragonhide","id":1753,"quantity":1,"price":1407},{"name":"Coins","id":995,"quantity":44,"price":1}],"date":"Nov 5, 2022, 10:20:11 PM"}
{"name":"Green dragon","level":79,"killCount":-1,"type":"NPC","drops":[{"name":"Dragon bones","id":536,"quantity":1,"price":2423},{"name":"Green dragonhide","id":1753,"quantity":1,"price":1359},{"name":"Steel platelegs","id":1069,"quantity":1,"price":421}],"date":"Dec 3, 2022, 1:29:41 AM"}
{"name":"Green dragon","level":79,"killCount":-1,"type":"NPC","drops":[{"name":"Dragon bones","id":536,"quantity":1,"price":2386},{"name":"Green dragonhide","id":1753,"quantity":1,"price":1319},{"name":"Coins","id":995,"quantity":44,"price":1}],"date":"Dec 6, 2022, 1:53:51 PM"}
{"name":"Green dragon","level":79,"killCount":-1,"type":"NPC","drops":[{"name":"Dragon bones","id":536,"quantity":1,"price":2386},{"name":"Green dragonhide","id":1753,"quantity":1,"price":1319},{"name":"Nature rune","id":561,"quantity":15,"price":121}],"date":"Dec 6, 2022, 2:01:29 PM"}
{"name":"Green dragon","level":79,"killCount":-1,"type":"NPC","drops":[{"name":"Dragon bones","id":536,"quantity":1,"price":2386},{"name":"Green dragonhide","id":1753,"quantity":1,"price":1319},{"name":"Coins","id":995,"quantity":132,"price":1}],"date":"Dec 6, 2022, 2:02:24 PM"}
{"name":"Green dragon","level":79,"killCount":-1,"type":"NPC","drops":[{"name":"Dragon bones","id":536,"quantity":1,"price":2386},{"name":"Green dragonhide","id":1753,"quantity":1,"price":1319},{"name":"Law rune","id":563,"quantity":3,"price":131}],"date":"Dec 6, 2022, 2:02:56 PM"}
{"name":"Green dragon","level":79,"killCount":-1,"type":"NPC","drops":[{"name":"Dragon bones","id":536,"quantity":1,"price":2386},{"name":"Green dragonhide","id":1753,"quantity":1,"price":1319},{"name":"Law rune","id":563,"quantity":3,"price":131}],"date":"Dec 6, 2022, 2:03:08 PM"}
{"name":"Green dragon","level":79,"killCount":-1,"type":"NPC","drops":[{"name":"Dragon bones","id":536,"quantity":1,"price":2386},{"name":"Green dragonhide","id":1753,"quantity":1,"price":1319},{"name":"Steel platelegs","id":1069,"quantity":1,"price":428}],"date":"Dec 6, 2022, 2:03:40 PM"}
{"name":"Green dragon","level":79,"killCount":-1,"type":"NPC","drops":[{"name":"Dragon bones","id":536,"quantity":1,"price":2386},{"name":"Green dragonhide","id":1753,"quantity":1,"price":1319},{"name":"Coins","id":995,"quantity":132,"price":1}],"date":"Dec 6, 2022, 2:03:51 PM"}
{"name":"Green dragon","level":79,"killCount":-1,"type":"NPC","drops":[{"name":"Dragon bones","id":536,"quantity":1,"price":2386},{"name":"Green dragonhide","id":1753,"quantity":1,"price":1319},{"name":"Grimy marrentill","id":201,"quantity":1,"price":24}],"date":"Dec 6, 2022, 2:04:13 PM"}
{"name":"Green dragon","level":79,"killCount":-1,"type":"NPC","drops":[{"name":"Dragon bones","id":536,"quantity":1,"price":2386},{"name":"Green dragonhide","id":1753,"quantity":1,"price":1319},{"name":"Grimy tarromin","id":203,"quantity":1,"price":120}],"date":"Dec 6, 2022, 2:04:27 PM"}
{"name":"Green dragon","level":79,"killCount":-1,"type":"NPC","drops":[{"name":"Dragon bones","id":536,"quantity":1,"price":2386},{"name":"Green dragonhide","id":1753,"quantity":1,"price":1319},{"name":"Coins","id":995,"quantity":44,"price":1}],"date":"Dec 6, 2022, 2:04:54 PM"}
{"name":"Green dragon","level":79,"killCount":-1,"type":"NPC","drops":[{"name":"Dragon bones","id":536,"quantity":1,"price":2386},{"name":"Green dragonhide","id":1753,"quantity":1,"price":1319},{"name":"Grimy ranarr weed","id":207,"quantity":1,"price":6663}],"date":"Dec 6, 2022, 2:05:06 PM"}
{"name":"Green dragon","level":79,"killCount":-1,"type":"NPC","drops":[{"name":"Dragon bones","id":536,"quantity":1,"price":2386},{"name":"Green dragonhide","id":1753,"quantity":1,"price":1319},{"name":"Coins","id":995,"quantity":132,"price":1}],"date":"Dec 6, 2022, 2:06:43 PM"}
{"name":"Green dragon","level":79,"killCount":-1,"type":"NPC","drops":[{"name":"Dragon bones","id":536,"quantity":1,"price":2386},{"name":"Green dragonhide","id":1753,"quantity":1,"price":1319}],"date":"Dec 6, 2022, 2:06:56 PM"}
{"name":"Green dragon","level":79,"killCount":-1,"type":"NPC","drops":[{"name":"Dragon bones","id":536,"quantity":1,"price":2386},{"name":"Green dragonhide","id":1753,"quantity":1,"price":1319},{"name":"Coins","id":995,"quantity":11,"price":1}],"date":"Dec 6, 2022, 2:07:17 PM"}
{"name":"Green dragon","level":79,"killCount":-1,"type":"NPC","drops":[{"name":"Dragon bones","id":536,"quantity":1,"price":2386},{"name":"Green dragonhide","id":1753,"quantity":1,"price":1319},{"name":"Coins","id":995,"quantity":200,"price":1}],"date":"Dec 6, 2022, 2:07:22 PM"}
{"name":"Green dragon","level":79,"killCount":-1,"type":"NPC","drops":[{"name":"Dragon bones","id":536,"quantity":1,"price":2386},{"name":"Green dragonhide","id":1753,"quantity":1,"price":1319},{"name":"Coins","id":995,"quantity":200,"price":1}],"date":"Dec 6, 2022, 2:08:01 PM"}
{"name":"Green dragon","level":79,"killCount":-1,"type":"NPC","drops":[{"name":"Dragon bones","id":536,"quantity":1,"price":2386},{"name":"Green dragonhide","id":1753,"quantity":1,"price":1319},{"name":"Adamantite ore","id":449,"quantity":1,"price":1140}],"date":"Dec 6, 2022, 2:08:11 PM"}
{"name":"Green dragon","level":79,"killCount":-1,"type":"NPC","drops":[{"name":"Dragon bones","id":536,"quantity":1,"price":2386},{"name":"Green dragonhide","id":1753,"quantity":1,"price":1319},{"name":"Ensouled dragon head","id":13510,"quantity":1,"price":7080},{"name":"Coins","id":995,"quantity":44,"price":1}],"date":"Dec 6, 2022, 2:08:37 PM"}
{"name":"Green dragon","level":79,"killCount":-1,"type":"NPC","drops":[{"name":"Dragon bones","id":536,"quantity":1,"price":2386},{"name":"Green dragonhide","id":1753,"quantity":1,"price":1319},{"name":"Coins","id":995,"quantity":132,"price":1}],"date":"Dec 6, 2022, 2:08:46 PM"}
{"name":"Green dragon","level":79,"killCount":-1,"type":"NPC","drops":[{"name":"Dragon bones","id":536,"quantity":1,"price":2386},{"name":"Green dragonhide","id":1753,"quantity":1,"price":1319},{"name":"Adamantite ore","id":449,"quantity":1,"price":1140}],"date":"Dec 6, 2022, 2:09:10 PM"}
{"name":"Green dragon","level":79,"killCount":-1,"type":"NPC","drops":[{"name":"Dragon bones","id":536,"quantity":1,"price":2386},{"name":"Green dragonhide","id":1753,"quantity":1,"price":1319},{"name":"Coins","id":995,"quantity":132,"price":1}],"date":"Dec 6, 2022, 2:09:24 PM"}
{"name":"Green dragon","level":79,"killCount":-1,"type":"NPC","drops":[{"name":"Dragon bones","id":536,"quantity":1,"price":2386},{"name":"Green dragonhide","id":1753,"quantity":1,"price":1319}],"date":"Dec 6, 2022, 2:09:47 PM"}
{"name":"Green dragon","level":79,"killCount":-1,"type":"NPC","drops":[{"name":"Dragon bones","id":536,"quantity":1,"price":2386},{"name":"Green dragonhide","id":1753,"quantity":1,"price":1319},{"name":"Coins","id":995,"quantity":200,"price":1}],"date":"Dec 6, 2022, 2:10:01 PM"}
{"name":"Green dragon","level":79,"killCount":-1,"type":"NPC","drops":[{"name":"Dragon bones","id":536,"quantity":1,"price":2386},{"name":"Green dragonhide","id":1753,"quantity":1,"price":1319},{"name":"Clue scroll (hard)","id":12564,"quantity":1,"price":0},{"name":"Coins","id":995,"quantity":132,"price":1}],"date":"Dec 6, 2022, 2:10:29 PM"}
{"name":"Green dragon","level":79,"killCount":-1,"type":"NPC","drops":[{"name":"Dragon bones","id":536,"quantity":1,"price":2386},{"name":"Green dragonhide","id":1753,"quantity":1,"price":1319},{"name":"Nature rune","id":561,"quantity":15,"price":121}],"date":"Dec 6, 2022, 2:23:39 PM"}
{"name":"Green dragon","level":79,"killCount":-1,"type":"NPC","drops":[{"name":"Dragon bones","id":536,"quantity":1,"price":2386},{"name":"Green dragonhide","id":1753,"quantity":1,"price":1319},{"name":"Coins","id":995,"quantity":44,"price":1}],"date":"Dec 6, 2022, 2:23:48 PM"}
{"name":"Green dragon","level":79,"killCount":-1,"type":"NPC","drops":[{"name":"Dragon bones","id":536,"quantity":1,"price":2386},{"name":"Green dragonhide","id":1753,"quantity":1,"price":1319},{"name":"Bass","id":365,"quantity":1,"price":137}],"date":"Dec 6, 2022, 2:24:18 PM"}
{"name":"Green dragon","level":79,"killCount":-1,"type":"NPC","drops":[{"name":"Dragon bones","id":536,"quantity":1,"price":2386},{"name":"Green dragonhide","id":1753,"quantity":1,"price":1319},{"name":"Coins","id":995,"quantity":44,"price":1}],"date":"Dec 6, 2022, 2:24:54 PM"}
{"name":"Green dragon","level":79,"killCount":-1,"type":"NPC","drops":[{"name":"Dragon bones","id":536,"quantity":1,"price":2386},{"name":"Green dragonhide","id":1753,"quantity":1,"price":1319},{"name":"Grimy lantadyme","id":2485,"quantity":1,"price":1600}],"date":"Dec 6, 2022, 2:25:08 PM"}
{"name":"Green dragon","level":79,"killCount":-1,"type":"NPC","drops":[{"name":"Dragon bones","id":536,"quantity":1,"price":2386},{"name":"Green dragonhide","id":1753,"quantity":1,"price":1319},{"name":"Coins","id":995,"quantity":44,"price":1}],"date":"Dec 6, 2022, 2:25:36 PM"}
{"name":"Green dragon","level":79,"killCount":-1,"type":"NPC","drops":[{"name":"Dragon bones","id":536,"quantity":1,"price":2386},{"name":"Green dragonhide","id":1753,"quantity":1,"price":1319},{"name":"Coins","id":995,"quantity":11,"price":1}],"date":"Dec 6, 2022, 2:26:09 PM"}
{"name":"Green dragon","level":79,"killCount":-1,"type":"NPC","drops":[{"name":"Dragon bones","id":536,"quantity":1,"price":2386},{"name":"Green dragonhide","id":1753,"quantity":1,"price":1319},{"name":"Coins","id":995,"quantity":200,"price":1}],"date":"Dec 6, 2022, 2:26:25 PM"}
{"name":"Green dragon","level":79,"killCount":-1,"type":"NPC","drops":[{"name":"Dragon bones","id":536,"quantity":1,"price":2386},{"name":"Green dragonhide","id":1753,"quantity":1,"price":1319},{"name":"Coins","id":995,"quantity":132,"price":1}],"date":"Dec 6, 2022, 2:26:59 PM"}
{"name":"Green dragon","level":79,"killCount":-1,"type":"NPC","drops":[{"name":"Dragon bones","id":536,"quantity":1,"price":2386},{"name":"Green dragonhide","id":1753,"quantity":1,"price":1319},{"name":"Coins","id":995,"quantity":44,"price":1}],"date":"Dec 6, 2022, 2:27:12 PM"}
{"name":"Green dragon","level":79,"killCount":-1,"type":"NPC","drops":[{"name":"Dragon bones","id":536,"quantity":1,"price":2386},{"name":"Green dragonhide","id":1753,"quantity":1,"price":1319},{"name":"Coins","id":995,"quantity":44,"price":1}],"date":"Dec 6, 2022, 2:27:39 PM"}
{"name":"Green dragon","level":79,"killCount":-1,"type":"NPC","drops":[{"name":"Dragon bones","id":536,"quantity":1,"price":2386},{"name":"Green dragonhide","id":1753,"quantity":1,"price":1319},{"name":"Coins","id":995,"quantity":11,"price":1}],"date":"Dec 6, 2022, 2:27:45 PM"}
{"name":"Green dragon","level":79,"killCount":-1,"type":"NPC","drops":[{"name":"Dragon bones","id":536,"quantity":1,"price":2386},{"name":"Green dragonhide","id":1753,"quantity":1,"price":1319},{"name":"Nature rune","id":561,"quantity":15,"price":121}],"date":"Dec 6, 2022, 2:28:18 PM"}
{"name":"Green dragon","level":79,"killCount":-1,"type":"NPC","drops":[{"name":"Dragon bones","id":536,"quantity":1,"price":2386},{"name":"Green dragonhide","id":1753,"quantity":1,"price":1319},{"name":"Grimy marrentill","id":201,"quantity":1,"price":24}],"date":"Dec 6, 2022, 2:28:30 PM"}
{"name":"Green dragon","level":79,"killCount":-1,"type":"NPC","drops":[{"name":"Dragon bones","id":536,"quantity":1,"price":2386},{"name":"Green dragonhide","id":1753,"quantity":1,"price":1319},{"name":"Law rune","id":563,"quantity":3,"price":131}],"date":"Dec 6, 2022, 2:30:11 PM"}
{"name":"Green dragon","level":79,"killCount":-1,"type":"NPC","drops":[{"name":"Dragon bones","id":536,"quantity":1,"price":2386},{"name":"Green dragonhide","id":1753,"quantity":1,"price":1319},{"name":"Nature rune","id":561,"quantity":15,"price":121}],"date":"Dec 6, 2022, 2:30:21 PM"}
{"name":"Green dragon","level":79,"killCount":-1,"type":"NPC","drops":[{"name":"Dragon bones","id":536,"quantity":1,"price":2386},{"name":"Green dragonhide","id":1753,"quantity":1,"price":1319},{"name":"Coins","id":995,"quantity":132,"price":1}],"date":"Dec 6, 2022, 2:30:50 PM"}
{"name":"Green dragon","level":79,"killCount":-1,"type":"NPC","drops":[{"name":"Dragon bones","id":536,"quantity":1,"price":2386},{"name":"Green dragonhide","id":1753,"quantity":1,"price":1319},{"name":"Water rune","id":555,"quantity":75,"price":5}],"date":"Dec 6, 2022, 2:31:01 PM"}
{"name":"Green dragon","level":79,"killCount":-1,"type":"NPC","drops":[{"name":"Dragon bones","id":536,"quantity":1,"price":2386},{"name":"Green dragonhide","id":1753,"quantity":1,"price":1319},{"name":"Grimy marrentill","id":201,"quantity":1,"price":24}],"date":"Dec 6, 2022, 2:31:42 PM"}
{"name":"Green dragon","level":79,"killCount":-1,"type":"NPC","drops":[{"name":"Dragon bones","id":536,"quantity":1,"price":2386},{"name":"Green dragonhide","id":1753,"quantity":1,"price":1319},{"name":"Coins","id":995,"quantity":44,"price":1}],"date":"Dec 6, 2022, 2:31:51 PM"}
{"name":"Green dragon","level":79,"killCount":-1,"type":"NPC","drops":[{"name":"Dragon bones","id":536,"quantity":1,"price":2386},{"name":"Green dragonhide","id":1753,"quantity":1,"price":1319},{"name":"Adamantite ore","id":449,"quantity":1,"price":1140}],"date":"Dec 6, 2022, 2:32:12 PM"}
{"name":"Green dragon","level":79,"killCount":-1,"type":"NPC","drops":[{"name":"Dragon bones","id":536,"quantity":1,"price":2386},{"name":"Green dragonhide","id":1753,"quantity":1,"price":1319},{"name":"Ensouled dragon head","id":13510,"quantity":1,"price":7080},{"name":"Coins","id":995,"quantity":132,"price":1}],"date":"Dec 6, 2022, 2:32:23 PM"}
{"name":"Green dragon","level":79,"killCount":-1,"type":"NPC","drops":[{"name":"Dragon bones","id":536,"quantity":1,"price":2386},{"name":"Green dragonhide","id":1753,"quantity":1,"price":1319},{"name":"Coins","id":995,"quantity":44,"price":1}],"date":"Dec 6, 2022, 2:32:40 PM"}
{"name":"Green dragon","level":79,"killCount":-1,"type":"NPC","drops":[{"name":"Dragon bones","id":536,"quantity":1,"price":2386},{"name":"Green dragonhide","id":1753,"quantity":1,"price":1319},{"name":"Ensouled dragon head","id":13510,"quantity":1,"price":7080},{"name":"Coins","id":995,"quantity":11,"price":1}],"date":"Dec 6, 2022, 2:33:09 PM"}
{"name":"Green dragon","level":79,"killCount":-1,"type":"NPC","drops":[{"name":"Dragon bones","id":536,"quantity":1,"price":2386},{"name":"Green dragonhide","id":1753,"quantity":1,"price":1319},{"name":"Water rune","id":555,"quantity":75,"price":5}],"date":"Dec 6, 2022, 2:33:26 PM"}
{"name":"Green dragon","level":79,"killCount":-1,"type":"NPC","drops":[{"name":"Dragon bones","id":536,"quantity":1,"price":2386},{"name":"Green dragonhide","id":1753,"quantity":1,"price":1319},{"name":"Adamantite ore","id":449,"quantity":1,"price":1140}],"date":"Dec 6, 2022, 2:33:42 PM"}
