{"name":"Harpie Bug Swarm","level":46,"killCount":-1,"type":"NPC","drops":[{"name":"Coins","id":995,"quantity":160,"price":1}],"date":"Nov 15, 2023, 1:43:39 PM"}
{"name":"Harpie Bug Swarm","level":46,"killCount":-1,"type":"NPC","drops":[{"name":"Fire rune","id":554,"quantity":30,"price":4}],"date":"Nov 15, 2023, 1:43:52 PM"}
{"name":"Harpie Bug Swarm","level":46,"killCount":-1,"type":"NPC","drops":[{"name":"Fire rune","id":554,"quantity":30,"price":4}],"date":"Nov 15, 2023, 1:43:56 PM"}
{"name":"Harpie Bug Swarm","level":46,"killCount":-1,"type":"NPC","drops":[{"name":"Coins","id":995,"quantity":230,"price":1}],"date":"Nov 15, 2023, 1:44:01 PM"}
{"name":"Harpie Bug Swarm","level":46,"killCount":-1,"type":"NPC","drops":[{"name":"Fire rune","id":554,"quantity":30,"price":4}],"date":"Nov 15, 2023, 1:44:52 PM"}
{"name":"Harpie Bug Swarm","level":46,"killCount":-1,"type":"NPC","drops":[{"name":"Gold ore","id":444,"quantity":1,"price":186}],"date":"Nov 15, 2023, 1:44:58 PM"}
{"name":"Harpie Bug Swarm","level":46,"killCount":-1,"type":"NPC","drops":[{"name":"Coins","id":995,"quantity":40,"price":1}],"date":"Nov 15, 2023, 1:45:35 PM"}
{"name":"Harpie Bug Swarm","level":46,"killCount":-1,"type":"NPC","drops":[{"name":"Coins","id":995,"quantity":160,"price":1}],"date":"Nov 15, 2023, 1:45:42 PM"}
{"name":"Harpie Bug Swarm","level":46,"killCount":-1,"type":"NPC","drops":[{"name":"Coins","id":995,"quantity":30,"price":1}],"date":"Nov 15, 2023, 1:45:45 PM"}
{"name":"Harpie Bug Swarm","level":46,"killCount":-1,"type":"NPC","drops":[{"name":"Fire rune","id":554,"quantity":60,"price":4}],"date":"Nov 15, 2023, 1:45:55 PM"}
{"name":"Harpie Bug Swarm","level":46,"killCount":-1,"type":"NPC","drops":[{"name":"Coins","id":995,"quantity":160,"price":1}],"date":"Nov 15, 2023, 1:45:58 PM"}
{"name":"Harpie Bug Swarm","level":46,"killCount":-1,"type":"NPC","drops":[{"name":"Coins","id":995,"quantity":160,"price":1}],"date":"Nov 15, 2023, 1:46:13 PM"}
{"name":"Harpie Bug Swarm","level":46,"killCount":-1,"type":"NPC","drops":[{"name":"Fire rune","id":554,"quantity":60,"price":4}],"date":"Nov 15, 2023, 1:46:18 PM"}
{"name":"Harpie Bug Swarm","level":46,"killCount":-1,"type":"NPC","drops":[{"name":"Coins","id":995,"quantity":40,"price":1}],"date":"Nov 15, 2023, 1:46:22 PM"}
{"name":"Harpie Bug Swarm","level":46,"killCount":-1,"type":"NPC","drops":[{"name":"Fire rune","id":554,"quantity":30,"price":4}],"date":"Nov 15, 2023, 1:46:25 PM"}
{"name":"Harpie Bug Swarm","level":46,"killCount":-1,"type":"NPC","drops":[{"name":"Coins","id":995,"quantity":40,"price":1}],"date":"Nov 15, 2023, 1:46:40 PM"}
{"name":"Harpie Bug Swarm","level":46,"killCount":-1,"type":"NPC","drops":[{"name":"Coins","id":995,"quantity":40,"price":1}],"date":"Nov 15, 2023, 1:46:43 PM"}
{"name":"Harpie Bug Swarm","level":46,"killCount":-1,"type":"NPC","drops":[{"name":"Coins","id":995,"quantity":160,"price":1}],"date":"Nov 15, 2023, 1:46:49 PM"}
{"name":"Harpie Bug Swarm","level":46,"killCount":-1,"type":"NPC","drops":[{"name":"Coins","id":995,"quantity":160,"price":1}],"date":"Nov 15, 2023, 1:46:51 PM"}
{"name":"Harpie Bug Swarm","level":46,"killCount":-1,"type":"NPC","drops":[{"name":"Coins","id":995,"quantity":160,"price":1}],"date":"Nov 15, 2023, 1:46:58 PM"}
{"name":"Harpie Bug Swarm","level":46,"killCount":-1,"type":"NPC","drops":[{"name":"Coins","id":995,"quantity":230,"price":1}],"date":"Nov 15, 2023, 1:47:29 PM"}
{"name":"Harpie Bug Swarm","level":46,"killCount":-1,"type":"NPC","drops":[{"name":"Steel boots","id":4123,"quantity":1,"price":115}],"date":"Nov 15, 2023, 1:47:36 PM"}
{"name":"Harpie Bug Swarm","level":46,"killCount":-1,"type":"NPC","drops":[{"name":"Gold ore","id":444,"quantity":1,"price":186}],"date":"Nov 15, 2023, 1:47:50 PM"}
{"name":"Harpie Bug Swarm","level":46,"killCount":-1,"type":"NPC","drops":[{"name":"Chaos rune","id":562,"quantity":15,"price":89}],"date":"Nov 15, 2023, 1:47:54 PM"}
{"name":"Harpie Bug Swarm","level":46,"killCount":-1,"type":"NPC","drops":[{"name":"Coins","id":995,"quantity":160,"price":1}],"date":"Nov 15, 2023, 1:47:57 PM"}
{"name":"Harpie Bug Swarm","level":46,"killCount":-1,"type":"NPC","drops":[{"name":"Coins","id":995,"quantity":160,"price":1}],"date":"Nov 15, 2023, 1:48:08 PM"}
{"name":"Harpie Bug Swarm","level":46,"killCount":-1,"type":"NPC","drops":[{"name":"Gold ore","id":444,"quantity":1,"price":186}],"date":"Nov 15, 2023, 1:48:14 PM"}
{"name":"Harpie Bug Swarm","level":46,"killCount":-1,"type":"NPC","drops":[{"name":"Coins","id":995,"quantity":160,"price":1}],"date":"Nov 15, 2023, 1:48:19 PM"}
{"name":"Harpie Bug Swarm","level":46,"killCount":-1,"type":"NPC","drops":[{"name":"Fire rune","id":554,"quantity":30,"price":4}],"date":"Nov 15, 2023, 1:48:24 PM"}
{"name":"Harpie Bug Swarm","level":46,"killCount":-1,"type":"NPC","drops":[{"name":"Coins","id":995,"quantity":160,"price":1}],"date":"Nov 15, 2023, 1:48:30 PM"}
{"name":"Harpie Bug Swarm","level":46,"killCount":-1,"type":"NPC","drops":[{"name":"Coins","id":995,"quantity":160,"price":1}],"date":"Nov 15, 2023, 1:48:38 PM"}
{"name":"Harpie Bug Swarm","level":46,"killCount":-1,"type":"NPC","drops":[{"name":"Fire rune","id":554,"quantity":30,"price":4}],"date":"Nov 15, 2023, 1:48:48 PM"}
{"name":"Harpie Bug Swarm","level":46,"killCount":-1,"type":"NPC","drops":[{"name":"Fire rune","id":554,"quantity":60,"price":4}],"date":"Nov 15, 2023, 1:48:55 PM"}
