{"name":"Hellhound","level":122,"killCount":-1,"type":"NPC","drops":[{"name":"Clue scroll (hard)","id":3577,"quantity":1,"price":0}],"date":"Mar 31, 2022, 10:04:37 AM"}
{"name":"Hellhound","level":122,"killCount":-1,"type":"NPC","drops":[{"name":"Clue scroll (hard)","id":19882,"quantity":1,"price":0}],"date":"Mar 31, 2022, 10:10:44 AM"}
{"name":"Hellhound","level":122,"killCount":-1,"type":"NPC","drops":[{"name":"Vile ashes","id":25769,"quantity":1,"price":788}],"date":"Mar 31, 2022, 10:31:15 AM"}
{"name":"Hellhound","level":122,"killCount":-1,"type":"NPC","drops":[{"name":"Vile ashes","id":25769,"quantity":1,"price":788}],"date":"Mar 31, 2022, 10:31:25 AM"}
{"name":"Hellhound","level":122,"killCount":-1,"type":"NPC","drops":[{"name":"Clue scroll (hard)","id":2794,"quantity":1,"price":0}],"date":"Mar 31, 2022, 10:57:49 AM"}
{"name":"Hellhound","level":122,"killCount":-1,"type":"NPC","drops":[{"name":"Clue scroll (hard)","id":3546,"quantity":1,"price":0}],"date":"Mar 31, 2022, 11:14:28 AM"}
{"name":"Hellhound","level":122,"killCount":-1,"type":"NPC","drops":[{"name":"Clue scroll (hard)","id":19864,"quantity":1,"price":0}],"date":"Mar 31, 2022, 2:23:58 PM"}
{"name":"Hellhound","level":122,"killCount":-1,"type":"NPC","drops":[{"name":"Clue scroll (hard)","id":19852,"quantity":1,"price":0}],"date":"Mar 31, 2022, 2:38:42 PM"}
{"name":"Hellhound","level":122,"killCount":-1,"type":"NPC","drops":[{"name":"Vile ashes","id":25769,"quantity":1,"price":410}],"date":"Apr 29, 2022, 10:56:27 AM"}
{"name":"Hellhound","level":122,"killCount":-1,"type":"NPC","drops":[{"name":"Vile ashes","id":25769,"quantity":1,"price":410}],"date":"Apr 29, 2022, 10:56:46 AM"}
{"name":"Hellhound","level":122,"killCount":-1,"type":"NPC","drops":[{"name":"Vile ashes","id":25769,"quantity":1,"price":410}],"date":"Apr 29, 2022, 10:58:54 AM"}
{"name":"Hellhound","level":122,"killCount":-1,"type":"NPC","drops":[{"name":"Brimstone key","id":23083,"quantity":1,"price":0}],"date":"Apr 29, 2022, 11:17:59 AM"}
{"name":"Hellhound","level":122,"killCount":-1,"type":"NPC","drops":[{"name":"Clue scroll (hard)","id":7256,"quantity":1,"price":0}],"date":"Apr 29, 2022, 11:41:14 AM"}
{"name":"Hellhound","level":122,"killCount":-1,"type":"NPC","drops":[{"name":"Vile ashes","id":25769,"quantity":1,"price":596}],"date":"May 15, 2022, 12:36:30 PM"}
{"name":"Hellhound","level":122,"killCount":-1,"type":"NPC","drops":[{"name":"Vile ashes","id":25769,"quantity":1,"price":596}],"date":"May 15, 2022, 12:36:41 PM"}
{"name":"Hellhound","level":122,"killCount":-1,"type":"NPC","drops":[{"name":"Vile ashes","id":25769,"quantity":1,"price":596}],"date":"May 15, 2022, 12:36:52 PM"}
{"name":"Hellhound","level":122,"killCount":-1,"type":"NPC","drops":[{"name":"Vile ashes","id":25769,"quantity":1,"price":596}],"date":"May 15, 2022, 12:37:02 PM"}
{"name":"Hellhound","level":122,"killCount":-1,"type":"NPC","drops":[{"name":"Vile ashes","id":25769,"quantity":1,"price":596}],"date":"May 15, 2022, 12:37:10 PM"}
{"name":"Hellhound","level":122,"killCount":-1,"type":"NPC","drops":[{"name":"Vile ashes","id":25769,"quantity":1,"price":596}],"date":"May 15, 2022, 12:37:23 PM"}
{"name":"Hellhound","level":122,"killCount":-1,"type":"NPC","drops":[{"name":"Vile ashes","id":25769,"quantity":1,"price":596}],"date":"May 15, 2022, 12:37:36 PM"}
{"name":"Hellhound","level":122,"killCount":-1,"type":"NPC","drops":[{"name":"Vile ashes","id":25769,"quantity":1,"price":596}],"date":"May 15, 2022, 12:37:48 PM"}
{"name":"Hellhound","level":122,"killCount":-1,"type":"NPC","drops":[{"name":"Vile ashes","id":25769,"quantity":1,"price":596}],"date":"May 15, 2022, 12:38:02 PM"}
{"name":"Hellhound","level":122,"killCount":-1,"type":"NPC","drops":[{"name":"Vile ashes","id":25769,"quantity":1,"price":596}],"date":"May 15, 2022, 12:38:09 PM"}
{"name":"Hellhound","level":122,"killCount":-1,"type":"NPC","drops":[{"name":"Vile ashes","id":25769,"quantity":1,"price":596}],"date":"May 15, 2022, 12:38:20 PM"}
{"name":"Hellhound","level":122,"killCount":-1,"type":"NPC","drops":[{"name":"Vile ashes","id":25769,"quantity":1,"price":596}],"date":"May 15, 2022, 12:38:32 PM"}
{"name":"Hellhound","level":122,"killCount":-1,"type":"NPC","drops":[{"name":"Vile ashes","id":25769,"quantity":1,"price":596}],"date":"May 15, 2022, 12:38:50 PM"}
{"name":"Hellhound","level":122,"killCount":-1,"type":"NPC","drops":[{"name":"Vile ashes","id":25769,"quantity":1,"price":596}],"date":"May 15, 2022, 12:39:01 PM"}
{"name":"Hellhound","level":122,"killCount":-1,"type":"NPC","drops":[{"name":"Vile ashes","id":25769,"quantity":1,"price":596}],"date":"May 15, 2022, 12:39:14 PM"}
{"name":"Hellhound","level":122,"killCount":-1,"type":"NPC","drops":[{"name":"Vile ashes","id":25769,"quantity":1,"price":596}],"date":"May 15, 2022, 12:39:37 PM"}
{"name":"Hellhound","level":122,"killCount":-1,"type":"NPC","drops":[{"name":"Vile ashes","id":25769,"quantity":1,"price":596}],"date":"May 15, 2022, 12:39:53 PM"}
{"name":"Hellhound","level":122,"killCount":-1,"type":"NPC","drops":[{"name":"Vile ashes","id":25769,"quantity":1,"price":596}],"date":"May 15, 2022, 12:40:05 PM"}
{"name":"Hellhound","level":122,"killCount":-1,"type":"NPC","drops":[{"name":"Vile ashes","id":25769,"quantity":1,"price":596}],"date":"May 15, 2022, 12:40:22 PM"}
{"name":"Hellhound","level":122,"killCount":-1,"type":"NPC","drops":[{"name":"Vile ashes","id":25769,"quantity":1,"price":596}],"date":"May 15, 2022, 12:40:37 PM"}
{"name":"Hellhound","level":122,"killCount":-1,"type":"NPC","drops":[{"name":"Vile ashes","id":25769,"quantity":1,"price":596},{"name":"Clue scroll (hard)","id":7268,"quantity":1,"price":0}],"date":"May 15, 2022, 12:40:46 PM"}
{"name":"Hellhound","level":122,"killCount":-1,"type":"NPC","drops":[{"name":"Vile ashes","id":25769,"quantity":1,"price":596}],"date":"May 15, 2022, 12:40:58 PM"}
{"name":"Hellhound","level":122,"killCount":-1,"type":"NPC","drops":[{"name":"Vile ashes","id":25769,"quantity":1,"price":596}],"date":"May 15, 2022, 12:41:18 PM"}
{"name":"Hellhound","level":122,"killCount":-1,"type":"NPC","drops":[{"name":"Vile ashes","id":25769,"quantity":1,"price":596}],"date":"May 15, 2022, 12:41:53 PM"}
{"name":"Hellhound","level":122,"killCount":-1,"type":"NPC","drops":[{"name":"Vile ashes","id":25769,"quantity":1,"price":596}],"date":"May 15, 2022, 12:54:24 PM"}
{"name":"Hellhound","level":122,"killCount":-1,"type":"NPC","drops":[{"name":"Vile ashes","id":25769,"quantity":1,"price":596}],"date":"May 15, 2022, 12:54:35 PM"}
{"name":"Hellhound","level":122,"killCount":-1,"type":"NPC","drops":[{"name":"Vile ashes","id":25769,"quantity":1,"price":596}],"date":"May 15, 2022, 12:54:47 PM"}
{"name":"Hellhound","level":122,"killCount":-1,"type":"NPC","drops":[{"name":"Vile ashes","id":25769,"quantity":1,"price":596}],"date":"May 15, 2022, 12:55:08 PM"}
{"name":"Hellhound","level":122,"killCount":-1,"type":"NPC","drops":[{"name":"Vile ashes","id":25769,"quantity":1,"price":596}],"date":"May 15, 2022, 12:55:18 PM"}
{"name":"Hellhound","level":122,"killCount":-1,"type":"NPC","drops":[{"name":"Vile ashes","id":25769,"quantity":1,"price":596}],"date":"May 15, 2022, 12:55:31 PM"}
{"name":"Hellhound","level":122,"killCount":-1,"type":"NPC","drops":[{"name":"Vile ashes","id":25769,"quantity":1,"price":596}],"date":"May 15, 2022, 12:55:47 PM"}
{"name":"Hellhound","level":122,"killCount":-1,"type":"NPC","drops":[{"name":"Vile ashes","id":25769,"quantity":1,"price":596}],"date":"May 15, 2022, 12:56:09 PM"}
{"name":"Hellhound","level":122,"killCount":-1,"type":"NPC","drops":[{"name":"Vile ashes","id":25769,"quantity":1,"price":596}],"date":"May 15, 2022, 12:56:25 PM"}
{"name":"Hellhound","level":122,"killCount":-1,"type":"NPC","drops":[{"name":"Vile ashes","id":25769,"quantity":1,"price":596}],"date":"May 15, 2022, 12:56:45 PM"}
{"name":"Hellhound","level":122,"killCount":-1,"type":"NPC","drops":[{"name":"Vile ashes","id":25769,"quantity":1,"price":596}],"date":"May 15, 2022, 12:56:57 PM"}
{"name":"Hellhound","level":122,"killCount":-1,"type":"NPC","drops":[{"name":"Vile ashes","id":25769,"quantity":1,"price":596}],"date":"May 15, 2022, 12:57:08 PM"}
{"name":"Hellhound","level":122,"killCount":-1,"type":"NPC","drops":[{"name":"Vile ashes","id":25769,"quantity":1,"price":596}],"date":"May 15, 2022, 12:57:18 PM"}
{"name":"Hellhound","level":122,"killCount":-1,"type":"NPC","drops":[{"name":"Vile ashes","id":25769,"quantity":1,"price":596}],"date":"May 15, 2022, 12:57:34 PM"}
{"name":"Hellhound","level":122,"killCount":-1,"type":"NPC","drops":[{"name":"Vile ashes","id":25769,"quantity":1,"price":596}],"date":"May 15, 2022, 12:57:43 PM"}
{"name":"Hellhound","level":122,"killCount":-1,"type":"NPC","drops":[{"name":"Vile ashes","id":25769,"quantity":1,"price":596}],"date":"May 15, 2022, 12:57:54 PM"}
{"name":"Hellhound","level":122,"killCount":-1,"type":"NPC","drops":[{"name":"Vile ashes","id":25769,"quantity":1,"price":596}],"date":"May 15, 2022, 12:58:07 PM"}
{"name":"Hellhound","level":122,"killCount":-1,"type":"NPC","drops":[{"name":"Vile ashes","id":25769,"quantity":1,"price":596}],"date":"May 15, 2022, 12:58:25 PM"}
{"name":"Hellhound","level":122,"killCount":-1,"type":"NPC","drops":[{"name":"Vile ashes","id":25769,"quantity":1,"price":596}],"date":"May 15, 2022, 12:58:36 PM"}
{"name":"Hellhound","level":122,"killCount":-1,"type":"NPC","drops":[{"name":"Vile ashes","id":25769,"quantity":1,"price":596}],"date":"May 15, 2022, 12:58:46 PM"}
{"name":"Hellhound","level":122,"killCount":-1,"type":"NPC","drops":[{"name":"Vile ashes","id":25769,"quantity":1,"price":596}],"date":"May 15, 2022, 12:59:07 PM"}
{"name":"Hellhound","level":122,"killCount":-1,"type":"NPC","drops":[{"name":"Vile ashes","id":25769,"quantity":1,"price":596},{"name":"Clue scroll (hard)","id":3552,"quantity":1,"price":0}],"date":"May 15, 2022, 12:59:34 PM"}
{"name":"Hellhound","level":122,"killCount":-1,"type":"NPC","drops":[{"name":"Brimstone key","id":23083,"quantity":1,"price":0},{"name":"Vile ashes","id":25769,"quantity":1,"price":596}],"date":"May 15, 2022, 12:59:45 PM"}
{"name":"Hellhound","level":122,"killCount":-1,"type":"NPC","drops":[{"name":"Vile ashes","id":25769,"quantity":1,"price":596}],"date":"May 15, 2022, 1:00:02 PM"}
{"name":"Hellhound","level":122,"killCount":-1,"type":"NPC","drops":[{"name":"Clue scroll (hard)","id":2733,"quantity":1,"price":0}],"date":"May 15, 2022, 2:25:40 PM"}
{"name":"Hellhound","level":122,"killCount":-1,"type":"NPC","drops":[{"name":"Ensouled hellhound head","id":26996,"quantity":1,"price":0}],"date":"May 23, 2022, 2:34:30 PM"}
{"name":"Hellhound","level":122,"killCount":-1,"type":"NPC","drops":[{"name":"Clue scroll (hard)","id":7266,"quantity":1,"price":0}],"date":"May 23, 2022, 2:38:58 PM"}
{"name":"Hellhound","level":122,"killCount":-1,"type":"NPC","drops":[{"name":"Ensouled hellhound head","id":26996,"quantity":1,"price":0}],"date":"May 23, 2022, 2:39:51 PM"}
{"name":"Hellhound","level":122,"killCount":-1,"type":"NPC","drops":[{"name":"Ensouled hellhound head","id":26996,"quantity":1,"price":0}],"date":"May 23, 2022, 2:44:40 PM"}
{"name":"Hellhound","level":122,"killCount":-1,"type":"NPC","drops":[{"name":"Ensouled hellhound head","id":26996,"quantity":1,"price":0}],"date":"May 23, 2022, 2:49:27 PM"}
{"name":"Hellhound","level":122,"killCount":-1,"type":"NPC","drops":[{"name":"Ensouled hellhound head","id":26996,"quantity":1,"price":0}],"date":"May 23, 2022, 2:50:43 PM"}
{"name":"Hellhound","level":122,"killCount":-1,"type":"NPC","drops":[{"name":"Ensouled hellhound head","id":26996,"quantity":1,"price":0}],"date":"May 23, 2022, 3:00:10 PM"}
{"name":"Hellhound","level":122,"killCount":-1,"type":"NPC","drops":[{"name":"Vile ashes","id":25769,"quantity":1,"price":570}],"date":"Jun 29, 2022, 11:01:09 PM"}
{"name":"Hellhound","level":122,"killCount":-1,"type":"NPC","drops":[{"name":"Vile ashes","id":25769,"quantity":1,"price":570}],"date":"Jun 29, 2022, 11:01:25 PM"}
{"name":"Hellhound","level":122,"killCount":-1,"type":"NPC","drops":[{"name":"Ensouled hellhound head","id":26996,"quantity":1,"price":0}],"date":"Jun 29, 2022, 11:18:24 PM"}
{"name":"Hellhound","level":122,"killCount":-1,"type":"NPC","drops":[{"name":"Ensouled hellhound head","id":26996,"quantity":1,"price":0}],"date":"Jun 29, 2022, 11:19:48 PM"}
{"name":"Hellhound","level":122,"killCount":-1,"type":"NPC","drops":[{"name":"Vile ashes","id":25769,"quantity":1,"price":601}],"date":"Jul 6, 2022, 8:56:29 AM"}
{"name":"Hellhound","level":122,"killCount":-1,"type":"NPC","drops":[{"name":"Vile ashes","id":25769,"quantity":1,"price":601}],"date":"Jul 6, 2022, 8:56:44 AM"}
{"name":"Hellhound","level":122,"killCount":-1,"type":"NPC","drops":[{"name":"Vile ashes","id":25769,"quantity":1,"price":601}],"date":"Jul 6, 2022, 8:57:02 AM"}
{"name":"Hellhound","level":122,"killCount":-1,"type":"NPC","drops":[{"name":"Vile ashes","id":25769,"quantity":1,"price":601}],"date":"Jul 6, 2022, 8:57:13 AM"}
{"name":"Hellhound","level":122,"killCount":-1,"type":"NPC","drops":[{"name":"Vile ashes","id":25769,"quantity":1,"price":601}],"date":"Jul 6, 2022, 8:57:32 AM"}
{"name":"Hellhound","level":122,"killCount":-1,"type":"NPC","drops":[{"name":"Vile ashes","id":25769,"quantity":1,"price":601}],"date":"Jul 6, 2022, 8:57:40 AM"}
{"name":"Hellhound","level":122,"killCount":-1,"type":"NPC","drops":[{"name":"Vile ashes","id":25769,"quantity":1,"price":601}],"date":"Jul 6, 2022, 8:57:52 AM"}
{"name":"Hellhound","level":122,"killCount":-1,"type":"NPC","drops":[{"name":"Vile ashes","id":25769,"quantity":1,"price":601}],"date":"Jul 6, 2022, 8:58:02 AM"}
{"name":"Hellhound","level":122,"killCount":-1,"type":"NPC","drops":[{"name":"Vile ashes","id":25769,"quantity":1,"price":601}],"date":"Jul 6, 2022, 8:58:21 AM"}
{"name":"Hellhound","level":122,"killCount":-1,"type":"NPC","drops":[{"name":"Vile ashes","id":25769,"quantity":1,"price":601}],"date":"Jul 6, 2022, 8:58:31 AM"}
{"name":"Hellhound","level":122,"killCount":-1,"type":"NPC","drops":[{"name":"Vile ashes","id":25769,"quantity":1,"price":601}],"date":"Jul 6, 2022, 8:58:58 AM"}
{"name":"Hellhound","level":122,"killCount":-1,"type":"NPC","drops":[{"name":"Vile ashes","id":25769,"quantity":1,"price":601}],"date":"Jul 6, 2022, 8:59:13 AM"}
{"name":"Hellhound","level":122,"killCount":-1,"type":"NPC","drops":[{"name":"Vile ashes","id":25769,"quantity":1,"price":601}],"date":"Jul 6, 2022, 8:59:28 AM"}
{"name":"Hellhound","level":122,"killCount":-1,"type":"NPC","drops":[{"name":"Vile ashes","id":25769,"quantity":1,"price":601}],"date":"Jul 6, 2022, 8:59:50 AM"}
{"name":"Hellhound","level":122,"killCount":-1,"type":"NPC","drops":[{"name":"Vile ashes","id":25769,"quantity":1,"price":601}],"date":"Jul 6, 2022, 9:00:04 AM"}
{"name":"Hellhound","level":122,"killCount":-1,"type":"NPC","drops":[{"name":"Vile ashes","id":25769,"quantity":1,"price":601}],"date":"Jul 6, 2022, 9:00:25 AM"}
{"name":"Hellhound","level":122,"killCount":-1,"type":"NPC","drops":[{"name":"Vile ashes","id":25769,"quantity":1,"price":601}],"date":"Jul 6, 2022, 9:00:31 AM"}
{"name":"Hellhound","level":122,"killCount":-1,"type":"NPC","drops":[{"name":"Vile ashes","id":25769,"quantity":1,"price":601}],"date":"Jul 6, 2022, 9:00:47 AM"}
{"name":"Hellhound","level":122,"killCount":-1,"type":"NPC","drops":[{"name":"Vile ashes","id":25769,"quantity":1,"price":601}],"date":"Jul 6, 2022, 9:00:54 AM"}
{"name":"Hellhound","level":122,"killCount":-1,"type":"NPC","drops":[{"name":"Vile ashes","id":25769,"quantity":1,"price":601}],"date":"Jul 6, 2022, 9:01:08 AM"}
{"name":"Hellhound","level":122,"killCount":-1,"type":"NPC","drops":[{"name":"Vile ashes","id":25769,"quantity":1,"price":601}],"date":"Jul 6, 2022, 9:01:26 AM"}
{"name":"Hellhound","level":122,"killCount":-1,"type":"NPC","drops":[{"name":"Vile ashes","id":25769,"quantity":1,"price":601}],"date":"Jul 6, 2022, 9:01:40 AM"}
{"name":"Hellhound","level":122,"killCount":-1,"type":"NPC","drops":[{"name":"Vile ashes","id":25769,"quantity":1,"price":601}],"date":"Jul 6, 2022, 9:01:50 AM"}
{"name":"Hellhound","level":122,"killCount":-1,"type":"NPC","drops":[{"name":"Vile ashes","id":25769,"quantity":1,"price":601}],"date":"Jul 6, 2022, 9:02:07 AM"}
{"name":"Hellhound","level":122,"killCount":-1,"type":"NPC","drops":[{"name":"Vile ashes","id":25769,"quantity":1,"price":601}],"date":"Jul 6, 2022, 9:02:24 AM"}
{"name":"Hellhound","level":122,"killCount":-1,"type":"NPC","drops":[{"name":"Vile ashes","id":25769,"quantity":1,"price":601}],"date":"Jul 6, 2022, 9:02:34 AM"}
{"name":"Hellhound","level":122,"killCount":-1,"type":"NPC","drops":[{"name":"Vile ashes","id":25769,"quantity":1,"price":601}],"date":"Jul 6, 2022, 9:02:41 AM"}
{"name":"Hellhound","level":122,"killCount":-1,"type":"NPC","drops":[{"name":"Vile ashes","id":25769,"quantity":1,"price":601}],"date":"Jul 6, 2022, 9:02:46 AM"}
{"name":"Hellhound","level":122,"killCount":-1,"type":"NPC","drops":[{"name":"Vile ashes","id":25769,"quantity":1,"price":601}],"date":"Jul 6, 2022, 9:03:32 AM"}
{"name":"Hellhound","level":122,"killCount":-1,"type":"NPC","drops":[{"name":"Vile ashes","id":25769,"quantity":1,"price":601}],"date":"Jul 6, 2022, 9:03:34 AM"}
{"name":"Hellhound","level":122,"killCount":-1,"type":"NPC","drops":[{"name":"Vile ashes","id":25769,"quantity":1,"price":601}],"date":"Jul 6, 2022, 9:03:55 AM"}
{"name":"Hellhound","level":122,"killCount":-1,"type":"NPC","drops":[{"name":"Vile ashes","id":25769,"quantity":1,"price":601}],"date":"Jul 6, 2022, 9:03:58 AM"}
{"name":"Hellhound","level":122,"killCount":-1,"type":"NPC","drops":[{"name":"Vile ashes","id":25769,"quantity":1,"price":601}],"date":"Jul 6, 2022, 9:04:02 AM"}
{"name":"Hellhound","level":122,"killCount":-1,"type":"NPC","drops":[{"name":"Vile ashes","id":25769,"quantity":1,"price":601}],"date":"Jul 6, 2022, 9:04:28 AM"}
{"name":"Hellhound","level":122,"killCount":-1,"type":"NPC","drops":[{"name":"Vile ashes","id":25769,"quantity":1,"price":601}],"date":"Jul 6, 2022, 9:04:44 AM"}
{"name":"Hellhound","level":122,"killCount":-1,"type":"NPC","drops":[{"name":"Vile ashes","id":25769,"quantity":1,"price":601}],"date":"Jul 6, 2022, 9:04:55 AM"}
{"name":"Hellhound","level":122,"killCount":-1,"type":"NPC","drops":[{"name":"Vile ashes","id":25769,"quantity":1,"price":601}],"date":"Jul 6, 2022, 9:05:01 AM"}
{"name":"Hellhound","level":122,"killCount":-1,"type":"NPC","drops":[{"name":"Vile ashes","id":25769,"quantity":1,"price":601}],"date":"Jul 6, 2022, 9:05:16 AM"}
{"name":"Hellhound","level":122,"killCount":-1,"type":"NPC","drops":[{"name":"Vile ashes","id":25769,"quantity":1,"price":601}],"date":"Jul 6, 2022, 9:05:26 AM"}
{"name":"Hellhound","level":122,"killCount":-1,"type":"NPC","drops":[{"name":"Vile ashes","id":25769,"quantity":1,"price":601}],"date":"Jul 6, 2022, 9:05:34 AM"}
{"name":"Hellhound","level":122,"killCount":-1,"type":"NPC","drops":[{"name":"Vile ashes","id":25769,"quantity":1,"price":601}],"date":"Jul 6, 2022, 9:05:53 AM"}
{"name":"Hellhound","level":122,"killCount":-1,"type":"NPC","drops":[{"name":"Vile ashes","id":25769,"quantity":1,"price":601}],"date":"Jul 6, 2022, 9:05:57 AM"}
{"name":"Hellhound","level":122,"killCount":-1,"type":"NPC","drops":[{"name":"Vile ashes","id":25769,"quantity":1,"price":601}],"date":"Jul 6, 2022, 9:06:11 AM"}
{"name":"Hellhound","level":122,"killCount":-1,"type":"NPC","drops":[{"name":"Vile ashes","id":25769,"quantity":1,"price":601}],"date":"Jul 6, 2022, 9:06:29 AM"}
{"name":"Hellhound","level":122,"killCount":-1,"type":"NPC","drops":[{"name":"Vile ashes","id":25769,"quantity":1,"price":601}],"date":"Jul 6, 2022, 9:06:43 AM"}
{"name":"Hellhound","level":122,"killCount":-1,"type":"NPC","drops":[{"name":"Vile ashes","id":25769,"quantity":1,"price":601}],"date":"Jul 6, 2022, 9:06:58 AM"}
{"name":"Hellhound","level":122,"killCount":-1,"type":"NPC","drops":[{"name":"Vile ashes","id":25769,"quantity":1,"price":601}],"date":"Jul 6, 2022, 9:07:11 AM"}
{"name":"Hellhound","level":122,"killCount":-1,"type":"NPC","drops":[{"name":"Vile ashes","id":25769,"quantity":1,"price":601}],"date":"Jul 6, 2022, 9:07:29 AM"}
{"name":"Hellhound","level":122,"killCount":-1,"type":"NPC","drops":[{"name":"Vile ashes","id":25769,"quantity":1,"price":601}],"date":"Jul 6, 2022, 9:07:39 AM"}
{"name":"Hellhound","level":122,"killCount":-1,"type":"NPC","drops":[{"name":"Vile ashes","id":25769,"quantity":1,"price":601}],"date":"Jul 6, 2022, 9:07:58 AM"}
{"name":"Hellhound","level":122,"killCount":-1,"type":"NPC","drops":[{"name":"Vile ashes","id":25769,"quantity":1,"price":601}],"date":"Jul 6, 2022, 9:08:09 AM"}
{"name":"Hellhound","level":122,"killCount":-1,"type":"NPC","drops":[{"name":"Vile ashes","id":25769,"quantity":1,"price":601}],"date":"Jul 6, 2022, 9:08:18 AM"}
{"name":"Hellhound","level":122,"killCount":-1,"type":"NPC","drops":[{"name":"Vile ashes","id":25769,"quantity":1,"price":601}],"date":"Jul 6, 2022, 9:08:40 AM"}
{"name":"Hellhound","level":122,"killCount":-1,"type":"NPC","drops":[{"name":"Vile ashes","id":25769,"quantity":1,"price":601}],"date":"Jul 6, 2022, 9:08:56 AM"}
{"name":"Hellhound","level":122,"killCount":-1,"type":"NPC","drops":[{"name":"Vile ashes","id":25769,"quantity":1,"price":601}],"date":"Jul 6, 2022, 9:09:22 AM"}
{"name":"Hellhound","level":122,"killCount":-1,"type":"NPC","drops":[{"name":"Vile ashes","id":25769,"quantity":1,"price":601}],"date":"Jul 6, 2022, 9:09:28 AM"}
{"name":"Hellhound","level":122,"killCount":-1,"type":"NPC","drops":[{"name":"Vile ashes","id":25769,"quantity":1,"price":601}],"date":"Jul 6, 2022, 9:09:47 AM"}
{"name":"Hellhound","level":122,"killCount":-1,"type":"NPC","drops":[{"name":"Vile ashes","id":25769,"quantity":1,"price":601}],"date":"Jul 6, 2022, 9:10:03 AM"}
{"name":"Hellhound","level":122,"killCount":-1,"type":"NPC","drops":[{"name":"Vile ashes","id":25769,"quantity":1,"price":601}],"date":"Jul 6, 2022, 9:10:19 AM"}
{"name":"Hellhound","level":122,"killCount":-1,"type":"NPC","drops":[{"name":"Vile ashes","id":25769,"quantity":1,"price":601}],"date":"Jul 6, 2022, 9:10:34 AM"}
{"name":"Hellhound","level":122,"killCount":-1,"type":"NPC","drops":[{"name":"Vile ashes","id":25769,"quantity":1,"price":601}],"date":"Jul 6, 2022, 9:10:44 AM"}
{"name":"Hellhound","level":122,"killCount":-1,"type":"NPC","drops":[{"name":"Vile ashes","id":25769,"quantity":1,"price":601}],"date":"Jul 6, 2022, 9:10:49 AM"}
{"name":"Hellhound","level":122,"killCount":-1,"type":"NPC","drops":[{"name":"Vile ashes","id":25769,"quantity":1,"price":601}],"date":"Jul 6, 2022, 9:10:54 AM"}
{"name":"Hellhound","level":122,"killCount":-1,"type":"NPC","drops":[{"name":"Vile ashes","id":25769,"quantity":1,"price":601}],"date":"Jul 6, 2022, 9:11:02 AM"}
{"name":"Hellhound","level":122,"killCount":-1,"type":"NPC","drops":[{"name":"Vile ashes","id":25769,"quantity":1,"price":601}],"date":"Jul 6, 2022, 9:11:12 AM"}
{"name":"Hellhound","level":122,"killCount":-1,"type":"NPC","drops":[{"name":"Vile ashes","id":25769,"quantity":1,"price":601}],"date":"Jul 6, 2022, 9:11:39 AM"}
{"name":"Hellhound","level":122,"killCount":-1,"type":"NPC","drops":[{"name":"Vile ashes","id":25769,"quantity":1,"price":601}],"date":"Jul 6, 2022, 9:11:43 AM"}
{"name":"Hellhound","level":122,"killCount":-1,"type":"NPC","drops":[{"name":"Vile ashes","id":25769,"quantity":1,"price":601}],"date":"Jul 6, 2022, 9:11:52 AM"}
{"name":"Hellhound","level":122,"killCount":-1,"type":"NPC","drops":[{"name":"Vile ashes","id":25769,"quantity":1,"price":601}],"date":"Jul 6, 2022, 9:12:06 AM"}
{"name":"Hellhound","level":122,"killCount":-1,"type":"NPC","drops":[{"name":"Vile ashes","id":25769,"quantity":1,"price":601}],"date":"Jul 6, 2022, 9:12:15 AM"}
{"name":"Hellhound","level":122,"killCount":-1,"type":"NPC","drops":[{"name":"Vile ashes","id":25769,"quantity":1,"price":601}],"date":"Jul 6, 2022, 9:12:26 AM"}
{"name":"Hellhound","level":122,"killCount":-1,"type":"NPC","drops":[{"name":"Vile ashes","id":25769,"quantity":1,"price":601}],"date":"Jul 6, 2022, 9:12:39 AM"}
{"name":"Hellhound","level":122,"killCount":-1,"type":"NPC","drops":[{"name":"Vile ashes","id":25769,"quantity":1,"price":601}],"date":"Jul 6, 2022, 9:12:53 AM"}
{"name":"Hellhound","level":122,"killCount":-1,"type":"NPC","drops":[{"name":"Vile ashes","id":25769,"quantity":1,"price":601}],"date":"Jul 6, 2022, 9:13:03 AM"}
{"name":"Hellhound","level":122,"killCount":-1,"type":"NPC","drops":[{"name":"Vile ashes","id":25769,"quantity":1,"price":601}],"date":"Jul 6, 2022, 9:13:22 AM"}
{"name":"Hellhound","level":122,"killCount":-1,"type":"NPC","drops":[{"name":"Vile ashes","id":25769,"quantity":1,"price":601}],"date":"Jul 6, 2022, 9:13:43 AM"}
{"name":"Hellhound","level":122,"killCount":-1,"type":"NPC","drops":[{"name":"Vile ashes","id":25769,"quantity":1,"price":601}],"date":"Jul 6, 2022, 9:14:03 AM"}
{"name":"Hellhound","level":122,"killCount":-1,"type":"NPC","drops":[{"name":"Vile ashes","id":25769,"quantity":1,"price":601}],"date":"Jul 6, 2022, 9:14:07 AM"}
{"name":"Hellhound","level":122,"killCount":-1,"type":"NPC","drops":[{"name":"Vile ashes","id":25769,"quantity":1,"price":601}],"date":"Jul 6, 2022, 9:14:12 AM"}
{"name":"Hellhound","level":122,"killCount":-1,"type":"NPC","drops":[{"name":"Vile ashes","id":25769,"quantity":1,"price":601}],"date":"Jul 6, 2022, 9:14:33 AM"}
{"name":"Hellhound","level":122,"killCount":-1,"type":"NPC","drops":[{"name":"Vile ashes","id":25769,"quantity":1,"price":601}],"date":"Jul 6, 2022, 9:14:45 AM"}
{"name":"Hellhound","level":122,"killCount":-1,"type":"NPC","drops":[{"name":"Vile ashes","id":25769,"quantity":1,"price":601}],"date":"Jul 6, 2022, 9:15:03 AM"}
{"name":"Hellhound","level":122,"killCount":-1,"type":"NPC","drops":[{"name":"Vile ashes","id":25769,"quantity":1,"price":601}],"date":"Jul 6, 2022, 9:15:10 AM"}
{"name":"Hellhound","level":122,"killCount":-1,"type":"NPC","drops":[{"name":"Vile ashes","id":25769,"quantity":1,"price":601}],"date":"Jul 6, 2022, 9:15:22 AM"}
{"name":"Hellhound","level":122,"killCount":-1,"type":"NPC","drops":[{"name":"Vile ashes","id":25769,"quantity":1,"price":601}],"date":"Jul 6, 2022, 9:15:36 AM"}
{"name":"Hellhound","level":122,"killCount":-1,"type":"NPC","drops":[{"name":"Vile ashes","id":25769,"quantity":1,"price":601}],"date":"Jul 6, 2022, 9:15:45 AM"}
{"name":"Hellhound","level":122,"killCount":-1,"type":"NPC","drops":[{"name":"Vile ashes","id":25769,"quantity":1,"price":601}],"date":"Jul 6, 2022, 9:16:05 AM"}
{"name":"Hellhound","level":122,"killCount":-1,"type":"NPC","drops":[{"name":"Vile ashes","id":25769,"quantity":1,"price":601}],"date":"Jul 6, 2022, 9:16:16 AM"}
{"name":"Hellhound","level":122,"killCount":-1,"type":"NPC","drops":[{"name":"Vile ashes","id":25769,"quantity":1,"price":601}],"date":"Jul 6, 2022, 9:16:34 AM"}
{"name":"Hellhound","level":122,"killCount":-1,"type":"NPC","drops":[{"name":"Vile ashes","id":25769,"quantity":1,"price":601}],"date":"Jul 6, 2022, 9:16:52 AM"}
{"name":"Hellhound","level":122,"killCount":-1,"type":"NPC","drops":[{"name":"Vile ashes","id":25769,"quantity":1,"price":601}],"date":"Jul 6, 2022, 9:17:07 AM"}
{"name":"Hellhound","level":122,"killCount":-1,"type":"NPC","drops":[{"name":"Vile ashes","id":25769,"quantity":1,"price":589}],"date":"Jul 8, 2022, 5:28:54 PM"}
{"name":"Hellhound","level":122,"killCount":-1,"type":"NPC","drops":[{"name":"Vile ashes","id":25769,"quantity":1,"price":589}],"date":"Jul 8, 2022, 5:29:06 PM"}
{"name":"Hellhound","level":122,"killCount":-1,"type":"NPC","drops":[{"name":"Vile ashes","id":25769,"quantity":1,"price":589}],"date":"Jul 8, 2022, 5:30:27 PM"}
{"name":"Hellhound","level":122,"killCount":-1,"type":"NPC","drops":[{"name":"Vile ashes","id":25769,"quantity":1,"price":589}],"date":"Jul 8, 2022, 5:30:45 PM"}
{"name":"Hellhound","level":122,"killCount":-1,"type":"NPC","drops":[{"name":"Clue scroll (hard)","id":7250,"quantity":1,"price":0}],"date":"Jul 8, 2022, 5:35:17 PM"}
{"name":"Hellhound","level":122,"killCount":-1,"type":"NPC","drops":[{"name":"Ensouled hellhound head","id":26996,"quantity":1,"price":0}],"date":"Jul 8, 2022, 5:36:40 PM"}
{"name":"Hellhound","level":122,"killCount":-1,"type":"NPC","drops":[{"name":"Ensouled hellhound head","id":26996,"quantity":1,"price":0}],"date":"Jul 8, 2022, 10:58:56 PM"}
{"name":"Hellhound","level":122,"killCount":-1,"type":"NPC","drops":[{"name":"Ensouled hellhound head","id":26996,"quantity":1,"price":0}],"date":"Jul 8, 2022, 11:03:03 PM"}
{"name":"Hellhound","level":122,"killCount":-1,"type":"NPC","drops":[{"name":"Vile ashes","id":25769,"quantity":1,"price":615}],"date":"Aug 2, 2022, 11:48:22 AM"}
{"name":"Hellhound","level":122,"killCount":-1,"type":"NPC","drops":[{"name":"Clue scroll (hard)","id":19898,"quantity":1,"price":0}],"date":"Aug 2, 2022, 11:52:51 AM"}
{"name":"Hellhound","level":122,"killCount":-1,"type":"NPC","drops":[{"name":"Ensouled hellhound head","id":26996,"quantity":1,"price":0}],"date":"Aug 2, 2022, 12:02:17 PM"}
{"name":"Hellhound","level":122,"killCount":-1,"type":"NPC","drops":[{"name":"Clue scroll (hard)","id":3575,"quantity":1,"price":0}],"date":"Aug 2, 2022, 12:19:47 PM"}
{"name":"Hellhound","level":122,"killCount":-1,"type":"NPC","drops":[{"name":"Vile ashes","id":25769,"quantity":1,"price":620}],"date":"Aug 3, 2022, 8:15:05 AM"}
{"name":"Hellhound","level":122,"killCount":-1,"type":"NPC","drops":[{"name":"Vile ashes","id":25769,"quantity":1,"price":620}],"date":"Aug 3, 2022, 8:15:19 AM"}
{"name":"Hellhound","level":122,"killCount":-1,"type":"NPC","drops":[{"name":"Ensouled hellhound head","id":26996,"quantity":1,"price":0}],"date":"Aug 3, 2022, 8:20:40 AM"}
{"name":"Hellhound","level":122,"killCount":-1,"type":"NPC","drops":[{"name":"Ensouled hellhound head","id":26996,"quantity":1,"price":0}],"date":"Aug 3, 2022, 8:28:59 AM"}
{"name":"Hellhound","level":122,"killCount":-1,"type":"NPC","drops":[{"name":"Clue scroll (hard)","id":23181,"quantity":1,"price":0}],"date":"Aug 3, 2022, 8:43:35 AM"}
{"name":"Hellhound","level":122,"killCount":-1,"type":"NPC","drops":[{"name":"Vile ashes","id":25769,"quantity":1,"price":636}],"date":"Aug 3, 2022, 10:07:30 AM"}
{"name":"Hellhound","level":122,"killCount":-1,"type":"NPC","drops":[{"name":"Ensouled hellhound head","id":26996,"quantity":1,"price":0}],"date":"Aug 3, 2022, 10:09:52 AM"}
{"name":"Hellhound","level":122,"killCount":-1,"type":"NPC","drops":[{"name":"Clue scroll (hard)","id":23176,"quantity":1,"price":0}],"date":"Aug 3, 2022, 10:13:26 AM"}
{"name":"Hellhound","level":122,"killCount":-1,"type":"NPC","drops":[{"name":"Ensouled hellhound head","id":26996,"quantity":1,"price":0}],"date":"Aug 3, 2022, 10:33:35 AM"}
{"name":"Hellhound","level":122,"killCount":-1,"type":"NPC","drops":[{"name":"Ensouled hellhound head","id":26996,"quantity":1,"price":0}],"date":"Aug 3, 2022, 10:34:07 AM"}
{"name":"Hellhound","level":122,"killCount":-1,"type":"NPC","drops":[{"name":"Ensouled hellhound head","id":26996,"quantity":1,"price":0}],"date":"Aug 3, 2022, 10:39:07 AM"}
{"name":"Hellhound","level":122,"killCount":-1,"type":"NPC","drops":[{"name":"Ensouled hellhound head","id":26996,"quantity":1,"price":0}],"date":"Aug 3, 2022, 10:46:24 AM"}
{"name":"Hellhound","level":122,"killCount":-1,"type":"NPC","drops":[{"name":"Ensouled hellhound head","id":26996,"quantity":1,"price":0}],"date":"Aug 3, 2022, 10:52:58 AM"}
{"name":"Hellhound","level":122,"killCount":-1,"type":"NPC","drops":[{"name":"Ensouled hellhound head","id":26996,"quantity":1,"price":0}],"date":"Aug 3, 2022, 10:53:46 AM"}
{"name":"Hellhound","level":122,"killCount":-1,"type":"NPC","drops":[{"name":"Ensouled hellhound head","id":26996,"quantity":1,"price":0}],"date":"Aug 3, 2022, 10:54:34 AM"}
{"name":"Hellhound","level":127,"killCount":-1,"type":"NPC","drops":[{"name":"Vile ashes","id":25769,"quantity":1,"price":614}],"date":"Aug 5, 2022, 10:47:33 PM"}
{"name":"Hellhound","level":127,"killCount":-1,"type":"NPC","drops":[{"name":"Vile ashes","id":25769,"quantity":1,"price":614}],"date":"Aug 5, 2022, 10:59:52 PM"}
{"name":"Hellhound","level":127,"killCount":-1,"type":"NPC","drops":[{"name":"Vile ashes","id":25769,"quantity":1,"price":614}],"date":"Aug 5, 2022, 11:00:22 PM"}
{"name":"Hellhound","level":127,"killCount":-1,"type":"NPC","drops":[{"name":"Vile ashes","id":25769,"quantity":1,"price":613}],"date":"Aug 5, 2022, 11:28:58 PM"}
{"name":"Hellhound","level":127,"killCount":-1,"type":"NPC","drops":[{"name":"Vile ashes","id":25769,"quantity":1,"price":631}],"date":"Aug 7, 2022, 7:53:26 PM"}
{"name":"Hellhound","level":127,"killCount":-1,"type":"NPC","drops":[{"name":"Vile ashes","id":25769,"quantity":1,"price":621}],"date":"Aug 8, 2022, 9:00:05 PM"}
{"name":"Hellhound","level":127,"killCount":-1,"type":"NPC","drops":[{"name":"Vile ashes","id":25769,"quantity":1,"price":621}],"date":"Aug 8, 2022, 9:21:56 PM"}
{"name":"Hellhound","level":127,"killCount":-1,"type":"NPC","drops":[{"name":"Vile ashes","id":25769,"quantity":1,"price":621}],"date":"Aug 8, 2022, 9:54:01 PM"}
{"name":"Hellhound","level":127,"killCount":-1,"type":"NPC","drops":[{"name":"Vile ashes","id":25769,"quantity":1,"price":628}],"date":"Aug 9, 2022, 10:24:17 AM"}
{"name":"Hellhound","level":122,"killCount":-1,"type":"NPC","drops":[{"name":"Vile ashes","id":25769,"quantity":1,"price":501},{"name":"Clue scroll (elite)","id":12080,"quantity":1,"price":0}],"date":"Sep 16, 2022, 5:29:54 PM"}
