{"name":"Hill Giant","level":28,"killCount":-1,"type":"NPC","drops":[{"name":"Big bones","id":532,"quantity":1,"price":265},{"name":"Beer","id":1917,"quantity":1,"price":86}],"date":"Aug 20, 2022, 12:08:35 PM"}
{"name":"Hill Giant","level":28,"killCount":-1,"type":"NPC","drops":[{"name":"Big bones","id":532,"quantity":1,"price":265},{"name":"Ensouled giant head","id":13474,"quantity":1,"price":1104},{"name":"Coins","id":995,"quantity":38,"price":1}],"date":"Aug 20, 2022, 12:08:43 PM"}
{"name":"Hill Giant","level":28,"killCount":-1,"type":"NPC","drops":[{"name":"Big bones","id":532,"quantity":1,"price":265},{"name":"Water rune","id":555,"quantity":7,"price":5}],"date":"Aug 20, 2022, 12:08:48 PM"}
{"name":"Hill Giant","level":28,"killCount":-1,"type":"NPC","drops":[{"name":"Big bones","id":532,"quantity":1,"price":265},{"name":"Coins","id":995,"quantity":15,"price":1}],"date":"Aug 20, 2022, 12:08:53 PM"}
{"name":"Hill Giant","level":28,"killCount":-1,"type":"NPC","drops":[{"name":"Big bones","id":532,"quantity":1,"price":265},{"name":"Coins","id":995,"quantity":38,"price":1}],"date":"Aug 20, 2022, 12:09:06 PM"}
{"name":"Hill Giant","level":28,"killCount":-1,"type":"NPC","drops":[{"name":"Big bones","id":532,"quantity":1,"price":265},{"name":"Beer","id":1917,"quantity":1,"price":86}],"date":"Aug 20, 2022, 12:09:20 PM"}
{"name":"Hill Giant","level":28,"killCount":-1,"type":"NPC","drops":[{"name":"Big bones","id":532,"quantity":1,"price":265},{"name":"Potato seed","id":5318,"quantity":4,"price":1}],"date":"Aug 20, 2022, 12:09:28 PM"}
{"name":"Hill Giant","level":28,"killCount":-1,"type":"NPC","drops":[{"name":"Big bones","id":532,"quantity":1,"price":265},{"name":"Potato seed","id":5318,"quantity":4,"price":1}],"date":"Aug 20, 2022, 12:09:35 PM"}
{"name":"Hill Giant","level":28,"killCount":-1,"type":"NPC","drops":[{"name":"Big bones","id":532,"quantity":1,"price":265},{"name":"Onion seed","id":5319,"quantity":4,"price":1}],"date":"Aug 20, 2022, 12:09:44 PM"}
{"name":"Hill Giant","level":28,"killCount":-1,"type":"NPC","drops":[{"name":"Big bones","id":532,"quantity":1,"price":265},{"name":"Cabbage seed","id":5324,"quantity":4,"price":1}],"date":"Aug 20, 2022, 12:09:54 PM"}
{"name":"Hill Giant","level":28,"killCount":-1,"type":"NPC","drops":[{"name":"Big bones","id":532,"quantity":1,"price":265},{"name":"Grimy irit leaf","id":209,"quantity":1,"price":682}],"date":"Aug 20, 2022, 12:09:59 PM"}
{"name":"Hill Giant","level":28,"killCount":-1,"type":"NPC","drops":[{"name":"Big bones","id":532,"quantity":1,"price":265},{"name":"Coins","id":995,"quantity":38,"price":1}],"date":"Aug 20, 2022, 12:10:08 PM"}
{"name":"Hill Giant","level":28,"killCount":-1,"type":"NPC","drops":[{"name":"Big bones","id":532,"quantity":1,"price":265},{"name":"Coins","id":995,"quantity":52,"price":1}],"date":"Aug 20, 2022, 12:10:16 PM"}
{"name":"Hill Giant","level":28,"killCount":-1,"type":"NPC","drops":[{"name":"Big bones","id":532,"quantity":1,"price":265},{"name":"Iron arrow","id":884,"quantity":3,"price":2}],"date":"Aug 20, 2022, 12:10:23 PM"}
{"name":"Hill Giant","level":28,"killCount":-1,"type":"NPC","drops":[{"name":"Big bones","id":532,"quantity":1,"price":265}],"date":"Aug 20, 2022, 12:10:28 PM"}
{"name":"Hill Giant","level":28,"killCount":-1,"type":"NPC","drops":[{"name":"Big bones","id":532,"quantity":1,"price":265},{"name":"Sweetcorn seed","id":5320,"quantity":3,"price":1}],"date":"Aug 20, 2022, 12:10:32 PM"}
{"name":"Hill Giant","level":28,"killCount":-1,"type":"NPC","drops":[{"name":"Big bones","id":532,"quantity":1,"price":265},{"name":"Nature talisman","id":1462,"quantity":1,"price":243}],"date":"Aug 20, 2022, 12:10:40 PM"}
{"name":"Hill Giant","level":28,"killCount":-1,"type":"NPC","drops":[{"name":"Big bones","id":532,"quantity":1,"price":265},{"name":"Potato seed","id":5318,"quantity":4,"price":1}],"date":"Aug 20, 2022, 12:10:47 PM"}
{"name":"Hill Giant","level":28,"killCount":-1,"type":"NPC","drops":[{"name":"Big bones","id":532,"quantity":1,"price":265},{"name":"Beer","id":1917,"quantity":1,"price":86}],"date":"Aug 20, 2022, 12:10:54 PM"}
{"name":"Hill Giant","level":28,"killCount":-1,"type":"NPC","drops":[{"name":"Big bones","id":532,"quantity":1,"price":265},{"name":"Uncut sapphire","id":1623,"quantity":1,"price":356}],"date":"Aug 20, 2022, 12:10:59 PM"}
{"name":"Hill Giant","level":28,"killCount":-1,"type":"NPC","drops":[{"name":"Big bones","id":532,"quantity":1,"price":265},{"name":"Cabbage seed","id":5324,"quantity":4,"price":1}],"date":"Aug 20, 2022, 12:11:06 PM"}
{"name":"Hill Giant","level":28,"killCount":-1,"type":"NPC","drops":[{"name":"Big bones","id":532,"quantity":1,"price":265},{"name":"Iron kiteshield","id":1191,"quantity":1,"price":120}],"date":"Aug 20, 2022, 12:11:18 PM"}
{"name":"Hill Giant","level":28,"killCount":-1,"type":"NPC","drops":[{"name":"Big bones","id":532,"quantity":1,"price":265},{"name":"Coins","id":995,"quantity":38,"price":1}],"date":"Aug 20, 2022, 12:11:25 PM"}
{"name":"Hill Giant","level":28,"killCount":-1,"type":"NPC","drops":[{"name":"Big bones","id":532,"quantity":1,"price":253},{"name":"Iron full helm","id":1153,"quantity":1,"price":133}],"date":"Aug 30, 2022, 1:00:40 PM"}
{"name":"Hill Giant","level":28,"killCount":-1,"type":"NPC","drops":[{"name":"Big bones","id":532,"quantity":1,"price":253},{"name":"Uncut sapphire","id":1623,"quantity":1,"price":330}],"date":"Aug 30, 2022, 1:01:03 PM"}
{"name":"Hill Giant","level":28,"killCount":-1,"type":"NPC","drops":[{"name":"Big bones","id":532,"quantity":1,"price":253},{"name":"Limpwurt root","id":225,"quantity":1,"price":677}],"date":"Aug 30, 2022, 1:01:10 PM"}
{"name":"Hill Giant","level":28,"killCount":-1,"type":"NPC","drops":[{"name":"Big bones","id":532,"quantity":1,"price":253},{"name":"Iron full helm","id":1153,"quantity":1,"price":133}],"date":"Aug 30, 2022, 1:01:11 PM"}
{"name":"Hill Giant","level":28,"killCount":-1,"type":"NPC","drops":[{"name":"Big bones","id":532,"quantity":1,"price":253},{"name":"Limpwurt root","id":225,"quantity":1,"price":677}],"date":"Aug 30, 2022, 1:01:14 PM"}
{"name":"Hill Giant","level":28,"killCount":-1,"type":"NPC","drops":[{"name":"Big bones","id":532,"quantity":1,"price":253},{"name":"Body talisman","id":1446,"quantity":1,"price":1920}],"date":"Aug 30, 2022, 1:01:16 PM"}
{"name":"Hill Giant","level":28,"killCount":-1,"type":"NPC","drops":[{"name":"Big bones","id":532,"quantity":1,"price":253},{"name":"Uncut sapphire","id":1623,"quantity":1,"price":330}],"date":"Aug 30, 2022, 1:01:17 PM"}
{"name":"Hill Giant","level":28,"killCount":-1,"type":"NPC","drops":[{"name":"Big bones","id":532,"quantity":1,"price":253},{"name":"Coins","id":995,"quantity":52,"price":1}],"date":"Aug 30, 2022, 1:01:24 PM"}
{"name":"Hill Giant","level":28,"killCount":-1,"type":"NPC","drops":[{"name":"Big bones","id":532,"quantity":1,"price":253},{"name":"Iron full helm","id":1153,"quantity":1,"price":133}],"date":"Aug 30, 2022, 1:01:30 PM"}
{"name":"Hill Giant","level":28,"killCount":-1,"type":"NPC","drops":[{"name":"Big bones","id":532,"quantity":1,"price":253},{"name":"Coins","id":995,"quantity":52,"price":1}],"date":"Aug 30, 2022, 1:01:45 PM"}
{"name":"Hill Giant","level":28,"killCount":-1,"type":"NPC","drops":[{"name":"Big bones","id":532,"quantity":1,"price":253},{"name":"Coins","id":995,"quantity":52,"price":1}],"date":"Aug 30, 2022, 1:01:47 PM"}
{"name":"Hill Giant","level":28,"killCount":-1,"type":"NPC","drops":[{"name":"Big bones","id":532,"quantity":1,"price":253},{"name":"Coins","id":995,"quantity":38,"price":1}],"date":"Aug 30, 2022, 1:01:57 PM"}
{"name":"Hill Giant","level":28,"killCount":-1,"type":"NPC","drops":[{"name":"Big bones","id":532,"quantity":1,"price":253},{"name":"Iron full helm","id":1153,"quantity":1,"price":133}],"date":"Aug 30, 2022, 1:02:00 PM"}
{"name":"Hill Giant","level":28,"killCount":-1,"type":"NPC","drops":[{"name":"Big bones","id":532,"quantity":1,"price":253},{"name":"Limpwurt root","id":225,"quantity":1,"price":677}],"date":"Aug 30, 2022, 1:02:07 PM"}
{"name":"Hill Giant","level":28,"killCount":-1,"type":"NPC","drops":[{"name":"Big bones","id":532,"quantity":1,"price":253},{"name":"Coins","id":995,"quantity":38,"price":1}],"date":"Aug 30, 2022, 1:02:12 PM"}
{"name":"Hill Giant","level":28,"killCount":-1,"type":"NPC","drops":[{"name":"Big bones","id":532,"quantity":1,"price":253},{"name":"Coins","id":995,"quantity":38,"price":1}],"date":"Aug 30, 2022, 1:02:16 PM"}
{"name":"Hill Giant","level":28,"killCount":-1,"type":"NPC","drops":[{"name":"Big bones","id":532,"quantity":1,"price":253},{"name":"Grimy harralander","id":205,"quantity":1,"price":625}],"date":"Aug 30, 2022, 1:02:21 PM"}
{"name":"Hill Giant","level":28,"killCount":-1,"type":"NPC","drops":[{"name":"Big bones","id":532,"quantity":1,"price":253},{"name":"Iron dagger","id":1203,"quantity":1,"price":62}],"date":"Aug 30, 2022, 1:02:26 PM"}
{"name":"Hill Giant","level":28,"killCount":-1,"type":"NPC","drops":[{"name":"Big bones","id":532,"quantity":1,"price":253},{"name":"Cabbage seed","id":5324,"quantity":4,"price":1}],"date":"Aug 30, 2022, 1:02:31 PM"}
{"name":"Hill Giant","level":28,"killCount":-1,"type":"NPC","drops":[{"name":"Big bones","id":532,"quantity":1,"price":253},{"name":"Iron kiteshield","id":1191,"quantity":1,"price":157}],"date":"Aug 30, 2022, 1:02:33 PM"}
{"name":"Hill Giant","level":28,"killCount":-1,"type":"NPC","drops":[{"name":"Big bones","id":532,"quantity":1,"price":253},{"name":"Coins","id":995,"quantity":38,"price":1}],"date":"Aug 30, 2022, 1:02:35 PM"}
{"name":"Hill Giant","level":28,"killCount":-1,"type":"NPC","drops":[{"name":"Big bones","id":532,"quantity":1,"price":253},{"name":"Onion seed","id":5319,"quantity":4,"price":1}],"date":"Aug 30, 2022, 1:02:38 PM"}
{"name":"Hill Giant","level":28,"killCount":-1,"type":"NPC","drops":[{"name":"Big bones","id":532,"quantity":1,"price":253},{"name":"Beer","id":1917,"quantity":1,"price":117}],"date":"Aug 30, 2022, 1:02:42 PM"}
{"name":"Hill Giant","level":28,"killCount":-1,"type":"NPC","drops":[{"name":"Big bones","id":532,"quantity":1,"price":253},{"name":"Steel arrow","id":886,"quantity":10,"price":4}],"date":"Aug 30, 2022, 1:02:47 PM"}
{"name":"Hill Giant","level":28,"killCount":-1,"type":"NPC","drops":[{"name":"Big bones","id":532,"quantity":1,"price":253},{"name":"Coins","id":995,"quantity":38,"price":1}],"date":"Aug 30, 2022, 1:02:54 PM"}
{"name":"Hill Giant","level":28,"killCount":-1,"type":"NPC","drops":[{"name":"Big bones","id":532,"quantity":1,"price":253},{"name":"Beer","id":1917,"quantity":1,"price":117}],"date":"Aug 30, 2022, 1:02:57 PM"}
{"name":"Hill Giant","level":28,"killCount":-1,"type":"NPC","drops":[{"name":"Big bones","id":532,"quantity":1,"price":253},{"name":"Beer","id":1917,"quantity":1,"price":117}],"date":"Aug 30, 2022, 1:03:01 PM"}
{"name":"Hill Giant","level":28,"killCount":-1,"type":"NPC","drops":[{"name":"Big bones","id":532,"quantity":1,"price":253},{"name":"Cabbage seed","id":5324,"quantity":4,"price":1}],"date":"Aug 30, 2022, 1:03:07 PM"}
{"name":"Hill Giant","level":28,"killCount":-1,"type":"NPC","drops":[{"name":"Big bones","id":532,"quantity":1,"price":253},{"name":"Coins","id":995,"quantity":8,"price":1}],"date":"Aug 30, 2022, 1:03:12 PM"}
{"name":"Hill Giant","level":28,"killCount":-1,"type":"NPC","drops":[{"name":"Big bones","id":532,"quantity":1,"price":253},{"name":"Coins","id":995,"quantity":38,"price":1}],"date":"Aug 30, 2022, 1:03:15 PM"}
{"name":"Hill Giant","level":28,"killCount":-1,"type":"NPC","drops":[{"name":"Big bones","id":532,"quantity":1,"price":253},{"name":"Onion seed","id":5319,"quantity":4,"price":1}],"date":"Aug 30, 2022, 1:03:17 PM"}
{"name":"Hill Giant","level":28,"killCount":-1,"type":"NPC","drops":[{"name":"Big bones","id":532,"quantity":1,"price":253},{"name":"Limpwurt root","id":225,"quantity":1,"price":677}],"date":"Aug 30, 2022, 1:03:27 PM"}
{"name":"Hill Giant","level":28,"killCount":-1,"type":"NPC","drops":[{"name":"Big bones","id":532,"quantity":1,"price":253},{"name":"Grimy harralander","id":205,"quantity":1,"price":625}],"date":"Aug 30, 2022, 1:03:29 PM"}
{"name":"Hill Giant","level":28,"killCount":-1,"type":"NPC","drops":[{"name":"Big bones","id":532,"quantity":1,"price":253},{"name":"Potato seed","id":5318,"quantity":4,"price":1}],"date":"Aug 30, 2022, 1:03:32 PM"}
{"name":"Hill Giant","level":28,"killCount":-1,"type":"NPC","drops":[{"name":"Big bones","id":532,"quantity":1,"price":253},{"name":"Coins","id":995,"quantity":52,"price":1}],"date":"Aug 30, 2022, 1:03:35 PM"}
{"name":"Hill Giant","level":28,"killCount":-1,"type":"NPC","drops":[{"name":"Big bones","id":532,"quantity":1,"price":253},{"name":"Coins","id":995,"quantity":38,"price":1}],"date":"Aug 30, 2022, 1:03:38 PM"}
{"name":"Hill Giant","level":28,"killCount":-1,"type":"NPC","drops":[{"name":"Big bones","id":532,"quantity":1,"price":253},{"name":"Coins","id":995,"quantity":15,"price":1}],"date":"Aug 30, 2022, 1:03:41 PM"}
{"name":"Hill Giant","level":28,"killCount":-1,"type":"NPC","drops":[{"name":"Big bones","id":532,"quantity":1,"price":253},{"name":"Limpwurt root","id":225,"quantity":1,"price":677}],"date":"Aug 30, 2022, 1:03:45 PM"}
{"name":"Hill Giant","level":28,"killCount":-1,"type":"NPC","drops":[{"name":"Big bones","id":532,"quantity":1,"price":253},{"name":"Steel arrow","id":886,"quantity":10,"price":4}],"date":"Aug 30, 2022, 1:03:54 PM"}
{"name":"Hill Giant","level":28,"killCount":-1,"type":"NPC","drops":[{"name":"Big bones","id":532,"quantity":1,"price":253},{"name":"Tomato seed","id":5322,"quantity":3,"price":1}],"date":"Aug 30, 2022, 1:03:59 PM"}
{"name":"Hill Giant","level":28,"killCount":-1,"type":"NPC","drops":[{"name":"Big bones","id":532,"quantity":1,"price":253},{"name":"Coins","id":995,"quantity":52,"price":1}],"date":"Aug 30, 2022, 1:04:03 PM"}
{"name":"Hill Giant","level":28,"killCount":-1,"type":"NPC","drops":[{"name":"Big bones","id":532,"quantity":1,"price":253},{"name":"Limpwurt root","id":225,"quantity":1,"price":677}],"date":"Aug 30, 2022, 1:04:06 PM"}
{"name":"Hill Giant","level":28,"killCount":-1,"type":"NPC","drops":[{"name":"Big bones","id":532,"quantity":1,"price":253},{"name":"Limpwurt root","id":225,"quantity":1,"price":677}],"date":"Aug 30, 2022, 1:04:11 PM"}
{"name":"Hill Giant","level":28,"killCount":-1,"type":"NPC","drops":[{"name":"Big bones","id":532,"quantity":1,"price":253},{"name":"Grimy guam leaf","id":199,"quantity":1,"price":30}],"date":"Aug 30, 2022, 1:04:14 PM"}
{"name":"Hill Giant","level":28,"killCount":-1,"type":"NPC","drops":[{"name":"Big bones","id":532,"quantity":1,"price":251},{"name":"Potato seed","id":5318,"quantity":4,"price":1}],"date":"Aug 30, 2022, 1:04:18 PM"}
{"name":"Hill Giant","level":28,"killCount":-1,"type":"NPC","drops":[{"name":"Big bones","id":532,"quantity":1,"price":251},{"name":"Nature rune","id":561,"quantity":6,"price":174}],"date":"Aug 30, 2022, 1:04:25 PM"}
{"name":"Hill Giant","level":28,"killCount":-1,"type":"NPC","drops":[{"name":"Big bones","id":532,"quantity":1,"price":251},{"name":"Coins","id":995,"quantity":38,"price":1}],"date":"Aug 30, 2022, 1:04:28 PM"}
{"name":"Hill Giant","level":28,"killCount":-1,"type":"NPC","drops":[{"name":"Big bones","id":532,"quantity":1,"price":251},{"name":"Iron arrow","id":884,"quantity":3,"price":2}],"date":"Aug 30, 2022, 1:04:30 PM"}
{"name":"Hill Giant","level":28,"killCount":-1,"type":"NPC","drops":[{"name":"Big bones","id":532,"quantity":1,"price":251},{"name":"Beer","id":1917,"quantity":1,"price":117}],"date":"Aug 30, 2022, 1:04:33 PM"}
{"name":"Hill Giant","level":28,"killCount":-1,"type":"NPC","drops":[{"name":"Big bones","id":532,"quantity":1,"price":251},{"name":"Ensouled giant head","id":13474,"quantity":1,"price":987},{"name":"Limpwurt root","id":225,"quantity":1,"price":678}],"date":"Aug 30, 2022, 1:04:39 PM"}
{"name":"Hill Giant","level":28,"killCount":-1,"type":"NPC","drops":[{"name":"Big bones","id":532,"quantity":1,"price":251},{"name":"Coins","id":995,"quantity":38,"price":1}],"date":"Aug 30, 2022, 1:04:44 PM"}
{"name":"Hill Giant","level":28,"killCount":-1,"type":"NPC","drops":[{"name":"Big bones","id":532,"quantity":1,"price":251},{"name":"Cosmic rune","id":564,"quantity":2,"price":109}],"date":"Aug 30, 2022, 1:04:53 PM"}
{"name":"Hill Giant","level":28,"killCount":-1,"type":"NPC","drops":[{"name":"Big bones","id":532,"quantity":1,"price":251},{"name":"Potato seed","id":5318,"quantity":4,"price":1}],"date":"Aug 30, 2022, 1:05:11 PM"}
{"name":"Hill Giant","level":28,"killCount":-1,"type":"NPC","drops":[{"name":"Big bones","id":532,"quantity":1,"price":251},{"name":"Limpwurt root","id":225,"quantity":1,"price":678}],"date":"Aug 30, 2022, 1:05:15 PM"}
{"name":"Hill Giant","level":28,"killCount":-1,"type":"NPC","drops":[{"name":"Big bones","id":532,"quantity":1,"price":251},{"name":"Mind rune","id":558,"quantity":3,"price":2}],"date":"Aug 30, 2022, 1:05:25 PM"}
{"name":"Hill Giant","level":28,"killCount":-1,"type":"NPC","drops":[{"name":"Big bones","id":532,"quantity":1,"price":251},{"name":"Water rune","id":555,"quantity":7,"price":4}],"date":"Aug 30, 2022, 1:05:34 PM"}
{"name":"Hill Giant","level":28,"killCount":-1,"type":"NPC","drops":[{"name":"Big bones","id":532,"quantity":1,"price":251},{"name":"Iron full helm","id":1153,"quantity":1,"price":149}],"date":"Aug 30, 2022, 1:05:39 PM"}
{"name":"Hill Giant","level":28,"killCount":-1,"type":"NPC","drops":[{"name":"Big bones","id":532,"quantity":1,"price":251},{"name":"Limpwurt root","id":225,"quantity":1,"price":678}],"date":"Aug 30, 2022, 1:05:43 PM"}
{"name":"Hill Giant","level":28,"killCount":-1,"type":"NPC","drops":[{"name":"Big bones","id":532,"quantity":1,"price":251},{"name":"Beer","id":1917,"quantity":1,"price":117}],"date":"Aug 30, 2022, 1:05:46 PM"}
{"name":"Hill Giant","level":28,"killCount":-1,"type":"NPC","drops":[{"name":"Big bones","id":532,"quantity":1,"price":251},{"name":"Coins","id":995,"quantity":38,"price":1}],"date":"Aug 30, 2022, 1:05:46 PM"}
{"name":"Hill Giant","level":28,"killCount":-1,"type":"NPC","drops":[{"name":"Big bones","id":532,"quantity":1,"price":251},{"name":"Limpwurt root","id":225,"quantity":1,"price":678}],"date":"Aug 30, 2022, 1:05:51 PM"}
{"name":"Hill Giant","level":28,"killCount":-1,"type":"NPC","drops":[{"name":"Big bones","id":532,"quantity":1,"price":251},{"name":"Ensouled giant head","id":13474,"quantity":1,"price":987},{"name":"Iron kiteshield","id":1191,"quantity":1,"price":157}],"date":"Aug 30, 2022, 1:06:12 PM"}
{"name":"Hill Giant","level":28,"killCount":-1,"type":"NPC","drops":[{"name":"Big bones","id":532,"quantity":1,"price":251},{"name":"Potato seed","id":5318,"quantity":4,"price":1}],"date":"Aug 30, 2022, 1:06:22 PM"}
{"name":"Hill Giant","level":28,"killCount":-1,"type":"NPC","drops":[{"name":"Big bones","id":532,"quantity":1,"price":251},{"name":"Potato seed","id":5318,"quantity":4,"price":1}],"date":"Aug 30, 2022, 1:06:26 PM"}
{"name":"Hill Giant","level":28,"killCount":-1,"type":"NPC","drops":[{"name":"Big bones","id":532,"quantity":1,"price":251},{"name":"Coins","id":995,"quantity":15,"price":1}],"date":"Aug 30, 2022, 1:06:30 PM"}
{"name":"Hill Giant","level":28,"killCount":-1,"type":"NPC","drops":[{"name":"Big bones","id":532,"quantity":1,"price":251},{"name":"Nature talisman","id":1462,"quantity":1,"price":315}],"date":"Aug 30, 2022, 1:06:34 PM"}
{"name":"Hill Giant","level":28,"killCount":-1,"type":"NPC","drops":[{"name":"Big bones","id":532,"quantity":1,"price":251},{"name":"Chaos rune","id":562,"quantity":2,"price":52}],"date":"Aug 30, 2022, 1:06:40 PM"}
{"name":"Hill Giant","level":28,"killCount":-1,"type":"NPC","drops":[{"name":"Big bones","id":532,"quantity":1,"price":251}],"date":"Aug 30, 2022, 1:06:49 PM"}
{"name":"Hill Giant","level":28,"killCount":-1,"type":"NPC","drops":[{"name":"Big bones","id":532,"quantity":1,"price":251},{"name":"Iron full helm","id":1153,"quantity":1,"price":149}],"date":"Aug 30, 2022, 1:06:51 PM"}
{"name":"Hill Giant","level":28,"killCount":-1,"type":"NPC","drops":[{"name":"Big bones","id":532,"quantity":1,"price":251},{"name":"Potato seed","id":5318,"quantity":4,"price":1}],"date":"Aug 30, 2022, 1:06:56 PM"}
{"name":"Hill Giant","level":28,"killCount":-1,"type":"NPC","drops":[{"name":"Big bones","id":532,"quantity":1,"price":251},{"name":"Coins","id":995,"quantity":38,"price":1}],"date":"Aug 30, 2022, 1:07:01 PM"}
{"name":"Hill Giant","level":28,"killCount":-1,"type":"NPC","drops":[{"name":"Big bones","id":532,"quantity":1,"price":251},{"name":"Coins","id":995,"quantity":88,"price":1}],"date":"Aug 30, 2022, 1:07:06 PM"}
{"name":"Hill Giant","level":28,"killCount":-1,"type":"NPC","drops":[{"name":"Big bones","id":532,"quantity":1,"price":251},{"name":"Iron dagger","id":1203,"quantity":1,"price":93}],"date":"Aug 30, 2022, 1:07:10 PM"}
{"name":"Hill Giant","level":28,"killCount":-1,"type":"NPC","drops":[{"name":"Big bones","id":532,"quantity":1,"price":251},{"name":"Iron arrow","id":884,"quantity":3,"price":2}],"date":"Aug 30, 2022, 1:07:12 PM"}
{"name":"Hill Giant","level":28,"killCount":-1,"type":"NPC","drops":[{"name":"Big bones","id":532,"quantity":1,"price":251},{"name":"Coins","id":995,"quantity":38,"price":1}],"date":"Aug 30, 2022, 1:07:21 PM"}
{"name":"Hill Giant","level":28,"killCount":-1,"type":"NPC","drops":[{"name":"Big bones","id":532,"quantity":1,"price":251},{"name":"Onion seed","id":5319,"quantity":4,"price":1}],"date":"Aug 30, 2022, 1:07:26 PM"}
{"name":"Hill Giant","level":28,"killCount":-1,"type":"NPC","drops":[{"name":"Big bones","id":532,"quantity":1,"price":251},{"name":"Iron kiteshield","id":1191,"quantity":1,"price":157}],"date":"Aug 30, 2022, 1:07:30 PM"}
{"name":"Hill Giant","level":28,"killCount":-1,"type":"NPC","drops":[{"name":"Big bones","id":532,"quantity":1,"price":251},{"name":"Potato seed","id":5318,"quantity":4,"price":1}],"date":"Aug 30, 2022, 1:07:30 PM"}
{"name":"Hill Giant","level":28,"killCount":-1,"type":"NPC","drops":[{"name":"Big bones","id":532,"quantity":1,"price":251},{"name":"Potato seed","id":5318,"quantity":4,"price":1}],"date":"Aug 30, 2022, 1:07:41 PM"}
{"name":"Hill Giant","level":28,"killCount":-1,"type":"NPC","drops":[{"name":"Big bones","id":532,"quantity":1,"price":251},{"name":"Iron dagger","id":1203,"quantity":1,"price":93}],"date":"Aug 30, 2022, 1:07:45 PM"}
{"name":"Hill Giant","level":28,"killCount":-1,"type":"NPC","drops":[{"name":"Big bones","id":532,"quantity":1,"price":251},{"name":"Limpwurt root","id":225,"quantity":1,"price":678}],"date":"Aug 30, 2022, 1:07:51 PM"}
{"name":"Hill Giant","level":28,"killCount":-1,"type":"NPC","drops":[{"name":"Big bones","id":532,"quantity":1,"price":251},{"name":"Coins","id":995,"quantity":8,"price":1}],"date":"Aug 30, 2022, 1:07:55 PM"}
{"name":"Hill Giant","level":28,"killCount":-1,"type":"NPC","drops":[{"name":"Big bones","id":532,"quantity":1,"price":251},{"name":"Mind rune","id":558,"quantity":3,"price":2}],"date":"Aug 30, 2022, 1:08:00 PM"}
{"name":"Hill Giant","level":28,"killCount":-1,"type":"NPC","drops":[{"name":"Big bones","id":532,"quantity":1,"price":251},{"name":"Steel arrow","id":886,"quantity":10,"price":4}],"date":"Aug 30, 2022, 1:08:03 PM"}
{"name":"Hill Giant","level":28,"killCount":-1,"type":"NPC","drops":[{"name":"Big bones","id":532,"quantity":1,"price":251},{"name":"Tomato seed","id":5322,"quantity":3,"price":1}],"date":"Aug 30, 2022, 1:08:08 PM"}
{"name":"Hill Giant","level":28,"killCount":-1,"type":"NPC","drops":[{"name":"Big bones","id":532,"quantity":1,"price":251},{"name":"Coins","id":995,"quantity":52,"price":1}],"date":"Aug 30, 2022, 1:08:12 PM"}
{"name":"Hill Giant","level":28,"killCount":-1,"type":"NPC","drops":[{"name":"Big bones","id":532,"quantity":1,"price":251},{"name":"Iron full helm","id":1153,"quantity":1,"price":149}],"date":"Aug 30, 2022, 1:08:18 PM"}
{"name":"Hill Giant","level":28,"killCount":-1,"type":"NPC","drops":[{"name":"Big bones","id":532,"quantity":1,"price":251},{"name":"Ensouled giant head","id":13474,"quantity":1,"price":987},{"name":"Cosmic rune","id":564,"quantity":2,"price":109}],"date":"Aug 30, 2022, 1:08:32 PM"}
{"name":"Hill Giant","level":28,"killCount":-1,"type":"NPC","drops":[{"name":"Big bones","id":532,"quantity":1,"price":251},{"name":"Potato seed","id":5318,"quantity":4,"price":1}],"date":"Aug 30, 2022, 1:08:37 PM"}
{"name":"Hill Giant","level":28,"killCount":-1,"type":"NPC","drops":[{"name":"Big bones","id":532,"quantity":1,"price":251},{"name":"Coins","id":995,"quantity":38,"price":1}],"date":"Aug 30, 2022, 1:08:42 PM"}
{"name":"Hill Giant","level":28,"killCount":-1,"type":"NPC","drops":[{"name":"Big bones","id":532,"quantity":1,"price":251},{"name":"Ensouled giant head","id":13474,"quantity":1,"price":987},{"name":"Coins","id":995,"quantity":38,"price":1}],"date":"Aug 30, 2022, 1:08:55 PM"}
{"name":"Hill Giant","level":28,"killCount":-1,"type":"NPC","drops":[{"name":"Big bones","id":532,"quantity":1,"price":251},{"name":"Potato seed","id":5318,"quantity":4,"price":1}],"date":"Aug 30, 2022, 1:09:00 PM"}
{"name":"Hill Giant","level":28,"killCount":-1,"type":"NPC","drops":[{"name":"Big bones","id":532,"quantity":1,"price":251},{"name":"Coins","id":995,"quantity":15,"price":1}],"date":"Aug 30, 2022, 1:09:02 PM"}
{"name":"Hill Giant","level":28,"killCount":-1,"type":"NPC","drops":[{"name":"Big bones","id":532,"quantity":1,"price":251},{"name":"Coins","id":995,"quantity":52,"price":1}],"date":"Aug 30, 2022, 1:09:12 PM"}
{"name":"Hill Giant","level":28,"killCount":-1,"type":"NPC","drops":[{"name":"Big bones","id":532,"quantity":1,"price":251},{"name":"Ensouled giant head","id":13474,"quantity":1,"price":987},{"name":"Coins","id":995,"quantity":52,"price":1}],"date":"Aug 30, 2022, 1:09:17 PM"}
{"name":"Hill Giant","level":28,"killCount":-1,"type":"NPC","drops":[{"name":"Big bones","id":532,"quantity":1,"price":251},{"name":"Body talisman","id":1446,"quantity":1,"price":1920}],"date":"Aug 30, 2022, 1:09:18 PM"}
{"name":"Hill Giant","level":28,"killCount":-1,"type":"NPC","drops":[{"name":"Big bones","id":532,"quantity":1,"price":251},{"name":"Grimy guam leaf","id":199,"quantity":1,"price":28}],"date":"Aug 30, 2022, 1:09:24 PM"}
{"name":"Hill Giant","level":28,"killCount":-1,"type":"NPC","drops":[{"name":"Big bones","id":532,"quantity":1,"price":251},{"name":"Water rune","id":555,"quantity":7,"price":4}],"date":"Aug 30, 2022, 1:09:30 PM"}
{"name":"Hill Giant","level":28,"killCount":-1,"type":"NPC","drops":[{"name":"Big bones","id":532,"quantity":1,"price":251},{"name":"Coins","id":995,"quantity":38,"price":1}],"date":"Aug 30, 2022, 1:09:44 PM"}
{"name":"Hill Giant","level":28,"killCount":-1,"type":"NPC","drops":[{"name":"Big bones","id":532,"quantity":1,"price":251},{"name":"Limpwurt root","id":225,"quantity":1,"price":678}],"date":"Aug 30, 2022, 1:09:51 PM"}
{"name":"Hill Giant","level":28,"killCount":-1,"type":"NPC","drops":[{"name":"Big bones","id":532,"quantity":1,"price":251},{"name":"Coins","id":995,"quantity":15,"price":1}],"date":"Aug 30, 2022, 1:09:54 PM"}
{"name":"Hill Giant","level":28,"killCount":-1,"type":"NPC","drops":[{"name":"Big bones","id":532,"quantity":1,"price":251},{"name":"Limpwurt root","id":225,"quantity":1,"price":678}],"date":"Aug 30, 2022, 1:10:05 PM"}
{"name":"Hill Giant","level":28,"killCount":-1,"type":"NPC","drops":[{"name":"Big bones","id":532,"quantity":1,"price":251},{"name":"Nature talisman","id":1462,"quantity":1,"price":315}],"date":"Aug 30, 2022, 1:10:12 PM"}
{"name":"Hill Giant","level":28,"killCount":-1,"type":"NPC","drops":[{"name":"Big bones","id":532,"quantity":1,"price":251},{"name":"Steel longsword","id":1295,"quantity":1,"price":321}],"date":"Aug 30, 2022, 1:10:18 PM"}
{"name":"Hill Giant","level":28,"killCount":-1,"type":"NPC","drops":[{"name":"Big bones","id":532,"quantity":1,"price":251},{"name":"Iron dagger","id":1203,"quantity":1,"price":93}],"date":"Aug 30, 2022, 1:10:23 PM"}
{"name":"Hill Giant","level":28,"killCount":-1,"type":"NPC","drops":[{"name":"Big bones","id":532,"quantity":1,"price":251},{"name":"Water rune","id":555,"quantity":7,"price":4}],"date":"Aug 30, 2022, 1:10:27 PM"}
{"name":"Hill Giant","level":28,"killCount":-1,"type":"NPC","drops":[{"name":"Big bones","id":532,"quantity":1,"price":251},{"name":"Coins","id":995,"quantity":15,"price":1}],"date":"Aug 30, 2022, 1:10:37 PM"}
{"name":"Hill Giant","level":28,"killCount":-1,"type":"NPC","drops":[{"name":"Big bones","id":532,"quantity":1,"price":251},{"name":"Mind rune","id":558,"quantity":3,"price":2}],"date":"Aug 30, 2022, 1:10:46 PM"}
{"name":"Hill Giant","level":28,"killCount":-1,"type":"NPC","drops":[{"name":"Big bones","id":532,"quantity":1,"price":251},{"name":"Iron full helm","id":1153,"quantity":1,"price":149}],"date":"Aug 30, 2022, 1:10:52 PM"}
{"name":"Hill Giant","level":28,"killCount":-1,"type":"NPC","drops":[{"name":"Big bones","id":532,"quantity":1,"price":251},{"name":"Coins","id":995,"quantity":38,"price":1}],"date":"Aug 30, 2022, 1:10:58 PM"}
{"name":"Hill Giant","level":28,"killCount":-1,"type":"NPC","drops":[{"name":"Big bones","id":532,"quantity":1,"price":251},{"name":"Potato seed","id":5318,"quantity":4,"price":1}],"date":"Aug 30, 2022, 1:11:06 PM"}
{"name":"Hill Giant","level":28,"killCount":-1,"type":"NPC","drops":[{"name":"Big bones","id":532,"quantity":1,"price":251},{"name":"Coins","id":995,"quantity":52,"price":1}],"date":"Aug 30, 2022, 1:11:14 PM"}
{"name":"Hill Giant","level":28,"killCount":-1,"type":"NPC","drops":[{"name":"Big bones","id":532,"quantity":1,"price":251},{"name":"Dark totem middle","id":19681,"quantity":1,"price":0},{"name":"Uncut emerald","id":1621,"quantity":1,"price":447}],"date":"Aug 30, 2022, 1:11:14 PM"}
{"name":"Hill Giant","level":28,"killCount":-1,"type":"NPC","drops":[{"name":"Big bones","id":532,"quantity":1,"price":251},{"name":"Beer","id":1917,"quantity":1,"price":117}],"date":"Aug 30, 2022, 1:11:15 PM"}
{"name":"Hill Giant","level":28,"killCount":-1,"type":"NPC","drops":[{"name":"Big bones","id":532,"quantity":1,"price":251},{"name":"Potato seed","id":5318,"quantity":4,"price":1}],"date":"Aug 30, 2022, 1:11:16 PM"}
{"name":"Hill Giant","level":28,"killCount":-1,"type":"NPC","drops":[{"name":"Big bones","id":532,"quantity":1,"price":251},{"name":"Coins","id":995,"quantity":15,"price":1}],"date":"Aug 30, 2022, 1:11:21 PM"}
{"name":"Hill Giant","level":28,"killCount":-1,"type":"NPC","drops":[{"name":"Big bones","id":532,"quantity":1,"price":251},{"name":"Coins","id":995,"quantity":15,"price":1}],"date":"Aug 30, 2022, 1:11:36 PM"}
{"name":"Hill Giant","level":28,"killCount":-1,"type":"NPC","drops":[{"name":"Big bones","id":532,"quantity":1,"price":251},{"name":"Steel arrow","id":886,"quantity":10,"price":4}],"date":"Aug 30, 2022, 1:11:45 PM"}
{"name":"Hill Giant","level":28,"killCount":-1,"type":"NPC","drops":[{"name":"Big bones","id":532,"quantity":1,"price":251},{"name":"Iron full helm","id":1153,"quantity":1,"price":149}],"date":"Aug 30, 2022, 1:11:55 PM"}
{"name":"Hill Giant","level":28,"killCount":-1,"type":"NPC","drops":[{"name":"Big bones","id":532,"quantity":1,"price":251},{"name":"Cabbage seed","id":5324,"quantity":4,"price":1}],"date":"Aug 30, 2022, 1:12:03 PM"}
{"name":"Hill Giant","level":28,"killCount":-1,"type":"NPC","drops":[{"name":"Big bones","id":532,"quantity":1,"price":251},{"name":"Grimy tarromin","id":203,"quantity":1,"price":82}],"date":"Aug 30, 2022, 1:12:08 PM"}
{"name":"Hill Giant","level":28,"killCount":-1,"type":"NPC","drops":[{"name":"Big bones","id":532,"quantity":1,"price":251},{"name":"Coins","id":995,"quantity":52,"price":1}],"date":"Aug 30, 2022, 1:12:12 PM"}
{"name":"Hill Giant","level":28,"killCount":-1,"type":"NPC","drops":[{"name":"Big bones","id":532,"quantity":1,"price":251},{"name":"Fire rune","id":554,"quantity":15,"price":4}],"date":"Aug 30, 2022, 1:12:21 PM"}
{"name":"Hill Giant","level":28,"killCount":-1,"type":"NPC","drops":[{"name":"Big bones","id":532,"quantity":1,"price":251},{"name":"Coins","id":995,"quantity":38,"price":1}],"date":"Aug 30, 2022, 1:12:24 PM"}
{"name":"Hill Giant","level":28,"killCount":-1,"type":"NPC","drops":[{"name":"Big bones","id":532,"quantity":1,"price":251},{"name":"Coins","id":995,"quantity":38,"price":1}],"date":"Aug 30, 2022, 1:12:27 PM"}
{"name":"Hill Giant","level":28,"killCount":-1,"type":"NPC","drops":[{"name":"Big bones","id":532,"quantity":1,"price":251},{"name":"Coins","id":995,"quantity":38,"price":1}],"date":"Aug 30, 2022, 1:12:34 PM"}
{"name":"Hill Giant","level":28,"killCount":-1,"type":"NPC","drops":[{"name":"Big bones","id":532,"quantity":1,"price":251},{"name":"Steel arrow","id":886,"quantity":10,"price":4}],"date":"Aug 30, 2022, 1:12:41 PM"}
{"name":"Hill Giant","level":28,"killCount":-1,"type":"NPC","drops":[{"name":"Big bones","id":532,"quantity":1,"price":251},{"name":"Coins","id":995,"quantity":38,"price":1}],"date":"Aug 30, 2022, 1:12:49 PM"}
{"name":"Hill Giant","level":28,"killCount":-1,"type":"NPC","drops":[{"name":"Big bones","id":532,"quantity":1,"price":251},{"name":"Iron arrow","id":884,"quantity":3,"price":2}],"date":"Aug 30, 2022, 1:12:55 PM"}
{"name":"Hill Giant","level":28,"killCount":-1,"type":"NPC","drops":[{"name":"Big bones","id":532,"quantity":1,"price":251},{"name":"Potato seed","id":5318,"quantity":4,"price":1}],"date":"Aug 30, 2022, 1:13:03 PM"}
{"name":"Hill Giant","level":28,"killCount":-1,"type":"NPC","drops":[{"name":"Big bones","id":532,"quantity":1,"price":251},{"name":"Law rune","id":563,"quantity":2,"price":120}],"date":"Aug 30, 2022, 1:13:11 PM"}
{"name":"Hill Giant","level":28,"killCount":-1,"type":"NPC","drops":[{"name":"Big bones","id":532,"quantity":1,"price":251},{"name":"Iron arrow","id":884,"quantity":3,"price":2}],"date":"Aug 30, 2022, 1:13:16 PM"}
{"name":"Hill Giant","level":28,"killCount":-1,"type":"NPC","drops":[{"name":"Big bones","id":532,"quantity":1,"price":251},{"name":"Iron kiteshield","id":1191,"quantity":1,"price":157}],"date":"Aug 30, 2022, 1:13:23 PM"}
{"name":"Hill Giant","level":28,"killCount":-1,"type":"NPC","drops":[{"name":"Big bones","id":532,"quantity":1,"price":251},{"name":"Ensouled giant head","id":13474,"quantity":1,"price":987},{"name":"Limpwurt root","id":225,"quantity":1,"price":678}],"date":"Aug 30, 2022, 1:13:32 PM"}
{"name":"Hill Giant","level":28,"killCount":-1,"type":"NPC","drops":[{"name":"Big bones","id":532,"quantity":1,"price":251},{"name":"Steel longsword","id":1295,"quantity":1,"price":321}],"date":"Aug 30, 2022, 1:13:36 PM"}
{"name":"Hill Giant","level":28,"killCount":-1,"type":"NPC","drops":[{"name":"Big bones","id":532,"quantity":1,"price":251},{"name":"Coins","id":995,"quantity":38,"price":1}],"date":"Aug 30, 2022, 1:13:37 PM"}
{"name":"Hill Giant","level":28,"killCount":-1,"type":"NPC","drops":[{"name":"Big bones","id":532,"quantity":1,"price":251},{"name":"Beer","id":1917,"quantity":1,"price":117}],"date":"Aug 30, 2022, 1:13:38 PM"}
{"name":"Hill Giant","level":28,"killCount":-1,"type":"NPC","drops":[{"name":"Big bones","id":532,"quantity":1,"price":251},{"name":"Potato seed","id":5318,"quantity":4,"price":1}],"date":"Aug 30, 2022, 1:13:44 PM"}
{"name":"Hill Giant","level":28,"killCount":-1,"type":"NPC","drops":[{"name":"Big bones","id":532,"quantity":1,"price":251},{"name":"Coins","id":995,"quantity":38,"price":1}],"date":"Aug 30, 2022, 1:13:50 PM"}
{"name":"Hill Giant","level":28,"killCount":-1,"type":"NPC","drops":[{"name":"Big bones","id":532,"quantity":1,"price":251},{"name":"Onion seed","id":5319,"quantity":4,"price":1}],"date":"Aug 30, 2022, 1:13:54 PM"}
{"name":"Hill Giant","level":28,"killCount":-1,"type":"NPC","drops":[{"name":"Big bones","id":532,"quantity":1,"price":251},{"name":"Iron arrow","id":884,"quantity":3,"price":2}],"date":"Aug 30, 2022, 1:14:03 PM"}
{"name":"Hill Giant","level":28,"killCount":-1,"type":"NPC","drops":[{"name":"Big bones","id":532,"quantity":1,"price":251},{"name":"Iron kiteshield","id":1191,"quantity":1,"price":157}],"date":"Aug 30, 2022, 1:14:08 PM"}
{"name":"Hill Giant","level":28,"killCount":-1,"type":"NPC","drops":[{"name":"Big bones","id":532,"quantity":1,"price":251},{"name":"Coins","id":995,"quantity":38,"price":1}],"date":"Aug 30, 2022, 1:14:13 PM"}
{"name":"Hill Giant","level":28,"killCount":-1,"type":"NPC","drops":[{"name":"Big bones","id":532,"quantity":1,"price":251},{"name":"Potato seed","id":5318,"quantity":4,"price":1}],"date":"Aug 30, 2022, 1:14:22 PM"}
{"name":"Hill Giant","level":28,"killCount":-1,"type":"NPC","drops":[{"name":"Big bones","id":532,"quantity":1,"price":251},{"name":"Mind rune","id":558,"quantity":3,"price":2}],"date":"Aug 30, 2022, 1:14:26 PM"}
{"name":"Hill Giant","level":28,"killCount":-1,"type":"NPC","drops":[{"name":"Big bones","id":532,"quantity":1,"price":251},{"name":"Water rune","id":555,"quantity":7,"price":4}],"date":"Aug 30, 2022, 1:14:29 PM"}
{"name":"Hill Giant","level":28,"killCount":-1,"type":"NPC","drops":[{"name":"Big bones","id":532,"quantity":1,"price":251},{"name":"Limpwurt root","id":225,"quantity":1,"price":678}],"date":"Aug 30, 2022, 1:14:36 PM"}
{"name":"Hill Giant","level":28,"killCount":-1,"type":"NPC","drops":[{"name":"Big bones","id":532,"quantity":1,"price":251},{"name":"Coins","id":995,"quantity":8,"price":1}],"date":"Aug 30, 2022, 1:14:44 PM"}
{"name":"Hill Giant","level":28,"killCount":-1,"type":"NPC","drops":[{"name":"Big bones","id":532,"quantity":1,"price":251},{"name":"Snape grass seed","id":22879,"quantity":2,"price":2407}],"date":"Aug 30, 2022, 1:14:47 PM"}
{"name":"Hill Giant","level":28,"killCount":-1,"type":"NPC","drops":[{"name":"Big bones","id":532,"quantity":1,"price":251},{"name":"Steel arrow","id":886,"quantity":10,"price":4}],"date":"Aug 30, 2022, 1:14:52 PM"}
{"name":"Hill Giant","level":28,"killCount":-1,"type":"NPC","drops":[{"name":"Big bones","id":532,"quantity":1,"price":251},{"name":"Coins","id":995,"quantity":52,"price":1}],"date":"Aug 30, 2022, 1:14:56 PM"}
{"name":"Hill Giant","level":28,"killCount":-1,"type":"NPC","drops":[{"name":"Big bones","id":532,"quantity":1,"price":251},{"name":"Cabbage seed","id":5324,"quantity":4,"price":1}],"date":"Aug 30, 2022, 1:15:01 PM"}
{"name":"Hill Giant","level":28,"killCount":-1,"type":"NPC","drops":[{"name":"Big bones","id":532,"quantity":1,"price":251},{"name":"Ensouled giant head","id":13474,"quantity":1,"price":987},{"name":"Coins","id":995,"quantity":52,"price":1}],"date":"Aug 30, 2022, 1:15:08 PM"}
{"name":"Hill Giant","level":28,"killCount":-1,"type":"NPC","drops":[{"name":"Big bones","id":532,"quantity":1,"price":251},{"name":"Ensouled giant head","id":13474,"quantity":1,"price":987},{"name":"Coins","id":995,"quantity":15,"price":1}],"date":"Aug 30, 2022, 1:15:17 PM"}
{"name":"Hill Giant","level":28,"killCount":-1,"type":"NPC","drops":[{"name":"Big bones","id":532,"quantity":1,"price":251},{"name":"Coins","id":995,"quantity":38,"price":1}],"date":"Aug 30, 2022, 1:15:21 PM"}
{"name":"Hill Giant","level":28,"killCount":-1,"type":"NPC","drops":[{"name":"Big bones","id":532,"quantity":1,"price":251},{"name":"Iron arrow","id":884,"quantity":3,"price":2}],"date":"Aug 30, 2022, 1:15:28 PM"}
{"name":"Hill Giant","level":28,"killCount":-1,"type":"NPC","drops":[{"name":"Big bones","id":532,"quantity":1,"price":251},{"name":"Coins","id":995,"quantity":38,"price":1}],"date":"Aug 30, 2022, 1:15:31 PM"}
{"name":"Hill Giant","level":28,"killCount":-1,"type":"NPC","drops":[{"name":"Big bones","id":532,"quantity":1,"price":251},{"name":"Cabbage seed","id":5324,"quantity":4,"price":1}],"date":"Aug 30, 2022, 1:15:35 PM"}
{"name":"Hill Giant","level":28,"killCount":-1,"type":"NPC","drops":[{"name":"Big bones","id":532,"quantity":1,"price":251},{"name":"Coins","id":995,"quantity":88,"price":1}],"date":"Aug 30, 2022, 1:15:43 PM"}
{"name":"Hill Giant","level":28,"killCount":-1,"type":"NPC","drops":[{"name":"Big bones","id":532,"quantity":1,"price":251},{"name":"Law rune","id":563,"quantity":2,"price":120}],"date":"Aug 30, 2022, 1:15:49 PM"}
{"name":"Hill Giant","level":28,"killCount":-1,"type":"NPC","drops":[{"name":"Big bones","id":532,"quantity":1,"price":251},{"name":"Mind rune","id":558,"quantity":3,"price":2}],"date":"Aug 30, 2022, 1:15:52 PM"}
{"name":"Hill Giant","level":28,"killCount":-1,"type":"NPC","drops":[{"name":"Big bones","id":532,"quantity":1,"price":251},{"name":"Coins","id":995,"quantity":38,"price":1}],"date":"Aug 30, 2022, 1:15:55 PM"}
{"name":"Hill Giant","level":28,"killCount":-1,"type":"NPC","drops":[{"name":"Big bones","id":532,"quantity":1,"price":251},{"name":"Limpwurt root","id":225,"quantity":1,"price":678}],"date":"Aug 30, 2022, 1:15:58 PM"}
{"name":"Hill Giant","level":28,"killCount":-1,"type":"NPC","drops":[{"name":"Big bones","id":532,"quantity":1,"price":251},{"name":"Coins","id":995,"quantity":15,"price":1}],"date":"Aug 30, 2022, 1:16:00 PM"}
{"name":"Hill Giant","level":28,"killCount":-1,"type":"NPC","drops":[{"name":"Big bones","id":532,"quantity":1,"price":251},{"name":"Grimy cadantine","id":215,"quantity":1,"price":1228}],"date":"Aug 30, 2022, 1:16:06 PM"}
{"name":"Hill Giant","level":28,"killCount":-1,"type":"NPC","drops":[{"name":"Big bones","id":532,"quantity":1,"price":251},{"name":"Strawberry seed","id":5323,"quantity":2,"price":6}],"date":"Aug 30, 2022, 1:16:11 PM"}
{"name":"Hill Giant","level":28,"killCount":-1,"type":"NPC","drops":[{"name":"Big bones","id":532,"quantity":1,"price":251},{"name":"Nature rune","id":561,"quantity":6,"price":174}],"date":"Aug 30, 2022, 1:16:20 PM"}
{"name":"Hill Giant","level":28,"killCount":-1,"type":"NPC","drops":[{"name":"Big bones","id":532,"quantity":1,"price":251},{"name":"Limpwurt root","id":225,"quantity":1,"price":678}],"date":"Aug 30, 2022, 1:16:28 PM"}
{"name":"Hill Giant","level":28,"killCount":-1,"type":"NPC","drops":[{"name":"Big bones","id":532,"quantity":1,"price":251},{"name":"Coins","id":995,"quantity":52,"price":1}],"date":"Aug 30, 2022, 1:16:32 PM"}
{"name":"Hill Giant","level":28,"killCount":-1,"type":"NPC","drops":[{"name":"Big bones","id":532,"quantity":1,"price":251},{"name":"Coins","id":995,"quantity":15,"price":1}],"date":"Aug 30, 2022, 1:16:39 PM"}
{"name":"Hill Giant","level":28,"killCount":-1,"type":"NPC","drops":[{"name":"Big bones","id":532,"quantity":1,"price":251},{"name":"Coins","id":995,"quantity":15,"price":1}],"date":"Aug 30, 2022, 1:16:47 PM"}
{"name":"Hill Giant","level":28,"killCount":-1,"type":"NPC","drops":[{"name":"Big bones","id":532,"quantity":1,"price":251},{"name":"Coins","id":995,"quantity":38,"price":1}],"date":"Aug 30, 2022, 1:16:53 PM"}
{"name":"Hill Giant","level":28,"killCount":-1,"type":"NPC","drops":[{"name":"Big bones","id":532,"quantity":1,"price":251},{"name":"Coins","id":995,"quantity":52,"price":1}],"date":"Aug 30, 2022, 1:16:57 PM"}
{"name":"Hill Giant","level":28,"killCount":-1,"type":"NPC","drops":[{"name":"Big bones","id":532,"quantity":1,"price":251},{"name":"Dark totem top","id":19683,"quantity":1,"price":0},{"name":"Limpwurt root","id":225,"quantity":1,"price":678}],"date":"Aug 30, 2022, 1:17:10 PM"}
{"name":"Hill Giant","level":28,"killCount":-1,"type":"NPC","drops":[{"name":"Big bones","id":532,"quantity":1,"price":251},{"name":"Iron dagger","id":1203,"quantity":1,"price":93}],"date":"Aug 30, 2022, 1:17:14 PM"}
{"name":"Hill Giant","level":28,"killCount":-1,"type":"NPC","drops":[{"name":"Big bones","id":532,"quantity":1,"price":251},{"name":"Limpwurt root","id":225,"quantity":1,"price":678}],"date":"Aug 30, 2022, 1:17:21 PM"}
{"name":"Hill Giant","level":28,"killCount":-1,"type":"NPC","drops":[{"name":"Big bones","id":532,"quantity":1,"price":251},{"name":"Limpwurt root","id":225,"quantity":1,"price":678}],"date":"Aug 30, 2022, 1:17:24 PM"}
{"name":"Hill Giant","level":28,"killCount":-1,"type":"NPC","drops":[{"name":"Big bones","id":532,"quantity":1,"price":251},{"name":"Coins","id":995,"quantity":8,"price":1}],"date":"Aug 30, 2022, 1:17:29 PM"}
{"name":"Hill Giant","level":28,"killCount":-1,"type":"NPC","drops":[{"name":"Big bones","id":532,"quantity":1,"price":251},{"name":"Law rune","id":563,"quantity":2,"price":120}],"date":"Aug 30, 2022, 1:17:54 PM"}
{"name":"Hill Giant","level":28,"killCount":-1,"type":"NPC","drops":[{"name":"Big bones","id":532,"quantity":1,"price":251},{"name":"Cosmic rune","id":564,"quantity":2,"price":109}],"date":"Aug 30, 2022, 1:18:06 PM"}
{"name":"Hill Giant","level":28,"killCount":-1,"type":"NPC","drops":[{"name":"Big bones","id":532,"quantity":1,"price":251},{"name":"Coins","id":995,"quantity":8,"price":1}],"date":"Aug 30, 2022, 1:18:22 PM"}
{"name":"Hill Giant","level":28,"killCount":-1,"type":"NPC","drops":[{"name":"Big bones","id":532,"quantity":1,"price":251},{"name":"Limpwurt root","id":225,"quantity":1,"price":678}],"date":"Aug 30, 2022, 1:18:31 PM"}
{"name":"Hill Giant","level":28,"killCount":-1,"type":"NPC","drops":[{"name":"Big bones","id":532,"quantity":1,"price":251},{"name":"Coins","id":995,"quantity":38,"price":1}],"date":"Aug 30, 2022, 1:19:05 PM"}
{"name":"Hill Giant","level":28,"killCount":-1,"type":"NPC","drops":[{"name":"Big bones","id":532,"quantity":1,"price":251},{"name":"Beer","id":1917,"quantity":1,"price":117}],"date":"Aug 30, 2022, 1:19:11 PM"}
{"name":"Hill Giant","level":28,"killCount":-1,"type":"NPC","drops":[{"name":"Big bones","id":532,"quantity":1,"price":251},{"name":"Coins","id":995,"quantity":38,"price":1}],"date":"Aug 30, 2022, 1:19:15 PM"}
{"name":"Hill Giant","level":28,"killCount":-1,"type":"NPC","drops":[{"name":"Big bones","id":532,"quantity":1,"price":251},{"name":"Limpwurt root","id":225,"quantity":1,"price":678}],"date":"Aug 30, 2022, 1:19:17 PM"}
{"name":"Hill Giant","level":28,"killCount":-1,"type":"NPC","drops":[{"name":"Big bones","id":532,"quantity":1,"price":251},{"name":"Iron kiteshield","id":1191,"quantity":1,"price":157}],"date":"Aug 30, 2022, 1:19:19 PM"}
{"name":"Hill Giant","level":28,"killCount":-1,"type":"NPC","drops":[{"name":"Big bones","id":532,"quantity":1,"price":251},{"name":"Limpwurt root","id":225,"quantity":1,"price":678}],"date":"Aug 30, 2022, 1:19:23 PM"}
{"name":"Hill Giant","level":28,"killCount":-1,"type":"NPC","drops":[{"name":"Big bones","id":532,"quantity":1,"price":251},{"name":"Coins","id":995,"quantity":8,"price":1}],"date":"Aug 30, 2022, 1:19:29 PM"}
{"name":"Hill Giant","level":28,"killCount":-1,"type":"NPC","drops":[{"name":"Big bones","id":532,"quantity":1,"price":251},{"name":"Steel arrow","id":886,"quantity":10,"price":4}],"date":"Aug 30, 2022, 1:19:38 PM"}
{"name":"Hill Giant","level":28,"killCount":-1,"type":"NPC","drops":[{"name":"Big bones","id":532,"quantity":1,"price":251},{"name":"Coins","id":995,"quantity":8,"price":1}],"date":"Aug 30, 2022, 1:19:44 PM"}
{"name":"Hill Giant","level":28,"killCount":-1,"type":"NPC","drops":[{"name":"Big bones","id":532,"quantity":1,"price":251},{"name":"Tomato seed","id":5322,"quantity":3,"price":1}],"date":"Aug 30, 2022, 1:19:44 PM"}
{"name":"Hill Giant","level":28,"killCount":-1,"type":"NPC","drops":[{"name":"Big bones","id":532,"quantity":1,"price":251},{"name":"Steel arrow","id":886,"quantity":10,"price":4}],"date":"Aug 30, 2022, 1:19:45 PM"}
{"name":"Hill Giant","level":28,"killCount":-1,"type":"NPC","drops":[{"name":"Big bones","id":532,"quantity":1,"price":251},{"name":"Coins","id":995,"quantity":15,"price":1}],"date":"Aug 30, 2022, 1:19:49 PM"}
{"name":"Hill Giant","level":28,"killCount":-1,"type":"NPC","drops":[{"name":"Big bones","id":532,"quantity":1,"price":251},{"name":"Ensouled giant head","id":13474,"quantity":1,"price":987},{"name":"Steel longsword","id":1295,"quantity":1,"price":321}],"date":"Aug 30, 2022, 1:19:56 PM"}
{"name":"Hill Giant","level":28,"killCount":-1,"type":"NPC","drops":[{"name":"Big bones","id":532,"quantity":1,"price":251},{"name":"Coins","id":995,"quantity":52,"price":1}],"date":"Aug 30, 2022, 1:20:04 PM"}
{"name":"Hill Giant","level":28,"killCount":-1,"type":"NPC","drops":[{"name":"Big bones","id":532,"quantity":1,"price":251},{"name":"Onion seed","id":5319,"quantity":4,"price":1}],"date":"Aug 30, 2022, 1:20:13 PM"}
{"name":"Hill Giant","level":28,"killCount":-1,"type":"NPC","drops":[{"name":"Big bones","id":532,"quantity":1,"price":251},{"name":"Giant key","id":20754,"quantity":1,"price":0}],"date":"Aug 30, 2022, 1:20:15 PM"}
{"name":"Hill Giant","level":28,"killCount":-1,"type":"NPC","drops":[{"name":"Big bones","id":532,"quantity":1,"price":251},{"name":"Coins","id":995,"quantity":8,"price":1}],"date":"Aug 30, 2022, 1:20:18 PM"}
{"name":"Hill Giant","level":28,"killCount":-1,"type":"NPC","drops":[{"name":"Big bones","id":532,"quantity":1,"price":251},{"name":"Onion seed","id":5319,"quantity":4,"price":1}],"date":"Aug 30, 2022, 1:20:20 PM"}
{"name":"Hill Giant","level":28,"killCount":-1,"type":"NPC","drops":[{"name":"Big bones","id":532,"quantity":1,"price":251},{"name":"Iron dagger","id":1203,"quantity":1,"price":93}],"date":"Aug 30, 2022, 1:20:25 PM"}
{"name":"Hill Giant","level":28,"killCount":-1,"type":"NPC","drops":[{"name":"Big bones","id":532,"quantity":1,"price":251},{"name":"Coins","id":995,"quantity":38,"price":1}],"date":"Aug 30, 2022, 1:20:34 PM"}
{"name":"Hill Giant","level":28,"killCount":-1,"type":"NPC","drops":[{"name":"Key (medium)","id":19761,"quantity":1,"price":0},{"name":"Big bones","id":532,"quantity":1,"price":230},{"name":"Grimy guam leaf","id":199,"quantity":1,"price":34}],"date":"Sep 18, 2022, 10:29:10 PM"}
