{"name":"Hobgoblin","level":47,"killCount":-1,"type":"NPC","drops":[{"name":"Bones","id":526,"quantity":1,"price":76},{"name":"Coins","id":995,"quantity":15,"price":1}],"date":"Dec 14, 2022, 10:25:30 PM"}
{"name":"Hobgoblin","level":47,"killCount":-1,"type":"NPC","drops":[{"name":"Bones","id":526,"quantity":1,"price":76},{"name":"Limpwurt seed","id":5100,"quantity":1,"price":18}],"date":"Dec 14, 2022, 10:25:34 PM"}
{"name":"Hobgoblin","level":47,"killCount":-1,"type":"NPC","drops":[{"name":"Bones","id":526,"quantity":1,"price":76},{"name":"Goblin mail","id":288,"quantity":1,"price":530}],"date":"Dec 14, 2022, 10:27:08 PM"}
{"name":"Hobgoblin","level":47,"killCount":-1,"type":"NPC","drops":[{"name":"Bones","id":526,"quantity":1,"price":76},{"name":"Coins","id":995,"quantity":15,"price":1}],"date":"Dec 14, 2022, 10:28:36 PM"}
{"name":"Hobgoblin","level":47,"killCount":-1,"type":"NPC","drops":[{"name":"Bones","id":526,"quantity":1,"price":76},{"name":"Coins","id":995,"quantity":15,"price":1}],"date":"Dec 14, 2022, 10:39:46 PM"}
{"name":"Hobgoblin","level":47,"killCount":-1,"type":"NPC","drops":[{"name":"Bones","id":526,"quantity":1,"price":76},{"name":"Coins","id":995,"quantity":5,"price":1}],"date":"Dec 14, 2022, 10:39:57 PM"}
{"name":"Hobgoblin","level":47,"killCount":-1,"type":"NPC","drops":[{"name":"Bones","id":526,"quantity":1,"price":76},{"name":"Coins","id":995,"quantity":62,"price":1}],"date":"Dec 14, 2022, 10:40:52 PM"}
{"name":"Hobgoblin","level":47,"killCount":-1,"type":"NPC","drops":[{"name":"Bones","id":526,"quantity":1,"price":76},{"name":"Coins","id":995,"quantity":1,"price":1}],"date":"Dec 14, 2022, 10:41:24 PM"}
{"name":"Hobgoblin","level":47,"killCount":-1,"type":"NPC","drops":[{"name":"Bones","id":526,"quantity":1,"price":76},{"name":"Coins","id":995,"quantity":15,"price":1}],"date":"Dec 14, 2022, 10:41:35 PM"}
{"name":"Hobgoblin","level":47,"killCount":-1,"type":"NPC","drops":[{"name":"Bones","id":526,"quantity":1,"price":76},{"name":"Limpwurt root","id":225,"quantity":1,"price":617}],"date":"Dec 14, 2022, 10:48:03 PM"}
{"name":"Hobgoblin","level":47,"killCount":-1,"type":"NPC","drops":[{"name":"Bones","id":526,"quantity":1,"price":76},{"name":"Limpwurt root","id":225,"quantity":1,"price":617}],"date":"Dec 14, 2022, 10:50:28 PM"}
{"name":"Hobgoblin","level":47,"killCount":-1,"type":"NPC","drops":[{"name":"Bones","id":526,"quantity":1,"price":76},{"name":"Water rune","id":555,"quantity":2,"price":5}],"date":"Dec 14, 2022, 10:51:06 PM"}
{"name":"Hobgoblin","level":47,"killCount":-1,"type":"NPC","drops":[{"name":"Bones","id":526,"quantity":1,"price":76},{"name":"Coins","id":995,"quantity":15,"price":1}],"date":"Dec 14, 2022, 10:51:16 PM"}
{"name":"Hobgoblin","level":47,"killCount":-1,"type":"NPC","drops":[{"name":"Bones","id":526,"quantity":1,"price":76},{"name":"Coins","id":995,"quantity":15,"price":1}],"date":"Dec 14, 2022, 10:51:25 PM"}
{"name":"Hobgoblin","level":47,"killCount":-1,"type":"NPC","drops":[{"name":"Bones","id":526,"quantity":1,"price":76},{"name":"Coins","id":995,"quantity":15,"price":1}],"date":"Dec 14, 2022, 10:51:35 PM"}
{"name":"Hobgoblin","level":47,"killCount":-1,"type":"NPC","drops":[{"name":"Bones","id":526,"quantity":1,"price":76},{"name":"Coins","id":995,"quantity":5,"price":1}],"date":"Dec 14, 2022, 10:51:51 PM"}
{"name":"Hobgoblin","level":47,"killCount":-1,"type":"NPC","drops":[{"name":"Bones","id":526,"quantity":1,"price":76},{"name":"Jangerberry seed","id":5104,"quantity":1,"price":2}],"date":"Dec 14, 2022, 10:52:25 PM"}
{"name":"Hobgoblin","level":47,"killCount":-1,"type":"NPC","drops":[{"name":"Bones","id":526,"quantity":1,"price":76},{"name":"Coins","id":995,"quantity":42,"price":1}],"date":"Dec 14, 2022, 10:52:31 PM"}
{"name":"Hobgoblin","level":47,"killCount":-1,"type":"NPC","drops":[{"name":"Bones","id":526,"quantity":1,"price":76},{"name":"Chaos rune","id":562,"quantity":3,"price":84}],"date":"Dec 14, 2022, 10:52:43 PM"}
{"name":"Hobgoblin","level":47,"killCount":-1,"type":"NPC","drops":[{"name":"Bones","id":526,"quantity":1,"price":75},{"name":"Limpwurt root","id":225,"quantity":1,"price":621}],"date":"Dec 21, 2022, 11:15:53 PM"}
{"name":"Hobgoblin","level":47,"killCount":-1,"type":"NPC","drops":[{"name":"Bones","id":526,"quantity":1,"price":75},{"name":"Limpwurt root","id":225,"quantity":1,"price":621}],"date":"Dec 21, 2022, 11:18:46 PM"}
{"name":"Hobgoblin","level":47,"killCount":-1,"type":"NPC","drops":[{"name":"Bones","id":526,"quantity":1,"price":77},{"name":"Coins","id":995,"quantity":15,"price":1}],"date":"Dec 22, 2022, 11:43:53 AM"}
{"name":"Hobgoblin","level":47,"killCount":-1,"type":"NPC","drops":[{"name":"Bones","id":526,"quantity":1,"price":77},{"name":"Coins","id":995,"quantity":5,"price":1}],"date":"Dec 22, 2022, 11:44:03 AM"}
{"name":"Hobgoblin","level":47,"killCount":-1,"type":"NPC","drops":[{"name":"Bones","id":526,"quantity":1,"price":77},{"name":"Water rune","id":555,"quantity":2,"price":5}],"date":"Dec 22, 2022, 11:44:29 AM"}
{"name":"Hobgoblin","level":47,"killCount":-1,"type":"NPC","drops":[{"name":"Bones","id":526,"quantity":1,"price":77},{"name":"Uncut emerald","id":1621,"quantity":1,"price":490}],"date":"Dec 22, 2022, 11:44:43 AM"}
{"name":"Hobgoblin","level":47,"killCount":-1,"type":"NPC","drops":[{"name":"Bones","id":526,"quantity":1,"price":77},{"name":"Limpwurt root","id":225,"quantity":1,"price":621}],"date":"Dec 22, 2022, 11:44:58 AM"}
{"name":"Hobgoblin","level":47,"killCount":-1,"type":"NPC","drops":[{"name":"Bones","id":526,"quantity":1,"price":77},{"name":"Grimy avantoe","id":211,"quantity":1,"price":2865}],"date":"Dec 22, 2022, 12:28:00 PM"}
{"name":"Hobgoblin","level":47,"killCount":-1,"type":"NPC","drops":[{"name":"Bones","id":526,"quantity":1,"price":77},{"name":"Limpwurt root","id":225,"quantity":1,"price":621}],"date":"Dec 22, 2022, 12:28:22 PM"}
{"name":"Hobgoblin","level":47,"killCount":-1,"type":"NPC","drops":[{"name":"Bones","id":526,"quantity":1,"price":77},{"name":"Limpwurt root","id":225,"quantity":1,"price":621}],"date":"Dec 22, 2022, 12:29:07 PM"}
{"name":"Hobgoblin","level":47,"killCount":-1,"type":"NPC","drops":[{"name":"Bones","id":526,"quantity":1,"price":77},{"name":"Grimy irit leaf","id":209,"quantity":1,"price":826}],"date":"Dec 22, 2022, 12:29:18 PM"}
{"name":"Hobgoblin","level":47,"killCount":-1,"type":"NPC","drops":[{"name":"Bones","id":526,"quantity":1,"price":77},{"name":"Law rune","id":563,"quantity":2,"price":125}],"date":"Dec 22, 2022, 12:29:47 PM"}
{"name":"Hobgoblin","level":47,"killCount":-1,"type":"NPC","drops":[{"name":"Bones","id":526,"quantity":1,"price":77},{"name":"Limpwurt root","id":225,"quantity":1,"price":621}],"date":"Dec 22, 2022, 12:30:06 PM"}
{"name":"Hobgoblin","level":47,"killCount":-1,"type":"NPC","drops":[{"name":"Bones","id":526,"quantity":1,"price":77},{"name":"Grimy irit leaf","id":209,"quantity":1,"price":826}],"date":"Dec 22, 2022, 12:30:18 PM"}
{"name":"Hobgoblin","level":47,"killCount":-1,"type":"NPC","drops":[{"name":"Bones","id":526,"quantity":1,"price":77},{"name":"Steel longsword","id":1295,"quantity":1,"price":184}],"date":"Dec 22, 2022, 12:30:30 PM"}
{"name":"Hobgoblin","level":47,"killCount":-1,"type":"NPC","drops":[{"name":"Bones","id":526,"quantity":1,"price":77},{"name":"Coins","id":995,"quantity":15,"price":1}],"date":"Dec 22, 2022, 12:51:39 PM"}
{"name":"Hobgoblin","level":47,"killCount":-1,"type":"NPC","drops":[{"name":"Bones","id":526,"quantity":1,"price":77},{"name":"Iron sword","id":1279,"quantity":1,"price":96}],"date":"Dec 22, 2022, 12:52:12 PM"}
{"name":"Hobgoblin","level":47,"killCount":-1,"type":"NPC","drops":[{"name":"Bones","id":526,"quantity":1,"price":77},{"name":"Coins","id":995,"quantity":1,"price":1}],"date":"Dec 22, 2022, 12:52:19 PM"}
{"name":"Hobgoblin","level":47,"killCount":-1,"type":"NPC","drops":[{"name":"Bones","id":526,"quantity":1,"price":77},{"name":"Coins","id":995,"quantity":5,"price":1}],"date":"Dec 22, 2022, 12:52:57 PM"}
{"name":"Hobgoblin","level":47,"killCount":-1,"type":"NPC","drops":[{"name":"Bones","id":526,"quantity":1,"price":77},{"name":"Coins","id":995,"quantity":5,"price":1}],"date":"Dec 22, 2022, 12:53:30 PM"}
{"name":"Hobgoblin","level":47,"killCount":-1,"type":"NPC","drops":[{"name":"Bones","id":526,"quantity":1,"price":77},{"name":"Limpwurt root","id":225,"quantity":1,"price":621}],"date":"Dec 22, 2022, 12:54:20 PM"}
{"name":"Hobgoblin","level":47,"killCount":-1,"type":"NPC","drops":[{"name":"Bones","id":526,"quantity":1,"price":77},{"name":"Grimy ranarr weed","id":207,"quantity":1,"price":6854}],"date":"Dec 22, 2022, 12:54:29 PM"}
{"name":"Hobgoblin","level":47,"killCount":-1,"type":"NPC","drops":[{"name":"Bones","id":526,"quantity":1,"price":77},{"name":"Limpwurt root","id":225,"quantity":1,"price":621}],"date":"Dec 22, 2022, 12:54:32 PM"}
{"name":"Hobgoblin","level":47,"killCount":-1,"type":"NPC","drops":[{"name":"Bones","id":526,"quantity":1,"price":77},{"name":"Coins","id":995,"quantity":5,"price":1}],"date":"Dec 22, 2022, 12:54:43 PM"}
{"name":"Hobgoblin","level":47,"killCount":-1,"type":"NPC","drops":[{"name":"Bones","id":526,"quantity":1,"price":77},{"name":"Coins","id":995,"quantity":15,"price":1}],"date":"Dec 22, 2022, 1:36:21 PM"}
{"name":"Hobgoblin","level":47,"killCount":-1,"type":"NPC","drops":[{"name":"Bones","id":526,"quantity":1,"price":77},{"name":"Coins","id":995,"quantity":15,"price":1}],"date":"Dec 22, 2022, 1:37:57 PM"}
{"name":"Hobgoblin","level":47,"killCount":-1,"type":"NPC","drops":[{"name":"Bones","id":526,"quantity":1,"price":77},{"name":"Coins","id":995,"quantity":15,"price":1}],"date":"Dec 22, 2022, 2:12:29 PM"}
{"name":"Hobgoblin","level":47,"killCount":-1,"type":"NPC","drops":[{"name":"Bones","id":526,"quantity":1,"price":77},{"name":"Coins","id":995,"quantity":15,"price":1}],"date":"Dec 22, 2022, 2:12:41 PM"}
{"name":"Hobgoblin","level":47,"killCount":-1,"type":"NPC","drops":[{"name":"Bones","id":526,"quantity":1,"price":77},{"name":"Limpwurt root","id":225,"quantity":1,"price":621}],"date":"Dec 22, 2022, 2:12:58 PM"}
{"name":"Hobgoblin","level":47,"killCount":-1,"type":"NPC","drops":[{"name":"Bones","id":526,"quantity":1,"price":77},{"name":"Coins","id":995,"quantity":5,"price":1}],"date":"Dec 22, 2022, 2:13:10 PM"}
{"name":"Hobgoblin","level":47,"killCount":-1,"type":"NPC","drops":[{"name":"Bones","id":526,"quantity":1,"price":77},{"name":"Coins","id":995,"quantity":1,"price":1}],"date":"Dec 22, 2022, 2:13:17 PM"}
{"name":"Hobgoblin","level":47,"killCount":-1,"type":"NPC","drops":[{"name":"Bones","id":526,"quantity":1,"price":77},{"name":"Iron sword","id":1279,"quantity":1,"price":96}],"date":"Dec 22, 2022, 2:13:58 PM"}
{"name":"Hobgoblin","level":47,"killCount":-1,"type":"NPC","drops":[{"name":"Bones","id":526,"quantity":1,"price":77},{"name":"Coins","id":995,"quantity":15,"price":1}],"date":"Dec 22, 2022, 2:13:58 PM"}
{"name":"Hobgoblin","level":47,"killCount":-1,"type":"NPC","drops":[{"name":"Bones","id":526,"quantity":1,"price":77},{"name":"Body rune","id":559,"quantity":6,"price":6}],"date":"Dec 22, 2022, 2:14:00 PM"}
{"name":"Hobgoblin","level":47,"killCount":-1,"type":"NPC","drops":[{"name":"Bones","id":526,"quantity":1,"price":77},{"name":"Coins","id":995,"quantity":28,"price":1}],"date":"Dec 22, 2022, 2:14:33 PM"}
{"name":"Hobgoblin","level":47,"killCount":-1,"type":"NPC","drops":[{"name":"Bones","id":526,"quantity":1,"price":77},{"name":"Coins","id":995,"quantity":62,"price":1}],"date":"Dec 22, 2022, 3:07:58 PM"}
{"name":"Hobgoblin","level":47,"killCount":-1,"type":"NPC","drops":[{"name":"Bones","id":526,"quantity":1,"price":77},{"name":"Nature rune","id":561,"quantity":4,"price":118}],"date":"Dec 22, 2022, 3:08:13 PM"}
{"name":"Hobgoblin","level":47,"killCount":-1,"type":"NPC","drops":[{"name":"Bones","id":526,"quantity":1,"price":77},{"name":"Steel dagger","id":1207,"quantity":1,"price":72}],"date":"Dec 22, 2022, 3:08:42 PM"}
{"name":"Hobgoblin","level":47,"killCount":-1,"type":"NPC","drops":[{"name":"Bones","id":526,"quantity":1,"price":77},{"name":"Law rune","id":563,"quantity":2,"price":125}],"date":"Dec 22, 2022, 3:08:51 PM"}
{"name":"Hobgoblin","level":47,"killCount":-1,"type":"NPC","drops":[{"name":"Bones","id":526,"quantity":1,"price":77},{"name":"Limpwurt root","id":225,"quantity":1,"price":621}],"date":"Dec 22, 2022, 6:26:09 PM"}
{"name":"Hobgoblin","level":47,"killCount":-1,"type":"NPC","drops":[{"name":"Bones","id":526,"quantity":1,"price":77},{"name":"Coins","id":995,"quantity":5,"price":1}],"date":"Dec 22, 2022, 6:26:21 PM"}
{"name":"Hobgoblin","level":47,"killCount":-1,"type":"NPC","drops":[{"name":"Bones","id":526,"quantity":1,"price":77},{"name":"Coins","id":995,"quantity":28,"price":1}],"date":"Dec 22, 2022, 6:26:54 PM"}
{"name":"Hobgoblin","level":47,"killCount":-1,"type":"NPC","drops":[{"name":"Bones","id":526,"quantity":1,"price":77},{"name":"Limpwurt root","id":225,"quantity":1,"price":621}],"date":"Dec 22, 2022, 6:27:08 PM"}
{"name":"Hobgoblin","level":47,"killCount":-1,"type":"NPC","drops":[{"name":"Bones","id":526,"quantity":1,"price":77},{"name":"Limpwurt root","id":225,"quantity":1,"price":621}],"date":"Dec 22, 2022, 6:27:31 PM"}
{"name":"Hobgoblin","level":47,"killCount":-1,"type":"NPC","drops":[{"name":"Bones","id":526,"quantity":1,"price":77},{"name":"Body rune","id":559,"quantity":6,"price":6}],"date":"Dec 22, 2022, 6:28:17 PM"}
{"name":"Hobgoblin","level":47,"killCount":-1,"type":"NPC","drops":[{"name":"Bones","id":526,"quantity":1,"price":77},{"name":"Coins","id":995,"quantity":15,"price":1}],"date":"Dec 22, 2022, 6:29:00 PM"}
{"name":"Hobgoblin","level":47,"killCount":-1,"type":"NPC","drops":[{"name":"Bones","id":526,"quantity":1,"price":77},{"name":"Limpwurt root","id":225,"quantity":1,"price":621}],"date":"Dec 22, 2022, 6:29:35 PM"}
{"name":"Hobgoblin","level":47,"killCount":-1,"type":"NPC","drops":[{"name":"Bones","id":526,"quantity":1,"price":77},{"name":"Coins","id":995,"quantity":15,"price":1}],"date":"Dec 22, 2022, 9:39:52 PM"}
{"name":"Hobgoblin","level":47,"killCount":-1,"type":"NPC","drops":[{"name":"Bones","id":526,"quantity":1,"price":77},{"name":"Steel dagger","id":1207,"quantity":1,"price":72}],"date":"Dec 22, 2022, 9:39:55 PM"}
{"name":"Hobgoblin","level":47,"killCount":-1,"type":"NPC","drops":[{"name":"Bones","id":526,"quantity":1,"price":77},{"name":"Coins","id":995,"quantity":42,"price":1}],"date":"Dec 22, 2022, 9:40:27 PM"}
{"name":"Hobgoblin","level":47,"killCount":-1,"type":"NPC","drops":[{"name":"Bones","id":526,"quantity":1,"price":77},{"name":"Limpwurt root","id":225,"quantity":1,"price":621}],"date":"Dec 22, 2022, 9:40:55 PM"}
{"name":"Hobgoblin","level":47,"killCount":-1,"type":"NPC","drops":[{"name":"Bones","id":526,"quantity":1,"price":77},{"name":"Grimy guam leaf","id":199,"quantity":1,"price":44}],"date":"Dec 22, 2022, 9:40:59 PM"}
{"name":"Hobgoblin","level":47,"killCount":-1,"type":"NPC","drops":[{"name":"Bones","id":526,"quantity":1,"price":77},{"name":"Limpwurt root","id":225,"quantity":1,"price":621}],"date":"Dec 22, 2022, 9:41:34 PM"}
{"name":"Hobgoblin","level":47,"killCount":-1,"type":"NPC","drops":[{"name":"Bones","id":526,"quantity":1,"price":77},{"name":"Limpwurt root","id":225,"quantity":1,"price":621}],"date":"Dec 22, 2022, 9:42:19 PM"}
{"name":"Hobgoblin","level":47,"killCount":-1,"type":"NPC","drops":[{"name":"Bones","id":526,"quantity":1,"price":77},{"name":"Limpwurt root","id":225,"quantity":1,"price":621}],"date":"Dec 22, 2022, 9:42:29 PM"}
{"name":"Hobgoblin","level":47,"killCount":-1,"type":"NPC","drops":[{"name":"Bones","id":526,"quantity":1,"price":77},{"name":"Grimy harralander","id":205,"quantity":1,"price":608}],"date":"Dec 22, 2022, 9:43:14 PM"}
{"name":"Hobgoblin","level":47,"killCount":-1,"type":"NPC","drops":[{"name":"Bones","id":526,"quantity":1,"price":77},{"name":"Coins","id":995,"quantity":15,"price":1}],"date":"Dec 22, 2022, 10:01:34 PM"}
{"name":"Hobgoblin","level":47,"killCount":-1,"type":"NPC","drops":[{"name":"Bones","id":526,"quantity":1,"price":77},{"name":"Chaos rune","id":562,"quantity":3,"price":75}],"date":"Dec 22, 2022, 10:02:12 PM"}
{"name":"Hobgoblin","level":47,"killCount":-1,"type":"NPC","drops":[{"name":"Bones","id":526,"quantity":1,"price":77},{"name":"Coins","id":995,"quantity":15,"price":1}],"date":"Dec 22, 2022, 10:02:23 PM"}
{"name":"Hobgoblin","level":47,"killCount":-1,"type":"NPC","drops":[{"name":"Bones","id":526,"quantity":1,"price":77},{"name":"Limpwurt root","id":225,"quantity":1,"price":621}],"date":"Dec 22, 2022, 10:03:02 PM"}
{"name":"Hobgoblin","level":47,"killCount":-1,"type":"NPC","drops":[{"name":"Bones","id":526,"quantity":1,"price":77},{"name":"Coins","id":995,"quantity":15,"price":1}],"date":"Dec 22, 2022, 10:03:41 PM"}
{"name":"Hobgoblin","level":47,"killCount":-1,"type":"NPC","drops":[{"name":"Bones","id":526,"quantity":1,"price":77},{"name":"Coins","id":995,"quantity":62,"price":1}],"date":"Dec 22, 2022, 10:03:50 PM"}
{"name":"Hobgoblin","level":47,"killCount":-1,"type":"NPC","drops":[{"name":"Bones","id":526,"quantity":1,"price":77},{"name":"Steel longsword","id":1295,"quantity":1,"price":184}],"date":"Dec 22, 2022, 10:36:23 PM"}
{"name":"Hobgoblin","level":47,"killCount":-1,"type":"NPC","drops":[{"name":"Bones","id":526,"quantity":1,"price":77},{"name":"Limpwurt root","id":225,"quantity":1,"price":621}],"date":"Dec 22, 2022, 10:36:34 PM"}
{"name":"Hobgoblin","level":47,"killCount":-1,"type":"NPC","drops":[{"name":"Bones","id":526,"quantity":1,"price":77}],"date":"Dec 22, 2022, 10:37:11 PM"}
{"name":"Hobgoblin","level":47,"killCount":-1,"type":"NPC","drops":[{"name":"Bones","id":526,"quantity":1,"price":77},{"name":"Tarromin seed","id":5293,"quantity":1,"price":19}],"date":"Dec 22, 2022, 10:37:23 PM"}
{"name":"Hobgoblin","level":47,"killCount":-1,"type":"NPC","drops":[{"name":"Bones","id":526,"quantity":1,"price":77},{"name":"Coins","id":995,"quantity":15,"price":1}],"date":"Dec 22, 2022, 10:37:50 PM"}
{"name":"Hobgoblin","level":47,"killCount":-1,"type":"NPC","drops":[{"name":"Bones","id":526,"quantity":1,"price":77},{"name":"Coins","id":995,"quantity":15,"price":1}],"date":"Dec 22, 2022, 10:38:10 PM"}
{"name":"Hobgoblin","level":47,"killCount":-1,"type":"NPC","drops":[{"name":"Bones","id":526,"quantity":1,"price":77},{"name":"Coins","id":995,"quantity":15,"price":1}],"date":"Dec 22, 2022, 10:38:41 PM"}
{"name":"Hobgoblin","level":47,"killCount":-1,"type":"NPC","drops":[{"name":"Bones","id":526,"quantity":1,"price":77},{"name":"Limpwurt root","id":225,"quantity":1,"price":621}],"date":"Dec 22, 2022, 10:39:07 PM"}
{"name":"Hobgoblin","level":47,"killCount":-1,"type":"NPC","drops":[{"name":"Bones","id":526,"quantity":1,"price":77},{"name":"Coins","id":995,"quantity":15,"price":1}],"date":"Dec 22, 2022, 10:39:28 PM"}
{"name":"Hobgoblin","level":47,"killCount":-1,"type":"NPC","drops":[{"name":"Bones","id":526,"quantity":1,"price":77},{"name":"Limpwurt root","id":225,"quantity":1,"price":621}],"date":"Dec 22, 2022, 10:39:43 PM"}
{"name":"Hobgoblin","level":47,"killCount":-1,"type":"NPC","drops":[{"name":"Bones","id":526,"quantity":1,"price":77},{"name":"Limpwurt seed","id":5100,"quantity":1,"price":11}],"date":"Dec 22, 2022, 10:39:56 PM"}
{"name":"Hobgoblin","level":47,"killCount":-1,"type":"NPC","drops":[{"name":"Bones","id":526,"quantity":1,"price":77},{"name":"Coins","id":995,"quantity":15,"price":1}],"date":"Dec 23, 2022, 2:28:57 PM"}
{"name":"Hobgoblin","level":47,"killCount":-1,"type":"NPC","drops":[{"name":"Bones","id":526,"quantity":1,"price":77},{"name":"Whiteberry seed","id":5105,"quantity":1,"price":6}],"date":"Dec 23, 2022, 2:29:03 PM"}
{"name":"Hobgoblin","level":47,"killCount":-1,"type":"NPC","drops":[{"name":"Bones","id":526,"quantity":1,"price":77},{"name":"Coins","id":995,"quantity":15,"price":1}],"date":"Dec 23, 2022, 2:29:08 PM"}
{"name":"Hobgoblin","level":47,"killCount":-1,"type":"NPC","drops":[{"name":"Bones","id":526,"quantity":1,"price":77},{"name":"Water rune","id":555,"quantity":2,"price":5}],"date":"Dec 23, 2022, 2:29:30 PM"}
{"name":"Hobgoblin","level":47,"killCount":-1,"type":"NPC","drops":[{"name":"Bones","id":526,"quantity":1,"price":77},{"name":"Grimy harralander","id":205,"quantity":1,"price":620}],"date":"Dec 23, 2022, 2:29:36 PM"}
{"name":"Hobgoblin","level":47,"killCount":-1,"type":"NPC","drops":[{"name":"Bones","id":526,"quantity":1,"price":77},{"name":"Rune javelin","id":830,"quantity":5,"price":142}],"date":"Dec 23, 2022, 2:29:45 PM"}
{"name":"Hobgoblin","level":47,"killCount":-1,"type":"NPC","drops":[{"name":"Bones","id":526,"quantity":1,"price":77},{"name":"Strawberry seed","id":5323,"quantity":1,"price":3}],"date":"Dec 23, 2022, 2:29:50 PM"}
{"name":"Hobgoblin","level":47,"killCount":-1,"type":"NPC","drops":[{"name":"Bones","id":526,"quantity":1,"price":77},{"name":"Coins","id":995,"quantity":15,"price":1}],"date":"Dec 23, 2022, 2:30:22 PM"}
{"name":"Hobgoblin","level":47,"killCount":-1,"type":"NPC","drops":[{"name":"Bones","id":526,"quantity":1,"price":77},{"name":"Coins","id":995,"quantity":15,"price":1}],"date":"Dec 23, 2022, 2:30:39 PM"}
{"name":"Hobgoblin","level":47,"killCount":-1,"type":"NPC","drops":[{"name":"Bones","id":526,"quantity":1,"price":77},{"name":"Coins","id":995,"quantity":15,"price":1}],"date":"Dec 23, 2022, 2:30:51 PM"}
{"name":"Hobgoblin","level":47,"killCount":-1,"type":"NPC","drops":[{"name":"Bones","id":526,"quantity":1,"price":77}],"date":"Dec 23, 2022, 2:31:15 PM"}
{"name":"Hobgoblin","level":47,"killCount":-1,"type":"NPC","drops":[{"name":"Bones","id":526,"quantity":1,"price":77},{"name":"Tarromin seed","id":5293,"quantity":1,"price":19}],"date":"Dec 23, 2022, 2:31:27 PM"}
{"name":"Hobgoblin","level":47,"killCount":-1,"type":"NPC","drops":[{"name":"Bones","id":526,"quantity":1,"price":77},{"name":"Grimy guam leaf","id":199,"quantity":1,"price":45}],"date":"Dec 23, 2022, 3:31:43 PM"}
{"name":"Hobgoblin","level":47,"killCount":-1,"type":"NPC","drops":[{"name":"Bones","id":526,"quantity":1,"price":77},{"name":"Limpwurt root","id":225,"quantity":1,"price":619}],"date":"Dec 23, 2022, 3:31:52 PM"}
{"name":"Hobgoblin","level":47,"killCount":-1,"type":"NPC","drops":[{"name":"Bones","id":526,"quantity":1,"price":77},{"name":"Steel longsword","id":1295,"quantity":1,"price":187}],"date":"Dec 23, 2022, 3:32:19 PM"}
{"name":"Hobgoblin","level":47,"killCount":-1,"type":"NPC","drops":[{"name":"Bones","id":526,"quantity":1,"price":77},{"name":"Coins","id":995,"quantity":5,"price":1}],"date":"Dec 23, 2022, 3:32:55 PM"}
{"name":"Hobgoblin","level":47,"killCount":-1,"type":"NPC","drops":[{"name":"Bones","id":526,"quantity":1,"price":77},{"name":"Grimy guam leaf","id":199,"quantity":1,"price":45}],"date":"Dec 23, 2022, 3:33:08 PM"}
{"name":"Hobgoblin","level":47,"killCount":-1,"type":"NPC","drops":[{"name":"Bones","id":526,"quantity":1,"price":77},{"name":"Limpwurt root","id":225,"quantity":1,"price":619}],"date":"Dec 23, 2022, 3:33:18 PM"}
{"name":"Hobgoblin","level":47,"killCount":-1,"type":"NPC","drops":[{"name":"Bones","id":526,"quantity":1,"price":77},{"name":"Limpwurt root","id":225,"quantity":1,"price":619}],"date":"Dec 23, 2022, 3:33:33 PM"}
{"name":"Hobgoblin","level":47,"killCount":-1,"type":"NPC","drops":[{"name":"Bones","id":526,"quantity":1,"price":77},{"name":"Iron sword","id":1279,"quantity":1,"price":101}],"date":"Dec 23, 2022, 3:33:47 PM"}
{"name":"Hobgoblin","level":47,"killCount":-1,"type":"NPC","drops":[{"name":"Bones","id":526,"quantity":1,"price":77},{"name":"Fire rune","id":554,"quantity":7,"price":6}],"date":"Dec 23, 2022, 3:34:07 PM"}
{"name":"Hobgoblin","level":47,"killCount":-1,"type":"NPC","drops":[{"name":"Bones","id":526,"quantity":1,"price":77},{"name":"Coins","id":995,"quantity":5,"price":1}],"date":"Dec 23, 2022, 3:34:15 PM"}
{"name":"Hobgoblin","level":47,"killCount":-1,"type":"NPC","drops":[{"name":"Bones","id":526,"quantity":1,"price":77},{"name":"Limpwurt root","id":225,"quantity":1,"price":619}],"date":"Dec 23, 2022, 3:34:22 PM"}
{"name":"Hobgoblin","level":47,"killCount":-1,"type":"NPC","drops":[{"name":"Bones","id":526,"quantity":1,"price":77},{"name":"Limpwurt root","id":225,"quantity":1,"price":619}],"date":"Dec 23, 2022, 3:34:33 PM"}
{"name":"Hobgoblin","level":47,"killCount":-1,"type":"NPC","drops":[{"name":"Bones","id":526,"quantity":1,"price":77},{"name":"Steel dagger","id":1207,"quantity":1,"price":75}],"date":"Dec 23, 2022, 3:35:26 PM"}
{"name":"Hobgoblin","level":47,"killCount":-1,"type":"NPC","drops":[{"name":"Bones","id":526,"quantity":1,"price":77}],"date":"Dec 23, 2022, 4:59:15 PM"}
{"name":"Hobgoblin","level":47,"killCount":-1,"type":"NPC","drops":[{"name":"Bones","id":526,"quantity":1,"price":77},{"name":"Coins","id":995,"quantity":1,"price":1}],"date":"Dec 23, 2022, 4:59:33 PM"}
{"name":"Hobgoblin","level":47,"killCount":-1,"type":"NPC","drops":[{"name":"Bones","id":526,"quantity":1,"price":77},{"name":"Coins","id":995,"quantity":15,"price":1}],"date":"Dec 23, 2022, 5:00:20 PM"}
{"name":"Hobgoblin","level":47,"killCount":-1,"type":"NPC","drops":[{"name":"Bones","id":526,"quantity":1,"price":77},{"name":"Limpwurt root","id":225,"quantity":1,"price":619}],"date":"Dec 23, 2022, 5:00:52 PM"}
{"name":"Hobgoblin","level":47,"killCount":-1,"type":"NPC","drops":[{"name":"Bones","id":526,"quantity":1,"price":77},{"name":"Limpwurt root","id":225,"quantity":1,"price":619}],"date":"Dec 23, 2022, 5:01:04 PM"}
{"name":"Hobgoblin","level":47,"killCount":-1,"type":"NPC","drops":[{"name":"Bones","id":526,"quantity":1,"price":77},{"name":"Limpwurt root","id":225,"quantity":1,"price":619}],"date":"Dec 23, 2022, 5:01:18 PM"}
{"name":"Hobgoblin","level":47,"killCount":-1,"type":"NPC","drops":[{"name":"Bones","id":526,"quantity":1,"price":77},{"name":"Ranarr seed","id":5295,"quantity":1,"price":30821}],"date":"Dec 23, 2022, 5:01:29 PM"}
{"name":"Hobgoblin","level":47,"killCount":-1,"type":"NPC","drops":[{"name":"Bones","id":526,"quantity":1,"price":77},{"name":"Coins","id":995,"quantity":5,"price":1}],"date":"Dec 23, 2022, 5:01:44 PM"}
{"name":"Hobgoblin","level":47,"killCount":-1,"type":"NPC","drops":[{"name":"Bones","id":526,"quantity":1,"price":77},{"name":"Limpwurt root","id":225,"quantity":1,"price":619}],"date":"Dec 23, 2022, 5:02:19 PM"}
{"name":"Hobgoblin","level":47,"killCount":-1,"type":"NPC","drops":[{"name":"Bones","id":526,"quantity":1,"price":77},{"name":"Coins","id":995,"quantity":5,"price":1}],"date":"Dec 23, 2022, 5:02:37 PM"}
{"name":"Hobgoblin","level":47,"killCount":-1,"type":"NPC","drops":[{"name":"Bones","id":526,"quantity":1,"price":77},{"name":"Limpwurt root","id":225,"quantity":1,"price":619}],"date":"Dec 23, 2022, 5:03:00 PM"}
{"name":"Hobgoblin","level":47,"killCount":-1,"type":"NPC","drops":[{"name":"Bones","id":526,"quantity":1,"price":76},{"name":"Body rune","id":559,"quantity":6,"price":4}],"date":"Dec 24, 2022, 1:35:18 PM"}
{"name":"Hobgoblin","level":47,"killCount":-1,"type":"NPC","drops":[{"name":"Bones","id":526,"quantity":1,"price":76},{"name":"Fire rune","id":554,"quantity":7,"price":6}],"date":"Dec 24, 2022, 1:35:22 PM"}
{"name":"Hobgoblin","level":47,"killCount":-1,"type":"NPC","drops":[{"name":"Bones","id":526,"quantity":1,"price":76},{"name":"Iron sword","id":1279,"quantity":1,"price":101}],"date":"Dec 24, 2022, 1:35:35 PM"}
{"name":"Hobgoblin","level":47,"killCount":-1,"type":"NPC","drops":[{"name":"Bones","id":526,"quantity":1,"price":76},{"name":"Grimy tarromin","id":203,"quantity":1,"price":108}],"date":"Dec 24, 2022, 1:35:56 PM"}
{"name":"Hobgoblin","level":47,"killCount":-1,"type":"NPC","drops":[{"name":"Bones","id":526,"quantity":1,"price":76},{"name":"Nature rune","id":561,"quantity":4,"price":116}],"date":"Dec 24, 2022, 1:36:13 PM"}
{"name":"Hobgoblin","level":47,"killCount":-1,"type":"NPC","drops":[{"name":"Bones","id":526,"quantity":1,"price":76}],"date":"Dec 24, 2022, 1:36:20 PM"}
{"name":"Hobgoblin","level":47,"killCount":-1,"type":"NPC","drops":[{"name":"Bones","id":526,"quantity":1,"price":76},{"name":"Coins","id":995,"quantity":15,"price":1}],"date":"Dec 24, 2022, 1:36:45 PM"}
{"name":"Hobgoblin","level":47,"killCount":-1,"type":"NPC","drops":[{"name":"Bones","id":526,"quantity":1,"price":76},{"name":"Limpwurt root","id":225,"quantity":1,"price":618}],"date":"Dec 24, 2022, 1:36:53 PM"}
{"name":"Hobgoblin","level":47,"killCount":-1,"type":"NPC","drops":[{"name":"Bones","id":526,"quantity":1,"price":76},{"name":"Steel dagger","id":1207,"quantity":1,"price":77}],"date":"Dec 24, 2022, 1:37:00 PM"}
{"name":"Hobgoblin","level":47,"killCount":-1,"type":"NPC","drops":[{"name":"Bones","id":526,"quantity":1,"price":76},{"name":"Grimy guam leaf","id":199,"quantity":1,"price":45}],"date":"Dec 24, 2022, 1:37:21 PM"}
{"name":"Hobgoblin","level":47,"killCount":-1,"type":"NPC","drops":[{"name":"Bones","id":526,"quantity":1,"price":76},{"name":"Limpwurt root","id":225,"quantity":1,"price":618}],"date":"Dec 24, 2022, 1:38:01 PM"}
{"name":"Hobgoblin","level":47,"killCount":-1,"type":"NPC","drops":[{"name":"Bones","id":526,"quantity":1,"price":76},{"name":"Coins","id":995,"quantity":5,"price":1}],"date":"Dec 24, 2022, 1:38:06 PM"}
{"name":"Hobgoblin","level":47,"killCount":-1,"type":"NPC","drops":[{"name":"Bones","id":526,"quantity":1,"price":77},{"name":"Uncut sapphire","id":1623,"quantity":1,"price":247}],"date":"Dec 26, 2022, 12:30:16 AM"}
{"name":"Hobgoblin","level":47,"killCount":-1,"type":"NPC","drops":[{"name":"Bones","id":526,"quantity":1,"price":77},{"name":"Coins","id":995,"quantity":5,"price":1}],"date":"Dec 26, 2022, 12:30:22 AM"}
{"name":"Hobgoblin","level":47,"killCount":-1,"type":"NPC","drops":[{"name":"Bones","id":526,"quantity":1,"price":77},{"name":"Coins","id":995,"quantity":15,"price":1}],"date":"Dec 26, 2022, 12:30:31 AM"}
{"name":"Hobgoblin","level":47,"killCount":-1,"type":"NPC","drops":[{"name":"Bones","id":526,"quantity":1,"price":77},{"name":"Coins","id":995,"quantity":15,"price":1}],"date":"Dec 26, 2022, 12:32:13 AM"}
{"name":"Hobgoblin","level":47,"killCount":-1,"type":"NPC","drops":[{"name":"Bones","id":526,"quantity":1,"price":77},{"name":"Coins","id":995,"quantity":5,"price":1}],"date":"Dec 26, 2022, 12:32:16 AM"}
{"name":"Hobgoblin","level":47,"killCount":-1,"type":"NPC","drops":[{"name":"Bones","id":526,"quantity":1,"price":77},{"name":"Coins","id":995,"quantity":1,"price":1}],"date":"Dec 26, 2022, 12:32:28 AM"}
{"name":"Hobgoblin","level":47,"killCount":-1,"type":"NPC","drops":[{"name":"Bones","id":526,"quantity":1,"price":77},{"name":"Coins","id":995,"quantity":15,"price":1}],"date":"Dec 26, 2022, 12:32:45 AM"}
{"name":"Hobgoblin","level":47,"killCount":-1,"type":"NPC","drops":[{"name":"Bones","id":526,"quantity":1,"price":77},{"name":"Grimy guam leaf","id":199,"quantity":1,"price":47}],"date":"Dec 26, 2022, 12:32:49 AM"}
{"name":"Hobgoblin","level":47,"killCount":-1,"type":"NPC","drops":[{"name":"Bones","id":526,"quantity":1,"price":77},{"name":"Coins","id":995,"quantity":1,"price":1}],"date":"Dec 26, 2022, 12:33:13 AM"}
{"name":"Hobgoblin","level":47,"killCount":-1,"type":"NPC","drops":[{"name":"Bones","id":526,"quantity":1,"price":77},{"name":"Coins","id":995,"quantity":15,"price":1}],"date":"Dec 26, 2022, 12:33:18 AM"}
{"name":"Hobgoblin","level":47,"killCount":-1,"type":"NPC","drops":[{"name":"Bones","id":526,"quantity":1,"price":77},{"name":"Goblin mail","id":288,"quantity":1,"price":460}],"date":"Dec 26, 2022, 12:33:42 AM"}
{"name":"Hobgoblin","level":47,"killCount":-1,"type":"NPC","drops":[{"name":"Bones","id":526,"quantity":1,"price":77},{"name":"Coins","id":995,"quantity":15,"price":1}],"date":"Dec 26, 2022, 12:33:51 AM"}
{"name":"Hobgoblin","level":47,"killCount":-1,"type":"NPC","drops":[{"name":"Bones","id":526,"quantity":1,"price":74},{"name":"Iron sword","id":1279,"quantity":1,"price":105}],"date":"Dec 27, 2022, 7:12:25 PM"}
{"name":"Hobgoblin","level":47,"killCount":-1,"type":"NPC","drops":[{"name":"Bones","id":526,"quantity":1,"price":74},{"name":"Coins","id":995,"quantity":15,"price":1}],"date":"Dec 27, 2022, 7:12:30 PM"}
{"name":"Hobgoblin","level":47,"killCount":-1,"type":"NPC","drops":[{"name":"Bones","id":526,"quantity":1,"price":74},{"name":"Coins","id":995,"quantity":15,"price":1}],"date":"Dec 27, 2022, 7:14:27 PM"}
{"name":"Hobgoblin","level":47,"killCount":-1,"type":"NPC","drops":[{"name":"Bones","id":526,"quantity":1,"price":74},{"name":"Jangerberry seed","id":5104,"quantity":1,"price":1}],"date":"Dec 27, 2022, 7:14:32 PM"}
{"name":"Hobgoblin","level":47,"killCount":-1,"type":"NPC","drops":[{"name":"Bones","id":526,"quantity":1,"price":74},{"name":"Limpwurt root","id":225,"quantity":1,"price":610}],"date":"Dec 27, 2022, 7:14:51 PM"}
{"name":"Hobgoblin","level":47,"killCount":-1,"type":"NPC","drops":[{"name":"Bones","id":526,"quantity":1,"price":74},{"name":"Goblin mail","id":288,"quantity":1,"price":470}],"date":"Dec 27, 2022, 7:15:01 PM"}
{"name":"Hobgoblin","level":47,"killCount":-1,"type":"NPC","drops":[{"name":"Bones","id":526,"quantity":1,"price":74},{"name":"Fire rune","id":554,"quantity":7,"price":6}],"date":"Dec 27, 2022, 7:15:18 PM"}
{"name":"Hobgoblin","level":47,"killCount":-1,"type":"NPC","drops":[{"name":"Bones","id":526,"quantity":1,"price":74},{"name":"Snape grass seed","id":22879,"quantity":1,"price":2426}],"date":"Dec 27, 2022, 7:15:25 PM"}
{"name":"Hobgoblin","level":47,"killCount":-1,"type":"NPC","drops":[{"name":"Bones","id":526,"quantity":1,"price":74},{"name":"Limpwurt root","id":225,"quantity":1,"price":610}],"date":"Dec 27, 2022, 7:16:01 PM"}
{"name":"Hobgoblin","level":47,"killCount":-1,"type":"NPC","drops":[{"name":"Bones","id":526,"quantity":1,"price":74},{"name":"Coins","id":995,"quantity":62,"price":1}],"date":"Dec 27, 2022, 7:16:05 PM"}
{"name":"Hobgoblin","level":47,"killCount":-1,"type":"NPC","drops":[{"name":"Bones","id":526,"quantity":1,"price":74},{"name":"Chaos rune","id":562,"quantity":3,"price":75}],"date":"Dec 27, 2022, 7:16:16 PM"}
{"name":"Hobgoblin","level":47,"killCount":-1,"type":"NPC","drops":[{"name":"Bones","id":526,"quantity":1,"price":74},{"name":"Irit seed","id":5297,"quantity":1,"price":45}],"date":"Dec 27, 2022, 7:25:44 PM"}
{"name":"Hobgoblin","level":47,"killCount":-1,"type":"NPC","drops":[{"name":"Bones","id":526,"quantity":1,"price":74},{"name":"Coins","id":995,"quantity":15,"price":1}],"date":"Dec 27, 2022, 7:26:41 PM"}
{"name":"Hobgoblin","level":47,"killCount":-1,"type":"NPC","drops":[{"name":"Bones","id":526,"quantity":1,"price":74},{"name":"Limpwurt root","id":225,"quantity":1,"price":610}],"date":"Dec 27, 2022, 7:26:42 PM"}
{"name":"Hobgoblin","level":47,"killCount":-1,"type":"NPC","drops":[{"name":"Bones","id":526,"quantity":1,"price":74},{"name":"Coins","id":995,"quantity":5,"price":1}],"date":"Dec 27, 2022, 7:27:18 PM"}
{"name":"Hobgoblin","level":47,"killCount":-1,"type":"NPC","drops":[{"name":"Bones","id":526,"quantity":1,"price":74},{"name":"Snape grass seed","id":22879,"quantity":1,"price":2426}],"date":"Dec 27, 2022, 7:27:23 PM"}
{"name":"Hobgoblin","level":47,"killCount":-1,"type":"NPC","drops":[{"name":"Bones","id":526,"quantity":1,"price":74},{"name":"Iron sword","id":1279,"quantity":1,"price":105}],"date":"Dec 27, 2022, 7:39:12 PM"}
{"name":"Hobgoblin","level":47,"killCount":-1,"type":"NPC","drops":[{"name":"Bones","id":526,"quantity":1,"price":74},{"name":"Coins","id":995,"quantity":15,"price":1}],"date":"Dec 27, 2022, 7:39:28 PM"}
{"name":"Hobgoblin","level":47,"killCount":-1,"type":"NPC","drops":[{"name":"Bones","id":526,"quantity":1,"price":74},{"name":"Coins","id":995,"quantity":15,"price":1}],"date":"Dec 27, 2022, 7:39:31 PM"}
{"name":"Hobgoblin","level":47,"killCount":-1,"type":"NPC","drops":[{"name":"Bones","id":526,"quantity":1,"price":74},{"name":"Coins","id":995,"quantity":15,"price":1}],"date":"Dec 27, 2022, 7:39:57 PM"}
{"name":"Hobgoblin","level":47,"killCount":-1,"type":"NPC","drops":[{"name":"Bones","id":526,"quantity":1,"price":74},{"name":"Coins","id":995,"quantity":15,"price":1}],"date":"Dec 27, 2022, 7:40:13 PM"}
{"name":"Hobgoblin","level":47,"killCount":-1,"type":"NPC","drops":[{"name":"Bones","id":526,"quantity":1,"price":74},{"name":"Coins","id":995,"quantity":15,"price":1}],"date":"Dec 27, 2022, 7:40:22 PM"}
{"name":"Hobgoblin","level":47,"killCount":-1,"type":"NPC","drops":[{"name":"Bones","id":526,"quantity":1,"price":74},{"name":"Coins","id":995,"quantity":1,"price":1}],"date":"Dec 27, 2022, 7:40:35 PM"}
{"name":"Hobgoblin","level":47,"killCount":-1,"type":"NPC","drops":[{"name":"Bones","id":526,"quantity":1,"price":74},{"name":"Iron sword","id":1279,"quantity":1,"price":105}],"date":"Dec 27, 2022, 7:41:04 PM"}
{"name":"Hobgoblin","level":47,"killCount":-1,"type":"NPC","drops":[{"name":"Bones","id":526,"quantity":1,"price":74},{"name":"Steel dagger","id":1207,"quantity":1,"price":89}],"date":"Dec 27, 2022, 7:41:14 PM"}
{"name":"Hobgoblin","level":47,"killCount":-1,"type":"NPC","drops":[{"name":"Bones","id":526,"quantity":1,"price":74},{"name":"Grimy cadantine","id":215,"quantity":1,"price":2424}],"date":"Dec 27, 2022, 7:41:17 PM"}
{"name":"Hobgoblin","level":47,"killCount":-1,"type":"NPC","drops":[{"name":"Bones","id":526,"quantity":1,"price":74},{"name":"Limpwurt root","id":225,"quantity":1,"price":610}],"date":"Dec 27, 2022, 7:41:39 PM"}
{"name":"Hobgoblin","level":47,"killCount":-1,"type":"NPC","drops":[{"name":"Bones","id":526,"quantity":1,"price":74},{"name":"Harralander seed","id":5294,"quantity":1,"price":18}],"date":"Dec 27, 2022, 7:58:00 PM"}
{"name":"Hobgoblin","level":47,"killCount":-1,"type":"NPC","drops":[{"name":"Bones","id":526,"quantity":1,"price":74},{"name":"Goblin mail","id":288,"quantity":1,"price":470}],"date":"Dec 27, 2022, 7:58:02 PM"}
{"name":"Hobgoblin","level":47,"killCount":-1,"type":"NPC","drops":[{"name":"Bones","id":526,"quantity":1,"price":74},{"name":"Limpwurt root","id":225,"quantity":1,"price":610}],"date":"Dec 27, 2022, 7:58:10 PM"}
{"name":"Hobgoblin","level":47,"killCount":-1,"type":"NPC","drops":[{"name":"Bones","id":526,"quantity":1,"price":74},{"name":"Ranarr seed","id":5295,"quantity":1,"price":30219}],"date":"Dec 27, 2022, 7:58:16 PM"}
{"name":"Hobgoblin","level":47,"killCount":-1,"type":"NPC","drops":[{"name":"Bones","id":526,"quantity":1,"price":74},{"name":"Coins","id":995,"quantity":15,"price":1}],"date":"Dec 27, 2022, 7:59:24 PM"}
{"name":"Hobgoblin","level":47,"killCount":-1,"type":"NPC","drops":[{"name":"Bones","id":526,"quantity":1,"price":74},{"name":"Coins","id":995,"quantity":5,"price":1}],"date":"Dec 27, 2022, 7:59:32 PM"}
{"name":"Hobgoblin","level":47,"killCount":-1,"type":"NPC","drops":[{"name":"Bones","id":526,"quantity":1,"price":74},{"name":"Limpwurt root","id":225,"quantity":1,"price":610}],"date":"Dec 27, 2022, 7:59:42 PM"}
{"name":"Hobgoblin","level":47,"killCount":-1,"type":"NPC","drops":[{"name":"Bones","id":526,"quantity":1,"price":74},{"name":"Goblin mail","id":288,"quantity":1,"price":470}],"date":"Dec 27, 2022, 8:00:28 PM"}
{"name":"Hobgoblin","level":47,"killCount":-1,"type":"NPC","drops":[{"name":"Bones","id":526,"quantity":1,"price":74},{"name":"Coins","id":995,"quantity":15,"price":1}],"date":"Dec 27, 2022, 8:00:37 PM"}
{"name":"Hobgoblin","level":47,"killCount":-1,"type":"NPC","drops":[{"name":"Bones","id":526,"quantity":1,"price":74},{"name":"Coins","id":995,"quantity":15,"price":1}],"date":"Dec 27, 2022, 8:01:14 PM"}
{"name":"Hobgoblin","level":47,"killCount":-1,"type":"NPC","drops":[{"name":"Bones","id":526,"quantity":1,"price":74},{"name":"Coins","id":995,"quantity":28,"price":1}],"date":"Dec 27, 2022, 8:01:28 PM"}
{"name":"Hobgoblin","level":47,"killCount":-1,"type":"NPC","drops":[{"name":"Bones","id":526,"quantity":1,"price":74},{"name":"Grimy marrentill","id":201,"quantity":1,"price":27}],"date":"Dec 27, 2022, 8:01:40 PM"}
{"name":"Hobgoblin","level":47,"killCount":-1,"type":"NPC","drops":[{"name":"Bones","id":526,"quantity":1,"price":75},{"name":"Coins","id":995,"quantity":15,"price":1}],"date":"Dec 27, 2022, 11:04:55 PM"}
{"name":"Hobgoblin","level":47,"killCount":-1,"type":"NPC","drops":[{"name":"Bones","id":526,"quantity":1,"price":75},{"name":"Limpwurt root","id":225,"quantity":1,"price":616}],"date":"Dec 27, 2022, 11:05:13 PM"}
{"name":"Hobgoblin","level":47,"killCount":-1,"type":"NPC","drops":[{"name":"Bones","id":526,"quantity":1,"price":75},{"name":"Limpwurt root","id":225,"quantity":1,"price":616}],"date":"Dec 27, 2022, 11:05:41 PM"}
{"name":"Hobgoblin","level":47,"killCount":-1,"type":"NPC","drops":[{"name":"Bones","id":526,"quantity":1,"price":75},{"name":"Coins","id":995,"quantity":15,"price":1}],"date":"Dec 27, 2022, 11:05:48 PM"}
{"name":"Hobgoblin","level":47,"killCount":-1,"type":"NPC","drops":[{"name":"Bones","id":526,"quantity":1,"price":75},{"name":"Wildblood seed","id":5311,"quantity":1,"price":29}],"date":"Dec 27, 2022, 11:05:56 PM"}
{"name":"Hobgoblin","level":47,"killCount":-1,"type":"NPC","drops":[{"name":"Bones","id":526,"quantity":1,"price":75},{"name":"Snape grass seed","id":22879,"quantity":1,"price":2407}],"date":"Dec 27, 2022, 11:06:41 PM"}
{"name":"Hobgoblin","level":47,"killCount":-1,"type":"NPC","drops":[{"name":"Bones","id":526,"quantity":1,"price":75},{"name":"Iron sword","id":1279,"quantity":1,"price":104}],"date":"Dec 27, 2022, 11:06:51 PM"}
{"name":"Hobgoblin","level":47,"killCount":-1,"type":"NPC","drops":[{"name":"Bones","id":526,"quantity":1,"price":75},{"name":"Coins","id":995,"quantity":15,"price":1}],"date":"Dec 27, 2022, 11:06:58 PM"}
{"name":"Hobgoblin","level":47,"killCount":-1,"type":"NPC","drops":[{"name":"Bones","id":526,"quantity":1,"price":75},{"name":"Limpwurt root","id":225,"quantity":1,"price":616}],"date":"Dec 27, 2022, 11:07:02 PM"}
{"name":"Hobgoblin","level":47,"killCount":-1,"type":"NPC","drops":[{"name":"Bones","id":526,"quantity":1,"price":75},{"name":"Coins","id":995,"quantity":15,"price":1}],"date":"Dec 27, 2022, 11:07:54 PM"}
{"name":"Hobgoblin","level":47,"killCount":-1,"type":"NPC","drops":[{"name":"Bones","id":526,"quantity":1,"price":75},{"name":"Limpwurt root","id":225,"quantity":1,"price":616}],"date":"Dec 27, 2022, 11:08:05 PM"}
{"name":"Hobgoblin","level":47,"killCount":-1,"type":"NPC","drops":[{"name":"Bones","id":526,"quantity":1,"price":75},{"name":"Coins","id":995,"quantity":42,"price":1}],"date":"Dec 27, 2022, 11:08:14 PM"}
{"name":"Hobgoblin","level":47,"killCount":-1,"type":"NPC","drops":[{"name":"Bones","id":526,"quantity":1,"price":75},{"name":"Coins","id":995,"quantity":42,"price":1}],"date":"Dec 27, 2022, 11:08:19 PM"}
{"name":"Hobgoblin","level":47,"killCount":-1,"type":"NPC","drops":[{"name":"Bones","id":526,"quantity":1,"price":75},{"name":"Steel dagger","id":1207,"quantity":1,"price":94}],"date":"Dec 27, 2022, 11:08:40 PM"}
{"name":"Hobgoblin","level":47,"killCount":-1,"type":"NPC","drops":[{"name":"Bones","id":526,"quantity":1,"price":75},{"name":"Coins","id":995,"quantity":5,"price":1}],"date":"Dec 27, 2022, 11:08:45 PM"}
{"name":"Hobgoblin","level":47,"killCount":-1,"type":"NPC","drops":[{"name":"Bones","id":526,"quantity":1,"price":75},{"name":"Coins","id":995,"quantity":5,"price":1}],"date":"Dec 27, 2022, 11:08:53 PM"}
{"name":"Hobgoblin","level":47,"killCount":-1,"type":"NPC","drops":[{"name":"Bones","id":526,"quantity":1,"price":75},{"name":"Coins","id":995,"quantity":15,"price":1}],"date":"Dec 27, 2022, 11:23:51 PM"}
{"name":"Hobgoblin","level":47,"killCount":-1,"type":"NPC","drops":[{"name":"Bones","id":526,"quantity":1,"price":75},{"name":"Coins","id":995,"quantity":15,"price":1}],"date":"Dec 27, 2022, 11:23:59 PM"}
{"name":"Hobgoblin","level":47,"killCount":-1,"type":"NPC","drops":[{"name":"Bones","id":526,"quantity":1,"price":75},{"name":"Limpwurt root","id":225,"quantity":1,"price":616}],"date":"Dec 27, 2022, 11:24:50 PM"}
{"name":"Hobgoblin","level":47,"killCount":-1,"type":"NPC","drops":[{"name":"Bones","id":526,"quantity":1,"price":75},{"name":"Nature talisman","id":1462,"quantity":1,"price":267}],"date":"Dec 27, 2022, 11:25:16 PM"}
{"name":"Hobgoblin","level":47,"killCount":-1,"type":"NPC","drops":[{"name":"Bones","id":526,"quantity":1,"price":75},{"name":"Coins","id":995,"quantity":28,"price":1}],"date":"Dec 27, 2022, 11:25:39 PM"}
{"name":"Hobgoblin","level":47,"killCount":-1,"type":"NPC","drops":[{"name":"Bones","id":526,"quantity":1,"price":75},{"name":"Limpwurt root","id":225,"quantity":1,"price":616}],"date":"Dec 27, 2022, 11:26:17 PM"}
{"name":"Hobgoblin","level":47,"killCount":-1,"type":"NPC","drops":[{"name":"Bones","id":526,"quantity":1,"price":75},{"name":"Law rune","id":563,"quantity":2,"price":124}],"date":"Dec 27, 2022, 11:26:24 PM"}
{"name":"Hobgoblin","level":47,"killCount":-1,"type":"NPC","drops":[{"name":"Bones","id":526,"quantity":1,"price":75},{"name":"Fire rune","id":554,"quantity":7,"price":6}],"date":"Dec 27, 2022, 11:26:50 PM"}
{"name":"Hobgoblin","level":47,"killCount":-1,"type":"NPC","drops":[{"name":"Bones","id":526,"quantity":1,"price":75},{"name":"Iron sword","id":1279,"quantity":1,"price":104}],"date":"Dec 27, 2022, 11:27:05 PM"}
{"name":"Hobgoblin","level":47,"killCount":-1,"type":"NPC","drops":[{"name":"Bones","id":526,"quantity":1,"price":75},{"name":"Grimy guam leaf","id":199,"quantity":1,"price":47}],"date":"Dec 27, 2022, 11:27:15 PM"}
{"name":"Hobgoblin","level":47,"killCount":-1,"type":"NPC","drops":[{"name":"Bones","id":526,"quantity":1,"price":75},{"name":"Coins","id":995,"quantity":1,"price":1}],"date":"Dec 27, 2022, 11:27:23 PM"}
{"name":"Hobgoblin","level":47,"killCount":-1,"type":"NPC","drops":[{"name":"Bones","id":526,"quantity":1,"price":75},{"name":"Coins","id":995,"quantity":15,"price":1}],"date":"Dec 28, 2022, 12:39:57 AM"}
{"name":"Hobgoblin","level":47,"killCount":-1,"type":"NPC","drops":[{"name":"Bones","id":526,"quantity":1,"price":75},{"name":"Iron sword","id":1279,"quantity":1,"price":104}],"date":"Dec 28, 2022, 12:40:10 AM"}
{"name":"Hobgoblin","level":47,"killCount":-1,"type":"NPC","drops":[{"name":"Bones","id":526,"quantity":1,"price":75}],"date":"Dec 28, 2022, 12:40:22 AM"}
{"name":"Hobgoblin","level":47,"killCount":-1,"type":"NPC","drops":[{"name":"Bones","id":526,"quantity":1,"price":75},{"name":"Grimy guam leaf","id":199,"quantity":1,"price":47}],"date":"Dec 28, 2022, 12:40:22 AM"}
{"name":"Hobgoblin","level":47,"killCount":-1,"type":"NPC","drops":[{"name":"Bones","id":526,"quantity":1,"price":75},{"name":"Dwarf weed seed","id":5303,"quantity":1,"price":359}],"date":"Dec 28, 2022, 12:40:50 AM"}
{"name":"Hobgoblin","level":47,"killCount":-1,"type":"NPC","drops":[{"name":"Bones","id":526,"quantity":1,"price":75},{"name":"Steel dagger","id":1207,"quantity":1,"price":94}],"date":"Dec 28, 2022, 12:41:12 AM"}
{"name":"Hobgoblin","level":47,"killCount":-1,"type":"NPC","drops":[{"name":"Bones","id":526,"quantity":1,"price":75},{"name":"Coins","id":995,"quantity":15,"price":1}],"date":"Dec 28, 2022, 12:41:20 AM"}
{"name":"Hobgoblin","level":47,"killCount":-1,"type":"NPC","drops":[{"name":"Bones","id":526,"quantity":1,"price":75},{"name":"Snape grass seed","id":22879,"quantity":1,"price":2407}],"date":"Dec 28, 2022, 12:41:37 AM"}
{"name":"Hobgoblin","level":47,"killCount":-1,"type":"NPC","drops":[{"name":"Bones","id":526,"quantity":1,"price":75},{"name":"Coins","id":995,"quantity":1,"price":1}],"date":"Dec 28, 2022, 12:41:40 AM"}
{"name":"Hobgoblin","level":47,"killCount":-1,"type":"NPC","drops":[{"name":"Bones","id":526,"quantity":1,"price":75},{"name":"Law rune","id":563,"quantity":2,"price":124}],"date":"Dec 28, 2022, 12:41:48 AM"}
{"name":"Hobgoblin","level":47,"killCount":-1,"type":"NPC","drops":[{"name":"Bones","id":526,"quantity":1,"price":75},{"name":"Limpwurt root","id":225,"quantity":1,"price":616}],"date":"Dec 28, 2022, 12:43:05 AM"}
{"name":"Hobgoblin","level":47,"killCount":-1,"type":"NPC","drops":[{"name":"Bones","id":526,"quantity":1,"price":75},{"name":"Coins","id":995,"quantity":15,"price":1}],"date":"Dec 28, 2022, 1:22:35 PM"}
{"name":"Hobgoblin","level":47,"killCount":-1,"type":"NPC","drops":[{"name":"Bones","id":526,"quantity":1,"price":75}],"date":"Dec 28, 2022, 1:23:30 PM"}
{"name":"Hobgoblin","level":47,"killCount":-1,"type":"NPC","drops":[{"name":"Bones","id":526,"quantity":1,"price":75},{"name":"Coins","id":995,"quantity":15,"price":1}],"date":"Dec 28, 2022, 1:26:55 PM"}
{"name":"Hobgoblin","level":47,"killCount":-1,"type":"NPC","drops":[{"name":"Bones","id":526,"quantity":1,"price":75},{"name":"Grimy guam leaf","id":199,"quantity":1,"price":47}],"date":"Dec 28, 2022, 1:27:05 PM"}
{"name":"Hobgoblin","level":47,"killCount":-1,"type":"NPC","drops":[{"name":"Bones","id":526,"quantity":1,"price":75},{"name":"Goblin mail","id":288,"quantity":1,"price":484}],"date":"Dec 28, 2022, 1:27:54 PM"}
{"name":"Hobgoblin","level":47,"killCount":-1,"type":"NPC","drops":[{"name":"Bones","id":526,"quantity":1,"price":75},{"name":"Coins","id":995,"quantity":1,"price":1}],"date":"Dec 28, 2022, 1:28:11 PM"}
{"name":"Hobgoblin","level":47,"killCount":-1,"type":"NPC","drops":[{"name":"Bones","id":526,"quantity":1,"price":75},{"name":"Limpwurt root","id":225,"quantity":1,"price":616}],"date":"Dec 28, 2022, 1:28:33 PM"}
{"name":"Hobgoblin","level":47,"killCount":-1,"type":"NPC","drops":[{"name":"Bones","id":526,"quantity":1,"price":75},{"name":"Coins","id":995,"quantity":5,"price":1}],"date":"Dec 28, 2022, 1:28:55 PM"}
{"name":"Hobgoblin","level":47,"killCount":-1,"type":"NPC","drops":[{"name":"Bones","id":526,"quantity":1,"price":75},{"name":"Limpwurt root","id":225,"quantity":1,"price":616}],"date":"Dec 28, 2022, 1:29:01 PM"}
{"name":"Hobgoblin","level":47,"killCount":-1,"type":"NPC","drops":[{"name":"Bones","id":526,"quantity":1,"price":75},{"name":"Jangerberry seed","id":5104,"quantity":1,"price":2}],"date":"Dec 28, 2022, 5:09:17 PM"}
{"name":"Hobgoblin","level":47,"killCount":-1,"type":"NPC","drops":[{"name":"Bones","id":526,"quantity":1,"price":75},{"name":"Strawberry seed","id":5323,"quantity":1,"price":3}],"date":"Dec 28, 2022, 5:09:43 PM"}
{"name":"Hobgoblin","level":47,"killCount":-1,"type":"NPC","drops":[{"name":"Bones","id":526,"quantity":1,"price":75},{"name":"Limpwurt root","id":225,"quantity":1,"price":616}],"date":"Dec 28, 2022, 5:09:52 PM"}
{"name":"Hobgoblin","level":47,"killCount":-1,"type":"NPC","drops":[{"name":"Bones","id":526,"quantity":1,"price":75},{"name":"Limpwurt root","id":225,"quantity":1,"price":616}],"date":"Dec 28, 2022, 5:10:12 PM"}
{"name":"Hobgoblin","level":47,"killCount":-1,"type":"NPC","drops":[{"name":"Bones","id":526,"quantity":1,"price":75},{"name":"Coins","id":995,"quantity":15,"price":1}],"date":"Dec 28, 2022, 5:10:54 PM"}
{"name":"Hobgoblin","level":47,"killCount":-1,"type":"NPC","drops":[{"name":"Bones","id":526,"quantity":1,"price":75},{"name":"Limpwurt root","id":225,"quantity":1,"price":616}],"date":"Dec 28, 2022, 5:11:05 PM"}
{"name":"Hobgoblin","level":47,"killCount":-1,"type":"NPC","drops":[{"name":"Bones","id":526,"quantity":1,"price":75},{"name":"Limpwurt root","id":225,"quantity":1,"price":616}],"date":"Dec 28, 2022, 5:11:22 PM"}
{"name":"Hobgoblin","level":47,"killCount":-1,"type":"NPC","drops":[{"name":"Bones","id":526,"quantity":1,"price":75},{"name":"Coins","id":995,"quantity":15,"price":1}],"date":"Dec 28, 2022, 5:11:43 PM"}
{"name":"Hobgoblin","level":47,"killCount":-1,"type":"NPC","drops":[{"name":"Bones","id":526,"quantity":1,"price":75},{"name":"Grimy marrentill","id":201,"quantity":1,"price":26}],"date":"Dec 28, 2022, 5:11:58 PM"}
{"name":"Hobgoblin","level":47,"killCount":-1,"type":"NPC","drops":[{"name":"Bones","id":526,"quantity":1,"price":75},{"name":"Limpwurt root","id":225,"quantity":1,"price":616}],"date":"Dec 28, 2022, 5:12:18 PM"}
{"name":"Hobgoblin","level":47,"killCount":-1,"type":"NPC","drops":[{"name":"Bones","id":526,"quantity":1,"price":75},{"name":"Coins","id":995,"quantity":15,"price":1}],"date":"Dec 28, 2022, 5:12:31 PM"}
{"name":"Hobgoblin","level":47,"killCount":-1,"type":"NPC","drops":[{"name":"Bones","id":526,"quantity":1,"price":75},{"name":"Limpwurt root","id":225,"quantity":1,"price":616}],"date":"Dec 28, 2022, 6:16:12 PM"}
{"name":"Hobgoblin","level":47,"killCount":-1,"type":"NPC","drops":[{"name":"Bones","id":526,"quantity":1,"price":75},{"name":"Coins","id":995,"quantity":15,"price":1}],"date":"Dec 28, 2022, 6:16:17 PM"}
{"name":"Hobgoblin","level":47,"killCount":-1,"type":"NPC","drops":[{"name":"Bones","id":526,"quantity":1,"price":75},{"name":"Body rune","id":559,"quantity":6,"price":5}],"date":"Dec 28, 2022, 6:16:22 PM"}
{"name":"Hobgoblin","level":47,"killCount":-1,"type":"NPC","drops":[{"name":"Bones","id":526,"quantity":1,"price":75},{"name":"Coins","id":995,"quantity":15,"price":1}],"date":"Dec 28, 2022, 6:17:12 PM"}
{"name":"Hobgoblin","level":47,"killCount":-1,"type":"NPC","drops":[{"name":"Bones","id":526,"quantity":1,"price":75},{"name":"Law rune","id":563,"quantity":2,"price":124}],"date":"Dec 28, 2022, 6:17:17 PM"}
{"name":"Hobgoblin","level":47,"killCount":-1,"type":"NPC","drops":[{"name":"Bones","id":526,"quantity":1,"price":75},{"name":"Limpwurt root","id":225,"quantity":1,"price":616}],"date":"Dec 28, 2022, 6:17:50 PM"}
{"name":"Hobgoblin","level":47,"killCount":-1,"type":"NPC","drops":[{"name":"Bones","id":526,"quantity":1,"price":75},{"name":"Harralander seed","id":5294,"quantity":1,"price":18}],"date":"Dec 28, 2022, 6:17:56 PM"}
{"name":"Hobgoblin","level":47,"killCount":-1,"type":"NPC","drops":[{"name":"Bones","id":526,"quantity":1,"price":75},{"name":"Coins","id":995,"quantity":42,"price":1}],"date":"Dec 28, 2022, 6:18:05 PM"}
{"name":"Hobgoblin","level":47,"killCount":-1,"type":"NPC","drops":[{"name":"Bones","id":526,"quantity":1,"price":75},{"name":"Coins","id":995,"quantity":1,"price":1}],"date":"Dec 28, 2022, 6:18:36 PM"}
{"name":"Hobgoblin","level":47,"killCount":-1,"type":"NPC","drops":[{"name":"Bones","id":526,"quantity":1,"price":75},{"name":"Coins","id":995,"quantity":62,"price":1}],"date":"Dec 28, 2022, 6:18:49 PM"}
{"name":"Hobgoblin","level":47,"killCount":-1,"type":"NPC","drops":[{"name":"Bones","id":526,"quantity":1,"price":75},{"name":"Limpwurt root","id":225,"quantity":1,"price":616}],"date":"Dec 28, 2022, 6:19:00 PM"}
{"name":"Hobgoblin","level":47,"killCount":-1,"type":"NPC","drops":[{"name":"Bones","id":526,"quantity":1,"price":75},{"name":"Limpwurt root","id":225,"quantity":1,"price":616}],"date":"Dec 28, 2022, 9:30:21 PM"}
{"name":"Hobgoblin","level":47,"killCount":-1,"type":"NPC","drops":[{"name":"Bones","id":526,"quantity":1,"price":75},{"name":"Coins","id":995,"quantity":15,"price":1}],"date":"Dec 28, 2022, 9:30:41 PM"}
{"name":"Hobgoblin","level":47,"killCount":-1,"type":"NPC","drops":[{"name":"Bones","id":526,"quantity":1,"price":75},{"name":"Coins","id":995,"quantity":1,"price":1}],"date":"Dec 28, 2022, 9:30:49 PM"}
{"name":"Hobgoblin","level":47,"killCount":-1,"type":"NPC","drops":[{"name":"Bones","id":526,"quantity":1,"price":75},{"name":"Coins","id":995,"quantity":15,"price":1}],"date":"Dec 28, 2022, 9:31:27 PM"}
{"name":"Hobgoblin","level":47,"killCount":-1,"type":"NPC","drops":[{"name":"Bones","id":526,"quantity":1,"price":75},{"name":"Grimy dwarf weed","id":217,"quantity":1,"price":940}],"date":"Dec 28, 2022, 9:31:36 PM"}
{"name":"Hobgoblin","level":47,"killCount":-1,"type":"NPC","drops":[{"name":"Bones","id":526,"quantity":1,"price":75},{"name":"Iron javelin","id":826,"quantity":5,"price":6}],"date":"Dec 28, 2022, 9:32:29 PM"}
{"name":"Hobgoblin","level":47,"killCount":-1,"type":"NPC","drops":[{"name":"Bones","id":526,"quantity":1,"price":75},{"name":"Coins","id":995,"quantity":5,"price":1}],"date":"Dec 28, 2022, 9:32:44 PM"}
{"name":"Hobgoblin","level":47,"killCount":-1,"type":"NPC","drops":[{"name":"Bones","id":526,"quantity":1,"price":75},{"name":"Coins","id":995,"quantity":62,"price":1}],"date":"Dec 28, 2022, 9:34:41 PM"}
{"name":"Hobgoblin","level":47,"killCount":-1,"type":"NPC","drops":[{"name":"Bones","id":526,"quantity":1,"price":75},{"name":"Wildblood seed","id":5311,"quantity":1,"price":28}],"date":"Dec 28, 2022, 11:57:05 PM"}
{"name":"Hobgoblin","level":47,"killCount":-1,"type":"NPC","drops":[{"name":"Bones","id":526,"quantity":1,"price":75},{"name":"Coins","id":995,"quantity":1,"price":1}],"date":"Dec 28, 2022, 11:57:12 PM"}
{"name":"Hobgoblin","level":47,"killCount":-1,"type":"NPC","drops":[{"name":"Bones","id":526,"quantity":1,"price":75},{"name":"Coins","id":995,"quantity":15,"price":1}],"date":"Dec 28, 2022, 11:57:37 PM"}
{"name":"Hobgoblin","level":47,"killCount":-1,"type":"NPC","drops":[{"name":"Bones","id":526,"quantity":1,"price":75},{"name":"Coins","id":995,"quantity":42,"price":1}],"date":"Dec 28, 2022, 11:57:54 PM"}
{"name":"Hobgoblin","level":47,"killCount":-1,"type":"NPC","drops":[{"name":"Bones","id":526,"quantity":1,"price":75},{"name":"Chaos rune","id":562,"quantity":3,"price":77}],"date":"Dec 28, 2022, 11:57:55 PM"}
{"name":"Hobgoblin","level":47,"killCount":-1,"type":"NPC","drops":[{"name":"Bones","id":526,"quantity":1,"price":75},{"name":"Coins","id":995,"quantity":42,"price":1}],"date":"Dec 28, 2022, 11:58:17 PM"}
{"name":"Hobgoblin","level":47,"killCount":-1,"type":"NPC","drops":[{"name":"Bones","id":526,"quantity":1,"price":75},{"name":"Law rune","id":563,"quantity":2,"price":125}],"date":"Dec 28, 2022, 11:58:57 PM"}
{"name":"Hobgoblin","level":47,"killCount":-1,"type":"NPC","drops":[{"name":"Bones","id":526,"quantity":1,"price":75},{"name":"Coins","id":995,"quantity":5,"price":1}],"date":"Dec 28, 2022, 11:59:07 PM"}
{"name":"Hobgoblin","level":47,"killCount":-1,"type":"NPC","drops":[{"name":"Bones","id":526,"quantity":1,"price":75},{"name":"Coins","id":995,"quantity":15,"price":1}],"date":"Dec 28, 2022, 11:59:46 PM"}
{"name":"Hobgoblin","level":47,"killCount":-1,"type":"NPC","drops":[{"name":"Bones","id":526,"quantity":1,"price":75},{"name":"Coins","id":995,"quantity":15,"price":1}],"date":"Dec 28, 2022, 11:59:59 PM"}
{"name":"Hobgoblin","level":47,"killCount":-1,"type":"NPC","drops":[{"name":"Bones","id":526,"quantity":1,"price":75},{"name":"Body rune","id":559,"quantity":6,"price":4}],"date":"Dec 29, 2022, 12:00:12 AM"}
{"name":"Hobgoblin","level":47,"killCount":-1,"type":"NPC","drops":[{"name":"Bones","id":526,"quantity":1,"price":75},{"name":"Limpwurt root","id":225,"quantity":1,"price":616}],"date":"Dec 29, 2022, 12:00:55 AM"}
{"name":"Hobgoblin","level":47,"killCount":-1,"type":"NPC","drops":[{"name":"Bones","id":526,"quantity":1,"price":75},{"name":"Coins","id":995,"quantity":5,"price":1}],"date":"Dec 29, 2022, 12:01:04 AM"}
{"name":"Hobgoblin","level":47,"killCount":-1,"type":"NPC","drops":[{"name":"Bones","id":526,"quantity":1,"price":75},{"name":"Limpwurt root","id":225,"quantity":1,"price":616}],"date":"Dec 29, 2022, 12:01:13 AM"}
{"name":"Hobgoblin","level":47,"killCount":-1,"type":"NPC","drops":[{"name":"Bones","id":526,"quantity":1,"price":75},{"name":"Coins","id":995,"quantity":15,"price":1}],"date":"Dec 29, 2022, 12:21:42 AM"}
{"name":"Hobgoblin","level":47,"killCount":-1,"type":"NPC","drops":[{"name":"Bones","id":526,"quantity":1,"price":75},{"name":"Wildblood seed","id":5311,"quantity":1,"price":28}],"date":"Dec 29, 2022, 12:21:48 AM"}
{"name":"Hobgoblin","level":47,"killCount":-1,"type":"NPC","drops":[{"name":"Bones","id":526,"quantity":1,"price":75},{"name":"Coins","id":995,"quantity":5,"price":1}],"date":"Dec 29, 2022, 12:21:56 AM"}
{"name":"Hobgoblin","level":47,"killCount":-1,"type":"NPC","drops":[{"name":"Bones","id":526,"quantity":1,"price":75},{"name":"Grimy tarromin","id":203,"quantity":1,"price":108}],"date":"Dec 29, 2022, 12:22:00 AM"}
{"name":"Hobgoblin","level":47,"killCount":-1,"type":"NPC","drops":[{"name":"Bones","id":526,"quantity":1,"price":75},{"name":"Coins","id":995,"quantity":42,"price":1}],"date":"Dec 29, 2022, 12:22:56 AM"}
{"name":"Hobgoblin","level":47,"killCount":-1,"type":"NPC","drops":[{"name":"Bones","id":526,"quantity":1,"price":75},{"name":"Belladonna seed","id":5281,"quantity":1,"price":88}],"date":"Dec 29, 2022, 12:23:14 AM"}
{"name":"Hobgoblin","level":47,"killCount":-1,"type":"NPC","drops":[{"name":"Bones","id":526,"quantity":1,"price":75},{"name":"Coins","id":995,"quantity":5,"price":1}],"date":"Dec 29, 2022, 12:23:34 AM"}
