{"name":"Ice troll female","level":82,"killCount":-1,"type":"NPC","drops":[{"name":"Nature rune","id":561,"quantity":6,"price":196}],"date":"Mar 28, 2022, 12:05:57 AM"}
{"name":"Ice troll female","level":82,"killCount":-1,"type":"NPC","drops":[{"name":"Mithril warhammer","id":1343,"quantity":1,"price":756}],"date":"Mar 28, 2022, 12:06:46 AM"}
{"name":"Ice troll female","level":82,"killCount":-1,"type":"NPC","drops":[{"name":"Steel platebody","id":1119,"quantity":1,"price":909}],"date":"Mar 28, 2022, 12:07:25 AM"}
{"name":"Ice troll female","level":82,"killCount":-1,"type":"NPC","drops":[{"name":"Coins","id":995,"quantity":200,"price":1}],"date":"Mar 28, 2022, 12:08:15 AM"}
{"name":"Ice troll female","level":82,"killCount":-1,"type":"NPC","drops":[{"name":"Earth rune","id":557,"quantity":8,"price":4}],"date":"Mar 28, 2022, 12:08:56 AM"}
{"name":"Ice troll female","level":82,"killCount":-1,"type":"NPC","drops":[{"name":"Adamant full helm","id":1161,"quantity":1,"price":1836}],"date":"Mar 28, 2022, 12:09:58 AM"}
{"name":"Ice troll female","level":82,"killCount":-1,"type":"NPC","drops":[{"name":"Toadflax seed","id":5296,"quantity":1,"price":2817}],"date":"Mar 28, 2022, 12:10:37 AM"}
{"name":"Ice troll female","level":82,"killCount":-1,"type":"NPC","drops":[{"name":"Earth rune","id":557,"quantity":12,"price":4}],"date":"Mar 28, 2022, 12:11:44 AM"}
{"name":"Ice troll female","level":82,"killCount":-1,"type":"NPC","drops":[{"name":"Ensouled troll head","id":13483,"quantity":1,"price":1280},{"name":"Earth rune","id":557,"quantity":35,"price":4}],"date":"Mar 28, 2022, 12:12:23 AM"}
{"name":"Ice troll female","level":82,"killCount":-1,"type":"NPC","drops":[{"name":"Nature rune","id":561,"quantity":8,"price":196}],"date":"Mar 28, 2022, 12:13:06 AM"}
{"name":"Ice troll female","level":82,"killCount":-1,"type":"NPC","drops":[{"name":"Coins","id":995,"quantity":200,"price":1}],"date":"Mar 28, 2022, 12:13:58 AM"}
{"name":"Ice troll female","level":82,"killCount":-1,"type":"NPC","drops":[{"name":"Grimy marrentill","id":201,"quantity":1,"price":27}],"date":"Mar 28, 2022, 12:14:41 AM"}
{"name":"Ice troll female","level":82,"killCount":-1,"type":"NPC","drops":[{"name":"Ball of wool","id":1760,"quantity":18,"price":35}],"date":"Mar 28, 2022, 12:15:28 AM"}
{"name":"Ice troll female","level":82,"killCount":-1,"type":"NPC","drops":[{"name":"Ensouled troll head","id":13483,"quantity":1,"price":1280},{"name":"Raw shark","id":384,"quantity":3,"price":781}],"date":"Mar 28, 2022, 12:16:07 AM"}
{"name":"Ice troll female","level":82,"killCount":-1,"type":"NPC","drops":[{"name":"Steel platebody","id":1119,"quantity":1,"price":907}],"date":"Mar 28, 2022, 12:16:51 AM"}
{"name":"Ice troll female","level":82,"killCount":-1,"type":"NPC","drops":[{"name":"Coins","id":995,"quantity":200,"price":1}],"date":"Mar 28, 2022, 12:17:32 AM"}
{"name":"Ice troll female","level":82,"killCount":-1,"type":"NPC","drops":[{"name":"Granite shield","id":3122,"quantity":1,"price":34452}],"date":"Mar 28, 2022, 12:18:12 AM"}
{"name":"Ice troll female","level":82,"killCount":-1,"type":"NPC","drops":[{"name":"Coins","id":995,"quantity":200,"price":1}],"date":"Mar 28, 2022, 12:19:00 AM"}
{"name":"Ice troll female","level":82,"killCount":-1,"type":"NPC","drops":[{"name":"Ensouled troll head","id":13483,"quantity":1,"price":1280},{"name":"Coins","id":995,"quantity":200,"price":1}],"date":"Mar 28, 2022, 12:19:41 AM"}
{"name":"Ice troll female","level":82,"killCount":-1,"type":"NPC","drops":[{"name":"Harralander seed","id":5294,"quantity":1,"price":49}],"date":"Mar 28, 2022, 12:20:34 AM"}
{"name":"Ice troll female","level":82,"killCount":-1,"type":"NPC","drops":[{"name":"Earth rune","id":557,"quantity":11,"price":4}],"date":"Mar 28, 2022, 12:21:39 AM"}
{"name":"Ice troll female","level":82,"killCount":-1,"type":"NPC","drops":[{"name":"Coins","id":995,"quantity":200,"price":1}],"date":"Mar 28, 2022, 12:22:24 AM"}
{"name":"Ice troll female","level":82,"killCount":-1,"type":"NPC","drops":[{"name":"Seaweed","id":402,"quantity":8,"price":14}],"date":"Mar 28, 2022, 12:24:25 AM"}
{"name":"Ice troll female","level":82,"killCount":-1,"type":"NPC","drops":[{"name":"Seaweed","id":402,"quantity":4,"price":17}],"date":"May 23, 2022, 2:04:28 PM"}
{"name":"Ice troll female","level":82,"killCount":-1,"type":"NPC","drops":[{"name":"Coins","id":995,"quantity":200,"price":1}],"date":"May 23, 2022, 2:05:12 PM"}
{"name":"Ice troll female","level":82,"killCount":-1,"type":"NPC","drops":[{"name":"Law rune","id":563,"quantity":8,"price":130}],"date":"May 23, 2022, 2:05:51 PM"}
{"name":"Ice troll female","level":82,"killCount":-1,"type":"NPC","drops":[{"name":"Jangerberry seed","id":5104,"quantity":1,"price":1}],"date":"May 23, 2022, 2:06:34 PM"}
{"name":"Ice troll female","level":82,"killCount":-1,"type":"NPC","drops":[{"name":"Seaweed","id":402,"quantity":7,"price":17}],"date":"May 23, 2022, 2:07:14 PM"}
{"name":"Ice troll female","level":82,"killCount":-1,"type":"NPC","drops":[{"name":"Ensouled troll head","id":13483,"quantity":1,"price":2237},{"name":"Coins","id":995,"quantity":200,"price":1}],"date":"May 23, 2022, 2:07:56 PM"}
{"name":"Ice troll female","level":82,"killCount":-1,"type":"NPC","drops":[{"name":"Coins","id":995,"quantity":200,"price":1}],"date":"May 23, 2022, 2:08:39 PM"}
{"name":"Ice troll female","level":82,"killCount":-1,"type":"NPC","drops":[{"name":"Raw shark","id":384,"quantity":2,"price":739}],"date":"May 23, 2022, 2:09:22 PM"}
{"name":"Ice troll female","level":82,"killCount":-1,"type":"NPC","drops":[{"name":"Coins","id":995,"quantity":200,"price":1}],"date":"May 23, 2022, 2:10:13 PM"}
{"name":"Ice troll female","level":82,"killCount":-1,"type":"NPC","drops":[{"name":"Seaweed","id":402,"quantity":4,"price":16}],"date":"May 23, 2022, 2:10:53 PM"}
{"name":"Ice troll female","level":82,"killCount":-1,"type":"NPC","drops":[{"name":"Raw shark","id":384,"quantity":5,"price":739}],"date":"May 23, 2022, 2:11:44 PM"}
{"name":"Ice troll female","level":82,"killCount":-1,"type":"NPC","drops":[{"name":"Ensouled troll head","id":13483,"quantity":1,"price":2237},{"name":"Coins","id":995,"quantity":200,"price":1}],"date":"May 23, 2022, 2:12:34 PM"}
{"name":"Ice troll female","level":82,"killCount":-1,"type":"NPC","drops":[{"name":"Granite shield","id":3122,"quantity":1,"price":32621}],"date":"May 23, 2022, 2:13:16 PM"}
{"name":"Ice troll female","level":82,"killCount":-1,"type":"NPC","drops":[{"name":"Seaweed","id":402,"quantity":3,"price":16}],"date":"May 23, 2022, 2:14:00 PM"}
{"name":"Ice troll female","level":82,"killCount":-1,"type":"NPC","drops":[{"name":"Steel platebody","id":1119,"quantity":1,"price":987}],"date":"May 23, 2022, 2:14:41 PM"}
{"name":"Ice troll female","level":82,"killCount":-1,"type":"NPC","drops":[{"name":"Raw shark","id":384,"quantity":4,"price":739}],"date":"May 23, 2022, 2:15:45 PM"}
{"name":"Ice troll female","level":82,"killCount":-1,"type":"NPC","drops":[{"name":"Earth rune","id":557,"quantity":27,"price":4}],"date":"May 23, 2022, 2:16:24 PM"}
{"name":"Ice troll female","level":82,"killCount":-1,"type":"NPC","drops":[{"name":"Earth rune","id":557,"quantity":25,"price":4}],"date":"May 23, 2022, 2:17:11 PM"}
{"name":"Ice troll female","level":82,"killCount":-1,"type":"NPC","drops":[{"name":"Ensouled troll head","id":13483,"quantity":1,"price":2237},{"name":"Coins","id":995,"quantity":200,"price":1}],"date":"May 23, 2022, 2:17:51 PM"}
{"name":"Ice troll female","level":82,"killCount":-1,"type":"NPC","drops":[{"name":"Coins","id":995,"quantity":200,"price":1}],"date":"May 23, 2022, 2:19:01 PM"}
{"name":"Ice troll female","level":82,"killCount":-1,"type":"NPC","drops":[{"name":"Nature rune","id":561,"quantity":7,"price":197}],"date":"May 23, 2022, 2:19:39 PM"}
{"name":"Ice troll female","level":82,"killCount":-1,"type":"NPC","drops":[{"name":"Adamant axe","id":1357,"quantity":1,"price":372}],"date":"May 23, 2022, 2:20:42 PM"}
{"name":"Ice troll female","level":82,"killCount":-1,"type":"NPC","drops":[{"name":"Adamant full helm","id":1161,"quantity":1,"price":1924}],"date":"May 23, 2022, 2:21:26 PM"}
{"name":"Ice troll female","level":82,"killCount":-1,"type":"NPC","drops":[{"name":"Law rune","id":563,"quantity":5,"price":130}],"date":"May 23, 2022, 2:22:10 PM"}
{"name":"Ice troll female","level":82,"killCount":-1,"type":"NPC","drops":[{"name":"Seaweed","id":402,"quantity":3,"price":16}],"date":"May 23, 2022, 2:22:54 PM"}
{"name":"Ice troll female","level":82,"killCount":-1,"type":"NPC","drops":[{"name":"Ball of wool","id":1760,"quantity":28,"price":42}],"date":"May 23, 2022, 2:23:30 PM"}
{"name":"Ice troll female","level":82,"killCount":-1,"type":"NPC","drops":[{"name":"Limpwurt seed","id":5100,"quantity":1,"price":20}],"date":"May 23, 2022, 2:24:17 PM"}
{"name":"Ice troll female","level":82,"killCount":-1,"type":"NPC","drops":[{"name":"Marrentill seed","id":5292,"quantity":1,"price":6}],"date":"May 29, 2022, 1:08:14 AM"}
{"name":"Ice troll female","level":82,"killCount":-1,"type":"NPC","drops":[{"name":"Earth rune","id":557,"quantity":8,"price":5}],"date":"May 29, 2022, 1:08:56 AM"}
{"name":"Ice troll female","level":82,"killCount":-1,"type":"NPC","drops":[{"name":"Earth rune","id":557,"quantity":13,"price":5}],"date":"May 29, 2022, 1:09:35 AM"}
{"name":"Ice troll female","level":82,"killCount":-1,"type":"NPC","drops":[{"name":"Earth rune","id":557,"quantity":22,"price":5}],"date":"May 29, 2022, 1:10:14 AM"}
{"name":"Ice troll female","level":82,"killCount":-1,"type":"NPC","drops":[{"name":"Coins","id":995,"quantity":200,"price":1}],"date":"May 29, 2022, 1:10:53 AM"}
{"name":"Ice troll female","level":82,"killCount":-1,"type":"NPC","drops":[{"name":"Earth rune","id":557,"quantity":15,"price":5}],"date":"May 29, 2022, 1:11:34 AM"}
{"name":"Ice troll female","level":82,"killCount":-1,"type":"NPC","drops":[{"name":"Coins","id":995,"quantity":200,"price":1}],"date":"May 29, 2022, 1:12:20 AM"}
{"name":"Ice troll female","level":82,"killCount":-1,"type":"NPC","drops":[{"name":"Mithril warhammer","id":1343,"quantity":1,"price":752}],"date":"May 29, 2022, 1:13:06 AM"}
{"name":"Ice troll female","level":82,"killCount":-1,"type":"NPC","drops":[{"name":"Adamant full helm","id":1161,"quantity":1,"price":1826}],"date":"May 29, 2022, 1:13:51 AM"}
{"name":"Ice troll female","level":82,"killCount":-1,"type":"NPC","drops":[{"name":"Adamant axe","id":1357,"quantity":1,"price":409}],"date":"May 29, 2022, 1:14:34 AM"}
{"name":"Ice troll female","level":82,"killCount":-1,"type":"NPC","drops":[{"name":"Nature rune","id":561,"quantity":11,"price":189}],"date":"May 29, 2022, 1:15:21 AM"}
{"name":"Ice troll female","level":82,"killCount":-1,"type":"NPC","drops":[{"name":"Adamant full helm","id":1161,"quantity":1,"price":1826}],"date":"May 29, 2022, 1:16:05 AM"}
{"name":"Ice troll female","level":82,"killCount":-1,"type":"NPC","drops":[{"name":"Raw shark","id":384,"quantity":4,"price":737}],"date":"May 29, 2022, 1:16:47 AM"}
{"name":"Ice troll female","level":82,"killCount":-1,"type":"NPC","drops":[{"name":"Rune kiteshield","id":1201,"quantity":1,"price":32047}],"date":"May 29, 2022, 1:17:29 AM"}
{"name":"Ice troll female","level":82,"killCount":-1,"type":"NPC","drops":[{"name":"Adamant axe","id":1357,"quantity":1,"price":409}],"date":"May 29, 2022, 1:18:14 AM"}
{"name":"Ice troll female","level":82,"killCount":-1,"type":"NPC","drops":[{"name":"Ensouled troll head","id":13483,"quantity":1,"price":2003},{"name":"Mithril warhammer","id":1343,"quantity":1,"price":752}],"date":"May 29, 2022, 1:18:49 AM"}
{"name":"Ice troll female","level":82,"killCount":-1,"type":"NPC","drops":[{"name":"Mithril warhammer","id":1343,"quantity":1,"price":752}],"date":"May 29, 2022, 1:19:41 AM"}
{"name":"Ice troll female","level":82,"killCount":-1,"type":"NPC","drops":[{"name":"Adamant axe","id":1357,"quantity":1,"price":409}],"date":"May 29, 2022, 1:20:26 AM"}
{"name":"Ice troll female","level":82,"killCount":-1,"type":"NPC","drops":[{"name":"Law rune","id":563,"quantity":5,"price":131}],"date":"May 29, 2022, 1:21:09 AM"}
{"name":"Ice troll female","level":82,"killCount":-1,"type":"NPC","drops":[{"name":"Earth rune","id":557,"quantity":19,"price":5}],"date":"May 29, 2022, 1:21:54 AM"}
{"name":"Ice troll female","level":82,"killCount":-1,"type":"NPC","drops":[{"name":"Earth rune","id":557,"quantity":13,"price":5}],"date":"May 29, 2022, 1:22:33 AM"}
{"name":"Ice troll female","level":82,"killCount":-1,"type":"NPC","drops":[{"name":"Coins","id":995,"quantity":200,"price":1}],"date":"May 29, 2022, 1:23:20 AM"}
{"name":"Ice troll female","level":82,"killCount":-1,"type":"NPC","drops":[{"name":"Ball of wool","id":1760,"quantity":21,"price":34}],"date":"May 29, 2022, 1:24:04 AM"}
{"name":"Ice troll female","level":82,"killCount":-1,"type":"NPC","drops":[{"name":"Raw shark","id":384,"quantity":8,"price":715}],"date":"Jul 5, 2022, 8:37:08 PM"}
{"name":"Ice troll female","level":82,"killCount":-1,"type":"NPC","drops":[{"name":"Seaweed","id":402,"quantity":6,"price":12}],"date":"Jul 5, 2022, 8:38:04 PM"}
{"name":"Ice troll female","level":82,"killCount":-1,"type":"NPC","drops":[{"name":"Adamant full helm","id":1161,"quantity":1,"price":1333}],"date":"Jul 5, 2022, 8:39:17 PM"}
{"name":"Ice troll female","level":82,"killCount":-1,"type":"NPC","drops":[{"name":"Earth rune","id":557,"quantity":20,"price":4}],"date":"Jul 5, 2022, 8:40:12 PM"}
{"name":"Ice troll female","level":82,"killCount":-1,"type":"NPC","drops":[{"name":"Raw shark","id":384,"quantity":4,"price":712}],"date":"Jul 5, 2022, 8:40:54 PM"}
{"name":"Ice troll female","level":82,"killCount":-1,"type":"NPC","drops":[{"name":"Rune warhammer","id":1347,"quantity":1,"price":25200}],"date":"Jul 5, 2022, 8:41:40 PM"}
{"name":"Ice troll female","level":82,"killCount":-1,"type":"NPC","drops":[{"name":"Adamant full helm","id":1161,"quantity":1,"price":1333}],"date":"Jul 5, 2022, 8:42:21 PM"}
{"name":"Ice troll female","level":82,"killCount":-1,"type":"NPC","drops":[{"name":"Steel platebody","id":1119,"quantity":1,"price":852}],"date":"Jul 5, 2022, 8:43:06 PM"}
{"name":"Ice troll female","level":82,"killCount":-1,"type":"NPC","drops":[{"name":"Strawberry seed","id":5323,"quantity":1,"price":12}],"date":"Jul 5, 2022, 8:43:52 PM"}
{"name":"Ice troll female","level":82,"killCount":-1,"type":"NPC","drops":[{"name":"Ranarr seed","id":5295,"quantity":1,"price":53750}],"date":"Jul 5, 2022, 8:44:30 PM"}
{"name":"Ice troll female","level":82,"killCount":-1,"type":"NPC","drops":[{"name":"Curved bone","id":10977,"quantity":1,"price":2000},{"name":"Seaweed","id":402,"quantity":9,"price":12}],"date":"Jul 5, 2022, 8:45:18 PM"}
{"name":"Ice troll female","level":82,"killCount":-1,"type":"NPC","drops":[{"name":"Coins","id":995,"quantity":200,"price":1}],"date":"Jul 5, 2022, 8:46:00 PM"}
{"name":"Ice troll female","level":82,"killCount":-1,"type":"NPC","drops":[{"name":"Raw shark","id":384,"quantity":5,"price":712}],"date":"Jul 5, 2022, 8:46:56 PM"}
{"name":"Ice troll female","level":82,"killCount":-1,"type":"NPC","drops":[{"name":"Cadantine seed","id":5301,"quantity":1,"price":618}],"date":"Jul 5, 2022, 8:47:42 PM"}
{"name":"Ice troll female","level":82,"killCount":-1,"type":"NPC","drops":[{"name":"Coins","id":995,"quantity":200,"price":1}],"date":"Jul 5, 2022, 8:48:31 PM"}
{"name":"Ice troll female","level":82,"killCount":-1,"type":"NPC","drops":[{"name":"Rune kiteshield","id":1201,"quantity":1,"price":32222}],"date":"Aug 2, 2022, 9:06:55 AM"}
{"name":"Ice troll female","level":82,"killCount":-1,"type":"NPC","drops":[{"name":"Adamant full helm","id":1161,"quantity":1,"price":1812}],"date":"Aug 2, 2022, 9:07:39 AM"}
{"name":"Ice troll female","level":82,"killCount":-1,"type":"NPC","drops":[{"name":"Adamant full helm","id":1161,"quantity":1,"price":1812}],"date":"Aug 2, 2022, 9:08:30 AM"}
{"name":"Ice troll female","level":82,"killCount":-1,"type":"NPC","drops":[{"name":"Ball of wool","id":1760,"quantity":24,"price":38}],"date":"Aug 2, 2022, 9:10:07 AM"}
{"name":"Ice troll female","level":82,"killCount":-1,"type":"NPC","drops":[{"name":"Ball of wool","id":1760,"quantity":23,"price":38}],"date":"Aug 2, 2022, 9:10:45 AM"}
{"name":"Ice troll female","level":82,"killCount":-1,"type":"NPC","drops":[{"name":"Nature rune","id":561,"quantity":7,"price":184}],"date":"Aug 2, 2022, 9:11:23 AM"}
{"name":"Ice troll female","level":82,"killCount":-1,"type":"NPC","drops":[{"name":"Irit seed","id":5297,"quantity":1,"price":33}],"date":"Aug 2, 2022, 9:12:02 AM"}
{"name":"Ice troll female","level":82,"killCount":-1,"type":"NPC","drops":[{"name":"Coins","id":995,"quantity":200,"price":1}],"date":"Aug 2, 2022, 9:12:44 AM"}
{"name":"Ice troll female","level":82,"killCount":-1,"type":"NPC","drops":[{"name":"Law rune","id":563,"quantity":5,"price":138}],"date":"Aug 2, 2022, 9:13:28 AM"}
{"name":"Ice troll female","level":82,"killCount":-1,"type":"NPC","drops":[{"name":"Seaweed","id":402,"quantity":5,"price":21}],"date":"Aug 2, 2022, 9:14:09 AM"}
{"name":"Ice troll female","level":82,"killCount":-1,"type":"NPC","drops":[{"name":"Nature rune","id":561,"quantity":10,"price":184}],"date":"Aug 2, 2022, 9:15:03 AM"}
{"name":"Ice troll female","level":82,"killCount":-1,"type":"NPC","drops":[{"name":"Raw shark","id":384,"quantity":4,"price":677}],"date":"Aug 2, 2022, 9:15:42 AM"}
{"name":"Ice troll female","level":82,"killCount":-1,"type":"NPC","drops":[{"name":"Rune kiteshield","id":1201,"quantity":1,"price":32222}],"date":"Aug 2, 2022, 9:16:20 AM"}
{"name":"Ice troll female","level":82,"killCount":-1,"type":"NPC","drops":[{"name":"Ensouled troll head","id":13483,"quantity":1,"price":1939},{"name":"Law rune","id":563,"quantity":6,"price":138}],"date":"Aug 2, 2022, 9:17:04 AM"}
{"name":"Ice troll female","level":82,"killCount":-1,"type":"NPC","drops":[{"name":"Adamant axe","id":1357,"quantity":1,"price":414}],"date":"Aug 2, 2022, 9:17:45 AM"}
{"name":"Ice troll female","level":82,"killCount":-1,"type":"NPC","drops":[{"name":"Earth rune","id":557,"quantity":25,"price":4}],"date":"Aug 2, 2022, 9:18:26 AM"}
{"name":"Ice troll female","level":82,"killCount":-1,"type":"NPC","drops":[{"name":"Adamant axe","id":1357,"quantity":1,"price":414}],"date":"Aug 2, 2022, 9:19:11 AM"}
{"name":"Ice troll female","level":82,"killCount":-1,"type":"NPC","drops":[{"name":"Steel platebody","id":1119,"quantity":1,"price":922}],"date":"Aug 2, 2022, 9:19:51 AM"}
{"name":"Ice troll female","level":82,"killCount":-1,"type":"NPC","drops":[{"name":"Coins","id":995,"quantity":200,"price":1}],"date":"Aug 2, 2022, 9:20:32 AM"}
{"name":"Ice troll female","level":82,"killCount":-1,"type":"NPC","drops":[{"name":"Adamant full helm","id":1161,"quantity":1,"price":1812}],"date":"Aug 2, 2022, 9:21:09 AM"}
{"name":"Ice troll female","level":82,"killCount":-1,"type":"NPC","drops":[{"name":"Jangerberry seed","id":5104,"quantity":1,"price":1}],"date":"Aug 2, 2022, 9:22:13 AM"}
{"name":"Ice troll female","level":82,"killCount":-1,"type":"NPC","drops":[{"name":"Steel platebody","id":1119,"quantity":1,"price":914}],"date":"Aug 3, 2022, 7:46:55 PM"}
{"name":"Ice troll female","level":82,"killCount":-1,"type":"NPC","drops":[{"name":"Earth rune","id":557,"quantity":12,"price":5}],"date":"Aug 3, 2022, 7:47:35 PM"}
{"name":"Ice troll female","level":82,"killCount":-1,"type":"NPC","drops":[{"name":"Coins","id":995,"quantity":200,"price":1}],"date":"Aug 3, 2022, 7:48:15 PM"}
{"name":"Ice troll female","level":82,"killCount":-1,"type":"NPC","drops":[{"name":"Earth rune","id":557,"quantity":17,"price":5}],"date":"Aug 3, 2022, 7:49:01 PM"}
{"name":"Ice troll female","level":82,"killCount":-1,"type":"NPC","drops":[{"name":"Earth rune","id":557,"quantity":22,"price":5}],"date":"Aug 3, 2022, 7:49:43 PM"}
{"name":"Ice troll female","level":82,"killCount":-1,"type":"NPC","drops":[{"name":"Raw shark","id":384,"quantity":5,"price":677}],"date":"Aug 3, 2022, 7:50:25 PM"}
{"name":"Ice troll female","level":82,"killCount":-1,"type":"NPC","drops":[{"name":"Steel platebody","id":1119,"quantity":1,"price":914}],"date":"Aug 3, 2022, 7:51:13 PM"}
{"name":"Ice troll female","level":82,"killCount":-1,"type":"NPC","drops":[{"name":"Coins","id":995,"quantity":200,"price":1}],"date":"Aug 3, 2022, 7:52:02 PM"}
{"name":"Ice troll female","level":82,"killCount":-1,"type":"NPC","drops":[{"name":"Nature rune","id":561,"quantity":9,"price":183}],"date":"Aug 3, 2022, 7:52:45 PM"}
{"name":"Ice troll female","level":82,"killCount":-1,"type":"NPC","drops":[{"name":"Steel platebody","id":1119,"quantity":1,"price":914}],"date":"Aug 3, 2022, 7:53:35 PM"}
{"name":"Ice troll female","level":82,"killCount":-1,"type":"NPC","drops":[{"name":"Adamant full helm","id":1161,"quantity":1,"price":1770}],"date":"Aug 3, 2022, 7:54:15 PM"}
{"name":"Ice troll female","level":82,"killCount":-1,"type":"NPC","drops":[{"name":"Watermelon seed","id":5321,"quantity":1,"price":14}],"date":"Aug 3, 2022, 7:54:54 PM"}
{"name":"Ice troll female","level":82,"killCount":-1,"type":"NPC","drops":[{"name":"Seaweed","id":402,"quantity":6,"price":19}],"date":"Aug 3, 2022, 7:55:43 PM"}
{"name":"Ice troll female","level":82,"killCount":-1,"type":"NPC","drops":[{"name":"Coins","id":995,"quantity":200,"price":1}],"date":"Aug 3, 2022, 7:56:23 PM"}
{"name":"Ice troll female","level":82,"killCount":-1,"type":"NPC","drops":[{"name":"Coins","id":995,"quantity":200,"price":1}],"date":"Aug 3, 2022, 7:57:05 PM"}
{"name":"Ice troll female","level":82,"killCount":-1,"type":"NPC","drops":[{"name":"Coins","id":995,"quantity":200,"price":1}],"date":"Aug 3, 2022, 7:57:46 PM"}
{"name":"Ice troll female","level":82,"killCount":-1,"type":"NPC","drops":[{"name":"Earth rune","id":557,"quantity":9,"price":5}],"date":"Aug 3, 2022, 7:58:27 PM"}
{"name":"Ice troll female","level":82,"killCount":-1,"type":"NPC","drops":[{"name":"Steel platebody","id":1119,"quantity":1,"price":914}],"date":"Aug 3, 2022, 7:59:17 PM"}
{"name":"Ice troll female","level":82,"killCount":-1,"type":"NPC","drops":[{"name":"Adamant full helm","id":1161,"quantity":1,"price":1770}],"date":"Aug 3, 2022, 8:00:03 PM"}
