{"name":"Ice troll runt","level":74,"killCount":-1,"type":"NPC","drops":[{"name":"Coins","id":995,"quantity":35,"price":1}],"date":"Mar 28, 2022, 12:06:01 AM"}
{"name":"Ice troll runt","level":74,"killCount":-1,"type":"NPC","drops":[{"name":"Seaweed","id":402,"quantity":3,"price":14}],"date":"Mar 28, 2022, 12:06:13 AM"}
{"name":"Ice troll runt","level":74,"killCount":-1,"type":"NPC","drops":[{"name":"Adamant axe","id":1357,"quantity":1,"price":343}],"date":"Mar 28, 2022, 12:06:42 AM"}
{"name":"Ice troll runt","level":74,"killCount":-1,"type":"NPC","drops":[{"name":"Ensouled troll head","id":13483,"quantity":1,"price":1280},{"name":"Steel warhammer","id":1339,"quantity":1,"price":127}],"date":"Mar 28, 2022, 12:06:45 AM"}
{"name":"Ice troll runt","level":74,"killCount":-1,"type":"NPC","drops":[{"name":"Coins","id":995,"quantity":200,"price":1}],"date":"Mar 28, 2022, 12:07:05 AM"}
{"name":"Ice troll runt","level":74,"killCount":-1,"type":"NPC","drops":[{"name":"Nature rune","id":561,"quantity":7,"price":196}],"date":"Mar 28, 2022, 12:07:29 AM"}
{"name":"Ice troll runt","level":74,"killCount":-1,"type":"NPC","drops":[{"name":"Adamant axe","id":1357,"quantity":1,"price":343}],"date":"Mar 28, 2022, 12:07:36 AM"}
{"name":"Ice troll runt","level":74,"killCount":-1,"type":"NPC","drops":[{"name":"Adamant full helm","id":1161,"quantity":1,"price":1836}],"date":"Mar 28, 2022, 12:07:54 AM"}
{"name":"Ice troll runt","level":74,"killCount":-1,"type":"NPC","drops":[{"name":"Coins","id":995,"quantity":35,"price":1}],"date":"Mar 28, 2022, 12:08:30 AM"}
{"name":"Ice troll runt","level":74,"killCount":-1,"type":"NPC","drops":[{"name":"Adamant axe","id":1357,"quantity":1,"price":343}],"date":"Mar 28, 2022, 12:08:31 AM"}
{"name":"Ice troll runt","level":74,"killCount":-1,"type":"NPC","drops":[{"name":"Coins","id":995,"quantity":200,"price":1}],"date":"Mar 28, 2022, 12:08:43 AM"}
{"name":"Ice troll runt","level":74,"killCount":-1,"type":"NPC","drops":[{"name":"Coins","id":995,"quantity":35,"price":1}],"date":"Mar 28, 2022, 12:09:13 AM"}
{"name":"Ice troll runt","level":74,"killCount":-1,"type":"NPC","drops":[{"name":"Coins","id":995,"quantity":200,"price":1}],"date":"Mar 28, 2022, 12:09:23 AM"}
{"name":"Ice troll runt","level":74,"killCount":-1,"type":"NPC","drops":[{"name":"Grimy guam leaf","id":199,"quantity":1,"price":47}],"date":"Mar 28, 2022, 12:09:28 AM"}
{"name":"Ice troll runt","level":74,"killCount":-1,"type":"NPC","drops":[{"name":"Ensouled troll head","id":13483,"quantity":1,"price":1280},{"name":"Ball of wool","id":1760,"quantity":20,"price":35}],"date":"Mar 28, 2022, 12:10:13 AM"}
{"name":"Ice troll runt","level":74,"killCount":-1,"type":"NPC","drops":[{"name":"Ensouled troll head","id":13483,"quantity":1,"price":1280},{"name":"Law rune","id":563,"quantity":4,"price":134}],"date":"Mar 28, 2022, 12:10:17 AM"}
{"name":"Ice troll runt","level":74,"killCount":-1,"type":"NPC","drops":[{"name":"Nature rune","id":561,"quantity":7,"price":196}],"date":"Mar 28, 2022, 12:10:43 AM"}
{"name":"Ice troll runt","level":74,"killCount":-1,"type":"NPC","drops":[{"name":"Ball of wool","id":1760,"quantity":35,"price":35}],"date":"Mar 28, 2022, 12:11:23 AM"}
{"name":"Ice troll runt","level":74,"killCount":-1,"type":"NPC","drops":[{"name":"Snape grass seed","id":22879,"quantity":1,"price":2127}],"date":"Mar 28, 2022, 12:11:31 AM"}
{"name":"Ice troll runt","level":74,"killCount":-1,"type":"NPC","drops":[{"name":"Law rune","id":563,"quantity":8,"price":134}],"date":"Mar 28, 2022, 12:11:40 AM"}
{"name":"Ice troll runt","level":74,"killCount":-1,"type":"NPC","drops":[{"name":"Nature rune","id":561,"quantity":6,"price":196}],"date":"Mar 28, 2022, 12:12:13 AM"}
{"name":"Ice troll runt","level":74,"killCount":-1,"type":"NPC","drops":[{"name":"Coins","id":995,"quantity":35,"price":1}],"date":"Mar 28, 2022, 12:12:16 AM"}
{"name":"Ice troll runt","level":74,"killCount":-1,"type":"NPC","drops":[{"name":"Steel platebody","id":1119,"quantity":1,"price":909}],"date":"Mar 28, 2022, 12:12:31 AM"}
{"name":"Ice troll runt","level":74,"killCount":-1,"type":"NPC","drops":[{"name":"Coins","id":995,"quantity":35,"price":1}],"date":"Mar 28, 2022, 12:12:46 AM"}
{"name":"Ice troll runt","level":74,"killCount":-1,"type":"NPC","drops":[{"name":"Marrentill seed","id":5292,"quantity":1,"price":5}],"date":"Mar 28, 2022, 12:13:15 AM"}
{"name":"Ice troll runt","level":74,"killCount":-1,"type":"NPC","drops":[{"name":"Nature rune","id":561,"quantity":7,"price":196}],"date":"Mar 28, 2022, 12:13:37 AM"}
{"name":"Ice troll runt","level":74,"killCount":-1,"type":"NPC","drops":[{"name":"Adamant full helm","id":1161,"quantity":1,"price":1836}],"date":"Mar 28, 2022, 12:14:01 AM"}
{"name":"Ice troll runt","level":74,"killCount":-1,"type":"NPC","drops":[{"name":"Earth rune","id":557,"quantity":60,"price":4}],"date":"Mar 28, 2022, 12:14:29 AM"}
{"name":"Ice troll runt","level":74,"killCount":-1,"type":"NPC","drops":[{"name":"Ranarr seed","id":5295,"quantity":1,"price":38845}],"date":"Mar 28, 2022, 12:14:31 AM"}
{"name":"Ice troll runt","level":74,"killCount":-1,"type":"NPC","drops":[{"name":"Coins","id":995,"quantity":200,"price":1}],"date":"Mar 28, 2022, 12:14:49 AM"}
{"name":"Ice troll runt","level":74,"killCount":-1,"type":"NPC","drops":[{"name":"Earth rune","id":557,"quantity":25,"price":4}],"date":"Mar 28, 2022, 12:15:09 AM"}
{"name":"Ice troll runt","level":74,"killCount":-1,"type":"NPC","drops":[{"name":"Raw shark","id":384,"quantity":7,"price":781}],"date":"Mar 28, 2022, 12:15:13 AM"}
{"name":"Ice troll runt","level":74,"killCount":-1,"type":"NPC","drops":[{"name":"Ball of wool","id":1760,"quantity":40,"price":35}],"date":"Mar 28, 2022, 12:15:47 AM"}
{"name":"Ice troll runt","level":74,"killCount":-1,"type":"NPC","drops":[{"name":"Tarromin seed","id":5293,"quantity":1,"price":11}],"date":"Mar 28, 2022, 12:15:57 AM"}
{"name":"Ice troll runt","level":74,"killCount":-1,"type":"NPC","drops":[{"name":"Rune javelin","id":830,"quantity":5,"price":174}],"date":"Mar 28, 2022, 12:16:07 AM"}
{"name":"Ice troll runt","level":74,"killCount":-1,"type":"NPC","drops":[{"name":"Raw shark","id":384,"quantity":8,"price":781}],"date":"Mar 28, 2022, 12:16:30 AM"}
{"name":"Ice troll runt","level":74,"killCount":-1,"type":"NPC","drops":[{"name":"Coins","id":995,"quantity":35,"price":1}],"date":"Mar 28, 2022, 12:16:55 AM"}
{"name":"Ice troll runt","level":74,"killCount":-1,"type":"NPC","drops":[{"name":"Ball of wool","id":1760,"quantity":27,"price":34}],"date":"Mar 28, 2022, 12:16:58 AM"}
{"name":"Ice troll runt","level":74,"killCount":-1,"type":"NPC","drops":[{"name":"Coins","id":995,"quantity":200,"price":1}],"date":"Mar 28, 2022, 12:17:18 AM"}
{"name":"Ice troll runt","level":74,"killCount":-1,"type":"NPC","drops":[{"name":"Seaweed","id":402,"quantity":8,"price":14}],"date":"Mar 28, 2022, 12:17:37 AM"}
{"name":"Ice troll runt","level":74,"killCount":-1,"type":"NPC","drops":[{"name":"Coins","id":995,"quantity":50,"price":1}],"date":"Mar 28, 2022, 12:17:42 AM"}
{"name":"Ice troll runt","level":74,"killCount":-1,"type":"NPC","drops":[{"name":"Watermelon seed","id":5321,"quantity":1,"price":9}],"date":"Mar 28, 2022, 12:18:01 AM"}
{"name":"Ice troll runt","level":74,"killCount":-1,"type":"NPC","drops":[{"name":"Coins","id":995,"quantity":35,"price":1}],"date":"Mar 28, 2022, 12:18:06 AM"}
{"name":"Ice troll runt","level":74,"killCount":-1,"type":"NPC","drops":[{"name":"Adamant axe","id":1357,"quantity":1,"price":367}],"date":"Mar 28, 2022, 12:18:18 AM"}
{"name":"Ice troll runt","level":74,"killCount":-1,"type":"NPC","drops":[{"name":"Coins","id":995,"quantity":35,"price":1}],"date":"Mar 28, 2022, 12:18:35 AM"}
{"name":"Ice troll runt","level":74,"killCount":-1,"type":"NPC","drops":[{"name":"Adamant axe","id":1357,"quantity":1,"price":367}],"date":"Mar 28, 2022, 12:19:07 AM"}
{"name":"Ice troll runt","level":74,"killCount":-1,"type":"NPC","drops":[{"name":"Ranarr seed","id":5295,"quantity":1,"price":38843}],"date":"Mar 28, 2022, 12:19:30 AM"}
{"name":"Ice troll runt","level":74,"killCount":-1,"type":"NPC","drops":[{"name":"Mithril warhammer","id":1343,"quantity":1,"price":717}],"date":"Mar 28, 2022, 12:20:13 AM"}
{"name":"Ice troll runt","level":74,"killCount":-1,"type":"NPC","drops":[{"name":"Adamant full helm","id":1161,"quantity":1,"price":1796}],"date":"Mar 28, 2022, 12:21:07 AM"}
{"name":"Ice troll runt","level":74,"killCount":-1,"type":"NPC","drops":[{"name":"Nature rune","id":561,"quantity":7,"price":195}],"date":"Mar 28, 2022, 12:21:26 AM"}
{"name":"Ice troll runt","level":74,"killCount":-1,"type":"NPC","drops":[{"name":"Coins","id":995,"quantity":200,"price":1}],"date":"Mar 28, 2022, 12:21:52 AM"}
{"name":"Ice troll runt","level":74,"killCount":-1,"type":"NPC","drops":[{"name":"Ensouled troll head","id":13483,"quantity":1,"price":1280},{"name":"Coins","id":995,"quantity":200,"price":1}],"date":"Mar 28, 2022, 12:22:01 AM"}
{"name":"Ice troll runt","level":74,"killCount":-1,"type":"NPC","drops":[{"name":"Coins","id":995,"quantity":35,"price":1}],"date":"Mar 28, 2022, 12:22:20 AM"}
{"name":"Ice troll runt","level":74,"killCount":-1,"type":"NPC","drops":[{"name":"Coins","id":995,"quantity":200,"price":1}],"date":"Mar 28, 2022, 12:22:57 AM"}
{"name":"Ice troll runt","level":74,"killCount":-1,"type":"NPC","drops":[{"name":"Law rune","id":563,"quantity":5,"price":134}],"date":"Mar 28, 2022, 12:24:16 AM"}
{"name":"Ice troll runt","level":74,"killCount":-1,"type":"NPC","drops":[{"name":"Coins","id":995,"quantity":50,"price":1}],"date":"Mar 28, 2022, 12:24:28 AM"}
{"name":"Ice troll runt","level":74,"killCount":-1,"type":"NPC","drops":[{"name":"Ensouled troll head","id":13483,"quantity":1,"price":2237},{"name":"Coins","id":995,"quantity":200,"price":1}],"date":"May 23, 2022, 2:04:01 PM"}
{"name":"Ice troll runt","level":74,"killCount":-1,"type":"NPC","drops":[{"name":"Coins","id":995,"quantity":35,"price":1}],"date":"May 23, 2022, 2:04:39 PM"}
{"name":"Ice troll runt","level":74,"killCount":-1,"type":"NPC","drops":[{"name":"Earth rune","id":557,"quantity":31,"price":4}],"date":"May 23, 2022, 2:04:43 PM"}
{"name":"Ice troll runt","level":74,"killCount":-1,"type":"NPC","drops":[{"name":"Coins","id":995,"quantity":200,"price":1}],"date":"May 23, 2022, 2:04:49 PM"}
{"name":"Ice troll runt","level":74,"killCount":-1,"type":"NPC","drops":[{"name":"Earth rune","id":557,"quantity":30,"price":4}],"date":"May 23, 2022, 2:05:24 PM"}
{"name":"Ice troll runt","level":74,"killCount":-1,"type":"NPC","drops":[{"name":"Ensouled troll head","id":13483,"quantity":1,"price":2237},{"name":"Coins","id":995,"quantity":200,"price":1}],"date":"May 23, 2022, 2:05:31 PM"}
{"name":"Ice troll runt","level":74,"killCount":-1,"type":"NPC","drops":[{"name":"Coins","id":995,"quantity":35,"price":1}],"date":"May 23, 2022, 2:05:44 PM"}
{"name":"Ice troll runt","level":74,"killCount":-1,"type":"NPC","drops":[{"name":"Nature rune","id":561,"quantity":6,"price":197}],"date":"May 23, 2022, 2:06:09 PM"}
{"name":"Ice troll runt","level":74,"killCount":-1,"type":"NPC","drops":[{"name":"Nature rune","id":561,"quantity":7,"price":197}],"date":"May 23, 2022, 2:06:27 PM"}
{"name":"Ice troll runt","level":74,"killCount":-1,"type":"NPC","drops":[{"name":"Snape grass seed","id":22879,"quantity":1,"price":3104}],"date":"May 23, 2022, 2:06:53 PM"}
{"name":"Ice troll runt","level":74,"killCount":-1,"type":"NPC","drops":[{"name":"Coins","id":995,"quantity":200,"price":1}],"date":"May 23, 2022, 2:07:01 PM"}
{"name":"Ice troll runt","level":74,"killCount":-1,"type":"NPC","drops":[{"name":"Law rune","id":563,"quantity":2,"price":130}],"date":"May 23, 2022, 2:07:17 PM"}
{"name":"Ice troll runt","level":74,"killCount":-1,"type":"NPC","drops":[{"name":"Law rune","id":563,"quantity":5,"price":130}],"date":"May 23, 2022, 2:07:47 PM"}
{"name":"Ice troll runt","level":74,"killCount":-1,"type":"NPC","drops":[{"name":"Raw shark","id":384,"quantity":4,"price":740}],"date":"May 23, 2022, 2:07:59 PM"}
{"name":"Ice troll runt","level":74,"killCount":-1,"type":"NPC","drops":[{"name":"Raw shark","id":384,"quantity":6,"price":739}],"date":"May 23, 2022, 2:08:33 PM"}
{"name":"Ice troll runt","level":74,"killCount":-1,"type":"NPC","drops":[{"name":"Coins","id":995,"quantity":35,"price":1}],"date":"May 23, 2022, 2:08:42 PM"}
{"name":"Ice troll runt","level":74,"killCount":-1,"type":"NPC","drops":[{"name":"Steel platebody","id":1119,"quantity":1,"price":987}],"date":"May 23, 2022, 2:08:47 PM"}
{"name":"Ice troll runt","level":74,"killCount":-1,"type":"NPC","drops":[{"name":"Limpwurt seed","id":5100,"quantity":1,"price":20}],"date":"May 23, 2022, 2:09:26 PM"}
{"name":"Ice troll runt","level":74,"killCount":-1,"type":"NPC","drops":[{"name":"Coins","id":995,"quantity":50,"price":1}],"date":"May 23, 2022, 2:09:29 PM"}
{"name":"Ice troll runt","level":74,"killCount":-1,"type":"NPC","drops":[{"name":"Grimy ranarr weed","id":207,"quantity":1,"price":8731}],"date":"May 23, 2022, 2:09:54 PM"}
{"name":"Ice troll runt","level":74,"killCount":-1,"type":"NPC","drops":[{"name":"Coins","id":995,"quantity":100,"price":1}],"date":"May 23, 2022, 2:10:18 PM"}
{"name":"Ice troll runt","level":74,"killCount":-1,"type":"NPC","drops":[{"name":"Wildblood seed","id":5311,"quantity":1,"price":59}],"date":"May 23, 2022, 2:10:22 PM"}
{"name":"Ice troll runt","level":74,"killCount":-1,"type":"NPC","drops":[{"name":"Adamant full helm","id":1161,"quantity":1,"price":1924}],"date":"May 23, 2022, 2:10:37 PM"}
{"name":"Ice troll runt","level":74,"killCount":-1,"type":"NPC","drops":[{"name":"Ranarr seed","id":5295,"quantity":1,"price":52600}],"date":"May 23, 2022, 2:11:08 PM"}
{"name":"Ice troll runt","level":74,"killCount":-1,"type":"NPC","drops":[{"name":"Ensouled troll head","id":13483,"quantity":1,"price":2237}],"date":"May 23, 2022, 2:11:27 PM"}
{"name":"Ice troll runt","level":74,"killCount":-1,"type":"NPC","drops":[{"name":"Coins","id":995,"quantity":200,"price":1}],"date":"May 23, 2022, 2:12:24 PM"}
{"name":"Ice troll runt","level":74,"killCount":-1,"type":"NPC","drops":[{"name":"Whiteberry seed","id":5105,"quantity":1,"price":20}],"date":"May 23, 2022, 2:12:39 PM"}
{"name":"Ice troll runt","level":74,"killCount":-1,"type":"NPC","drops":[{"name":"Earth rune","id":557,"quantity":18,"price":4}],"date":"May 23, 2022, 2:12:43 PM"}
{"name":"Ice troll runt","level":74,"killCount":-1,"type":"NPC","drops":[{"name":"Raw shark","id":384,"quantity":3,"price":739}],"date":"May 23, 2022, 2:13:35 PM"}
{"name":"Ice troll runt","level":74,"killCount":-1,"type":"NPC","drops":[{"name":"Coins","id":995,"quantity":8,"price":1}],"date":"May 23, 2022, 2:14:02 PM"}
{"name":"Ice troll runt","level":74,"killCount":-1,"type":"NPC","drops":[{"name":"Rune kiteshield","id":1201,"quantity":1,"price":32001}],"date":"May 23, 2022, 2:14:02 PM"}
{"name":"Ice troll runt","level":74,"killCount":-1,"type":"NPC","drops":[{"name":"Coins","id":995,"quantity":200,"price":1}],"date":"May 23, 2022, 2:14:39 PM"}
{"name":"Ice troll runt","level":74,"killCount":-1,"type":"NPC","drops":[{"name":"Adamant full helm","id":1161,"quantity":1,"price":1924}],"date":"May 23, 2022, 2:14:47 PM"}
{"name":"Ice troll runt","level":74,"killCount":-1,"type":"NPC","drops":[{"name":"Adamant warhammer","id":1345,"quantity":1,"price":2252}],"date":"May 23, 2022, 2:14:59 PM"}
{"name":"Ice troll runt","level":74,"killCount":-1,"type":"NPC","drops":[{"name":"Steel platebody","id":1119,"quantity":1,"price":987}],"date":"May 23, 2022, 2:15:22 PM"}
{"name":"Ice troll runt","level":74,"killCount":-1,"type":"NPC","drops":[{"name":"Ball of wool","id":1760,"quantity":38,"price":42}],"date":"May 23, 2022, 2:15:40 PM"}
{"name":"Ice troll runt","level":74,"killCount":-1,"type":"NPC","drops":[{"name":"Grimy tarromin","id":203,"quantity":1,"price":113}],"date":"May 23, 2022, 2:16:00 PM"}
{"name":"Ice troll runt","level":74,"killCount":-1,"type":"NPC","drops":[{"name":"Adamant axe","id":1357,"quantity":1,"price":372}],"date":"May 23, 2022, 2:16:15 PM"}
{"name":"Ice troll runt","level":74,"killCount":-1,"type":"NPC","drops":[{"name":"Nature rune","id":561,"quantity":6,"price":197}],"date":"May 23, 2022, 2:16:18 PM"}
{"name":"Ice troll runt","level":74,"killCount":-1,"type":"NPC","drops":[{"name":"Grimy guam leaf","id":199,"quantity":1,"price":57}],"date":"May 23, 2022, 2:16:47 PM"}
{"name":"Ice troll runt","level":74,"killCount":-1,"type":"NPC","drops":[{"name":"Earth rune","id":557,"quantity":35,"price":4}],"date":"May 23, 2022, 2:17:08 PM"}
{"name":"Ice troll runt","level":74,"killCount":-1,"type":"NPC","drops":[{"name":"Adamant full helm","id":1161,"quantity":1,"price":1924}],"date":"May 23, 2022, 2:17:21 PM"}
{"name":"Ice troll runt","level":74,"killCount":-1,"type":"NPC","drops":[{"name":"Jangerberry seed","id":5104,"quantity":1,"price":4}],"date":"May 23, 2022, 2:17:44 PM"}
{"name":"Ice troll runt","level":74,"killCount":-1,"type":"NPC","drops":[{"name":"Raw shark","id":384,"quantity":2,"price":739}],"date":"May 23, 2022, 2:18:04 PM"}
{"name":"Ice troll runt","level":74,"killCount":-1,"type":"NPC","drops":[{"name":"Earth rune","id":557,"quantity":14,"price":4}],"date":"May 23, 2022, 2:18:18 PM"}
{"name":"Ice troll runt","level":74,"killCount":-1,"type":"NPC","drops":[{"name":"Earth rune","id":557,"quantity":25,"price":4}],"date":"May 23, 2022, 2:18:57 PM"}
{"name":"Ice troll runt","level":74,"killCount":-1,"type":"NPC","drops":[{"name":"Ensouled troll head","id":13483,"quantity":1,"price":2237},{"name":"Ball of wool","id":1760,"quantity":34,"price":42}],"date":"May 23, 2022, 2:19:24 PM"}
{"name":"Ice troll runt","level":74,"killCount":-1,"type":"NPC","drops":[{"name":"Adamant full helm","id":1161,"quantity":1,"price":1924}],"date":"May 23, 2022, 2:19:24 PM"}
{"name":"Ice troll runt","level":74,"killCount":-1,"type":"NPC","drops":[{"name":"Earth rune","id":557,"quantity":60,"price":4}],"date":"May 23, 2022, 2:19:47 PM"}
{"name":"Ice troll runt","level":74,"killCount":-1,"type":"NPC","drops":[{"name":"Coins","id":995,"quantity":200,"price":1}],"date":"May 23, 2022, 2:20:32 PM"}
{"name":"Ice troll runt","level":74,"killCount":-1,"type":"NPC","drops":[{"name":"Grimy marrentill","id":201,"quantity":1,"price":19}],"date":"May 23, 2022, 2:20:44 PM"}
{"name":"Ice troll runt","level":74,"killCount":-1,"type":"NPC","drops":[{"name":"Mithril warhammer","id":1343,"quantity":1,"price":785}],"date":"May 23, 2022, 2:20:45 PM"}
{"name":"Ice troll runt","level":74,"killCount":-1,"type":"NPC","drops":[{"name":"Raw shark","id":384,"quantity":8,"price":739}],"date":"May 23, 2022, 2:21:21 PM"}
{"name":"Ice troll runt","level":74,"killCount":-1,"type":"NPC","drops":[{"name":"Adamant full helm","id":1161,"quantity":1,"price":1924}],"date":"May 23, 2022, 2:21:29 PM"}
{"name":"Ice troll runt","level":74,"killCount":-1,"type":"NPC","drops":[{"name":"Adamant med helm","id":1145,"quantity":1,"price":979}],"date":"May 23, 2022, 2:21:57 PM"}
{"name":"Ice troll runt","level":74,"killCount":-1,"type":"NPC","drops":[{"name":"Kwuarm seed","id":5299,"quantity":1,"price":508}],"date":"May 23, 2022, 2:22:13 PM"}
{"name":"Ice troll runt","level":74,"killCount":-1,"type":"NPC","drops":[{"name":"Seaweed","id":402,"quantity":6,"price":16}],"date":"May 23, 2022, 2:22:52 PM"}
{"name":"Ice troll runt","level":74,"killCount":-1,"type":"NPC","drops":[{"name":"Mithril sq shield","id":1181,"quantity":1,"price":858}],"date":"May 23, 2022, 2:22:57 PM"}
{"name":"Ice troll runt","level":74,"killCount":-1,"type":"NPC","drops":[{"name":"Seaweed","id":402,"quantity":9,"price":16}],"date":"May 23, 2022, 2:23:00 PM"}
{"name":"Ice troll runt","level":74,"killCount":-1,"type":"NPC","drops":[{"name":"Steel platebody","id":1119,"quantity":1,"price":987}],"date":"May 23, 2022, 2:23:38 PM"}
{"name":"Ice troll runt","level":74,"killCount":-1,"type":"NPC","drops":[{"name":"Coins","id":995,"quantity":35,"price":1}],"date":"May 23, 2022, 2:23:43 PM"}
{"name":"Ice troll runt","level":74,"killCount":-1,"type":"NPC","drops":[{"name":"Adamant full helm","id":1161,"quantity":1,"price":1924}],"date":"May 23, 2022, 2:23:49 PM"}
{"name":"Ice troll runt","level":74,"killCount":-1,"type":"NPC","drops":[{"name":"Adamant full helm","id":1161,"quantity":1,"price":1924}],"date":"May 23, 2022, 2:24:23 PM"}
{"name":"Ice troll runt","level":74,"killCount":-1,"type":"NPC","drops":[{"name":"Earth rune","id":557,"quantity":10,"price":4}],"date":"May 23, 2022, 2:24:28 PM"}
{"name":"Ice troll runt","level":74,"killCount":-1,"type":"NPC","drops":[{"name":"Earth rune","id":557,"quantity":11,"price":5}],"date":"May 29, 2022, 1:06:56 AM"}
{"name":"Ice troll runt","level":74,"killCount":-1,"type":"NPC","drops":[{"name":"Coins","id":995,"quantity":8,"price":1}],"date":"May 29, 2022, 1:07:58 AM"}
{"name":"Ice troll runt","level":74,"killCount":-1,"type":"NPC","drops":[{"name":"Nature rune","id":561,"quantity":10,"price":189}],"date":"May 29, 2022, 1:08:13 AM"}
{"name":"Ice troll runt","level":74,"killCount":-1,"type":"NPC","drops":[{"name":"Steel platebody","id":1119,"quantity":1,"price":845}],"date":"May 29, 2022, 1:08:37 AM"}
{"name":"Ice troll runt","level":74,"killCount":-1,"type":"NPC","drops":[{"name":"Coins","id":995,"quantity":50,"price":1}],"date":"May 29, 2022, 1:08:46 AM"}
{"name":"Ice troll runt","level":74,"killCount":-1,"type":"NPC","drops":[{"name":"Steel platebody","id":1119,"quantity":1,"price":845}],"date":"May 29, 2022, 1:08:57 AM"}
{"name":"Ice troll runt","level":74,"killCount":-1,"type":"NPC","drops":[{"name":"Adamant axe","id":1357,"quantity":1,"price":409}],"date":"May 29, 2022, 1:09:32 AM"}
{"name":"Ice troll runt","level":74,"killCount":-1,"type":"NPC","drops":[{"name":"Raw shark","id":384,"quantity":7,"price":737}],"date":"May 29, 2022, 1:09:58 AM"}
{"name":"Ice troll runt","level":74,"killCount":-1,"type":"NPC","drops":[{"name":"Earth rune","id":557,"quantity":25,"price":5}],"date":"May 29, 2022, 1:10:10 AM"}
{"name":"Ice troll runt","level":74,"killCount":-1,"type":"NPC","drops":[{"name":"Mithril warhammer","id":1343,"quantity":1,"price":752}],"date":"May 29, 2022, 1:10:21 AM"}
{"name":"Ice troll runt","level":74,"killCount":-1,"type":"NPC","drops":[{"name":"Earth rune","id":557,"quantity":12,"price":5}],"date":"May 29, 2022, 1:10:44 AM"}
{"name":"Ice troll runt","level":74,"killCount":-1,"type":"NPC","drops":[{"name":"Earth rune","id":557,"quantity":60,"price":5}],"date":"May 29, 2022, 1:10:56 AM"}
{"name":"Ice troll runt","level":74,"killCount":-1,"type":"NPC","drops":[{"name":"Coins","id":995,"quantity":200,"price":1}],"date":"May 29, 2022, 1:11:18 AM"}
{"name":"Ice troll runt","level":74,"killCount":-1,"type":"NPC","drops":[{"name":"Coins","id":995,"quantity":200,"price":1}],"date":"May 29, 2022, 1:11:38 AM"}
{"name":"Ice troll runt","level":74,"killCount":-1,"type":"NPC","drops":[{"name":"Jangerberry seed","id":5104,"quantity":1,"price":2}],"date":"May 29, 2022, 1:11:38 AM"}
{"name":"Ice troll runt","level":74,"killCount":-1,"type":"NPC","drops":[{"name":"Coins","id":995,"quantity":200,"price":1}],"date":"May 29, 2022, 1:12:19 AM"}
{"name":"Ice troll runt","level":74,"killCount":-1,"type":"NPC","drops":[{"name":"Ball of wool","id":1760,"quantity":42,"price":34}],"date":"May 29, 2022, 1:12:28 AM"}
{"name":"Ice troll runt","level":74,"killCount":-1,"type":"NPC","drops":[{"name":"Grimy guam leaf","id":199,"quantity":1,"price":75}],"date":"May 29, 2022, 1:13:04 AM"}
{"name":"Ice troll runt","level":74,"killCount":-1,"type":"NPC","drops":[{"name":"Coins","id":995,"quantity":35,"price":1}],"date":"May 29, 2022, 1:13:08 AM"}
{"name":"Ice troll runt","level":74,"killCount":-1,"type":"NPC","drops":[{"name":"Earth rune","id":557,"quantity":32,"price":5}],"date":"May 29, 2022, 1:13:09 AM"}
{"name":"Ice troll runt","level":74,"killCount":-1,"type":"NPC","drops":[{"name":"Ball of wool","id":1760,"quantity":35,"price":34}],"date":"May 29, 2022, 1:13:13 AM"}
{"name":"Ice troll runt","level":74,"killCount":-1,"type":"NPC","drops":[{"name":"Uncut sapphire","id":1623,"quantity":1,"price":364}],"date":"May 29, 2022, 1:14:06 AM"}
{"name":"Ice troll runt","level":74,"killCount":-1,"type":"NPC","drops":[{"name":"Limpwurt seed","id":5100,"quantity":1,"price":34}],"date":"May 29, 2022, 1:14:07 AM"}
{"name":"Ice troll runt","level":74,"killCount":-1,"type":"NPC","drops":[{"name":"Adamant full helm","id":1161,"quantity":1,"price":1826}],"date":"May 29, 2022, 1:14:40 AM"}
{"name":"Ice troll runt","level":74,"killCount":-1,"type":"NPC","drops":[{"name":"Raw shark","id":384,"quantity":3,"price":737}],"date":"May 29, 2022, 1:15:06 AM"}
{"name":"Ice troll runt","level":74,"killCount":-1,"type":"NPC","drops":[{"name":"Adamant full helm","id":1161,"quantity":1,"price":1826}],"date":"May 29, 2022, 1:15:26 AM"}
{"name":"Ice troll runt","level":74,"killCount":-1,"type":"NPC","drops":[{"name":"Watermelon seed","id":5321,"quantity":1,"price":62}],"date":"May 29, 2022, 1:16:12 AM"}
{"name":"Ice troll runt","level":74,"killCount":-1,"type":"NPC","drops":[{"name":"Raw shark","id":384,"quantity":5,"price":737}],"date":"May 29, 2022, 1:16:14 AM"}
{"name":"Ice troll runt","level":74,"killCount":-1,"type":"NPC","drops":[{"name":"Wildblood seed","id":5311,"quantity":1,"price":50}],"date":"May 29, 2022, 1:16:23 AM"}
{"name":"Ice troll runt","level":74,"killCount":-1,"type":"NPC","drops":[{"name":"Earth rune","id":557,"quantity":36,"price":5}],"date":"May 29, 2022, 1:16:56 AM"}
{"name":"Ice troll runt","level":74,"killCount":-1,"type":"NPC","drops":[{"name":"Adamant axe","id":1357,"quantity":1,"price":409}],"date":"May 29, 2022, 1:17:03 AM"}
{"name":"Ice troll runt","level":74,"killCount":-1,"type":"NPC","drops":[{"name":"Ensouled troll head","id":13483,"quantity":1,"price":2003},{"name":"Black warhammer","id":1341,"quantity":1,"price":303}],"date":"May 29, 2022, 1:17:26 AM"}
{"name":"Ice troll runt","level":74,"killCount":-1,"type":"NPC","drops":[{"name":"Ensouled troll head","id":13483,"quantity":1,"price":2003},{"name":"Mithril warhammer","id":1343,"quantity":1,"price":752}],"date":"May 29, 2022, 1:17:48 AM"}
{"name":"Ice troll runt","level":74,"killCount":-1,"type":"NPC","drops":[{"name":"Earth rune","id":557,"quantity":9,"price":5}],"date":"May 29, 2022, 1:17:52 AM"}
{"name":"Ice troll runt","level":74,"killCount":-1,"type":"NPC","drops":[{"name":"Grimy guam leaf","id":199,"quantity":1,"price":75}],"date":"May 29, 2022, 1:18:27 AM"}
{"name":"Ice troll runt","level":74,"killCount":-1,"type":"NPC","drops":[{"name":"Earth rune","id":557,"quantity":12,"price":5}],"date":"May 29, 2022, 1:18:41 AM"}
{"name":"Ice troll runt","level":74,"killCount":-1,"type":"NPC","drops":[{"name":"Mithril warhammer","id":1343,"quantity":1,"price":752}],"date":"May 29, 2022, 1:18:45 AM"}
{"name":"Ice troll runt","level":74,"killCount":-1,"type":"NPC","drops":[{"name":"Long bone","id":10976,"quantity":1,"price":1000},{"name":"Uncut sapphire","id":1623,"quantity":1,"price":364}],"date":"May 29, 2022, 1:19:21 AM"}
{"name":"Ice troll runt","level":74,"killCount":-1,"type":"NPC","drops":[{"name":"Earth rune","id":557,"quantity":19,"price":5}],"date":"May 29, 2022, 1:19:44 AM"}
{"name":"Ice troll runt","level":74,"killCount":-1,"type":"NPC","drops":[{"name":"Raw shark","id":384,"quantity":7,"price":737}],"date":"May 29, 2022, 1:19:46 AM"}
{"name":"Ice troll runt","level":74,"killCount":-1,"type":"NPC","drops":[{"name":"Ensouled troll head","id":13483,"quantity":1,"price":2003},{"name":"Grimy guam leaf","id":199,"quantity":1,"price":75}],"date":"May 29, 2022, 1:20:08 AM"}
{"name":"Ice troll runt","level":74,"killCount":-1,"type":"NPC","drops":[{"name":"Law rune","id":563,"quantity":6,"price":131}],"date":"May 29, 2022, 1:20:42 AM"}
{"name":"Ice troll runt","level":74,"killCount":-1,"type":"NPC","drops":[{"name":"Steel platebody","id":1119,"quantity":1,"price":845}],"date":"May 29, 2022, 1:20:44 AM"}
{"name":"Ice troll runt","level":74,"killCount":-1,"type":"NPC","drops":[{"name":"Steel warhammer","id":1339,"quantity":1,"price":138}],"date":"May 29, 2022, 1:20:54 AM"}
{"name":"Ice troll runt","level":74,"killCount":-1,"type":"NPC","drops":[{"name":"Adamant full helm","id":1161,"quantity":1,"price":1826}],"date":"May 29, 2022, 1:21:48 AM"}
{"name":"Ice troll runt","level":74,"killCount":-1,"type":"NPC","drops":[{"name":"Coins","id":995,"quantity":8,"price":1}],"date":"May 29, 2022, 1:21:56 AM"}
{"name":"Ice troll runt","level":74,"killCount":-1,"type":"NPC","drops":[{"name":"Earth rune","id":557,"quantity":29,"price":5}],"date":"May 29, 2022, 1:22:21 AM"}
{"name":"Ice troll runt","level":74,"killCount":-1,"type":"NPC","drops":[{"name":"Coins","id":995,"quantity":50,"price":1}],"date":"May 29, 2022, 1:22:47 AM"}
{"name":"Ice troll runt","level":74,"killCount":-1,"type":"NPC","drops":[{"name":"Earth rune","id":557,"quantity":23,"price":5}],"date":"May 29, 2022, 1:22:51 AM"}
{"name":"Ice troll runt","level":74,"killCount":-1,"type":"NPC","drops":[{"name":"Ball of wool","id":1760,"quantity":24,"price":34}],"date":"May 29, 2022, 1:23:09 AM"}
{"name":"Ice troll runt","level":74,"killCount":-1,"type":"NPC","drops":[{"name":"Adamant full helm","id":1161,"quantity":1,"price":1826}],"date":"May 29, 2022, 1:23:30 AM"}
{"name":"Ice troll runt","level":74,"killCount":-1,"type":"NPC","drops":[{"name":"Coins","id":995,"quantity":50,"price":1}],"date":"May 29, 2022, 1:23:36 AM"}
{"name":"Ice troll runt","level":74,"killCount":-1,"type":"NPC","drops":[{"name":"Steel platebody","id":1119,"quantity":1,"price":845}],"date":"May 29, 2022, 1:24:07 AM"}
{"name":"Ice troll runt","level":74,"killCount":-1,"type":"NPC","drops":[{"name":"Adamant warhammer","id":1345,"quantity":1,"price":2351}],"date":"May 29, 2022, 1:24:20 AM"}
{"name":"Ice troll runt","level":74,"killCount":-1,"type":"NPC","drops":[{"name":"Big bones","id":532,"quantity":1,"price":211},{"name":"Steel platebody","id":1119,"quantity":1,"price":917}],"date":"Jul 5, 2022, 8:36:42 PM"}
{"name":"Ice troll runt","level":74,"killCount":-1,"type":"NPC","drops":[{"name":"Big bones","id":532,"quantity":1,"price":211},{"name":"Coins","id":995,"quantity":35,"price":1}],"date":"Jul 5, 2022, 8:36:46 PM"}
{"name":"Ice troll runt","level":74,"killCount":-1,"type":"NPC","drops":[{"name":"Raw shark","id":384,"quantity":4,"price":712}],"date":"Jul 5, 2022, 8:37:43 PM"}
{"name":"Ice troll runt","level":74,"killCount":-1,"type":"NPC","drops":[{"name":"Earth rune","id":557,"quantity":14,"price":4}],"date":"Jul 5, 2022, 8:37:43 PM"}
{"name":"Ice troll runt","level":74,"killCount":-1,"type":"NPC","drops":[{"name":"Earth rune","id":557,"quantity":60,"price":4}],"date":"Jul 5, 2022, 8:38:00 PM"}
{"name":"Ice troll runt","level":74,"killCount":-1,"type":"NPC","drops":[{"name":"Coal","id":454,"quantity":3,"price":160}],"date":"Jul 5, 2022, 8:38:25 PM"}
{"name":"Ice troll runt","level":74,"killCount":-1,"type":"NPC","drops":[{"name":"Mithril warhammer","id":1343,"quantity":1,"price":1052}],"date":"Jul 5, 2022, 8:38:37 PM"}
{"name":"Ice troll runt","level":74,"killCount":-1,"type":"NPC","drops":[{"name":"Grimy dwarf weed","id":217,"quantity":1,"price":921}],"date":"Jul 5, 2022, 8:38:52 PM"}
{"name":"Ice troll runt","level":74,"killCount":-1,"type":"NPC","drops":[{"name":"Coins","id":995,"quantity":200,"price":1}],"date":"Jul 5, 2022, 8:39:15 PM"}
{"name":"Ice troll runt","level":74,"killCount":-1,"type":"NPC","drops":[{"name":"Adamant full helm","id":1161,"quantity":1,"price":1333}],"date":"Jul 5, 2022, 8:39:19 PM"}
{"name":"Ice troll runt","level":74,"killCount":-1,"type":"NPC","drops":[{"name":"Earth rune","id":557,"quantity":60,"price":4}],"date":"Jul 5, 2022, 8:39:30 PM"}
{"name":"Ice troll runt","level":74,"killCount":-1,"type":"NPC","drops":[{"name":"Coal","id":454,"quantity":3,"price":160}],"date":"Jul 5, 2022, 8:39:51 PM"}
{"name":"Ice troll runt","level":74,"killCount":-1,"type":"NPC","drops":[{"name":"Ball of wool","id":1760,"quantity":28,"price":36}],"date":"Jul 5, 2022, 8:40:07 PM"}
{"name":"Ice troll runt","level":74,"killCount":-1,"type":"NPC","drops":[{"name":"Nature rune","id":561,"quantity":6,"price":184}],"date":"Jul 5, 2022, 8:40:16 PM"}
{"name":"Ice troll runt","level":74,"killCount":-1,"type":"NPC","drops":[{"name":"Mithril sq shield","id":1181,"quantity":1,"price":678}],"date":"Jul 5, 2022, 8:40:21 PM"}
{"name":"Ice troll runt","level":74,"killCount":-1,"type":"NPC","drops":[{"name":"Seaweed","id":402,"quantity":7,"price":12}],"date":"Jul 5, 2022, 8:40:57 PM"}
{"name":"Ice troll runt","level":74,"killCount":-1,"type":"NPC","drops":[{"name":"Coins","id":995,"quantity":35,"price":1}],"date":"Jul 5, 2022, 8:41:06 PM"}
{"name":"Ice troll runt","level":74,"killCount":-1,"type":"NPC","drops":[{"name":"Raw shark","id":384,"quantity":7,"price":712}],"date":"Jul 5, 2022, 8:41:12 PM"}
{"name":"Ice troll runt","level":74,"killCount":-1,"type":"NPC","drops":[{"name":"Rune warhammer","id":1347,"quantity":1,"price":25200}],"date":"Jul 5, 2022, 8:41:50 PM"}
{"name":"Ice troll runt","level":74,"killCount":-1,"type":"NPC","drops":[{"name":"Coins","id":995,"quantity":35,"price":1}],"date":"Jul 5, 2022, 8:42:01 PM"}
{"name":"Ice troll runt","level":74,"killCount":-1,"type":"NPC","drops":[{"name":"Steel platebody","id":1119,"quantity":1,"price":852}],"date":"Jul 5, 2022, 8:42:24 PM"}
{"name":"Ice troll runt","level":74,"killCount":-1,"type":"NPC","drops":[{"name":"Rune kiteshield","id":1201,"quantity":1,"price":31857}],"date":"Jul 5, 2022, 8:43:00 PM"}
{"name":"Ice troll runt","level":74,"killCount":-1,"type":"NPC","drops":[{"name":"Coal","id":454,"quantity":3,"price":160}],"date":"Jul 5, 2022, 8:43:09 PM"}
{"name":"Ice troll runt","level":74,"killCount":-1,"type":"NPC","drops":[{"name":"Earth rune","id":557,"quantity":13,"price":4}],"date":"Jul 5, 2022, 8:43:19 PM"}
{"name":"Ice troll runt","level":74,"killCount":-1,"type":"NPC","drops":[{"name":"Coins","id":995,"quantity":200,"price":1}],"date":"Jul 5, 2022, 8:43:38 PM"}
{"name":"Ice troll runt","level":74,"killCount":-1,"type":"NPC","drops":[{"name":"Mithril warhammer","id":1343,"quantity":1,"price":1052}],"date":"Jul 5, 2022, 8:44:08 PM"}
{"name":"Ice troll runt","level":74,"killCount":-1,"type":"NPC","drops":[{"name":"Whiteberry seed","id":5105,"quantity":1,"price":17}],"date":"Jul 5, 2022, 8:44:36 PM"}
{"name":"Ice troll runt","level":74,"killCount":-1,"type":"NPC","drops":[{"name":"Adamant axe","id":1357,"quantity":1,"price":378}],"date":"Jul 5, 2022, 8:45:21 PM"}
{"name":"Ice troll runt","level":74,"killCount":-1,"type":"NPC","drops":[{"name":"Adamant full helm","id":1161,"quantity":1,"price":1333}],"date":"Jul 5, 2022, 8:45:32 PM"}
{"name":"Ice troll runt","level":74,"killCount":-1,"type":"NPC","drops":[{"name":"Coins","id":995,"quantity":100,"price":1}],"date":"Jul 5, 2022, 8:45:35 PM"}
{"name":"Ice troll runt","level":74,"killCount":-1,"type":"NPC","drops":[{"name":"Steel platebody","id":1119,"quantity":1,"price":852}],"date":"Jul 5, 2022, 8:46:04 PM"}
{"name":"Ice troll runt","level":74,"killCount":-1,"type":"NPC","drops":[{"name":"Earth rune","id":557,"quantity":26,"price":4}],"date":"Jul 5, 2022, 8:46:15 PM"}
{"name":"Ice troll runt","level":74,"killCount":-1,"type":"NPC","drops":[{"name":"Raw mackerel","id":354,"quantity":3,"price":12}],"date":"Jul 5, 2022, 8:46:27 PM"}
{"name":"Ice troll runt","level":74,"killCount":-1,"type":"NPC","drops":[{"name":"Adamant full helm","id":1161,"quantity":1,"price":1333}],"date":"Jul 5, 2022, 8:46:50 PM"}
{"name":"Ice troll runt","level":74,"killCount":-1,"type":"NPC","drops":[{"name":"Kwuarm seed","id":5299,"quantity":1,"price":284}],"date":"Jul 5, 2022, 8:46:59 PM"}
{"name":"Ice troll runt","level":74,"killCount":-1,"type":"NPC","drops":[{"name":"Grimy marrentill","id":201,"quantity":1,"price":20}],"date":"Jul 5, 2022, 8:47:14 PM"}
{"name":"Ice troll runt","level":74,"killCount":-1,"type":"NPC","drops":[{"name":"Wildblood seed","id":5311,"quantity":1,"price":20}],"date":"Jul 5, 2022, 8:47:29 PM"}
{"name":"Ice troll runt","level":74,"killCount":-1,"type":"NPC","drops":[{"name":"Seaweed","id":402,"quantity":4,"price":12}],"date":"Jul 5, 2022, 8:47:39 PM"}
{"name":"Ice troll runt","level":74,"killCount":-1,"type":"NPC","drops":[{"name":"Avantoe seed","id":5298,"quantity":1,"price":262}],"date":"Jul 5, 2022, 8:48:04 PM"}
{"name":"Ice troll runt","level":74,"killCount":-1,"type":"NPC","drops":[{"name":"Watermelon seed","id":5321,"quantity":1,"price":12}],"date":"Jul 5, 2022, 8:48:08 PM"}
{"name":"Ice troll runt","level":74,"killCount":-1,"type":"NPC","drops":[{"name":"Earth rune","id":557,"quantity":21,"price":4}],"date":"Jul 5, 2022, 8:48:39 PM"}
{"name":"Ice troll runt","level":74,"killCount":-1,"type":"NPC","drops":[{"name":"Marrentill seed","id":5292,"quantity":1,"price":2}],"date":"Aug 2, 2022, 9:06:41 AM"}
{"name":"Ice troll runt","level":74,"killCount":-1,"type":"NPC","drops":[{"name":"Adamant med helm","id":1145,"quantity":1,"price":946}],"date":"Aug 2, 2022, 9:07:22 AM"}
{"name":"Ice troll runt","level":74,"killCount":-1,"type":"NPC","drops":[{"name":"Adamant full helm","id":1161,"quantity":1,"price":1812}],"date":"Aug 2, 2022, 9:07:42 AM"}
{"name":"Ice troll runt","level":74,"killCount":-1,"type":"NPC","drops":[{"name":"Nature rune","id":561,"quantity":10,"price":184}],"date":"Aug 2, 2022, 9:07:47 AM"}
{"name":"Ice troll runt","level":74,"killCount":-1,"type":"NPC","drops":[{"name":"Coins","id":995,"quantity":50,"price":1}],"date":"Aug 2, 2022, 9:08:23 AM"}
{"name":"Ice troll runt","level":74,"killCount":-1,"type":"NPC","drops":[{"name":"Coins","id":995,"quantity":200,"price":1}],"date":"Aug 2, 2022, 9:08:33 AM"}
{"name":"Ice troll runt","level":74,"killCount":-1,"type":"NPC","drops":[{"name":"Coins","id":995,"quantity":100,"price":1}],"date":"Aug 2, 2022, 9:09:09 AM"}
{"name":"Ice troll runt","level":74,"killCount":-1,"type":"NPC","drops":[{"name":"Raw shark","id":384,"quantity":4,"price":677}],"date":"Aug 2, 2022, 9:10:13 AM"}
{"name":"Ice troll runt","level":74,"killCount":-1,"type":"NPC","drops":[{"name":"Coins","id":995,"quantity":200,"price":1}],"date":"Aug 2, 2022, 9:10:16 AM"}
{"name":"Ice troll runt","level":74,"killCount":-1,"type":"NPC","drops":[{"name":"Coins","id":995,"quantity":35,"price":1}],"date":"Aug 2, 2022, 9:10:30 AM"}
{"name":"Ice troll runt","level":74,"killCount":-1,"type":"NPC","drops":[{"name":"Seaweed","id":402,"quantity":8,"price":21}],"date":"Aug 2, 2022, 9:11:00 AM"}
{"name":"Ice troll runt","level":74,"killCount":-1,"type":"NPC","drops":[{"name":"Rune warhammer","id":1347,"quantity":1,"price":24888}],"date":"Aug 2, 2022, 9:11:04 AM"}
{"name":"Ice troll runt","level":74,"killCount":-1,"type":"NPC","drops":[{"name":"Coins","id":995,"quantity":50,"price":1}],"date":"Aug 2, 2022, 9:11:30 AM"}
{"name":"Ice troll runt","level":74,"killCount":-1,"type":"NPC","drops":[{"name":"Earth rune","id":557,"quantity":35,"price":4}],"date":"Aug 2, 2022, 9:11:46 AM"}
{"name":"Ice troll runt","level":74,"killCount":-1,"type":"NPC","drops":[{"name":"Limpwurt seed","id":5100,"quantity":1,"price":6}],"date":"Aug 2, 2022, 9:11:47 AM"}
{"name":"Ice troll runt","level":74,"killCount":-1,"type":"NPC","drops":[{"name":"Law rune","id":563,"quantity":7,"price":138}],"date":"Aug 2, 2022, 9:11:53 AM"}
{"name":"Ice troll runt","level":74,"killCount":-1,"type":"NPC","drops":[{"name":"Coal","id":454,"quantity":3,"price":148}],"date":"Aug 2, 2022, 9:12:21 AM"}
{"name":"Ice troll runt","level":74,"killCount":-1,"type":"NPC","drops":[{"name":"Earth rune","id":557,"quantity":8,"price":4}],"date":"Aug 2, 2022, 9:12:35 AM"}
{"name":"Ice troll runt","level":74,"killCount":-1,"type":"NPC","drops":[{"name":"Ensouled troll head","id":13483,"quantity":1,"price":1939},{"name":"Adamant axe","id":1357,"quantity":1,"price":414}],"date":"Aug 2, 2022, 9:12:37 AM"}
{"name":"Ice troll runt","level":74,"killCount":-1,"type":"NPC","drops":[{"name":"Jangerberry seed","id":5104,"quantity":1,"price":1}],"date":"Aug 2, 2022, 9:13:15 AM"}
{"name":"Ice troll runt","level":74,"killCount":-1,"type":"NPC","drops":[{"name":"Ball of wool","id":1760,"quantity":33,"price":38}],"date":"Aug 2, 2022, 9:13:23 AM"}
{"name":"Ice troll runt","level":74,"killCount":-1,"type":"NPC","drops":[{"name":"Law rune","id":563,"quantity":5,"price":138}],"date":"Aug 2, 2022, 9:13:39 AM"}
{"name":"Ice troll runt","level":74,"killCount":-1,"type":"NPC","drops":[{"name":"Nature rune","id":561,"quantity":7,"price":184}],"date":"Aug 2, 2022, 9:13:57 AM"}
{"name":"Ice troll runt","level":74,"killCount":-1,"type":"NPC","drops":[{"name":"Coins","id":995,"quantity":35,"price":1}],"date":"Aug 2, 2022, 9:13:58 AM"}
{"name":"Ice troll runt","level":74,"killCount":-1,"type":"NPC","drops":[{"name":"Jangerberry seed","id":5104,"quantity":1,"price":1}],"date":"Aug 2, 2022, 9:14:02 AM"}
{"name":"Ice troll runt","level":74,"killCount":-1,"type":"NPC","drops":[{"name":"Steel platebody","id":1119,"quantity":1,"price":922}],"date":"Aug 2, 2022, 9:14:20 AM"}
{"name":"Ice troll runt","level":74,"killCount":-1,"type":"NPC","drops":[{"name":"Marrentill seed","id":5292,"quantity":1,"price":2}],"date":"Aug 2, 2022, 9:14:48 AM"}
{"name":"Ice troll runt","level":74,"killCount":-1,"type":"NPC","drops":[{"name":"Ball of wool","id":1760,"quantity":24,"price":38}],"date":"Aug 2, 2022, 9:14:57 AM"}
{"name":"Ice troll runt","level":74,"killCount":-1,"type":"NPC","drops":[{"name":"Wildblood seed","id":5311,"quantity":1,"price":21}],"date":"Aug 2, 2022, 9:15:30 AM"}
{"name":"Ice troll runt","level":74,"killCount":-1,"type":"NPC","drops":[{"name":"Mithril warhammer","id":1343,"quantity":1,"price":1193}],"date":"Aug 2, 2022, 9:15:33 AM"}
{"name":"Ice troll runt","level":74,"killCount":-1,"type":"NPC","drops":[{"name":"Seaweed","id":402,"quantity":4,"price":21}],"date":"Aug 2, 2022, 9:15:47 AM"}
{"name":"Ice troll runt","level":74,"killCount":-1,"type":"NPC","drops":[{"name":"Grimy tarromin","id":203,"quantity":1,"price":102}],"date":"Aug 2, 2022, 9:16:12 AM"}
{"name":"Ice troll runt","level":74,"killCount":-1,"type":"NPC","drops":[{"name":"Mithril warhammer","id":1343,"quantity":1,"price":1193}],"date":"Aug 2, 2022, 9:16:17 AM"}
{"name":"Ice troll runt","level":74,"killCount":-1,"type":"NPC","drops":[{"name":"Adamant full helm","id":1161,"quantity":1,"price":1812}],"date":"Aug 2, 2022, 9:16:30 AM"}
{"name":"Ice troll runt","level":74,"killCount":-1,"type":"NPC","drops":[{"name":"Coins","id":995,"quantity":200,"price":1}],"date":"Aug 2, 2022, 9:17:00 AM"}
{"name":"Ice troll runt","level":74,"killCount":-1,"type":"NPC","drops":[{"name":"Nature rune","id":561,"quantity":9,"price":184}],"date":"Aug 2, 2022, 9:17:34 AM"}
{"name":"Ice troll runt","level":74,"killCount":-1,"type":"NPC","drops":[{"name":"Earth rune","id":557,"quantity":14,"price":4}],"date":"Aug 2, 2022, 9:17:52 AM"}
{"name":"Ice troll runt","level":74,"killCount":-1,"type":"NPC","drops":[{"name":"Steel warhammer","id":1339,"quantity":1,"price":289}],"date":"Aug 2, 2022, 9:18:02 AM"}
{"name":"Ice troll runt","level":74,"killCount":-1,"type":"NPC","drops":[{"name":"Strawberry seed","id":5323,"quantity":1,"price":9}],"date":"Aug 2, 2022, 9:18:17 AM"}
{"name":"Ice troll runt","level":74,"killCount":-1,"type":"NPC","drops":[{"name":"Seaweed","id":402,"quantity":4,"price":21}],"date":"Aug 2, 2022, 9:18:35 AM"}
{"name":"Ice troll runt","level":74,"killCount":-1,"type":"NPC","drops":[{"name":"Coins","id":995,"quantity":100,"price":1}],"date":"Aug 2, 2022, 9:18:41 AM"}
{"name":"Ice troll runt","level":74,"killCount":-1,"type":"NPC","drops":[{"name":"Coins","id":995,"quantity":200,"price":1}],"date":"Aug 2, 2022, 9:19:15 AM"}
{"name":"Ice troll runt","level":74,"killCount":-1,"type":"NPC","drops":[{"name":"Nature rune","id":561,"quantity":7,"price":184}],"date":"Aug 2, 2022, 9:19:22 AM"}
{"name":"Ice troll runt","level":74,"killCount":-1,"type":"NPC","drops":[{"name":"Adamant full helm","id":1161,"quantity":1,"price":1812}],"date":"Aug 2, 2022, 9:19:57 AM"}
{"name":"Ice troll runt","level":74,"killCount":-1,"type":"NPC","drops":[{"name":"Earth rune","id":557,"quantity":60,"price":4}],"date":"Aug 2, 2022, 9:20:11 AM"}
{"name":"Ice troll runt","level":74,"killCount":-1,"type":"NPC","drops":[{"name":"Adamant full helm","id":1161,"quantity":1,"price":1812}],"date":"Aug 2, 2022, 9:20:26 AM"}
{"name":"Ice troll runt","level":74,"killCount":-1,"type":"NPC","drops":[{"name":"Raw shark","id":384,"quantity":5,"price":677}],"date":"Aug 2, 2022, 9:20:37 AM"}
{"name":"Ice troll runt","level":74,"killCount":-1,"type":"NPC","drops":[{"name":"Earth rune","id":557,"quantity":25,"price":4}],"date":"Aug 2, 2022, 9:20:50 AM"}
{"name":"Ice troll runt","level":74,"killCount":-1,"type":"NPC","drops":[{"name":"Coins","id":995,"quantity":200,"price":1}],"date":"Aug 2, 2022, 9:21:07 AM"}
{"name":"Ice troll runt","level":74,"killCount":-1,"type":"NPC","drops":[{"name":"Adamant full helm","id":1161,"quantity":1,"price":1812}],"date":"Aug 2, 2022, 9:21:46 AM"}
{"name":"Ice troll runt","level":74,"killCount":-1,"type":"NPC","drops":[{"name":"Grimy tarromin","id":203,"quantity":1,"price":102}],"date":"Aug 2, 2022, 9:22:03 AM"}
{"name":"Ice troll runt","level":74,"killCount":-1,"type":"NPC","drops":[{"name":"Uncut sapphire","id":1623,"quantity":1,"price":348}],"date":"Aug 2, 2022, 9:22:24 AM"}
{"name":"Ice troll runt","level":74,"killCount":-1,"type":"NPC","drops":[{"name":"Coins","id":995,"quantity":200,"price":1}],"date":"Aug 2, 2022, 9:22:27 AM"}
{"name":"Ice troll runt","level":74,"killCount":-1,"type":"NPC","drops":[{"name":"Steel platebody","id":1119,"quantity":1,"price":914}],"date":"Aug 3, 2022, 7:46:20 PM"}
{"name":"Ice troll runt","level":74,"killCount":-1,"type":"NPC","drops":[{"name":"Earth rune","id":557,"quantity":25,"price":5}],"date":"Aug 3, 2022, 7:46:30 PM"}
{"name":"Ice troll runt","level":74,"killCount":-1,"type":"NPC","drops":[{"name":"Steel platebody","id":1119,"quantity":1,"price":914}],"date":"Aug 3, 2022, 7:47:04 PM"}
{"name":"Ice troll runt","level":74,"killCount":-1,"type":"NPC","drops":[{"name":"Earth rune","id":557,"quantity":60,"price":5}],"date":"Aug 3, 2022, 7:47:14 PM"}
{"name":"Ice troll runt","level":74,"killCount":-1,"type":"NPC","drops":[{"name":"Raw shark","id":384,"quantity":4,"price":677}],"date":"Aug 3, 2022, 7:47:20 PM"}
{"name":"Ice troll runt","level":74,"killCount":-1,"type":"NPC","drops":[{"name":"Steel platebody","id":1119,"quantity":1,"price":914}],"date":"Aug 3, 2022, 7:48:15 PM"}
{"name":"Ice troll runt","level":74,"killCount":-1,"type":"NPC","drops":[{"name":"Steel platebody","id":1119,"quantity":1,"price":914}],"date":"Aug 3, 2022, 7:48:38 PM"}
{"name":"Ice troll runt","level":74,"killCount":-1,"type":"NPC","drops":[{"name":"Grimy marrentill","id":201,"quantity":1,"price":19}],"date":"Aug 3, 2022, 7:48:44 PM"}
{"name":"Ice troll runt","level":74,"killCount":-1,"type":"NPC","drops":[{"name":"Coins","id":995,"quantity":35,"price":1}],"date":"Aug 3, 2022, 7:49:40 PM"}
{"name":"Ice troll runt","level":74,"killCount":-1,"type":"NPC","drops":[{"name":"Coins","id":995,"quantity":200,"price":1}],"date":"Aug 3, 2022, 7:49:40 PM"}
{"name":"Ice troll runt","level":74,"killCount":-1,"type":"NPC","drops":[{"name":"Ensouled troll head","id":13483,"quantity":1,"price":2011},{"name":"Ball of wool","id":1760,"quantity":25,"price":39}],"date":"Aug 3, 2022, 7:49:52 PM"}
{"name":"Ice troll runt","level":74,"killCount":-1,"type":"NPC","drops":[{"name":"Raw shark","id":384,"quantity":3,"price":677}],"date":"Aug 3, 2022, 7:50:18 PM"}
{"name":"Ice troll runt","level":74,"killCount":-1,"type":"NPC","drops":[{"name":"Wildblood seed","id":5311,"quantity":1,"price":36}],"date":"Aug 3, 2022, 7:50:23 PM"}
{"name":"Ice troll runt","level":74,"killCount":-1,"type":"NPC","drops":[{"name":"Ball of wool","id":1760,"quantity":31,"price":39}],"date":"Aug 3, 2022, 7:50:38 PM"}
{"name":"Ice troll runt","level":74,"killCount":-1,"type":"NPC","drops":[{"name":"Adamant full helm","id":1161,"quantity":1,"price":1770}],"date":"Aug 3, 2022, 7:51:08 PM"}
{"name":"Ice troll runt","level":74,"killCount":-1,"type":"NPC","drops":[{"name":"Coins","id":995,"quantity":8,"price":1}],"date":"Aug 3, 2022, 7:51:14 PM"}
{"name":"Ice troll runt","level":74,"killCount":-1,"type":"NPC","drops":[{"name":"Steel warhammer","id":1339,"quantity":1,"price":151}],"date":"Aug 3, 2022, 7:51:15 PM"}
{"name":"Ice troll runt","level":74,"killCount":-1,"type":"NPC","drops":[{"name":"Grimy lantadyme","id":2485,"quantity":1,"price":1370}],"date":"Aug 3, 2022, 7:51:24 PM"}
{"name":"Ice troll runt","level":74,"killCount":-1,"type":"NPC","drops":[{"name":"Adamant full helm","id":1161,"quantity":1,"price":1770}],"date":"Aug 3, 2022, 7:52:02 PM"}
{"name":"Ice troll runt","level":74,"killCount":-1,"type":"NPC","drops":[{"name":"Coins","id":995,"quantity":35,"price":1}],"date":"Aug 3, 2022, 7:52:11 PM"}
{"name":"Ice troll runt","level":74,"killCount":-1,"type":"NPC","drops":[{"name":"Coins","id":995,"quantity":200,"price":1}],"date":"Aug 3, 2022, 7:52:14 PM"}
{"name":"Ice troll runt","level":74,"killCount":-1,"type":"NPC","drops":[{"name":"Seaweed","id":402,"quantity":8,"price":19}],"date":"Aug 3, 2022, 7:52:47 PM"}
{"name":"Ice troll runt","level":74,"killCount":-1,"type":"NPC","drops":[{"name":"Mithril warhammer","id":1343,"quantity":1,"price":1085}],"date":"Aug 3, 2022, 7:53:04 PM"}
{"name":"Ice troll runt","level":74,"killCount":-1,"type":"NPC","drops":[{"name":"Wildblood seed","id":5311,"quantity":1,"price":36}],"date":"Aug 3, 2022, 7:53:17 PM"}
{"name":"Ice troll runt","level":74,"killCount":-1,"type":"NPC","drops":[{"name":"Coins","id":995,"quantity":200,"price":1}],"date":"Aug 3, 2022, 7:53:31 PM"}
{"name":"Ice troll runt","level":74,"killCount":-1,"type":"NPC","drops":[{"name":"Mithril warhammer","id":1343,"quantity":1,"price":1085}],"date":"Aug 3, 2022, 7:53:49 PM"}
{"name":"Ice troll runt","level":74,"killCount":-1,"type":"NPC","drops":[{"name":"Steel warhammer","id":1339,"quantity":1,"price":151}],"date":"Aug 3, 2022, 7:53:54 PM"}
{"name":"Ice troll runt","level":74,"killCount":-1,"type":"NPC","drops":[{"name":"Steel platebody","id":1119,"quantity":1,"price":914}],"date":"Aug 3, 2022, 7:54:34 PM"}
{"name":"Ice troll runt","level":74,"killCount":-1,"type":"NPC","drops":[{"name":"Earth rune","id":557,"quantity":14,"price":5}],"date":"Aug 3, 2022, 7:54:36 PM"}
{"name":"Ice troll runt","level":74,"killCount":-1,"type":"NPC","drops":[{"name":"Adamant warhammer","id":1345,"quantity":1,"price":3125}],"date":"Aug 3, 2022, 7:54:41 PM"}
{"name":"Ice troll runt","level":74,"killCount":-1,"type":"NPC","drops":[{"name":"Coins","id":995,"quantity":200,"price":1}],"date":"Aug 3, 2022, 7:55:19 PM"}
{"name":"Ice troll runt","level":74,"killCount":-1,"type":"NPC","drops":[{"name":"Earth rune","id":557,"quantity":30,"price":5}],"date":"Aug 3, 2022, 7:55:37 PM"}
{"name":"Ice troll runt","level":74,"killCount":-1,"type":"NPC","drops":[{"name":"Adamant warhammer","id":1345,"quantity":1,"price":3125}],"date":"Aug 3, 2022, 7:55:41 PM"}
{"name":"Ice troll runt","level":74,"killCount":-1,"type":"NPC","drops":[{"name":"Adamant axe","id":1357,"quantity":1,"price":482}],"date":"Aug 3, 2022, 7:56:19 PM"}
{"name":"Ice troll runt","level":74,"killCount":-1,"type":"NPC","drops":[{"name":"Uncut sapphire","id":1623,"quantity":1,"price":344}],"date":"Aug 3, 2022, 7:56:25 PM"}
{"name":"Ice troll runt","level":74,"killCount":-1,"type":"NPC","drops":[{"name":"Ensouled troll head","id":13483,"quantity":1,"price":2011},{"name":"Seaweed","id":402,"quantity":7,"price":19}],"date":"Aug 3, 2022, 7:56:26 PM"}
{"name":"Ice troll runt","level":74,"killCount":-1,"type":"NPC","drops":[{"name":"Limpwurt seed","id":5100,"quantity":1,"price":8}],"date":"Aug 3, 2022, 7:57:08 PM"}
{"name":"Ice troll runt","level":74,"killCount":-1,"type":"NPC","drops":[{"name":"Earth rune","id":557,"quantity":35,"price":5}],"date":"Aug 3, 2022, 7:57:14 PM"}
{"name":"Ice troll runt","level":74,"killCount":-1,"type":"NPC","drops":[{"name":"Adamant full helm","id":1161,"quantity":1,"price":1770}],"date":"Aug 3, 2022, 7:57:27 PM"}
{"name":"Ice troll runt","level":74,"killCount":-1,"type":"NPC","drops":[{"name":"Rune kiteshield","id":1201,"quantity":1,"price":31986}],"date":"Aug 3, 2022, 7:58:01 PM"}
{"name":"Ice troll runt","level":74,"killCount":-1,"type":"NPC","drops":[{"name":"Coins","id":995,"quantity":35,"price":1}],"date":"Aug 3, 2022, 7:58:02 PM"}
{"name":"Ice troll runt","level":74,"killCount":-1,"type":"NPC","drops":[{"name":"Steel warhammer","id":1339,"quantity":1,"price":151}],"date":"Aug 3, 2022, 7:58:07 PM"}
{"name":"Ice troll runt","level":74,"killCount":-1,"type":"NPC","drops":[{"name":"Nature rune","id":561,"quantity":11,"price":183}],"date":"Aug 3, 2022, 7:58:24 PM"}
{"name":"Ice troll runt","level":74,"killCount":-1,"type":"NPC","drops":[{"name":"Coins","id":995,"quantity":35,"price":1}],"date":"Aug 3, 2022, 7:58:46 PM"}
{"name":"Ice troll runt","level":74,"killCount":-1,"type":"NPC","drops":[{"name":"Earth rune","id":557,"quantity":8,"price":5}],"date":"Aug 3, 2022, 7:59:20 PM"}
{"name":"Ice troll runt","level":74,"killCount":-1,"type":"NPC","drops":[{"name":"Adamant full helm","id":1161,"quantity":1,"price":1770}],"date":"Aug 3, 2022, 7:59:39 PM"}
{"name":"Ice troll runt","level":74,"killCount":-1,"type":"NPC","drops":[{"name":"Coal","id":454,"quantity":3,"price":144}],"date":"Aug 3, 2022, 7:59:39 PM"}
{"name":"Ice troll runt","level":74,"killCount":-1,"type":"NPC","drops":[{"name":"Law rune","id":563,"quantity":5,"price":138}],"date":"Aug 3, 2022, 8:00:11 PM"}
