{"name":"Ice troll male","level":82,"killCount":-1,"type":"NPC","drops":[{"name":"Big bones","id":532,"quantity":1,"price":183},{"name":"Coins","id":995,"quantity":35,"price":1}],"date":"Mar 28, 2022, 12:04:52 AM"}
{"name":"Ice troll male","level":82,"killCount":-1,"type":"NPC","drops":[{"name":"Grimy tarromin","id":203,"quantity":1,"price":107}],"date":"Mar 28, 2022, 12:05:55 AM"}
{"name":"Ice troll male","level":82,"killCount":-1,"type":"NPC","drops":[{"name":"Raw shark","id":384,"quantity":2,"price":781}],"date":"Mar 28, 2022, 12:06:12 AM"}
{"name":"Ice troll male","level":82,"killCount":-1,"type":"NPC","drops":[{"name":"Ball of wool","id":1760,"quantity":42,"price":35}],"date":"Mar 28, 2022, 12:06:13 AM"}
{"name":"Ice troll male","level":82,"killCount":-1,"type":"NPC","drops":[{"name":"Coins","id":995,"quantity":200,"price":1}],"date":"Mar 28, 2022, 12:06:29 AM"}
{"name":"Ice troll male","level":82,"killCount":-1,"type":"NPC","drops":[{"name":"Coins","id":995,"quantity":100,"price":1}],"date":"Mar 28, 2022, 12:06:37 AM"}
{"name":"Ice troll male","level":82,"killCount":-1,"type":"NPC","drops":[{"name":"Steel platebody","id":1119,"quantity":1,"price":909}],"date":"Mar 28, 2022, 12:07:07 AM"}
{"name":"Ice troll male","level":82,"killCount":-1,"type":"NPC","drops":[{"name":"Coins","id":995,"quantity":200,"price":1}],"date":"Mar 28, 2022, 12:07:10 AM"}
{"name":"Ice troll male","level":82,"killCount":-1,"type":"NPC","drops":[{"name":"Adamant axe","id":1357,"quantity":1,"price":343}],"date":"Mar 28, 2022, 12:07:19 AM"}
{"name":"Ice troll male","level":82,"killCount":-1,"type":"NPC","drops":[{"name":"Law rune","id":563,"quantity":2,"price":134}],"date":"Mar 28, 2022, 12:07:20 AM"}
{"name":"Ice troll male","level":82,"killCount":-1,"type":"NPC","drops":[{"name":"Seaweed","id":402,"quantity":6,"price":14}],"date":"Mar 28, 2022, 12:08:05 AM"}
{"name":"Ice troll male","level":82,"killCount":-1,"type":"NPC","drops":[{"name":"Jangerberry seed","id":5104,"quantity":1,"price":2}],"date":"Mar 28, 2022, 12:08:10 AM"}
{"name":"Ice troll male","level":82,"killCount":-1,"type":"NPC","drops":[{"name":"Coins","id":995,"quantity":100,"price":1}],"date":"Mar 28, 2022, 12:08:23 AM"}
{"name":"Ice troll male","level":82,"killCount":-1,"type":"NPC","drops":[{"name":"Earth rune","id":557,"quantity":25,"price":4}],"date":"Mar 28, 2022, 12:08:51 AM"}
{"name":"Ice troll male","level":82,"killCount":-1,"type":"NPC","drops":[{"name":"Seaweed","id":402,"quantity":3,"price":14}],"date":"Mar 28, 2022, 12:09:02 AM"}
{"name":"Ice troll male","level":82,"killCount":-1,"type":"NPC","drops":[{"name":"Ranarr seed","id":5295,"quantity":1,"price":38845}],"date":"Mar 28, 2022, 12:09:13 AM"}
{"name":"Ice troll male","level":82,"killCount":-1,"type":"NPC","drops":[{"name":"Earth rune","id":557,"quantity":30,"price":4}],"date":"Mar 28, 2022, 12:09:54 AM"}
{"name":"Ice troll male","level":82,"killCount":-1,"type":"NPC","drops":[{"name":"Ball of wool","id":1760,"quantity":36,"price":35}],"date":"Mar 28, 2022, 12:10:03 AM"}
{"name":"Ice troll male","level":82,"killCount":-1,"type":"NPC","drops":[{"name":"Steel warhammer","id":1339,"quantity":1,"price":127}],"date":"Mar 28, 2022, 12:10:13 AM"}
{"name":"Ice troll male","level":82,"killCount":-1,"type":"NPC","drops":[{"name":"Steel platebody","id":1119,"quantity":1,"price":909}],"date":"Mar 28, 2022, 12:10:17 AM"}
{"name":"Ice troll male","level":82,"killCount":-1,"type":"NPC","drops":[{"name":"Earth rune","id":557,"quantity":9,"price":4}],"date":"Mar 28, 2022, 12:10:31 AM"}
{"name":"Ice troll male","level":82,"killCount":-1,"type":"NPC","drops":[{"name":"Watermelon seed","id":5321,"quantity":1,"price":10}],"date":"Mar 28, 2022, 12:10:47 AM"}
{"name":"Ice troll male","level":82,"killCount":-1,"type":"NPC","drops":[{"name":"Coins","id":995,"quantity":35,"price":1}],"date":"Mar 28, 2022, 12:11:01 AM"}
{"name":"Ice troll male","level":82,"killCount":-1,"type":"NPC","drops":[{"name":"Grimy guam leaf","id":199,"quantity":1,"price":47}],"date":"Mar 28, 2022, 12:11:16 AM"}
{"name":"Ice troll male","level":82,"killCount":-1,"type":"NPC","drops":[{"name":"Coins","id":995,"quantity":200,"price":1}],"date":"Mar 28, 2022, 12:11:37 AM"}
{"name":"Ice troll male","level":82,"killCount":-1,"type":"NPC","drops":[{"name":"Coins","id":995,"quantity":35,"price":1}],"date":"Mar 28, 2022, 12:11:49 AM"}
{"name":"Ice troll male","level":82,"killCount":-1,"type":"NPC","drops":[{"name":"Ensouled troll head","id":13483,"quantity":1,"price":1280},{"name":"Harralander seed","id":5294,"quantity":1,"price":49}],"date":"Mar 28, 2022, 12:11:58 AM"}
{"name":"Ice troll male","level":82,"killCount":-1,"type":"NPC","drops":[{"name":"Law rune","id":563,"quantity":6,"price":134}],"date":"Mar 28, 2022, 12:12:01 AM"}
{"name":"Ice troll male","level":82,"killCount":-1,"type":"NPC","drops":[{"name":"Coins","id":995,"quantity":50,"price":1}],"date":"Mar 28, 2022, 12:12:35 AM"}
{"name":"Ice troll male","level":82,"killCount":-1,"type":"NPC","drops":[{"name":"Mithril sq shield","id":1181,"quantity":1,"price":785}],"date":"Mar 28, 2022, 12:12:37 AM"}
{"name":"Ice troll male","level":82,"killCount":-1,"type":"NPC","drops":[{"name":"Earth rune","id":557,"quantity":34,"price":4}],"date":"Mar 28, 2022, 12:12:42 AM"}
{"name":"Ice troll male","level":82,"killCount":-1,"type":"NPC","drops":[{"name":"Adamant axe","id":1357,"quantity":1,"price":343}],"date":"Mar 28, 2022, 12:12:51 AM"}
{"name":"Ice troll male","level":82,"killCount":-1,"type":"NPC","drops":[{"name":"Coins","id":995,"quantity":200,"price":1}],"date":"Mar 28, 2022, 12:12:54 AM"}
{"name":"Ice troll male","level":82,"killCount":-1,"type":"NPC","drops":[{"name":"Coins","id":995,"quantity":100,"price":1}],"date":"Mar 28, 2022, 12:13:22 AM"}
{"name":"Ice troll male","level":82,"killCount":-1,"type":"NPC","drops":[{"name":"Coins","id":995,"quantity":200,"price":1}],"date":"Mar 28, 2022, 12:13:24 AM"}
{"name":"Ice troll male","level":82,"killCount":-1,"type":"NPC","drops":[{"name":"Earth rune","id":557,"quantity":18,"price":4}],"date":"Mar 28, 2022, 12:13:33 AM"}
{"name":"Ice troll male","level":82,"killCount":-1,"type":"NPC","drops":[{"name":"Earth rune","id":557,"quantity":31,"price":4}],"date":"Mar 28, 2022, 12:14:06 AM"}
{"name":"Ice troll male","level":82,"killCount":-1,"type":"NPC","drops":[{"name":"Earth rune","id":557,"quantity":21,"price":4}],"date":"Mar 28, 2022, 12:14:13 AM"}
{"name":"Ice troll male","level":82,"killCount":-1,"type":"NPC","drops":[{"name":"Wildblood seed","id":5311,"quantity":1,"price":27}],"date":"Mar 28, 2022, 12:14:21 AM"}
{"name":"Ice troll male","level":82,"killCount":-1,"type":"NPC","drops":[{"name":"Earth rune","id":557,"quantity":16,"price":4}],"date":"Mar 28, 2022, 12:14:46 AM"}
{"name":"Ice troll male","level":82,"killCount":-1,"type":"NPC","drops":[{"name":"Strawberry seed","id":5323,"quantity":1,"price":5}],"date":"Mar 28, 2022, 12:15:03 AM"}
{"name":"Ice troll male","level":82,"killCount":-1,"type":"NPC","drops":[{"name":"Coins","id":995,"quantity":200,"price":1}],"date":"Mar 28, 2022, 12:15:04 AM"}
{"name":"Ice troll male","level":82,"killCount":-1,"type":"NPC","drops":[{"name":"Law rune","id":563,"quantity":2,"price":134}],"date":"Mar 28, 2022, 12:15:10 AM"}
{"name":"Ice troll male","level":82,"killCount":-1,"type":"NPC","drops":[{"name":"Adamant full helm","id":1161,"quantity":1,"price":1836}],"date":"Mar 28, 2022, 12:15:34 AM"}
{"name":"Ice troll male","level":82,"killCount":-1,"type":"NPC","drops":[{"name":"Adamant axe","id":1357,"quantity":1,"price":343}],"date":"Mar 28, 2022, 12:15:48 AM"}
{"name":"Ice troll male","level":82,"killCount":-1,"type":"NPC","drops":[{"name":"Coins","id":995,"quantity":35,"price":1}],"date":"Mar 28, 2022, 12:16:00 AM"}
{"name":"Ice troll male","level":82,"killCount":-1,"type":"NPC","drops":[{"name":"Coins","id":995,"quantity":200,"price":1}],"date":"Mar 28, 2022, 12:16:25 AM"}
{"name":"Ice troll male","level":82,"killCount":-1,"type":"NPC","drops":[{"name":"Law rune","id":563,"quantity":8,"price":134}],"date":"Mar 28, 2022, 12:16:34 AM"}
{"name":"Ice troll male","level":82,"killCount":-1,"type":"NPC","drops":[{"name":"Coins","id":995,"quantity":35,"price":1}],"date":"Mar 28, 2022, 12:16:44 AM"}
{"name":"Ice troll male","level":82,"killCount":-1,"type":"NPC","drops":[{"name":"Coins","id":995,"quantity":200,"price":1}],"date":"Mar 28, 2022, 12:17:01 AM"}
{"name":"Ice troll male","level":82,"killCount":-1,"type":"NPC","drops":[{"name":"Tarromin seed","id":5293,"quantity":1,"price":11}],"date":"Mar 28, 2022, 12:17:07 AM"}
{"name":"Ice troll male","level":82,"killCount":-1,"type":"NPC","drops":[{"name":"Coins","id":995,"quantity":200,"price":1}],"date":"Mar 28, 2022, 12:17:19 AM"}
{"name":"Ice troll male","level":82,"killCount":-1,"type":"NPC","drops":[{"name":"Coins","id":995,"quantity":35,"price":1}],"date":"Mar 28, 2022, 12:17:28 AM"}
{"name":"Ice troll male","level":82,"killCount":-1,"type":"NPC","drops":[{"name":"Adamant full helm","id":1161,"quantity":1,"price":1796}],"date":"Mar 28, 2022, 12:17:49 AM"}
{"name":"Ice troll male","level":82,"killCount":-1,"type":"NPC","drops":[{"name":"Jangerberry seed","id":5104,"quantity":1,"price":2}],"date":"Mar 28, 2022, 12:17:51 AM"}
{"name":"Ice troll male","level":82,"killCount":-1,"type":"NPC","drops":[{"name":"Coins","id":995,"quantity":200,"price":1}],"date":"Mar 28, 2022, 12:17:57 AM"}
{"name":"Ice troll male","level":82,"killCount":-1,"type":"NPC","drops":[{"name":"Limpwurt seed","id":5100,"quantity":1,"price":7}],"date":"Mar 28, 2022, 12:18:06 AM"}
{"name":"Ice troll male","level":82,"killCount":-1,"type":"NPC","drops":[{"name":"Adamant full helm","id":1161,"quantity":1,"price":1796}],"date":"Mar 28, 2022, 12:18:31 AM"}
{"name":"Ice troll male","level":82,"killCount":-1,"type":"NPC","drops":[{"name":"Coins","id":995,"quantity":200,"price":1}],"date":"Mar 28, 2022, 12:18:49 AM"}
{"name":"Ice troll male","level":82,"killCount":-1,"type":"NPC","drops":[{"name":"Earth rune","id":557,"quantity":24,"price":4}],"date":"Mar 28, 2022, 12:19:16 AM"}
{"name":"Ice troll male","level":82,"killCount":-1,"type":"NPC","drops":[{"name":"Earth rune","id":557,"quantity":21,"price":4}],"date":"Mar 28, 2022, 12:19:22 AM"}
{"name":"Ice troll male","level":82,"killCount":-1,"type":"NPC","drops":[{"name":"Coins","id":995,"quantity":35,"price":1}],"date":"Mar 28, 2022, 12:19:25 AM"}
{"name":"Ice troll male","level":82,"killCount":-1,"type":"NPC","drops":[{"name":"Irit seed","id":5297,"quantity":1,"price":49}],"date":"Mar 28, 2022, 12:20:24 AM"}
{"name":"Ice troll male","level":82,"killCount":-1,"type":"NPC","drops":[{"name":"Earth rune","id":557,"quantity":35,"price":4}],"date":"Mar 28, 2022, 12:20:27 AM"}
{"name":"Ice troll male","level":82,"killCount":-1,"type":"NPC","drops":[{"name":"Nature rune","id":561,"quantity":6,"price":195}],"date":"Mar 28, 2022, 12:20:37 AM"}
{"name":"Ice troll male","level":82,"killCount":-1,"type":"NPC","drops":[{"name":"Earth rune","id":557,"quantity":36,"price":4}],"date":"Mar 28, 2022, 12:20:38 AM"}
{"name":"Ice troll male","level":82,"killCount":-1,"type":"NPC","drops":[{"name":"Earth rune","id":557,"quantity":31,"price":4}],"date":"Mar 28, 2022, 12:21:12 AM"}
{"name":"Ice troll male","level":82,"killCount":-1,"type":"NPC","drops":[{"name":"Coins","id":995,"quantity":8,"price":1}],"date":"Mar 28, 2022, 12:21:46 AM"}
{"name":"Ice troll male","level":82,"killCount":-1,"type":"NPC","drops":[{"name":"Seaweed","id":402,"quantity":4,"price":14}],"date":"Mar 28, 2022, 12:21:56 AM"}
{"name":"Ice troll male","level":82,"killCount":-1,"type":"NPC","drops":[{"name":"Seaweed","id":402,"quantity":5,"price":14}],"date":"Mar 28, 2022, 12:22:05 AM"}
{"name":"Ice troll male","level":82,"killCount":-1,"type":"NPC","drops":[{"name":"Earth rune","id":557,"quantity":23,"price":4}],"date":"Mar 28, 2022, 12:22:25 AM"}
{"name":"Ice troll male","level":82,"killCount":-1,"type":"NPC","drops":[{"name":"Grimy avantoe","id":211,"quantity":1,"price":2657}],"date":"Mar 28, 2022, 12:22:39 AM"}
{"name":"Ice troll male","level":82,"killCount":-1,"type":"NPC","drops":[{"name":"Marrentill seed","id":5292,"quantity":1,"price":5}],"date":"Mar 28, 2022, 12:22:45 AM"}
{"name":"Ice troll male","level":82,"killCount":-1,"type":"NPC","drops":[{"name":"Coins","id":995,"quantity":35,"price":1}],"date":"Mar 28, 2022, 12:24:18 AM"}
{"name":"Ice troll male","level":82,"killCount":-1,"type":"NPC","drops":[{"name":"Steel platebody","id":1119,"quantity":1,"price":907}],"date":"Mar 28, 2022, 12:24:27 AM"}
{"name":"Ice troll male","level":82,"killCount":-1,"type":"NPC","drops":[{"name":"Ball of wool","id":1760,"quantity":24,"price":34}],"date":"Mar 28, 2022, 12:24:30 AM"}
{"name":"Ice troll male","level":82,"killCount":-1,"type":"NPC","drops":[{"name":"Law rune","id":563,"quantity":5,"price":134}],"date":"Mar 28, 2022, 12:24:41 AM"}
{"name":"Ice troll male","level":82,"killCount":-1,"type":"NPC","drops":[{"name":"Raw shark","id":384,"quantity":7,"price":740}],"date":"May 23, 2022, 2:04:11 PM"}
{"name":"Ice troll male","level":82,"killCount":-1,"type":"NPC","drops":[{"name":"Earth rune","id":557,"quantity":13,"price":4}],"date":"May 23, 2022, 2:04:33 PM"}
{"name":"Ice troll male","level":82,"killCount":-1,"type":"NPC","drops":[{"name":"Rune kiteshield","id":1201,"quantity":1,"price":31221}],"date":"May 23, 2022, 2:04:35 PM"}
{"name":"Ice troll male","level":82,"killCount":-1,"type":"NPC","drops":[{"name":"Steel med helm","id":1141,"quantity":1,"price":72}],"date":"May 23, 2022, 2:04:41 PM"}
{"name":"Ice troll male","level":82,"killCount":-1,"type":"NPC","drops":[{"name":"Earth rune","id":557,"quantity":26,"price":4}],"date":"May 23, 2022, 2:05:05 PM"}
{"name":"Ice troll male","level":82,"killCount":-1,"type":"NPC","drops":[{"name":"Coins","id":995,"quantity":35,"price":1}],"date":"May 23, 2022, 2:05:32 PM"}
{"name":"Ice troll male","level":82,"killCount":-1,"type":"NPC","drops":[{"name":"Ball of wool","id":1760,"quantity":26,"price":42}],"date":"May 23, 2022, 2:05:36 PM"}
{"name":"Ice troll male","level":82,"killCount":-1,"type":"NPC","drops":[{"name":"Adamant axe","id":1357,"quantity":1,"price":435}],"date":"May 23, 2022, 2:05:45 PM"}
{"name":"Ice troll male","level":82,"killCount":-1,"type":"NPC","drops":[{"name":"Adamant full helm","id":1161,"quantity":1,"price":1906}],"date":"May 23, 2022, 2:05:54 PM"}
{"name":"Ice troll male","level":82,"killCount":-1,"type":"NPC","drops":[{"name":"Strawberry seed","id":5323,"quantity":1,"price":11}],"date":"May 23, 2022, 2:06:05 PM"}
{"name":"Ice troll male","level":82,"killCount":-1,"type":"NPC","drops":[{"name":"Coins","id":995,"quantity":200,"price":1}],"date":"May 23, 2022, 2:06:14 PM"}
{"name":"Ice troll male","level":82,"killCount":-1,"type":"NPC","drops":[{"name":"Jangerberry seed","id":5104,"quantity":1,"price":1}],"date":"May 23, 2022, 2:06:19 PM"}
{"name":"Ice troll male","level":82,"killCount":-1,"type":"NPC","drops":[{"name":"Earth rune","id":557,"quantity":10,"price":4}],"date":"May 23, 2022, 2:06:32 PM"}
{"name":"Ice troll male","level":82,"killCount":-1,"type":"NPC","drops":[{"name":"Avantoe seed","id":5298,"quantity":1,"price":574}],"date":"May 23, 2022, 2:06:59 PM"}
{"name":"Ice troll male","level":82,"killCount":-1,"type":"NPC","drops":[{"name":"Coins","id":995,"quantity":35,"price":1}],"date":"May 23, 2022, 2:07:06 PM"}
{"name":"Ice troll male","level":82,"killCount":-1,"type":"NPC","drops":[{"name":"Coins","id":995,"quantity":200,"price":1}],"date":"May 23, 2022, 2:07:18 PM"}
{"name":"Ice troll male","level":82,"killCount":-1,"type":"NPC","drops":[{"name":"Nature rune","id":561,"quantity":8,"price":197}],"date":"May 23, 2022, 2:07:30 PM"}
{"name":"Ice troll male","level":82,"killCount":-1,"type":"NPC","drops":[{"name":"Coins","id":995,"quantity":200,"price":1}],"date":"May 23, 2022, 2:07:58 PM"}
{"name":"Ice troll male","level":82,"killCount":-1,"type":"NPC","drops":[{"name":"Limpwurt seed","id":5100,"quantity":1,"price":24}],"date":"May 23, 2022, 2:08:07 PM"}
{"name":"Ice troll male","level":82,"killCount":-1,"type":"NPC","drops":[{"name":"Adamant full helm","id":1161,"quantity":1,"price":1924}],"date":"May 23, 2022, 2:08:42 PM"}
{"name":"Ice troll male","level":82,"killCount":-1,"type":"NPC","drops":[{"name":"Raw shark","id":384,"quantity":7,"price":739}],"date":"May 23, 2022, 2:08:45 PM"}
{"name":"Ice troll male","level":82,"killCount":-1,"type":"NPC","drops":[{"name":"Torstol seed","id":5304,"quantity":1,"price":57994}],"date":"May 23, 2022, 2:08:57 PM"}
{"name":"Ice troll male","level":82,"killCount":-1,"type":"NPC","drops":[{"name":"Nature rune","id":561,"quantity":8,"price":197}],"date":"May 23, 2022, 2:09:02 PM"}
{"name":"Ice troll male","level":82,"killCount":-1,"type":"NPC","drops":[{"name":"Adamant full helm","id":1161,"quantity":1,"price":1924}],"date":"May 23, 2022, 2:09:41 PM"}
{"name":"Ice troll male","level":82,"killCount":-1,"type":"NPC","drops":[{"name":"Grimy marrentill","id":201,"quantity":1,"price":19}],"date":"May 23, 2022, 2:09:47 PM"}
{"name":"Ice troll male","level":82,"killCount":-1,"type":"NPC","drops":[{"name":"Adamant full helm","id":1161,"quantity":1,"price":1924}],"date":"May 23, 2022, 2:09:48 PM"}
{"name":"Ice troll male","level":82,"killCount":-1,"type":"NPC","drops":[{"name":"Earth rune","id":557,"quantity":31,"price":4}],"date":"May 23, 2022, 2:10:10 PM"}
{"name":"Ice troll male","level":82,"killCount":-1,"type":"NPC","drops":[{"name":"Adamant axe","id":1357,"quantity":1,"price":372}],"date":"May 23, 2022, 2:10:19 PM"}
{"name":"Ice troll male","level":82,"killCount":-1,"type":"NPC","drops":[{"name":"Coins","id":995,"quantity":35,"price":1}],"date":"May 23, 2022, 2:10:29 PM"}
{"name":"Ice troll male","level":82,"killCount":-1,"type":"NPC","drops":[{"name":"Ensouled troll head","id":13483,"quantity":1,"price":2237},{"name":"Limpwurt seed","id":5100,"quantity":1,"price":20}],"date":"May 23, 2022, 2:10:40 PM"}
{"name":"Ice troll male","level":82,"killCount":-1,"type":"NPC","drops":[{"name":"Coins","id":995,"quantity":200,"price":1}],"date":"May 23, 2022, 2:11:03 PM"}
{"name":"Ice troll male","level":82,"killCount":-1,"type":"NPC","drops":[{"name":"Mithril warhammer","id":1343,"quantity":1,"price":785}],"date":"May 23, 2022, 2:11:18 PM"}
{"name":"Ice troll male","level":82,"killCount":-1,"type":"NPC","drops":[{"name":"Coins","id":995,"quantity":35,"price":1}],"date":"May 23, 2022, 2:11:25 PM"}
{"name":"Ice troll male","level":82,"killCount":-1,"type":"NPC","drops":[{"name":"Adamant full helm","id":1161,"quantity":1,"price":1924}],"date":"May 23, 2022, 2:11:50 PM"}
{"name":"Ice troll male","level":82,"killCount":-1,"type":"NPC","drops":[{"name":"Ensouled troll head","id":13483,"quantity":1,"price":2237},{"name":"Coins","id":995,"quantity":200,"price":1}],"date":"May 23, 2022, 2:12:08 PM"}
{"name":"Ice troll male","level":82,"killCount":-1,"type":"NPC","drops":[{"name":"Coins","id":995,"quantity":8,"price":1}],"date":"May 23, 2022, 2:12:30 PM"}
{"name":"Ice troll male","level":82,"killCount":-1,"type":"NPC","drops":[{"name":"Coins","id":995,"quantity":200,"price":1}],"date":"May 23, 2022, 2:12:47 PM"}
{"name":"Ice troll male","level":82,"killCount":-1,"type":"NPC","drops":[{"name":"Nature rune","id":561,"quantity":7,"price":197}],"date":"May 23, 2022, 2:12:59 PM"}
{"name":"Ice troll male","level":82,"killCount":-1,"type":"NPC","drops":[{"name":"Coins","id":995,"quantity":250,"price":1}],"date":"May 23, 2022, 2:13:23 PM"}
{"name":"Ice troll male","level":82,"killCount":-1,"type":"NPC","drops":[{"name":"Ensouled troll head","id":13483,"quantity":1,"price":2237},{"name":"Seaweed","id":402,"quantity":5,"price":16}],"date":"May 23, 2022, 2:13:32 PM"}
{"name":"Ice troll male","level":82,"killCount":-1,"type":"NPC","drops":[{"name":"Long bone","id":10976,"quantity":1,"price":1000},{"name":"Coins","id":995,"quantity":50,"price":1}],"date":"May 23, 2022, 2:13:45 PM"}
{"name":"Ice troll male","level":82,"killCount":-1,"type":"NPC","drops":[{"name":"Earth rune","id":557,"quantity":12,"price":4}],"date":"May 23, 2022, 2:13:47 PM"}
{"name":"Ice troll male","level":82,"killCount":-1,"type":"NPC","drops":[{"name":"Mithril warhammer","id":1343,"quantity":1,"price":785}],"date":"May 23, 2022, 2:14:26 PM"}
{"name":"Ice troll male","level":82,"killCount":-1,"type":"NPC","drops":[{"name":"Earth rune","id":557,"quantity":30,"price":4}],"date":"May 23, 2022, 2:14:29 PM"}
{"name":"Ice troll male","level":82,"killCount":-1,"type":"NPC","drops":[{"name":"Coins","id":995,"quantity":35,"price":1}],"date":"May 23, 2022, 2:14:35 PM"}
{"name":"Ice troll male","level":82,"killCount":-1,"type":"NPC","drops":[{"name":"Adamant full helm","id":1161,"quantity":1,"price":1924}],"date":"May 23, 2022, 2:15:03 PM"}
{"name":"Ice troll male","level":82,"killCount":-1,"type":"NPC","drops":[{"name":"Coins","id":995,"quantity":35,"price":1}],"date":"May 23, 2022, 2:15:20 PM"}
{"name":"Ice troll male","level":82,"killCount":-1,"type":"NPC","drops":[{"name":"Law rune","id":563,"quantity":5,"price":130}],"date":"May 23, 2022, 2:15:54 PM"}
{"name":"Ice troll male","level":82,"killCount":-1,"type":"NPC","drops":[{"name":"Coins","id":995,"quantity":200,"price":1}],"date":"May 23, 2022, 2:16:00 PM"}
{"name":"Ice troll male","level":82,"killCount":-1,"type":"NPC","drops":[{"name":"Coins","id":995,"quantity":200,"price":1}],"date":"May 23, 2022, 2:16:18 PM"}
{"name":"Ice troll male","level":82,"killCount":-1,"type":"NPC","drops":[{"name":"Coins","id":995,"quantity":100,"price":1}],"date":"May 23, 2022, 2:16:21 PM"}
{"name":"Ice troll male","level":82,"killCount":-1,"type":"NPC","drops":[{"name":"Earth rune","id":557,"quantity":16,"price":4}],"date":"May 23, 2022, 2:16:47 PM"}
{"name":"Ice troll male","level":82,"killCount":-1,"type":"NPC","drops":[{"name":"Raw mackerel","id":354,"quantity":3,"price":22}],"date":"May 23, 2022, 2:17:06 PM"}
{"name":"Ice troll male","level":82,"killCount":-1,"type":"NPC","drops":[{"name":"Nature rune","id":561,"quantity":7,"price":197}],"date":"May 23, 2022, 2:17:23 PM"}
{"name":"Ice troll male","level":82,"killCount":-1,"type":"NPC","drops":[{"name":"Ball of wool","id":1760,"quantity":22,"price":42}],"date":"May 23, 2022, 2:17:24 PM"}
{"name":"Ice troll male","level":82,"killCount":-1,"type":"NPC","drops":[{"name":"Coins","id":995,"quantity":200,"price":1}],"date":"May 23, 2022, 2:17:35 PM"}
{"name":"Ice troll male","level":82,"killCount":-1,"type":"NPC","drops":[{"name":"Uncut sapphire","id":1623,"quantity":1,"price":385}],"date":"May 23, 2022, 2:17:56 PM"}
{"name":"Ice troll male","level":82,"killCount":-1,"type":"NPC","drops":[{"name":"Coins","id":995,"quantity":200,"price":1}],"date":"May 23, 2022, 2:18:06 PM"}
{"name":"Ice troll male","level":82,"killCount":-1,"type":"NPC","drops":[{"name":"Steel platebody","id":1119,"quantity":1,"price":987}],"date":"May 23, 2022, 2:18:14 PM"}
{"name":"Ice troll male","level":82,"killCount":-1,"type":"NPC","drops":[{"name":"Coins","id":995,"quantity":35,"price":1}],"date":"May 23, 2022, 2:18:18 PM"}
{"name":"Ice troll male","level":82,"killCount":-1,"type":"NPC","drops":[{"name":"Earth rune","id":557,"quantity":15,"price":4}],"date":"May 23, 2022, 2:18:28 PM"}
{"name":"Ice troll male","level":82,"killCount":-1,"type":"NPC","drops":[{"name":"Raw mackerel","id":354,"quantity":3,"price":22}],"date":"May 23, 2022, 2:18:50 PM"}
{"name":"Ice troll male","level":82,"killCount":-1,"type":"NPC","drops":[{"name":"Ball of wool","id":1760,"quantity":40,"price":42}],"date":"May 23, 2022, 2:19:13 PM"}
{"name":"Ice troll male","level":82,"killCount":-1,"type":"NPC","drops":[{"name":"Ball of wool","id":1760,"quantity":30,"price":42}],"date":"May 23, 2022, 2:19:25 PM"}
{"name":"Ice troll male","level":82,"killCount":-1,"type":"NPC","drops":[{"name":"Steel med helm","id":1141,"quantity":1,"price":72}],"date":"May 23, 2022, 2:19:36 PM"}
{"name":"Ice troll male","level":82,"killCount":-1,"type":"NPC","drops":[{"name":"Earth rune","id":557,"quantity":25,"price":4}],"date":"May 23, 2022, 2:20:10 PM"}
{"name":"Ice troll male","level":82,"killCount":-1,"type":"NPC","drops":[{"name":"Earth rune","id":557,"quantity":10,"price":4}],"date":"May 23, 2022, 2:20:41 PM"}
{"name":"Ice troll male","level":82,"killCount":-1,"type":"NPC","drops":[{"name":"Ensouled troll head","id":13483,"quantity":1,"price":2237},{"name":"Seaweed","id":402,"quantity":5,"price":16}],"date":"May 23, 2022, 2:20:41 PM"}
{"name":"Ice troll male","level":82,"killCount":-1,"type":"NPC","drops":[{"name":"Coins","id":995,"quantity":200,"price":1}],"date":"May 23, 2022, 2:20:48 PM"}
{"name":"Ice troll male","level":82,"killCount":-1,"type":"NPC","drops":[{"name":"Ensouled troll head","id":13483,"quantity":1,"price":2237},{"name":"Steel med helm","id":1141,"quantity":1,"price":72}],"date":"May 23, 2022, 2:20:56 PM"}
{"name":"Ice troll male","level":82,"killCount":-1,"type":"NPC","drops":[{"name":"Steel platebody","id":1119,"quantity":1,"price":987}],"date":"May 23, 2022, 2:21:37 PM"}
{"name":"Ice troll male","level":82,"killCount":-1,"type":"NPC","drops":[{"name":"Long bone","id":10976,"quantity":1,"price":1000},{"name":"Seaweed","id":402,"quantity":8,"price":16}],"date":"May 23, 2022, 2:21:39 PM"}
{"name":"Ice troll male","level":82,"killCount":-1,"type":"NPC","drops":[{"name":"Seaweed","id":402,"quantity":4,"price":16}],"date":"May 23, 2022, 2:21:50 PM"}
{"name":"Ice troll male","level":82,"killCount":-1,"type":"NPC","drops":[{"name":"Whiteberry seed","id":5105,"quantity":1,"price":20}],"date":"May 23, 2022, 2:21:51 PM"}
{"name":"Ice troll male","level":82,"killCount":-1,"type":"NPC","drops":[{"name":"Coins","id":995,"quantity":200,"price":1}],"date":"May 23, 2022, 2:22:33 PM"}
{"name":"Ice troll male","level":82,"killCount":-1,"type":"NPC","drops":[{"name":"Grimy harralander","id":205,"quantity":1,"price":884}],"date":"May 23, 2022, 2:22:36 PM"}
{"name":"Ice troll male","level":82,"killCount":-1,"type":"NPC","drops":[{"name":"Steel platebody","id":1119,"quantity":1,"price":987}],"date":"May 23, 2022, 2:22:45 PM"}
{"name":"Ice troll male","level":82,"killCount":-1,"type":"NPC","drops":[{"name":"Earth rune","id":557,"quantity":14,"price":4}],"date":"May 23, 2022, 2:23:12 PM"}
{"name":"Ice troll male","level":82,"killCount":-1,"type":"NPC","drops":[{"name":"Coins","id":995,"quantity":50,"price":1}],"date":"May 23, 2022, 2:23:16 PM"}
{"name":"Ice troll male","level":82,"killCount":-1,"type":"NPC","drops":[{"name":"Earth rune","id":557,"quantity":21,"price":4}],"date":"May 23, 2022, 2:23:25 PM"}
{"name":"Ice troll male","level":82,"killCount":-1,"type":"NPC","drops":[{"name":"Steel platebody","id":1119,"quantity":1,"price":987}],"date":"May 23, 2022, 2:23:25 PM"}
{"name":"Ice troll male","level":82,"killCount":-1,"type":"NPC","drops":[{"name":"Adamant full helm","id":1161,"quantity":1,"price":1924}],"date":"May 23, 2022, 2:24:02 PM"}
{"name":"Ice troll male","level":82,"killCount":-1,"type":"NPC","drops":[{"name":"Coins","id":995,"quantity":100,"price":1}],"date":"May 23, 2022, 2:24:07 PM"}
{"name":"Ice troll male","level":82,"killCount":-1,"type":"NPC","drops":[{"name":"Law rune","id":563,"quantity":6,"price":130}],"date":"May 23, 2022, 2:24:11 PM"}
{"name":"Ice troll male","level":82,"killCount":-1,"type":"NPC","drops":[{"name":"Adamant warhammer","id":1345,"quantity":1,"price":2351}],"date":"May 29, 2022, 1:08:05 AM"}
{"name":"Ice troll male","level":82,"killCount":-1,"type":"NPC","drops":[{"name":"Steel platebody","id":1119,"quantity":1,"price":845}],"date":"May 29, 2022, 1:08:16 AM"}
{"name":"Ice troll male","level":82,"killCount":-1,"type":"NPC","drops":[{"name":"Steel platebody","id":1119,"quantity":1,"price":845}],"date":"May 29, 2022, 1:08:30 AM"}
{"name":"Ice troll male","level":82,"killCount":-1,"type":"NPC","drops":[{"name":"Coins","id":995,"quantity":35,"price":1}],"date":"May 29, 2022, 1:08:56 AM"}
{"name":"Ice troll male","level":82,"killCount":-1,"type":"NPC","drops":[{"name":"Grimy ranarr weed","id":207,"quantity":1,"price":8844}],"date":"May 29, 2022, 1:09:00 AM"}
{"name":"Ice troll male","level":82,"killCount":-1,"type":"NPC","drops":[{"name":"Ensouled troll head","id":13483,"quantity":1,"price":2003},{"name":"Earth rune","id":557,"quantity":28,"price":5}],"date":"May 29, 2022, 1:09:07 AM"}
{"name":"Ice troll male","level":82,"killCount":-1,"type":"NPC","drops":[{"name":"Ball of wool","id":1760,"quantity":37,"price":34}],"date":"May 29, 2022, 1:09:13 AM"}
{"name":"Ice troll male","level":82,"killCount":-1,"type":"NPC","drops":[{"name":"Raw shark","id":384,"quantity":5,"price":737}],"date":"May 29, 2022, 1:09:47 AM"}
{"name":"Ice troll male","level":82,"killCount":-1,"type":"NPC","drops":[{"name":"Earth rune","id":557,"quantity":8,"price":5}],"date":"May 29, 2022, 1:09:52 AM"}
{"name":"Ice troll male","level":82,"killCount":-1,"type":"NPC","drops":[{"name":"Uncut sapphire","id":1623,"quantity":1,"price":364}],"date":"May 29, 2022, 1:10:02 AM"}
{"name":"Ice troll male","level":82,"killCount":-1,"type":"NPC","drops":[{"name":"Earth rune","id":557,"quantity":10,"price":5}],"date":"May 29, 2022, 1:10:08 AM"}
{"name":"Ice troll male","level":82,"killCount":-1,"type":"NPC","drops":[{"name":"Steel platebody","id":1119,"quantity":1,"price":845}],"date":"May 29, 2022, 1:10:28 AM"}
{"name":"Ice troll male","level":82,"killCount":-1,"type":"NPC","drops":[{"name":"Dwarf weed seed","id":5303,"quantity":1,"price":651}],"date":"May 29, 2022, 1:10:35 AM"}
{"name":"Ice troll male","level":82,"killCount":-1,"type":"NPC","drops":[{"name":"Earth rune","id":557,"quantity":14,"price":5}],"date":"May 29, 2022, 1:11:02 AM"}
{"name":"Ice troll male","level":82,"killCount":-1,"type":"NPC","drops":[{"name":"Wildblood seed","id":5311,"quantity":1,"price":50}],"date":"May 29, 2022, 1:11:09 AM"}
{"name":"Ice troll male","level":82,"killCount":-1,"type":"NPC","drops":[{"name":"Seaweed","id":402,"quantity":5,"price":22}],"date":"May 29, 2022, 1:11:12 AM"}
{"name":"Ice troll male","level":82,"killCount":-1,"type":"NPC","drops":[{"name":"Coins","id":995,"quantity":200,"price":1}],"date":"May 29, 2022, 1:11:52 AM"}
{"name":"Ice troll male","level":82,"killCount":-1,"type":"NPC","drops":[{"name":"Grimy dwarf weed","id":217,"quantity":1,"price":897}],"date":"May 29, 2022, 1:11:57 AM"}
{"name":"Ice troll male","level":82,"killCount":-1,"type":"NPC","drops":[{"name":"Raw shark","id":384,"quantity":4,"price":737}],"date":"May 29, 2022, 1:11:59 AM"}
{"name":"Ice troll male","level":82,"killCount":-1,"type":"NPC","drops":[{"name":"Potato cactus seed","id":22873,"quantity":1,"price":32}],"date":"May 29, 2022, 1:12:33 AM"}
{"name":"Ice troll male","level":82,"killCount":-1,"type":"NPC","drops":[{"name":"Coins","id":995,"quantity":250,"price":1}],"date":"May 29, 2022, 1:12:38 AM"}
{"name":"Ice troll male","level":82,"killCount":-1,"type":"NPC","drops":[{"name":"Adamant full helm","id":1161,"quantity":1,"price":1826}],"date":"May 29, 2022, 1:12:54 AM"}
{"name":"Ice troll male","level":82,"killCount":-1,"type":"NPC","drops":[{"name":"Coins","id":995,"quantity":200,"price":1}],"date":"May 29, 2022, 1:12:58 AM"}
{"name":"Ice troll male","level":82,"killCount":-1,"type":"NPC","drops":[{"name":"Ball of wool","id":1760,"quantity":25,"price":34}],"date":"May 29, 2022, 1:13:02 AM"}
{"name":"Ice troll male","level":82,"killCount":-1,"type":"NPC","drops":[{"name":"Dragon spear","id":1249,"quantity":1,"price":36303}],"date":"May 29, 2022, 1:13:23 AM"}
{"name":"Ice troll male","level":82,"killCount":-1,"type":"NPC","drops":[{"name":"Adamant axe","id":1357,"quantity":1,"price":409}],"date":"May 29, 2022, 1:13:35 AM"}
{"name":"Ice troll male","level":82,"killCount":-1,"type":"NPC","drops":[{"name":"Ball of wool","id":1760,"quantity":22,"price":34}],"date":"May 29, 2022, 1:13:42 AM"}
{"name":"Ice troll male","level":82,"killCount":-1,"type":"NPC","drops":[{"name":"Coins","id":995,"quantity":35,"price":1}],"date":"May 29, 2022, 1:14:10 AM"}
{"name":"Ice troll male","level":82,"killCount":-1,"type":"NPC","drops":[{"name":"Earth rune","id":557,"quantity":12,"price":5}],"date":"May 29, 2022, 1:14:50 AM"}
{"name":"Ice troll male","level":82,"killCount":-1,"type":"NPC","drops":[{"name":"Adamant axe","id":1357,"quantity":1,"price":409}],"date":"May 29, 2022, 1:15:02 AM"}
{"name":"Ice troll male","level":82,"killCount":-1,"type":"NPC","drops":[{"name":"Seaweed","id":402,"quantity":8,"price":22}],"date":"May 29, 2022, 1:15:05 AM"}
{"name":"Ice troll male","level":82,"killCount":-1,"type":"NPC","drops":[{"name":"Coins","id":995,"quantity":35,"price":1}],"date":"May 29, 2022, 1:15:14 AM"}
{"name":"Ice troll male","level":82,"killCount":-1,"type":"NPC","drops":[{"name":"Ball of wool","id":1760,"quantity":25,"price":34}],"date":"May 29, 2022, 1:15:39 AM"}
{"name":"Ice troll male","level":82,"killCount":-1,"type":"NPC","drops":[{"name":"Steel platebody","id":1119,"quantity":1,"price":845}],"date":"May 29, 2022, 1:15:53 AM"}
{"name":"Ice troll male","level":82,"killCount":-1,"type":"NPC","drops":[{"name":"Nature rune","id":561,"quantity":7,"price":189}],"date":"May 29, 2022, 1:16:17 AM"}
{"name":"Ice troll male","level":82,"killCount":-1,"type":"NPC","drops":[{"name":"Raw shark","id":384,"quantity":2,"price":737}],"date":"May 29, 2022, 1:16:23 AM"}
{"name":"Ice troll male","level":82,"killCount":-1,"type":"NPC","drops":[{"name":"Earth rune","id":557,"quantity":13,"price":5}],"date":"May 29, 2022, 1:16:40 AM"}
{"name":"Ice troll male","level":82,"killCount":-1,"type":"NPC","drops":[{"name":"Ball of wool","id":1760,"quantity":41,"price":34}],"date":"May 29, 2022, 1:17:23 AM"}
{"name":"Ice troll male","level":82,"killCount":-1,"type":"NPC","drops":[{"name":"Raw shark","id":384,"quantity":7,"price":737}],"date":"May 29, 2022, 1:17:24 AM"}
{"name":"Ice troll male","level":82,"killCount":-1,"type":"NPC","drops":[{"name":"Nature rune","id":561,"quantity":7,"price":189}],"date":"May 29, 2022, 1:17:26 AM"}
{"name":"Ice troll male","level":82,"killCount":-1,"type":"NPC","drops":[{"name":"Coins","id":995,"quantity":200,"price":1}],"date":"May 29, 2022, 1:17:35 AM"}
{"name":"Ice troll male","level":82,"killCount":-1,"type":"NPC","drops":[{"name":"Raw shark","id":384,"quantity":7,"price":737}],"date":"May 29, 2022, 1:18:02 AM"}
{"name":"Ice troll male","level":82,"killCount":-1,"type":"NPC","drops":[{"name":"Adamant axe","id":1357,"quantity":1,"price":409}],"date":"May 29, 2022, 1:18:19 AM"}
{"name":"Ice troll male","level":82,"killCount":-1,"type":"NPC","drops":[{"name":"Coins","id":995,"quantity":35,"price":1}],"date":"May 29, 2022, 1:18:28 AM"}
{"name":"Ice troll male","level":82,"killCount":-1,"type":"NPC","drops":[{"name":"Seaweed","id":402,"quantity":7,"price":22}],"date":"May 29, 2022, 1:18:51 AM"}
{"name":"Ice troll male","level":82,"killCount":-1,"type":"NPC","drops":[{"name":"Adamant full helm","id":1161,"quantity":1,"price":1826}],"date":"May 29, 2022, 1:19:05 AM"}
{"name":"Ice troll male","level":82,"killCount":-1,"type":"NPC","drops":[{"name":"Earth rune","id":557,"quantity":14,"price":5}],"date":"May 29, 2022, 1:19:06 AM"}
{"name":"Ice troll male","level":82,"killCount":-1,"type":"NPC","drops":[{"name":"Grimy guam leaf","id":199,"quantity":1,"price":75}],"date":"May 29, 2022, 1:19:29 AM"}
{"name":"Ice troll male","level":82,"killCount":-1,"type":"NPC","drops":[{"name":"Ball of wool","id":1760,"quantity":33,"price":34}],"date":"May 29, 2022, 1:19:35 AM"}
{"name":"Ice troll male","level":82,"killCount":-1,"type":"NPC","drops":[{"name":"Adamant full helm","id":1161,"quantity":1,"price":1826}],"date":"May 29, 2022, 1:19:54 AM"}
{"name":"Ice troll male","level":82,"killCount":-1,"type":"NPC","drops":[{"name":"Ball of wool","id":1760,"quantity":42,"price":34}],"date":"May 29, 2022, 1:20:00 AM"}
{"name":"Ice troll male","level":82,"killCount":-1,"type":"NPC","drops":[{"name":"Coins","id":995,"quantity":35,"price":1}],"date":"May 29, 2022, 1:20:21 AM"}
{"name":"Ice troll male","level":82,"killCount":-1,"type":"NPC","drops":[{"name":"Coins","id":995,"quantity":200,"price":1}],"date":"May 29, 2022, 1:20:26 AM"}
{"name":"Ice troll male","level":82,"killCount":-1,"type":"NPC","drops":[{"name":"Adamant full helm","id":1161,"quantity":1,"price":1826}],"date":"May 29, 2022, 1:20:48 AM"}
{"name":"Ice troll male","level":82,"killCount":-1,"type":"NPC","drops":[{"name":"Earth rune","id":557,"quantity":25,"price":5}],"date":"May 29, 2022, 1:20:51 AM"}
{"name":"Ice troll male","level":82,"killCount":-1,"type":"NPC","drops":[{"name":"Earth rune","id":557,"quantity":60,"price":5}],"date":"May 29, 2022, 1:20:59 AM"}
{"name":"Ice troll male","level":82,"killCount":-1,"type":"NPC","drops":[{"name":"Ensouled troll head","id":13483,"quantity":1,"price":2003},{"name":"Ball of wool","id":1760,"quantity":21,"price":34}],"date":"May 29, 2022, 1:21:14 AM"}
{"name":"Ice troll male","level":82,"killCount":-1,"type":"NPC","drops":[{"name":"Grimy guam leaf","id":199,"quantity":1,"price":75}],"date":"May 29, 2022, 1:21:29 AM"}
{"name":"Ice troll male","level":82,"killCount":-1,"type":"NPC","drops":[{"name":"Coins","id":995,"quantity":8,"price":1}],"date":"May 29, 2022, 1:21:44 AM"}
{"name":"Ice troll male","level":82,"killCount":-1,"type":"NPC","drops":[{"name":"Coins","id":995,"quantity":200,"price":1}],"date":"May 29, 2022, 1:22:00 AM"}
{"name":"Ice troll male","level":82,"killCount":-1,"type":"NPC","drops":[{"name":"Adamant axe","id":1357,"quantity":1,"price":409}],"date":"May 29, 2022, 1:22:08 AM"}
{"name":"Ice troll male","level":82,"killCount":-1,"type":"NPC","drops":[{"name":"Black warhammer","id":1341,"quantity":1,"price":303}],"date":"May 29, 2022, 1:22:24 AM"}
{"name":"Ice troll male","level":82,"killCount":-1,"type":"NPC","drops":[{"name":"Ball of wool","id":1760,"quantity":31,"price":34}],"date":"May 29, 2022, 1:22:45 AM"}
{"name":"Ice troll male","level":82,"killCount":-1,"type":"NPC","drops":[{"name":"Law rune","id":563,"quantity":7,"price":131}],"date":"May 29, 2022, 1:22:59 AM"}
{"name":"Ice troll male","level":82,"killCount":-1,"type":"NPC","drops":[{"name":"Adamant full helm","id":1161,"quantity":1,"price":1826}],"date":"May 29, 2022, 1:23:18 AM"}
{"name":"Ice troll male","level":82,"killCount":-1,"type":"NPC","drops":[{"name":"Coins","id":995,"quantity":100,"price":1}],"date":"May 29, 2022, 1:23:21 AM"}
{"name":"Ice troll male","level":82,"killCount":-1,"type":"NPC","drops":[{"name":"Seaweed","id":402,"quantity":5,"price":22}],"date":"May 29, 2022, 1:23:39 AM"}
{"name":"Ice troll male","level":82,"killCount":-1,"type":"NPC","drops":[{"name":"Ball of wool","id":1760,"quantity":22,"price":34}],"date":"May 29, 2022, 1:23:43 AM"}
{"name":"Ice troll male","level":82,"killCount":-1,"type":"NPC","drops":[{"name":"Coins","id":995,"quantity":35,"price":1}],"date":"May 29, 2022, 1:24:11 AM"}
{"name":"Ice troll male","level":82,"killCount":-1,"type":"NPC","drops":[{"name":"Seaweed","id":402,"quantity":6,"price":22}],"date":"May 29, 2022, 1:24:13 AM"}
{"name":"Ice troll male","level":82,"killCount":-1,"type":"NPC","drops":[{"name":"Earth rune","id":557,"quantity":14,"price":5}],"date":"May 29, 2022, 1:24:34 AM"}
{"name":"Ice troll male","level":82,"killCount":-1,"type":"NPC","drops":[{"name":"Big bones","id":532,"quantity":1,"price":211},{"name":"Earth rune","id":557,"quantity":28,"price":4}],"date":"Jul 5, 2022, 8:36:44 PM"}
{"name":"Ice troll male","level":82,"killCount":-1,"type":"NPC","drops":[{"name":"Big bones","id":532,"quantity":1,"price":211},{"name":"Nature rune","id":561,"quantity":7,"price":186}],"date":"Jul 5, 2022, 8:36:47 PM"}
{"name":"Ice troll male","level":82,"killCount":-1,"type":"NPC","drops":[{"name":"Earth rune","id":557,"quantity":15,"price":4}],"date":"Jul 5, 2022, 8:37:00 PM"}
{"name":"Ice troll male","level":82,"killCount":-1,"type":"NPC","drops":[{"name":"Ball of wool","id":1760,"quantity":36,"price":36}],"date":"Jul 5, 2022, 8:37:25 PM"}
{"name":"Ice troll male","level":82,"killCount":-1,"type":"NPC","drops":[{"name":"Coins","id":995,"quantity":200,"price":1}],"date":"Jul 5, 2022, 8:37:36 PM"}
{"name":"Ice troll male","level":82,"killCount":-1,"type":"NPC","drops":[{"name":"Earth rune","id":557,"quantity":13,"price":4}],"date":"Jul 5, 2022, 8:37:54 PM"}
{"name":"Ice troll male","level":82,"killCount":-1,"type":"NPC","drops":[{"name":"Ranarr seed","id":5295,"quantity":1,"price":53750}],"date":"Jul 5, 2022, 8:37:55 PM"}
{"name":"Ice troll male","level":82,"killCount":-1,"type":"NPC","drops":[{"name":"Seaweed","id":402,"quantity":5,"price":12}],"date":"Jul 5, 2022, 8:38:40 PM"}
{"name":"Ice troll male","level":82,"killCount":-1,"type":"NPC","drops":[{"name":"Ball of wool","id":1760,"quantity":18,"price":36}],"date":"Jul 5, 2022, 8:39:07 PM"}
{"name":"Ice troll male","level":82,"killCount":-1,"type":"NPC","drops":[{"name":"Uncut sapphire","id":1623,"quantity":1,"price":388}],"date":"Jul 5, 2022, 8:39:21 PM"}
{"name":"Ice troll male","level":82,"killCount":-1,"type":"NPC","drops":[{"name":"Ball of wool","id":1760,"quantity":42,"price":36}],"date":"Jul 5, 2022, 8:39:30 PM"}
{"name":"Ice troll male","level":82,"killCount":-1,"type":"NPC","drops":[{"name":"Raw shark","id":384,"quantity":2,"price":712}],"date":"Jul 5, 2022, 8:39:40 PM"}
{"name":"Ice troll male","level":82,"killCount":-1,"type":"NPC","drops":[{"name":"Steel platebody","id":1119,"quantity":1,"price":852}],"date":"Jul 5, 2022, 8:39:57 PM"}
{"name":"Ice troll male","level":82,"killCount":-1,"type":"NPC","drops":[{"name":"Steel med helm","id":1141,"quantity":1,"price":90}],"date":"Jul 5, 2022, 8:40:14 PM"}
{"name":"Ice troll male","level":82,"killCount":-1,"type":"NPC","drops":[{"name":"Mithril warhammer","id":1343,"quantity":1,"price":1052}],"date":"Jul 5, 2022, 8:40:18 PM"}
{"name":"Ice troll male","level":82,"killCount":-1,"type":"NPC","drops":[{"name":"Marrentill seed","id":5292,"quantity":1,"price":2}],"date":"Jul 5, 2022, 8:40:35 PM"}
{"name":"Ice troll male","level":82,"killCount":-1,"type":"NPC","drops":[{"name":"Coins","id":995,"quantity":200,"price":1}],"date":"Jul 5, 2022, 8:40:53 PM"}
{"name":"Ice troll male","level":82,"killCount":-1,"type":"NPC","drops":[{"name":"Strawberry seed","id":5323,"quantity":1,"price":12}],"date":"Jul 5, 2022, 8:41:03 PM"}
{"name":"Ice troll male","level":82,"killCount":-1,"type":"NPC","drops":[{"name":"Adamant full helm","id":1161,"quantity":1,"price":1333}],"date":"Jul 5, 2022, 8:41:13 PM"}
{"name":"Ice troll male","level":82,"killCount":-1,"type":"NPC","drops":[{"name":"Raw shark","id":384,"quantity":8,"price":712}],"date":"Jul 5, 2022, 8:41:34 PM"}
{"name":"Ice troll male","level":82,"killCount":-1,"type":"NPC","drops":[{"name":"Steel platebody","id":1119,"quantity":1,"price":852}],"date":"Jul 5, 2022, 8:41:52 PM"}
{"name":"Ice troll male","level":82,"killCount":-1,"type":"NPC","drops":[{"name":"Coins","id":995,"quantity":200,"price":1}],"date":"Jul 5, 2022, 8:42:10 PM"}
{"name":"Ice troll male","level":82,"killCount":-1,"type":"NPC","drops":[{"name":"Coins","id":995,"quantity":35,"price":1}],"date":"Jul 5, 2022, 8:42:19 PM"}
{"name":"Ice troll male","level":82,"killCount":-1,"type":"NPC","drops":[{"name":"Ball of wool","id":1760,"quantity":38,"price":36}],"date":"Jul 5, 2022, 8:42:45 PM"}
{"name":"Ice troll male","level":82,"killCount":-1,"type":"NPC","drops":[{"name":"Raw shark","id":384,"quantity":2,"price":712}],"date":"Jul 5, 2022, 8:42:54 PM"}
{"name":"Ice troll male","level":82,"killCount":-1,"type":"NPC","drops":[{"name":"Tarromin seed","id":5293,"quantity":1,"price":17}],"date":"Jul 5, 2022, 8:43:19 PM"}
{"name":"Ice troll male","level":82,"killCount":-1,"type":"NPC","drops":[{"name":"Whiteberry seed","id":5105,"quantity":1,"price":17}],"date":"Jul 5, 2022, 8:43:25 PM"}
{"name":"Ice troll male","level":82,"killCount":-1,"type":"NPC","drops":[{"name":"Law rune","id":563,"quantity":7,"price":143}],"date":"Jul 5, 2022, 8:43:35 PM"}
{"name":"Ice troll male","level":82,"killCount":-1,"type":"NPC","drops":[{"name":"Steel platebody","id":1119,"quantity":1,"price":852}],"date":"Jul 5, 2022, 8:43:52 PM"}
{"name":"Ice troll male","level":82,"killCount":-1,"type":"NPC","drops":[{"name":"Coins","id":995,"quantity":100,"price":1}],"date":"Jul 5, 2022, 8:44:00 PM"}
{"name":"Ice troll male","level":82,"killCount":-1,"type":"NPC","drops":[{"name":"Granite shield","id":3122,"quantity":1,"price":33743}],"date":"Jul 5, 2022, 8:44:19 PM"}
{"name":"Ice troll male","level":82,"killCount":-1,"type":"NPC","drops":[{"name":"Earth rune","id":557,"quantity":11,"price":4}],"date":"Jul 5, 2022, 8:44:21 PM"}
{"name":"Ice troll male","level":82,"killCount":-1,"type":"NPC","drops":[{"name":"Belladonna seed","id":5281,"quantity":1,"price":254}],"date":"Jul 5, 2022, 8:44:45 PM"}
{"name":"Ice troll male","level":82,"killCount":-1,"type":"NPC","drops":[{"name":"Rune kiteshield","id":1201,"quantity":1,"price":31857}],"date":"Jul 5, 2022, 8:45:05 PM"}
{"name":"Ice troll male","level":82,"killCount":-1,"type":"NPC","drops":[{"name":"Jangerberry seed","id":5104,"quantity":1,"price":1}],"date":"Jul 5, 2022, 8:45:26 PM"}
{"name":"Ice troll male","level":82,"killCount":-1,"type":"NPC","drops":[{"name":"Seaweed","id":402,"quantity":5,"price":12}],"date":"Jul 5, 2022, 8:45:28 PM"}
{"name":"Ice troll male","level":82,"killCount":-1,"type":"NPC","drops":[{"name":"Coins","id":995,"quantity":35,"price":1}],"date":"Jul 5, 2022, 8:45:33 PM"}
{"name":"Ice troll male","level":82,"killCount":-1,"type":"NPC","drops":[{"name":"Coins","id":995,"quantity":100,"price":1}],"date":"Jul 5, 2022, 8:45:47 PM"}
{"name":"Ice troll male","level":82,"killCount":-1,"type":"NPC","drops":[{"name":"Ensouled troll head","id":13483,"quantity":1,"price":1867},{"name":"Ball of wool","id":1760,"quantity":34,"price":36}],"date":"Jul 5, 2022, 8:46:12 PM"}
{"name":"Ice troll male","level":82,"killCount":-1,"type":"NPC","drops":[{"name":"Black warhammer","id":1341,"quantity":1,"price":390}],"date":"Jul 5, 2022, 8:46:20 PM"}
{"name":"Ice troll male","level":82,"killCount":-1,"type":"NPC","drops":[{"name":"Coins","id":995,"quantity":200,"price":1}],"date":"Jul 5, 2022, 8:46:53 PM"}
{"name":"Ice troll male","level":82,"killCount":-1,"type":"NPC","drops":[{"name":"Raw shark","id":384,"quantity":6,"price":712}],"date":"Jul 5, 2022, 8:47:06 PM"}
{"name":"Ice troll male","level":82,"killCount":-1,"type":"NPC","drops":[{"name":"Adamant full helm","id":1161,"quantity":1,"price":1333}],"date":"Jul 5, 2022, 8:47:24 PM"}
{"name":"Ice troll male","level":82,"killCount":-1,"type":"NPC","drops":[{"name":"Ball of wool","id":1760,"quantity":30,"price":36}],"date":"Jul 5, 2022, 8:47:33 PM"}
{"name":"Ice troll male","level":82,"killCount":-1,"type":"NPC","drops":[{"name":"Coins","id":995,"quantity":35,"price":1}],"date":"Jul 5, 2022, 8:48:02 PM"}
{"name":"Ice troll male","level":82,"killCount":-1,"type":"NPC","drops":[{"name":"Steel platebody","id":1119,"quantity":1,"price":852}],"date":"Jul 5, 2022, 8:48:13 PM"}
{"name":"Ice troll male","level":82,"killCount":-1,"type":"NPC","drops":[{"name":"Coins","id":995,"quantity":200,"price":1}],"date":"Jul 5, 2022, 8:48:21 PM"}
{"name":"Ice troll male","level":82,"killCount":-1,"type":"NPC","drops":[{"name":"Law rune","id":563,"quantity":4,"price":143}],"date":"Jul 5, 2022, 8:52:25 PM"}
{"name":"Ice troll male","level":82,"killCount":-1,"type":"NPC","drops":[{"name":"Seaweed","id":402,"quantity":6,"price":21}],"date":"Aug 2, 2022, 9:06:39 AM"}
{"name":"Ice troll male","level":82,"killCount":-1,"type":"NPC","drops":[{"name":"Law rune","id":563,"quantity":4,"price":138}],"date":"Aug 2, 2022, 9:06:51 AM"}
{"name":"Ice troll male","level":82,"killCount":-1,"type":"NPC","drops":[{"name":"Tarromin seed","id":5293,"quantity":1,"price":12}],"date":"Aug 2, 2022, 9:06:54 AM"}
{"name":"Ice troll male","level":82,"killCount":-1,"type":"NPC","drops":[{"name":"Adamant full helm","id":1161,"quantity":1,"price":1812}],"date":"Aug 2, 2022, 9:07:21 AM"}
{"name":"Ice troll male","level":82,"killCount":-1,"type":"NPC","drops":[{"name":"Earth rune","id":557,"quantity":13,"price":4}],"date":"Aug 2, 2022, 9:07:31 AM"}
{"name":"Ice troll male","level":82,"killCount":-1,"type":"NPC","drops":[{"name":"Coins","id":995,"quantity":35,"price":1}],"date":"Aug 2, 2022, 9:07:49 AM"}
{"name":"Ice troll male","level":82,"killCount":-1,"type":"NPC","drops":[{"name":"Adamant full helm","id":1161,"quantity":1,"price":1812}],"date":"Aug 2, 2022, 9:07:52 AM"}
{"name":"Ice troll male","level":82,"killCount":-1,"type":"NPC","drops":[{"name":"Adamant full helm","id":1161,"quantity":1,"price":1812}],"date":"Aug 2, 2022, 9:08:03 AM"}
{"name":"Ice troll male","level":82,"killCount":-1,"type":"NPC","drops":[{"name":"Adamant full helm","id":1161,"quantity":1,"price":1812}],"date":"Aug 2, 2022, 9:08:11 AM"}
{"name":"Ice troll male","level":82,"killCount":-1,"type":"NPC","drops":[{"name":"Jangerberry seed","id":5104,"quantity":1,"price":1}],"date":"Aug 2, 2022, 9:08:45 AM"}
{"name":"Ice troll male","level":82,"killCount":-1,"type":"NPC","drops":[{"name":"Coins","id":995,"quantity":35,"price":1}],"date":"Aug 2, 2022, 9:08:51 AM"}
{"name":"Ice troll male","level":82,"killCount":-1,"type":"NPC","drops":[{"name":"Limpwurt seed","id":5100,"quantity":1,"price":6}],"date":"Aug 2, 2022, 9:09:02 AM"}
{"name":"Ice troll male","level":82,"killCount":-1,"type":"NPC","drops":[{"name":"Law rune","id":563,"quantity":5,"price":138}],"date":"Aug 2, 2022, 9:10:10 AM"}
{"name":"Ice troll male","level":82,"killCount":-1,"type":"NPC","drops":[{"name":"Steel platebody","id":1119,"quantity":1,"price":922}],"date":"Aug 2, 2022, 9:10:19 AM"}
{"name":"Ice troll male","level":82,"killCount":-1,"type":"NPC","drops":[{"name":"Earth rune","id":557,"quantity":12,"price":4}],"date":"Aug 2, 2022, 9:10:25 AM"}
{"name":"Ice troll male","level":82,"killCount":-1,"type":"NPC","drops":[{"name":"Coins","id":995,"quantity":35,"price":1}],"date":"Aug 2, 2022, 9:10:27 AM"}
{"name":"Ice troll male","level":82,"killCount":-1,"type":"NPC","drops":[{"name":"Coins","id":995,"quantity":35,"price":1}],"date":"Aug 2, 2022, 9:10:36 AM"}
{"name":"Ice troll male","level":82,"killCount":-1,"type":"NPC","drops":[{"name":"Law rune","id":563,"quantity":8,"price":138}],"date":"Aug 2, 2022, 9:10:54 AM"}
{"name":"Ice troll male","level":82,"killCount":-1,"type":"NPC","drops":[{"name":"Adamant full helm","id":1161,"quantity":1,"price":1812}],"date":"Aug 2, 2022, 9:11:10 AM"}
{"name":"Ice troll male","level":82,"killCount":-1,"type":"NPC","drops":[{"name":"Adamant axe","id":1357,"quantity":1,"price":414}],"date":"Aug 2, 2022, 9:11:16 AM"}
{"name":"Ice troll male","level":82,"killCount":-1,"type":"NPC","drops":[{"name":"Grimy irit leaf","id":209,"quantity":1,"price":711}],"date":"Aug 2, 2022, 9:11:24 AM"}
{"name":"Ice troll male","level":82,"killCount":-1,"type":"NPC","drops":[{"name":"Ensouled troll head","id":13483,"quantity":1,"price":1939},{"name":"Steel platebody","id":1119,"quantity":1,"price":922}],"date":"Aug 2, 2022, 9:11:39 AM"}
{"name":"Ice troll male","level":82,"killCount":-1,"type":"NPC","drops":[{"name":"Ball of wool","id":1760,"quantity":31,"price":38}],"date":"Aug 2, 2022, 9:11:55 AM"}
{"name":"Ice troll male","level":82,"killCount":-1,"type":"NPC","drops":[{"name":"Whiteberry seed","id":5105,"quantity":1,"price":16}],"date":"Aug 2, 2022, 9:12:11 AM"}
{"name":"Ice troll male","level":82,"killCount":-1,"type":"NPC","drops":[{"name":"Ball of wool","id":1760,"quantity":19,"price":38}],"date":"Aug 2, 2022, 9:12:11 AM"}
{"name":"Ice troll male","level":82,"killCount":-1,"type":"NPC","drops":[{"name":"Coins","id":995,"quantity":200,"price":1}],"date":"Aug 2, 2022, 9:12:18 AM"}
{"name":"Ice troll male","level":82,"killCount":-1,"type":"NPC","drops":[{"name":"Law rune","id":563,"quantity":6,"price":138}],"date":"Aug 2, 2022, 9:12:55 AM"}
{"name":"Ice troll male","level":82,"killCount":-1,"type":"NPC","drops":[{"name":"Grimy ranarr weed","id":207,"quantity":1,"price":8981}],"date":"Aug 2, 2022, 9:13:00 AM"}
{"name":"Ice troll male","level":82,"killCount":-1,"type":"NPC","drops":[{"name":"Earth rune","id":557,"quantity":28,"price":4}],"date":"Aug 2, 2022, 9:13:06 AM"}
{"name":"Ice troll male","level":82,"killCount":-1,"type":"NPC","drops":[{"name":"Coins","id":995,"quantity":50,"price":1}],"date":"Aug 2, 2022, 9:13:29 AM"}
{"name":"Ice troll male","level":82,"killCount":-1,"type":"NPC","drops":[{"name":"Earth rune","id":557,"quantity":14,"price":4}],"date":"Aug 2, 2022, 9:13:36 AM"}
{"name":"Ice troll male","level":82,"killCount":-1,"type":"NPC","drops":[{"name":"Coins","id":995,"quantity":8,"price":1}],"date":"Aug 2, 2022, 9:13:45 AM"}
{"name":"Ice troll male","level":82,"killCount":-1,"type":"NPC","drops":[{"name":"Nature rune","id":561,"quantity":11,"price":184}],"date":"Aug 2, 2022, 9:13:51 AM"}
{"name":"Ice troll male","level":82,"killCount":-1,"type":"NPC","drops":[{"name":"Earth rune","id":557,"quantity":17,"price":4}],"date":"Aug 2, 2022, 9:13:58 AM"}
{"name":"Ice troll male","level":82,"killCount":-1,"type":"NPC","drops":[{"name":"Coins","id":995,"quantity":100,"price":1}],"date":"Aug 2, 2022, 9:14:26 AM"}
{"name":"Ice troll male","level":82,"killCount":-1,"type":"NPC","drops":[{"name":"Earth rune","id":557,"quantity":14,"price":4}],"date":"Aug 2, 2022, 9:14:53 AM"}
{"name":"Ice troll male","level":82,"killCount":-1,"type":"NPC","drops":[{"name":"Seaweed","id":402,"quantity":5,"price":21}],"date":"Aug 2, 2022, 9:15:01 AM"}
{"name":"Ice troll male","level":82,"killCount":-1,"type":"NPC","drops":[{"name":"Earth rune","id":557,"quantity":34,"price":4}],"date":"Aug 2, 2022, 9:15:23 AM"}
{"name":"Ice troll male","level":82,"killCount":-1,"type":"NPC","drops":[{"name":"Coins","id":995,"quantity":35,"price":1}],"date":"Aug 2, 2022, 9:15:26 AM"}
{"name":"Ice troll male","level":82,"killCount":-1,"type":"NPC","drops":[{"name":"Earth rune","id":557,"quantity":9,"price":4}],"date":"Aug 2, 2022, 9:15:38 AM"}
{"name":"Ice troll male","level":82,"killCount":-1,"type":"NPC","drops":[{"name":"Adamant axe","id":1357,"quantity":1,"price":414}],"date":"Aug 2, 2022, 9:15:50 AM"}
{"name":"Ice troll male","level":82,"killCount":-1,"type":"NPC","drops":[{"name":"Coins","id":995,"quantity":35,"price":1}],"date":"Aug 2, 2022, 9:16:06 AM"}
{"name":"Ice troll male","level":82,"killCount":-1,"type":"NPC","drops":[{"name":"Raw shark","id":384,"quantity":6,"price":677}],"date":"Aug 2, 2022, 9:16:07 AM"}
{"name":"Ice troll male","level":82,"killCount":-1,"type":"NPC","drops":[{"name":"Seaweed","id":402,"quantity":3,"price":21}],"date":"Aug 2, 2022, 9:16:24 AM"}
{"name":"Ice troll male","level":82,"killCount":-1,"type":"NPC","drops":[{"name":"Limpwurt seed","id":5100,"quantity":1,"price":6}],"date":"Aug 2, 2022, 9:16:45 AM"}
{"name":"Ice troll male","level":82,"killCount":-1,"type":"NPC","drops":[{"name":"Tarromin seed","id":5293,"quantity":1,"price":12}],"date":"Aug 2, 2022, 9:16:52 AM"}
{"name":"Ice troll male","level":82,"killCount":-1,"type":"NPC","drops":[{"name":"Ensouled troll head","id":13483,"quantity":1,"price":1939},{"name":"Snape grass seed","id":22879,"quantity":1,"price":2847}],"date":"Aug 2, 2022, 9:17:11 AM"}
{"name":"Ice troll male","level":82,"killCount":-1,"type":"NPC","drops":[{"name":"Mithril warhammer","id":1343,"quantity":1,"price":1193}],"date":"Aug 2, 2022, 9:17:13 AM"}
{"name":"Ice troll male","level":82,"killCount":-1,"type":"NPC","drops":[{"name":"Coins","id":995,"quantity":35,"price":1}],"date":"Aug 2, 2022, 9:17:33 AM"}
{"name":"Ice troll male","level":82,"killCount":-1,"type":"NPC","drops":[{"name":"Coins","id":995,"quantity":200,"price":1}],"date":"Aug 2, 2022, 9:17:38 AM"}
{"name":"Ice troll male","level":82,"killCount":-1,"type":"NPC","drops":[{"name":"Coins","id":995,"quantity":50,"price":1}],"date":"Aug 2, 2022, 9:18:14 AM"}
{"name":"Ice troll male","level":82,"killCount":-1,"type":"NPC","drops":[{"name":"Mithril warhammer","id":1343,"quantity":1,"price":1193}],"date":"Aug 2, 2022, 9:18:19 AM"}
{"name":"Ice troll male","level":82,"killCount":-1,"type":"NPC","drops":[{"name":"Earth rune","id":557,"quantity":19,"price":4}],"date":"Aug 2, 2022, 9:18:29 AM"}
{"name":"Ice troll male","level":82,"killCount":-1,"type":"NPC","drops":[{"name":"Seaweed","id":402,"quantity":8,"price":21}],"date":"Aug 2, 2022, 9:18:30 AM"}
{"name":"Ice troll male","level":82,"killCount":-1,"type":"NPC","drops":[{"name":"Coins","id":995,"quantity":8,"price":1}],"date":"Aug 2, 2022, 9:18:53 AM"}
{"name":"Ice troll male","level":82,"killCount":-1,"type":"NPC","drops":[{"name":"Adamant full helm","id":1161,"quantity":1,"price":1812}],"date":"Aug 2, 2022, 9:18:59 AM"}
{"name":"Ice troll male","level":82,"killCount":-1,"type":"NPC","drops":[{"name":"Coins","id":995,"quantity":200,"price":1}],"date":"Aug 2, 2022, 9:19:10 AM"}
{"name":"Ice troll male","level":82,"killCount":-1,"type":"NPC","drops":[{"name":"Whiteberry seed","id":5105,"quantity":1,"price":16}],"date":"Aug 2, 2022, 9:19:32 AM"}
{"name":"Ice troll male","level":82,"killCount":-1,"type":"NPC","drops":[{"name":"Mushroom spore","id":5282,"quantity":1,"price":84}],"date":"Aug 2, 2022, 9:19:42 AM"}
{"name":"Ice troll male","level":82,"killCount":-1,"type":"NPC","drops":[{"name":"Raw shark","id":384,"quantity":3,"price":677}],"date":"Aug 2, 2022, 9:20:01 AM"}
{"name":"Ice troll male","level":82,"killCount":-1,"type":"NPC","drops":[{"name":"Grimy guam leaf","id":199,"quantity":1,"price":62}],"date":"Aug 2, 2022, 9:20:12 AM"}
{"name":"Ice troll male","level":82,"killCount":-1,"type":"NPC","drops":[{"name":"Coins","id":995,"quantity":100,"price":1}],"date":"Aug 2, 2022, 9:20:18 AM"}
{"name":"Ice troll male","level":82,"killCount":-1,"type":"NPC","drops":[{"name":"Earth rune","id":557,"quantity":25,"price":4}],"date":"Aug 2, 2022, 9:20:23 AM"}
{"name":"Ice troll male","level":82,"killCount":-1,"type":"NPC","drops":[{"name":"Mithril warhammer","id":1343,"quantity":1,"price":1193}],"date":"Aug 2, 2022, 9:20:35 AM"}
{"name":"Ice troll male","level":82,"killCount":-1,"type":"NPC","drops":[{"name":"Nature rune","id":561,"quantity":10,"price":184}],"date":"Aug 2, 2022, 9:20:45 AM"}
{"name":"Ice troll male","level":82,"killCount":-1,"type":"NPC","drops":[{"name":"Grimy ranarr weed","id":207,"quantity":1,"price":8981}],"date":"Aug 2, 2022, 9:20:57 AM"}
{"name":"Ice troll male","level":82,"killCount":-1,"type":"NPC","drops":[{"name":"Ensouled troll head","id":13483,"quantity":1,"price":1939},{"name":"Ball of wool","id":1760,"quantity":38,"price":38}],"date":"Aug 2, 2022, 9:21:22 AM"}
{"name":"Ice troll male","level":82,"killCount":-1,"type":"NPC","drops":[{"name":"Nature rune","id":561,"quantity":8,"price":184}],"date":"Aug 2, 2022, 9:21:35 AM"}
{"name":"Ice troll male","level":82,"killCount":-1,"type":"NPC","drops":[{"name":"Ball of wool","id":1760,"quantity":34,"price":38}],"date":"Aug 2, 2022, 9:22:08 AM"}
{"name":"Ice troll male","level":82,"killCount":-1,"type":"NPC","drops":[{"name":"Earth rune","id":557,"quantity":60,"price":4}],"date":"Aug 2, 2022, 9:22:12 AM"}
{"name":"Ice troll male","level":82,"killCount":-1,"type":"NPC","drops":[{"name":"Earth rune","id":557,"quantity":14,"price":4}],"date":"Aug 2, 2022, 9:22:26 AM"}
{"name":"Ice troll male","level":82,"killCount":-1,"type":"NPC","drops":[{"name":"Steel platebody","id":1119,"quantity":1,"price":914}],"date":"Aug 3, 2022, 7:46:25 PM"}
{"name":"Ice troll male","level":82,"killCount":-1,"type":"NPC","drops":[{"name":"Coins","id":995,"quantity":35,"price":1}],"date":"Aug 3, 2022, 7:46:29 PM"}
{"name":"Ice troll male","level":82,"killCount":-1,"type":"NPC","drops":[{"name":"Earth rune","id":557,"quantity":14,"price":5}],"date":"Aug 3, 2022, 7:46:44 PM"}
{"name":"Ice troll male","level":82,"killCount":-1,"type":"NPC","drops":[{"name":"Ball of wool","id":1760,"quantity":26,"price":39}],"date":"Aug 3, 2022, 7:47:00 PM"}
{"name":"Ice troll male","level":82,"killCount":-1,"type":"NPC","drops":[{"name":"Nature rune","id":561,"quantity":8,"price":183}],"date":"Aug 3, 2022, 7:47:27 PM"}
{"name":"Ice troll male","level":82,"killCount":-1,"type":"NPC","drops":[{"name":"Strawberry seed","id":5323,"quantity":1,"price":4}],"date":"Aug 3, 2022, 7:47:29 PM"}
{"name":"Ice troll male","level":82,"killCount":-1,"type":"NPC","drops":[{"name":"Steel platebody","id":1119,"quantity":1,"price":914}],"date":"Aug 3, 2022, 7:47:41 PM"}
{"name":"Ice troll male","level":82,"killCount":-1,"type":"NPC","drops":[{"name":"Marrentill seed","id":5292,"quantity":1,"price":4}],"date":"Aug 3, 2022, 7:47:44 PM"}
{"name":"Ice troll male","level":82,"killCount":-1,"type":"NPC","drops":[{"name":"Ball of wool","id":1760,"quantity":20,"price":39}],"date":"Aug 3, 2022, 7:48:14 PM"}
{"name":"Ice troll male","level":82,"killCount":-1,"type":"NPC","drops":[{"name":"Coins","id":995,"quantity":200,"price":1}],"date":"Aug 3, 2022, 7:48:22 PM"}
{"name":"Ice troll male","level":82,"killCount":-1,"type":"NPC","drops":[{"name":"Earth rune","id":557,"quantity":19,"price":5}],"date":"Aug 3, 2022, 7:48:27 PM"}
{"name":"Ice troll male","level":82,"killCount":-1,"type":"NPC","drops":[{"name":"Ensouled troll head","id":13483,"quantity":1,"price":2011},{"name":"Adamant full helm","id":1161,"quantity":1,"price":1770}],"date":"Aug 3, 2022, 7:49:08 PM"}
{"name":"Ice troll male","level":82,"killCount":-1,"type":"NPC","drops":[{"name":"Steel platebody","id":1119,"quantity":1,"price":914}],"date":"Aug 3, 2022, 7:49:18 PM"}
{"name":"Ice troll male","level":82,"killCount":-1,"type":"NPC","drops":[{"name":"Wildblood seed","id":5311,"quantity":1,"price":36}],"date":"Aug 3, 2022, 7:49:49 PM"}
{"name":"Ice troll male","level":82,"killCount":-1,"type":"NPC","drops":[{"name":"Coins","id":995,"quantity":200,"price":1}],"date":"Aug 3, 2022, 7:49:55 PM"}
{"name":"Ice troll male","level":82,"killCount":-1,"type":"NPC","drops":[{"name":"Steel platebody","id":1119,"quantity":1,"price":914}],"date":"Aug 3, 2022, 7:50:06 PM"}
{"name":"Ice troll male","level":82,"killCount":-1,"type":"NPC","drops":[{"name":"Granite shield","id":3122,"quantity":1,"price":32985}],"date":"Aug 3, 2022, 7:50:40 PM"}
{"name":"Ice troll male","level":82,"killCount":-1,"type":"NPC","drops":[{"name":"Adamant axe","id":1357,"quantity":1,"price":482}],"date":"Aug 3, 2022, 7:50:45 PM"}
{"name":"Ice troll male","level":82,"killCount":-1,"type":"NPC","drops":[{"name":"Nature rune","id":561,"quantity":7,"price":183}],"date":"Aug 3, 2022, 7:50:56 PM"}
{"name":"Ice troll male","level":82,"killCount":-1,"type":"NPC","drops":[{"name":"Limpwurt seed","id":5100,"quantity":1,"price":8}],"date":"Aug 3, 2022, 7:51:10 PM"}
{"name":"Ice troll male","level":82,"killCount":-1,"type":"NPC","drops":[{"name":"Raw shark","id":384,"quantity":6,"price":677}],"date":"Aug 3, 2022, 7:51:29 PM"}
{"name":"Ice troll male","level":82,"killCount":-1,"type":"NPC","drops":[{"name":"Seaweed","id":402,"quantity":8,"price":19}],"date":"Aug 3, 2022, 7:51:33 PM"}
{"name":"Ice troll male","level":82,"killCount":-1,"type":"NPC","drops":[{"name":"Earth rune","id":557,"quantity":60,"price":5}],"date":"Aug 3, 2022, 7:51:41 PM"}
{"name":"Ice troll male","level":82,"killCount":-1,"type":"NPC","drops":[{"name":"Seaweed","id":402,"quantity":3,"price":19}],"date":"Aug 3, 2022, 7:51:50 PM"}
{"name":"Ice troll male","level":82,"killCount":-1,"type":"NPC","drops":[{"name":"Steel platebody","id":1119,"quantity":1,"price":914}],"date":"Aug 3, 2022, 7:52:15 PM"}
{"name":"Ice troll male","level":82,"killCount":-1,"type":"NPC","drops":[{"name":"Coins","id":995,"quantity":200,"price":1}],"date":"Aug 3, 2022, 7:52:33 PM"}
{"name":"Ice troll male","level":82,"killCount":-1,"type":"NPC","drops":[{"name":"Earth rune","id":557,"quantity":60,"price":5}],"date":"Aug 3, 2022, 7:52:34 PM"}
{"name":"Ice troll male","level":82,"killCount":-1,"type":"NPC","drops":[{"name":"Coins","id":995,"quantity":200,"price":1}],"date":"Aug 3, 2022, 7:53:29 PM"}
{"name":"Ice troll male","level":82,"killCount":-1,"type":"NPC","drops":[{"name":"Long bone","id":10976,"quantity":1,"price":1000},{"name":"Raw shark","id":384,"quantity":6,"price":677}],"date":"Aug 3, 2022, 7:53:42 PM"}
{"name":"Ice troll male","level":82,"killCount":-1,"type":"NPC","drops":[{"name":"Raw shark","id":384,"quantity":2,"price":677}],"date":"Aug 3, 2022, 7:53:43 PM"}
{"name":"Ice troll male","level":82,"killCount":-1,"type":"NPC","drops":[{"name":"Coins","id":995,"quantity":35,"price":1}],"date":"Aug 3, 2022, 7:53:43 PM"}
{"name":"Ice troll male","level":82,"killCount":-1,"type":"NPC","drops":[{"name":"Adamant full helm","id":1161,"quantity":1,"price":1770}],"date":"Aug 3, 2022, 7:54:10 PM"}
{"name":"Ice troll male","level":82,"killCount":-1,"type":"NPC","drops":[{"name":"Seaweed","id":402,"quantity":5,"price":19}],"date":"Aug 3, 2022, 7:54:23 PM"}
{"name":"Ice troll male","level":82,"killCount":-1,"type":"NPC","drops":[{"name":"Coins","id":995,"quantity":35,"price":1}],"date":"Aug 3, 2022, 7:54:30 PM"}
{"name":"Ice troll male","level":82,"killCount":-1,"type":"NPC","drops":[{"name":"Adamant full helm","id":1161,"quantity":1,"price":1770}],"date":"Aug 3, 2022, 7:54:45 PM"}
{"name":"Ice troll male","level":82,"killCount":-1,"type":"NPC","drops":[{"name":"Nature rune","id":561,"quantity":8,"price":183}],"date":"Aug 3, 2022, 7:54:56 PM"}
{"name":"Ice troll male","level":82,"killCount":-1,"type":"NPC","drops":[{"name":"Grimy guam leaf","id":199,"quantity":1,"price":89}],"date":"Aug 3, 2022, 7:55:01 PM"}
{"name":"Ice troll male","level":82,"killCount":-1,"type":"NPC","drops":[{"name":"Coins","id":995,"quantity":35,"price":1}],"date":"Aug 3, 2022, 7:55:22 PM"}
{"name":"Ice troll male","level":82,"killCount":-1,"type":"NPC","drops":[{"name":"Steel platebody","id":1119,"quantity":1,"price":914}],"date":"Aug 3, 2022, 7:55:51 PM"}
{"name":"Ice troll male","level":82,"killCount":-1,"type":"NPC","drops":[{"name":"Earth rune","id":557,"quantity":20,"price":5}],"date":"Aug 3, 2022, 7:56:07 PM"}
{"name":"Ice troll male","level":82,"killCount":-1,"type":"NPC","drops":[{"name":"Coal","id":454,"quantity":3,"price":144}],"date":"Aug 3, 2022, 7:56:13 PM"}
{"name":"Ice troll male","level":82,"killCount":-1,"type":"NPC","drops":[{"name":"Coins","id":995,"quantity":200,"price":1}],"date":"Aug 3, 2022, 7:56:35 PM"}
{"name":"Ice troll male","level":82,"killCount":-1,"type":"NPC","drops":[{"name":"Coins","id":995,"quantity":200,"price":1}],"date":"Aug 3, 2022, 7:56:38 PM"}
{"name":"Ice troll male","level":82,"killCount":-1,"type":"NPC","drops":[{"name":"Ensouled troll head","id":13483,"quantity":1,"price":2011},{"name":"Coins","id":995,"quantity":35,"price":1}],"date":"Aug 3, 2022, 7:56:51 PM"}
{"name":"Ice troll male","level":82,"killCount":-1,"type":"NPC","drops":[{"name":"Mithril warhammer","id":1343,"quantity":1,"price":1085}],"date":"Aug 3, 2022, 7:57:14 PM"}
{"name":"Ice troll male","level":82,"killCount":-1,"type":"NPC","drops":[{"name":"Coins","id":995,"quantity":200,"price":1}],"date":"Aug 3, 2022, 7:57:19 PM"}
{"name":"Ice troll male","level":82,"killCount":-1,"type":"NPC","drops":[{"name":"Coins","id":995,"quantity":200,"price":1}],"date":"Aug 3, 2022, 7:57:29 PM"}
{"name":"Ice troll male","level":82,"killCount":-1,"type":"NPC","drops":[{"name":"Coins","id":995,"quantity":35,"price":1}],"date":"Aug 3, 2022, 7:57:37 PM"}
{"name":"Ice troll male","level":82,"killCount":-1,"type":"NPC","drops":[{"name":"Raw shark","id":384,"quantity":2,"price":677}],"date":"Aug 3, 2022, 7:58:08 PM"}
{"name":"Ice troll male","level":82,"killCount":-1,"type":"NPC","drops":[{"name":"Ensouled troll head","id":13483,"quantity":1,"price":2011},{"name":"Watermelon seed","id":5321,"quantity":1,"price":14}],"date":"Aug 3, 2022, 7:58:14 PM"}
{"name":"Ice troll male","level":82,"killCount":-1,"type":"NPC","drops":[{"name":"Steel platebody","id":1119,"quantity":1,"price":914}],"date":"Aug 3, 2022, 7:58:27 PM"}
{"name":"Ice troll male","level":82,"killCount":-1,"type":"NPC","drops":[{"name":"Marrentill seed","id":5292,"quantity":1,"price":4}],"date":"Aug 3, 2022, 7:59:02 PM"}
{"name":"Ice troll male","level":82,"killCount":-1,"type":"NPC","drops":[{"name":"Coins","id":995,"quantity":200,"price":1}],"date":"Aug 3, 2022, 7:59:12 PM"}
{"name":"Ice troll male","level":82,"killCount":-1,"type":"NPC","drops":[{"name":"Ensouled troll head","id":13483,"quantity":1,"price":2011},{"name":"Adamant full helm","id":1161,"quantity":1,"price":1770}],"date":"Aug 3, 2022, 7:59:24 PM"}
{"name":"Ice troll male","level":82,"killCount":-1,"type":"NPC","drops":[{"name":"Adamant warhammer","id":1345,"quantity":1,"price":3125}],"date":"Aug 3, 2022, 7:59:27 PM"}
{"name":"Ice troll male","level":82,"killCount":-1,"type":"NPC","drops":[{"name":"Earth rune","id":557,"quantity":8,"price":5}],"date":"Aug 3, 2022, 8:00:01 PM"}
{"name":"Ice troll male","level":82,"killCount":-1,"type":"NPC","drops":[{"name":"Ranarr seed","id":5295,"quantity":1,"price":55827}],"date":"Aug 3, 2022, 8:00:03 PM"}
{"name":"Ice troll male","level":82,"killCount":-1,"type":"NPC","drops":[{"name":"Coins","id":995,"quantity":250,"price":1}],"date":"Aug 3, 2022, 8:00:17 PM"}
{"name":"Ice troll male","level":82,"killCount":-1,"type":"NPC","drops":[{"name":"Coins","id":995,"quantity":200,"price":1}],"date":"Aug 3, 2022, 8:00:26 PM"}
