{"name":"Icefiend","level":18,"killCount":-1,"type":"NPC","drops":[{"name":"Water rune","id":555,"quantity":5,"price":5}],"date":"Aug 5, 2022, 2:51:26 PM"}
{"name":"Icefiend","level":18,"killCount":-1,"type":"NPC","drops":[{"name":"Coins","id":995,"quantity":3,"price":1}],"date":"Aug 5, 2022, 3:11:56 PM"}
{"name":"Icefiend","level":18,"killCount":-1,"type":"NPC","drops":[{"name":"Coins","id":995,"quantity":10,"price":1}],"date":"Aug 5, 2022, 5:02:51 PM"}
{"name":"Icefiend","level":18,"killCount":-1,"type":"NPC","drops":[{"name":"Coins","id":995,"quantity":7,"price":1}],"date":"Aug 5, 2022, 10:30:05 PM"}
{"name":"Icefiend","level":18,"killCount":-1,"type":"NPC","drops":[{"name":"Uncut sapphire","id":1623,"quantity":1,"price":352}],"date":"Aug 5, 2022, 10:30:38 PM"}
{"name":"Icefiend","level":18,"killCount":-1,"type":"NPC","drops":[{"name":"Coins","id":995,"quantity":15,"price":1}],"date":"Aug 5, 2022, 10:46:58 PM"}
{"name":"Icefiend","level":18,"killCount":-1,"type":"NPC","drops":[{"name":"Water rune","id":555,"quantity":2,"price":6}],"date":"Aug 5, 2022, 10:59:39 PM"}
{"name":"Icefiend","level":18,"killCount":-1,"type":"NPC","drops":[{"name":"Coins","id":995,"quantity":13,"price":1}],"date":"Aug 5, 2022, 11:01:12 PM"}
{"name":"Icefiend","level":18,"killCount":-1,"type":"NPC","drops":[{"name":"Water rune","id":555,"quantity":1,"price":6}],"date":"Aug 5, 2022, 11:03:09 PM"}
{"name":"Icefiend","level":18,"killCount":-1,"type":"NPC","drops":[{"name":"Water rune","id":555,"quantity":4,"price":6}],"date":"Aug 5, 2022, 11:03:36 PM"}
{"name":"Icefiend","level":18,"killCount":-1,"type":"NPC","drops":[{"name":"Coins","id":995,"quantity":25,"price":1}],"date":"Aug 5, 2022, 11:16:50 PM"}
{"name":"Icefiend","level":18,"killCount":-1,"type":"NPC","drops":[{"name":"Water rune","id":555,"quantity":4,"price":6}],"date":"Aug 5, 2022, 11:17:36 PM"}
{"name":"Icefiend","level":18,"killCount":-1,"type":"NPC","drops":[{"name":"Coins","id":995,"quantity":10,"price":1}],"date":"Aug 5, 2022, 11:27:34 PM"}
{"name":"Icefiend","level":18,"killCount":-1,"type":"NPC","drops":[{"name":"Coins","id":995,"quantity":9,"price":1}],"date":"Aug 5, 2022, 11:44:05 PM"}
{"name":"Icefiend","level":18,"killCount":-1,"type":"NPC","drops":[{"name":"Coins","id":995,"quantity":11,"price":1}],"date":"Aug 5, 2022, 11:44:32 PM"}
{"name":"Icefiend","level":18,"killCount":-1,"type":"NPC","drops":[{"name":"Coins","id":995,"quantity":11,"price":1}],"date":"Aug 5, 2022, 11:44:41 PM"}
{"name":"Icefiend","level":18,"killCount":-1,"type":"NPC","drops":[{"name":"Uncut sapphire","id":1623,"quantity":1,"price":349}],"date":"Aug 5, 2022, 11:46:09 PM"}
{"name":"Icefiend","level":18,"killCount":-1,"type":"NPC","drops":[{"name":"Coins","id":995,"quantity":1,"price":1}],"date":"Aug 5, 2022, 11:47:45 PM"}
{"name":"Icefiend","level":18,"killCount":-1,"type":"NPC","drops":[{"name":"Water rune","id":555,"quantity":3,"price":5}],"date":"Aug 6, 2022, 12:12:54 AM"}
{"name":"Icefiend","level":18,"killCount":-1,"type":"NPC","drops":[{"name":"Water rune","id":555,"quantity":5,"price":5}],"date":"Aug 6, 2022, 12:14:14 AM"}
{"name":"Icefiend","level":18,"killCount":-1,"type":"NPC","drops":[{"name":"Air rune","id":556,"quantity":3,"price":5}],"date":"Aug 6, 2022, 12:27:51 AM"}
{"name":"Icefiend","level":18,"killCount":-1,"type":"NPC","drops":[{"name":"Coins","id":995,"quantity":17,"price":1}],"date":"Aug 6, 2022, 12:29:09 AM"}
{"name":"Icefiend","level":18,"killCount":-1,"type":"NPC","drops":[{"name":"Water rune","id":555,"quantity":2,"price":5}],"date":"Aug 6, 2022, 12:30:13 AM"}
{"name":"Icefiend","level":18,"killCount":-1,"type":"NPC","drops":[{"name":"Coins","id":995,"quantity":9,"price":1}],"date":"Aug 7, 2022, 4:14:02 PM"}
{"name":"Icefiend","level":18,"killCount":-1,"type":"NPC","drops":[{"name":"Coins","id":995,"quantity":18,"price":1}],"date":"Aug 7, 2022, 4:16:40 PM"}
{"name":"Icefiend","level":18,"killCount":-1,"type":"NPC","drops":[{"name":"Coins","id":995,"quantity":23,"price":1}],"date":"Aug 7, 2022, 4:16:49 PM"}
{"name":"Icefiend","level":18,"killCount":-1,"type":"NPC","drops":[{"name":"Coins","id":995,"quantity":12,"price":1}],"date":"Aug 7, 2022, 4:17:02 PM"}
{"name":"Icefiend","level":18,"killCount":-1,"type":"NPC","drops":[{"name":"Coins","id":995,"quantity":13,"price":1}],"date":"Aug 7, 2022, 4:39:05 PM"}
{"name":"Icefiend","level":18,"killCount":-1,"type":"NPC","drops":[{"name":"Coins","id":995,"quantity":17,"price":1}],"date":"Aug 7, 2022, 4:57:31 PM"}
{"name":"Icefiend","level":18,"killCount":-1,"type":"NPC","drops":[{"name":"Water rune","id":555,"quantity":2,"price":5}],"date":"Aug 7, 2022, 5:00:01 PM"}
{"name":"Icefiend","level":18,"killCount":-1,"type":"NPC","drops":[{"name":"Coins","id":995,"quantity":12,"price":1}],"date":"Aug 7, 2022, 5:01:31 PM"}
{"name":"Icefiend","level":18,"killCount":-1,"type":"NPC","drops":[{"name":"Water rune","id":555,"quantity":5,"price":5}],"date":"Aug 7, 2022, 5:16:46 PM"}
{"name":"Icefiend","level":18,"killCount":-1,"type":"NPC","drops":[{"name":"Water rune","id":555,"quantity":3,"price":5}],"date":"Aug 7, 2022, 5:29:49 PM"}
{"name":"Icefiend","level":18,"killCount":-1,"type":"NPC","drops":[{"name":"Uncut sapphire","id":1623,"quantity":1,"price":348}],"date":"Aug 7, 2022, 5:43:01 PM"}
{"name":"Icefiend","level":18,"killCount":-1,"type":"NPC","drops":[{"name":"Water rune","id":555,"quantity":2,"price":5}],"date":"Aug 7, 2022, 5:43:45 PM"}
{"name":"Icefiend","level":18,"killCount":-1,"type":"NPC","drops":[{"name":"Uncut sapphire","id":1623,"quantity":1,"price":348}],"date":"Aug 7, 2022, 5:45:12 PM"}
{"name":"Icefiend","level":18,"killCount":-1,"type":"NPC","drops":[{"name":"Coins","id":995,"quantity":6,"price":1}],"date":"Aug 7, 2022, 5:45:37 PM"}
{"name":"Icefiend","level":18,"killCount":-1,"type":"NPC","drops":[{"name":"Water rune","id":555,"quantity":2,"price":5}],"date":"Aug 7, 2022, 5:46:33 PM"}
{"name":"Icefiend","level":18,"killCount":-1,"type":"NPC","drops":[{"name":"Coins","id":995,"quantity":6,"price":1}],"date":"Aug 7, 2022, 5:46:35 PM"}
{"name":"Icefiend","level":18,"killCount":-1,"type":"NPC","drops":[{"name":"Water rune","id":555,"quantity":5,"price":5}],"date":"Aug 7, 2022, 5:52:26 PM"}
{"name":"Icefiend","level":18,"killCount":-1,"type":"NPC","drops":[{"name":"Coins","id":995,"quantity":11,"price":1}],"date":"Aug 7, 2022, 5:52:51 PM"}
{"name":"Icefiend","level":18,"killCount":-1,"type":"NPC","drops":[{"name":"Water rune","id":555,"quantity":3,"price":5}],"date":"Aug 7, 2022, 5:54:17 PM"}
{"name":"Icefiend","level":18,"killCount":-1,"type":"NPC","drops":[{"name":"Water rune","id":555,"quantity":5,"price":5}],"date":"Aug 7, 2022, 5:55:15 PM"}
{"name":"Icefiend","level":18,"killCount":-1,"type":"NPC","drops":[{"name":"Coins","id":995,"quantity":6,"price":1}],"date":"Aug 7, 2022, 6:07:47 PM"}
{"name":"Icefiend","level":18,"killCount":-1,"type":"NPC","drops":[{"name":"Coins","id":995,"quantity":27,"price":1}],"date":"Aug 7, 2022, 6:13:57 PM"}
{"name":"Icefiend","level":18,"killCount":-1,"type":"NPC","drops":[{"name":"Coins","id":995,"quantity":8,"price":1}],"date":"Aug 7, 2022, 6:15:44 PM"}
{"name":"Icefiend","level":18,"killCount":-1,"type":"NPC","drops":[{"name":"Water rune","id":555,"quantity":5,"price":5}],"date":"Aug 7, 2022, 6:16:18 PM"}
{"name":"Icefiend","level":18,"killCount":-1,"type":"NPC","drops":[{"name":"Water rune","id":555,"quantity":3,"price":5}],"date":"Aug 7, 2022, 6:16:54 PM"}
{"name":"Icefiend","level":18,"killCount":-1,"type":"NPC","drops":[{"name":"Coins","id":995,"quantity":8,"price":1}],"date":"Aug 7, 2022, 6:29:56 PM"}
{"name":"Icefiend","level":18,"killCount":-1,"type":"NPC","drops":[{"name":"Coins","id":995,"quantity":6,"price":1}],"date":"Aug 7, 2022, 6:30:21 PM"}
{"name":"Icefiend","level":18,"killCount":-1,"type":"NPC","drops":[{"name":"Coins","id":995,"quantity":19,"price":1}],"date":"Aug 7, 2022, 6:32:11 PM"}
{"name":"Icefiend","level":18,"killCount":-1,"type":"NPC","drops":[{"name":"Clue scroll (easy)","id":2689,"quantity":1,"price":0}],"date":"Aug 7, 2022, 6:45:28 PM"}
{"name":"Icefiend","level":18,"killCount":-1,"type":"NPC","drops":[{"name":"Nature talisman","id":1462,"quantity":1,"price":608}],"date":"Aug 7, 2022, 6:46:14 PM"}
{"name":"Icefiend","level":18,"killCount":-1,"type":"NPC","drops":[{"name":"Air rune","id":556,"quantity":4,"price":5}],"date":"Aug 7, 2022, 6:47:08 PM"}
{"name":"Icefiend","level":18,"killCount":-1,"type":"NPC","drops":[{"name":"Uncut sapphire","id":1623,"quantity":1,"price":348}],"date":"Aug 7, 2022, 6:47:36 PM"}
{"name":"Icefiend","level":18,"killCount":-1,"type":"NPC","drops":[{"name":"Coins","id":995,"quantity":1,"price":1}],"date":"Aug 7, 2022, 7:54:03 PM"}
{"name":"Icefiend","level":18,"killCount":-1,"type":"NPC","drops":[{"name":"Coins","id":995,"quantity":14,"price":1}],"date":"Aug 7, 2022, 7:55:27 PM"}
{"name":"Icefiend","level":18,"killCount":-1,"type":"NPC","drops":[{"name":"Coins","id":995,"quantity":20,"price":1}],"date":"Aug 7, 2022, 7:56:33 PM"}
{"name":"Icefiend","level":18,"killCount":-1,"type":"NPC","drops":[{"name":"Coins","id":995,"quantity":19,"price":1}],"date":"Aug 7, 2022, 7:57:08 PM"}
{"name":"Icefiend","level":18,"killCount":-1,"type":"NPC","drops":[{"name":"Air rune","id":556,"quantity":4,"price":6}],"date":"Aug 7, 2022, 8:12:25 PM"}
{"name":"Icefiend","level":18,"killCount":-1,"type":"NPC","drops":[{"name":"Air rune","id":556,"quantity":3,"price":6}],"date":"Aug 7, 2022, 8:13:16 PM"}
{"name":"Icefiend","level":18,"killCount":-1,"type":"NPC","drops":[{"name":"Water rune","id":555,"quantity":1,"price":5}],"date":"Aug 7, 2022, 8:13:38 PM"}
{"name":"Icefiend","level":18,"killCount":-1,"type":"NPC","drops":[{"name":"Coins","id":995,"quantity":9,"price":1}],"date":"Aug 7, 2022, 8:45:47 PM"}
{"name":"Icefiend","level":18,"killCount":-1,"type":"NPC","drops":[{"name":"Coins","id":995,"quantity":6,"price":1}],"date":"Aug 7, 2022, 8:46:27 PM"}
{"name":"Icefiend","level":18,"killCount":-1,"type":"NPC","drops":[{"name":"Water rune","id":555,"quantity":1,"price":6}],"date":"Aug 7, 2022, 8:46:41 PM"}
{"name":"Icefiend","level":18,"killCount":-1,"type":"NPC","drops":[{"name":"Coins","id":995,"quantity":30,"price":1}],"date":"Aug 7, 2022, 8:57:33 PM"}
{"name":"Icefiend","level":18,"killCount":-1,"type":"NPC","drops":[{"name":"Water rune","id":555,"quantity":5,"price":6}],"date":"Aug 7, 2022, 8:58:24 PM"}
{"name":"Icefiend","level":18,"killCount":-1,"type":"NPC","drops":[{"name":"Coins","id":995,"quantity":20,"price":1}],"date":"Aug 7, 2022, 8:59:21 PM"}
{"name":"Icefiend","level":18,"killCount":-1,"type":"NPC","drops":[{"name":"Coins","id":995,"quantity":18,"price":1}],"date":"Aug 7, 2022, 9:27:40 PM"}
{"name":"Icefiend","level":18,"killCount":-1,"type":"NPC","drops":[{"name":"Coins","id":995,"quantity":25,"price":1}],"date":"Aug 7, 2022, 9:28:10 PM"}
{"name":"Icefiend","level":18,"killCount":-1,"type":"NPC","drops":[{"name":"Coins","id":995,"quantity":7,"price":1}],"date":"Aug 7, 2022, 9:29:02 PM"}
{"name":"Icefiend","level":18,"killCount":-1,"type":"NPC","drops":[{"name":"Clue scroll (easy)","id":10212,"quantity":1,"price":0}],"date":"Aug 7, 2022, 9:51:21 PM"}
{"name":"Icefiend","level":18,"killCount":-1,"type":"NPC","drops":[{"name":"Water rune","id":555,"quantity":2,"price":4}],"date":"Aug 7, 2022, 9:51:58 PM"}
{"name":"Icefiend","level":18,"killCount":-1,"type":"NPC","drops":[{"name":"Coins","id":995,"quantity":17,"price":1}],"date":"Aug 7, 2022, 9:52:16 PM"}
{"name":"Icefiend","level":18,"killCount":-1,"type":"NPC","drops":[{"name":"Uncut sapphire","id":1623,"quantity":1,"price":346}],"date":"Aug 7, 2022, 9:53:53 PM"}
{"name":"Icefiend","level":18,"killCount":-1,"type":"NPC","drops":[{"name":"Coins","id":995,"quantity":14,"price":1}],"date":"Aug 7, 2022, 9:54:56 PM"}
{"name":"Icefiend","level":18,"killCount":-1,"type":"NPC","drops":[{"name":"Coins","id":995,"quantity":20,"price":1}],"date":"Aug 7, 2022, 10:09:57 PM"}
{"name":"Icefiend","level":18,"killCount":-1,"type":"NPC","drops":[{"name":"Coins","id":995,"quantity":6,"price":1}],"date":"Aug 7, 2022, 10:11:29 PM"}
{"name":"Icefiend","level":18,"killCount":-1,"type":"NPC","drops":[{"name":"Coins","id":995,"quantity":6,"price":1}],"date":"Aug 7, 2022, 10:11:51 PM"}
{"name":"Icefiend","level":18,"killCount":-1,"type":"NPC","drops":[{"name":"Loop half of key","id":987,"quantity":1,"price":10305}],"date":"Aug 7, 2022, 10:53:03 PM"}
{"name":"Icefiend","level":18,"killCount":-1,"type":"NPC","drops":[{"name":"Water rune","id":555,"quantity":4,"price":5}],"date":"Aug 7, 2022, 10:53:14 PM"}
{"name":"Icefiend","level":18,"killCount":-1,"type":"NPC","drops":[{"name":"Coins","id":995,"quantity":6,"price":1}],"date":"Aug 7, 2022, 10:53:47 PM"}
{"name":"Icefiend","level":18,"killCount":-1,"type":"NPC","drops":[{"name":"Coins","id":995,"quantity":13,"price":1}],"date":"Aug 7, 2022, 11:08:22 PM"}
{"name":"Icefiend","level":18,"killCount":-1,"type":"NPC","drops":[{"name":"Water rune","id":555,"quantity":2,"price":5}],"date":"Aug 7, 2022, 11:42:13 PM"}
{"name":"Icefiend","level":18,"killCount":-1,"type":"NPC","drops":[{"name":"Water rune","id":555,"quantity":2,"price":6}],"date":"Aug 8, 2022, 12:04:54 AM"}
{"name":"Icefiend","level":18,"killCount":-1,"type":"NPC","drops":[{"name":"Water rune","id":555,"quantity":3,"price":6}],"date":"Aug 8, 2022, 12:14:45 AM"}
{"name":"Icefiend","level":18,"killCount":-1,"type":"NPC","drops":[{"name":"Coins","id":995,"quantity":1,"price":1}],"date":"Aug 8, 2022, 12:15:04 AM"}
{"name":"Icefiend","level":18,"killCount":-1,"type":"NPC","drops":[{"name":"Coins","id":995,"quantity":5,"price":1}],"date":"Aug 8, 2022, 12:15:14 AM"}
{"name":"Icefiend","level":18,"killCount":-1,"type":"NPC","drops":[{"name":"Water rune","id":555,"quantity":3,"price":6}],"date":"Aug 8, 2022, 12:16:10 AM"}
{"name":"Icefiend","level":18,"killCount":-1,"type":"NPC","drops":[{"name":"Water rune","id":555,"quantity":2,"price":4}],"date":"Aug 8, 2022, 8:37:45 PM"}
{"name":"Icefiend","level":18,"killCount":-1,"type":"NPC","drops":[{"name":"Uncut emerald","id":1621,"quantity":1,"price":532}],"date":"Aug 8, 2022, 8:46:53 PM"}
{"name":"Icefiend","level":18,"killCount":-1,"type":"NPC","drops":[{"name":"Coins","id":995,"quantity":17,"price":1}],"date":"Aug 8, 2022, 8:48:12 PM"}
{"name":"Icefiend","level":18,"killCount":-1,"type":"NPC","drops":[{"name":"Water rune","id":555,"quantity":1,"price":4}],"date":"Aug 8, 2022, 8:49:29 PM"}
{"name":"Icefiend","level":18,"killCount":-1,"type":"NPC","drops":[{"name":"Air rune","id":556,"quantity":4,"price":5}],"date":"Aug 8, 2022, 8:58:43 PM"}
{"name":"Icefiend","level":18,"killCount":-1,"type":"NPC","drops":[{"name":"Coins","id":995,"quantity":8,"price":1}],"date":"Aug 8, 2022, 9:00:17 PM"}
{"name":"Icefiend","level":18,"killCount":-1,"type":"NPC","drops":[{"name":"Water rune","id":555,"quantity":3,"price":4}],"date":"Aug 8, 2022, 9:14:25 PM"}
{"name":"Icefiend","level":18,"killCount":-1,"type":"NPC","drops":[{"name":"Water rune","id":555,"quantity":1,"price":4}],"date":"Aug 8, 2022, 9:14:38 PM"}
{"name":"Icefiend","level":18,"killCount":-1,"type":"NPC","drops":[{"name":"Coins","id":995,"quantity":10,"price":1}],"date":"Aug 8, 2022, 9:16:25 PM"}
{"name":"Icefiend","level":18,"killCount":-1,"type":"NPC","drops":[{"name":"Uncut sapphire","id":1623,"quantity":1,"price":345}],"date":"Aug 8, 2022, 10:07:31 PM"}
{"name":"Icefiend","level":18,"killCount":-1,"type":"NPC","drops":[{"name":"Uncut emerald","id":1621,"quantity":1,"price":542}],"date":"Aug 8, 2022, 10:08:33 PM"}
{"name":"Icefiend","level":18,"killCount":-1,"type":"NPC","drops":[{"name":"Coins","id":995,"quantity":18,"price":1}],"date":"Aug 8, 2022, 10:27:27 PM"}
{"name":"Icefiend","level":18,"killCount":-1,"type":"NPC","drops":[{"name":"Coins","id":995,"quantity":14,"price":1}],"date":"Aug 8, 2022, 10:28:16 PM"}
{"name":"Icefiend","level":18,"killCount":-1,"type":"NPC","drops":[{"name":"Water rune","id":555,"quantity":2,"price":6}],"date":"Aug 8, 2022, 10:29:37 PM"}
{"name":"Icefiend","level":18,"killCount":-1,"type":"NPC","drops":[{"name":"Coins","id":995,"quantity":13,"price":1}],"date":"Aug 8, 2022, 10:53:47 PM"}
{"name":"Icefiend","level":18,"killCount":-1,"type":"NPC","drops":[{"name":"Coins","id":995,"quantity":15,"price":1}],"date":"Aug 8, 2022, 10:53:59 PM"}
{"name":"Icefiend","level":18,"killCount":-1,"type":"NPC","drops":[{"name":"Coins","id":995,"quantity":6,"price":1}],"date":"Aug 8, 2022, 11:09:38 PM"}
{"name":"Icefiend","level":18,"killCount":-1,"type":"NPC","drops":[{"name":"Coins","id":995,"quantity":19,"price":1}],"date":"Aug 8, 2022, 11:10:55 PM"}
{"name":"Icefiend","level":18,"killCount":-1,"type":"NPC","drops":[{"name":"Coins","id":995,"quantity":15,"price":1}],"date":"Aug 8, 2022, 11:12:44 PM"}
{"name":"Icefiend","level":18,"killCount":-1,"type":"NPC","drops":[{"name":"Coins","id":995,"quantity":14,"price":1}],"date":"Aug 8, 2022, 11:21:42 PM"}
{"name":"Icefiend","level":18,"killCount":-1,"type":"NPC","drops":[{"name":"Water rune","id":555,"quantity":4,"price":5}],"date":"Aug 8, 2022, 11:22:25 PM"}
{"name":"Icefiend","level":18,"killCount":-1,"type":"NPC","drops":[{"name":"Coins","id":995,"quantity":28,"price":1}],"date":"Aug 8, 2022, 11:24:20 PM"}
{"name":"Icefiend","level":18,"killCount":-1,"type":"NPC","drops":[{"name":"Coins","id":995,"quantity":2,"price":1}],"date":"Aug 8, 2022, 11:32:35 PM"}
{"name":"Icefiend","level":18,"killCount":-1,"type":"NPC","drops":[{"name":"Air rune","id":556,"quantity":4,"price":6}],"date":"Aug 8, 2022, 11:35:28 PM"}
{"name":"Icefiend","level":18,"killCount":-1,"type":"NPC","drops":[{"name":"Coins","id":995,"quantity":1,"price":1}],"date":"Aug 8, 2022, 11:41:00 PM"}
{"name":"Icefiend","level":18,"killCount":-1,"type":"NPC","drops":[{"name":"Water rune","id":555,"quantity":4,"price":5}],"date":"Aug 8, 2022, 11:55:44 PM"}
{"name":"Icefiend","level":18,"killCount":-1,"type":"NPC","drops":[{"name":"Clue scroll (easy)","id":3512,"quantity":1,"price":0},{"name":"Uncut sapphire","id":1623,"quantity":1,"price":351}],"date":"Aug 8, 2022, 11:57:04 PM"}
{"name":"Icefiend","level":18,"killCount":-1,"type":"NPC","drops":[{"name":"Coins","id":995,"quantity":2,"price":1}],"date":"Aug 8, 2022, 11:57:25 PM"}
{"name":"Icefiend","level":18,"killCount":-1,"type":"NPC","drops":[{"name":"Coins","id":995,"quantity":5,"price":1}],"date":"Aug 8, 2022, 11:58:16 PM"}
{"name":"Icefiend","level":18,"killCount":-1,"type":"NPC","drops":[{"name":"Air rune","id":556,"quantity":3,"price":6}],"date":"Aug 8, 2022, 11:58:25 PM"}
{"name":"Icefiend","level":18,"killCount":-1,"type":"NPC","drops":[{"name":"Coins","id":995,"quantity":11,"price":1}],"date":"Aug 8, 2022, 11:59:04 PM"}
{"name":"Icefiend","level":18,"killCount":-1,"type":"NPC","drops":[{"name":"Coins","id":995,"quantity":2,"price":1}],"date":"Aug 9, 2022, 9:30:44 AM"}
{"name":"Icefiend","level":18,"killCount":-1,"type":"NPC","drops":[{"name":"Coins","id":995,"quantity":15,"price":1}],"date":"Aug 9, 2022, 10:09:29 AM"}
{"name":"Icefiend","level":18,"killCount":-1,"type":"NPC","drops":[{"name":"Water rune","id":555,"quantity":2,"price":5}],"date":"Aug 9, 2022, 10:10:17 AM"}
{"name":"Icefiend","level":18,"killCount":-1,"type":"NPC","drops":[{"name":"Coins","id":995,"quantity":15,"price":1}],"date":"Aug 9, 2022, 10:25:26 AM"}
{"name":"Icefiend","level":18,"killCount":-1,"type":"NPC","drops":[{"name":"Coins","id":995,"quantity":6,"price":1}],"date":"Aug 9, 2022, 10:26:42 AM"}
{"name":"Icefiend","level":18,"killCount":-1,"type":"NPC","drops":[{"name":"Water rune","id":555,"quantity":2,"price":5}],"date":"Aug 9, 2022, 10:27:27 AM"}
{"name":"Icefiend","level":18,"killCount":-1,"type":"NPC","drops":[{"name":"Air rune","id":556,"quantity":3,"price":5}],"date":"Aug 9, 2022, 10:27:44 AM"}
{"name":"Icefiend","level":18,"killCount":-1,"type":"NPC","drops":[{"name":"Coins","id":995,"quantity":25,"price":1}],"date":"Aug 9, 2022, 10:27:47 AM"}
{"name":"Icefiend","level":18,"killCount":-1,"type":"NPC","drops":[{"name":"Coins","id":995,"quantity":30,"price":1}],"date":"Aug 9, 2022, 10:39:44 AM"}
{"name":"Icefiend","level":18,"killCount":-1,"type":"NPC","drops":[{"name":"Water rune","id":555,"quantity":5,"price":6}],"date":"Aug 9, 2022, 10:52:57 AM"}
{"name":"Icefiend","level":18,"killCount":-1,"type":"NPC","drops":[{"name":"Air rune","id":556,"quantity":2,"price":5}],"date":"Aug 9, 2022, 10:53:00 AM"}
{"name":"Icefiend","level":18,"killCount":-1,"type":"NPC","drops":[{"name":"Coins","id":995,"quantity":28,"price":1}],"date":"Aug 9, 2022, 10:53:39 AM"}
{"name":"Icefiend","level":18,"killCount":-1,"type":"NPC","drops":[{"name":"Uncut diamond","id":1617,"quantity":1,"price":2757}],"date":"Aug 9, 2022, 10:54:00 AM"}
{"name":"Icefiend","level":18,"killCount":-1,"type":"NPC","drops":[{"name":"Coins","id":995,"quantity":13,"price":1}],"date":"Aug 9, 2022, 10:54:05 AM"}
{"name":"Icefiend","level":18,"killCount":-1,"type":"NPC","drops":[{"name":"Coins","id":995,"quantity":2,"price":1}],"date":"Aug 9, 2022, 11:09:11 AM"}
{"name":"Icefiend","level":18,"killCount":-1,"type":"NPC","drops":[{"name":"Coins","id":995,"quantity":16,"price":1}],"date":"Aug 9, 2022, 11:23:20 AM"}
{"name":"Icefiend","level":18,"killCount":-1,"type":"NPC","drops":[{"name":"Coins","id":995,"quantity":10,"price":1}],"date":"Aug 9, 2022, 11:24:47 AM"}
{"name":"Icefiend","level":18,"killCount":-1,"type":"NPC","drops":[{"name":"Clue scroll (easy)","id":10182,"quantity":1,"price":0}],"date":"Aug 9, 2022, 11:25:20 AM"}
{"name":"Icefiend","level":18,"killCount":-1,"type":"NPC","drops":[{"name":"Air rune","id":556,"quantity":3,"price":5}],"date":"Aug 9, 2022, 11:39:26 AM"}
{"name":"Icefiend","level":18,"killCount":-1,"type":"NPC","drops":[{"name":"Uncut sapphire","id":1623,"quantity":1,"price":350}],"date":"Aug 9, 2022, 11:40:21 AM"}
{"name":"Icefiend","level":18,"killCount":-1,"type":"NPC","drops":[{"name":"Coins","id":995,"quantity":5,"price":1}],"date":"Aug 9, 2022, 11:42:04 AM"}
{"name":"Icefiend","level":18,"killCount":-1,"type":"NPC","drops":[{"name":"Water rune","id":555,"quantity":3,"price":5}],"date":"Aug 9, 2022, 11:42:45 AM"}
{"name":"Icefiend","level":18,"killCount":-1,"type":"NPC","drops":[{"name":"Water rune","id":555,"quantity":5,"price":5}],"date":"Aug 9, 2022, 11:43:20 AM"}
{"name":"Icefiend","level":18,"killCount":-1,"type":"NPC","drops":[{"name":"Coins","id":995,"quantity":2,"price":1}],"date":"Aug 9, 2022, 11:50:24 AM"}
{"name":"Icefiend","level":18,"killCount":-1,"type":"NPC","drops":[{"name":"Water rune","id":555,"quantity":2,"price":5}],"date":"Aug 9, 2022, 11:51:31 AM"}
{"name":"Icefiend","level":18,"killCount":-1,"type":"NPC","drops":[{"name":"Coins","id":995,"quantity":3,"price":1}],"date":"Aug 9, 2022, 11:53:08 AM"}
{"name":"Icefiend","level":18,"killCount":-1,"type":"NPC","drops":[{"name":"Coins","id":995,"quantity":16,"price":1}],"date":"Aug 9, 2022, 11:54:09 AM"}
{"name":"Icefiend","level":18,"killCount":-1,"type":"NPC","drops":[{"name":"Coins","id":995,"quantity":10,"price":1}],"date":"Aug 9, 2022, 12:06:14 PM"}
{"name":"Icefiend","level":18,"killCount":-1,"type":"NPC","drops":[{"name":"Coins","id":995,"quantity":12,"price":1}],"date":"Aug 9, 2022, 12:08:28 PM"}
{"name":"Icefiend","level":18,"killCount":-1,"type":"NPC","drops":[{"name":"Coins","id":995,"quantity":21,"price":1}],"date":"Aug 9, 2022, 12:17:55 PM"}
{"name":"Icefiend","level":18,"killCount":-1,"type":"NPC","drops":[{"name":"Coins","id":995,"quantity":16,"price":1}],"date":"Aug 9, 2022, 12:18:34 PM"}
{"name":"Icefiend","level":18,"killCount":-1,"type":"NPC","drops":[{"name":"Coins","id":995,"quantity":8,"price":1}],"date":"Aug 9, 2022, 12:18:42 PM"}
{"name":"Icefiend","level":18,"killCount":-1,"type":"NPC","drops":[{"name":"Coins","id":995,"quantity":1,"price":1}],"date":"Aug 9, 2022, 12:19:20 PM"}
{"name":"Icefiend","level":18,"killCount":-1,"type":"NPC","drops":[{"name":"Uncut ruby","id":1619,"quantity":1,"price":1153}],"date":"Aug 9, 2022, 12:20:13 PM"}
{"name":"Icefiend","level":18,"killCount":-1,"type":"NPC","drops":[{"name":"Uncut ruby","id":1619,"quantity":1,"price":1153}],"date":"Aug 9, 2022, 12:21:02 PM"}
{"name":"Icefiend","level":18,"killCount":-1,"type":"NPC","drops":[{"name":"Air rune","id":556,"quantity":2,"price":5}],"date":"Aug 9, 2022, 12:21:16 PM"}
{"name":"Icefiend","level":18,"killCount":-1,"type":"NPC","drops":[{"name":"Coins","id":995,"quantity":8,"price":1}],"date":"Aug 9, 2022, 12:21:45 PM"}
{"name":"Icefiend","level":18,"killCount":-1,"type":"NPC","drops":[{"name":"Water rune","id":555,"quantity":5,"price":5}],"date":"Aug 9, 2022, 12:22:00 PM"}
{"name":"Icefiend","level":18,"killCount":-1,"type":"NPC","drops":[{"name":"Uncut sapphire","id":1623,"quantity":1,"price":343}],"date":"Aug 9, 2022, 12:34:48 PM"}
{"name":"Icefiend","level":18,"killCount":-1,"type":"NPC","drops":[{"name":"Uncut emerald","id":1621,"quantity":1,"price":540}],"date":"Aug 9, 2022, 12:35:57 PM"}
{"name":"Icefiend","level":18,"killCount":-1,"type":"NPC","drops":[{"name":"Coins","id":995,"quantity":6,"price":1}],"date":"Aug 9, 2022, 12:36:18 PM"}
{"name":"Icefiend","level":18,"killCount":-1,"type":"NPC","drops":[{"name":"Coins","id":995,"quantity":30,"price":1}],"date":"Aug 9, 2022, 5:25:49 PM"}
{"name":"Icefiend","level":18,"killCount":-1,"type":"NPC","drops":[{"name":"Coins","id":995,"quantity":6,"price":1}],"date":"Aug 9, 2022, 5:27:59 PM"}
{"name":"Icefiend","level":18,"killCount":-1,"type":"NPC","drops":[{"name":"Coins","id":995,"quantity":3,"price":1}],"date":"Aug 9, 2022, 6:07:23 PM"}
{"name":"Icefiend","level":18,"killCount":-1,"type":"NPC","drops":[{"name":"Air rune","id":556,"quantity":5,"price":5}],"date":"Aug 9, 2022, 6:15:53 PM"}
{"name":"Icefiend","level":18,"killCount":-1,"type":"NPC","drops":[{"name":"Clue scroll (easy)","id":12164,"quantity":1,"price":0}],"date":"Aug 9, 2022, 6:16:19 PM"}
{"name":"Icefiend","level":18,"killCount":-1,"type":"NPC","drops":[{"name":"Coins","id":995,"quantity":3,"price":1}],"date":"Aug 9, 2022, 6:17:41 PM"}
{"name":"Icefiend","level":18,"killCount":-1,"type":"NPC","drops":[{"name":"Coins","id":995,"quantity":22,"price":1}],"date":"Aug 9, 2022, 6:26:37 PM"}
{"name":"Icefiend","level":18,"killCount":-1,"type":"NPC","drops":[{"name":"Air rune","id":556,"quantity":4,"price":5}],"date":"Aug 9, 2022, 6:27:49 PM"}
{"name":"Icefiend","level":18,"killCount":-1,"type":"NPC","drops":[{"name":"Uncut ruby","id":1619,"quantity":1,"price":1156}],"date":"Aug 9, 2022, 6:28:17 PM"}
{"name":"Icefiend","level":18,"killCount":-1,"type":"NPC","drops":[{"name":"Coins","id":995,"quantity":19,"price":1}],"date":"Aug 9, 2022, 6:29:16 PM"}
{"name":"Icefiend","level":18,"killCount":-1,"type":"NPC","drops":[{"name":"Water rune","id":555,"quantity":4,"price":5}],"date":"Aug 9, 2022, 6:30:30 PM"}
{"name":"Icefiend","level":18,"killCount":-1,"type":"NPC","drops":[{"name":"Water rune","id":555,"quantity":1,"price":5}],"date":"Aug 9, 2022, 6:30:37 PM"}
{"name":"Icefiend","level":18,"killCount":-1,"type":"NPC","drops":[{"name":"Water rune","id":555,"quantity":3,"price":5}],"date":"Aug 9, 2022, 6:43:18 PM"}
{"name":"Icefiend","level":18,"killCount":-1,"type":"NPC","drops":[{"name":"Water rune","id":555,"quantity":3,"price":5}],"date":"Aug 9, 2022, 7:02:52 PM"}
{"name":"Icefiend","level":18,"killCount":-1,"type":"NPC","drops":[{"name":"Water rune","id":555,"quantity":5,"price":5}],"date":"Aug 9, 2022, 7:03:49 PM"}
{"name":"Icefiend","level":18,"killCount":-1,"type":"NPC","drops":[{"name":"Coins","id":995,"quantity":9,"price":1}],"date":"Aug 9, 2022, 7:20:05 PM"}
{"name":"Icefiend","level":18,"killCount":-1,"type":"NPC","drops":[{"name":"Coins","id":995,"quantity":15,"price":1}],"date":"Aug 9, 2022, 7:24:20 PM"}
{"name":"Icefiend","level":18,"killCount":-1,"type":"NPC","drops":[{"name":"Coins","id":995,"quantity":6,"price":1}],"date":"Aug 9, 2022, 7:34:49 PM"}
{"name":"Icefiend","level":18,"killCount":-1,"type":"NPC","drops":[{"name":"Uncut ruby","id":1619,"quantity":1,"price":1156}],"date":"Aug 9, 2022, 7:35:42 PM"}
{"name":"Icefiend","level":18,"killCount":-1,"type":"NPC","drops":[{"name":"Clue scroll (easy)","id":3502,"quantity":1,"price":0},{"name":"Coins","id":995,"quantity":2,"price":1}],"date":"Aug 9, 2022, 7:36:11 PM"}
{"name":"Icefiend","level":18,"killCount":-1,"type":"NPC","drops":[{"name":"Uncut sapphire","id":1623,"quantity":1,"price":308}],"date":"Aug 28, 2022, 1:30:43 PM"}
{"name":"Icefiend","level":18,"killCount":-1,"type":"NPC","drops":[{"name":"Uncut sapphire","id":1623,"quantity":1,"price":308}],"date":"Aug 28, 2022, 1:31:58 PM"}
{"name":"Icefiend","level":18,"killCount":-1,"type":"NPC","drops":[{"name":"Ecumenical key","id":11942,"quantity":1,"price":0},{"name":"Air rune","id":556,"quantity":1,"price":5}],"date":"Jan 11, 2023, 10:06:47 AM"}
{"name":"Icefiend","level":18,"killCount":-1,"type":"NPC","drops":[{"name":"Coins","id":995,"quantity":13,"price":1}],"date":"Jan 11, 2023, 10:12:51 AM"}
{"name":"Icefiend","level":18,"killCount":-1,"type":"NPC","drops":[{"name":"Water rune","id":555,"quantity":1,"price":5}],"date":"May 23, 2023, 1:06:37 PM"}
{"name":"Icefiend","level":18,"killCount":-1,"type":"NPC","drops":[{"name":"Uncut emerald","id":1621,"quantity":1,"price":545}],"date":"Feb 24, 2023, 10:23:42 PM"}
{"name":"Icefiend","level":18,"killCount":-1,"type":"NPC","drops":[{"name":"Uncut sapphire","id":1623,"quantity":1,"price":297}],"date":"Feb 24, 2023, 10:25:54 PM"}
{"name":"Icefiend","level":18,"killCount":-1,"type":"NPC","drops":[{"name":"Uncut ruby","id":1619,"quantity":1,"price":1087}],"date":"Feb 24, 2023, 10:27:21 PM"}
{"name":"Icefiend","level":18,"killCount":-1,"type":"NPC","drops":[{"name":"Water rune","id":555,"quantity":1,"price":5}],"date":"Feb 24, 2023, 10:28:33 PM"}
{"name":"Icefiend","level":18,"killCount":-1,"type":"NPC","drops":[{"name":"Water rune","id":555,"quantity":2,"price":5}],"date":"Feb 24, 2023, 10:32:17 PM"}
{"name":"Icefiend","level":18,"killCount":-1,"type":"NPC","drops":[{"name":"Ecumenical key","id":11942,"quantity":1,"price":0}],"date":"Feb 24, 2023, 10:33:41 PM"}
{"name":"Icefiend","level":18,"killCount":-1,"type":"NPC","drops":[{"name":"Uncut emerald","id":1621,"quantity":1,"price":472}],"date":"May 26, 2023, 11:42:54 AM"}
{"name":"Icefiend","level":18,"killCount":-1,"type":"NPC","drops":[{"name":"Water rune","id":555,"quantity":3,"price":5}],"date":"May 26, 2023, 11:44:32 AM"}
{"name":"Icefiend","level":18,"killCount":-1,"type":"NPC","drops":[{"name":"Water rune","id":555,"quantity":2,"price":5}],"date":"May 26, 2023, 11:44:35 AM"}
{"name":"Icefiend","level":18,"killCount":-1,"type":"NPC","drops":[{"name":"Coins","id":995,"quantity":19,"price":1}],"date":"May 26, 2023, 12:13:25 PM"}
{"name":"Icefiend","level":18,"killCount":-1,"type":"NPC","drops":[{"name":"Coins","id":995,"quantity":8,"price":1}],"date":"May 26, 2023, 12:14:03 PM"}
{"name":"Icefiend","level":18,"killCount":-1,"type":"NPC","drops":[{"name":"Uncut ruby","id":1619,"quantity":1,"price":998}],"date":"May 26, 2023, 12:16:46 PM"}
{"name":"Icefiend","level":18,"killCount":-1,"type":"NPC","drops":[{"name":"Uncut sapphire","id":1623,"quantity":1,"price":274}],"date":"May 26, 2023, 12:36:20 PM"}
{"name":"Icefiend","level":18,"killCount":-1,"type":"NPC","drops":[{"name":"Water rune","id":555,"quantity":3,"price":5}],"date":"May 26, 2023, 12:41:04 PM"}
{"name":"Icefiend","level":18,"killCount":-1,"type":"NPC","drops":[{"name":"Coins","id":995,"quantity":8,"price":1}],"date":"May 26, 2023, 12:41:28 PM"}
{"name":"Icefiend","level":18,"killCount":-1,"type":"NPC","drops":[{"name":"Water rune","id":555,"quantity":2,"price":5}],"date":"May 26, 2023, 12:41:49 PM"}
{"name":"Icefiend","level":18,"killCount":-1,"type":"NPC","drops":[{"name":"Coins","id":995,"quantity":3,"price":1}],"date":"May 26, 2023, 12:53:59 PM"}
{"name":"Icefiend","level":18,"killCount":-1,"type":"NPC","drops":[{"name":"Coins","id":995,"quantity":22,"price":1}],"date":"May 26, 2023, 1:28:24 PM"}
{"name":"Icefiend","level":18,"killCount":-1,"type":"NPC","drops":[{"name":"Water rune","id":555,"quantity":3,"price":5}],"date":"May 26, 2023, 1:30:14 PM"}
{"name":"Icefiend","level":18,"killCount":-1,"type":"NPC","drops":[{"name":"Water rune","id":555,"quantity":1,"price":5}],"date":"May 26, 2023, 1:30:35 PM"}
{"name":"Icefiend","level":18,"killCount":-1,"type":"NPC","drops":[{"name":"Coins","id":995,"quantity":3,"price":1}],"date":"May 26, 2023, 1:31:17 PM"}
{"name":"Icefiend","level":18,"killCount":-1,"type":"NPC","drops":[{"name":"Air rune","id":556,"quantity":1,"price":5}],"date":"May 26, 2023, 1:31:25 PM"}
{"name":"Icefiend","level":18,"killCount":-1,"type":"NPC","drops":[{"name":"Coins","id":995,"quantity":7,"price":1}],"date":"May 26, 2023, 1:31:39 PM"}
{"name":"Icefiend","level":18,"killCount":-1,"type":"NPC","drops":[{"name":"Clue scroll (easy)","id":12191,"quantity":1,"price":0}],"date":"May 26, 2023, 1:51:16 PM"}
{"name":"Icefiend","level":18,"killCount":-1,"type":"NPC","drops":[{"name":"Water rune","id":555,"quantity":2,"price":5}],"date":"May 26, 2023, 1:52:01 PM"}
{"name":"Icefiend","level":18,"killCount":-1,"type":"NPC","drops":[{"name":"Coins","id":995,"quantity":24,"price":1}],"date":"May 26, 2023, 1:53:14 PM"}
{"name":"Icefiend","level":18,"killCount":-1,"type":"NPC","drops":[{"name":"Coins","id":995,"quantity":5,"price":1}],"date":"May 26, 2023, 3:24:03 PM"}
{"name":"Icefiend","level":18,"killCount":-1,"type":"NPC","drops":[{"name":"Coins","id":995,"quantity":2,"price":1}],"date":"May 26, 2023, 3:25:10 PM"}
{"name":"Icefiend","level":18,"killCount":-1,"type":"NPC","drops":[{"name":"Coins","id":995,"quantity":3,"price":1}],"date":"May 26, 2023, 3:25:25 PM"}
{"name":"Icefiend","level":18,"killCount":-1,"type":"NPC","drops":[{"name":"Water rune","id":555,"quantity":5,"price":5}],"date":"May 26, 2023, 10:23:57 PM"}
{"name":"Icefiend","level":18,"killCount":-1,"type":"NPC","drops":[{"name":"Coins","id":995,"quantity":8,"price":1}],"date":"May 26, 2023, 10:24:30 PM"}
{"name":"Icefiend","level":18,"killCount":-1,"type":"NPC","drops":[{"name":"Water rune","id":555,"quantity":2,"price":5}],"date":"May 26, 2023, 10:24:47 PM"}
{"name":"Icefiend","level":18,"killCount":-1,"type":"NPC","drops":[{"name":"Uncut sapphire","id":1623,"quantity":1,"price":274}],"date":"May 26, 2023, 10:26:11 PM"}
{"name":"Icefiend","level":18,"killCount":-1,"type":"NPC","drops":[{"name":"Coins","id":995,"quantity":11,"price":1}],"date":"May 26, 2023, 10:26:45 PM"}
