{"name":"Infernal Mage","level":66,"killCount":-1,"type":"NPC","drops":[{"name":"Bones","id":526,"quantity":1,"price":69},{"name":"Coins","id":995,"quantity":2,"price":1}],"date":"Aug 23, 2022, 9:14:40 PM"}
{"name":"Infernal Mage","level":66,"killCount":-1,"type":"NPC","drops":[{"name":"Bones","id":526,"quantity":1,"price":69},{"name":"Mind rune","id":558,"quantity":18,"price":2}],"date":"Aug 23, 2022, 9:14:47 PM"}
{"name":"Infernal Mage","level":66,"killCount":-1,"type":"NPC","drops":[{"name":"Bones","id":526,"quantity":1,"price":69},{"name":"Coins","id":995,"quantity":1,"price":1}],"date":"Aug 23, 2022, 9:14:59 PM"}
{"name":"Infernal Mage","level":66,"killCount":-1,"type":"NPC","drops":[{"name":"Bones","id":526,"quantity":1,"price":69},{"name":"Coins","id":995,"quantity":4,"price":1}],"date":"Aug 23, 2022, 9:15:19 PM"}
{"name":"Infernal Mage","level":66,"killCount":-1,"type":"NPC","drops":[{"name":"Bones","id":526,"quantity":1,"price":69},{"name":"Staff","id":1379,"quantity":1,"price":87}],"date":"Aug 23, 2022, 9:15:28 PM"}
{"name":"Infernal Mage","level":66,"killCount":-1,"type":"NPC","drops":[{"name":"Bones","id":526,"quantity":1,"price":69}],"date":"Aug 23, 2022, 9:15:42 PM"}
{"name":"Infernal Mage","level":66,"killCount":-1,"type":"NPC","drops":[{"name":"Bones","id":526,"quantity":1,"price":69},{"name":"Coins","id":995,"quantity":29,"price":1}],"date":"Aug 23, 2022, 9:15:56 PM"}
{"name":"Infernal Mage","level":66,"killCount":-1,"type":"NPC","drops":[{"name":"Bones","id":526,"quantity":1,"price":69},{"name":"Coins","id":995,"quantity":2,"price":1}],"date":"Aug 23, 2022, 9:16:13 PM"}
{"name":"Infernal Mage","level":66,"killCount":-1,"type":"NPC","drops":[{"name":"Bones","id":526,"quantity":1,"price":69},{"name":"Coins","id":995,"quantity":1,"price":1}],"date":"Aug 23, 2022, 9:16:20 PM"}
{"name":"Infernal Mage","level":66,"killCount":-1,"type":"NPC","drops":[{"name":"Bones","id":526,"quantity":1,"price":69},{"name":"Coins","id":995,"quantity":1,"price":1}],"date":"Aug 23, 2022, 9:16:28 PM"}
{"name":"Infernal Mage","level":66,"killCount":-1,"type":"NPC","drops":[{"name":"Bones","id":526,"quantity":1,"price":69},{"name":"Coins","id":995,"quantity":1,"price":1}],"date":"Aug 23, 2022, 9:16:38 PM"}
{"name":"Infernal Mage","level":66,"killCount":-1,"type":"NPC","drops":[{"name":"Bones","id":526,"quantity":1,"price":69},{"name":"Coins","id":995,"quantity":2,"price":1}],"date":"Aug 23, 2022, 9:16:53 PM"}
{"name":"Infernal Mage","level":66,"killCount":-1,"type":"NPC","drops":[{"name":"Bones","id":526,"quantity":1,"price":69},{"name":"Earth rune","id":557,"quantity":18,"price":4}],"date":"Aug 23, 2022, 9:17:03 PM"}
{"name":"Infernal Mage","level":66,"killCount":-1,"type":"NPC","drops":[{"name":"Bones","id":526,"quantity":1,"price":69},{"name":"Earth rune","id":557,"quantity":36,"price":4}],"date":"Aug 23, 2022, 9:17:17 PM"}
{"name":"Infernal Mage","level":66,"killCount":-1,"type":"NPC","drops":[{"name":"Bones","id":526,"quantity":1,"price":69}],"date":"Aug 23, 2022, 9:17:22 PM"}
{"name":"Infernal Mage","level":66,"killCount":-1,"type":"NPC","drops":[{"name":"Bones","id":526,"quantity":1,"price":69},{"name":"Coins","id":995,"quantity":4,"price":1}],"date":"Aug 23, 2022, 9:17:40 PM"}
{"name":"Infernal Mage","level":66,"killCount":-1,"type":"NPC","drops":[{"name":"Bones","id":526,"quantity":1,"price":69},{"name":"Mind rune","id":558,"quantity":18,"price":2}],"date":"Aug 23, 2022, 9:17:54 PM"}
{"name":"Infernal Mage","level":66,"killCount":-1,"type":"NPC","drops":[{"name":"Bones","id":526,"quantity":1,"price":69},{"name":"Water rune","id":555,"quantity":18,"price":4}],"date":"Aug 23, 2022, 9:18:04 PM"}
{"name":"Infernal Mage","level":66,"killCount":-1,"type":"NPC","drops":[{"name":"Bones","id":526,"quantity":1,"price":69},{"name":"Death rune","id":560,"quantity":7,"price":182}],"date":"Aug 23, 2022, 9:18:13 PM"}
{"name":"Infernal Mage","level":66,"killCount":-1,"type":"NPC","drops":[{"name":"Bones","id":526,"quantity":1,"price":69},{"name":"Coins","id":995,"quantity":4,"price":1}],"date":"Aug 23, 2022, 9:18:20 PM"}
{"name":"Infernal Mage","level":66,"killCount":-1,"type":"NPC","drops":[{"name":"Bones","id":526,"quantity":1,"price":69},{"name":"Mind rune","id":558,"quantity":18,"price":2}],"date":"Aug 23, 2022, 9:18:28 PM"}
{"name":"Infernal Mage","level":66,"killCount":-1,"type":"NPC","drops":[{"name":"Bones","id":526,"quantity":1,"price":69},{"name":"Coins","id":995,"quantity":1,"price":1}],"date":"Aug 23, 2022, 9:18:41 PM"}
{"name":"Infernal Mage","level":66,"killCount":-1,"type":"NPC","drops":[{"name":"Bones","id":526,"quantity":1,"price":69},{"name":"Blood rune","id":565,"quantity":4,"price":392}],"date":"Aug 23, 2022, 9:18:53 PM"}
{"name":"Infernal Mage","level":66,"killCount":-1,"type":"NPC","drops":[{"name":"Bones","id":526,"quantity":1,"price":69},{"name":"Coins","id":995,"quantity":1,"price":1}],"date":"Aug 23, 2022, 9:18:58 PM"}
{"name":"Infernal Mage","level":66,"killCount":-1,"type":"NPC","drops":[{"name":"Bones","id":526,"quantity":1,"price":69},{"name":"Death rune","id":560,"quantity":7,"price":182}],"date":"Aug 23, 2022, 9:19:10 PM"}
{"name":"Infernal Mage","level":66,"killCount":-1,"type":"NPC","drops":[{"name":"Bones","id":526,"quantity":1,"price":69},{"name":"Water rune","id":555,"quantity":10,"price":4}],"date":"Aug 23, 2022, 9:19:17 PM"}
{"name":"Infernal Mage","level":66,"killCount":-1,"type":"NPC","drops":[{"name":"Bones","id":526,"quantity":1,"price":69},{"name":"Coins","id":995,"quantity":1,"price":1}],"date":"Aug 23, 2022, 9:19:30 PM"}
{"name":"Infernal Mage","level":66,"killCount":-1,"type":"NPC","drops":[{"name":"Bones","id":526,"quantity":1,"price":69}],"date":"Aug 23, 2022, 9:19:45 PM"}
{"name":"Infernal Mage","level":66,"killCount":-1,"type":"NPC","drops":[{"name":"Bones","id":526,"quantity":1,"price":69},{"name":"Earth rune","id":557,"quantity":10,"price":5}],"date":"Aug 23, 2022, 9:19:52 PM"}
{"name":"Infernal Mage","level":66,"killCount":-1,"type":"NPC","drops":[{"name":"Bones","id":526,"quantity":1,"price":69},{"name":"Death rune","id":560,"quantity":7,"price":180}],"date":"Aug 23, 2022, 9:20:07 PM"}
{"name":"Infernal Mage","level":66,"killCount":-1,"type":"NPC","drops":[{"name":"Bones","id":526,"quantity":1,"price":69},{"name":"Staff","id":1379,"quantity":1,"price":87}],"date":"Aug 23, 2022, 9:20:19 PM"}
{"name":"Infernal Mage","level":66,"killCount":-1,"type":"NPC","drops":[{"name":"Bones","id":526,"quantity":1,"price":69},{"name":"Coins","id":995,"quantity":2,"price":1}],"date":"Aug 23, 2022, 9:20:29 PM"}
{"name":"Infernal Mage","level":66,"killCount":-1,"type":"NPC","drops":[{"name":"Bones","id":526,"quantity":1,"price":69},{"name":"Coins","id":995,"quantity":1,"price":1}],"date":"Aug 23, 2022, 9:20:34 PM"}
{"name":"Infernal Mage","level":66,"killCount":-1,"type":"NPC","drops":[{"name":"Bones","id":526,"quantity":1,"price":69},{"name":"Coins","id":995,"quantity":1,"price":1}],"date":"Aug 23, 2022, 9:20:43 PM"}
{"name":"Infernal Mage","level":66,"killCount":-1,"type":"NPC","drops":[{"name":"Bones","id":526,"quantity":1,"price":69},{"name":"Coins","id":995,"quantity":2,"price":1}],"date":"Aug 23, 2022, 9:20:53 PM"}
{"name":"Infernal Mage","level":66,"killCount":-1,"type":"NPC","drops":[{"name":"Bones","id":526,"quantity":1,"price":69},{"name":"Earth rune","id":557,"quantity":10,"price":5}],"date":"Aug 23, 2022, 9:21:12 PM"}
{"name":"Infernal Mage","level":66,"killCount":-1,"type":"NPC","drops":[{"name":"Bones","id":526,"quantity":1,"price":69},{"name":"Earth rune","id":557,"quantity":36,"price":5}],"date":"Aug 23, 2022, 9:21:19 PM"}
{"name":"Infernal Mage","level":66,"killCount":-1,"type":"NPC","drops":[{"name":"Bones","id":526,"quantity":1,"price":69},{"name":"Fire rune","id":554,"quantity":18,"price":5}],"date":"Aug 23, 2022, 9:21:30 PM"}
{"name":"Infernal Mage","level":66,"killCount":-1,"type":"NPC","drops":[{"name":"Bones","id":526,"quantity":1,"price":69},{"name":"Coins","id":995,"quantity":1,"price":1}],"date":"Aug 23, 2022, 9:21:39 PM"}
{"name":"Infernal Mage","level":66,"killCount":-1,"type":"NPC","drops":[{"name":"Bones","id":526,"quantity":1,"price":69},{"name":"Blood rune","id":565,"quantity":4,"price":384}],"date":"Aug 23, 2022, 9:21:53 PM"}
{"name":"Infernal Mage","level":66,"killCount":-1,"type":"NPC","drops":[{"name":"Bones","id":526,"quantity":1,"price":69},{"name":"Fire rune","id":554,"quantity":18,"price":5}],"date":"Aug 23, 2022, 9:22:06 PM"}
{"name":"Infernal Mage","level":66,"killCount":-1,"type":"NPC","drops":[{"name":"Bones","id":526,"quantity":1,"price":69},{"name":"Fire rune","id":554,"quantity":10,"price":5}],"date":"Aug 23, 2022, 9:22:13 PM"}
{"name":"Infernal Mage","level":66,"killCount":-1,"type":"NPC","drops":[{"name":"Bones","id":526,"quantity":1,"price":69}],"date":"Aug 23, 2022, 9:22:26 PM"}
{"name":"Infernal Mage","level":66,"killCount":-1,"type":"NPC","drops":[{"name":"Bones","id":526,"quantity":1,"price":69},{"name":"Coins","id":995,"quantity":4,"price":1}],"date":"Aug 23, 2022, 9:22:36 PM"}
{"name":"Infernal Mage","level":66,"killCount":-1,"type":"NPC","drops":[{"name":"Bones","id":526,"quantity":1,"price":69},{"name":"Coins","id":995,"quantity":1,"price":1}],"date":"Aug 23, 2022, 9:22:48 PM"}
{"name":"Infernal Mage","level":66,"killCount":-1,"type":"NPC","drops":[{"name":"Bones","id":526,"quantity":1,"price":69},{"name":"Death rune","id":560,"quantity":7,"price":180}],"date":"Aug 23, 2022, 9:23:02 PM"}
{"name":"Infernal Mage","level":66,"killCount":-1,"type":"NPC","drops":[{"name":"Bones","id":526,"quantity":1,"price":69},{"name":"Coins","id":995,"quantity":29,"price":1}],"date":"Aug 23, 2022, 9:23:09 PM"}
{"name":"Infernal Mage","level":66,"killCount":-1,"type":"NPC","drops":[{"name":"Bones","id":526,"quantity":1,"price":69},{"name":"Air rune","id":556,"quantity":10,"price":4}],"date":"Aug 23, 2022, 9:23:19 PM"}
{"name":"Infernal Mage","level":66,"killCount":-1,"type":"NPC","drops":[{"name":"Bones","id":526,"quantity":1,"price":69},{"name":"Coins","id":995,"quantity":4,"price":1}],"date":"Aug 23, 2022, 9:23:37 PM"}
{"name":"Infernal Mage","level":66,"killCount":-1,"type":"NPC","drops":[{"name":"Bones","id":526,"quantity":1,"price":69},{"name":"Staff","id":1379,"quantity":1,"price":87}],"date":"Aug 23, 2022, 9:24:03 PM"}
{"name":"Infernal Mage","level":66,"killCount":-1,"type":"NPC","drops":[{"name":"Bones","id":526,"quantity":1,"price":69}],"date":"Aug 23, 2022, 9:24:16 PM"}
{"name":"Infernal Mage","level":66,"killCount":-1,"type":"NPC","drops":[{"name":"Bones","id":526,"quantity":1,"price":69},{"name":"Coins","id":995,"quantity":2,"price":1}],"date":"Aug 23, 2022, 9:24:23 PM"}
{"name":"Infernal Mage","level":66,"killCount":-1,"type":"NPC","drops":[{"name":"Bones","id":526,"quantity":1,"price":69},{"name":"Coins","id":995,"quantity":1,"price":1}],"date":"Aug 23, 2022, 9:24:34 PM"}
{"name":"Infernal Mage","level":66,"killCount":-1,"type":"NPC","drops":[{"name":"Bones","id":526,"quantity":1,"price":69}],"date":"Aug 23, 2022, 9:24:43 PM"}
{"name":"Infernal Mage","level":66,"killCount":-1,"type":"NPC","drops":[{"name":"Bones","id":526,"quantity":1,"price":69},{"name":"Coins","id":995,"quantity":1,"price":1}],"date":"Aug 23, 2022, 9:25:00 PM"}
{"name":"Infernal Mage","level":66,"killCount":-1,"type":"NPC","drops":[{"name":"Bones","id":526,"quantity":1,"price":69},{"name":"Coins","id":995,"quantity":2,"price":1}],"date":"Aug 23, 2022, 9:25:17 PM"}
{"name":"Infernal Mage","level":66,"killCount":-1,"type":"NPC","drops":[{"name":"Bones","id":526,"quantity":1,"price":69},{"name":"Earth rune","id":557,"quantity":10,"price":5}],"date":"Aug 23, 2022, 9:25:31 PM"}
{"name":"Infernal Mage","level":66,"killCount":-1,"type":"NPC","drops":[{"name":"Bones","id":526,"quantity":1,"price":69},{"name":"Air rune","id":556,"quantity":18,"price":4}],"date":"Aug 23, 2022, 9:25:41 PM"}
{"name":"Infernal Mage","level":66,"killCount":-1,"type":"NPC","drops":[{"name":"Bones","id":526,"quantity":1,"price":69},{"name":"Earth rune","id":557,"quantity":10,"price":5}],"date":"Aug 23, 2022, 9:25:53 PM"}
{"name":"Infernal Mage","level":66,"killCount":-1,"type":"NPC","drops":[{"name":"Bones","id":526,"quantity":1,"price":69},{"name":"Death rune","id":560,"quantity":7,"price":180}],"date":"Aug 23, 2022, 9:26:03 PM"}
{"name":"Infernal Mage","level":66,"killCount":-1,"type":"NPC","drops":[{"name":"Bones","id":526,"quantity":1,"price":69},{"name":"Coins","id":995,"quantity":4,"price":1}],"date":"Aug 23, 2022, 9:26:17 PM"}
{"name":"Infernal Mage","level":66,"killCount":-1,"type":"NPC","drops":[{"name":"Bones","id":526,"quantity":1,"price":69},{"name":"Coins","id":995,"quantity":1,"price":1}],"date":"Aug 23, 2022, 9:26:24 PM"}
{"name":"Infernal Mage","level":66,"killCount":-1,"type":"NPC","drops":[{"name":"Bones","id":526,"quantity":1,"price":69}],"date":"Aug 23, 2022, 9:26:34 PM"}
{"name":"Infernal Mage","level":66,"killCount":-1,"type":"NPC","drops":[{"name":"Bones","id":526,"quantity":1,"price":69},{"name":"Water rune","id":555,"quantity":10,"price":4}],"date":"Aug 23, 2022, 9:26:46 PM"}
{"name":"Infernal Mage","level":66,"killCount":-1,"type":"NPC","drops":[{"name":"Bones","id":526,"quantity":1,"price":69},{"name":"Coins","id":995,"quantity":2,"price":1}],"date":"Aug 23, 2022, 9:27:00 PM"}
{"name":"Infernal Mage","level":66,"killCount":-1,"type":"NPC","drops":[{"name":"Bones","id":526,"quantity":1,"price":69},{"name":"Death rune","id":560,"quantity":7,"price":180}],"date":"Aug 23, 2022, 9:27:10 PM"}
{"name":"Infernal Mage","level":66,"killCount":-1,"type":"NPC","drops":[{"name":"Bones","id":526,"quantity":1,"price":69},{"name":"Earth rune","id":557,"quantity":10,"price":5}],"date":"Aug 23, 2022, 9:27:19 PM"}
{"name":"Infernal Mage","level":66,"killCount":-1,"type":"NPC","drops":[{"name":"Bones","id":526,"quantity":1,"price":69},{"name":"Staff of fire","id":1387,"quantity":1,"price":1362}],"date":"Aug 23, 2022, 9:27:41 PM"}
{"name":"Infernal Mage","level":66,"killCount":-1,"type":"NPC","drops":[{"name":"Bones","id":526,"quantity":1,"price":69},{"name":"Water rune","id":555,"quantity":10,"price":4}],"date":"Aug 23, 2022, 9:27:49 PM"}
{"name":"Infernal Mage","level":66,"killCount":-1,"type":"NPC","drops":[{"name":"Bones","id":526,"quantity":1,"price":69},{"name":"Coins","id":995,"quantity":1,"price":1}],"date":"Aug 23, 2022, 9:28:00 PM"}
{"name":"Infernal Mage","level":66,"killCount":-1,"type":"NPC","drops":[{"name":"Bones","id":526,"quantity":1,"price":69},{"name":"Coins","id":995,"quantity":2,"price":1}],"date":"Aug 23, 2022, 9:28:13 PM"}
{"name":"Infernal Mage","level":66,"killCount":-1,"type":"NPC","drops":[{"name":"Bones","id":526,"quantity":1,"price":69},{"name":"Death rune","id":560,"quantity":7,"price":180}],"date":"Aug 23, 2022, 9:28:33 PM"}
{"name":"Infernal Mage","level":66,"killCount":-1,"type":"NPC","drops":[{"name":"Bones","id":526,"quantity":1,"price":69},{"name":"Coins","id":995,"quantity":1,"price":1}],"date":"Aug 23, 2022, 9:28:45 PM"}
{"name":"Infernal Mage","level":66,"killCount":-1,"type":"NPC","drops":[{"name":"Bones","id":526,"quantity":1,"price":69}],"date":"Aug 23, 2022, 9:28:55 PM"}
{"name":"Infernal Mage","level":66,"killCount":-1,"type":"NPC","drops":[{"name":"Bones","id":526,"quantity":1,"price":69},{"name":"Coins","id":995,"quantity":1,"price":1}],"date":"Aug 23, 2022, 9:29:20 PM"}
{"name":"Infernal Mage","level":66,"killCount":-1,"type":"NPC","drops":[{"name":"Bones","id":526,"quantity":1,"price":69}],"date":"Aug 23, 2022, 9:29:37 PM"}
{"name":"Infernal Mage","level":66,"killCount":-1,"type":"NPC","drops":[{"name":"Bones","id":526,"quantity":1,"price":69}],"date":"Aug 23, 2022, 9:29:51 PM"}
{"name":"Infernal Mage","level":66,"killCount":-1,"type":"NPC","drops":[{"name":"Bones","id":526,"quantity":1,"price":69},{"name":"Coins","id":995,"quantity":1,"price":1}],"date":"Aug 23, 2022, 9:30:03 PM"}
{"name":"Infernal Mage","level":66,"killCount":-1,"type":"NPC","drops":[{"name":"Bones","id":526,"quantity":1,"price":69},{"name":"Coins","id":995,"quantity":1,"price":1}],"date":"Aug 23, 2022, 9:30:18 PM"}
{"name":"Infernal Mage","level":66,"killCount":-1,"type":"NPC","drops":[{"name":"Bones","id":526,"quantity":1,"price":69},{"name":"Death rune","id":560,"quantity":7,"price":180}],"date":"Aug 23, 2022, 9:30:37 PM"}
{"name":"Infernal Mage","level":66,"killCount":-1,"type":"NPC","drops":[{"name":"Bones","id":526,"quantity":1,"price":69},{"name":"Coins","id":995,"quantity":2,"price":1}],"date":"Aug 23, 2022, 9:30:49 PM"}
{"name":"Infernal Mage","level":66,"killCount":-1,"type":"NPC","drops":[{"name":"Bones","id":526,"quantity":1,"price":69},{"name":"Coins","id":995,"quantity":2,"price":1}],"date":"Aug 23, 2022, 9:30:58 PM"}
{"name":"Infernal Mage","level":66,"killCount":-1,"type":"NPC","drops":[{"name":"Bones","id":526,"quantity":1,"price":69},{"name":"Mind rune","id":558,"quantity":18,"price":2}],"date":"Aug 23, 2022, 9:31:06 PM"}
{"name":"Infernal Mage","level":66,"killCount":-1,"type":"NPC","drops":[{"name":"Bones","id":526,"quantity":1,"price":69},{"name":"Coins","id":995,"quantity":29,"price":1}],"date":"Aug 23, 2022, 9:31:21 PM"}
{"name":"Infernal Mage","level":66,"killCount":-1,"type":"NPC","drops":[{"name":"Bones","id":526,"quantity":1,"price":69},{"name":"Staff","id":1379,"quantity":1,"price":87}],"date":"Aug 23, 2022, 9:31:25 PM"}
{"name":"Infernal Mage","level":66,"killCount":-1,"type":"NPC","drops":[{"name":"Bones","id":526,"quantity":1,"price":69},{"name":"Coins","id":995,"quantity":1,"price":1}],"date":"Aug 23, 2022, 9:31:40 PM"}
{"name":"Infernal Mage","level":66,"killCount":-1,"type":"NPC","drops":[{"name":"Bones","id":526,"quantity":1,"price":69},{"name":"Coins","id":995,"quantity":2,"price":1}],"date":"Aug 23, 2022, 9:31:47 PM"}
{"name":"Infernal Mage","level":66,"killCount":-1,"type":"NPC","drops":[{"name":"Bones","id":526,"quantity":1,"price":69},{"name":"Fire rune","id":554,"quantity":10,"price":5}],"date":"Aug 23, 2022, 9:31:57 PM"}
{"name":"Infernal Mage","level":66,"killCount":-1,"type":"NPC","drops":[{"name":"Bones","id":526,"quantity":1,"price":69},{"name":"Air rune","id":556,"quantity":18,"price":4}],"date":"Aug 23, 2022, 9:32:11 PM"}
{"name":"Infernal Mage","level":66,"killCount":-1,"type":"NPC","drops":[{"name":"Bones","id":526,"quantity":1,"price":69},{"name":"Coins","id":995,"quantity":1,"price":1}],"date":"Aug 23, 2022, 9:32:23 PM"}
{"name":"Infernal Mage","level":66,"killCount":-1,"type":"NPC","drops":[{"name":"Bones","id":526,"quantity":1,"price":69},{"name":"Fire rune","id":554,"quantity":10,"price":5}],"date":"Aug 23, 2022, 9:32:37 PM"}
{"name":"Infernal Mage","level":66,"killCount":-1,"type":"NPC","drops":[{"name":"Bones","id":526,"quantity":1,"price":69}],"date":"Aug 23, 2022, 9:32:55 PM"}
{"name":"Infernal Mage","level":66,"killCount":-1,"type":"NPC","drops":[{"name":"Bones","id":526,"quantity":1,"price":69},{"name":"Coins","id":995,"quantity":4,"price":1}],"date":"Aug 23, 2022, 9:33:00 PM"}
{"name":"Infernal Mage","level":66,"killCount":-1,"type":"NPC","drops":[{"name":"Bones","id":526,"quantity":1,"price":69},{"name":"Earth rune","id":557,"quantity":10,"price":5}],"date":"Aug 23, 2022, 9:33:07 PM"}
{"name":"Infernal Mage","level":66,"killCount":-1,"type":"NPC","drops":[{"name":"Bones","id":526,"quantity":1,"price":69},{"name":"Fire rune","id":554,"quantity":18,"price":5}],"date":"Aug 23, 2022, 9:33:12 PM"}
{"name":"Infernal Mage","level":66,"killCount":-1,"type":"NPC","drops":[{"name":"Bones","id":526,"quantity":1,"price":69},{"name":"Mystic boots (dark)","id":4107,"quantity":1,"price":80216}],"date":"Aug 23, 2022, 9:33:28 PM"}
