{"name":"Jelly","level":78,"killCount":-1,"type":"NPC","drops":[{"name":"Coins","id":995,"quantity":220,"price":1}],"date":"May 14, 2022, 9:05:51 AM"}
{"name":"Jelly","level":78,"killCount":-1,"type":"NPC","drops":[{"name":"Coins","id":995,"quantity":102,"price":1}],"date":"May 14, 2022, 9:06:02 AM"}
{"name":"Jelly","level":78,"killCount":-1,"type":"NPC","drops":[{"name":"Steel battleaxe","id":1365,"quantity":1,"price":172}],"date":"May 14, 2022, 9:06:38 AM"}
{"name":"Jelly","level":78,"killCount":-1,"type":"NPC","drops":[{"name":"Steel battleaxe","id":1365,"quantity":1,"price":172}],"date":"May 14, 2022, 9:06:48 AM"}
{"name":"Jelly","level":78,"killCount":-1,"type":"NPC","drops":[{"name":"Coins","id":995,"quantity":102,"price":1}],"date":"May 14, 2022, 9:06:56 AM"}
{"name":"Jelly","level":78,"killCount":-1,"type":"NPC","drops":[{"name":"Coins","id":995,"quantity":44,"price":1}],"date":"May 14, 2022, 9:07:15 AM"}
{"name":"Jelly","level":78,"killCount":-1,"type":"NPC","drops":[{"name":"Steel battleaxe","id":1365,"quantity":1,"price":172}],"date":"May 14, 2022, 9:07:56 AM"}
{"name":"Jelly","level":78,"killCount":-1,"type":"NPC","drops":[{"name":"Gold bar","id":2357,"quantity":1,"price":86}],"date":"May 14, 2022, 9:08:05 AM"}
{"name":"Jelly","level":78,"killCount":-1,"type":"NPC","drops":[{"name":"Steel 2h sword","id":1311,"quantity":1,"price":360}],"date":"May 14, 2022, 9:08:22 AM"}
{"name":"Jelly","level":78,"killCount":-1,"type":"NPC","drops":[{"name":"Coins","id":995,"quantity":11,"price":1}],"date":"May 14, 2022, 9:08:39 AM"}
{"name":"Jelly","level":78,"killCount":-1,"type":"NPC","drops":[{"name":"Steel battleaxe","id":1365,"quantity":1,"price":172}],"date":"May 14, 2022, 9:08:49 AM"}
{"name":"Jelly","level":78,"killCount":-1,"type":"NPC","drops":[{"name":"Coins","id":995,"quantity":44,"price":1}],"date":"May 14, 2022, 9:08:56 AM"}
{"name":"Jelly","level":78,"killCount":-1,"type":"NPC","drops":[{"name":"Coins","id":995,"quantity":102,"price":1}],"date":"May 14, 2022, 9:09:05 AM"}
{"name":"Jelly","level":78,"killCount":-1,"type":"NPC","drops":[{"name":"Coins","id":995,"quantity":44,"price":1}],"date":"May 14, 2022, 9:09:17 AM"}
{"name":"Jelly","level":78,"killCount":-1,"type":"NPC","drops":[{"name":"Coins","id":995,"quantity":102,"price":1}],"date":"May 14, 2022, 9:09:29 AM"}
{"name":"Jelly","level":78,"killCount":-1,"type":"NPC","drops":[{"name":"Chaos rune","id":562,"quantity":15,"price":70}],"date":"May 14, 2022, 9:09:44 AM"}
{"name":"Jelly","level":78,"killCount":-1,"type":"NPC","drops":[{"name":"Coins","id":995,"quantity":44,"price":1}],"date":"May 14, 2022, 9:09:53 AM"}
{"name":"Jelly","level":78,"killCount":-1,"type":"NPC","drops":[{"name":"Coins","id":995,"quantity":44,"price":1}],"date":"May 14, 2022, 9:10:01 AM"}
{"name":"Jelly","level":78,"killCount":-1,"type":"NPC","drops":[{"name":"Coins","id":995,"quantity":102,"price":1}],"date":"May 14, 2022, 9:10:15 AM"}
{"name":"Jelly","level":78,"killCount":-1,"type":"NPC","drops":[{"name":"Coins","id":995,"quantity":11,"price":1}],"date":"May 14, 2022, 9:10:32 AM"}
{"name":"Jelly","level":78,"killCount":-1,"type":"NPC","drops":[{"name":"Coins","id":995,"quantity":44,"price":1}],"date":"May 14, 2022, 9:10:44 AM"}
{"name":"Jelly","level":78,"killCount":-1,"type":"NPC","drops":[{"name":"Coins","id":995,"quantity":44,"price":1}],"date":"May 14, 2022, 9:10:56 AM"}
{"name":"Jelly","level":78,"killCount":-1,"type":"NPC","drops":[{"name":"Coins","id":995,"quantity":220,"price":1}],"date":"May 14, 2022, 9:11:08 AM"}
{"name":"Jelly","level":78,"killCount":-1,"type":"NPC","drops":[{"name":"Coins","id":995,"quantity":102,"price":1}],"date":"May 14, 2022, 9:11:17 AM"}
{"name":"Jelly","level":78,"killCount":-1,"type":"NPC","drops":[{"name":"Coins","id":995,"quantity":44,"price":1}],"date":"May 14, 2022, 9:11:28 AM"}
{"name":"Jelly","level":78,"killCount":-1,"type":"NPC","drops":[{"name":"Coins","id":995,"quantity":102,"price":1}],"date":"May 14, 2022, 9:11:44 AM"}
{"name":"Jelly","level":78,"killCount":-1,"type":"NPC","drops":[{"name":"Coins","id":995,"quantity":102,"price":1}],"date":"May 14, 2022, 9:11:51 AM"}
{"name":"Jelly","level":78,"killCount":-1,"type":"NPC","drops":[{"name":"Coins","id":995,"quantity":44,"price":1}],"date":"May 14, 2022, 10:19:09 AM"}
{"name":"Jelly","level":78,"killCount":-1,"type":"NPC","drops":[{"name":"Coins","id":995,"quantity":102,"price":1}],"date":"May 14, 2022, 10:19:21 AM"}
{"name":"Jelly","level":78,"killCount":-1,"type":"NPC","drops":[{"name":"Coins","id":995,"quantity":102,"price":1}],"date":"May 14, 2022, 10:19:38 AM"}
{"name":"Jelly","level":78,"killCount":-1,"type":"NPC","drops":[{"name":"Coins","id":995,"quantity":220,"price":1}],"date":"May 14, 2022, 10:19:48 AM"}
{"name":"Jelly","level":78,"killCount":-1,"type":"NPC","drops":[{"name":"Steel battleaxe","id":1365,"quantity":1,"price":114}],"date":"May 14, 2022, 10:20:06 AM"}
{"name":"Jelly","level":78,"killCount":-1,"type":"NPC","drops":[{"name":"Coins","id":995,"quantity":102,"price":1}],"date":"May 14, 2022, 10:20:34 AM"}
{"name":"Jelly","level":78,"killCount":-1,"type":"NPC","drops":[{"name":"Clue scroll (hard)","id":3570,"quantity":1,"price":0},{"name":"Rune full helm","id":1163,"quantity":1,"price":20598}],"date":"May 14, 2022, 10:20:42 AM"}
{"name":"Jelly","level":78,"killCount":-1,"type":"NPC","drops":[{"name":"Gold bar","id":2357,"quantity":1,"price":85}],"date":"May 14, 2022, 10:34:28 AM"}
{"name":"Jelly","level":78,"killCount":-1,"type":"NPC","drops":[{"name":"Steel 2h sword","id":1311,"quantity":1,"price":357}],"date":"May 14, 2022, 10:34:38 AM"}
{"name":"Jelly","level":78,"killCount":-1,"type":"NPC","drops":[{"name":"Coins","id":995,"quantity":220,"price":1}],"date":"May 14, 2022, 10:34:52 AM"}
{"name":"Jelly","level":78,"killCount":-1,"type":"NPC","drops":[{"name":"Coins","id":995,"quantity":44,"price":1}],"date":"May 14, 2022, 10:35:07 AM"}
{"name":"Jelly","level":78,"killCount":-1,"type":"NPC","drops":[{"name":"Coins","id":995,"quantity":11,"price":1}],"date":"May 14, 2022, 10:35:19 AM"}
{"name":"Jelly","level":78,"killCount":-1,"type":"NPC","drops":[{"name":"Coins","id":995,"quantity":11,"price":1}],"date":"May 14, 2022, 10:35:31 AM"}
{"name":"Jelly","level":78,"killCount":-1,"type":"NPC","drops":[{"name":"Coins","id":995,"quantity":11,"price":1}],"date":"May 14, 2022, 10:35:43 AM"}
{"name":"Jelly","level":78,"killCount":-1,"type":"NPC","drops":[{"name":"Chaos rune","id":562,"quantity":15,"price":70}],"date":"May 14, 2022, 10:35:55 AM"}
{"name":"Jelly","level":78,"killCount":-1,"type":"NPC","drops":[{"name":"Coins","id":995,"quantity":44,"price":1}],"date":"May 14, 2022, 10:36:10 AM"}
{"name":"Jelly","level":78,"killCount":-1,"type":"NPC","drops":[{"name":"Coins","id":995,"quantity":11,"price":1}],"date":"May 14, 2022, 10:36:25 AM"}
{"name":"Jelly","level":78,"killCount":-1,"type":"NPC","drops":[{"name":"Coins","id":995,"quantity":220,"price":1}],"date":"May 14, 2022, 10:36:39 AM"}
{"name":"Jelly","level":78,"killCount":-1,"type":"NPC","drops":[{"name":"Coins","id":995,"quantity":44,"price":1}],"date":"May 14, 2022, 10:36:55 AM"}
{"name":"Jelly","level":78,"killCount":-1,"type":"NPC","drops":[{"name":"Steel battleaxe","id":1365,"quantity":1,"price":114}],"date":"May 14, 2022, 10:37:12 AM"}
{"name":"Jelly","level":78,"killCount":-1,"type":"NPC","drops":[{"name":"Coins","id":995,"quantity":102,"price":1}],"date":"May 14, 2022, 10:37:24 AM"}
{"name":"Jelly","level":78,"killCount":-1,"type":"NPC","drops":[{"name":"Chaos rune","id":562,"quantity":15,"price":70}],"date":"May 14, 2022, 10:37:41 AM"}
{"name":"Jelly","level":78,"killCount":-1,"type":"NPC","drops":[{"name":"Coins","id":995,"quantity":102,"price":1}],"date":"May 14, 2022, 10:37:49 AM"}
{"name":"Jelly","level":78,"killCount":-1,"type":"NPC","drops":[{"name":"Steel axe","id":1353,"quantity":1,"price":300}],"date":"May 14, 2022, 10:38:10 AM"}
{"name":"Jelly","level":78,"killCount":-1,"type":"NPC","drops":[{"name":"Steel axe","id":1353,"quantity":1,"price":300}],"date":"May 14, 2022, 10:38:27 AM"}
{"name":"Jelly","level":78,"killCount":-1,"type":"NPC","drops":[{"name":"Coins","id":995,"quantity":11,"price":1}],"date":"May 14, 2022, 10:38:37 AM"}
{"name":"Jelly","level":78,"killCount":-1,"type":"NPC","drops":[{"name":"Rune full helm","id":1163,"quantity":1,"price":20598}],"date":"May 14, 2022, 10:38:44 AM"}
{"name":"Jelly","level":78,"killCount":-1,"type":"NPC","drops":[{"name":"Coins","id":995,"quantity":102,"price":1}],"date":"May 14, 2022, 10:38:57 AM"}
{"name":"Jelly","level":78,"killCount":-1,"type":"NPC","drops":[{"name":"Coins","id":995,"quantity":11,"price":1}],"date":"May 14, 2022, 10:39:07 AM"}
{"name":"Jelly","level":78,"killCount":-1,"type":"NPC","drops":[{"name":"Steel battleaxe","id":1365,"quantity":1,"price":114}],"date":"May 14, 2022, 10:39:23 AM"}
{"name":"Jelly","level":78,"killCount":-1,"type":"NPC","drops":[{"name":"Coins","id":995,"quantity":44,"price":1}],"date":"May 14, 2022, 10:39:38 AM"}
{"name":"Jelly","level":78,"killCount":-1,"type":"NPC","drops":[{"name":"Coins","id":995,"quantity":44,"price":1}],"date":"May 14, 2022, 10:39:52 AM"}
{"name":"Jelly","level":78,"killCount":-1,"type":"NPC","drops":[{"name":"Coins","id":995,"quantity":102,"price":1}],"date":"May 14, 2022, 10:40:14 AM"}
{"name":"Jelly","level":78,"killCount":-1,"type":"NPC","drops":[{"name":"Coins","id":995,"quantity":44,"price":1}],"date":"May 14, 2022, 10:40:25 AM"}
{"name":"Jelly","level":78,"killCount":-1,"type":"NPC","drops":[{"name":"Coins","id":995,"quantity":102,"price":1}],"date":"May 14, 2022, 10:40:44 AM"}
{"name":"Jelly","level":78,"killCount":-1,"type":"NPC","drops":[{"name":"Coins","id":995,"quantity":220,"price":1}],"date":"May 14, 2022, 10:41:03 AM"}
{"name":"Jelly","level":78,"killCount":-1,"type":"NPC","drops":[{"name":"Coins","id":995,"quantity":44,"price":1}],"date":"May 14, 2022, 10:41:14 AM"}
{"name":"Jelly","level":78,"killCount":-1,"type":"NPC","drops":[{"name":"Coins","id":995,"quantity":44,"price":1}],"date":"May 14, 2022, 10:41:25 AM"}
{"name":"Jelly","level":78,"killCount":-1,"type":"NPC","drops":[{"name":"Steel 2h sword","id":1311,"quantity":1,"price":357}],"date":"May 14, 2022, 10:41:44 AM"}
{"name":"Jelly","level":78,"killCount":-1,"type":"NPC","drops":[{"name":"Coins","id":995,"quantity":44,"price":1}],"date":"May 14, 2022, 10:42:04 AM"}
{"name":"Jelly","level":78,"killCount":-1,"type":"NPC","drops":[{"name":"Coins","id":995,"quantity":44,"price":1}],"date":"May 14, 2022, 10:42:13 AM"}
{"name":"Jelly","level":78,"killCount":-1,"type":"NPC","drops":[{"name":"Coins","id":995,"quantity":102,"price":1}],"date":"May 14, 2022, 10:42:23 AM"}
{"name":"Jelly","level":78,"killCount":-1,"type":"NPC","drops":[{"name":"Coins","id":995,"quantity":102,"price":1}],"date":"May 14, 2022, 10:42:37 AM"}
{"name":"Jelly","level":78,"killCount":-1,"type":"NPC","drops":[{"name":"Steel 2h sword","id":1311,"quantity":1,"price":357}],"date":"May 14, 2022, 10:42:49 AM"}
{"name":"Jelly","level":78,"killCount":-1,"type":"NPC","drops":[{"name":"Steel 2h sword","id":1311,"quantity":1,"price":357}],"date":"May 14, 2022, 10:43:04 AM"}
{"name":"Jelly","level":78,"killCount":-1,"type":"NPC","drops":[{"name":"Coins","id":995,"quantity":102,"price":1}],"date":"May 14, 2022, 10:43:25 AM"}
{"name":"Jelly","level":78,"killCount":-1,"type":"NPC","drops":[{"name":"Death rune","id":560,"quantity":5,"price":187}],"date":"May 14, 2022, 10:43:47 AM"}
{"name":"Jelly","level":78,"killCount":-1,"type":"NPC","drops":[{"name":"Clue scroll (hard)","id":2735,"quantity":1,"price":0},{"name":"Coins","id":995,"quantity":102,"price":1}],"date":"May 14, 2022, 10:44:02 AM"}
{"name":"Jelly","level":78,"killCount":-1,"type":"NPC","drops":[{"name":"Coins","id":995,"quantity":102,"price":1}],"date":"May 14, 2022, 10:44:15 AM"}
{"name":"Jelly","level":78,"killCount":-1,"type":"NPC","drops":[{"name":"Coins","id":995,"quantity":220,"price":1}],"date":"May 14, 2022, 8:54:04 PM"}
{"name":"Jelly","level":78,"killCount":-1,"type":"NPC","drops":[{"name":"Coins","id":995,"quantity":44,"price":1}],"date":"May 14, 2022, 8:54:16 PM"}
{"name":"Jelly","level":78,"killCount":-1,"type":"NPC","drops":[{"name":"Death rune","id":560,"quantity":5,"price":187}],"date":"May 14, 2022, 8:54:34 PM"}
{"name":"Jelly","level":78,"killCount":-1,"type":"NPC","drops":[{"name":"Coins","id":995,"quantity":44,"price":1}],"date":"May 14, 2022, 8:54:51 PM"}
{"name":"Jelly","level":78,"killCount":-1,"type":"NPC","drops":[{"name":"Gold bar","id":2357,"quantity":1,"price":85}],"date":"May 14, 2022, 8:55:05 PM"}
{"name":"Jelly","level":78,"killCount":-1,"type":"NPC","drops":[{"name":"Coins","id":995,"quantity":102,"price":1}],"date":"May 14, 2022, 8:55:28 PM"}
{"name":"Jelly","level":78,"killCount":-1,"type":"NPC","drops":[{"name":"Uncut sapphire","id":1623,"quantity":1,"price":386}],"date":"May 14, 2022, 8:55:46 PM"}
{"name":"Jelly","level":78,"killCount":-1,"type":"NPC","drops":[{"name":"Coins","id":995,"quantity":102,"price":1}],"date":"May 14, 2022, 8:56:00 PM"}
{"name":"Jelly","level":78,"killCount":-1,"type":"NPC","drops":[{"name":"Mithril kiteshield","id":1197,"quantity":1,"price":904}],"date":"May 14, 2022, 8:56:29 PM"}
{"name":"Jelly","level":78,"killCount":-1,"type":"NPC","drops":[{"name":"Coins","id":995,"quantity":102,"price":1}],"date":"May 14, 2022, 8:56:53 PM"}
{"name":"Jelly","level":78,"killCount":-1,"type":"NPC","drops":[{"name":"Coins","id":995,"quantity":220,"price":1}],"date":"May 14, 2022, 8:57:08 PM"}
{"name":"Jelly","level":78,"killCount":-1,"type":"NPC","drops":[{"name":"Steel battleaxe","id":1365,"quantity":1,"price":173}],"date":"May 14, 2022, 8:57:37 PM"}
{"name":"Jelly","level":78,"killCount":-1,"type":"NPC","drops":[{"name":"Coins","id":995,"quantity":220,"price":1}],"date":"May 14, 2022, 8:57:55 PM"}
{"name":"Jelly","level":78,"killCount":-1,"type":"NPC","drops":[{"name":"Coins","id":995,"quantity":102,"price":1}],"date":"May 14, 2022, 8:58:19 PM"}
{"name":"Jelly","level":78,"killCount":-1,"type":"NPC","drops":[{"name":"Coins","id":995,"quantity":460,"price":1}],"date":"May 14, 2022, 8:58:40 PM"}
{"name":"Jelly","level":78,"killCount":-1,"type":"NPC","drops":[{"name":"Chaos rune","id":562,"quantity":15,"price":70}],"date":"May 14, 2022, 8:59:08 PM"}
{"name":"Jelly","level":78,"killCount":-1,"type":"NPC","drops":[{"name":"Coins","id":995,"quantity":102,"price":1}],"date":"May 14, 2022, 8:59:24 PM"}
{"name":"Jelly","level":78,"killCount":-1,"type":"NPC","drops":[{"name":"Chaos rune","id":562,"quantity":15,"price":70}],"date":"May 14, 2022, 8:59:39 PM"}
{"name":"Jelly","level":78,"killCount":-1,"type":"NPC","drops":[{"name":"Coins","id":995,"quantity":44,"price":1}],"date":"May 14, 2022, 9:00:01 PM"}
{"name":"Jelly","level":78,"killCount":-1,"type":"NPC","drops":[{"name":"Coins","id":995,"quantity":102,"price":1}],"date":"May 14, 2022, 9:00:30 PM"}
{"name":"Jelly","level":78,"killCount":-1,"type":"NPC","drops":[{"name":"Coins","id":995,"quantity":102,"price":1}],"date":"May 14, 2022, 9:00:39 PM"}
{"name":"Jelly","level":78,"killCount":-1,"type":"NPC","drops":[{"name":"Coins","id":995,"quantity":44,"price":1}],"date":"May 14, 2022, 9:01:01 PM"}
{"name":"Jelly","level":78,"killCount":-1,"type":"NPC","drops":[{"name":"Coins","id":995,"quantity":220,"price":1}],"date":"May 14, 2022, 9:01:37 PM"}
{"name":"Jelly","level":78,"killCount":-1,"type":"NPC","drops":[{"name":"Coins","id":995,"quantity":102,"price":1}],"date":"May 14, 2022, 9:01:47 PM"}
{"name":"Jelly","level":78,"killCount":-1,"type":"NPC","drops":[{"name":"Coins","id":995,"quantity":102,"price":1}],"date":"May 14, 2022, 9:02:12 PM"}
{"name":"Jelly","level":78,"killCount":-1,"type":"NPC","drops":[{"name":"Brimstone key","id":23083,"quantity":1,"price":0},{"name":"Coins","id":995,"quantity":11,"price":1}],"date":"May 14, 2022, 9:02:27 PM"}
{"name":"Jelly","level":78,"killCount":-1,"type":"NPC","drops":[{"name":"Steel 2h sword","id":1311,"quantity":1,"price":169}],"date":"May 14, 2022, 9:02:42 PM"}
{"name":"Jelly","level":78,"killCount":-1,"type":"NPC","drops":[{"name":"Coins","id":995,"quantity":44,"price":1}],"date":"May 14, 2022, 9:06:23 PM"}
{"name":"Jelly","level":78,"killCount":-1,"type":"NPC","drops":[{"name":"Coins","id":995,"quantity":44,"price":1}],"date":"May 14, 2022, 9:06:33 PM"}
{"name":"Jelly","level":78,"killCount":-1,"type":"NPC","drops":[{"name":"Coins","id":995,"quantity":102,"price":1}],"date":"May 14, 2022, 9:07:03 PM"}
{"name":"Jelly","level":78,"killCount":-1,"type":"NPC","drops":[{"name":"Coins","id":995,"quantity":220,"price":1}],"date":"May 14, 2022, 9:08:39 PM"}
{"name":"Jelly","level":78,"killCount":-1,"type":"NPC","drops":[{"name":"Coins","id":995,"quantity":102,"price":1}],"date":"May 14, 2022, 9:08:51 PM"}
{"name":"Jelly","level":78,"killCount":-1,"type":"NPC","drops":[{"name":"Coins","id":995,"quantity":44,"price":1}],"date":"May 14, 2022, 9:09:08 PM"}
{"name":"Jelly","level":78,"killCount":-1,"type":"NPC","drops":[{"name":"Coins","id":995,"quantity":44,"price":1}],"date":"May 14, 2022, 9:09:22 PM"}
{"name":"Jelly","level":78,"killCount":-1,"type":"NPC","drops":[{"name":"Coins","id":995,"quantity":220,"price":1}],"date":"May 14, 2022, 9:09:31 PM"}
{"name":"Jelly","level":78,"killCount":-1,"type":"NPC","drops":[{"name":"Coins","id":995,"quantity":44,"price":1}],"date":"May 14, 2022, 9:09:46 PM"}
{"name":"Jelly","level":78,"killCount":-1,"type":"NPC","drops":[{"name":"Uncut sapphire","id":1623,"quantity":1,"price":386}],"date":"May 14, 2022, 9:10:07 PM"}
{"name":"Jelly","level":78,"killCount":-1,"type":"NPC","drops":[{"name":"Coins","id":995,"quantity":102,"price":1}],"date":"May 14, 2022, 9:10:20 PM"}
{"name":"Jelly","level":78,"killCount":-1,"type":"NPC","drops":[{"name":"Coins","id":995,"quantity":102,"price":1}],"date":"May 14, 2022, 9:11:14 PM"}
{"name":"Jelly","level":78,"killCount":-1,"type":"NPC","drops":[{"name":"Coins","id":995,"quantity":102,"price":1}],"date":"May 14, 2022, 9:11:23 PM"}
{"name":"Jelly","level":78,"killCount":-1,"type":"NPC","drops":[{"name":"Coins","id":995,"quantity":44,"price":1}],"date":"May 14, 2022, 9:11:39 PM"}
{"name":"Jelly","level":78,"killCount":-1,"type":"NPC","drops":[{"name":"Coins","id":995,"quantity":220,"price":1}],"date":"May 14, 2022, 9:12:06 PM"}
{"name":"Jelly","level":78,"killCount":-1,"type":"NPC","drops":[{"name":"Steel battleaxe","id":1365,"quantity":1,"price":173}],"date":"May 14, 2022, 9:12:22 PM"}
{"name":"Jelly","level":78,"killCount":-1,"type":"NPC","drops":[{"name":"Chaos rune","id":562,"quantity":15,"price":70}],"date":"May 14, 2022, 9:12:45 PM"}
{"name":"Jelly","level":78,"killCount":-1,"type":"NPC","drops":[{"name":"Coins","id":995,"quantity":44,"price":1}],"date":"May 14, 2022, 9:12:57 PM"}
{"name":"Jelly","level":78,"killCount":-1,"type":"NPC","drops":[{"name":"Coins","id":995,"quantity":102,"price":1}],"date":"May 14, 2022, 9:13:15 PM"}
{"name":"Jelly","level":78,"killCount":-1,"type":"NPC","drops":[{"name":"Coins","id":995,"quantity":102,"price":1}],"date":"May 14, 2022, 9:13:48 PM"}
{"name":"Jelly","level":78,"killCount":-1,"type":"NPC","drops":[{"name":"Coins","id":995,"quantity":102,"price":1}],"date":"May 14, 2022, 9:14:08 PM"}
{"name":"Jelly","level":78,"killCount":-1,"type":"NPC","drops":[{"name":"Coins","id":995,"quantity":102,"price":1}],"date":"May 14, 2022, 9:14:29 PM"}
{"name":"Jelly","level":78,"killCount":-1,"type":"NPC","drops":[{"name":"Coins","id":995,"quantity":44,"price":1}],"date":"May 14, 2022, 9:15:48 PM"}
{"name":"Jelly","level":78,"killCount":-1,"type":"NPC","drops":[{"name":"Coins","id":995,"quantity":102,"price":1}],"date":"May 14, 2022, 9:15:57 PM"}
{"name":"Jelly","level":78,"killCount":-1,"type":"NPC","drops":[{"name":"Steel battleaxe","id":1365,"quantity":1,"price":173}],"date":"May 14, 2022, 9:16:17 PM"}
{"name":"Jelly","level":78,"killCount":-1,"type":"NPC","drops":[{"name":"Coins","id":995,"quantity":44,"price":1}],"date":"May 14, 2022, 9:16:41 PM"}
{"name":"Jelly","level":78,"killCount":-1,"type":"NPC","drops":[{"name":"Coins","id":995,"quantity":220,"price":1}],"date":"May 14, 2022, 9:16:56 PM"}
{"name":"Jelly","level":78,"killCount":-1,"type":"NPC","drops":[{"name":"Coins","id":995,"quantity":44,"price":1}],"date":"May 14, 2022, 9:17:06 PM"}
{"name":"Jelly","level":78,"killCount":-1,"type":"NPC","drops":[{"name":"Coins","id":995,"quantity":44,"price":1}],"date":"May 14, 2022, 9:17:17 PM"}
{"name":"Jelly","level":78,"killCount":-1,"type":"NPC","drops":[{"name":"Coins","id":995,"quantity":460,"price":1}],"date":"May 14, 2022, 9:17:27 PM"}
{"name":"Jelly","level":78,"killCount":-1,"type":"NPC","drops":[{"name":"Coins","id":995,"quantity":220,"price":1}],"date":"May 14, 2022, 9:17:54 PM"}
{"name":"Jelly","level":78,"killCount":-1,"type":"NPC","drops":[{"name":"Steel battleaxe","id":1365,"quantity":1,"price":173}],"date":"May 14, 2022, 9:18:05 PM"}
{"name":"Jelly","level":78,"killCount":-1,"type":"NPC","drops":[{"name":"Coins","id":995,"quantity":102,"price":1}],"date":"May 14, 2022, 9:18:25 PM"}
{"name":"Jelly","level":78,"killCount":-1,"type":"NPC","drops":[{"name":"Rune full helm","id":1163,"quantity":1,"price":20582}],"date":"May 14, 2022, 9:18:39 PM"}
{"name":"Jelly","level":78,"killCount":-1,"type":"NPC","drops":[{"name":"Coins","id":995,"quantity":220,"price":1}],"date":"May 14, 2022, 9:18:50 PM"}
{"name":"Jelly","level":78,"killCount":-1,"type":"NPC","drops":[{"name":"Coins","id":995,"quantity":11,"price":1}],"date":"May 14, 2022, 9:19:01 PM"}
{"name":"Jelly","level":78,"killCount":-1,"type":"NPC","drops":[{"name":"Chaos rune","id":562,"quantity":15,"price":70}],"date":"May 14, 2022, 9:19:11 PM"}
{"name":"Jelly","level":78,"killCount":-1,"type":"NPC","drops":[{"name":"Coins","id":995,"quantity":102,"price":1}],"date":"May 14, 2022, 9:19:25 PM"}
{"name":"Jelly","level":78,"killCount":-1,"type":"NPC","drops":[{"name":"Steel 2h sword","id":1311,"quantity":1,"price":169}],"date":"May 14, 2022, 9:19:42 PM"}
{"name":"Jelly","level":78,"killCount":-1,"type":"NPC","drops":[{"name":"Coins","id":995,"quantity":44,"price":1}],"date":"May 14, 2022, 9:19:58 PM"}
{"name":"Jelly","level":78,"killCount":-1,"type":"NPC","drops":[{"name":"Coins","id":995,"quantity":220,"price":1}],"date":"May 14, 2022, 9:20:17 PM"}
{"name":"Jelly","level":78,"killCount":-1,"type":"NPC","drops":[{"name":"Coins","id":995,"quantity":44,"price":1}],"date":"May 14, 2022, 9:20:29 PM"}
{"name":"Jelly","level":78,"killCount":-1,"type":"NPC","drops":[{"name":"Steel battleaxe","id":1365,"quantity":1,"price":173}],"date":"May 14, 2022, 9:20:36 PM"}
{"name":"Jelly","level":78,"killCount":-1,"type":"NPC","drops":[{"name":"Coins","id":995,"quantity":102,"price":1}],"date":"May 14, 2022, 9:20:48 PM"}
{"name":"Jelly","level":78,"killCount":-1,"type":"NPC","drops":[{"name":"Coins","id":995,"quantity":102,"price":1}],"date":"Oct 26, 2022, 1:26:29 PM"}
{"name":"Jelly","level":78,"killCount":-1,"type":"NPC","drops":[{"name":"Coins","id":995,"quantity":102,"price":1}],"date":"Oct 26, 2022, 1:26:39 PM"}
{"name":"Jelly","level":78,"killCount":-1,"type":"NPC","drops":[{"name":"Gold bar","id":2357,"quantity":1,"price":93}],"date":"Oct 26, 2022, 1:26:53 PM"}
{"name":"Jelly","level":78,"killCount":-1,"type":"NPC","drops":[{"name":"Mithril kiteshield","id":1197,"quantity":1,"price":1047}],"date":"Oct 26, 2022, 1:27:03 PM"}
{"name":"Jelly","level":78,"killCount":-1,"type":"NPC","drops":[{"name":"Steel axe","id":1353,"quantity":1,"price":70}],"date":"Oct 26, 2022, 1:27:15 PM"}
{"name":"Jelly","level":78,"killCount":-1,"type":"NPC","drops":[{"name":"Coins","id":995,"quantity":102,"price":1}],"date":"Oct 26, 2022, 1:27:34 PM"}
{"name":"Jelly","level":78,"killCount":-1,"type":"NPC","drops":[{"name":"Coins","id":995,"quantity":44,"price":1}],"date":"Oct 26, 2022, 1:27:49 PM"}
{"name":"Jelly","level":78,"killCount":-1,"type":"NPC","drops":[{"name":"Chaos rune","id":562,"quantity":15,"price":80}],"date":"Oct 26, 2022, 1:28:08 PM"}
{"name":"Jelly","level":78,"killCount":-1,"type":"NPC","drops":[{"name":"Steel 2h sword","id":1311,"quantity":1,"price":343}],"date":"Oct 26, 2022, 1:28:23 PM"}
{"name":"Jelly","level":78,"killCount":-1,"type":"NPC","drops":[{"name":"Chaos rune","id":562,"quantity":15,"price":80}],"date":"Oct 26, 2022, 1:28:35 PM"}
{"name":"Jelly","level":78,"killCount":-1,"type":"NPC","drops":[{"name":"Coins","id":995,"quantity":102,"price":1}],"date":"Oct 26, 2022, 1:28:58 PM"}
{"name":"Jelly","level":78,"killCount":-1,"type":"NPC","drops":[{"name":"Steel 2h sword","id":1311,"quantity":1,"price":343}],"date":"Oct 26, 2022, 1:29:05 PM"}
{"name":"Jelly","level":78,"killCount":-1,"type":"NPC","drops":[{"name":"Steel axe","id":1353,"quantity":1,"price":70}],"date":"Oct 26, 2022, 1:29:22 PM"}
{"name":"Jelly","level":78,"killCount":-1,"type":"NPC","drops":[{"name":"Coins","id":995,"quantity":102,"price":1}],"date":"Oct 26, 2022, 1:29:32 PM"}
{"name":"Jelly","level":78,"killCount":-1,"type":"NPC","drops":[{"name":"Coins","id":995,"quantity":102,"price":1}],"date":"Oct 26, 2022, 1:29:45 PM"}
{"name":"Jelly","level":78,"killCount":-1,"type":"NPC","drops":[{"name":"Coins","id":995,"quantity":11,"price":1}],"date":"Oct 26, 2022, 1:29:55 PM"}
{"name":"Jelly","level":78,"killCount":-1,"type":"NPC","drops":[{"name":"Uncut sapphire","id":1623,"quantity":1,"price":250}],"date":"Oct 26, 2022, 1:30:04 PM"}
{"name":"Jelly","level":78,"killCount":-1,"type":"NPC","drops":[{"name":"Coins","id":995,"quantity":220,"price":1}],"date":"Oct 26, 2022, 1:30:17 PM"}
{"name":"Jelly","level":78,"killCount":-1,"type":"NPC","drops":[{"name":"Coins","id":995,"quantity":102,"price":1}],"date":"Oct 26, 2022, 1:30:43 PM"}
{"name":"Jelly","level":78,"killCount":-1,"type":"NPC","drops":[{"name":"Coins","id":995,"quantity":11,"price":1}],"date":"Oct 26, 2022, 1:30:58 PM"}
{"name":"Jelly","level":78,"killCount":-1,"type":"NPC","drops":[{"name":"Coins","id":995,"quantity":220,"price":1}],"date":"Oct 26, 2022, 1:31:08 PM"}
{"name":"Jelly","level":78,"killCount":-1,"type":"NPC","drops":[{"name":"Coins","id":995,"quantity":220,"price":1}],"date":"Oct 26, 2022, 1:31:25 PM"}
{"name":"Jelly","level":78,"killCount":-1,"type":"NPC","drops":[{"name":"Coins","id":995,"quantity":102,"price":1}],"date":"Oct 26, 2022, 1:31:38 PM"}
{"name":"Jelly","level":78,"killCount":-1,"type":"NPC","drops":[{"name":"Coins","id":995,"quantity":44,"price":1}],"date":"Oct 26, 2022, 1:31:50 PM"}
{"name":"Jelly","level":78,"killCount":-1,"type":"NPC","drops":[{"name":"Coins","id":995,"quantity":102,"price":1}],"date":"Oct 26, 2022, 1:31:58 PM"}
{"name":"Jelly","level":78,"killCount":-1,"type":"NPC","drops":[{"name":"Steel axe","id":1353,"quantity":1,"price":70}],"date":"Oct 26, 2022, 1:32:12 PM"}
{"name":"Jelly","level":78,"killCount":-1,"type":"NPC","drops":[{"name":"Coins","id":995,"quantity":11,"price":1}],"date":"Oct 26, 2022, 1:32:22 PM"}
{"name":"Jelly","level":78,"killCount":-1,"type":"NPC","drops":[{"name":"Death rune","id":560,"quantity":5,"price":153}],"date":"Oct 26, 2022, 1:32:37 PM"}
{"name":"Jelly","level":78,"killCount":-1,"type":"NPC","drops":[{"name":"Chaos rune","id":562,"quantity":15,"price":80}],"date":"Oct 26, 2022, 1:32:51 PM"}
{"name":"Jelly","level":78,"killCount":-1,"type":"NPC","drops":[{"name":"Uncut emerald","id":1621,"quantity":1,"price":497}],"date":"Oct 26, 2022, 1:33:01 PM"}
{"name":"Jelly","level":78,"killCount":-1,"type":"NPC","drops":[{"name":"Coins","id":995,"quantity":102,"price":1}],"date":"Oct 26, 2022, 1:33:16 PM"}
{"name":"Jelly","level":78,"killCount":-1,"type":"NPC","drops":[{"name":"Coins","id":995,"quantity":44,"price":1}],"date":"Oct 26, 2022, 1:33:35 PM"}
{"name":"Jelly","level":78,"killCount":-1,"type":"NPC","drops":[{"name":"Coins","id":995,"quantity":102,"price":1}],"date":"Oct 26, 2022, 1:34:03 PM"}
{"name":"Jelly","level":78,"killCount":-1,"type":"NPC","drops":[{"name":"Coins","id":995,"quantity":102,"price":1}],"date":"Oct 26, 2022, 1:34:13 PM"}
{"name":"Jelly","level":78,"killCount":-1,"type":"NPC","drops":[{"name":"Steel battleaxe","id":1365,"quantity":1,"price":191}],"date":"Oct 26, 2022, 1:34:17 PM"}
{"name":"Jelly","level":78,"killCount":-1,"type":"NPC","drops":[{"name":"Coins","id":995,"quantity":220,"price":1}],"date":"Oct 26, 2022, 1:34:25 PM"}
{"name":"Jelly","level":78,"killCount":-1,"type":"NPC","drops":[{"name":"Coins","id":995,"quantity":44,"price":1}],"date":"Oct 26, 2022, 1:34:34 PM"}
{"name":"Jelly","level":78,"killCount":-1,"type":"NPC","drops":[{"name":"Coins","id":995,"quantity":44,"price":1}],"date":"Oct 26, 2022, 1:34:52 PM"}
{"name":"Jelly","level":78,"killCount":-1,"type":"NPC","drops":[{"name":"Steel battleaxe","id":1365,"quantity":1,"price":191}],"date":"Oct 26, 2022, 1:35:09 PM"}
{"name":"Jelly","level":78,"killCount":-1,"type":"NPC","drops":[{"name":"Coins","id":995,"quantity":220,"price":1}],"date":"Oct 26, 2022, 1:35:23 PM"}
{"name":"Jelly","level":78,"killCount":-1,"type":"NPC","drops":[{"name":"Steel battleaxe","id":1365,"quantity":1,"price":191}],"date":"Oct 26, 2022, 1:36:17 PM"}
{"name":"Jelly","level":78,"killCount":-1,"type":"NPC","drops":[{"name":"Coins","id":995,"quantity":102,"price":1}],"date":"Oct 26, 2022, 1:36:44 PM"}
{"name":"Jelly","level":78,"killCount":-1,"type":"NPC","drops":[{"name":"Coins","id":995,"quantity":11,"price":1}],"date":"Oct 26, 2022, 1:37:04 PM"}
{"name":"Jelly","level":78,"killCount":-1,"type":"NPC","drops":[{"name":"Coins","id":995,"quantity":102,"price":1}],"date":"Oct 26, 2022, 1:37:25 PM"}
{"name":"Jelly","level":78,"killCount":-1,"type":"NPC","drops":[{"name":"Steel axe","id":1353,"quantity":1,"price":70}],"date":"Oct 26, 2022, 1:38:22 PM"}
{"name":"Jelly","level":78,"killCount":-1,"type":"NPC","drops":[{"name":"Coins","id":995,"quantity":102,"price":1}],"date":"Oct 26, 2022, 1:38:53 PM"}
{"name":"Jelly","level":78,"killCount":-1,"type":"NPC","drops":[{"name":"Coins","id":995,"quantity":44,"price":1}],"date":"Oct 26, 2022, 1:39:10 PM"}
{"name":"Jelly","level":78,"killCount":-1,"type":"NPC","drops":[{"name":"Clue scroll (hard)","id":3546,"quantity":1,"price":0},{"name":"Coins","id":995,"quantity":44,"price":1}],"date":"Oct 26, 2022, 1:40:19 PM"}
{"name":"Jelly","level":78,"killCount":-1,"type":"NPC","drops":[{"name":"Coins","id":995,"quantity":44,"price":1}],"date":"Oct 26, 2022, 1:53:34 PM"}
{"name":"Jelly","level":78,"killCount":-1,"type":"NPC","drops":[{"name":"Coins","id":995,"quantity":102,"price":1}],"date":"Oct 26, 2022, 1:53:45 PM"}
{"name":"Jelly","level":78,"killCount":-1,"type":"NPC","drops":[{"name":"Coins","id":995,"quantity":44,"price":1}],"date":"Oct 26, 2022, 1:54:21 PM"}
{"name":"Jelly","level":78,"killCount":-1,"type":"NPC","drops":[{"name":"Coins","id":995,"quantity":220,"price":1}],"date":"Oct 26, 2022, 1:54:30 PM"}
{"name":"Jelly","level":78,"killCount":-1,"type":"NPC","drops":[{"name":"Death rune","id":560,"quantity":5,"price":153}],"date":"Oct 26, 2022, 1:55:02 PM"}
{"name":"Jelly","level":78,"killCount":-1,"type":"NPC","drops":[{"name":"Death rune","id":560,"quantity":5,"price":153}],"date":"Oct 26, 2022, 1:55:20 PM"}
{"name":"Jelly","level":78,"killCount":-1,"type":"NPC","drops":[{"name":"Coins","id":995,"quantity":102,"price":1}],"date":"Oct 26, 2022, 1:55:29 PM"}
{"name":"Jelly","level":78,"killCount":-1,"type":"NPC","drops":[{"name":"Coins","id":995,"quantity":102,"price":1}],"date":"Oct 26, 2022, 1:55:39 PM"}
{"name":"Jelly","level":78,"killCount":-1,"type":"NPC","drops":[{"name":"Steel battleaxe","id":1365,"quantity":1,"price":191}],"date":"Oct 26, 2022, 1:56:02 PM"}
{"name":"Jelly","level":78,"killCount":-1,"type":"NPC","drops":[{"name":"Coins","id":995,"quantity":11,"price":1}],"date":"Oct 26, 2022, 1:56:14 PM"}
{"name":"Jelly","level":78,"killCount":-1,"type":"NPC","drops":[{"name":"Coins","id":995,"quantity":44,"price":1}],"date":"Oct 26, 2022, 1:56:21 PM"}
{"name":"Jelly","level":78,"killCount":-1,"type":"NPC","drops":[{"name":"Coins","id":995,"quantity":44,"price":1}],"date":"Oct 26, 2022, 1:56:30 PM"}
{"name":"Jelly","level":78,"killCount":-1,"type":"NPC","drops":[{"name":"Coins","id":995,"quantity":220,"price":1}],"date":"Oct 26, 2022, 1:56:38 PM"}
{"name":"Jelly","level":78,"killCount":-1,"type":"NPC","drops":[{"name":"Coins","id":995,"quantity":44,"price":1}],"date":"Oct 26, 2022, 1:56:45 PM"}
{"name":"Jelly","level":78,"killCount":-1,"type":"NPC","drops":[{"name":"Coins","id":995,"quantity":220,"price":1}],"date":"Oct 26, 2022, 1:56:54 PM"}
{"name":"Jelly","level":78,"killCount":-1,"type":"NPC","drops":[{"name":"Coins","id":995,"quantity":220,"price":1}],"date":"Oct 26, 2022, 1:57:16 PM"}
{"name":"Jelly","level":78,"killCount":-1,"type":"NPC","drops":[{"name":"Coins","id":995,"quantity":102,"price":1}],"date":"Oct 26, 2022, 1:57:24 PM"}
{"name":"Jelly","level":78,"killCount":-1,"type":"NPC","drops":[{"name":"Steel battleaxe","id":1365,"quantity":1,"price":191}],"date":"Oct 26, 2022, 1:57:33 PM"}
{"name":"Jelly","level":78,"killCount":-1,"type":"NPC","drops":[{"name":"Clue scroll (hard)","id":19864,"quantity":1,"price":0},{"name":"Coins","id":995,"quantity":11,"price":1}],"date":"Oct 26, 2022, 1:57:44 PM"}
{"name":"Jelly","level":78,"killCount":-1,"type":"NPC","drops":[{"name":"Gold bar","id":2357,"quantity":1,"price":93}],"date":"Oct 26, 2022, 1:57:54 PM"}
{"name":"Jelly","level":78,"killCount":-1,"type":"NPC","drops":[{"name":"Coins","id":995,"quantity":102,"price":1}],"date":"Oct 26, 2022, 2:02:14 PM"}
{"name":"Jelly","level":78,"killCount":-1,"type":"NPC","drops":[{"name":"Coins","id":995,"quantity":102,"price":1}],"date":"Oct 26, 2022, 2:02:25 PM"}
{"name":"Jelly","level":78,"killCount":-1,"type":"NPC","drops":[{"name":"Steel 2h sword","id":1311,"quantity":1,"price":343}],"date":"Oct 26, 2022, 2:02:33 PM"}
{"name":"Jelly","level":78,"killCount":-1,"type":"NPC","drops":[{"name":"Coins","id":995,"quantity":102,"price":1}],"date":"Oct 26, 2022, 2:02:48 PM"}
{"name":"Jelly","level":78,"killCount":-1,"type":"NPC","drops":[{"name":"Coins","id":995,"quantity":220,"price":1}],"date":"Oct 26, 2022, 2:02:57 PM"}
{"name":"Jelly","level":78,"killCount":-1,"type":"NPC","drops":[{"name":"Steel battleaxe","id":1365,"quantity":1,"price":191}],"date":"Oct 26, 2022, 2:03:04 PM"}
{"name":"Jelly","level":78,"killCount":-1,"type":"NPC","drops":[{"name":"Coins","id":995,"quantity":44,"price":1}],"date":"Oct 26, 2022, 2:03:14 PM"}
{"name":"Jelly","level":78,"killCount":-1,"type":"NPC","drops":[{"name":"Death rune","id":560,"quantity":5,"price":153}],"date":"Oct 26, 2022, 2:03:23 PM"}
{"name":"Jelly","level":78,"killCount":-1,"type":"NPC","drops":[{"name":"Coins","id":995,"quantity":460,"price":1}],"date":"Oct 26, 2022, 2:03:35 PM"}
{"name":"Jelly","level":78,"killCount":-1,"type":"NPC","drops":[{"name":"Steel 2h sword","id":1311,"quantity":1,"price":343}],"date":"Oct 26, 2022, 2:03:45 PM"}
{"name":"Jelly","level":78,"killCount":-1,"type":"NPC","drops":[{"name":"Coins","id":995,"quantity":44,"price":1}],"date":"Oct 26, 2022, 2:04:02 PM"}
{"name":"Jelly","level":78,"killCount":-1,"type":"NPC","drops":[{"name":"Coins","id":995,"quantity":460,"price":1}],"date":"Oct 26, 2022, 2:04:19 PM"}
{"name":"Jelly","level":78,"killCount":-1,"type":"NPC","drops":[{"name":"Coins","id":995,"quantity":44,"price":1}],"date":"Oct 26, 2022, 2:04:32 PM"}
{"name":"Jelly","level":78,"killCount":-1,"type":"NPC","drops":[{"name":"Steel battleaxe","id":1365,"quantity":1,"price":191}],"date":"Oct 26, 2022, 2:04:40 PM"}
{"name":"Jelly","level":78,"killCount":-1,"type":"NPC","drops":[{"name":"Coins","id":995,"quantity":102,"price":1}],"date":"Oct 26, 2022, 2:04:52 PM"}
{"name":"Jelly","level":78,"killCount":-1,"type":"NPC","drops":[{"name":"Coins","id":995,"quantity":102,"price":1}],"date":"Oct 26, 2022, 2:05:01 PM"}
{"name":"Jelly","level":78,"killCount":-1,"type":"NPC","drops":[{"name":"Coins","id":995,"quantity":44,"price":1}],"date":"Oct 26, 2022, 2:05:10 PM"}
{"name":"Jelly","level":78,"killCount":-1,"type":"NPC","drops":[{"name":"Steel 2h sword","id":1311,"quantity":1,"price":343}],"date":"Oct 26, 2022, 2:05:25 PM"}
{"name":"Jelly","level":78,"killCount":-1,"type":"NPC","drops":[{"name":"Coins","id":995,"quantity":220,"price":1}],"date":"Oct 26, 2022, 2:05:41 PM"}
{"name":"Jelly","level":78,"killCount":-1,"type":"NPC","drops":[{"name":"Coins","id":995,"quantity":44,"price":1}],"date":"Oct 26, 2022, 2:05:49 PM"}
{"name":"Jelly","level":78,"killCount":-1,"type":"NPC","drops":[{"name":"Coins","id":995,"quantity":44,"price":1}],"date":"Oct 26, 2022, 2:06:01 PM"}
{"name":"Jelly","level":78,"killCount":-1,"type":"NPC","drops":[{"name":"Coins","id":995,"quantity":44,"price":1}],"date":"Oct 26, 2022, 2:06:08 PM"}
{"name":"Jelly","level":78,"killCount":-1,"type":"NPC","drops":[{"name":"Coins","id":995,"quantity":102,"price":1}],"date":"Oct 26, 2022, 2:06:13 PM"}
{"name":"Jelly","level":78,"killCount":-1,"type":"NPC","drops":[{"name":"Coins","id":995,"quantity":220,"price":1}],"date":"Oct 26, 2022, 2:06:27 PM"}
{"name":"Jelly","level":78,"killCount":-1,"type":"NPC","drops":[{"name":"Coins","id":995,"quantity":44,"price":1}],"date":"Oct 26, 2022, 2:06:41 PM"}
{"name":"Jelly","level":78,"killCount":-1,"type":"NPC","drops":[{"name":"Steel 2h sword","id":1311,"quantity":1,"price":343}],"date":"Oct 26, 2022, 2:06:53 PM"}
{"name":"Jelly","level":78,"killCount":-1,"type":"NPC","drops":[{"name":"Coins","id":995,"quantity":11,"price":1}],"date":"Oct 26, 2022, 2:07:05 PM"}
{"name":"Jelly","level":78,"killCount":-1,"type":"NPC","drops":[{"name":"Coins","id":995,"quantity":460,"price":1}],"date":"Oct 26, 2022, 2:07:16 PM"}
{"name":"Jelly","level":78,"killCount":-1,"type":"NPC","drops":[{"name":"Coins","id":995,"quantity":44,"price":1}],"date":"Oct 26, 2022, 2:07:30 PM"}
{"name":"Jelly","level":78,"killCount":-1,"type":"NPC","drops":[{"name":"Coins","id":995,"quantity":44,"price":1}],"date":"Oct 26, 2022, 2:07:42 PM"}
{"name":"Jelly","level":78,"killCount":-1,"type":"NPC","drops":[{"name":"Thread","id":1734,"quantity":10,"price":6}],"date":"Oct 26, 2022, 2:07:54 PM"}
{"name":"Jelly","level":78,"killCount":-1,"type":"NPC","drops":[{"name":"Steel axe","id":1353,"quantity":1,"price":70}],"date":"Oct 26, 2022, 2:08:01 PM"}
{"name":"Jelly","level":78,"killCount":-1,"type":"NPC","drops":[{"name":"Coins","id":995,"quantity":102,"price":1}],"date":"Oct 26, 2022, 2:08:21 PM"}
{"name":"Jelly","level":78,"killCount":-1,"type":"NPC","drops":[{"name":"Coins","id":995,"quantity":102,"price":1}],"date":"Oct 26, 2022, 2:08:38 PM"}
{"name":"Jelly","level":78,"killCount":-1,"type":"NPC","drops":[{"name":"Coins","id":995,"quantity":102,"price":1}],"date":"Oct 26, 2022, 2:08:47 PM"}
{"name":"Jelly","level":78,"killCount":-1,"type":"NPC","drops":[{"name":"Coins","id":995,"quantity":44,"price":1}],"date":"Oct 26, 2022, 2:08:59 PM"}
{"name":"Jelly","level":78,"killCount":-1,"type":"NPC","drops":[{"name":"Chaos rune","id":562,"quantity":15,"price":80}],"date":"Oct 26, 2022, 2:09:09 PM"}
{"name":"Jelly","level":78,"killCount":-1,"type":"NPC","drops":[{"name":"Coins","id":995,"quantity":102,"price":1}],"date":"Oct 26, 2022, 2:09:20 PM"}
{"name":"Jelly","level":78,"killCount":-1,"type":"NPC","drops":[{"name":"Rune full helm","id":1163,"quantity":1,"price":20614}],"date":"Oct 26, 2022, 2:09:29 PM"}
{"name":"Jelly","level":78,"killCount":-1,"type":"NPC","drops":[{"name":"Coins","id":995,"quantity":220,"price":1}],"date":"Oct 26, 2022, 2:09:35 PM"}
{"name":"Jelly","level":78,"killCount":-1,"type":"NPC","drops":[{"name":"Coins","id":995,"quantity":102,"price":1}],"date":"Oct 26, 2022, 2:09:51 PM"}
{"name":"Jelly","level":78,"killCount":-1,"type":"NPC","drops":[{"name":"Coins","id":995,"quantity":44,"price":1}],"date":"Oct 26, 2022, 2:10:03 PM"}
{"name":"Jelly","level":78,"killCount":-1,"type":"NPC","drops":[{"name":"Steel battleaxe","id":1365,"quantity":1,"price":191}],"date":"Oct 26, 2022, 2:10:11 PM"}
{"name":"Jelly","level":78,"killCount":-1,"type":"NPC","drops":[{"name":"Coins","id":995,"quantity":102,"price":1}],"date":"Oct 26, 2022, 2:10:26 PM"}
{"name":"Jelly","level":78,"killCount":-1,"type":"NPC","drops":[{"name":"Steel battleaxe","id":1365,"quantity":1,"price":191}],"date":"Oct 26, 2022, 2:10:35 PM"}
{"name":"Jelly","level":78,"killCount":-1,"type":"NPC","drops":[{"name":"Coins","id":995,"quantity":102,"price":1}],"date":"Oct 26, 2022, 2:10:45 PM"}
{"name":"Jelly","level":78,"killCount":-1,"type":"NPC","drops":[{"name":"Coins","id":995,"quantity":102,"price":1}],"date":"Oct 26, 2022, 2:10:57 PM"}
{"name":"Jelly","level":78,"killCount":-1,"type":"NPC","drops":[{"name":"Coins","id":995,"quantity":220,"price":1}],"date":"Oct 26, 2022, 2:11:04 PM"}
{"name":"Jelly","level":78,"killCount":-1,"type":"NPC","drops":[{"name":"Steel battleaxe","id":1365,"quantity":1,"price":191}],"date":"Oct 26, 2022, 2:11:12 PM"}
{"name":"Jelly","level":78,"killCount":-1,"type":"NPC","drops":[{"name":"Coins","id":995,"quantity":220,"price":1}],"date":"Oct 26, 2022, 2:11:24 PM"}
{"name":"Jelly","level":78,"killCount":-1,"type":"NPC","drops":[{"name":"Steel 2h sword","id":1311,"quantity":1,"price":343}],"date":"Oct 26, 2022, 2:11:37 PM"}
{"name":"Jelly","level":78,"killCount":-1,"type":"NPC","drops":[{"name":"Mithril kiteshield","id":1197,"quantity":1,"price":1047}],"date":"Oct 26, 2022, 2:11:52 PM"}
{"name":"Jelly","level":78,"killCount":-1,"type":"NPC","drops":[{"name":"Mithril boots","id":4127,"quantity":1,"price":666}],"date":"Oct 26, 2022, 2:11:59 PM"}
{"name":"Jelly","level":78,"killCount":-1,"type":"NPC","drops":[{"name":"Death rune","id":560,"quantity":5,"price":153}],"date":"Oct 26, 2022, 2:12:10 PM"}
{"name":"Jelly","level":78,"killCount":-1,"type":"NPC","drops":[{"name":"Coins","id":995,"quantity":102,"price":1}],"date":"Oct 26, 2022, 2:12:25 PM"}
{"name":"Jelly","level":78,"killCount":-1,"type":"NPC","drops":[{"name":"Coins","id":995,"quantity":11,"price":1}],"date":"Oct 26, 2022, 2:12:32 PM"}
{"name":"Jelly","level":78,"killCount":-1,"type":"NPC","drops":[{"name":"Coins","id":995,"quantity":44,"price":1}],"date":"Oct 26, 2022, 2:12:44 PM"}
{"name":"Jelly","level":78,"killCount":-1,"type":"NPC","drops":[{"name":"Coins","id":995,"quantity":44,"price":1}],"date":"Oct 26, 2022, 2:12:56 PM"}
{"name":"Jelly","level":78,"killCount":-1,"type":"NPC","drops":[{"name":"Coins","id":995,"quantity":44,"price":1}],"date":"Oct 26, 2022, 2:13:11 PM"}
{"name":"Jelly","level":78,"killCount":-1,"type":"NPC","drops":[{"name":"Steel battleaxe","id":1365,"quantity":1,"price":191}],"date":"Oct 26, 2022, 2:13:21 PM"}
{"name":"Jelly","level":78,"killCount":-1,"type":"NPC","drops":[{"name":"Steel 2h sword","id":1311,"quantity":1,"price":343}],"date":"Oct 26, 2022, 2:13:33 PM"}
{"name":"Jelly","level":78,"killCount":-1,"type":"NPC","drops":[{"name":"Steel battleaxe","id":1365,"quantity":1,"price":191}],"date":"Oct 26, 2022, 2:13:41 PM"}
{"name":"Jelly","level":78,"killCount":-1,"type":"NPC","drops":[{"name":"Thread","id":1734,"quantity":10,"price":6}],"date":"Oct 26, 2022, 2:13:48 PM"}
{"name":"Jelly","level":78,"killCount":-1,"type":"NPC","drops":[{"name":"Coins","id":995,"quantity":44,"price":1}],"date":"Oct 26, 2022, 2:13:55 PM"}
{"name":"Jelly","level":78,"killCount":-1,"type":"NPC","drops":[{"name":"Coins","id":995,"quantity":220,"price":1}],"date":"Oct 26, 2022, 2:14:14 PM"}
{"name":"Jelly","level":78,"killCount":-1,"type":"NPC","drops":[{"name":"Coins","id":995,"quantity":44,"price":1}],"date":"Oct 26, 2022, 2:14:34 PM"}
{"name":"Jelly","level":78,"killCount":-1,"type":"NPC","drops":[{"name":"Steel 2h sword","id":1311,"quantity":1,"price":343}],"date":"Oct 26, 2022, 2:14:46 PM"}
{"name":"Jelly","level":78,"killCount":-1,"type":"NPC","drops":[{"name":"Coins","id":995,"quantity":44,"price":1}],"date":"Oct 26, 2022, 2:15:05 PM"}
{"name":"Jelly","level":78,"killCount":-1,"type":"NPC","drops":[{"name":"Gold bar","id":2357,"quantity":1,"price":93}],"date":"Oct 26, 2022, 2:15:22 PM"}
{"name":"Jelly","level":78,"killCount":-1,"type":"NPC","drops":[{"name":"Coins","id":995,"quantity":220,"price":1}],"date":"Oct 26, 2022, 2:15:34 PM"}
{"name":"Jelly","level":78,"killCount":-1,"type":"NPC","drops":[{"name":"Coins","id":995,"quantity":11,"price":1}],"date":"Oct 26, 2022, 2:15:43 PM"}
{"name":"Jelly","level":78,"killCount":-1,"type":"NPC","drops":[{"name":"Chaos rune","id":562,"quantity":15,"price":80}],"date":"Oct 26, 2022, 2:15:55 PM"}
{"name":"Jelly","level":78,"killCount":-1,"type":"NPC","drops":[{"name":"Coins","id":995,"quantity":44,"price":1}],"date":"Oct 26, 2022, 2:16:05 PM"}
