{"name":"K\u0027ril Tsutsaroth","level":650,"killCount":6,"type":"NPC","drops":[{"name":"Infernal ashes","id":25778,"quantity":1,"price":3800},{"name":"Frozen key piece (zamorak)","id":26362,"quantity":1,"price":0},{"name":"Adamant arrow(p++)","id":5626,"quantity":295,"price":23}],"date":"Aug 3, 2022, 11:07:09 PM"}
{"name":"K\u0027ril Tsutsaroth","level":650,"killCount":7,"type":"NPC","drops":[{"name":"Infernal ashes","id":25778,"quantity":1,"price":3701},{"name":"Coins","id":995,"quantity":19800,"price":1}],"date":"Aug 4, 2022, 8:58:31 AM"}
{"name":"K\u0027ril Tsutsaroth","level":650,"killCount":8,"type":"NPC","drops":[{"name":"Infernal ashes","id":25778,"quantity":1,"price":3700},{"name":"Adamant platebody","id":1123,"quantity":1,"price":9532}],"date":"Aug 4, 2022, 9:12:03 AM"}
{"name":"K\u0027ril Tsutsaroth","level":650,"killCount":9,"type":"NPC","drops":[{"name":"Infernal ashes","id":25778,"quantity":1,"price":3700},{"name":"Adamant arrow(p++)","id":5626,"quantity":295,"price":23}],"date":"Aug 4, 2022, 9:14:35 AM"}
{"name":"K\u0027ril Tsutsaroth","level":650,"killCount":10,"type":"NPC","drops":[{"name":"Infernal ashes","id":25778,"quantity":1,"price":3700},{"name":"Coins","id":995,"quantity":19838,"price":1}],"date":"Aug 4, 2022, 9:17:01 AM"}
{"name":"K\u0027ril Tsutsaroth","level":650,"killCount":11,"type":"NPC","drops":[{"name":"Infernal ashes","id":25778,"quantity":1,"price":3700},{"name":"Lantadyme seed","id":5302,"quantity":3,"price":523}],"date":"Aug 4, 2022, 9:20:09 AM"}
{"name":"K\u0027ril Tsutsaroth","level":650,"killCount":12,"type":"NPC","drops":[{"name":"Infernal ashes","id":25778,"quantity":1,"price":3700},{"name":"Adamant platebody","id":1123,"quantity":1,"price":9532}],"date":"Aug 4, 2022, 9:33:49 AM"}
{"name":"K\u0027ril Tsutsaroth","level":650,"killCount":13,"type":"NPC","drops":[{"name":"Infernal ashes","id":25778,"quantity":1,"price":3719},{"name":"Rune platelegs","id":1079,"quantity":1,"price":37812}],"date":"Aug 5, 2022, 2:05:38 PM"}
{"name":"K\u0027ril Tsutsaroth","level":650,"killCount":14,"type":"NPC","drops":[{"name":"Infernal ashes","id":25778,"quantity":1,"price":3719},{"name":"Adamant arrow(p++)","id":5626,"quantity":296,"price":20}],"date":"Aug 5, 2022, 2:08:16 PM"}
{"name":"K\u0027ril Tsutsaroth","level":650,"killCount":15,"type":"NPC","drops":[{"name":"Infernal ashes","id":25778,"quantity":1,"price":3719},{"name":"Coins","id":995,"quantity":19568,"price":1}],"date":"Aug 5, 2022, 2:10:57 PM"}
{"name":"K\u0027ril Tsutsaroth","level":650,"killCount":16,"type":"NPC","drops":[{"name":"Infernal ashes","id":25778,"quantity":1,"price":3719},{"name":"Coins","id":995,"quantity":19560,"price":1}],"date":"Aug 5, 2022, 2:13:54 PM"}
{"name":"K\u0027ril Tsutsaroth","level":650,"killCount":17,"type":"NPC","drops":[{"name":"Infernal ashes","id":25778,"quantity":1,"price":3719},{"name":"Coins","id":995,"quantity":19930,"price":1}],"date":"Aug 5, 2022, 2:26:26 PM"}
{"name":"K\u0027ril Tsutsaroth","level":650,"killCount":18,"type":"NPC","drops":[{"name":"Infernal ashes","id":25778,"quantity":1,"price":3719},{"name":"Super restore(3)","id":3026,"quantity":1,"price":12091},{"name":"Super restore(3)","id":3026,"quantity":1,"price":12091},{"name":"Super restore(3)","id":3026,"quantity":1,"price":12091},{"name":"Zamorak brew(3)","id":189,"quantity":1,"price":3660},{"name":"Zamorak brew(3)","id":189,"quantity":1,"price":3660},{"name":"Zamorak brew(3)","id":189,"quantity":1,"price":3660}],"date":"Aug 5, 2022, 2:29:11 PM"}
{"name":"K\u0027ril Tsutsaroth","level":650,"killCount":19,"type":"NPC","drops":[{"name":"Infernal ashes","id":25778,"quantity":1,"price":3719},{"name":"Rune scimitar","id":1333,"quantity":1,"price":15102}],"date":"Aug 5, 2022, 2:31:51 PM"}
{"name":"K\u0027ril Tsutsaroth","level":650,"killCount":20,"type":"NPC","drops":[{"name":"Infernal ashes","id":25778,"quantity":1,"price":3719},{"name":"Super restore(3)","id":3026,"quantity":1,"price":12119},{"name":"Super restore(3)","id":3026,"quantity":1,"price":12119},{"name":"Super restore(3)","id":3026,"quantity":1,"price":12119},{"name":"Zamorak brew(3)","id":189,"quantity":1,"price":3660},{"name":"Zamorak brew(3)","id":189,"quantity":1,"price":3660},{"name":"Zamorak brew(3)","id":189,"quantity":1,"price":3660}],"date":"Aug 5, 2022, 2:43:21 PM"}
{"name":"K\u0027ril Tsutsaroth","level":650,"killCount":21,"type":"NPC","drops":[{"name":"Infernal ashes","id":25778,"quantity":1,"price":3719},{"name":"Coins","id":995,"quantity":19770,"price":1}],"date":"Aug 5, 2022, 2:45:40 PM"}
{"name":"K\u0027ril Tsutsaroth","level":650,"killCount":22,"type":"NPC","drops":[{"name":"Infernal ashes","id":25778,"quantity":1,"price":3719},{"name":"Coins","id":995,"quantity":19539,"price":1}],"date":"Aug 5, 2022, 2:59:47 PM"}
{"name":"K\u0027ril Tsutsaroth","level":650,"killCount":23,"type":"NPC","drops":[{"name":"Infernal ashes","id":25778,"quantity":1,"price":3719},{"name":"Coins","id":995,"quantity":19832,"price":1}],"date":"Aug 5, 2022, 3:02:02 PM"}
{"name":"K\u0027ril Tsutsaroth","level":650,"killCount":24,"type":"NPC","drops":[{"name":"Infernal ashes","id":25778,"quantity":1,"price":3719},{"name":"Super strength(3)","id":157,"quantity":1,"price":1404},{"name":"Super strength(3)","id":157,"quantity":1,"price":1404},{"name":"Super strength(3)","id":157,"quantity":1,"price":1404},{"name":"Super attack(3)","id":145,"quantity":1,"price":148},{"name":"Super attack(3)","id":145,"quantity":1,"price":148},{"name":"Super attack(3)","id":145,"quantity":1,"price":148}],"date":"Aug 5, 2022, 3:05:07 PM"}
{"name":"K\u0027ril Tsutsaroth","level":650,"killCount":25,"type":"NPC","drops":[{"name":"Infernal ashes","id":25778,"quantity":1,"price":3719},{"name":"Rune platelegs","id":1079,"quantity":1,"price":37825}],"date":"Aug 5, 2022, 3:21:04 PM"}
{"name":"K\u0027ril Tsutsaroth","level":650,"killCount":26,"type":"NPC","drops":[{"name":"Infernal ashes","id":25778,"quantity":1,"price":3719},{"name":"Coins","id":995,"quantity":19707,"price":1}],"date":"Aug 5, 2022, 3:23:30 PM"}
{"name":"K\u0027ril Tsutsaroth","level":650,"killCount":27,"type":"NPC","drops":[{"name":"Infernal ashes","id":25778,"quantity":1,"price":3852},{"name":"Coins","id":995,"quantity":19747,"price":1}],"date":"Aug 5, 2022, 3:52:58 PM"}
{"name":"K\u0027ril Tsutsaroth","level":650,"killCount":28,"type":"NPC","drops":[{"name":"Infernal ashes","id":25778,"quantity":1,"price":3852},{"name":"Death rune","id":560,"quantity":124,"price":182}],"date":"Aug 5, 2022, 4:03:59 PM"}
{"name":"K\u0027ril Tsutsaroth","level":650,"killCount":29,"type":"NPC","drops":[{"name":"Infernal ashes","id":25778,"quantity":1,"price":3852},{"name":"Dragon dagger(p++)","id":5698,"quantity":1,"price":17197}],"date":"Aug 5, 2022, 4:06:21 PM"}
{"name":"K\u0027ril Tsutsaroth","level":650,"killCount":30,"type":"NPC","drops":[{"name":"Infernal ashes","id":25778,"quantity":1,"price":3852},{"name":"Rune scimitar","id":1333,"quantity":1,"price":15066}],"date":"Aug 5, 2022, 4:08:46 PM"}
{"name":"K\u0027ril Tsutsaroth","level":650,"killCount":31,"type":"NPC","drops":[{"name":"Infernal ashes","id":25778,"quantity":1,"price":3852},{"name":"Blood rune","id":565,"quantity":83,"price":362}],"date":"Aug 5, 2022, 4:11:17 PM"}
{"name":"K\u0027ril Tsutsaroth","level":650,"killCount":32,"type":"NPC","drops":[{"name":"Infernal ashes","id":25778,"quantity":1,"price":3852},{"name":"Rune scimitar","id":1333,"quantity":1,"price":15066}],"date":"Aug 5, 2022, 4:14:28 PM"}
{"name":"K\u0027ril Tsutsaroth","level":650,"killCount":33,"type":"NPC","drops":[{"name":"Infernal ashes","id":25778,"quantity":1,"price":3852},{"name":"Adamant arrow(p++)","id":5626,"quantity":295,"price":23}],"date":"Aug 5, 2022, 4:16:56 PM"}
{"name":"K\u0027ril Tsutsaroth","level":650,"killCount":34,"type":"NPC","drops":[{"name":"Infernal ashes","id":25778,"quantity":1,"price":3852},{"name":"Death rune","id":560,"quantity":124,"price":182}],"date":"Aug 5, 2022, 4:30:03 PM"}
{"name":"K\u0027ril Tsutsaroth","level":650,"killCount":35,"type":"NPC","drops":[{"name":"Infernal ashes","id":25778,"quantity":1,"price":3852},{"name":"Super restore(3)","id":3026,"quantity":1,"price":12156},{"name":"Super restore(3)","id":3026,"quantity":1,"price":12156},{"name":"Super restore(3)","id":3026,"quantity":1,"price":12156},{"name":"Zamorak brew(3)","id":189,"quantity":1,"price":3657},{"name":"Zamorak brew(3)","id":189,"quantity":1,"price":3657},{"name":"Zamorak brew(3)","id":189,"quantity":1,"price":3657}],"date":"Aug 5, 2022, 4:32:25 PM"}
{"name":"K\u0027ril Tsutsaroth","level":650,"killCount":36,"type":"NPC","drops":[{"name":"Infernal ashes","id":25778,"quantity":1,"price":3852},{"name":"Lantadyme seed","id":5302,"quantity":3,"price":672}],"date":"Aug 5, 2022, 4:34:36 PM"}
{"name":"K\u0027ril Tsutsaroth","level":650,"killCount":37,"type":"NPC","drops":[{"name":"Infernal ashes","id":25778,"quantity":1,"price":3852},{"name":"Dragon dagger(p++)","id":5698,"quantity":1,"price":17291}],"date":"Aug 5, 2022, 4:37:16 PM"}
{"name":"K\u0027ril Tsutsaroth","level":650,"killCount":38,"type":"NPC","drops":[{"name":"Infernal ashes","id":25778,"quantity":1,"price":3852},{"name":"Blood rune","id":565,"quantity":85,"price":358}],"date":"Aug 5, 2022, 4:49:46 PM"}
{"name":"K\u0027ril Tsutsaroth","level":650,"killCount":39,"type":"NPC","drops":[{"name":"Infernal ashes","id":25778,"quantity":1,"price":3852},{"name":"Adamant platebody","id":1123,"quantity":1,"price":9378}],"date":"Aug 5, 2022, 4:52:17 PM"}
{"name":"K\u0027ril Tsutsaroth","level":650,"killCount":40,"type":"NPC","drops":[{"name":"Infernal ashes","id":25778,"quantity":1,"price":3852},{"name":"Coins","id":995,"quantity":19817,"price":1}],"date":"Aug 5, 2022, 4:55:28 PM"}
{"name":"K\u0027ril Tsutsaroth","level":650,"killCount":41,"type":"NPC","drops":[{"name":"Infernal ashes","id":25778,"quantity":1,"price":3852},{"name":"Rune platelegs","id":1079,"quantity":1,"price":37962}],"date":"Aug 5, 2022, 4:58:16 PM"}
{"name":"K\u0027ril Tsutsaroth","level":650,"killCount":42,"type":"NPC","drops":[{"name":"Infernal ashes","id":25778,"quantity":1,"price":3852},{"name":"Coins","id":995,"quantity":19787,"price":1}],"date":"Aug 5, 2022, 5:00:57 PM"}
{"name":"K\u0027ril Tsutsaroth","level":650,"killCount":43,"type":"NPC","drops":[{"name":"Infernal ashes","id":25778,"quantity":1,"price":3719},{"name":"Blood rune","id":565,"quantity":82,"price":361}],"date":"Aug 5, 2022, 5:10:38 PM"}
{"name":"K\u0027ril Tsutsaroth","level":650,"killCount":44,"type":"NPC","drops":[{"name":"Infernal ashes","id":25778,"quantity":1,"price":3719},{"name":"Coins","id":995,"quantity":19980,"price":1}],"date":"Aug 5, 2022, 5:13:21 PM"}
{"name":"K\u0027ril Tsutsaroth","level":650,"killCount":45,"type":"NPC","drops":[{"name":"Infernal ashes","id":25778,"quantity":1,"price":3719},{"name":"Super strength(3)","id":157,"quantity":1,"price":1384},{"name":"Super strength(3)","id":157,"quantity":1,"price":1384},{"name":"Super strength(3)","id":157,"quantity":1,"price":1384},{"name":"Super attack(3)","id":145,"quantity":1,"price":145},{"name":"Super attack(3)","id":145,"quantity":1,"price":145},{"name":"Super attack(3)","id":145,"quantity":1,"price":145}],"date":"Aug 5, 2022, 5:26:08 PM"}
{"name":"K\u0027ril Tsutsaroth","level":650,"killCount":46,"type":"NPC","drops":[{"name":"Infernal ashes","id":25778,"quantity":1,"price":3719},{"name":"Coins","id":995,"quantity":19545,"price":1}],"date":"Aug 5, 2022, 5:29:29 PM"}
{"name":"K\u0027ril Tsutsaroth","level":650,"killCount":47,"type":"NPC","drops":[{"name":"Infernal ashes","id":25778,"quantity":1,"price":3719},{"name":"Rune platelegs","id":1079,"quantity":1,"price":37914}],"date":"Aug 5, 2022, 5:52:55 PM"}
{"name":"K\u0027ril Tsutsaroth","level":650,"killCount":48,"type":"NPC","drops":[{"name":"Infernal ashes","id":25778,"quantity":1,"price":3719},{"name":"Super restore(3)","id":3026,"quantity":1,"price":12039},{"name":"Super restore(3)","id":3026,"quantity":1,"price":12039},{"name":"Super restore(3)","id":3026,"quantity":1,"price":12039},{"name":"Zamorak brew(3)","id":189,"quantity":1,"price":3437},{"name":"Zamorak brew(3)","id":189,"quantity":1,"price":3437},{"name":"Zamorak brew(3)","id":189,"quantity":1,"price":3437}],"date":"Aug 5, 2022, 5:56:12 PM"}
{"name":"K\u0027ril Tsutsaroth","level":650,"killCount":49,"type":"NPC","drops":[{"name":"Infernal ashes","id":25778,"quantity":1,"price":3719},{"name":"Tooth half of key","id":985,"quantity":1,"price":10575}],"date":"Aug 5, 2022, 5:58:54 PM"}
{"name":"K\u0027ril Tsutsaroth","level":650,"killCount":50,"type":"NPC","drops":[{"name":"Infernal ashes","id":25778,"quantity":1,"price":3719},{"name":"Super restore(3)","id":3026,"quantity":1,"price":12119},{"name":"Super restore(3)","id":3026,"quantity":1,"price":12119},{"name":"Super restore(3)","id":3026,"quantity":1,"price":12119},{"name":"Zamorak brew(3)","id":189,"quantity":1,"price":3437},{"name":"Zamorak brew(3)","id":189,"quantity":1,"price":3437},{"name":"Zamorak brew(3)","id":189,"quantity":1,"price":3437}],"date":"Aug 5, 2022, 6:12:39 PM"}
{"name":"K\u0027ril Tsutsaroth","level":650,"killCount":51,"type":"NPC","drops":[{"name":"Infernal ashes","id":25778,"quantity":1,"price":3719},{"name":"Grimy lantadyme","id":2486,"quantity":10,"price":1387}],"date":"Aug 5, 2022, 6:23:39 PM"}
{"name":"K\u0027ril Tsutsaroth","level":650,"killCount":52,"type":"NPC","drops":[{"name":"Infernal ashes","id":25778,"quantity":1,"price":3719},{"name":"Blood rune","id":565,"quantity":80,"price":360}],"date":"Aug 5, 2022, 6:26:02 PM"}
{"name":"K\u0027ril Tsutsaroth","level":650,"killCount":53,"type":"NPC","drops":[{"name":"Infernal ashes","id":25778,"quantity":1,"price":3719},{"name":"Rune platelegs","id":1079,"quantity":1,"price":37825}],"date":"Aug 5, 2022, 6:28:42 PM"}
{"name":"K\u0027ril Tsutsaroth","level":650,"killCount":54,"type":"NPC","drops":[{"name":"Infernal ashes","id":25778,"quantity":1,"price":3719},{"name":"Coins","id":995,"quantity":19802,"price":1}],"date":"Aug 5, 2022, 6:38:01 PM"}
{"name":"K\u0027ril Tsutsaroth","level":650,"killCount":55,"type":"NPC","drops":[{"name":"Infernal ashes","id":25778,"quantity":1,"price":3719},{"name":"Grimy lantadyme","id":2486,"quantity":10,"price":1383}],"date":"Aug 5, 2022, 6:40:08 PM"}
{"name":"K\u0027ril Tsutsaroth","level":650,"killCount":56,"type":"NPC","drops":[{"name":"Infernal ashes","id":25778,"quantity":1,"price":3719},{"name":"Coins","id":995,"quantity":19626,"price":1}],"date":"Aug 5, 2022, 6:43:17 PM"}
{"name":"K\u0027ril Tsutsaroth","level":650,"killCount":57,"type":"NPC","drops":[{"name":"Infernal ashes","id":25778,"quantity":1,"price":3719},{"name":"Death rune","id":560,"quantity":120,"price":182}],"date":"Aug 5, 2022, 6:55:22 PM"}
{"name":"K\u0027ril Tsutsaroth","level":650,"killCount":58,"type":"NPC","drops":[{"name":"Infernal ashes","id":25778,"quantity":1,"price":3719},{"name":"Coins","id":995,"quantity":19852,"price":1}],"date":"Aug 5, 2022, 6:57:45 PM"}
{"name":"K\u0027ril Tsutsaroth","level":650,"killCount":59,"type":"NPC","drops":[{"name":"Infernal ashes","id":25778,"quantity":1,"price":3719},{"name":"Super strength(3)","id":157,"quantity":1,"price":1391},{"name":"Super strength(3)","id":157,"quantity":1,"price":1391},{"name":"Super strength(3)","id":157,"quantity":1,"price":1391},{"name":"Super attack(3)","id":145,"quantity":1,"price":145},{"name":"Super attack(3)","id":145,"quantity":1,"price":145},{"name":"Super attack(3)","id":145,"quantity":1,"price":145}],"date":"Aug 5, 2022, 7:00:27 PM"}
{"name":"K\u0027ril Tsutsaroth","level":650,"killCount":60,"type":"NPC","drops":[{"name":"Infernal ashes","id":25778,"quantity":1,"price":3719},{"name":"Lantadyme seed","id":5302,"quantity":3,"price":844}],"date":"Aug 5, 2022, 7:03:04 PM"}
{"name":"K\u0027ril Tsutsaroth","level":650,"killCount":61,"type":"NPC","drops":[{"name":"Infernal ashes","id":25778,"quantity":1,"price":3670},{"name":"Rune scimitar","id":1333,"quantity":1,"price":15226}],"date":"Aug 5, 2022, 7:12:52 PM"}
{"name":"K\u0027ril Tsutsaroth","level":650,"killCount":62,"type":"NPC","drops":[{"name":"Infernal ashes","id":25778,"quantity":1,"price":3670},{"name":"Coins","id":995,"quantity":19834,"price":1}],"date":"Aug 5, 2022, 7:15:10 PM"}
{"name":"K\u0027ril Tsutsaroth","level":650,"killCount":63,"type":"NPC","drops":[{"name":"Infernal ashes","id":25778,"quantity":1,"price":3670},{"name":"Super restore(3)","id":3026,"quantity":1,"price":11901},{"name":"Super restore(3)","id":3026,"quantity":1,"price":11901},{"name":"Super restore(3)","id":3026,"quantity":1,"price":11901},{"name":"Zamorak brew(3)","id":189,"quantity":1,"price":3500},{"name":"Zamorak brew(3)","id":189,"quantity":1,"price":3500},{"name":"Zamorak brew(3)","id":189,"quantity":1,"price":3500}],"date":"Aug 5, 2022, 7:17:45 PM"}
{"name":"K\u0027ril Tsutsaroth","level":650,"killCount":64,"type":"NPC","drops":[{"name":"Infernal ashes","id":25778,"quantity":1,"price":3670},{"name":"Coins","id":995,"quantity":19757,"price":1}],"date":"Aug 5, 2022, 7:29:25 PM"}
{"name":"K\u0027ril Tsutsaroth","level":650,"killCount":65,"type":"NPC","drops":[{"name":"Infernal ashes","id":25778,"quantity":1,"price":3670},{"name":"Grimy lantadyme","id":2486,"quantity":10,"price":1387}],"date":"Aug 5, 2022, 7:31:47 PM"}
{"name":"K\u0027ril Tsutsaroth","level":650,"killCount":66,"type":"NPC","drops":[{"name":"Infernal ashes","id":25778,"quantity":1,"price":3670},{"name":"Grimy lantadyme","id":2486,"quantity":10,"price":1387}],"date":"Aug 5, 2022, 7:34:17 PM"}
{"name":"K\u0027ril Tsutsaroth","level":650,"killCount":67,"type":"NPC","drops":[{"name":"Infernal ashes","id":25778,"quantity":1,"price":3670},{"name":"Grimy lantadyme","id":2486,"quantity":10,"price":1387}],"date":"Aug 5, 2022, 7:37:01 PM"}
{"name":"K\u0027ril Tsutsaroth","level":650,"killCount":68,"type":"NPC","drops":[{"name":"Infernal ashes","id":25778,"quantity":1,"price":3670},{"name":"Coins","id":995,"quantity":19713,"price":1}],"date":"Aug 5, 2022, 7:52:13 PM"}
{"name":"K\u0027ril Tsutsaroth","level":650,"killCount":69,"type":"NPC","drops":[{"name":"Infernal ashes","id":25778,"quantity":1,"price":3670},{"name":"Death rune","id":560,"quantity":121,"price":181}],"date":"Aug 5, 2022, 7:54:57 PM"}
{"name":"K\u0027ril Tsutsaroth","level":650,"killCount":70,"type":"NPC","drops":[{"name":"Infernal ashes","id":25778,"quantity":1,"price":3670},{"name":"Coins","id":995,"quantity":19627,"price":1}],"date":"Aug 5, 2022, 8:03:51 PM"}
{"name":"K\u0027ril Tsutsaroth","level":650,"killCount":71,"type":"NPC","drops":[{"name":"Infernal ashes","id":25778,"quantity":1,"price":3670},{"name":"Coins","id":995,"quantity":19991,"price":1}],"date":"Aug 5, 2022, 8:07:05 PM"}
{"name":"K\u0027ril Tsutsaroth","level":650,"killCount":72,"type":"NPC","drops":[{"name":"Infernal ashes","id":25778,"quantity":1,"price":3670},{"name":"Blood rune","id":565,"quantity":80,"price":358}],"date":"Aug 5, 2022, 8:17:10 PM"}
{"name":"K\u0027ril Tsutsaroth","level":650,"killCount":73,"type":"NPC","drops":[{"name":"Infernal ashes","id":25778,"quantity":1,"price":3670},{"name":"Rune scimitar","id":1333,"quantity":1,"price":15000}],"date":"Aug 5, 2022, 8:19:50 PM"}
{"name":"K\u0027ril Tsutsaroth","level":650,"killCount":74,"type":"NPC","drops":[{"name":"Infernal ashes","id":25778,"quantity":1,"price":3670},{"name":"Coins","id":995,"quantity":19982,"price":1}],"date":"Aug 5, 2022, 8:22:58 PM"}
{"name":"K\u0027ril Tsutsaroth","level":650,"killCount":75,"type":"NPC","drops":[{"name":"Infernal ashes","id":25778,"quantity":1,"price":3670},{"name":"Super restore(3)","id":3026,"quantity":1,"price":12183},{"name":"Super restore(3)","id":3026,"quantity":1,"price":12183},{"name":"Super restore(3)","id":3026,"quantity":1,"price":12183},{"name":"Zamorak brew(3)","id":189,"quantity":1,"price":3500},{"name":"Zamorak brew(3)","id":189,"quantity":1,"price":3500},{"name":"Zamorak brew(3)","id":189,"quantity":1,"price":3500}],"date":"Aug 5, 2022, 8:38:25 PM"}
{"name":"K\u0027ril Tsutsaroth","level":650,"killCount":76,"type":"NPC","drops":[{"name":"Infernal ashes","id":25778,"quantity":1,"price":3670},{"name":"Lantadyme seed","id":5302,"quantity":3,"price":765}],"date":"Aug 5, 2022, 8:41:44 PM"}
{"name":"K\u0027ril Tsutsaroth","level":650,"killCount":77,"type":"NPC","drops":[{"name":"Infernal ashes","id":25778,"quantity":1,"price":3670},{"name":"Lantadyme seed","id":5302,"quantity":3,"price":765}],"date":"Aug 5, 2022, 8:44:34 PM"}
{"name":"K\u0027ril Tsutsaroth","level":650,"killCount":78,"type":"NPC","drops":[{"name":"Infernal ashes","id":25778,"quantity":1,"price":3670},{"name":"Rune scimitar","id":1333,"quantity":1,"price":15058}],"date":"Aug 5, 2022, 8:55:48 PM"}
{"name":"K\u0027ril Tsutsaroth","level":650,"killCount":79,"type":"NPC","drops":[{"name":"Infernal ashes","id":25778,"quantity":1,"price":3739},{"name":"Grimy lantadyme","id":2486,"quantity":10,"price":1387}],"date":"Aug 5, 2022, 9:07:22 PM"}
{"name":"K\u0027ril Tsutsaroth","level":650,"killCount":80,"type":"NPC","drops":[{"name":"Infernal ashes","id":25778,"quantity":1,"price":3739},{"name":"Adamant platebody","id":1123,"quantity":1,"price":9621}],"date":"Aug 5, 2022, 9:10:05 PM"}
{"name":"K\u0027ril Tsutsaroth","level":650,"killCount":81,"type":"NPC","drops":[{"name":"Infernal ashes","id":25778,"quantity":1,"price":3739},{"name":"Coins","id":995,"quantity":19519,"price":1}],"date":"Aug 5, 2022, 9:19:00 PM"}
{"name":"K\u0027ril Tsutsaroth","level":650,"killCount":82,"type":"NPC","drops":[{"name":"Infernal ashes","id":25778,"quantity":1,"price":3739},{"name":"Blood rune","id":565,"quantity":82,"price":365}],"date":"Aug 5, 2022, 9:22:44 PM"}
{"name":"K\u0027ril Tsutsaroth","level":650,"killCount":83,"type":"NPC","drops":[{"name":"Infernal ashes","id":25778,"quantity":1,"price":3785},{"name":"Coins","id":995,"quantity":19500,"price":1}],"date":"Aug 5, 2022, 9:46:20 PM"}
{"name":"K\u0027ril Tsutsaroth","level":650,"killCount":84,"type":"NPC","drops":[{"name":"Infernal ashes","id":25778,"quantity":1,"price":3785},{"name":"Super restore(3)","id":3026,"quantity":1,"price":12023},{"name":"Super restore(3)","id":3026,"quantity":1,"price":12023},{"name":"Super restore(3)","id":3026,"quantity":1,"price":12023},{"name":"Zamorak brew(3)","id":189,"quantity":1,"price":3341},{"name":"Zamorak brew(3)","id":189,"quantity":1,"price":3341},{"name":"Zamorak brew(3)","id":189,"quantity":1,"price":3341}],"date":"Aug 5, 2022, 9:48:48 PM"}
{"name":"K\u0027ril Tsutsaroth","level":650,"killCount":85,"type":"NPC","drops":[{"name":"Infernal ashes","id":25778,"quantity":1,"price":3785},{"name":"Adamant platebody","id":1123,"quantity":1,"price":9611}],"date":"Aug 5, 2022, 9:59:06 PM"}
{"name":"K\u0027ril Tsutsaroth","level":650,"killCount":86,"type":"NPC","drops":[{"name":"Infernal ashes","id":25778,"quantity":1,"price":3785},{"name":"Super restore(3)","id":3026,"quantity":1,"price":12023},{"name":"Super restore(3)","id":3026,"quantity":1,"price":12023},{"name":"Super restore(3)","id":3026,"quantity":1,"price":12023},{"name":"Zamorak brew(3)","id":189,"quantity":1,"price":3341},{"name":"Zamorak brew(3)","id":189,"quantity":1,"price":3341},{"name":"Zamorak brew(3)","id":189,"quantity":1,"price":3341}],"date":"Aug 5, 2022, 10:01:43 PM"}
{"name":"K\u0027ril Tsutsaroth","level":650,"killCount":87,"type":"NPC","drops":[{"name":"Infernal ashes","id":25778,"quantity":1,"price":3785},{"name":"Coins","id":995,"quantity":19845,"price":1}],"date":"Aug 5, 2022, 10:04:23 PM"}
{"name":"K\u0027ril Tsutsaroth","level":650,"killCount":88,"type":"NPC","drops":[{"name":"Infernal ashes","id":25778,"quantity":1,"price":3785},{"name":"Coins","id":995,"quantity":19555,"price":1}],"date":"Aug 5, 2022, 10:22:30 PM"}
{"name":"K\u0027ril Tsutsaroth","level":650,"killCount":89,"type":"NPC","drops":[{"name":"Infernal ashes","id":25778,"quantity":1,"price":3785},{"name":"Dragon dagger(p++)","id":5698,"quantity":1,"price":16610}],"date":"Aug 5, 2022, 10:25:11 PM"}
{"name":"K\u0027ril Tsutsaroth","level":650,"killCount":91,"type":"NPC","drops":[{"name":"Infernal ashes","id":25778,"quantity":1,"price":3775},{"name":"Rune scimitar","id":1333,"quantity":1,"price":15225}],"date":"Aug 5, 2022, 10:42:17 PM"}
{"name":"K\u0027ril Tsutsaroth","level":650,"killCount":92,"type":"NPC","drops":[{"name":"Infernal ashes","id":25778,"quantity":1,"price":3775},{"name":"Coins","id":995,"quantity":19746,"price":1}],"date":"Aug 5, 2022, 10:44:53 PM"}
{"name":"K\u0027ril Tsutsaroth","level":650,"killCount":93,"type":"NPC","drops":[{"name":"Infernal ashes","id":25778,"quantity":1,"price":3775},{"name":"Super strength(3)","id":157,"quantity":1,"price":1355},{"name":"Super strength(3)","id":157,"quantity":1,"price":1355},{"name":"Super strength(3)","id":157,"quantity":1,"price":1355},{"name":"Super attack(3)","id":145,"quantity":1,"price":165},{"name":"Super attack(3)","id":145,"quantity":1,"price":165},{"name":"Super attack(3)","id":145,"quantity":1,"price":165}],"date":"Aug 5, 2022, 10:52:40 PM"}
{"name":"K\u0027ril Tsutsaroth","level":650,"killCount":94,"type":"NPC","drops":[{"name":"Infernal ashes","id":25778,"quantity":1,"price":3775},{"name":"Death rune","id":560,"quantity":125,"price":182}],"date":"Aug 5, 2022, 10:55:04 PM"}
{"name":"K\u0027ril Tsutsaroth","level":650,"killCount":95,"type":"NPC","drops":[{"name":"Infernal ashes","id":25778,"quantity":1,"price":3775},{"name":"Coins","id":995,"quantity":19861,"price":1}],"date":"Aug 5, 2022, 10:58:03 PM"}
{"name":"K\u0027ril Tsutsaroth","level":650,"killCount":96,"type":"NPC","drops":[{"name":"Infernal ashes","id":25778,"quantity":1,"price":3659},{"name":"Blood rune","id":565,"quantity":81,"price":360}],"date":"Aug 5, 2022, 11:06:03 PM"}
{"name":"K\u0027ril Tsutsaroth","level":650,"killCount":97,"type":"NPC","drops":[{"name":"Infernal ashes","id":25778,"quantity":1,"price":3659},{"name":"Coins","id":995,"quantity":19611,"price":1}],"date":"Aug 5, 2022, 11:08:38 PM"}
{"name":"K\u0027ril Tsutsaroth","level":650,"killCount":98,"type":"NPC","drops":[{"name":"Infernal ashes","id":25778,"quantity":1,"price":3659},{"name":"Lantadyme seed","id":5302,"quantity":3,"price":578}],"date":"Aug 5, 2022, 11:11:18 PM"}
{"name":"K\u0027ril Tsutsaroth","level":650,"killCount":99,"type":"NPC","drops":[{"name":"Infernal ashes","id":25778,"quantity":1,"price":3659},{"name":"Coins","id":995,"quantity":19545,"price":1}],"date":"Aug 5, 2022, 11:14:05 PM"}
{"name":"K\u0027ril Tsutsaroth","level":650,"killCount":100,"type":"NPC","drops":[{"name":"Infernal ashes","id":25778,"quantity":1,"price":3659},{"name":"Super restore(3)","id":3026,"quantity":1,"price":12130},{"name":"Super restore(3)","id":3026,"quantity":1,"price":12130},{"name":"Super restore(3)","id":3026,"quantity":1,"price":12130},{"name":"Zamorak brew(3)","id":189,"quantity":1,"price":3341},{"name":"Zamorak brew(3)","id":189,"quantity":1,"price":3341},{"name":"Zamorak brew(3)","id":189,"quantity":1,"price":3341}],"date":"Aug 5, 2022, 11:21:25 PM"}
{"name":"K\u0027ril Tsutsaroth","level":650,"killCount":101,"type":"NPC","drops":[{"name":"Infernal ashes","id":25778,"quantity":1,"price":3659},{"name":"Rune scimitar","id":1333,"quantity":1,"price":15221}],"date":"Aug 5, 2022, 11:24:57 PM"}
{"name":"K\u0027ril Tsutsaroth","level":650,"killCount":102,"type":"NPC","drops":[{"name":"Infernal ashes","id":25778,"quantity":1,"price":3659},{"name":"Coins","id":995,"quantity":19782,"price":1}],"date":"Aug 5, 2022, 11:31:34 PM"}
{"name":"K\u0027ril Tsutsaroth","level":650,"killCount":103,"type":"NPC","drops":[{"name":"Infernal ashes","id":25778,"quantity":1,"price":3659},{"name":"Super strength(3)","id":157,"quantity":1,"price":1323},{"name":"Super strength(3)","id":157,"quantity":1,"price":1323},{"name":"Super strength(3)","id":157,"quantity":1,"price":1323},{"name":"Super attack(3)","id":145,"quantity":1,"price":165},{"name":"Super attack(3)","id":145,"quantity":1,"price":165},{"name":"Super attack(3)","id":145,"quantity":1,"price":165}],"date":"Aug 5, 2022, 11:33:36 PM"}
{"name":"K\u0027ril Tsutsaroth","level":650,"killCount":104,"type":"NPC","drops":[{"name":"Infernal ashes","id":25778,"quantity":1,"price":3809},{"name":"Rune scimitar","id":1333,"quantity":1,"price":15191}],"date":"Aug 5, 2022, 11:36:04 PM"}
{"name":"K\u0027ril Tsutsaroth","level":650,"killCount":105,"type":"NPC","drops":[{"name":"Infernal ashes","id":25778,"quantity":1,"price":3809},{"name":"Rune platelegs","id":1079,"quantity":1,"price":37812}],"date":"Aug 5, 2022, 11:38:21 PM"}
{"name":"K\u0027ril Tsutsaroth","level":650,"killCount":106,"type":"NPC","drops":[{"name":"Infernal ashes","id":25778,"quantity":1,"price":3809},{"name":"Rune scimitar","id":1333,"quantity":1,"price":15191}],"date":"Aug 5, 2022, 11:40:53 PM"}
{"name":"K\u0027ril Tsutsaroth","level":650,"killCount":107,"type":"NPC","drops":[{"name":"Infernal ashes","id":25778,"quantity":1,"price":3809},{"name":"Lantadyme seed","id":5302,"quantity":3,"price":583}],"date":"Aug 5, 2022, 11:49:46 PM"}
{"name":"K\u0027ril Tsutsaroth","level":650,"killCount":108,"type":"NPC","drops":[{"name":"Infernal ashes","id":25778,"quantity":1,"price":3809},{"name":"Coins","id":995,"quantity":19561,"price":1}],"date":"Aug 5, 2022, 11:52:45 PM"}
{"name":"K\u0027ril Tsutsaroth","level":650,"killCount":109,"type":"NPC","drops":[{"name":"Infernal ashes","id":25778,"quantity":1,"price":3809},{"name":"Death rune","id":560,"quantity":120,"price":182}],"date":"Aug 6, 2022, 12:00:31 AM"}
{"name":"K\u0027ril Tsutsaroth","level":650,"killCount":110,"type":"NPC","drops":[{"name":"Infernal ashes","id":25778,"quantity":1,"price":3809},{"name":"Blood rune","id":565,"quantity":82,"price":363}],"date":"Aug 6, 2022, 12:03:30 AM"}
{"name":"K\u0027ril Tsutsaroth","level":650,"killCount":111,"type":"NPC","drops":[{"name":"Infernal ashes","id":25778,"quantity":1,"price":3809},{"name":"Coins","id":995,"quantity":19655,"price":1}],"date":"Aug 6, 2022, 12:05:59 AM"}
{"name":"K\u0027ril Tsutsaroth","level":650,"killCount":112,"type":"NPC","drops":[{"name":"Infernal ashes","id":25778,"quantity":1,"price":3809},{"name":"Coins","id":995,"quantity":19593,"price":1}],"date":"Aug 6, 2022, 12:08:25 AM"}
{"name":"K\u0027ril Tsutsaroth","level":650,"killCount":113,"type":"NPC","drops":[{"name":"Infernal ashes","id":25778,"quantity":1,"price":3809},{"name":"Uncut diamond","id":1617,"quantity":1,"price":2742}],"date":"Aug 6, 2022, 12:17:55 AM"}
{"name":"K\u0027ril Tsutsaroth","level":650,"killCount":114,"type":"NPC","drops":[{"name":"Infernal ashes","id":25778,"quantity":1,"price":3809},{"name":"Coins","id":995,"quantity":19898,"price":1}],"date":"Aug 6, 2022, 12:20:18 AM"}
{"name":"K\u0027ril Tsutsaroth","level":650,"killCount":115,"type":"NPC","drops":[{"name":"Infernal ashes","id":25778,"quantity":1,"price":3925},{"name":"Adamant platebody","id":1123,"quantity":1,"price":9557}],"date":"Aug 6, 2022, 12:34:38 AM"}
{"name":"K\u0027ril Tsutsaroth","level":650,"killCount":116,"type":"NPC","drops":[{"name":"Infernal ashes","id":25778,"quantity":1,"price":3925},{"name":"Death rune","id":560,"quantity":124,"price":183}],"date":"Aug 6, 2022, 12:37:05 AM"}
{"name":"K\u0027ril Tsutsaroth","level":650,"killCount":117,"type":"NPC","drops":[{"name":"Infernal ashes","id":25778,"quantity":1,"price":3925},{"name":"Lantadyme seed","id":5302,"quantity":3,"price":745}],"date":"Aug 6, 2022, 12:39:38 AM"}
{"name":"K\u0027ril Tsutsaroth","level":650,"killCount":118,"type":"NPC","drops":[{"name":"Infernal ashes","id":25778,"quantity":1,"price":3624},{"name":"Blood rune","id":565,"quantity":80,"price":364}],"date":"Aug 7, 2022, 4:19:43 PM"}
{"name":"K\u0027ril Tsutsaroth","level":650,"killCount":119,"type":"NPC","drops":[{"name":"Infernal ashes","id":25778,"quantity":1,"price":3624},{"name":"Adamant arrow(p++)","id":5626,"quantity":299,"price":20}],"date":"Aug 7, 2022, 4:22:37 PM"}
{"name":"K\u0027ril Tsutsaroth","level":650,"killCount":120,"type":"NPC","drops":[{"name":"Infernal ashes","id":25778,"quantity":1,"price":3624},{"name":"Clue scroll (elite)","id":12148,"quantity":1,"price":0},{"name":"Blood rune","id":565,"quantity":80,"price":364}],"date":"Aug 7, 2022, 4:24:56 PM"}
{"name":"K\u0027ril Tsutsaroth","level":650,"killCount":121,"type":"NPC","drops":[{"name":"Infernal ashes","id":25778,"quantity":1,"price":3624},{"name":"Lantadyme seed","id":5302,"quantity":3,"price":684}],"date":"Aug 7, 2022, 4:27:52 PM"}
{"name":"K\u0027ril Tsutsaroth","level":650,"killCount":122,"type":"NPC","drops":[{"name":"Infernal ashes","id":25778,"quantity":1,"price":3624},{"name":"Coins","id":995,"quantity":19747,"price":1}],"date":"Aug 7, 2022, 4:45:18 PM"}
{"name":"K\u0027ril Tsutsaroth","level":650,"killCount":123,"type":"NPC","drops":[{"name":"Infernal ashes","id":25778,"quantity":1,"price":3624},{"name":"Dragon dagger(p++)","id":5698,"quantity":1,"price":18116}],"date":"Aug 7, 2022, 4:47:25 PM"}
{"name":"K\u0027ril Tsutsaroth","level":650,"killCount":124,"type":"NPC","drops":[{"name":"Infernal ashes","id":25778,"quantity":1,"price":3624},{"name":"Blood rune","id":565,"quantity":80,"price":363}],"date":"Aug 7, 2022, 4:50:11 PM"}
{"name":"K\u0027ril Tsutsaroth","level":650,"killCount":125,"type":"NPC","drops":[{"name":"Infernal ashes","id":25778,"quantity":1,"price":3624},{"name":"Lantadyme seed","id":5302,"quantity":3,"price":619}],"date":"Aug 7, 2022, 5:03:35 PM"}
{"name":"K\u0027ril Tsutsaroth","level":650,"killCount":126,"type":"NPC","drops":[{"name":"Infernal ashes","id":25778,"quantity":1,"price":3624},{"name":"Adamant platebody","id":1123,"quantity":1,"price":9539}],"date":"Aug 7, 2022, 5:06:11 PM"}
{"name":"K\u0027ril Tsutsaroth","level":650,"killCount":127,"type":"NPC","drops":[{"name":"Infernal ashes","id":25778,"quantity":1,"price":3624},{"name":"Death rune","id":560,"quantity":125,"price":181}],"date":"Aug 7, 2022, 5:08:20 PM"}
{"name":"K\u0027ril Tsutsaroth","level":650,"killCount":128,"type":"NPC","drops":[{"name":"Infernal ashes","id":25778,"quantity":1,"price":3624},{"name":"Adamant platebody","id":1123,"quantity":1,"price":9539}],"date":"Aug 7, 2022, 5:10:46 PM"}
{"name":"K\u0027ril Tsutsaroth","level":650,"killCount":129,"type":"NPC","drops":[{"name":"Infernal ashes","id":25778,"quantity":1,"price":3624},{"name":"Blood rune","id":565,"quantity":81,"price":366}],"date":"Aug 7, 2022, 5:19:30 PM"}
{"name":"K\u0027ril Tsutsaroth","level":650,"killCount":130,"type":"NPC","drops":[{"name":"Infernal ashes","id":25778,"quantity":1,"price":3624},{"name":"Uncut emerald","id":1621,"quantity":1,"price":547}],"date":"Aug 7, 2022, 5:21:52 PM"}
{"name":"K\u0027ril Tsutsaroth","level":650,"killCount":131,"type":"NPC","drops":[{"name":"Infernal ashes","id":25778,"quantity":1,"price":3624},{"name":"Rune scimitar","id":1333,"quantity":1,"price":14985}],"date":"Aug 7, 2022, 5:24:16 PM"}
{"name":"K\u0027ril Tsutsaroth","level":650,"killCount":132,"type":"NPC","drops":[{"name":"Infernal ashes","id":25778,"quantity":1,"price":3624},{"name":"Super restore(3)","id":3026,"quantity":1,"price":12276},{"name":"Super restore(3)","id":3026,"quantity":1,"price":12276},{"name":"Super restore(3)","id":3026,"quantity":1,"price":12276},{"name":"Zamorak brew(3)","id":189,"quantity":1,"price":5515},{"name":"Zamorak brew(3)","id":189,"quantity":1,"price":5515},{"name":"Zamorak brew(3)","id":189,"quantity":1,"price":5515}],"date":"Aug 7, 2022, 5:27:09 PM"}
{"name":"K\u0027ril Tsutsaroth","level":650,"killCount":133,"type":"NPC","drops":[{"name":"Infernal ashes","id":25778,"quantity":1,"price":3624},{"name":"Coins","id":995,"quantity":19775,"price":1}],"date":"Aug 7, 2022, 5:35:40 PM"}
{"name":"K\u0027ril Tsutsaroth","level":650,"killCount":134,"type":"NPC","drops":[{"name":"Infernal ashes","id":25778,"quantity":1,"price":3624},{"name":"Dragon dagger(p++)","id":5698,"quantity":1,"price":18089}],"date":"Aug 7, 2022, 5:38:43 PM"}
{"name":"K\u0027ril Tsutsaroth","level":650,"killCount":135,"type":"NPC","drops":[{"name":"Infernal ashes","id":25778,"quantity":1,"price":3624},{"name":"Grimy lantadyme","id":2486,"quantity":10,"price":1317}],"date":"Aug 7, 2022, 5:41:13 PM"}
{"name":"K\u0027ril Tsutsaroth","level":650,"killCount":136,"type":"NPC","drops":[{"name":"Infernal ashes","id":25778,"quantity":1,"price":3624},{"name":"Super strength(3)","id":157,"quantity":1,"price":1451},{"name":"Super strength(3)","id":157,"quantity":1,"price":1451},{"name":"Super strength(3)","id":157,"quantity":1,"price":1451},{"name":"Super attack(3)","id":145,"quantity":1,"price":134},{"name":"Super attack(3)","id":145,"quantity":1,"price":134},{"name":"Super attack(3)","id":145,"quantity":1,"price":134}],"date":"Aug 7, 2022, 5:50:59 PM"}
{"name":"K\u0027ril Tsutsaroth","level":650,"killCount":137,"type":"NPC","drops":[{"name":"Infernal ashes","id":25778,"quantity":1,"price":3624},{"name":"Rune scimitar","id":1333,"quantity":1,"price":15186}],"date":"Aug 7, 2022, 5:58:15 PM"}
{"name":"K\u0027ril Tsutsaroth","level":650,"killCount":138,"type":"NPC","drops":[{"name":"Infernal ashes","id":25778,"quantity":1,"price":3624},{"name":"Coins","id":995,"quantity":19935,"price":1}],"date":"Aug 7, 2022, 6:01:13 PM"}
{"name":"K\u0027ril Tsutsaroth","level":650,"killCount":139,"type":"NPC","drops":[{"name":"Infernal ashes","id":25778,"quantity":1,"price":3624},{"name":"Coins","id":995,"quantity":19643,"price":1}],"date":"Aug 7, 2022, 6:11:19 PM"}
{"name":"K\u0027ril Tsutsaroth","level":650,"killCount":140,"type":"NPC","drops":[{"name":"Infernal ashes","id":25778,"quantity":1,"price":3624},{"name":"Adamant platebody","id":1123,"quantity":1,"price":9555}],"date":"Aug 7, 2022, 6:19:04 PM"}
{"name":"K\u0027ril Tsutsaroth","level":650,"killCount":141,"type":"NPC","drops":[{"name":"Infernal ashes","id":25778,"quantity":1,"price":3624},{"name":"Super restore(3)","id":3026,"quantity":1,"price":12312},{"name":"Super restore(3)","id":3026,"quantity":1,"price":12312},{"name":"Super restore(3)","id":3026,"quantity":1,"price":12312},{"name":"Zamorak brew(3)","id":189,"quantity":1,"price":5515},{"name":"Zamorak brew(3)","id":189,"quantity":1,"price":5515},{"name":"Zamorak brew(3)","id":189,"quantity":1,"price":5515}],"date":"Aug 7, 2022, 6:21:13 PM"}
{"name":"K\u0027ril Tsutsaroth","level":650,"killCount":142,"type":"NPC","drops":[{"name":"Infernal ashes","id":25778,"quantity":1,"price":3624},{"name":"Adamant platebody","id":1123,"quantity":1,"price":9555}],"date":"Aug 7, 2022, 6:24:03 PM"}
{"name":"K\u0027ril Tsutsaroth","level":650,"killCount":143,"type":"NPC","drops":[{"name":"Infernal ashes","id":25778,"quantity":1,"price":3624},{"name":"Grimy lantadyme","id":2486,"quantity":10,"price":1385}],"date":"Aug 7, 2022, 6:26:52 PM"}
{"name":"K\u0027ril Tsutsaroth","level":650,"killCount":144,"type":"NPC","drops":[{"name":"Infernal ashes","id":25778,"quantity":1,"price":3624},{"name":"Super restore(3)","id":3026,"quantity":1,"price":12300},{"name":"Super restore(3)","id":3026,"quantity":1,"price":12300},{"name":"Super restore(3)","id":3026,"quantity":1,"price":12300},{"name":"Zamorak brew(3)","id":189,"quantity":1,"price":5515},{"name":"Zamorak brew(3)","id":189,"quantity":1,"price":5515},{"name":"Zamorak brew(3)","id":189,"quantity":1,"price":5515}],"date":"Aug 7, 2022, 6:35:13 PM"}
{"name":"K\u0027ril Tsutsaroth","level":650,"killCount":145,"type":"NPC","drops":[{"name":"Infernal ashes","id":25778,"quantity":1,"price":3624},{"name":"Uncut emerald","id":1621,"quantity":1,"price":544}],"date":"Aug 7, 2022, 6:38:00 PM"}
{"name":"K\u0027ril Tsutsaroth","level":650,"killCount":146,"type":"NPC","drops":[{"name":"Infernal ashes","id":25778,"quantity":1,"price":3624},{"name":"Adamant platebody","id":1123,"quantity":1,"price":9536}],"date":"Aug 7, 2022, 6:40:27 PM"}
{"name":"K\u0027ril Tsutsaroth","level":650,"killCount":147,"type":"NPC","drops":[{"name":"Infernal ashes","id":25778,"quantity":1,"price":3624},{"name":"Coins","id":995,"quantity":19519,"price":1}],"date":"Aug 7, 2022, 6:42:52 PM"}
{"name":"K\u0027ril Tsutsaroth","level":650,"killCount":148,"type":"NPC","drops":[{"name":"Infernal ashes","id":25778,"quantity":1,"price":3624},{"name":"Grimy lantadyme","id":2486,"quantity":10,"price":1377}],"date":"Aug 7, 2022, 6:53:13 PM"}
{"name":"K\u0027ril Tsutsaroth","level":650,"killCount":149,"type":"NPC","drops":[{"name":"Infernal ashes","id":25778,"quantity":1,"price":3624},{"name":"Tooth half of key","id":985,"quantity":1,"price":9882}],"date":"Aug 7, 2022, 6:55:37 PM"}
{"name":"K\u0027ril Tsutsaroth","level":650,"killCount":150,"type":"NPC","drops":[{"name":"Infernal ashes","id":25778,"quantity":1,"price":3624},{"name":"Coins","id":995,"quantity":19550,"price":1}],"date":"Aug 7, 2022, 6:57:57 PM"}
{"name":"K\u0027ril Tsutsaroth","level":650,"killCount":151,"type":"NPC","drops":[{"name":"Infernal ashes","id":25778,"quantity":1,"price":3624},{"name":"Death rune","id":560,"quantity":123,"price":181}],"date":"Aug 7, 2022, 7:00:28 PM"}
{"name":"K\u0027ril Tsutsaroth","level":650,"killCount":152,"type":"NPC","drops":[{"name":"Infernal ashes","id":25778,"quantity":1,"price":3624},{"name":"Coins","id":995,"quantity":19559,"price":1}],"date":"Aug 7, 2022, 7:59:29 PM"}
{"name":"K\u0027ril Tsutsaroth","level":650,"killCount":153,"type":"NPC","drops":[{"name":"Infernal ashes","id":25778,"quantity":1,"price":3624},{"name":"Super strength(3)","id":157,"quantity":1,"price":1382},{"name":"Super strength(3)","id":157,"quantity":1,"price":1382},{"name":"Super strength(3)","id":157,"quantity":1,"price":1382},{"name":"Super attack(3)","id":145,"quantity":1,"price":122},{"name":"Super attack(3)","id":145,"quantity":1,"price":122},{"name":"Super attack(3)","id":145,"quantity":1,"price":122}],"date":"Aug 7, 2022, 8:01:41 PM"}
{"name":"K\u0027ril Tsutsaroth","level":650,"killCount":154,"type":"NPC","drops":[{"name":"Infernal ashes","id":25778,"quantity":1,"price":3624},{"name":"Adamant platebody","id":1123,"quantity":1,"price":9555}],"date":"Aug 7, 2022, 8:04:01 PM"}
{"name":"K\u0027ril Tsutsaroth","level":650,"killCount":155,"type":"NPC","drops":[{"name":"Infernal ashes","id":25778,"quantity":1,"price":3624},{"name":"Rune platelegs","id":1079,"quantity":1,"price":37990}],"date":"Aug 7, 2022, 8:06:44 PM"}
{"name":"K\u0027ril Tsutsaroth","level":650,"killCount":156,"type":"NPC","drops":[{"name":"Infernal ashes","id":25778,"quantity":1,"price":3624},{"name":"Coins","id":995,"quantity":19850,"price":1}],"date":"Aug 7, 2022, 8:09:49 PM"}
{"name":"K\u0027ril Tsutsaroth","level":650,"killCount":157,"type":"NPC","drops":[{"name":"Infernal ashes","id":25778,"quantity":1,"price":3624},{"name":"Adamant platebody","id":1123,"quantity":1,"price":9555}],"date":"Aug 7, 2022, 8:19:19 PM"}
{"name":"K\u0027ril Tsutsaroth","level":650,"killCount":158,"type":"NPC","drops":[{"name":"Infernal ashes","id":25778,"quantity":1,"price":3624},{"name":"Coins","id":995,"quantity":19543,"price":1}],"date":"Aug 7, 2022, 8:21:58 PM"}
{"name":"K\u0027ril Tsutsaroth","level":650,"killCount":159,"type":"NPC","drops":[{"name":"Infernal ashes","id":25778,"quantity":1,"price":3624},{"name":"Coins","id":995,"quantity":19847,"price":1}],"date":"Aug 7, 2022, 8:30:44 PM"}
{"name":"K\u0027ril Tsutsaroth","level":650,"killCount":160,"type":"NPC","drops":[{"name":"Infernal ashes","id":25778,"quantity":1,"price":3624},{"name":"Coins","id":995,"quantity":19639,"price":1}],"date":"Aug 7, 2022, 8:33:03 PM"}
{"name":"K\u0027ril Tsutsaroth","level":650,"killCount":161,"type":"NPC","drops":[{"name":"Infernal ashes","id":25778,"quantity":1,"price":3624},{"name":"Coins","id":995,"quantity":19856,"price":1}],"date":"Aug 7, 2022, 8:36:10 PM"}
{"name":"K\u0027ril Tsutsaroth","level":650,"killCount":162,"type":"NPC","drops":[{"name":"Infernal ashes","id":25778,"quantity":1,"price":3624},{"name":"Coins","id":995,"quantity":19676,"price":1}],"date":"Aug 7, 2022, 8:39:02 PM"}
{"name":"K\u0027ril Tsutsaroth","level":650,"killCount":163,"type":"NPC","drops":[{"name":"Infernal ashes","id":25778,"quantity":1,"price":3624},{"name":"Death rune","id":560,"quantity":120,"price":180}],"date":"Aug 7, 2022, 8:41:46 PM"}
{"name":"K\u0027ril Tsutsaroth","level":650,"killCount":164,"type":"NPC","drops":[{"name":"Infernal ashes","id":25778,"quantity":1,"price":3624},{"name":"Coins","id":995,"quantity":19561,"price":1}],"date":"Aug 7, 2022, 8:50:34 PM"}
{"name":"K\u0027ril Tsutsaroth","level":650,"killCount":165,"type":"NPC","drops":[{"name":"Infernal ashes","id":25778,"quantity":1,"price":3624},{"name":"Grimy lantadyme","id":2486,"quantity":10,"price":1385}],"date":"Aug 7, 2022, 8:54:04 PM"}
{"name":"K\u0027ril Tsutsaroth","level":650,"killCount":166,"type":"NPC","drops":[{"name":"Infernal ashes","id":25778,"quantity":1,"price":3624},{"name":"Coins","id":995,"quantity":19949,"price":1}],"date":"Aug 7, 2022, 9:01:42 PM"}
{"name":"K\u0027ril Tsutsaroth","level":650,"killCount":167,"type":"NPC","drops":[{"name":"Infernal ashes","id":25778,"quantity":1,"price":3628},{"name":"Coins","id":995,"quantity":19802,"price":1}],"date":"Aug 7, 2022, 9:04:22 PM"}
{"name":"K\u0027ril Tsutsaroth","level":650,"killCount":168,"type":"NPC","drops":[{"name":"Infernal ashes","id":25778,"quantity":1,"price":3628},{"name":"Grimy lantadyme","id":2486,"quantity":10,"price":1386}],"date":"Aug 7, 2022, 9:06:59 PM"}
{"name":"K\u0027ril Tsutsaroth","level":650,"killCount":169,"type":"NPC","drops":[{"name":"Infernal ashes","id":25778,"quantity":1,"price":3628},{"name":"Super restore(3)","id":3026,"quantity":1,"price":12412},{"name":"Super restore(3)","id":3026,"quantity":1,"price":12412},{"name":"Super restore(3)","id":3026,"quantity":1,"price":12412},{"name":"Zamorak brew(3)","id":189,"quantity":1,"price":5518},{"name":"Zamorak brew(3)","id":189,"quantity":1,"price":5518},{"name":"Zamorak brew(3)","id":189,"quantity":1,"price":5518}],"date":"Aug 7, 2022, 9:09:09 PM"}
{"name":"K\u0027ril Tsutsaroth","level":650,"killCount":170,"type":"NPC","drops":[{"name":"Infernal ashes","id":25778,"quantity":1,"price":3628},{"name":"Coins","id":995,"quantity":19954,"price":1}],"date":"Aug 7, 2022, 9:12:04 PM"}
{"name":"K\u0027ril Tsutsaroth","level":650,"killCount":171,"type":"NPC","drops":[{"name":"Infernal ashes","id":25778,"quantity":1,"price":3628},{"name":"Coins","id":995,"quantity":19717,"price":1}],"date":"Aug 7, 2022, 9:22:48 PM"}
{"name":"K\u0027ril Tsutsaroth","level":650,"killCount":172,"type":"NPC","drops":[{"name":"Infernal ashes","id":25778,"quantity":1,"price":3628},{"name":"Rune platelegs","id":1079,"quantity":1,"price":37819}],"date":"Aug 7, 2022, 9:26:07 PM"}
{"name":"K\u0027ril Tsutsaroth","level":650,"killCount":173,"type":"NPC","drops":[{"name":"Infernal ashes","id":25778,"quantity":1,"price":3628},{"name":"Coins","id":995,"quantity":19522,"price":1}],"date":"Aug 7, 2022, 9:34:03 PM"}
{"name":"K\u0027ril Tsutsaroth","level":650,"killCount":174,"type":"NPC","drops":[{"name":"Infernal ashes","id":25778,"quantity":1,"price":3628},{"name":"Coins","id":995,"quantity":19827,"price":1}],"date":"Aug 7, 2022, 9:36:44 PM"}
{"name":"K\u0027ril Tsutsaroth","level":650,"killCount":175,"type":"NPC","drops":[{"name":"Infernal ashes","id":25778,"quantity":1,"price":3628},{"name":"Coins","id":995,"quantity":19656,"price":1}],"date":"Aug 7, 2022, 9:39:38 PM"}
{"name":"K\u0027ril Tsutsaroth","level":650,"killCount":176,"type":"NPC","drops":[{"name":"Infernal ashes","id":25778,"quantity":1,"price":3628},{"name":"Adamant platebody","id":1123,"quantity":1,"price":9534}],"date":"Aug 7, 2022, 9:42:18 PM"}
{"name":"K\u0027ril Tsutsaroth","level":650,"killCount":177,"type":"NPC","drops":[{"name":"Infernal ashes","id":25778,"quantity":1,"price":3624},{"name":"Adamant platebody","id":1123,"quantity":1,"price":9548}],"date":"Aug 7, 2022, 10:06:47 PM"}
{"name":"K\u0027ril Tsutsaroth","level":650,"killCount":178,"type":"NPC","drops":[{"name":"Infernal ashes","id":25778,"quantity":1,"price":3624},{"name":"Rune scimitar","id":1333,"quantity":1,"price":15162}],"date":"Aug 7, 2022, 10:15:21 PM"}
{"name":"K\u0027ril Tsutsaroth","level":650,"killCount":179,"type":"NPC","drops":[{"name":"Infernal ashes","id":25778,"quantity":1,"price":3624},{"name":"Coins","id":995,"quantity":19744,"price":1}],"date":"Aug 7, 2022, 10:17:35 PM"}
{"name":"K\u0027ril Tsutsaroth","level":650,"killCount":180,"type":"NPC","drops":[{"name":"Infernal ashes","id":25778,"quantity":1,"price":3624},{"name":"Blood rune","id":565,"quantity":84,"price":360}],"date":"Aug 7, 2022, 10:20:02 PM"}
{"name":"K\u0027ril Tsutsaroth","level":650,"killCount":181,"type":"NPC","drops":[{"name":"Infernal ashes","id":25778,"quantity":1,"price":3624},{"name":"Adamant platebody","id":1123,"quantity":1,"price":9548}],"date":"Aug 7, 2022, 10:22:29 PM"}
{"name":"K\u0027ril Tsutsaroth","level":650,"killCount":182,"type":"NPC","drops":[{"name":"Infernal ashes","id":25778,"quantity":1,"price":3624},{"name":"Coins","id":995,"quantity":19762,"price":1}],"date":"Aug 7, 2022, 10:25:05 PM"}
{"name":"K\u0027ril Tsutsaroth","level":650,"killCount":183,"type":"NPC","drops":[{"name":"Infernal ashes","id":25778,"quantity":1,"price":3624},{"name":"Adamant arrow(p++)","id":5626,"quantity":297,"price":22}],"date":"Aug 7, 2022, 10:28:44 PM"}
{"name":"K\u0027ril Tsutsaroth","level":650,"killCount":184,"type":"NPC","drops":[{"name":"Infernal ashes","id":25778,"quantity":1,"price":3624},{"name":"Coins","id":995,"quantity":19511,"price":1}],"date":"Aug 7, 2022, 10:37:19 PM"}
{"name":"K\u0027ril Tsutsaroth","level":650,"killCount":185,"type":"NPC","drops":[{"name":"Infernal ashes","id":25778,"quantity":1,"price":3624},{"name":"Coins","id":995,"quantity":19790,"price":1}],"date":"Aug 7, 2022, 10:39:45 PM"}
{"name":"K\u0027ril Tsutsaroth","level":650,"killCount":186,"type":"NPC","drops":[{"name":"Infernal ashes","id":25778,"quantity":1,"price":3624},{"name":"Lantadyme seed","id":5302,"quantity":3,"price":819}],"date":"Aug 7, 2022, 10:42:45 PM"}
{"name":"K\u0027ril Tsutsaroth","level":650,"killCount":187,"type":"NPC","drops":[{"name":"Infernal ashes","id":25778,"quantity":1,"price":3624},{"name":"Blood rune","id":565,"quantity":83,"price":363}],"date":"Aug 7, 2022, 10:45:10 PM"}
{"name":"K\u0027ril Tsutsaroth","level":650,"killCount":188,"type":"NPC","drops":[{"name":"Infernal ashes","id":25778,"quantity":1,"price":3624},{"name":"Death rune","id":560,"quantity":121,"price":181}],"date":"Aug 7, 2022, 10:47:22 PM"}
{"name":"K\u0027ril Tsutsaroth","level":650,"killCount":189,"type":"NPC","drops":[{"name":"Infernal ashes","id":25778,"quantity":1,"price":3624},{"name":"Rune scimitar","id":1333,"quantity":1,"price":15175}],"date":"Aug 7, 2022, 10:49:58 PM"}
{"name":"K\u0027ril Tsutsaroth","level":650,"killCount":190,"type":"NPC","drops":[{"name":"Infernal ashes","id":25778,"quantity":1,"price":3624},{"name":"Coins","id":995,"quantity":19604,"price":1}],"date":"Aug 7, 2022, 10:59:48 PM"}
{"name":"K\u0027ril Tsutsaroth","level":650,"killCount":191,"type":"NPC","drops":[{"name":"Infernal ashes","id":25778,"quantity":1,"price":3624},{"name":"Coins","id":995,"quantity":19578,"price":1}],"date":"Aug 7, 2022, 11:02:35 PM"}
{"name":"K\u0027ril Tsutsaroth","level":650,"killCount":192,"type":"NPC","drops":[{"name":"Infernal ashes","id":25778,"quantity":1,"price":3624},{"name":"Coins","id":995,"quantity":19669,"price":1}],"date":"Aug 7, 2022, 11:10:39 PM"}
{"name":"K\u0027ril Tsutsaroth","level":650,"killCount":193,"type":"NPC","drops":[{"name":"Infernal ashes","id":25778,"quantity":1,"price":3624},{"name":"Rune platelegs","id":1079,"quantity":1,"price":37819}],"date":"Aug 7, 2022, 11:13:26 PM"}
{"name":"K\u0027ril Tsutsaroth","level":650,"killCount":194,"type":"NPC","drops":[{"name":"Infernal ashes","id":25778,"quantity":1,"price":3624},{"name":"Coins","id":995,"quantity":19703,"price":1}],"date":"Aug 7, 2022, 11:16:00 PM"}
{"name":"K\u0027ril Tsutsaroth","level":650,"killCount":195,"type":"NPC","drops":[{"name":"Infernal ashes","id":25778,"quantity":1,"price":3624},{"name":"Death rune","id":560,"quantity":122,"price":182}],"date":"Aug 7, 2022, 11:26:57 PM"}
{"name":"K\u0027ril Tsutsaroth","level":650,"killCount":196,"type":"NPC","drops":[{"name":"Infernal ashes","id":25778,"quantity":1,"price":3624},{"name":"Coins","id":995,"quantity":19741,"price":1}],"date":"Aug 7, 2022, 11:29:42 PM"}
{"name":"K\u0027ril Tsutsaroth","level":650,"killCount":197,"type":"NPC","drops":[{"name":"Infernal ashes","id":25778,"quantity":1,"price":3624},{"name":"Coins","id":995,"quantity":19739,"price":1}],"date":"Aug 7, 2022, 11:32:17 PM"}
{"name":"K\u0027ril Tsutsaroth","level":650,"killCount":198,"type":"NPC","drops":[{"name":"Infernal ashes","id":25778,"quantity":1,"price":3624},{"name":"Rune platelegs","id":1079,"quantity":1,"price":37792}],"date":"Aug 7, 2022, 11:34:26 PM"}
{"name":"K\u0027ril Tsutsaroth","level":650,"killCount":199,"type":"NPC","drops":[{"name":"Infernal ashes","id":25778,"quantity":1,"price":3624},{"name":"Coins","id":995,"quantity":19640,"price":1}],"date":"Aug 7, 2022, 11:37:23 PM"}
{"name":"K\u0027ril Tsutsaroth","level":650,"killCount":200,"type":"NPC","drops":[{"name":"Infernal ashes","id":25778,"quantity":1,"price":3624},{"name":"Adamant platebody","id":1123,"quantity":1,"price":9531}],"date":"Aug 7, 2022, 11:47:40 PM"}
{"name":"K\u0027ril Tsutsaroth","level":650,"killCount":201,"type":"NPC","drops":[{"name":"Infernal ashes","id":25778,"quantity":1,"price":3624},{"name":"Coins","id":995,"quantity":19651,"price":1}],"date":"Aug 7, 2022, 11:50:48 PM"}
{"name":"K\u0027ril Tsutsaroth","level":650,"killCount":202,"type":"NPC","drops":[{"name":"Infernal ashes","id":25778,"quantity":1,"price":3624},{"name":"Super restore(3)","id":3026,"quantity":1,"price":12171},{"name":"Super restore(3)","id":3026,"quantity":1,"price":12171},{"name":"Super restore(3)","id":3026,"quantity":1,"price":12171},{"name":"Zamorak brew(3)","id":189,"quantity":1,"price":5579},{"name":"Zamorak brew(3)","id":189,"quantity":1,"price":5579},{"name":"Zamorak brew(3)","id":189,"quantity":1,"price":5579}],"date":"Aug 7, 2022, 11:53:33 PM"}
{"name":"K\u0027ril Tsutsaroth","level":650,"killCount":203,"type":"NPC","drops":[{"name":"Infernal ashes","id":25778,"quantity":1,"price":3624},{"name":"Coins","id":995,"quantity":19624,"price":1}],"date":"Aug 7, 2022, 11:56:16 PM"}
{"name":"K\u0027ril Tsutsaroth","level":650,"killCount":204,"type":"NPC","drops":[{"name":"Infernal ashes","id":25778,"quantity":1,"price":3624},{"name":"Dragon dagger(p++)","id":5698,"quantity":1,"price":18375}],"date":"Aug 7, 2022, 11:58:33 PM"}
{"name":"K\u0027ril Tsutsaroth","level":650,"killCount":205,"type":"NPC","drops":[{"name":"Infernal ashes","id":25778,"quantity":1,"price":3624},{"name":"Adamant arrow(p++)","id":5626,"quantity":298,"price":20}],"date":"Aug 8, 2022, 12:07:19 AM"}
{"name":"K\u0027ril Tsutsaroth","level":650,"killCount":206,"type":"NPC","drops":[{"name":"Infernal ashes","id":25778,"quantity":1,"price":3624},{"name":"Coins","id":995,"quantity":19541,"price":1}],"date":"Aug 8, 2022, 12:10:35 AM"}
{"name":"K\u0027ril Tsutsaroth","level":650,"killCount":207,"type":"NPC","drops":[{"name":"Infernal ashes","id":25778,"quantity":1,"price":3624},{"name":"Blood rune","id":565,"quantity":85,"price":366}],"date":"Aug 8, 2022, 12:21:10 AM"}
{"name":"K\u0027ril Tsutsaroth","level":650,"killCount":208,"type":"NPC","drops":[{"name":"Infernal ashes","id":25778,"quantity":1,"price":3624},{"name":"Coins","id":995,"quantity":19579,"price":1}],"date":"Aug 8, 2022, 12:23:46 AM"}
{"name":"K\u0027ril Tsutsaroth","level":650,"killCount":209,"type":"NPC","drops":[{"name":"Infernal ashes","id":25778,"quantity":1,"price":3731},{"name":"Death rune","id":560,"quantity":123,"price":183}],"date":"Aug 8, 2022, 8:40:35 PM"}
{"name":"K\u0027ril Tsutsaroth","level":650,"killCount":210,"type":"NPC","drops":[{"name":"Infernal ashes","id":25778,"quantity":1,"price":3731},{"name":"Coins","id":995,"quantity":19938,"price":1}],"date":"Aug 8, 2022, 8:43:54 PM"}
{"name":"K\u0027ril Tsutsaroth","level":650,"killCount":211,"type":"NPC","drops":[{"name":"Infernal ashes","id":25778,"quantity":1,"price":3731},{"name":"Rune platelegs","id":1079,"quantity":1,"price":37852}],"date":"Aug 8, 2022, 8:53:20 PM"}
{"name":"K\u0027ril Tsutsaroth","level":650,"killCount":212,"type":"NPC","drops":[{"name":"Infernal ashes","id":25778,"quantity":1,"price":3731},{"name":"Death rune","id":560,"quantity":123,"price":183}],"date":"Aug 8, 2022, 8:55:49 PM"}
{"name":"K\u0027ril Tsutsaroth","level":650,"killCount":213,"type":"NPC","drops":[{"name":"Infernal ashes","id":25778,"quantity":1,"price":3634},{"name":"Death rune","id":560,"quantity":121,"price":180}],"date":"Aug 8, 2022, 9:04:10 PM"}
{"name":"K\u0027ril Tsutsaroth","level":650,"killCount":214,"type":"NPC","drops":[{"name":"Infernal ashes","id":25778,"quantity":1,"price":3634},{"name":"Adamant arrow(p++)","id":5626,"quantity":300,"price":21}],"date":"Aug 8, 2022, 9:06:35 PM"}
{"name":"K\u0027ril Tsutsaroth","level":650,"killCount":215,"type":"NPC","drops":[{"name":"Infernal ashes","id":25778,"quantity":1,"price":3634},{"name":"Super restore(3)","id":3026,"quantity":1,"price":12176},{"name":"Super restore(3)","id":3026,"quantity":1,"price":12176},{"name":"Super restore(3)","id":3026,"quantity":1,"price":12176},{"name":"Zamorak brew(3)","id":189,"quantity":1,"price":4089},{"name":"Zamorak brew(3)","id":189,"quantity":1,"price":4089},{"name":"Zamorak brew(3)","id":189,"quantity":1,"price":4089}],"date":"Aug 8, 2022, 9:18:46 PM"}
{"name":"K\u0027ril Tsutsaroth","level":650,"killCount":216,"type":"NPC","drops":[{"name":"Infernal ashes","id":25778,"quantity":1,"price":3634},{"name":"Death rune","id":560,"quantity":120,"price":181}],"date":"Aug 8, 2022, 9:45:49 PM"}
{"name":"K\u0027ril Tsutsaroth","level":650,"killCount":217,"type":"NPC","drops":[{"name":"Infernal ashes","id":25778,"quantity":1,"price":3634},{"name":"Adamant arrow(p++)","id":5626,"quantity":298,"price":24}],"date":"Aug 8, 2022, 9:48:41 PM"}
{"name":"K\u0027ril Tsutsaroth","level":650,"killCount":218,"type":"NPC","drops":[{"name":"Infernal ashes","id":25778,"quantity":1,"price":3634},{"name":"Coins","id":995,"quantity":19877,"price":1}],"date":"Aug 8, 2022, 9:59:28 PM"}
{"name":"K\u0027ril Tsutsaroth","level":650,"killCount":219,"type":"NPC","drops":[{"name":"Infernal ashes","id":25778,"quantity":1,"price":3634},{"name":"Coins","id":995,"quantity":19562,"price":1}],"date":"Aug 8, 2022, 10:02:24 PM"}
{"name":"K\u0027ril Tsutsaroth","level":650,"killCount":220,"type":"NPC","drops":[{"name":"Infernal ashes","id":25778,"quantity":1,"price":3634},{"name":"Adamant arrow(p++)","id":5626,"quantity":298,"price":24}],"date":"Aug 8, 2022, 10:05:25 PM"}
{"name":"K\u0027ril Tsutsaroth","level":650,"killCount":221,"type":"NPC","drops":[{"name":"Infernal ashes","id":25778,"quantity":1,"price":3634},{"name":"Super restore(3)","id":3026,"quantity":1,"price":12169},{"name":"Super restore(3)","id":3026,"quantity":1,"price":12169},{"name":"Super restore(3)","id":3026,"quantity":1,"price":12169},{"name":"Zamorak brew(3)","id":189,"quantity":1,"price":4089},{"name":"Zamorak brew(3)","id":189,"quantity":1,"price":4089},{"name":"Zamorak brew(3)","id":189,"quantity":1,"price":4089}],"date":"Aug 8, 2022, 10:14:12 PM"}
{"name":"K\u0027ril Tsutsaroth","level":650,"killCount":222,"type":"NPC","drops":[{"name":"Infernal ashes","id":25778,"quantity":1,"price":3634},{"name":"Blood rune","id":565,"quantity":81,"price":368}],"date":"Aug 8, 2022, 10:16:46 PM"}
{"name":"K\u0027ril Tsutsaroth","level":650,"killCount":223,"type":"NPC","drops":[{"name":"Infernal ashes","id":25778,"quantity":1,"price":3634},{"name":"Coins","id":995,"quantity":19545,"price":1}],"date":"Aug 8, 2022, 10:19:23 PM"}
{"name":"K\u0027ril Tsutsaroth","level":650,"killCount":224,"type":"NPC","drops":[{"name":"Infernal ashes","id":25778,"quantity":1,"price":3634},{"name":"Coins","id":995,"quantity":19726,"price":1}],"date":"Aug 8, 2022, 10:22:02 PM"}
{"name":"K\u0027ril Tsutsaroth","level":650,"killCount":225,"type":"NPC","drops":[{"name":"Infernal ashes","id":25778,"quantity":1,"price":3634},{"name":"Rune scimitar","id":1333,"quantity":1,"price":15124}],"date":"Aug 8, 2022, 10:34:04 PM"}
{"name":"K\u0027ril Tsutsaroth","level":650,"killCount":226,"type":"NPC","drops":[{"name":"Infernal ashes","id":25778,"quantity":1,"price":3634},{"name":"Coins","id":995,"quantity":19915,"price":1}],"date":"Aug 8, 2022, 10:36:24 PM"}
{"name":"K\u0027ril Tsutsaroth","level":650,"killCount":227,"type":"NPC","drops":[{"name":"Infernal ashes","id":25778,"quantity":1,"price":3634},{"name":"Coins","id":995,"quantity":19809,"price":1}],"date":"Aug 8, 2022, 10:39:06 PM"}
{"name":"K\u0027ril Tsutsaroth","level":650,"killCount":228,"type":"NPC","drops":[{"name":"Infernal ashes","id":25778,"quantity":1,"price":3634},{"name":"Lantadyme seed","id":5302,"quantity":3,"price":874}],"date":"Aug 8, 2022, 10:41:37 PM"}
{"name":"K\u0027ril Tsutsaroth","level":650,"killCount":229,"type":"NPC","drops":[{"name":"Infernal ashes","id":25778,"quantity":1,"price":3634},{"name":"Super restore(3)","id":3026,"quantity":1,"price":12313},{"name":"Super restore(3)","id":3026,"quantity":1,"price":12313},{"name":"Super restore(3)","id":3026,"quantity":1,"price":12313},{"name":"Zamorak brew(3)","id":189,"quantity":1,"price":4089},{"name":"Zamorak brew(3)","id":189,"quantity":1,"price":4089},{"name":"Zamorak brew(3)","id":189,"quantity":1,"price":4089}],"date":"Aug 8, 2022, 10:44:12 PM"}
{"name":"K\u0027ril Tsutsaroth","level":650,"killCount":230,"type":"NPC","drops":[{"name":"Infernal ashes","id":25778,"quantity":1,"price":3634},{"name":"Rune platelegs","id":1079,"quantity":1,"price":37919}],"date":"Aug 8, 2022, 10:47:36 PM"}
{"name":"K\u0027ril Tsutsaroth","level":650,"killCount":231,"type":"NPC","drops":[{"name":"Infernal ashes","id":25778,"quantity":1,"price":3634},{"name":"Lantadyme seed","id":5302,"quantity":3,"price":874}],"date":"Aug 8, 2022, 10:56:27 PM"}
{"name":"K\u0027ril Tsutsaroth","level":650,"killCount":232,"type":"NPC","drops":[{"name":"Infernal ashes","id":25778,"quantity":1,"price":3634},{"name":"Super restore(3)","id":3026,"quantity":1,"price":12313},{"name":"Super restore(3)","id":3026,"quantity":1,"price":12313},{"name":"Super restore(3)","id":3026,"quantity":1,"price":12313},{"name":"Zamorak brew(3)","id":189,"quantity":1,"price":4089},{"name":"Zamorak brew(3)","id":189,"quantity":1,"price":4089},{"name":"Zamorak brew(3)","id":189,"quantity":1,"price":4089}],"date":"Aug 8, 2022, 10:58:51 PM"}
{"name":"K\u0027ril Tsutsaroth","level":650,"killCount":233,"type":"NPC","drops":[{"name":"Infernal ashes","id":25778,"quantity":1,"price":3634},{"name":"Rune platelegs","id":1079,"quantity":1,"price":37825}],"date":"Aug 8, 2022, 11:01:27 PM"}
{"name":"K\u0027ril Tsutsaroth","level":650,"killCount":234,"type":"NPC","drops":[{"name":"Infernal ashes","id":25778,"quantity":1,"price":3634},{"name":"Coins","id":995,"quantity":19647,"price":1}],"date":"Aug 8, 2022, 11:03:56 PM"}
{"name":"K\u0027ril Tsutsaroth","level":650,"killCount":235,"type":"NPC","drops":[{"name":"Infernal ashes","id":25778,"quantity":1,"price":3634},{"name":"Super strength(3)","id":157,"quantity":1,"price":1474},{"name":"Super strength(3)","id":157,"quantity":1,"price":1474},{"name":"Super strength(3)","id":157,"quantity":1,"price":1474},{"name":"Super attack(3)","id":145,"quantity":1,"price":147},{"name":"Super attack(3)","id":145,"quantity":1,"price":147},{"name":"Super attack(3)","id":145,"quantity":1,"price":147}],"date":"Aug 8, 2022, 11:06:49 PM"}
{"name":"K\u0027ril Tsutsaroth","level":650,"killCount":236,"type":"NPC","drops":[{"name":"Infernal ashes","id":25778,"quantity":1,"price":3634},{"name":"Coins","id":995,"quantity":19808,"price":1}],"date":"Aug 8, 2022, 11:16:19 PM"}
{"name":"K\u0027ril Tsutsaroth","level":650,"killCount":237,"type":"NPC","drops":[{"name":"Infernal ashes","id":25778,"quantity":1,"price":3634},{"name":"Death rune","id":560,"quantity":123,"price":181}],"date":"Aug 8, 2022, 11:19:01 PM"}
{"name":"K\u0027ril Tsutsaroth","level":650,"killCount":238,"type":"NPC","drops":[{"name":"Infernal ashes","id":25778,"quantity":1,"price":3634},{"name":"Tooth half of key","id":985,"quantity":1,"price":9973}],"date":"Aug 8, 2022, 11:27:28 PM"}
{"name":"K\u0027ril Tsutsaroth","level":650,"killCount":239,"type":"NPC","drops":[{"name":"Infernal ashes","id":25778,"quantity":1,"price":3634},{"name":"Super strength(3)","id":157,"quantity":1,"price":1346},{"name":"Super strength(3)","id":157,"quantity":1,"price":1346},{"name":"Super strength(3)","id":157,"quantity":1,"price":1346},{"name":"Super attack(3)","id":145,"quantity":1,"price":146},{"name":"Super attack(3)","id":145,"quantity":1,"price":146},{"name":"Super attack(3)","id":145,"quantity":1,"price":146}],"date":"Aug 8, 2022, 11:30:00 PM"}
{"name":"K\u0027ril Tsutsaroth","level":650,"killCount":240,"type":"NPC","drops":[{"name":"Infernal ashes","id":25778,"quantity":1,"price":3634},{"name":"Coins","id":995,"quantity":19624,"price":1}],"date":"Aug 8, 2022, 11:39:05 PM"}
{"name":"K\u0027ril Tsutsaroth","level":650,"killCount":241,"type":"NPC","drops":[{"name":"Infernal ashes","id":25778,"quantity":1,"price":3634},{"name":"Coins","id":995,"quantity":19913,"price":1}],"date":"Aug 8, 2022, 11:46:31 PM"}
{"name":"K\u0027ril Tsutsaroth","level":650,"killCount":242,"type":"NPC","drops":[{"name":"Infernal ashes","id":25778,"quantity":1,"price":3634},{"name":"Clue scroll (elite)","id":23147,"quantity":1,"price":0},{"name":"Lantadyme seed","id":5302,"quantity":3,"price":628}],"date":"Aug 8, 2022, 11:49:18 PM"}
{"name":"K\u0027ril Tsutsaroth","level":650,"killCount":243,"type":"NPC","drops":[{"name":"Infernal ashes","id":25778,"quantity":1,"price":3634},{"name":"Rune platelegs","id":1079,"quantity":1,"price":37825}],"date":"Aug 8, 2022, 11:51:53 PM"}
{"name":"K\u0027ril Tsutsaroth","level":650,"killCount":244,"type":"NPC","drops":[{"name":"Infernal ashes","id":25778,"quantity":1,"price":3633},{"name":"Coins","id":995,"quantity":19610,"price":1}],"date":"Aug 9, 2022, 12:01:59 AM"}
{"name":"K\u0027ril Tsutsaroth","level":650,"killCount":245,"type":"NPC","drops":[{"name":"Infernal ashes","id":25778,"quantity":1,"price":3633},{"name":"Super restore(3)","id":3026,"quantity":1,"price":12341},{"name":"Super restore(3)","id":3026,"quantity":1,"price":12341},{"name":"Super restore(3)","id":3026,"quantity":1,"price":12341},{"name":"Zamorak brew(3)","id":189,"quantity":1,"price":4091},{"name":"Zamorak brew(3)","id":189,"quantity":1,"price":4091},{"name":"Zamorak brew(3)","id":189,"quantity":1,"price":4091}],"date":"Aug 9, 2022, 12:04:08 AM"}
{"name":"K\u0027ril Tsutsaroth","level":650,"killCount":246,"type":"NPC","drops":[{"name":"Infernal ashes","id":25778,"quantity":1,"price":3633},{"name":"Rune platelegs","id":1079,"quantity":1,"price":37825}],"date":"Aug 9, 2022, 12:06:30 AM"}
{"name":"K\u0027ril Tsutsaroth","level":650,"killCount":247,"type":"NPC","drops":[{"name":"Infernal ashes","id":25778,"quantity":1,"price":3633},{"name":"Steam battlestaff","id":11787,"quantity":1,"price":57463}],"date":"Aug 9, 2022, 12:08:57 AM"}
{"name":"K\u0027ril Tsutsaroth","level":650,"killCount":248,"type":"NPC","drops":[{"name":"Infernal ashes","id":25778,"quantity":1,"price":3889},{"name":"Coins","id":995,"quantity":19572,"price":1}],"date":"Aug 9, 2022, 9:38:40 AM"}
{"name":"K\u0027ril Tsutsaroth","level":650,"killCount":249,"type":"NPC","drops":[{"name":"Infernal ashes","id":25778,"quantity":1,"price":3889},{"name":"Grimy lantadyme","id":2486,"quantity":10,"price":1380}],"date":"Aug 9, 2022, 9:41:39 AM"}
{"name":"K\u0027ril Tsutsaroth","level":650,"killCount":250,"type":"NPC","drops":[{"name":"Infernal ashes","id":25778,"quantity":1,"price":3651},{"name":"Rune platelegs","id":1079,"quantity":1,"price":37866}],"date":"Aug 9, 2022, 10:16:29 AM"}
{"name":"K\u0027ril Tsutsaroth","level":650,"killCount":251,"type":"NPC","drops":[{"name":"Infernal ashes","id":25778,"quantity":1,"price":3651},{"name":"Coins","id":995,"quantity":19628,"price":1}],"date":"Aug 9, 2022, 10:19:20 AM"}
{"name":"K\u0027ril Tsutsaroth","level":650,"killCount":252,"type":"NPC","drops":[{"name":"Infernal ashes","id":25778,"quantity":1,"price":3651},{"name":"Super restore(3)","id":3026,"quantity":1,"price":12572},{"name":"Super restore(3)","id":3026,"quantity":1,"price":12572},{"name":"Super restore(3)","id":3026,"quantity":1,"price":12572},{"name":"Zamorak brew(3)","id":189,"quantity":1,"price":3593},{"name":"Zamorak brew(3)","id":189,"quantity":1,"price":3593},{"name":"Zamorak brew(3)","id":189,"quantity":1,"price":3593}],"date":"Aug 9, 2022, 10:21:32 AM"}
{"name":"K\u0027ril Tsutsaroth","level":650,"killCount":253,"type":"NPC","drops":[{"name":"Infernal ashes","id":25778,"quantity":1,"price":3651},{"name":"Death rune","id":560,"quantity":125,"price":180}],"date":"Aug 9, 2022, 10:29:57 AM"}
{"name":"K\u0027ril Tsutsaroth","level":650,"killCount":254,"type":"NPC","drops":[{"name":"Infernal ashes","id":25778,"quantity":1,"price":3651},{"name":"Super strength(3)","id":157,"quantity":1,"price":1522},{"name":"Super strength(3)","id":157,"quantity":1,"price":1522},{"name":"Super strength(3)","id":157,"quantity":1,"price":1522},{"name":"Super attack(3)","id":145,"quantity":1,"price":160},{"name":"Super attack(3)","id":145,"quantity":1,"price":160},{"name":"Super attack(3)","id":145,"quantity":1,"price":160}],"date":"Aug 9, 2022, 10:33:24 AM"}
{"name":"K\u0027ril Tsutsaroth","level":650,"killCount":255,"type":"NPC","drops":[{"name":"Infernal ashes","id":25778,"quantity":1,"price":3651},{"name":"Adamant arrow(p++)","id":5626,"quantity":296,"price":25}],"date":"Aug 9, 2022, 10:35:52 AM"}
{"name":"K\u0027ril Tsutsaroth","level":650,"killCount":256,"type":"NPC","drops":[{"name":"Infernal ashes","id":25778,"quantity":1,"price":3651},{"name":"Coins","id":995,"quantity":19938,"price":1}],"date":"Aug 9, 2022, 10:44:07 AM"}
{"name":"K\u0027ril Tsutsaroth","level":650,"killCount":257,"type":"NPC","drops":[{"name":"Infernal ashes","id":25778,"quantity":1,"price":3651},{"name":"Adamant arrow(p++)","id":5626,"quantity":297,"price":25}],"date":"Aug 9, 2022, 10:46:41 AM"}
{"name":"K\u0027ril Tsutsaroth","level":650,"killCount":258,"type":"NPC","drops":[{"name":"Infernal ashes","id":25778,"quantity":1,"price":3651},{"name":"Adamant arrow(p++)","id":5626,"quantity":297,"price":25}],"date":"Aug 9, 2022, 10:49:44 AM"}
{"name":"K\u0027ril Tsutsaroth","level":650,"killCount":259,"type":"NPC","drops":[{"name":"Infernal ashes","id":25778,"quantity":1,"price":3651},{"name":"Rune scimitar","id":1333,"quantity":1,"price":15054}],"date":"Aug 9, 2022, 11:12:34 AM"}
{"name":"K\u0027ril Tsutsaroth","level":650,"killCount":260,"type":"NPC","drops":[{"name":"Infernal ashes","id":25778,"quantity":1,"price":3651},{"name":"Rune scimitar","id":1333,"quantity":1,"price":15054}],"date":"Aug 9, 2022, 11:15:28 AM"}
{"name":"K\u0027ril Tsutsaroth","level":650,"killCount":261,"type":"NPC","drops":[{"name":"Infernal ashes","id":25778,"quantity":1,"price":3651},{"name":"Coins","id":995,"quantity":19732,"price":1}],"date":"Aug 9, 2022, 11:18:15 AM"}
{"name":"K\u0027ril Tsutsaroth","level":650,"killCount":262,"type":"NPC","drops":[{"name":"Infernal ashes","id":25778,"quantity":1,"price":3663},{"name":"Coins","id":995,"quantity":19947,"price":1}],"date":"Aug 9, 2022, 11:29:53 AM"}
{"name":"K\u0027ril Tsutsaroth","level":650,"killCount":263,"type":"NPC","drops":[{"name":"Infernal ashes","id":25778,"quantity":1,"price":3663},{"name":"Death rune","id":560,"quantity":120,"price":180}],"date":"Aug 9, 2022, 11:32:20 AM"}
{"name":"K\u0027ril Tsutsaroth","level":650,"killCount":264,"type":"NPC","drops":[{"name":"Infernal ashes","id":25778,"quantity":1,"price":3663},{"name":"Lantadyme seed","id":5302,"quantity":3,"price":1077}],"date":"Aug 9, 2022, 11:45:33 AM"}
{"name":"K\u0027ril Tsutsaroth","level":650,"killCount":265,"type":"NPC","drops":[{"name":"Infernal ashes","id":25778,"quantity":1,"price":3663},{"name":"Super strength(3)","id":157,"quantity":1,"price":1479},{"name":"Super strength(3)","id":157,"quantity":1,"price":1479},{"name":"Super strength(3)","id":157,"quantity":1,"price":1479},{"name":"Super attack(3)","id":145,"quantity":1,"price":153},{"name":"Super attack(3)","id":145,"quantity":1,"price":153},{"name":"Super attack(3)","id":145,"quantity":1,"price":153}],"date":"Aug 9, 2022, 11:48:17 AM"}
{"name":"K\u0027ril Tsutsaroth","level":650,"killCount":266,"type":"NPC","drops":[{"name":"Infernal ashes","id":25778,"quantity":1,"price":3663},{"name":"Coins","id":995,"quantity":19931,"price":1}],"date":"Aug 9, 2022, 11:57:35 AM"}
{"name":"K\u0027ril Tsutsaroth","level":650,"killCount":267,"type":"NPC","drops":[{"name":"Infernal ashes","id":25778,"quantity":1,"price":3663},{"name":"Coins","id":995,"quantity":19936,"price":1}],"date":"Aug 9, 2022, 12:00:19 PM"}
{"name":"K\u0027ril Tsutsaroth","level":650,"killCount":268,"type":"NPC","drops":[{"name":"Infernal ashes","id":25778,"quantity":1,"price":3663},{"name":"Coins","id":995,"quantity":19777,"price":1}],"date":"Aug 9, 2022, 12:02:50 PM"}
{"name":"K\u0027ril Tsutsaroth","level":650,"killCount":269,"type":"NPC","drops":[{"name":"Infernal ashes","id":25778,"quantity":1,"price":3663},{"name":"Coins","id":995,"quantity":19715,"price":1}],"date":"Aug 9, 2022, 12:14:33 PM"}
{"name":"K\u0027ril Tsutsaroth","level":650,"killCount":270,"type":"NPC","drops":[{"name":"Infernal ashes","id":25778,"quantity":1,"price":3663},{"name":"Adamant arrow(p++)","id":5626,"quantity":299,"price":24}],"date":"Aug 9, 2022, 12:25:53 PM"}
{"name":"K\u0027ril Tsutsaroth","level":650,"killCount":271,"type":"NPC","drops":[{"name":"Infernal ashes","id":25778,"quantity":1,"price":3663},{"name":"Steam battlestaff","id":11787,"quantity":1,"price":65365}],"date":"Aug 9, 2022, 12:28:21 PM"}
{"name":"K\u0027ril Tsutsaroth","level":650,"killCount":272,"type":"NPC","drops":[{"name":"Infernal ashes","id":25778,"quantity":1,"price":3663},{"name":"Adamant arrow(p++)","id":5626,"quantity":299,"price":24}],"date":"Aug 9, 2022, 12:56:12 PM"}
{"name":"K\u0027ril Tsutsaroth","level":650,"killCount":273,"type":"NPC","drops":[{"name":"Infernal ashes","id":25778,"quantity":1,"price":3663},{"name":"Rune scimitar","id":1333,"quantity":1,"price":14940}],"date":"Aug 9, 2022, 12:58:31 PM"}
{"name":"K\u0027ril Tsutsaroth","level":650,"killCount":274,"type":"NPC","drops":[{"name":"Infernal ashes","id":25778,"quantity":1,"price":3663},{"name":"Grimy lantadyme","id":2486,"quantity":10,"price":1376}],"date":"Aug 9, 2022, 1:02:09 PM"}
{"name":"K\u0027ril Tsutsaroth","level":650,"killCount":275,"type":"NPC","drops":[{"name":"Infernal ashes","id":25778,"quantity":1,"price":3663},{"name":"Coins","id":995,"quantity":19844,"price":1}],"date":"Aug 9, 2022, 1:05:24 PM"}
{"name":"K\u0027ril Tsutsaroth","level":650,"killCount":276,"type":"NPC","drops":[{"name":"Infernal ashes","id":25778,"quantity":1,"price":3630},{"name":"Adamant platebody","id":1123,"quantity":1,"price":9547}],"date":"Aug 9, 2022, 5:30:24 PM"}
{"name":"K\u0027ril Tsutsaroth","level":650,"killCount":277,"type":"NPC","drops":[{"name":"Infernal ashes","id":25778,"quantity":1,"price":3630},{"name":"Coins","id":995,"quantity":19896,"price":1}],"date":"Aug 9, 2022, 5:33:41 PM"}
{"name":"K\u0027ril Tsutsaroth","level":650,"killCount":278,"type":"NPC","drops":[{"name":"Infernal ashes","id":25778,"quantity":1,"price":3630},{"name":"Law rune","id":563,"quantity":42,"price":140}],"date":"Aug 9, 2022, 5:41:49 PM"}
{"name":"K\u0027ril Tsutsaroth","level":650,"killCount":279,"type":"NPC","drops":[{"name":"Infernal ashes","id":25778,"quantity":1,"price":3630},{"name":"Zamorak hilt","id":11816,"quantity":1,"price":5075000}],"date":"Aug 9, 2022, 5:44:40 PM"}
{"name":"K\u0027ril Tsutsaroth","level":650,"killCount":280,"type":"NPC","drops":[{"name":"Infernal ashes","id":25778,"quantity":1,"price":3630},{"name":"Blood rune","id":565,"quantity":81,"price":367}],"date":"Aug 9, 2022, 5:47:18 PM"}
{"name":"K\u0027ril Tsutsaroth","level":650,"killCount":281,"type":"NPC","drops":[{"name":"Infernal ashes","id":25778,"quantity":1,"price":3630},{"name":"Coins","id":995,"quantity":19974,"price":1}],"date":"Aug 9, 2022, 6:10:15 PM"}
{"name":"K\u0027ril Tsutsaroth","level":650,"killCount":282,"type":"NPC","drops":[{"name":"Infernal ashes","id":25778,"quantity":1,"price":3630},{"name":"Coins","id":995,"quantity":19895,"price":1}],"date":"Aug 9, 2022, 6:13:37 PM"}
{"name":"K\u0027ril Tsutsaroth","level":650,"killCount":283,"type":"NPC","drops":[{"name":"Infernal ashes","id":25778,"quantity":1,"price":3630},{"name":"Coins","id":995,"quantity":19809,"price":1}],"date":"Aug 9, 2022, 6:20:53 PM"}
{"name":"K\u0027ril Tsutsaroth","level":650,"killCount":284,"type":"NPC","drops":[{"name":"Infernal ashes","id":25778,"quantity":1,"price":3630},{"name":"Coins","id":995,"quantity":19619,"price":1}],"date":"Aug 9, 2022, 6:24:30 PM"}
{"name":"K\u0027ril Tsutsaroth","level":650,"killCount":285,"type":"NPC","drops":[{"name":"Infernal ashes","id":25778,"quantity":1,"price":3630},{"name":"Lantadyme seed","id":5302,"quantity":3,"price":555}],"date":"Aug 9, 2022, 6:33:45 PM"}
{"name":"K\u0027ril Tsutsaroth","level":650,"killCount":286,"type":"NPC","drops":[{"name":"Infernal ashes","id":25778,"quantity":1,"price":3630},{"name":"Super strength(3)","id":157,"quantity":1,"price":1504},{"name":"Super strength(3)","id":157,"quantity":1,"price":1504},{"name":"Super strength(3)","id":157,"quantity":1,"price":1504},{"name":"Super attack(3)","id":145,"quantity":1,"price":154},{"name":"Super attack(3)","id":145,"quantity":1,"price":154},{"name":"Super attack(3)","id":145,"quantity":1,"price":154}],"date":"Aug 9, 2022, 6:36:23 PM"}
{"name":"K\u0027ril Tsutsaroth","level":650,"killCount":287,"type":"NPC","drops":[{"name":"Infernal ashes","id":25778,"quantity":1,"price":3630},{"name":"Rune scimitar","id":1333,"quantity":1,"price":15028}],"date":"Aug 9, 2022, 6:39:30 PM"}
{"name":"K\u0027ril Tsutsaroth","level":650,"killCount":288,"type":"NPC","drops":[{"name":"Infernal ashes","id":25778,"quantity":1,"price":3630},{"name":"Coins","id":995,"quantity":19966,"price":1}],"date":"Aug 9, 2022, 6:50:27 PM"}
{"name":"K\u0027ril Tsutsaroth","level":650,"killCount":289,"type":"NPC","drops":[{"name":"Infernal ashes","id":25778,"quantity":1,"price":3630},{"name":"Coins","id":995,"quantity":19764,"price":1}],"date":"Aug 9, 2022, 6:53:31 PM"}
{"name":"K\u0027ril Tsutsaroth","level":650,"killCount":290,"type":"NPC","drops":[{"name":"Infernal ashes","id":25778,"quantity":1,"price":3630},{"name":"Coins","id":995,"quantity":19762,"price":1}],"date":"Aug 9, 2022, 6:55:53 PM"}
{"name":"K\u0027ril Tsutsaroth","level":650,"killCount":291,"type":"NPC","drops":[{"name":"Infernal ashes","id":25778,"quantity":1,"price":3630},{"name":"Coins","id":995,"quantity":19729,"price":1}],"date":"Aug 9, 2022, 6:58:49 PM"}
{"name":"K\u0027ril Tsutsaroth","level":650,"killCount":292,"type":"NPC","drops":[{"name":"Infernal ashes","id":25778,"quantity":1,"price":3630},{"name":"Super strength(3)","id":157,"quantity":1,"price":1615},{"name":"Super strength(3)","id":157,"quantity":1,"price":1615},{"name":"Super strength(3)","id":157,"quantity":1,"price":1615},{"name":"Super attack(3)","id":145,"quantity":1,"price":177},{"name":"Super attack(3)","id":145,"quantity":1,"price":177},{"name":"Super attack(3)","id":145,"quantity":1,"price":177}],"date":"Aug 9, 2022, 7:08:05 PM"}
{"name":"K\u0027ril Tsutsaroth","level":650,"killCount":293,"type":"NPC","drops":[{"name":"Infernal ashes","id":25778,"quantity":1,"price":3630},{"name":"Rune scimitar","id":1333,"quantity":1,"price":14967}],"date":"Aug 9, 2022, 7:10:15 PM"}
{"name":"K\u0027ril Tsutsaroth","level":650,"killCount":294,"type":"NPC","drops":[{"name":"Infernal ashes","id":25778,"quantity":1,"price":3630},{"name":"Coins","id":995,"quantity":19758,"price":1}],"date":"Aug 9, 2022, 7:12:38 PM"}
{"name":"K\u0027ril Tsutsaroth","level":650,"killCount":295,"type":"NPC","drops":[{"name":"Infernal ashes","id":25778,"quantity":1,"price":3630},{"name":"Rune scimitar","id":1333,"quantity":1,"price":14967}],"date":"Aug 9, 2022, 7:15:25 PM"}
{"name":"K\u0027ril Tsutsaroth","level":650,"killCount":296,"type":"NPC","drops":[{"name":"Infernal ashes","id":25778,"quantity":1,"price":3630},{"name":"Coins","id":995,"quantity":19565,"price":1}],"date":"Aug 9, 2022, 7:18:17 PM"}
{"name":"K\u0027ril Tsutsaroth","level":650,"killCount":297,"type":"NPC","drops":[{"name":"Infernal ashes","id":25778,"quantity":1,"price":3630},{"name":"Rune platelegs","id":1079,"quantity":1,"price":37866}],"date":"Aug 9, 2022, 7:26:58 PM"}
{"name":"K\u0027ril Tsutsaroth","level":650,"killCount":298,"type":"NPC","drops":[{"name":"Infernal ashes","id":25778,"quantity":1,"price":3630},{"name":"Blood rune","id":565,"quantity":84,"price":361}],"date":"Aug 9, 2022, 7:29:48 PM"}
{"name":"K\u0027ril Tsutsaroth","level":650,"killCount":299,"type":"NPC","drops":[{"name":"Infernal ashes","id":25778,"quantity":1,"price":3630},{"name":"Lantadyme seed","id":5302,"quantity":3,"price":958}],"date":"Aug 9, 2022, 7:32:23 PM"}
{"name":"K\u0027ril Tsutsaroth","level":650,"killCount":300,"type":"NPC","drops":[{"name":"Infernal ashes","id":25778,"quantity":1,"price":3630},{"name":"Grimy lantadyme","id":2486,"quantity":10,"price":1366}],"date":"Aug 9, 2022, 7:41:08 PM"}
{"name":"K\u0027ril Tsutsaroth","level":650,"killCount":301,"type":"NPC","drops":[{"name":"Infernal ashes","id":25778,"quantity":1,"price":3630},{"name":"Coins","id":995,"quantity":19634,"price":1}],"date":"Aug 9, 2022, 7:44:12 PM"}
{"name":"K\u0027ril Tsutsaroth","level":650,"killCount":302,"type":"NPC","drops":[{"name":"Infernal ashes","id":25778,"quantity":1,"price":3535},{"name":"Zamorakian spear","id":11824,"quantity":1,"price":18702148}],"date":"Aug 28, 2022, 1:36:05 PM"}
