{"name":"Kalphite Worker","level":28,"killCount":-1,"type":"NPC","drops":[{"name":"Waterskin(4)","id":1823,"quantity":1,"price":138}],"date":"May 2, 2022, 10:46:45 PM"}
{"name":"Kalphite Worker","level":28,"killCount":-1,"type":"NPC","drops":[{"name":"Coins","id":995,"quantity":28,"price":1}],"date":"May 11, 2022, 6:51:23 PM"}
{"name":"Kalphite Worker","level":28,"killCount":-1,"type":"NPC","drops":[{"name":"Coins","id":995,"quantity":5,"price":1}],"date":"May 11, 2022, 6:52:32 PM"}
{"name":"Kalphite Worker","level":28,"killCount":-1,"type":"NPC","drops":[{"name":"Waterskin(4)","id":1823,"quantity":1,"price":197}],"date":"May 11, 2022, 6:54:32 PM"}
{"name":"Kalphite Worker","level":28,"killCount":-1,"type":"NPC","drops":[{"name":"Fire rune","id":554,"quantity":7,"price":4}],"date":"May 11, 2022, 6:57:52 PM"}
{"name":"Kalphite Worker","level":28,"killCount":-1,"type":"NPC","drops":[{"name":"Hardleather body","id":1131,"quantity":1,"price":11}],"date":"Feb 22, 2023, 11:38:33 PM"}
{"name":"Kalphite Worker","level":28,"killCount":-1,"type":"NPC","drops":[{"name":"Coins","id":995,"quantity":15,"price":1}],"date":"Feb 23, 2023, 12:01:32 AM"}
{"name":"Kalphite Worker","level":28,"killCount":-1,"type":"NPC","drops":[{"name":"Coins","id":995,"quantity":42,"price":1}],"date":"Feb 26, 2023, 6:39:29 PM"}
{"name":"Kalphite Worker","level":28,"killCount":-1,"type":"NPC","drops":[{"name":"Coins","id":995,"quantity":15,"price":1}],"date":"Feb 26, 2023, 6:39:34 PM"}
{"name":"Kalphite Worker","level":28,"killCount":-1,"type":"NPC","drops":[{"name":"Coins","id":995,"quantity":1,"price":1}],"date":"Feb 26, 2023, 6:39:36 PM"}
{"name":"Kalphite Worker","level":28,"killCount":-1,"type":"NPC","drops":[{"name":"Body rune","id":559,"quantity":6,"price":5}],"date":"Feb 26, 2023, 6:39:40 PM"}
{"name":"Kalphite Worker","level":28,"killCount":-1,"type":"NPC","drops":[{"name":"Waterskin(4)","id":1823,"quantity":1,"price":129}],"date":"Feb 26, 2023, 6:39:41 PM"}
{"name":"Kalphite Worker","level":28,"killCount":-1,"type":"NPC","drops":[{"name":"Coins","id":995,"quantity":15,"price":1}],"date":"Feb 26, 2023, 6:39:43 PM"}
{"name":"Kalphite Worker","level":28,"killCount":-1,"type":"NPC","drops":[{"name":"Coins","id":995,"quantity":5,"price":1}],"date":"Feb 26, 2023, 6:39:47 PM"}
{"name":"Kalphite Worker","level":28,"killCount":-1,"type":"NPC","drops":[{"name":"Body rune","id":559,"quantity":6,"price":5}],"date":"Feb 26, 2023, 6:39:47 PM"}
{"name":"Kalphite Worker","level":28,"killCount":-1,"type":"NPC","drops":[{"name":"Coins","id":995,"quantity":5,"price":1}],"date":"Feb 26, 2023, 6:39:55 PM"}
{"name":"Kalphite Worker","level":28,"killCount":-1,"type":"NPC","drops":[{"name":"Coins","id":995,"quantity":15,"price":1}],"date":"Feb 26, 2023, 6:39:56 PM"}
{"name":"Kalphite Worker","level":28,"killCount":-1,"type":"NPC","drops":[{"name":"Waterskin(4)","id":1823,"quantity":1,"price":129}],"date":"Feb 26, 2023, 6:40:05 PM"}
{"name":"Kalphite Worker","level":28,"killCount":-1,"type":"NPC","drops":[{"name":"Coins","id":995,"quantity":15,"price":1}],"date":"Feb 26, 2023, 6:40:05 PM"}
{"name":"Kalphite Worker","level":28,"killCount":-1,"type":"NPC","drops":[{"name":"Waterskin(4)","id":1823,"quantity":1,"price":129}],"date":"Feb 26, 2023, 6:40:06 PM"}
{"name":"Kalphite Worker","level":28,"killCount":-1,"type":"NPC","drops":[{"name":"Waterskin(4)","id":1823,"quantity":1,"price":129}],"date":"Feb 26, 2023, 6:40:07 PM"}
{"name":"Kalphite Worker","level":28,"killCount":-1,"type":"NPC","drops":[{"name":"Coins","id":995,"quantity":15,"price":1}],"date":"Feb 26, 2023, 6:40:12 PM"}
{"name":"Kalphite Worker","level":28,"killCount":-1,"type":"NPC","drops":[{"name":"Coins","id":995,"quantity":5,"price":1}],"date":"Feb 26, 2023, 6:40:14 PM"}
{"name":"Kalphite Worker","level":28,"killCount":-1,"type":"NPC","drops":[{"name":"Ensouled kalphite head","id":13489,"quantity":1,"price":2320},{"name":"Waterskin(4)","id":1823,"quantity":1,"price":129}],"date":"Feb 26, 2023, 6:40:16 PM"}
{"name":"Kalphite Worker","level":28,"killCount":-1,"type":"NPC","drops":[{"name":"Coins","id":995,"quantity":28,"price":1}],"date":"Feb 26, 2023, 6:40:17 PM"}
{"name":"Kalphite Worker","level":28,"killCount":-1,"type":"NPC","drops":[{"name":"Coins","id":995,"quantity":42,"price":1}],"date":"Feb 26, 2023, 6:40:19 PM"}
{"name":"Kalphite Worker","level":28,"killCount":-1,"type":"NPC","drops":[{"name":"Coins","id":995,"quantity":28,"price":1}],"date":"Feb 26, 2023, 6:40:28 PM"}
{"name":"Kalphite Worker","level":28,"killCount":-1,"type":"NPC","drops":[{"name":"Grimy marrentill","id":201,"quantity":1,"price":35}],"date":"Feb 26, 2023, 6:40:28 PM"}
{"name":"Kalphite Worker","level":28,"killCount":-1,"type":"NPC","drops":[{"name":"Coins","id":995,"quantity":15,"price":1}],"date":"Feb 26, 2023, 6:40:30 PM"}
{"name":"Kalphite Worker","level":28,"killCount":-1,"type":"NPC","drops":[{"name":"Grimy tarromin","id":203,"quantity":1,"price":146}],"date":"Feb 26, 2023, 6:40:33 PM"}
{"name":"Kalphite Worker","level":28,"killCount":-1,"type":"NPC","drops":[{"name":"Law rune","id":563,"quantity":2,"price":124}],"date":"Feb 26, 2023, 6:40:38 PM"}
{"name":"Kalphite Worker","level":28,"killCount":-1,"type":"NPC","drops":[{"name":"Coins","id":995,"quantity":28,"price":1}],"date":"Feb 26, 2023, 6:40:40 PM"}
{"name":"Kalphite Worker","level":28,"killCount":-1,"type":"NPC","drops":[{"name":"Waterskin(4)","id":1823,"quantity":1,"price":129}],"date":"Feb 26, 2023, 6:40:44 PM"}
{"name":"Kalphite Worker","level":28,"killCount":-1,"type":"NPC","drops":[{"name":"Coins","id":995,"quantity":62,"price":1}],"date":"Feb 26, 2023, 6:40:49 PM"}
{"name":"Kalphite Worker","level":28,"killCount":-1,"type":"NPC","drops":[{"name":"Waterskin(4)","id":1823,"quantity":1,"price":129}],"date":"Feb 26, 2023, 6:40:50 PM"}
{"name":"Kalphite Worker","level":28,"killCount":-1,"type":"NPC","drops":[{"name":"Coins","id":995,"quantity":28,"price":1}],"date":"Feb 26, 2023, 6:40:50 PM"}
{"name":"Kalphite Worker","level":28,"killCount":-1,"type":"NPC","drops":[{"name":"Waterskin(4)","id":1823,"quantity":1,"price":129}],"date":"Feb 26, 2023, 6:40:50 PM"}
{"name":"Kalphite Worker","level":28,"killCount":-1,"type":"NPC","drops":[{"name":"Iron sword","id":1279,"quantity":1,"price":95}],"date":"Feb 26, 2023, 6:40:54 PM"}
{"name":"Kalphite Worker","level":28,"killCount":-1,"type":"NPC","drops":[{"name":"Coins","id":995,"quantity":15,"price":1}],"date":"Feb 26, 2023, 6:40:58 PM"}
{"name":"Kalphite Worker","level":28,"killCount":-1,"type":"NPC","drops":[{"name":"Waterskin(4)","id":1823,"quantity":1,"price":129}],"date":"Feb 26, 2023, 6:41:00 PM"}
{"name":"Kalphite Worker","level":28,"killCount":-1,"type":"NPC","drops":[{"name":"Coins","id":995,"quantity":5,"price":1}],"date":"Feb 26, 2023, 6:41:08 PM"}
{"name":"Kalphite Worker","level":28,"killCount":-1,"type":"NPC","drops":[{"name":"Coins","id":995,"quantity":15,"price":1}],"date":"Feb 26, 2023, 6:41:08 PM"}
{"name":"Kalphite Worker","level":28,"killCount":-1,"type":"NPC","drops":[{"name":"Coins","id":995,"quantity":5,"price":1}],"date":"Feb 26, 2023, 6:41:12 PM"}
{"name":"Kalphite Worker","level":28,"killCount":-1,"type":"NPC","drops":[{"name":"Coins","id":995,"quantity":62,"price":1}],"date":"Feb 26, 2023, 6:41:14 PM"}
{"name":"Kalphite Worker","level":28,"killCount":-1,"type":"NPC","drops":[{"name":"Coins","id":995,"quantity":1,"price":1}],"date":"Feb 26, 2023, 6:41:19 PM"}
{"name":"Kalphite Worker","level":28,"killCount":-1,"type":"NPC","drops":[{"name":"Nature rune","id":561,"quantity":4,"price":116}],"date":"Feb 26, 2023, 6:41:19 PM"}
{"name":"Kalphite Worker","level":28,"killCount":-1,"type":"NPC","drops":[{"name":"Coins","id":995,"quantity":62,"price":1}],"date":"Feb 26, 2023, 6:41:23 PM"}
{"name":"Kalphite Worker","level":28,"killCount":-1,"type":"NPC","drops":[{"name":"Iron sword","id":1279,"quantity":1,"price":95}],"date":"Feb 26, 2023, 6:41:25 PM"}
{"name":"Kalphite Worker","level":28,"killCount":-1,"type":"NPC","drops":[{"name":"Coins","id":995,"quantity":15,"price":1}],"date":"Feb 26, 2023, 6:41:28 PM"}
{"name":"Kalphite Worker","level":28,"killCount":-1,"type":"NPC","drops":[{"name":"Coins","id":995,"quantity":15,"price":1}],"date":"Feb 26, 2023, 6:41:31 PM"}
{"name":"Kalphite Worker","level":28,"killCount":-1,"type":"NPC","drops":[{"name":"Coins","id":995,"quantity":28,"price":1}],"date":"Feb 26, 2023, 6:41:34 PM"}
{"name":"Kalphite Worker","level":28,"killCount":-1,"type":"NPC","drops":[{"name":"Fire rune","id":554,"quantity":7,"price":5}],"date":"Feb 26, 2023, 6:41:37 PM"}
{"name":"Kalphite Worker","level":28,"killCount":-1,"type":"NPC","drops":[{"name":"Coins","id":995,"quantity":15,"price":1}],"date":"Feb 26, 2023, 6:41:42 PM"}
{"name":"Kalphite Worker","level":28,"killCount":-1,"type":"NPC","drops":[{"name":"Iron sword","id":1279,"quantity":1,"price":95}],"date":"Feb 26, 2023, 6:41:46 PM"}
{"name":"Kalphite Worker","level":28,"killCount":-1,"type":"NPC","drops":[{"name":"Coins","id":995,"quantity":28,"price":1}],"date":"Feb 26, 2023, 6:41:50 PM"}
{"name":"Kalphite Worker","level":28,"killCount":-1,"type":"NPC","drops":[{"name":"Coins","id":995,"quantity":28,"price":1}],"date":"Feb 26, 2023, 6:41:55 PM"}
{"name":"Kalphite Worker","level":28,"killCount":-1,"type":"NPC","drops":[{"name":"Coins","id":995,"quantity":15,"price":1}],"date":"Feb 26, 2023, 6:42:00 PM"}
{"name":"Kalphite Worker","level":28,"killCount":-1,"type":"NPC","drops":[{"name":"Coins","id":995,"quantity":15,"price":1}],"date":"Feb 26, 2023, 6:42:02 PM"}
{"name":"Kalphite Worker","level":28,"killCount":-1,"type":"NPC","drops":[{"name":"Coins","id":995,"quantity":15,"price":1}],"date":"Feb 26, 2023, 6:42:04 PM"}
{"name":"Kalphite Worker","level":28,"killCount":-1,"type":"NPC","drops":[{"name":"Coins","id":995,"quantity":5,"price":1}],"date":"Feb 26, 2023, 6:42:08 PM"}
{"name":"Kalphite Worker","level":28,"killCount":-1,"type":"NPC","drops":[{"name":"Coins","id":995,"quantity":15,"price":1}],"date":"Feb 26, 2023, 6:42:13 PM"}
{"name":"Kalphite Worker","level":28,"killCount":-1,"type":"NPC","drops":[{"name":"Coins","id":995,"quantity":5,"price":1}],"date":"Feb 26, 2023, 6:42:14 PM"}
{"name":"Kalphite Worker","level":28,"killCount":-1,"type":"NPC","drops":[{"name":"Coins","id":995,"quantity":5,"price":1}],"date":"Feb 26, 2023, 6:42:14 PM"}
{"name":"Kalphite Worker","level":28,"killCount":-1,"type":"NPC","drops":[{"name":"Coins","id":995,"quantity":15,"price":1}],"date":"Feb 26, 2023, 6:42:17 PM"}
{"name":"Kalphite Worker","level":28,"killCount":-1,"type":"NPC","drops":[{"name":"Coins","id":995,"quantity":5,"price":1}],"date":"Feb 26, 2023, 6:42:19 PM"}
{"name":"Kalphite Worker","level":28,"killCount":-1,"type":"NPC","drops":[{"name":"Coins","id":995,"quantity":1,"price":1}],"date":"Feb 26, 2023, 6:42:22 PM"}
{"name":"Kalphite Worker","level":28,"killCount":-1,"type":"NPC","drops":[{"name":"Ensouled kalphite head","id":13489,"quantity":1,"price":2320},{"name":"Uncut emerald","id":1621,"quantity":1,"price":506}],"date":"Feb 26, 2023, 6:42:23 PM"}
{"name":"Kalphite Worker","level":28,"killCount":-1,"type":"NPC","drops":[{"name":"Coins","id":995,"quantity":62,"price":1}],"date":"Feb 26, 2023, 6:42:27 PM"}
{"name":"Kalphite Worker","level":28,"killCount":-1,"type":"NPC","drops":[{"name":"Coins","id":995,"quantity":62,"price":1}],"date":"Feb 26, 2023, 6:42:34 PM"}
{"name":"Kalphite Worker","level":28,"killCount":-1,"type":"NPC","drops":[{"name":"Coins","id":995,"quantity":1,"price":1}],"date":"Feb 26, 2023, 6:42:36 PM"}
{"name":"Kalphite Worker","level":28,"killCount":-1,"type":"NPC","drops":[{"name":"Grimy guam leaf","id":199,"quantity":1,"price":39}],"date":"Feb 26, 2023, 6:42:43 PM"}
{"name":"Kalphite Worker","level":28,"killCount":-1,"type":"NPC","drops":[{"name":"Coins","id":995,"quantity":15,"price":1}],"date":"Feb 26, 2023, 6:42:46 PM"}
{"name":"Kalphite Worker","level":28,"killCount":-1,"type":"NPC","drops":[{"name":"Waterskin(4)","id":1823,"quantity":1,"price":129}],"date":"Feb 26, 2023, 6:42:50 PM"}
{"name":"Kalphite Worker","level":28,"killCount":-1,"type":"NPC","drops":[{"name":"Law rune","id":563,"quantity":2,"price":124}],"date":"Feb 26, 2023, 6:42:53 PM"}
{"name":"Kalphite Worker","level":28,"killCount":-1,"type":"NPC","drops":[{"name":"Coins","id":995,"quantity":5,"price":1}],"date":"Feb 26, 2023, 6:42:55 PM"}
{"name":"Kalphite Worker","level":28,"killCount":-1,"type":"NPC","drops":[{"name":"Coins","id":995,"quantity":42,"price":1}],"date":"Feb 26, 2023, 6:43:02 PM"}
{"name":"Kalphite Worker","level":28,"killCount":-1,"type":"NPC","drops":[{"name":"Coins","id":995,"quantity":5,"price":1}],"date":"Feb 26, 2023, 6:43:06 PM"}
{"name":"Kalphite Worker","level":28,"killCount":-1,"type":"NPC","drops":[{"name":"Coins","id":995,"quantity":5,"price":1}],"date":"Feb 26, 2023, 6:43:08 PM"}
{"name":"Kalphite Worker","level":28,"killCount":-1,"type":"NPC","drops":[{"name":"Waterskin(4)","id":1823,"quantity":1,"price":129}],"date":"Feb 26, 2023, 6:43:13 PM"}
{"name":"Kalphite Worker","level":28,"killCount":-1,"type":"NPC","drops":[{"name":"Ensouled kalphite head","id":13489,"quantity":1,"price":2320},{"name":"Coins","id":995,"quantity":5,"price":1}],"date":"Feb 26, 2023, 6:43:14 PM"}
{"name":"Kalphite Worker","level":28,"killCount":-1,"type":"NPC","drops":[{"name":"Coins","id":995,"quantity":15,"price":1}],"date":"Feb 26, 2023, 6:43:16 PM"}
{"name":"Kalphite Worker","level":28,"killCount":-1,"type":"NPC","drops":[{"name":"Coins","id":995,"quantity":28,"price":1}],"date":"Feb 26, 2023, 6:43:20 PM"}
{"name":"Kalphite Worker","level":28,"killCount":-1,"type":"NPC","drops":[{"name":"Coins","id":995,"quantity":1,"price":1}],"date":"Feb 26, 2023, 6:43:23 PM"}
{"name":"Kalphite Worker","level":28,"killCount":-1,"type":"NPC","drops":[{"name":"Coins","id":995,"quantity":15,"price":1}],"date":"Feb 26, 2023, 6:43:25 PM"}
{"name":"Kalphite Worker","level":28,"killCount":-1,"type":"NPC","drops":[{"name":"Coins","id":995,"quantity":15,"price":1}],"date":"Feb 26, 2023, 6:43:32 PM"}
{"name":"Kalphite Worker","level":28,"killCount":-1,"type":"NPC","drops":[{"name":"Iron javelin","id":826,"quantity":5,"price":4}],"date":"Feb 26, 2023, 6:43:37 PM"}
{"name":"Kalphite Worker","level":28,"killCount":-1,"type":"NPC","drops":[{"name":"Coins","id":995,"quantity":15,"price":1}],"date":"Feb 26, 2023, 6:43:47 PM"}
{"name":"Kalphite Worker","level":28,"killCount":-1,"type":"NPC","drops":[{"name":"Coins","id":995,"quantity":28,"price":1}],"date":"Feb 26, 2023, 6:43:52 PM"}
{"name":"Kalphite Worker","level":28,"killCount":-1,"type":"NPC","drops":[{"name":"Waterskin(4)","id":1823,"quantity":1,"price":129}],"date":"Feb 26, 2023, 6:43:59 PM"}
{"name":"Kalphite Worker","level":28,"killCount":-1,"type":"NPC","drops":[{"name":"Coins","id":995,"quantity":15,"price":1}],"date":"Feb 26, 2023, 6:44:07 PM"}
{"name":"Kalphite Worker","level":28,"killCount":-1,"type":"NPC","drops":[{"name":"Body rune","id":559,"quantity":6,"price":5}],"date":"Feb 26, 2023, 6:44:13 PM"}
{"name":"Kalphite Worker","level":28,"killCount":-1,"type":"NPC","drops":[{"name":"Coins","id":995,"quantity":28,"price":1}],"date":"Feb 26, 2023, 6:44:16 PM"}
{"name":"Kalphite Worker","level":28,"killCount":-1,"type":"NPC","drops":[{"name":"Fire rune","id":554,"quantity":7,"price":5}],"date":"Feb 26, 2023, 6:44:20 PM"}
{"name":"Kalphite Worker","level":28,"killCount":-1,"type":"NPC","drops":[{"name":"Water rune","id":555,"quantity":2,"price":5}],"date":"Feb 26, 2023, 6:44:25 PM"}
{"name":"Kalphite Worker","level":28,"killCount":-1,"type":"NPC","drops":[{"name":"Coins","id":995,"quantity":62,"price":1}],"date":"Feb 26, 2023, 9:51:30 PM"}
{"name":"Kalphite Worker","level":28,"killCount":-1,"type":"NPC","drops":[{"name":"Waterskin(4)","id":1823,"quantity":1,"price":129}],"date":"Feb 26, 2023, 9:51:34 PM"}
{"name":"Kalphite Worker","level":28,"killCount":-1,"type":"NPC","drops":[{"name":"Coins","id":995,"quantity":15,"price":1}],"date":"Feb 26, 2023, 9:51:34 PM"}
{"name":"Kalphite Worker","level":28,"killCount":-1,"type":"NPC","drops":[{"name":"Coins","id":995,"quantity":5,"price":1}],"date":"Feb 26, 2023, 9:51:36 PM"}
{"name":"Kalphite Worker","level":28,"killCount":-1,"type":"NPC","drops":[{"name":"Steel dagger","id":1207,"quantity":1,"price":69}],"date":"Feb 26, 2023, 9:51:40 PM"}
{"name":"Kalphite Worker","level":28,"killCount":-1,"type":"NPC","drops":[{"name":"Coins","id":995,"quantity":1,"price":1}],"date":"Feb 26, 2023, 9:51:45 PM"}
{"name":"Kalphite Worker","level":28,"killCount":-1,"type":"NPC","drops":[{"name":"Grimy harralander","id":205,"quantity":1,"price":545}],"date":"Feb 26, 2023, 9:51:46 PM"}
{"name":"Kalphite Worker","level":28,"killCount":-1,"type":"NPC","drops":[{"name":"Law rune","id":563,"quantity":2,"price":124}],"date":"Feb 26, 2023, 9:51:54 PM"}
{"name":"Kalphite Worker","level":28,"killCount":-1,"type":"NPC","drops":[{"name":"Coins","id":995,"quantity":15,"price":1}],"date":"Feb 26, 2023, 9:51:56 PM"}
{"name":"Kalphite Worker","level":28,"killCount":-1,"type":"NPC","drops":[{"name":"Coins","id":995,"quantity":15,"price":1}],"date":"Feb 26, 2023, 9:51:56 PM"}
{"name":"Kalphite Worker","level":28,"killCount":-1,"type":"NPC","drops":[{"name":"Body rune","id":559,"quantity":6,"price":5}],"date":"Feb 26, 2023, 9:52:04 PM"}
{"name":"Kalphite Worker","level":28,"killCount":-1,"type":"NPC","drops":[{"name":"Coins","id":995,"quantity":62,"price":1}],"date":"Feb 26, 2023, 9:52:09 PM"}
{"name":"Kalphite Worker","level":28,"killCount":-1,"type":"NPC","drops":[{"name":"Coins","id":995,"quantity":1,"price":1}],"date":"Feb 26, 2023, 9:52:10 PM"}
{"name":"Kalphite Worker","level":28,"killCount":-1,"type":"NPC","drops":[{"name":"Waterskin(4)","id":1823,"quantity":1,"price":129}],"date":"Feb 26, 2023, 9:52:13 PM"}
{"name":"Kalphite Worker","level":28,"killCount":-1,"type":"NPC","drops":[{"name":"Coins","id":995,"quantity":15,"price":1}],"date":"Feb 26, 2023, 9:52:19 PM"}
{"name":"Kalphite Worker","level":28,"killCount":-1,"type":"NPC","drops":[{"name":"Coins","id":995,"quantity":42,"price":1}],"date":"Feb 26, 2023, 9:52:22 PM"}
{"name":"Kalphite Worker","level":28,"killCount":-1,"type":"NPC","drops":[{"name":"Coins","id":995,"quantity":15,"price":1}],"date":"Feb 26, 2023, 9:52:24 PM"}
{"name":"Kalphite Worker","level":28,"killCount":-1,"type":"NPC","drops":[{"name":"Steel dagger","id":1207,"quantity":1,"price":69}],"date":"Feb 26, 2023, 9:52:26 PM"}
{"name":"Kalphite Worker","level":28,"killCount":-1,"type":"NPC","drops":[{"name":"Body rune","id":559,"quantity":6,"price":5}],"date":"Feb 26, 2023, 9:52:28 PM"}
{"name":"Kalphite Worker","level":28,"killCount":-1,"type":"NPC","drops":[{"name":"Coins","id":995,"quantity":5,"price":1}],"date":"Feb 26, 2023, 9:52:29 PM"}
{"name":"Kalphite Worker","level":28,"killCount":-1,"type":"NPC","drops":[{"name":"Coins","id":995,"quantity":1,"price":1}],"date":"Feb 26, 2023, 9:52:32 PM"}
{"name":"Kalphite Worker","level":28,"killCount":-1,"type":"NPC","drops":[{"name":"Coins","id":995,"quantity":15,"price":1}],"date":"Feb 26, 2023, 9:52:35 PM"}
{"name":"Kalphite Worker","level":28,"killCount":-1,"type":"NPC","drops":[{"name":"Coins","id":995,"quantity":15,"price":1}],"date":"Feb 26, 2023, 9:52:37 PM"}
{"name":"Kalphite Worker","level":28,"killCount":-1,"type":"NPC","drops":[{"name":"Waterskin(4)","id":1823,"quantity":1,"price":129}],"date":"Feb 26, 2023, 9:52:42 PM"}
{"name":"Kalphite Worker","level":28,"killCount":-1,"type":"NPC","drops":[{"name":"Coins","id":995,"quantity":28,"price":1}],"date":"Feb 26, 2023, 9:52:42 PM"}
{"name":"Kalphite Worker","level":28,"killCount":-1,"type":"NPC","drops":[{"name":"Coins","id":995,"quantity":15,"price":1}],"date":"Feb 26, 2023, 9:52:45 PM"}
{"name":"Kalphite Worker","level":28,"killCount":-1,"type":"NPC","drops":[{"name":"Coins","id":995,"quantity":1,"price":1}],"date":"Feb 26, 2023, 9:52:47 PM"}
{"name":"Kalphite Worker","level":28,"killCount":-1,"type":"NPC","drops":[{"name":"Grimy marrentill","id":201,"quantity":1,"price":35}],"date":"Feb 26, 2023, 9:52:50 PM"}
{"name":"Kalphite Worker","level":28,"killCount":-1,"type":"NPC","drops":[{"name":"Coins","id":995,"quantity":5,"price":1}],"date":"Feb 26, 2023, 9:52:52 PM"}
{"name":"Kalphite Worker","level":28,"killCount":-1,"type":"NPC","drops":[{"name":"Coins","id":995,"quantity":42,"price":1}],"date":"Feb 26, 2023, 9:52:52 PM"}
{"name":"Kalphite Worker","level":28,"killCount":-1,"type":"NPC","drops":[{"name":"Iron javelin","id":826,"quantity":5,"price":4}],"date":"Feb 26, 2023, 9:52:57 PM"}
{"name":"Kalphite Worker","level":28,"killCount":-1,"type":"NPC","drops":[{"name":"Coins","id":995,"quantity":5,"price":1}],"date":"Feb 26, 2023, 9:53:02 PM"}
{"name":"Kalphite Worker","level":28,"killCount":-1,"type":"NPC","drops":[{"name":"Law rune","id":563,"quantity":2,"price":124}],"date":"Feb 26, 2023, 9:53:05 PM"}
{"name":"Kalphite Worker","level":28,"killCount":-1,"type":"NPC","drops":[{"name":"Coins","id":995,"quantity":15,"price":1}],"date":"Feb 26, 2023, 9:53:12 PM"}
{"name":"Kalphite Worker","level":28,"killCount":-1,"type":"NPC","drops":[{"name":"Coins","id":995,"quantity":15,"price":1}],"date":"Feb 26, 2023, 9:53:14 PM"}
{"name":"Kalphite Worker","level":28,"killCount":-1,"type":"NPC","drops":[{"name":"Coins","id":995,"quantity":5,"price":1}],"date":"Feb 26, 2023, 9:53:14 PM"}
{"name":"Kalphite Worker","level":28,"killCount":-1,"type":"NPC","drops":[{"name":"Grimy ranarr weed","id":207,"quantity":1,"price":5942}],"date":"Feb 26, 2023, 9:53:16 PM"}
{"name":"Kalphite Worker","level":28,"killCount":-1,"type":"NPC","drops":[{"name":"Waterskin(4)","id":1823,"quantity":1,"price":129}],"date":"Feb 26, 2023, 9:53:21 PM"}
{"name":"Kalphite Worker","level":28,"killCount":-1,"type":"NPC","drops":[{"name":"Steel dagger","id":1207,"quantity":1,"price":69}],"date":"Feb 26, 2023, 9:53:21 PM"}
{"name":"Kalphite Worker","level":28,"killCount":-1,"type":"NPC","drops":[{"name":"Hardleather body","id":1131,"quantity":1,"price":9}],"date":"Feb 26, 2023, 9:53:24 PM"}
{"name":"Kalphite Worker","level":28,"killCount":-1,"type":"NPC","drops":[{"name":"Waterskin(4)","id":1823,"quantity":1,"price":129}],"date":"Feb 26, 2023, 9:53:30 PM"}
{"name":"Kalphite Worker","level":28,"killCount":-1,"type":"NPC","drops":[{"name":"Waterskin(4)","id":1823,"quantity":1,"price":129}],"date":"Feb 26, 2023, 9:53:32 PM"}
{"name":"Kalphite Worker","level":28,"killCount":-1,"type":"NPC","drops":[{"name":"Coins","id":995,"quantity":15,"price":1}],"date":"Feb 26, 2023, 9:53:37 PM"}
{"name":"Kalphite Worker","level":28,"killCount":-1,"type":"NPC","drops":[{"name":"Waterskin(4)","id":1823,"quantity":1,"price":129}],"date":"Feb 26, 2023, 9:53:40 PM"}
{"name":"Kalphite Worker","level":28,"killCount":-1,"type":"NPC","drops":[{"name":"Coins","id":995,"quantity":28,"price":1}],"date":"Feb 26, 2023, 9:53:42 PM"}
{"name":"Kalphite Worker","level":28,"killCount":-1,"type":"NPC","drops":[{"name":"Coins","id":995,"quantity":15,"price":1}],"date":"Feb 26, 2023, 9:53:46 PM"}
{"name":"Kalphite Worker","level":28,"killCount":-1,"type":"NPC","drops":[{"name":"Waterskin(4)","id":1823,"quantity":1,"price":129}],"date":"Feb 26, 2023, 9:53:54 PM"}
{"name":"Kalphite Worker","level":28,"killCount":-1,"type":"NPC","drops":[{"name":"Waterskin(4)","id":1823,"quantity":1,"price":129}],"date":"Feb 26, 2023, 9:53:58 PM"}
{"name":"Kalphite Worker","level":28,"killCount":-1,"type":"NPC","drops":[{"name":"Coins","id":995,"quantity":28,"price":1}],"date":"Feb 26, 2023, 9:53:59 PM"}
{"name":"Kalphite Worker","level":28,"killCount":-1,"type":"NPC","drops":[{"name":"Coins","id":995,"quantity":1,"price":1}],"date":"Feb 26, 2023, 9:54:03 PM"}
{"name":"Kalphite Worker","level":28,"killCount":-1,"type":"NPC","drops":[{"name":"Coins","id":995,"quantity":15,"price":1}],"date":"Feb 26, 2023, 9:54:07 PM"}
{"name":"Kalphite Worker","level":28,"killCount":-1,"type":"NPC","drops":[{"name":"Coins","id":995,"quantity":15,"price":1}],"date":"Feb 26, 2023, 9:54:08 PM"}
{"name":"Kalphite Worker","level":28,"killCount":-1,"type":"NPC","drops":[{"name":"Waterskin(4)","id":1823,"quantity":1,"price":129}],"date":"Feb 26, 2023, 9:54:12 PM"}
{"name":"Kalphite Worker","level":28,"killCount":-1,"type":"NPC","drops":[{"name":"Coins","id":995,"quantity":62,"price":1}],"date":"Feb 26, 2023, 9:54:14 PM"}
{"name":"Kalphite Worker","level":28,"killCount":-1,"type":"NPC","drops":[{"name":"Waterskin(4)","id":1823,"quantity":1,"price":129}],"date":"Feb 26, 2023, 9:54:17 PM"}
{"name":"Kalphite Worker","level":28,"killCount":-1,"type":"NPC","drops":[{"name":"Waterskin(4)","id":1823,"quantity":1,"price":129}],"date":"Feb 26, 2023, 9:54:20 PM"}
{"name":"Kalphite Worker","level":28,"killCount":-1,"type":"NPC","drops":[{"name":"Coins","id":995,"quantity":42,"price":1}],"date":"Feb 26, 2023, 9:54:22 PM"}
{"name":"Kalphite Worker","level":28,"killCount":-1,"type":"NPC","drops":[{"name":"Coins","id":995,"quantity":15,"price":1}],"date":"Feb 26, 2023, 9:54:30 PM"}
{"name":"Kalphite Worker","level":28,"killCount":-1,"type":"NPC","drops":[{"name":"Coins","id":995,"quantity":15,"price":1}],"date":"Feb 26, 2023, 9:54:33 PM"}
{"name":"Kalphite Worker","level":28,"killCount":-1,"type":"NPC","drops":[{"name":"Coins","id":995,"quantity":28,"price":1}],"date":"Feb 26, 2023, 9:54:35 PM"}
{"name":"Kalphite Worker","level":28,"killCount":-1,"type":"NPC","drops":[{"name":"Coins","id":995,"quantity":5,"price":1}],"date":"Feb 26, 2023, 9:54:37 PM"}
{"name":"Kalphite Worker","level":28,"killCount":-1,"type":"NPC","drops":[{"name":"Coins","id":995,"quantity":15,"price":1}],"date":"Feb 26, 2023, 9:54:38 PM"}
{"name":"Kalphite Worker","level":28,"killCount":-1,"type":"NPC","drops":[{"name":"Body rune","id":559,"quantity":6,"price":5}],"date":"Feb 26, 2023, 9:54:49 PM"}
{"name":"Kalphite Worker","level":28,"killCount":-1,"type":"NPC","drops":[{"name":"Coins","id":995,"quantity":1,"price":1}],"date":"Feb 26, 2023, 9:54:50 PM"}
{"name":"Kalphite Worker","level":28,"killCount":-1,"type":"NPC","drops":[{"name":"Steel longsword","id":1295,"quantity":1,"price":151}],"date":"Feb 26, 2023, 9:54:51 PM"}
{"name":"Kalphite Worker","level":28,"killCount":-1,"type":"NPC","drops":[{"name":"Coins","id":995,"quantity":1,"price":1}],"date":"Feb 26, 2023, 9:55:03 PM"}
{"name":"Kalphite Worker","level":28,"killCount":-1,"type":"NPC","drops":[{"name":"Coins","id":995,"quantity":5,"price":1}],"date":"Feb 26, 2023, 9:55:09 PM"}
{"name":"Kalphite Worker","level":28,"killCount":-1,"type":"NPC","drops":[{"name":"Coins","id":995,"quantity":15,"price":1}],"date":"Feb 26, 2023, 9:55:14 PM"}
{"name":"Kalphite Worker","level":28,"killCount":-1,"type":"NPC","drops":[{"name":"Coins","id":995,"quantity":15,"price":1}],"date":"Feb 26, 2023, 9:55:18 PM"}
{"name":"Kalphite Worker","level":28,"killCount":-1,"type":"NPC","drops":[{"name":"Waterskin(4)","id":1823,"quantity":1,"price":129}],"date":"Feb 26, 2023, 9:55:19 PM"}
{"name":"Kalphite Worker","level":28,"killCount":-1,"type":"NPC","drops":[{"name":"Coins","id":995,"quantity":28,"price":1}],"date":"Feb 26, 2023, 9:55:19 PM"}
{"name":"Kalphite Worker","level":28,"killCount":-1,"type":"NPC","drops":[{"name":"Grimy guam leaf","id":199,"quantity":1,"price":39}],"date":"Feb 26, 2023, 9:55:20 PM"}
{"name":"Kalphite Worker","level":28,"killCount":-1,"type":"NPC","drops":[{"name":"Coins","id":995,"quantity":15,"price":1}],"date":"Feb 26, 2023, 9:55:24 PM"}
{"name":"Kalphite Worker","level":28,"killCount":-1,"type":"NPC","drops":[{"name":"Uncut emerald","id":1621,"quantity":1,"price":506}],"date":"Feb 26, 2023, 9:55:29 PM"}
{"name":"Kalphite Worker","level":28,"killCount":-1,"type":"NPC","drops":[{"name":"Waterskin(4)","id":1823,"quantity":1,"price":129}],"date":"Feb 26, 2023, 9:55:31 PM"}
{"name":"Kalphite Worker","level":28,"killCount":-1,"type":"NPC","drops":[{"name":"Coins","id":995,"quantity":1,"price":1}],"date":"Feb 26, 2023, 9:55:34 PM"}
{"name":"Kalphite Worker","level":28,"killCount":-1,"type":"NPC","drops":[{"name":"Waterskin(4)","id":1823,"quantity":1,"price":129}],"date":"Feb 26, 2023, 9:55:39 PM"}
{"name":"Kalphite Worker","level":28,"killCount":-1,"type":"NPC","drops":[{"name":"Grimy cadantine","id":215,"quantity":1,"price":2812}],"date":"Feb 26, 2023, 9:55:39 PM"}
{"name":"Kalphite Worker","level":28,"killCount":-1,"type":"NPC","drops":[{"name":"Coins","id":995,"quantity":28,"price":1}],"date":"Feb 26, 2023, 9:55:49 PM"}
{"name":"Kalphite Worker","level":28,"killCount":-1,"type":"NPC","drops":[{"name":"Coins","id":995,"quantity":15,"price":1}],"date":"Feb 26, 2023, 9:55:52 PM"}
{"name":"Kalphite Worker","level":28,"killCount":-1,"type":"NPC","drops":[{"name":"Iron javelin","id":826,"quantity":5,"price":4}],"date":"Feb 26, 2023, 9:55:53 PM"}
{"name":"Kalphite Worker","level":28,"killCount":-1,"type":"NPC","drops":[{"name":"Coins","id":995,"quantity":15,"price":1}],"date":"Feb 26, 2023, 9:55:54 PM"}
{"name":"Kalphite Worker","level":28,"killCount":-1,"type":"NPC","drops":[{"name":"Coins","id":995,"quantity":28,"price":1}],"date":"Feb 26, 2023, 9:55:54 PM"}
{"name":"Kalphite Worker","level":28,"killCount":-1,"type":"NPC","drops":[{"name":"Coins","id":995,"quantity":1,"price":1}],"date":"Feb 26, 2023, 9:55:57 PM"}
{"name":"Kalphite Worker","level":28,"killCount":-1,"type":"NPC","drops":[{"name":"Cosmic rune","id":564,"quantity":2,"price":89}],"date":"Feb 26, 2023, 9:56:00 PM"}
{"name":"Kalphite Worker","level":28,"killCount":-1,"type":"NPC","drops":[{"name":"Cosmic rune","id":564,"quantity":2,"price":89}],"date":"Feb 26, 2023, 9:56:02 PM"}
{"name":"Kalphite Worker","level":28,"killCount":-1,"type":"NPC","drops":[{"name":"Coins","id":995,"quantity":15,"price":1}],"date":"Feb 26, 2023, 9:56:07 PM"}
{"name":"Kalphite Worker","level":28,"killCount":-1,"type":"NPC","drops":[{"name":"Nature rune","id":561,"quantity":4,"price":116}],"date":"Feb 26, 2023, 9:56:09 PM"}
{"name":"Kalphite Worker","level":28,"killCount":-1,"type":"NPC","drops":[{"name":"Coins","id":995,"quantity":15,"price":1}],"date":"Feb 26, 2023, 9:56:14 PM"}
{"name":"Kalphite Worker","level":28,"killCount":-1,"type":"NPC","drops":[{"name":"Coins","id":995,"quantity":15,"price":1}],"date":"Feb 26, 2023, 9:56:16 PM"}
{"name":"Kalphite Worker","level":28,"killCount":-1,"type":"NPC","drops":[{"name":"Coins","id":995,"quantity":15,"price":1}],"date":"Feb 26, 2023, 9:56:19 PM"}
{"name":"Kalphite Worker","level":28,"killCount":-1,"type":"NPC","drops":[{"name":"Coins","id":995,"quantity":15,"price":1}],"date":"Feb 26, 2023, 9:56:19 PM"}
{"name":"Kalphite Worker","level":28,"killCount":-1,"type":"NPC","drops":[{"name":"Coins","id":995,"quantity":15,"price":1}],"date":"Feb 26, 2023, 9:56:27 PM"}
{"name":"Kalphite Worker","level":28,"killCount":-1,"type":"NPC","drops":[{"name":"Water rune","id":555,"quantity":2,"price":5}],"date":"Feb 26, 2023, 9:56:30 PM"}
{"name":"Kalphite Worker","level":28,"killCount":-1,"type":"NPC","drops":[{"name":"Waterskin(4)","id":1823,"quantity":1,"price":129}],"date":"Feb 26, 2023, 9:56:34 PM"}
{"name":"Kalphite Worker","level":28,"killCount":-1,"type":"NPC","drops":[{"name":"Grimy guam leaf","id":199,"quantity":1,"price":39}],"date":"Feb 26, 2023, 9:56:36 PM"}
{"name":"Kalphite Worker","level":28,"killCount":-1,"type":"NPC","drops":[{"name":"Steel dagger","id":1207,"quantity":1,"price":69}],"date":"Feb 26, 2023, 9:56:38 PM"}
{"name":"Kalphite Worker","level":28,"killCount":-1,"type":"NPC","drops":[{"name":"Waterskin(4)","id":1823,"quantity":1,"price":129}],"date":"Feb 26, 2023, 9:56:39 PM"}
{"name":"Kalphite Worker","level":28,"killCount":-1,"type":"NPC","drops":[{"name":"Water rune","id":555,"quantity":2,"price":5}],"date":"Feb 26, 2023, 9:56:43 PM"}
{"name":"Kalphite Worker","level":28,"killCount":-1,"type":"NPC","drops":[{"name":"Waterskin(4)","id":1823,"quantity":1,"price":129}],"date":"Feb 26, 2023, 9:56:48 PM"}
{"name":"Kalphite Worker","level":28,"killCount":-1,"type":"NPC","drops":[{"name":"Coins","id":995,"quantity":15,"price":1}],"date":"Feb 26, 2023, 9:56:49 PM"}
{"name":"Kalphite Worker","level":28,"killCount":-1,"type":"NPC","drops":[{"name":"Waterskin(4)","id":1823,"quantity":1,"price":129}],"date":"Feb 26, 2023, 9:56:50 PM"}
{"name":"Kalphite Worker","level":28,"killCount":-1,"type":"NPC","drops":[{"name":"Coins","id":995,"quantity":15,"price":1}],"date":"Feb 26, 2023, 9:56:51 PM"}
{"name":"Kalphite Worker","level":28,"killCount":-1,"type":"NPC","drops":[{"name":"Waterskin(4)","id":1823,"quantity":1,"price":129}],"date":"Feb 26, 2023, 9:56:52 PM"}
{"name":"Kalphite Worker","level":28,"killCount":-1,"type":"NPC","drops":[{"name":"Waterskin(4)","id":1823,"quantity":1,"price":129}],"date":"Feb 26, 2023, 9:56:56 PM"}
{"name":"Kalphite Worker","level":28,"killCount":-1,"type":"NPC","drops":[{"name":"Ensouled kalphite head","id":13489,"quantity":1,"price":2320},{"name":"Coins","id":995,"quantity":15,"price":1}],"date":"Feb 26, 2023, 9:57:09 PM"}
{"name":"Kalphite Worker","level":28,"killCount":-1,"type":"NPC","drops":[{"name":"Waterskin(4)","id":1823,"quantity":1,"price":129}],"date":"Feb 26, 2023, 9:57:11 PM"}
{"name":"Kalphite Worker","level":28,"killCount":-1,"type":"NPC","drops":[{"name":"Coins","id":995,"quantity":62,"price":1}],"date":"Feb 26, 2023, 9:57:16 PM"}
{"name":"Kalphite Worker","level":28,"killCount":-1,"type":"NPC","drops":[{"name":"Iron javelin","id":826,"quantity":5,"price":4}],"date":"Feb 26, 2023, 9:57:21 PM"}
{"name":"Kalphite Worker","level":28,"killCount":-1,"type":"NPC","drops":[{"name":"Coins","id":995,"quantity":15,"price":1}],"date":"Feb 26, 2023, 9:57:25 PM"}
{"name":"Kalphite Worker","level":28,"killCount":-1,"type":"NPC","drops":[{"name":"Coins","id":995,"quantity":5,"price":1}],"date":"Feb 26, 2023, 9:57:30 PM"}
{"name":"Kalphite Worker","level":28,"killCount":-1,"type":"NPC","drops":[{"name":"Waterskin(4)","id":1823,"quantity":1,"price":129}],"date":"Feb 26, 2023, 9:57:37 PM"}
{"name":"Kalphite Worker","level":28,"killCount":-1,"type":"NPC","drops":[{"name":"Chaos rune","id":562,"quantity":3,"price":86}],"date":"Feb 26, 2023, 9:57:42 PM"}
{"name":"Kalphite Worker","level":28,"killCount":-1,"type":"NPC","drops":[{"name":"Coins","id":995,"quantity":5,"price":1}],"date":"May 3, 2023, 12:43:24 PM"}
{"name":"Kalphite Worker","level":28,"killCount":-1,"type":"NPC","drops":[{"name":"Body rune","id":559,"quantity":6,"price":5}],"date":"May 3, 2023, 12:45:29 PM"}
{"name":"Kalphite Worker","level":28,"killCount":-1,"type":"NPC","drops":[{"name":"Fire rune","id":554,"quantity":7,"price":5}],"date":"May 3, 2023, 2:44:57 PM"}
{"name":"Kalphite Worker","level":28,"killCount":-1,"type":"NPC","drops":[{"name":"Coins","id":995,"quantity":5,"price":1}],"date":"May 3, 2023, 2:45:02 PM"}
{"name":"Kalphite Worker","level":28,"killCount":-1,"type":"NPC","drops":[{"name":"Coins","id":995,"quantity":28,"price":1}],"date":"May 3, 2023, 2:45:09 PM"}
{"name":"Kalphite Worker","level":28,"killCount":-1,"type":"NPC","drops":[{"name":"Coins","id":995,"quantity":15,"price":1}],"date":"May 3, 2023, 2:45:14 PM"}
{"name":"Kalphite Worker","level":28,"killCount":-1,"type":"NPC","drops":[{"name":"Iron sword","id":1279,"quantity":1,"price":101}],"date":"May 3, 2023, 2:45:25 PM"}
{"name":"Kalphite Worker","level":28,"killCount":-1,"type":"NPC","drops":[{"name":"Coins","id":995,"quantity":15,"price":1}],"date":"May 3, 2023, 2:45:36 PM"}
{"name":"Kalphite Worker","level":28,"killCount":-1,"type":"NPC","drops":[{"name":"Coins","id":995,"quantity":15,"price":1}],"date":"May 3, 2023, 2:45:44 PM"}
{"name":"Kalphite Worker","level":28,"killCount":-1,"type":"NPC","drops":[{"name":"Waterskin(4)","id":1823,"quantity":1,"price":111}],"date":"May 3, 2023, 2:45:48 PM"}
{"name":"Kalphite Worker","level":28,"killCount":-1,"type":"NPC","drops":[{"name":"Law rune","id":563,"quantity":2,"price":118}],"date":"May 3, 2023, 2:45:56 PM"}
{"name":"Kalphite Worker","level":28,"killCount":-1,"type":"NPC","drops":[{"name":"Grimy tarromin","id":203,"quantity":1,"price":133}],"date":"May 3, 2023, 2:46:13 PM"}
{"name":"Kalphite Worker","level":28,"killCount":-1,"type":"NPC","drops":[{"name":"Waterskin(4)","id":1823,"quantity":1,"price":111}],"date":"May 3, 2023, 2:46:20 PM"}
{"name":"Kalphite Worker","level":28,"killCount":-1,"type":"NPC","drops":[{"name":"Coins","id":995,"quantity":15,"price":1}],"date":"May 3, 2023, 2:46:22 PM"}
{"name":"Kalphite Worker","level":28,"killCount":-1,"type":"NPC","drops":[{"name":"Coins","id":995,"quantity":5,"price":1}],"date":"May 3, 2023, 2:46:30 PM"}
{"name":"Kalphite Worker","level":28,"killCount":-1,"type":"NPC","drops":[{"name":"Coins","id":995,"quantity":15,"price":1}],"date":"May 3, 2023, 2:46:33 PM"}
{"name":"Kalphite Worker","level":28,"killCount":-1,"type":"NPC","drops":[{"name":"Coins","id":995,"quantity":15,"price":1}],"date":"May 3, 2023, 2:46:41 PM"}
{"name":"Kalphite Worker","level":28,"killCount":-1,"type":"NPC","drops":[{"name":"Waterskin(4)","id":1823,"quantity":1,"price":111}],"date":"May 3, 2023, 2:46:55 PM"}
{"name":"Kalphite Worker","level":28,"killCount":-1,"type":"NPC","drops":[{"name":"Coins","id":995,"quantity":5,"price":1}],"date":"May 3, 2023, 2:47:00 PM"}
{"name":"Kalphite Worker","level":28,"killCount":-1,"type":"NPC","drops":[{"name":"Coins","id":995,"quantity":15,"price":1}],"date":"May 3, 2023, 2:47:11 PM"}
{"name":"Kalphite Worker","level":28,"killCount":-1,"type":"NPC","drops":[{"name":"Coins","id":995,"quantity":62,"price":1}],"date":"May 3, 2023, 2:47:16 PM"}
{"name":"Kalphite Worker","level":28,"killCount":-1,"type":"NPC","drops":[{"name":"Waterskin(4)","id":1823,"quantity":1,"price":111}],"date":"May 3, 2023, 2:47:24 PM"}
{"name":"Kalphite Worker","level":28,"killCount":-1,"type":"NPC","drops":[{"name":"Grimy marrentill","id":201,"quantity":1,"price":32}],"date":"May 3, 2023, 2:47:37 PM"}
{"name":"Kalphite Worker","level":28,"killCount":-1,"type":"NPC","drops":[{"name":"Coins","id":995,"quantity":15,"price":1}],"date":"May 3, 2023, 2:47:47 PM"}
{"name":"Kalphite Worker","level":28,"killCount":-1,"type":"NPC","drops":[{"name":"Grimy guam leaf","id":199,"quantity":1,"price":58}],"date":"May 3, 2023, 2:47:54 PM"}
{"name":"Kalphite Worker","level":28,"killCount":-1,"type":"NPC","drops":[{"name":"Coins","id":995,"quantity":15,"price":1}],"date":"May 3, 2023, 2:48:00 PM"}
{"name":"Kalphite Worker","level":28,"killCount":-1,"type":"NPC","drops":[{"name":"Coins","id":995,"quantity":15,"price":1}],"date":"May 3, 2023, 2:48:06 PM"}
{"name":"Kalphite Worker","level":28,"killCount":-1,"type":"NPC","drops":[{"name":"Coins","id":995,"quantity":28,"price":1}],"date":"May 3, 2023, 2:48:16 PM"}
{"name":"Kalphite Worker","level":28,"killCount":-1,"type":"NPC","drops":[{"name":"Fire rune","id":554,"quantity":7,"price":5}],"date":"May 3, 2023, 2:48:25 PM"}
{"name":"Kalphite Worker","level":28,"killCount":-1,"type":"NPC","drops":[{"name":"Coins","id":995,"quantity":1,"price":1}],"date":"May 3, 2023, 2:48:34 PM"}
{"name":"Kalphite Worker","level":28,"killCount":-1,"type":"NPC","drops":[{"name":"Coins","id":995,"quantity":5,"price":1}],"date":"May 3, 2023, 2:48:39 PM"}
{"name":"Kalphite Worker","level":28,"killCount":-1,"type":"NPC","drops":[{"name":"Coins","id":995,"quantity":5,"price":1}],"date":"May 3, 2023, 2:48:41 PM"}
{"name":"Kalphite Worker","level":28,"killCount":-1,"type":"NPC","drops":[{"name":"Coins","id":995,"quantity":28,"price":1}],"date":"May 3, 2023, 3:02:17 PM"}
{"name":"Kalphite Worker","level":28,"killCount":-1,"type":"NPC","drops":[{"name":"Coins","id":995,"quantity":28,"price":1}],"date":"May 3, 2023, 3:02:29 PM"}
{"name":"Kalphite Worker","level":28,"killCount":-1,"type":"NPC","drops":[{"name":"Coins","id":995,"quantity":15,"price":1}],"date":"May 3, 2023, 3:02:35 PM"}
{"name":"Kalphite Worker","level":28,"killCount":-1,"type":"NPC","drops":[{"name":"Coins","id":995,"quantity":15,"price":1}],"date":"May 3, 2023, 3:02:42 PM"}
{"name":"Kalphite Worker","level":28,"killCount":-1,"type":"NPC","drops":[{"name":"Coins","id":995,"quantity":5,"price":1}],"date":"May 3, 2023, 3:02:50 PM"}
{"name":"Kalphite Worker","level":28,"killCount":-1,"type":"NPC","drops":[{"name":"Coins","id":995,"quantity":28,"price":1}],"date":"May 3, 2023, 3:02:59 PM"}
{"name":"Kalphite Worker","level":28,"killCount":-1,"type":"NPC","drops":[{"name":"Coins","id":995,"quantity":15,"price":1}],"date":"May 3, 2023, 3:03:03 PM"}
{"name":"Kalphite Worker","level":28,"killCount":-1,"type":"NPC","drops":[{"name":"Chaos rune","id":562,"quantity":3,"price":77}],"date":"May 3, 2023, 3:03:11 PM"}
{"name":"Kalphite Worker","level":28,"killCount":-1,"type":"NPC","drops":[{"name":"Coins","id":995,"quantity":15,"price":1}],"date":"May 3, 2023, 3:03:14 PM"}
{"name":"Kalphite Worker","level":28,"killCount":-1,"type":"NPC","drops":[{"name":"Coins","id":995,"quantity":5,"price":1}],"date":"May 3, 2023, 3:03:22 PM"}
{"name":"Kalphite Worker","level":28,"killCount":-1,"type":"NPC","drops":[{"name":"Coins","id":995,"quantity":15,"price":1}],"date":"May 3, 2023, 3:03:44 PM"}
{"name":"Kalphite Worker","level":28,"killCount":-1,"type":"NPC","drops":[{"name":"Grimy ranarr weed","id":207,"quantity":1,"price":5826}],"date":"May 3, 2023, 3:03:51 PM"}
{"name":"Kalphite Worker","level":28,"killCount":-1,"type":"NPC","drops":[{"name":"Coins","id":995,"quantity":5,"price":1}],"date":"May 3, 2023, 3:04:04 PM"}
{"name":"Kalphite Worker","level":28,"killCount":-1,"type":"NPC","drops":[{"name":"Steel dagger","id":1207,"quantity":1,"price":91}],"date":"May 3, 2023, 3:04:18 PM"}
{"name":"Kalphite Worker","level":28,"killCount":-1,"type":"NPC","drops":[{"name":"Coins","id":995,"quantity":5,"price":1}],"date":"May 3, 2023, 3:04:26 PM"}
{"name":"Kalphite Worker","level":28,"killCount":-1,"type":"NPC","drops":[{"name":"Steel dagger","id":1207,"quantity":1,"price":91}],"date":"May 3, 2023, 3:04:42 PM"}
{"name":"Kalphite Worker","level":28,"killCount":-1,"type":"NPC","drops":[{"name":"Coins","id":995,"quantity":15,"price":1}],"date":"May 3, 2023, 3:04:58 PM"}
{"name":"Kalphite Worker","level":28,"killCount":-1,"type":"NPC","drops":[{"name":"Body rune","id":559,"quantity":6,"price":5}],"date":"May 3, 2023, 3:05:20 PM"}
{"name":"Kalphite Worker","level":28,"killCount":-1,"type":"NPC","drops":[{"name":"Coins","id":995,"quantity":15,"price":1}],"date":"May 3, 2023, 3:05:37 PM"}
{"name":"Kalphite Worker","level":28,"killCount":-1,"type":"NPC","drops":[{"name":"Waterskin(4)","id":1823,"quantity":1,"price":111}],"date":"May 3, 2023, 3:05:44 PM"}
{"name":"Kalphite Worker","level":28,"killCount":-1,"type":"NPC","drops":[{"name":"Waterskin(4)","id":1823,"quantity":1,"price":111}],"date":"May 3, 2023, 3:05:49 PM"}
{"name":"Kalphite Worker","level":28,"killCount":-1,"type":"NPC","drops":[{"name":"Waterskin(4)","id":1823,"quantity":1,"price":111}],"date":"May 3, 2023, 3:06:05 PM"}
{"name":"Kalphite Worker","level":28,"killCount":-1,"type":"NPC","drops":[{"name":"Waterskin(4)","id":1823,"quantity":1,"price":111}],"date":"May 3, 2023, 3:06:18 PM"}
{"name":"Kalphite Worker","level":28,"killCount":-1,"type":"NPC","drops":[{"name":"Steel dagger","id":1207,"quantity":1,"price":91}],"date":"May 3, 2023, 3:06:22 PM"}
{"name":"Kalphite Worker","level":28,"killCount":-1,"type":"NPC","drops":[{"name":"Steel dagger","id":1207,"quantity":1,"price":91}],"date":"May 3, 2023, 3:06:32 PM"}
{"name":"Kalphite Worker","level":28,"killCount":-1,"type":"NPC","drops":[{"name":"Coins","id":995,"quantity":42,"price":1}],"date":"May 3, 2023, 3:06:43 PM"}
{"name":"Kalphite Worker","level":28,"killCount":-1,"type":"NPC","drops":[{"name":"Water rune","id":555,"quantity":2,"price":5}],"date":"May 3, 2023, 3:06:57 PM"}
{"name":"Kalphite Worker","level":28,"killCount":-1,"type":"NPC","drops":[{"name":"Coins","id":995,"quantity":5,"price":1}],"date":"May 3, 2023, 3:07:06 PM"}
{"name":"Kalphite Worker","level":28,"killCount":-1,"type":"NPC","drops":[{"name":"Steel longsword","id":1295,"quantity":1,"price":155}],"date":"May 3, 2023, 3:07:16 PM"}
{"name":"Kalphite Worker","level":28,"killCount":-1,"type":"NPC","drops":[{"name":"Coins","id":995,"quantity":15,"price":1}],"date":"May 3, 2023, 3:07:28 PM"}
{"name":"Kalphite Worker","level":28,"killCount":-1,"type":"NPC","drops":[{"name":"Law rune","id":563,"quantity":2,"price":118}],"date":"May 3, 2023, 3:07:36 PM"}
{"name":"Kalphite Worker","level":28,"killCount":-1,"type":"NPC","drops":[{"name":"Coins","id":995,"quantity":1,"price":1}],"date":"May 3, 2023, 3:07:49 PM"}
{"name":"Kalphite Worker","level":28,"killCount":-1,"type":"NPC","drops":[{"name":"Fire rune","id":554,"quantity":7,"price":5}],"date":"May 3, 2023, 3:07:57 PM"}
{"name":"Kalphite Worker","level":28,"killCount":-1,"type":"NPC","drops":[{"name":"Grimy guam leaf","id":199,"quantity":1,"price":58}],"date":"May 3, 2023, 3:08:03 PM"}
{"name":"Kalphite Worker","level":28,"killCount":-1,"type":"NPC","drops":[{"name":"Coins","id":995,"quantity":15,"price":1}],"date":"May 3, 2023, 3:08:09 PM"}
{"name":"Kalphite Worker","level":28,"killCount":-1,"type":"NPC","drops":[{"name":"Waterskin(4)","id":1823,"quantity":1,"price":111}],"date":"May 3, 2023, 3:08:17 PM"}
{"name":"Kalphite Worker","level":28,"killCount":-1,"type":"NPC","drops":[{"name":"Coins","id":995,"quantity":15,"price":1}],"date":"May 3, 2023, 3:08:26 PM"}
{"name":"Kalphite Worker","level":28,"killCount":-1,"type":"NPC","drops":[{"name":"Waterskin(4)","id":1823,"quantity":1,"price":111}],"date":"May 3, 2023, 3:08:33 PM"}
{"name":"Kalphite Worker","level":28,"killCount":-1,"type":"NPC","drops":[{"name":"Coins","id":995,"quantity":15,"price":1}],"date":"May 3, 2023, 3:08:40 PM"}
{"name":"Kalphite Worker","level":28,"killCount":-1,"type":"NPC","drops":[{"name":"Iron sword","id":1279,"quantity":1,"price":101}],"date":"May 3, 2023, 3:08:47 PM"}
{"name":"Kalphite Worker","level":28,"killCount":-1,"type":"NPC","drops":[{"name":"Coins","id":995,"quantity":5,"price":1}],"date":"May 3, 2023, 3:08:57 PM"}
{"name":"Kalphite Worker","level":28,"killCount":-1,"type":"NPC","drops":[{"name":"Coins","id":995,"quantity":5,"price":1}],"date":"May 3, 2023, 3:09:03 PM"}
{"name":"Kalphite Worker","level":28,"killCount":-1,"type":"NPC","drops":[{"name":"Grimy marrentill","id":201,"quantity":1,"price":32}],"date":"May 3, 2023, 3:09:12 PM"}
{"name":"Kalphite Worker","level":28,"killCount":-1,"type":"NPC","drops":[{"name":"Coins","id":995,"quantity":15,"price":1}],"date":"May 3, 2023, 3:09:15 PM"}
{"name":"Kalphite Worker","level":28,"killCount":-1,"type":"NPC","drops":[{"name":"Coins","id":995,"quantity":28,"price":1}],"date":"May 3, 2023, 3:09:21 PM"}
{"name":"Kalphite Worker","level":28,"killCount":-1,"type":"NPC","drops":[{"name":"Coins","id":995,"quantity":15,"price":1}],"date":"May 3, 2023, 3:09:33 PM"}
{"name":"Kalphite Worker","level":28,"killCount":-1,"type":"NPC","drops":[{"name":"Coins","id":995,"quantity":15,"price":1}],"date":"May 3, 2023, 3:09:55 PM"}
{"name":"Kalphite Worker","level":28,"killCount":-1,"type":"NPC","drops":[{"name":"Grimy avantoe","id":211,"quantity":1,"price":3104}],"date":"May 3, 2023, 3:10:00 PM"}
{"name":"Kalphite Worker","level":28,"killCount":-1,"type":"NPC","drops":[{"name":"Coins","id":995,"quantity":15,"price":1}],"date":"May 3, 2023, 3:10:12 PM"}
{"name":"Kalphite Worker","level":28,"killCount":-1,"type":"NPC","drops":[{"name":"Coins","id":995,"quantity":15,"price":1}],"date":"May 3, 2023, 3:10:17 PM"}
{"name":"Kalphite Worker","level":28,"killCount":-1,"type":"NPC","drops":[{"name":"Grimy cadantine","id":215,"quantity":1,"price":2591}],"date":"May 3, 2023, 3:10:27 PM"}
{"name":"Kalphite Worker","level":28,"killCount":-1,"type":"NPC","drops":[{"name":"Waterskin(4)","id":1823,"quantity":1,"price":111}],"date":"May 3, 2023, 3:10:37 PM"}
{"name":"Kalphite Worker","level":28,"killCount":-1,"type":"NPC","drops":[{"name":"Law rune","id":563,"quantity":2,"price":118}],"date":"May 3, 2023, 3:10:42 PM"}
{"name":"Kalphite Worker","level":28,"killCount":-1,"type":"NPC","drops":[{"name":"Waterskin(4)","id":1823,"quantity":1,"price":111}],"date":"May 3, 2023, 3:10:47 PM"}
{"name":"Kalphite Worker","level":28,"killCount":-1,"type":"NPC","drops":[{"name":"Grimy guam leaf","id":199,"quantity":1,"price":58}],"date":"May 3, 2023, 3:10:53 PM"}
{"name":"Kalphite Worker","level":28,"killCount":-1,"type":"NPC","drops":[{"name":"Iron sword","id":1279,"quantity":1,"price":101}],"date":"May 3, 2023, 3:11:05 PM"}
{"name":"Kalphite Worker","level":28,"killCount":-1,"type":"NPC","drops":[{"name":"Iron sword","id":1279,"quantity":1,"price":101}],"date":"May 3, 2023, 3:11:13 PM"}
{"name":"Kalphite Worker","level":28,"killCount":-1,"type":"NPC","drops":[{"name":"Coins","id":995,"quantity":15,"price":1}],"date":"May 3, 2023, 3:11:24 PM"}
{"name":"Kalphite Worker","level":28,"killCount":-1,"type":"NPC","drops":[{"name":"Coins","id":995,"quantity":15,"price":1}],"date":"May 3, 2023, 3:11:37 PM"}
{"name":"Kalphite Worker","level":28,"killCount":-1,"type":"NPC","drops":[{"name":"Waterskin(4)","id":1823,"quantity":1,"price":111}],"date":"May 3, 2023, 3:12:04 PM"}
{"name":"Kalphite Worker","level":28,"killCount":-1,"type":"NPC","drops":[{"name":"Fire rune","id":554,"quantity":7,"price":5}],"date":"May 3, 2023, 3:12:16 PM"}
{"name":"Kalphite Worker","level":28,"killCount":-1,"type":"NPC","drops":[{"name":"Waterskin(4)","id":1823,"quantity":1,"price":111}],"date":"May 3, 2023, 3:12:23 PM"}
{"name":"Kalphite Worker","level":28,"killCount":-1,"type":"NPC","drops":[{"name":"Coins","id":995,"quantity":15,"price":1}],"date":"May 3, 2023, 3:12:34 PM"}
{"name":"Kalphite Worker","level":28,"killCount":-1,"type":"NPC","drops":[{"name":"Coins","id":995,"quantity":28,"price":1}],"date":"May 3, 2023, 3:12:39 PM"}
{"name":"Kalphite Worker","level":28,"killCount":-1,"type":"NPC","drops":[{"name":"Coins","id":995,"quantity":28,"price":1}],"date":"May 3, 2023, 3:12:51 PM"}
{"name":"Kalphite Worker","level":28,"killCount":-1,"type":"NPC","drops":[{"name":"Law rune","id":563,"quantity":2,"price":118}],"date":"May 3, 2023, 3:12:58 PM"}
{"name":"Kalphite Worker","level":28,"killCount":-1,"type":"NPC","drops":[{"name":"Coins","id":995,"quantity":15,"price":1}],"date":"May 17, 2023, 10:56:29 AM"}
{"name":"Kalphite Worker","level":28,"killCount":-1,"type":"NPC","drops":[{"name":"Coins","id":995,"quantity":15,"price":1}],"date":"May 17, 2023, 10:56:32 AM"}
{"name":"Kalphite Worker","level":28,"killCount":-1,"type":"NPC","drops":[{"name":"Coins","id":995,"quantity":62,"price":1}],"date":"May 17, 2023, 10:56:34 AM"}
{"name":"Kalphite Worker","level":28,"killCount":-1,"type":"NPC","drops":[{"name":"Coins","id":995,"quantity":15,"price":1}],"date":"May 17, 2023, 10:56:38 AM"}
{"name":"Kalphite Worker","level":28,"killCount":-1,"type":"NPC","drops":[{"name":"Coins","id":995,"quantity":15,"price":1}],"date":"May 17, 2023, 10:56:42 AM"}
{"name":"Kalphite Worker","level":28,"killCount":-1,"type":"NPC","drops":[{"name":"Coins","id":995,"quantity":15,"price":1}],"date":"May 17, 2023, 10:56:48 AM"}
{"name":"Kalphite Worker","level":28,"killCount":-1,"type":"NPC","drops":[{"name":"Waterskin(4)","id":1823,"quantity":1,"price":138}],"date":"May 17, 2023, 10:56:49 AM"}
{"name":"Kalphite Worker","level":28,"killCount":-1,"type":"NPC","drops":[{"name":"Waterskin(4)","id":1823,"quantity":1,"price":138}],"date":"May 17, 2023, 10:56:50 AM"}
{"name":"Kalphite Worker","level":28,"killCount":-1,"type":"NPC","drops":[{"name":"Grimy marrentill","id":201,"quantity":1,"price":38}],"date":"May 17, 2023, 10:56:53 AM"}
{"name":"Kalphite Worker","level":28,"killCount":-1,"type":"NPC","drops":[{"name":"Coins","id":995,"quantity":15,"price":1}],"date":"May 17, 2023, 10:56:58 AM"}
{"name":"Kalphite Worker","level":28,"killCount":-1,"type":"NPC","drops":[{"name":"Coins","id":995,"quantity":15,"price":1}],"date":"May 17, 2023, 10:57:05 AM"}
{"name":"Kalphite Worker","level":28,"killCount":-1,"type":"NPC","drops":[{"name":"Coins","id":995,"quantity":1,"price":1}],"date":"May 17, 2023, 10:57:07 AM"}
{"name":"Kalphite Worker","level":28,"killCount":-1,"type":"NPC","drops":[{"name":"Waterskin(4)","id":1823,"quantity":1,"price":138}],"date":"May 17, 2023, 10:57:08 AM"}
{"name":"Kalphite Worker","level":28,"killCount":-1,"type":"NPC","drops":[{"name":"Grimy guam leaf","id":199,"quantity":1,"price":61}],"date":"May 17, 2023, 10:57:13 AM"}
{"name":"Kalphite Worker","level":28,"killCount":-1,"type":"NPC","drops":[{"name":"Waterskin(4)","id":1823,"quantity":1,"price":138}],"date":"May 17, 2023, 10:57:15 AM"}
{"name":"Kalphite Worker","level":28,"killCount":-1,"type":"NPC","drops":[{"name":"Grimy dwarf weed","id":217,"quantity":1,"price":1011}],"date":"May 17, 2023, 10:57:17 AM"}
{"name":"Kalphite Worker","level":28,"killCount":-1,"type":"NPC","drops":[{"name":"Coins","id":995,"quantity":28,"price":1}],"date":"May 17, 2023, 10:57:18 AM"}
{"name":"Kalphite Worker","level":28,"killCount":-1,"type":"NPC","drops":[{"name":"Grimy ranarr weed","id":207,"quantity":1,"price":5801}],"date":"May 17, 2023, 10:57:26 AM"}
{"name":"Kalphite Worker","level":28,"killCount":-1,"type":"NPC","drops":[{"name":"Coins","id":995,"quantity":1,"price":1}],"date":"May 17, 2023, 10:57:32 AM"}
{"name":"Kalphite Worker","level":28,"killCount":-1,"type":"NPC","drops":[{"name":"Coins","id":995,"quantity":28,"price":1}],"date":"May 17, 2023, 10:57:37 AM"}
{"name":"Kalphite Worker","level":28,"killCount":-1,"type":"NPC","drops":[{"name":"Iron sword","id":1279,"quantity":1,"price":98}],"date":"May 17, 2023, 10:57:39 AM"}
{"name":"Kalphite Worker","level":28,"killCount":-1,"type":"NPC","drops":[{"name":"Coins","id":995,"quantity":28,"price":1}],"date":"May 17, 2023, 10:57:46 AM"}
{"name":"Kalphite Worker","level":28,"killCount":-1,"type":"NPC","drops":[{"name":"Coins","id":995,"quantity":28,"price":1}],"date":"May 17, 2023, 10:57:48 AM"}
{"name":"Kalphite Worker","level":28,"killCount":-1,"type":"NPC","drops":[{"name":"Fire rune","id":554,"quantity":7,"price":5}],"date":"May 17, 2023, 10:57:56 AM"}
{"name":"Kalphite Worker","level":28,"killCount":-1,"type":"NPC","drops":[{"name":"Coins","id":995,"quantity":15,"price":1}],"date":"May 17, 2023, 10:57:58 AM"}
{"name":"Kalphite Worker","level":28,"killCount":-1,"type":"NPC","drops":[{"name":"Coins","id":995,"quantity":28,"price":1}],"date":"May 17, 2023, 10:57:58 AM"}
{"name":"Kalphite Worker","level":28,"killCount":-1,"type":"NPC","drops":[{"name":"Coins","id":995,"quantity":15,"price":1}],"date":"May 17, 2023, 10:58:01 AM"}
{"name":"Kalphite Worker","level":28,"killCount":-1,"type":"NPC","drops":[{"name":"Coins","id":995,"quantity":1,"price":1}],"date":"May 17, 2023, 10:58:05 AM"}
{"name":"Kalphite Worker","level":28,"killCount":-1,"type":"NPC","drops":[{"name":"Waterskin(4)","id":1823,"quantity":1,"price":138}],"date":"May 17, 2023, 10:58:07 AM"}
{"name":"Kalphite Worker","level":28,"killCount":-1,"type":"NPC","drops":[{"name":"Body rune","id":559,"quantity":6,"price":5}],"date":"May 17, 2023, 10:58:11 AM"}
{"name":"Kalphite Worker","level":28,"killCount":-1,"type":"NPC","drops":[{"name":"Coins","id":995,"quantity":5,"price":1}],"date":"May 17, 2023, 10:58:14 AM"}
{"name":"Kalphite Worker","level":28,"killCount":-1,"type":"NPC","drops":[{"name":"Coins","id":995,"quantity":15,"price":1}],"date":"May 17, 2023, 10:58:16 AM"}
{"name":"Kalphite Worker","level":28,"killCount":-1,"type":"NPC","drops":[{"name":"Coins","id":995,"quantity":15,"price":1}],"date":"May 17, 2023, 10:58:20 AM"}
{"name":"Kalphite Worker","level":28,"killCount":-1,"type":"NPC","drops":[{"name":"Coins","id":995,"quantity":15,"price":1}],"date":"May 17, 2023, 10:58:25 AM"}
{"name":"Kalphite Worker","level":28,"killCount":-1,"type":"NPC","drops":[{"name":"Coins","id":995,"quantity":62,"price":1}],"date":"May 17, 2023, 10:58:28 AM"}
{"name":"Kalphite Worker","level":28,"killCount":-1,"type":"NPC","drops":[{"name":"Coins","id":995,"quantity":15,"price":1}],"date":"May 17, 2023, 10:58:30 AM"}
{"name":"Kalphite Worker","level":28,"killCount":-1,"type":"NPC","drops":[{"name":"Steel longsword","id":1295,"quantity":1,"price":136}],"date":"May 17, 2023, 10:58:31 AM"}
{"name":"Kalphite Worker","level":28,"killCount":-1,"type":"NPC","drops":[{"name":"Coins","id":995,"quantity":5,"price":1}],"date":"May 17, 2023, 10:58:32 AM"}
{"name":"Kalphite Worker","level":28,"killCount":-1,"type":"NPC","drops":[{"name":"Coins","id":995,"quantity":15,"price":1}],"date":"May 17, 2023, 10:58:40 AM"}
{"name":"Kalphite Worker","level":28,"killCount":-1,"type":"NPC","drops":[{"name":"Coins","id":995,"quantity":42,"price":1}],"date":"May 17, 2023, 10:58:43 AM"}
{"name":"Kalphite Worker","level":28,"killCount":-1,"type":"NPC","drops":[{"name":"Law rune","id":563,"quantity":2,"price":118}],"date":"May 17, 2023, 10:58:44 AM"}
{"name":"Kalphite Worker","level":28,"killCount":-1,"type":"NPC","drops":[{"name":"Waterskin(4)","id":1823,"quantity":1,"price":138}],"date":"May 17, 2023, 10:58:47 AM"}
{"name":"Kalphite Worker","level":28,"killCount":-1,"type":"NPC","drops":[{"name":"Nature rune","id":561,"quantity":4,"price":95}],"date":"May 17, 2023, 10:58:50 AM"}
{"name":"Kalphite Worker","level":28,"killCount":-1,"type":"NPC","drops":[{"name":"Grimy guam leaf","id":199,"quantity":1,"price":61}],"date":"May 17, 2023, 10:58:55 AM"}
{"name":"Kalphite Worker","level":28,"killCount":-1,"type":"NPC","drops":[{"name":"Waterskin(4)","id":1823,"quantity":1,"price":138}],"date":"May 17, 2023, 10:58:55 AM"}
{"name":"Kalphite Worker","level":28,"killCount":-1,"type":"NPC","drops":[{"name":"Coins","id":995,"quantity":1,"price":1}],"date":"May 17, 2023, 10:58:58 AM"}
{"name":"Kalphite Worker","level":28,"killCount":-1,"type":"NPC","drops":[{"name":"Waterskin(4)","id":1823,"quantity":1,"price":138}],"date":"May 17, 2023, 10:59:02 AM"}
{"name":"Kalphite Worker","level":28,"killCount":-1,"type":"NPC","drops":[{"name":"Waterskin(4)","id":1823,"quantity":1,"price":138}],"date":"May 17, 2023, 10:59:03 AM"}
{"name":"Kalphite Worker","level":28,"killCount":-1,"type":"NPC","drops":[{"name":"Coins","id":995,"quantity":15,"price":1}],"date":"May 17, 2023, 10:59:04 AM"}
{"name":"Kalphite Worker","level":28,"killCount":-1,"type":"NPC","drops":[{"name":"Coins","id":995,"quantity":1,"price":1}],"date":"May 17, 2023, 10:59:08 AM"}
{"name":"Kalphite Worker","level":28,"killCount":-1,"type":"NPC","drops":[{"name":"Grimy marrentill","id":201,"quantity":1,"price":38}],"date":"May 17, 2023, 10:59:13 AM"}
{"name":"Kalphite Worker","level":28,"killCount":-1,"type":"NPC","drops":[{"name":"Waterskin(4)","id":1823,"quantity":1,"price":138}],"date":"May 17, 2023, 10:59:14 AM"}
{"name":"Kalphite Worker","level":28,"killCount":-1,"type":"NPC","drops":[{"name":"Waterskin(4)","id":1823,"quantity":1,"price":138}],"date":"May 17, 2023, 10:59:16 AM"}
{"name":"Kalphite Worker","level":28,"killCount":-1,"type":"NPC","drops":[{"name":"Coins","id":995,"quantity":1,"price":1}],"date":"May 17, 2023, 10:59:21 AM"}
{"name":"Kalphite Worker","level":28,"killCount":-1,"type":"NPC","drops":[{"name":"Water rune","id":555,"quantity":2,"price":5}],"date":"May 17, 2023, 10:59:23 AM"}
{"name":"Kalphite Worker","level":28,"killCount":-1,"type":"NPC","drops":[{"name":"Iron sword","id":1279,"quantity":1,"price":98}],"date":"May 17, 2023, 10:59:26 AM"}
{"name":"Kalphite Worker","level":28,"killCount":-1,"type":"NPC","drops":[{"name":"Grimy avantoe","id":211,"quantity":1,"price":2807}],"date":"May 17, 2023, 10:59:31 AM"}
{"name":"Kalphite Worker","level":28,"killCount":-1,"type":"NPC","drops":[{"name":"Coins","id":995,"quantity":15,"price":1}],"date":"May 17, 2023, 10:59:34 AM"}
{"name":"Kalphite Worker","level":28,"killCount":-1,"type":"NPC","drops":[{"name":"Coins","id":995,"quantity":28,"price":1}],"date":"May 17, 2023, 10:59:36 AM"}
{"name":"Kalphite Worker","level":28,"killCount":-1,"type":"NPC","drops":[{"name":"Coins","id":995,"quantity":62,"price":1}],"date":"May 17, 2023, 10:59:38 AM"}
{"name":"Kalphite Worker","level":28,"killCount":-1,"type":"NPC","drops":[{"name":"Coins","id":995,"quantity":15,"price":1}],"date":"May 17, 2023, 10:59:41 AM"}
{"name":"Kalphite Worker","level":28,"killCount":-1,"type":"NPC","drops":[{"name":"Waterskin(4)","id":1823,"quantity":1,"price":138}],"date":"May 17, 2023, 10:59:43 AM"}
{"name":"Kalphite Worker","level":28,"killCount":-1,"type":"NPC","drops":[{"name":"Coins","id":995,"quantity":28,"price":1}],"date":"May 17, 2023, 10:59:46 AM"}
{"name":"Kalphite Worker","level":28,"killCount":-1,"type":"NPC","drops":[{"name":"Coins","id":995,"quantity":28,"price":1}],"date":"May 17, 2023, 10:59:47 AM"}
{"name":"Kalphite Worker","level":28,"killCount":-1,"type":"NPC","drops":[{"name":"Coins","id":995,"quantity":5,"price":1}],"date":"May 17, 2023, 10:59:50 AM"}
{"name":"Kalphite Worker","level":28,"killCount":-1,"type":"NPC","drops":[{"name":"Waterskin(4)","id":1823,"quantity":1,"price":138}],"date":"May 17, 2023, 10:59:53 AM"}
{"name":"Kalphite Worker","level":28,"killCount":-1,"type":"NPC","drops":[{"name":"Coins","id":995,"quantity":5,"price":1}],"date":"May 17, 2023, 10:59:55 AM"}
{"name":"Kalphite Worker","level":28,"killCount":-1,"type":"NPC","drops":[{"name":"Coins","id":995,"quantity":1,"price":1}],"date":"May 17, 2023, 11:00:00 AM"}
{"name":"Kalphite Worker","level":28,"killCount":-1,"type":"NPC","drops":[{"name":"Coins","id":995,"quantity":42,"price":1}],"date":"May 17, 2023, 11:00:02 AM"}
{"name":"Kalphite Worker","level":28,"killCount":-1,"type":"NPC","drops":[{"name":"Coins","id":995,"quantity":15,"price":1}],"date":"May 17, 2023, 11:00:03 AM"}
{"name":"Kalphite Worker","level":28,"killCount":-1,"type":"NPC","drops":[{"name":"Iron sword","id":1279,"quantity":1,"price":98}],"date":"May 17, 2023, 11:00:06 AM"}
{"name":"Kalphite Worker","level":28,"killCount":-1,"type":"NPC","drops":[{"name":"Water rune","id":555,"quantity":2,"price":5}],"date":"May 17, 2023, 11:00:07 AM"}
{"name":"Kalphite Worker","level":28,"killCount":-1,"type":"NPC","drops":[{"name":"Waterskin(4)","id":1823,"quantity":1,"price":138}],"date":"May 17, 2023, 11:00:12 AM"}
{"name":"Kalphite Worker","level":28,"killCount":-1,"type":"NPC","drops":[{"name":"Coins","id":995,"quantity":5,"price":1}],"date":"May 17, 2023, 11:00:17 AM"}
{"name":"Kalphite Worker","level":28,"killCount":-1,"type":"NPC","drops":[{"name":"Coins","id":995,"quantity":5,"price":1}],"date":"May 17, 2023, 11:00:19 AM"}
{"name":"Kalphite Worker","level":28,"killCount":-1,"type":"NPC","drops":[{"name":"Coins","id":995,"quantity":28,"price":1}],"date":"May 17, 2023, 11:00:25 AM"}
{"name":"Kalphite Worker","level":28,"killCount":-1,"type":"NPC","drops":[{"name":"Coins","id":995,"quantity":15,"price":1}],"date":"May 17, 2023, 11:00:28 AM"}
{"name":"Kalphite Worker","level":28,"killCount":-1,"type":"NPC","drops":[{"name":"Waterskin(4)","id":1823,"quantity":1,"price":138}],"date":"May 17, 2023, 11:00:31 AM"}
{"name":"Kalphite Worker","level":28,"killCount":-1,"type":"NPC","drops":[{"name":"Iron sword","id":1279,"quantity":1,"price":98}],"date":"May 17, 2023, 11:00:43 AM"}
{"name":"Kalphite Worker","level":28,"killCount":-1,"type":"NPC","drops":[{"name":"Coins","id":995,"quantity":15,"price":1}],"date":"May 17, 2023, 11:00:46 AM"}
{"name":"Kalphite Worker","level":28,"killCount":-1,"type":"NPC","drops":[{"name":"Coins","id":995,"quantity":15,"price":1}],"date":"May 17, 2023, 11:00:48 AM"}
{"name":"Kalphite Worker","level":28,"killCount":-1,"type":"NPC","drops":[{"name":"Coins","id":995,"quantity":1,"price":1}],"date":"May 17, 2023, 11:00:52 AM"}
{"name":"Kalphite Worker","level":28,"killCount":-1,"type":"NPC","drops":[{"name":"Coins","id":995,"quantity":28,"price":1}],"date":"May 17, 2023, 11:00:55 AM"}
{"name":"Kalphite Worker","level":28,"killCount":-1,"type":"NPC","drops":[{"name":"Coins","id":995,"quantity":15,"price":1}],"date":"May 17, 2023, 11:01:00 AM"}
{"name":"Kalphite Worker","level":28,"killCount":-1,"type":"NPC","drops":[{"name":"Waterskin(4)","id":1823,"quantity":1,"price":138}],"date":"May 17, 2023, 11:01:02 AM"}
{"name":"Kalphite Worker","level":28,"killCount":-1,"type":"NPC","drops":[{"name":"Coins","id":995,"quantity":5,"price":1}],"date":"May 17, 2023, 11:01:05 AM"}
{"name":"Kalphite Worker","level":28,"killCount":-1,"type":"NPC","drops":[{"name":"Coins","id":995,"quantity":5,"price":1}],"date":"May 17, 2023, 11:01:12 AM"}
{"name":"Kalphite Worker","level":28,"killCount":-1,"type":"NPC","drops":[{"name":"Coins","id":995,"quantity":28,"price":1}],"date":"May 17, 2023, 11:01:14 AM"}
{"name":"Kalphite Worker","level":28,"killCount":-1,"type":"NPC","drops":[{"name":"Coins","id":995,"quantity":62,"price":1}],"date":"May 17, 2023, 11:01:17 AM"}
{"name":"Kalphite Worker","level":28,"killCount":-1,"type":"NPC","drops":[{"name":"Coins","id":995,"quantity":15,"price":1}],"date":"May 17, 2023, 11:01:28 AM"}
{"name":"Kalphite Worker","level":28,"killCount":-1,"type":"NPC","drops":[{"name":"Coins","id":995,"quantity":5,"price":1}],"date":"May 17, 2023, 11:01:34 AM"}
{"name":"Kalphite Worker","level":28,"killCount":-1,"type":"NPC","drops":[{"name":"Coins","id":995,"quantity":15,"price":1}],"date":"May 17, 2023, 11:01:35 AM"}
{"name":"Kalphite Worker","level":28,"killCount":-1,"type":"NPC","drops":[{"name":"Coins","id":995,"quantity":5,"price":1}],"date":"May 17, 2023, 11:01:36 AM"}
{"name":"Kalphite Worker","level":28,"killCount":-1,"type":"NPC","drops":[{"name":"Coins","id":995,"quantity":5,"price":1}],"date":"May 17, 2023, 11:01:38 AM"}
{"name":"Kalphite Worker","level":28,"killCount":-1,"type":"NPC","drops":[{"name":"Chaos rune","id":562,"quantity":3,"price":68}],"date":"May 17, 2023, 11:01:44 AM"}
{"name":"Kalphite Worker","level":28,"killCount":-1,"type":"NPC","drops":[{"name":"Coins","id":995,"quantity":15,"price":1}],"date":"May 17, 2023, 11:01:46 AM"}
{"name":"Kalphite Worker","level":28,"killCount":-1,"type":"NPC","drops":[{"name":"Coins","id":995,"quantity":15,"price":1}],"date":"May 17, 2023, 11:01:49 AM"}
{"name":"Kalphite Worker","level":28,"killCount":-1,"type":"NPC","drops":[{"name":"Coins","id":995,"quantity":28,"price":1}],"date":"May 17, 2023, 11:01:51 AM"}
{"name":"Kalphite Worker","level":28,"killCount":-1,"type":"NPC","drops":[{"name":"Coins","id":995,"quantity":1,"price":1}],"date":"May 17, 2023, 11:01:55 AM"}
{"name":"Kalphite Worker","level":28,"killCount":-1,"type":"NPC","drops":[{"name":"Coins","id":995,"quantity":5,"price":1}],"date":"May 17, 2023, 11:01:56 AM"}
{"name":"Kalphite Worker","level":28,"killCount":-1,"type":"NPC","drops":[{"name":"Waterskin(4)","id":1823,"quantity":1,"price":138}],"date":"May 17, 2023, 11:01:56 AM"}
{"name":"Kalphite Worker","level":28,"killCount":-1,"type":"NPC","drops":[{"name":"Coins","id":995,"quantity":5,"price":1}],"date":"May 17, 2023, 11:02:01 AM"}
{"name":"Kalphite Worker","level":28,"killCount":-1,"type":"NPC","drops":[{"name":"Coins","id":995,"quantity":15,"price":1}],"date":"May 17, 2023, 11:02:04 AM"}
{"name":"Kalphite Worker","level":28,"killCount":-1,"type":"NPC","drops":[{"name":"Coins","id":995,"quantity":28,"price":1}],"date":"May 17, 2023, 11:02:08 AM"}
{"name":"Kalphite Worker","level":28,"killCount":-1,"type":"NPC","drops":[{"name":"Coins","id":995,"quantity":28,"price":1}],"date":"May 17, 2023, 11:02:16 AM"}
{"name":"Kalphite Worker","level":28,"killCount":-1,"type":"NPC","drops":[{"name":"Cosmic rune","id":564,"quantity":2,"price":104}],"date":"May 17, 2023, 11:02:16 AM"}
{"name":"Kalphite Worker","level":28,"killCount":-1,"type":"NPC","drops":[{"name":"Grimy guam leaf","id":199,"quantity":1,"price":61}],"date":"May 17, 2023, 11:02:20 AM"}
{"name":"Kalphite Worker","level":28,"killCount":-1,"type":"NPC","drops":[{"name":"Waterskin(4)","id":1823,"quantity":1,"price":138}],"date":"May 17, 2023, 11:02:22 AM"}
{"name":"Kalphite Worker","level":28,"killCount":-1,"type":"NPC","drops":[{"name":"Coins","id":995,"quantity":1,"price":1}],"date":"May 17, 2023, 11:02:22 AM"}
{"name":"Kalphite Worker","level":28,"killCount":-1,"type":"NPC","drops":[{"name":"Coins","id":995,"quantity":1,"price":1}],"date":"May 17, 2023, 11:02:27 AM"}
{"name":"Kalphite Worker","level":28,"killCount":-1,"type":"NPC","drops":[{"name":"Iron sword","id":1279,"quantity":1,"price":98}],"date":"May 17, 2023, 11:02:28 AM"}
{"name":"Kalphite Worker","level":28,"killCount":-1,"type":"NPC","drops":[{"name":"Coins","id":995,"quantity":15,"price":1}],"date":"May 17, 2023, 11:02:34 AM"}
{"name":"Kalphite Worker","level":28,"killCount":-1,"type":"NPC","drops":[{"name":"Grimy guam leaf","id":199,"quantity":1,"price":61}],"date":"May 17, 2023, 11:02:37 AM"}
{"name":"Kalphite Worker","level":28,"killCount":-1,"type":"NPC","drops":[{"name":"Coins","id":995,"quantity":15,"price":1}],"date":"May 17, 2023, 11:02:38 AM"}
{"name":"Kalphite Worker","level":28,"killCount":-1,"type":"NPC","drops":[{"name":"Coins","id":995,"quantity":42,"price":1}],"date":"May 17, 2023, 11:02:39 AM"}
{"name":"Kalphite Worker","level":28,"killCount":-1,"type":"NPC","drops":[{"name":"Waterskin(4)","id":1823,"quantity":1,"price":138}],"date":"May 17, 2023, 11:02:46 AM"}
{"name":"Kalphite Worker","level":28,"killCount":-1,"type":"NPC","drops":[{"name":"Coins","id":995,"quantity":1,"price":1}],"date":"May 17, 2023, 11:02:48 AM"}
{"name":"Kalphite Worker","level":28,"killCount":-1,"type":"NPC","drops":[{"name":"Waterskin(4)","id":1823,"quantity":1,"price":138}],"date":"May 17, 2023, 11:02:50 AM"}
{"name":"Kalphite Worker","level":28,"killCount":-1,"type":"NPC","drops":[{"name":"Coins","id":995,"quantity":1,"price":1}],"date":"May 17, 2023, 11:02:53 AM"}
{"name":"Kalphite Worker","level":28,"killCount":-1,"type":"NPC","drops":[{"name":"Coins","id":995,"quantity":1,"price":1}],"date":"May 17, 2023, 11:02:55 AM"}
{"name":"Kalphite Worker","level":28,"killCount":-1,"type":"NPC","drops":[{"name":"Coins","id":995,"quantity":5,"price":1}],"date":"May 17, 2023, 11:03:00 AM"}
{"name":"Kalphite Worker","level":28,"killCount":-1,"type":"NPC","drops":[{"name":"Coins","id":995,"quantity":15,"price":1}],"date":"May 17, 2023, 11:03:07 AM"}
{"name":"Kalphite Worker","level":28,"killCount":-1,"type":"NPC","drops":[{"name":"Coins","id":995,"quantity":15,"price":1}],"date":"May 17, 2023, 11:03:14 AM"}
{"name":"Kalphite Worker","level":28,"killCount":-1,"type":"NPC","drops":[{"name":"Coins","id":995,"quantity":15,"price":1}],"date":"May 17, 2023, 11:03:17 AM"}
