{"name":"Kraken","level":291,"killCount":507,"type":"NPC","drops":[{"name":"Mist rune","id":4695,"quantity":100,"price":133}],"date":"Apr 29, 2022, 12:05:33 PM"}
{"name":"Kraken","level":291,"killCount":508,"type":"NPC","drops":[{"name":"Sanfew serum(4)","id":10925,"quantity":1,"price":36417},{"name":"Sanfew serum(4)","id":10925,"quantity":1,"price":36417}],"date":"Apr 29, 2022, 12:06:13 PM"}
{"name":"Kraken","level":291,"killCount":509,"type":"NPC","drops":[{"name":"Chaos rune","id":562,"quantity":250,"price":65}],"date":"Apr 29, 2022, 12:07:29 PM"}
{"name":"Kraken","level":291,"killCount":510,"type":"NPC","drops":[{"name":"Rune warhammer","id":1347,"quantity":1,"price":24807}],"date":"Apr 29, 2022, 12:08:59 PM"}
{"name":"Kraken","level":291,"killCount":511,"type":"NPC","drops":[{"name":"Mystic robe bottom","id":4093,"quantity":1,"price":47725}],"date":"Apr 29, 2022, 12:09:53 PM"}
{"name":"Kraken","level":291,"killCount":512,"type":"NPC","drops":[{"name":"Unpowered orb","id":568,"quantity":50,"price":110}],"date":"Apr 29, 2022, 12:10:47 PM"}
{"name":"Kraken","level":291,"killCount":513,"type":"NPC","drops":[{"name":"Coins","id":995,"quantity":13854,"price":1}],"date":"Apr 29, 2022, 12:11:42 PM"}
{"name":"Kraken","level":291,"killCount":514,"type":"NPC","drops":[{"name":"Coins","id":995,"quantity":12403,"price":1}],"date":"Apr 29, 2022, 12:12:52 PM"}
{"name":"Kraken","level":291,"killCount":515,"type":"NPC","drops":[{"name":"Antidote++(4)","id":5953,"quantity":2,"price":2064}],"date":"Apr 29, 2022, 12:14:00 PM"}
{"name":"Kraken","level":291,"killCount":516,"type":"NPC","drops":[{"name":"Water rune","id":555,"quantity":400,"price":4}],"date":"Apr 29, 2022, 12:15:00 PM"}
{"name":"Kraken","level":291,"killCount":517,"type":"NPC","drops":[{"name":"Water rune","id":555,"quantity":400,"price":4}],"date":"Apr 29, 2022, 12:15:55 PM"}
{"name":"Kraken","level":291,"killCount":518,"type":"NPC","drops":[{"name":"Dragonstone ring","id":1645,"quantity":1,"price":12040}],"date":"Apr 29, 2022, 12:16:53 PM"}
{"name":"Kraken","level":291,"killCount":519,"type":"NPC","drops":[{"name":"Water rune","id":555,"quantity":400,"price":4}],"date":"Apr 29, 2022, 12:17:48 PM"}
{"name":"Kraken","level":291,"killCount":520,"type":"NPC","drops":[{"name":"Oak plank","id":8779,"quantity":60,"price":465}],"date":"Apr 29, 2022, 12:18:54 PM"}
{"name":"Kraken","level":291,"killCount":521,"type":"NPC","drops":[{"name":"Antidote++(4)","id":5953,"quantity":2,"price":1995}],"date":"Apr 29, 2022, 12:19:59 PM"}
{"name":"Kraken","level":291,"killCount":522,"type":"NPC","drops":[{"name":"Edible seaweed","id":403,"quantity":1,"price":13},{"name":"Edible seaweed","id":403,"quantity":1,"price":13},{"name":"Edible seaweed","id":403,"quantity":1,"price":13},{"name":"Edible seaweed","id":403,"quantity":1,"price":13},{"name":"Edible seaweed","id":403,"quantity":1,"price":13}],"date":"Apr 29, 2022, 12:20:56 PM"}
{"name":"Kraken","level":291,"killCount":523,"type":"NPC","drops":[{"name":"Diamond","id":1602,"quantity":8,"price":1845}],"date":"Apr 29, 2022, 12:21:56 PM"}
{"name":"Kraken","level":291,"killCount":524,"type":"NPC","drops":[{"name":"Death rune","id":560,"quantity":150,"price":184}],"date":"Apr 29, 2022, 12:23:17 PM"}
{"name":"Kraken","level":291,"killCount":525,"type":"NPC","drops":[{"name":"Raw monkfish","id":7945,"quantity":100,"price":248}],"date":"Apr 29, 2022, 12:24:15 PM"}
{"name":"Kraken","level":291,"killCount":526,"type":"NPC","drops":[{"name":"Blood rune","id":565,"quantity":60,"price":341}],"date":"Apr 29, 2022, 12:25:36 PM"}
{"name":"Kraken","level":291,"killCount":527,"type":"NPC","drops":[{"name":"Rune warhammer","id":1347,"quantity":1,"price":24775}],"date":"Apr 29, 2022, 12:26:23 PM"}
{"name":"Kraken","level":291,"killCount":528,"type":"NPC","drops":[{"name":"Coins","id":995,"quantity":13629,"price":1}],"date":"Apr 29, 2022, 12:27:31 PM"}
{"name":"Kraken","level":291,"killCount":529,"type":"NPC","drops":[{"name":"Battlestaff","id":1392,"quantity":10,"price":7851}],"date":"Apr 29, 2022, 12:28:39 PM"}
{"name":"Kraken","level":291,"killCount":530,"type":"NPC","drops":[{"name":"Rune warhammer","id":1347,"quantity":1,"price":24775}],"date":"Apr 29, 2022, 12:29:49 PM"}
{"name":"Kraken","level":291,"killCount":531,"type":"NPC","drops":[{"name":"Death rune","id":560,"quantity":150,"price":184}],"date":"Apr 29, 2022, 12:31:26 PM"}
{"name":"Kraken","level":291,"killCount":532,"type":"NPC","drops":[{"name":"Coins","id":995,"quantity":13171,"price":1}],"date":"Apr 29, 2022, 12:35:04 PM"}
{"name":"Kraken","level":291,"killCount":533,"type":"NPC","drops":[{"name":"Coins","id":995,"quantity":14149,"price":1}],"date":"Apr 29, 2022, 12:36:06 PM"}
{"name":"Kraken","level":291,"killCount":534,"type":"NPC","drops":[{"name":"Coins","id":995,"quantity":10230,"price":1}],"date":"Apr 29, 2022, 12:37:13 PM"}
{"name":"Kraken","level":291,"killCount":535,"type":"NPC","drops":[{"name":"Coins","id":995,"quantity":11315,"price":1}],"date":"Apr 29, 2022, 12:38:07 PM"}
{"name":"Kraken","level":291,"killCount":536,"type":"NPC","drops":[{"name":"Death rune","id":560,"quantity":150,"price":184}],"date":"Apr 29, 2022, 12:39:01 PM"}
{"name":"Kraken","level":291,"killCount":537,"type":"NPC","drops":[{"name":"Battlestaff","id":1392,"quantity":10,"price":7851}],"date":"Apr 29, 2022, 12:39:54 PM"}
{"name":"Kraken","level":291,"killCount":538,"type":"NPC","drops":[{"name":"Chaos rune","id":562,"quantity":250,"price":62}],"date":"Apr 29, 2022, 12:40:54 PM"}
{"name":"Kraken","level":291,"killCount":539,"type":"NPC","drops":[{"name":"Raw monkfish","id":7945,"quantity":100,"price":248}],"date":"Apr 29, 2022, 12:41:54 PM"}
{"name":"Kraken","level":291,"killCount":540,"type":"NPC","drops":[{"name":"Death rune","id":560,"quantity":150,"price":184}],"date":"Apr 29, 2022, 12:42:49 PM"}
{"name":"Kraken","level":291,"killCount":541,"type":"NPC","drops":[{"name":"Dragonstone ring","id":1645,"quantity":1,"price":12020}],"date":"Apr 29, 2022, 12:45:12 PM"}
{"name":"Kraken","level":291,"killCount":542,"type":"NPC","drops":[{"name":"Antidote++(4)","id":5953,"quantity":2,"price":1995}],"date":"Apr 29, 2022, 12:46:33 PM"}
{"name":"Kraken","level":291,"killCount":543,"type":"NPC","drops":[{"name":"Raw shark","id":384,"quantity":50,"price":753}],"date":"Apr 29, 2022, 12:47:42 PM"}
{"name":"Kraken","level":291,"killCount":544,"type":"NPC","drops":[{"name":"Blood rune","id":565,"quantity":60,"price":341}],"date":"Apr 29, 2022, 12:48:43 PM"}
{"name":"Kraken","level":291,"killCount":545,"type":"NPC","drops":[{"name":"Water rune","id":555,"quantity":400,"price":4}],"date":"Apr 29, 2022, 12:49:47 PM"}
{"name":"Kraken","level":291,"killCount":546,"type":"NPC","drops":[{"name":"Unpowered orb","id":568,"quantity":50,"price":110}],"date":"Apr 29, 2022, 12:50:57 PM"}
{"name":"Kraken","level":291,"killCount":547,"type":"NPC","drops":[{"name":"Mystic water staff","id":1403,"quantity":1,"price":25527}],"date":"Apr 29, 2022, 12:51:54 PM"}
{"name":"Kraken","level":291,"killCount":548,"type":"NPC","drops":[{"name":"Shark","id":385,"quantity":1,"price":914},{"name":"Shark","id":385,"quantity":1,"price":914},{"name":"Shark","id":385,"quantity":1,"price":914},{"name":"Shark","id":385,"quantity":1,"price":914},{"name":"Shark","id":385,"quantity":1,"price":914}],"date":"Apr 29, 2022, 12:53:02 PM"}
{"name":"Kraken","level":291,"killCount":549,"type":"NPC","drops":[{"name":"Battlestaff","id":1392,"quantity":10,"price":7787}],"date":"Apr 29, 2022, 12:54:22 PM"}
{"name":"Kraken","level":291,"killCount":550,"type":"NPC","drops":[{"name":"Raw monkfish","id":7945,"quantity":100,"price":246}],"date":"Apr 29, 2022, 12:55:34 PM"}
{"name":"Kraken","level":291,"killCount":551,"type":"NPC","drops":[{"name":"Death rune","id":560,"quantity":150,"price":184}],"date":"Apr 29, 2022, 12:56:57 PM"}
{"name":"Kraken","level":291,"killCount":552,"type":"NPC","drops":[{"name":"Coins","id":995,"quantity":13063,"price":1}],"date":"Apr 29, 2022, 12:58:09 PM"}
{"name":"Kraken","level":291,"killCount":553,"type":"NPC","drops":[{"name":"Coins","id":995,"quantity":14673,"price":1}],"date":"Apr 29, 2022, 12:59:06 PM"}
{"name":"Kraken","level":291,"killCount":554,"type":"NPC","drops":[{"name":"Coins","id":995,"quantity":10820,"price":1}],"date":"Apr 29, 2022, 1:00:12 PM"}
{"name":"Kraken","level":291,"killCount":555,"type":"NPC","drops":[{"name":"Chaos rune","id":562,"quantity":250,"price":65}],"date":"Apr 29, 2022, 1:01:14 PM"}
{"name":"Kraken","level":291,"killCount":556,"type":"NPC","drops":[{"name":"Shark","id":385,"quantity":1,"price":914},{"name":"Shark","id":385,"quantity":1,"price":914},{"name":"Shark","id":385,"quantity":1,"price":914},{"name":"Shark","id":385,"quantity":1,"price":914},{"name":"Shark","id":385,"quantity":1,"price":914}],"date":"Apr 29, 2022, 1:02:12 PM"}
{"name":"Kraken","level":291,"killCount":557,"type":"NPC","drops":[{"name":"Pirate boots","id":7114,"quantity":1,"price":424}],"date":"Apr 29, 2022, 1:03:08 PM"}
{"name":"Kraken","level":291,"killCount":558,"type":"NPC","drops":[{"name":"Mystic water staff","id":1403,"quantity":1,"price":25527}],"date":"Apr 29, 2022, 1:04:07 PM"}
{"name":"Kraken","level":291,"killCount":559,"type":"NPC","drops":[{"name":"Coins","id":995,"quantity":15998,"price":1}],"date":"Apr 29, 2022, 1:05:03 PM"}
{"name":"Kraken","level":291,"killCount":560,"type":"NPC","drops":[{"name":"Blood rune","id":565,"quantity":60,"price":345}],"date":"Apr 29, 2022, 1:06:14 PM"}
{"name":"Kraken","level":291,"killCount":561,"type":"NPC","drops":[{"name":"Chaos rune","id":562,"quantity":250,"price":65}],"date":"Apr 29, 2022, 1:07:20 PM"}
{"name":"Kraken","level":291,"killCount":562,"type":"NPC","drops":[{"name":"Coins","id":995,"quantity":19691,"price":1}],"date":"Apr 29, 2022, 1:08:17 PM"}
{"name":"Kraken","level":291,"killCount":563,"type":"NPC","drops":[{"name":"Mystic robe top","id":4091,"quantity":1,"price":71925}],"date":"Apr 29, 2022, 1:09:07 PM"}
{"name":"Kraken","level":291,"killCount":564,"type":"NPC","drops":[{"name":"Coins","id":995,"quantity":13830,"price":1}],"date":"Apr 29, 2022, 1:09:55 PM"}
{"name":"Kraken","level":291,"killCount":565,"type":"NPC","drops":[{"name":"Mystic water staff","id":1403,"quantity":1,"price":25527}],"date":"Apr 29, 2022, 1:10:45 PM"}
{"name":"Kraken","level":291,"killCount":566,"type":"NPC","drops":[{"name":"Grimy snapdragon","id":3052,"quantity":6,"price":11825}],"date":"Apr 29, 2022, 1:11:46 PM"}
{"name":"Kraken","level":291,"killCount":567,"type":"NPC","drops":[{"name":"Sanfew serum(4)","id":10925,"quantity":1,"price":36497},{"name":"Sanfew serum(4)","id":10925,"quantity":1,"price":36497}],"date":"Apr 29, 2022, 1:12:52 PM"}
{"name":"Kraken","level":291,"killCount":568,"type":"NPC","drops":[{"name":"Antidote++(4)","id":5953,"quantity":2,"price":1943}],"date":"Apr 29, 2022, 1:13:48 PM"}
{"name":"Kraken","level":291,"killCount":569,"type":"NPC","drops":[{"name":"Coins","id":995,"quantity":14892,"price":1}],"date":"Apr 29, 2022, 1:14:50 PM"}
{"name":"Kraken","level":291,"killCount":570,"type":"NPC","drops":[{"name":"Chaos rune","id":562,"quantity":250,"price":65}],"date":"Apr 29, 2022, 1:15:44 PM"}
{"name":"Kraken","level":291,"killCount":571,"type":"NPC","drops":[{"name":"Brimstone key","id":23083,"quantity":1,"price":0},{"name":"Blood rune","id":565,"quantity":60,"price":345}],"date":"Apr 29, 2022, 1:16:32 PM"}
{"name":"Kraken","level":291,"killCount":572,"type":"NPC","drops":[{"name":"Chaos rune","id":562,"quantity":250,"price":65}],"date":"Apr 29, 2022, 1:17:40 PM"}
{"name":"Kraken","level":291,"killCount":573,"type":"NPC","drops":[{"name":"Pirate boots","id":7114,"quantity":1,"price":424}],"date":"Apr 29, 2022, 1:18:28 PM"}
{"name":"Kraken","level":291,"killCount":574,"type":"NPC","drops":[{"name":"Soul rune","id":566,"quantity":50,"price":153}],"date":"Apr 29, 2022, 1:19:16 PM"}
{"name":"Kraken","level":291,"killCount":575,"type":"NPC","drops":[{"name":"Brimstone key","id":23083,"quantity":1,"price":0},{"name":"Coins","id":995,"quantity":10897,"price":1}],"date":"Apr 29, 2022, 1:20:01 PM"}
{"name":"Kraken","level":291,"killCount":576,"type":"NPC","drops":[{"name":"Pirate boots","id":7114,"quantity":1,"price":424}],"date":"Apr 29, 2022, 1:21:08 PM"}
{"name":"Kraken","level":291,"killCount":577,"type":"NPC","drops":[{"name":"Trident of the seas (full)","id":11905,"quantity":1,"price":738758}],"date":"Apr 29, 2022, 1:22:04 PM"}
{"name":"Kraken","level":291,"killCount":578,"type":"NPC","drops":[{"name":"Sanfew serum(4)","id":10925,"quantity":1,"price":36416},{"name":"Sanfew serum(4)","id":10925,"quantity":1,"price":36416}],"date":"Apr 29, 2022, 1:23:04 PM"}
{"name":"Kraken","level":291,"killCount":579,"type":"NPC","drops":[{"name":"Diamond","id":1602,"quantity":8,"price":1835}],"date":"Apr 29, 2022, 1:24:07 PM"}
{"name":"Kraken","level":291,"killCount":580,"type":"NPC","drops":[{"name":"Unpowered orb","id":568,"quantity":50,"price":109}],"date":"Apr 29, 2022, 1:25:18 PM"}
{"name":"Kraken","level":291,"killCount":581,"type":"NPC","drops":[{"name":"Coins","id":995,"quantity":13764,"price":1}],"date":"Apr 29, 2022, 1:26:26 PM"}
{"name":"Kraken","level":291,"killCount":582,"type":"NPC","drops":[{"name":"Death rune","id":560,"quantity":150,"price":185}],"date":"Apr 29, 2022, 1:27:27 PM"}
{"name":"Kraken","level":291,"killCount":583,"type":"NPC","drops":[{"name":"Death rune","id":560,"quantity":150,"price":185}],"date":"Apr 29, 2022, 1:28:33 PM"}
{"name":"Kraken","level":291,"killCount":584,"type":"NPC","drops":[{"name":"Antidote++(4)","id":5953,"quantity":2,"price":1952}],"date":"Apr 29, 2022, 1:29:37 PM"}
{"name":"Kraken","level":291,"killCount":585,"type":"NPC","drops":[{"name":"Water rune","id":555,"quantity":400,"price":4}],"date":"Apr 29, 2022, 1:30:34 PM"}
{"name":"Kraken","level":291,"killCount":586,"type":"NPC","drops":[{"name":"Chaos rune","id":562,"quantity":250,"price":64}],"date":"Apr 29, 2022, 1:31:34 PM"}
{"name":"Kraken","level":291,"killCount":587,"type":"NPC","drops":[{"name":"Coins","id":995,"quantity":10463,"price":1}],"date":"Apr 29, 2022, 1:32:42 PM"}
{"name":"Kraken","level":291,"killCount":588,"type":"NPC","drops":[{"name":"Shark","id":385,"quantity":1,"price":907},{"name":"Shark","id":385,"quantity":1,"price":907},{"name":"Shark","id":385,"quantity":1,"price":907},{"name":"Shark","id":385,"quantity":1,"price":907},{"name":"Shark","id":385,"quantity":1,"price":907}],"date":"Apr 29, 2022, 1:33:45 PM"}
{"name":"Kraken","level":291,"killCount":589,"type":"NPC","drops":[{"name":"Coins","id":995,"quantity":13169,"price":1}],"date":"Apr 29, 2022, 1:34:34 PM"}
{"name":"Kraken","level":291,"killCount":590,"type":"NPC","drops":[{"name":"Water rune","id":555,"quantity":400,"price":4}],"date":"Apr 29, 2022, 1:35:35 PM"}
{"name":"Kraken","level":291,"killCount":591,"type":"NPC","drops":[{"name":"Coins","id":995,"quantity":15723,"price":1}],"date":"Apr 29, 2022, 1:36:24 PM"}
{"name":"Kraken","level":291,"killCount":592,"type":"NPC","drops":[{"name":"Shark","id":385,"quantity":1,"price":907},{"name":"Shark","id":385,"quantity":1,"price":907},{"name":"Shark","id":385,"quantity":1,"price":907},{"name":"Shark","id":385,"quantity":1,"price":907},{"name":"Shark","id":385,"quantity":1,"price":907}],"date":"Apr 29, 2022, 1:37:33 PM"}
{"name":"Kraken","level":291,"killCount":593,"type":"NPC","drops":[{"name":"Rune longsword","id":1303,"quantity":1,"price":19125}],"date":"Apr 29, 2022, 1:38:36 PM"}
{"name":"Kraken","level":291,"killCount":594,"type":"NPC","drops":[{"name":"Shark","id":385,"quantity":1,"price":907},{"name":"Shark","id":385,"quantity":1,"price":907},{"name":"Shark","id":385,"quantity":1,"price":907},{"name":"Shark","id":385,"quantity":1,"price":907},{"name":"Shark","id":385,"quantity":1,"price":907}],"date":"Apr 29, 2022, 1:39:32 PM"}
{"name":"Kraken","level":291,"killCount":595,"type":"NPC","drops":[{"name":"Rune longsword","id":1303,"quantity":1,"price":19125}],"date":"Apr 29, 2022, 1:40:21 PM"}
{"name":"Kraken","level":291,"killCount":596,"type":"NPC","drops":[{"name":"Torstol seed","id":5304,"quantity":2,"price":68256}],"date":"Apr 29, 2022, 1:41:12 PM"}
{"name":"Kraken","level":291,"killCount":597,"type":"NPC","drops":[{"name":"Coins","id":995,"quantity":12713,"price":1}],"date":"Apr 29, 2022, 1:42:05 PM"}
{"name":"Kraken","level":291,"killCount":598,"type":"NPC","drops":[{"name":"Mystic robe bottom","id":4093,"quantity":1,"price":47630}],"date":"Apr 29, 2022, 1:43:13 PM"}
{"name":"Kraken","level":291,"killCount":599,"type":"NPC","drops":[{"name":"Chaos rune","id":562,"quantity":250,"price":64}],"date":"Apr 29, 2022, 1:44:09 PM"}
{"name":"Kraken","level":291,"killCount":600,"type":"NPC","drops":[{"name":"Water rune","id":555,"quantity":400,"price":4}],"date":"Apr 29, 2022, 1:45:13 PM"}
{"name":"Kraken","level":291,"killCount":601,"type":"NPC","drops":[{"name":"Seaweed","id":402,"quantity":125,"price":18}],"date":"Apr 29, 2022, 1:46:15 PM"}
{"name":"Kraken","level":291,"killCount":602,"type":"NPC","drops":[{"name":"Harpoon","id":311,"quantity":1,"price":49}],"date":"Apr 29, 2022, 1:47:07 PM"}
{"name":"Kraken","level":291,"killCount":603,"type":"NPC","drops":[{"name":"Sanfew serum(4)","id":10925,"quantity":1,"price":36416},{"name":"Sanfew serum(4)","id":10925,"quantity":1,"price":36416}],"date":"Apr 29, 2022, 1:48:10 PM"}
{"name":"Kraken","level":291,"killCount":604,"type":"NPC","drops":[{"name":"Uncut sapphire","id":1623,"quantity":1,"price":365}],"date":"Apr 29, 2022, 1:49:05 PM"}
{"name":"Kraken","level":291,"killCount":605,"type":"NPC","drops":[{"name":"Coins","id":995,"quantity":12008,"price":1}],"date":"Apr 29, 2022, 1:49:57 PM"}
{"name":"Kraken","level":291,"killCount":606,"type":"NPC","drops":[{"name":"Shark","id":385,"quantity":1,"price":897},{"name":"Shark","id":385,"quantity":1,"price":897},{"name":"Shark","id":385,"quantity":1,"price":897},{"name":"Shark","id":385,"quantity":1,"price":897},{"name":"Shark","id":385,"quantity":1,"price":897}],"date":"Apr 29, 2022, 1:50:51 PM"}
{"name":"Kraken","level":291,"killCount":607,"type":"NPC","drops":[{"name":"Blood rune","id":565,"quantity":60,"price":341}],"date":"Apr 29, 2022, 1:51:47 PM"}
{"name":"Kraken","level":291,"killCount":608,"type":"NPC","drops":[{"name":"Death rune","id":560,"quantity":150,"price":186}],"date":"Jul 6, 2022, 9:18:36 PM"}
{"name":"Kraken","level":291,"killCount":609,"type":"NPC","drops":[{"name":"Raw monkfish","id":7945,"quantity":100,"price":225}],"date":"Jul 6, 2022, 9:19:39 PM"}
{"name":"Kraken","level":291,"killCount":610,"type":"NPC","drops":[{"name":"Watermelon seed","id":5321,"quantity":24,"price":37}],"date":"Jul 6, 2022, 9:20:28 PM"}
{"name":"Kraken","level":291,"killCount":611,"type":"NPC","drops":[{"name":"Raw monkfish","id":7945,"quantity":100,"price":229}],"date":"Aug 9, 2022, 1:30:33 PM"}
{"name":"Kraken","level":291,"killCount":612,"type":"NPC","drops":[{"name":"Rusty sword","id":686,"quantity":1,"price":0}],"date":"Aug 9, 2022, 1:31:31 PM"}
{"name":"Kraken","level":291,"killCount":613,"type":"NPC","drops":[{"name":"Death rune","id":560,"quantity":150,"price":178}],"date":"Aug 9, 2022, 1:32:17 PM"}
{"name":"Kraken","level":291,"killCount":614,"type":"NPC","drops":[{"name":"Coins","id":995,"quantity":15770,"price":1}],"date":"Aug 29, 2022, 9:49:43 AM"}
{"name":"Kraken","level":291,"killCount":615,"type":"NPC","drops":[{"name":"Death rune","id":560,"quantity":150,"price":175}],"date":"Aug 29, 2022, 9:50:32 AM"}
{"name":"Kraken","level":291,"killCount":616,"type":"NPC","drops":[{"name":"Raw shark","id":384,"quantity":50,"price":590}],"date":"Aug 29, 2022, 9:51:20 AM"}
{"name":"Kraken","level":291,"killCount":617,"type":"NPC","drops":[{"name":"Pirate boots","id":7114,"quantity":1,"price":435}],"date":"Aug 29, 2022, 9:52:16 AM"}
{"name":"Kraken","level":291,"killCount":618,"type":"NPC","drops":[{"name":"Edible seaweed","id":403,"quantity":1,"price":500},{"name":"Edible seaweed","id":403,"quantity":1,"price":500},{"name":"Edible seaweed","id":403,"quantity":1,"price":500},{"name":"Edible seaweed","id":403,"quantity":1,"price":500},{"name":"Edible seaweed","id":403,"quantity":1,"price":500}],"date":"Aug 29, 2022, 9:53:25 AM"}
{"name":"Kraken","level":291,"killCount":619,"type":"NPC","drops":[{"name":"Shark","id":385,"quantity":1,"price":785},{"name":"Shark","id":385,"quantity":1,"price":785},{"name":"Shark","id":385,"quantity":1,"price":785},{"name":"Shark","id":385,"quantity":1,"price":785},{"name":"Shark","id":385,"quantity":1,"price":785}],"date":"Aug 29, 2022, 9:54:20 AM"}
{"name":"Kraken","level":291,"killCount":620,"type":"NPC","drops":[{"name":"Brimstone key","id":23083,"quantity":1,"price":0},{"name":"Edible seaweed","id":403,"quantity":1,"price":500},{"name":"Edible seaweed","id":403,"quantity":1,"price":500},{"name":"Edible seaweed","id":403,"quantity":1,"price":500},{"name":"Edible seaweed","id":403,"quantity":1,"price":500},{"name":"Edible seaweed","id":403,"quantity":1,"price":500}],"date":"Aug 29, 2022, 9:55:16 AM"}
{"name":"Kraken","level":291,"killCount":621,"type":"NPC","drops":[{"name":"Shark","id":385,"quantity":1,"price":785},{"name":"Shark","id":385,"quantity":1,"price":785},{"name":"Shark","id":385,"quantity":1,"price":785},{"name":"Shark","id":385,"quantity":1,"price":785},{"name":"Shark","id":385,"quantity":1,"price":785}],"date":"Aug 29, 2022, 9:56:07 AM"}
{"name":"Kraken","level":291,"killCount":622,"type":"NPC","drops":[{"name":"Coins","id":995,"quantity":19926,"price":1}],"date":"Aug 29, 2022, 9:57:12 AM"}
{"name":"Kraken","level":291,"killCount":623,"type":"NPC","drops":[{"name":"Mystic robe top","id":4091,"quantity":1,"price":71482}],"date":"Aug 29, 2022, 9:58:06 AM"}
{"name":"Kraken","level":291,"killCount":624,"type":"NPC","drops":[{"name":"Blood rune","id":565,"quantity":60,"price":349}],"date":"Aug 29, 2022, 9:59:00 AM"}
{"name":"Kraken","level":291,"killCount":625,"type":"NPC","drops":[{"name":"Soul rune","id":566,"quantity":50,"price":128}],"date":"Aug 29, 2022, 10:00:11 AM"}
{"name":"Kraken","level":291,"killCount":626,"type":"NPC","drops":[{"name":"Mist rune","id":4695,"quantity":100,"price":86}],"date":"Aug 29, 2022, 10:01:05 AM"}
{"name":"Kraken","level":291,"killCount":627,"type":"NPC","drops":[{"name":"Soul rune","id":566,"quantity":50,"price":128}],"date":"Aug 29, 2022, 10:02:09 AM"}
{"name":"Kraken","level":291,"killCount":628,"type":"NPC","drops":[{"name":"Blood rune","id":565,"quantity":60,"price":349}],"date":"Aug 29, 2022, 10:03:02 AM"}
{"name":"Kraken","level":291,"killCount":629,"type":"NPC","drops":[{"name":"Mist rune","id":4695,"quantity":100,"price":86}],"date":"Aug 29, 2022, 10:03:53 AM"}
{"name":"Kraken","level":291,"killCount":630,"type":"NPC","drops":[{"name":"Pirate boots","id":7114,"quantity":1,"price":435}],"date":"Aug 29, 2022, 10:04:44 AM"}
{"name":"Kraken","level":291,"killCount":631,"type":"NPC","drops":[{"name":"Bucket","id":1925,"quantity":1,"price":7}],"date":"Aug 29, 2022, 10:05:38 AM"}
{"name":"Kraken","level":291,"killCount":632,"type":"NPC","drops":[{"name":"Mystic water staff","id":1403,"quantity":1,"price":25080}],"date":"Aug 29, 2022, 10:06:41 AM"}
{"name":"Kraken","level":291,"killCount":633,"type":"NPC","drops":[{"name":"Mist rune","id":4695,"quantity":100,"price":86}],"date":"Aug 29, 2022, 10:07:49 AM"}
{"name":"Kraken","level":291,"killCount":634,"type":"NPC","drops":[{"name":"Coins","id":995,"quantity":17039,"price":1}],"date":"Aug 29, 2022, 10:08:48 AM"}
{"name":"Kraken","level":291,"killCount":635,"type":"NPC","drops":[{"name":"Chaos rune","id":562,"quantity":250,"price":51}],"date":"Aug 29, 2022, 10:10:27 AM"}
{"name":"Kraken","level":291,"killCount":636,"type":"NPC","drops":[{"name":"Shark","id":385,"quantity":1,"price":785},{"name":"Shark","id":385,"quantity":1,"price":785},{"name":"Shark","id":385,"quantity":1,"price":785},{"name":"Shark","id":385,"quantity":1,"price":785},{"name":"Shark","id":385,"quantity":1,"price":785}],"date":"Aug 29, 2022, 10:11:33 AM"}
{"name":"Kraken","level":291,"killCount":637,"type":"NPC","drops":[{"name":"Chaos rune","id":562,"quantity":250,"price":51}],"date":"Aug 29, 2022, 10:12:26 AM"}
{"name":"Kraken","level":291,"killCount":638,"type":"NPC","drops":[{"name":"Oak plank","id":8779,"quantity":60,"price":378}],"date":"Aug 29, 2022, 10:13:34 AM"}
{"name":"Kraken","level":291,"killCount":639,"type":"NPC","drops":[{"name":"Unpowered orb","id":568,"quantity":50,"price":91}],"date":"Aug 29, 2022, 10:14:38 AM"}
{"name":"Kraken","level":291,"killCount":640,"type":"NPC","drops":[{"name":"Raw shark","id":384,"quantity":50,"price":594}],"date":"Aug 29, 2022, 10:15:32 AM"}
{"name":"Kraken","level":291,"killCount":641,"type":"NPC","drops":[{"name":"Chaos rune","id":562,"quantity":250,"price":51}],"date":"Aug 29, 2022, 10:16:20 AM"}
{"name":"Kraken","level":291,"killCount":642,"type":"NPC","drops":[{"name":"Brimstone key","id":23083,"quantity":1,"price":0},{"name":"Chaos rune","id":562,"quantity":250,"price":51}],"date":"Aug 29, 2022, 10:17:28 AM"}
{"name":"Kraken","level":291,"killCount":643,"type":"NPC","drops":[{"name":"Blood rune","id":565,"quantity":60,"price":349}],"date":"Aug 29, 2022, 10:18:22 AM"}
{"name":"Kraken","level":291,"killCount":644,"type":"NPC","drops":[{"name":"Coins","id":995,"quantity":19305,"price":1}],"date":"Aug 29, 2022, 10:19:19 AM"}
{"name":"Kraken","level":291,"killCount":645,"type":"NPC","drops":[{"name":"Watermelon seed","id":5321,"quantity":24,"price":39}],"date":"Aug 29, 2022, 10:20:18 AM"}
{"name":"Kraken","level":291,"killCount":646,"type":"NPC","drops":[{"name":"Blood rune","id":565,"quantity":60,"price":349}],"date":"Aug 29, 2022, 10:21:20 AM"}
{"name":"Kraken","level":291,"killCount":647,"type":"NPC","drops":[{"name":"Water rune","id":555,"quantity":400,"price":4}],"date":"Aug 29, 2022, 10:22:35 AM"}
{"name":"Kraken","level":291,"killCount":648,"type":"NPC","drops":[{"name":"Brimstone key","id":23083,"quantity":1,"price":0},{"name":"Magic seed","id":5316,"quantity":1,"price":87667}],"date":"Aug 29, 2022, 10:23:39 AM"}
{"name":"Kraken","level":291,"killCount":649,"type":"NPC","drops":[{"name":"Coins","id":995,"quantity":17312,"price":1}],"date":"Aug 29, 2022, 10:24:23 AM"}
{"name":"Kraken","level":291,"killCount":650,"type":"NPC","drops":[{"name":"Edible seaweed","id":403,"quantity":1,"price":284},{"name":"Edible seaweed","id":403,"quantity":1,"price":284},{"name":"Edible seaweed","id":403,"quantity":1,"price":284},{"name":"Edible seaweed","id":403,"quantity":1,"price":284},{"name":"Edible seaweed","id":403,"quantity":1,"price":284}],"date":"Aug 29, 2022, 10:25:10 AM"}
{"name":"Kraken","level":291,"killCount":651,"type":"NPC","drops":[{"name":"Mystic water staff","id":1403,"quantity":1,"price":25550}],"date":"Aug 29, 2022, 10:26:13 AM"}
{"name":"Kraken","level":291,"killCount":652,"type":"NPC","drops":[{"name":"Grimy snapdragon","id":3052,"quantity":6,"price":11693}],"date":"Aug 29, 2022, 10:26:59 AM"}
{"name":"Kraken","level":291,"killCount":653,"type":"NPC","drops":[{"name":"Mystic robe top","id":4091,"quantity":1,"price":71266}],"date":"Aug 29, 2022, 10:28:10 AM"}
{"name":"Kraken","level":291,"killCount":654,"type":"NPC","drops":[{"name":"Water rune","id":555,"quantity":400,"price":4}],"date":"Aug 29, 2022, 10:28:59 AM"}
{"name":"Kraken","level":291,"killCount":655,"type":"NPC","drops":[{"name":"Death rune","id":560,"quantity":150,"price":174}],"date":"Aug 29, 2022, 10:30:07 AM"}
{"name":"Kraken","level":291,"killCount":656,"type":"NPC","drops":[{"name":"Crystal key","id":989,"quantity":1,"price":20442}],"date":"Aug 29, 2022, 10:31:08 AM"}
{"name":"Kraken","level":291,"killCount":657,"type":"NPC","drops":[{"name":"Runite bar","id":2363,"quantity":1,"price":12315},{"name":"Runite bar","id":2363,"quantity":1,"price":12315}],"date":"Aug 29, 2022, 10:31:57 AM"}
{"name":"Kraken","level":291,"killCount":658,"type":"NPC","drops":[{"name":"Shark","id":385,"quantity":1,"price":802},{"name":"Shark","id":385,"quantity":1,"price":802},{"name":"Shark","id":385,"quantity":1,"price":802},{"name":"Shark","id":385,"quantity":1,"price":802},{"name":"Shark","id":385,"quantity":1,"price":802}],"date":"Aug 29, 2022, 10:32:43 AM"}
{"name":"Kraken","level":291,"killCount":659,"type":"NPC","drops":[{"name":"Water rune","id":555,"quantity":400,"price":4}],"date":"Aug 29, 2022, 10:33:32 AM"}
{"name":"Kraken","level":291,"killCount":660,"type":"NPC","drops":[{"name":"Coins","id":995,"quantity":13815,"price":1}],"date":"Aug 29, 2022, 10:34:30 AM"}
{"name":"Kraken","level":291,"killCount":661,"type":"NPC","drops":[{"name":"Battlestaff","id":1392,"quantity":10,"price":7484}],"date":"Aug 29, 2022, 10:35:36 AM"}
{"name":"Kraken","level":291,"killCount":662,"type":"NPC","drops":[{"name":"Bucket","id":1925,"quantity":1,"price":6}],"date":"Aug 29, 2022, 10:36:28 AM"}
{"name":"Kraken","level":291,"killCount":663,"type":"NPC","drops":[{"name":"Coins","id":995,"quantity":16783,"price":1}],"date":"Aug 29, 2022, 10:37:16 AM"}
{"name":"Kraken","level":291,"killCount":664,"type":"NPC","drops":[{"name":"Water rune","id":555,"quantity":400,"price":4}],"date":"Aug 29, 2022, 10:38:12 AM"}
{"name":"Kraken","level":291,"killCount":665,"type":"NPC","drops":[{"name":"Brimstone key","id":23083,"quantity":1,"price":0},{"name":"Magic seed","id":5316,"quantity":1,"price":87667}],"date":"Aug 29, 2022, 10:39:05 AM"}
{"name":"Kraken","level":291,"killCount":666,"type":"NPC","drops":[{"name":"Seaweed","id":402,"quantity":125,"price":28}],"date":"Aug 29, 2022, 10:40:12 AM"}
{"name":"Kraken","level":291,"killCount":667,"type":"NPC","drops":[{"name":"Soul rune","id":566,"quantity":50,"price":127}],"date":"Aug 29, 2022, 10:40:57 AM"}
{"name":"Kraken","level":291,"killCount":668,"type":"NPC","drops":[{"name":"Death rune","id":560,"quantity":150,"price":174}],"date":"Aug 29, 2022, 10:41:49 AM"}
{"name":"Kraken","level":291,"killCount":669,"type":"NPC","drops":[{"name":"Death rune","id":560,"quantity":150,"price":174}],"date":"Aug 29, 2022, 10:42:41 AM"}
{"name":"Kraken","level":291,"killCount":670,"type":"NPC","drops":[{"name":"Blood rune","id":565,"quantity":60,"price":348}],"date":"Aug 29, 2022, 10:43:31 AM"}
{"name":"Kraken","level":291,"killCount":671,"type":"NPC","drops":[{"name":"Blood rune","id":565,"quantity":60,"price":348}],"date":"Aug 29, 2022, 10:44:16 AM"}
{"name":"Kraken","level":291,"killCount":672,"type":"NPC","drops":[{"name":"Coins","id":995,"quantity":18620,"price":1}],"date":"Aug 29, 2022, 10:45:05 AM"}
{"name":"Kraken","level":291,"killCount":673,"type":"NPC","drops":[{"name":"Brimstone key","id":23083,"quantity":1,"price":0},{"name":"Death rune","id":560,"quantity":150,"price":174}],"date":"Aug 29, 2022, 10:46:08 AM"}
{"name":"Kraken","level":291,"killCount":674,"type":"NPC","drops":[{"name":"Soul rune","id":566,"quantity":50,"price":127}],"date":"Aug 29, 2022, 10:47:00 AM"}
{"name":"Kraken","level":291,"killCount":675,"type":"NPC","drops":[{"name":"Coins","id":995,"quantity":16532,"price":1}],"date":"Aug 29, 2022, 10:48:01 AM"}
{"name":"Kraken","level":291,"killCount":676,"type":"NPC","drops":[{"name":"Blood rune","id":565,"quantity":60,"price":348}],"date":"Aug 29, 2022, 10:49:03 AM"}
{"name":"Kraken","level":291,"killCount":677,"type":"NPC","drops":[{"name":"Chaos rune","id":562,"quantity":250,"price":51}],"date":"Aug 29, 2022, 10:50:01 AM"}
{"name":"Kraken","level":291,"killCount":678,"type":"NPC","drops":[{"name":"Raw shark","id":384,"quantity":50,"price":593}],"date":"Aug 29, 2022, 10:51:20 AM"}
{"name":"Kraken","level":291,"killCount":679,"type":"NPC","drops":[{"name":"Edible seaweed","id":403,"quantity":1,"price":70},{"name":"Edible seaweed","id":403,"quantity":1,"price":70},{"name":"Edible seaweed","id":403,"quantity":1,"price":70},{"name":"Edible seaweed","id":403,"quantity":1,"price":70},{"name":"Edible seaweed","id":403,"quantity":1,"price":70}],"date":"Aug 29, 2022, 10:52:05 AM"}
{"name":"Kraken","level":291,"killCount":680,"type":"NPC","drops":[{"name":"Water rune","id":555,"quantity":400,"price":4}],"date":"Aug 29, 2022, 10:53:11 AM"}
{"name":"Kraken","level":291,"killCount":681,"type":"NPC","drops":[{"name":"Chaos rune","id":562,"quantity":250,"price":51}],"date":"Aug 29, 2022, 10:54:28 AM"}
{"name":"Kraken","level":291,"killCount":682,"type":"NPC","drops":[{"name":"Chaos rune","id":562,"quantity":250,"price":51}],"date":"Aug 29, 2022, 10:56:20 AM"}
{"name":"Kraken","level":291,"killCount":683,"type":"NPC","drops":[{"name":"Uncut ruby","id":1619,"quantity":1,"price":1043}],"date":"Aug 29, 2022, 10:57:23 AM"}
{"name":"Kraken","level":291,"killCount":684,"type":"NPC","drops":[{"name":"Water rune","id":555,"quantity":400,"price":4}],"date":"Aug 29, 2022, 10:58:26 AM"}
{"name":"Kraken","level":291,"killCount":685,"type":"NPC","drops":[{"name":"Blood rune","id":565,"quantity":60,"price":347}],"date":"Aug 29, 2022, 10:59:15 AM"}
{"name":"Kraken","level":291,"killCount":686,"type":"NPC","drops":[{"name":"Shark","id":385,"quantity":1,"price":790},{"name":"Shark","id":385,"quantity":1,"price":790},{"name":"Shark","id":385,"quantity":1,"price":790},{"name":"Shark","id":385,"quantity":1,"price":790},{"name":"Shark","id":385,"quantity":1,"price":790}],"date":"Aug 29, 2022, 11:00:34 AM"}
{"name":"Kraken","level":291,"killCount":687,"type":"NPC","drops":[{"name":"Mist rune","id":4695,"quantity":100,"price":85}],"date":"Aug 29, 2022, 11:01:40 AM"}
{"name":"Kraken","level":291,"killCount":688,"type":"NPC","drops":[{"name":"Diamond","id":1602,"quantity":8,"price":1651}],"date":"Aug 29, 2022, 11:02:41 AM"}
{"name":"Kraken","level":291,"killCount":689,"type":"NPC","drops":[{"name":"Soul rune","id":566,"quantity":50,"price":132}],"date":"Aug 29, 2022, 11:03:25 AM"}
{"name":"Kraken","level":291,"killCount":690,"type":"NPC","drops":[{"name":"Chaos rune","id":562,"quantity":250,"price":51}],"date":"Aug 29, 2022, 11:04:23 AM"}
{"name":"Kraken","level":291,"killCount":691,"type":"NPC","drops":[{"name":"Mystic robe top","id":4091,"quantity":1,"price":72012}],"date":"Aug 29, 2022, 11:05:05 AM"}
{"name":"Kraken","level":291,"killCount":692,"type":"NPC","drops":[{"name":"Blood rune","id":565,"quantity":60,"price":347}],"date":"Aug 29, 2022, 11:06:04 AM"}
{"name":"Kraken","level":291,"killCount":693,"type":"NPC","drops":[{"name":"Mystic robe bottom","id":4093,"quantity":1,"price":48000}],"date":"Aug 29, 2022, 11:07:10 AM"}
{"name":"Kraken","level":291,"killCount":694,"type":"NPC","drops":[{"name":"Coins","id":995,"quantity":16646,"price":1}],"date":"Aug 29, 2022, 11:08:02 AM"}
{"name":"Kraken","level":291,"killCount":695,"type":"NPC","drops":[{"name":"Chaos rune","id":562,"quantity":250,"price":51}],"date":"Aug 29, 2022, 11:08:55 AM"}
{"name":"Kraken","level":291,"killCount":696,"type":"NPC","drops":[{"name":"Dragonstone ring","id":1645,"quantity":1,"price":11051}],"date":"Aug 29, 2022, 11:09:43 AM"}
{"name":"Kraken","level":291,"killCount":697,"type":"NPC","drops":[{"name":"Bucket","id":1925,"quantity":1,"price":7}],"date":"Aug 29, 2022, 11:10:30 AM"}
{"name":"Kraken","level":291,"killCount":698,"type":"NPC","drops":[{"name":"Blood rune","id":565,"quantity":60,"price":347}],"date":"Aug 29, 2022, 11:11:33 AM"}
{"name":"Kraken","level":291,"killCount":699,"type":"NPC","drops":[{"name":"Death rune","id":560,"quantity":150,"price":178}],"date":"Aug 29, 2022, 11:13:22 AM"}
{"name":"Kraken","level":291,"killCount":700,"type":"NPC","drops":[{"name":"Death rune","id":560,"quantity":150,"price":178}],"date":"Aug 29, 2022, 11:14:34 AM"}
{"name":"Kraken","level":291,"killCount":701,"type":"NPC","drops":[{"name":"Coins","id":995,"quantity":16700,"price":1}],"date":"Jan 10, 2023, 4:29:08 PM"}
{"name":"Kraken","level":291,"killCount":702,"type":"NPC","drops":[{"name":"Unpowered orb","id":568,"quantity":50,"price":111}],"date":"Jan 10, 2023, 4:29:58 PM"}
{"name":"Kraken","level":291,"killCount":703,"type":"NPC","drops":[{"name":"Blood rune","id":565,"quantity":60,"price":212}],"date":"Jan 10, 2023, 4:30:56 PM"}
{"name":"Kraken","level":291,"killCount":704,"type":"NPC","drops":[{"name":"Sanfew serum(4)","id":10925,"quantity":1,"price":41118},{"name":"Sanfew serum(4)","id":10925,"quantity":1,"price":41118}],"date":"Jan 10, 2023, 4:31:48 PM"}
