{"name":"Lizardman","level":53,"killCount":-1,"type":"NPC","drops":[{"name":"Bones","id":526,"quantity":1,"price":102}],"date":"Jan 18, 2022, 4:14:16 PM"}
{"name":"Lizardman","level":53,"killCount":-1,"type":"NPC","drops":[{"name":"Bones","id":526,"quantity":1,"price":102},{"name":"Lizardman fang","id":13391,"quantity":1,"price":21}],"date":"Jan 18, 2022, 4:24:52 PM"}
{"name":"Lizardman","level":53,"killCount":-1,"type":"NPC","drops":[{"name":"Bones","id":526,"quantity":1,"price":102}],"date":"Jan 18, 2022, 4:30:20 PM"}
{"name":"Lizardman","level":53,"killCount":-1,"type":"NPC","drops":[{"name":"Bones","id":526,"quantity":1,"price":73}],"date":"May 11, 2022, 7:08:54 PM"}
{"name":"Lizardman","level":62,"killCount":-1,"type":"NPC","drops":[{"name":"Marrentill seed","id":5292,"quantity":1,"price":4}],"date":"May 11, 2022, 7:11:55 PM"}
{"name":"Lizardman","level":62,"killCount":-1,"type":"NPC","drops":[{"name":"Watermelon seed","id":5321,"quantity":1,"price":45}],"date":"May 11, 2022, 7:12:26 PM"}
{"name":"Lizardman","level":62,"killCount":-1,"type":"NPC","drops":[{"name":"Xeric\u0027s talisman (inert)","id":13392,"quantity":1,"price":0}],"date":"May 11, 2022, 7:12:52 PM"}
{"name":"Lizardman","level":62,"killCount":-1,"type":"NPC","drops":[{"name":"Limpwurt seed","id":5100,"quantity":1,"price":13}],"date":"May 11, 2022, 7:13:06 PM"}
{"name":"Lizardman","level":62,"killCount":-1,"type":"NPC","drops":[{"name":"Harralander seed","id":5294,"quantity":1,"price":31}],"date":"May 11, 2022, 7:13:15 PM"}
{"name":"Lizardman","level":62,"killCount":-1,"type":"NPC","drops":[{"name":"Bones","id":526,"quantity":1,"price":73},{"name":"Xeric\u0027s talisman (inert)","id":13392,"quantity":1,"price":0}],"date":"May 26, 2022, 12:24:18 PM"}
{"name":"Lizardman","level":62,"killCount":-1,"type":"NPC","drops":[{"name":"Bones","id":526,"quantity":1,"price":73}],"date":"May 26, 2022, 12:24:38 PM"}
{"name":"Lizardman","level":62,"killCount":-1,"type":"NPC","drops":[{"name":"Bones","id":526,"quantity":1,"price":73},{"name":"Xerician fabric","id":13383,"quantity":1,"price":865}],"date":"May 26, 2022, 12:24:57 PM"}
{"name":"Lizardman","level":62,"killCount":-1,"type":"NPC","drops":[{"name":"Bones","id":526,"quantity":1,"price":73}],"date":"May 26, 2022, 12:25:16 PM"}
{"name":"Lizardman","level":62,"killCount":-1,"type":"NPC","drops":[{"name":"Bones","id":526,"quantity":1,"price":73}],"date":"May 26, 2022, 12:25:32 PM"}
{"name":"Lizardman","level":62,"killCount":-1,"type":"NPC","drops":[{"name":"Bones","id":526,"quantity":1,"price":73},{"name":"Lizardman fang","id":13391,"quantity":1,"price":19}],"date":"May 26, 2022, 12:25:48 PM"}
{"name":"Lizardman","level":62,"killCount":-1,"type":"NPC","drops":[{"name":"Bones","id":526,"quantity":1,"price":73},{"name":"Lizardman fang","id":13391,"quantity":1,"price":19}],"date":"May 26, 2022, 12:26:00 PM"}
{"name":"Lizardman","level":62,"killCount":-1,"type":"NPC","drops":[{"name":"Bones","id":526,"quantity":1,"price":73}],"date":"May 26, 2022, 12:26:21 PM"}
{"name":"Lizardman","level":53,"killCount":-1,"type":"NPC","drops":[{"name":"Bones","id":526,"quantity":1,"price":79},{"name":"Xerician fabric","id":13383,"quantity":1,"price":838}],"date":"Nov 5, 2023, 7:02:49 PM"}
{"name":"Lizardman","level":53,"killCount":-1,"type":"NPC","drops":[{"name":"Bones","id":526,"quantity":1,"price":66}],"date":"Nov 16, 2023, 10:44:20 PM"}
{"name":"Lizardman","level":62,"killCount":-1,"type":"NPC","drops":[{"name":"Bones","id":526,"quantity":1,"price":66},{"name":"Lizardman fang","id":13391,"quantity":1,"price":29}],"date":"Nov 16, 2023, 10:44:26 PM"}
{"name":"Lizardman","level":53,"killCount":-1,"type":"NPC","drops":[{"name":"Bones","id":526,"quantity":1,"price":66}],"date":"Nov 16, 2023, 10:44:29 PM"}
{"name":"Lizardman","level":53,"killCount":-1,"type":"NPC","drops":[{"name":"Bones","id":526,"quantity":1,"price":66},{"name":"Xerician fabric","id":13383,"quantity":1,"price":794}],"date":"Nov 16, 2023, 10:44:46 PM"}
{"name":"Lizardman","level":53,"killCount":-1,"type":"NPC","drops":[{"name":"Bones","id":526,"quantity":1,"price":66}],"date":"Nov 16, 2023, 10:44:55 PM"}
{"name":"Lizardman","level":53,"killCount":-1,"type":"NPC","drops":[{"name":"Bones","id":526,"quantity":1,"price":66}],"date":"Nov 16, 2023, 10:44:56 PM"}
{"name":"Lizardman","level":62,"killCount":-1,"type":"NPC","drops":[{"name":"Bones","id":526,"quantity":1,"price":66},{"name":"Tarromin seed","id":5293,"quantity":1,"price":9}],"date":"Nov 16, 2023, 10:45:08 PM"}
{"name":"Lizardman","level":53,"killCount":-1,"type":"NPC","drops":[{"name":"Bones","id":526,"quantity":1,"price":66},{"name":"Lizardman fang","id":13391,"quantity":1,"price":29}],"date":"Nov 16, 2023, 10:45:14 PM"}
{"name":"Lizardman","level":53,"killCount":-1,"type":"NPC","drops":[{"name":"Bones","id":526,"quantity":1,"price":66},{"name":"Lizardman fang","id":13391,"quantity":1,"price":29}],"date":"Nov 16, 2023, 10:45:16 PM"}
{"name":"Lizardman","level":53,"killCount":-1,"type":"NPC","drops":[{"name":"Bones","id":526,"quantity":1,"price":66},{"name":"Lizardman fang","id":13391,"quantity":1,"price":29}],"date":"Nov 16, 2023, 10:45:18 PM"}
{"name":"Lizardman","level":53,"killCount":-1,"type":"NPC","drops":[{"name":"Bones","id":526,"quantity":1,"price":66}],"date":"Nov 16, 2023, 10:45:35 PM"}
{"name":"Lizardman","level":53,"killCount":-1,"type":"NPC","drops":[{"name":"Bones","id":526,"quantity":1,"price":66}],"date":"Nov 16, 2023, 10:45:36 PM"}
{"name":"Lizardman","level":53,"killCount":-1,"type":"NPC","drops":[{"name":"Bones","id":526,"quantity":1,"price":66},{"name":"Xerician fabric","id":13383,"quantity":1,"price":794}],"date":"Nov 16, 2023, 10:45:37 PM"}
{"name":"Lizardman","level":62,"killCount":-1,"type":"NPC","drops":[{"name":"Bones","id":526,"quantity":1,"price":66}],"date":"Nov 16, 2023, 10:45:40 PM"}
{"name":"Lizardman","level":53,"killCount":-1,"type":"NPC","drops":[{"name":"Bones","id":526,"quantity":1,"price":66},{"name":"Lizardman fang","id":13391,"quantity":1,"price":29}],"date":"Nov 16, 2023, 10:45:54 PM"}
{"name":"Lizardman","level":53,"killCount":-1,"type":"NPC","drops":[{"name":"Bones","id":526,"quantity":1,"price":66}],"date":"Nov 16, 2023, 10:45:58 PM"}
{"name":"Lizardman","level":62,"killCount":-1,"type":"NPC","drops":[{"name":"Bones","id":526,"quantity":1,"price":66}],"date":"Nov 16, 2023, 10:46:00 PM"}
{"name":"Lizardman","level":62,"killCount":-1,"type":"NPC","drops":[{"name":"Bones","id":526,"quantity":1,"price":66}],"date":"Nov 16, 2023, 10:46:18 PM"}
{"name":"Lizardman","level":53,"killCount":-1,"type":"NPC","drops":[{"name":"Bones","id":526,"quantity":1,"price":66}],"date":"Nov 16, 2023, 10:46:22 PM"}
{"name":"Lizardman","level":53,"killCount":-1,"type":"NPC","drops":[{"name":"Bones","id":526,"quantity":1,"price":66}],"date":"Nov 16, 2023, 10:46:23 PM"}
{"name":"Lizardman","level":62,"killCount":-1,"type":"NPC","drops":[{"name":"Bones","id":526,"quantity":1,"price":66}],"date":"Nov 16, 2023, 10:46:41 PM"}
{"name":"Lizardman","level":53,"killCount":-1,"type":"NPC","drops":[{"name":"Bones","id":526,"quantity":1,"price":66},{"name":"Xerician fabric","id":13383,"quantity":1,"price":794}],"date":"Nov 16, 2023, 10:46:41 PM"}
{"name":"Lizardman","level":53,"killCount":-1,"type":"NPC","drops":[{"name":"Bones","id":526,"quantity":1,"price":66}],"date":"Nov 16, 2023, 10:46:46 PM"}
{"name":"Lizardman","level":53,"killCount":-1,"type":"NPC","drops":[{"name":"Bones","id":526,"quantity":1,"price":66}],"date":"Nov 16, 2023, 10:46:58 PM"}
{"name":"Lizardman","level":53,"killCount":-1,"type":"NPC","drops":[{"name":"Bones","id":526,"quantity":1,"price":66}],"date":"Nov 16, 2023, 10:47:02 PM"}
{"name":"Lizardman","level":62,"killCount":-1,"type":"NPC","drops":[{"name":"Bones","id":526,"quantity":1,"price":66},{"name":"Jangerberry seed","id":5104,"quantity":1,"price":1}],"date":"Nov 16, 2023, 10:47:03 PM"}
{"name":"Lizardman","level":53,"killCount":-1,"type":"NPC","drops":[{"name":"Bones","id":526,"quantity":1,"price":66}],"date":"Nov 16, 2023, 10:47:10 PM"}
{"name":"Lizardman","level":62,"killCount":-1,"type":"NPC","drops":[{"name":"Bones","id":526,"quantity":1,"price":66}],"date":"Nov 16, 2023, 10:47:20 PM"}
{"name":"Lizardman","level":53,"killCount":-1,"type":"NPC","drops":[{"name":"Bones","id":526,"quantity":1,"price":66}],"date":"Nov 16, 2023, 10:47:22 PM"}
{"name":"Lizardman","level":62,"killCount":-1,"type":"NPC","drops":[{"name":"Bones","id":526,"quantity":1,"price":66}],"date":"Nov 16, 2023, 10:47:28 PM"}
{"name":"Lizardman","level":62,"killCount":-1,"type":"NPC","drops":[{"name":"Bones","id":526,"quantity":1,"price":66}],"date":"Nov 16, 2023, 10:47:32 PM"}
{"name":"Lizardman","level":53,"killCount":-1,"type":"NPC","drops":[{"name":"Bones","id":526,"quantity":1,"price":66},{"name":"Lizardman fang","id":13391,"quantity":1,"price":29}],"date":"Nov 16, 2023, 10:47:35 PM"}
{"name":"Lizardman","level":53,"killCount":-1,"type":"NPC","drops":[{"name":"Bones","id":526,"quantity":1,"price":66},{"name":"Lizardman fang","id":13391,"quantity":1,"price":29}],"date":"Nov 16, 2023, 10:47:40 PM"}
{"name":"Lizardman","level":62,"killCount":-1,"type":"NPC","drops":[{"name":"Bones","id":526,"quantity":1,"price":66},{"name":"Tarromin seed","id":5293,"quantity":1,"price":9}],"date":"Nov 16, 2023, 10:47:44 PM"}
{"name":"Lizardman","level":62,"killCount":-1,"type":"NPC","drops":[{"name":"Bones","id":526,"quantity":1,"price":66}],"date":"Nov 16, 2023, 10:47:48 PM"}
{"name":"Lizardman","level":53,"killCount":-1,"type":"NPC","drops":[{"name":"Bones","id":526,"quantity":1,"price":66},{"name":"Xerician fabric","id":13383,"quantity":1,"price":794}],"date":"Nov 16, 2023, 10:47:52 PM"}
{"name":"Lizardman","level":53,"killCount":-1,"type":"NPC","drops":[{"name":"Bones","id":526,"quantity":1,"price":66},{"name":"Strawberry seed","id":5323,"quantity":1,"price":2}],"date":"Nov 16, 2023, 10:47:55 PM"}
{"name":"Lizardman","level":62,"killCount":-1,"type":"NPC","drops":[{"name":"Bones","id":526,"quantity":1,"price":66},{"name":"Xerician fabric","id":13383,"quantity":1,"price":794}],"date":"Nov 16, 2023, 10:48:10 PM"}
{"name":"Lizardman","level":53,"killCount":-1,"type":"NPC","drops":[{"name":"Bones","id":526,"quantity":1,"price":66},{"name":"Xerician fabric","id":13383,"quantity":1,"price":794}],"date":"Nov 16, 2023, 10:48:14 PM"}
{"name":"Lizardman","level":62,"killCount":-1,"type":"NPC","drops":[{"name":"Bones","id":526,"quantity":1,"price":66},{"name":"Lizardman fang","id":13391,"quantity":1,"price":29}],"date":"Nov 16, 2023, 10:48:15 PM"}
{"name":"Lizardman","level":53,"killCount":-1,"type":"NPC","drops":[{"name":"Bones","id":526,"quantity":1,"price":66}],"date":"Nov 16, 2023, 10:48:18 PM"}
{"name":"Lizardman","level":53,"killCount":-1,"type":"NPC","drops":[{"name":"Bones","id":526,"quantity":1,"price":66},{"name":"Toadflax seed","id":5296,"quantity":1,"price":554}],"date":"Nov 16, 2023, 10:48:28 PM"}
{"name":"Lizardman","level":53,"killCount":-1,"type":"NPC","drops":[{"name":"Bones","id":526,"quantity":1,"price":66}],"date":"Nov 16, 2023, 10:48:36 PM"}
{"name":"Lizardman","level":62,"killCount":-1,"type":"NPC","drops":[{"name":"Bones","id":526,"quantity":1,"price":66},{"name":"Xerician fabric","id":13383,"quantity":1,"price":794}],"date":"Nov 16, 2023, 10:48:41 PM"}
{"name":"Lizardman","level":53,"killCount":-1,"type":"NPC","drops":[{"name":"Bones","id":526,"quantity":1,"price":66}],"date":"Nov 16, 2023, 10:48:48 PM"}
{"name":"Lizardman","level":53,"killCount":-1,"type":"NPC","drops":[{"name":"Bones","id":526,"quantity":1,"price":66}],"date":"Nov 16, 2023, 10:49:04 PM"}
{"name":"Lizardman","level":53,"killCount":-1,"type":"NPC","drops":[{"name":"Bones","id":526,"quantity":1,"price":66},{"name":"Lizardman fang","id":13391,"quantity":1,"price":29}],"date":"Nov 16, 2023, 10:49:07 PM"}
{"name":"Lizardman","level":62,"killCount":-1,"type":"NPC","drops":[{"name":"Bones","id":526,"quantity":1,"price":66},{"name":"Jangerberry seed","id":5104,"quantity":1,"price":1}],"date":"Nov 16, 2023, 10:49:09 PM"}
{"name":"Lizardman","level":53,"killCount":-1,"type":"NPC","drops":[{"name":"Bones","id":526,"quantity":1,"price":66}],"date":"Nov 16, 2023, 10:49:11 PM"}
{"name":"Lizardman","level":62,"killCount":-1,"type":"NPC","drops":[{"name":"Bones","id":526,"quantity":1,"price":66},{"name":"Xerician fabric","id":13383,"quantity":1,"price":794}],"date":"Nov 16, 2023, 10:49:16 PM"}
{"name":"Lizardman","level":62,"killCount":-1,"type":"NPC","drops":[{"name":"Bones","id":526,"quantity":1,"price":66}],"date":"Nov 16, 2023, 10:49:23 PM"}
{"name":"Lizardman","level":62,"killCount":-1,"type":"NPC","drops":[{"name":"Bones","id":526,"quantity":1,"price":66}],"date":"Nov 16, 2023, 10:49:25 PM"}
{"name":"Lizardman","level":62,"killCount":-1,"type":"NPC","drops":[{"name":"Bones","id":526,"quantity":1,"price":66},{"name":"Lizardman fang","id":13391,"quantity":1,"price":29}],"date":"Nov 16, 2023, 10:49:28 PM"}
{"name":"Lizardman","level":53,"killCount":-1,"type":"NPC","drops":[{"name":"Bones","id":526,"quantity":1,"price":66},{"name":"Lizardman fang","id":13391,"quantity":1,"price":29}],"date":"Nov 16, 2023, 10:49:40 PM"}
{"name":"Lizardman","level":53,"killCount":-1,"type":"NPC","drops":[{"name":"Bones","id":526,"quantity":1,"price":66}],"date":"Nov 16, 2023, 10:49:40 PM"}
{"name":"Lizardman","level":53,"killCount":-1,"type":"NPC","drops":[{"name":"Bones","id":526,"quantity":1,"price":66}],"date":"Nov 16, 2023, 10:49:57 PM"}
{"name":"Lizardman","level":62,"killCount":-1,"type":"NPC","drops":[{"name":"Bones","id":526,"quantity":1,"price":66},{"name":"Tarromin seed","id":5293,"quantity":1,"price":9}],"date":"Nov 16, 2023, 10:49:58 PM"}
{"name":"Lizardman","level":53,"killCount":-1,"type":"NPC","drops":[{"name":"Bones","id":526,"quantity":1,"price":66},{"name":"Marrentill seed","id":5292,"quantity":1,"price":2}],"date":"Nov 16, 2023, 10:50:00 PM"}
{"name":"Lizardman","level":53,"killCount":-1,"type":"NPC","drops":[{"name":"Bones","id":526,"quantity":1,"price":66},{"name":"Snape grass seed","id":22879,"quantity":1,"price":2512}],"date":"Nov 16, 2023, 10:50:12 PM"}
{"name":"Lizardman","level":62,"killCount":-1,"type":"NPC","drops":[{"name":"Bones","id":526,"quantity":1,"price":66},{"name":"Limpwurt seed","id":5100,"quantity":1,"price":5}],"date":"Nov 16, 2023, 10:50:15 PM"}
{"name":"Lizardman","level":62,"killCount":-1,"type":"NPC","drops":[{"name":"Bones","id":526,"quantity":1,"price":66}],"date":"Nov 16, 2023, 10:50:16 PM"}
{"name":"Lizardman","level":62,"killCount":-1,"type":"NPC","drops":[{"name":"Bones","id":526,"quantity":1,"price":66}],"date":"Nov 16, 2023, 10:50:20 PM"}
{"name":"Lizardman","level":53,"killCount":-1,"type":"NPC","drops":[{"name":"Bones","id":526,"quantity":1,"price":66}],"date":"Nov 16, 2023, 10:50:33 PM"}
{"name":"Lizardman","level":53,"killCount":-1,"type":"NPC","drops":[{"name":"Bones","id":526,"quantity":1,"price":66},{"name":"Limpwurt seed","id":5100,"quantity":1,"price":5}],"date":"Nov 16, 2023, 10:50:36 PM"}
{"name":"Lizardman","level":62,"killCount":-1,"type":"NPC","drops":[{"name":"Bones","id":526,"quantity":1,"price":66}],"date":"Nov 16, 2023, 10:50:51 PM"}
{"name":"Lizardman","level":62,"killCount":-1,"type":"NPC","drops":[{"name":"Bones","id":526,"quantity":1,"price":66}],"date":"Nov 16, 2023, 10:50:52 PM"}
{"name":"Lizardman","level":62,"killCount":-1,"type":"NPC","drops":[{"name":"Bones","id":526,"quantity":1,"price":66},{"name":"Bones","id":526,"quantity":1,"price":66},{"name":"Strawberry seed","id":5323,"quantity":1,"price":2}],"date":"Nov 16, 2023, 10:50:52 PM"}
{"name":"Lizardman","level":53,"killCount":-1,"type":"NPC","drops":[{"name":"Bones","id":526,"quantity":1,"price":66}],"date":"Nov 16, 2023, 10:50:52 PM"}
{"name":"Lizardman","level":53,"killCount":-1,"type":"NPC","drops":[{"name":"Bones","id":526,"quantity":1,"price":66}],"date":"Nov 16, 2023, 10:51:15 PM"}
{"name":"Lizardman","level":53,"killCount":-1,"type":"NPC","drops":[{"name":"Bones","id":526,"quantity":1,"price":66},{"name":"Jangerberry seed","id":5104,"quantity":1,"price":1}],"date":"Nov 16, 2023, 10:51:16 PM"}
{"name":"Lizardman","level":62,"killCount":-1,"type":"NPC","drops":[{"name":"Bones","id":526,"quantity":1,"price":66},{"name":"Lizardman fang","id":13391,"quantity":1,"price":29}],"date":"Nov 16, 2023, 10:51:22 PM"}
{"name":"Lizardman","level":62,"killCount":-1,"type":"NPC","drops":[{"name":"Bones","id":526,"quantity":1,"price":66}],"date":"Nov 16, 2023, 10:51:27 PM"}
{"name":"Lizardman","level":53,"killCount":-1,"type":"NPC","drops":[{"name":"Bones","id":526,"quantity":1,"price":66},{"name":"Lizardman fang","id":13391,"quantity":1,"price":29}],"date":"Nov 16, 2023, 10:51:32 PM"}
{"name":"Lizardman","level":53,"killCount":-1,"type":"NPC","drops":[{"name":"Bones","id":526,"quantity":1,"price":66},{"name":"Harralander seed","id":5294,"quantity":1,"price":9}],"date":"Nov 16, 2023, 10:51:33 PM"}
{"name":"Lizardman","level":53,"killCount":-1,"type":"NPC","drops":[{"name":"Bones","id":526,"quantity":1,"price":66},{"name":"Bones","id":526,"quantity":1,"price":66}],"date":"Nov 16, 2023, 10:51:40 PM"}
{"name":"Lizardman","level":62,"killCount":-1,"type":"NPC","drops":[{"name":"Bones","id":526,"quantity":1,"price":66},{"name":"Lizardman fang","id":13391,"quantity":1,"price":29}],"date":"Nov 16, 2023, 10:51:45 PM"}
{"name":"Lizardman","level":53,"killCount":-1,"type":"NPC","drops":[{"name":"Bones","id":526,"quantity":1,"price":66},{"name":"Watermelon seed","id":5321,"quantity":1,"price":3}],"date":"Nov 16, 2023, 10:51:48 PM"}
{"name":"Lizardman","level":53,"killCount":-1,"type":"NPC","drops":[{"name":"Bones","id":526,"quantity":1,"price":66},{"name":"Lizardman fang","id":13391,"quantity":1,"price":29}],"date":"Nov 16, 2023, 10:52:03 PM"}
{"name":"Lizardman","level":62,"killCount":-1,"type":"NPC","drops":[{"name":"Bones","id":526,"quantity":1,"price":66},{"name":"Strawberry seed","id":5323,"quantity":1,"price":2}],"date":"Nov 16, 2023, 10:52:06 PM"}
{"name":"Lizardman","level":53,"killCount":-1,"type":"NPC","drops":[{"name":"Bones","id":526,"quantity":1,"price":66}],"date":"Nov 16, 2023, 10:52:13 PM"}
{"name":"Lizardman","level":53,"killCount":-1,"type":"NPC","drops":[{"name":"Bones","id":526,"quantity":1,"price":66}],"date":"Nov 16, 2023, 10:52:22 PM"}
{"name":"Lizardman","level":62,"killCount":-1,"type":"NPC","drops":[{"name":"Bones","id":526,"quantity":1,"price":66}],"date":"Nov 16, 2023, 10:52:31 PM"}
{"name":"Lizardman","level":53,"killCount":-1,"type":"NPC","drops":[{"name":"Bones","id":526,"quantity":1,"price":66},{"name":"Lizardman fang","id":13391,"quantity":1,"price":29}],"date":"Nov 16, 2023, 10:52:31 PM"}
{"name":"Lizardman","level":53,"killCount":-1,"type":"NPC","drops":[{"name":"Bones","id":526,"quantity":1,"price":66},{"name":"Marrentill seed","id":5292,"quantity":1,"price":2}],"date":"Nov 16, 2023, 10:52:42 PM"}
{"name":"Lizardman","level":53,"killCount":-1,"type":"NPC","drops":[{"name":"Bones","id":526,"quantity":1,"price":66},{"name":"Lizardman fang","id":13391,"quantity":1,"price":29}],"date":"Nov 16, 2023, 11:07:34 PM"}
{"name":"Lizardman","level":62,"killCount":-1,"type":"NPC","drops":[{"name":"Bones","id":526,"quantity":1,"price":66}],"date":"Nov 16, 2023, 11:07:39 PM"}
{"name":"Lizardman","level":53,"killCount":-1,"type":"NPC","drops":[{"name":"Bones","id":526,"quantity":1,"price":66}],"date":"Nov 16, 2023, 11:07:42 PM"}
{"name":"Lizardman","level":53,"killCount":-1,"type":"NPC","drops":[{"name":"Bones","id":526,"quantity":1,"price":66},{"name":"Lizardman fang","id":13391,"quantity":1,"price":29}],"date":"Nov 16, 2023, 11:07:46 PM"}
{"name":"Lizardman","level":62,"killCount":-1,"type":"NPC","drops":[{"name":"Bones","id":526,"quantity":1,"price":66}],"date":"Nov 16, 2023, 11:07:48 PM"}
{"name":"Lizardman","level":53,"killCount":-1,"type":"NPC","drops":[{"name":"Bones","id":526,"quantity":1,"price":66}],"date":"Nov 16, 2023, 11:07:51 PM"}
{"name":"Lizardman","level":53,"killCount":-1,"type":"NPC","drops":[{"name":"Bones","id":526,"quantity":1,"price":66}],"date":"Nov 16, 2023, 11:07:55 PM"}
{"name":"Lizardman","level":53,"killCount":-1,"type":"NPC","drops":[{"name":"Bones","id":526,"quantity":1,"price":66}],"date":"Nov 16, 2023, 11:08:07 PM"}
{"name":"Lizardman","level":53,"killCount":-1,"type":"NPC","drops":[{"name":"Bones","id":526,"quantity":1,"price":66}],"date":"Nov 16, 2023, 11:08:14 PM"}
{"name":"Lizardman","level":53,"killCount":-1,"type":"NPC","drops":[{"name":"Bones","id":526,"quantity":1,"price":66},{"name":"Watermelon seed","id":5321,"quantity":1,"price":3}],"date":"Nov 16, 2023, 11:08:18 PM"}
{"name":"Lizardman","level":62,"killCount":-1,"type":"NPC","drops":[{"name":"Bones","id":526,"quantity":1,"price":66}],"date":"Nov 16, 2023, 11:08:19 PM"}
{"name":"Lizardman","level":53,"killCount":-1,"type":"NPC","drops":[{"name":"Bones","id":526,"quantity":1,"price":66},{"name":"Lizardman fang","id":13391,"quantity":1,"price":29}],"date":"Nov 16, 2023, 11:08:28 PM"}
{"name":"Lizardman","level":62,"killCount":-1,"type":"NPC","drops":[{"name":"Bones","id":526,"quantity":1,"price":66}],"date":"Nov 16, 2023, 11:08:37 PM"}
{"name":"Lizardman","level":53,"killCount":-1,"type":"NPC","drops":[{"name":"Bones","id":526,"quantity":1,"price":66}],"date":"Nov 16, 2023, 11:08:45 PM"}
{"name":"Lizardman","level":62,"killCount":-1,"type":"NPC","drops":[{"name":"Bones","id":526,"quantity":1,"price":66}],"date":"Nov 16, 2023, 11:08:48 PM"}
{"name":"Lizardman","level":53,"killCount":-1,"type":"NPC","drops":[{"name":"Bones","id":526,"quantity":1,"price":66}],"date":"Nov 16, 2023, 11:08:52 PM"}
{"name":"Lizardman","level":62,"killCount":-1,"type":"NPC","drops":[{"name":"Bones","id":526,"quantity":1,"price":66},{"name":"Strawberry seed","id":5323,"quantity":1,"price":2}],"date":"Nov 16, 2023, 11:09:00 PM"}
{"name":"Lizardman","level":53,"killCount":-1,"type":"NPC","drops":[{"name":"Bones","id":526,"quantity":1,"price":66}],"date":"Nov 16, 2023, 11:09:04 PM"}
{"name":"Lizardman","level":53,"killCount":-1,"type":"NPC","drops":[{"name":"Bones","id":526,"quantity":1,"price":66}],"date":"Nov 16, 2023, 11:09:08 PM"}
{"name":"Lizardman","level":62,"killCount":-1,"type":"NPC","drops":[{"name":"Bones","id":526,"quantity":1,"price":66}],"date":"Nov 16, 2023, 11:09:16 PM"}
{"name":"Lizardman","level":53,"killCount":-1,"type":"NPC","drops":[{"name":"Bones","id":526,"quantity":1,"price":66}],"date":"Nov 16, 2023, 11:09:20 PM"}
{"name":"Lizardman","level":53,"killCount":-1,"type":"NPC","drops":[{"name":"Bones","id":526,"quantity":1,"price":66}],"date":"Nov 16, 2023, 11:09:28 PM"}
{"name":"Lizardman","level":62,"killCount":-1,"type":"NPC","drops":[{"name":"Bones","id":526,"quantity":1,"price":66},{"name":"Lizardman fang","id":13391,"quantity":1,"price":29}],"date":"Nov 16, 2023, 11:09:31 PM"}
{"name":"Lizardman","level":62,"killCount":-1,"type":"NPC","drops":[{"name":"Bones","id":526,"quantity":1,"price":66},{"name":"Ranarr seed","id":5295,"quantity":1,"price":19104}],"date":"Nov 16, 2023, 11:09:38 PM"}
{"name":"Lizardman","level":53,"killCount":-1,"type":"NPC","drops":[{"name":"Bones","id":526,"quantity":1,"price":66},{"name":"Strawberry seed","id":5323,"quantity":1,"price":2}],"date":"Nov 16, 2023, 11:09:40 PM"}
{"name":"Lizardman","level":53,"killCount":-1,"type":"NPC","drops":[{"name":"Bones","id":526,"quantity":1,"price":66},{"name":"Lizardman fang","id":13391,"quantity":1,"price":29}],"date":"Nov 16, 2023, 11:09:52 PM"}
{"name":"Lizardman","level":53,"killCount":-1,"type":"NPC","drops":[{"name":"Bones","id":526,"quantity":1,"price":66}],"date":"Nov 16, 2023, 11:09:55 PM"}
{"name":"Lizardman","level":62,"killCount":-1,"type":"NPC","drops":[{"name":"Bones","id":526,"quantity":1,"price":66},{"name":"Lizardman fang","id":13391,"quantity":1,"price":29}],"date":"Nov 16, 2023, 11:10:02 PM"}
{"name":"Lizardman","level":53,"killCount":-1,"type":"NPC","drops":[{"name":"Bones","id":526,"quantity":1,"price":66},{"name":"Lizardman fang","id":13391,"quantity":1,"price":29}],"date":"Nov 16, 2023, 11:10:05 PM"}
{"name":"Lizardman","level":53,"killCount":-1,"type":"NPC","drops":[{"name":"Bones","id":526,"quantity":1,"price":66},{"name":"Xerician fabric","id":13383,"quantity":1,"price":794}],"date":"Nov 16, 2023, 11:10:12 PM"}
{"name":"Lizardman","level":53,"killCount":-1,"type":"NPC","drops":[{"name":"Bones","id":526,"quantity":1,"price":66},{"name":"Lizardman fang","id":13391,"quantity":1,"price":29}],"date":"Nov 16, 2023, 11:10:12 PM"}
{"name":"Lizardman","level":62,"killCount":-1,"type":"NPC","drops":[{"name":"Bones","id":526,"quantity":1,"price":66}],"date":"Nov 16, 2023, 11:10:17 PM"}
{"name":"Lizardman","level":53,"killCount":-1,"type":"NPC","drops":[{"name":"Bones","id":526,"quantity":1,"price":66}],"date":"Nov 16, 2023, 11:10:27 PM"}
{"name":"Lizardman","level":53,"killCount":-1,"type":"NPC","drops":[{"name":"Bones","id":526,"quantity":1,"price":66}],"date":"Nov 16, 2023, 11:10:30 PM"}
{"name":"Lizardman","level":53,"killCount":-1,"type":"NPC","drops":[{"name":"Bones","id":526,"quantity":1,"price":66}],"date":"Nov 16, 2023, 11:10:31 PM"}
{"name":"Lizardman","level":53,"killCount":-1,"type":"NPC","drops":[{"name":"Bones","id":526,"quantity":1,"price":66},{"name":"Lizardman fang","id":13391,"quantity":1,"price":29}],"date":"Nov 16, 2023, 11:10:33 PM"}
{"name":"Lizardman","level":62,"killCount":-1,"type":"NPC","drops":[{"name":"Bones","id":526,"quantity":1,"price":66},{"name":"Xerician fabric","id":13383,"quantity":1,"price":794}],"date":"Nov 16, 2023, 11:10:46 PM"}
{"name":"Lizardman","level":53,"killCount":-1,"type":"NPC","drops":[{"name":"Bones","id":526,"quantity":1,"price":66}],"date":"Nov 16, 2023, 11:10:48 PM"}
{"name":"Lizardman","level":53,"killCount":-1,"type":"NPC","drops":[{"name":"Bones","id":526,"quantity":1,"price":66}],"date":"Nov 16, 2023, 11:10:55 PM"}
{"name":"Lizardman","level":53,"killCount":-1,"type":"NPC","drops":[{"name":"Bones","id":526,"quantity":1,"price":66}],"date":"Nov 16, 2023, 11:11:05 PM"}
{"name":"Lizardman","level":53,"killCount":-1,"type":"NPC","drops":[{"name":"Bones","id":526,"quantity":1,"price":66}],"date":"Nov 16, 2023, 11:11:12 PM"}
{"name":"Lizardman","level":53,"killCount":-1,"type":"NPC","drops":[{"name":"Bones","id":526,"quantity":1,"price":66},{"name":"Lizardman fang","id":13391,"quantity":1,"price":29}],"date":"Nov 16, 2023, 11:11:16 PM"}
{"name":"Lizardman","level":62,"killCount":-1,"type":"NPC","drops":[{"name":"Bones","id":526,"quantity":1,"price":66},{"name":"Lizardman fang","id":13391,"quantity":1,"price":29},{"name":"Bones","id":526,"quantity":1,"price":66},{"name":"Xerician fabric","id":13383,"quantity":1,"price":794}],"date":"Nov 16, 2023, 11:11:19 PM"}
{"name":"Lizardman","level":62,"killCount":-1,"type":"NPC","drops":[{"name":"Bones","id":526,"quantity":1,"price":66}],"date":"Nov 16, 2023, 11:11:20 PM"}
{"name":"Lizardman","level":53,"killCount":-1,"type":"NPC","drops":[{"name":"Bones","id":526,"quantity":1,"price":66}],"date":"Nov 16, 2023, 11:11:21 PM"}
{"name":"Lizardman","level":53,"killCount":-1,"type":"NPC","drops":[{"name":"Bones","id":526,"quantity":1,"price":66},{"name":"Xerician fabric","id":13383,"quantity":1,"price":794}],"date":"Nov 16, 2023, 11:11:32 PM"}
{"name":"Lizardman","level":62,"killCount":-1,"type":"NPC","drops":[{"name":"Bones","id":526,"quantity":1,"price":66}],"date":"Nov 16, 2023, 11:11:37 PM"}
{"name":"Lizardman","level":53,"killCount":-1,"type":"NPC","drops":[{"name":"Bones","id":526,"quantity":1,"price":66}],"date":"Nov 16, 2023, 11:11:39 PM"}
{"name":"Lizardman","level":62,"killCount":-1,"type":"NPC","drops":[{"name":"Bones","id":526,"quantity":1,"price":66},{"name":"Lizardman fang","id":13391,"quantity":1,"price":29}],"date":"Nov 16, 2023, 11:11:45 PM"}
{"name":"Lizardman","level":62,"killCount":-1,"type":"NPC","drops":[{"name":"Bones","id":526,"quantity":1,"price":66},{"name":"Lantadyme seed","id":5302,"quantity":1,"price":235}],"date":"Nov 16, 2023, 11:11:50 PM"}
{"name":"Lizardman","level":53,"killCount":-1,"type":"NPC","drops":[{"name":"Bones","id":526,"quantity":1,"price":66},{"name":"Lizardman fang","id":13391,"quantity":1,"price":29}],"date":"Nov 16, 2023, 11:11:54 PM"}
{"name":"Lizardman","level":53,"killCount":-1,"type":"NPC","drops":[{"name":"Bones","id":526,"quantity":1,"price":66}],"date":"Nov 16, 2023, 11:12:02 PM"}
{"name":"Lizardman","level":53,"killCount":-1,"type":"NPC","drops":[{"name":"Bones","id":526,"quantity":1,"price":66}],"date":"Nov 16, 2023, 11:12:06 PM"}
{"name":"Lizardman","level":62,"killCount":-1,"type":"NPC","drops":[{"name":"Bones","id":526,"quantity":1,"price":66}],"date":"Nov 16, 2023, 11:12:12 PM"}
{"name":"Lizardman","level":62,"killCount":-1,"type":"NPC","drops":[{"name":"Bones","id":526,"quantity":1,"price":66},{"name":"Jangerberry seed","id":5104,"quantity":1,"price":1}],"date":"Nov 16, 2023, 11:12:15 PM"}
{"name":"Lizardman","level":53,"killCount":-1,"type":"NPC","drops":[{"name":"Bones","id":526,"quantity":1,"price":66}],"date":"Nov 16, 2023, 11:12:21 PM"}
{"name":"Lizardman","level":53,"killCount":-1,"type":"NPC","drops":[{"name":"Bones","id":526,"quantity":1,"price":66},{"name":"Jangerberry seed","id":5104,"quantity":1,"price":1}],"date":"Nov 16, 2023, 11:12:21 PM"}
{"name":"Lizardman","level":62,"killCount":-1,"type":"NPC","drops":[{"name":"Bones","id":526,"quantity":1,"price":66},{"name":"Tarromin seed","id":5293,"quantity":1,"price":9}],"date":"Nov 16, 2023, 11:12:27 PM"}
{"name":"Lizardman","level":53,"killCount":-1,"type":"NPC","drops":[{"name":"Bones","id":526,"quantity":1,"price":66},{"name":"Whiteberry seed","id":5105,"quantity":1,"price":1}],"date":"Nov 16, 2023, 11:12:32 PM"}
{"name":"Lizardman","level":53,"killCount":-1,"type":"NPC","drops":[{"name":"Bones","id":526,"quantity":1,"price":66}],"date":"Nov 16, 2023, 11:12:40 PM"}
{"name":"Lizardman","level":53,"killCount":-1,"type":"NPC","drops":[{"name":"Bones","id":526,"quantity":1,"price":66},{"name":"Xerician fabric","id":13383,"quantity":1,"price":794}],"date":"Nov 16, 2023, 11:12:44 PM"}
{"name":"Lizardman","level":62,"killCount":-1,"type":"NPC","drops":[{"name":"Bones","id":526,"quantity":1,"price":66}],"date":"Nov 16, 2023, 11:12:57 PM"}
{"name":"Lizardman","level":53,"killCount":-1,"type":"NPC","drops":[{"name":"Bones","id":526,"quantity":1,"price":66}],"date":"Nov 16, 2023, 11:13:05 PM"}
{"name":"Lizardman","level":53,"killCount":-1,"type":"NPC","drops":[{"name":"Bones","id":526,"quantity":1,"price":66},{"name":"Strawberry seed","id":5323,"quantity":1,"price":2}],"date":"Nov 16, 2023, 11:13:06 PM"}
{"name":"Lizardman","level":62,"killCount":-1,"type":"NPC","drops":[{"name":"Bones","id":526,"quantity":1,"price":66}],"date":"Nov 16, 2023, 11:13:12 PM"}
{"name":"Lizardman","level":62,"killCount":-1,"type":"NPC","drops":[{"name":"Bones","id":526,"quantity":1,"price":66},{"name":"Strawberry seed","id":5323,"quantity":1,"price":2}],"date":"Nov 16, 2023, 11:13:26 PM"}
{"name":"Lizardman","level":53,"killCount":-1,"type":"NPC","drops":[{"name":"Bones","id":526,"quantity":1,"price":66},{"name":"Bones","id":526,"quantity":1,"price":66},{"name":"Xerician fabric","id":13383,"quantity":1,"price":794}],"date":"Nov 16, 2023, 11:13:29 PM"}
{"name":"Lizardman","level":53,"killCount":-1,"type":"NPC","drops":[{"name":"Bones","id":526,"quantity":1,"price":66}],"date":"Nov 16, 2023, 11:13:32 PM"}
{"name":"Lizardman","level":62,"killCount":-1,"type":"NPC","drops":[{"name":"Bones","id":526,"quantity":1,"price":66}],"date":"Nov 16, 2023, 11:13:37 PM"}
{"name":"Lizardman","level":53,"killCount":-1,"type":"NPC","drops":[{"name":"Bones","id":526,"quantity":1,"price":66},{"name":"Lizardman fang","id":13391,"quantity":1,"price":29}],"date":"Nov 16, 2023, 11:13:51 PM"}
{"name":"Lizardman","level":53,"killCount":-1,"type":"NPC","drops":[{"name":"Bones","id":526,"quantity":1,"price":66},{"name":"Jangerberry seed","id":5104,"quantity":1,"price":1}],"date":"Nov 16, 2023, 11:13:54 PM"}
{"name":"Lizardman","level":62,"killCount":-1,"type":"NPC","drops":[{"name":"Bones","id":526,"quantity":1,"price":66}],"date":"Nov 16, 2023, 11:14:04 PM"}
{"name":"Lizardman","level":62,"killCount":-1,"type":"NPC","drops":[{"name":"Bones","id":526,"quantity":1,"price":66},{"name":"Lizardman fang","id":13391,"quantity":1,"price":29}],"date":"Nov 16, 2023, 11:14:08 PM"}
{"name":"Lizardman","level":53,"killCount":-1,"type":"NPC","drops":[{"name":"Bones","id":526,"quantity":1,"price":66},{"name":"Belladonna seed","id":5281,"quantity":1,"price":45}],"date":"Nov 16, 2023, 11:14:08 PM"}
{"name":"Lizardman","level":53,"killCount":-1,"type":"NPC","drops":[{"name":"Bones","id":526,"quantity":1,"price":66},{"name":"Harralander seed","id":5294,"quantity":1,"price":9}],"date":"Nov 16, 2023, 11:14:12 PM"}
{"name":"Lizardman","level":53,"killCount":-1,"type":"NPC","drops":[{"name":"Bones","id":526,"quantity":1,"price":66}],"date":"Nov 16, 2023, 11:14:14 PM"}
{"name":"Lizardman","level":53,"killCount":-1,"type":"NPC","drops":[{"name":"Bones","id":526,"quantity":1,"price":66}],"date":"Nov 16, 2023, 11:14:17 PM"}
{"name":"Lizardman","level":62,"killCount":-1,"type":"NPC","drops":[{"name":"Bones","id":526,"quantity":1,"price":66},{"name":"Tarromin seed","id":5293,"quantity":1,"price":9}],"date":"Nov 16, 2023, 11:14:20 PM"}
{"name":"Lizardman","level":62,"killCount":-1,"type":"NPC","drops":[{"name":"Bones","id":526,"quantity":1,"price":66},{"name":"Lizardman fang","id":13391,"quantity":1,"price":29}],"date":"Nov 16, 2023, 11:14:24 PM"}
{"name":"Lizardman","level":53,"killCount":-1,"type":"NPC","drops":[{"name":"Bones","id":526,"quantity":1,"price":66},{"name":"Xerician fabric","id":13383,"quantity":1,"price":794}],"date":"Nov 16, 2023, 11:14:27 PM"}
{"name":"Lizardman","level":53,"killCount":-1,"type":"NPC","drops":[{"name":"Bones","id":526,"quantity":1,"price":66},{"name":"Xerician fabric","id":13383,"quantity":1,"price":794}],"date":"Nov 16, 2023, 11:14:27 PM"}
{"name":"Lizardman","level":62,"killCount":-1,"type":"NPC","drops":[{"name":"Bones","id":526,"quantity":1,"price":66}],"date":"Nov 16, 2023, 11:14:33 PM"}
{"name":"Lizardman","level":53,"killCount":-1,"type":"NPC","drops":[{"name":"Bones","id":526,"quantity":1,"price":66},{"name":"Ranarr seed","id":5295,"quantity":1,"price":19104}],"date":"Nov 16, 2023, 11:14:35 PM"}
{"name":"Lizardman","level":62,"killCount":-1,"type":"NPC","drops":[{"name":"Bones","id":526,"quantity":1,"price":66}],"date":"Nov 16, 2023, 11:14:41 PM"}
{"name":"Lizardman","level":53,"killCount":-1,"type":"NPC","drops":[{"name":"Bones","id":526,"quantity":1,"price":66}],"date":"Nov 16, 2023, 11:14:48 PM"}
{"name":"Lizardman","level":53,"killCount":-1,"type":"NPC","drops":[{"name":"Bones","id":526,"quantity":1,"price":66}],"date":"Nov 16, 2023, 11:14:56 PM"}
{"name":"Lizardman","level":53,"killCount":-1,"type":"NPC","drops":[{"name":"Bones","id":526,"quantity":1,"price":66},{"name":"Lizardman fang","id":13391,"quantity":1,"price":29}],"date":"Nov 16, 2023, 11:14:57 PM"}
{"name":"Lizardman","level":62,"killCount":-1,"type":"NPC","drops":[{"name":"Bones","id":526,"quantity":1,"price":66},{"name":"Limpwurt seed","id":5100,"quantity":1,"price":5}],"date":"Nov 16, 2023, 11:14:58 PM"}
{"name":"Lizardman","level":62,"killCount":-1,"type":"NPC","drops":[{"name":"Bones","id":526,"quantity":1,"price":66},{"name":"Lizardman fang","id":13391,"quantity":1,"price":29},{"name":"Bones","id":526,"quantity":1,"price":66},{"name":"Tarromin seed","id":5293,"quantity":1,"price":9}],"date":"Nov 16, 2023, 11:15:04 PM"}
{"name":"Lizardman","level":62,"killCount":-1,"type":"NPC","drops":[{"name":"Bones","id":526,"quantity":1,"price":66},{"name":"Lizardman fang","id":13391,"quantity":1,"price":29}],"date":"Nov 16, 2023, 11:15:11 PM"}
{"name":"Lizardman","level":53,"killCount":-1,"type":"NPC","drops":[{"name":"Bones","id":526,"quantity":1,"price":66}],"date":"Nov 16, 2023, 11:15:12 PM"}
{"name":"Lizardman","level":53,"killCount":-1,"type":"NPC","drops":[{"name":"Bones","id":526,"quantity":1,"price":66}],"date":"Nov 16, 2023, 11:15:18 PM"}
{"name":"Lizardman","level":62,"killCount":-1,"type":"NPC","drops":[{"name":"Bones","id":526,"quantity":1,"price":66}],"date":"Nov 16, 2023, 11:15:21 PM"}
{"name":"Lizardman","level":53,"killCount":-1,"type":"NPC","drops":[{"name":"Bones","id":526,"quantity":1,"price":66},{"name":"Tarromin seed","id":5293,"quantity":1,"price":9}],"date":"Nov 16, 2023, 11:15:26 PM"}
{"name":"Lizardman","level":53,"killCount":-1,"type":"NPC","drops":[{"name":"Bones","id":526,"quantity":1,"price":66}],"date":"Nov 16, 2023, 11:15:30 PM"}
{"name":"Lizardman","level":62,"killCount":-1,"type":"NPC","drops":[{"name":"Bones","id":526,"quantity":1,"price":66}],"date":"Nov 16, 2023, 11:15:32 PM"}
{"name":"Lizardman","level":62,"killCount":-1,"type":"NPC","drops":[{"name":"Bones","id":526,"quantity":1,"price":66},{"name":"Limpwurt seed","id":5100,"quantity":1,"price":5}],"date":"Nov 16, 2023, 11:15:47 PM"}
{"name":"Lizardman","level":53,"killCount":-1,"type":"NPC","drops":[{"name":"Bones","id":526,"quantity":1,"price":66},{"name":"Ranarr seed","id":5295,"quantity":1,"price":19104},{"name":"Bones","id":526,"quantity":1,"price":66}],"date":"Nov 16, 2023, 11:15:49 PM"}
{"name":"Lizardman","level":53,"killCount":-1,"type":"NPC","drops":[{"name":"Bones","id":526,"quantity":1,"price":66},{"name":"Xerician fabric","id":13383,"quantity":1,"price":794}],"date":"Nov 16, 2023, 11:15:53 PM"}
{"name":"Lizardman","level":62,"killCount":-1,"type":"NPC","drops":[{"name":"Bones","id":526,"quantity":1,"price":66},{"name":"Lizardman fang","id":13391,"quantity":1,"price":29},{"name":"Bones","id":526,"quantity":1,"price":66}],"date":"Nov 16, 2023, 11:16:00 PM"}
{"name":"Lizardman","level":53,"killCount":-1,"type":"NPC","drops":[{"name":"Bones","id":526,"quantity":1,"price":66}],"date":"Nov 16, 2023, 11:16:05 PM"}
{"name":"Lizardman","level":53,"killCount":-1,"type":"NPC","drops":[{"name":"Bones","id":526,"quantity":1,"price":64}],"date":"Nov 19, 2023, 8:00:38 PM"}
{"name":"Lizardman","level":62,"killCount":-1,"type":"NPC","drops":[{"name":"Bones","id":526,"quantity":1,"price":64},{"name":"Xerician fabric","id":13383,"quantity":1,"price":773},{"name":"Bones","id":526,"quantity":1,"price":64},{"name":"Lizardman fang","id":13391,"quantity":1,"price":31}],"date":"Nov 19, 2023, 8:00:38 PM"}
{"name":"Lizardman","level":53,"killCount":-1,"type":"NPC","drops":[{"name":"Bones","id":526,"quantity":1,"price":64},{"name":"Watermelon seed","id":5321,"quantity":1,"price":3}],"date":"Nov 19, 2023, 8:00:43 PM"}
{"name":"Lizardman","level":53,"killCount":-1,"type":"NPC","drops":[{"name":"Bones","id":526,"quantity":1,"price":64}],"date":"Nov 19, 2023, 8:01:01 PM"}
{"name":"Lizardman","level":53,"killCount":-1,"type":"NPC","drops":[{"name":"Bones","id":526,"quantity":1,"price":64}],"date":"Nov 19, 2023, 8:01:01 PM"}
{"name":"Lizardman","level":53,"killCount":-1,"type":"NPC","drops":[{"name":"Bones","id":526,"quantity":1,"price":64},{"name":"Strawberry seed","id":5323,"quantity":1,"price":2}],"date":"Nov 19, 2023, 8:01:09 PM"}
{"name":"Lizardman","level":62,"killCount":-1,"type":"NPC","drops":[{"name":"Bones","id":526,"quantity":1,"price":64}],"date":"Nov 19, 2023, 8:01:17 PM"}
{"name":"Lizardman","level":53,"killCount":-1,"type":"NPC","drops":[{"name":"Bones","id":526,"quantity":1,"price":64}],"date":"Nov 19, 2023, 8:01:17 PM"}
{"name":"Lizardman","level":53,"killCount":-1,"type":"NPC","drops":[{"name":"Bones","id":526,"quantity":1,"price":64}],"date":"Nov 19, 2023, 8:01:32 PM"}
{"name":"Lizardman","level":62,"killCount":-1,"type":"NPC","drops":[{"name":"Bones","id":526,"quantity":1,"price":64}],"date":"Nov 19, 2023, 8:01:41 PM"}
{"name":"Lizardman","level":53,"killCount":-1,"type":"NPC","drops":[{"name":"Bones","id":526,"quantity":1,"price":64},{"name":"Limpwurt seed","id":5100,"quantity":1,"price":4}],"date":"Nov 19, 2023, 8:01:42 PM"}
{"name":"Lizardman","level":62,"killCount":-1,"type":"NPC","drops":[{"name":"Bones","id":526,"quantity":1,"price":64}],"date":"Nov 19, 2023, 8:01:42 PM"}
{"name":"Lizardman","level":53,"killCount":-1,"type":"NPC","drops":[{"name":"Bones","id":526,"quantity":1,"price":64},{"name":"Xerician fabric","id":13383,"quantity":1,"price":773}],"date":"Nov 19, 2023, 8:01:55 PM"}
{"name":"Lizardman","level":62,"killCount":-1,"type":"NPC","drops":[{"name":"Bones","id":526,"quantity":1,"price":64}],"date":"Nov 19, 2023, 8:01:58 PM"}
{"name":"Lizardman","level":53,"killCount":-1,"type":"NPC","drops":[{"name":"Bones","id":526,"quantity":1,"price":64},{"name":"Jangerberry seed","id":5104,"quantity":1,"price":1}],"date":"Nov 19, 2023, 8:02:00 PM"}
{"name":"Lizardman","level":62,"killCount":-1,"type":"NPC","drops":[{"name":"Bones","id":526,"quantity":1,"price":64}],"date":"Nov 19, 2023, 8:02:03 PM"}
{"name":"Lizardman","level":62,"killCount":-1,"type":"NPC","drops":[{"name":"Bones","id":526,"quantity":1,"price":64},{"name":"Marrentill seed","id":5292,"quantity":1,"price":2}],"date":"Nov 19, 2023, 8:02:09 PM"}
{"name":"Lizardman","level":53,"killCount":-1,"type":"NPC","drops":[{"name":"Bones","id":526,"quantity":1,"price":64}],"date":"Nov 19, 2023, 8:02:15 PM"}
{"name":"Lizardman","level":53,"killCount":-1,"type":"NPC","drops":[{"name":"Bones","id":526,"quantity":1,"price":64},{"name":"Xerician fabric","id":13383,"quantity":1,"price":773}],"date":"Nov 19, 2023, 8:02:16 PM"}
{"name":"Lizardman","level":53,"killCount":-1,"type":"NPC","drops":[{"name":"Bones","id":526,"quantity":1,"price":64}],"date":"Nov 19, 2023, 8:02:20 PM"}
{"name":"Lizardman","level":53,"killCount":-1,"type":"NPC","drops":[{"name":"Bones","id":526,"quantity":1,"price":64}],"date":"Nov 19, 2023, 8:02:23 PM"}
{"name":"Lizardman","level":62,"killCount":-1,"type":"NPC","drops":[{"name":"Bones","id":526,"quantity":1,"price":64},{"name":"Lizardman fang","id":13391,"quantity":1,"price":31}],"date":"Nov 19, 2023, 8:02:35 PM"}
{"name":"Lizardman","level":62,"killCount":-1,"type":"NPC","drops":[{"name":"Bones","id":526,"quantity":1,"price":64}],"date":"Nov 19, 2023, 8:02:47 PM"}
{"name":"Lizardman","level":53,"killCount":-1,"type":"NPC","drops":[{"name":"Bones","id":526,"quantity":1,"price":64},{"name":"Xerician fabric","id":13383,"quantity":1,"price":773}],"date":"Nov 19, 2023, 8:02:50 PM"}
{"name":"Lizardman","level":53,"killCount":-1,"type":"NPC","drops":[{"name":"Bones","id":526,"quantity":1,"price":64}],"date":"Nov 19, 2023, 8:02:53 PM"}
{"name":"Lizardman","level":53,"killCount":-1,"type":"NPC","drops":[{"name":"Bones","id":526,"quantity":1,"price":64},{"name":"Lizardman fang","id":13391,"quantity":1,"price":31}],"date":"Nov 19, 2023, 8:03:00 PM"}
{"name":"Lizardman","level":53,"killCount":-1,"type":"NPC","drops":[{"name":"Bones","id":526,"quantity":1,"price":64},{"name":"Whiteberry seed","id":5105,"quantity":1,"price":1}],"date":"Nov 19, 2023, 8:03:05 PM"}
{"name":"Lizardman","level":62,"killCount":-1,"type":"NPC","drops":[{"name":"Bones","id":526,"quantity":1,"price":64},{"name":"Bones","id":526,"quantity":1,"price":64}],"date":"Nov 19, 2023, 8:03:15 PM"}
{"name":"Lizardman","level":53,"killCount":-1,"type":"NPC","drops":[{"name":"Bones","id":526,"quantity":1,"price":64},{"name":"Lizardman fang","id":13391,"quantity":1,"price":31}],"date":"Nov 19, 2023, 8:03:15 PM"}
{"name":"Lizardman","level":53,"killCount":-1,"type":"NPC","drops":[{"name":"Bones","id":526,"quantity":1,"price":64}],"date":"Nov 19, 2023, 8:03:19 PM"}
{"name":"Lizardman","level":62,"killCount":-1,"type":"NPC","drops":[{"name":"Bones","id":526,"quantity":1,"price":64}],"date":"Nov 19, 2023, 8:03:21 PM"}
{"name":"Lizardman","level":53,"killCount":-1,"type":"NPC","drops":[{"name":"Bones","id":526,"quantity":1,"price":64},{"name":"Strawberry seed","id":5323,"quantity":1,"price":2}],"date":"Nov 19, 2023, 8:03:26 PM"}
{"name":"Lizardman","level":53,"killCount":-1,"type":"NPC","drops":[{"name":"Bones","id":526,"quantity":1,"price":64},{"name":"Lizardman fang","id":13391,"quantity":1,"price":31}],"date":"Nov 19, 2023, 8:03:34 PM"}
{"name":"Lizardman","level":53,"killCount":-1,"type":"NPC","drops":[{"name":"Bones","id":526,"quantity":1,"price":64}],"date":"Nov 19, 2023, 8:03:35 PM"}
{"name":"Lizardman","level":62,"killCount":-1,"type":"NPC","drops":[{"name":"Bones","id":526,"quantity":1,"price":64}],"date":"Nov 19, 2023, 8:03:35 PM"}
{"name":"Lizardman","level":53,"killCount":-1,"type":"NPC","drops":[{"name":"Bones","id":526,"quantity":1,"price":64},{"name":"Xerician fabric","id":13383,"quantity":1,"price":773}],"date":"Nov 19, 2023, 8:03:45 PM"}
{"name":"Lizardman","level":53,"killCount":-1,"type":"NPC","drops":[{"name":"Bones","id":526,"quantity":1,"price":64}],"date":"Nov 19, 2023, 8:03:47 PM"}
{"name":"Lizardman","level":62,"killCount":-1,"type":"NPC","drops":[{"name":"Bones","id":526,"quantity":1,"price":64}],"date":"Nov 19, 2023, 8:03:52 PM"}
{"name":"Lizardman","level":53,"killCount":-1,"type":"NPC","drops":[{"name":"Bones","id":526,"quantity":1,"price":64}],"date":"Nov 19, 2023, 8:04:03 PM"}
{"name":"Lizardman","level":53,"killCount":-1,"type":"NPC","drops":[{"name":"Bones","id":526,"quantity":1,"price":64}],"date":"Nov 19, 2023, 8:04:04 PM"}
{"name":"Lizardman","level":62,"killCount":-1,"type":"NPC","drops":[{"name":"Bones","id":526,"quantity":1,"price":64},{"name":"Xerician fabric","id":13383,"quantity":1,"price":773}],"date":"Nov 19, 2023, 8:04:17 PM"}
{"name":"Lizardman","level":53,"killCount":-1,"type":"NPC","drops":[{"name":"Bones","id":526,"quantity":1,"price":64}],"date":"Nov 19, 2023, 8:04:20 PM"}
{"name":"Lizardman","level":53,"killCount":-1,"type":"NPC","drops":[{"name":"Bones","id":526,"quantity":1,"price":64},{"name":"Harralander seed","id":5294,"quantity":1,"price":9},{"name":"Bones","id":526,"quantity":1,"price":64}],"date":"Nov 19, 2023, 8:04:25 PM"}
{"name":"Lizardman","level":53,"killCount":-1,"type":"NPC","drops":[{"name":"Bones","id":526,"quantity":1,"price":64}],"date":"Nov 19, 2023, 8:04:35 PM"}
{"name":"Lizardman","level":62,"killCount":-1,"type":"NPC","drops":[{"name":"Bones","id":526,"quantity":1,"price":64}],"date":"Nov 19, 2023, 8:04:36 PM"}
{"name":"Lizardman","level":53,"killCount":-1,"type":"NPC","drops":[{"name":"Bones","id":526,"quantity":1,"price":64},{"name":"Strawberry seed","id":5323,"quantity":1,"price":2}],"date":"Nov 19, 2023, 8:04:44 PM"}
{"name":"Lizardman","level":53,"killCount":-1,"type":"NPC","drops":[{"name":"Bones","id":526,"quantity":1,"price":64},{"name":"Xerician fabric","id":13383,"quantity":1,"price":773}],"date":"Nov 19, 2023, 8:04:44 PM"}
{"name":"Lizardman","level":53,"killCount":-1,"type":"NPC","drops":[{"name":"Bones","id":526,"quantity":1,"price":64},{"name":"Mushroom spore","id":5282,"quantity":1,"price":75}],"date":"Nov 19, 2023, 8:04:52 PM"}
{"name":"Lizardman","level":53,"killCount":-1,"type":"NPC","drops":[{"name":"Bones","id":526,"quantity":1,"price":64},{"name":"Lizardman fang","id":13391,"quantity":1,"price":31}],"date":"Nov 19, 2023, 8:05:02 PM"}
{"name":"Lizardman","level":53,"killCount":-1,"type":"NPC","drops":[{"name":"Bones","id":526,"quantity":1,"price":64},{"name":"Watermelon seed","id":5321,"quantity":1,"price":3}],"date":"Nov 19, 2023, 8:05:05 PM"}
{"name":"Lizardman","level":53,"killCount":-1,"type":"NPC","drops":[{"name":"Bones","id":526,"quantity":1,"price":64},{"name":"Lizardman fang","id":13391,"quantity":1,"price":31}],"date":"Nov 19, 2023, 8:05:07 PM"}
{"name":"Lizardman","level":62,"killCount":-1,"type":"NPC","drops":[{"name":"Bones","id":526,"quantity":1,"price":64},{"name":"Limpwurt seed","id":5100,"quantity":1,"price":4}],"date":"Nov 19, 2023, 8:05:20 PM"}
{"name":"Lizardman","level":62,"killCount":-1,"type":"NPC","drops":[{"name":"Bones","id":526,"quantity":1,"price":64}],"date":"Nov 19, 2023, 8:05:22 PM"}
{"name":"Lizardman","level":53,"killCount":-1,"type":"NPC","drops":[{"name":"Bones","id":526,"quantity":1,"price":64}],"date":"Nov 19, 2023, 8:05:24 PM"}
{"name":"Lizardman","level":53,"killCount":-1,"type":"NPC","drops":[{"name":"Bones","id":526,"quantity":1,"price":64}],"date":"Nov 19, 2023, 8:05:24 PM"}
{"name":"Lizardman","level":53,"killCount":-1,"type":"NPC","drops":[{"name":"Bones","id":526,"quantity":1,"price":64}],"date":"Nov 19, 2023, 8:05:29 PM"}
{"name":"Lizardman","level":53,"killCount":-1,"type":"NPC","drops":[{"name":"Bones","id":526,"quantity":1,"price":64}],"date":"Nov 19, 2023, 8:05:40 PM"}
{"name":"Lizardman","level":62,"killCount":-1,"type":"NPC","drops":[{"name":"Bones","id":526,"quantity":1,"price":64},{"name":"Limpwurt seed","id":5100,"quantity":1,"price":4}],"date":"Nov 19, 2023, 8:05:41 PM"}
{"name":"Lizardman","level":53,"killCount":-1,"type":"NPC","drops":[{"name":"Bones","id":526,"quantity":1,"price":64}],"date":"Nov 19, 2023, 8:05:44 PM"}
{"name":"Lizardman","level":62,"killCount":-1,"type":"NPC","drops":[{"name":"Bones","id":526,"quantity":1,"price":64},{"name":"Xerician fabric","id":13383,"quantity":1,"price":773}],"date":"Nov 19, 2023, 8:05:48 PM"}
{"name":"Lizardman","level":62,"killCount":-1,"type":"NPC","drops":[{"name":"Bones","id":526,"quantity":1,"price":64}],"date":"Nov 19, 2023, 8:05:59 PM"}
{"name":"Lizardman","level":62,"killCount":-1,"type":"NPC","drops":[{"name":"Bones","id":526,"quantity":1,"price":64},{"name":"Xerician fabric","id":13383,"quantity":1,"price":773}],"date":"Nov 19, 2023, 8:06:05 PM"}
{"name":"Lizardman","level":53,"killCount":-1,"type":"NPC","drops":[{"name":"Bones","id":526,"quantity":1,"price":64},{"name":"Lizardman fang","id":13391,"quantity":1,"price":31}],"date":"Nov 19, 2023, 8:06:05 PM"}
{"name":"Lizardman","level":53,"killCount":-1,"type":"NPC","drops":[{"name":"Bones","id":526,"quantity":1,"price":64},{"name":"Xerician fabric","id":13383,"quantity":1,"price":773}],"date":"Nov 19, 2023, 8:06:08 PM"}
{"name":"Lizardman","level":53,"killCount":-1,"type":"NPC","drops":[{"name":"Bones","id":526,"quantity":1,"price":64},{"name":"Lizardman fang","id":13391,"quantity":1,"price":31}],"date":"Nov 19, 2023, 8:06:12 PM"}
{"name":"Lizardman","level":62,"killCount":-1,"type":"NPC","drops":[{"name":"Bones","id":526,"quantity":1,"price":64},{"name":"Xerician fabric","id":13383,"quantity":1,"price":773}],"date":"Nov 19, 2023, 8:06:14 PM"}
{"name":"Lizardman","level":53,"killCount":-1,"type":"NPC","drops":[{"name":"Bones","id":526,"quantity":1,"price":64},{"name":"Xerician fabric","id":13383,"quantity":1,"price":773},{"name":"Bones","id":526,"quantity":1,"price":64},{"name":"Xerician fabric","id":13383,"quantity":1,"price":773}],"date":"Nov 19, 2023, 8:06:26 PM"}
{"name":"Lizardman","level":62,"killCount":-1,"type":"NPC","drops":[{"name":"Bones","id":526,"quantity":1,"price":64}],"date":"Nov 19, 2023, 8:06:33 PM"}
{"name":"Lizardman","level":62,"killCount":-1,"type":"NPC","drops":[{"name":"Bones","id":526,"quantity":1,"price":64},{"name":"Bones","id":526,"quantity":1,"price":64}],"date":"Nov 19, 2023, 8:06:47 PM"}
{"name":"Lizardman","level":53,"killCount":-1,"type":"NPC","drops":[{"name":"Bones","id":526,"quantity":1,"price":64}],"date":"Nov 19, 2023, 8:06:51 PM"}
{"name":"Lizardman","level":53,"killCount":-1,"type":"NPC","drops":[{"name":"Bones","id":526,"quantity":1,"price":64},{"name":"Lizardman fang","id":13391,"quantity":1,"price":31}],"date":"Nov 19, 2023, 8:06:57 PM"}
{"name":"Lizardman","level":62,"killCount":-1,"type":"NPC","drops":[{"name":"Bones","id":526,"quantity":1,"price":64}],"date":"Nov 19, 2023, 8:06:57 PM"}
{"name":"Lizardman","level":53,"killCount":-1,"type":"NPC","drops":[{"name":"Bones","id":526,"quantity":1,"price":64}],"date":"Nov 19, 2023, 8:06:59 PM"}
{"name":"Lizardman","level":62,"killCount":-1,"type":"NPC","drops":[{"name":"Bones","id":526,"quantity":1,"price":64},{"name":"Strawberry seed","id":5323,"quantity":1,"price":2}],"date":"Nov 19, 2023, 8:07:00 PM"}
{"name":"Lizardman","level":53,"killCount":-1,"type":"NPC","drops":[{"name":"Bones","id":526,"quantity":1,"price":64}],"date":"Nov 19, 2023, 8:07:00 PM"}
{"name":"Lizardman","level":53,"killCount":-1,"type":"NPC","drops":[{"name":"Bones","id":526,"quantity":1,"price":64}],"date":"Nov 19, 2023, 8:07:18 PM"}
{"name":"Lizardman","level":62,"killCount":-1,"type":"NPC","drops":[{"name":"Bones","id":526,"quantity":1,"price":64}],"date":"Nov 19, 2023, 8:07:22 PM"}
{"name":"Lizardman","level":53,"killCount":-1,"type":"NPC","drops":[{"name":"Bones","id":526,"quantity":1,"price":64},{"name":"Strawberry seed","id":5323,"quantity":1,"price":2}],"date":"Nov 19, 2023, 8:07:25 PM"}
{"name":"Lizardman","level":62,"killCount":-1,"type":"NPC","drops":[{"name":"Bones","id":526,"quantity":1,"price":64},{"name":"Xerician fabric","id":13383,"quantity":1,"price":773}],"date":"Nov 19, 2023, 8:07:27 PM"}
{"name":"Lizardman","level":53,"killCount":-1,"type":"NPC","drops":[{"name":"Bones","id":526,"quantity":1,"price":64},{"name":"Marrentill seed","id":5292,"quantity":1,"price":2}],"date":"Nov 19, 2023, 8:07:30 PM"}
{"name":"Lizardman","level":62,"killCount":-1,"type":"NPC","drops":[{"name":"Bones","id":526,"quantity":1,"price":64},{"name":"Lizardman fang","id":13391,"quantity":1,"price":31}],"date":"Nov 19, 2023, 8:07:34 PM"}
{"name":"Lizardman","level":53,"killCount":-1,"type":"NPC","drops":[{"name":"Bones","id":526,"quantity":1,"price":64}],"date":"Nov 19, 2023, 8:07:41 PM"}
{"name":"Lizardman","level":53,"killCount":-1,"type":"NPC","drops":[{"name":"Bones","id":526,"quantity":1,"price":64}],"date":"Nov 19, 2023, 8:07:44 PM"}
{"name":"Lizardman","level":53,"killCount":-1,"type":"NPC","drops":[{"name":"Bones","id":526,"quantity":1,"price":64},{"name":"Whiteberry seed","id":5105,"quantity":1,"price":1}],"date":"Nov 19, 2023, 8:08:02 PM"}
{"name":"Lizardman","level":53,"killCount":-1,"type":"NPC","drops":[{"name":"Bones","id":526,"quantity":1,"price":64}],"date":"Nov 19, 2023, 8:08:03 PM"}
{"name":"Lizardman","level":53,"killCount":-1,"type":"NPC","drops":[{"name":"Bones","id":526,"quantity":1,"price":64}],"date":"Nov 19, 2023, 8:08:03 PM"}
{"name":"Lizardman","level":62,"killCount":-1,"type":"NPC","drops":[{"name":"Bones","id":526,"quantity":1,"price":64},{"name":"Belladonna seed","id":5281,"quantity":1,"price":49}],"date":"Nov 19, 2023, 8:08:05 PM"}
{"name":"Lizardman","level":62,"killCount":-1,"type":"NPC","drops":[{"name":"Bones","id":526,"quantity":1,"price":64},{"name":"Lizardman fang","id":13391,"quantity":1,"price":31}],"date":"Nov 19, 2023, 8:08:05 PM"}
{"name":"Lizardman","level":62,"killCount":-1,"type":"NPC","drops":[{"name":"Bones","id":526,"quantity":1,"price":64},{"name":"Lizardman fang","id":13391,"quantity":1,"price":31}],"date":"Nov 19, 2023, 8:08:26 PM"}
{"name":"Lizardman","level":62,"killCount":-1,"type":"NPC","drops":[{"name":"Bones","id":526,"quantity":1,"price":64},{"name":"Bones","id":526,"quantity":1,"price":64}],"date":"Nov 19, 2023, 8:08:29 PM"}
{"name":"Lizardman","level":53,"killCount":-1,"type":"NPC","drops":[{"name":"Bones","id":526,"quantity":1,"price":64}],"date":"Nov 19, 2023, 8:08:37 PM"}
{"name":"Lizardman","level":53,"killCount":-1,"type":"NPC","drops":[{"name":"Bones","id":526,"quantity":1,"price":64}],"date":"Nov 19, 2023, 8:08:47 PM"}
{"name":"Lizardman","level":62,"killCount":-1,"type":"NPC","drops":[{"name":"Bones","id":526,"quantity":1,"price":64}],"date":"Nov 19, 2023, 8:08:50 PM"}
{"name":"Lizardman","level":53,"killCount":-1,"type":"NPC","drops":[{"name":"Bones","id":526,"quantity":1,"price":64},{"name":"Marrentill seed","id":5292,"quantity":1,"price":2}],"date":"Nov 19, 2023, 8:08:53 PM"}
{"name":"Lizardman","level":53,"killCount":-1,"type":"NPC","drops":[{"name":"Bones","id":526,"quantity":1,"price":64},{"name":"Lizardman fang","id":13391,"quantity":1,"price":31}],"date":"Nov 19, 2023, 8:09:00 PM"}
{"name":"Lizardman","level":53,"killCount":-1,"type":"NPC","drops":[{"name":"Bones","id":526,"quantity":1,"price":64},{"name":"Lizardman fang","id":13391,"quantity":1,"price":31}],"date":"Nov 19, 2023, 8:09:00 PM"}
{"name":"Lizardman","level":53,"killCount":-1,"type":"NPC","drops":[{"name":"Bones","id":526,"quantity":1,"price":64}],"date":"Nov 19, 2023, 8:09:16 PM"}
{"name":"Lizardman","level":62,"killCount":-1,"type":"NPC","drops":[{"name":"Bones","id":526,"quantity":1,"price":64},{"name":"Xerician fabric","id":13383,"quantity":1,"price":773}],"date":"Nov 19, 2023, 8:09:20 PM"}
{"name":"Lizardman","level":62,"killCount":-1,"type":"NPC","drops":[{"name":"Bones","id":526,"quantity":1,"price":64}],"date":"Nov 19, 2023, 8:09:40 PM"}
{"name":"Lizardman","level":53,"killCount":-1,"type":"NPC","drops":[{"name":"Bones","id":526,"quantity":1,"price":64}],"date":"Nov 19, 2023, 8:09:44 PM"}
{"name":"Lizardman","level":53,"killCount":-1,"type":"NPC","drops":[{"name":"Bones","id":526,"quantity":1,"price":64},{"name":"Harralander seed","id":5294,"quantity":1,"price":9}],"date":"Nov 19, 2023, 8:09:53 PM"}
{"name":"Lizardman","level":53,"killCount":-1,"type":"NPC","drops":[{"name":"Bones","id":526,"quantity":1,"price":64}],"date":"Nov 19, 2023, 8:10:00 PM"}
{"name":"Lizardman","level":53,"killCount":-1,"type":"NPC","drops":[{"name":"Bones","id":526,"quantity":1,"price":64}],"date":"Nov 19, 2023, 8:10:09 PM"}
{"name":"Lizardman","level":62,"killCount":-1,"type":"NPC","drops":[{"name":"Bones","id":526,"quantity":1,"price":64}],"date":"Nov 19, 2023, 8:10:17 PM"}
{"name":"Lizardman","level":62,"killCount":-1,"type":"NPC","drops":[{"name":"Bones","id":526,"quantity":1,"price":64},{"name":"Lizardman fang","id":13391,"quantity":1,"price":31}],"date":"Nov 19, 2023, 8:10:22 PM"}
{"name":"Lizardman","level":53,"killCount":-1,"type":"NPC","drops":[{"name":"Bones","id":526,"quantity":1,"price":64}],"date":"Nov 19, 2023, 8:10:26 PM"}
{"name":"Lizardman","level":53,"killCount":-1,"type":"NPC","drops":[{"name":"Bones","id":526,"quantity":1,"price":64}],"date":"Nov 19, 2023, 8:10:32 PM"}
{"name":"Lizardman","level":53,"killCount":-1,"type":"NPC","drops":[{"name":"Bones","id":526,"quantity":1,"price":64}],"date":"Nov 19, 2023, 8:10:47 PM"}
{"name":"Lizardman","level":62,"killCount":-1,"type":"NPC","drops":[{"name":"Bones","id":526,"quantity":1,"price":64}],"date":"Nov 19, 2023, 8:10:51 PM"}
{"name":"Lizardman","level":53,"killCount":-1,"type":"NPC","drops":[{"name":"Bones","id":526,"quantity":1,"price":64}],"date":"Nov 19, 2023, 8:11:00 PM"}
{"name":"Lizardman","level":53,"killCount":-1,"type":"NPC","drops":[{"name":"Bones","id":526,"quantity":1,"price":64}],"date":"Nov 19, 2023, 8:11:07 PM"}
{"name":"Lizardman","level":62,"killCount":-1,"type":"NPC","drops":[{"name":"Bones","id":526,"quantity":1,"price":64},{"name":"Limpwurt seed","id":5100,"quantity":1,"price":4}],"date":"Nov 19, 2023, 8:11:11 PM"}
{"name":"Lizardman","level":62,"killCount":-1,"type":"NPC","drops":[{"name":"Bones","id":526,"quantity":1,"price":64},{"name":"Marrentill seed","id":5292,"quantity":1,"price":2}],"date":"Nov 19, 2023, 8:11:21 PM"}
{"name":"Lizardman","level":53,"killCount":-1,"type":"NPC","drops":[{"name":"Bones","id":526,"quantity":1,"price":64}],"date":"Nov 19, 2023, 8:11:29 PM"}
{"name":"Lizardman","level":53,"killCount":-1,"type":"NPC","drops":[{"name":"Bones","id":526,"quantity":1,"price":64},{"name":"Xerician fabric","id":13383,"quantity":1,"price":773}],"date":"Nov 19, 2023, 8:11:32 PM"}
{"name":"Lizardman","level":53,"killCount":-1,"type":"NPC","drops":[{"name":"Bones","id":526,"quantity":1,"price":64}],"date":"Nov 19, 2023, 8:11:32 PM"}
{"name":"Lizardman","level":53,"killCount":-1,"type":"NPC","drops":[{"name":"Bones","id":526,"quantity":1,"price":64}],"date":"Nov 19, 2023, 8:11:59 PM"}
{"name":"Lizardman","level":62,"killCount":-1,"type":"NPC","drops":[{"name":"Bones","id":526,"quantity":1,"price":64},{"name":"Lizardman fang","id":13391,"quantity":1,"price":31}],"date":"Nov 19, 2023, 8:12:56 PM"}
{"name":"Lizardman","level":53,"killCount":-1,"type":"NPC","drops":[{"name":"Bones","id":526,"quantity":1,"price":64}],"date":"Nov 19, 2023, 8:12:59 PM"}
{"name":"Lizardman","level":62,"killCount":-1,"type":"NPC","drops":[{"name":"Bones","id":526,"quantity":1,"price":64}],"date":"Nov 19, 2023, 8:13:05 PM"}
{"name":"Lizardman","level":62,"killCount":-1,"type":"NPC","drops":[{"name":"Bones","id":526,"quantity":1,"price":64},{"name":"Lizardman fang","id":13391,"quantity":1,"price":31}],"date":"Nov 19, 2023, 8:13:06 PM"}
{"name":"Lizardman","level":62,"killCount":-1,"type":"NPC","drops":[{"name":"Bones","id":526,"quantity":1,"price":64}],"date":"Nov 19, 2023, 8:13:17 PM"}
{"name":"Lizardman","level":62,"killCount":-1,"type":"NPC","drops":[{"name":"Bones","id":526,"quantity":1,"price":64},{"name":"Lizardman fang","id":13391,"quantity":1,"price":31}],"date":"Nov 19, 2023, 8:13:32 PM"}
{"name":"Lizardman","level":62,"killCount":-1,"type":"NPC","drops":[{"name":"Bones","id":526,"quantity":1,"price":64},{"name":"Lizardman fang","id":13391,"quantity":1,"price":31}],"date":"Nov 19, 2023, 8:13:34 PM"}
{"name":"Lizardman","level":62,"killCount":-1,"type":"NPC","drops":[{"name":"Bones","id":526,"quantity":1,"price":64}],"date":"Nov 19, 2023, 8:13:39 PM"}
{"name":"Lizardman","level":62,"killCount":-1,"type":"NPC","drops":[{"name":"Bones","id":526,"quantity":1,"price":64}],"date":"Nov 19, 2023, 8:13:51 PM"}
{"name":"Lizardman","level":53,"killCount":-1,"type":"NPC","drops":[{"name":"Bones","id":526,"quantity":1,"price":64},{"name":"Lizardman fang","id":13391,"quantity":1,"price":31}],"date":"Nov 19, 2023, 8:13:52 PM"}
{"name":"Lizardman","level":53,"killCount":-1,"type":"NPC","drops":[{"name":"Bones","id":526,"quantity":1,"price":64},{"name":"Snape grass seed","id":22879,"quantity":1,"price":2376}],"date":"Nov 19, 2023, 8:13:58 PM"}
{"name":"Lizardman","level":62,"killCount":-1,"type":"NPC","drops":[{"name":"Bones","id":526,"quantity":1,"price":64},{"name":"Xerician fabric","id":13383,"quantity":1,"price":773}],"date":"Nov 19, 2023, 8:14:02 PM"}
{"name":"Lizardman","level":62,"killCount":-1,"type":"NPC","drops":[{"name":"Bones","id":526,"quantity":1,"price":64}],"date":"Nov 19, 2023, 8:14:08 PM"}
{"name":"Lizardman","level":62,"killCount":-1,"type":"NPC","drops":[{"name":"Bones","id":526,"quantity":1,"price":64},{"name":"Lizardman fang","id":13391,"quantity":1,"price":31}],"date":"Nov 19, 2023, 8:14:18 PM"}
{"name":"Lizardman","level":62,"killCount":-1,"type":"NPC","drops":[{"name":"Bones","id":526,"quantity":1,"price":64}],"date":"Nov 19, 2023, 8:14:26 PM"}
{"name":"Lizardman","level":62,"killCount":-1,"type":"NPC","drops":[{"name":"Bones","id":526,"quantity":1,"price":64},{"name":"Strawberry seed","id":5323,"quantity":1,"price":2}],"date":"Nov 19, 2023, 8:14:42 PM"}
{"name":"Lizardman","level":62,"killCount":-1,"type":"NPC","drops":[{"name":"Bones","id":526,"quantity":1,"price":64},{"name":"Harralander seed","id":5294,"quantity":1,"price":9}],"date":"Nov 19, 2023, 8:15:11 PM"}
{"name":"Lizardman","level":53,"killCount":-1,"type":"NPC","drops":[{"name":"Bones","id":526,"quantity":1,"price":64}],"date":"Nov 19, 2023, 8:15:30 PM"}
{"name":"Lizardman","level":62,"killCount":-1,"type":"NPC","drops":[{"name":"Bones","id":526,"quantity":1,"price":64},{"name":"Limpwurt seed","id":5100,"quantity":1,"price":4},{"name":"Bones","id":526,"quantity":1,"price":64},{"name":"Lizardman fang","id":13391,"quantity":1,"price":31}],"date":"Nov 19, 2023, 8:15:37 PM"}
{"name":"Lizardman","level":53,"killCount":-1,"type":"NPC","drops":[{"name":"Bones","id":526,"quantity":1,"price":64},{"name":"Lizardman fang","id":13391,"quantity":1,"price":31}],"date":"Nov 19, 2023, 8:15:39 PM"}
{"name":"Lizardman","level":53,"killCount":-1,"type":"NPC","drops":[{"name":"Bones","id":526,"quantity":1,"price":64}],"date":"Nov 19, 2023, 8:15:47 PM"}
{"name":"Lizardman","level":53,"killCount":-1,"type":"NPC","drops":[{"name":"Bones","id":526,"quantity":1,"price":64}],"date":"Nov 19, 2023, 8:15:49 PM"}
{"name":"Lizardman","level":62,"killCount":-1,"type":"NPC","drops":[{"name":"Bones","id":526,"quantity":1,"price":64},{"name":"Ranarr seed","id":5295,"quantity":1,"price":18619}],"date":"Nov 19, 2023, 8:15:56 PM"}
{"name":"Lizardman","level":62,"killCount":-1,"type":"NPC","drops":[{"name":"Bones","id":526,"quantity":1,"price":64},{"name":"Wildblood seed","id":5311,"quantity":1,"price":9}],"date":"Nov 19, 2023, 8:15:57 PM"}
{"name":"Lizardman","level":53,"killCount":-1,"type":"NPC","drops":[{"name":"Bones","id":526,"quantity":1,"price":64},{"name":"Lizardman fang","id":13391,"quantity":1,"price":31}],"date":"Nov 19, 2023, 8:16:09 PM"}
{"name":"Lizardman","level":53,"killCount":-1,"type":"NPC","drops":[{"name":"Bones","id":526,"quantity":1,"price":64},{"name":"Bones","id":526,"quantity":1,"price":64}],"date":"Nov 19, 2023, 8:16:16 PM"}
{"name":"Lizardman","level":53,"killCount":-1,"type":"NPC","drops":[{"name":"Bones","id":526,"quantity":1,"price":64},{"name":"Lizardman fang","id":13391,"quantity":1,"price":31}],"date":"Nov 19, 2023, 8:16:21 PM"}
{"name":"Lizardman","level":62,"killCount":-1,"type":"NPC","drops":[{"name":"Bones","id":526,"quantity":1,"price":64}],"date":"Nov 19, 2023, 8:16:21 PM"}
{"name":"Lizardman","level":53,"killCount":-1,"type":"NPC","drops":[{"name":"Bones","id":526,"quantity":1,"price":64},{"name":"Lizardman fang","id":13391,"quantity":1,"price":31}],"date":"Nov 19, 2023, 8:16:30 PM"}
{"name":"Lizardman","level":53,"killCount":-1,"type":"NPC","drops":[{"name":"Bones","id":526,"quantity":1,"price":64}],"date":"Nov 19, 2023, 8:16:30 PM"}
{"name":"Lizardman","level":62,"killCount":-1,"type":"NPC","drops":[{"name":"Bones","id":526,"quantity":1,"price":64}],"date":"Nov 19, 2023, 8:16:35 PM"}
{"name":"Lizardman","level":62,"killCount":-1,"type":"NPC","drops":[{"name":"Bones","id":526,"quantity":1,"price":64}],"date":"Nov 19, 2023, 8:16:41 PM"}
{"name":"Lizardman","level":62,"killCount":-1,"type":"NPC","drops":[{"name":"Bones","id":526,"quantity":1,"price":64}],"date":"Nov 19, 2023, 8:16:59 PM"}
{"name":"Lizardman","level":62,"killCount":-1,"type":"NPC","drops":[{"name":"Bones","id":526,"quantity":1,"price":64},{"name":"Lizardman fang","id":13391,"quantity":1,"price":31}],"date":"Nov 19, 2023, 8:17:03 PM"}
{"name":"Lizardman","level":53,"killCount":-1,"type":"NPC","drops":[{"name":"Bones","id":526,"quantity":1,"price":64},{"name":"Lizardman fang","id":13391,"quantity":1,"price":31}],"date":"Nov 19, 2023, 8:17:04 PM"}
{"name":"Lizardman","level":53,"killCount":-1,"type":"NPC","drops":[{"name":"Bones","id":526,"quantity":1,"price":64}],"date":"Nov 19, 2023, 8:17:12 PM"}
{"name":"Lizardman","level":53,"killCount":-1,"type":"NPC","drops":[{"name":"Bones","id":526,"quantity":1,"price":64}],"date":"Nov 19, 2023, 8:17:20 PM"}
{"name":"Lizardman","level":62,"killCount":-1,"type":"NPC","drops":[{"name":"Bones","id":526,"quantity":1,"price":64},{"name":"Xerician fabric","id":13383,"quantity":1,"price":773}],"date":"Nov 19, 2023, 8:17:21 PM"}
{"name":"Lizardman","level":62,"killCount":-1,"type":"NPC","drops":[{"name":"Bones","id":526,"quantity":1,"price":64}],"date":"Nov 19, 2023, 8:17:21 PM"}
{"name":"Lizardman","level":62,"killCount":-1,"type":"NPC","drops":[{"name":"Bones","id":526,"quantity":1,"price":64},{"name":"Marrentill seed","id":5292,"quantity":1,"price":2}],"date":"Nov 19, 2023, 8:17:45 PM"}
{"name":"Lizardman","level":62,"killCount":-1,"type":"NPC","drops":[{"name":"Bones","id":526,"quantity":1,"price":64},{"name":"Xerician fabric","id":13383,"quantity":1,"price":773}],"date":"Nov 19, 2023, 8:17:46 PM"}
{"name":"Lizardman","level":53,"killCount":-1,"type":"NPC","drops":[{"name":"Bones","id":526,"quantity":1,"price":64},{"name":"Strawberry seed","id":5323,"quantity":1,"price":2}],"date":"Nov 19, 2023, 8:18:03 PM"}
{"name":"Lizardman","level":62,"killCount":-1,"type":"NPC","drops":[{"name":"Bones","id":526,"quantity":1,"price":64}],"date":"Nov 19, 2023, 8:18:10 PM"}
{"name":"Lizardman","level":62,"killCount":-1,"type":"NPC","drops":[{"name":"Bones","id":526,"quantity":1,"price":64}],"date":"Nov 19, 2023, 8:18:20 PM"}
{"name":"Lizardman","level":62,"killCount":-1,"type":"NPC","drops":[{"name":"Bones","id":526,"quantity":1,"price":64}],"date":"Nov 19, 2023, 8:18:30 PM"}
{"name":"Lizardman","level":62,"killCount":-1,"type":"NPC","drops":[{"name":"Bones","id":526,"quantity":1,"price":64}],"date":"Nov 19, 2023, 8:18:45 PM"}
{"name":"Lizardman","level":53,"killCount":-1,"type":"NPC","drops":[{"name":"Bones","id":526,"quantity":1,"price":64},{"name":"Bones","id":526,"quantity":1,"price":64},{"name":"Xerician fabric","id":13383,"quantity":1,"price":773}],"date":"Nov 19, 2023, 8:18:54 PM"}
{"name":"Lizardman","level":62,"killCount":-1,"type":"NPC","drops":[{"name":"Bones","id":526,"quantity":1,"price":64},{"name":"Lizardman fang","id":13391,"quantity":1,"price":31}],"date":"Nov 19, 2023, 8:19:02 PM"}
{"name":"Lizardman","level":62,"killCount":-1,"type":"NPC","drops":[{"name":"Bones","id":526,"quantity":1,"price":64},{"name":"Lizardman fang","id":13391,"quantity":1,"price":31}],"date":"Nov 19, 2023, 8:19:05 PM"}
{"name":"Lizardman","level":62,"killCount":-1,"type":"NPC","drops":[{"name":"Bones","id":526,"quantity":1,"price":64}],"date":"Nov 19, 2023, 8:19:19 PM"}
{"name":"Lizardman","level":53,"killCount":-1,"type":"NPC","drops":[{"name":"Bones","id":526,"quantity":1,"price":64}],"date":"Nov 19, 2023, 8:19:28 PM"}
{"name":"Lizardman","level":62,"killCount":-1,"type":"NPC","drops":[{"name":"Bones","id":526,"quantity":1,"price":64},{"name":"Tarromin seed","id":5293,"quantity":1,"price":8}],"date":"Nov 19, 2023, 8:19:38 PM"}
{"name":"Lizardman","level":53,"killCount":-1,"type":"NPC","drops":[{"name":"Bones","id":526,"quantity":1,"price":64}],"date":"Nov 19, 2023, 8:21:19 PM"}
{"name":"Lizardman","level":62,"killCount":-1,"type":"NPC","drops":[{"name":"Bones","id":526,"quantity":1,"price":64}],"date":"Nov 19, 2023, 8:21:20 PM"}
{"name":"Lizardman","level":53,"killCount":-1,"type":"NPC","drops":[{"name":"Bones","id":526,"quantity":1,"price":64},{"name":"Bones","id":526,"quantity":1,"price":64},{"name":"Bones","id":526,"quantity":1,"price":64}],"date":"Nov 19, 2023, 8:21:22 PM"}
{"name":"Lizardman","level":53,"killCount":-1,"type":"NPC","drops":[{"name":"Bones","id":526,"quantity":1,"price":64}],"date":"Nov 19, 2023, 8:21:29 PM"}
{"name":"Lizardman","level":53,"killCount":-1,"type":"NPC","drops":[{"name":"Bones","id":526,"quantity":1,"price":64},{"name":"Strawberry seed","id":5323,"quantity":1,"price":2}],"date":"Nov 19, 2023, 8:21:35 PM"}
{"name":"Lizardman","level":62,"killCount":-1,"type":"NPC","drops":[{"name":"Bones","id":526,"quantity":1,"price":64},{"name":"Lizardman fang","id":13391,"quantity":1,"price":31}],"date":"Nov 19, 2023, 8:21:47 PM"}
{"name":"Lizardman","level":53,"killCount":-1,"type":"NPC","drops":[{"name":"Bones","id":526,"quantity":1,"price":64}],"date":"Nov 19, 2023, 8:21:54 PM"}
{"name":"Lizardman","level":62,"killCount":-1,"type":"NPC","drops":[{"name":"Bones","id":526,"quantity":1,"price":64},{"name":"Xerician fabric","id":13383,"quantity":1,"price":773}],"date":"Nov 19, 2023, 8:22:01 PM"}
{"name":"Lizardman","level":53,"killCount":-1,"type":"NPC","drops":[{"name":"Bones","id":526,"quantity":1,"price":64}],"date":"Nov 19, 2023, 8:22:05 PM"}
{"name":"Lizardman","level":53,"killCount":-1,"type":"NPC","drops":[{"name":"Bones","id":526,"quantity":1,"price":64}],"date":"Nov 19, 2023, 8:22:08 PM"}
{"name":"Lizardman","level":53,"killCount":-1,"type":"NPC","drops":[{"name":"Bones","id":526,"quantity":1,"price":64},{"name":"Xerician fabric","id":13383,"quantity":1,"price":773}],"date":"Nov 19, 2023, 8:22:10 PM"}
{"name":"Lizardman","level":53,"killCount":-1,"type":"NPC","drops":[{"name":"Bones","id":526,"quantity":1,"price":64}],"date":"Nov 19, 2023, 8:22:26 PM"}
{"name":"Lizardman","level":53,"killCount":-1,"type":"NPC","drops":[{"name":"Bones","id":526,"quantity":1,"price":64}],"date":"Nov 19, 2023, 8:22:32 PM"}
{"name":"Lizardman","level":53,"killCount":-1,"type":"NPC","drops":[{"name":"Bones","id":526,"quantity":1,"price":64}],"date":"Nov 19, 2023, 8:22:34 PM"}
{"name":"Lizardman","level":62,"killCount":-1,"type":"NPC","drops":[{"name":"Bones","id":526,"quantity":1,"price":64}],"date":"Nov 19, 2023, 8:22:36 PM"}
{"name":"Lizardman","level":53,"killCount":-1,"type":"NPC","drops":[{"name":"Bones","id":526,"quantity":1,"price":64}],"date":"Nov 19, 2023, 8:22:46 PM"}
{"name":"Lizardman","level":62,"killCount":-1,"type":"NPC","drops":[{"name":"Bones","id":526,"quantity":1,"price":64}],"date":"Nov 19, 2023, 8:22:55 PM"}
{"name":"Lizardman","level":53,"killCount":-1,"type":"NPC","drops":[{"name":"Bones","id":526,"quantity":1,"price":64},{"name":"Strawberry seed","id":5323,"quantity":1,"price":2}],"date":"Nov 19, 2023, 8:22:58 PM"}
{"name":"Lizardman","level":62,"killCount":-1,"type":"NPC","drops":[{"name":"Bones","id":526,"quantity":1,"price":64}],"date":"Nov 19, 2023, 8:23:01 PM"}
{"name":"Lizardman","level":53,"killCount":-1,"type":"NPC","drops":[{"name":"Bones","id":526,"quantity":1,"price":64},{"name":"Tarromin seed","id":5293,"quantity":1,"price":8}],"date":"Nov 19, 2023, 8:23:07 PM"}
{"name":"Lizardman","level":62,"killCount":-1,"type":"NPC","drops":[{"name":"Bones","id":526,"quantity":1,"price":64}],"date":"Nov 19, 2023, 8:23:18 PM"}
{"name":"Lizardman","level":53,"killCount":-1,"type":"NPC","drops":[{"name":"Bones","id":526,"quantity":1,"price":64}],"date":"Nov 19, 2023, 8:23:18 PM"}
{"name":"Lizardman","level":53,"killCount":-1,"type":"NPC","drops":[{"name":"Bones","id":526,"quantity":1,"price":64},{"name":"Whiteberry seed","id":5105,"quantity":1,"price":1}],"date":"Nov 19, 2023, 8:23:19 PM"}
{"name":"Lizardman","level":62,"killCount":-1,"type":"NPC","drops":[{"name":"Bones","id":526,"quantity":1,"price":64},{"name":"Bones","id":526,"quantity":1,"price":64}],"date":"Nov 19, 2023, 8:23:22 PM"}
{"name":"Lizardman","level":53,"killCount":-1,"type":"NPC","drops":[{"name":"Bones","id":526,"quantity":1,"price":64}],"date":"Nov 19, 2023, 8:23:36 PM"}
{"name":"Lizardman","level":62,"killCount":-1,"type":"NPC","drops":[{"name":"Bones","id":526,"quantity":1,"price":64}],"date":"Nov 19, 2023, 8:23:40 PM"}
{"name":"Lizardman","level":62,"killCount":-1,"type":"NPC","drops":[{"name":"Bones","id":526,"quantity":1,"price":64},{"name":"Lizardman fang","id":13391,"quantity":1,"price":31}],"date":"Nov 19, 2023, 8:23:43 PM"}
{"name":"Lizardman","level":53,"killCount":-1,"type":"NPC","drops":[{"name":"Bones","id":526,"quantity":1,"price":64},{"name":"Lizardman fang","id":13391,"quantity":1,"price":31}],"date":"Nov 19, 2023, 8:23:48 PM"}
{"name":"Lizardman","level":62,"killCount":-1,"type":"NPC","drops":[{"name":"Bones","id":526,"quantity":1,"price":64},{"name":"Limpwurt seed","id":5100,"quantity":1,"price":4}],"date":"Nov 19, 2023, 8:24:07 PM"}
{"name":"Lizardman","level":62,"killCount":-1,"type":"NPC","drops":[{"name":"Bones","id":526,"quantity":1,"price":64}],"date":"Nov 19, 2023, 8:24:14 PM"}
{"name":"Lizardman","level":62,"killCount":-1,"type":"NPC","drops":[{"name":"Bones","id":526,"quantity":1,"price":64}],"date":"Nov 19, 2023, 8:24:17 PM"}
{"name":"Lizardman","level":53,"killCount":-1,"type":"NPC","drops":[{"name":"Bones","id":526,"quantity":1,"price":64},{"name":"Jangerberry seed","id":5104,"quantity":1,"price":1}],"date":"Nov 19, 2023, 8:24:21 PM"}
{"name":"Lizardman","level":53,"killCount":-1,"type":"NPC","drops":[{"name":"Bones","id":526,"quantity":1,"price":64}],"date":"Nov 19, 2023, 8:24:37 PM"}
{"name":"Lizardman","level":53,"killCount":-1,"type":"NPC","drops":[{"name":"Bones","id":526,"quantity":1,"price":64}],"date":"Nov 19, 2023, 8:24:37 PM"}
{"name":"Lizardman","level":62,"killCount":-1,"type":"NPC","drops":[{"name":"Bones","id":526,"quantity":1,"price":64}],"date":"Nov 19, 2023, 8:24:40 PM"}
{"name":"Lizardman","level":62,"killCount":-1,"type":"NPC","drops":[{"name":"Bones","id":526,"quantity":1,"price":64},{"name":"Bones","id":526,"quantity":1,"price":64}],"date":"Nov 19, 2023, 8:24:41 PM"}
{"name":"Lizardman","level":53,"killCount":-1,"type":"NPC","drops":[{"name":"Bones","id":526,"quantity":1,"price":64}],"date":"Nov 19, 2023, 8:24:47 PM"}
{"name":"Lizardman","level":62,"killCount":-1,"type":"NPC","drops":[{"name":"Bones","id":526,"quantity":1,"price":64},{"name":"Bones","id":526,"quantity":1,"price":64},{"name":"Xerician fabric","id":13383,"quantity":1,"price":773}],"date":"Nov 19, 2023, 8:25:09 PM"}
{"name":"Lizardman","level":53,"killCount":-1,"type":"NPC","drops":[{"name":"Bones","id":526,"quantity":1,"price":64},{"name":"Limpwurt seed","id":5100,"quantity":1,"price":4}],"date":"Nov 19, 2023, 8:25:13 PM"}
{"name":"Lizardman","level":62,"killCount":-1,"type":"NPC","drops":[{"name":"Bones","id":526,"quantity":1,"price":64}],"date":"Nov 19, 2023, 8:25:30 PM"}
{"name":"Lizardman","level":62,"killCount":-1,"type":"NPC","drops":[{"name":"Bones","id":526,"quantity":1,"price":64}],"date":"Nov 19, 2023, 8:25:31 PM"}
{"name":"Lizardman","level":53,"killCount":-1,"type":"NPC","drops":[{"name":"Bones","id":526,"quantity":1,"price":64}],"date":"Nov 19, 2023, 8:25:44 PM"}
{"name":"Lizardman","level":62,"killCount":-1,"type":"NPC","drops":[{"name":"Bones","id":526,"quantity":1,"price":64}],"date":"Nov 19, 2023, 8:25:46 PM"}
{"name":"Lizardman","level":53,"killCount":-1,"type":"NPC","drops":[{"name":"Bones","id":526,"quantity":1,"price":64},{"name":"Marrentill seed","id":5292,"quantity":1,"price":2}],"date":"Nov 19, 2023, 8:25:48 PM"}
{"name":"Lizardman","level":62,"killCount":-1,"type":"NPC","drops":[{"name":"Bones","id":526,"quantity":1,"price":64},{"name":"Lizardman fang","id":13391,"quantity":1,"price":31}],"date":"Nov 19, 2023, 8:25:56 PM"}
{"name":"Lizardman","level":62,"killCount":-1,"type":"NPC","drops":[{"name":"Bones","id":526,"quantity":1,"price":64}],"date":"Nov 19, 2023, 8:26:04 PM"}
{"name":"Lizardman","level":53,"killCount":-1,"type":"NPC","drops":[{"name":"Bones","id":526,"quantity":1,"price":64}],"date":"Nov 19, 2023, 8:26:10 PM"}
{"name":"Lizardman","level":53,"killCount":-1,"type":"NPC","drops":[{"name":"Bones","id":526,"quantity":1,"price":64},{"name":"Tarromin seed","id":5293,"quantity":1,"price":8}],"date":"Nov 19, 2023, 8:26:15 PM"}
{"name":"Lizardman","level":62,"killCount":-1,"type":"NPC","drops":[{"name":"Bones","id":526,"quantity":1,"price":64}],"date":"Nov 19, 2023, 8:26:19 PM"}
{"name":"Lizardman","level":62,"killCount":-1,"type":"NPC","drops":[{"name":"Bones","id":526,"quantity":1,"price":64},{"name":"Lizardman fang","id":13391,"quantity":1,"price":31}],"date":"Nov 19, 2023, 8:26:19 PM"}
{"name":"Lizardman","level":53,"killCount":-1,"type":"NPC","drops":[{"name":"Bones","id":526,"quantity":1,"price":64}],"date":"Nov 19, 2023, 8:26:22 PM"}
{"name":"Lizardman","level":62,"killCount":-1,"type":"NPC","drops":[{"name":"Bones","id":526,"quantity":1,"price":64},{"name":"Bones","id":526,"quantity":1,"price":64},{"name":"Xerician fabric","id":13383,"quantity":1,"price":773}],"date":"Nov 19, 2023, 8:26:35 PM"}
{"name":"Lizardman","level":62,"killCount":-1,"type":"NPC","drops":[{"name":"Bones","id":526,"quantity":1,"price":64},{"name":"Marrentill seed","id":5292,"quantity":1,"price":2}],"date":"Nov 19, 2023, 8:26:37 PM"}
{"name":"Lizardman","level":62,"killCount":-1,"type":"NPC","drops":[{"name":"Bones","id":526,"quantity":1,"price":64}],"date":"Nov 19, 2023, 8:26:43 PM"}
{"name":"Lizardman","level":53,"killCount":-1,"type":"NPC","drops":[{"name":"Bones","id":526,"quantity":1,"price":64},{"name":"Bones","id":526,"quantity":1,"price":64},{"name":"Lizardman fang","id":13391,"quantity":1,"price":31}],"date":"Nov 19, 2023, 8:26:59 PM"}
{"name":"Lizardman","level":62,"killCount":-1,"type":"NPC","drops":[{"name":"Bones","id":526,"quantity":1,"price":64}],"date":"Nov 19, 2023, 8:27:03 PM"}
{"name":"Lizardman","level":53,"killCount":-1,"type":"NPC","drops":[{"name":"Bones","id":526,"quantity":1,"price":64},{"name":"Lizardman fang","id":13391,"quantity":1,"price":31}],"date":"Nov 19, 2023, 8:27:14 PM"}
{"name":"Lizardman","level":53,"killCount":-1,"type":"NPC","drops":[{"name":"Bones","id":526,"quantity":1,"price":64}],"date":"Nov 19, 2023, 8:27:28 PM"}
{"name":"Lizardman","level":62,"killCount":-1,"type":"NPC","drops":[{"name":"Bones","id":526,"quantity":1,"price":64}],"date":"Nov 19, 2023, 8:27:32 PM"}
{"name":"Lizardman","level":53,"killCount":-1,"type":"NPC","drops":[{"name":"Bones","id":526,"quantity":1,"price":64}],"date":"Nov 19, 2023, 8:27:35 PM"}
{"name":"Lizardman","level":53,"killCount":-1,"type":"NPC","drops":[{"name":"Bones","id":526,"quantity":1,"price":64},{"name":"Limpwurt seed","id":5100,"quantity":1,"price":4}],"date":"Nov 19, 2023, 8:27:54 PM"}
{"name":"Lizardman","level":53,"killCount":-1,"type":"NPC","drops":[{"name":"Bones","id":526,"quantity":1,"price":64}],"date":"Nov 19, 2023, 8:27:57 PM"}
{"name":"Lizardman","level":62,"killCount":-1,"type":"NPC","drops":[{"name":"Bones","id":526,"quantity":1,"price":64},{"name":"Lizardman fang","id":13391,"quantity":1,"price":31}],"date":"Nov 19, 2023, 8:28:03 PM"}
{"name":"Lizardman","level":62,"killCount":-1,"type":"NPC","drops":[{"name":"Bones","id":526,"quantity":1,"price":64}],"date":"Nov 19, 2023, 8:28:06 PM"}
{"name":"Lizardman","level":53,"killCount":-1,"type":"NPC","drops":[{"name":"Bones","id":526,"quantity":1,"price":64},{"name":"Wildblood seed","id":5311,"quantity":1,"price":9}],"date":"Nov 19, 2023, 8:28:10 PM"}
{"name":"Lizardman","level":62,"killCount":-1,"type":"NPC","drops":[{"name":"Bones","id":526,"quantity":1,"price":64}],"date":"Nov 19, 2023, 8:28:10 PM"}
{"name":"Lizardman","level":53,"killCount":-1,"type":"NPC","drops":[{"name":"Bones","id":526,"quantity":1,"price":64},{"name":"Lizardman fang","id":13391,"quantity":1,"price":31}],"date":"Nov 19, 2023, 8:28:19 PM"}
{"name":"Lizardman","level":53,"killCount":-1,"type":"NPC","drops":[{"name":"Bones","id":526,"quantity":1,"price":64}],"date":"Nov 19, 2023, 8:28:26 PM"}
{"name":"Lizardman","level":62,"killCount":-1,"type":"NPC","drops":[{"name":"Bones","id":526,"quantity":1,"price":64},{"name":"Xerician fabric","id":13383,"quantity":1,"price":773}],"date":"Nov 19, 2023, 8:28:31 PM"}
{"name":"Lizardman","level":53,"killCount":-1,"type":"NPC","drops":[{"name":"Bones","id":526,"quantity":1,"price":64}],"date":"Nov 19, 2023, 8:28:46 PM"}
{"name":"Lizardman","level":62,"killCount":-1,"type":"NPC","drops":[{"name":"Bones","id":526,"quantity":1,"price":64}],"date":"Nov 19, 2023, 8:28:56 PM"}
{"name":"Lizardman","level":62,"killCount":-1,"type":"NPC","drops":[{"name":"Bones","id":526,"quantity":1,"price":64},{"name":"Xerician fabric","id":13383,"quantity":1,"price":773}],"date":"Nov 19, 2023, 8:29:16 PM"}
{"name":"Lizardman","level":62,"killCount":-1,"type":"NPC","drops":[{"name":"Bones","id":526,"quantity":1,"price":64}],"date":"Nov 19, 2023, 8:29:16 PM"}
{"name":"Lizardman","level":53,"killCount":-1,"type":"NPC","drops":[{"name":"Bones","id":526,"quantity":1,"price":64},{"name":"Lizardman fang","id":13391,"quantity":1,"price":31}],"date":"Nov 19, 2023, 8:29:28 PM"}
{"name":"Lizardman","level":62,"killCount":-1,"type":"NPC","drops":[{"name":"Bones","id":526,"quantity":1,"price":64},{"name":"Xerician fabric","id":13383,"quantity":1,"price":773}],"date":"Nov 19, 2023, 8:29:31 PM"}
{"name":"Lizardman","level":62,"killCount":-1,"type":"NPC","drops":[{"name":"Bones","id":526,"quantity":1,"price":64},{"name":"Lizardman fang","id":13391,"quantity":1,"price":31}],"date":"Nov 19, 2023, 8:29:32 PM"}
{"name":"Lizardman","level":53,"killCount":-1,"type":"NPC","drops":[{"name":"Bones","id":526,"quantity":1,"price":64},{"name":"Bones","id":526,"quantity":1,"price":64}],"date":"Nov 19, 2023, 8:29:51 PM"}
{"name":"Lizardman","level":62,"killCount":-1,"type":"NPC","drops":[{"name":"Bones","id":526,"quantity":1,"price":64}],"date":"Nov 19, 2023, 8:29:53 PM"}
{"name":"Lizardman","level":62,"killCount":-1,"type":"NPC","drops":[{"name":"Bones","id":526,"quantity":1,"price":64}],"date":"Nov 19, 2023, 8:29:57 PM"}
{"name":"Lizardman","level":53,"killCount":-1,"type":"NPC","drops":[{"name":"Bones","id":526,"quantity":1,"price":64},{"name":"Lizardman fang","id":13391,"quantity":1,"price":31}],"date":"Nov 19, 2023, 8:30:02 PM"}
{"name":"Lizardman","level":53,"killCount":-1,"type":"NPC","drops":[{"name":"Bones","id":526,"quantity":1,"price":64}],"date":"Nov 19, 2023, 8:30:10 PM"}
{"name":"Lizardman","level":62,"killCount":-1,"type":"NPC","drops":[{"name":"Bones","id":526,"quantity":1,"price":64},{"name":"Lizardman fang","id":13391,"quantity":1,"price":31}],"date":"Nov 19, 2023, 8:30:16 PM"}
{"name":"Lizardman","level":62,"killCount":-1,"type":"NPC","drops":[{"name":"Bones","id":526,"quantity":1,"price":64}],"date":"Nov 19, 2023, 8:30:18 PM"}
{"name":"Lizardman","level":53,"killCount":-1,"type":"NPC","drops":[{"name":"Bones","id":526,"quantity":1,"price":64},{"name":"Strawberry seed","id":5323,"quantity":1,"price":2}],"date":"Nov 19, 2023, 8:30:26 PM"}
{"name":"Lizardman","level":62,"killCount":-1,"type":"NPC","drops":[{"name":"Bones","id":526,"quantity":1,"price":64}],"date":"Nov 19, 2023, 8:30:40 PM"}
{"name":"Lizardman","level":53,"killCount":-1,"type":"NPC","drops":[{"name":"Bones","id":526,"quantity":1,"price":64},{"name":"Whiteberry seed","id":5105,"quantity":1,"price":1}],"date":"Nov 19, 2023, 8:30:43 PM"}
{"name":"Lizardman","level":62,"killCount":-1,"type":"NPC","drops":[{"name":"Bones","id":526,"quantity":1,"price":64},{"name":"Xeric\u0027s talisman (inert)","id":13392,"quantity":1,"price":0}],"date":"Nov 19, 2023, 8:30:45 PM"}
{"name":"Lizardman","level":62,"killCount":-1,"type":"NPC","drops":[{"name":"Bones","id":526,"quantity":1,"price":64},{"name":"Lizardman fang","id":13391,"quantity":1,"price":31}],"date":"Nov 19, 2023, 8:30:46 PM"}
{"name":"Lizardman","level":53,"killCount":-1,"type":"NPC","drops":[{"name":"Bones","id":526,"quantity":1,"price":64}],"date":"Nov 19, 2023, 8:30:57 PM"}
{"name":"Lizardman","level":53,"killCount":-1,"type":"NPC","drops":[{"name":"Bones","id":526,"quantity":1,"price":66}],"date":"Nov 22, 2023, 3:42:09 PM"}
{"name":"Lizardman","level":53,"killCount":-1,"type":"NPC","drops":[{"name":"Bones","id":526,"quantity":1,"price":66},{"name":"Xerician fabric","id":13383,"quantity":1,"price":757}],"date":"Nov 22, 2023, 3:42:13 PM"}
{"name":"Lizardman","level":53,"killCount":-1,"type":"NPC","drops":[{"name":"Bones","id":526,"quantity":1,"price":66}],"date":"Nov 22, 2023, 3:42:21 PM"}
{"name":"Lizardman","level":53,"killCount":-1,"type":"NPC","drops":[{"name":"Bones","id":526,"quantity":1,"price":66}],"date":"Nov 22, 2023, 3:42:27 PM"}
{"name":"Lizardman","level":53,"killCount":-1,"type":"NPC","drops":[{"name":"Bones","id":526,"quantity":1,"price":66},{"name":"Lizardman fang","id":13391,"quantity":1,"price":32}],"date":"Nov 22, 2023, 3:42:38 PM"}
{"name":"Lizardman","level":53,"killCount":-1,"type":"NPC","drops":[{"name":"Bones","id":526,"quantity":1,"price":66},{"name":"Lizardman fang","id":13391,"quantity":1,"price":32}],"date":"Nov 22, 2023, 3:42:38 PM"}
{"name":"Lizardman","level":53,"killCount":-1,"type":"NPC","drops":[{"name":"Bones","id":526,"quantity":1,"price":66},{"name":"Limpwurt seed","id":5100,"quantity":1,"price":4}],"date":"Nov 22, 2023, 3:42:40 PM"}
{"name":"Lizardman","level":62,"killCount":-1,"type":"NPC","drops":[{"name":"Bones","id":526,"quantity":1,"price":66}],"date":"Nov 22, 2023, 3:42:46 PM"}
{"name":"Lizardman","level":53,"killCount":-1,"type":"NPC","drops":[{"name":"Bones","id":526,"quantity":1,"price":66},{"name":"Lizardman fang","id":13391,"quantity":1,"price":32}],"date":"Nov 22, 2023, 3:42:52 PM"}
{"name":"Lizardman","level":53,"killCount":-1,"type":"NPC","drops":[{"name":"Bones","id":526,"quantity":1,"price":66}],"date":"Nov 22, 2023, 3:42:58 PM"}
{"name":"Lizardman","level":53,"killCount":-1,"type":"NPC","drops":[{"name":"Bones","id":526,"quantity":1,"price":66},{"name":"Strawberry seed","id":5323,"quantity":1,"price":2}],"date":"Nov 22, 2023, 3:43:01 PM"}
{"name":"Lizardman","level":62,"killCount":-1,"type":"NPC","drops":[{"name":"Bones","id":526,"quantity":1,"price":66},{"name":"Lizardman fang","id":13391,"quantity":1,"price":32}],"date":"Nov 22, 2023, 3:43:04 PM"}
{"name":"Lizardman","level":53,"killCount":-1,"type":"NPC","drops":[{"name":"Bones","id":526,"quantity":1,"price":66},{"name":"Lizardman fang","id":13391,"quantity":1,"price":32}],"date":"Nov 22, 2023, 3:43:08 PM"}
{"name":"Lizardman","level":53,"killCount":-1,"type":"NPC","drops":[{"name":"Bones","id":526,"quantity":1,"price":66},{"name":"Lizardman fang","id":13391,"quantity":1,"price":32}],"date":"Nov 22, 2023, 3:43:12 PM"}
{"name":"Lizardman","level":53,"killCount":-1,"type":"NPC","drops":[{"name":"Bones","id":526,"quantity":1,"price":66}],"date":"Nov 22, 2023, 3:43:16 PM"}
{"name":"Lizardman","level":53,"killCount":-1,"type":"NPC","drops":[{"name":"Bones","id":526,"quantity":1,"price":66},{"name":"Lizardman fang","id":13391,"quantity":1,"price":32}],"date":"Nov 22, 2023, 3:43:24 PM"}
{"name":"Lizardman","level":53,"killCount":-1,"type":"NPC","drops":[{"name":"Bones","id":526,"quantity":1,"price":66}],"date":"Nov 22, 2023, 3:43:27 PM"}
{"name":"Lizardman","level":62,"killCount":-1,"type":"NPC","drops":[{"name":"Bones","id":526,"quantity":1,"price":66},{"name":"Lizardman fang","id":13391,"quantity":1,"price":32}],"date":"Nov 22, 2023, 3:43:28 PM"}
{"name":"Lizardman","level":53,"killCount":-1,"type":"NPC","drops":[{"name":"Bones","id":526,"quantity":1,"price":66},{"name":"Lizardman fang","id":13391,"quantity":1,"price":32}],"date":"Nov 22, 2023, 3:43:32 PM"}
{"name":"Lizardman","level":53,"killCount":-1,"type":"NPC","drops":[{"name":"Bones","id":526,"quantity":1,"price":66}],"date":"Nov 22, 2023, 3:43:44 PM"}
{"name":"Lizardman","level":53,"killCount":-1,"type":"NPC","drops":[{"name":"Bones","id":526,"quantity":1,"price":66}],"date":"Nov 22, 2023, 3:43:45 PM"}
{"name":"Lizardman","level":62,"killCount":-1,"type":"NPC","drops":[{"name":"Bones","id":526,"quantity":1,"price":66}],"date":"Nov 22, 2023, 3:43:48 PM"}
{"name":"Lizardman","level":62,"killCount":-1,"type":"NPC","drops":[{"name":"Bones","id":526,"quantity":1,"price":66}],"date":"Nov 22, 2023, 3:43:49 PM"}
{"name":"Lizardman","level":53,"killCount":-1,"type":"NPC","drops":[{"name":"Bones","id":526,"quantity":1,"price":66},{"name":"Lizardman fang","id":13391,"quantity":1,"price":32}],"date":"Nov 22, 2023, 3:43:52 PM"}
{"name":"Lizardman","level":62,"killCount":-1,"type":"NPC","drops":[{"name":"Bones","id":526,"quantity":1,"price":66}],"date":"Nov 22, 2023, 3:43:53 PM"}
{"name":"Lizardman","level":53,"killCount":-1,"type":"NPC","drops":[{"name":"Bones","id":526,"quantity":1,"price":66},{"name":"Lizardman fang","id":13391,"quantity":1,"price":32}],"date":"Nov 22, 2023, 3:44:00 PM"}
{"name":"Lizardman","level":53,"killCount":-1,"type":"NPC","drops":[{"name":"Bones","id":526,"quantity":1,"price":66}],"date":"Nov 22, 2023, 3:44:02 PM"}
{"name":"Lizardman","level":53,"killCount":-1,"type":"NPC","drops":[{"name":"Bones","id":526,"quantity":1,"price":66},{"name":"Watermelon seed","id":5321,"quantity":1,"price":3},{"name":"Bones","id":526,"quantity":1,"price":66}],"date":"Nov 22, 2023, 3:44:06 PM"}
{"name":"Lizardman","level":62,"killCount":-1,"type":"NPC","drops":[{"name":"Bones","id":526,"quantity":1,"price":66},{"name":"Xerician fabric","id":13383,"quantity":1,"price":757}],"date":"Nov 22, 2023, 3:44:10 PM"}
{"name":"Lizardman","level":53,"killCount":-1,"type":"NPC","drops":[{"name":"Bones","id":526,"quantity":1,"price":66},{"name":"Xerician fabric","id":13383,"quantity":1,"price":757}],"date":"Nov 22, 2023, 3:44:14 PM"}
{"name":"Lizardman","level":53,"killCount":-1,"type":"NPC","drops":[{"name":"Bones","id":526,"quantity":1,"price":66}],"date":"Nov 22, 2023, 3:44:18 PM"}
{"name":"Lizardman","level":53,"killCount":-1,"type":"NPC","drops":[{"name":"Bones","id":526,"quantity":1,"price":66},{"name":"Lizardman fang","id":13391,"quantity":1,"price":32}],"date":"Nov 22, 2023, 3:44:21 PM"}
{"name":"Lizardman","level":62,"killCount":-1,"type":"NPC","drops":[{"name":"Bones","id":526,"quantity":1,"price":66}],"date":"Nov 22, 2023, 3:44:25 PM"}
{"name":"Lizardman","level":53,"killCount":-1,"type":"NPC","drops":[{"name":"Bones","id":526,"quantity":1,"price":66},{"name":"Wildblood seed","id":5311,"quantity":1,"price":9}],"date":"Nov 22, 2023, 3:44:27 PM"}
{"name":"Lizardman","level":53,"killCount":-1,"type":"NPC","drops":[{"name":"Bones","id":526,"quantity":1,"price":66},{"name":"Lizardman fang","id":13391,"quantity":1,"price":32}],"date":"Nov 22, 2023, 3:44:32 PM"}
{"name":"Lizardman","level":53,"killCount":-1,"type":"NPC","drops":[{"name":"Bones","id":526,"quantity":1,"price":66}],"date":"Nov 22, 2023, 3:44:34 PM"}
{"name":"Lizardman","level":62,"killCount":-1,"type":"NPC","drops":[{"name":"Bones","id":526,"quantity":1,"price":66}],"date":"Nov 22, 2023, 3:44:40 PM"}
{"name":"Lizardman","level":53,"killCount":-1,"type":"NPC","drops":[{"name":"Bones","id":526,"quantity":1,"price":66}],"date":"Nov 22, 2023, 3:44:46 PM"}
{"name":"Lizardman","level":62,"killCount":-1,"type":"NPC","drops":[{"name":"Bones","id":526,"quantity":1,"price":66}],"date":"Nov 22, 2023, 3:44:48 PM"}
{"name":"Lizardman","level":53,"killCount":-1,"type":"NPC","drops":[{"name":"Bones","id":526,"quantity":1,"price":66}],"date":"Nov 22, 2023, 3:44:52 PM"}
{"name":"Lizardman","level":53,"killCount":-1,"type":"NPC","drops":[{"name":"Bones","id":526,"quantity":1,"price":66},{"name":"Lizardman fang","id":13391,"quantity":1,"price":32}],"date":"Nov 22, 2023, 3:44:55 PM"}
{"name":"Lizardman","level":62,"killCount":-1,"type":"NPC","drops":[{"name":"Bones","id":526,"quantity":1,"price":66},{"name":"Lizardman fang","id":13391,"quantity":1,"price":32}],"date":"Nov 22, 2023, 3:45:00 PM"}
{"name":"Lizardman","level":53,"killCount":-1,"type":"NPC","drops":[{"name":"Bones","id":526,"quantity":1,"price":66},{"name":"Xerician fabric","id":13383,"quantity":1,"price":757}],"date":"Nov 22, 2023, 3:45:03 PM"}
{"name":"Lizardman","level":62,"killCount":-1,"type":"NPC","drops":[{"name":"Bones","id":526,"quantity":1,"price":66}],"date":"Nov 22, 2023, 3:45:09 PM"}
{"name":"Lizardman","level":62,"killCount":-1,"type":"NPC","drops":[{"name":"Bones","id":526,"quantity":1,"price":66}],"date":"Nov 22, 2023, 3:45:15 PM"}
{"name":"Lizardman","level":53,"killCount":-1,"type":"NPC","drops":[{"name":"Bones","id":526,"quantity":1,"price":66},{"name":"Limpwurt seed","id":5100,"quantity":1,"price":4}],"date":"Nov 22, 2023, 3:45:17 PM"}
{"name":"Lizardman","level":53,"killCount":-1,"type":"NPC","drops":[{"name":"Bones","id":526,"quantity":1,"price":66}],"date":"Nov 22, 2023, 3:45:18 PM"}
{"name":"Lizardman","level":62,"killCount":-1,"type":"NPC","drops":[{"name":"Bones","id":526,"quantity":1,"price":66},{"name":"Jangerberry seed","id":5104,"quantity":1,"price":1}],"date":"Nov 22, 2023, 3:45:27 PM"}
{"name":"Lizardman","level":62,"killCount":-1,"type":"NPC","drops":[{"name":"Bones","id":526,"quantity":1,"price":66},{"name":"Strawberry seed","id":5323,"quantity":1,"price":2}],"date":"Nov 22, 2023, 3:45:31 PM"}
{"name":"Lizardman","level":53,"killCount":-1,"type":"NPC","drops":[{"name":"Bones","id":526,"quantity":1,"price":66},{"name":"Lizardman fang","id":13391,"quantity":1,"price":32}],"date":"Nov 22, 2023, 3:45:32 PM"}
{"name":"Lizardman","level":53,"killCount":-1,"type":"NPC","drops":[{"name":"Bones","id":526,"quantity":1,"price":66}],"date":"Nov 22, 2023, 3:45:34 PM"}
{"name":"Lizardman","level":53,"killCount":-1,"type":"NPC","drops":[{"name":"Bones","id":526,"quantity":1,"price":66}],"date":"Nov 22, 2023, 3:45:43 PM"}
{"name":"Lizardman","level":53,"killCount":-1,"type":"NPC","drops":[{"name":"Bones","id":526,"quantity":1,"price":66}],"date":"Nov 22, 2023, 3:45:45 PM"}
{"name":"Lizardman","level":62,"killCount":-1,"type":"NPC","drops":[{"name":"Bones","id":526,"quantity":1,"price":66},{"name":"Lizardman fang","id":13391,"quantity":1,"price":32},{"name":"Bones","id":526,"quantity":1,"price":66},{"name":"Lizardman fang","id":13391,"quantity":1,"price":32}],"date":"Nov 22, 2023, 3:45:46 PM"}
{"name":"Lizardman","level":62,"killCount":-1,"type":"NPC","drops":[{"name":"Bones","id":526,"quantity":1,"price":66}],"date":"Nov 22, 2023, 3:45:46 PM"}
{"name":"Lizardman","level":53,"killCount":-1,"type":"NPC","drops":[{"name":"Bones","id":526,"quantity":1,"price":66}],"date":"Nov 22, 2023, 3:45:58 PM"}
{"name":"Lizardman","level":62,"killCount":-1,"type":"NPC","drops":[{"name":"Bones","id":526,"quantity":1,"price":66},{"name":"Xerician fabric","id":13383,"quantity":1,"price":757}],"date":"Nov 22, 2023, 3:46:00 PM"}
{"name":"Lizardman","level":53,"killCount":-1,"type":"NPC","drops":[{"name":"Bones","id":526,"quantity":1,"price":66}],"date":"Nov 22, 2023, 3:46:03 PM"}
{"name":"Lizardman","level":53,"killCount":-1,"type":"NPC","drops":[{"name":"Bones","id":526,"quantity":1,"price":66}],"date":"Nov 22, 2023, 3:46:03 PM"}
{"name":"Lizardman","level":62,"killCount":-1,"type":"NPC","drops":[{"name":"Bones","id":526,"quantity":1,"price":66}],"date":"Nov 22, 2023, 3:46:13 PM"}
{"name":"Lizardman","level":53,"killCount":-1,"type":"NPC","drops":[{"name":"Bones","id":526,"quantity":1,"price":66},{"name":"Harralander seed","id":5294,"quantity":1,"price":9}],"date":"Nov 22, 2023, 3:46:16 PM"}
{"name":"Lizardman","level":53,"killCount":-1,"type":"NPC","drops":[{"name":"Bones","id":526,"quantity":1,"price":66},{"name":"Lizardman fang","id":13391,"quantity":1,"price":32}],"date":"Nov 22, 2023, 3:46:20 PM"}
{"name":"Lizardman","level":62,"killCount":-1,"type":"NPC","drops":[{"name":"Bones","id":526,"quantity":1,"price":66},{"name":"Poison ivy seed","id":5106,"quantity":1,"price":9}],"date":"Nov 22, 2023, 3:46:28 PM"}
{"name":"Lizardman","level":53,"killCount":-1,"type":"NPC","drops":[{"name":"Bones","id":526,"quantity":1,"price":66},{"name":"Lizardman fang","id":13391,"quantity":1,"price":32}],"date":"Nov 22, 2023, 3:46:30 PM"}
{"name":"Lizardman","level":53,"killCount":-1,"type":"NPC","drops":[{"name":"Bones","id":526,"quantity":1,"price":66}],"date":"Nov 22, 2023, 3:46:37 PM"}
{"name":"Lizardman","level":53,"killCount":-1,"type":"NPC","drops":[{"name":"Bones","id":526,"quantity":1,"price":66},{"name":"Xerician fabric","id":13383,"quantity":1,"price":757}],"date":"Nov 22, 2023, 3:46:45 PM"}
{"name":"Lizardman","level":62,"killCount":-1,"type":"NPC","drops":[{"name":"Bones","id":526,"quantity":1,"price":66},{"name":"Xerician fabric","id":13383,"quantity":1,"price":757}],"date":"Nov 22, 2023, 3:46:57 PM"}
{"name":"Lizardman","level":53,"killCount":-1,"type":"NPC","drops":[{"name":"Bones","id":526,"quantity":1,"price":66}],"date":"Nov 22, 2023, 3:47:01 PM"}
{"name":"Lizardman","level":53,"killCount":-1,"type":"NPC","drops":[{"name":"Bones","id":526,"quantity":1,"price":66}],"date":"Nov 22, 2023, 3:47:01 PM"}
{"name":"Lizardman","level":62,"killCount":-1,"type":"NPC","drops":[{"name":"Bones","id":526,"quantity":1,"price":66},{"name":"Lizardman fang","id":13391,"quantity":1,"price":32}],"date":"Nov 22, 2023, 3:47:07 PM"}
{"name":"Lizardman","level":62,"killCount":-1,"type":"NPC","drops":[{"name":"Bones","id":526,"quantity":1,"price":66},{"name":"Bones","id":526,"quantity":1,"price":66},{"name":"Xerician fabric","id":13383,"quantity":1,"price":757}],"date":"Nov 22, 2023, 3:47:09 PM"}
{"name":"Lizardman","level":53,"killCount":-1,"type":"NPC","drops":[{"name":"Bones","id":526,"quantity":1,"price":66}],"date":"Nov 22, 2023, 3:47:13 PM"}
{"name":"Lizardman","level":62,"killCount":-1,"type":"NPC","drops":[{"name":"Bones","id":526,"quantity":1,"price":66},{"name":"Xerician fabric","id":13383,"quantity":1,"price":757}],"date":"Nov 22, 2023, 3:47:15 PM"}
{"name":"Lizardman","level":53,"killCount":-1,"type":"NPC","drops":[{"name":"Bones","id":526,"quantity":1,"price":66}],"date":"Nov 22, 2023, 3:47:23 PM"}
{"name":"Lizardman","level":53,"killCount":-1,"type":"NPC","drops":[{"name":"Bones","id":526,"quantity":1,"price":66},{"name":"Wildblood seed","id":5311,"quantity":1,"price":9}],"date":"Nov 22, 2023, 3:47:26 PM"}
