{"name":"Minotaur","level":12,"killCount":-1,"type":"NPC","drops":[{"name":"Bones","id":526,"quantity":1,"price":66},{"name":"Ensouled minotaur head","id":13456,"quantity":1,"price":509},{"name":"Tin ore","id":439,"quantity":1,"price":98}],"date":"Nov 26, 2023, 4:14:26 PM"}
{"name":"Minotaur","level":12,"killCount":-1,"type":"NPC","drops":[{"name":"Bones","id":526,"quantity":1,"price":66},{"name":"Scroll box (easy)","id":24362,"quantity":1,"price":0},{"name":"Coins","id":995,"quantity":2,"price":1}],"date":"Nov 26, 2023, 4:14:35 PM"}
{"name":"Minotaur","level":12,"killCount":-1,"type":"NPC","drops":[{"name":"Bones","id":526,"quantity":1,"price":66},{"name":"Scroll box (easy)","id":24362,"quantity":1,"price":0},{"name":"Coins","id":995,"quantity":7,"price":1}],"date":"Nov 26, 2023, 4:14:38 PM"}
{"name":"Minotaur","level":12,"killCount":-1,"type":"NPC","drops":[{"name":"Bones","id":526,"quantity":1,"price":66},{"name":"Coins","id":995,"quantity":2,"price":1}],"date":"Nov 26, 2023, 4:14:41 PM"}
{"name":"Minotaur","level":12,"killCount":-1,"type":"NPC","drops":[{"name":"Bones","id":526,"quantity":1,"price":66},{"name":"Coins","id":995,"quantity":2,"price":1}],"date":"Nov 26, 2023, 4:14:52 PM"}
{"name":"Minotaur","level":12,"killCount":-1,"type":"NPC","drops":[{"name":"Bones","id":526,"quantity":1,"price":66},{"name":"Coins","id":995,"quantity":2,"price":1}],"date":"Nov 26, 2023, 4:14:54 PM"}
{"name":"Minotaur","level":12,"killCount":-1,"type":"NPC","drops":[{"name":"Bones","id":526,"quantity":1,"price":66},{"name":"Bronze full helm","id":1155,"quantity":1,"price":58}],"date":"Nov 26, 2023, 4:14:55 PM"}
{"name":"Minotaur","level":12,"killCount":-1,"type":"NPC","drops":[{"name":"Bones","id":526,"quantity":1,"price":66},{"name":"Copper ore","id":437,"quantity":1,"price":67}],"date":"Nov 26, 2023, 4:14:57 PM"}
{"name":"Minotaur","level":12,"killCount":-1,"type":"NPC","drops":[{"name":"Bones","id":526,"quantity":1,"price":66},{"name":"Cooked meat","id":2142,"quantity":1,"price":89}],"date":"Nov 26, 2023, 4:15:09 PM"}
{"name":"Minotaur","level":12,"killCount":-1,"type":"NPC","drops":[{"name":"Bones","id":526,"quantity":1,"price":66},{"name":"Coins","id":995,"quantity":2,"price":1}],"date":"Nov 26, 2023, 4:15:12 PM"}
{"name":"Minotaur","level":12,"killCount":-1,"type":"NPC","drops":[{"name":"Bones","id":526,"quantity":1,"price":66},{"name":"Scroll box (beginner)","id":24361,"quantity":1,"price":0},{"name":"Bronze dagger","id":1205,"quantity":1,"price":12}],"date":"Nov 26, 2023, 4:15:13 PM"}
{"name":"Minotaur","level":12,"killCount":-1,"type":"NPC","drops":[{"name":"Bones","id":526,"quantity":1,"price":66},{"name":"Scroll box (beginner)","id":24361,"quantity":1,"price":0},{"name":"Coins","id":995,"quantity":7,"price":1}],"date":"Nov 26, 2023, 4:15:15 PM"}
{"name":"Minotaur","level":12,"killCount":-1,"type":"NPC","drops":[{"name":"Bones","id":526,"quantity":1,"price":66},{"name":"Coins","id":995,"quantity":54,"price":1}],"date":"Nov 26, 2023, 4:15:25 PM"}
{"name":"Minotaur","level":12,"killCount":-1,"type":"NPC","drops":[{"name":"Bones","id":526,"quantity":1,"price":66},{"name":"Pure essence","id":7937,"quantity":15,"price":2}],"date":"Nov 26, 2023, 4:15:27 PM"}
{"name":"Minotaur","level":12,"killCount":-1,"type":"NPC","drops":[{"name":"Bones","id":526,"quantity":1,"price":66},{"name":"Bronze full helm","id":1155,"quantity":1,"price":58}],"date":"Nov 26, 2023, 4:15:29 PM"}
{"name":"Minotaur","level":12,"killCount":-1,"type":"NPC","drops":[{"name":"Bones","id":526,"quantity":1,"price":66},{"name":"Coins","id":995,"quantity":2,"price":1}],"date":"Nov 26, 2023, 4:15:31 PM"}
{"name":"Minotaur","level":12,"killCount":-1,"type":"NPC","drops":[{"name":"Bones","id":526,"quantity":1,"price":66},{"name":"Iron arrow","id":884,"quantity":12,"price":5}],"date":"Nov 26, 2023, 4:15:39 PM"}
{"name":"Minotaur","level":12,"killCount":-1,"type":"NPC","drops":[{"name":"Bones","id":526,"quantity":1,"price":66},{"name":"Tin ore","id":439,"quantity":1,"price":98}],"date":"Nov 26, 2023, 4:15:40 PM"}
{"name":"Minotaur","level":12,"killCount":-1,"type":"NPC","drops":[{"name":"Bones","id":526,"quantity":1,"price":66},{"name":"Bronze full helm","id":1155,"quantity":1,"price":58}],"date":"Nov 26, 2023, 4:15:43 PM"}
{"name":"Minotaur","level":12,"killCount":-1,"type":"NPC","drops":[{"name":"Bones","id":526,"quantity":1,"price":66},{"name":"Scroll box (beginner)","id":24361,"quantity":1,"price":0},{"name":"Coins","id":995,"quantity":36,"price":1}],"date":"Nov 26, 2023, 4:15:46 PM"}
{"name":"Minotaur","level":12,"killCount":-1,"type":"NPC","drops":[{"name":"Bones","id":526,"quantity":1,"price":66},{"name":"Iron arrow","id":884,"quantity":6,"price":5}],"date":"Nov 26, 2023, 4:15:58 PM"}
{"name":"Minotaur","level":12,"killCount":-1,"type":"NPC","drops":[{"name":"Bones","id":526,"quantity":1,"price":66},{"name":"Tin ore","id":439,"quantity":1,"price":98}],"date":"Nov 26, 2023, 4:16:00 PM"}
{"name":"Minotaur","level":12,"killCount":-1,"type":"NPC","drops":[{"name":"Bones","id":526,"quantity":1,"price":66},{"name":"Coins","id":995,"quantity":77,"price":1}],"date":"Nov 26, 2023, 4:16:03 PM"}
{"name":"Minotaur","level":12,"killCount":-1,"type":"NPC","drops":[{"name":"Bones","id":526,"quantity":1,"price":66},{"name":"Bronze spear","id":1237,"quantity":1,"price":275}],"date":"Nov 26, 2023, 4:16:06 PM"}
{"name":"Minotaur","level":12,"killCount":-1,"type":"NPC","drops":[{"name":"Bones","id":526,"quantity":1,"price":66},{"name":"Bronze full helm","id":1155,"quantity":1,"price":58}],"date":"Nov 26, 2023, 4:16:15 PM"}
{"name":"Minotaur","level":12,"killCount":-1,"type":"NPC","drops":[{"name":"Bones","id":526,"quantity":1,"price":66},{"name":"Scroll box (beginner)","id":24361,"quantity":1,"price":0},{"name":"Bronze spear","id":1237,"quantity":1,"price":275}],"date":"Nov 26, 2023, 4:16:16 PM"}
{"name":"Minotaur","level":12,"killCount":-1,"type":"NPC","drops":[{"name":"Bones","id":526,"quantity":1,"price":66},{"name":"Ensouled minotaur head","id":13456,"quantity":1,"price":509},{"name":"Coins","id":995,"quantity":7,"price":1}],"date":"Nov 26, 2023, 4:16:19 PM"}
{"name":"Minotaur","level":12,"killCount":-1,"type":"NPC","drops":[{"name":"Bones","id":526,"quantity":1,"price":66},{"name":"Scroll box (easy)","id":24362,"quantity":1,"price":0},{"name":"Copper ore","id":437,"quantity":1,"price":67}],"date":"Nov 26, 2023, 4:16:21 PM"}
{"name":"Minotaur","level":12,"killCount":-1,"type":"NPC","drops":[{"name":"Bones","id":526,"quantity":1,"price":66},{"name":"Scroll box (easy)","id":24362,"quantity":1,"price":0},{"name":"Copper ore","id":437,"quantity":1,"price":67}],"date":"Nov 26, 2023, 4:16:32 PM"}
{"name":"Minotaur","level":12,"killCount":-1,"type":"NPC","drops":[{"name":"Bones","id":526,"quantity":1,"price":66},{"name":"Iron arrow","id":884,"quantity":7,"price":5}],"date":"Nov 26, 2023, 4:16:33 PM"}
{"name":"Minotaur","level":12,"killCount":-1,"type":"NPC","drops":[{"name":"Bones","id":526,"quantity":1,"price":66},{"name":"Coins","id":995,"quantity":75,"price":1}],"date":"Nov 26, 2023, 4:16:36 PM"}
{"name":"Minotaur","level":12,"killCount":-1,"type":"NPC","drops":[{"name":"Bones","id":526,"quantity":1,"price":66},{"name":"Iron arrow","id":884,"quantity":12,"price":5}],"date":"Nov 26, 2023, 4:16:37 PM"}
{"name":"Minotaur","level":12,"killCount":-1,"type":"NPC","drops":[{"name":"Bones","id":526,"quantity":1,"price":66},{"name":"Bronze dagger","id":1205,"quantity":1,"price":12}],"date":"Nov 26, 2023, 4:16:46 PM"}
{"name":"Minotaur","level":12,"killCount":-1,"type":"NPC","drops":[{"name":"Bones","id":526,"quantity":1,"price":66},{"name":"Copper ore","id":437,"quantity":1,"price":67}],"date":"Nov 26, 2023, 4:16:48 PM"}
{"name":"Minotaur","level":12,"killCount":-1,"type":"NPC","drops":[{"name":"Bones","id":526,"quantity":1,"price":66},{"name":"Scroll box (easy)","id":24362,"quantity":1,"price":0},{"name":"Copper ore","id":437,"quantity":1,"price":67}],"date":"Nov 26, 2023, 4:16:50 PM"}
{"name":"Minotaur","level":12,"killCount":-1,"type":"NPC","drops":[{"name":"Bones","id":526,"quantity":1,"price":66},{"name":"Tin ore","id":439,"quantity":1,"price":98}],"date":"Nov 26, 2023, 4:16:52 PM"}
{"name":"Minotaur","level":12,"killCount":-1,"type":"NPC","drops":[{"name":"Bones","id":526,"quantity":1,"price":66},{"name":"Bronze dagger","id":1205,"quantity":1,"price":12}],"date":"Nov 26, 2023, 4:17:00 PM"}
{"name":"Minotaur","level":12,"killCount":-1,"type":"NPC","drops":[{"name":"Bones","id":526,"quantity":1,"price":66},{"name":"Iron arrow","id":884,"quantity":13,"price":5}],"date":"Nov 26, 2023, 4:17:03 PM"}
{"name":"Minotaur","level":12,"killCount":-1,"type":"NPC","drops":[{"name":"Bones","id":526,"quantity":1,"price":66},{"name":"Bronze spear","id":1237,"quantity":1,"price":275}],"date":"Nov 26, 2023, 4:17:06 PM"}
{"name":"Minotaur","level":12,"killCount":-1,"type":"NPC","drops":[{"name":"Bones","id":526,"quantity":1,"price":66},{"name":"Scroll box (easy)","id":24362,"quantity":1,"price":0},{"name":"Coins","id":995,"quantity":2,"price":1}],"date":"Nov 26, 2023, 4:17:10 PM"}
{"name":"Minotaur","level":12,"killCount":-1,"type":"NPC","drops":[{"name":"Bones","id":526,"quantity":1,"price":66},{"name":"Bronze full helm","id":1155,"quantity":1,"price":58}],"date":"Nov 26, 2023, 4:17:15 PM"}
{"name":"Minotaur","level":12,"killCount":-1,"type":"NPC","drops":[{"name":"Bones","id":526,"quantity":1,"price":66},{"name":"Bronze spear","id":1237,"quantity":1,"price":275}],"date":"Nov 26, 2023, 4:17:15 PM"}
{"name":"Minotaur","level":12,"killCount":-1,"type":"NPC","drops":[{"name":"Bones","id":526,"quantity":1,"price":66},{"name":"Coins","id":995,"quantity":2,"price":1}],"date":"Nov 26, 2023, 4:17:21 PM"}
{"name":"Minotaur","level":12,"killCount":-1,"type":"NPC","drops":[{"name":"Bones","id":526,"quantity":1,"price":66},{"name":"Iron arrow","id":884,"quantity":10,"price":5}],"date":"Nov 26, 2023, 4:17:24 PM"}
{"name":"Minotaur","level":12,"killCount":-1,"type":"NPC","drops":[{"name":"Bones","id":526,"quantity":1,"price":66},{"name":"Bronze full helm","id":1155,"quantity":1,"price":58}],"date":"Nov 26, 2023, 4:17:28 PM"}
{"name":"Minotaur","level":12,"killCount":-1,"type":"NPC","drops":[{"name":"Bones","id":526,"quantity":1,"price":66},{"name":"Copper ore","id":437,"quantity":1,"price":67}],"date":"Nov 26, 2023, 4:17:30 PM"}
{"name":"Minotaur","level":12,"killCount":-1,"type":"NPC","drops":[{"name":"Bones","id":526,"quantity":1,"price":66},{"name":"Iron arrow","id":884,"quantity":7,"price":5}],"date":"Nov 26, 2023, 4:17:35 PM"}
{"name":"Minotaur","level":12,"killCount":-1,"type":"NPC","drops":[{"name":"Bones","id":526,"quantity":1,"price":66},{"name":"Bronze dagger","id":1205,"quantity":1,"price":12}],"date":"Nov 26, 2023, 4:17:39 PM"}
{"name":"Minotaur","level":12,"killCount":-1,"type":"NPC","drops":[{"name":"Bones","id":526,"quantity":1,"price":66},{"name":"Tin ore","id":439,"quantity":1,"price":98}],"date":"Nov 26, 2023, 4:17:43 PM"}
{"name":"Minotaur","level":12,"killCount":-1,"type":"NPC","drops":[{"name":"Bones","id":526,"quantity":1,"price":66},{"name":"Coins","id":995,"quantity":2,"price":1}],"date":"Nov 26, 2023, 4:17:46 PM"}
{"name":"Minotaur","level":12,"killCount":-1,"type":"NPC","drops":[{"name":"Bones","id":526,"quantity":1,"price":66},{"name":"Copper ore","id":437,"quantity":1,"price":67}],"date":"Nov 26, 2023, 4:17:48 PM"}
{"name":"Minotaur","level":12,"killCount":-1,"type":"NPC","drops":[{"name":"Bones","id":526,"quantity":1,"price":66},{"name":"Bronze full helm","id":1155,"quantity":1,"price":58}],"date":"Nov 26, 2023, 4:17:52 PM"}
{"name":"Minotaur","level":12,"killCount":-1,"type":"NPC","drops":[{"name":"Bones","id":526,"quantity":1,"price":66},{"name":"Coins","id":995,"quantity":49,"price":1}],"date":"Nov 26, 2023, 4:17:58 PM"}
{"name":"Minotaur","level":12,"killCount":-1,"type":"NPC","drops":[{"name":"Bones","id":526,"quantity":1,"price":66},{"name":"Bronze arrow","id":882,"quantity":3,"price":2}],"date":"Nov 26, 2023, 4:18:01 PM"}
{"name":"Minotaur","level":12,"killCount":-1,"type":"NPC","drops":[{"name":"Bones","id":526,"quantity":1,"price":66},{"name":"Bronze spear","id":1237,"quantity":1,"price":275}],"date":"Nov 26, 2023, 4:18:03 PM"}
{"name":"Minotaur","level":12,"killCount":-1,"type":"NPC","drops":[{"name":"Bones","id":526,"quantity":1,"price":66},{"name":"Iron arrow","id":884,"quantity":11,"price":5}],"date":"Nov 26, 2023, 4:18:09 PM"}
{"name":"Minotaur","level":12,"killCount":-1,"type":"NPC","drops":[{"name":"Bones","id":526,"quantity":1,"price":66},{"name":"Coins","id":995,"quantity":7,"price":1}],"date":"Nov 26, 2023, 4:18:13 PM"}
{"name":"Minotaur","level":12,"killCount":-1,"type":"NPC","drops":[{"name":"Bones","id":526,"quantity":1,"price":66},{"name":"Scroll box (beginner)","id":24361,"quantity":1,"price":0},{"name":"Copper ore","id":437,"quantity":1,"price":67}],"date":"Nov 26, 2023, 4:18:17 PM"}
{"name":"Minotaur","level":12,"killCount":-1,"type":"NPC","drops":[{"name":"Bones","id":526,"quantity":1,"price":66},{"name":"Coins","id":995,"quantity":7,"price":1}],"date":"Nov 26, 2023, 4:18:21 PM"}
{"name":"Minotaur","level":12,"killCount":-1,"type":"NPC","drops":[{"name":"Bones","id":526,"quantity":1,"price":66},{"name":"Bronze dagger","id":1205,"quantity":1,"price":12}],"date":"Nov 26, 2023, 4:18:25 PM"}
{"name":"Minotaur","level":12,"killCount":-1,"type":"NPC","drops":[{"name":"Bones","id":526,"quantity":1,"price":66},{"name":"Coins","id":995,"quantity":7,"price":1}],"date":"Nov 26, 2023, 4:18:27 PM"}
{"name":"Minotaur","level":12,"killCount":-1,"type":"NPC","drops":[{"name":"Bones","id":526,"quantity":1,"price":66},{"name":"Bronze arrow","id":882,"quantity":3,"price":2}],"date":"Nov 26, 2023, 4:18:31 PM"}
{"name":"Minotaur","level":27,"killCount":-1,"type":"NPC","drops":[{"name":"Bones","id":526,"quantity":1,"price":66},{"name":"Iron arrow","id":884,"quantity":12,"price":5}],"date":"Nov 26, 2023, 4:18:54 PM"}
{"name":"Minotaur","level":27,"killCount":-1,"type":"NPC","drops":[{"name":"Bones","id":526,"quantity":1,"price":66},{"name":"Coins","id":995,"quantity":2,"price":1}],"date":"Nov 26, 2023, 4:22:37 PM"}
{"name":"Minotaur","level":27,"killCount":-1,"type":"NPC","drops":[{"name":"Bones","id":526,"quantity":1,"price":66},{"name":"Coins","id":995,"quantity":7,"price":1}],"date":"Nov 26, 2023, 4:22:39 PM"}
{"name":"Minotaur","level":27,"killCount":-1,"type":"NPC","drops":[{"name":"Bones","id":526,"quantity":1,"price":66},{"name":"Scroll box (beginner)","id":24361,"quantity":1,"price":0},{"name":"Coins","id":995,"quantity":7,"price":1}],"date":"Nov 26, 2023, 4:22:44 PM"}
{"name":"Minotaur","level":27,"killCount":-1,"type":"NPC","drops":[{"name":"Bones","id":526,"quantity":1,"price":66},{"name":"Scroll box (beginner)","id":24361,"quantity":1,"price":0},{"name":"Coins","id":995,"quantity":7,"price":1}],"date":"Nov 26, 2023, 4:22:47 PM"}
{"name":"Minotaur","level":27,"killCount":-1,"type":"NPC","drops":[{"name":"Bones","id":526,"quantity":1,"price":66},{"name":"Coins","id":995,"quantity":2,"price":1}],"date":"Nov 26, 2023, 4:22:50 PM"}
{"name":"Minotaur","level":27,"killCount":-1,"type":"NPC","drops":[{"name":"Bones","id":526,"quantity":1,"price":66},{"name":"Copper ore","id":437,"quantity":1,"price":67}],"date":"Nov 26, 2023, 4:22:53 PM"}
{"name":"Minotaur","level":27,"killCount":-1,"type":"NPC","drops":[{"name":"Bones","id":526,"quantity":1,"price":66},{"name":"Scroll box (easy)","id":24362,"quantity":1,"price":0},{"name":"Coins","id":995,"quantity":7,"price":1}],"date":"Nov 26, 2023, 4:22:56 PM"}
{"name":"Minotaur","level":27,"killCount":-1,"type":"NPC","drops":[{"name":"Bones","id":526,"quantity":1,"price":66},{"name":"Copper ore","id":437,"quantity":1,"price":67}],"date":"Nov 26, 2023, 4:22:59 PM"}
{"name":"Minotaur","level":27,"killCount":-1,"type":"NPC","drops":[{"name":"Bones","id":526,"quantity":1,"price":66},{"name":"Coins","id":995,"quantity":15,"price":1}],"date":"Nov 26, 2023, 4:23:02 PM"}
{"name":"Minotaur","level":27,"killCount":-1,"type":"NPC","drops":[{"name":"Bones","id":526,"quantity":1,"price":66},{"name":"Bronze full helm","id":1155,"quantity":1,"price":58}],"date":"Nov 26, 2023, 4:23:05 PM"}
{"name":"Minotaur","level":27,"killCount":-1,"type":"NPC","drops":[{"name":"Bones","id":526,"quantity":1,"price":66},{"name":"Coins","id":995,"quantity":7,"price":1}],"date":"Nov 26, 2023, 4:23:08 PM"}
{"name":"Minotaur","level":27,"killCount":-1,"type":"NPC","drops":[{"name":"Bones","id":526,"quantity":1,"price":66},{"name":"Uncut ruby","id":1619,"quantity":1,"price":1034}],"date":"Nov 26, 2023, 4:23:12 PM"}
{"name":"Minotaur","level":27,"killCount":-1,"type":"NPC","drops":[{"name":"Bones","id":526,"quantity":1,"price":66},{"name":"Tin ore","id":439,"quantity":1,"price":98}],"date":"Nov 26, 2023, 4:23:15 PM"}
{"name":"Minotaur","level":27,"killCount":-1,"type":"NPC","drops":[{"name":"Bones","id":526,"quantity":1,"price":66},{"name":"Scroll box (easy)","id":24362,"quantity":1,"price":0},{"name":"Bronze dagger","id":1205,"quantity":1,"price":12}],"date":"Nov 26, 2023, 4:23:17 PM"}
{"name":"Minotaur","level":27,"killCount":-1,"type":"NPC","drops":[{"name":"Bones","id":526,"quantity":1,"price":66},{"name":"Scroll box (beginner)","id":24361,"quantity":1,"price":0},{"name":"Bronze dagger","id":1205,"quantity":1,"price":12}],"date":"Nov 26, 2023, 4:23:19 PM"}
{"name":"Minotaur","level":27,"killCount":-1,"type":"NPC","drops":[{"name":"Bones","id":526,"quantity":1,"price":66}],"date":"Nov 26, 2023, 4:23:23 PM"}
{"name":"Minotaur","level":27,"killCount":-1,"type":"NPC","drops":[{"name":"Bones","id":526,"quantity":1,"price":66},{"name":"Scroll box (beginner)","id":24361,"quantity":1,"price":0},{"name":"Tin ore","id":439,"quantity":1,"price":98}],"date":"Nov 26, 2023, 4:23:27 PM"}
{"name":"Minotaur","level":27,"killCount":-1,"type":"NPC","drops":[{"name":"Bones","id":526,"quantity":1,"price":66},{"name":"Ensouled minotaur head","id":13456,"quantity":1,"price":509},{"name":"Coins","id":995,"quantity":7,"price":1}],"date":"Nov 26, 2023, 4:23:29 PM"}
{"name":"Minotaur","level":27,"killCount":-1,"type":"NPC","drops":[{"name":"Bones","id":526,"quantity":1,"price":66},{"name":"Scroll box (easy)","id":24362,"quantity":1,"price":0},{"name":"Scroll box (beginner)","id":24361,"quantity":1,"price":0},{"name":"Bronze full helm","id":1155,"quantity":1,"price":58}],"date":"Nov 26, 2023, 4:23:32 PM"}
{"name":"Minotaur","level":27,"killCount":-1,"type":"NPC","drops":[{"name":"Bones","id":526,"quantity":1,"price":66},{"name":"Iron arrow","id":884,"quantity":7,"price":5}],"date":"Nov 26, 2023, 4:23:39 PM"}
{"name":"Minotaur","level":27,"killCount":-1,"type":"NPC","drops":[{"name":"Bones","id":526,"quantity":1,"price":66},{"name":"Coins","id":995,"quantity":33,"price":1}],"date":"Nov 26, 2023, 4:23:42 PM"}
{"name":"Minotaur","level":27,"killCount":-1,"type":"NPC","drops":[{"name":"Bones","id":526,"quantity":1,"price":66},{"name":"Right skull half","id":9007,"quantity":1,"price":0}],"date":"Nov 26, 2023, 4:23:45 PM"}
{"name":"Minotaur","level":27,"killCount":-1,"type":"NPC","drops":[{"name":"Bones","id":526,"quantity":1,"price":66},{"name":"Bronze spear","id":1237,"quantity":1,"price":275}],"date":"Nov 26, 2023, 4:23:49 PM"}
{"name":"Minotaur","level":27,"killCount":-1,"type":"NPC","drops":[{"name":"Bones","id":526,"quantity":1,"price":66},{"name":"Coins","id":995,"quantity":2,"price":1}],"date":"Nov 26, 2023, 4:23:52 PM"}
{"name":"Minotaur","level":27,"killCount":-1,"type":"NPC","drops":[{"name":"Bones","id":526,"quantity":1,"price":66},{"name":"Coins","id":995,"quantity":7,"price":1}],"date":"Nov 26, 2023, 4:23:54 PM"}
{"name":"Minotaur","level":27,"killCount":-1,"type":"NPC","drops":[{"name":"Bones","id":526,"quantity":1,"price":66},{"name":"Coins","id":995,"quantity":7,"price":1}],"date":"Nov 26, 2023, 4:23:57 PM"}
{"name":"Minotaur","level":27,"killCount":-1,"type":"NPC","drops":[{"name":"Bones","id":526,"quantity":1,"price":66},{"name":"Bronze full helm","id":1155,"quantity":1,"price":58}],"date":"Nov 26, 2023, 4:24:01 PM"}
{"name":"Minotaur","level":27,"killCount":-1,"type":"NPC","drops":[{"name":"Bones","id":526,"quantity":1,"price":66},{"name":"Coins","id":995,"quantity":2,"price":1}],"date":"Nov 26, 2023, 4:24:04 PM"}
{"name":"Minotaur","level":27,"killCount":-1,"type":"NPC","drops":[{"name":"Bones","id":526,"quantity":1,"price":66},{"name":"Coins","id":995,"quantity":2,"price":1}],"date":"Nov 26, 2023, 4:24:07 PM"}
{"name":"Minotaur","level":27,"killCount":-1,"type":"NPC","drops":[{"name":"Bones","id":526,"quantity":1,"price":66},{"name":"Coins","id":995,"quantity":7,"price":1}],"date":"Nov 26, 2023, 4:24:09 PM"}
{"name":"Minotaur","level":27,"killCount":-1,"type":"NPC","drops":[{"name":"Bones","id":526,"quantity":1,"price":66},{"name":"Coins","id":995,"quantity":7,"price":1}],"date":"Nov 26, 2023, 4:24:13 PM"}
{"name":"Minotaur","level":27,"killCount":-1,"type":"NPC","drops":[{"name":"Bones","id":526,"quantity":1,"price":66},{"name":"Tin ore","id":439,"quantity":1,"price":98}],"date":"Nov 26, 2023, 4:24:16 PM"}
{"name":"Minotaur","level":27,"killCount":-1,"type":"NPC","drops":[{"name":"Bones","id":526,"quantity":1,"price":66},{"name":"Bronze full helm","id":1155,"quantity":1,"price":58}],"date":"Nov 26, 2023, 4:24:19 PM"}
{"name":"Minotaur","level":27,"killCount":-1,"type":"NPC","drops":[{"name":"Bones","id":526,"quantity":1,"price":66},{"name":"Coins","id":995,"quantity":7,"price":1}],"date":"Nov 26, 2023, 4:24:22 PM"}
{"name":"Minotaur","level":27,"killCount":-1,"type":"NPC","drops":[{"name":"Bones","id":526,"quantity":1,"price":66},{"name":"Bronze arrow","id":882,"quantity":3,"price":2}],"date":"Nov 26, 2023, 4:24:25 PM"}
{"name":"Minotaur","level":27,"killCount":-1,"type":"NPC","drops":[{"name":"Bones","id":526,"quantity":1,"price":66},{"name":"Coins","id":995,"quantity":2,"price":1}],"date":"Nov 26, 2023, 4:24:28 PM"}
{"name":"Minotaur","level":27,"killCount":-1,"type":"NPC","drops":[{"name":"Bones","id":526,"quantity":1,"price":66},{"name":"Copper ore","id":437,"quantity":1,"price":67}],"date":"Nov 26, 2023, 4:24:31 PM"}
{"name":"Minotaur","level":27,"killCount":-1,"type":"NPC","drops":[{"name":"Bones","id":526,"quantity":1,"price":66},{"name":"Scroll box (beginner)","id":24361,"quantity":1,"price":0},{"name":"Iron arrow","id":884,"quantity":10,"price":5}],"date":"Nov 26, 2023, 4:24:33 PM"}
{"name":"Minotaur","level":27,"killCount":-1,"type":"NPC","drops":[{"name":"Bones","id":526,"quantity":1,"price":66},{"name":"Coins","id":995,"quantity":28,"price":1}],"date":"Nov 26, 2023, 4:24:36 PM"}
{"name":"Minotaur","level":27,"killCount":-1,"type":"NPC","drops":[{"name":"Bones","id":526,"quantity":1,"price":66},{"name":"Coins","id":995,"quantity":7,"price":1}],"date":"Nov 26, 2023, 4:24:40 PM"}
{"name":"Minotaur","level":27,"killCount":-1,"type":"NPC","drops":[{"name":"Bones","id":526,"quantity":1,"price":66},{"name":"Coins","id":995,"quantity":2,"price":1}],"date":"Nov 26, 2023, 4:24:43 PM"}
{"name":"Minotaur","level":27,"killCount":-1,"type":"NPC","drops":[{"name":"Bones","id":526,"quantity":1,"price":66},{"name":"Right skull half","id":9007,"quantity":1,"price":0}],"date":"Nov 26, 2023, 4:24:46 PM"}
{"name":"Minotaur","level":27,"killCount":-1,"type":"NPC","drops":[{"name":"Bones","id":526,"quantity":1,"price":66},{"name":"Bronze full helm","id":1155,"quantity":1,"price":58}],"date":"Nov 26, 2023, 4:24:49 PM"}
{"name":"Minotaur","level":27,"killCount":-1,"type":"NPC","drops":[{"name":"Bones","id":526,"quantity":1,"price":66},{"name":"Bronze full helm","id":1155,"quantity":1,"price":58}],"date":"Nov 26, 2023, 4:24:50 PM"}
{"name":"Minotaur","level":27,"killCount":-1,"type":"NPC","drops":[{"name":"Bones","id":526,"quantity":1,"price":66},{"name":"Bronze full helm","id":1155,"quantity":1,"price":58}],"date":"Nov 26, 2023, 4:24:53 PM"}
{"name":"Minotaur","level":27,"killCount":-1,"type":"NPC","drops":[{"name":"Bones","id":526,"quantity":1,"price":66},{"name":"Pure essence","id":7937,"quantity":15,"price":2}],"date":"Nov 26, 2023, 4:24:56 PM"}
{"name":"Minotaur","level":27,"killCount":-1,"type":"NPC","drops":[{"name":"Bones","id":526,"quantity":1,"price":66},{"name":"Bronze spear","id":1237,"quantity":1,"price":275}],"date":"Nov 26, 2023, 4:25:01 PM"}
{"name":"Minotaur","level":27,"killCount":-1,"type":"NPC","drops":[{"name":"Bones","id":526,"quantity":1,"price":66},{"name":"Bronze spear","id":1237,"quantity":1,"price":275}],"date":"Nov 26, 2023, 4:25:04 PM"}
{"name":"Minotaur","level":27,"killCount":-1,"type":"NPC","drops":[{"name":"Bones","id":526,"quantity":1,"price":66},{"name":"Coins","id":995,"quantity":7,"price":1}],"date":"Nov 26, 2023, 4:25:06 PM"}
{"name":"Minotaur","level":27,"killCount":-1,"type":"NPC","drops":[{"name":"Bones","id":526,"quantity":1,"price":66},{"name":"Bronze full helm","id":1155,"quantity":1,"price":58}],"date":"Nov 26, 2023, 4:25:10 PM"}
{"name":"Minotaur","level":27,"killCount":-1,"type":"NPC","drops":[{"name":"Bones","id":526,"quantity":1,"price":66},{"name":"Coins","id":995,"quantity":82,"price":1}],"date":"Nov 26, 2023, 4:25:12 PM"}
{"name":"Minotaur","level":27,"killCount":-1,"type":"NPC","drops":[{"name":"Bones","id":526,"quantity":1,"price":66},{"name":"Tin ore","id":439,"quantity":1,"price":98}],"date":"Nov 26, 2023, 4:25:16 PM"}
{"name":"Minotaur","level":27,"killCount":-1,"type":"NPC","drops":[{"name":"Bones","id":526,"quantity":1,"price":66},{"name":"Coins","id":995,"quantity":7,"price":1}],"date":"Nov 26, 2023, 4:25:18 PM"}
{"name":"Minotaur","level":27,"killCount":-1,"type":"NPC","drops":[{"name":"Bones","id":526,"quantity":1,"price":66},{"name":"Coins","id":995,"quantity":7,"price":1}],"date":"Nov 26, 2023, 4:25:22 PM"}
{"name":"Minotaur","level":27,"killCount":-1,"type":"NPC","drops":[{"name":"Bones","id":526,"quantity":1,"price":66},{"name":"Coins","id":995,"quantity":2,"price":1}],"date":"Nov 26, 2023, 4:25:25 PM"}
{"name":"Minotaur","level":27,"killCount":-1,"type":"NPC","drops":[{"name":"Bones","id":526,"quantity":1,"price":66},{"name":"Scroll box (beginner)","id":24361,"quantity":1,"price":0},{"name":"Bronze full helm","id":1155,"quantity":1,"price":58}],"date":"Nov 26, 2023, 4:25:28 PM"}
{"name":"Minotaur","level":27,"killCount":-1,"type":"NPC","drops":[{"name":"Bones","id":526,"quantity":1,"price":66},{"name":"Coins","id":995,"quantity":2,"price":1}],"date":"Nov 26, 2023, 4:25:30 PM"}
{"name":"Minotaur","level":27,"killCount":-1,"type":"NPC","drops":[{"name":"Bones","id":526,"quantity":1,"price":66},{"name":"Bronze dagger","id":1205,"quantity":1,"price":12}],"date":"Nov 26, 2023, 4:25:34 PM"}
{"name":"Minotaur","level":27,"killCount":-1,"type":"NPC","drops":[{"name":"Bones","id":526,"quantity":1,"price":66},{"name":"Iron arrow","id":884,"quantity":8,"price":5}],"date":"Nov 26, 2023, 4:25:37 PM"}
{"name":"Minotaur","level":27,"killCount":-1,"type":"NPC","drops":[{"name":"Bones","id":526,"quantity":1,"price":66},{"name":"Iron arrow","id":884,"quantity":9,"price":5}],"date":"Nov 26, 2023, 4:25:39 PM"}
{"name":"Minotaur","level":27,"killCount":-1,"type":"NPC","drops":[{"name":"Bones","id":526,"quantity":1,"price":66},{"name":"Bronze full helm","id":1155,"quantity":1,"price":58}],"date":"Nov 26, 2023, 4:25:42 PM"}
{"name":"Minotaur","level":27,"killCount":-1,"type":"NPC","drops":[{"name":"Bones","id":526,"quantity":1,"price":66},{"name":"Bronze spear","id":1237,"quantity":1,"price":275}],"date":"Nov 26, 2023, 4:25:45 PM"}
{"name":"Minotaur","level":27,"killCount":-1,"type":"NPC","drops":[{"name":"Bones","id":526,"quantity":1,"price":66},{"name":"Tin ore","id":439,"quantity":1,"price":98}],"date":"Nov 26, 2023, 4:25:49 PM"}
{"name":"Minotaur","level":27,"killCount":-1,"type":"NPC","drops":[{"name":"Bones","id":526,"quantity":1,"price":66},{"name":"Coins","id":995,"quantity":7,"price":1}],"date":"Nov 26, 2023, 4:25:52 PM"}
{"name":"Minotaur","level":27,"killCount":-1,"type":"NPC","drops":[{"name":"Bones","id":526,"quantity":1,"price":66},{"name":"Bronze spear","id":1237,"quantity":1,"price":275}],"date":"Nov 26, 2023, 4:25:53 PM"}
{"name":"Minotaur","level":27,"killCount":-1,"type":"NPC","drops":[{"name":"Bones","id":526,"quantity":1,"price":66},{"name":"Scroll box (easy)","id":24362,"quantity":1,"price":0},{"name":"Bronze spear","id":1237,"quantity":1,"price":275}],"date":"Nov 26, 2023, 4:25:58 PM"}
{"name":"Minotaur","level":27,"killCount":-1,"type":"NPC","drops":[{"name":"Bones","id":526,"quantity":1,"price":66},{"name":"Scroll box (beginner)","id":24361,"quantity":1,"price":0},{"name":"Iron arrow","id":884,"quantity":14,"price":5}],"date":"Nov 26, 2023, 4:26:01 PM"}
{"name":"Minotaur","level":27,"killCount":-1,"type":"NPC","drops":[{"name":"Bones","id":526,"quantity":1,"price":66}],"date":"Nov 26, 2023, 4:26:04 PM"}
{"name":"Minotaur","level":27,"killCount":-1,"type":"NPC","drops":[{"name":"Bones","id":526,"quantity":1,"price":66},{"name":"Bronze full helm","id":1155,"quantity":1,"price":58}],"date":"Nov 26, 2023, 4:26:10 PM"}
{"name":"Minotaur","level":27,"killCount":-1,"type":"NPC","drops":[{"name":"Bones","id":526,"quantity":1,"price":66}],"date":"Nov 26, 2023, 4:26:14 PM"}
{"name":"Minotaur","level":27,"killCount":-1,"type":"NPC","drops":[{"name":"Bones","id":526,"quantity":1,"price":66},{"name":"Coins","id":995,"quantity":7,"price":1}],"date":"Nov 26, 2023, 4:26:16 PM"}
{"name":"Minotaur","level":27,"killCount":-1,"type":"NPC","drops":[{"name":"Bones","id":526,"quantity":1,"price":66},{"name":"Pure essence","id":7937,"quantity":15,"price":2}],"date":"Nov 26, 2023, 4:26:19 PM"}
{"name":"Minotaur","level":27,"killCount":-1,"type":"NPC","drops":[{"name":"Bones","id":526,"quantity":1,"price":66},{"name":"Iron arrow","id":884,"quantity":8,"price":5}],"date":"Nov 26, 2023, 4:26:23 PM"}
{"name":"Minotaur","level":27,"killCount":-1,"type":"NPC","drops":[{"name":"Bones","id":526,"quantity":1,"price":66},{"name":"Bronze full helm","id":1155,"quantity":1,"price":58}],"date":"Nov 26, 2023, 4:26:25 PM"}
{"name":"Minotaur","level":27,"killCount":-1,"type":"NPC","drops":[{"name":"Bones","id":526,"quantity":1,"price":66},{"name":"Bronze full helm","id":1155,"quantity":1,"price":58}],"date":"Nov 26, 2023, 4:26:29 PM"}
{"name":"Minotaur","level":27,"killCount":-1,"type":"NPC","drops":[{"name":"Bones","id":526,"quantity":1,"price":66},{"name":"Bronze spear","id":1237,"quantity":1,"price":275}],"date":"Nov 26, 2023, 4:26:30 PM"}
{"name":"Minotaur","level":27,"killCount":-1,"type":"NPC","drops":[{"name":"Bones","id":526,"quantity":1,"price":66},{"name":"Scroll box (beginner)","id":24361,"quantity":1,"price":0},{"name":"Coins","id":995,"quantity":7,"price":1}],"date":"Nov 26, 2023, 4:26:35 PM"}
{"name":"Minotaur","level":27,"killCount":-1,"type":"NPC","drops":[{"name":"Bones","id":526,"quantity":1,"price":66},{"name":"Uncut sapphire","id":1623,"quantity":1,"price":275}],"date":"Nov 26, 2023, 4:26:38 PM"}
{"name":"Minotaur","level":27,"killCount":-1,"type":"NPC","drops":[{"name":"Bones","id":526,"quantity":1,"price":66},{"name":"Bronze dagger","id":1205,"quantity":1,"price":12}],"date":"Nov 26, 2023, 4:26:40 PM"}
{"name":"Minotaur","level":27,"killCount":-1,"type":"NPC","drops":[{"name":"Bones","id":526,"quantity":1,"price":66},{"name":"Copper ore","id":437,"quantity":1,"price":67}],"date":"Nov 26, 2023, 4:26:44 PM"}
{"name":"Minotaur","level":27,"killCount":-1,"type":"NPC","drops":[{"name":"Bones","id":526,"quantity":1,"price":66},{"name":"Scroll box (beginner)","id":24361,"quantity":1,"price":0},{"name":"Bronze spear","id":1237,"quantity":1,"price":275}],"date":"Nov 26, 2023, 4:26:47 PM"}
{"name":"Minotaur","level":27,"killCount":-1,"type":"NPC","drops":[{"name":"Bones","id":526,"quantity":1,"price":66},{"name":"Coins","id":995,"quantity":2,"price":1}],"date":"Nov 26, 2023, 4:26:49 PM"}
{"name":"Minotaur","level":27,"killCount":-1,"type":"NPC","drops":[{"name":"Bones","id":526,"quantity":1,"price":66},{"name":"Coins","id":995,"quantity":7,"price":1}],"date":"Nov 26, 2023, 4:26:52 PM"}
{"name":"Minotaur","level":27,"killCount":-1,"type":"NPC","drops":[{"name":"Bones","id":526,"quantity":1,"price":66},{"name":"Cooked meat","id":2142,"quantity":1,"price":89}],"date":"Nov 26, 2023, 4:26:56 PM"}
{"name":"Minotaur","level":27,"killCount":-1,"type":"NPC","drops":[{"name":"Bones","id":526,"quantity":1,"price":66},{"name":"Copper ore","id":437,"quantity":1,"price":67}],"date":"Nov 26, 2023, 4:26:59 PM"}
{"name":"Minotaur","level":27,"killCount":-1,"type":"NPC","drops":[{"name":"Bones","id":526,"quantity":1,"price":66},{"name":"Right skull half","id":9007,"quantity":1,"price":0}],"date":"Nov 26, 2023, 4:27:02 PM"}
{"name":"Minotaur","level":27,"killCount":-1,"type":"NPC","drops":[{"name":"Bones","id":526,"quantity":1,"price":66},{"name":"Bronze full helm","id":1155,"quantity":1,"price":58}],"date":"Nov 26, 2023, 4:27:04 PM"}
{"name":"Minotaur","level":27,"killCount":-1,"type":"NPC","drops":[{"name":"Bones","id":526,"quantity":1,"price":66},{"name":"Coins","id":995,"quantity":78,"price":1}],"date":"Nov 26, 2023, 4:27:08 PM"}
{"name":"Minotaur","level":27,"killCount":-1,"type":"NPC","drops":[{"name":"Bones","id":526,"quantity":1,"price":66},{"name":"Coins","id":995,"quantity":7,"price":1}],"date":"Nov 26, 2023, 4:27:11 PM"}
{"name":"Minotaur","level":27,"killCount":-1,"type":"NPC","drops":[{"name":"Bones","id":526,"quantity":1,"price":66},{"name":"Iron arrow","id":884,"quantity":12,"price":5}],"date":"Nov 26, 2023, 4:27:14 PM"}
{"name":"Minotaur","level":27,"killCount":-1,"type":"NPC","drops":[{"name":"Bones","id":526,"quantity":1,"price":66},{"name":"Copper ore","id":437,"quantity":1,"price":67}],"date":"Nov 26, 2023, 4:27:17 PM"}
{"name":"Minotaur","level":27,"killCount":-1,"type":"NPC","drops":[{"name":"Bones","id":526,"quantity":1,"price":66},{"name":"Copper ore","id":437,"quantity":1,"price":67}],"date":"Nov 26, 2023, 4:27:20 PM"}
{"name":"Minotaur","level":27,"killCount":-1,"type":"NPC","drops":[{"name":"Bones","id":526,"quantity":1,"price":66},{"name":"Bronze dagger","id":1205,"quantity":1,"price":12}],"date":"Nov 26, 2023, 4:27:25 PM"}
{"name":"Minotaur","level":27,"killCount":-1,"type":"NPC","drops":[{"name":"Bones","id":526,"quantity":1,"price":66},{"name":"Coins","id":995,"quantity":7,"price":1}],"date":"Nov 26, 2023, 4:27:28 PM"}
{"name":"Minotaur","level":27,"killCount":-1,"type":"NPC","drops":[{"name":"Bones","id":526,"quantity":1,"price":66},{"name":"Scroll box (beginner)","id":24361,"quantity":1,"price":0},{"name":"Coins","id":995,"quantity":7,"price":1}],"date":"Nov 26, 2023, 4:27:30 PM"}
{"name":"Minotaur","level":27,"killCount":-1,"type":"NPC","drops":[{"name":"Bones","id":526,"quantity":1,"price":66},{"name":"Coins","id":995,"quantity":2,"price":1}],"date":"Nov 26, 2023, 4:27:34 PM"}
{"name":"Minotaur","level":27,"killCount":-1,"type":"NPC","drops":[{"name":"Bones","id":526,"quantity":1,"price":66},{"name":"Coins","id":995,"quantity":7,"price":1}],"date":"Nov 26, 2023, 4:27:37 PM"}
{"name":"Minotaur","level":27,"killCount":-1,"type":"NPC","drops":[{"name":"Bones","id":526,"quantity":1,"price":66},{"name":"Scroll box (easy)","id":24362,"quantity":1,"price":0},{"name":"Bronze spear","id":1237,"quantity":1,"price":275}],"date":"Nov 26, 2023, 4:27:40 PM"}
{"name":"Minotaur","level":27,"killCount":-1,"type":"NPC","drops":[{"name":"Bones","id":526,"quantity":1,"price":66},{"name":"Bronze spear","id":1237,"quantity":1,"price":275}],"date":"Nov 26, 2023, 4:27:43 PM"}
{"name":"Minotaur","level":27,"killCount":-1,"type":"NPC","drops":[{"name":"Bones","id":526,"quantity":1,"price":66},{"name":"Iron arrow","id":884,"quantity":10,"price":5}],"date":"Nov 26, 2023, 4:27:48 PM"}
{"name":"Minotaur","level":27,"killCount":-1,"type":"NPC","drops":[{"name":"Bones","id":526,"quantity":1,"price":66},{"name":"Bronze spear","id":1237,"quantity":1,"price":275}],"date":"Nov 26, 2023, 4:27:51 PM"}
{"name":"Minotaur","level":27,"killCount":-1,"type":"NPC","drops":[{"name":"Bones","id":526,"quantity":1,"price":66},{"name":"Scroll box (easy)","id":24362,"quantity":1,"price":0},{"name":"Coins","id":995,"quantity":5,"price":1}],"date":"Nov 26, 2023, 4:27:54 PM"}
{"name":"Minotaur","level":27,"killCount":-1,"type":"NPC","drops":[{"name":"Bones","id":526,"quantity":1,"price":66},{"name":"Iron arrow","id":884,"quantity":12,"price":5}],"date":"Nov 26, 2023, 4:27:57 PM"}
{"name":"Minotaur","level":27,"killCount":-1,"type":"NPC","drops":[{"name":"Bones","id":526,"quantity":1,"price":66},{"name":"Cooked meat","id":2142,"quantity":1,"price":89}],"date":"Nov 26, 2023, 4:28:00 PM"}
{"name":"Minotaur","level":27,"killCount":-1,"type":"NPC","drops":[{"name":"Bones","id":526,"quantity":1,"price":66},{"name":"Bronze full helm","id":1155,"quantity":1,"price":58}],"date":"Nov 26, 2023, 4:28:03 PM"}
{"name":"Minotaur","level":27,"killCount":-1,"type":"NPC","drops":[{"name":"Bones","id":526,"quantity":1,"price":66},{"name":"Tin ore","id":439,"quantity":1,"price":98}],"date":"Nov 26, 2023, 4:28:05 PM"}
{"name":"Minotaur","level":27,"killCount":-1,"type":"NPC","drops":[{"name":"Bones","id":526,"quantity":1,"price":66},{"name":"Iron arrow","id":884,"quantity":10,"price":5}],"date":"Nov 26, 2023, 4:28:09 PM"}
{"name":"Minotaur","level":27,"killCount":-1,"type":"NPC","drops":[{"name":"Bones","id":526,"quantity":1,"price":66},{"name":"Scroll box (easy)","id":24362,"quantity":1,"price":0},{"name":"Iron arrow","id":884,"quantity":6,"price":5}],"date":"Nov 26, 2023, 4:28:12 PM"}
{"name":"Minotaur","level":27,"killCount":-1,"type":"NPC","drops":[{"name":"Bones","id":526,"quantity":1,"price":66},{"name":"Bronze full helm","id":1155,"quantity":1,"price":58}],"date":"Nov 26, 2023, 4:28:15 PM"}
{"name":"Minotaur","level":27,"killCount":-1,"type":"NPC","drops":[{"name":"Bones","id":526,"quantity":1,"price":66},{"name":"Bronze full helm","id":1155,"quantity":1,"price":58}],"date":"Nov 26, 2023, 4:28:19 PM"}
{"name":"Minotaur","level":27,"killCount":-1,"type":"NPC","drops":[{"name":"Bones","id":526,"quantity":1,"price":66},{"name":"Scroll box (beginner)","id":24361,"quantity":1,"price":0},{"name":"Cooked meat","id":2142,"quantity":1,"price":89}],"date":"Nov 26, 2023, 4:28:23 PM"}
{"name":"Minotaur","level":27,"killCount":-1,"type":"NPC","drops":[{"name":"Bones","id":526,"quantity":1,"price":66},{"name":"Coins","id":995,"quantity":7,"price":1}],"date":"Nov 26, 2023, 4:28:26 PM"}
{"name":"Minotaur","level":27,"killCount":-1,"type":"NPC","drops":[{"name":"Bones","id":526,"quantity":1,"price":66},{"name":"Coins","id":995,"quantity":2,"price":1}],"date":"Nov 26, 2023, 4:28:28 PM"}
{"name":"Minotaur","level":27,"killCount":-1,"type":"NPC","drops":[{"name":"Bones","id":526,"quantity":1,"price":66},{"name":"Coins","id":995,"quantity":58,"price":1}],"date":"Nov 26, 2023, 4:28:32 PM"}
{"name":"Minotaur","level":27,"killCount":-1,"type":"NPC","drops":[{"name":"Bones","id":526,"quantity":1,"price":66},{"name":"Copper ore","id":437,"quantity":1,"price":67}],"date":"Nov 26, 2023, 4:28:36 PM"}
{"name":"Minotaur","level":27,"killCount":-1,"type":"NPC","drops":[{"name":"Bones","id":526,"quantity":1,"price":66},{"name":"Coins","id":995,"quantity":7,"price":1}],"date":"Nov 26, 2023, 4:28:39 PM"}
{"name":"Minotaur","level":27,"killCount":-1,"type":"NPC","drops":[{"name":"Bones","id":526,"quantity":1,"price":66},{"name":"Ensouled minotaur head","id":13456,"quantity":1,"price":509},{"name":"Coins","id":995,"quantity":2,"price":1}],"date":"Nov 26, 2023, 4:28:42 PM"}
{"name":"Minotaur","level":27,"killCount":-1,"type":"NPC","drops":[{"name":"Bones","id":526,"quantity":1,"price":66},{"name":"Coins","id":995,"quantity":16,"price":1}],"date":"Nov 26, 2023, 4:28:45 PM"}
{"name":"Minotaur","level":27,"killCount":-1,"type":"NPC","drops":[{"name":"Bones","id":526,"quantity":1,"price":66},{"name":"Coins","id":995,"quantity":7,"price":1}],"date":"Nov 26, 2023, 4:28:48 PM"}
{"name":"Minotaur","level":27,"killCount":-1,"type":"NPC","drops":[{"name":"Bones","id":526,"quantity":1,"price":66},{"name":"Copper ore","id":437,"quantity":1,"price":67}],"date":"Nov 26, 2023, 4:28:51 PM"}
{"name":"Minotaur","level":27,"killCount":-1,"type":"NPC","drops":[{"name":"Bones","id":526,"quantity":1,"price":66},{"name":"Pure essence","id":7937,"quantity":15,"price":2}],"date":"Nov 26, 2023, 4:28:54 PM"}
{"name":"Minotaur","level":27,"killCount":-1,"type":"NPC","drops":[{"name":"Bones","id":526,"quantity":1,"price":66},{"name":"Bronze dagger","id":1205,"quantity":1,"price":12}],"date":"Nov 26, 2023, 4:28:57 PM"}
{"name":"Minotaur","level":27,"killCount":-1,"type":"NPC","drops":[{"name":"Bones","id":526,"quantity":1,"price":66},{"name":"Scroll box (beginner)","id":24361,"quantity":1,"price":0},{"name":"Iron arrow","id":884,"quantity":7,"price":5}],"date":"Nov 26, 2023, 4:29:00 PM"}
{"name":"Minotaur","level":27,"killCount":-1,"type":"NPC","drops":[{"name":"Bones","id":526,"quantity":1,"price":66},{"name":"Coins","id":995,"quantity":7,"price":1}],"date":"Nov 26, 2023, 4:29:03 PM"}
{"name":"Minotaur","level":27,"killCount":-1,"type":"NPC","drops":[{"name":"Bones","id":526,"quantity":1,"price":66},{"name":"Bronze dagger","id":1205,"quantity":1,"price":12}],"date":"Nov 26, 2023, 4:29:06 PM"}
{"name":"Minotaur","level":27,"killCount":-1,"type":"NPC","drops":[{"name":"Bones","id":526,"quantity":1,"price":66},{"name":"Iron arrow","id":884,"quantity":12,"price":5}],"date":"Nov 26, 2023, 4:29:11 PM"}
{"name":"Minotaur","level":27,"killCount":-1,"type":"NPC","drops":[{"name":"Bones","id":526,"quantity":1,"price":66},{"name":"Coins","id":995,"quantity":2,"price":1}],"date":"Nov 26, 2023, 4:29:14 PM"}
{"name":"Minotaur","level":27,"killCount":-1,"type":"NPC","drops":[{"name":"Bones","id":526,"quantity":1,"price":66},{"name":"Bronze dagger","id":1205,"quantity":1,"price":12}],"date":"Nov 26, 2023, 4:29:17 PM"}
{"name":"Minotaur","level":27,"killCount":-1,"type":"NPC","drops":[{"name":"Bones","id":526,"quantity":1,"price":66},{"name":"Coins","id":995,"quantity":7,"price":1}],"date":"Nov 26, 2023, 4:29:21 PM"}
{"name":"Minotaur","level":27,"killCount":-1,"type":"NPC","drops":[{"name":"Bones","id":526,"quantity":1,"price":66},{"name":"Coins","id":995,"quantity":7,"price":1}],"date":"Nov 26, 2023, 4:29:24 PM"}
{"name":"Minotaur","level":27,"killCount":-1,"type":"NPC","drops":[{"name":"Bones","id":526,"quantity":1,"price":66},{"name":"Scroll box (beginner)","id":24361,"quantity":1,"price":0},{"name":"Coins","id":995,"quantity":7,"price":1}],"date":"Nov 26, 2023, 4:29:26 PM"}
{"name":"Minotaur","level":27,"killCount":-1,"type":"NPC","drops":[{"name":"Bones","id":526,"quantity":1,"price":66},{"name":"Mind rune","id":558,"quantity":1,"price":2}],"date":"Nov 26, 2023, 4:29:30 PM"}
{"name":"Minotaur","level":27,"killCount":-1,"type":"NPC","drops":[{"name":"Bones","id":526,"quantity":1,"price":66},{"name":"Scroll box (beginner)","id":24361,"quantity":1,"price":0}],"date":"Nov 26, 2023, 4:29:35 PM"}
{"name":"Minotaur","level":27,"killCount":-1,"type":"NPC","drops":[{"name":"Bones","id":526,"quantity":1,"price":66},{"name":"Coins","id":995,"quantity":7,"price":1}],"date":"Nov 26, 2023, 4:29:38 PM"}
{"name":"Minotaur","level":27,"killCount":-1,"type":"NPC","drops":[{"name":"Bones","id":526,"quantity":1,"price":66},{"name":"Coins","id":995,"quantity":2,"price":1}],"date":"Nov 26, 2023, 4:29:40 PM"}
{"name":"Minotaur","level":27,"killCount":-1,"type":"NPC","drops":[{"name":"Bones","id":526,"quantity":1,"price":66},{"name":"Cooked meat","id":2142,"quantity":1,"price":89}],"date":"Nov 26, 2023, 4:29:44 PM"}
{"name":"Minotaur","level":27,"killCount":-1,"type":"NPC","drops":[{"name":"Bones","id":526,"quantity":1,"price":66},{"name":"Coins","id":995,"quantity":7,"price":1}],"date":"Nov 26, 2023, 4:29:46 PM"}
{"name":"Minotaur","level":27,"killCount":-1,"type":"NPC","drops":[{"name":"Bones","id":526,"quantity":1,"price":66},{"name":"Right skull half","id":9007,"quantity":1,"price":0}],"date":"Nov 26, 2023, 4:29:50 PM"}
{"name":"Minotaur","level":27,"killCount":-1,"type":"NPC","drops":[{"name":"Bones","id":526,"quantity":1,"price":66},{"name":"Mind rune","id":558,"quantity":1,"price":2}],"date":"Nov 26, 2023, 4:29:53 PM"}
{"name":"Minotaur","level":27,"killCount":-1,"type":"NPC","drops":[{"name":"Bones","id":526,"quantity":1,"price":66},{"name":"Bronze arrow","id":882,"quantity":3,"price":2}],"date":"Nov 26, 2023, 4:29:56 PM"}
{"name":"Minotaur","level":27,"killCount":-1,"type":"NPC","drops":[{"name":"Bones","id":526,"quantity":1,"price":66},{"name":"Bronze spear","id":1237,"quantity":1,"price":275}],"date":"Nov 26, 2023, 4:29:59 PM"}
{"name":"Minotaur","level":27,"killCount":-1,"type":"NPC","drops":[{"name":"Bones","id":526,"quantity":1,"price":66},{"name":"Coins","id":995,"quantity":47,"price":1}],"date":"Nov 26, 2023, 4:30:00 PM"}
{"name":"Minotaur","level":27,"killCount":-1,"type":"NPC","drops":[{"name":"Bones","id":526,"quantity":1,"price":66},{"name":"Tin ore","id":439,"quantity":1,"price":98}],"date":"Nov 26, 2023, 4:30:05 PM"}
{"name":"Minotaur","level":27,"killCount":-1,"type":"NPC","drops":[{"name":"Bones","id":526,"quantity":1,"price":66},{"name":"Coins","id":995,"quantity":7,"price":1}],"date":"Nov 26, 2023, 4:30:08 PM"}
{"name":"Minotaur","level":27,"killCount":-1,"type":"NPC","drops":[{"name":"Bones","id":526,"quantity":1,"price":66},{"name":"Bronze spear","id":1237,"quantity":1,"price":275}],"date":"Nov 26, 2023, 4:30:09 PM"}
{"name":"Minotaur","level":27,"killCount":-1,"type":"NPC","drops":[{"name":"Bones","id":526,"quantity":1,"price":66},{"name":"Coins","id":995,"quantity":2,"price":1}],"date":"Nov 26, 2023, 4:30:14 PM"}
{"name":"Minotaur","level":27,"killCount":-1,"type":"NPC","drops":[{"name":"Bones","id":526,"quantity":1,"price":66},{"name":"Tin ore","id":439,"quantity":1,"price":98}],"date":"Nov 26, 2023, 4:30:16 PM"}
{"name":"Minotaur","level":27,"killCount":-1,"type":"NPC","drops":[{"name":"Bones","id":526,"quantity":1,"price":66},{"name":"Iron arrow","id":884,"quantity":6,"price":5}],"date":"Nov 26, 2023, 4:30:20 PM"}
{"name":"Minotaur","level":27,"killCount":-1,"type":"NPC","drops":[{"name":"Bones","id":526,"quantity":1,"price":66},{"name":"Tin ore","id":439,"quantity":1,"price":98}],"date":"Nov 26, 2023, 4:30:24 PM"}
{"name":"Minotaur","level":27,"killCount":-1,"type":"NPC","drops":[{"name":"Bones","id":526,"quantity":1,"price":66},{"name":"Bronze arrow","id":882,"quantity":3,"price":2}],"date":"Nov 26, 2023, 4:30:27 PM"}
{"name":"Minotaur","level":27,"killCount":-1,"type":"NPC","drops":[{"name":"Bones","id":526,"quantity":1,"price":66},{"name":"Scroll box (easy)","id":24362,"quantity":1,"price":0},{"name":"Coins","id":995,"quantity":2,"price":1}],"date":"Nov 26, 2023, 4:30:33 PM"}
{"name":"Minotaur","level":27,"killCount":-1,"type":"NPC","drops":[{"name":"Bones","id":526,"quantity":1,"price":66},{"name":"Tin ore","id":439,"quantity":1,"price":98}],"date":"Nov 26, 2023, 4:30:36 PM"}
{"name":"Minotaur","level":27,"killCount":-1,"type":"NPC","drops":[{"name":"Bones","id":526,"quantity":1,"price":66},{"name":"Iron arrow","id":884,"quantity":6,"price":5}],"date":"Nov 26, 2023, 4:30:41 PM"}
{"name":"Minotaur","level":27,"killCount":-1,"type":"NPC","drops":[{"name":"Bones","id":526,"quantity":1,"price":66},{"name":"Coins","id":995,"quantity":61,"price":1}],"date":"Nov 26, 2023, 4:30:47 PM"}
{"name":"Minotaur","level":27,"killCount":-1,"type":"NPC","drops":[{"name":"Bones","id":526,"quantity":1,"price":66},{"name":"Copper ore","id":437,"quantity":1,"price":67}],"date":"Nov 26, 2023, 4:30:50 PM"}
{"name":"Minotaur","level":27,"killCount":-1,"type":"NPC","drops":[{"name":"Bones","id":526,"quantity":1,"price":66},{"name":"Tin ore","id":439,"quantity":1,"price":98}],"date":"Nov 26, 2023, 4:30:56 PM"}
{"name":"Minotaur","level":27,"killCount":-1,"type":"NPC","drops":[{"name":"Bones","id":526,"quantity":1,"price":66},{"name":"Bronze full helm","id":1155,"quantity":1,"price":58}],"date":"Nov 26, 2023, 4:30:59 PM"}
{"name":"Minotaur","level":27,"killCount":-1,"type":"NPC","drops":[{"name":"Bones","id":526,"quantity":1,"price":66},{"name":"Coins","id":995,"quantity":7,"price":1}],"date":"Nov 26, 2023, 4:31:02 PM"}
{"name":"Minotaur","level":27,"killCount":-1,"type":"NPC","drops":[{"name":"Bones","id":526,"quantity":1,"price":66},{"name":"Coins","id":995,"quantity":43,"price":1}],"date":"Nov 26, 2023, 4:31:05 PM"}
{"name":"Minotaur","level":27,"killCount":-1,"type":"NPC","drops":[{"name":"Bones","id":526,"quantity":1,"price":66},{"name":"Bronze arrow","id":882,"quantity":3,"price":2}],"date":"Nov 26, 2023, 4:31:08 PM"}
{"name":"Minotaur","level":27,"killCount":-1,"type":"NPC","drops":[{"name":"Bones","id":526,"quantity":1,"price":66},{"name":"Scroll box (easy)","id":24362,"quantity":1,"price":0},{"name":"Scroll box (beginner)","id":24361,"quantity":1,"price":0},{"name":"Bronze full helm","id":1155,"quantity":1,"price":58}],"date":"Nov 26, 2023, 4:31:09 PM"}
{"name":"Minotaur","level":27,"killCount":-1,"type":"NPC","drops":[{"name":"Bones","id":526,"quantity":1,"price":66},{"name":"Coins","id":995,"quantity":21,"price":1}],"date":"Nov 26, 2023, 4:31:14 PM"}
{"name":"Minotaur","level":27,"killCount":-1,"type":"NPC","drops":[{"name":"Bones","id":526,"quantity":1,"price":66},{"name":"Coins","id":995,"quantity":7,"price":1}],"date":"Nov 26, 2023, 4:31:19 PM"}
{"name":"Minotaur","level":27,"killCount":-1,"type":"NPC","drops":[{"name":"Bones","id":526,"quantity":1,"price":66},{"name":"Coins","id":995,"quantity":7,"price":1}],"date":"Nov 26, 2023, 4:31:21 PM"}
{"name":"Minotaur","level":27,"killCount":-1,"type":"NPC","drops":[{"name":"Bones","id":526,"quantity":1,"price":66},{"name":"Cooked meat","id":2142,"quantity":1,"price":89}],"date":"Nov 26, 2023, 4:31:27 PM"}
{"name":"Minotaur","level":27,"killCount":-1,"type":"NPC","drops":[{"name":"Bones","id":526,"quantity":1,"price":66},{"name":"Coins","id":995,"quantity":7,"price":1}],"date":"Nov 26, 2023, 4:31:30 PM"}
{"name":"Minotaur","level":27,"killCount":-1,"type":"NPC","drops":[{"name":"Bones","id":526,"quantity":1,"price":66},{"name":"Copper ore","id":437,"quantity":1,"price":67}],"date":"Nov 26, 2023, 4:31:32 PM"}
{"name":"Minotaur","level":27,"killCount":-1,"type":"NPC","drops":[{"name":"Bones","id":526,"quantity":1,"price":66},{"name":"Iron arrow","id":884,"quantity":9,"price":5}],"date":"Nov 26, 2023, 4:31:36 PM"}
{"name":"Minotaur","level":27,"killCount":-1,"type":"NPC","drops":[{"name":"Bones","id":526,"quantity":1,"price":66},{"name":"Cooked meat","id":2142,"quantity":1,"price":89}],"date":"Nov 26, 2023, 4:31:39 PM"}
{"name":"Minotaur","level":27,"killCount":-1,"type":"NPC","drops":[{"name":"Bones","id":526,"quantity":1,"price":66},{"name":"Iron arrow","id":884,"quantity":5,"price":5}],"date":"Nov 26, 2023, 4:31:41 PM"}
{"name":"Minotaur","level":27,"killCount":-1,"type":"NPC","drops":[{"name":"Bones","id":526,"quantity":1,"price":66},{"name":"Bronze full helm","id":1155,"quantity":1,"price":58}],"date":"Nov 26, 2023, 4:31:45 PM"}
{"name":"Minotaur","level":27,"killCount":-1,"type":"NPC","drops":[{"name":"Bones","id":526,"quantity":1,"price":66},{"name":"Scroll box (easy)","id":24362,"quantity":1,"price":0},{"name":"Bronze dagger","id":1205,"quantity":1,"price":12}],"date":"Nov 26, 2023, 4:31:47 PM"}
{"name":"Minotaur","level":27,"killCount":-1,"type":"NPC","drops":[{"name":"Bones","id":526,"quantity":1,"price":66},{"name":"Coins","id":995,"quantity":7,"price":1}],"date":"Nov 26, 2023, 4:31:51 PM"}
{"name":"Minotaur","level":27,"killCount":-1,"type":"NPC","drops":[{"name":"Bones","id":526,"quantity":1,"price":66},{"name":"Coins","id":995,"quantity":7,"price":1}],"date":"Nov 26, 2023, 4:31:56 PM"}
{"name":"Minotaur","level":27,"killCount":-1,"type":"NPC","drops":[{"name":"Bones","id":526,"quantity":1,"price":66},{"name":"Scroll box (beginner)","id":24361,"quantity":1,"price":0},{"name":"Bronze full helm","id":1155,"quantity":1,"price":58}],"date":"Nov 26, 2023, 4:31:57 PM"}
{"name":"Minotaur","level":27,"killCount":-1,"type":"NPC","drops":[{"name":"Bones","id":526,"quantity":1,"price":66},{"name":"Coins","id":995,"quantity":7,"price":1}],"date":"Nov 26, 2023, 4:32:02 PM"}
{"name":"Minotaur","level":27,"killCount":-1,"type":"NPC","drops":[{"name":"Bones","id":526,"quantity":1,"price":66},{"name":"Bronze spear","id":1237,"quantity":1,"price":275}],"date":"Nov 26, 2023, 4:32:05 PM"}
{"name":"Minotaur","level":27,"killCount":-1,"type":"NPC","drops":[{"name":"Bones","id":526,"quantity":1,"price":66},{"name":"Scroll box (easy)","id":24362,"quantity":1,"price":0},{"name":"Coins","id":995,"quantity":7,"price":1}],"date":"Nov 26, 2023, 4:32:08 PM"}
{"name":"Minotaur","level":27,"killCount":-1,"type":"NPC","drops":[{"name":"Bones","id":526,"quantity":1,"price":66},{"name":"Bronze full helm","id":1155,"quantity":1,"price":58}],"date":"Nov 26, 2023, 4:32:10 PM"}
{"name":"Minotaur","level":27,"killCount":-1,"type":"NPC","drops":[{"name":"Bones","id":526,"quantity":1,"price":66},{"name":"Bronze arrow","id":882,"quantity":3,"price":2}],"date":"Nov 26, 2023, 4:32:17 PM"}
{"name":"Minotaur","level":27,"killCount":-1,"type":"NPC","drops":[{"name":"Bones","id":526,"quantity":1,"price":66},{"name":"Scroll box (easy)","id":24362,"quantity":1,"price":0},{"name":"Coins","id":995,"quantity":76,"price":1}],"date":"Nov 26, 2023, 4:32:23 PM"}
{"name":"Minotaur","level":27,"killCount":-1,"type":"NPC","drops":[{"name":"Bones","id":526,"quantity":1,"price":66},{"name":"Bronze spear","id":1237,"quantity":1,"price":275}],"date":"Nov 26, 2023, 4:32:26 PM"}
{"name":"Minotaur","level":27,"killCount":-1,"type":"NPC","drops":[{"name":"Bones","id":526,"quantity":1,"price":66},{"name":"Bronze spear","id":1237,"quantity":1,"price":275}],"date":"Nov 26, 2023, 4:32:33 PM"}
{"name":"Minotaur","level":27,"killCount":-1,"type":"NPC","drops":[{"name":"Bones","id":526,"quantity":1,"price":66},{"name":"Tin ore","id":439,"quantity":1,"price":98}],"date":"Nov 26, 2023, 4:32:36 PM"}
{"name":"Minotaur","level":27,"killCount":-1,"type":"NPC","drops":[{"name":"Bones","id":526,"quantity":1,"price":66},{"name":"Coins","id":995,"quantity":7,"price":1}],"date":"Nov 26, 2023, 4:32:39 PM"}
{"name":"Minotaur","level":27,"killCount":-1,"type":"NPC","drops":[{"name":"Bones","id":526,"quantity":1,"price":66},{"name":"Bronze full helm","id":1155,"quantity":1,"price":58}],"date":"Nov 26, 2023, 4:32:42 PM"}
{"name":"Minotaur","level":27,"killCount":-1,"type":"NPC","drops":[{"name":"Bones","id":526,"quantity":1,"price":66},{"name":"Tin ore","id":439,"quantity":1,"price":98}],"date":"Nov 26, 2023, 4:32:46 PM"}
{"name":"Minotaur","level":27,"killCount":-1,"type":"NPC","drops":[{"name":"Bones","id":526,"quantity":1,"price":66},{"name":"Coins","id":995,"quantity":7,"price":1}],"date":"Nov 26, 2023, 4:32:48 PM"}
{"name":"Minotaur","level":27,"killCount":-1,"type":"NPC","drops":[{"name":"Bones","id":526,"quantity":1,"price":66},{"name":"Coins","id":995,"quantity":2,"price":1}],"date":"Nov 26, 2023, 4:32:51 PM"}
{"name":"Minotaur","level":27,"killCount":-1,"type":"NPC","drops":[{"name":"Bones","id":526,"quantity":1,"price":66},{"name":"Bronze arrow","id":882,"quantity":3,"price":2}],"date":"Nov 26, 2023, 4:32:54 PM"}
{"name":"Minotaur","level":27,"killCount":-1,"type":"NPC","drops":[{"name":"Bones","id":526,"quantity":1,"price":66},{"name":"Coins","id":995,"quantity":7,"price":1}],"date":"Nov 26, 2023, 4:32:57 PM"}
{"name":"Minotaur","level":27,"killCount":-1,"type":"NPC","drops":[{"name":"Bones","id":526,"quantity":1,"price":66},{"name":"Coins","id":995,"quantity":27,"price":1}],"date":"Nov 26, 2023, 4:33:00 PM"}
{"name":"Minotaur","level":27,"killCount":-1,"type":"NPC","drops":[{"name":"Bones","id":526,"quantity":1,"price":66},{"name":"Coins","id":995,"quantity":82,"price":1}],"date":"Nov 26, 2023, 4:33:04 PM"}
{"name":"Minotaur","level":27,"killCount":-1,"type":"NPC","drops":[{"name":"Bones","id":526,"quantity":1,"price":66},{"name":"Coins","id":995,"quantity":7,"price":1}],"date":"Nov 26, 2023, 4:33:07 PM"}
{"name":"Minotaur","level":27,"killCount":-1,"type":"NPC","drops":[{"name":"Bones","id":526,"quantity":1,"price":66},{"name":"Coins","id":995,"quantity":7,"price":1}],"date":"Nov 26, 2023, 4:33:08 PM"}
{"name":"Minotaur","level":27,"killCount":-1,"type":"NPC","drops":[{"name":"Bones","id":526,"quantity":1,"price":66},{"name":"Coins","id":995,"quantity":69,"price":1}],"date":"Nov 26, 2023, 4:33:13 PM"}
{"name":"Minotaur","level":27,"killCount":-1,"type":"NPC","drops":[{"name":"Bones","id":526,"quantity":1,"price":66},{"name":"Tin ore","id":439,"quantity":1,"price":98}],"date":"Nov 26, 2023, 4:33:16 PM"}
{"name":"Minotaur","level":27,"killCount":-1,"type":"NPC","drops":[{"name":"Bones","id":526,"quantity":1,"price":66},{"name":"Coins","id":995,"quantity":7,"price":1}],"date":"Nov 26, 2023, 4:33:19 PM"}
{"name":"Minotaur","level":27,"killCount":-1,"type":"NPC","drops":[{"name":"Bones","id":526,"quantity":1,"price":66},{"name":"Coins","id":995,"quantity":7,"price":1}],"date":"Nov 26, 2023, 4:33:21 PM"}
{"name":"Minotaur","level":27,"killCount":-1,"type":"NPC","drops":[{"name":"Bones","id":526,"quantity":1,"price":66},{"name":"Bronze full helm","id":1155,"quantity":1,"price":58}],"date":"Nov 26, 2023, 4:33:25 PM"}
{"name":"Minotaur","level":27,"killCount":-1,"type":"NPC","drops":[{"name":"Bones","id":526,"quantity":1,"price":66}],"date":"Nov 26, 2023, 4:33:27 PM"}
{"name":"Minotaur","level":27,"killCount":-1,"type":"NPC","drops":[{"name":"Bones","id":526,"quantity":1,"price":66},{"name":"Bronze dagger","id":1205,"quantity":1,"price":12}],"date":"Nov 26, 2023, 4:33:31 PM"}
{"name":"Minotaur","level":27,"killCount":-1,"type":"NPC","drops":[{"name":"Bones","id":526,"quantity":1,"price":66},{"name":"Tin ore","id":439,"quantity":1,"price":98}],"date":"Nov 26, 2023, 4:33:32 PM"}
{"name":"Minotaur","level":27,"killCount":-1,"type":"NPC","drops":[{"name":"Bones","id":526,"quantity":1,"price":66},{"name":"Scroll box (easy)","id":24362,"quantity":1,"price":0},{"name":"Pure essence","id":7937,"quantity":15,"price":2}],"date":"Nov 26, 2023, 4:33:37 PM"}
{"name":"Minotaur","level":27,"killCount":-1,"type":"NPC","drops":[{"name":"Bones","id":526,"quantity":1,"price":66},{"name":"Scroll box (beginner)","id":24361,"quantity":1,"price":0},{"name":"Copper ore","id":437,"quantity":1,"price":67}],"date":"Nov 26, 2023, 4:33:40 PM"}
{"name":"Minotaur","level":27,"killCount":-1,"type":"NPC","drops":[{"name":"Bones","id":526,"quantity":1,"price":66},{"name":"Bronze dagger","id":1205,"quantity":1,"price":12}],"date":"Nov 26, 2023, 4:33:44 PM"}
{"name":"Minotaur","level":27,"killCount":-1,"type":"NPC","drops":[{"name":"Bones","id":526,"quantity":1,"price":66},{"name":"Coins","id":995,"quantity":12,"price":1}],"date":"Nov 26, 2023, 4:33:47 PM"}
{"name":"Minotaur","level":27,"killCount":-1,"type":"NPC","drops":[{"name":"Bones","id":526,"quantity":1,"price":66},{"name":"Coins","id":995,"quantity":7,"price":1}],"date":"Nov 26, 2023, 4:33:52 PM"}
{"name":"Minotaur","level":27,"killCount":-1,"type":"NPC","drops":[{"name":"Bones","id":526,"quantity":1,"price":66},{"name":"Right skull half","id":9007,"quantity":1,"price":0}],"date":"Nov 26, 2023, 4:33:54 PM"}
{"name":"Minotaur","level":27,"killCount":-1,"type":"NPC","drops":[{"name":"Bones","id":526,"quantity":1,"price":66},{"name":"Scroll box (beginner)","id":24361,"quantity":1,"price":0},{"name":"Copper ore","id":437,"quantity":1,"price":67}],"date":"Nov 26, 2023, 4:33:59 PM"}
{"name":"Minotaur","level":27,"killCount":-1,"type":"NPC","drops":[{"name":"Bones","id":526,"quantity":1,"price":66},{"name":"Coins","id":995,"quantity":7,"price":1}],"date":"Nov 26, 2023, 4:34:01 PM"}
{"name":"Minotaur","level":27,"killCount":-1,"type":"NPC","drops":[{"name":"Bones","id":526,"quantity":1,"price":66},{"name":"Bronze spear","id":1237,"quantity":1,"price":275}],"date":"Nov 26, 2023, 4:34:07 PM"}
{"name":"Minotaur","level":27,"killCount":-1,"type":"NPC","drops":[{"name":"Bones","id":526,"quantity":1,"price":66},{"name":"Bronze dagger","id":1205,"quantity":1,"price":12}],"date":"Nov 26, 2023, 4:34:11 PM"}
{"name":"Minotaur","level":27,"killCount":-1,"type":"NPC","drops":[{"name":"Bones","id":526,"quantity":1,"price":66},{"name":"Bronze full helm","id":1155,"quantity":1,"price":58}],"date":"Nov 26, 2023, 4:34:14 PM"}
{"name":"Minotaur","level":27,"killCount":-1,"type":"NPC","drops":[{"name":"Bones","id":526,"quantity":1,"price":66},{"name":"Scroll box (easy)","id":24362,"quantity":1,"price":0},{"name":"Scroll box (beginner)","id":24361,"quantity":1,"price":0},{"name":"Iron arrow","id":884,"quantity":5,"price":5}],"date":"Nov 26, 2023, 4:34:17 PM"}
{"name":"Minotaur","level":27,"killCount":-1,"type":"NPC","drops":[{"name":"Bones","id":526,"quantity":1,"price":66},{"name":"Copper ore","id":437,"quantity":1,"price":67}],"date":"Nov 26, 2023, 4:34:20 PM"}
{"name":"Minotaur","level":27,"killCount":-1,"type":"NPC","drops":[{"name":"Bones","id":526,"quantity":1,"price":66},{"name":"Coins","id":995,"quantity":7,"price":1}],"date":"Nov 26, 2023, 4:34:23 PM"}
{"name":"Minotaur","level":27,"killCount":-1,"type":"NPC","drops":[{"name":"Bones","id":526,"quantity":1,"price":66},{"name":"Coins","id":995,"quantity":7,"price":1}],"date":"Nov 26, 2023, 4:34:26 PM"}
{"name":"Minotaur","level":27,"killCount":-1,"type":"NPC","drops":[{"name":"Bones","id":526,"quantity":1,"price":66},{"name":"Bronze spear","id":1237,"quantity":1,"price":275}],"date":"Nov 26, 2023, 4:34:28 PM"}
{"name":"Minotaur","level":27,"killCount":-1,"type":"NPC","drops":[{"name":"Bones","id":526,"quantity":1,"price":66},{"name":"Scroll box (easy)","id":24362,"quantity":1,"price":0},{"name":"Tin ore","id":439,"quantity":1,"price":98}],"date":"Nov 26, 2023, 4:34:31 PM"}
{"name":"Minotaur","level":27,"killCount":-1,"type":"NPC","drops":[{"name":"Bones","id":526,"quantity":1,"price":66},{"name":"Iron arrow","id":884,"quantity":13,"price":5}],"date":"Nov 26, 2023, 4:34:35 PM"}
{"name":"Minotaur","level":27,"killCount":-1,"type":"NPC","drops":[{"name":"Bones","id":526,"quantity":1,"price":66},{"name":"Right skull half","id":9007,"quantity":1,"price":0}],"date":"Nov 26, 2023, 4:34:38 PM"}
{"name":"Minotaur","level":27,"killCount":-1,"type":"NPC","drops":[{"name":"Bones","id":526,"quantity":1,"price":66},{"name":"Coins","id":995,"quantity":7,"price":1}],"date":"Nov 26, 2023, 4:34:41 PM"}
{"name":"Minotaur","level":27,"killCount":-1,"type":"NPC","drops":[{"name":"Bones","id":526,"quantity":1,"price":66},{"name":"Bronze arrow","id":882,"quantity":3,"price":2}],"date":"Nov 26, 2023, 4:34:45 PM"}
{"name":"Minotaur","level":27,"killCount":-1,"type":"NPC","drops":[{"name":"Bones","id":526,"quantity":1,"price":66},{"name":"Iron arrow","id":884,"quantity":10,"price":5}],"date":"Nov 26, 2023, 4:34:48 PM"}
{"name":"Minotaur","level":27,"killCount":-1,"type":"NPC","drops":[{"name":"Bones","id":526,"quantity":1,"price":66},{"name":"Copper ore","id":437,"quantity":1,"price":67}],"date":"Nov 26, 2023, 4:34:51 PM"}
{"name":"Minotaur","level":27,"killCount":-1,"type":"NPC","drops":[{"name":"Bones","id":526,"quantity":1,"price":66},{"name":"Copper ore","id":437,"quantity":1,"price":67}],"date":"Nov 26, 2023, 4:34:54 PM"}
{"name":"Minotaur","level":27,"killCount":-1,"type":"NPC","drops":[{"name":"Bones","id":526,"quantity":1,"price":66},{"name":"Bronze dagger","id":1205,"quantity":1,"price":12}],"date":"Nov 26, 2023, 4:34:56 PM"}
{"name":"Minotaur","level":27,"killCount":-1,"type":"NPC","drops":[{"name":"Bones","id":526,"quantity":1,"price":66},{"name":"Copper ore","id":437,"quantity":1,"price":67}],"date":"Nov 26, 2023, 4:35:00 PM"}
{"name":"Minotaur","level":27,"killCount":-1,"type":"NPC","drops":[{"name":"Bones","id":526,"quantity":1,"price":66},{"name":"Bronze dagger","id":1205,"quantity":1,"price":12}],"date":"Nov 26, 2023, 4:35:03 PM"}
{"name":"Minotaur","level":27,"killCount":-1,"type":"NPC","drops":[{"name":"Bones","id":526,"quantity":1,"price":66},{"name":"Copper ore","id":437,"quantity":1,"price":67}],"date":"Nov 26, 2023, 4:35:06 PM"}
{"name":"Minotaur","level":27,"killCount":-1,"type":"NPC","drops":[{"name":"Bones","id":526,"quantity":1,"price":66},{"name":"Bronze arrow","id":882,"quantity":3,"price":2}],"date":"Nov 26, 2023, 4:35:09 PM"}
{"name":"Minotaur","level":27,"killCount":-1,"type":"NPC","drops":[{"name":"Bones","id":526,"quantity":1,"price":66},{"name":"Bronze full helm","id":1155,"quantity":1,"price":58}],"date":"Nov 26, 2023, 4:35:11 PM"}
{"name":"Minotaur","level":27,"killCount":-1,"type":"NPC","drops":[{"name":"Bones","id":526,"quantity":1,"price":66},{"name":"Coins","id":995,"quantity":7,"price":1}],"date":"Nov 26, 2023, 4:35:14 PM"}
{"name":"Minotaur","level":27,"killCount":-1,"type":"NPC","drops":[{"name":"Bones","id":526,"quantity":1,"price":66},{"name":"Copper ore","id":437,"quantity":1,"price":67}],"date":"Nov 26, 2023, 4:35:16 PM"}
{"name":"Minotaur","level":27,"killCount":-1,"type":"NPC","drops":[{"name":"Bones","id":526,"quantity":1,"price":66},{"name":"Bronze arrow","id":882,"quantity":3,"price":2}],"date":"Nov 26, 2023, 4:35:21 PM"}
{"name":"Minotaur","level":27,"killCount":-1,"type":"NPC","drops":[{"name":"Bones","id":526,"quantity":1,"price":66},{"name":"Coins","id":995,"quantity":38,"price":1}],"date":"Nov 26, 2023, 4:35:24 PM"}
{"name":"Minotaur","level":27,"killCount":-1,"type":"NPC","drops":[{"name":"Bones","id":526,"quantity":1,"price":66},{"name":"Coins","id":995,"quantity":2,"price":1}],"date":"Nov 26, 2023, 4:35:27 PM"}
{"name":"Minotaur","level":27,"killCount":-1,"type":"NPC","drops":[{"name":"Bones","id":526,"quantity":1,"price":66},{"name":"Scroll box (beginner)","id":24361,"quantity":1,"price":0},{"name":"Iron arrow","id":884,"quantity":7,"price":5}],"date":"Nov 26, 2023, 4:35:30 PM"}
{"name":"Minotaur","level":27,"killCount":-1,"type":"NPC","drops":[{"name":"Bones","id":526,"quantity":1,"price":66}],"date":"Nov 26, 2023, 4:35:33 PM"}
{"name":"Minotaur","level":27,"killCount":-1,"type":"NPC","drops":[{"name":"Bones","id":526,"quantity":1,"price":66},{"name":"Cooked meat","id":2142,"quantity":1,"price":89}],"date":"Nov 26, 2023, 4:35:35 PM"}
{"name":"Minotaur","level":27,"killCount":-1,"type":"NPC","drops":[{"name":"Bones","id":526,"quantity":1,"price":66},{"name":"Coins","id":995,"quantity":7,"price":1}],"date":"Nov 26, 2023, 4:35:39 PM"}
{"name":"Minotaur","level":27,"killCount":-1,"type":"NPC","drops":[{"name":"Bones","id":526,"quantity":1,"price":66},{"name":"Bronze spear","id":1237,"quantity":1,"price":275}],"date":"Nov 26, 2023, 4:35:42 PM"}
{"name":"Minotaur","level":27,"killCount":-1,"type":"NPC","drops":[{"name":"Bones","id":526,"quantity":1,"price":66},{"name":"Bronze spear","id":1237,"quantity":1,"price":275}],"date":"Nov 26, 2023, 4:35:45 PM"}
{"name":"Minotaur","level":27,"killCount":-1,"type":"NPC","drops":[{"name":"Bones","id":526,"quantity":1,"price":66},{"name":"Bronze full helm","id":1155,"quantity":1,"price":58}],"date":"Nov 26, 2023, 4:35:48 PM"}
{"name":"Minotaur","level":27,"killCount":-1,"type":"NPC","drops":[{"name":"Bones","id":526,"quantity":1,"price":66},{"name":"Scroll box (easy)","id":24362,"quantity":1,"price":0},{"name":"Bronze spear","id":1237,"quantity":1,"price":275}],"date":"Nov 26, 2023, 4:35:51 PM"}
{"name":"Minotaur","level":27,"killCount":-1,"type":"NPC","drops":[{"name":"Bones","id":526,"quantity":1,"price":66},{"name":"Iron arrow","id":884,"quantity":14,"price":5}],"date":"Nov 26, 2023, 4:35:54 PM"}
{"name":"Minotaur","level":27,"killCount":-1,"type":"NPC","drops":[{"name":"Bones","id":526,"quantity":1,"price":66},{"name":"Cooked meat","id":2142,"quantity":1,"price":89}],"date":"Nov 26, 2023, 4:35:56 PM"}
{"name":"Minotaur","level":27,"killCount":-1,"type":"NPC","drops":[{"name":"Bones","id":526,"quantity":1,"price":66},{"name":"Scroll box (beginner)","id":24361,"quantity":1,"price":0},{"name":"Bronze spear","id":1237,"quantity":1,"price":275}],"date":"Nov 26, 2023, 4:36:00 PM"}
{"name":"Minotaur","level":27,"killCount":-1,"type":"NPC","drops":[{"name":"Bones","id":526,"quantity":1,"price":66},{"name":"Scroll box (easy)","id":24362,"quantity":1,"price":0},{"name":"Coins","id":995,"quantity":2,"price":1}],"date":"Nov 26, 2023, 4:36:03 PM"}
{"name":"Minotaur","level":27,"killCount":-1,"type":"NPC","drops":[{"name":"Bones","id":526,"quantity":1,"price":66},{"name":"Coins","id":995,"quantity":64,"price":1}],"date":"Nov 26, 2023, 4:36:06 PM"}
{"name":"Minotaur","level":27,"killCount":-1,"type":"NPC","drops":[{"name":"Bones","id":526,"quantity":1,"price":66},{"name":"Cooked meat","id":2142,"quantity":1,"price":89}],"date":"Nov 26, 2023, 4:36:08 PM"}
{"name":"Minotaur","level":27,"killCount":-1,"type":"NPC","drops":[{"name":"Bones","id":526,"quantity":1,"price":66},{"name":"Coins","id":995,"quantity":7,"price":1}],"date":"Nov 26, 2023, 4:36:13 PM"}
{"name":"Minotaur","level":27,"killCount":-1,"type":"NPC","drops":[{"name":"Bones","id":526,"quantity":1,"price":66},{"name":"Coins","id":995,"quantity":7,"price":1}],"date":"Nov 26, 2023, 4:36:15 PM"}
{"name":"Minotaur","level":27,"killCount":-1,"type":"NPC","drops":[{"name":"Bones","id":526,"quantity":1,"price":66},{"name":"Bronze spear","id":1237,"quantity":1,"price":275}],"date":"Nov 26, 2023, 4:36:18 PM"}
{"name":"Minotaur","level":27,"killCount":-1,"type":"NPC","drops":[{"name":"Bones","id":526,"quantity":1,"price":66},{"name":"Tin ore","id":439,"quantity":1,"price":98}],"date":"Nov 26, 2023, 4:36:20 PM"}
{"name":"Minotaur","level":27,"killCount":-1,"type":"NPC","drops":[{"name":"Bones","id":526,"quantity":1,"price":66},{"name":"Copper ore","id":437,"quantity":1,"price":67}],"date":"Nov 26, 2023, 4:36:23 PM"}
{"name":"Minotaur","level":27,"killCount":-1,"type":"NPC","drops":[{"name":"Bones","id":526,"quantity":1,"price":66},{"name":"Iron arrow","id":884,"quantity":9,"price":5}],"date":"Nov 26, 2023, 4:36:28 PM"}
{"name":"Minotaur","level":27,"killCount":-1,"type":"NPC","drops":[{"name":"Bones","id":526,"quantity":1,"price":66},{"name":"Pure essence","id":7937,"quantity":15,"price":2}],"date":"Nov 26, 2023, 4:36:30 PM"}
{"name":"Minotaur","level":27,"killCount":-1,"type":"NPC","drops":[{"name":"Bones","id":526,"quantity":1,"price":66},{"name":"Coins","id":995,"quantity":2,"price":1}],"date":"Nov 26, 2023, 4:36:33 PM"}
{"name":"Minotaur","level":27,"killCount":-1,"type":"NPC","drops":[{"name":"Bones","id":526,"quantity":1,"price":66},{"name":"Scroll box (easy)","id":24362,"quantity":1,"price":0},{"name":"Cooked meat","id":2142,"quantity":1,"price":89}],"date":"Nov 26, 2023, 4:36:36 PM"}
{"name":"Minotaur","level":27,"killCount":-1,"type":"NPC","drops":[{"name":"Bones","id":526,"quantity":1,"price":66},{"name":"Bronze dagger","id":1205,"quantity":1,"price":12}],"date":"Nov 26, 2023, 4:36:40 PM"}
{"name":"Minotaur","level":27,"killCount":-1,"type":"NPC","drops":[{"name":"Bones","id":526,"quantity":1,"price":66},{"name":"Coins","id":995,"quantity":2,"price":1}],"date":"Nov 26, 2023, 4:36:43 PM"}
{"name":"Minotaur","level":27,"killCount":-1,"type":"NPC","drops":[{"name":"Bones","id":526,"quantity":1,"price":66},{"name":"Iron arrow","id":884,"quantity":7,"price":5}],"date":"Nov 26, 2023, 4:36:46 PM"}
{"name":"Minotaur","level":27,"killCount":-1,"type":"NPC","drops":[{"name":"Bones","id":526,"quantity":1,"price":66},{"name":"Coins","id":995,"quantity":24,"price":1}],"date":"Nov 26, 2023, 4:36:49 PM"}
{"name":"Minotaur","level":27,"killCount":-1,"type":"NPC","drops":[{"name":"Bones","id":526,"quantity":1,"price":66},{"name":"Bronze dagger","id":1205,"quantity":1,"price":12}],"date":"Nov 26, 2023, 4:36:52 PM"}
{"name":"Minotaur","level":27,"killCount":-1,"type":"NPC","drops":[{"name":"Bones","id":526,"quantity":1,"price":66},{"name":"Coins","id":995,"quantity":2,"price":1}],"date":"Nov 26, 2023, 4:36:55 PM"}
{"name":"Minotaur","level":27,"killCount":-1,"type":"NPC","drops":[{"name":"Bones","id":526,"quantity":1,"price":66},{"name":"Bronze full helm","id":1155,"quantity":1,"price":58}],"date":"Nov 26, 2023, 4:36:58 PM"}
{"name":"Minotaur","level":27,"killCount":-1,"type":"NPC","drops":[{"name":"Bones","id":526,"quantity":1,"price":66},{"name":"Coins","id":995,"quantity":2,"price":1}],"date":"Nov 26, 2023, 4:37:01 PM"}
{"name":"Minotaur","level":27,"killCount":-1,"type":"NPC","drops":[{"name":"Bones","id":526,"quantity":1,"price":66},{"name":"Coins","id":995,"quantity":2,"price":1}],"date":"Nov 26, 2023, 4:37:03 PM"}
{"name":"Minotaur","level":27,"killCount":-1,"type":"NPC","drops":[{"name":"Bones","id":526,"quantity":1,"price":66},{"name":"Tin ore","id":439,"quantity":1,"price":98}],"date":"Nov 26, 2023, 4:37:07 PM"}
{"name":"Minotaur","level":27,"killCount":-1,"type":"NPC","drops":[{"name":"Bones","id":526,"quantity":1,"price":66},{"name":"Coins","id":995,"quantity":7,"price":1}],"date":"Nov 26, 2023, 4:37:10 PM"}
{"name":"Minotaur","level":27,"killCount":-1,"type":"NPC","drops":[{"name":"Bones","id":526,"quantity":1,"price":66},{"name":"Pure essence","id":7937,"quantity":15,"price":2}],"date":"Nov 26, 2023, 4:37:13 PM"}
{"name":"Minotaur","level":27,"killCount":-1,"type":"NPC","drops":[{"name":"Bones","id":526,"quantity":1,"price":66},{"name":"Scroll box (beginner)","id":24361,"quantity":1,"price":0},{"name":"Bronze arrow","id":882,"quantity":3,"price":2}],"date":"Nov 26, 2023, 4:37:16 PM"}
{"name":"Minotaur","level":27,"killCount":-1,"type":"NPC","drops":[{"name":"Bones","id":526,"quantity":1,"price":66},{"name":"Scroll box (beginner)","id":24361,"quantity":1,"price":0},{"name":"Bronze full helm","id":1155,"quantity":1,"price":58}],"date":"Nov 26, 2023, 4:37:17 PM"}
{"name":"Minotaur","level":27,"killCount":-1,"type":"NPC","drops":[{"name":"Bones","id":526,"quantity":1,"price":66},{"name":"Cooked meat","id":2142,"quantity":1,"price":89}],"date":"Nov 26, 2023, 4:37:22 PM"}
{"name":"Minotaur","level":27,"killCount":-1,"type":"NPC","drops":[{"name":"Bones","id":526,"quantity":1,"price":66},{"name":"Coins","id":995,"quantity":7,"price":1}],"date":"Nov 26, 2023, 4:37:34 PM"}
{"name":"Minotaur","level":27,"killCount":-1,"type":"NPC","drops":[{"name":"Bones","id":526,"quantity":1,"price":66},{"name":"Coins","id":995,"quantity":2,"price":1}],"date":"Nov 26, 2023, 4:37:38 PM"}
{"name":"Minotaur","level":27,"killCount":-1,"type":"NPC","drops":[{"name":"Bones","id":526,"quantity":1,"price":66},{"name":"Bronze full helm","id":1155,"quantity":1,"price":58}],"date":"Nov 26, 2023, 4:37:41 PM"}
{"name":"Minotaur","level":27,"killCount":-1,"type":"NPC","drops":[{"name":"Bones","id":526,"quantity":1,"price":66},{"name":"Pure essence","id":7937,"quantity":15,"price":2}],"date":"Nov 26, 2023, 4:37:44 PM"}
{"name":"Minotaur","level":27,"killCount":-1,"type":"NPC","drops":[{"name":"Bones","id":526,"quantity":1,"price":66},{"name":"Copper ore","id":437,"quantity":1,"price":67}],"date":"Nov 26, 2023, 4:37:47 PM"}
{"name":"Minotaur","level":27,"killCount":-1,"type":"NPC","drops":[{"name":"Bones","id":526,"quantity":1,"price":66},{"name":"Coins","id":995,"quantity":7,"price":1}],"date":"Nov 26, 2023, 4:37:49 PM"}
{"name":"Minotaur","level":27,"killCount":-1,"type":"NPC","drops":[{"name":"Bones","id":526,"quantity":1,"price":66},{"name":"Coins","id":995,"quantity":49,"price":1}],"date":"Nov 26, 2023, 4:37:53 PM"}
{"name":"Minotaur","level":27,"killCount":-1,"type":"NPC","drops":[{"name":"Bones","id":526,"quantity":1,"price":66},{"name":"Coins","id":995,"quantity":7,"price":1}],"date":"Nov 26, 2023, 4:37:56 PM"}
{"name":"Minotaur","level":27,"killCount":-1,"type":"NPC","drops":[{"name":"Bones","id":526,"quantity":1,"price":66},{"name":"Ensouled minotaur head","id":13456,"quantity":1,"price":509},{"name":"Pure essence","id":7937,"quantity":15,"price":2}],"date":"Nov 26, 2023, 4:37:58 PM"}
{"name":"Minotaur","level":27,"killCount":-1,"type":"NPC","drops":[{"name":"Bones","id":526,"quantity":1,"price":66},{"name":"Coins","id":995,"quantity":2,"price":1}],"date":"Nov 26, 2023, 4:38:01 PM"}
{"name":"Minotaur","level":27,"killCount":-1,"type":"NPC","drops":[{"name":"Bones","id":526,"quantity":1,"price":66},{"name":"Coins","id":995,"quantity":7,"price":1}],"date":"Nov 26, 2023, 4:38:05 PM"}
{"name":"Minotaur","level":27,"killCount":-1,"type":"NPC","drops":[{"name":"Bones","id":526,"quantity":1,"price":66},{"name":"Coins","id":995,"quantity":71,"price":1}],"date":"Nov 26, 2023, 4:38:07 PM"}
{"name":"Minotaur","level":27,"killCount":-1,"type":"NPC","drops":[{"name":"Bones","id":526,"quantity":1,"price":66},{"name":"Bronze dagger","id":1205,"quantity":1,"price":12}],"date":"Nov 26, 2023, 4:38:11 PM"}
{"name":"Minotaur","level":27,"killCount":-1,"type":"NPC","drops":[{"name":"Bones","id":526,"quantity":1,"price":66},{"name":"Coins","id":995,"quantity":2,"price":1}],"date":"Nov 26, 2023, 4:38:14 PM"}
{"name":"Minotaur","level":27,"killCount":-1,"type":"NPC","drops":[{"name":"Bones","id":526,"quantity":1,"price":66},{"name":"Coins","id":995,"quantity":2,"price":1}],"date":"Nov 26, 2023, 4:38:17 PM"}
{"name":"Minotaur","level":27,"killCount":-1,"type":"NPC","drops":[{"name":"Bones","id":526,"quantity":1,"price":66},{"name":"Bronze arrow","id":882,"quantity":3,"price":2}],"date":"Nov 26, 2023, 4:38:23 PM"}
{"name":"Minotaur","level":27,"killCount":-1,"type":"NPC","drops":[{"name":"Bones","id":526,"quantity":1,"price":66},{"name":"Pure essence","id":7937,"quantity":15,"price":2}],"date":"Nov 26, 2023, 4:38:28 PM"}
{"name":"Minotaur","level":27,"killCount":-1,"type":"NPC","drops":[{"name":"Bones","id":526,"quantity":1,"price":66},{"name":"Bronze dagger","id":1205,"quantity":1,"price":12}],"date":"Nov 26, 2023, 4:38:30 PM"}
{"name":"Minotaur","level":27,"killCount":-1,"type":"NPC","drops":[{"name":"Bones","id":526,"quantity":1,"price":66},{"name":"Bronze arrow","id":882,"quantity":3,"price":2}],"date":"Nov 26, 2023, 4:38:32 PM"}
