{"name":"Moss giant","level":42,"killCount":-1,"type":"NPC","drops":[{"name":"Clue scroll (beginner)","id":23182,"quantity":1,"price":0},{"name":"Big bones","id":532,"quantity":1,"price":187},{"name":"Coins","id":995,"quantity":37,"price":1}],"date":"Mar 27, 2022, 12:10:30 PM"}
{"name":"Moss giant","level":42,"killCount":-1,"type":"NPC","drops":[{"name":"Big bones","id":532,"quantity":1,"price":265},{"name":"Coins","id":995,"quantity":119,"price":1}],"date":"Aug 20, 2022, 12:13:13 PM"}
{"name":"Moss giant","level":42,"killCount":-1,"type":"NPC","drops":[{"name":"Big bones","id":532,"quantity":1,"price":265},{"name":"Cosmic rune","id":564,"quantity":3,"price":126}],"date":"Aug 20, 2022, 12:13:20 PM"}
{"name":"Moss giant","level":42,"killCount":-1,"type":"NPC","drops":[{"name":"Big bones","id":532,"quantity":1,"price":265},{"name":"Nature rune","id":561,"quantity":6,"price":190}],"date":"Aug 20, 2022, 12:13:27 PM"}
{"name":"Moss giant","level":42,"killCount":-1,"type":"NPC","drops":[{"name":"Big bones","id":532,"quantity":1,"price":265},{"name":"Coins","id":995,"quantity":119,"price":1}],"date":"Aug 20, 2022, 12:13:36 PM"}
{"name":"Moss giant","level":42,"killCount":-1,"type":"NPC","drops":[{"name":"Big bones","id":532,"quantity":1,"price":265},{"name":"Coal","id":453,"quantity":1,"price":147}],"date":"Aug 20, 2022, 12:13:45 PM"}
{"name":"Moss giant","level":42,"killCount":-1,"type":"NPC","drops":[{"name":"Big bones","id":532,"quantity":1,"price":265},{"name":"Watermelon seed","id":5321,"quantity":1,"price":15}],"date":"Aug 20, 2022, 12:13:58 PM"}
{"name":"Moss giant","level":42,"killCount":-1,"type":"NPC","drops":[{"name":"Big bones","id":532,"quantity":1,"price":265},{"name":"Earth rune","id":557,"quantity":27,"price":4}],"date":"Aug 20, 2022, 12:14:07 PM"}
{"name":"Moss giant","level":42,"killCount":-1,"type":"NPC","drops":[{"name":"Big bones","id":532,"quantity":1,"price":265},{"name":"Irit seed","id":5297,"quantity":1,"price":41}],"date":"Aug 20, 2022, 12:14:13 PM"}
{"name":"Moss giant","level":42,"killCount":-1,"type":"NPC","drops":[{"name":"Big bones","id":532,"quantity":1,"price":265},{"name":"Coins","id":995,"quantity":2,"price":1}],"date":"Aug 20, 2022, 12:14:22 PM"}
{"name":"Moss giant","level":42,"killCount":-1,"type":"NPC","drops":[{"name":"Big bones","id":532,"quantity":1,"price":265},{"name":"Mithril spear","id":1243,"quantity":1,"price":288}],"date":"Aug 20, 2022, 12:14:27 PM"}
{"name":"Moss giant","level":42,"killCount":-1,"type":"NPC","drops":[{"name":"Big bones","id":532,"quantity":1,"price":265},{"name":"Coins","id":995,"quantity":37,"price":1}],"date":"Aug 20, 2022, 12:14:37 PM"}
{"name":"Moss giant","level":42,"killCount":-1,"type":"NPC","drops":[{"name":"Big bones","id":532,"quantity":1,"price":265},{"name":"Chaos rune","id":562,"quantity":7,"price":64}],"date":"Aug 20, 2022, 12:14:45 PM"}
{"name":"Moss giant","level":42,"killCount":-1,"type":"NPC","drops":[{"name":"Big bones","id":532,"quantity":1,"price":265},{"name":"Grimy lantadyme","id":2485,"quantity":1,"price":1412}],"date":"Aug 20, 2022, 12:14:57 PM"}
{"name":"Moss giant","level":42,"killCount":-1,"type":"NPC","drops":[{"name":"Big bones","id":532,"quantity":1,"price":265},{"name":"Law rune","id":563,"quantity":3,"price":150}],"date":"Aug 20, 2022, 12:15:09 PM"}
{"name":"Moss giant","level":42,"killCount":-1,"type":"NPC","drops":[{"name":"Big bones","id":532,"quantity":1,"price":265},{"name":"Mithril sword","id":1285,"quantity":1,"price":301}],"date":"Aug 20, 2022, 12:15:14 PM"}
{"name":"Moss giant","level":42,"killCount":-1,"type":"NPC","drops":[{"name":"Big bones","id":532,"quantity":1,"price":265},{"name":"Nature rune","id":561,"quantity":6,"price":190}],"date":"Aug 20, 2022, 12:15:22 PM"}
{"name":"Moss giant","level":42,"killCount":-1,"type":"NPC","drops":[{"name":"Big bones","id":532,"quantity":1,"price":265},{"name":"Coins","id":995,"quantity":2,"price":1}],"date":"Aug 20, 2022, 12:15:29 PM"}
{"name":"Moss giant","level":42,"killCount":-1,"type":"NPC","drops":[{"name":"Big bones","id":532,"quantity":1,"price":265},{"name":"Limpwurt seed","id":5100,"quantity":1,"price":35}],"date":"Aug 20, 2022, 12:15:37 PM"}
{"name":"Moss giant","level":42,"killCount":-1,"type":"NPC","drops":[{"name":"Big bones","id":532,"quantity":1,"price":265},{"name":"Jangerberry seed","id":5104,"quantity":1,"price":1}],"date":"Aug 20, 2022, 12:15:47 PM"}
{"name":"Moss giant","level":42,"killCount":-1,"type":"NPC","drops":[{"name":"Big bones","id":532,"quantity":1,"price":265},{"name":"Grimy marrentill","id":201,"quantity":1,"price":20}],"date":"Aug 20, 2022, 12:16:00 PM"}
{"name":"Moss giant","level":42,"killCount":-1,"type":"NPC","drops":[{"name":"Big bones","id":532,"quantity":1,"price":265},{"name":"Chaos rune","id":562,"quantity":7,"price":64}],"date":"Aug 20, 2022, 12:16:06 PM"}
{"name":"Moss giant","level":42,"killCount":-1,"type":"NPC","drops":[{"name":"Big bones","id":532,"quantity":1,"price":265},{"name":"Harralander seed","id":5294,"quantity":1,"price":26}],"date":"Aug 20, 2022, 12:16:11 PM"}
{"name":"Moss giant","level":42,"killCount":-1,"type":"NPC","drops":[{"name":"Big bones","id":532,"quantity":1,"price":265},{"name":"Coins","id":995,"quantity":37,"price":1}],"date":"Aug 20, 2022, 12:16:25 PM"}
{"name":"Moss giant","level":42,"killCount":-1,"type":"NPC","drops":[{"name":"Big bones","id":532,"quantity":1,"price":265},{"name":"Coins","id":995,"quantity":119,"price":1}],"date":"Aug 20, 2022, 12:16:30 PM"}
{"name":"Moss giant","level":42,"killCount":-1,"type":"NPC","drops":[{"name":"Big bones","id":532,"quantity":1,"price":265},{"name":"Ensouled giant head","id":13474,"quantity":1,"price":1104},{"name":"Steel bar","id":2353,"quantity":1,"price":404}],"date":"Aug 20, 2022, 12:16:40 PM"}
{"name":"Moss giant","level":42,"killCount":-1,"type":"NPC","drops":[{"name":"Big bones","id":532,"quantity":1,"price":265},{"name":"Coins","id":995,"quantity":119,"price":1}],"date":"Aug 20, 2022, 12:16:45 PM"}
{"name":"Moss giant","level":42,"killCount":-1,"type":"NPC","drops":[{"name":"Big bones","id":532,"quantity":1,"price":265},{"name":"Watermelon seed","id":5321,"quantity":1,"price":15}],"date":"Aug 20, 2022, 12:16:52 PM"}
{"name":"Moss giant","level":42,"killCount":-1,"type":"NPC","drops":[{"name":"Big bones","id":532,"quantity":1,"price":265},{"name":"Wildblood seed","id":5311,"quantity":1,"price":39}],"date":"Aug 20, 2022, 12:16:58 PM"}
{"name":"Moss giant","level":42,"killCount":-1,"type":"NPC","drops":[{"name":"Big bones","id":532,"quantity":1,"price":265},{"name":"Coins","id":995,"quantity":119,"price":1}],"date":"Aug 20, 2022, 12:17:03 PM"}
{"name":"Moss giant","level":42,"killCount":-1,"type":"NPC","drops":[{"name":"Big bones","id":532,"quantity":1,"price":265},{"name":"Nature rune","id":561,"quantity":6,"price":190}],"date":"Aug 20, 2022, 12:17:10 PM"}
{"name":"Moss giant","level":42,"killCount":-1,"type":"NPC","drops":[{"name":"Big bones","id":532,"quantity":1,"price":265},{"name":"Coins","id":995,"quantity":37,"price":1}],"date":"Aug 20, 2022, 12:17:23 PM"}
{"name":"Moss giant","level":42,"killCount":-1,"type":"NPC","drops":[{"name":"Big bones","id":532,"quantity":1,"price":265},{"name":"Magic staff","id":1389,"quantity":1,"price":100}],"date":"Aug 20, 2022, 12:17:33 PM"}
{"name":"Moss giant","level":42,"killCount":-1,"type":"NPC","drops":[{"name":"Big bones","id":532,"quantity":1,"price":265},{"name":"Mithril sword","id":1285,"quantity":1,"price":301}],"date":"Aug 20, 2022, 12:17:42 PM"}
{"name":"Moss giant","level":42,"killCount":-1,"type":"NPC","drops":[{"name":"Big bones","id":532,"quantity":1,"price":265},{"name":"Uncut sapphire","id":1623,"quantity":1,"price":356}],"date":"Aug 20, 2022, 12:17:54 PM"}
{"name":"Moss giant","level":42,"killCount":-1,"type":"NPC","drops":[{"name":"Big bones","id":532,"quantity":1,"price":265},{"name":"Black sq shield","id":1179,"quantity":1,"price":486}],"date":"Aug 20, 2022, 12:18:14 PM"}
{"name":"Moss giant","level":42,"killCount":-1,"type":"NPC","drops":[{"name":"Big bones","id":532,"quantity":1,"price":265},{"name":"Black sq shield","id":1179,"quantity":1,"price":486}],"date":"Aug 20, 2022, 12:18:26 PM"}
{"name":"Moss giant","level":42,"killCount":-1,"type":"NPC","drops":[{"name":"Big bones","id":532,"quantity":1,"price":265},{"name":"Ensouled giant head","id":13474,"quantity":1,"price":1104},{"name":"Earth rune","id":557,"quantity":27,"price":4}],"date":"Aug 20, 2022, 12:18:40 PM"}
{"name":"Moss giant","level":42,"killCount":-1,"type":"NPC","drops":[{"name":"Big bones","id":532,"quantity":1,"price":265},{"name":"Coins","id":995,"quantity":37,"price":1}],"date":"Aug 20, 2022, 12:18:52 PM"}
{"name":"Moss giant","level":42,"killCount":-1,"type":"NPC","drops":[{"name":"Big bones","id":532,"quantity":1,"price":265},{"name":"Spinach roll","id":1969,"quantity":1,"price":201}],"date":"Aug 20, 2022, 12:19:03 PM"}
{"name":"Moss giant","level":42,"killCount":-1,"type":"NPC","drops":[{"name":"Big bones","id":532,"quantity":1,"price":265},{"name":"Coins","id":995,"quantity":119,"price":1}],"date":"Aug 20, 2022, 12:19:10 PM"}
{"name":"Moss giant","level":42,"killCount":-1,"type":"NPC","drops":[{"name":"Big bones","id":532,"quantity":1,"price":265},{"name":"Coins","id":995,"quantity":2,"price":1}],"date":"Aug 20, 2022, 12:19:22 PM"}
{"name":"Moss giant","level":42,"killCount":-1,"type":"NPC","drops":[{"name":"Big bones","id":532,"quantity":1,"price":265},{"name":"Cosmic rune","id":564,"quantity":3,"price":126}],"date":"Aug 20, 2022, 12:19:29 PM"}
{"name":"Moss giant","level":42,"killCount":-1,"type":"NPC","drops":[{"name":"Big bones","id":532,"quantity":1,"price":265},{"name":"Coins","id":995,"quantity":119,"price":1}],"date":"Aug 20, 2022, 12:19:39 PM"}
{"name":"Moss giant","level":42,"killCount":-1,"type":"NPC","drops":[{"name":"Big bones","id":532,"quantity":1,"price":265},{"name":"Grimy harralander","id":205,"quantity":1,"price":703}],"date":"Aug 20, 2022, 12:19:44 PM"}
{"name":"Moss giant","level":42,"killCount":-1,"type":"NPC","drops":[{"name":"Big bones","id":532,"quantity":1,"price":265},{"name":"Ranarr seed","id":5295,"quantity":1,"price":53158}],"date":"Aug 20, 2022, 12:19:52 PM"}
{"name":"Moss giant","level":42,"killCount":-1,"type":"NPC","drops":[{"name":"Big bones","id":532,"quantity":1,"price":265},{"name":"Steel bar","id":2353,"quantity":1,"price":404}],"date":"Aug 20, 2022, 12:20:05 PM"}
{"name":"Moss giant","level":42,"killCount":-1,"type":"NPC","drops":[{"name":"Big bones","id":532,"quantity":1,"price":265},{"name":"Coins","id":995,"quantity":2,"price":1}],"date":"Aug 20, 2022, 12:20:10 PM"}
{"name":"Moss giant","level":42,"killCount":-1,"type":"NPC","drops":[{"name":"Big bones","id":532,"quantity":1,"price":265},{"name":"Coins","id":995,"quantity":37,"price":1}],"date":"Aug 20, 2022, 12:20:22 PM"}
{"name":"Moss giant","level":42,"killCount":-1,"type":"NPC","drops":[{"name":"Big bones","id":532,"quantity":1,"price":265},{"name":"Coins","id":995,"quantity":2,"price":1}],"date":"Aug 20, 2022, 12:20:32 PM"}
{"name":"Moss giant","level":42,"killCount":-1,"type":"NPC","drops":[{"name":"Big bones","id":532,"quantity":1,"price":265},{"name":"Black sq shield","id":1179,"quantity":1,"price":486}],"date":"Aug 20, 2022, 12:20:39 PM"}
{"name":"Moss giant","level":42,"killCount":-1,"type":"NPC","drops":[{"name":"Big bones","id":532,"quantity":1,"price":265},{"name":"Grimy tarromin","id":203,"quantity":1,"price":96}],"date":"Aug 20, 2022, 12:20:50 PM"}
{"name":"Moss giant","level":42,"killCount":-1,"type":"NPC","drops":[{"name":"Big bones","id":532,"quantity":1,"price":265},{"name":"Steel kiteshield","id":1193,"quantity":1,"price":445}],"date":"Aug 20, 2022, 12:20:57 PM"}
{"name":"Moss giant","level":42,"killCount":-1,"type":"NPC","drops":[{"name":"Big bones","id":532,"quantity":1,"price":265},{"name":"Tarromin seed","id":5293,"quantity":1,"price":17}],"date":"Aug 20, 2022, 12:21:07 PM"}
{"name":"Moss giant","level":42,"killCount":-1,"type":"NPC","drops":[{"name":"Big bones","id":532,"quantity":1,"price":265},{"name":"Wildblood seed","id":5311,"quantity":1,"price":39}],"date":"Aug 20, 2022, 12:21:25 PM"}
{"name":"Moss giant","level":42,"killCount":-1,"type":"NPC","drops":[{"name":"Big bones","id":532,"quantity":1,"price":265},{"name":"Tarromin seed","id":5293,"quantity":1,"price":17}],"date":"Aug 20, 2022, 12:21:37 PM"}
{"name":"Moss giant","level":42,"killCount":-1,"type":"NPC","drops":[{"name":"Big bones","id":532,"quantity":1,"price":265},{"name":"Coins","id":995,"quantity":300,"price":1}],"date":"Aug 20, 2022, 12:21:50 PM"}
{"name":"Moss giant","level":42,"killCount":-1,"type":"NPC","drops":[{"name":"Big bones","id":532,"quantity":1,"price":265},{"name":"Mossy key","id":22374,"quantity":1,"price":0},{"name":"Coins","id":995,"quantity":37,"price":1}],"date":"Aug 20, 2022, 12:22:00 PM"}
{"name":"Moss giant","level":42,"killCount":-1,"type":"NPC","drops":[{"name":"Big bones","id":532,"quantity":1,"price":265},{"name":"Blood rune","id":565,"quantity":1,"price":381}],"date":"Aug 20, 2022, 12:22:12 PM"}
{"name":"Moss giant","level":42,"killCount":-1,"type":"NPC","drops":[{"name":"Big bones","id":532,"quantity":1,"price":265},{"name":"Steel bar","id":2353,"quantity":1,"price":404}],"date":"Aug 20, 2022, 12:22:19 PM"}
{"name":"Moss giant","level":42,"killCount":-1,"type":"NPC","drops":[{"name":"Big bones","id":532,"quantity":1,"price":265},{"name":"Ensouled giant head","id":13474,"quantity":1,"price":1104},{"name":"Law rune","id":563,"quantity":3,"price":150}],"date":"Aug 20, 2022, 12:22:33 PM"}
{"name":"Moss giant","level":42,"killCount":-1,"type":"NPC","drops":[{"name":"Big bones","id":532,"quantity":1,"price":265},{"name":"Cosmic rune","id":564,"quantity":3,"price":126}],"date":"Aug 20, 2022, 12:22:44 PM"}
{"name":"Moss giant","level":42,"killCount":-1,"type":"NPC","drops":[{"name":"Big bones","id":532,"quantity":1,"price":265},{"name":"Steel med helm","id":1141,"quantity":1,"price":31}],"date":"Aug 20, 2022, 12:22:53 PM"}
{"name":"Moss giant","level":42,"killCount":-1,"type":"NPC","drops":[{"name":"Big bones","id":532,"quantity":1,"price":265},{"name":"Strawberry seed","id":5323,"quantity":1,"price":2}],"date":"Aug 20, 2022, 12:23:02 PM"}
{"name":"Moss giant","level":42,"killCount":-1,"type":"NPC","drops":[{"name":"Big bones","id":532,"quantity":1,"price":265},{"name":"Tarromin seed","id":5293,"quantity":1,"price":17}],"date":"Aug 20, 2022, 12:23:12 PM"}
{"name":"Moss giant","level":42,"killCount":-1,"type":"NPC","drops":[{"name":"Big bones","id":532,"quantity":1,"price":265},{"name":"Jangerberry seed","id":5104,"quantity":1,"price":1}],"date":"Aug 20, 2022, 12:23:24 PM"}
{"name":"Moss giant","level":42,"killCount":-1,"type":"NPC","drops":[{"name":"Big bones","id":532,"quantity":1,"price":265},{"name":"Potato cactus seed","id":22873,"quantity":1,"price":12}],"date":"Aug 20, 2022, 12:23:31 PM"}
{"name":"Moss giant","level":42,"killCount":-1,"type":"NPC","drops":[{"name":"Big bones","id":532,"quantity":1,"price":265},{"name":"Jangerberry seed","id":5104,"quantity":1,"price":1}],"date":"Aug 20, 2022, 12:23:42 PM"}
{"name":"Moss giant","level":42,"killCount":-1,"type":"NPC","drops":[{"name":"Big bones","id":532,"quantity":1,"price":265},{"name":"Earth rune","id":557,"quantity":27,"price":4}],"date":"Aug 20, 2022, 12:23:49 PM"}
{"name":"Moss giant","level":42,"killCount":-1,"type":"NPC","drops":[{"name":"Big bones","id":532,"quantity":1,"price":265},{"name":"Grimy guam leaf","id":199,"quantity":1,"price":48}],"date":"Aug 20, 2022, 12:23:56 PM"}
{"name":"Moss giant","level":42,"killCount":-1,"type":"NPC","drops":[{"name":"Big bones","id":532,"quantity":1,"price":265},{"name":"Cosmic rune","id":564,"quantity":3,"price":126}],"date":"Aug 20, 2022, 12:24:08 PM"}
{"name":"Moss giant","level":42,"killCount":-1,"type":"NPC","drops":[{"name":"Big bones","id":532,"quantity":1,"price":265},{"name":"Coins","id":995,"quantity":119,"price":1}],"date":"Aug 20, 2022, 12:24:18 PM"}
{"name":"Moss giant","level":42,"killCount":-1,"type":"NPC","drops":[{"name":"Big bones","id":532,"quantity":1,"price":265},{"name":"Mossy key","id":22374,"quantity":1,"price":0},{"name":"Coins","id":995,"quantity":2,"price":1}],"date":"Aug 20, 2022, 12:24:27 PM"}
{"name":"Moss giant","level":42,"killCount":-1,"type":"NPC","drops":[{"name":"Big bones","id":532,"quantity":1,"price":265},{"name":"Jangerberry seed","id":5104,"quantity":1,"price":1}],"date":"Aug 20, 2022, 12:24:40 PM"}
{"name":"Moss giant","level":42,"killCount":-1,"type":"NPC","drops":[{"name":"Big bones","id":532,"quantity":1,"price":265},{"name":"Coins","id":995,"quantity":119,"price":1}],"date":"Aug 20, 2022, 12:24:53 PM"}
{"name":"Moss giant","level":42,"killCount":-1,"type":"NPC","drops":[{"name":"Big bones","id":532,"quantity":1,"price":265},{"name":"Cosmic rune","id":564,"quantity":3,"price":126}],"date":"Aug 20, 2022, 12:25:00 PM"}
{"name":"Moss giant","level":42,"killCount":-1,"type":"NPC","drops":[{"name":"Big bones","id":532,"quantity":1,"price":265},{"name":"Law rune","id":563,"quantity":3,"price":150}],"date":"Aug 20, 2022, 12:25:07 PM"}
{"name":"Moss giant","level":42,"killCount":-1,"type":"NPC","drops":[{"name":"Big bones","id":532,"quantity":1,"price":265},{"name":"Chaos rune","id":562,"quantity":7,"price":64}],"date":"Aug 20, 2022, 12:25:17 PM"}
{"name":"Moss giant","level":42,"killCount":-1,"type":"NPC","drops":[{"name":"Law rune","id":563,"quantity":3,"price":150}],"date":"Aug 20, 2022, 12:27:06 PM"}
{"name":"Moss giant","level":42,"killCount":-1,"type":"NPC","drops":[{"name":"Law rune","id":563,"quantity":3,"price":150}],"date":"Aug 20, 2022, 12:27:13 PM"}
{"name":"Moss giant","level":42,"killCount":-1,"type":"NPC","drops":[{"name":"Cosmic rune","id":564,"quantity":3,"price":126}],"date":"Aug 20, 2022, 12:27:18 PM"}
{"name":"Moss giant","level":42,"killCount":-1,"type":"NPC","drops":[{"name":"Limpwurt seed","id":5100,"quantity":1,"price":35}],"date":"Aug 20, 2022, 12:27:28 PM"}
{"name":"Moss giant","level":42,"killCount":-1,"type":"NPC","drops":[{"name":"Coins","id":995,"quantity":37,"price":1}],"date":"Aug 20, 2022, 12:27:40 PM"}
{"name":"Moss giant","level":42,"killCount":-1,"type":"NPC","drops":[{"name":"Nature rune","id":561,"quantity":6,"price":190}],"date":"Aug 20, 2022, 12:27:45 PM"}
{"name":"Moss giant","level":42,"killCount":-1,"type":"NPC","drops":[{"name":"Steel med helm","id":1141,"quantity":1,"price":31}],"date":"Aug 20, 2022, 12:27:51 PM"}
{"name":"Moss giant","level":42,"killCount":-1,"type":"NPC","drops":[{"name":"Coins","id":995,"quantity":37,"price":1}],"date":"Aug 20, 2022, 12:27:55 PM"}
{"name":"Moss giant","level":42,"killCount":-1,"type":"NPC","drops":[{"name":"Ensouled giant head","id":13474,"quantity":1,"price":1104},{"name":"Law rune","id":563,"quantity":3,"price":150}],"date":"Aug 20, 2022, 12:28:09 PM"}
{"name":"Moss giant","level":42,"killCount":-1,"type":"NPC","drops":[{"name":"Chaos rune","id":562,"quantity":7,"price":64}],"date":"Aug 20, 2022, 12:28:14 PM"}
{"name":"Moss giant","level":42,"killCount":-1,"type":"NPC","drops":[{"name":"Nature rune","id":561,"quantity":6,"price":190}],"date":"Aug 20, 2022, 12:28:27 PM"}
{"name":"Moss giant","level":42,"killCount":-1,"type":"NPC","drops":[{"name":"Cactus seed","id":5280,"quantity":1,"price":78}],"date":"Aug 20, 2022, 12:28:39 PM"}
{"name":"Moss giant","level":42,"killCount":-1,"type":"NPC","drops":[{"name":"Strawberry seed","id":5323,"quantity":1,"price":2}],"date":"Aug 20, 2022, 12:28:44 PM"}
{"name":"Moss giant","level":42,"killCount":-1,"type":"NPC","drops":[{"name":"Coins","id":995,"quantity":37,"price":1}],"date":"Aug 20, 2022, 12:28:54 PM"}
{"name":"Moss giant","level":42,"killCount":-1,"type":"NPC","drops":[{"name":"Black sq shield","id":1179,"quantity":1,"price":486}],"date":"Aug 20, 2022, 12:29:02 PM"}
{"name":"Moss giant","level":42,"killCount":-1,"type":"NPC","drops":[{"name":"Coins","id":995,"quantity":2,"price":1}],"date":"Aug 20, 2022, 12:29:11 PM"}
{"name":"Moss giant","level":42,"killCount":-1,"type":"NPC","drops":[{"name":"Marrentill seed","id":5292,"quantity":1,"price":3}],"date":"Aug 20, 2022, 12:29:21 PM"}
{"name":"Moss giant","level":42,"killCount":-1,"type":"NPC","drops":[{"name":"Limpwurt seed","id":5100,"quantity":1,"price":35}],"date":"Aug 20, 2022, 12:29:26 PM"}
{"name":"Moss giant","level":42,"killCount":-1,"type":"NPC","drops":[{"name":"Chaos rune","id":562,"quantity":7,"price":64}],"date":"Aug 20, 2022, 12:29:33 PM"}
{"name":"Moss giant","level":42,"killCount":-1,"type":"NPC","drops":[{"name":"Watermelon seed","id":5321,"quantity":1,"price":15}],"date":"Aug 20, 2022, 12:29:40 PM"}
{"name":"Moss giant","level":42,"killCount":-1,"type":"NPC","drops":[{"name":"Death rune","id":560,"quantity":3,"price":185}],"date":"Aug 20, 2022, 12:29:48 PM"}
{"name":"Moss giant","level":42,"killCount":-1,"type":"NPC","drops":[{"name":"Coins","id":995,"quantity":119,"price":1}],"date":"Aug 20, 2022, 12:30:00 PM"}
{"name":"Moss giant","level":42,"killCount":-1,"type":"NPC","drops":[{"name":"Black sq shield","id":1179,"quantity":1,"price":486}],"date":"Aug 20, 2022, 12:30:05 PM"}
{"name":"Moss giant","level":42,"killCount":-1,"type":"NPC","drops":[{"name":"Coins","id":995,"quantity":119,"price":1}],"date":"Aug 20, 2022, 12:30:10 PM"}
{"name":"Moss giant","level":42,"killCount":-1,"type":"NPC","drops":[{"name":"Ancient shard","id":19677,"quantity":1,"price":0},{"name":"Jangerberry seed","id":5104,"quantity":1,"price":1}],"date":"Aug 20, 2022, 12:30:16 PM"}
{"name":"Moss giant","level":42,"killCount":-1,"type":"NPC","drops":[{"name":"Snape grass seed","id":22879,"quantity":1,"price":2543}],"date":"Aug 20, 2022, 12:30:33 PM"}
{"name":"Moss giant","level":42,"killCount":-1,"type":"NPC","drops":[{"name":"Black sq shield","id":1179,"quantity":1,"price":486}],"date":"Aug 20, 2022, 12:30:45 PM"}
{"name":"Moss giant","level":42,"killCount":-1,"type":"NPC","drops":[{"name":"Ensouled giant head","id":13474,"quantity":1,"price":1104},{"name":"Coins","id":995,"quantity":2,"price":1}],"date":"Aug 20, 2022, 12:30:52 PM"}
{"name":"Moss giant","level":42,"killCount":-1,"type":"NPC","drops":[{"name":"Limpwurt seed","id":5100,"quantity":1,"price":35}],"date":"Aug 20, 2022, 12:31:03 PM"}
{"name":"Moss giant","level":42,"killCount":-1,"type":"NPC","drops":[{"name":"Mithril spear","id":1243,"quantity":1,"price":288}],"date":"Aug 20, 2022, 12:31:12 PM"}
{"name":"Moss giant","level":42,"killCount":-1,"type":"NPC","drops":[{"name":"Coins","id":995,"quantity":2,"price":1}],"date":"Aug 20, 2022, 12:31:20 PM"}
{"name":"Moss giant","level":42,"killCount":-1,"type":"NPC","drops":[{"name":"Steel bar","id":2353,"quantity":1,"price":404}],"date":"Aug 20, 2022, 12:31:32 PM"}
{"name":"Moss giant","level":42,"killCount":-1,"type":"NPC","drops":[{"name":"Coins","id":995,"quantity":2,"price":1}],"date":"Aug 20, 2022, 12:31:41 PM"}
{"name":"Moss giant","level":42,"killCount":-1,"type":"NPC","drops":[{"name":"Coins","id":995,"quantity":37,"price":1}],"date":"Aug 20, 2022, 12:31:53 PM"}
{"name":"Moss giant","level":42,"killCount":-1,"type":"NPC","drops":[{"name":"Magic staff","id":1389,"quantity":1,"price":100}],"date":"Aug 20, 2022, 12:32:03 PM"}
{"name":"Moss giant","level":42,"killCount":-1,"type":"NPC","drops":[{"name":"Coins","id":995,"quantity":2,"price":1}],"date":"Aug 20, 2022, 12:32:10 PM"}
{"name":"Moss giant","level":42,"killCount":-1,"type":"NPC","drops":[{"name":"Grimy irit leaf","id":209,"quantity":1,"price":682}],"date":"Aug 20, 2022, 12:32:20 PM"}
{"name":"Moss giant","level":42,"killCount":-1,"type":"NPC","drops":[{"name":"Coins","id":995,"quantity":37,"price":1}],"date":"Aug 20, 2022, 12:32:27 PM"}
{"name":"Moss giant","level":42,"killCount":-1,"type":"NPC","drops":[{"name":"Coins","id":995,"quantity":37,"price":1}],"date":"Aug 20, 2022, 12:32:35 PM"}
{"name":"Moss giant","level":42,"killCount":-1,"type":"NPC","drops":[{"name":"Black sq shield","id":1179,"quantity":1,"price":486}],"date":"Aug 20, 2022, 12:32:40 PM"}
{"name":"Moss giant","level":42,"killCount":-1,"type":"NPC","drops":[{"name":"Coins","id":995,"quantity":119,"price":1}],"date":"Aug 20, 2022, 12:32:50 PM"}
{"name":"Moss giant","level":42,"killCount":-1,"type":"NPC","drops":[{"name":"Coins","id":995,"quantity":2,"price":1}],"date":"Aug 20, 2022, 12:33:00 PM"}
{"name":"Moss giant","level":42,"killCount":-1,"type":"NPC","drops":[{"name":"Watermelon seed","id":5321,"quantity":1,"price":15}],"date":"Aug 20, 2022, 12:33:07 PM"}
{"name":"Moss giant","level":42,"killCount":-1,"type":"NPC","drops":[{"name":"Coins","id":995,"quantity":37,"price":1}],"date":"Aug 20, 2022, 12:33:14 PM"}
{"name":"Moss giant","level":42,"killCount":-1,"type":"NPC","drops":[{"name":"Coins","id":995,"quantity":37,"price":1}],"date":"Aug 20, 2022, 12:33:22 PM"}
{"name":"Moss giant","level":42,"killCount":-1,"type":"NPC","drops":[{"name":"Watermelon seed","id":5321,"quantity":1,"price":15}],"date":"Aug 20, 2022, 12:33:30 PM"}
{"name":"Moss giant","level":42,"killCount":-1,"type":"NPC","drops":[{"name":"Coins","id":995,"quantity":37,"price":1}],"date":"Aug 20, 2022, 12:33:39 PM"}
{"name":"Moss giant","level":42,"killCount":-1,"type":"NPC","drops":[{"name":"Coins","id":995,"quantity":37,"price":1}],"date":"Aug 20, 2022, 12:33:47 PM"}
{"name":"Moss giant","level":42,"killCount":-1,"type":"NPC","drops":[{"name":"Black sq shield","id":1179,"quantity":1,"price":486}],"date":"Aug 20, 2022, 12:33:56 PM"}
{"name":"Moss giant","level":42,"killCount":-1,"type":"NPC","drops":[{"name":"Coins","id":995,"quantity":2,"price":1}],"date":"Aug 20, 2022, 12:34:01 PM"}
{"name":"Moss giant","level":42,"killCount":-1,"type":"NPC","drops":[{"name":"Steel bar","id":2353,"quantity":1,"price":404}],"date":"Aug 20, 2022, 12:34:11 PM"}
{"name":"Moss giant","level":42,"killCount":-1,"type":"NPC","drops":[{"name":"Steel arrow","id":886,"quantity":30,"price":9}],"date":"Aug 20, 2022, 12:34:18 PM"}
{"name":"Moss giant","level":42,"killCount":-1,"type":"NPC","drops":[{"name":"Iron arrow","id":884,"quantity":15,"price":2}],"date":"Aug 20, 2022, 12:34:23 PM"}
{"name":"Moss giant","level":42,"killCount":-1,"type":"NPC","drops":[{"name":"Earth rune","id":557,"quantity":27,"price":4}],"date":"Aug 20, 2022, 12:34:32 PM"}
{"name":"Moss giant","level":42,"killCount":-1,"type":"NPC","drops":[{"name":"Blood rune","id":565,"quantity":1,"price":381}],"date":"Aug 20, 2022, 12:34:42 PM"}
{"name":"Moss giant","level":42,"killCount":-1,"type":"NPC","drops":[{"name":"Strawberry seed","id":5323,"quantity":1,"price":2}],"date":"Aug 20, 2022, 12:34:49 PM"}
{"name":"Moss giant","level":42,"killCount":-1,"type":"NPC","drops":[{"name":"Grimy marrentill","id":201,"quantity":1,"price":20}],"date":"Aug 20, 2022, 12:34:56 PM"}
{"name":"Moss giant","level":42,"killCount":-1,"type":"NPC","drops":[{"name":"Coins","id":995,"quantity":2,"price":1}],"date":"Aug 20, 2022, 12:35:03 PM"}
{"name":"Moss giant","level":42,"killCount":-1,"type":"NPC","drops":[{"name":"Irit seed","id":5297,"quantity":1,"price":41}],"date":"Aug 20, 2022, 12:35:13 PM"}
{"name":"Moss giant","level":42,"killCount":-1,"type":"NPC","drops":[{"name":"Harralander seed","id":5294,"quantity":1,"price":26}],"date":"Aug 20, 2022, 12:35:24 PM"}
{"name":"Moss giant","level":42,"killCount":-1,"type":"NPC","drops":[{"name":"Limpwurt seed","id":5100,"quantity":1,"price":35}],"date":"Aug 20, 2022, 12:35:29 PM"}
{"name":"Moss giant","level":42,"killCount":-1,"type":"NPC","drops":[{"name":"Coins","id":995,"quantity":2,"price":1}],"date":"Aug 20, 2022, 12:35:38 PM"}
{"name":"Moss giant","level":42,"killCount":-1,"type":"NPC","drops":[{"name":"Cactus seed","id":5280,"quantity":1,"price":78}],"date":"Aug 20, 2022, 12:35:48 PM"}
{"name":"Moss giant","level":42,"killCount":-1,"type":"NPC","drops":[{"name":"Coins","id":995,"quantity":2,"price":1}],"date":"Aug 20, 2022, 12:35:57 PM"}
{"name":"Moss giant","level":42,"killCount":-1,"type":"NPC","drops":[{"name":"Coins","id":995,"quantity":119,"price":1}],"date":"Aug 20, 2022, 12:36:09 PM"}
{"name":"Moss giant","level":42,"killCount":-1,"type":"NPC","drops":[{"name":"Nature rune","id":561,"quantity":6,"price":190}],"date":"Aug 20, 2022, 12:36:17 PM"}
{"name":"Moss giant","level":42,"killCount":-1,"type":"NPC","drops":[{"name":"Nature rune","id":561,"quantity":6,"price":190}],"date":"Aug 20, 2022, 12:36:29 PM"}
{"name":"Moss giant","level":42,"killCount":-1,"type":"NPC","drops":[{"name":"Law rune","id":563,"quantity":3,"price":148}],"date":"Aug 20, 2022, 12:36:44 PM"}
{"name":"Moss giant","level":42,"killCount":-1,"type":"NPC","drops":[{"name":"Coins","id":995,"quantity":37,"price":1}],"date":"Aug 20, 2022, 12:36:56 PM"}
{"name":"Moss giant","level":42,"killCount":-1,"type":"NPC","drops":[{"name":"Marrentill seed","id":5292,"quantity":1,"price":4}],"date":"Aug 20, 2022, 12:37:06 PM"}
