{"name":"Mountain troll","level":69,"killCount":-1,"type":"NPC","drops":[{"name":"Big bones","id":532,"quantity":1,"price":175}],"date":"Jan 21, 2023, 11:36:51 PM"}
{"name":"Mountain troll","level":69,"killCount":-1,"type":"NPC","drops":[{"name":"Big bones","id":532,"quantity":1,"price":175},{"name":"Coins","id":995,"quantity":35,"price":1}],"date":"Jan 21, 2023, 11:36:57 PM"}
{"name":"Mountain troll","level":69,"killCount":-1,"type":"NPC","drops":[{"name":"Big bones","id":532,"quantity":1,"price":175},{"name":"Steel med helm","id":1141,"quantity":1,"price":57}],"date":"Jan 21, 2023, 11:37:09 PM"}
{"name":"Mountain troll","level":69,"killCount":-1,"type":"NPC","drops":[{"name":"Big bones","id":532,"quantity":1,"price":175},{"name":"Coins","id":995,"quantity":100,"price":1}],"date":"Jan 21, 2023, 11:37:24 PM"}
{"name":"Mountain troll","level":69,"killCount":-1,"type":"NPC","drops":[{"name":"Big bones","id":532,"quantity":1,"price":175},{"name":"Grimy marrentill","id":201,"quantity":1,"price":29}],"date":"Jan 21, 2023, 11:37:38 PM"}
{"name":"Mountain troll","level":69,"killCount":-1,"type":"NPC","drops":[{"name":"Big bones","id":532,"quantity":1,"price":175},{"name":"Coins","id":995,"quantity":35,"price":1}],"date":"Jan 21, 2023, 11:37:50 PM"}
{"name":"Mountain troll","level":69,"killCount":-1,"type":"NPC","drops":[{"name":"Big bones","id":532,"quantity":1,"price":175},{"name":"Steel warhammer","id":1339,"quantity":1,"price":163}],"date":"Jan 21, 2023, 11:38:00 PM"}
{"name":"Mountain troll","level":69,"killCount":-1,"type":"NPC","drops":[{"name":"Big bones","id":532,"quantity":1,"price":175},{"name":"Coins","id":995,"quantity":8,"price":1}],"date":"Jan 21, 2023, 11:38:12 PM"}
{"name":"Mountain troll","level":69,"killCount":-1,"type":"NPC","drops":[{"name":"Big bones","id":532,"quantity":1,"price":175},{"name":"Coal","id":454,"quantity":3,"price":164}],"date":"Jan 21, 2023, 11:38:34 PM"}
{"name":"Mountain troll","level":69,"killCount":-1,"type":"NPC","drops":[{"name":"Big bones","id":532,"quantity":1,"price":175},{"name":"Uncut ruby","id":1619,"quantity":1,"price":1113}],"date":"Jan 21, 2023, 11:38:41 PM"}
{"name":"Mountain troll","level":69,"killCount":-1,"type":"NPC","drops":[{"name":"Big bones","id":532,"quantity":1,"price":175},{"name":"Nature rune","id":561,"quantity":7,"price":102}],"date":"Jan 21, 2023, 11:38:54 PM"}
{"name":"Mountain troll","level":69,"killCount":-1,"type":"NPC","drops":[{"name":"Big bones","id":532,"quantity":1,"price":175},{"name":"Limpwurt seed","id":5100,"quantity":1,"price":12}],"date":"Jan 21, 2023, 11:39:13 PM"}
{"name":"Mountain troll","level":69,"killCount":-1,"type":"NPC","drops":[{"name":"Big bones","id":532,"quantity":1,"price":175},{"name":"Earth rune","id":557,"quantity":60,"price":5}],"date":"Jan 21, 2023, 11:39:27 PM"}
{"name":"Mountain troll","level":69,"killCount":-1,"type":"NPC","drops":[{"name":"Big bones","id":532,"quantity":1,"price":175},{"name":"Coins","id":995,"quantity":35,"price":1}],"date":"Jan 21, 2023, 11:39:36 PM"}
{"name":"Mountain troll","level":69,"killCount":-1,"type":"NPC","drops":[{"name":"Big bones","id":532,"quantity":1,"price":175},{"name":"Grimy marrentill","id":201,"quantity":1,"price":29}],"date":"Jan 21, 2023, 11:39:48 PM"}
{"name":"Mountain troll","level":69,"killCount":-1,"type":"NPC","drops":[{"name":"Big bones","id":532,"quantity":1,"price":175},{"name":"Coins","id":995,"quantity":50,"price":1}],"date":"Jan 21, 2023, 11:39:58 PM"}
{"name":"Mountain troll","level":69,"killCount":-1,"type":"NPC","drops":[{"name":"Ensouled troll head","id":13483,"quantity":1,"price":1809},{"name":"Big bones","id":532,"quantity":1,"price":175},{"name":"Coins","id":995,"quantity":35,"price":1}],"date":"Jan 21, 2023, 11:40:08 PM"}
{"name":"Mountain troll","level":69,"killCount":-1,"type":"NPC","drops":[{"name":"Ensouled troll head","id":13483,"quantity":1,"price":1809},{"name":"Big bones","id":532,"quantity":1,"price":175},{"name":"Coal","id":454,"quantity":3,"price":164}],"date":"Jan 21, 2023, 11:40:24 PM"}
{"name":"Mountain troll","level":69,"killCount":-1,"type":"NPC","drops":[{"name":"Big bones","id":532,"quantity":1,"price":175},{"name":"Grimy guam leaf","id":199,"quantity":1,"price":42}],"date":"Jan 21, 2023, 11:40:46 PM"}
{"name":"Mountain troll","level":69,"killCount":-1,"type":"NPC","drops":[{"name":"Big bones","id":532,"quantity":1,"price":175},{"name":"Limpwurt seed","id":5100,"quantity":1,"price":12}],"date":"Jan 21, 2023, 11:40:53 PM"}
{"name":"Mountain troll","level":69,"killCount":-1,"type":"NPC","drops":[{"name":"Big bones","id":532,"quantity":1,"price":175},{"name":"Coins","id":995,"quantity":250,"price":1}],"date":"Jan 21, 2023, 11:41:03 PM"}
{"name":"Mountain troll","level":69,"killCount":-1,"type":"NPC","drops":[{"name":"Big bones","id":532,"quantity":1,"price":175},{"name":"Coins","id":995,"quantity":100,"price":1}],"date":"Jan 21, 2023, 11:41:19 PM"}
{"name":"Mountain troll","level":69,"killCount":-1,"type":"NPC","drops":[{"name":"Big bones","id":532,"quantity":1,"price":175},{"name":"Toadflax seed","id":5296,"quantity":1,"price":1058}],"date":"Jan 21, 2023, 11:41:29 PM"}
{"name":"Mountain troll","level":69,"killCount":-1,"type":"NPC","drops":[{"name":"Big bones","id":532,"quantity":1,"price":175},{"name":"Coins","id":995,"quantity":8,"price":1}],"date":"Jan 21, 2023, 11:41:46 PM"}
{"name":"Mountain troll","level":69,"killCount":-1,"type":"NPC","drops":[{"name":"Big bones","id":532,"quantity":1,"price":175},{"name":"Strawberry seed","id":5323,"quantity":1,"price":2}],"date":"Jan 21, 2023, 11:42:01 PM"}
{"name":"Mountain troll","level":69,"killCount":-1,"type":"NPC","drops":[{"name":"Ensouled troll head","id":13483,"quantity":1,"price":1809},{"name":"Big bones","id":532,"quantity":1,"price":175},{"name":"Ranarr seed","id":5295,"quantity":1,"price":29303}],"date":"Jan 21, 2023, 11:42:15 PM"}
{"name":"Mountain troll","level":69,"killCount":-1,"type":"NPC","drops":[{"name":"Big bones","id":532,"quantity":1,"price":175},{"name":"Earth rune","id":557,"quantity":60,"price":5}],"date":"Jan 21, 2023, 11:42:23 PM"}
{"name":"Mountain troll","level":69,"killCount":-1,"type":"NPC","drops":[{"name":"Big bones","id":532,"quantity":1,"price":175},{"name":"Raw mackerel","id":354,"quantity":3,"price":13}],"date":"Jan 21, 2023, 11:42:36 PM"}
{"name":"Mountain troll","level":69,"killCount":-1,"type":"NPC","drops":[{"name":"Big bones","id":532,"quantity":1,"price":175},{"name":"Coins","id":995,"quantity":100,"price":1}],"date":"Jan 21, 2023, 11:42:45 PM"}
{"name":"Mountain troll","level":69,"killCount":-1,"type":"NPC","drops":[{"name":"Big bones","id":532,"quantity":1,"price":175},{"name":"Grimy irit leaf","id":209,"quantity":1,"price":818}],"date":"Jan 21, 2023, 11:42:50 PM"}
{"name":"Mountain troll","level":69,"killCount":-1,"type":"NPC","drops":[{"name":"Big bones","id":532,"quantity":1,"price":175},{"name":"Nature rune","id":561,"quantity":7,"price":102}],"date":"Jan 21, 2023, 11:42:56 PM"}
{"name":"Mountain troll","level":69,"killCount":-1,"type":"NPC","drops":[{"name":"Big bones","id":532,"quantity":1,"price":175},{"name":"Coins","id":995,"quantity":50,"price":1}],"date":"Jan 21, 2023, 11:43:03 PM"}
{"name":"Mountain troll","level":69,"killCount":-1,"type":"NPC","drops":[{"name":"Big bones","id":532,"quantity":1,"price":175},{"name":"Coins","id":995,"quantity":35,"price":1}],"date":"Jan 21, 2023, 11:43:14 PM"}
{"name":"Mountain troll","level":69,"killCount":-1,"type":"NPC","drops":[{"name":"Big bones","id":532,"quantity":1,"price":175},{"name":"Coins","id":995,"quantity":35,"price":1}],"date":"Jan 21, 2023, 11:43:24 PM"}
{"name":"Mountain troll","level":69,"killCount":-1,"type":"NPC","drops":[{"name":"Big bones","id":532,"quantity":1,"price":175},{"name":"Coins","id":995,"quantity":35,"price":1}],"date":"Jan 21, 2023, 11:43:31 PM"}
{"name":"Mountain troll","level":69,"killCount":-1,"type":"NPC","drops":[{"name":"Big bones","id":532,"quantity":1,"price":175},{"name":"Coins","id":995,"quantity":100,"price":1}],"date":"Jan 21, 2023, 11:43:38 PM"}
{"name":"Mountain troll","level":69,"killCount":-1,"type":"NPC","drops":[{"name":"Big bones","id":532,"quantity":1,"price":175},{"name":"Toadflax seed","id":5296,"quantity":1,"price":1058}],"date":"Jan 21, 2023, 11:43:51 PM"}
{"name":"Mountain troll","level":69,"killCount":-1,"type":"NPC","drops":[{"name":"Big bones","id":532,"quantity":1,"price":175},{"name":"Earth rune","id":557,"quantity":45,"price":5}],"date":"Jan 21, 2023, 11:44:07 PM"}
{"name":"Mountain troll","level":69,"killCount":-1,"type":"NPC","drops":[{"name":"Big bones","id":532,"quantity":1,"price":175},{"name":"Coins","id":995,"quantity":50,"price":1}],"date":"Jan 21, 2023, 11:44:15 PM"}
{"name":"Mountain troll","level":69,"killCount":-1,"type":"NPC","drops":[{"name":"Big bones","id":532,"quantity":1,"price":175},{"name":"Coins","id":995,"quantity":100,"price":1}],"date":"Jan 21, 2023, 11:44:23 PM"}
{"name":"Mountain troll","level":69,"killCount":-1,"type":"NPC","drops":[{"name":"Big bones","id":532,"quantity":1,"price":175},{"name":"Grimy guam leaf","id":199,"quantity":1,"price":42}],"date":"Jan 21, 2023, 11:44:30 PM"}
{"name":"Mountain troll","level":69,"killCount":-1,"type":"NPC","drops":[{"name":"Big bones","id":532,"quantity":1,"price":175},{"name":"Coins","id":995,"quantity":100,"price":1}],"date":"Jan 21, 2023, 11:44:45 PM"}
{"name":"Mountain troll","level":69,"killCount":-1,"type":"NPC","drops":[{"name":"Big bones","id":532,"quantity":1,"price":175},{"name":"Coal","id":454,"quantity":3,"price":164}],"date":"Jan 21, 2023, 11:44:53 PM"}
{"name":"Mountain troll","level":69,"killCount":-1,"type":"NPC","drops":[{"name":"Big bones","id":532,"quantity":1,"price":175},{"name":"Black warhammer","id":1341,"quantity":1,"price":357}],"date":"Jan 21, 2023, 11:45:09 PM"}
{"name":"Mountain troll","level":69,"killCount":-1,"type":"NPC","drops":[{"name":"Big bones","id":532,"quantity":1,"price":175},{"name":"Raw mackerel","id":354,"quantity":3,"price":13}],"date":"Jan 21, 2023, 11:45:26 PM"}
{"name":"Mountain troll","level":69,"killCount":-1,"type":"NPC","drops":[{"name":"Big bones","id":532,"quantity":1,"price":175},{"name":"Coins","id":995,"quantity":35,"price":1}],"date":"Jan 21, 2023, 11:45:40 PM"}
{"name":"Mountain troll","level":69,"killCount":-1,"type":"NPC","drops":[{"name":"Big bones","id":532,"quantity":1,"price":175},{"name":"Coal","id":454,"quantity":3,"price":164}],"date":"Jan 21, 2023, 11:45:57 PM"}
{"name":"Mountain troll","level":69,"killCount":-1,"type":"NPC","drops":[{"name":"Big bones","id":532,"quantity":1,"price":175},{"name":"Grimy irit leaf","id":209,"quantity":1,"price":818}],"date":"Jan 21, 2023, 11:46:09 PM"}
{"name":"Mountain troll","level":69,"killCount":-1,"type":"NPC","drops":[{"name":"Big bones","id":532,"quantity":1,"price":175},{"name":"Coins","id":995,"quantity":100,"price":1}],"date":"Jan 21, 2023, 11:46:17 PM"}
{"name":"Mountain troll","level":69,"killCount":-1,"type":"NPC","drops":[{"name":"Big bones","id":532,"quantity":1,"price":175},{"name":"Coins","id":995,"quantity":50,"price":1}],"date":"Jan 21, 2023, 11:46:26 PM"}
{"name":"Mountain troll","level":69,"killCount":-1,"type":"NPC","drops":[{"name":"Big bones","id":532,"quantity":1,"price":175},{"name":"Steel med helm","id":1141,"quantity":1,"price":57}],"date":"Jan 21, 2023, 11:46:38 PM"}
{"name":"Mountain troll","level":69,"killCount":-1,"type":"NPC","drops":[{"name":"Big bones","id":532,"quantity":1,"price":175},{"name":"Nature rune","id":561,"quantity":7,"price":102}],"date":"Jan 21, 2023, 11:47:00 PM"}
{"name":"Mountain troll","level":69,"killCount":-1,"type":"NPC","drops":[{"name":"Big bones","id":532,"quantity":1,"price":175},{"name":"Nature rune","id":561,"quantity":7,"price":102}],"date":"Jan 21, 2023, 11:47:15 PM"}
{"name":"Mountain troll","level":69,"killCount":-1,"type":"NPC","drops":[{"name":"Big bones","id":532,"quantity":1,"price":175},{"name":"Coins","id":995,"quantity":35,"price":1}],"date":"Jan 21, 2023, 11:47:24 PM"}
{"name":"Mountain troll","level":69,"killCount":-1,"type":"NPC","drops":[{"name":"Big bones","id":532,"quantity":1,"price":175},{"name":"Coins","id":995,"quantity":100,"price":1}],"date":"Jan 21, 2023, 11:47:34 PM"}
{"name":"Mountain troll","level":69,"killCount":-1,"type":"NPC","drops":[{"name":"Big bones","id":532,"quantity":1,"price":175},{"name":"Steel warhammer","id":1339,"quantity":1,"price":163}],"date":"Jan 21, 2023, 11:47:45 PM"}
{"name":"Mountain troll","level":69,"killCount":-1,"type":"NPC","drops":[{"name":"Big bones","id":532,"quantity":1,"price":175},{"name":"Marrentill seed","id":5292,"quantity":1,"price":6}],"date":"Jan 21, 2023, 11:48:00 PM"}
{"name":"Mountain troll","level":69,"killCount":-1,"type":"NPC","drops":[{"name":"Big bones","id":532,"quantity":1,"price":175},{"name":"Coins","id":995,"quantity":50,"price":1}],"date":"Jan 21, 2023, 11:48:14 PM"}
{"name":"Mountain troll","level":69,"killCount":-1,"type":"NPC","drops":[{"name":"Big bones","id":532,"quantity":1,"price":175},{"name":"Strawberry seed","id":5323,"quantity":1,"price":2}],"date":"Jan 21, 2023, 11:48:29 PM"}
{"name":"Mountain troll","level":69,"killCount":-1,"type":"NPC","drops":[{"name":"Big bones","id":532,"quantity":1,"price":175},{"name":"Coins","id":995,"quantity":100,"price":1}],"date":"Jan 21, 2023, 11:48:38 PM"}
{"name":"Mountain troll","level":69,"killCount":-1,"type":"NPC","drops":[{"name":"Big bones","id":532,"quantity":1,"price":175},{"name":"Strawberry seed","id":5323,"quantity":1,"price":2}],"date":"Jan 21, 2023, 11:48:48 PM"}
{"name":"Mountain troll","level":69,"killCount":-1,"type":"NPC","drops":[{"name":"Big bones","id":532,"quantity":1,"price":175},{"name":"Steel warhammer","id":1339,"quantity":1,"price":163}],"date":"Jan 21, 2023, 11:49:09 PM"}
{"name":"Mountain troll","level":69,"killCount":-1,"type":"NPC","drops":[{"name":"Big bones","id":532,"quantity":1,"price":175},{"name":"Grimy irit leaf","id":209,"quantity":1,"price":818}],"date":"Jan 21, 2023, 11:49:24 PM"}
{"name":"Mountain troll","level":69,"killCount":-1,"type":"NPC","drops":[{"name":"Big bones","id":532,"quantity":1,"price":175},{"name":"Earth rune","id":557,"quantity":60,"price":5}],"date":"Jan 21, 2023, 11:49:31 PM"}
{"name":"Mountain troll","level":69,"killCount":-1,"type":"NPC","drops":[{"name":"Big bones","id":532,"quantity":1,"price":175},{"name":"Steel med helm","id":1141,"quantity":1,"price":57}],"date":"Jan 21, 2023, 11:49:44 PM"}
{"name":"Mountain troll","level":69,"killCount":-1,"type":"NPC","drops":[{"name":"Big bones","id":532,"quantity":1,"price":175},{"name":"Earth rune","id":557,"quantity":60,"price":5}],"date":"Jan 21, 2023, 11:49:53 PM"}
{"name":"Mountain troll","level":69,"killCount":-1,"type":"NPC","drops":[{"name":"Big bones","id":532,"quantity":1,"price":175},{"name":"Nature rune","id":561,"quantity":7,"price":102}],"date":"Jan 21, 2023, 11:50:07 PM"}
{"name":"Mountain troll","level":69,"killCount":-1,"type":"NPC","drops":[{"name":"Big bones","id":532,"quantity":1,"price":175},{"name":"Lantadyme seed","id":5302,"quantity":1,"price":320}],"date":"Jan 21, 2023, 11:50:19 PM"}
{"name":"Mountain troll","level":69,"killCount":-1,"type":"NPC","drops":[{"name":"Big bones","id":532,"quantity":1,"price":175},{"name":"Earth rune","id":557,"quantity":60,"price":5}],"date":"Jan 21, 2023, 11:50:32 PM"}
{"name":"Mountain troll","level":69,"killCount":-1,"type":"NPC","drops":[{"name":"Big bones","id":532,"quantity":1,"price":175}],"date":"Jan 21, 2023, 11:50:50 PM"}
{"name":"Mountain troll","level":69,"killCount":-1,"type":"NPC","drops":[{"name":"Big bones","id":532,"quantity":1,"price":175},{"name":"Law rune","id":563,"quantity":2,"price":125}],"date":"Jan 21, 2023, 11:51:00 PM"}
{"name":"Mountain troll","level":69,"killCount":-1,"type":"NPC","drops":[{"name":"Big bones","id":532,"quantity":1,"price":175},{"name":"Grimy harralander","id":205,"quantity":1,"price":700}],"date":"Jan 21, 2023, 11:51:14 PM"}
{"name":"Mountain troll","level":69,"killCount":-1,"type":"NPC","drops":[{"name":"Big bones","id":532,"quantity":1,"price":175},{"name":"Coins","id":995,"quantity":8,"price":1}],"date":"Jan 21, 2023, 11:51:23 PM"}
{"name":"Mountain troll","level":69,"killCount":-1,"type":"NPC","drops":[{"name":"Curved bone","id":10977,"quantity":1,"price":2000},{"name":"Big bones","id":532,"quantity":1,"price":175},{"name":"Raw mackerel","id":354,"quantity":3,"price":13}],"date":"Jan 21, 2023, 11:51:37 PM"}
{"name":"Mountain troll","level":69,"killCount":-1,"type":"NPC","drops":[{"name":"Big bones","id":532,"quantity":1,"price":175},{"name":"Black warhammer","id":1341,"quantity":1,"price":357}],"date":"Jan 21, 2023, 11:51:54 PM"}
{"name":"Mountain troll","level":69,"killCount":-1,"type":"NPC","drops":[{"name":"Big bones","id":532,"quantity":1,"price":175},{"name":"Earth rune","id":557,"quantity":60,"price":5}],"date":"Jan 21, 2023, 11:52:03 PM"}
{"name":"Mountain troll","level":69,"killCount":-1,"type":"NPC","drops":[{"name":"Big bones","id":532,"quantity":1,"price":175},{"name":"Coins","id":995,"quantity":35,"price":1}],"date":"Jan 21, 2023, 11:52:16 PM"}
{"name":"Mountain troll","level":69,"killCount":-1,"type":"NPC","drops":[{"name":"Big bones","id":532,"quantity":1,"price":175},{"name":"Earth rune","id":557,"quantity":60,"price":5}],"date":"Jan 21, 2023, 11:52:33 PM"}
{"name":"Mountain troll","level":69,"killCount":-1,"type":"NPC","drops":[{"name":"Long bone","id":10976,"quantity":1,"price":1000},{"name":"Big bones","id":532,"quantity":1,"price":175},{"name":"Coins","id":995,"quantity":100,"price":1}],"date":"Jan 21, 2023, 11:52:42 PM"}
{"name":"Mountain troll","level":69,"killCount":-1,"type":"NPC","drops":[{"name":"Big bones","id":532,"quantity":1,"price":175},{"name":"Coins","id":995,"quantity":35,"price":1}],"date":"Jan 21, 2023, 11:52:53 PM"}
{"name":"Mountain troll","level":69,"killCount":-1,"type":"NPC","drops":[{"name":"Big bones","id":532,"quantity":1,"price":175},{"name":"Raw mackerel","id":354,"quantity":3,"price":13}],"date":"Jan 21, 2023, 11:53:11 PM"}
{"name":"Mountain troll","level":69,"killCount":-1,"type":"NPC","drops":[{"name":"Big bones","id":532,"quantity":1,"price":175},{"name":"Coins","id":995,"quantity":35,"price":1}],"date":"Jan 21, 2023, 11:53:21 PM"}
{"name":"Mountain troll","level":69,"killCount":-1,"type":"NPC","drops":[{"name":"Big bones","id":532,"quantity":1,"price":175},{"name":"Strawberry seed","id":5323,"quantity":1,"price":2}],"date":"Jan 21, 2023, 11:53:45 PM"}
{"name":"Mountain troll","level":69,"killCount":-1,"type":"NPC","drops":[{"name":"Big bones","id":532,"quantity":1,"price":175},{"name":"Marrentill seed","id":5292,"quantity":1,"price":6}],"date":"Jan 21, 2023, 11:54:02 PM"}
{"name":"Mountain troll","level":69,"killCount":-1,"type":"NPC","drops":[{"name":"Big bones","id":532,"quantity":1,"price":175},{"name":"Steel med helm","id":1141,"quantity":1,"price":57}],"date":"Jan 21, 2023, 11:54:07 PM"}
{"name":"Mountain troll","level":69,"killCount":-1,"type":"NPC","drops":[{"name":"Big bones","id":532,"quantity":1,"price":175},{"name":"Coins","id":995,"quantity":35,"price":1}],"date":"Jan 21, 2023, 11:54:15 PM"}
{"name":"Mountain troll","level":69,"killCount":-1,"type":"NPC","drops":[{"name":"Big bones","id":532,"quantity":1,"price":175},{"name":"Grimy dwarf weed","id":217,"quantity":1,"price":960}],"date":"Jan 21, 2023, 11:54:32 PM"}
{"name":"Mountain troll","level":69,"killCount":-1,"type":"NPC","drops":[{"name":"Big bones","id":532,"quantity":1,"price":175},{"name":"Adamant warhammer","id":1345,"quantity":1,"price":2738}],"date":"Jan 21, 2023, 11:54:46 PM"}
{"name":"Mountain troll","level":69,"killCount":-1,"type":"NPC","drops":[{"name":"Big bones","id":532,"quantity":1,"price":175},{"name":"Marrentill seed","id":5292,"quantity":1,"price":6}],"date":"Jan 21, 2023, 11:54:59 PM"}
{"name":"Mountain troll","level":69,"killCount":-1,"type":"NPC","drops":[{"name":"Big bones","id":532,"quantity":1,"price":175},{"name":"Earth rune","id":557,"quantity":60,"price":5}],"date":"Jan 21, 2023, 11:55:06 PM"}
{"name":"Mountain troll","level":69,"killCount":-1,"type":"NPC","drops":[{"name":"Big bones","id":532,"quantity":1,"price":175},{"name":"Coins","id":995,"quantity":35,"price":1}],"date":"Jan 21, 2023, 11:55:21 PM"}
{"name":"Mountain troll","level":69,"killCount":-1,"type":"NPC","drops":[{"name":"Big bones","id":532,"quantity":1,"price":175},{"name":"Coins","id":995,"quantity":35,"price":1}],"date":"Jan 21, 2023, 11:55:32 PM"}
{"name":"Mountain troll","level":69,"killCount":-1,"type":"NPC","drops":[{"name":"Big bones","id":532,"quantity":1,"price":175},{"name":"Coins","id":995,"quantity":100,"price":1}],"date":"Jan 21, 2023, 11:55:44 PM"}
{"name":"Mountain troll","level":69,"killCount":-1,"type":"NPC","drops":[{"name":"Big bones","id":532,"quantity":1,"price":175},{"name":"Coins","id":995,"quantity":35,"price":1}],"date":"Jan 21, 2023, 11:55:58 PM"}
{"name":"Mountain troll","level":69,"killCount":-1,"type":"NPC","drops":[{"name":"Big bones","id":532,"quantity":1,"price":175},{"name":"Wildblood seed","id":5311,"quantity":1,"price":40}],"date":"Jan 21, 2023, 11:56:06 PM"}
{"name":"Mountain troll","level":69,"killCount":-1,"type":"NPC","drops":[{"name":"Big bones","id":532,"quantity":1,"price":175},{"name":"Coins","id":995,"quantity":35,"price":1}],"date":"Jan 21, 2023, 11:56:16 PM"}
{"name":"Mountain troll","level":69,"killCount":-1,"type":"NPC","drops":[{"name":"Big bones","id":532,"quantity":1,"price":175}],"date":"Jan 21, 2023, 11:56:32 PM"}
{"name":"Mountain troll","level":69,"killCount":-1,"type":"NPC","drops":[{"name":"Big bones","id":532,"quantity":1,"price":175},{"name":"Nature rune","id":561,"quantity":7,"price":102}],"date":"Jan 21, 2023, 11:56:44 PM"}
{"name":"Mountain troll","level":69,"killCount":-1,"type":"NPC","drops":[{"name":"Big bones","id":532,"quantity":1,"price":175},{"name":"Coins","id":995,"quantity":35,"price":1}],"date":"Jan 21, 2023, 11:56:51 PM"}
{"name":"Mountain troll","level":69,"killCount":-1,"type":"NPC","drops":[{"name":"Big bones","id":532,"quantity":1,"price":175},{"name":"Coal","id":454,"quantity":3,"price":164}],"date":"Jan 21, 2023, 11:57:01 PM"}
{"name":"Mountain troll","level":69,"killCount":-1,"type":"NPC","drops":[{"name":"Big bones","id":532,"quantity":1,"price":175},{"name":"Mithril sq shield","id":1181,"quantity":1,"price":718}],"date":"Jan 21, 2023, 11:57:08 PM"}
{"name":"Mountain troll","level":69,"killCount":-1,"type":"NPC","drops":[{"name":"Ensouled troll head","id":13483,"quantity":1,"price":1809},{"name":"Big bones","id":532,"quantity":1,"price":175},{"name":"Limpwurt seed","id":5100,"quantity":1,"price":12}],"date":"Jan 21, 2023, 11:57:18 PM"}
{"name":"Mountain troll","level":69,"killCount":-1,"type":"NPC","drops":[{"name":"Big bones","id":532,"quantity":1,"price":175},{"name":"Coins","id":995,"quantity":50,"price":1}],"date":"Jan 21, 2023, 11:57:29 PM"}
{"name":"Mountain troll","level":69,"killCount":-1,"type":"NPC","drops":[{"name":"Big bones","id":532,"quantity":1,"price":175},{"name":"Coins","id":995,"quantity":100,"price":1}],"date":"Jan 21, 2023, 11:57:42 PM"}
{"name":"Mountain troll","level":69,"killCount":-1,"type":"NPC","drops":[{"name":"Big bones","id":532,"quantity":1,"price":175},{"name":"Mithril sq shield","id":1181,"quantity":1,"price":718}],"date":"Jan 21, 2023, 11:57:55 PM"}
{"name":"Mountain troll","level":69,"killCount":-1,"type":"NPC","drops":[{"name":"Big bones","id":532,"quantity":1,"price":175},{"name":"Law rune","id":563,"quantity":2,"price":125}],"date":"Jan 21, 2023, 11:58:10 PM"}
{"name":"Mountain troll","level":69,"killCount":-1,"type":"NPC","drops":[{"name":"Big bones","id":532,"quantity":1,"price":175},{"name":"Coins","id":995,"quantity":8,"price":1}],"date":"Jan 21, 2023, 11:58:17 PM"}
{"name":"Mountain troll","level":69,"killCount":-1,"type":"NPC","drops":[{"name":"Big bones","id":532,"quantity":1,"price":175},{"name":"Coins","id":995,"quantity":35,"price":1}],"date":"Jan 21, 2023, 11:58:35 PM"}
{"name":"Mountain troll","level":69,"killCount":-1,"type":"NPC","drops":[{"name":"Big bones","id":532,"quantity":1,"price":175},{"name":"Coins","id":995,"quantity":35,"price":1}],"date":"Jan 21, 2023, 11:58:42 PM"}
{"name":"Mountain troll","level":69,"killCount":-1,"type":"NPC","drops":[{"name":"Big bones","id":532,"quantity":1,"price":175},{"name":"Coins","id":995,"quantity":100,"price":1}],"date":"Jan 21, 2023, 11:58:58 PM"}
{"name":"Mountain troll","level":69,"killCount":-1,"type":"NPC","drops":[{"name":"Big bones","id":532,"quantity":1,"price":175},{"name":"Nature rune","id":561,"quantity":7,"price":102}],"date":"Jan 21, 2023, 11:59:20 PM"}
{"name":"Mountain troll","level":69,"killCount":-1,"type":"NPC","drops":[{"name":"Big bones","id":532,"quantity":1,"price":175},{"name":"Coins","id":995,"quantity":100,"price":1}],"date":"Jan 21, 2023, 11:59:38 PM"}
{"name":"Mountain troll","level":69,"killCount":-1,"type":"NPC","drops":[{"name":"Big bones","id":532,"quantity":1,"price":175},{"name":"Coins","id":995,"quantity":100,"price":1}],"date":"Jan 21, 2023, 11:59:45 PM"}
{"name":"Mountain troll","level":69,"killCount":-1,"type":"NPC","drops":[{"name":"Big bones","id":532,"quantity":1,"price":175},{"name":"Limpwurt seed","id":5100,"quantity":1,"price":12}],"date":"Jan 21, 2023, 11:59:54 PM"}
{"name":"Mountain troll","level":69,"killCount":-1,"type":"NPC","drops":[{"name":"Big bones","id":532,"quantity":1,"price":175},{"name":"Nature rune","id":561,"quantity":7,"price":102}],"date":"Jan 22, 2023, 12:00:19 AM"}
{"name":"Mountain troll","level":69,"killCount":-1,"type":"NPC","drops":[{"name":"Big bones","id":532,"quantity":1,"price":175},{"name":"Coins","id":995,"quantity":50,"price":1}],"date":"Jan 22, 2023, 12:00:37 AM"}
{"name":"Mountain troll","level":69,"killCount":-1,"type":"NPC","drops":[{"name":"Big bones","id":532,"quantity":1,"price":175},{"name":"Tarromin seed","id":5293,"quantity":1,"price":16}],"date":"Jan 22, 2023, 12:00:56 AM"}
{"name":"Mountain troll","level":69,"killCount":-1,"type":"NPC","drops":[{"name":"Big bones","id":532,"quantity":1,"price":175},{"name":"Black warhammer","id":1341,"quantity":1,"price":357}],"date":"Jan 22, 2023, 12:01:09 AM"}
{"name":"Mountain troll","level":69,"killCount":-1,"type":"NPC","drops":[{"name":"Big bones","id":532,"quantity":1,"price":175},{"name":"Nature rune","id":561,"quantity":7,"price":102}],"date":"Jan 22, 2023, 12:01:18 AM"}
{"name":"Mountain troll","level":69,"killCount":-1,"type":"NPC","drops":[{"name":"Big bones","id":532,"quantity":1,"price":175},{"name":"Black warhammer","id":1341,"quantity":1,"price":357}],"date":"Jan 22, 2023, 12:01:28 AM"}
{"name":"Mountain troll","level":69,"killCount":-1,"type":"NPC","drops":[{"name":"Big bones","id":532,"quantity":1,"price":175},{"name":"Law rune","id":563,"quantity":2,"price":125}],"date":"Jan 22, 2023, 12:01:35 AM"}
{"name":"Mountain troll","level":69,"killCount":-1,"type":"NPC","drops":[{"name":"Big bones","id":532,"quantity":1,"price":175},{"name":"Black warhammer","id":1341,"quantity":1,"price":357}],"date":"Jan 22, 2023, 12:01:47 AM"}
{"name":"Mountain troll","level":69,"killCount":-1,"type":"NPC","drops":[{"name":"Big bones","id":532,"quantity":1,"price":175},{"name":"Coins","id":995,"quantity":35,"price":1}],"date":"Jan 22, 2023, 12:02:32 AM"}
{"name":"Mountain troll","level":69,"killCount":-1,"type":"NPC","drops":[{"name":"Big bones","id":532,"quantity":1,"price":175},{"name":"Coins","id":995,"quantity":35,"price":1}],"date":"Jan 22, 2023, 12:02:37 AM"}
{"name":"Mountain troll","level":69,"killCount":-1,"type":"NPC","drops":[{"name":"Big bones","id":532,"quantity":1,"price":175},{"name":"Limpwurt seed","id":5100,"quantity":1,"price":12}],"date":"Jan 22, 2023, 12:02:45 AM"}
{"name":"Mountain troll","level":69,"killCount":-1,"type":"NPC","drops":[{"name":"Big bones","id":532,"quantity":1,"price":175},{"name":"Coins","id":995,"quantity":35,"price":1}],"date":"Jan 22, 2023, 12:02:50 AM"}
{"name":"Mountain troll","level":69,"killCount":-1,"type":"NPC","drops":[{"name":"Big bones","id":532,"quantity":1,"price":175},{"name":"Coins","id":995,"quantity":35,"price":1}],"date":"Jan 22, 2023, 12:03:09 AM"}
{"name":"Mountain troll","level":69,"killCount":-1,"type":"NPC","drops":[{"name":"Big bones","id":532,"quantity":1,"price":175},{"name":"Coins","id":995,"quantity":35,"price":1}],"date":"Jan 22, 2023, 12:03:18 AM"}
{"name":"Mountain troll","level":69,"killCount":-1,"type":"NPC","drops":[{"name":"Big bones","id":532,"quantity":1,"price":175},{"name":"Coins","id":995,"quantity":35,"price":1}],"date":"Jan 22, 2023, 12:03:33 AM"}
{"name":"Mountain troll","level":69,"killCount":-1,"type":"NPC","drops":[{"name":"Big bones","id":532,"quantity":1,"price":175},{"name":"Marrentill seed","id":5292,"quantity":1,"price":6}],"date":"Jan 22, 2023, 12:03:43 AM"}
{"name":"Mountain troll","level":69,"killCount":-1,"type":"NPC","drops":[{"name":"Big bones","id":532,"quantity":1,"price":175},{"name":"Coins","id":995,"quantity":8,"price":1}],"date":"Jan 22, 2023, 12:03:57 AM"}
{"name":"Mountain troll","level":69,"killCount":-1,"type":"NPC","drops":[{"name":"Big bones","id":532,"quantity":1,"price":175},{"name":"Coins","id":995,"quantity":50,"price":1}],"date":"Jan 22, 2023, 12:04:04 AM"}
{"name":"Mountain troll","level":69,"killCount":-1,"type":"NPC","drops":[{"name":"Big bones","id":532,"quantity":1,"price":175},{"name":"Adamant warhammer","id":1345,"quantity":1,"price":2738}],"date":"Jan 22, 2023, 12:04:14 AM"}
{"name":"Mountain troll","level":69,"killCount":-1,"type":"NPC","drops":[{"name":"Big bones","id":532,"quantity":1,"price":175},{"name":"Coins","id":995,"quantity":100,"price":1}],"date":"Jan 22, 2023, 12:04:23 AM"}
{"name":"Mountain troll","level":69,"killCount":-1,"type":"NPC","drops":[{"name":"Big bones","id":532,"quantity":1,"price":175},{"name":"Coins","id":995,"quantity":100,"price":1}],"date":"Jan 22, 2023, 12:04:35 AM"}
{"name":"Mountain troll","level":69,"killCount":-1,"type":"NPC","drops":[{"name":"Big bones","id":532,"quantity":1,"price":175},{"name":"Coins","id":995,"quantity":100,"price":1}],"date":"Jan 22, 2023, 12:04:49 AM"}
{"name":"Mountain troll","level":69,"killCount":-1,"type":"NPC","drops":[{"name":"Big bones","id":532,"quantity":1,"price":175},{"name":"Steel med helm","id":1141,"quantity":1,"price":57}],"date":"Jan 22, 2023, 12:04:51 AM"}
{"name":"Mountain troll","level":69,"killCount":-1,"type":"NPC","drops":[{"name":"Big bones","id":532,"quantity":1,"price":175},{"name":"Coins","id":995,"quantity":50,"price":1}],"date":"Jan 22, 2023, 12:05:04 AM"}
{"name":"Mountain troll","level":69,"killCount":-1,"type":"NPC","drops":[{"name":"Big bones","id":532,"quantity":1,"price":175},{"name":"Earth rune","id":557,"quantity":45,"price":5}],"date":"Jan 22, 2023, 12:05:16 AM"}
