{"name":"Nex","level":1001,"killCount":1,"type":"NPC","drops":[{"name":"Cannonball","id":2,"quantity":74,"price":164},{"name":"Air orb","id":574,"quantity":6,"price":1518}],"date":"Jun 7, 2023, 2:55:56 PM"}
{"name":"Nex","level":1001,"killCount":2,"type":"NPC","drops":[{"name":"Saradomin brew(4)","id":6685,"quantity":1,"price":9324},{"name":"Saradomin brew(4)","id":6685,"quantity":1,"price":9324},{"name":"Super restore(4)","id":3024,"quantity":1,"price":9064},{"name":"Uncut diamond","id":1618,"quantity":3,"price":2397}],"date":"Jun 7, 2023, 2:59:49 PM"}
{"name":"Nex","level":1001,"killCount":3,"type":"NPC","drops":[{"name":"Blood rune","id":565,"quantity":84,"price":198},{"name":"Dragon bolts (unf)","id":21930,"quantity":12,"price":1167},{"name":"Clue scroll (elite)","id":12143,"quantity":1,"price":0}],"date":"Jun 7, 2023, 3:03:07 PM"}
{"name":"Nex","level":1001,"killCount":4,"type":"NPC","drops":[{"name":"Saradomin brew(4)","id":6685,"quantity":1,"price":9324},{"name":"Saradomin brew(4)","id":6685,"quantity":1,"price":9324},{"name":"Super restore(4)","id":3024,"quantity":1,"price":9064},{"name":"Uncut diamond","id":1618,"quantity":3,"price":2397}],"date":"Jun 7, 2023, 3:06:06 PM"}
{"name":"Nex","level":1001,"killCount":5,"type":"NPC","drops":[{"name":"Shark","id":385,"quantity":1,"price":686},{"name":"Shark","id":385,"quantity":1,"price":686},{"name":"Shark","id":385,"quantity":1,"price":686},{"name":"Prayer potion(4)","id":2434,"quantity":1,"price":8399},{"name":"Uncut ruby","id":1620,"quantity":3,"price":1035}],"date":"Jun 7, 2023, 3:14:50 PM"}
{"name":"Nex","level":1001,"killCount":6,"type":"NPC","drops":[{"name":"Saradomin brew(4)","id":6685,"quantity":1,"price":9324},{"name":"Saradomin brew(4)","id":6685,"quantity":1,"price":9324},{"name":"Super restore(4)","id":3024,"quantity":1,"price":9064},{"name":"Soul rune","id":566,"quantity":86,"price":270}],"date":"Jun 7, 2023, 3:17:38 PM"}
{"name":"Nex","level":1001,"killCount":7,"type":"NPC","drops":[{"name":"Blood rune","id":565,"quantity":84,"price":198},{"name":"Air orb","id":574,"quantity":6,"price":1518}],"date":"Jun 7, 2023, 3:20:15 PM"}
{"name":"Nex","level":1001,"killCount":8,"type":"NPC","drops":[{"name":"Shark","id":385,"quantity":1,"price":686},{"name":"Shark","id":385,"quantity":1,"price":686},{"name":"Shark","id":385,"quantity":1,"price":686},{"name":"Prayer potion(4)","id":2434,"quantity":1,"price":8399},{"name":"Air orb","id":574,"quantity":6,"price":1518}],"date":"Jun 7, 2023, 3:22:54 PM"}
{"name":"Nex","level":1001,"killCount":9,"type":"NPC","drops":[{"name":"Shark","id":385,"quantity":1,"price":686},{"name":"Shark","id":385,"quantity":1,"price":686},{"name":"Shark","id":385,"quantity":1,"price":686},{"name":"Prayer potion(4)","id":2434,"quantity":1,"price":8399},{"name":"Uncut ruby","id":1620,"quantity":3,"price":1035}],"date":"Jun 7, 2023, 3:25:38 PM"}
{"name":"Nex","level":1001,"killCount":10,"type":"NPC","drops":[{"name":"Blood rune","id":565,"quantity":84,"price":198},{"name":"Uncut ruby","id":1620,"quantity":4,"price":1035}],"date":"Jun 7, 2023, 3:28:47 PM"}
{"name":"Nex","level":1001,"killCount":11,"type":"NPC","drops":[{"name":"Water rune","id":555,"quantity":193,"price":5},{"name":"Soul rune","id":566,"quantity":86,"price":270}],"date":"Jun 7, 2023, 3:31:36 PM"}
{"name":"Nex","level":1001,"killCount":12,"type":"NPC","drops":[{"name":"Saradomin brew(4)","id":6685,"quantity":1,"price":9324},{"name":"Saradomin brew(4)","id":6685,"quantity":1,"price":9324},{"name":"Super restore(4)","id":3024,"quantity":1,"price":9064},{"name":"Uncut diamond","id":1618,"quantity":3,"price":2397}],"date":"Jun 7, 2023, 3:34:17 PM"}
{"name":"Nex","level":1001,"killCount":13,"type":"NPC","drops":[{"name":"Soul rune","id":566,"quantity":86,"price":270},{"name":"Dragon bolts (unf)","id":21930,"quantity":12,"price":1167}],"date":"Jun 7, 2023, 3:37:23 PM"}
{"name":"Nex","level":1001,"killCount":14,"type":"NPC","drops":[{"name":"Fire rune","id":554,"quantity":575,"price":5},{"name":"Uncut diamond","id":1618,"quantity":3,"price":2397}],"date":"Jun 7, 2023, 3:39:59 PM"}
{"name":"Nex","level":1001,"killCount":15,"type":"NPC","drops":[{"name":"Saradomin brew(4)","id":6685,"quantity":1,"price":9324},{"name":"Saradomin brew(4)","id":6685,"quantity":1,"price":9324},{"name":"Super restore(4)","id":3024,"quantity":1,"price":9064},{"name":"Air orb","id":574,"quantity":6,"price":1518}],"date":"Jun 7, 2023, 3:46:10 PM"}
{"name":"Nex","level":1001,"killCount":16,"type":"NPC","drops":[{"name":"Water rune","id":555,"quantity":304,"price":5},{"name":"Wine of zamorak","id":246,"quantity":4,"price":939}],"date":"Jun 7, 2023, 3:49:19 PM"}
{"name":"Nex","level":1001,"killCount":17,"type":"NPC","drops":[{"name":"Water rune","id":555,"quantity":456,"price":5},{"name":"Air orb","id":574,"quantity":6,"price":1518}],"date":"Jun 7, 2023, 3:52:13 PM"}
{"name":"Nex","level":1001,"killCount":18,"type":"NPC","drops":[{"name":"Soul rune","id":566,"quantity":86,"price":270},{"name":"Onyx bolts (e)","id":9245,"quantity":11,"price":8722}],"date":"Jun 7, 2023, 3:55:19 PM"}
{"name":"Nex","level":1001,"killCount":19,"type":"NPC","drops":[{"name":"Shark","id":385,"quantity":1,"price":686},{"name":"Shark","id":385,"quantity":1,"price":686},{"name":"Shark","id":385,"quantity":1,"price":686},{"name":"Prayer potion(4)","id":2434,"quantity":1,"price":8399},{"name":"Uncut diamond","id":1618,"quantity":3,"price":2397}],"date":"Jun 7, 2023, 3:59:28 PM"}
{"name":"Nex","level":1001,"killCount":20,"type":"NPC","drops":[{"name":"Saradomin brew(4)","id":6685,"quantity":1,"price":9324},{"name":"Saradomin brew(4)","id":6685,"quantity":1,"price":9324},{"name":"Super restore(4)","id":3024,"quantity":1,"price":9064},{"name":"Ecumenical key shard","id":26388,"quantity":6,"price":0}],"date":"Jun 7, 2023, 4:01:57 PM"}
{"name":"Nex","level":1001,"killCount":21,"type":"NPC","drops":[{"name":"Air rune","id":556,"quantity":544,"price":5},{"name":"Air orb","id":574,"quantity":6,"price":1518}],"date":"Jun 7, 2023, 4:04:30 PM"}
{"name":"Nex","level":1001,"killCount":22,"type":"NPC","drops":[{"name":"Coins","id":995,"quantity":8539,"price":1},{"name":"Ecumenical key shard","id":26388,"quantity":6,"price":0}],"date":"Jun 7, 2023, 4:07:50 PM"}
{"name":"Nex","level":1001,"killCount":23,"type":"NPC","drops":[{"name":"Shark","id":385,"quantity":1,"price":686},{"name":"Shark","id":385,"quantity":1,"price":686},{"name":"Shark","id":385,"quantity":1,"price":686},{"name":"Prayer potion(4)","id":2434,"quantity":1,"price":8399},{"name":"Death rune","id":560,"quantity":85,"price":130}],"date":"Jun 7, 2023, 4:10:44 PM"}
{"name":"Nex","level":1001,"killCount":24,"type":"NPC","drops":[{"name":"Wine of zamorak","id":246,"quantity":4,"price":939},{"name":"Air orb","id":574,"quantity":6,"price":1518}],"date":"Jun 7, 2023, 4:13:48 PM"}
{"name":"Nex","level":1001,"killCount":25,"type":"NPC","drops":[{"name":"Shark","id":385,"quantity":1,"price":686},{"name":"Shark","id":385,"quantity":1,"price":686},{"name":"Shark","id":385,"quantity":1,"price":686},{"name":"Prayer potion(4)","id":2434,"quantity":1,"price":8399},{"name":"Death rune","id":560,"quantity":85,"price":130}],"date":"Jun 7, 2023, 4:16:40 PM"}
