{"name":"Ogre","level":58,"killCount":-1,"type":"NPC","drops":[{"name":"Big bones","id":532,"quantity":1,"price":193}],"date":"Dec 14, 2022, 10:25:15 PM"}
{"name":"Ogre","level":58,"killCount":-1,"type":"NPC","drops":[{"name":"Big bones","id":532,"quantity":1,"price":193},{"name":"Snape grass seed","id":22879,"quantity":1,"price":3294}],"date":"Dec 14, 2022, 10:26:00 PM"}
{"name":"Ogre","level":58,"killCount":-1,"type":"NPC","drops":[{"name":"Big bones","id":532,"quantity":1,"price":193}],"date":"Dec 14, 2022, 10:26:26 PM"}
{"name":"Ogre","level":58,"killCount":-1,"type":"NPC","drops":[{"name":"Big bones","id":532,"quantity":1,"price":193}],"date":"Dec 14, 2022, 10:26:58 PM"}
{"name":"Ogre","level":58,"killCount":-1,"type":"NPC","drops":[{"name":"Big bones","id":532,"quantity":1,"price":193}],"date":"Dec 14, 2022, 10:27:39 PM"}
{"name":"Ogre","level":58,"killCount":-1,"type":"NPC","drops":[{"name":"Big bones","id":532,"quantity":1,"price":193}],"date":"Dec 14, 2022, 10:28:30 PM"}
{"name":"Ogre","level":58,"killCount":-1,"type":"NPC","drops":[{"name":"Big bones","id":532,"quantity":1,"price":193}],"date":"Dec 14, 2022, 10:38:19 PM"}
{"name":"Ogre","level":58,"killCount":-1,"type":"NPC","drops":[{"name":"Big bones","id":532,"quantity":1,"price":193}],"date":"Dec 14, 2022, 10:38:54 PM"}
{"name":"Ogre","level":58,"killCount":-1,"type":"NPC","drops":[{"name":"Big bones","id":532,"quantity":1,"price":193}],"date":"Dec 14, 2022, 10:39:39 PM"}
{"name":"Ogre","level":58,"killCount":-1,"type":"NPC","drops":[{"name":"Big bones","id":532,"quantity":1,"price":193}],"date":"Dec 14, 2022, 10:40:12 PM"}
{"name":"Ogre","level":58,"killCount":-1,"type":"NPC","drops":[{"name":"Big bones","id":532,"quantity":1,"price":193},{"name":"Wildblood seed","id":5311,"quantity":1,"price":49}],"date":"Dec 14, 2022, 10:40:37 PM"}
{"name":"Ogre","level":58,"killCount":-1,"type":"NPC","drops":[{"name":"Big bones","id":532,"quantity":1,"price":193}],"date":"Dec 14, 2022, 10:49:24 PM"}
{"name":"Ogre","level":58,"killCount":-1,"type":"NPC","drops":[{"name":"Big bones","id":532,"quantity":1,"price":186},{"name":"Ensouled ogre head","id":13477,"quantity":1,"price":1397}],"date":"Dec 21, 2022, 11:15:58 PM"}
{"name":"Ogre","level":58,"killCount":-1,"type":"NPC","drops":[{"name":"Big bones","id":532,"quantity":1,"price":186}],"date":"Dec 21, 2022, 11:17:20 PM"}
{"name":"Ogre","level":58,"killCount":-1,"type":"NPC","drops":[{"name":"Big bones","id":532,"quantity":1,"price":186},{"name":"Irit seed","id":5297,"quantity":1,"price":42}],"date":"Dec 21, 2022, 11:54:34 PM"}
{"name":"Ogre","level":58,"killCount":-1,"type":"NPC","drops":[{"name":"Big bones","id":532,"quantity":1,"price":186}],"date":"Dec 22, 2022, 12:24:59 AM"}
{"name":"Ogre","level":58,"killCount":-1,"type":"NPC","drops":[{"name":"Big bones","id":532,"quantity":1,"price":186}],"date":"Dec 22, 2022, 12:25:39 AM"}
{"name":"Ogre","level":58,"killCount":-1,"type":"NPC","drops":[{"name":"Big bones","id":532,"quantity":1,"price":186}],"date":"Dec 22, 2022, 12:26:43 AM"}
{"name":"Ogre","level":58,"killCount":-1,"type":"NPC","drops":[{"name":"Big bones","id":532,"quantity":1,"price":186}],"date":"Dec 22, 2022, 12:27:16 AM"}
{"name":"Ogre","level":58,"killCount":-1,"type":"NPC","drops":[{"name":"Big bones","id":532,"quantity":1,"price":183}],"date":"Dec 22, 2022, 9:51:21 AM"}
{"name":"Ogre","level":58,"killCount":-1,"type":"NPC","drops":[{"name":"Big bones","id":532,"quantity":1,"price":183}],"date":"Dec 22, 2022, 9:52:52 AM"}
{"name":"Ogre","level":58,"killCount":-1,"type":"NPC","drops":[{"name":"Big bones","id":532,"quantity":1,"price":183}],"date":"Dec 22, 2022, 10:18:12 AM"}
{"name":"Ogre","level":58,"killCount":-1,"type":"NPC","drops":[{"name":"Big bones","id":532,"quantity":1,"price":183},{"name":"Jangerberry seed","id":5104,"quantity":1,"price":2}],"date":"Dec 22, 2022, 10:19:34 AM"}
{"name":"Ogre","level":58,"killCount":-1,"type":"NPC","drops":[{"name":"Big bones","id":532,"quantity":1,"price":183}],"date":"Dec 22, 2022, 10:20:19 AM"}
{"name":"Ogre","level":58,"killCount":-1,"type":"NPC","drops":[{"name":"Big bones","id":532,"quantity":1,"price":183}],"date":"Dec 22, 2022, 12:26:53 PM"}
{"name":"Ogre","level":58,"killCount":-1,"type":"NPC","drops":[{"name":"Big bones","id":532,"quantity":1,"price":183}],"date":"Dec 22, 2022, 12:29:34 PM"}
{"name":"Ogre","level":58,"killCount":-1,"type":"NPC","drops":[{"name":"Big bones","id":532,"quantity":1,"price":183}],"date":"Dec 22, 2022, 12:30:10 PM"}
{"name":"Ogre","level":58,"killCount":-1,"type":"NPC","drops":[{"name":"Big bones","id":532,"quantity":1,"price":183},{"name":"Jangerberry seed","id":5104,"quantity":1,"price":2}],"date":"Dec 22, 2022, 12:51:24 PM"}
{"name":"Ogre","level":58,"killCount":-1,"type":"NPC","drops":[{"name":"Big bones","id":532,"quantity":1,"price":183}],"date":"Dec 22, 2022, 12:53:10 PM"}
{"name":"Ogre","level":58,"killCount":-1,"type":"NPC","drops":[{"name":"Big bones","id":532,"quantity":1,"price":183}],"date":"Dec 22, 2022, 12:54:17 PM"}
{"name":"Ogre","level":58,"killCount":-1,"type":"NPC","drops":[{"name":"Big bones","id":532,"quantity":1,"price":183},{"name":"Tarromin seed","id":5293,"quantity":1,"price":19}],"date":"Dec 22, 2022, 2:13:17 PM"}
{"name":"Ogre","level":58,"killCount":-1,"type":"NPC","drops":[{"name":"Big bones","id":532,"quantity":1,"price":183},{"name":"Mushroom spore","id":5282,"quantity":1,"price":71}],"date":"Dec 22, 2022, 2:13:56 PM"}
{"name":"Ogre","level":58,"killCount":-1,"type":"NPC","drops":[{"name":"Big bones","id":532,"quantity":1,"price":183}],"date":"Dec 22, 2022, 3:05:38 PM"}
{"name":"Ogre","level":58,"killCount":-1,"type":"NPC","drops":[{"name":"Big bones","id":532,"quantity":1,"price":183}],"date":"Dec 22, 2022, 3:07:52 PM"}
{"name":"Ogre","level":58,"killCount":-1,"type":"NPC","drops":[{"name":"Big bones","id":532,"quantity":1,"price":183}],"date":"Dec 22, 2022, 3:09:17 PM"}
{"name":"Ogre","level":58,"killCount":-1,"type":"NPC","drops":[{"name":"Big bones","id":532,"quantity":1,"price":183}],"date":"Dec 22, 2022, 6:27:26 PM"}
{"name":"Ogre","level":58,"killCount":-1,"type":"NPC","drops":[{"name":"Big bones","id":532,"quantity":1,"price":183}],"date":"Dec 22, 2022, 6:27:59 PM"}
{"name":"Ogre","level":58,"killCount":-1,"type":"NPC","drops":[{"name":"Big bones","id":532,"quantity":1,"price":183}],"date":"Dec 22, 2022, 6:28:31 PM"}
{"name":"Ogre","level":58,"killCount":-1,"type":"NPC","drops":[{"name":"Big bones","id":532,"quantity":1,"price":183}],"date":"Dec 22, 2022, 6:29:11 PM"}
{"name":"Ogre","level":58,"killCount":-1,"type":"NPC","drops":[{"name":"Big bones","id":532,"quantity":1,"price":183}],"date":"Dec 22, 2022, 9:40:07 PM"}
{"name":"Ogre","level":58,"killCount":-1,"type":"NPC","drops":[{"name":"Big bones","id":532,"quantity":1,"price":183},{"name":"Toadflax seed","id":5296,"quantity":1,"price":1272}],"date":"Dec 22, 2022, 9:40:58 PM"}
{"name":"Ogre","level":58,"killCount":-1,"type":"NPC","drops":[{"name":"Big bones","id":532,"quantity":1,"price":183}],"date":"Dec 22, 2022, 10:36:15 PM"}
{"name":"Ogre","level":58,"killCount":-1,"type":"NPC","drops":[{"name":"Big bones","id":532,"quantity":1,"price":183}],"date":"Dec 22, 2022, 10:38:01 PM"}
{"name":"Ogre","level":58,"killCount":-1,"type":"NPC","drops":[{"name":"Big bones","id":532,"quantity":1,"price":183}],"date":"Dec 22, 2022, 10:38:57 PM"}
{"name":"Ogre","level":58,"killCount":-1,"type":"NPC","drops":[{"name":"Big bones","id":532,"quantity":1,"price":183}],"date":"Dec 22, 2022, 10:39:35 PM"}
{"name":"Ogre","level":58,"killCount":-1,"type":"NPC","drops":[{"name":"Big bones","id":532,"quantity":1,"price":181}],"date":"Dec 23, 2022, 2:28:48 PM"}
{"name":"Ogre","level":58,"killCount":-1,"type":"NPC","drops":[{"name":"Big bones","id":532,"quantity":1,"price":181},{"name":"Ranarr seed","id":5295,"quantity":1,"price":30821}],"date":"Dec 23, 2022, 2:30:06 PM"}
{"name":"Ogre","level":58,"killCount":-1,"type":"NPC","drops":[{"name":"Big bones","id":532,"quantity":1,"price":181},{"name":"Wildblood seed","id":5311,"quantity":1,"price":36}],"date":"Dec 23, 2022, 2:30:35 PM"}
{"name":"Ogre","level":58,"killCount":-1,"type":"NPC","drops":[{"name":"Big bones","id":532,"quantity":1,"price":181}],"date":"Dec 23, 2022, 2:31:08 PM"}
{"name":"Ogre","level":58,"killCount":-1,"type":"NPC","drops":[{"name":"Big bones","id":532,"quantity":1,"price":181}],"date":"Dec 23, 2022, 3:32:22 PM"}
{"name":"Ogre","level":58,"killCount":-1,"type":"NPC","drops":[{"name":"Big bones","id":532,"quantity":1,"price":181}],"date":"Dec 23, 2022, 3:34:28 PM"}
{"name":"Ogre","level":58,"killCount":-1,"type":"NPC","drops":[{"name":"Big bones","id":532,"quantity":1,"price":177}],"date":"Dec 24, 2022, 1:37:48 PM"}
{"name":"Ogre","level":58,"killCount":-1,"type":"NPC","drops":[{"name":"Big bones","id":532,"quantity":1,"price":169},{"name":"Ensouled ogre head","id":13477,"quantity":1,"price":1360}],"date":"Dec 27, 2022, 7:58:51 PM"}
{"name":"Ogre","level":58,"killCount":-1,"type":"NPC","drops":[{"name":"Big bones","id":532,"quantity":1,"price":166}],"date":"Dec 27, 2022, 11:24:12 PM"}
{"name":"Ogre","level":58,"killCount":-1,"type":"NPC","drops":[{"name":"Big bones","id":532,"quantity":1,"price":166}],"date":"Dec 28, 2022, 12:42:52 AM"}
{"name":"Ogre","level":58,"killCount":-1,"type":"NPC","drops":[{"name":"Big bones","id":532,"quantity":1,"price":166}],"date":"Dec 28, 2022, 5:09:30 PM"}
{"name":"Ogre","level":58,"killCount":-1,"type":"NPC","drops":[{"name":"Big bones","id":532,"quantity":1,"price":166}],"date":"Dec 28, 2022, 6:16:07 PM"}
{"name":"Ogre","level":58,"killCount":-1,"type":"NPC","drops":[{"name":"Big bones","id":532,"quantity":1,"price":163}],"date":"Dec 28, 2022, 9:32:24 PM"}
{"name":"Ogre","level":58,"killCount":-1,"type":"NPC","drops":[{"name":"Big bones","id":532,"quantity":1,"price":163},{"name":"Snape grass seed","id":22879,"quantity":1,"price":2371}],"date":"Dec 28, 2022, 9:33:41 PM"}
{"name":"Ogre","level":58,"killCount":-1,"type":"NPC","drops":[{"name":"Big bones","id":532,"quantity":1,"price":163}],"date":"Dec 28, 2022, 9:34:54 PM"}
{"name":"Ogre","level":53,"killCount":-1,"type":"NPC","drops":[{"name":"Big bones","id":532,"quantity":1,"price":195},{"name":"Ranarr seed","id":5295,"quantity":1,"price":21997}],"date":"Feb 13, 2023, 10:46:43 PM"}
{"name":"Ogre","level":53,"killCount":-1,"type":"NPC","drops":[{"name":"Big bones","id":532,"quantity":1,"price":195},{"name":"Ensouled ogre head","id":13477,"quantity":1,"price":1129},{"name":"Watermelon seed","id":5321,"quantity":1,"price":16}],"date":"Feb 13, 2023, 10:46:55 PM"}
{"name":"Ogre","level":53,"killCount":-1,"type":"NPC","drops":[{"name":"Big bones","id":532,"quantity":1,"price":195}],"date":"Feb 13, 2023, 10:47:23 PM"}
{"name":"Ogre","level":53,"killCount":-1,"type":"NPC","drops":[{"name":"Big bones","id":532,"quantity":1,"price":195},{"name":"Snape grass seed","id":22879,"quantity":1,"price":4592}],"date":"Feb 13, 2023, 10:47:33 PM"}
{"name":"Ogre","level":58,"killCount":-1,"type":"NPC","drops":[{"name":"Big bones","id":532,"quantity":1,"price":266}],"date":"May 22, 2023, 2:17:22 PM"}
{"name":"Ogre","level":58,"killCount":-1,"type":"NPC","drops":[{"name":"Big bones","id":532,"quantity":1,"price":266}],"date":"May 22, 2023, 2:18:02 PM"}
{"name":"Ogre","level":58,"killCount":-1,"type":"NPC","drops":[{"name":"Big bones","id":532,"quantity":1,"price":266}],"date":"May 22, 2023, 2:18:32 PM"}
{"name":"Ogre","level":58,"killCount":-1,"type":"NPC","drops":[{"name":"Big bones","id":532,"quantity":1,"price":266}],"date":"May 22, 2023, 2:19:02 PM"}
{"name":"Ogre","level":58,"killCount":-1,"type":"NPC","drops":[{"name":"Big bones","id":532,"quantity":1,"price":266}],"date":"May 22, 2023, 2:19:31 PM"}
{"name":"Ogre","level":58,"killCount":-1,"type":"NPC","drops":[{"name":"Big bones","id":532,"quantity":1,"price":266}],"date":"May 22, 2023, 2:20:09 PM"}
{"name":"Ogre","level":53,"killCount":-1,"type":"NPC","drops":[{"name":"Big bones","id":532,"quantity":1,"price":265}],"date":"Nov 15, 2023, 11:55:34 AM"}
{"name":"Ogre","level":53,"killCount":-1,"type":"NPC","drops":[{"name":"Big bones","id":532,"quantity":1,"price":265}],"date":"Nov 15, 2023, 11:56:00 AM"}
{"name":"Ogre","level":53,"killCount":-1,"type":"NPC","drops":[{"name":"Big bones","id":532,"quantity":1,"price":265}],"date":"Nov 15, 2023, 11:56:15 AM"}
{"name":"Ogre","level":53,"killCount":-1,"type":"NPC","drops":[{"name":"Big bones","id":532,"quantity":1,"price":265}],"date":"Nov 15, 2023, 11:56:29 AM"}
{"name":"Ogre","level":53,"killCount":-1,"type":"NPC","drops":[{"name":"Big bones","id":532,"quantity":1,"price":265}],"date":"Nov 15, 2023, 11:56:52 AM"}
{"name":"Ogre","level":53,"killCount":-1,"type":"NPC","drops":[{"name":"Big bones","id":532,"quantity":1,"price":265}],"date":"Nov 15, 2023, 11:57:00 AM"}
{"name":"Ogre","level":53,"killCount":-1,"type":"NPC","drops":[{"name":"Big bones","id":532,"quantity":1,"price":265}],"date":"Nov 15, 2023, 11:57:15 AM"}
{"name":"Ogre","level":53,"killCount":-1,"type":"NPC","drops":[{"name":"Big bones","id":532,"quantity":1,"price":265}],"date":"Nov 15, 2023, 11:57:21 AM"}
{"name":"Ogre","level":53,"killCount":-1,"type":"NPC","drops":[{"name":"Big bones","id":532,"quantity":1,"price":265}],"date":"Nov 15, 2023, 11:57:35 AM"}
{"name":"Ogre","level":53,"killCount":-1,"type":"NPC","drops":[{"name":"Big bones","id":532,"quantity":1,"price":265}],"date":"Nov 15, 2023, 11:57:46 AM"}
{"name":"Ogre","level":53,"killCount":-1,"type":"NPC","drops":[{"name":"Big bones","id":532,"quantity":1,"price":265}],"date":"Nov 15, 2023, 11:58:03 AM"}
{"name":"Ogre","level":53,"killCount":-1,"type":"NPC","drops":[{"name":"Big bones","id":532,"quantity":1,"price":265}],"date":"Nov 15, 2023, 11:58:12 AM"}
{"name":"Ogre","level":53,"killCount":-1,"type":"NPC","drops":[{"name":"Big bones","id":532,"quantity":1,"price":265},{"name":"Marrentill seed","id":5292,"quantity":1,"price":2}],"date":"Nov 15, 2023, 11:58:27 AM"}
{"name":"Ogre","level":53,"killCount":-1,"type":"NPC","drops":[{"name":"Big bones","id":532,"quantity":1,"price":265}],"date":"Nov 15, 2023, 11:58:39 AM"}
{"name":"Ogre","level":53,"killCount":-1,"type":"NPC","drops":[{"name":"Big bones","id":532,"quantity":1,"price":265}],"date":"Nov 15, 2023, 11:58:54 AM"}
{"name":"Ogre","level":53,"killCount":-1,"type":"NPC","drops":[{"name":"Big bones","id":532,"quantity":1,"price":265}],"date":"Nov 15, 2023, 11:59:11 AM"}
{"name":"Ogre","level":53,"killCount":-1,"type":"NPC","drops":[{"name":"Big bones","id":532,"quantity":1,"price":265}],"date":"Nov 15, 2023, 11:59:57 AM"}
{"name":"Ogre","level":53,"killCount":-1,"type":"NPC","drops":[{"name":"Big bones","id":532,"quantity":1,"price":265}],"date":"Nov 15, 2023, 12:00:32 PM"}
{"name":"Ogre","level":53,"killCount":-1,"type":"NPC","drops":[{"name":"Big bones","id":532,"quantity":1,"price":265}],"date":"Nov 15, 2023, 12:00:42 PM"}
{"name":"Ogre","level":53,"killCount":-1,"type":"NPC","drops":[{"name":"Big bones","id":532,"quantity":1,"price":265}],"date":"Nov 15, 2023, 12:00:54 PM"}
{"name":"Ogre","level":53,"killCount":-1,"type":"NPC","drops":[{"name":"Big bones","id":532,"quantity":1,"price":265}],"date":"Nov 15, 2023, 12:01:03 PM"}
{"name":"Ogre","level":53,"killCount":-1,"type":"NPC","drops":[{"name":"Big bones","id":532,"quantity":1,"price":265}],"date":"Nov 15, 2023, 12:01:15 PM"}
{"name":"Ogre","level":53,"killCount":-1,"type":"NPC","drops":[{"name":"Big bones","id":532,"quantity":1,"price":265}],"date":"Nov 15, 2023, 12:01:40 PM"}
{"name":"Ogre","level":53,"killCount":-1,"type":"NPC","drops":[{"name":"Big bones","id":532,"quantity":1,"price":265}],"date":"Nov 15, 2023, 12:01:49 PM"}
{"name":"Ogre","level":53,"killCount":-1,"type":"NPC","drops":[{"name":"Big bones","id":532,"quantity":1,"price":265}],"date":"Nov 15, 2023, 12:01:57 PM"}
{"name":"Ogre","level":53,"killCount":-1,"type":"NPC","drops":[{"name":"Big bones","id":532,"quantity":1,"price":265}],"date":"Nov 15, 2023, 12:02:12 PM"}
{"name":"Ogre","level":53,"killCount":-1,"type":"NPC","drops":[{"name":"Big bones","id":532,"quantity":1,"price":265}],"date":"Nov 15, 2023, 12:02:20 PM"}
{"name":"Ogre","level":53,"killCount":-1,"type":"NPC","drops":[{"name":"Big bones","id":532,"quantity":1,"price":265}],"date":"Nov 15, 2023, 12:02:32 PM"}
{"name":"Ogre","level":53,"killCount":-1,"type":"NPC","drops":[{"name":"Big bones","id":532,"quantity":1,"price":265}],"date":"Nov 15, 2023, 12:02:43 PM"}
{"name":"Ogre","level":53,"killCount":-1,"type":"NPC","drops":[{"name":"Big bones","id":532,"quantity":1,"price":265},{"name":"Ensouled ogre head","id":13477,"quantity":1,"price":1216}],"date":"Nov 15, 2023, 12:02:55 PM"}
{"name":"Ogre","level":53,"killCount":-1,"type":"NPC","drops":[{"name":"Big bones","id":532,"quantity":1,"price":265}],"date":"Nov 15, 2023, 12:03:14 PM"}
{"name":"Ogre","level":53,"killCount":-1,"type":"NPC","drops":[{"name":"Big bones","id":532,"quantity":1,"price":265}],"date":"Nov 15, 2023, 12:03:28 PM"}
{"name":"Ogre","level":53,"killCount":-1,"type":"NPC","drops":[{"name":"Big bones","id":532,"quantity":1,"price":265}],"date":"Nov 15, 2023, 12:03:42 PM"}
{"name":"Ogre","level":53,"killCount":-1,"type":"NPC","drops":[{"name":"Big bones","id":532,"quantity":1,"price":265}],"date":"Nov 15, 2023, 12:03:59 PM"}
{"name":"Ogre","level":53,"killCount":-1,"type":"NPC","drops":[{"name":"Big bones","id":532,"quantity":1,"price":265},{"name":"Limpwurt seed","id":5100,"quantity":1,"price":5}],"date":"Nov 15, 2023, 12:04:11 PM"}
{"name":"Ogre","level":53,"killCount":-1,"type":"NPC","drops":[{"name":"Big bones","id":532,"quantity":1,"price":265}],"date":"Nov 15, 2023, 12:04:30 PM"}
{"name":"Ogre","level":53,"killCount":-1,"type":"NPC","drops":[{"name":"Big bones","id":532,"quantity":1,"price":265}],"date":"Nov 15, 2023, 12:04:41 PM"}
{"name":"Ogre","level":53,"killCount":-1,"type":"NPC","drops":[{"name":"Big bones","id":532,"quantity":1,"price":265}],"date":"Nov 15, 2023, 12:05:06 PM"}
{"name":"Ogre","level":53,"killCount":-1,"type":"NPC","drops":[{"name":"Big bones","id":532,"quantity":1,"price":265}],"date":"Nov 15, 2023, 12:05:13 PM"}
{"name":"Ogre","level":53,"killCount":-1,"type":"NPC","drops":[{"name":"Big bones","id":532,"quantity":1,"price":265}],"date":"Nov 15, 2023, 12:05:34 PM"}
{"name":"Ogre","level":53,"killCount":-1,"type":"NPC","drops":[{"name":"Big bones","id":532,"quantity":1,"price":265},{"name":"Strawberry seed","id":5323,"quantity":1,"price":2}],"date":"Nov 15, 2023, 12:05:48 PM"}
{"name":"Ogre","level":53,"killCount":-1,"type":"NPC","drops":[{"name":"Big bones","id":532,"quantity":1,"price":265}],"date":"Nov 15, 2023, 12:06:01 PM"}
{"name":"Ogre","level":53,"killCount":-1,"type":"NPC","drops":[{"name":"Big bones","id":532,"quantity":1,"price":265},{"name":"Poison ivy seed","id":5106,"quantity":1,"price":10}],"date":"Nov 15, 2023, 12:06:09 PM"}
{"name":"Ogre","level":53,"killCount":-1,"type":"NPC","drops":[{"name":"Big bones","id":532,"quantity":1,"price":265}],"date":"Nov 15, 2023, 12:06:23 PM"}
{"name":"Ogre","level":53,"killCount":-1,"type":"NPC","drops":[{"name":"Big bones","id":532,"quantity":1,"price":265}],"date":"Nov 15, 2023, 12:06:44 PM"}
{"name":"Ogre","level":53,"killCount":-1,"type":"NPC","drops":[{"name":"Big bones","id":532,"quantity":1,"price":265}],"date":"Nov 15, 2023, 12:06:55 PM"}
{"name":"Ogre","level":53,"killCount":-1,"type":"NPC","drops":[{"name":"Big bones","id":532,"quantity":1,"price":265}],"date":"Nov 15, 2023, 12:07:08 PM"}
{"name":"Ogre","level":53,"killCount":-1,"type":"NPC","drops":[{"name":"Big bones","id":532,"quantity":1,"price":265}],"date":"Nov 15, 2023, 12:07:18 PM"}
{"name":"Ogre","level":53,"killCount":-1,"type":"NPC","drops":[{"name":"Big bones","id":532,"quantity":1,"price":265},{"name":"Wildblood seed","id":5311,"quantity":1,"price":9}],"date":"Nov 15, 2023, 12:07:29 PM"}
{"name":"Ogre","level":53,"killCount":-1,"type":"NPC","drops":[{"name":"Big bones","id":532,"quantity":1,"price":265}],"date":"Nov 15, 2023, 12:07:41 PM"}
{"name":"Ogre","level":53,"killCount":-1,"type":"NPC","drops":[{"name":"Big bones","id":532,"quantity":1,"price":265}],"date":"Nov 15, 2023, 12:08:05 PM"}
{"name":"Ogre","level":53,"killCount":-1,"type":"NPC","drops":[{"name":"Big bones","id":532,"quantity":1,"price":265},{"name":"Limpwurt seed","id":5100,"quantity":1,"price":5}],"date":"Nov 15, 2023, 12:08:18 PM"}
{"name":"Ogre","level":53,"killCount":-1,"type":"NPC","drops":[{"name":"Big bones","id":532,"quantity":1,"price":265}],"date":"Nov 15, 2023, 12:08:26 PM"}
{"name":"Ogre","level":53,"killCount":-1,"type":"NPC","drops":[{"name":"Big bones","id":532,"quantity":1,"price":265},{"name":"Jangerberry seed","id":5104,"quantity":1,"price":1}],"date":"Nov 15, 2023, 12:08:49 PM"}
{"name":"Ogre","level":53,"killCount":-1,"type":"NPC","drops":[{"name":"Big bones","id":532,"quantity":1,"price":265}],"date":"Nov 15, 2023, 12:09:01 PM"}
{"name":"Ogre","level":53,"killCount":-1,"type":"NPC","drops":[{"name":"Big bones","id":532,"quantity":1,"price":265}],"date":"Nov 15, 2023, 12:09:32 PM"}
{"name":"Ogre","level":53,"killCount":-1,"type":"NPC","drops":[{"name":"Big bones","id":532,"quantity":1,"price":265}],"date":"Nov 15, 2023, 12:09:42 PM"}
{"name":"Ogre","level":53,"killCount":-1,"type":"NPC","drops":[{"name":"Big bones","id":532,"quantity":1,"price":265}],"date":"Nov 15, 2023, 12:09:55 PM"}
{"name":"Ogre","level":53,"killCount":-1,"type":"NPC","drops":[{"name":"Big bones","id":532,"quantity":1,"price":265},{"name":"Ensouled ogre head","id":13477,"quantity":1,"price":1216}],"date":"Nov 15, 2023, 12:10:13 PM"}
{"name":"Ogre","level":53,"killCount":-1,"type":"NPC","drops":[{"name":"Big bones","id":532,"quantity":1,"price":265}],"date":"Nov 15, 2023, 12:10:25 PM"}
{"name":"Ogre","level":53,"killCount":-1,"type":"NPC","drops":[{"name":"Big bones","id":532,"quantity":1,"price":265}],"date":"Nov 15, 2023, 12:10:34 PM"}
{"name":"Ogre","level":53,"killCount":-1,"type":"NPC","drops":[{"name":"Big bones","id":532,"quantity":1,"price":265},{"name":"Strawberry seed","id":5323,"quantity":1,"price":2}],"date":"Nov 15, 2023, 12:10:50 PM"}
{"name":"Ogre","level":53,"killCount":-1,"type":"NPC","drops":[{"name":"Big bones","id":532,"quantity":1,"price":265}],"date":"Nov 15, 2023, 12:11:21 PM"}
{"name":"Ogre","level":53,"killCount":-1,"type":"NPC","drops":[{"name":"Big bones","id":532,"quantity":1,"price":265}],"date":"Nov 15, 2023, 12:11:32 PM"}
{"name":"Ogre","level":53,"killCount":-1,"type":"NPC","drops":[{"name":"Big bones","id":532,"quantity":1,"price":265}],"date":"Nov 15, 2023, 12:11:40 PM"}
{"name":"Ogre","level":53,"killCount":-1,"type":"NPC","drops":[{"name":"Big bones","id":532,"quantity":1,"price":265}],"date":"Nov 15, 2023, 12:11:50 PM"}
{"name":"Ogre","level":53,"killCount":-1,"type":"NPC","drops":[{"name":"Big bones","id":532,"quantity":1,"price":265}],"date":"Nov 15, 2023, 12:12:01 PM"}
{"name":"Ogre","level":53,"killCount":-1,"type":"NPC","drops":[{"name":"Big bones","id":532,"quantity":1,"price":265}],"date":"Nov 15, 2023, 12:12:21 PM"}
{"name":"Ogre","level":53,"killCount":-1,"type":"NPC","drops":[{"name":"Big bones","id":532,"quantity":1,"price":265},{"name":"Limpwurt seed","id":5100,"quantity":1,"price":5}],"date":"Nov 15, 2023, 12:12:30 PM"}
{"name":"Ogre","level":53,"killCount":-1,"type":"NPC","drops":[{"name":"Big bones","id":532,"quantity":1,"price":265}],"date":"Nov 15, 2023, 12:12:53 PM"}
{"name":"Ogre","level":53,"killCount":-1,"type":"NPC","drops":[{"name":"Big bones","id":532,"quantity":1,"price":265}],"date":"Nov 15, 2023, 12:13:02 PM"}
{"name":"Ogre","level":53,"killCount":-1,"type":"NPC","drops":[{"name":"Big bones","id":532,"quantity":1,"price":265},{"name":"Ensouled ogre head","id":13477,"quantity":1,"price":1216}],"date":"Nov 15, 2023, 12:13:28 PM"}
{"name":"Ogre","level":53,"killCount":-1,"type":"NPC","drops":[{"name":"Big bones","id":532,"quantity":1,"price":265},{"name":"Kwuarm seed","id":5299,"quantity":1,"price":1533}],"date":"Nov 15, 2023, 12:13:52 PM"}
{"name":"Ogre","level":53,"killCount":-1,"type":"NPC","drops":[{"name":"Big bones","id":532,"quantity":1,"price":265}],"date":"Nov 15, 2023, 12:14:04 PM"}
{"name":"Ogre","level":53,"killCount":-1,"type":"NPC","drops":[{"name":"Big bones","id":532,"quantity":1,"price":265}],"date":"Nov 15, 2023, 12:14:18 PM"}
{"name":"Ogre","level":53,"killCount":-1,"type":"NPC","drops":[{"name":"Big bones","id":532,"quantity":1,"price":265}],"date":"Nov 15, 2023, 12:14:38 PM"}
{"name":"Ogre","level":53,"killCount":-1,"type":"NPC","drops":[{"name":"Big bones","id":532,"quantity":1,"price":265}],"date":"Nov 15, 2023, 12:14:51 PM"}
{"name":"Ogre","level":53,"killCount":-1,"type":"NPC","drops":[{"name":"Big bones","id":532,"quantity":1,"price":265}],"date":"Nov 15, 2023, 12:15:09 PM"}
{"name":"Ogre","level":53,"killCount":-1,"type":"NPC","drops":[{"name":"Big bones","id":532,"quantity":1,"price":265}],"date":"Nov 15, 2023, 12:15:24 PM"}
{"name":"Ogre","level":53,"killCount":-1,"type":"NPC","drops":[{"name":"Big bones","id":532,"quantity":1,"price":265}],"date":"Nov 15, 2023, 12:15:38 PM"}
{"name":"Ogre","level":53,"killCount":-1,"type":"NPC","drops":[{"name":"Big bones","id":532,"quantity":1,"price":265},{"name":"Kwuarm seed","id":5299,"quantity":1,"price":1533}],"date":"Nov 15, 2023, 12:15:51 PM"}
{"name":"Ogre","level":53,"killCount":-1,"type":"NPC","drops":[{"name":"Big bones","id":532,"quantity":1,"price":265}],"date":"Nov 15, 2023, 12:16:11 PM"}
{"name":"Ogre","level":53,"killCount":-1,"type":"NPC","drops":[{"name":"Big bones","id":532,"quantity":1,"price":265}],"date":"Nov 15, 2023, 12:16:42 PM"}
{"name":"Ogre","level":53,"killCount":-1,"type":"NPC","drops":[{"name":"Big bones","id":532,"quantity":1,"price":265},{"name":"Watermelon seed","id":5321,"quantity":1,"price":2}],"date":"Nov 15, 2023, 12:17:06 PM"}
{"name":"Ogre","level":53,"killCount":-1,"type":"NPC","drops":[{"name":"Big bones","id":532,"quantity":1,"price":265},{"name":"Tarromin seed","id":5293,"quantity":1,"price":9}],"date":"Nov 15, 2023, 12:17:17 PM"}
{"name":"Ogre","level":53,"killCount":-1,"type":"NPC","drops":[{"name":"Big bones","id":532,"quantity":1,"price":265}],"date":"Nov 15, 2023, 12:17:26 PM"}
{"name":"Ogre","level":53,"killCount":-1,"type":"NPC","drops":[{"name":"Big bones","id":532,"quantity":1,"price":254}],"date":"Nov 22, 2023, 10:11:40 AM"}
{"name":"Ogre","level":53,"killCount":-1,"type":"NPC","drops":[{"name":"Big bones","id":532,"quantity":1,"price":254}],"date":"Nov 22, 2023, 10:13:07 AM"}
{"name":"Ogre","level":53,"killCount":-1,"type":"NPC","drops":[{"name":"Big bones","id":532,"quantity":1,"price":254}],"date":"Nov 22, 2023, 4:07:44 PM"}
{"name":"Ogre","level":53,"killCount":-1,"type":"NPC","drops":[{"name":"Big bones","id":532,"quantity":1,"price":254}],"date":"Nov 22, 2023, 4:07:49 PM"}
{"name":"Ogre","level":53,"killCount":-1,"type":"NPC","drops":[{"name":"Big bones","id":532,"quantity":1,"price":254}],"date":"Nov 22, 2023, 4:07:57 PM"}
{"name":"Ogre","level":53,"killCount":-1,"type":"NPC","drops":[{"name":"Big bones","id":532,"quantity":1,"price":254}],"date":"Nov 22, 2023, 4:08:00 PM"}
{"name":"Ogre","level":53,"killCount":-1,"type":"NPC","drops":[{"name":"Big bones","id":532,"quantity":1,"price":254}],"date":"Nov 22, 2023, 4:08:04 PM"}
{"name":"Ogre","level":53,"killCount":-1,"type":"NPC","drops":[{"name":"Big bones","id":532,"quantity":1,"price":254}],"date":"Nov 22, 2023, 4:08:05 PM"}
{"name":"Ogre","level":53,"killCount":-1,"type":"NPC","drops":[{"name":"Big bones","id":532,"quantity":1,"price":254}],"date":"Nov 22, 2023, 4:08:13 PM"}
{"name":"Ogre","level":53,"killCount":-1,"type":"NPC","drops":[{"name":"Big bones","id":532,"quantity":1,"price":254}],"date":"Nov 22, 2023, 4:08:16 PM"}
{"name":"Ogre","level":53,"killCount":-1,"type":"NPC","drops":[{"name":"Big bones","id":532,"quantity":1,"price":254}],"date":"Nov 22, 2023, 4:08:23 PM"}
{"name":"Ogre","level":53,"killCount":-1,"type":"NPC","drops":[{"name":"Big bones","id":532,"quantity":1,"price":254}],"date":"Nov 22, 2023, 4:08:25 PM"}
{"name":"Ogre","level":53,"killCount":-1,"type":"NPC","drops":[{"name":"Big bones","id":532,"quantity":1,"price":254}],"date":"Nov 22, 2023, 4:08:28 PM"}
{"name":"Ogre","level":53,"killCount":-1,"type":"NPC","drops":[{"name":"Big bones","id":532,"quantity":1,"price":254}],"date":"Nov 22, 2023, 4:08:32 PM"}
{"name":"Ogre","level":53,"killCount":-1,"type":"NPC","drops":[{"name":"Big bones","id":532,"quantity":1,"price":254}],"date":"Nov 22, 2023, 4:08:39 PM"}
{"name":"Ogre","level":53,"killCount":-1,"type":"NPC","drops":[{"name":"Big bones","id":532,"quantity":1,"price":254}],"date":"Nov 22, 2023, 4:08:42 PM"}
{"name":"Ogre","level":53,"killCount":-1,"type":"NPC","drops":[{"name":"Big bones","id":532,"quantity":1,"price":254}],"date":"Nov 22, 2023, 4:08:51 PM"}
{"name":"Ogre","level":53,"killCount":-1,"type":"NPC","drops":[{"name":"Big bones","id":532,"quantity":1,"price":254},{"name":"Cactus seed","id":5280,"quantity":1,"price":48}],"date":"Nov 22, 2023, 4:08:54 PM"}
{"name":"Ogre","level":53,"killCount":-1,"type":"NPC","drops":[{"name":"Big bones","id":532,"quantity":1,"price":254},{"name":"Snapdragon seed","id":5300,"quantity":1,"price":29030}],"date":"Nov 22, 2023, 4:08:55 PM"}
{"name":"Ogre","level":53,"killCount":-1,"type":"NPC","drops":[{"name":"Big bones","id":532,"quantity":1,"price":254}],"date":"Nov 22, 2023, 4:08:59 PM"}
{"name":"Ogre","level":53,"killCount":-1,"type":"NPC","drops":[{"name":"Big bones","id":532,"quantity":1,"price":254}],"date":"Nov 22, 2023, 4:09:10 PM"}
{"name":"Ogre","level":53,"killCount":-1,"type":"NPC","drops":[{"name":"Big bones","id":532,"quantity":1,"price":254}],"date":"Nov 22, 2023, 4:09:12 PM"}
{"name":"Ogre","level":53,"killCount":-1,"type":"NPC","drops":[{"name":"Big bones","id":532,"quantity":1,"price":254}],"date":"Nov 22, 2023, 4:09:14 PM"}
{"name":"Ogre","level":53,"killCount":-1,"type":"NPC","drops":[{"name":"Big bones","id":532,"quantity":1,"price":254}],"date":"Nov 22, 2023, 4:09:19 PM"}
{"name":"Ogre","level":53,"killCount":-1,"type":"NPC","drops":[{"name":"Big bones","id":532,"quantity":1,"price":254}],"date":"Nov 22, 2023, 4:09:27 PM"}
{"name":"Ogre","level":53,"killCount":-1,"type":"NPC","drops":[{"name":"Big bones","id":532,"quantity":1,"price":254}],"date":"Nov 22, 2023, 4:09:30 PM"}
{"name":"Ogre","level":53,"killCount":-1,"type":"NPC","drops":[{"name":"Big bones","id":532,"quantity":1,"price":254}],"date":"Nov 22, 2023, 4:09:33 PM"}
{"name":"Ogre","level":53,"killCount":-1,"type":"NPC","drops":[{"name":"Big bones","id":532,"quantity":1,"price":254}],"date":"Nov 22, 2023, 4:09:35 PM"}
{"name":"Ogre","level":53,"killCount":-1,"type":"NPC","drops":[{"name":"Big bones","id":532,"quantity":1,"price":254}],"date":"Nov 22, 2023, 4:09:37 PM"}
{"name":"Ogre","level":53,"killCount":-1,"type":"NPC","drops":[{"name":"Big bones","id":532,"quantity":1,"price":254}],"date":"Nov 22, 2023, 4:09:51 PM"}
{"name":"Ogre","level":53,"killCount":-1,"type":"NPC","drops":[{"name":"Big bones","id":532,"quantity":1,"price":254}],"date":"Nov 22, 2023, 4:09:58 PM"}
{"name":"Ogre","level":53,"killCount":-1,"type":"NPC","drops":[{"name":"Big bones","id":532,"quantity":1,"price":254}],"date":"Nov 22, 2023, 4:10:03 PM"}
{"name":"Ogre","level":53,"killCount":-1,"type":"NPC","drops":[{"name":"Big bones","id":532,"quantity":1,"price":254}],"date":"Nov 22, 2023, 4:10:13 PM"}
{"name":"Ogre","level":53,"killCount":-1,"type":"NPC","drops":[{"name":"Big bones","id":532,"quantity":1,"price":254}],"date":"Nov 22, 2023, 4:10:14 PM"}
{"name":"Ogre","level":53,"killCount":-1,"type":"NPC","drops":[{"name":"Big bones","id":532,"quantity":1,"price":254}],"date":"Nov 22, 2023, 4:10:21 PM"}
{"name":"Ogre","level":53,"killCount":-1,"type":"NPC","drops":[{"name":"Big bones","id":532,"quantity":1,"price":254}],"date":"Nov 22, 2023, 4:10:24 PM"}
{"name":"Ogre","level":53,"killCount":-1,"type":"NPC","drops":[{"name":"Big bones","id":532,"quantity":1,"price":254}],"date":"Nov 22, 2023, 4:10:29 PM"}
{"name":"Ogre","level":53,"killCount":-1,"type":"NPC","drops":[{"name":"Big bones","id":532,"quantity":1,"price":254}],"date":"Nov 22, 2023, 4:10:34 PM"}
{"name":"Ogre","level":53,"killCount":-1,"type":"NPC","drops":[{"name":"Big bones","id":532,"quantity":1,"price":254}],"date":"Nov 22, 2023, 4:10:41 PM"}
{"name":"Ogre","level":53,"killCount":-1,"type":"NPC","drops":[{"name":"Big bones","id":532,"quantity":1,"price":254},{"name":"Limpwurt seed","id":5100,"quantity":1,"price":4}],"date":"Nov 22, 2023, 4:10:44 PM"}
{"name":"Ogre","level":53,"killCount":-1,"type":"NPC","drops":[{"name":"Big bones","id":532,"quantity":1,"price":254}],"date":"Nov 22, 2023, 4:10:46 PM"}
{"name":"Ogre","level":53,"killCount":-1,"type":"NPC","drops":[{"name":"Big bones","id":532,"quantity":1,"price":254}],"date":"Nov 22, 2023, 4:10:52 PM"}
{"name":"Ogre","level":53,"killCount":-1,"type":"NPC","drops":[{"name":"Big bones","id":532,"quantity":1,"price":254}],"date":"Nov 22, 2023, 4:10:54 PM"}
{"name":"Ogre","level":53,"killCount":-1,"type":"NPC","drops":[{"name":"Big bones","id":532,"quantity":1,"price":254}],"date":"Nov 22, 2023, 4:11:00 PM"}
{"name":"Ogre","level":53,"killCount":-1,"type":"NPC","drops":[{"name":"Big bones","id":532,"quantity":1,"price":254}],"date":"Nov 22, 2023, 4:11:09 PM"}
{"name":"Ogre","level":53,"killCount":-1,"type":"NPC","drops":[{"name":"Big bones","id":532,"quantity":1,"price":254}],"date":"Nov 22, 2023, 4:11:10 PM"}
{"name":"Ogre","level":53,"killCount":-1,"type":"NPC","drops":[{"name":"Big bones","id":532,"quantity":1,"price":254},{"name":"Ensouled ogre head","id":13477,"quantity":1,"price":1095}],"date":"Nov 22, 2023, 4:11:13 PM"}
{"name":"Ogre","level":53,"killCount":-1,"type":"NPC","drops":[{"name":"Big bones","id":532,"quantity":1,"price":254}],"date":"Nov 22, 2023, 4:11:18 PM"}
{"name":"Ogre","level":53,"killCount":-1,"type":"NPC","drops":[{"name":"Big bones","id":532,"quantity":1,"price":254}],"date":"Nov 22, 2023, 4:11:21 PM"}
{"name":"Ogre","level":53,"killCount":-1,"type":"NPC","drops":[{"name":"Big bones","id":532,"quantity":1,"price":254}],"date":"Nov 22, 2023, 4:11:25 PM"}
{"name":"Ogre","level":53,"killCount":-1,"type":"NPC","drops":[{"name":"Big bones","id":532,"quantity":1,"price":254}],"date":"Nov 22, 2023, 4:11:34 PM"}
{"name":"Ogre","level":53,"killCount":-1,"type":"NPC","drops":[{"name":"Big bones","id":532,"quantity":1,"price":254}],"date":"Nov 22, 2023, 4:11:42 PM"}
{"name":"Ogre","level":53,"killCount":-1,"type":"NPC","drops":[{"name":"Big bones","id":532,"quantity":1,"price":254}],"date":"Nov 22, 2023, 4:11:45 PM"}
{"name":"Ogre","level":53,"killCount":-1,"type":"NPC","drops":[{"name":"Big bones","id":532,"quantity":1,"price":254}],"date":"Nov 22, 2023, 4:11:49 PM"}
{"name":"Ogre","level":53,"killCount":-1,"type":"NPC","drops":[{"name":"Big bones","id":532,"quantity":1,"price":254}],"date":"Nov 22, 2023, 4:11:52 PM"}
{"name":"Ogre","level":53,"killCount":-1,"type":"NPC","drops":[{"name":"Big bones","id":532,"quantity":1,"price":254}],"date":"Nov 22, 2023, 4:12:07 PM"}
{"name":"Ogre","level":53,"killCount":-1,"type":"NPC","drops":[{"name":"Big bones","id":532,"quantity":1,"price":254}],"date":"Nov 22, 2023, 4:12:12 PM"}
{"name":"Ogre","level":53,"killCount":-1,"type":"NPC","drops":[{"name":"Big bones","id":532,"quantity":1,"price":254},{"name":"Harralander seed","id":5294,"quantity":1,"price":9}],"date":"Nov 22, 2023, 4:12:16 PM"}
{"name":"Ogre","level":53,"killCount":-1,"type":"NPC","drops":[{"name":"Big bones","id":532,"quantity":1,"price":254}],"date":"Nov 22, 2023, 4:12:19 PM"}
{"name":"Ogre","level":53,"killCount":-1,"type":"NPC","drops":[{"name":"Big bones","id":532,"quantity":1,"price":254}],"date":"Nov 22, 2023, 4:12:24 PM"}
{"name":"Ogre","level":53,"killCount":-1,"type":"NPC","drops":[{"name":"Big bones","id":532,"quantity":1,"price":254},{"name":"Wildblood seed","id":5311,"quantity":1,"price":9}],"date":"Nov 22, 2023, 4:12:31 PM"}
{"name":"Ogre","level":53,"killCount":-1,"type":"NPC","drops":[{"name":"Big bones","id":532,"quantity":1,"price":254}],"date":"Nov 22, 2023, 4:12:33 PM"}
{"name":"Ogre","level":53,"killCount":-1,"type":"NPC","drops":[{"name":"Big bones","id":532,"quantity":1,"price":254},{"name":"Ensouled ogre head","id":13477,"quantity":1,"price":1095}],"date":"Nov 22, 2023, 4:12:36 PM"}
{"name":"Ogre","level":53,"killCount":-1,"type":"NPC","drops":[{"name":"Big bones","id":532,"quantity":1,"price":254}],"date":"Nov 22, 2023, 4:12:40 PM"}
{"name":"Ogre","level":53,"killCount":-1,"type":"NPC","drops":[{"name":"Big bones","id":532,"quantity":1,"price":254}],"date":"Nov 22, 2023, 4:12:45 PM"}
{"name":"Ogre","level":53,"killCount":-1,"type":"NPC","drops":[{"name":"Big bones","id":532,"quantity":1,"price":254}],"date":"Nov 22, 2023, 4:12:51 PM"}
{"name":"Ogre","level":53,"killCount":-1,"type":"NPC","drops":[{"name":"Big bones","id":532,"quantity":1,"price":254}],"date":"Nov 22, 2023, 4:12:54 PM"}
{"name":"Ogre","level":53,"killCount":-1,"type":"NPC","drops":[{"name":"Big bones","id":532,"quantity":1,"price":254}],"date":"Nov 22, 2023, 4:12:58 PM"}
