{"name":"Ogress Shaman","level":82,"killCount":-1,"type":"NPC","drops":[{"name":"Big bones","id":532,"quantity":1,"price":237},{"name":"Death rune","id":560,"quantity":13,"price":197}],"date":"Mar 2, 2024, 2:00:24 PM"}
{"name":"Ogress Shaman","level":82,"killCount":-1,"type":"NPC","drops":[{"name":"Big bones","id":532,"quantity":1,"price":237},{"name":"Uncut diamond","id":1617,"quantity":1,"price":2045}],"date":"Mar 2, 2024, 2:01:22 PM"}
{"name":"Ogress Shaman","level":82,"killCount":-1,"type":"NPC","drops":[{"name":"Big bones","id":532,"quantity":1,"price":237},{"name":"Strawberry seed","id":5323,"quantity":1,"price":2}],"date":"Mar 2, 2024, 2:02:03 PM"}
{"name":"Ogress Shaman","level":82,"killCount":-1,"type":"NPC","drops":[{"name":"Big bones","id":532,"quantity":1,"price":237},{"name":"Nature rune","id":561,"quantity":12,"price":173}],"date":"Mar 2, 2024, 2:02:41 PM"}
{"name":"Ogress Shaman","level":82,"killCount":-1,"type":"NPC","drops":[{"name":"Big bones","id":532,"quantity":1,"price":237},{"name":"Uncut ruby","id":1619,"quantity":1,"price":895}],"date":"Mar 2, 2024, 2:03:24 PM"}
{"name":"Ogress Shaman","level":82,"killCount":-1,"type":"NPC","drops":[{"name":"Big bones","id":532,"quantity":1,"price":237},{"name":"Water rune","id":555,"quantity":15,"price":5}],"date":"Mar 2, 2024, 2:04:40 PM"}
{"name":"Ogress Shaman","level":82,"killCount":-1,"type":"NPC","drops":[{"name":"Big bones","id":532,"quantity":1,"price":237},{"name":"Mithril kiteshield","id":1197,"quantity":1,"price":966}],"date":"Mar 2, 2024, 2:04:54 PM"}
{"name":"Ogress Shaman","level":82,"killCount":-1,"type":"NPC","drops":[{"name":"Big bones","id":532,"quantity":1,"price":237},{"name":"Salmon","id":329,"quantity":1,"price":74},{"name":"Salmon","id":329,"quantity":1,"price":74},{"name":"Steel arrow","id":886,"quantity":18,"price":25}],"date":"Mar 2, 2024, 2:05:31 PM"}
{"name":"Ogress Shaman","level":82,"killCount":-1,"type":"NPC","drops":[{"name":"Big bones","id":532,"quantity":1,"price":237},{"name":"Uncut diamond","id":1617,"quantity":1,"price":2045}],"date":"Mar 2, 2024, 2:05:48 PM"}
{"name":"Ogress Shaman","level":82,"killCount":-1,"type":"NPC","drops":[{"name":"Big bones","id":532,"quantity":1,"price":237},{"name":"Rune battleaxe","id":1373,"quantity":1,"price":24371},{"name":"Uncut diamond","id":1617,"quantity":1,"price":2045}],"date":"Mar 2, 2024, 2:06:18 PM"}
{"name":"Ogress Shaman","level":82,"killCount":-1,"type":"NPC","drops":[{"name":"Big bones","id":532,"quantity":1,"price":237},{"name":"Steel arrow","id":886,"quantity":24,"price":25}],"date":"Mar 2, 2024, 2:06:27 PM"}
{"name":"Ogress Shaman","level":82,"killCount":-1,"type":"NPC","drops":[{"name":"Big bones","id":532,"quantity":1,"price":237},{"name":"Uncut sapphire","id":1623,"quantity":1,"price":233}],"date":"Mar 2, 2024, 2:07:12 PM"}
{"name":"Ogress Shaman","level":82,"killCount":-1,"type":"NPC","drops":[{"name":"Big bones","id":532,"quantity":1,"price":237},{"name":"Nature rune","id":561,"quantity":10,"price":173}],"date":"Mar 2, 2024, 2:08:02 PM"}
{"name":"Ogress Shaman","level":82,"killCount":-1,"type":"NPC","drops":[{"name":"Big bones","id":532,"quantity":1,"price":237},{"name":"Coins","id":995,"quantity":919,"price":1}],"date":"Mar 2, 2024, 2:08:55 PM"}
{"name":"Ogress Shaman","level":82,"killCount":-1,"type":"NPC","drops":[{"name":"Big bones","id":532,"quantity":1,"price":237},{"name":"Harralander seed","id":5294,"quantity":1,"price":9}],"date":"Mar 2, 2024, 2:09:54 PM"}
{"name":"Ogress Shaman","level":82,"killCount":-1,"type":"NPC","drops":[{"name":"Big bones","id":532,"quantity":1,"price":237},{"name":"Rune med helm","id":1147,"quantity":1,"price":10975},{"name":"Fire rune","id":554,"quantity":20,"price":5}],"date":"Mar 2, 2024, 2:10:25 PM"}
{"name":"Ogress Shaman","level":82,"killCount":-1,"type":"NPC","drops":[{"name":"Big bones","id":532,"quantity":1,"price":237},{"name":"Limpwurt root","id":225,"quantity":1,"price":348}],"date":"Mar 2, 2024, 2:11:15 PM"}
{"name":"Ogress Shaman","level":82,"killCount":-1,"type":"NPC","drops":[{"name":"Big bones","id":532,"quantity":1,"price":237},{"name":"Water rune","id":555,"quantity":19,"price":5}],"date":"Mar 2, 2024, 2:11:52 PM"}
{"name":"Ogress Shaman","level":82,"killCount":-1,"type":"NPC","drops":[{"name":"Big bones","id":532,"quantity":1,"price":237},{"name":"Limpwurt root","id":225,"quantity":1,"price":348}],"date":"Mar 2, 2024, 2:12:30 PM"}
{"name":"Ogress Shaman","level":82,"killCount":-1,"type":"NPC","drops":[{"name":"Big bones","id":532,"quantity":1,"price":237},{"name":"Mithril kiteshield","id":1197,"quantity":1,"price":966}],"date":"Mar 2, 2024, 2:13:13 PM"}
{"name":"Ogress Shaman","level":82,"killCount":-1,"type":"NPC","drops":[{"name":"Big bones","id":532,"quantity":1,"price":237},{"name":"Mind rune","id":558,"quantity":13,"price":2}],"date":"Mar 2, 2024, 2:14:13 PM"}
{"name":"Ogress Shaman","level":82,"killCount":-1,"type":"NPC","drops":[{"name":"Big bones","id":532,"quantity":1,"price":237},{"name":"Limpwurt root","id":225,"quantity":1,"price":348}],"date":"Mar 2, 2024, 2:14:52 PM"}
{"name":"Ogress Shaman","level":82,"killCount":-1,"type":"NPC","drops":[{"name":"Big bones","id":532,"quantity":1,"price":237},{"name":"Earth rune","id":557,"quantity":12,"price":4}],"date":"Mar 2, 2024, 2:15:01 PM"}
{"name":"Ogress Shaman","level":82,"killCount":-1,"type":"NPC","drops":[{"name":"Big bones","id":532,"quantity":1,"price":237},{"name":"Death rune","id":560,"quantity":11,"price":197}],"date":"Mar 2, 2024, 2:15:44 PM"}
{"name":"Ogress Shaman","level":82,"killCount":-1,"type":"NPC","drops":[{"name":"Big bones","id":532,"quantity":1,"price":237},{"name":"Earth rune","id":557,"quantity":15,"price":4}],"date":"Mar 2, 2024, 2:16:27 PM"}
{"name":"Ogress Shaman","level":82,"killCount":-1,"type":"NPC","drops":[{"name":"Big bones","id":532,"quantity":1,"price":237},{"name":"Water rune","id":555,"quantity":13,"price":5}],"date":"Mar 2, 2024, 2:16:49 PM"}
{"name":"Ogress Shaman","level":82,"killCount":-1,"type":"NPC","drops":[{"name":"Big bones","id":532,"quantity":1,"price":237},{"name":"Air rune","id":556,"quantity":13,"price":5}],"date":"Mar 2, 2024, 2:17:39 PM"}
{"name":"Ogress Shaman","level":82,"killCount":-1,"type":"NPC","drops":[{"name":"Big bones","id":532,"quantity":1,"price":237},{"name":"Iron arrow","id":884,"quantity":30,"price":5}],"date":"Mar 2, 2024, 2:18:06 PM"}
{"name":"Ogress Shaman","level":82,"killCount":-1,"type":"NPC","drops":[{"name":"Big bones","id":532,"quantity":1,"price":237},{"name":"Mithril kiteshield","id":1197,"quantity":1,"price":966}],"date":"Mar 2, 2024, 2:18:52 PM"}
{"name":"Ogress Shaman","level":82,"killCount":-1,"type":"NPC","drops":[{"name":"Big bones","id":532,"quantity":1,"price":237},{"name":"Chaos rune","id":562,"quantity":27,"price":96}],"date":"Mar 2, 2024, 2:19:37 PM"}
{"name":"Ogress Shaman","level":82,"killCount":-1,"type":"NPC","drops":[{"name":"Big bones","id":532,"quantity":1,"price":237},{"name":"Limpwurt root","id":225,"quantity":1,"price":348}],"date":"Mar 2, 2024, 2:20:05 PM"}
{"name":"Ogress Shaman","level":82,"killCount":-1,"type":"NPC","drops":[{"name":"Big bones","id":532,"quantity":1,"price":237},{"name":"Chaos rune","id":562,"quantity":25,"price":96}],"date":"Mar 2, 2024, 2:20:15 PM"}
{"name":"Ogress Shaman","level":82,"killCount":-1,"type":"NPC","drops":[{"name":"Big bones","id":532,"quantity":1,"price":237},{"name":"Mind rune","id":558,"quantity":10,"price":2}],"date":"Mar 2, 2024, 2:21:04 PM"}
{"name":"Ogress Shaman","level":82,"killCount":-1,"type":"NPC","drops":[{"name":"Big bones","id":532,"quantity":1,"price":237},{"name":"Mithril kiteshield","id":1197,"quantity":1,"price":966}],"date":"Mar 2, 2024, 2:22:08 PM"}
{"name":"Ogress Shaman","level":82,"killCount":-1,"type":"NPC","drops":[{"name":"Big bones","id":532,"quantity":1,"price":237},{"name":"Mind rune","id":558,"quantity":13,"price":2}],"date":"Mar 2, 2024, 2:23:18 PM"}
{"name":"Ogress Shaman","level":82,"killCount":-1,"type":"NPC","drops":[{"name":"Big bones","id":532,"quantity":1,"price":237},{"name":"Death rune","id":560,"quantity":9,"price":197}],"date":"Mar 2, 2024, 2:24:18 PM"}
{"name":"Ogress Shaman","level":82,"killCount":-1,"type":"NPC","drops":[{"name":"Big bones","id":532,"quantity":1,"price":237},{"name":"Fire rune","id":554,"quantity":10,"price":5}],"date":"Mar 2, 2024, 2:24:37 PM"}
{"name":"Ogress Shaman","level":82,"killCount":-1,"type":"NPC","drops":[{"name":"Big bones","id":532,"quantity":1,"price":237},{"name":"Marrentill seed","id":5292,"quantity":1,"price":8}],"date":"Mar 2, 2024, 2:25:05 PM"}
{"name":"Ogress Shaman","level":82,"killCount":-1,"type":"NPC","drops":[{"name":"Big bones","id":532,"quantity":1,"price":237},{"name":"Cosmic rune","id":564,"quantity":15,"price":124}],"date":"Mar 2, 2024, 2:25:20 PM"}
{"name":"Ogress Shaman","level":82,"killCount":-1,"type":"NPC","drops":[{"name":"Big bones","id":532,"quantity":1,"price":237},{"name":"Chaos rune","id":562,"quantity":27,"price":96}],"date":"Mar 2, 2024, 2:25:40 PM"}
{"name":"Ogress Shaman","level":82,"killCount":-1,"type":"NPC","drops":[{"name":"Big bones","id":532,"quantity":1,"price":237},{"name":"Mind rune","id":558,"quantity":19,"price":2}],"date":"Mar 2, 2024, 2:25:55 PM"}
{"name":"Ogress Shaman","level":82,"killCount":-1,"type":"NPC","drops":[{"name":"Big bones","id":532,"quantity":1,"price":237},{"name":"Uncut ruby","id":1619,"quantity":1,"price":895}],"date":"Mar 2, 2024, 2:26:30 PM"}
{"name":"Ogress Shaman","level":82,"killCount":-1,"type":"NPC","drops":[{"name":"Big bones","id":532,"quantity":1,"price":237},{"name":"Cosmic rune","id":564,"quantity":12,"price":124}],"date":"Mar 2, 2024, 2:27:44 PM"}
{"name":"Ogress Shaman","level":82,"killCount":-1,"type":"NPC","drops":[{"name":"Big bones","id":532,"quantity":1,"price":237},{"name":"Chaos rune","id":562,"quantity":20,"price":96}],"date":"Mar 2, 2024, 2:27:58 PM"}
{"name":"Ogress Shaman","level":82,"killCount":-1,"type":"NPC","drops":[{"name":"Big bones","id":532,"quantity":1,"price":237},{"name":"Rune med helm","id":1147,"quantity":1,"price":10975},{"name":"Strawberry seed","id":5323,"quantity":1,"price":2}],"date":"Mar 2, 2024, 2:28:36 PM"}
{"name":"Ogress Shaman","level":82,"killCount":-1,"type":"NPC","drops":[{"name":"Big bones","id":532,"quantity":1,"price":237},{"name":"Coins","id":995,"quantity":794,"price":1}],"date":"Mar 2, 2024, 2:30:21 PM"}
{"name":"Ogress Shaman","level":82,"killCount":-1,"type":"NPC","drops":[{"name":"Big bones","id":532,"quantity":1,"price":237},{"name":"Mithril arrow","id":888,"quantity":7,"price":3}],"date":"Mar 2, 2024, 2:30:59 PM"}
{"name":"Ogress Shaman","level":82,"killCount":-1,"type":"NPC","drops":[{"name":"Big bones","id":532,"quantity":1,"price":237},{"name":"Iron arrow","id":884,"quantity":22,"price":5}],"date":"Mar 2, 2024, 2:31:50 PM"}
{"name":"Ogress Shaman","level":82,"killCount":-1,"type":"NPC","drops":[{"name":"Big bones","id":532,"quantity":1,"price":237},{"name":"Law rune","id":563,"quantity":11,"price":142}],"date":"Mar 2, 2024, 2:32:02 PM"}
{"name":"Ogress Shaman","level":82,"killCount":-1,"type":"NPC","drops":[{"name":"Big bones","id":532,"quantity":1,"price":237},{"name":"Mithril kiteshield","id":1197,"quantity":1,"price":966}],"date":"Mar 2, 2024, 2:33:07 PM"}
{"name":"Ogress Shaman","level":82,"killCount":-1,"type":"NPC","drops":[{"name":"Big bones","id":532,"quantity":1,"price":237},{"name":"Salmon","id":329,"quantity":1,"price":74},{"name":"Salmon","id":329,"quantity":1,"price":74},{"name":"Earth rune","id":557,"quantity":15,"price":4}],"date":"Mar 2, 2024, 2:33:31 PM"}
{"name":"Ogress Shaman","level":82,"killCount":-1,"type":"NPC","drops":[{"name":"Big bones","id":532,"quantity":1,"price":237},{"name":"Iron arrow","id":884,"quantity":33,"price":5}],"date":"Mar 2, 2024, 2:33:47 PM"}
{"name":"Ogress Shaman","level":82,"killCount":-1,"type":"NPC","drops":[{"name":"Big bones","id":532,"quantity":1,"price":237},{"name":"Iron arrow","id":884,"quantity":40,"price":5}],"date":"Mar 2, 2024, 2:34:30 PM"}
{"name":"Ogress Shaman","level":82,"killCount":-1,"type":"NPC","drops":[{"name":"Big bones","id":532,"quantity":1,"price":237},{"name":"Water rune","id":555,"quantity":10,"price":5}],"date":"Mar 2, 2024, 2:35:08 PM"}
{"name":"Ogress Shaman","level":82,"killCount":-1,"type":"NPC","drops":[{"name":"Big bones","id":532,"quantity":1,"price":237},{"name":"Coins","id":995,"quantity":631,"price":1}],"date":"Mar 2, 2024, 2:35:27 PM"}
{"name":"Ogress Shaman","level":82,"killCount":-1,"type":"NPC","drops":[{"name":"Long bone","id":10976,"quantity":1,"price":1000},{"name":"Big bones","id":532,"quantity":1,"price":237},{"name":"Nature rune","id":561,"quantity":12,"price":173}],"date":"Mar 2, 2024, 2:36:17 PM"}
{"name":"Ogress Shaman","level":82,"killCount":-1,"type":"NPC","drops":[{"name":"Big bones","id":532,"quantity":1,"price":237},{"name":"Uncut diamond","id":1617,"quantity":1,"price":2045}],"date":"Mar 2, 2024, 2:36:33 PM"}
{"name":"Ogress Shaman","level":82,"killCount":-1,"type":"NPC","drops":[{"name":"Big bones","id":532,"quantity":1,"price":237},{"name":"Nature rune","id":561,"quantity":9,"price":173}],"date":"Mar 2, 2024, 2:37:01 PM"}
{"name":"Ogress Shaman","level":82,"killCount":-1,"type":"NPC","drops":[{"name":"Big bones","id":532,"quantity":1,"price":237},{"name":"Coins","id":995,"quantity":794,"price":1}],"date":"Mar 2, 2024, 2:37:35 PM"}
{"name":"Ogress Shaman","level":82,"killCount":-1,"type":"NPC","drops":[{"name":"Big bones","id":532,"quantity":1,"price":237},{"name":"Mithril kiteshield","id":1197,"quantity":1,"price":966}],"date":"Mar 2, 2024, 2:38:23 PM"}
{"name":"Ogress Shaman","level":82,"killCount":-1,"type":"NPC","drops":[{"name":"Big bones","id":532,"quantity":1,"price":237},{"name":"Mithril kiteshield","id":1197,"quantity":1,"price":966}],"date":"Mar 2, 2024, 2:39:16 PM"}
{"name":"Ogress Shaman","level":82,"killCount":-1,"type":"NPC","drops":[{"name":"Big bones","id":532,"quantity":1,"price":237},{"name":"Fire rune","id":554,"quantity":15,"price":5}],"date":"Mar 2, 2024, 2:40:15 PM"}
{"name":"Ogress Shaman","level":82,"killCount":-1,"type":"NPC","drops":[{"name":"Big bones","id":532,"quantity":1,"price":237},{"name":"Ensouled ogre head","id":13477,"quantity":1,"price":1758},{"name":"Uncut ruby","id":1619,"quantity":1,"price":895}],"date":"Mar 2, 2024, 2:42:03 PM"}
{"name":"Ogress Shaman","level":82,"killCount":-1,"type":"NPC","drops":[{"name":"Big bones","id":532,"quantity":1,"price":237},{"name":"Strawberry seed","id":5323,"quantity":1,"price":2}],"date":"Mar 2, 2024, 2:42:57 PM"}
{"name":"Ogress Shaman","level":82,"killCount":-1,"type":"NPC","drops":[{"name":"Big bones","id":532,"quantity":1,"price":237},{"name":"Marrentill seed","id":5292,"quantity":1,"price":8}],"date":"Mar 2, 2024, 2:43:11 PM"}
{"name":"Ogress Shaman","level":82,"killCount":-1,"type":"NPC","drops":[{"name":"Big bones","id":532,"quantity":1,"price":237},{"name":"Mithril arrow","id":888,"quantity":11,"price":3}],"date":"Mar 2, 2024, 2:43:48 PM"}
{"name":"Ogress Shaman","level":82,"killCount":-1,"type":"NPC","drops":[{"name":"Big bones","id":532,"quantity":1,"price":237},{"name":"Chaos rune","id":562,"quantity":30,"price":96}],"date":"Mar 2, 2024, 2:44:38 PM"}
{"name":"Ogress Shaman","level":82,"killCount":-1,"type":"NPC","drops":[{"name":"Big bones","id":532,"quantity":1,"price":237},{"name":"Water rune","id":555,"quantity":19,"price":5}],"date":"Mar 2, 2024, 2:45:24 PM"}
{"name":"Ogress Shaman","level":82,"killCount":-1,"type":"NPC","drops":[{"name":"Big bones","id":532,"quantity":1,"price":237},{"name":"Fire rune","id":554,"quantity":15,"price":5}],"date":"Mar 2, 2024, 2:46:18 PM"}
{"name":"Ogress Shaman","level":82,"killCount":-1,"type":"NPC","drops":[{"name":"Big bones","id":532,"quantity":1,"price":237},{"name":"Salmon","id":329,"quantity":1,"price":74},{"name":"Salmon","id":329,"quantity":1,"price":74},{"name":"Nature rune","id":561,"quantity":8,"price":173}],"date":"Mar 2, 2024, 2:46:57 PM"}
{"name":"Ogress Shaman","level":82,"killCount":-1,"type":"NPC","drops":[{"name":"Big bones","id":532,"quantity":1,"price":237},{"name":"Rune med helm","id":1147,"quantity":1,"price":10975},{"name":"Chaos rune","id":562,"quantity":29,"price":96}],"date":"Mar 2, 2024, 2:47:32 PM"}
{"name":"Ogress Shaman","level":82,"killCount":-1,"type":"NPC","drops":[{"name":"Big bones","id":532,"quantity":1,"price":237},{"name":"Death rune","id":560,"quantity":14,"price":197}],"date":"Mar 2, 2024, 2:48:28 PM"}
{"name":"Ogress Shaman","level":82,"killCount":-1,"type":"NPC","drops":[{"name":"Big bones","id":532,"quantity":1,"price":237},{"name":"Limpwurt root","id":225,"quantity":1,"price":348}],"date":"Mar 2, 2024, 2:49:21 PM"}
{"name":"Ogress Shaman","level":82,"killCount":-1,"type":"NPC","drops":[{"name":"Big bones","id":532,"quantity":1,"price":237},{"name":"Uncut ruby","id":1619,"quantity":1,"price":895}],"date":"Mar 2, 2024, 2:50:17 PM"}
{"name":"Ogress Shaman","level":82,"killCount":-1,"type":"NPC","drops":[{"name":"Big bones","id":532,"quantity":1,"price":237},{"name":"Air rune","id":556,"quantity":12,"price":5}],"date":"Mar 2, 2024, 2:51:05 PM"}
{"name":"Ogress Shaman","level":82,"killCount":-1,"type":"NPC","drops":[{"name":"Big bones","id":532,"quantity":1,"price":237},{"name":"Mithril arrow","id":888,"quantity":7,"price":3}],"date":"Mar 2, 2024, 2:51:47 PM"}
{"name":"Ogress Shaman","level":82,"killCount":-1,"type":"NPC","drops":[{"name":"Big bones","id":532,"quantity":1,"price":237},{"name":"Marrentill seed","id":5292,"quantity":1,"price":8}],"date":"Mar 2, 2024, 2:52:49 PM"}
{"name":"Ogress Shaman","level":82,"killCount":-1,"type":"NPC","drops":[{"name":"Big bones","id":532,"quantity":1,"price":237},{"name":"Cosmic rune","id":564,"quantity":10,"price":124}],"date":"Mar 2, 2024, 2:54:08 PM"}
{"name":"Ogress Shaman","level":82,"killCount":-1,"type":"NPC","drops":[{"name":"Big bones","id":532,"quantity":1,"price":237},{"name":"Rune full helm","id":1163,"quantity":1,"price":20438},{"name":"Uncut sapphire","id":1623,"quantity":1,"price":233}],"date":"Mar 2, 2024, 2:54:48 PM"}
{"name":"Ogress Shaman","level":82,"killCount":-1,"type":"NPC","drops":[{"name":"Big bones","id":532,"quantity":1,"price":237},{"name":"Iron arrow","id":884,"quantity":28,"price":5}],"date":"Mar 2, 2024, 2:55:38 PM"}
{"name":"Ogress Shaman","level":82,"killCount":-1,"type":"NPC","drops":[{"name":"Big bones","id":532,"quantity":1,"price":237},{"name":"Earth rune","id":557,"quantity":15,"price":4}],"date":"Mar 2, 2024, 2:56:24 PM"}
{"name":"Ogress Shaman","level":82,"killCount":-1,"type":"NPC","drops":[{"name":"Big bones","id":532,"quantity":1,"price":237},{"name":"Mithril arrow","id":888,"quantity":15,"price":3}],"date":"Mar 2, 2024, 2:56:38 PM"}
{"name":"Ogress Shaman","level":82,"killCount":-1,"type":"NPC","drops":[{"name":"Big bones","id":532,"quantity":1,"price":237},{"name":"Steel arrow","id":886,"quantity":23,"price":25}],"date":"Mar 2, 2024, 2:57:11 PM"}
{"name":"Ogress Shaman","level":82,"killCount":-1,"type":"NPC","drops":[{"name":"Big bones","id":532,"quantity":1,"price":237},{"name":"Mithril kiteshield","id":1197,"quantity":1,"price":966}],"date":"Mar 2, 2024, 2:57:20 PM"}
{"name":"Ogress Shaman","level":82,"killCount":-1,"type":"NPC","drops":[{"name":"Big bones","id":532,"quantity":1,"price":237},{"name":"Chaos rune","id":562,"quantity":22,"price":96}],"date":"Mar 2, 2024, 2:57:40 PM"}
{"name":"Ogress Shaman","level":82,"killCount":-1,"type":"NPC","drops":[{"name":"Big bones","id":532,"quantity":1,"price":237},{"name":"Law rune","id":563,"quantity":9,"price":142}],"date":"Mar 2, 2024, 2:57:52 PM"}
{"name":"Ogress Shaman","level":82,"killCount":-1,"type":"NPC","drops":[{"name":"Big bones","id":532,"quantity":1,"price":237},{"name":"Law rune","id":563,"quantity":8,"price":142}],"date":"Mar 2, 2024, 2:58:30 PM"}
{"name":"Ogress Shaman","level":82,"killCount":-1,"type":"NPC","drops":[{"name":"Big bones","id":532,"quantity":1,"price":237},{"name":"Uncut ruby","id":1619,"quantity":1,"price":895}],"date":"Mar 2, 2024, 2:58:47 PM"}
{"name":"Ogress Shaman","level":82,"killCount":-1,"type":"NPC","drops":[{"name":"Big bones","id":532,"quantity":1,"price":237},{"name":"Nature rune","id":561,"quantity":8,"price":173}],"date":"Mar 2, 2024, 2:59:21 PM"}
{"name":"Ogress Shaman","level":82,"killCount":-1,"type":"NPC","drops":[{"name":"Big bones","id":532,"quantity":1,"price":237},{"name":"Steel arrow","id":886,"quantity":25,"price":25}],"date":"Mar 2, 2024, 2:59:59 PM"}
{"name":"Ogress Shaman","level":82,"killCount":-1,"type":"NPC","drops":[{"name":"Big bones","id":532,"quantity":1,"price":237},{"name":"Nature rune","id":561,"quantity":15,"price":173}],"date":"Mar 2, 2024, 3:00:37 PM"}
{"name":"Ogress Shaman","level":82,"killCount":-1,"type":"NPC","drops":[{"name":"Big bones","id":532,"quantity":1,"price":237},{"name":"Law rune","id":563,"quantity":12,"price":142}],"date":"Mar 2, 2024, 3:01:04 PM"}
{"name":"Ogress Shaman","level":82,"killCount":-1,"type":"NPC","drops":[{"name":"Big bones","id":532,"quantity":1,"price":237},{"name":"Uncut diamond","id":1617,"quantity":1,"price":2045}],"date":"Mar 2, 2024, 3:01:57 PM"}
{"name":"Ogress Shaman","level":82,"killCount":-1,"type":"NPC","drops":[{"name":"Big bones","id":532,"quantity":1,"price":237},{"name":"Death rune","id":560,"quantity":14,"price":197}],"date":"Mar 2, 2024, 3:02:58 PM"}
{"name":"Ogress Shaman","level":82,"killCount":-1,"type":"NPC","drops":[{"name":"Big bones","id":532,"quantity":1,"price":237},{"name":"Belladonna seed","id":5281,"quantity":1,"price":82}],"date":"Mar 2, 2024, 3:03:11 PM"}
{"name":"Ogress Shaman","level":82,"killCount":-1,"type":"NPC","drops":[{"name":"Big bones","id":532,"quantity":1,"price":237},{"name":"Law rune","id":563,"quantity":11,"price":142}],"date":"Mar 2, 2024, 3:04:14 PM"}
{"name":"Ogress Shaman","level":82,"killCount":-1,"type":"NPC","drops":[{"name":"Big bones","id":532,"quantity":1,"price":237},{"name":"Mithril arrow","id":888,"quantity":13,"price":3}],"date":"Mar 2, 2024, 3:05:12 PM"}
{"name":"Ogress Shaman","level":82,"killCount":-1,"type":"NPC","drops":[{"name":"Big bones","id":532,"quantity":1,"price":237},{"name":"Fire rune","id":554,"quantity":10,"price":5}],"date":"Mar 2, 2024, 3:06:04 PM"}
{"name":"Ogress Shaman","level":82,"killCount":-1,"type":"NPC","drops":[{"name":"Big bones","id":532,"quantity":1,"price":237},{"name":"Earth rune","id":557,"quantity":12,"price":4}],"date":"Mar 2, 2024, 3:06:40 PM"}
{"name":"Ogress Shaman","level":82,"killCount":-1,"type":"NPC","drops":[{"name":"Big bones","id":532,"quantity":1,"price":237},{"name":"Salmon","id":329,"quantity":1,"price":74},{"name":"Steel arrow","id":886,"quantity":22,"price":25}],"date":"Mar 2, 2024, 3:07:28 PM"}
{"name":"Ogress Shaman","level":82,"killCount":-1,"type":"NPC","drops":[{"name":"Big bones","id":532,"quantity":1,"price":237},{"name":"Water rune","id":555,"quantity":13,"price":5}],"date":"Mar 2, 2024, 3:07:50 PM"}
{"name":"Ogress Shaman","level":82,"killCount":-1,"type":"NPC","drops":[{"name":"Big bones","id":532,"quantity":1,"price":237},{"name":"Water rune","id":555,"quantity":10,"price":5}],"date":"Mar 2, 2024, 3:08:18 PM"}
{"name":"Ogress Shaman","level":82,"killCount":-1,"type":"NPC","drops":[{"name":"Big bones","id":532,"quantity":1,"price":237},{"name":"Fire rune","id":554,"quantity":15,"price":5}],"date":"Mar 2, 2024, 3:08:39 PM"}
{"name":"Ogress Shaman","level":82,"killCount":-1,"type":"NPC","drops":[{"name":"Big bones","id":532,"quantity":1,"price":237},{"name":"Nature rune","id":561,"quantity":12,"price":173}],"date":"Mar 2, 2024, 3:08:51 PM"}
{"name":"Ogress Shaman","level":82,"killCount":-1,"type":"NPC","drops":[{"name":"Big bones","id":532,"quantity":1,"price":237},{"name":"Fire rune","id":554,"quantity":12,"price":5}],"date":"Mar 2, 2024, 3:09:17 PM"}
{"name":"Ogress Shaman","level":82,"killCount":-1,"type":"NPC","drops":[{"name":"Big bones","id":532,"quantity":1,"price":237},{"name":"Uncut sapphire","id":1623,"quantity":1,"price":233}],"date":"Mar 2, 2024, 3:10:01 PM"}
{"name":"Ogress Shaman","level":82,"killCount":-1,"type":"NPC","drops":[{"name":"Big bones","id":532,"quantity":1,"price":237},{"name":"Uncut ruby","id":1619,"quantity":1,"price":895}],"date":"Mar 2, 2024, 3:10:27 PM"}
{"name":"Ogress Shaman","level":82,"killCount":-1,"type":"NPC","drops":[{"name":"Big bones","id":532,"quantity":1,"price":237},{"name":"Limpwurt root","id":225,"quantity":1,"price":348}],"date":"Mar 2, 2024, 3:10:45 PM"}
{"name":"Ogress Shaman","level":82,"killCount":-1,"type":"NPC","drops":[{"name":"Big bones","id":532,"quantity":1,"price":237},{"name":"Mithril arrow","id":888,"quantity":7,"price":3}],"date":"Mar 2, 2024, 3:11:40 PM"}
{"name":"Ogress Shaman","level":82,"killCount":-1,"type":"NPC","drops":[{"name":"Big bones","id":532,"quantity":1,"price":237},{"name":"Death rune","id":560,"quantity":12,"price":197}],"date":"Mar 2, 2024, 3:12:19 PM"}
{"name":"Ogress Shaman","level":82,"killCount":-1,"type":"NPC","drops":[{"name":"Big bones","id":532,"quantity":1,"price":237},{"name":"Death rune","id":560,"quantity":8,"price":197}],"date":"Mar 2, 2024, 3:12:56 PM"}
{"name":"Ogress Shaman","level":82,"killCount":-1,"type":"NPC","drops":[{"name":"Big bones","id":532,"quantity":1,"price":237},{"name":"Mind rune","id":558,"quantity":17,"price":2}],"date":"Mar 2, 2024, 3:13:44 PM"}
{"name":"Ogress Shaman","level":82,"killCount":-1,"type":"NPC","drops":[{"name":"Big bones","id":532,"quantity":1,"price":237},{"name":"Whiteberry seed","id":5105,"quantity":1,"price":1}],"date":"Mar 2, 2024, 3:15:01 PM"}
{"name":"Ogress Shaman","level":82,"killCount":-1,"type":"NPC","drops":[{"name":"Big bones","id":532,"quantity":1,"price":237},{"name":"Limpwurt seed","id":5100,"quantity":1,"price":5}],"date":"Mar 2, 2024, 3:15:39 PM"}
{"name":"Ogress Shaman","level":82,"killCount":-1,"type":"NPC","drops":[{"name":"Big bones","id":532,"quantity":1,"price":237},{"name":"Law rune","id":563,"quantity":15,"price":142}],"date":"Mar 2, 2024, 3:16:26 PM"}
{"name":"Ogress Shaman","level":82,"killCount":-1,"type":"NPC","drops":[{"name":"Big bones","id":532,"quantity":1,"price":237},{"name":"Coins","id":995,"quantity":796,"price":1}],"date":"Mar 2, 2024, 3:17:14 PM"}
{"name":"Ogress Shaman","level":82,"killCount":-1,"type":"NPC","drops":[{"name":"Big bones","id":532,"quantity":1,"price":237},{"name":"Coins","id":995,"quantity":525,"price":1}],"date":"Mar 2, 2024, 3:17:58 PM"}
{"name":"Ogress Shaman","level":82,"killCount":-1,"type":"NPC","drops":[{"name":"Big bones","id":532,"quantity":1,"price":237},{"name":"Death rune","id":560,"quantity":15,"price":197}],"date":"Mar 2, 2024, 3:18:05 PM"}
{"name":"Ogress Shaman","level":82,"killCount":-1,"type":"NPC","drops":[{"name":"Big bones","id":532,"quantity":1,"price":237},{"name":"Chaos rune","id":562,"quantity":29,"price":96}],"date":"Mar 2, 2024, 3:18:31 PM"}
{"name":"Ogress Shaman","level":82,"killCount":-1,"type":"NPC","drops":[{"name":"Big bones","id":532,"quantity":1,"price":237},{"name":"Mithril kiteshield","id":1197,"quantity":1,"price":966}],"date":"Mar 2, 2024, 3:19:24 PM"}
{"name":"Ogress Shaman","level":82,"killCount":-1,"type":"NPC","drops":[{"name":"Big bones","id":532,"quantity":1,"price":237},{"name":"Ensouled ogre head","id":13477,"quantity":1,"price":1758},{"name":"Iron arrow","id":884,"quantity":29,"price":5}],"date":"Mar 2, 2024, 3:19:40 PM"}
{"name":"Ogress Shaman","level":82,"killCount":-1,"type":"NPC","drops":[{"name":"Big bones","id":532,"quantity":1,"price":237},{"name":"Mind rune","id":558,"quantity":14,"price":2}],"date":"Mar 2, 2024, 3:20:43 PM"}
{"name":"Ogress Shaman","level":82,"killCount":-1,"type":"NPC","drops":[{"name":"Big bones","id":532,"quantity":1,"price":237},{"name":"Uncut sapphire","id":1623,"quantity":1,"price":233}],"date":"Mar 2, 2024, 3:21:03 PM"}
{"name":"Ogress Shaman","level":82,"killCount":-1,"type":"NPC","drops":[{"name":"Big bones","id":532,"quantity":1,"price":237},{"name":"Chaos rune","id":562,"quantity":18,"price":96}],"date":"Mar 2, 2024, 3:21:46 PM"}
{"name":"Ogress Shaman","level":82,"killCount":-1,"type":"NPC","drops":[{"name":"Big bones","id":532,"quantity":1,"price":237},{"name":"Death rune","id":560,"quantity":9,"price":197}],"date":"Mar 2, 2024, 3:22:26 PM"}
{"name":"Ogress Shaman","level":82,"killCount":-1,"type":"NPC","drops":[{"name":"Big bones","id":532,"quantity":1,"price":237},{"name":"Water rune","id":555,"quantity":11,"price":5}],"date":"Mar 2, 2024, 3:23:01 PM"}
{"name":"Ogress Shaman","level":82,"killCount":-1,"type":"NPC","drops":[{"name":"Big bones","id":532,"quantity":1,"price":237},{"name":"Uncut diamond","id":1617,"quantity":1,"price":2045}],"date":"Mar 2, 2024, 3:23:11 PM"}
{"name":"Ogress Shaman","level":82,"killCount":-1,"type":"NPC","drops":[{"name":"Big bones","id":532,"quantity":1,"price":237},{"name":"Iron arrow","id":884,"quantity":23,"price":5}],"date":"Mar 2, 2024, 3:23:49 PM"}
{"name":"Ogress Shaman","level":82,"killCount":-1,"type":"NPC","drops":[{"name":"Big bones","id":532,"quantity":1,"price":237},{"name":"Nature rune","id":561,"quantity":14,"price":173}],"date":"Mar 2, 2024, 3:24:03 PM"}
{"name":"Ogress Shaman","level":82,"killCount":-1,"type":"NPC","drops":[{"name":"Big bones","id":532,"quantity":1,"price":237},{"name":"Ensouled ogre head","id":13477,"quantity":1,"price":1758},{"name":"Cactus seed","id":5280,"quantity":1,"price":49}],"date":"Mar 2, 2024, 3:24:27 PM"}
{"name":"Ogress Shaman","level":82,"killCount":-1,"type":"NPC","drops":[{"name":"Big bones","id":532,"quantity":1,"price":237},{"name":"Mind rune","id":558,"quantity":20,"price":2}],"date":"Mar 2, 2024, 3:24:54 PM"}
{"name":"Ogress Shaman","level":82,"killCount":-1,"type":"NPC","drops":[{"name":"Big bones","id":532,"quantity":1,"price":237},{"name":"Ensouled ogre head","id":13477,"quantity":1,"price":1758},{"name":"Water rune","id":555,"quantity":16,"price":5}],"date":"Mar 2, 2024, 3:25:13 PM"}
{"name":"Ogress Shaman","level":82,"killCount":-1,"type":"NPC","drops":[{"name":"Big bones","id":532,"quantity":1,"price":237},{"name":"Whiteberry seed","id":5105,"quantity":1,"price":1}],"date":"Mar 2, 2024, 3:25:52 PM"}
{"name":"Ogress Shaman","level":82,"killCount":-1,"type":"NPC","drops":[{"name":"Big bones","id":532,"quantity":1,"price":237},{"name":"Nature rune","id":561,"quantity":10,"price":173}],"date":"Mar 2, 2024, 3:26:45 PM"}
{"name":"Ogress Shaman","level":82,"killCount":-1,"type":"NPC","drops":[{"name":"Big bones","id":532,"quantity":1,"price":237},{"name":"Rune med helm","id":1147,"quantity":1,"price":10975},{"name":"Mithril kiteshield","id":1197,"quantity":1,"price":966}],"date":"Mar 2, 2024, 3:26:59 PM"}
{"name":"Ogress Shaman","level":82,"killCount":-1,"type":"NPC","drops":[{"name":"Big bones","id":532,"quantity":1,"price":237},{"name":"Coins","id":995,"quantity":743,"price":1}],"date":"Mar 2, 2024, 3:28:03 PM"}
{"name":"Ogress Shaman","level":82,"killCount":-1,"type":"NPC","drops":[{"name":"Big bones","id":532,"quantity":1,"price":237},{"name":"Uncut sapphire","id":1623,"quantity":1,"price":233}],"date":"Mar 2, 2024, 3:28:39 PM"}
{"name":"Ogress Shaman","level":82,"killCount":-1,"type":"NPC","drops":[{"name":"Big bones","id":532,"quantity":1,"price":237},{"name":"Fire rune","id":554,"quantity":14,"price":5}],"date":"Mar 2, 2024, 3:29:22 PM"}
{"name":"Ogress Shaman","level":82,"killCount":-1,"type":"NPC","drops":[{"name":"Big bones","id":532,"quantity":1,"price":237},{"name":"Uncut emerald","id":1621,"quantity":1,"price":451}],"date":"Mar 2, 2024, 3:30:04 PM"}
{"name":"Ogress Shaman","level":82,"killCount":-1,"type":"NPC","drops":[{"name":"Big bones","id":532,"quantity":1,"price":237},{"name":"Law rune","id":563,"quantity":12,"price":142}],"date":"Mar 2, 2024, 3:30:46 PM"}
{"name":"Ogress Shaman","level":82,"killCount":-1,"type":"NPC","drops":[{"name":"Big bones","id":532,"quantity":1,"price":237},{"name":"Air rune","id":556,"quantity":13,"price":5}],"date":"Mar 2, 2024, 3:31:30 PM"}
{"name":"Ogress Shaman","level":82,"killCount":-1,"type":"NPC","drops":[{"name":"Big bones","id":532,"quantity":1,"price":237},{"name":"Cosmic rune","id":564,"quantity":12,"price":124}],"date":"Mar 2, 2024, 3:32:15 PM"}
{"name":"Ogress Shaman","level":82,"killCount":-1,"type":"NPC","drops":[{"name":"Big bones","id":532,"quantity":1,"price":237},{"name":"Rune med helm","id":1147,"quantity":1,"price":10975},{"name":"Mithril arrow","id":888,"quantity":9,"price":3}],"date":"Mar 2, 2024, 3:32:52 PM"}
{"name":"Ogress Shaman","level":82,"killCount":-1,"type":"NPC","drops":[{"name":"Big bones","id":532,"quantity":1,"price":237},{"name":"Ensouled ogre head","id":13477,"quantity":1,"price":1758},{"name":"Rune full helm","id":1163,"quantity":1,"price":20438},{"name":"Steel arrow","id":886,"quantity":11,"price":25}],"date":"Mar 2, 2024, 3:33:34 PM"}
{"name":"Ogress Shaman","level":82,"killCount":-1,"type":"NPC","drops":[{"name":"Big bones","id":532,"quantity":1,"price":237},{"name":"Fire rune","id":554,"quantity":14,"price":5}],"date":"Mar 2, 2024, 3:34:01 PM"}
{"name":"Ogress Shaman","level":82,"killCount":-1,"type":"NPC","drops":[{"name":"Big bones","id":532,"quantity":1,"price":237},{"name":"Salmon","id":329,"quantity":1,"price":74},{"name":"Salmon","id":329,"quantity":1,"price":74},{"name":"Salmon","id":329,"quantity":1,"price":74},{"name":"Uncut ruby","id":1619,"quantity":1,"price":895}],"date":"Mar 2, 2024, 3:34:22 PM"}
{"name":"Ogress Shaman","level":82,"killCount":-1,"type":"NPC","drops":[{"name":"Big bones","id":532,"quantity":1,"price":237},{"name":"Coins","id":995,"quantity":564,"price":1}],"date":"Mar 2, 2024, 3:35:18 PM"}
{"name":"Ogress Shaman","level":82,"killCount":-1,"type":"NPC","drops":[{"name":"Big bones","id":532,"quantity":1,"price":237},{"name":"Iron arrow","id":884,"quantity":35,"price":5}],"date":"Mar 2, 2024, 3:36:12 PM"}
{"name":"Ogress Shaman","level":82,"killCount":-1,"type":"NPC","drops":[{"name":"Big bones","id":532,"quantity":1,"price":237},{"name":"Air rune","id":556,"quantity":12,"price":5}],"date":"Mar 2, 2024, 3:37:01 PM"}
{"name":"Ogress Shaman","level":82,"killCount":-1,"type":"NPC","drops":[{"name":"Big bones","id":532,"quantity":1,"price":237},{"name":"Air rune","id":556,"quantity":16,"price":5}],"date":"Mar 2, 2024, 3:37:13 PM"}
{"name":"Ogress Shaman","level":82,"killCount":-1,"type":"NPC","drops":[{"name":"Big bones","id":532,"quantity":1,"price":237},{"name":"Nature rune","id":561,"quantity":11,"price":173}],"date":"Mar 2, 2024, 3:37:58 PM"}
{"name":"Ogress Shaman","level":82,"killCount":-1,"type":"NPC","drops":[{"name":"Big bones","id":532,"quantity":1,"price":237},{"name":"Uncut diamond","id":1617,"quantity":1,"price":2045}],"date":"Mar 2, 2024, 3:38:25 PM"}
{"name":"Ogress Shaman","level":82,"killCount":-1,"type":"NPC","drops":[{"name":"Big bones","id":532,"quantity":1,"price":237},{"name":"Death rune","id":560,"quantity":9,"price":197}],"date":"Mar 2, 2024, 3:38:37 PM"}
{"name":"Ogress Shaman","level":82,"killCount":-1,"type":"NPC","drops":[{"name":"Big bones","id":532,"quantity":1,"price":237},{"name":"Coins","id":995,"quantity":584,"price":1}],"date":"Mar 2, 2024, 3:39:15 PM"}
{"name":"Ogress Shaman","level":82,"killCount":-1,"type":"NPC","drops":[{"name":"Big bones","id":532,"quantity":1,"price":237},{"name":"Iron arrow","id":884,"quantity":33,"price":5}],"date":"Mar 2, 2024, 3:40:06 PM"}
{"name":"Ogress Shaman","level":82,"killCount":-1,"type":"NPC","drops":[{"name":"Big bones","id":532,"quantity":1,"price":237},{"name":"Iron arrow","id":884,"quantity":36,"price":5}],"date":"Mar 2, 2024, 3:40:54 PM"}
{"name":"Ogress Shaman","level":82,"killCount":-1,"type":"NPC","drops":[{"name":"Big bones","id":532,"quantity":1,"price":238},{"name":"Ensouled ogre head","id":13477,"quantity":1,"price":1787},{"name":"Uncut ruby","id":1619,"quantity":1,"price":901}],"date":"Mar 5, 2024, 7:44:07 PM"}
{"name":"Ogress Shaman","level":82,"killCount":-1,"type":"NPC","drops":[{"name":"Big bones","id":532,"quantity":1,"price":238},{"name":"Mind rune","id":558,"quantity":11,"price":2}],"date":"Mar 5, 2024, 7:44:17 PM"}
{"name":"Ogress Shaman","level":82,"killCount":-1,"type":"NPC","drops":[{"name":"Big bones","id":532,"quantity":1,"price":238},{"name":"Uncut ruby","id":1619,"quantity":1,"price":901}],"date":"Mar 5, 2024, 7:45:05 PM"}
{"name":"Ogress Shaman","level":82,"killCount":-1,"type":"NPC","drops":[{"name":"Big bones","id":532,"quantity":1,"price":238},{"name":"Mithril arrow","id":888,"quantity":10,"price":3}],"date":"Mar 5, 2024, 7:45:48 PM"}
{"name":"Ogress Shaman","level":82,"killCount":-1,"type":"NPC","drops":[{"name":"Big bones","id":532,"quantity":1,"price":238},{"name":"Cosmic rune","id":564,"quantity":14,"price":113}],"date":"Mar 5, 2024, 7:46:27 PM"}
{"name":"Ogress Shaman","level":82,"killCount":-1,"type":"NPC","drops":[{"name":"Big bones","id":532,"quantity":1,"price":238},{"name":"Salmon","id":329,"quantity":1,"price":78},{"name":"Coins","id":995,"quantity":615,"price":1}],"date":"Mar 5, 2024, 7:46:51 PM"}
{"name":"Ogress Shaman","level":82,"killCount":-1,"type":"NPC","drops":[{"name":"Big bones","id":532,"quantity":1,"price":238},{"name":"Water rune","id":555,"quantity":16,"price":5}],"date":"Mar 5, 2024, 7:47:10 PM"}
{"name":"Ogress Shaman","level":82,"killCount":-1,"type":"NPC","drops":[{"name":"Big bones","id":532,"quantity":1,"price":238},{"name":"Mushroom spore","id":5282,"quantity":1,"price":54}],"date":"Mar 5, 2024, 7:47:26 PM"}
{"name":"Ogress Shaman","level":82,"killCount":-1,"type":"NPC","drops":[{"name":"Big bones","id":532,"quantity":1,"price":238},{"name":"Water rune","id":555,"quantity":17,"price":5}],"date":"Mar 5, 2024, 7:47:58 PM"}
{"name":"Ogress Shaman","level":82,"killCount":-1,"type":"NPC","drops":[{"name":"Big bones","id":532,"quantity":1,"price":238},{"name":"Uncut ruby","id":1619,"quantity":1,"price":901}],"date":"Mar 5, 2024, 7:48:13 PM"}
{"name":"Ogress Shaman","level":82,"killCount":-1,"type":"NPC","drops":[{"name":"Big bones","id":532,"quantity":1,"price":238},{"name":"Limpwurt root","id":225,"quantity":1,"price":363}],"date":"Mar 5, 2024, 7:48:52 PM"}
{"name":"Ogress Shaman","level":82,"killCount":-1,"type":"NPC","drops":[{"name":"Big bones","id":532,"quantity":1,"price":238},{"name":"Uncut ruby","id":1619,"quantity":1,"price":901}],"date":"Mar 5, 2024, 7:49:08 PM"}
{"name":"Ogress Shaman","level":82,"killCount":-1,"type":"NPC","drops":[{"name":"Big bones","id":532,"quantity":1,"price":238},{"name":"Death rune","id":560,"quantity":9,"price":195}],"date":"Mar 5, 2024, 7:49:52 PM"}
{"name":"Ogress Shaman","level":82,"killCount":-1,"type":"NPC","drops":[{"name":"Big bones","id":532,"quantity":1,"price":238},{"name":"Law rune","id":563,"quantity":8,"price":143}],"date":"Mar 5, 2024, 7:50:09 PM"}
{"name":"Ogress Shaman","level":82,"killCount":-1,"type":"NPC","drops":[{"name":"Big bones","id":532,"quantity":1,"price":238},{"name":"Fire rune","id":554,"quantity":18,"price":5}],"date":"Mar 5, 2024, 7:50:24 PM"}
{"name":"Ogress Shaman","level":82,"killCount":-1,"type":"NPC","drops":[{"name":"Big bones","id":532,"quantity":1,"price":238},{"name":"Rune battleaxe","id":1373,"quantity":1,"price":24403},{"name":"Nature rune","id":561,"quantity":8,"price":165}],"date":"Mar 5, 2024, 7:50:36 PM"}
{"name":"Ogress Shaman","level":82,"killCount":-1,"type":"NPC","drops":[{"name":"Big bones","id":532,"quantity":1,"price":238},{"name":"Nature rune","id":561,"quantity":15,"price":165}],"date":"Mar 5, 2024, 7:51:13 PM"}
{"name":"Ogress Shaman","level":82,"killCount":-1,"type":"NPC","drops":[{"name":"Big bones","id":532,"quantity":1,"price":238},{"name":"Earth rune","id":557,"quantity":10,"price":4}],"date":"Mar 5, 2024, 7:52:21 PM"}
{"name":"Ogress Shaman","level":82,"killCount":-1,"type":"NPC","drops":[{"name":"Big bones","id":532,"quantity":1,"price":238},{"name":"Law rune","id":563,"quantity":8,"price":143}],"date":"Mar 5, 2024, 7:52:44 PM"}
{"name":"Ogress Shaman","level":82,"killCount":-1,"type":"NPC","drops":[{"name":"Big bones","id":532,"quantity":1,"price":238},{"name":"Air rune","id":556,"quantity":12,"price":5}],"date":"Mar 5, 2024, 7:53:01 PM"}
{"name":"Ogress Shaman","level":82,"killCount":-1,"type":"NPC","drops":[{"name":"Big bones","id":532,"quantity":1,"price":238},{"name":"Fire rune","id":554,"quantity":14,"price":5}],"date":"Mar 5, 2024, 7:53:44 PM"}
{"name":"Ogress Shaman","level":82,"killCount":-1,"type":"NPC","drops":[{"name":"Big bones","id":532,"quantity":1,"price":238},{"name":"Coins","id":995,"quantity":627,"price":1}],"date":"Mar 5, 2024, 7:53:59 PM"}
{"name":"Ogress Shaman","level":82,"killCount":-1,"type":"NPC","drops":[{"name":"Big bones","id":532,"quantity":1,"price":238},{"name":"Death rune","id":560,"quantity":9,"price":195}],"date":"Mar 5, 2024, 7:54:26 PM"}
{"name":"Ogress Shaman","level":82,"killCount":-1,"type":"NPC","drops":[{"name":"Big bones","id":532,"quantity":1,"price":238},{"name":"Salmon","id":329,"quantity":1,"price":78},{"name":"Salmon","id":329,"quantity":1,"price":78},{"name":"Salmon","id":329,"quantity":1,"price":78},{"name":"Coins","id":995,"quantity":876,"price":1}],"date":"Mar 5, 2024, 7:54:50 PM"}
{"name":"Ogress Shaman","level":82,"killCount":-1,"type":"NPC","drops":[{"name":"Big bones","id":532,"quantity":1,"price":238},{"name":"Uncut emerald","id":1621,"quantity":1,"price":447}],"date":"Mar 5, 2024, 7:55:33 PM"}
{"name":"Ogress Shaman","level":82,"killCount":-1,"type":"NPC","drops":[{"name":"Big bones","id":532,"quantity":1,"price":238},{"name":"Mithril kiteshield","id":1197,"quantity":1,"price":965}],"date":"Mar 5, 2024, 7:55:55 PM"}
{"name":"Ogress Shaman","level":82,"killCount":-1,"type":"NPC","drops":[{"name":"Big bones","id":532,"quantity":1,"price":238},{"name":"Law rune","id":563,"quantity":10,"price":143}],"date":"Mar 5, 2024, 7:56:25 PM"}
{"name":"Ogress Shaman","level":82,"killCount":-1,"type":"NPC","drops":[{"name":"Big bones","id":532,"quantity":1,"price":238},{"name":"Rune med helm","id":1147,"quantity":1,"price":11030},{"name":"Water rune","id":555,"quantity":11,"price":5}],"date":"Mar 5, 2024, 7:56:47 PM"}
{"name":"Ogress Shaman","level":82,"killCount":-1,"type":"NPC","drops":[{"name":"Big bones","id":532,"quantity":1,"price":238},{"name":"Air rune","id":556,"quantity":14,"price":5}],"date":"Mar 5, 2024, 7:57:09 PM"}
{"name":"Ogress Shaman","level":82,"killCount":-1,"type":"NPC","drops":[{"name":"Big bones","id":532,"quantity":1,"price":238},{"name":"Nature rune","id":561,"quantity":14,"price":165}],"date":"Mar 5, 2024, 7:57:24 PM"}
{"name":"Ogress Shaman","level":82,"killCount":-1,"type":"NPC","drops":[{"name":"Big bones","id":532,"quantity":1,"price":238},{"name":"Nature rune","id":561,"quantity":11,"price":165}],"date":"Mar 5, 2024, 7:58:01 PM"}
{"name":"Ogress Shaman","level":82,"killCount":-1,"type":"NPC","drops":[{"name":"Big bones","id":532,"quantity":1,"price":238},{"name":"Law rune","id":563,"quantity":15,"price":143}],"date":"Mar 5, 2024, 7:58:15 PM"}
{"name":"Ogress Shaman","level":82,"killCount":-1,"type":"NPC","drops":[{"name":"Big bones","id":532,"quantity":1,"price":238},{"name":"Fire rune","id":554,"quantity":20,"price":5}],"date":"Mar 5, 2024, 7:58:51 PM"}
{"name":"Ogress Shaman","level":82,"killCount":-1,"type":"NPC","drops":[{"name":"Big bones","id":532,"quantity":1,"price":238},{"name":"Air rune","id":556,"quantity":11,"price":5}],"date":"Mar 5, 2024, 7:59:28 PM"}
{"name":"Ogress Shaman","level":82,"killCount":-1,"type":"NPC","drops":[{"name":"Big bones","id":532,"quantity":1,"price":238},{"name":"Uncut diamond","id":1617,"quantity":1,"price":2092}],"date":"Mar 5, 2024, 7:59:48 PM"}
{"name":"Ogress Shaman","level":82,"killCount":-1,"type":"NPC","drops":[{"name":"Big bones","id":532,"quantity":1,"price":238},{"name":"Salmon","id":329,"quantity":1,"price":78},{"name":"Salmon","id":329,"quantity":1,"price":78},{"name":"Nature rune","id":561,"quantity":13,"price":165}],"date":"Mar 5, 2024, 8:00:26 PM"}
{"name":"Ogress Shaman","level":82,"killCount":-1,"type":"NPC","drops":[{"name":"Big bones","id":532,"quantity":1,"price":238},{"name":"Chaos rune","id":562,"quantity":28,"price":101}],"date":"Mar 5, 2024, 8:00:47 PM"}
{"name":"Ogress Shaman","level":82,"killCount":-1,"type":"NPC","drops":[{"name":"Big bones","id":532,"quantity":1,"price":238},{"name":"Uncut sapphire","id":1623,"quantity":1,"price":236}],"date":"Mar 5, 2024, 8:01:18 PM"}
{"name":"Ogress Shaman","level":82,"killCount":-1,"type":"NPC","drops":[{"name":"Big bones","id":532,"quantity":1,"price":238},{"name":"Mithril arrow","id":888,"quantity":12,"price":3}],"date":"Mar 5, 2024, 8:01:34 PM"}
{"name":"Ogress Shaman","level":82,"killCount":-1,"type":"NPC","drops":[{"name":"Big bones","id":532,"quantity":1,"price":238},{"name":"Nature rune","id":561,"quantity":15,"price":165}],"date":"Mar 5, 2024, 8:01:55 PM"}
{"name":"Ogress Shaman","level":82,"killCount":-1,"type":"NPC","drops":[{"name":"Big bones","id":532,"quantity":1,"price":238},{"name":"Air rune","id":556,"quantity":20,"price":5}],"date":"Mar 5, 2024, 8:02:42 PM"}
{"name":"Ogress Shaman","level":82,"killCount":-1,"type":"NPC","drops":[{"name":"Big bones","id":532,"quantity":1,"price":238},{"name":"Coins","id":995,"quantity":655,"price":1}],"date":"Mar 5, 2024, 8:03:08 PM"}
{"name":"Ogress Shaman","level":82,"killCount":-1,"type":"NPC","drops":[{"name":"Big bones","id":532,"quantity":1,"price":238},{"name":"Air rune","id":556,"quantity":12,"price":5}],"date":"Mar 5, 2024, 8:03:19 PM"}
{"name":"Ogress Shaman","level":82,"killCount":-1,"type":"NPC","drops":[{"name":"Big bones","id":532,"quantity":1,"price":238},{"name":"Coins","id":995,"quantity":895,"price":1}],"date":"Mar 5, 2024, 8:04:16 PM"}
{"name":"Ogress Shaman","level":82,"killCount":-1,"type":"NPC","drops":[{"name":"Big bones","id":532,"quantity":1,"price":238},{"name":"Law rune","id":563,"quantity":12,"price":143}],"date":"Mar 5, 2024, 8:05:06 PM"}
{"name":"Ogress Shaman","level":82,"killCount":-1,"type":"NPC","drops":[{"name":"Big bones","id":532,"quantity":1,"price":238},{"name":"Air rune","id":556,"quantity":18,"price":5}],"date":"Mar 5, 2024, 8:05:55 PM"}
{"name":"Ogress Shaman","level":82,"killCount":-1,"type":"NPC","drops":[{"name":"Big bones","id":532,"quantity":1,"price":238},{"name":"Mithril arrow","id":888,"quantity":13,"price":3}],"date":"Mar 5, 2024, 8:06:34 PM"}
{"name":"Ogress Shaman","level":82,"killCount":-1,"type":"NPC","drops":[{"name":"Big bones","id":532,"quantity":1,"price":238},{"name":"Salmon","id":329,"quantity":1,"price":78},{"name":"Salmon","id":329,"quantity":1,"price":78},{"name":"Iron arrow","id":884,"quantity":35,"price":5}],"date":"Mar 5, 2024, 8:07:16 PM"}
{"name":"Ogress Shaman","level":82,"killCount":-1,"type":"NPC","drops":[{"name":"Big bones","id":532,"quantity":1,"price":238},{"name":"Ensouled ogre head","id":13477,"quantity":1,"price":1787},{"name":"Cosmic rune","id":564,"quantity":13,"price":113}],"date":"Mar 5, 2024, 8:08:00 PM"}
{"name":"Ogress Shaman","level":82,"killCount":-1,"type":"NPC","drops":[{"name":"Big bones","id":532,"quantity":1,"price":238},{"name":"Water rune","id":555,"quantity":13,"price":5}],"date":"Mar 5, 2024, 8:08:15 PM"}
{"name":"Ogress Shaman","level":82,"killCount":-1,"type":"NPC","drops":[{"name":"Big bones","id":532,"quantity":1,"price":238},{"name":"Chaos rune","id":562,"quantity":23,"price":101}],"date":"Mar 5, 2024, 8:08:47 PM"}
{"name":"Ogress Shaman","level":82,"killCount":-1,"type":"NPC","drops":[{"name":"Big bones","id":532,"quantity":1,"price":238},{"name":"Uncut diamond","id":1617,"quantity":1,"price":2092}],"date":"Mar 5, 2024, 8:09:04 PM"}
{"name":"Ogress Shaman","level":82,"killCount":-1,"type":"NPC","drops":[{"name":"Big bones","id":532,"quantity":1,"price":238},{"name":"Chaos rune","id":562,"quantity":28,"price":101}],"date":"Mar 5, 2024, 8:09:23 PM"}
{"name":"Ogress Shaman","level":82,"killCount":-1,"type":"NPC","drops":[{"name":"Big bones","id":532,"quantity":1,"price":238},{"name":"Wildblood seed","id":5311,"quantity":1,"price":9}],"date":"Mar 6, 2024, 9:44:35 AM"}
{"name":"Ogress Shaman","level":82,"killCount":-1,"type":"NPC","drops":[{"name":"Big bones","id":532,"quantity":1,"price":238},{"name":"Coins","id":995,"quantity":798,"price":1}],"date":"Mar 6, 2024, 9:45:05 AM"}
{"name":"Ogress Shaman","level":82,"killCount":-1,"type":"NPC","drops":[{"name":"Big bones","id":532,"quantity":1,"price":238},{"name":"Mithril kiteshield","id":1197,"quantity":1,"price":965}],"date":"Mar 6, 2024, 9:45:15 AM"}
{"name":"Ogress Shaman","level":82,"killCount":-1,"type":"NPC","drops":[{"name":"Big bones","id":532,"quantity":1,"price":238},{"name":"Death rune","id":560,"quantity":11,"price":195}],"date":"Mar 6, 2024, 9:45:51 AM"}
{"name":"Ogress Shaman","level":82,"killCount":-1,"type":"NPC","drops":[{"name":"Big bones","id":532,"quantity":1,"price":238},{"name":"Ensouled ogre head","id":13477,"quantity":1,"price":1787},{"name":"Mithril arrow","id":888,"quantity":13,"price":3}],"date":"Mar 6, 2024, 9:46:36 AM"}
{"name":"Ogress Shaman","level":82,"killCount":-1,"type":"NPC","drops":[{"name":"Big bones","id":532,"quantity":1,"price":238},{"name":"Steel arrow","id":886,"quantity":23,"price":23}],"date":"Mar 6, 2024, 9:47:23 AM"}
{"name":"Ogress Shaman","level":82,"killCount":-1,"type":"NPC","drops":[{"name":"Big bones","id":532,"quantity":1,"price":238},{"name":"Limpwurt seed","id":5100,"quantity":1,"price":4}],"date":"Mar 6, 2024, 9:49:57 AM"}
{"name":"Ogress Shaman","level":82,"killCount":-1,"type":"NPC","drops":[{"name":"Big bones","id":532,"quantity":1,"price":238},{"name":"Chaos rune","id":562,"quantity":25,"price":101}],"date":"Mar 6, 2024, 9:50:07 AM"}
{"name":"Ogress Shaman","level":82,"killCount":-1,"type":"NPC","drops":[{"name":"Big bones","id":532,"quantity":1,"price":238},{"name":"Chaos rune","id":562,"quantity":26,"price":101}],"date":"Mar 6, 2024, 9:50:47 AM"}
{"name":"Ogress Shaman","level":82,"killCount":-1,"type":"NPC","drops":[{"name":"Big bones","id":532,"quantity":1,"price":238},{"name":"Uncut sapphire","id":1623,"quantity":1,"price":236}],"date":"Mar 6, 2024, 9:51:32 AM"}
{"name":"Ogress Shaman","level":82,"killCount":-1,"type":"NPC","drops":[{"name":"Big bones","id":532,"quantity":1,"price":238},{"name":"Iron arrow","id":884,"quantity":39,"price":5}],"date":"Mar 6, 2024, 9:52:21 AM"}
{"name":"Ogress Shaman","level":82,"killCount":-1,"type":"NPC","drops":[{"name":"Big bones","id":532,"quantity":1,"price":238},{"name":"Cosmic rune","id":564,"quantity":14,"price":113}],"date":"Mar 6, 2024, 9:52:59 AM"}
{"name":"Ogress Shaman","level":82,"killCount":-1,"type":"NPC","drops":[{"name":"Big bones","id":532,"quantity":1,"price":238},{"name":"Chaos rune","id":562,"quantity":23,"price":101}],"date":"Mar 6, 2024, 9:53:13 AM"}
{"name":"Ogress Shaman","level":82,"killCount":-1,"type":"NPC","drops":[{"name":"Big bones","id":532,"quantity":1,"price":238},{"name":"Air rune","id":556,"quantity":16,"price":5}],"date":"Mar 6, 2024, 9:53:43 AM"}
{"name":"Ogress Shaman","level":82,"killCount":-1,"type":"NPC","drops":[{"name":"Big bones","id":532,"quantity":1,"price":238},{"name":"Mithril arrow","id":888,"quantity":14,"price":3}],"date":"Mar 6, 2024, 9:53:55 AM"}
{"name":"Ogress Shaman","level":82,"killCount":-1,"type":"NPC","drops":[{"name":"Big bones","id":532,"quantity":1,"price":238},{"name":"Fire rune","id":554,"quantity":16,"price":5}],"date":"Mar 6, 2024, 9:54:38 AM"}
{"name":"Ogress Shaman","level":82,"killCount":-1,"type":"NPC","drops":[{"name":"Big bones","id":532,"quantity":1,"price":238},{"name":"Nature rune","id":561,"quantity":12,"price":165}],"date":"Mar 6, 2024, 9:55:16 AM"}
{"name":"Ogress Shaman","level":82,"killCount":-1,"type":"NPC","drops":[{"name":"Big bones","id":532,"quantity":1,"price":238},{"name":"Iron arrow","id":884,"quantity":38,"price":5}],"date":"Mar 6, 2024, 9:56:32 AM"}
{"name":"Ogress Shaman","level":82,"killCount":-1,"type":"NPC","drops":[{"name":"Big bones","id":532,"quantity":1,"price":238},{"name":"Uncut emerald","id":1621,"quantity":1,"price":447}],"date":"Mar 6, 2024, 9:57:22 AM"}
{"name":"Ogress Shaman","level":82,"killCount":-1,"type":"NPC","drops":[{"name":"Big bones","id":532,"quantity":1,"price":238},{"name":"Cosmic rune","id":564,"quantity":10,"price":113}],"date":"Mar 6, 2024, 9:58:17 AM"}
{"name":"Ogress Shaman","level":82,"killCount":-1,"type":"NPC","drops":[{"name":"Big bones","id":532,"quantity":1,"price":238},{"name":"Uncut ruby","id":1619,"quantity":1,"price":901}],"date":"Mar 6, 2024, 9:58:50 AM"}
{"name":"Ogress Shaman","level":82,"killCount":-1,"type":"NPC","drops":[{"name":"Big bones","id":532,"quantity":1,"price":238},{"name":"Coins","id":995,"quantity":706,"price":1}],"date":"Mar 6, 2024, 9:59:08 AM"}
{"name":"Ogress Shaman","level":82,"killCount":-1,"type":"NPC","drops":[{"name":"Big bones","id":532,"quantity":1,"price":238},{"name":"Coins","id":995,"quantity":928,"price":1}],"date":"Mar 6, 2024, 9:59:58 AM"}
{"name":"Ogress Shaman","level":82,"killCount":-1,"type":"NPC","drops":[{"name":"Big bones","id":532,"quantity":1,"price":238},{"name":"Rune battleaxe","id":1373,"quantity":1,"price":24403},{"name":"Chaos rune","id":562,"quantity":19,"price":101}],"date":"Mar 6, 2024, 10:00:34 AM"}
{"name":"Ogress Shaman","level":82,"killCount":-1,"type":"NPC","drops":[{"name":"Big bones","id":532,"quantity":1,"price":238},{"name":"Uncut sapphire","id":1623,"quantity":1,"price":236}],"date":"Mar 6, 2024, 10:00:49 AM"}
{"name":"Ogress Shaman","level":82,"killCount":-1,"type":"NPC","drops":[{"name":"Big bones","id":532,"quantity":1,"price":238},{"name":"Mind rune","id":558,"quantity":10,"price":2}],"date":"Mar 6, 2024, 10:01:13 AM"}
{"name":"Ogress Shaman","level":82,"killCount":-1,"type":"NPC","drops":[{"name":"Big bones","id":532,"quantity":1,"price":238},{"name":"Mithril kiteshield","id":1197,"quantity":1,"price":965}],"date":"Mar 6, 2024, 10:01:54 AM"}
{"name":"Ogress Shaman","level":82,"killCount":-1,"type":"NPC","drops":[{"name":"Big bones","id":532,"quantity":1,"price":238},{"name":"Death rune","id":560,"quantity":9,"price":195}],"date":"Mar 6, 2024, 10:02:32 AM"}
{"name":"Ogress Shaman","level":82,"killCount":-1,"type":"NPC","drops":[{"name":"Big bones","id":532,"quantity":1,"price":238},{"name":"Nature rune","id":561,"quantity":15,"price":165}],"date":"Mar 6, 2024, 10:03:17 AM"}
{"name":"Ogress Shaman","level":82,"killCount":-1,"type":"NPC","drops":[{"name":"Big bones","id":532,"quantity":1,"price":238},{"name":"Uncut sapphire","id":1623,"quantity":1,"price":236}],"date":"Mar 6, 2024, 10:04:05 AM"}
{"name":"Ogress Shaman","level":82,"killCount":-1,"type":"NPC","drops":[{"name":"Big bones","id":532,"quantity":1,"price":238},{"name":"Cosmic rune","id":564,"quantity":12,"price":113}],"date":"Mar 6, 2024, 10:04:55 AM"}
{"name":"Ogress Shaman","level":82,"killCount":-1,"type":"NPC","drops":[{"name":"Big bones","id":532,"quantity":1,"price":238},{"name":"Iron arrow","id":884,"quantity":37,"price":5}],"date":"Mar 6, 2024, 10:05:51 AM"}
{"name":"Ogress Shaman","level":82,"killCount":-1,"type":"NPC","drops":[{"name":"Big bones","id":532,"quantity":1,"price":238},{"name":"Ensouled ogre head","id":13477,"quantity":1,"price":1787},{"name":"Water rune","id":555,"quantity":19,"price":5}],"date":"Mar 6, 2024, 10:06:39 AM"}
{"name":"Ogress Shaman","level":82,"killCount":-1,"type":"NPC","drops":[{"name":"Big bones","id":532,"quantity":1,"price":238},{"name":"Chaos rune","id":562,"quantity":30,"price":101}],"date":"Mar 6, 2024, 10:07:07 AM"}
{"name":"Ogress Shaman","level":82,"killCount":-1,"type":"NPC","drops":[{"name":"Big bones","id":532,"quantity":1,"price":238},{"name":"Nature rune","id":561,"quantity":13,"price":165}],"date":"Mar 6, 2024, 10:08:01 AM"}
{"name":"Ogress Shaman","level":82,"killCount":-1,"type":"NPC","drops":[{"name":"Big bones","id":532,"quantity":1,"price":238},{"name":"Air rune","id":556,"quantity":10,"price":5}],"date":"Mar 6, 2024, 10:08:51 AM"}
{"name":"Ogress Shaman","level":82,"killCount":-1,"type":"NPC","drops":[{"name":"Big bones","id":532,"quantity":1,"price":238},{"name":"Mithril arrow","id":888,"quantity":10,"price":3}],"date":"Mar 6, 2024, 10:09:14 AM"}
{"name":"Ogress Shaman","level":82,"killCount":-1,"type":"NPC","drops":[{"name":"Big bones","id":532,"quantity":1,"price":238},{"name":"Rune med helm","id":1147,"quantity":1,"price":11030},{"name":"Fire rune","id":554,"quantity":15,"price":5}],"date":"Mar 6, 2024, 10:10:13 AM"}
{"name":"Ogress Shaman","level":82,"killCount":-1,"type":"NPC","drops":[{"name":"Big bones","id":532,"quantity":1,"price":238},{"name":"Salmon","id":329,"quantity":1,"price":78},{"name":"Steel arrow","id":886,"quantity":19,"price":23}],"date":"Mar 6, 2024, 12:32:11 PM"}
{"name":"Ogress Shaman","level":82,"killCount":-1,"type":"NPC","drops":[{"name":"Big bones","id":532,"quantity":1,"price":238},{"name":"Air rune","id":556,"quantity":17,"price":5}],"date":"Mar 6, 2024, 12:32:35 PM"}
{"name":"Ogress Shaman","level":82,"killCount":-1,"type":"NPC","drops":[{"name":"Big bones","id":532,"quantity":1,"price":238},{"name":"Fire rune","id":554,"quantity":16,"price":5}],"date":"Mar 6, 2024, 1:45:56 PM"}
{"name":"Ogress Shaman","level":82,"killCount":-1,"type":"NPC","drops":[{"name":"Big bones","id":532,"quantity":1,"price":238},{"name":"Ensouled ogre head","id":13477,"quantity":1,"price":1787},{"name":"Chaos rune","id":562,"quantity":29,"price":101}],"date":"Mar 6, 2024, 1:46:38 PM"}
{"name":"Ogress Shaman","level":82,"killCount":-1,"type":"NPC","drops":[{"name":"Big bones","id":532,"quantity":1,"price":238},{"name":"Mind rune","id":558,"quantity":13,"price":2}],"date":"Mar 6, 2024, 1:47:20 PM"}
{"name":"Ogress Shaman","level":82,"killCount":-1,"type":"NPC","drops":[{"name":"Big bones","id":532,"quantity":1,"price":238},{"name":"Uncut diamond","id":1617,"quantity":1,"price":2092}],"date":"Mar 6, 2024, 1:47:32 PM"}
{"name":"Ogress Shaman","level":82,"killCount":-1,"type":"NPC","drops":[{"name":"Big bones","id":532,"quantity":1,"price":238},{"name":"Coins","id":995,"quantity":610,"price":1}],"date":"Mar 6, 2024, 1:48:08 PM"}
{"name":"Ogress Shaman","level":82,"killCount":-1,"type":"NPC","drops":[{"name":"Big bones","id":532,"quantity":1,"price":238},{"name":"Nature rune","id":561,"quantity":9,"price":165}],"date":"Mar 6, 2024, 1:48:20 PM"}
{"name":"Ogress Shaman","level":82,"killCount":-1,"type":"NPC","drops":[{"name":"Big bones","id":532,"quantity":1,"price":238},{"name":"Limpwurt seed","id":5100,"quantity":1,"price":4}],"date":"Mar 6, 2024, 1:48:54 PM"}
{"name":"Ogress Shaman","level":82,"killCount":-1,"type":"NPC","drops":[{"name":"Big bones","id":532,"quantity":1,"price":238},{"name":"Coins","id":995,"quantity":773,"price":1}],"date":"Mar 6, 2024, 1:49:18 PM"}
{"name":"Ogress Shaman","level":82,"killCount":-1,"type":"NPC","drops":[{"name":"Big bones","id":532,"quantity":1,"price":238},{"name":"Chaos rune","id":562,"quantity":23,"price":101}],"date":"Mar 6, 2024, 1:49:57 PM"}
{"name":"Ogress Shaman","level":82,"killCount":-1,"type":"NPC","drops":[{"name":"Big bones","id":532,"quantity":1,"price":238},{"name":"Cosmic rune","id":564,"quantity":13,"price":113}],"date":"Mar 6, 2024, 1:50:35 PM"}
{"name":"Ogress Shaman","level":82,"killCount":-1,"type":"NPC","drops":[{"name":"Big bones","id":532,"quantity":1,"price":238},{"name":"Law rune","id":563,"quantity":9,"price":143}],"date":"Mar 6, 2024, 1:50:55 PM"}
{"name":"Ogress Shaman","level":82,"killCount":-1,"type":"NPC","drops":[{"name":"Big bones","id":532,"quantity":1,"price":238},{"name":"Mithril arrow","id":888,"quantity":11,"price":3}],"date":"Mar 6, 2024, 1:52:02 PM"}
{"name":"Ogress Shaman","level":82,"killCount":-1,"type":"NPC","drops":[{"name":"Big bones","id":532,"quantity":1,"price":238},{"name":"Nature rune","id":561,"quantity":8,"price":165}],"date":"Mar 6, 2024, 1:52:44 PM"}
{"name":"Ogress Shaman","level":82,"killCount":-1,"type":"NPC","drops":[{"name":"Big bones","id":532,"quantity":1,"price":238},{"name":"Mithril arrow","id":888,"quantity":7,"price":3}],"date":"Mar 6, 2024, 1:53:00 PM"}
{"name":"Ogress Shaman","level":82,"killCount":-1,"type":"NPC","drops":[{"name":"Big bones","id":532,"quantity":1,"price":238},{"name":"Uncut ruby","id":1619,"quantity":1,"price":901}],"date":"Mar 6, 2024, 1:54:38 PM"}
{"name":"Ogress Shaman","level":82,"killCount":-1,"type":"NPC","drops":[{"name":"Big bones","id":532,"quantity":1,"price":238},{"name":"Coins","id":995,"quantity":849,"price":1}],"date":"Mar 6, 2024, 1:55:00 PM"}
{"name":"Ogress Shaman","level":82,"killCount":-1,"type":"NPC","drops":[{"name":"Big bones","id":532,"quantity":1,"price":238},{"name":"Limpwurt seed","id":5100,"quantity":1,"price":4}],"date":"Mar 6, 2024, 1:55:33 PM"}
{"name":"Ogress Shaman","level":82,"killCount":-1,"type":"NPC","drops":[{"name":"Big bones","id":532,"quantity":1,"price":238},{"name":"Law rune","id":563,"quantity":15,"price":143}],"date":"Mar 6, 2024, 1:56:06 PM"}
{"name":"Ogress Shaman","level":82,"killCount":-1,"type":"NPC","drops":[{"name":"Big bones","id":532,"quantity":1,"price":238},{"name":"Law rune","id":563,"quantity":15,"price":143}],"date":"Mar 6, 2024, 1:56:52 PM"}
{"name":"Ogress Shaman","level":82,"killCount":-1,"type":"NPC","drops":[{"name":"Big bones","id":532,"quantity":1,"price":238},{"name":"Mithril arrow","id":888,"quantity":8,"price":3}],"date":"Mar 6, 2024, 1:57:39 PM"}
{"name":"Ogress Shaman","level":82,"killCount":-1,"type":"NPC","drops":[{"name":"Big bones","id":532,"quantity":1,"price":238},{"name":"Steel arrow","id":886,"quantity":23,"price":23}],"date":"Mar 6, 2024, 1:58:23 PM"}
{"name":"Ogress Shaman","level":82,"killCount":-1,"type":"NPC","drops":[{"name":"Big bones","id":532,"quantity":1,"price":238},{"name":"Mithril kiteshield","id":1197,"quantity":1,"price":965}],"date":"Mar 6, 2024, 1:59:05 PM"}
{"name":"Ogress Shaman","level":82,"killCount":-1,"type":"NPC","drops":[{"name":"Big bones","id":532,"quantity":1,"price":238},{"name":"Mithril kiteshield","id":1197,"quantity":1,"price":965}],"date":"Mar 6, 2024, 1:59:21 PM"}
{"name":"Ogress Shaman","level":82,"killCount":-1,"type":"NPC","drops":[{"name":"Big bones","id":532,"quantity":1,"price":238},{"name":"Water rune","id":555,"quantity":12,"price":5}],"date":"Mar 6, 2024, 2:00:05 PM"}
{"name":"Ogress Shaman","level":82,"killCount":-1,"type":"NPC","drops":[{"name":"Big bones","id":532,"quantity":1,"price":238},{"name":"Ranarr seed","id":5295,"quantity":1,"price":24535}],"date":"Mar 6, 2024, 2:00:22 PM"}
{"name":"Ogress Shaman","level":82,"killCount":-1,"type":"NPC","drops":[{"name":"Big bones","id":532,"quantity":1,"price":238},{"name":"Uncut diamond","id":1617,"quantity":1,"price":2092}],"date":"Mar 6, 2024, 2:01:06 PM"}
{"name":"Ogress Shaman","level":82,"killCount":-1,"type":"NPC","drops":[{"name":"Big bones","id":532,"quantity":1,"price":238},{"name":"Limpwurt root","id":225,"quantity":1,"price":363}],"date":"Mar 6, 2024, 2:01:14 PM"}
{"name":"Ogress Shaman","level":82,"killCount":-1,"type":"NPC","drops":[{"name":"Big bones","id":532,"quantity":1,"price":238},{"name":"Iron arrow","id":884,"quantity":21,"price":5}],"date":"Mar 6, 2024, 2:01:29 PM"}
{"name":"Ogress Shaman","level":82,"killCount":-1,"type":"NPC","drops":[{"name":"Big bones","id":532,"quantity":1,"price":238},{"name":"Mind rune","id":558,"quantity":20,"price":2}],"date":"Mar 6, 2024, 2:02:05 PM"}
{"name":"Ogress Shaman","level":82,"killCount":-1,"type":"NPC","drops":[{"name":"Big bones","id":532,"quantity":1,"price":238},{"name":"Steel arrow","id":886,"quantity":20,"price":23}],"date":"Mar 6, 2024, 2:03:05 PM"}
{"name":"Ogress Shaman","level":82,"killCount":-1,"type":"NPC","drops":[{"name":"Big bones","id":532,"quantity":1,"price":238},{"name":"Ensouled ogre head","id":13477,"quantity":1,"price":1787},{"name":"Salmon","id":329,"quantity":1,"price":78},{"name":"Salmon","id":329,"quantity":1,"price":78},{"name":"Salmon","id":329,"quantity":1,"price":78},{"name":"Mind rune","id":558,"quantity":13,"price":2}],"date":"Mar 6, 2024, 2:03:33 PM"}
{"name":"Ogress Shaman","level":82,"killCount":-1,"type":"NPC","drops":[{"name":"Big bones","id":532,"quantity":1,"price":238},{"name":"Death rune","id":560,"quantity":13,"price":195}],"date":"Mar 6, 2024, 2:04:09 PM"}
{"name":"Ogress Shaman","level":82,"killCount":-1,"type":"NPC","drops":[{"name":"Big bones","id":532,"quantity":1,"price":238},{"name":"Air rune","id":556,"quantity":16,"price":5}],"date":"Mar 6, 2024, 2:04:36 PM"}
{"name":"Ogress Shaman","level":82,"killCount":-1,"type":"NPC","drops":[{"name":"Big bones","id":532,"quantity":1,"price":238},{"name":"Law rune","id":563,"quantity":10,"price":143}],"date":"Mar 6, 2024, 2:05:16 PM"}
{"name":"Ogress Shaman","level":82,"killCount":-1,"type":"NPC","drops":[{"name":"Big bones","id":532,"quantity":1,"price":238},{"name":"Rune battleaxe","id":1373,"quantity":1,"price":24403},{"name":"Coins","id":995,"quantity":820,"price":1}],"date":"Mar 6, 2024, 2:07:20 PM"}
{"name":"Ogress Shaman","level":82,"killCount":-1,"type":"NPC","drops":[{"name":"Big bones","id":532,"quantity":1,"price":238},{"name":"Earth rune","id":557,"quantity":17,"price":4}],"date":"Mar 6, 2024, 2:07:44 PM"}
{"name":"Ogress Shaman","level":82,"killCount":-1,"type":"NPC","drops":[{"name":"Big bones","id":532,"quantity":1,"price":238},{"name":"Coins","id":995,"quantity":958,"price":1}],"date":"Mar 6, 2024, 2:07:57 PM"}
{"name":"Ogress Shaman","level":82,"killCount":-1,"type":"NPC","drops":[{"name":"Big bones","id":532,"quantity":1,"price":238},{"name":"Coins","id":995,"quantity":855,"price":1}],"date":"Mar 6, 2024, 2:08:44 PM"}
{"name":"Ogress Shaman","level":82,"killCount":-1,"type":"NPC","drops":[{"name":"Big bones","id":532,"quantity":1,"price":238},{"name":"Mind rune","id":558,"quantity":16,"price":2}],"date":"Mar 6, 2024, 2:09:25 PM"}
{"name":"Ogress Shaman","level":82,"killCount":-1,"type":"NPC","drops":[{"name":"Big bones","id":532,"quantity":1,"price":238},{"name":"Ensouled ogre head","id":13477,"quantity":1,"price":1787},{"name":"Salmon","id":329,"quantity":1,"price":78},{"name":"Chaos rune","id":562,"quantity":30,"price":101}],"date":"Mar 6, 2024, 2:09:59 PM"}
{"name":"Ogress Shaman","level":82,"killCount":-1,"type":"NPC","drops":[{"name":"Big bones","id":532,"quantity":1,"price":238},{"name":"Chaos rune","id":562,"quantity":20,"price":101}],"date":"Mar 6, 2024, 2:10:55 PM"}
{"name":"Ogress Shaman","level":82,"killCount":-1,"type":"NPC","drops":[{"name":"Big bones","id":532,"quantity":1,"price":238},{"name":"Mithril kiteshield","id":1197,"quantity":1,"price":965}],"date":"Mar 6, 2024, 2:11:04 PM"}
{"name":"Ogress Shaman","level":82,"killCount":-1,"type":"NPC","drops":[{"name":"Big bones","id":532,"quantity":1,"price":238},{"name":"Mithril arrow","id":888,"quantity":15,"price":3}],"date":"Mar 6, 2024, 2:11:41 PM"}
{"name":"Ogress Shaman","level":82,"killCount":-1,"type":"NPC","drops":[{"name":"Big bones","id":532,"quantity":1,"price":238},{"name":"Mithril arrow","id":888,"quantity":11,"price":3}],"date":"Mar 6, 2024, 2:12:19 PM"}
{"name":"Ogress Shaman","level":82,"killCount":-1,"type":"NPC","drops":[{"name":"Big bones","id":532,"quantity":1,"price":238},{"name":"Uncut ruby","id":1619,"quantity":1,"price":901}],"date":"Mar 6, 2024, 2:12:52 PM"}
{"name":"Ogress Shaman","level":82,"killCount":-1,"type":"NPC","drops":[{"name":"Big bones","id":532,"quantity":1,"price":238},{"name":"Salmon","id":329,"quantity":1,"price":78},{"name":"Steel arrow","id":886,"quantity":22,"price":23}],"date":"Mar 6, 2024, 2:13:28 PM"}
{"name":"Ogress Shaman","level":82,"killCount":-1,"type":"NPC","drops":[{"name":"Big bones","id":532,"quantity":1,"price":238},{"name":"Death rune","id":560,"quantity":15,"price":195}],"date":"Mar 6, 2024, 2:14:03 PM"}
{"name":"Ogress Shaman","level":82,"killCount":-1,"type":"NPC","drops":[{"name":"Big bones","id":532,"quantity":1,"price":238},{"name":"Limpwurt root","id":225,"quantity":1,"price":363}],"date":"Mar 6, 2024, 2:14:14 PM"}
{"name":"Ogress Shaman","level":82,"killCount":-1,"type":"NPC","drops":[{"name":"Big bones","id":532,"quantity":1,"price":238},{"name":"Mithril kiteshield","id":1197,"quantity":1,"price":965}],"date":"Mar 6, 2024, 2:14:24 PM"}
{"name":"Ogress Shaman","level":82,"killCount":-1,"type":"NPC","drops":[{"name":"Big bones","id":532,"quantity":1,"price":238},{"name":"Cosmic rune","id":564,"quantity":10,"price":113}],"date":"Mar 6, 2024, 2:14:53 PM"}
{"name":"Ogress Shaman","level":82,"killCount":-1,"type":"NPC","drops":[{"name":"Big bones","id":532,"quantity":1,"price":238},{"name":"Mithril kiteshield","id":1197,"quantity":1,"price":965}],"date":"Mar 6, 2024, 2:15:41 PM"}
{"name":"Ogress Shaman","level":82,"killCount":-1,"type":"NPC","drops":[{"name":"Big bones","id":532,"quantity":1,"price":238},{"name":"Coins","id":995,"quantity":822,"price":1}],"date":"Mar 6, 2024, 2:15:56 PM"}
{"name":"Ogress Shaman","level":82,"killCount":-1,"type":"NPC","drops":[{"name":"Big bones","id":532,"quantity":1,"price":238},{"name":"Coins","id":995,"quantity":947,"price":1}],"date":"Mar 6, 2024, 2:16:23 PM"}
{"name":"Ogress Shaman","level":82,"killCount":-1,"type":"NPC","drops":[{"name":"Big bones","id":532,"quantity":1,"price":238},{"name":"Law rune","id":563,"quantity":10,"price":143}],"date":"Mar 6, 2024, 2:16:55 PM"}
{"name":"Ogress Shaman","level":82,"killCount":-1,"type":"NPC","drops":[{"name":"Big bones","id":532,"quantity":1,"price":238},{"name":"Fire rune","id":554,"quantity":12,"price":5}],"date":"Mar 6, 2024, 2:17:22 PM"}
{"name":"Ogress Shaman","level":82,"killCount":-1,"type":"NPC","drops":[{"name":"Big bones","id":532,"quantity":1,"price":238},{"name":"Fire rune","id":554,"quantity":13,"price":5}],"date":"Mar 6, 2024, 2:17:45 PM"}
{"name":"Ogress Shaman","level":82,"killCount":-1,"type":"NPC","drops":[{"name":"Big bones","id":532,"quantity":1,"price":238},{"name":"Mithril arrow","id":888,"quantity":14,"price":3}],"date":"Mar 6, 2024, 2:17:59 PM"}
{"name":"Ogress Shaman","level":82,"killCount":-1,"type":"NPC","drops":[{"name":"Big bones","id":532,"quantity":1,"price":238},{"name":"Uncut emerald","id":1621,"quantity":1,"price":447}],"date":"Mar 6, 2024, 2:18:35 PM"}
{"name":"Ogress Shaman","level":82,"killCount":-1,"type":"NPC","drops":[{"name":"Big bones","id":532,"quantity":1,"price":238},{"name":"Chaos rune","id":562,"quantity":16,"price":101}],"date":"Mar 6, 2024, 2:19:50 PM"}
{"name":"Ogress Shaman","level":82,"killCount":-1,"type":"NPC","drops":[{"name":"Big bones","id":532,"quantity":1,"price":238},{"name":"Iron arrow","id":884,"quantity":28,"price":5}],"date":"Mar 6, 2024, 2:20:10 PM"}
{"name":"Ogress Shaman","level":82,"killCount":-1,"type":"NPC","drops":[{"name":"Big bones","id":532,"quantity":1,"price":238},{"name":"Fire rune","id":554,"quantity":14,"price":5}],"date":"Mar 6, 2024, 2:20:29 PM"}
{"name":"Ogress Shaman","level":82,"killCount":-1,"type":"NPC","drops":[{"name":"Big bones","id":532,"quantity":1,"price":238},{"name":"Iron arrow","id":884,"quantity":23,"price":5}],"date":"Mar 6, 2024, 2:21:14 PM"}
{"name":"Ogress Shaman","level":82,"killCount":-1,"type":"NPC","drops":[{"name":"Big bones","id":532,"quantity":1,"price":238},{"name":"Iron arrow","id":884,"quantity":33,"price":5}],"date":"Mar 6, 2024, 2:22:14 PM"}
{"name":"Ogress Shaman","level":82,"killCount":-1,"type":"NPC","drops":[{"name":"Big bones","id":532,"quantity":1,"price":238},{"name":"Mithril kiteshield","id":1197,"quantity":1,"price":965}],"date":"Mar 6, 2024, 2:23:14 PM"}
{"name":"Ogress Shaman","level":82,"killCount":-1,"type":"NPC","drops":[{"name":"Big bones","id":532,"quantity":1,"price":238},{"name":"Nature rune","id":561,"quantity":8,"price":165}],"date":"Mar 6, 2024, 2:23:47 PM"}
{"name":"Ogress Shaman","level":82,"killCount":-1,"type":"NPC","drops":[{"name":"Big bones","id":532,"quantity":1,"price":238},{"name":"Cosmic rune","id":564,"quantity":15,"price":113}],"date":"Mar 6, 2024, 2:24:29 PM"}
{"name":"Ogress Shaman","level":82,"killCount":-1,"type":"NPC","drops":[{"name":"Big bones","id":532,"quantity":1,"price":238},{"name":"Mind rune","id":558,"quantity":19,"price":2}],"date":"Mar 6, 2024, 2:25:23 PM"}
{"name":"Ogress Shaman","level":82,"killCount":-1,"type":"NPC","drops":[{"name":"Big bones","id":532,"quantity":1,"price":238},{"name":"Salmon","id":329,"quantity":1,"price":78},{"name":"Uncut emerald","id":1621,"quantity":1,"price":447}],"date":"Mar 6, 2024, 2:26:19 PM"}
{"name":"Ogress Shaman","level":82,"killCount":-1,"type":"NPC","drops":[{"name":"Big bones","id":532,"quantity":1,"price":238},{"name":"Uncut ruby","id":1619,"quantity":1,"price":901}],"date":"Mar 6, 2024, 2:26:46 PM"}
{"name":"Ogress Shaman","level":82,"killCount":-1,"type":"NPC","drops":[{"name":"Big bones","id":532,"quantity":1,"price":238},{"name":"Fire rune","id":554,"quantity":12,"price":5}],"date":"Mar 6, 2024, 2:27:04 PM"}
{"name":"Ogress Shaman","level":82,"killCount":-1,"type":"NPC","drops":[{"name":"Big bones","id":532,"quantity":1,"price":238},{"name":"Coins","id":995,"quantity":658,"price":1}],"date":"Mar 6, 2024, 2:27:50 PM"}
{"name":"Ogress Shaman","level":82,"killCount":-1,"type":"NPC","drops":[{"name":"Big bones","id":532,"quantity":1,"price":238},{"name":"Steel arrow","id":886,"quantity":26,"price":23}],"date":"Mar 6, 2024, 2:28:46 PM"}
{"name":"Ogress Shaman","level":82,"killCount":-1,"type":"NPC","drops":[{"name":"Big bones","id":532,"quantity":1,"price":238},{"name":"Uncut sapphire","id":1623,"quantity":1,"price":236}],"date":"Mar 6, 2024, 2:29:37 PM"}
{"name":"Ogress Shaman","level":82,"killCount":-1,"type":"NPC","drops":[{"name":"Big bones","id":532,"quantity":1,"price":238},{"name":"Law rune","id":563,"quantity":12,"price":143}],"date":"Mar 6, 2024, 2:30:29 PM"}
{"name":"Ogress Shaman","level":82,"killCount":-1,"type":"NPC","drops":[{"name":"Big bones","id":532,"quantity":1,"price":238},{"name":"Mind rune","id":558,"quantity":11,"price":2}],"date":"Mar 6, 2024, 2:31:13 PM"}
{"name":"Ogress Shaman","level":82,"killCount":-1,"type":"NPC","drops":[{"name":"Big bones","id":532,"quantity":1,"price":238},{"name":"Uncut emerald","id":1621,"quantity":1,"price":447}],"date":"Mar 6, 2024, 2:31:50 PM"}
{"name":"Ogress Shaman","level":82,"killCount":-1,"type":"NPC","drops":[{"name":"Big bones","id":532,"quantity":1,"price":238},{"name":"Iron arrow","id":884,"quantity":32,"price":5}],"date":"Mar 6, 2024, 2:32:08 PM"}
{"name":"Ogress Shaman","level":82,"killCount":-1,"type":"NPC","drops":[{"name":"Big bones","id":532,"quantity":1,"price":238},{"name":"Mithril arrow","id":888,"quantity":8,"price":3}],"date":"Mar 6, 2024, 2:32:26 PM"}
{"name":"Ogress Shaman","level":82,"killCount":-1,"type":"NPC","drops":[{"name":"Big bones","id":532,"quantity":1,"price":238},{"name":"Ensouled ogre head","id":13477,"quantity":1,"price":1787},{"name":"Uncut diamond","id":1617,"quantity":1,"price":2092}],"date":"Mar 6, 2024, 2:32:55 PM"}
{"name":"Ogress Shaman","level":82,"killCount":-1,"type":"NPC","drops":[{"name":"Big bones","id":532,"quantity":1,"price":238},{"name":"Strawberry seed","id":5323,"quantity":1,"price":2}],"date":"Mar 6, 2024, 2:33:05 PM"}
{"name":"Ogress Shaman","level":82,"killCount":-1,"type":"NPC","drops":[{"name":"Big bones","id":532,"quantity":1,"price":238},{"name":"Salmon","id":329,"quantity":1,"price":78},{"name":"Cosmic rune","id":564,"quantity":13,"price":113}],"date":"Mar 6, 2024, 2:33:34 PM"}
{"name":"Ogress Shaman","level":82,"killCount":-1,"type":"NPC","drops":[{"name":"Big bones","id":532,"quantity":1,"price":238},{"name":"Law rune","id":563,"quantity":12,"price":143}],"date":"Mar 6, 2024, 2:34:16 PM"}
{"name":"Ogress Shaman","level":82,"killCount":-1,"type":"NPC","drops":[{"name":"Big bones","id":532,"quantity":1,"price":238},{"name":"Nature rune","id":561,"quantity":14,"price":165}],"date":"Mar 6, 2024, 2:35:04 PM"}
{"name":"Ogress Shaman","level":82,"killCount":-1,"type":"NPC","drops":[{"name":"Big bones","id":532,"quantity":1,"price":238},{"name":"Chaos rune","id":562,"quantity":24,"price":101}],"date":"Mar 6, 2024, 2:35:23 PM"}
{"name":"Ogress Shaman","level":82,"killCount":-1,"type":"NPC","drops":[{"name":"Big bones","id":532,"quantity":1,"price":238},{"name":"Mind rune","id":558,"quantity":17,"price":2}],"date":"Mar 6, 2024, 2:35:49 PM"}
{"name":"Ogress Shaman","level":82,"killCount":-1,"type":"NPC","drops":[{"name":"Big bones","id":532,"quantity":1,"price":238},{"name":"Cosmic rune","id":564,"quantity":13,"price":113}],"date":"Mar 6, 2024, 2:36:28 PM"}
{"name":"Ogress Shaman","level":82,"killCount":-1,"type":"NPC","drops":[{"name":"Big bones","id":532,"quantity":1,"price":238},{"name":"Limpwurt root","id":225,"quantity":1,"price":363}],"date":"Mar 6, 2024, 2:37:29 PM"}
{"name":"Ogress Shaman","level":82,"killCount":-1,"type":"NPC","drops":[{"name":"Big bones","id":532,"quantity":1,"price":238},{"name":"Uncut diamond","id":1617,"quantity":1,"price":2092}],"date":"Mar 6, 2024, 2:38:07 PM"}
{"name":"Ogress Shaman","level":82,"killCount":-1,"type":"NPC","drops":[{"name":"Big bones","id":532,"quantity":1,"price":238},{"name":"Chaos rune","id":562,"quantity":24,"price":101}],"date":"Mar 6, 2024, 2:38:47 PM"}
{"name":"Ogress Shaman","level":82,"killCount":-1,"type":"NPC","drops":[{"name":"Big bones","id":532,"quantity":1,"price":238},{"name":"Jangerberry seed","id":5104,"quantity":1,"price":1}],"date":"Mar 6, 2024, 2:39:39 PM"}
{"name":"Ogress Shaman","level":82,"killCount":-1,"type":"NPC","drops":[{"name":"Big bones","id":532,"quantity":1,"price":238},{"name":"Mithril arrow","id":888,"quantity":8,"price":3}],"date":"Mar 6, 2024, 2:40:21 PM"}
{"name":"Ogress Shaman","level":82,"killCount":-1,"type":"NPC","drops":[{"name":"Big bones","id":532,"quantity":1,"price":238},{"name":"Limpwurt root","id":225,"quantity":1,"price":363}],"date":"Mar 6, 2024, 2:41:00 PM"}
{"name":"Ogress Shaman","level":82,"killCount":-1,"type":"NPC","drops":[{"name":"Big bones","id":532,"quantity":1,"price":238},{"name":"Cosmic rune","id":564,"quantity":14,"price":113}],"date":"Mar 6, 2024, 2:42:00 PM"}
{"name":"Ogress Shaman","level":82,"killCount":-1,"type":"NPC","drops":[{"name":"Big bones","id":532,"quantity":1,"price":238},{"name":"Law rune","id":563,"quantity":11,"price":143}],"date":"Mar 6, 2024, 2:42:48 PM"}
{"name":"Ogress Shaman","level":82,"killCount":-1,"type":"NPC","drops":[{"name":"Big bones","id":532,"quantity":1,"price":238},{"name":"Rune full helm","id":1163,"quantity":1,"price":20487},{"name":"Chaos rune","id":562,"quantity":20,"price":101}],"date":"Mar 6, 2024, 2:43:19 PM"}
{"name":"Ogress Shaman","level":82,"killCount":-1,"type":"NPC","drops":[{"name":"Big bones","id":532,"quantity":1,"price":235},{"name":"Salmon","id":329,"quantity":1,"price":78},{"name":"Salmon","id":329,"quantity":1,"price":78},{"name":"Salmon","id":329,"quantity":1,"price":78},{"name":"Death rune","id":560,"quantity":14,"price":190}],"date":"Mar 6, 2024, 2:44:16 PM"}
{"name":"Ogress Shaman","level":82,"killCount":-1,"type":"NPC","drops":[{"name":"Long bone","id":10976,"quantity":1,"price":1000},{"name":"Big bones","id":532,"quantity":1,"price":235},{"name":"Nature rune","id":561,"quantity":11,"price":158}],"date":"Mar 6, 2024, 2:45:00 PM"}
{"name":"Ogress Shaman","level":82,"killCount":-1,"type":"NPC","drops":[{"name":"Big bones","id":532,"quantity":1,"price":235},{"name":"Nature rune","id":561,"quantity":9,"price":158}],"date":"Mar 6, 2024, 2:45:24 PM"}
{"name":"Ogress Shaman","level":82,"killCount":-1,"type":"NPC","drops":[{"name":"Big bones","id":532,"quantity":1,"price":235},{"name":"Chaos rune","id":562,"quantity":17,"price":100}],"date":"Mar 6, 2024, 2:45:40 PM"}
{"name":"Ogress Shaman","level":82,"killCount":-1,"type":"NPC","drops":[{"name":"Big bones","id":532,"quantity":1,"price":235},{"name":"Earth rune","id":557,"quantity":13,"price":4}],"date":"Mar 6, 2024, 2:45:57 PM"}
{"name":"Ogress Shaman","level":82,"killCount":-1,"type":"NPC","drops":[{"name":"Big bones","id":532,"quantity":1,"price":235},{"name":"Coins","id":995,"quantity":666,"price":1}],"date":"Mar 6, 2024, 2:46:36 PM"}
{"name":"Ogress Shaman","level":82,"killCount":-1,"type":"NPC","drops":[{"name":"Big bones","id":532,"quantity":1,"price":235},{"name":"Chaos rune","id":562,"quantity":15,"price":100}],"date":"Mar 6, 2024, 2:47:21 PM"}
{"name":"Ogress Shaman","level":82,"killCount":-1,"type":"NPC","drops":[{"name":"Big bones","id":532,"quantity":1,"price":235},{"name":"Shaman mask","id":21838,"quantity":1,"price":9925},{"name":"Uncut ruby","id":1619,"quantity":1,"price":896}],"date":"Mar 6, 2024, 2:48:04 PM"}
