{"name":"Sand Crab","level":15,"killCount":-1,"type":"NPC","drops":[{"name":"Iron pickaxe","id":1267,"quantity":1,"price":115}],"date":"Nov 16, 2023, 10:39:05 PM"}
{"name":"Sand Crab","level":15,"killCount":-1,"type":"NPC","drops":[{"name":"Coins","id":995,"quantity":8,"price":1}],"date":"Nov 20, 2023, 4:01:25 PM"}
{"name":"Sand Crab","level":15,"killCount":-1,"type":"NPC","drops":[{"name":"Iron pickaxe","id":1267,"quantity":1,"price":119}],"date":"Nov 20, 2023, 4:01:46 PM"}
{"name":"Sand Crab","level":15,"killCount":-1,"type":"NPC","drops":[{"name":"Iron ore","id":440,"quantity":1,"price":106}],"date":"Nov 20, 2023, 4:02:07 PM"}
{"name":"Sand Crab","level":15,"killCount":-1,"type":"NPC","drops":[{"name":"Scroll box (easy)","id":24362,"quantity":1,"price":0},{"name":"Iron ore","id":440,"quantity":1,"price":106}],"date":"Nov 20, 2023, 4:02:32 PM"}
{"name":"Sand Crab","level":15,"killCount":-1,"type":"NPC","drops":[{"name":"Seaweed","id":401,"quantity":1,"price":15}],"date":"Nov 20, 2023, 4:02:52 PM"}
{"name":"Sand Crab","level":15,"killCount":-1,"type":"NPC","drops":[{"name":"Copper ore","id":436,"quantity":1,"price":65},{"name":"Copper ore","id":436,"quantity":1,"price":65},{"name":"Copper ore","id":436,"quantity":1,"price":65}],"date":"Nov 20, 2023, 4:03:20 PM"}
{"name":"Sand Crab","level":15,"killCount":-1,"type":"NPC","drops":[{"name":"Coins","id":995,"quantity":8,"price":1}],"date":"Nov 20, 2023, 4:03:42 PM"}
{"name":"Sand Crab","level":15,"killCount":-1,"type":"NPC","drops":[{"name":"Seaweed","id":401,"quantity":1,"price":15},{"name":"Seaweed","id":401,"quantity":1,"price":15}],"date":"Nov 20, 2023, 4:04:11 PM"}
{"name":"Sand Crab","level":15,"killCount":-1,"type":"NPC","drops":[{"name":"Coins","id":995,"quantity":4,"price":1}],"date":"Nov 20, 2023, 4:04:32 PM"}
{"name":"Sand Crab","level":15,"killCount":-1,"type":"NPC","drops":[{"name":"Bucket of sand","id":1783,"quantity":1,"price":27}],"date":"Nov 20, 2023, 4:04:59 PM"}
{"name":"Sand Crab","level":15,"killCount":-1,"type":"NPC","drops":[{"name":"Seaweed","id":401,"quantity":1,"price":15},{"name":"Seaweed","id":401,"quantity":1,"price":15}],"date":"Nov 20, 2023, 4:05:23 PM"}
{"name":"Sand Crab","level":15,"killCount":-1,"type":"NPC","drops":[{"name":"Coins","id":995,"quantity":36,"price":1}],"date":"Nov 20, 2023, 4:05:50 PM"}
{"name":"Sand Crab","level":15,"killCount":-1,"type":"NPC","drops":[{"name":"Empty oyster","id":409,"quantity":1,"price":0}],"date":"Nov 20, 2023, 4:06:10 PM"}
{"name":"Sand Crab","level":15,"killCount":-1,"type":"NPC","drops":[{"name":"Oyster","id":407,"quantity":1,"price":60}],"date":"Nov 20, 2023, 4:06:40 PM"}
{"name":"Sand Crab","level":15,"killCount":-1,"type":"NPC","drops":[{"name":"Coins","id":995,"quantity":4,"price":1}],"date":"Nov 20, 2023, 4:06:55 PM"}
{"name":"Sand Crab","level":15,"killCount":-1,"type":"NPC","drops":[{"name":"Oyster","id":407,"quantity":1,"price":60}],"date":"Nov 20, 2023, 4:07:31 PM"}
{"name":"Sand Crab","level":15,"killCount":-1,"type":"NPC","drops":[{"name":"Seaweed","id":401,"quantity":1,"price":15}],"date":"Nov 20, 2023, 4:07:50 PM"}
{"name":"Sand Crab","level":15,"killCount":-1,"type":"NPC","drops":[{"name":"Seaweed","id":401,"quantity":1,"price":15}],"date":"Nov 20, 2023, 4:08:18 PM"}
{"name":"Sand Crab","level":15,"killCount":-1,"type":"NPC","drops":[{"name":"Oyster","id":407,"quantity":1,"price":60},{"name":"Oyster","id":407,"quantity":1,"price":60}],"date":"Nov 20, 2023, 4:08:46 PM"}
{"name":"Sand Crab","level":15,"killCount":-1,"type":"NPC","drops":[{"name":"Bucket of sand","id":1783,"quantity":1,"price":27}],"date":"Nov 20, 2023, 4:09:08 PM"}
{"name":"Sand Crab","level":15,"killCount":-1,"type":"NPC","drops":[{"name":"Seaweed","id":401,"quantity":1,"price":15},{"name":"Seaweed","id":401,"quantity":1,"price":15}],"date":"Nov 20, 2023, 4:09:40 PM"}
{"name":"Sand Crab","level":15,"killCount":-1,"type":"NPC","drops":[{"name":"Oyster pearl","id":411,"quantity":1,"price":99}],"date":"Nov 20, 2023, 4:09:56 PM"}
{"name":"Sand Crab","level":15,"killCount":-1,"type":"NPC","drops":[{"name":"Bucket of sand","id":1783,"quantity":1,"price":27}],"date":"Nov 20, 2023, 4:10:29 PM"}
{"name":"Sand Crab","level":15,"killCount":-1,"type":"NPC","drops":[{"name":"Empty oyster","id":409,"quantity":1,"price":0}],"date":"Nov 20, 2023, 4:10:49 PM"}
{"name":"Sand Crab","level":15,"killCount":-1,"type":"NPC","drops":[{"name":"Scroll box (easy)","id":24362,"quantity":1,"price":0},{"name":"Oyster","id":407,"quantity":1,"price":60},{"name":"Oyster","id":407,"quantity":1,"price":60}],"date":"Nov 20, 2023, 4:11:14 PM"}
{"name":"Sand Crab","level":15,"killCount":-1,"type":"NPC","drops":[{"name":"Coins","id":995,"quantity":36,"price":1}],"date":"Nov 20, 2023, 4:24:48 PM"}
{"name":"Sand Crab","level":15,"killCount":-1,"type":"NPC","drops":[{"name":"Seaweed","id":401,"quantity":1,"price":15},{"name":"Seaweed","id":401,"quantity":1,"price":15}],"date":"Nov 20, 2023, 4:25:05 PM"}
{"name":"Sand Crab","level":15,"killCount":-1,"type":"NPC","drops":[{"name":"Seaweed","id":401,"quantity":1,"price":15}],"date":"Nov 20, 2023, 4:25:16 PM"}
{"name":"Sand Crab","level":15,"killCount":-1,"type":"NPC","drops":[{"name":"Bucket of sand","id":1783,"quantity":1,"price":27}],"date":"Nov 20, 2023, 4:25:43 PM"}
{"name":"Sand Crab","level":15,"killCount":-1,"type":"NPC","drops":[{"name":"Scroll box (easy)","id":24362,"quantity":1,"price":0},{"name":"Seaweed","id":401,"quantity":1,"price":15},{"name":"Seaweed","id":401,"quantity":1,"price":15}],"date":"Nov 20, 2023, 4:25:57 PM"}
{"name":"Sand Crab","level":15,"killCount":-1,"type":"NPC","drops":[{"name":"Coins","id":995,"quantity":4,"price":1}],"date":"Nov 20, 2023, 4:26:18 PM"}
{"name":"Sand Crab","level":15,"killCount":-1,"type":"NPC","drops":[{"name":"Coins","id":995,"quantity":4,"price":1}],"date":"Nov 20, 2023, 4:26:44 PM"}
{"name":"Sand Crab","level":15,"killCount":-1,"type":"NPC","drops":[{"name":"Seaweed","id":401,"quantity":1,"price":15},{"name":"Seaweed","id":401,"quantity":1,"price":15},{"name":"Seaweed","id":401,"quantity":1,"price":15},{"name":"Seaweed","id":401,"quantity":1,"price":15},{"name":"Seaweed","id":401,"quantity":1,"price":15}],"date":"Nov 20, 2023, 4:26:59 PM"}
{"name":"Sand Crab","level":15,"killCount":-1,"type":"NPC","drops":[{"name":"Oyster","id":407,"quantity":1,"price":60}],"date":"Nov 20, 2023, 4:27:22 PM"}
{"name":"Sand Crab","level":15,"killCount":-1,"type":"NPC","drops":[{"name":"Seaweed","id":401,"quantity":1,"price":15},{"name":"Seaweed","id":401,"quantity":1,"price":15}],"date":"Nov 20, 2023, 4:27:55 PM"}
{"name":"Sand Crab","level":15,"killCount":-1,"type":"NPC","drops":[{"name":"Edible seaweed","id":403,"quantity":1,"price":17},{"name":"Edible seaweed","id":403,"quantity":1,"price":17}],"date":"Nov 26, 2023, 4:06:26 PM"}
{"name":"Sand Crab","level":15,"killCount":-1,"type":"NPC","drops":[{"name":"Iron pickaxe","id":1267,"quantity":1,"price":119}],"date":"Nov 26, 2023, 4:06:37 PM"}
{"name":"Sand Crab","level":15,"killCount":-1,"type":"NPC","drops":[{"name":"Coins","id":995,"quantity":4,"price":1}],"date":"Nov 26, 2023, 4:07:05 PM"}
{"name":"Sand Crab","level":15,"killCount":-1,"type":"NPC","drops":[{"name":"Bronze pickaxe","id":1265,"quantity":1,"price":52}],"date":"Nov 26, 2023, 4:07:15 PM"}
{"name":"Sand Crab","level":15,"killCount":-1,"type":"NPC","drops":[{"name":"Oyster","id":407,"quantity":1,"price":60},{"name":"Oyster","id":407,"quantity":1,"price":60}],"date":"Nov 26, 2023, 4:07:29 PM"}
{"name":"Sand Crab","level":15,"killCount":-1,"type":"NPC","drops":[{"name":"Fishing bait","id":313,"quantity":10,"price":3}],"date":"Nov 26, 2023, 4:07:51 PM"}
{"name":"Sand Crab","level":15,"killCount":-1,"type":"NPC","drops":[{"name":"Coins","id":995,"quantity":36,"price":1}],"date":"Nov 26, 2023, 4:08:22 PM"}
{"name":"Sand Crab","level":15,"killCount":-1,"type":"NPC","drops":[{"name":"Coins","id":995,"quantity":4,"price":1}],"date":"Nov 26, 2023, 4:08:37 PM"}
{"name":"Sand Crab","level":15,"killCount":-1,"type":"NPC","drops":[{"name":"Coins","id":995,"quantity":4,"price":1}],"date":"Nov 26, 2023, 4:08:48 PM"}
{"name":"Sand Crab","level":15,"killCount":-1,"type":"NPC","drops":[{"name":"Iron pickaxe","id":1267,"quantity":1,"price":119}],"date":"Nov 26, 2023, 4:09:08 PM"}
{"name":"Sand Crab","level":15,"killCount":-1,"type":"NPC","drops":[{"name":"Coins","id":995,"quantity":4,"price":1}],"date":"Nov 26, 2023, 4:09:21 PM"}
{"name":"Sand Crab","level":15,"killCount":-1,"type":"NPC","drops":[{"name":"Empty oyster","id":409,"quantity":1,"price":0},{"name":"Empty oyster","id":409,"quantity":1,"price":0},{"name":"Empty oyster","id":409,"quantity":1,"price":0}],"date":"Nov 26, 2023, 4:09:31 PM"}
