{"name":"Saradomin wizard","level":108,"killCount":-1,"type":"NPC","drops":[{"name":"Bones","id":526,"quantity":1,"price":70},{"name":"Coins","id":995,"quantity":89,"price":1}],"date":"Mar 27, 2022, 10:24:34 PM"}
{"name":"Saradomin wizard","level":108,"killCount":-1,"type":"NPC","drops":[{"name":"Bones","id":526,"quantity":1,"price":70},{"name":"Earth rune","id":557,"quantity":86,"price":4}],"date":"Mar 27, 2022, 10:25:51 PM"}
{"name":"Saradomin wizard","level":108,"killCount":-1,"type":"NPC","drops":[{"name":"Bones","id":526,"quantity":1,"price":70},{"name":"Death rune","id":560,"quantity":45,"price":187}],"date":"Mar 27, 2022, 10:26:47 PM"}
{"name":"Saradomin wizard","level":108,"killCount":-1,"type":"NPC","drops":[{"name":"Bones","id":526,"quantity":1,"price":69},{"name":"Earth rune","id":557,"quantity":86,"price":4}],"date":"Mar 28, 2022, 8:57:20 AM"}
{"name":"Saradomin wizard","level":108,"killCount":-1,"type":"NPC","drops":[{"name":"Bones","id":526,"quantity":1,"price":69},{"name":"Water rune","id":555,"quantity":146,"price":4}],"date":"Mar 28, 2022, 9:01:37 AM"}
{"name":"Saradomin wizard","level":108,"killCount":-1,"type":"NPC","drops":[{"name":"Bones","id":526,"quantity":1,"price":65}],"date":"Mar 31, 2022, 10:13:33 AM"}
{"name":"Saradomin wizard","level":108,"killCount":-1,"type":"NPC","drops":[{"name":"Bones","id":526,"quantity":1,"price":65},{"name":"Coins","id":995,"quantity":89,"price":1}],"date":"Mar 31, 2022, 10:21:25 AM"}
{"name":"Saradomin wizard","level":108,"killCount":-1,"type":"NPC","drops":[{"name":"Bones","id":526,"quantity":1,"price":64},{"name":"Coins","id":995,"quantity":89,"price":1}],"date":"Mar 31, 2022, 11:04:54 AM"}
{"name":"Saradomin wizard","level":108,"killCount":-1,"type":"NPC","drops":[{"name":"Bones","id":526,"quantity":1,"price":64},{"name":"Earth rune","id":557,"quantity":79,"price":4}],"date":"Mar 31, 2022, 11:18:22 AM"}
{"name":"Saradomin wizard","level":108,"killCount":-1,"type":"NPC","drops":[{"name":"Bones","id":526,"quantity":1,"price":58}],"date":"Mar 31, 2022, 2:10:29 PM"}
{"name":"Saradomin wizard","level":108,"killCount":-1,"type":"NPC","drops":[{"name":"Bones","id":526,"quantity":1,"price":56},{"name":"Coins","id":995,"quantity":240,"price":1}],"date":"Mar 31, 2022, 2:12:15 PM"}
{"name":"Saradomin wizard","level":108,"killCount":-1,"type":"NPC","drops":[{"name":"Bones","id":526,"quantity":1,"price":54}],"date":"Apr 10, 2022, 1:57:25 PM"}
{"name":"Saradomin wizard","level":108,"killCount":-1,"type":"NPC","drops":[{"name":"Bones","id":526,"quantity":1,"price":54},{"name":"Earth rune","id":557,"quantity":86,"price":5}],"date":"Apr 10, 2022, 2:00:11 PM"}
{"name":"Saradomin wizard","level":108,"killCount":-1,"type":"NPC","drops":[{"name":"Bones","id":526,"quantity":1,"price":50},{"name":"Coins","id":995,"quantity":89,"price":1}],"date":"Apr 12, 2022, 10:44:48 AM"}
{"name":"Saradomin wizard","level":108,"killCount":-1,"type":"NPC","drops":[{"name":"Bones","id":526,"quantity":1,"price":50},{"name":"Fire battlestaff","id":1393,"quantity":1,"price":8949}],"date":"Apr 12, 2022, 10:47:07 AM"}
{"name":"Saradomin wizard","level":108,"killCount":-1,"type":"NPC","drops":[{"name":"Bones","id":526,"quantity":1,"price":69}],"date":"Apr 18, 2022, 2:13:02 PM"}
{"name":"Saradomin wizard","level":108,"killCount":-1,"type":"NPC","drops":[{"name":"Bones","id":526,"quantity":1,"price":73},{"name":"Air battlestaff","id":1397,"quantity":1,"price":8855}],"date":"May 2, 2022, 11:42:22 AM"}
{"name":"Saradomin wizard","level":108,"killCount":-1,"type":"NPC","drops":[{"name":"Bones","id":526,"quantity":1,"price":73},{"name":"Earth rune","id":557,"quantity":107,"price":4}],"date":"May 2, 2022, 11:44:31 AM"}
{"name":"Saradomin wizard","level":108,"killCount":-1,"type":"NPC","drops":[{"name":"Bones","id":526,"quantity":1,"price":73},{"name":"Coins","id":995,"quantity":89,"price":1}],"date":"May 2, 2022, 11:47:29 AM"}
{"name":"Saradomin wizard","level":108,"killCount":-1,"type":"NPC","drops":[{"name":"Bones","id":526,"quantity":1,"price":69},{"name":"Law rune","id":563,"quantity":9,"price":132}],"date":"May 14, 2022, 10:23:21 AM"}
{"name":"Saradomin wizard","level":108,"killCount":-1,"type":"NPC","drops":[{"name":"Bones","id":526,"quantity":1,"price":69},{"name":"Coins","id":995,"quantity":89,"price":1}],"date":"May 14, 2022, 10:24:33 AM"}
{"name":"Saradomin wizard","level":108,"killCount":-1,"type":"NPC","drops":[{"name":"Bones","id":526,"quantity":1,"price":69}],"date":"May 14, 2022, 10:53:18 AM"}
{"name":"Saradomin wizard","level":108,"killCount":-1,"type":"NPC","drops":[{"name":"Bones","id":526,"quantity":1,"price":66}],"date":"May 14, 2022, 10:08:53 PM"}
{"name":"Saradomin wizard","level":108,"killCount":-1,"type":"NPC","drops":[{"name":"Bones","id":526,"quantity":1,"price":66},{"name":"Coins","id":995,"quantity":89,"price":1}],"date":"May 14, 2022, 10:18:00 PM"}
{"name":"Saradomin wizard","level":108,"killCount":-1,"type":"NPC","drops":[{"name":"Bones","id":526,"quantity":1,"price":55},{"name":"Coins","id":995,"quantity":89,"price":1}],"date":"May 15, 2022, 1:03:52 PM"}
{"name":"Saradomin wizard","level":108,"killCount":-1,"type":"NPC","drops":[{"name":"Bones","id":526,"quantity":1,"price":50},{"name":"Coins","id":995,"quantity":89,"price":1}],"date":"May 15, 2022, 2:30:06 PM"}
{"name":"Saradomin wizard","level":108,"killCount":-1,"type":"NPC","drops":[{"name":"Bones","id":526,"quantity":1,"price":50},{"name":"Earth rune","id":557,"quantity":86,"price":4}],"date":"May 15, 2022, 2:31:43 PM"}
{"name":"Saradomin wizard","level":108,"killCount":-1,"type":"NPC","drops":[{"name":"Bones","id":526,"quantity":1,"price":50},{"name":"Coins","id":995,"quantity":77,"price":1}],"date":"May 15, 2022, 2:36:32 PM"}
{"name":"Saradomin wizard","level":108,"killCount":-1,"type":"NPC","drops":[{"name":"Bones","id":526,"quantity":1,"price":61},{"name":"Coins","id":995,"quantity":89,"price":1}],"date":"May 16, 2022, 9:46:12 PM"}
{"name":"Saradomin wizard","level":108,"killCount":-1,"type":"NPC","drops":[{"name":"Bones","id":526,"quantity":1,"price":66},{"name":"Coins","id":995,"quantity":89,"price":1}],"date":"May 17, 2022, 4:34:33 PM"}
{"name":"Saradomin wizard","level":108,"killCount":-1,"type":"NPC","drops":[{"name":"Bones","id":526,"quantity":1,"price":75},{"name":"Earth rune","id":557,"quantity":79,"price":4}],"date":"May 23, 2022, 10:22:39 AM"}
{"name":"Saradomin wizard","level":108,"killCount":-1,"type":"NPC","drops":[{"name":"Bones","id":526,"quantity":1,"price":73},{"name":"Coins","id":995,"quantity":89,"price":1}],"date":"May 23, 2022, 4:38:47 PM"}
{"name":"Saradomin wizard","level":108,"killCount":-1,"type":"NPC","drops":[{"name":"Bones","id":526,"quantity":1,"price":73},{"name":"Blood rune","id":565,"quantity":8,"price":373}],"date":"May 23, 2022, 4:40:21 PM"}
{"name":"Saradomin wizard","level":108,"killCount":-1,"type":"NPC","drops":[{"name":"Bones","id":526,"quantity":1,"price":66},{"name":"Coins","id":995,"quantity":77,"price":1}],"date":"May 27, 2022, 9:29:05 PM"}
{"name":"Saradomin wizard","level":108,"killCount":-1,"type":"NPC","drops":[{"name":"Bones","id":526,"quantity":1,"price":70},{"name":"Water rune","id":555,"quantity":42,"price":5}],"date":"May 29, 2022, 4:33:47 PM"}
{"name":"Saradomin wizard","level":108,"killCount":-1,"type":"NPC","drops":[{"name":"Bones","id":526,"quantity":1,"price":70},{"name":"Coins","id":995,"quantity":89,"price":1}],"date":"May 29, 2022, 4:52:07 PM"}
{"name":"Saradomin wizard","level":108,"killCount":-1,"type":"NPC","drops":[{"name":"Bones","id":526,"quantity":1,"price":71},{"name":"Cosmic rune","id":564,"quantity":25,"price":109}],"date":"Jun 7, 2022, 10:11:38 PM"}
{"name":"Saradomin wizard","level":108,"killCount":-1,"type":"NPC","drops":[{"name":"Bones","id":526,"quantity":1,"price":75},{"name":"Coins","id":995,"quantity":89,"price":1}],"date":"Jun 16, 2022, 11:53:31 AM"}
{"name":"Saradomin wizard","level":108,"killCount":-1,"type":"NPC","drops":[{"name":"Bones","id":526,"quantity":1,"price":79},{"name":"Coins","id":995,"quantity":89,"price":1}],"date":"Jun 24, 2022, 2:06:03 PM"}
{"name":"Saradomin wizard","level":108,"killCount":-1,"type":"NPC","drops":[{"name":"Bones","id":526,"quantity":1,"price":72},{"name":"Coins","id":995,"quantity":77,"price":1}],"date":"Jun 25, 2022, 10:22:11 PM"}
{"name":"Saradomin wizard","level":108,"killCount":-1,"type":"NPC","drops":[{"name":"Bones","id":526,"quantity":1,"price":69},{"name":"Coins","id":995,"quantity":77,"price":1}],"date":"Jun 28, 2022, 10:38:59 AM"}
{"name":"Saradomin wizard","level":108,"killCount":-1,"type":"NPC","drops":[{"name":"Bones","id":526,"quantity":1,"price":69},{"name":"Nature rune","id":561,"quantity":30,"price":188}],"date":"Jun 30, 2022, 12:30:19 AM"}
{"name":"Saradomin wizard","level":108,"killCount":-1,"type":"NPC","drops":[{"name":"Bones","id":526,"quantity":1,"price":69},{"name":"Nature rune","id":561,"quantity":30,"price":183}],"date":"Jul 1, 2022, 3:14:00 PM"}
{"name":"Saradomin wizard","level":108,"killCount":-1,"type":"NPC","drops":[{"name":"Bones","id":526,"quantity":1,"price":68},{"name":"Water rune","id":555,"quantity":42,"price":6}],"date":"Jul 7, 2022, 9:10:23 AM"}
{"name":"Saradomin wizard","level":108,"killCount":-1,"type":"NPC","drops":[{"name":"Bones","id":526,"quantity":1,"price":71},{"name":"Water rune","id":555,"quantity":42,"price":5}],"date":"Jul 7, 2022, 1:32:37 PM"}
{"name":"Saradomin wizard","level":108,"killCount":-1,"type":"NPC","drops":[{"name":"Bones","id":526,"quantity":1,"price":77},{"name":"Nature rune","id":561,"quantity":28,"price":177}],"date":"Jul 9, 2022, 1:06:25 AM"}
{"name":"Saradomin wizard","level":108,"killCount":-1,"type":"NPC","drops":[{"name":"Bones","id":526,"quantity":1,"price":69},{"name":"Coins","id":995,"quantity":77,"price":1}],"date":"Jul 9, 2022, 1:12:07 PM"}
{"name":"Saradomin wizard","level":108,"killCount":-1,"type":"NPC","drops":[{"name":"Bones","id":526,"quantity":1,"price":69},{"name":"Coins","id":995,"quantity":89,"price":1}],"date":"Jul 9, 2022, 1:15:52 PM"}
{"name":"Saradomin wizard","level":108,"killCount":-1,"type":"NPC","drops":[{"name":"Bones","id":526,"quantity":1,"price":59},{"name":"Nature rune","id":561,"quantity":30,"price":178}],"date":"Jul 14, 2022, 9:28:38 AM"}
{"name":"Saradomin wizard","level":108,"killCount":-1,"type":"NPC","drops":[{"name":"Bones","id":526,"quantity":1,"price":59},{"name":"Coins","id":995,"quantity":89,"price":1}],"date":"Jul 14, 2022, 9:42:48 AM"}
{"name":"Saradomin wizard","level":108,"killCount":-1,"type":"NPC","drops":[{"name":"Bones","id":526,"quantity":1,"price":24},{"name":"Coins","id":995,"quantity":77,"price":1}],"date":"Aug 1, 2022, 10:16:18 AM"}
{"name":"Saradomin wizard","level":108,"killCount":-1,"type":"NPC","drops":[{"name":"Bones","id":526,"quantity":1,"price":24},{"name":"Coins","id":995,"quantity":77,"price":1}],"date":"Aug 1, 2022, 10:17:13 AM"}
{"name":"Saradomin wizard","level":108,"killCount":-1,"type":"NPC","drops":[{"name":"Bones","id":526,"quantity":1,"price":38},{"name":"Earth rune","id":557,"quantity":86,"price":5}],"date":"Aug 1, 2022, 10:23:55 AM"}
{"name":"Saradomin wizard","level":108,"killCount":-1,"type":"NPC","drops":[{"name":"Bones","id":526,"quantity":1,"price":75},{"name":"Coins","id":995,"quantity":89,"price":1}],"date":"Aug 2, 2022, 11:55:36 AM"}
{"name":"Saradomin wizard","level":108,"killCount":-1,"type":"NPC","drops":[{"name":"Bones","id":526,"quantity":1,"price":70},{"name":"Earth battlestaff","id":1399,"quantity":1,"price":8964}],"date":"Aug 2, 2022, 12:25:59 PM"}
{"name":"Saradomin wizard","level":108,"killCount":-1,"type":"NPC","drops":[{"name":"Bones","id":526,"quantity":1,"price":73},{"name":"Earth rune","id":557,"quantity":86,"price":5}],"date":"Aug 2, 2022, 5:28:45 PM"}
{"name":"Saradomin wizard","level":108,"killCount":-1,"type":"NPC","drops":[{"name":"Bones","id":526,"quantity":1,"price":73},{"name":"Coins","id":995,"quantity":89,"price":1}],"date":"Aug 2, 2022, 5:34:15 PM"}
{"name":"Saradomin wizard","level":108,"killCount":-1,"type":"NPC","drops":[{"name":"Bones","id":526,"quantity":1,"price":66}],"date":"Aug 3, 2022, 11:07:41 AM"}
{"name":"Saradomin wizard","level":108,"killCount":-1,"type":"NPC","drops":[{"name":"Bones","id":526,"quantity":1,"price":66},{"name":"Coins","id":995,"quantity":89,"price":1}],"date":"Aug 3, 2022, 11:26:30 AM"}
{"name":"Saradomin wizard","level":108,"killCount":-1,"type":"NPC","drops":[{"name":"Bones","id":526,"quantity":1,"price":68},{"name":"Water battlestaff","id":1395,"quantity":1,"price":8930}],"date":"Aug 3, 2022, 2:17:44 PM"}
{"name":"Saradomin wizard","level":108,"killCount":-1,"type":"NPC","drops":[{"name":"Bones","id":526,"quantity":1,"price":68},{"name":"Coins","id":995,"quantity":89,"price":1}],"date":"Aug 3, 2022, 2:44:15 PM"}
{"name":"Saradomin wizard","level":108,"killCount":-1,"type":"NPC","drops":[{"name":"Bones","id":526,"quantity":1,"price":68},{"name":"Air rune","id":556,"quantity":60,"price":5}],"date":"Aug 3, 2022, 2:53:46 PM"}
{"name":"Saradomin wizard","level":108,"killCount":-1,"type":"NPC","drops":[{"name":"Bones","id":526,"quantity":1,"price":68},{"name":"Fire battlestaff","id":1393,"quantity":1,"price":8907}],"date":"Aug 3, 2022, 2:55:23 PM"}
{"name":"Saradomin wizard","level":108,"killCount":-1,"type":"NPC","drops":[{"name":"Bones","id":526,"quantity":1,"price":66},{"name":"Cosmic rune","id":564,"quantity":25,"price":115}],"date":"Aug 28, 2022, 5:04:12 PM"}
{"name":"Saradomin wizard","level":108,"killCount":-1,"type":"NPC","drops":[{"name":"Bones","id":526,"quantity":1,"price":67},{"name":"Nature rune","id":561,"quantity":30,"price":172}],"date":"Aug 29, 2022, 2:42:06 PM"}
{"name":"Saradomin wizard","level":108,"killCount":-1,"type":"NPC","drops":[{"name":"Bones","id":526,"quantity":1,"price":67},{"name":"Coins","id":995,"quantity":89,"price":1}],"date":"Aug 29, 2022, 3:41:45 PM"}
{"name":"Saradomin wizard","level":108,"killCount":-1,"type":"NPC","drops":[{"name":"Bones","id":526,"quantity":1,"price":66}],"date":"Aug 30, 2022, 12:03:12 PM"}
{"name":"Saradomin wizard","level":108,"killCount":-1,"type":"NPC","drops":[{"name":"Bones","id":526,"quantity":1,"price":67}],"date":"Aug 30, 2022, 12:05:04 PM"}
{"name":"Saradomin wizard","level":108,"killCount":-1,"type":"NPC","drops":[{"name":"Bones","id":526,"quantity":1,"price":70},{"name":"Water rune","id":555,"quantity":146,"price":4}],"date":"Sep 3, 2022, 1:30:27 AM"}
{"name":"Saradomin wizard","level":108,"killCount":-1,"type":"NPC","drops":[{"name":"Bones","id":526,"quantity":1,"price":66},{"name":"Law rune","id":563,"quantity":10,"price":116}],"date":"Sep 3, 2022, 5:46:08 PM"}
{"name":"Saradomin wizard","level":108,"killCount":-1,"type":"NPC","drops":[{"name":"Bones","id":526,"quantity":1,"price":68},{"name":"Blood rune","id":565,"quantity":8,"price":313}],"date":"Sep 3, 2022, 11:53:04 PM"}
{"name":"Saradomin wizard","level":108,"killCount":-1,"type":"NPC","drops":[{"name":"Bones","id":526,"quantity":1,"price":63},{"name":"Coins","id":995,"quantity":89,"price":1}],"date":"Sep 3, 2022, 11:56:13 PM"}
{"name":"Saradomin wizard","level":108,"killCount":-1,"type":"NPC","drops":[{"name":"Bones","id":526,"quantity":1,"price":69},{"name":"Earth rune","id":557,"quantity":79,"price":4}],"date":"Sep 16, 2022, 1:14:27 PM"}
{"name":"Saradomin wizard","level":108,"killCount":-1,"type":"NPC","drops":[{"name":"Bones","id":526,"quantity":1,"price":69},{"name":"Water rune","id":555,"quantity":146,"price":4}],"date":"Sep 19, 2022, 10:02:40 AM"}
{"name":"Saradomin wizard","level":108,"killCount":-1,"type":"NPC","drops":[{"name":"Bones","id":526,"quantity":1,"price":69},{"name":"Coins","id":995,"quantity":240,"price":1}],"date":"Sep 20, 2022, 2:55:44 PM"}
{"name":"Saradomin wizard","level":108,"killCount":-1,"type":"NPC","drops":[{"name":"Bones","id":526,"quantity":1,"price":72},{"name":"Nature rune","id":561,"quantity":30,"price":165}],"date":"Sep 24, 2022, 11:25:37 PM"}
{"name":"Saradomin wizard","level":108,"killCount":-1,"type":"NPC","drops":[{"name":"Bones","id":526,"quantity":1,"price":62},{"name":"Earth battlestaff","id":1399,"quantity":1,"price":8950}],"date":"Oct 18, 2022, 1:40:52 PM"}
{"name":"Saradomin wizard","level":108,"killCount":-1,"type":"NPC","drops":[{"name":"Bones","id":526,"quantity":1,"price":62},{"name":"Coins","id":995,"quantity":89,"price":1}],"date":"Oct 18, 2022, 1:42:24 PM"}
{"name":"Saradomin wizard","level":108,"killCount":-1,"type":"NPC","drops":[{"name":"Bones","id":526,"quantity":1,"price":65},{"name":"Earth rune","id":557,"quantity":107,"price":4}],"date":"Oct 18, 2022, 9:46:19 PM"}
{"name":"Saradomin wizard","level":108,"killCount":-1,"type":"NPC","drops":[{"name":"Bones","id":526,"quantity":1,"price":65},{"name":"Blood rune","id":565,"quantity":8,"price":247}],"date":"Oct 18, 2022, 9:48:20 PM"}
{"name":"Saradomin wizard","level":108,"killCount":-1,"type":"NPC","drops":[{"name":"Bones","id":526,"quantity":1,"price":76},{"name":"Death rune","id":560,"quantity":45,"price":153}],"date":"Oct 26, 2022, 1:17:16 PM"}
{"name":"Saradomin wizard","level":108,"killCount":-1,"type":"NPC","drops":[{"name":"Bones","id":526,"quantity":1,"price":76},{"name":"Blood rune","id":565,"quantity":8,"price":233}],"date":"Oct 26, 2022, 1:20:47 PM"}
{"name":"Saradomin wizard","level":108,"killCount":-1,"type":"NPC","drops":[{"name":"Bones","id":526,"quantity":1,"price":76},{"name":"Fire rune","id":554,"quantity":51,"price":5}],"date":"Oct 26, 2022, 1:21:47 PM"}
{"name":"Saradomin wizard","level":108,"killCount":-1,"type":"NPC","drops":[{"name":"Bones","id":526,"quantity":1,"price":76},{"name":"Coins","id":995,"quantity":77,"price":1}],"date":"Oct 26, 2022, 1:45:56 PM"}
{"name":"Saradomin wizard","level":108,"killCount":-1,"type":"NPC","drops":[{"name":"Bones","id":526,"quantity":1,"price":76},{"name":"Blood rune","id":565,"quantity":8,"price":233}],"date":"Oct 26, 2022, 1:48:02 PM"}
{"name":"Saradomin wizard","level":108,"killCount":-1,"type":"NPC","drops":[{"name":"Bones","id":526,"quantity":1,"price":76},{"name":"Earth rune","id":557,"quantity":86,"price":4}],"date":"Oct 26, 2022, 1:51:48 PM"}
{"name":"Saradomin wizard","level":108,"killCount":-1,"type":"NPC","drops":[{"name":"Bones","id":526,"quantity":1,"price":81},{"name":"Coins","id":995,"quantity":89,"price":1}],"date":"Nov 1, 2022, 4:05:49 PM"}
{"name":"Saradomin wizard","level":108,"killCount":-1,"type":"NPC","drops":[{"name":"Bones","id":526,"quantity":1,"price":75},{"name":"Coins","id":995,"quantity":77,"price":1}],"date":"Dec 6, 2022, 11:40:11 AM"}
{"name":"Saradomin wizard","level":108,"killCount":-1,"type":"NPC","drops":[{"name":"Bones","id":526,"quantity":1,"price":75},{"name":"Coins","id":995,"quantity":77,"price":1}],"date":"Dec 6, 2022, 2:19:52 PM"}
{"name":"Saradomin wizard","level":108,"killCount":-1,"type":"NPC","drops":[{"name":"Bones","id":526,"quantity":1,"price":75}],"date":"Dec 6, 2022, 2:20:24 PM"}
{"name":"Saradomin wizard","level":108,"killCount":-1,"type":"NPC","drops":[{"name":"Bones","id":526,"quantity":1,"price":77}],"date":"Dec 22, 2022, 7:47:00 PM"}
{"name":"Saradomin wizard","level":108,"killCount":-1,"type":"NPC","drops":[{"name":"Bones","id":526,"quantity":1,"price":76},{"name":"Nature rune","id":561,"quantity":30,"price":116}],"date":"Dec 24, 2022, 2:39:41 AM"}
{"name":"Saradomin wizard","level":108,"killCount":-1,"type":"NPC","drops":[{"name":"Bones","id":526,"quantity":1,"price":76},{"name":"Coins","id":995,"quantity":77,"price":1}],"date":"Dec 24, 2022, 2:41:05 AM"}
{"name":"Saradomin wizard","level":108,"killCount":-1,"type":"NPC","drops":[{"name":"Bones","id":526,"quantity":1,"price":76},{"name":"Law rune","id":563,"quantity":10,"price":121}],"date":"Dec 24, 2022, 2:41:53 AM"}
{"name":"Saradomin wizard","level":108,"killCount":-1,"type":"NPC","drops":[{"name":"Bones","id":526,"quantity":1,"price":75},{"name":"Coins","id":995,"quantity":89,"price":1}],"date":"Dec 28, 2022, 2:23:41 PM"}
{"name":"Saradomin wizard","level":108,"killCount":-1,"type":"NPC","drops":[{"name":"Bones","id":526,"quantity":1,"price":75},{"name":"Coins","id":995,"quantity":89,"price":1}],"date":"Dec 28, 2022, 9:14:41 PM"}
{"name":"Saradomin wizard","level":108,"killCount":-1,"type":"NPC","drops":[{"name":"Bones","id":526,"quantity":1,"price":75},{"name":"Coins","id":995,"quantity":89,"price":1}],"date":"Dec 28, 2022, 9:15:58 PM"}
{"name":"Saradomin wizard","level":108,"killCount":-1,"type":"NPC","drops":[{"name":"Bones","id":526,"quantity":1,"price":74},{"name":"Earth battlestaff","id":1399,"quantity":1,"price":8982}],"date":"Jan 6, 2023, 1:46:50 PM"}
{"name":"Saradomin wizard","level":108,"killCount":-1,"type":"NPC","drops":[{"name":"Bones","id":526,"quantity":1,"price":74},{"name":"Coins","id":995,"quantity":89,"price":1}],"date":"Jan 6, 2023, 1:48:51 PM"}
