{"name":"Sarachnis","level":318,"killCount":4,"type":"NPC","drops":[{"name":"Tattered sun page","id":23512,"quantity":1,"price":1000},{"name":"Coins","id":995,"quantity":21926,"price":1}],"date":"Jul 4, 2022, 11:28:15 PM"}
{"name":"Sarachnis","level":318,"killCount":5,"type":"NPC","drops":[{"name":"Egg potato","id":7056,"quantity":1,"price":165},{"name":"Egg potato","id":7056,"quantity":1,"price":165},{"name":"Egg potato","id":7056,"quantity":1,"price":165},{"name":"Egg potato","id":7056,"quantity":1,"price":165},{"name":"Egg potato","id":7056,"quantity":1,"price":165},{"name":"Egg potato","id":7056,"quantity":1,"price":165},{"name":"Egg potato","id":7056,"quantity":1,"price":165}],"date":"Jul 4, 2022, 11:29:23 PM"}
{"name":"Sarachnis","level":318,"killCount":6,"type":"NPC","drops":[{"name":"Grimy avantoe","id":212,"quantity":8,"price":1696}],"date":"Jul 4, 2022, 11:30:41 PM"}
{"name":"Sarachnis","level":318,"killCount":7,"type":"NPC","drops":[{"name":"Dragon bones","id":537,"quantity":15,"price":2755}],"date":"Jul 4, 2022, 11:32:12 PM"}
{"name":"Sarachnis","level":318,"killCount":8,"type":"NPC","drops":[{"name":"Tattered temple page","id":23514,"quantity":1,"price":1000},{"name":"Grubby key","id":23499,"quantity":1,"price":43836},{"name":"Death rune","id":560,"quantity":95,"price":185}],"date":"Jul 4, 2022, 11:33:12 PM"}
{"name":"Sarachnis","level":318,"killCount":9,"type":"NPC","drops":[{"name":"Onyx bolt tips","id":9194,"quantity":8,"price":8193}],"date":"Jul 4, 2022, 11:34:39 PM"}
{"name":"Sarachnis","level":318,"killCount":10,"type":"NPC","drops":[{"name":"Tattered moon page","id":23510,"quantity":1,"price":1000},{"name":"Uncut emerald","id":1622,"quantity":28,"price":557}],"date":"Jul 4, 2022, 11:37:19 PM"}
{"name":"Sarachnis","level":318,"killCount":11,"type":"NPC","drops":[{"name":"Uncut emerald","id":1622,"quantity":30,"price":557}],"date":"Jul 4, 2022, 11:38:47 PM"}
{"name":"Sarachnis","level":318,"killCount":12,"type":"NPC","drops":[{"name":"Tattered temple page","id":23514,"quantity":1,"price":1000},{"name":"Cosmic rune","id":564,"quantity":132,"price":153}],"date":"Jul 4, 2022, 11:40:33 PM"}
{"name":"Sarachnis","level":318,"killCount":13,"type":"NPC","drops":[{"name":"Red dragonhide","id":1750,"quantity":17,"price":2309}],"date":"Jul 4, 2022, 11:41:42 PM"}
{"name":"Sarachnis","level":318,"killCount":14,"type":"NPC","drops":[{"name":"Uncut emerald","id":1622,"quantity":23,"price":557}],"date":"Jul 4, 2022, 11:42:58 PM"}
{"name":"Sarachnis","level":318,"killCount":15,"type":"NPC","drops":[{"name":"Red dragonhide","id":1750,"quantity":18,"price":2309}],"date":"Jul 4, 2022, 11:44:18 PM"}
{"name":"Sarachnis","level":318,"killCount":16,"type":"NPC","drops":[{"name":"Onyx bolt tips","id":9194,"quantity":9,"price":8193}],"date":"Jul 4, 2022, 11:45:36 PM"}
{"name":"Sarachnis","level":318,"killCount":17,"type":"NPC","drops":[{"name":"Tattered sun page","id":23512,"quantity":1,"price":1000},{"name":"Giant egg sac(full)","id":23517,"quantity":1,"price":50599},{"name":"Dragon bones","id":537,"quantity":10,"price":2771}],"date":"Jul 4, 2022, 11:48:37 PM"}
{"name":"Sarachnis","level":318,"killCount":18,"type":"NPC","drops":[{"name":"Grubby key","id":23499,"quantity":1,"price":43836},{"name":"Mithril bolts","id":9142,"quantity":201,"price":63}],"date":"Jul 4, 2022, 11:49:48 PM"}
{"name":"Sarachnis","level":318,"killCount":19,"type":"NPC","drops":[{"name":"Belladonna seed","id":5281,"quantity":3,"price":110}],"date":"Jul 4, 2022, 11:51:21 PM"}
{"name":"Sarachnis","level":318,"killCount":20,"type":"NPC","drops":[{"name":"Tattered moon page","id":23510,"quantity":1,"price":1000},{"name":"Red dragonhide","id":1750,"quantity":22,"price":2309}],"date":"Jul 4, 2022, 11:53:01 PM"}
{"name":"Sarachnis","level":318,"killCount":21,"type":"NPC","drops":[{"name":"Giant egg sac(full)","id":23517,"quantity":1,"price":50599},{"name":"Battlestaff","id":1392,"quantity":8,"price":7953}],"date":"Jul 4, 2022, 11:54:39 PM"}
{"name":"Sarachnis","level":318,"killCount":22,"type":"NPC","drops":[{"name":"Tattered sun page","id":23512,"quantity":1,"price":1000},{"name":"Blood rune","id":565,"quantity":84,"price":355}],"date":"Jul 4, 2022, 11:55:32 PM"}
{"name":"Sarachnis","level":318,"killCount":23,"type":"NPC","drops":[{"name":"Mithril ore","id":448,"quantity":82,"price":125}],"date":"Jul 4, 2022, 11:58:37 PM"}
{"name":"Sarachnis","level":318,"killCount":24,"type":"NPC","drops":[{"name":"Cosmic rune","id":564,"quantity":146,"price":153}],"date":"Jul 5, 2022, 12:00:16 AM"}
{"name":"Sarachnis","level":318,"killCount":25,"type":"NPC","drops":[{"name":"Tattered temple page","id":23514,"quantity":1,"price":1000},{"name":"Cosmic rune","id":564,"quantity":138,"price":153}],"date":"Jul 5, 2022, 12:01:25 AM"}
{"name":"Sarachnis","level":318,"killCount":26,"type":"NPC","drops":[{"name":"Toadflax seed","id":5296,"quantity":3,"price":3753}],"date":"Jul 5, 2022, 12:03:12 AM"}
{"name":"Sarachnis","level":318,"killCount":27,"type":"NPC","drops":[{"name":"Dragon bones","id":537,"quantity":13,"price":2749}],"date":"Jul 5, 2022, 12:04:44 AM"}
{"name":"Sarachnis","level":318,"killCount":28,"type":"NPC","drops":[{"name":"Rune 2h sword","id":1319,"quantity":1,"price":37949}],"date":"Jul 5, 2022, 12:06:01 AM"}
{"name":"Sarachnis","level":318,"killCount":29,"type":"NPC","drops":[{"name":"Soul rune","id":566,"quantity":96,"price":175}],"date":"Jul 5, 2022, 12:08:52 AM"}
{"name":"Sarachnis","level":318,"killCount":30,"type":"NPC","drops":[{"name":"Grubby key","id":23499,"quantity":1,"price":43836},{"name":"Onyx bolt tips","id":9194,"quantity":8,"price":8229}],"date":"Jul 5, 2022, 12:10:39 AM"}
{"name":"Sarachnis","level":318,"killCount":31,"type":"NPC","drops":[{"name":"Grubby key","id":23499,"quantity":1,"price":43836},{"name":"Coins","id":995,"quantity":20942,"price":1}],"date":"Jul 5, 2022, 12:11:57 AM"}
{"name":"Sarachnis","level":318,"killCount":32,"type":"NPC","drops":[{"name":"Tattered moon page","id":23510,"quantity":1,"price":1000},{"name":"Chaos rune","id":562,"quantity":200,"price":72}],"date":"Jul 5, 2022, 12:13:22 AM"}
{"name":"Sarachnis","level":318,"killCount":33,"type":"NPC","drops":[{"name":"Death rune","id":560,"quantity":94,"price":186}],"date":"Jul 5, 2022, 12:14:23 AM"}
{"name":"Sarachnis","level":318,"killCount":34,"type":"NPC","drops":[{"name":"Grimy dwarf weed","id":218,"quantity":15,"price":923}],"date":"Jul 5, 2022, 12:15:20 AM"}
{"name":"Sarachnis","level":318,"killCount":35,"type":"NPC","drops":[{"name":"Egg potato","id":7056,"quantity":1,"price":165},{"name":"Egg potato","id":7056,"quantity":1,"price":165},{"name":"Egg potato","id":7056,"quantity":1,"price":165},{"name":"Egg potato","id":7056,"quantity":1,"price":165},{"name":"Egg potato","id":7056,"quantity":1,"price":165},{"name":"Egg potato","id":7056,"quantity":1,"price":165}],"date":"Jul 5, 2022, 12:16:43 AM"}
{"name":"Sarachnis","level":318,"killCount":36,"type":"NPC","drops":[{"name":"Tattered sun page","id":23512,"quantity":1,"price":1000},{"name":"Uncut sapphire","id":1624,"quantity":23,"price":357}],"date":"Jul 5, 2022, 12:18:15 AM"}
{"name":"Sarachnis","level":318,"killCount":37,"type":"NPC","drops":[{"name":"Mithril arrow","id":888,"quantity":519,"price":3}],"date":"Jul 5, 2022, 12:19:26 AM"}
{"name":"Sarachnis","level":318,"killCount":38,"type":"NPC","drops":[{"name":"Blood rune","id":565,"quantity":92,"price":354}],"date":"Jul 5, 2022, 12:24:27 AM"}
{"name":"Sarachnis","level":318,"killCount":39,"type":"NPC","drops":[{"name":"Uncut sapphire","id":1624,"quantity":24,"price":273}],"date":"Mar 26, 2023, 9:02:42 PM"}
{"name":"Sarachnis","level":318,"killCount":40,"type":"NPC","drops":[{"name":"Cosmic rune","id":564,"quantity":139,"price":47}],"date":"Sep 12, 2023, 1:25:22 PM"}
{"name":"Sarachnis","level":318,"killCount":41,"type":"NPC","drops":[{"name":"Adamantite ore","id":450,"quantity":36,"price":682}],"date":"Sep 12, 2023, 1:29:09 PM"}
{"name":"Sarachnis","level":318,"killCount":42,"type":"NPC","drops":[{"name":"Mithril ore","id":448,"quantity":64,"price":77}],"date":"Sep 12, 2023, 1:30:50 PM"}
{"name":"Sarachnis","level":318,"killCount":43,"type":"NPC","drops":[{"name":"Grubby key","id":23499,"quantity":1,"price":31909},{"name":"Blood rune","id":565,"quantity":90,"price":195}],"date":"Sep 12, 2023, 1:32:12 PM"}
{"name":"Sarachnis","level":318,"killCount":44,"type":"NPC","drops":[{"name":"Weapon poison(++)","id":5941,"quantity":6,"price":4283}],"date":"Sep 12, 2023, 1:33:31 PM"}
{"name":"Sarachnis","level":318,"killCount":45,"type":"NPC","drops":[{"name":"Uncut sapphire","id":1624,"quantity":30,"price":267}],"date":"Sep 12, 2023, 1:34:46 PM"}
{"name":"Sarachnis","level":318,"killCount":46,"type":"NPC","drops":[{"name":"Battlestaff","id":1392,"quantity":10,"price":7629}],"date":"Sep 12, 2023, 1:36:05 PM"}
{"name":"Sarachnis","level":318,"killCount":47,"type":"NPC","drops":[{"name":"Cosmic rune","id":564,"quantity":127,"price":47}],"date":"Sep 12, 2023, 1:49:10 PM"}
{"name":"Sarachnis","level":318,"killCount":48,"type":"NPC","drops":[{"name":"Grubby key","id":23499,"quantity":1,"price":31909},{"name":"Grimy dwarf weed","id":218,"quantity":15,"price":1625}],"date":"Sep 12, 2023, 1:50:53 PM"}
{"name":"Sarachnis","level":318,"killCount":49,"type":"NPC","drops":[{"name":"Runite ore","id":452,"quantity":6,"price":10766}],"date":"Sep 12, 2023, 1:52:10 PM"}
{"name":"Sarachnis","level":318,"killCount":50,"type":"NPC","drops":[{"name":"Grubby key","id":23499,"quantity":1,"price":31909},{"name":"Rune med helm","id":1147,"quantity":1,"price":11253}],"date":"Sep 12, 2023, 1:53:47 PM"}
{"name":"Sarachnis","level":318,"killCount":51,"type":"NPC","drops":[{"name":"Giant egg sac(full)","id":23517,"quantity":1,"price":43093},{"name":"Rune 2h sword","id":1319,"quantity":1,"price":37848}],"date":"Sep 12, 2023, 1:54:58 PM"}
{"name":"Sarachnis","level":318,"killCount":52,"type":"NPC","drops":[{"name":"Chaos rune","id":562,"quantity":182,"price":43}],"date":"Sep 12, 2023, 1:56:48 PM"}
{"name":"Sarachnis","level":318,"killCount":53,"type":"NPC","drops":[{"name":"Death rune","id":560,"quantity":98,"price":89}],"date":"Sep 12, 2023, 1:58:09 PM"}
{"name":"Sarachnis","level":318,"killCount":54,"type":"NPC","drops":[{"name":"Grubby key","id":23499,"quantity":1,"price":31909},{"name":"Onyx bolt tips","id":9194,"quantity":10,"price":8344}],"date":"Sep 12, 2023, 2:03:16 PM"}
{"name":"Sarachnis","level":318,"killCount":55,"type":"NPC","drops":[{"name":"Cosmic rune","id":564,"quantity":142,"price":47}],"date":"Sep 12, 2023, 2:04:51 PM"}
{"name":"Sarachnis","level":318,"killCount":56,"type":"NPC","drops":[{"name":"Adamantite ore","id":450,"quantity":36,"price":682}],"date":"Sep 12, 2023, 2:06:43 PM"}
{"name":"Sarachnis","level":318,"killCount":57,"type":"NPC","drops":[{"name":"Blood rune","id":565,"quantity":99,"price":195}],"date":"Sep 12, 2023, 2:07:55 PM"}
{"name":"Sarachnis","level":318,"killCount":58,"type":"NPC","drops":[{"name":"Uncut emerald","id":1622,"quantity":20,"price":460}],"date":"Sep 12, 2023, 2:09:06 PM"}
{"name":"Sarachnis","level":318,"killCount":59,"type":"NPC","drops":[{"name":"Giant egg sac(full)","id":23517,"quantity":1,"price":43093},{"name":"Dragon bones","id":537,"quantity":12,"price":1934}],"date":"Sep 12, 2023, 2:10:53 PM"}
{"name":"Sarachnis","level":318,"killCount":60,"type":"NPC","drops":[{"name":"Grubby key","id":23499,"quantity":1,"price":31909},{"name":"Dragon bones","id":537,"quantity":13,"price":1934}],"date":"Sep 12, 2023, 2:34:57 PM"}
{"name":"Sarachnis","level":318,"killCount":61,"type":"NPC","drops":[{"name":"Adamantite ore","id":450,"quantity":34,"price":682}],"date":"Sep 12, 2023, 2:35:58 PM"}
{"name":"Sarachnis","level":318,"killCount":62,"type":"NPC","drops":[{"name":"Cosmic rune","id":564,"quantity":137,"price":47}],"date":"Sep 12, 2023, 2:37:20 PM"}
{"name":"Sarachnis","level":318,"killCount":63,"type":"NPC","drops":[{"name":"Coins","id":995,"quantity":21393,"price":1}],"date":"Sep 12, 2023, 2:38:50 PM"}
{"name":"Sarachnis","level":318,"killCount":64,"type":"NPC","drops":[{"name":"Uncut ruby","id":1620,"quantity":24,"price":931}],"date":"Sep 12, 2023, 2:40:01 PM"}
{"name":"Sarachnis","level":318,"killCount":65,"type":"NPC","drops":[{"name":"Yew seed","id":5315,"quantity":1,"price":25731}],"date":"Sep 12, 2023, 2:41:15 PM"}
{"name":"Sarachnis","level":318,"killCount":66,"type":"NPC","drops":[{"name":"Blood rune","id":565,"quantity":95,"price":195}],"date":"Sep 12, 2023, 2:42:57 PM"}
{"name":"Sarachnis","level":318,"killCount":67,"type":"NPC","drops":[{"name":"Soul rune","id":566,"quantity":80,"price":228}],"date":"Sep 12, 2023, 2:44:21 PM"}
{"name":"Sarachnis","level":318,"killCount":68,"type":"NPC","drops":[{"name":"Soul rune","id":566,"quantity":99,"price":228}],"date":"Sep 12, 2023, 2:49:12 PM"}
{"name":"Sarachnis","level":318,"killCount":69,"type":"NPC","drops":[{"name":"Spider carcass","id":6292,"quantity":10,"price":88}],"date":"Sep 12, 2023, 2:50:57 PM"}
{"name":"Sarachnis","level":318,"killCount":70,"type":"NPC","drops":[{"name":"Grubby key","id":23499,"quantity":1,"price":31909},{"name":"Death rune","id":560,"quantity":81,"price":89}],"date":"Sep 12, 2023, 2:52:34 PM"}
{"name":"Sarachnis","level":318,"killCount":71,"type":"NPC","drops":[{"name":"Spider carcass","id":6292,"quantity":10,"price":88}],"date":"Sep 12, 2023, 2:54:02 PM"}
{"name":"Sarachnis","level":318,"killCount":72,"type":"NPC","drops":[{"name":"Coins","id":995,"quantity":17096,"price":1}],"date":"Sep 12, 2023, 2:55:13 PM"}
{"name":"Sarachnis","level":318,"killCount":73,"type":"NPC","drops":[{"name":"Clue scroll (elite)","id":12121,"quantity":1,"price":0},{"name":"Egg potato","id":7056,"quantity":1,"price":263},{"name":"Egg potato","id":7056,"quantity":1,"price":263},{"name":"Egg potato","id":7056,"quantity":1,"price":263},{"name":"Egg potato","id":7056,"quantity":1,"price":263},{"name":"Egg potato","id":7056,"quantity":1,"price":263},{"name":"Egg potato","id":7056,"quantity":1,"price":263}],"date":"Sep 12, 2023, 2:56:50 PM"}
{"name":"Sarachnis","level":318,"killCount":74,"type":"NPC","drops":[{"name":"Grimy dwarf weed","id":218,"quantity":15,"price":1625}],"date":"Sep 12, 2023, 2:57:58 PM"}
{"name":"Sarachnis","level":318,"killCount":75,"type":"NPC","drops":[{"name":"Uncut emerald","id":1622,"quantity":24,"price":460}],"date":"Sep 12, 2023, 2:59:10 PM"}
