{"name":"Scavenger beast","level":0,"killCount":-1,"type":"NPC","drops":[{"name":"Bones","id":526,"quantity":1,"price":56},{"name":"Mallignum root plank","id":21036,"quantity":1,"price":0},{"name":"Mallignum root plank","id":21036,"quantity":1,"price":0},{"name":"Butterfly net","id":10010,"quantity":1,"price":23},{"name":"Iron axe","id":1349,"quantity":1,"price":63}],"date":"May 7, 2023, 12:14:36 PM"}
{"name":"Scavenger beast","level":0,"killCount":-1,"type":"NPC","drops":[{"name":"Bones","id":526,"quantity":1,"price":56},{"name":"Stinkhorn mushroom","id":20910,"quantity":7,"price":0},{"name":"Endarkened juice","id":20911,"quantity":24,"price":0},{"name":"Lockpick","id":1523,"quantity":1,"price":200}],"date":"May 7, 2023, 12:14:45 PM"}
{"name":"Scavenger beast","level":0,"killCount":-1,"type":"NPC","drops":[{"name":"Bones","id":526,"quantity":1,"price":56},{"name":"Endarkened juice","id":20911,"quantity":25,"price":0},{"name":"Cave worms","id":20853,"quantity":49,"price":0},{"name":"Lockpick","id":1523,"quantity":1,"price":200}],"date":"May 7, 2023, 12:14:57 PM"}
{"name":"Scavenger beast","level":0,"killCount":-1,"type":"NPC","drops":[{"name":"Bones","id":526,"quantity":1,"price":56},{"name":"Fishing rod","id":307,"quantity":1,"price":70},{"name":"Mallignum root plank","id":21036,"quantity":1,"price":0},{"name":"Mallignum root plank","id":21036,"quantity":1,"price":0},{"name":"Cave worms","id":20853,"quantity":41,"price":0}],"date":"May 7, 2023, 12:15:11 PM"}
{"name":"Scavenger beast","level":0,"killCount":-1,"type":"NPC","drops":[{"name":"Bones","id":526,"quantity":1,"price":56},{"name":"Hammer","id":2347,"quantity":1,"price":77},{"name":"Mallignum root plank","id":21036,"quantity":1,"price":0},{"name":"Mallignum root plank","id":21036,"quantity":1,"price":0},{"name":"Fishing rod","id":307,"quantity":1,"price":70}],"date":"May 7, 2023, 12:15:18 PM"}
{"name":"Scavenger beast","level":0,"killCount":-1,"type":"NPC","drops":[{"name":"Bones","id":526,"quantity":1,"price":56},{"name":"Cave worms","id":20853,"quantity":33,"price":0},{"name":"Iron axe","id":1349,"quantity":1,"price":63},{"name":"Endarkened juice","id":20911,"quantity":10,"price":0}],"date":"May 7, 2023, 12:15:31 PM"}
{"name":"Scavenger beast","level":0,"killCount":-1,"type":"NPC","drops":[{"name":"Bones","id":526,"quantity":1,"price":79},{"name":"Lockpick","id":1523,"quantity":1,"price":235},{"name":"Mallignum root plank","id":21036,"quantity":1,"price":0},{"name":"Mallignum root plank","id":21036,"quantity":1,"price":0},{"name":"Lockpick","id":1523,"quantity":1,"price":235}],"date":"Nov 4, 2023, 11:22:05 AM"}
{"name":"Scavenger beast","level":0,"killCount":-1,"type":"NPC","drops":[{"name":"Bones","id":526,"quantity":1,"price":79},{"name":"Stinkhorn mushroom","id":20910,"quantity":10,"price":0},{"name":"Hammer","id":2347,"quantity":1,"price":82},{"name":"Fishing rod","id":307,"quantity":1,"price":83}],"date":"Nov 4, 2023, 11:22:15 AM"}
{"name":"Scavenger beast","level":0,"killCount":-1,"type":"NPC","drops":[{"name":"Bones","id":526,"quantity":1,"price":79},{"name":"Mallignum root plank","id":21036,"quantity":1,"price":0},{"name":"Mallignum root plank","id":21036,"quantity":1,"price":0},{"name":"Cicely","id":20912,"quantity":4,"price":0},{"name":"Endarkened juice","id":20911,"quantity":12,"price":0}],"date":"Nov 4, 2023, 12:24:27 PM"}
{"name":"Scavenger beast","level":0,"killCount":-1,"type":"NPC","drops":[{"name":"Bones","id":526,"quantity":1,"price":79},{"name":"Butterfly net","id":10010,"quantity":1,"price":12},{"name":"Cave worms","id":20853,"quantity":45,"price":0},{"name":"Cave worms","id":20853,"quantity":50,"price":0}],"date":"Nov 4, 2023, 12:24:45 PM"}
{"name":"Scavenger beast","level":0,"killCount":-1,"type":"NPC","drops":[{"name":"Bones","id":526,"quantity":1,"price":79},{"name":"Butterfly net","id":10010,"quantity":1,"price":12},{"name":"Cave worms","id":20853,"quantity":36,"price":0},{"name":"Iron axe","id":1349,"quantity":1,"price":54}],"date":"Nov 4, 2023, 12:25:09 PM"}
{"name":"Scavenger beast","level":0,"killCount":-1,"type":"NPC","drops":[{"name":"Bones","id":526,"quantity":1,"price":79},{"name":"Endarkened juice","id":20911,"quantity":10,"price":0},{"name":"Lockpick","id":1523,"quantity":1,"price":235},{"name":"Hammer","id":2347,"quantity":1,"price":82}],"date":"Nov 4, 2023, 12:25:13 PM"}
{"name":"Scavenger beast","level":0,"killCount":-1,"type":"NPC","drops":[{"name":"Bones","id":526,"quantity":1,"price":79},{"name":"Iron pickaxe","id":1267,"quantity":1,"price":115},{"name":"Fishing rod","id":307,"quantity":1,"price":83},{"name":"Iron pickaxe","id":1267,"quantity":1,"price":115}],"date":"Nov 4, 2023, 12:33:01 PM"}
{"name":"Scavenger beast","level":0,"killCount":-1,"type":"NPC","drops":[{"name":"Bones","id":526,"quantity":1,"price":79},{"name":"Stinkhorn mushroom","id":20910,"quantity":6,"price":0},{"name":"Mallignum root plank","id":21036,"quantity":1,"price":0},{"name":"Mallignum root plank","id":21036,"quantity":1,"price":0},{"name":"Endarkened juice","id":20911,"quantity":16,"price":0}],"date":"Nov 4, 2023, 12:33:16 PM"}
{"name":"Scavenger beast","level":0,"killCount":-1,"type":"NPC","drops":[{"name":"Bones","id":526,"quantity":1,"price":79},{"name":"Lockpick","id":1523,"quantity":1,"price":235},{"name":"Tinderbox","id":590,"quantity":1,"price":53},{"name":"Tinderbox","id":590,"quantity":1,"price":53}],"date":"Nov 4, 2023, 2:12:37 PM"}
{"name":"Scavenger beast","level":0,"killCount":-1,"type":"NPC","drops":[{"name":"Bones","id":526,"quantity":1,"price":79},{"name":"Mallignum root plank","id":21036,"quantity":1,"price":0},{"name":"Mallignum root plank","id":21036,"quantity":1,"price":0},{"name":"Iron pickaxe","id":1267,"quantity":1,"price":115},{"name":"Iron pickaxe","id":1267,"quantity":1,"price":115}],"date":"Nov 4, 2023, 2:12:40 PM"}
{"name":"Scavenger beast","level":0,"killCount":-1,"type":"NPC","drops":[{"name":"Bones","id":526,"quantity":1,"price":79},{"name":"Fishing rod","id":307,"quantity":1,"price":83},{"name":"Cave worms","id":20853,"quantity":42,"price":0},{"name":"Endarkened juice","id":20911,"quantity":22,"price":0}],"date":"Nov 4, 2023, 2:13:06 PM"}
{"name":"Scavenger beast","level":0,"killCount":-1,"type":"NPC","drops":[{"name":"Bones","id":526,"quantity":1,"price":79},{"name":"Tinderbox","id":590,"quantity":1,"price":53},{"name":"Tinderbox","id":590,"quantity":1,"price":53},{"name":"Tinderbox","id":590,"quantity":1,"price":53}],"date":"Nov 4, 2023, 3:05:22 PM"}
{"name":"Scavenger beast","level":0,"killCount":-1,"type":"NPC","drops":[{"name":"Bones","id":526,"quantity":1,"price":79},{"name":"Endarkened juice","id":20911,"quantity":13,"price":0},{"name":"Lockpick","id":1523,"quantity":1,"price":235},{"name":"Cave worms","id":20853,"quantity":49,"price":0}],"date":"Nov 4, 2023, 3:05:28 PM"}
{"name":"Scavenger beast","level":0,"killCount":-1,"type":"NPC","drops":[{"name":"Bones","id":526,"quantity":1,"price":79},{"name":"Cicely","id":20912,"quantity":8,"price":0},{"name":"Mallignum root plank","id":21036,"quantity":1,"price":0},{"name":"Mallignum root plank","id":21036,"quantity":1,"price":0},{"name":"Cicely","id":20912,"quantity":8,"price":0}],"date":"Nov 4, 2023, 3:05:44 PM"}
{"name":"Scavenger beast","level":0,"killCount":-1,"type":"NPC","drops":[{"name":"Bones","id":526,"quantity":1,"price":79},{"name":"Stinkhorn mushroom","id":20910,"quantity":12,"price":0},{"name":"Fishing rod","id":307,"quantity":1,"price":83},{"name":"Endarkened juice","id":20911,"quantity":21,"price":0}],"date":"Nov 4, 2023, 3:05:53 PM"}
{"name":"Scavenger beast","level":0,"killCount":-1,"type":"NPC","drops":[{"name":"Bones","id":526,"quantity":1,"price":79},{"name":"Lockpick","id":1523,"quantity":1,"price":235},{"name":"Mallignum root plank","id":21036,"quantity":1,"price":0},{"name":"Mallignum root plank","id":21036,"quantity":1,"price":0},{"name":"Mallignum root plank","id":21036,"quantity":1,"price":0},{"name":"Mallignum root plank","id":21036,"quantity":1,"price":0}],"date":"Nov 4, 2023, 3:06:02 PM"}
{"name":"Scavenger beast","level":0,"killCount":-1,"type":"NPC","drops":[{"name":"Bones","id":526,"quantity":1,"price":79},{"name":"Cicely","id":20912,"quantity":8,"price":0},{"name":"Mallignum root plank","id":21036,"quantity":1,"price":0},{"name":"Mallignum root plank","id":21036,"quantity":1,"price":0},{"name":"Endarkened juice","id":20911,"quantity":16,"price":0}],"date":"Nov 4, 2023, 3:06:12 PM"}
{"name":"Scavenger beast","level":0,"killCount":-1,"type":"NPC","drops":[{"name":"Bones","id":526,"quantity":1,"price":73},{"name":"Tinderbox","id":590,"quantity":1,"price":53},{"name":"Cave worms","id":20853,"quantity":46,"price":0},{"name":"Fishing rod","id":307,"quantity":1,"price":82}],"date":"Nov 11, 2023, 9:26:29 PM"}
{"name":"Scavenger beast","level":0,"killCount":-1,"type":"NPC","drops":[{"name":"Bones","id":526,"quantity":1,"price":73},{"name":"Cave worms","id":20853,"quantity":42,"price":0},{"name":"Mallignum root plank","id":21036,"quantity":1,"price":0},{"name":"Mallignum root plank","id":21036,"quantity":1,"price":0},{"name":"Hammer","id":2347,"quantity":1,"price":83}],"date":"Nov 11, 2023, 9:26:43 PM"}
{"name":"Scavenger beast","level":0,"killCount":-1,"type":"NPC","drops":[{"name":"Bones","id":526,"quantity":1,"price":73},{"name":"Cave worms","id":20853,"quantity":41,"price":0},{"name":"Mallignum root plank","id":21036,"quantity":1,"price":0},{"name":"Mallignum root plank","id":21036,"quantity":1,"price":0},{"name":"Iron pickaxe","id":1267,"quantity":1,"price":105}],"date":"Nov 11, 2023, 9:27:02 PM"}
{"name":"Scavenger beast","level":0,"killCount":-1,"type":"NPC","drops":[{"name":"Bones","id":526,"quantity":1,"price":73},{"name":"Cave worms","id":20853,"quantity":45,"price":0},{"name":"Cicely","id":20912,"quantity":4,"price":0},{"name":"Cicely","id":20912,"quantity":7,"price":0}],"date":"Nov 11, 2023, 9:27:17 PM"}
{"name":"Scavenger beast","level":0,"killCount":-1,"type":"NPC","drops":[{"name":"Bones","id":526,"quantity":1,"price":73},{"name":"Lockpick","id":1523,"quantity":1,"price":258},{"name":"Mallignum root plank","id":21036,"quantity":1,"price":0},{"name":"Mallignum root plank","id":21036,"quantity":1,"price":0},{"name":"Hammer","id":2347,"quantity":1,"price":83}],"date":"Nov 11, 2023, 9:27:26 PM"}
{"name":"Scavenger beast","level":0,"killCount":-1,"type":"NPC","drops":[{"name":"Bones","id":526,"quantity":1,"price":73},{"name":"Tinderbox","id":590,"quantity":1,"price":53},{"name":"Cave worms","id":20853,"quantity":40,"price":0},{"name":"Fishing rod","id":307,"quantity":1,"price":82}],"date":"Nov 11, 2023, 9:27:36 PM"}
{"name":"Scavenger beast","level":0,"killCount":-1,"type":"NPC","drops":[{"name":"Bones","id":526,"quantity":1,"price":73},{"name":"Cicely","id":20912,"quantity":5,"price":0},{"name":"Cave worms","id":20853,"quantity":43,"price":0},{"name":"Cicely","id":20912,"quantity":7,"price":0}],"date":"Nov 11, 2023, 9:27:39 PM"}
{"name":"Scavenger beast","level":0,"killCount":-1,"type":"NPC","drops":[{"name":"Bones","id":526,"quantity":1,"price":73},{"name":"Iron pickaxe","id":1267,"quantity":1,"price":105},{"name":"Butterfly net","id":10010,"quantity":1,"price":14},{"name":"Lockpick","id":1523,"quantity":1,"price":258}],"date":"Nov 11, 2023, 9:27:44 PM"}
{"name":"Scavenger beast","level":0,"killCount":-1,"type":"NPC","drops":[{"name":"Bones","id":526,"quantity":1,"price":73},{"name":"Stinkhorn mushroom","id":20910,"quantity":16,"price":0},{"name":"Endarkened juice","id":20911,"quantity":21,"price":0},{"name":"Stinkhorn mushroom","id":20910,"quantity":11,"price":0}],"date":"Nov 11, 2023, 9:27:49 PM"}
{"name":"Scavenger beast","level":0,"killCount":-1,"type":"NPC","drops":[{"name":"Bones","id":526,"quantity":1,"price":73},{"name":"Iron axe","id":1349,"quantity":1,"price":35},{"name":"Fishing rod","id":307,"quantity":1,"price":82},{"name":"Endarkened juice","id":20911,"quantity":13,"price":0}],"date":"Nov 11, 2023, 9:27:56 PM"}
{"name":"Scavenger beast","level":0,"killCount":-1,"type":"NPC","drops":[{"name":"Bones","id":526,"quantity":1,"price":73},{"name":"Tinderbox","id":590,"quantity":1,"price":53},{"name":"Butterfly net","id":10010,"quantity":1,"price":14},{"name":"Iron axe","id":1349,"quantity":1,"price":35}],"date":"Nov 11, 2023, 10:38:09 PM"}
{"name":"Scavenger beast","level":0,"killCount":-1,"type":"NPC","drops":[{"name":"Bones","id":526,"quantity":1,"price":73},{"name":"Cicely","id":20912,"quantity":8,"price":0},{"name":"Lockpick","id":1523,"quantity":1,"price":258},{"name":"Cicely","id":20912,"quantity":6,"price":0}],"date":"Nov 11, 2023, 10:38:19 PM"}
{"name":"Scavenger beast","level":0,"killCount":-1,"type":"NPC","drops":[{"name":"Bones","id":526,"quantity":1,"price":73},{"name":"Cicely","id":20912,"quantity":4,"price":0},{"name":"Iron axe","id":1349,"quantity":1,"price":35},{"name":"Endarkened juice","id":20911,"quantity":17,"price":0}],"date":"Nov 11, 2023, 10:39:09 PM"}
{"name":"Scavenger beast","level":0,"killCount":-1,"type":"NPC","drops":[{"name":"Bones","id":526,"quantity":1,"price":73},{"name":"Butterfly net","id":10010,"quantity":1,"price":14},{"name":"Mallignum root plank","id":21036,"quantity":1,"price":0},{"name":"Mallignum root plank","id":21036,"quantity":1,"price":0},{"name":"Iron axe","id":1349,"quantity":1,"price":35}],"date":"Nov 11, 2023, 10:39:20 PM"}
{"name":"Scavenger beast","level":0,"killCount":-1,"type":"NPC","drops":[{"name":"Bones","id":526,"quantity":1,"price":73},{"name":"Stinkhorn mushroom","id":20910,"quantity":13,"price":0},{"name":"Iron axe","id":1349,"quantity":1,"price":35},{"name":"Cave worms","id":20853,"quantity":38,"price":0}],"date":"Nov 11, 2023, 10:39:24 PM"}
{"name":"Scavenger beast","level":0,"killCount":-1,"type":"NPC","drops":[{"name":"Bones","id":526,"quantity":1,"price":73},{"name":"Iron axe","id":1349,"quantity":1,"price":35},{"name":"Cave worms","id":20853,"quantity":48,"price":0},{"name":"Stinkhorn mushroom","id":20910,"quantity":8,"price":0}],"date":"Nov 11, 2023, 10:39:42 PM"}
{"name":"Scavenger beast","level":0,"killCount":-1,"type":"NPC","drops":[{"name":"Bones","id":526,"quantity":1,"price":73},{"name":"Tinderbox","id":590,"quantity":1,"price":53},{"name":"Endarkened juice","id":20911,"quantity":17,"price":0},{"name":"Lockpick","id":1523,"quantity":1,"price":258}],"date":"Nov 11, 2023, 10:39:47 PM"}
{"name":"Scavenger beast","level":0,"killCount":-1,"type":"NPC","drops":[{"name":"Bones","id":526,"quantity":1,"price":73},{"name":"Mallignum root plank","id":21036,"quantity":1,"price":0},{"name":"Mallignum root plank","id":21036,"quantity":1,"price":0},{"name":"Cave worms","id":20853,"quantity":48,"price":0},{"name":"Butterfly net","id":10010,"quantity":1,"price":14}],"date":"Nov 11, 2023, 10:39:50 PM"}
{"name":"Scavenger beast","level":0,"killCount":-1,"type":"NPC","drops":[{"name":"Bones","id":526,"quantity":1,"price":81}],"date":"Feb 10, 2024, 10:05:42 PM"}
{"name":"Scavenger beast","level":0,"killCount":-1,"type":"NPC","drops":[{"name":"Bones","id":526,"quantity":1,"price":76}],"date":"Feb 17, 2024, 2:34:40 PM"}
{"name":"Scavenger beast","level":0,"killCount":-1,"type":"NPC","drops":[{"name":"Bones","id":526,"quantity":1,"price":76}],"date":"Feb 17, 2024, 2:38:27 PM"}
{"name":"Scavenger beast","level":0,"killCount":-1,"type":"NPC","drops":[{"name":"Bones","id":526,"quantity":1,"price":76}],"date":"Feb 17, 2024, 2:38:34 PM"}
{"name":"Scavenger beast","level":0,"killCount":-1,"type":"NPC","drops":[{"name":"Bones","id":526,"quantity":1,"price":76}],"date":"Feb 17, 2024, 2:38:43 PM"}
{"name":"Scavenger beast","level":0,"killCount":-1,"type":"NPC","drops":[{"name":"Bones","id":526,"quantity":1,"price":76}],"date":"Feb 17, 2024, 2:38:58 PM"}
{"name":"Scavenger beast","level":0,"killCount":-1,"type":"NPC","drops":[{"name":"Bones","id":526,"quantity":1,"price":76}],"date":"Feb 17, 2024, 2:59:09 PM"}
{"name":"Scavenger beast","level":0,"killCount":-1,"type":"NPC","drops":[{"name":"Bones","id":526,"quantity":1,"price":76}],"date":"Feb 17, 2024, 2:59:21 PM"}
{"name":"Scavenger beast","level":0,"killCount":-1,"type":"NPC","drops":[{"name":"Bones","id":526,"quantity":1,"price":76}],"date":"Feb 17, 2024, 2:59:30 PM"}
{"name":"Scavenger beast","level":0,"killCount":-1,"type":"NPC","drops":[{"name":"Bones","id":526,"quantity":1,"price":76}],"date":"Feb 17, 2024, 2:59:42 PM"}
{"name":"Scavenger beast","level":0,"killCount":-1,"type":"NPC","drops":[{"name":"Bones","id":526,"quantity":1,"price":76}],"date":"Feb 17, 2024, 2:59:59 PM"}
{"name":"Scavenger beast","level":0,"killCount":-1,"type":"NPC","drops":[{"name":"Bones","id":526,"quantity":1,"price":76}],"date":"Feb 17, 2024, 4:13:32 PM"}
{"name":"Scavenger beast","level":0,"killCount":-1,"type":"NPC","drops":[{"name":"Bones","id":526,"quantity":1,"price":76}],"date":"Feb 17, 2024, 4:13:37 PM"}
{"name":"Scavenger beast","level":0,"killCount":-1,"type":"NPC","drops":[{"name":"Bones","id":526,"quantity":1,"price":76}],"date":"Feb 17, 2024, 4:14:52 PM"}
{"name":"Scavenger beast","level":0,"killCount":-1,"type":"NPC","drops":[{"name":"Bones","id":526,"quantity":1,"price":76}],"date":"Feb 17, 2024, 4:14:57 PM"}
{"name":"Scavenger beast","level":0,"killCount":-1,"type":"NPC","drops":[{"name":"Bones","id":526,"quantity":1,"price":76}],"date":"Feb 17, 2024, 4:15:07 PM"}
{"name":"Scavenger beast","level":0,"killCount":-1,"type":"NPC","drops":[{"name":"Bones","id":526,"quantity":1,"price":76}],"date":"Feb 17, 2024, 4:15:18 PM"}
{"name":"Scavenger beast","level":0,"killCount":-1,"type":"NPC","drops":[{"name":"Bones","id":526,"quantity":1,"price":76}],"date":"Feb 17, 2024, 4:15:26 PM"}
{"name":"Scavenger beast","level":0,"killCount":-1,"type":"NPC","drops":[{"name":"Bones","id":526,"quantity":1,"price":76}],"date":"Feb 17, 2024, 4:15:32 PM"}
{"name":"Scavenger beast","level":0,"killCount":-1,"type":"NPC","drops":[{"name":"Bones","id":526,"quantity":1,"price":76}],"date":"Feb 17, 2024, 4:15:45 PM"}
{"name":"Scavenger beast","level":0,"killCount":-1,"type":"NPC","drops":[{"name":"Bones","id":526,"quantity":1,"price":76}],"date":"Feb 17, 2024, 4:15:54 PM"}
{"name":"Scavenger beast","level":0,"killCount":-1,"type":"NPC","drops":[{"name":"Bones","id":526,"quantity":1,"price":76}],"date":"Feb 17, 2024, 4:16:03 PM"}
{"name":"Scavenger beast","level":0,"killCount":-1,"type":"NPC","drops":[{"name":"Bones","id":526,"quantity":1,"price":76}],"date":"Feb 17, 2024, 4:16:09 PM"}
{"name":"Scavenger beast","level":0,"killCount":-1,"type":"NPC","drops":[{"name":"Bones","id":526,"quantity":1,"price":76}],"date":"Feb 17, 2024, 8:26:28 PM"}
{"name":"Scavenger beast","level":0,"killCount":-1,"type":"NPC","drops":[{"name":"Bones","id":526,"quantity":1,"price":76}],"date":"Feb 17, 2024, 8:27:12 PM"}
{"name":"Scavenger beast","level":0,"killCount":-1,"type":"NPC","drops":[{"name":"Bones","id":526,"quantity":1,"price":76}],"date":"Feb 17, 2024, 8:27:22 PM"}
{"name":"Scavenger beast","level":0,"killCount":-1,"type":"NPC","drops":[{"name":"Bones","id":526,"quantity":1,"price":76}],"date":"Feb 17, 2024, 8:27:28 PM"}
{"name":"Scavenger beast","level":0,"killCount":-1,"type":"NPC","drops":[{"name":"Bones","id":526,"quantity":1,"price":76}],"date":"Feb 17, 2024, 8:27:33 PM"}
{"name":"Scavenger beast","level":0,"killCount":-1,"type":"NPC","drops":[{"name":"Bones","id":526,"quantity":1,"price":76}],"date":"Feb 17, 2024, 8:27:44 PM"}
{"name":"Scavenger beast","level":0,"killCount":-1,"type":"NPC","drops":[{"name":"Bones","id":526,"quantity":1,"price":76}],"date":"Feb 17, 2024, 8:27:52 PM"}
{"name":"Scavenger beast","level":0,"killCount":-1,"type":"NPC","drops":[{"name":"Bones","id":526,"quantity":1,"price":76}],"date":"Feb 17, 2024, 8:28:01 PM"}
{"name":"Scavenger beast","level":0,"killCount":-1,"type":"NPC","drops":[{"name":"Bones","id":526,"quantity":1,"price":76}],"date":"Feb 17, 2024, 8:28:14 PM"}
{"name":"Scavenger beast","level":0,"killCount":-1,"type":"NPC","drops":[{"name":"Bones","id":526,"quantity":1,"price":76}],"date":"Feb 17, 2024, 8:28:21 PM"}
{"name":"Scavenger beast","level":0,"killCount":-1,"type":"NPC","drops":[{"name":"Bones","id":526,"quantity":1,"price":76}],"date":"Feb 17, 2024, 8:28:27 PM"}
{"name":"Scavenger beast","level":0,"killCount":-1,"type":"NPC","drops":[{"name":"Bones","id":526,"quantity":1,"price":76}],"date":"Feb 17, 2024, 8:28:36 PM"}
{"name":"Scavenger beast","level":0,"killCount":-1,"type":"NPC","drops":[{"name":"Bones","id":526,"quantity":1,"price":76}],"date":"Feb 17, 2024, 8:28:40 PM"}
{"name":"Scavenger beast","level":0,"killCount":-1,"type":"NPC","drops":[{"name":"Bones","id":526,"quantity":1,"price":76}],"date":"Feb 17, 2024, 8:28:49 PM"}
{"name":"Scavenger beast","level":0,"killCount":-1,"type":"NPC","drops":[{"name":"Bones","id":526,"quantity":1,"price":76}],"date":"Feb 17, 2024, 8:28:58 PM"}
{"name":"Scavenger beast","level":0,"killCount":-1,"type":"NPC","drops":[{"name":"Bones","id":526,"quantity":1,"price":76}],"date":"Feb 17, 2024, 8:29:09 PM"}
{"name":"Scavenger beast","level":0,"killCount":-1,"type":"NPC","drops":[{"name":"Bones","id":526,"quantity":1,"price":76}],"date":"Feb 17, 2024, 8:44:17 PM"}
{"name":"Scavenger beast","level":0,"killCount":-1,"type":"NPC","drops":[{"name":"Bones","id":526,"quantity":1,"price":76}],"date":"Feb 17, 2024, 8:44:30 PM"}
{"name":"Scavenger beast","level":0,"killCount":-1,"type":"NPC","drops":[{"name":"Bones","id":526,"quantity":1,"price":76}],"date":"Feb 17, 2024, 9:18:21 PM"}
{"name":"Scavenger beast","level":0,"killCount":-1,"type":"NPC","drops":[{"name":"Bones","id":526,"quantity":1,"price":76}],"date":"Feb 17, 2024, 9:21:10 PM"}
{"name":"Scavenger beast","level":0,"killCount":-1,"type":"NPC","drops":[{"name":"Bones","id":526,"quantity":1,"price":76}],"date":"Feb 17, 2024, 9:21:19 PM"}
{"name":"Scavenger beast","level":0,"killCount":-1,"type":"NPC","drops":[{"name":"Bones","id":526,"quantity":1,"price":76}],"date":"Feb 17, 2024, 9:21:23 PM"}
{"name":"Scavenger beast","level":0,"killCount":-1,"type":"NPC","drops":[{"name":"Bones","id":526,"quantity":1,"price":76}],"date":"Feb 17, 2024, 9:21:28 PM"}
{"name":"Scavenger beast","level":0,"killCount":-1,"type":"NPC","drops":[{"name":"Bones","id":526,"quantity":1,"price":76}],"date":"Feb 17, 2024, 9:38:58 PM"}
{"name":"Scavenger beast","level":0,"killCount":-1,"type":"NPC","drops":[{"name":"Bones","id":526,"quantity":1,"price":76}],"date":"Feb 17, 2024, 9:39:07 PM"}
{"name":"Scavenger beast","level":0,"killCount":-1,"type":"NPC","drops":[{"name":"Bones","id":526,"quantity":1,"price":76}],"date":"Feb 17, 2024, 9:39:15 PM"}
{"name":"Scavenger beast","level":0,"killCount":-1,"type":"NPC","drops":[{"name":"Bones","id":526,"quantity":1,"price":76}],"date":"Feb 17, 2024, 9:39:25 PM"}
{"name":"Scavenger beast","level":0,"killCount":-1,"type":"NPC","drops":[{"name":"Bones","id":526,"quantity":1,"price":76}],"date":"Feb 17, 2024, 9:39:34 PM"}
{"name":"Scavenger beast","level":0,"killCount":-1,"type":"NPC","drops":[{"name":"Bones","id":526,"quantity":1,"price":76}],"date":"Feb 17, 2024, 9:39:40 PM"}
{"name":"Scavenger beast","level":0,"killCount":-1,"type":"NPC","drops":[{"name":"Bones","id":526,"quantity":1,"price":76}],"date":"Feb 17, 2024, 9:39:50 PM"}
{"name":"Scavenger beast","level":0,"killCount":-1,"type":"NPC","drops":[{"name":"Bones","id":526,"quantity":1,"price":76}],"date":"Feb 17, 2024, 9:40:11 PM"}
{"name":"Scavenger beast","level":0,"killCount":-1,"type":"NPC","drops":[{"name":"Bones","id":526,"quantity":1,"price":76}],"date":"Feb 19, 2024, 12:29:37 PM"}
{"name":"Scavenger beast","level":0,"killCount":-1,"type":"NPC","drops":[{"name":"Bones","id":526,"quantity":1,"price":76}],"date":"Feb 19, 2024, 12:29:44 PM"}
{"name":"Scavenger beast","level":0,"killCount":-1,"type":"NPC","drops":[{"name":"Bones","id":526,"quantity":1,"price":76}],"date":"Feb 19, 2024, 12:29:53 PM"}
{"name":"Scavenger beast","level":0,"killCount":-1,"type":"NPC","drops":[{"name":"Bones","id":526,"quantity":1,"price":76}],"date":"Feb 19, 2024, 1:47:29 PM"}
{"name":"Scavenger beast","level":0,"killCount":-1,"type":"NPC","drops":[{"name":"Bones","id":526,"quantity":1,"price":76}],"date":"Feb 19, 2024, 1:47:40 PM"}
{"name":"Scavenger beast","level":0,"killCount":-1,"type":"NPC","drops":[{"name":"Bones","id":526,"quantity":1,"price":76}],"date":"Feb 19, 2024, 1:47:47 PM"}
{"name":"Scavenger beast","level":0,"killCount":-1,"type":"NPC","drops":[{"name":"Bones","id":526,"quantity":1,"price":76}],"date":"Feb 19, 2024, 1:47:55 PM"}
{"name":"Scavenger beast","level":0,"killCount":-1,"type":"NPC","drops":[{"name":"Bones","id":526,"quantity":1,"price":76}],"date":"Feb 19, 2024, 1:48:07 PM"}
{"name":"Scavenger beast","level":0,"killCount":-1,"type":"NPC","drops":[{"name":"Bones","id":526,"quantity":1,"price":76}],"date":"Feb 19, 2024, 1:48:16 PM"}
{"name":"Scavenger beast","level":0,"killCount":-1,"type":"NPC","drops":[{"name":"Bones","id":526,"quantity":1,"price":76}],"date":"Feb 19, 2024, 1:48:24 PM"}
{"name":"Scavenger beast","level":0,"killCount":-1,"type":"NPC","drops":[{"name":"Bones","id":526,"quantity":1,"price":76}],"date":"Feb 19, 2024, 1:48:32 PM"}
{"name":"Scavenger beast","level":0,"killCount":-1,"type":"NPC","drops":[{"name":"Bones","id":526,"quantity":1,"price":76}],"date":"Feb 19, 2024, 1:48:41 PM"}
{"name":"Scavenger beast","level":0,"killCount":-1,"type":"NPC","drops":[{"name":"Bones","id":526,"quantity":1,"price":76}],"date":"Feb 19, 2024, 1:48:50 PM"}
{"name":"Scavenger beast","level":0,"killCount":-1,"type":"NPC","drops":[{"name":"Bones","id":526,"quantity":1,"price":76}],"date":"Feb 19, 2024, 1:48:57 PM"}
{"name":"Scavenger beast","level":0,"killCount":-1,"type":"NPC","drops":[{"name":"Bones","id":526,"quantity":1,"price":76}],"date":"Feb 19, 2024, 5:58:22 PM"}
{"name":"Scavenger beast","level":0,"killCount":-1,"type":"NPC","drops":[{"name":"Bones","id":526,"quantity":1,"price":76}],"date":"Feb 19, 2024, 5:58:33 PM"}
{"name":"Scavenger beast","level":0,"killCount":-1,"type":"NPC","drops":[{"name":"Bones","id":526,"quantity":1,"price":76}],"date":"Feb 19, 2024, 5:58:41 PM"}
{"name":"Scavenger beast","level":0,"killCount":-1,"type":"NPC","drops":[{"name":"Bones","id":526,"quantity":1,"price":76}],"date":"Feb 19, 2024, 6:01:05 PM"}
{"name":"Scavenger beast","level":0,"killCount":-1,"type":"NPC","drops":[{"name":"Bones","id":526,"quantity":1,"price":76}],"date":"Feb 19, 2024, 6:01:16 PM"}
{"name":"Scavenger beast","level":0,"killCount":-1,"type":"NPC","drops":[{"name":"Bones","id":526,"quantity":1,"price":76}],"date":"Feb 19, 2024, 6:01:25 PM"}
{"name":"Scavenger beast","level":0,"killCount":-1,"type":"NPC","drops":[{"name":"Bones","id":526,"quantity":1,"price":76}],"date":"Feb 19, 2024, 6:01:32 PM"}
{"name":"Scavenger beast","level":0,"killCount":-1,"type":"NPC","drops":[{"name":"Bones","id":526,"quantity":1,"price":76}],"date":"Feb 19, 2024, 6:01:39 PM"}
{"name":"Scavenger beast","level":0,"killCount":-1,"type":"NPC","drops":[{"name":"Bones","id":526,"quantity":1,"price":76}],"date":"Feb 19, 2024, 6:31:33 PM"}
{"name":"Scavenger beast","level":0,"killCount":-1,"type":"NPC","drops":[{"name":"Bones","id":526,"quantity":1,"price":76}],"date":"Feb 19, 2024, 6:31:44 PM"}
{"name":"Scavenger beast","level":0,"killCount":-1,"type":"NPC","drops":[{"name":"Bones","id":526,"quantity":1,"price":76}],"date":"Feb 19, 2024, 6:31:48 PM"}
{"name":"Scavenger beast","level":0,"killCount":-1,"type":"NPC","drops":[{"name":"Bones","id":526,"quantity":1,"price":76}],"date":"Feb 19, 2024, 6:31:59 PM"}
{"name":"Scavenger beast","level":0,"killCount":-1,"type":"NPC","drops":[{"name":"Bones","id":526,"quantity":1,"price":76}],"date":"Feb 19, 2024, 6:32:12 PM"}
{"name":"Scavenger beast","level":0,"killCount":-1,"type":"NPC","drops":[{"name":"Bones","id":526,"quantity":1,"price":76}],"date":"Feb 19, 2024, 6:32:19 PM"}
{"name":"Scavenger beast","level":0,"killCount":-1,"type":"NPC","drops":[{"name":"Bones","id":526,"quantity":1,"price":76}],"date":"Feb 19, 2024, 6:50:51 PM"}
{"name":"Scavenger beast","level":0,"killCount":-1,"type":"NPC","drops":[{"name":"Bones","id":526,"quantity":1,"price":76}],"date":"Feb 19, 2024, 6:51:00 PM"}
{"name":"Scavenger beast","level":0,"killCount":-1,"type":"NPC","drops":[{"name":"Bones","id":526,"quantity":1,"price":76}],"date":"Feb 19, 2024, 6:51:11 PM"}
{"name":"Scavenger beast","level":0,"killCount":-1,"type":"NPC","drops":[{"name":"Bones","id":526,"quantity":1,"price":76}],"date":"Feb 19, 2024, 6:51:18 PM"}
{"name":"Scavenger beast","level":0,"killCount":-1,"type":"NPC","drops":[{"name":"Bones","id":526,"quantity":1,"price":76}],"date":"Feb 19, 2024, 7:25:17 PM"}
{"name":"Scavenger beast","level":0,"killCount":-1,"type":"NPC","drops":[{"name":"Bones","id":526,"quantity":1,"price":76}],"date":"Feb 19, 2024, 7:25:27 PM"}
{"name":"Scavenger beast","level":0,"killCount":-1,"type":"NPC","drops":[{"name":"Bones","id":526,"quantity":1,"price":76}],"date":"Feb 19, 2024, 7:25:37 PM"}
{"name":"Scavenger beast","level":0,"killCount":-1,"type":"NPC","drops":[{"name":"Bones","id":526,"quantity":1,"price":76}],"date":"Feb 19, 2024, 7:25:45 PM"}
{"name":"Scavenger beast","level":0,"killCount":-1,"type":"NPC","drops":[{"name":"Bones","id":526,"quantity":1,"price":76}],"date":"Feb 19, 2024, 7:25:56 PM"}
{"name":"Scavenger beast","level":0,"killCount":-1,"type":"NPC","drops":[{"name":"Bones","id":526,"quantity":1,"price":76}],"date":"Feb 19, 2024, 7:43:42 PM"}
{"name":"Scavenger beast","level":0,"killCount":-1,"type":"NPC","drops":[{"name":"Bones","id":526,"quantity":1,"price":76}],"date":"Feb 19, 2024, 7:43:50 PM"}
{"name":"Scavenger beast","level":0,"killCount":-1,"type":"NPC","drops":[{"name":"Bones","id":526,"quantity":1,"price":76}],"date":"Feb 19, 2024, 7:44:02 PM"}
{"name":"Scavenger beast","level":0,"killCount":-1,"type":"NPC","drops":[{"name":"Bones","id":526,"quantity":1,"price":76}],"date":"Feb 19, 2024, 7:44:15 PM"}
{"name":"Scavenger beast","level":0,"killCount":-1,"type":"NPC","drops":[{"name":"Bones","id":526,"quantity":1,"price":76}],"date":"Feb 19, 2024, 7:44:31 PM"}
{"name":"Scavenger beast","level":0,"killCount":-1,"type":"NPC","drops":[{"name":"Bones","id":526,"quantity":1,"price":76}],"date":"Feb 19, 2024, 7:44:49 PM"}
{"name":"Scavenger beast","level":0,"killCount":-1,"type":"NPC","drops":[{"name":"Bones","id":526,"quantity":1,"price":76}],"date":"Feb 19, 2024, 7:44:58 PM"}
{"name":"Scavenger beast","level":0,"killCount":-1,"type":"NPC","drops":[{"name":"Bones","id":526,"quantity":1,"price":76}],"date":"Feb 19, 2024, 8:30:52 PM"}
{"name":"Scavenger beast","level":0,"killCount":-1,"type":"NPC","drops":[{"name":"Bones","id":526,"quantity":1,"price":76}],"date":"Feb 19, 2024, 8:31:04 PM"}
{"name":"Scavenger beast","level":0,"killCount":-1,"type":"NPC","drops":[{"name":"Bones","id":526,"quantity":1,"price":76}],"date":"Feb 19, 2024, 8:31:10 PM"}
{"name":"Scavenger beast","level":0,"killCount":-1,"type":"NPC","drops":[{"name":"Bones","id":526,"quantity":1,"price":76}],"date":"Feb 19, 2024, 8:31:24 PM"}
{"name":"Scavenger beast","level":0,"killCount":-1,"type":"NPC","drops":[{"name":"Bones","id":526,"quantity":1,"price":76}],"date":"Feb 19, 2024, 8:31:31 PM"}
{"name":"Scavenger beast","level":0,"killCount":-1,"type":"NPC","drops":[{"name":"Bones","id":526,"quantity":1,"price":76}],"date":"Feb 19, 2024, 9:48:18 PM"}
{"name":"Scavenger beast","level":0,"killCount":-1,"type":"NPC","drops":[{"name":"Bones","id":526,"quantity":1,"price":76}],"date":"Feb 19, 2024, 9:48:29 PM"}
{"name":"Scavenger beast","level":0,"killCount":-1,"type":"NPC","drops":[{"name":"Bones","id":526,"quantity":1,"price":76}],"date":"Feb 19, 2024, 9:48:36 PM"}
{"name":"Scavenger beast","level":0,"killCount":-1,"type":"NPC","drops":[{"name":"Bones","id":526,"quantity":1,"price":76}],"date":"Feb 19, 2024, 9:53:01 PM"}
{"name":"Scavenger beast","level":0,"killCount":-1,"type":"NPC","drops":[{"name":"Bones","id":526,"quantity":1,"price":76}],"date":"Feb 19, 2024, 9:53:17 PM"}
{"name":"Scavenger beast","level":0,"killCount":-1,"type":"NPC","drops":[{"name":"Bones","id":526,"quantity":1,"price":76}],"date":"Feb 19, 2024, 9:53:35 PM"}
{"name":"Scavenger beast","level":0,"killCount":-1,"type":"NPC","drops":[{"name":"Bones","id":526,"quantity":1,"price":77}],"date":"Feb 20, 2024, 9:40:27 PM"}
{"name":"Scavenger beast","level":0,"killCount":-1,"type":"NPC","drops":[{"name":"Bones","id":526,"quantity":1,"price":77}],"date":"Feb 20, 2024, 9:40:34 PM"}
{"name":"Scavenger beast","level":0,"killCount":-1,"type":"NPC","drops":[{"name":"Bones","id":526,"quantity":1,"price":77}],"date":"Feb 20, 2024, 9:40:37 PM"}
{"name":"Scavenger beast","level":0,"killCount":-1,"type":"NPC","drops":[{"name":"Bones","id":526,"quantity":1,"price":77}],"date":"Feb 20, 2024, 9:40:51 PM"}
{"name":"Scavenger beast","level":0,"killCount":-1,"type":"NPC","drops":[{"name":"Bones","id":526,"quantity":1,"price":77}],"date":"Feb 20, 2024, 9:40:57 PM"}
{"name":"Scavenger beast","level":0,"killCount":-1,"type":"NPC","drops":[{"name":"Bones","id":526,"quantity":1,"price":77}],"date":"Feb 20, 2024, 9:41:06 PM"}
{"name":"Scavenger beast","level":0,"killCount":-1,"type":"NPC","drops":[{"name":"Bones","id":526,"quantity":1,"price":79}],"date":"Feb 21, 2024, 11:48:51 AM"}
{"name":"Scavenger beast","level":0,"killCount":-1,"type":"NPC","drops":[{"name":"Bones","id":526,"quantity":1,"price":79}],"date":"Feb 21, 2024, 11:48:59 AM"}
{"name":"Scavenger beast","level":0,"killCount":-1,"type":"NPC","drops":[{"name":"Bones","id":526,"quantity":1,"price":79}],"date":"Feb 21, 2024, 11:49:14 AM"}
{"name":"Scavenger beast","level":0,"killCount":-1,"type":"NPC","drops":[{"name":"Bones","id":526,"quantity":1,"price":79}],"date":"Feb 21, 2024, 11:49:33 AM"}
{"name":"Scavenger beast","level":0,"killCount":-1,"type":"NPC","drops":[{"name":"Bones","id":526,"quantity":1,"price":79}],"date":"Feb 21, 2024, 11:49:49 AM"}
{"name":"Scavenger beast","level":0,"killCount":-1,"type":"NPC","drops":[{"name":"Bones","id":526,"quantity":1,"price":79}],"date":"Feb 21, 2024, 1:01:23 PM"}
{"name":"Scavenger beast","level":0,"killCount":-1,"type":"NPC","drops":[{"name":"Bones","id":526,"quantity":1,"price":79}],"date":"Feb 21, 2024, 1:01:31 PM"}
{"name":"Scavenger beast","level":0,"killCount":-1,"type":"NPC","drops":[{"name":"Bones","id":526,"quantity":1,"price":79}],"date":"Feb 21, 2024, 1:01:40 PM"}
{"name":"Scavenger beast","level":0,"killCount":-1,"type":"NPC","drops":[{"name":"Bones","id":526,"quantity":1,"price":79}],"date":"Feb 21, 2024, 1:01:44 PM"}
{"name":"Scavenger beast","level":0,"killCount":-1,"type":"NPC","drops":[{"name":"Bones","id":526,"quantity":1,"price":79}],"date":"Feb 21, 2024, 1:01:54 PM"}
{"name":"Scavenger beast","level":0,"killCount":-1,"type":"NPC","drops":[{"name":"Bones","id":526,"quantity":1,"price":79}],"date":"Feb 21, 2024, 1:19:20 PM"}
{"name":"Scavenger beast","level":0,"killCount":-1,"type":"NPC","drops":[{"name":"Bones","id":526,"quantity":1,"price":79}],"date":"Feb 21, 2024, 1:19:31 PM"}
{"name":"Scavenger beast","level":0,"killCount":-1,"type":"NPC","drops":[{"name":"Bones","id":526,"quantity":1,"price":79}],"date":"Feb 21, 2024, 1:19:40 PM"}
{"name":"Scavenger beast","level":0,"killCount":-1,"type":"NPC","drops":[{"name":"Bones","id":526,"quantity":1,"price":79}],"date":"Feb 21, 2024, 1:19:47 PM"}
{"name":"Scavenger beast","level":0,"killCount":-1,"type":"NPC","drops":[{"name":"Bones","id":526,"quantity":1,"price":79}],"date":"Feb 21, 2024, 4:33:59 PM"}
{"name":"Scavenger beast","level":0,"killCount":-1,"type":"NPC","drops":[{"name":"Bones","id":526,"quantity":1,"price":79}],"date":"Feb 21, 2024, 4:34:15 PM"}
{"name":"Scavenger beast","level":0,"killCount":-1,"type":"NPC","drops":[{"name":"Bones","id":526,"quantity":1,"price":79}],"date":"Feb 21, 2024, 5:15:33 PM"}
{"name":"Scavenger beast","level":0,"killCount":-1,"type":"NPC","drops":[{"name":"Bones","id":526,"quantity":1,"price":79}],"date":"Feb 21, 2024, 5:53:10 PM"}
{"name":"Scavenger beast","level":0,"killCount":-1,"type":"NPC","drops":[{"name":"Bones","id":526,"quantity":1,"price":79}],"date":"Feb 21, 2024, 7:17:27 PM"}
{"name":"Scavenger beast","level":0,"killCount":-1,"type":"NPC","drops":[{"name":"Bones","id":526,"quantity":1,"price":79}],"date":"Feb 21, 2024, 7:17:37 PM"}
{"name":"Scavenger beast","level":0,"killCount":-1,"type":"NPC","drops":[{"name":"Bones","id":526,"quantity":1,"price":79}],"date":"Feb 21, 2024, 8:12:02 PM"}
{"name":"Scavenger beast","level":0,"killCount":-1,"type":"NPC","drops":[{"name":"Bones","id":526,"quantity":1,"price":79}],"date":"Feb 21, 2024, 8:45:40 PM"}
{"name":"Scavenger beast","level":0,"killCount":-1,"type":"NPC","drops":[{"name":"Bones","id":526,"quantity":1,"price":79}],"date":"Feb 21, 2024, 9:31:06 PM"}
{"name":"Scavenger beast","level":0,"killCount":-1,"type":"NPC","drops":[{"name":"Bones","id":526,"quantity":1,"price":79}],"date":"Feb 21, 2024, 9:31:13 PM"}
{"name":"Scavenger beast","level":0,"killCount":-1,"type":"NPC","drops":[{"name":"Bones","id":526,"quantity":1,"price":81}],"date":"Feb 22, 2024, 11:58:48 AM"}
{"name":"Scavenger beast","level":0,"killCount":-1,"type":"NPC","drops":[{"name":"Bones","id":526,"quantity":1,"price":81}],"date":"Feb 22, 2024, 12:12:17 PM"}
{"name":"Scavenger beast","level":0,"killCount":-1,"type":"NPC","drops":[{"name":"Bones","id":526,"quantity":1,"price":81}],"date":"Feb 22, 2024, 12:12:26 PM"}
{"name":"Scavenger beast","level":0,"killCount":-1,"type":"NPC","drops":[{"name":"Bones","id":526,"quantity":1,"price":81}],"date":"Feb 22, 2024, 12:12:35 PM"}
{"name":"Scavenger beast","level":0,"killCount":-1,"type":"NPC","drops":[{"name":"Bones","id":526,"quantity":1,"price":81}],"date":"Feb 22, 2024, 12:12:44 PM"}
{"name":"Scavenger beast","level":0,"killCount":-1,"type":"NPC","drops":[{"name":"Bones","id":526,"quantity":1,"price":81}],"date":"Feb 22, 2024, 1:08:53 PM"}
{"name":"Scavenger beast","level":0,"killCount":-1,"type":"NPC","drops":[{"name":"Bones","id":526,"quantity":1,"price":81}],"date":"Feb 22, 2024, 1:47:55 PM"}
{"name":"Scavenger beast","level":0,"killCount":-1,"type":"NPC","drops":[{"name":"Bones","id":526,"quantity":1,"price":81}],"date":"Feb 22, 2024, 1:48:04 PM"}
{"name":"Scavenger beast","level":0,"killCount":-1,"type":"NPC","drops":[{"name":"Bones","id":526,"quantity":1,"price":81}],"date":"Feb 22, 2024, 2:43:11 PM"}
{"name":"Scavenger beast","level":0,"killCount":-1,"type":"NPC","drops":[{"name":"Bones","id":526,"quantity":1,"price":81}],"date":"Feb 22, 2024, 2:55:46 PM"}
{"name":"Scavenger beast","level":0,"killCount":-1,"type":"NPC","drops":[{"name":"Bones","id":526,"quantity":1,"price":81}],"date":"Feb 22, 2024, 3:44:15 PM"}
{"name":"Scavenger beast","level":0,"killCount":-1,"type":"NPC","drops":[{"name":"Bones","id":526,"quantity":1,"price":81}],"date":"Feb 22, 2024, 3:44:21 PM"}
{"name":"Scavenger beast","level":0,"killCount":-1,"type":"NPC","drops":[{"name":"Bones","id":526,"quantity":1,"price":81}],"date":"Feb 22, 2024, 3:44:30 PM"}
{"name":"Scavenger beast","level":0,"killCount":-1,"type":"NPC","drops":[{"name":"Bones","id":526,"quantity":1,"price":81}],"date":"Feb 22, 2024, 4:46:11 PM"}
{"name":"Scavenger beast","level":0,"killCount":-1,"type":"NPC","drops":[{"name":"Bones","id":526,"quantity":1,"price":81}],"date":"Feb 22, 2024, 4:46:28 PM"}
{"name":"Scavenger beast","level":0,"killCount":-1,"type":"NPC","drops":[{"name":"Bones","id":526,"quantity":1,"price":81}],"date":"Feb 22, 2024, 4:46:35 PM"}
{"name":"Scavenger beast","level":0,"killCount":-1,"type":"NPC","drops":[{"name":"Bones","id":526,"quantity":1,"price":81}],"date":"Feb 22, 2024, 9:11:51 PM"}
{"name":"Scavenger beast","level":0,"killCount":-1,"type":"NPC","drops":[{"name":"Bones","id":526,"quantity":1,"price":81}],"date":"Feb 22, 2024, 9:21:23 PM"}
{"name":"Scavenger beast","level":0,"killCount":-1,"type":"NPC","drops":[{"name":"Bones","id":526,"quantity":1,"price":81}],"date":"Feb 22, 2024, 10:51:23 PM"}
{"name":"Scavenger beast","level":0,"killCount":-1,"type":"NPC","drops":[{"name":"Bones","id":526,"quantity":1,"price":81}],"date":"Feb 22, 2024, 10:51:30 PM"}
{"name":"Scavenger beast","level":0,"killCount":-1,"type":"NPC","drops":[{"name":"Bones","id":526,"quantity":1,"price":81}],"date":"Feb 22, 2024, 10:51:40 PM"}
{"name":"Scavenger beast","level":0,"killCount":-1,"type":"NPC","drops":[{"name":"Bones","id":526,"quantity":1,"price":81}],"date":"Feb 22, 2024, 10:51:49 PM"}
{"name":"Scavenger beast","level":0,"killCount":-1,"type":"NPC","drops":[{"name":"Bones","id":526,"quantity":1,"price":83}],"date":"Feb 23, 2024, 3:34:42 PM"}
{"name":"Scavenger beast","level":0,"killCount":-1,"type":"NPC","drops":[{"name":"Bones","id":526,"quantity":1,"price":83}],"date":"Feb 23, 2024, 3:34:52 PM"}
{"name":"Scavenger beast","level":0,"killCount":-1,"type":"NPC","drops":[{"name":"Bones","id":526,"quantity":1,"price":83}],"date":"Feb 23, 2024, 3:35:11 PM"}
{"name":"Scavenger beast","level":0,"killCount":-1,"type":"NPC","drops":[{"name":"Bones","id":526,"quantity":1,"price":83}],"date":"Feb 23, 2024, 3:35:21 PM"}
{"name":"Scavenger beast","level":0,"killCount":-1,"type":"NPC","drops":[{"name":"Bones","id":526,"quantity":1,"price":84}],"date":"Feb 24, 2024, 9:59:35 AM"}
{"name":"Scavenger beast","level":0,"killCount":-1,"type":"NPC","drops":[{"name":"Bones","id":526,"quantity":1,"price":84}],"date":"Feb 24, 2024, 10:42:16 AM"}
{"name":"Scavenger beast","level":0,"killCount":-1,"type":"NPC","drops":[{"name":"Bones","id":526,"quantity":1,"price":84}],"date":"Feb 24, 2024, 10:42:22 AM"}
{"name":"Scavenger beast","level":0,"killCount":-1,"type":"NPC","drops":[{"name":"Bones","id":526,"quantity":1,"price":84}],"date":"Feb 24, 2024, 11:25:20 AM"}
{"name":"Scavenger beast","level":0,"killCount":-1,"type":"NPC","drops":[{"name":"Bones","id":526,"quantity":1,"price":84}],"date":"Feb 24, 2024, 11:25:43 AM"}
{"name":"Scavenger beast","level":0,"killCount":-1,"type":"NPC","drops":[{"name":"Bones","id":526,"quantity":1,"price":84}],"date":"Feb 24, 2024, 12:03:48 PM"}
{"name":"Scavenger beast","level":0,"killCount":-1,"type":"NPC","drops":[{"name":"Bones","id":526,"quantity":1,"price":84}],"date":"Feb 24, 2024, 12:13:59 PM"}
{"name":"Scavenger beast","level":0,"killCount":-1,"type":"NPC","drops":[{"name":"Bones","id":526,"quantity":1,"price":84}],"date":"Feb 24, 2024, 12:14:12 PM"}
{"name":"Scavenger beast","level":0,"killCount":-1,"type":"NPC","drops":[{"name":"Bones","id":526,"quantity":1,"price":84}],"date":"Feb 24, 2024, 12:14:24 PM"}
{"name":"Scavenger beast","level":0,"killCount":-1,"type":"NPC","drops":[{"name":"Bones","id":526,"quantity":1,"price":84}],"date":"Feb 24, 2024, 12:14:33 PM"}
{"name":"Scavenger beast","level":0,"killCount":-1,"type":"NPC","drops":[{"name":"Bones","id":526,"quantity":1,"price":84}],"date":"Feb 24, 2024, 12:19:35 PM"}
{"name":"Scavenger beast","level":0,"killCount":-1,"type":"NPC","drops":[{"name":"Bones","id":526,"quantity":1,"price":84}],"date":"Feb 24, 2024, 12:19:45 PM"}
{"name":"Scavenger beast","level":0,"killCount":-1,"type":"NPC","drops":[{"name":"Bones","id":526,"quantity":1,"price":84}],"date":"Feb 24, 2024, 1:01:42 PM"}
{"name":"Scavenger beast","level":0,"killCount":-1,"type":"NPC","drops":[{"name":"Bones","id":526,"quantity":1,"price":84}],"date":"Feb 24, 2024, 1:02:18 PM"}
{"name":"Scavenger beast","level":0,"killCount":-1,"type":"NPC","drops":[{"name":"Bones","id":526,"quantity":1,"price":84}],"date":"Feb 24, 2024, 1:02:27 PM"}
{"name":"Scavenger beast","level":0,"killCount":-1,"type":"NPC","drops":[{"name":"Bones","id":526,"quantity":1,"price":84}],"date":"Feb 24, 2024, 7:39:29 PM"}
{"name":"Scavenger beast","level":0,"killCount":-1,"type":"NPC","drops":[{"name":"Bones","id":526,"quantity":1,"price":84}],"date":"Feb 24, 2024, 7:39:38 PM"}
{"name":"Scavenger beast","level":0,"killCount":-1,"type":"NPC","drops":[{"name":"Bones","id":526,"quantity":1,"price":84}],"date":"Feb 24, 2024, 7:39:48 PM"}
{"name":"Scavenger beast","level":0,"killCount":-1,"type":"NPC","drops":[{"name":"Bones","id":526,"quantity":1,"price":84}],"date":"Feb 24, 2024, 7:39:58 PM"}
{"name":"Scavenger beast","level":0,"killCount":-1,"type":"NPC","drops":[{"name":"Bones","id":526,"quantity":1,"price":84}],"date":"Feb 24, 2024, 9:21:47 PM"}
{"name":"Scavenger beast","level":0,"killCount":-1,"type":"NPC","drops":[{"name":"Bones","id":526,"quantity":1,"price":84}],"date":"Feb 24, 2024, 9:21:56 PM"}
{"name":"Scavenger beast","level":0,"killCount":-1,"type":"NPC","drops":[{"name":"Bones","id":526,"quantity":1,"price":84}],"date":"Feb 24, 2024, 9:22:06 PM"}
{"name":"Scavenger beast","level":0,"killCount":-1,"type":"NPC","drops":[{"name":"Bones","id":526,"quantity":1,"price":84}],"date":"Feb 24, 2024, 9:22:15 PM"}
{"name":"Scavenger beast","level":0,"killCount":-1,"type":"NPC","drops":[{"name":"Bones","id":526,"quantity":1,"price":84}],"date":"Feb 24, 2024, 10:10:58 PM"}
{"name":"Scavenger beast","level":0,"killCount":-1,"type":"NPC","drops":[{"name":"Bones","id":526,"quantity":1,"price":84}],"date":"Feb 24, 2024, 10:11:10 PM"}
{"name":"Scavenger beast","level":0,"killCount":-1,"type":"NPC","drops":[{"name":"Bones","id":526,"quantity":1,"price":84}],"date":"Feb 25, 2024, 8:45:48 PM"}
{"name":"Scavenger beast","level":0,"killCount":-1,"type":"NPC","drops":[{"name":"Bones","id":526,"quantity":1,"price":84}],"date":"Feb 25, 2024, 9:24:46 PM"}
{"name":"Scavenger beast","level":0,"killCount":-1,"type":"NPC","drops":[{"name":"Bones","id":526,"quantity":1,"price":84}],"date":"Feb 25, 2024, 9:28:28 PM"}
{"name":"Scavenger beast","level":0,"killCount":-1,"type":"NPC","drops":[{"name":"Bones","id":526,"quantity":1,"price":84}],"date":"Feb 25, 2024, 9:28:39 PM"}
{"name":"Scavenger beast","level":0,"killCount":-1,"type":"NPC","drops":[{"name":"Bones","id":526,"quantity":1,"price":84}],"date":"Feb 25, 2024, 9:28:50 PM"}
{"name":"Scavenger beast","level":0,"killCount":-1,"type":"NPC","drops":[{"name":"Bones","id":526,"quantity":1,"price":83}],"date":"Feb 26, 2024, 10:27:31 AM"}
{"name":"Scavenger beast","level":0,"killCount":-1,"type":"NPC","drops":[{"name":"Bones","id":526,"quantity":1,"price":83}],"date":"Feb 26, 2024, 10:27:38 AM"}
{"name":"Scavenger beast","level":0,"killCount":-1,"type":"NPC","drops":[{"name":"Bones","id":526,"quantity":1,"price":83}],"date":"Feb 26, 2024, 10:27:43 AM"}
{"name":"Scavenger beast","level":0,"killCount":-1,"type":"NPC","drops":[{"name":"Bones","id":526,"quantity":1,"price":83}],"date":"Feb 26, 2024, 10:27:50 AM"}
{"name":"Scavenger beast","level":0,"killCount":-1,"type":"NPC","drops":[{"name":"Bones","id":526,"quantity":1,"price":83}],"date":"Feb 26, 2024, 10:27:58 AM"}
{"name":"Scavenger beast","level":0,"killCount":-1,"type":"NPC","drops":[{"name":"Bones","id":526,"quantity":1,"price":83}],"date":"Feb 26, 2024, 10:28:02 AM"}
{"name":"Scavenger beast","level":0,"killCount":-1,"type":"NPC","drops":[{"name":"Bones","id":526,"quantity":1,"price":83}],"date":"Feb 26, 2024, 10:28:11 AM"}
{"name":"Scavenger beast","level":0,"killCount":-1,"type":"NPC","drops":[{"name":"Bones","id":526,"quantity":1,"price":83}],"date":"Feb 26, 2024, 10:28:21 AM"}
{"name":"Scavenger beast","level":0,"killCount":-1,"type":"NPC","drops":[{"name":"Bones","id":526,"quantity":1,"price":83}],"date":"Feb 26, 2024, 11:54:40 AM"}
{"name":"Scavenger beast","level":0,"killCount":-1,"type":"NPC","drops":[{"name":"Bones","id":526,"quantity":1,"price":83}],"date":"Feb 26, 2024, 11:54:46 AM"}
{"name":"Scavenger beast","level":0,"killCount":-1,"type":"NPC","drops":[{"name":"Bones","id":526,"quantity":1,"price":83}],"date":"Feb 26, 2024, 11:54:59 AM"}
{"name":"Scavenger beast","level":0,"killCount":-1,"type":"NPC","drops":[{"name":"Bones","id":526,"quantity":1,"price":83}],"date":"Feb 26, 2024, 11:55:05 AM"}
{"name":"Scavenger beast","level":0,"killCount":-1,"type":"NPC","drops":[{"name":"Bones","id":526,"quantity":1,"price":83}],"date":"Feb 26, 2024, 11:55:20 AM"}
{"name":"Scavenger beast","level":0,"killCount":-1,"type":"NPC","drops":[{"name":"Bones","id":526,"quantity":1,"price":83}],"date":"Feb 26, 2024, 11:55:29 AM"}
{"name":"Scavenger beast","level":0,"killCount":-1,"type":"NPC","drops":[{"name":"Bones","id":526,"quantity":1,"price":83}],"date":"Feb 26, 2024, 11:55:52 AM"}
{"name":"Scavenger beast","level":0,"killCount":-1,"type":"NPC","drops":[{"name":"Bones","id":526,"quantity":1,"price":83}],"date":"Feb 26, 2024, 1:04:29 PM"}
{"name":"Scavenger beast","level":0,"killCount":-1,"type":"NPC","drops":[{"name":"Bones","id":526,"quantity":1,"price":83}],"date":"Feb 26, 2024, 1:04:38 PM"}
{"name":"Scavenger beast","level":0,"killCount":-1,"type":"NPC","drops":[{"name":"Bones","id":526,"quantity":1,"price":83}],"date":"Feb 26, 2024, 1:37:42 PM"}
{"name":"Scavenger beast","level":0,"killCount":-1,"type":"NPC","drops":[{"name":"Bones","id":526,"quantity":1,"price":83}],"date":"Feb 26, 2024, 1:37:52 PM"}
{"name":"Scavenger beast","level":0,"killCount":-1,"type":"NPC","drops":[{"name":"Bones","id":526,"quantity":1,"price":83}],"date":"Feb 26, 2024, 1:38:02 PM"}
{"name":"Scavenger beast","level":0,"killCount":-1,"type":"NPC","drops":[{"name":"Bones","id":526,"quantity":1,"price":83}],"date":"Feb 26, 2024, 1:38:10 PM"}
{"name":"Scavenger beast","level":0,"killCount":-1,"type":"NPC","drops":[{"name":"Bones","id":526,"quantity":1,"price":83}],"date":"Feb 26, 2024, 1:38:22 PM"}
{"name":"Scavenger beast","level":0,"killCount":-1,"type":"NPC","drops":[{"name":"Bones","id":526,"quantity":1,"price":83}],"date":"Feb 26, 2024, 1:38:27 PM"}
{"name":"Scavenger beast","level":0,"killCount":-1,"type":"NPC","drops":[{"name":"Bones","id":526,"quantity":1,"price":83}],"date":"Feb 26, 2024, 1:38:37 PM"}
{"name":"Scavenger beast","level":0,"killCount":-1,"type":"NPC","drops":[{"name":"Bones","id":526,"quantity":1,"price":83}],"date":"Feb 26, 2024, 3:45:00 PM"}
{"name":"Scavenger beast","level":0,"killCount":-1,"type":"NPC","drops":[{"name":"Bones","id":526,"quantity":1,"price":83}],"date":"Feb 26, 2024, 3:45:10 PM"}
{"name":"Scavenger beast","level":0,"killCount":-1,"type":"NPC","drops":[{"name":"Bones","id":526,"quantity":1,"price":83}],"date":"Feb 26, 2024, 3:45:18 PM"}
{"name":"Scavenger beast","level":0,"killCount":-1,"type":"NPC","drops":[{"name":"Bones","id":526,"quantity":1,"price":83}],"date":"Feb 26, 2024, 3:45:33 PM"}
{"name":"Scavenger beast","level":0,"killCount":-1,"type":"NPC","drops":[{"name":"Bones","id":526,"quantity":1,"price":83}],"date":"Feb 26, 2024, 4:41:24 PM"}
{"name":"Scavenger beast","level":0,"killCount":-1,"type":"NPC","drops":[{"name":"Bones","id":526,"quantity":1,"price":83}],"date":"Feb 26, 2024, 4:41:31 PM"}
{"name":"Scavenger beast","level":0,"killCount":-1,"type":"NPC","drops":[{"name":"Bones","id":526,"quantity":1,"price":83}],"date":"Feb 26, 2024, 6:56:29 PM"}
{"name":"Scavenger beast","level":0,"killCount":-1,"type":"NPC","drops":[{"name":"Bones","id":526,"quantity":1,"price":84}],"date":"Feb 26, 2024, 9:55:40 PM"}
{"name":"Scavenger beast","level":0,"killCount":-1,"type":"NPC","drops":[{"name":"Bones","id":526,"quantity":1,"price":84}],"date":"Feb 26, 2024, 9:55:47 PM"}
{"name":"Scavenger beast","level":0,"killCount":-1,"type":"NPC","drops":[{"name":"Bones","id":526,"quantity":1,"price":84}],"date":"Feb 26, 2024, 9:55:55 PM"}
{"name":"Scavenger beast","level":0,"killCount":-1,"type":"NPC","drops":[{"name":"Bones","id":526,"quantity":1,"price":84}],"date":"Feb 26, 2024, 10:30:04 PM"}
{"name":"Scavenger beast","level":0,"killCount":-1,"type":"NPC","drops":[{"name":"Bones","id":526,"quantity":1,"price":84}],"date":"Feb 26, 2024, 10:40:26 PM"}
{"name":"Scavenger beast","level":0,"killCount":-1,"type":"NPC","drops":[{"name":"Bones","id":526,"quantity":1,"price":84}],"date":"Feb 27, 2024, 8:26:42 PM"}
{"name":"Scavenger beast","level":0,"killCount":-1,"type":"NPC","drops":[{"name":"Bones","id":526,"quantity":1,"price":84}],"date":"Feb 27, 2024, 8:26:52 PM"}
{"name":"Scavenger beast","level":0,"killCount":-1,"type":"NPC","drops":[{"name":"Bones","id":526,"quantity":1,"price":84}],"date":"Feb 27, 2024, 8:26:59 PM"}
{"name":"Scavenger beast","level":0,"killCount":-1,"type":"NPC","drops":[{"name":"Bones","id":526,"quantity":1,"price":84}],"date":"Feb 27, 2024, 8:27:05 PM"}
{"name":"Scavenger beast","level":0,"killCount":-1,"type":"NPC","drops":[{"name":"Bones","id":526,"quantity":1,"price":84}],"date":"Feb 27, 2024, 8:34:02 PM"}
{"name":"Scavenger beast","level":0,"killCount":-1,"type":"NPC","drops":[{"name":"Bones","id":526,"quantity":1,"price":84}],"date":"Feb 27, 2024, 8:34:19 PM"}
{"name":"Scavenger beast","level":0,"killCount":-1,"type":"NPC","drops":[{"name":"Bones","id":526,"quantity":1,"price":84}],"date":"Feb 27, 2024, 8:34:28 PM"}
{"name":"Scavenger beast","level":0,"killCount":-1,"type":"NPC","drops":[{"name":"Bones","id":526,"quantity":1,"price":84}],"date":"Feb 27, 2024, 10:41:04 PM"}
{"name":"Scavenger beast","level":0,"killCount":-1,"type":"NPC","drops":[{"name":"Bones","id":526,"quantity":1,"price":84}],"date":"Feb 27, 2024, 11:30:58 PM"}
{"name":"Scavenger beast","level":0,"killCount":-1,"type":"NPC","drops":[{"name":"Bones","id":526,"quantity":1,"price":84}],"date":"Feb 27, 2024, 11:34:02 PM"}
{"name":"Scavenger beast","level":0,"killCount":-1,"type":"NPC","drops":[{"name":"Bones","id":526,"quantity":1,"price":84}],"date":"Feb 27, 2024, 11:34:10 PM"}
{"name":"Scavenger beast","level":0,"killCount":-1,"type":"NPC","drops":[{"name":"Bones","id":526,"quantity":1,"price":84}],"date":"Feb 27, 2024, 11:34:18 PM"}
{"name":"Scavenger beast","level":0,"killCount":-1,"type":"NPC","drops":[{"name":"Bones","id":526,"quantity":1,"price":84}],"date":"Feb 27, 2024, 11:34:27 PM"}
{"name":"Scavenger beast","level":0,"killCount":-1,"type":"NPC","drops":[{"name":"Bones","id":526,"quantity":1,"price":84}],"date":"Feb 27, 2024, 11:34:40 PM"}
{"name":"Scavenger beast","level":0,"killCount":-1,"type":"NPC","drops":[{"name":"Bones","id":526,"quantity":1,"price":83}],"date":"Feb 29, 2024, 5:01:41 PM"}
{"name":"Scavenger beast","level":0,"killCount":-1,"type":"NPC","drops":[{"name":"Bones","id":526,"quantity":1,"price":83}],"date":"Feb 29, 2024, 6:36:50 PM"}
{"name":"Scavenger beast","level":0,"killCount":-1,"type":"NPC","drops":[{"name":"Bones","id":526,"quantity":1,"price":83}],"date":"Feb 29, 2024, 6:37:02 PM"}
{"name":"Scavenger beast","level":0,"killCount":-1,"type":"NPC","drops":[{"name":"Bones","id":526,"quantity":1,"price":83}],"date":"Feb 29, 2024, 6:37:11 PM"}
{"name":"Scavenger beast","level":0,"killCount":-1,"type":"NPC","drops":[{"name":"Bones","id":526,"quantity":1,"price":83}],"date":"Feb 29, 2024, 6:37:18 PM"}
{"name":"Scavenger beast","level":0,"killCount":-1,"type":"NPC","drops":[{"name":"Bones","id":526,"quantity":1,"price":83}],"date":"Feb 29, 2024, 6:37:29 PM"}
{"name":"Scavenger beast","level":0,"killCount":-1,"type":"NPC","drops":[{"name":"Bones","id":526,"quantity":1,"price":84}],"date":"Mar 2, 2024, 9:25:32 AM"}
{"name":"Scavenger beast","level":0,"killCount":-1,"type":"NPC","drops":[{"name":"Bones","id":526,"quantity":1,"price":84}],"date":"Mar 2, 2024, 9:25:45 AM"}
{"name":"Scavenger beast","level":0,"killCount":-1,"type":"NPC","drops":[{"name":"Bones","id":526,"quantity":1,"price":84}],"date":"Mar 2, 2024, 10:09:39 AM"}
{"name":"Scavenger beast","level":0,"killCount":-1,"type":"NPC","drops":[{"name":"Bones","id":526,"quantity":1,"price":86}],"date":"Mar 3, 2024, 6:21:11 PM"}
{"name":"Scavenger beast","level":0,"killCount":-1,"type":"NPC","drops":[{"name":"Bones","id":526,"quantity":1,"price":86}],"date":"Mar 3, 2024, 6:21:23 PM"}
{"name":"Scavenger beast","level":0,"killCount":-1,"type":"NPC","drops":[{"name":"Bones","id":526,"quantity":1,"price":86}],"date":"Mar 3, 2024, 6:21:29 PM"}
{"name":"Scavenger beast","level":0,"killCount":-1,"type":"NPC","drops":[{"name":"Bones","id":526,"quantity":1,"price":86}],"date":"Mar 3, 2024, 6:22:01 PM"}
{"name":"Scavenger beast","level":0,"killCount":-1,"type":"NPC","drops":[{"name":"Bones","id":526,"quantity":1,"price":86}],"date":"Mar 3, 2024, 6:22:13 PM"}
{"name":"Scavenger beast","level":0,"killCount":-1,"type":"NPC","drops":[{"name":"Bones","id":526,"quantity":1,"price":86}],"date":"Mar 3, 2024, 6:22:22 PM"}
{"name":"Scavenger beast","level":0,"killCount":-1,"type":"NPC","drops":[{"name":"Bones","id":526,"quantity":1,"price":86}],"date":"Mar 3, 2024, 6:22:31 PM"}
{"name":"Scavenger beast","level":0,"killCount":-1,"type":"NPC","drops":[{"name":"Bones","id":526,"quantity":1,"price":88}],"date":"Mar 4, 2024, 12:33:00 PM"}
{"name":"Scavenger beast","level":0,"killCount":-1,"type":"NPC","drops":[{"name":"Bones","id":526,"quantity":1,"price":88}],"date":"Mar 4, 2024, 1:14:29 PM"}
{"name":"Scavenger beast","level":0,"killCount":-1,"type":"NPC","drops":[{"name":"Bones","id":526,"quantity":1,"price":88}],"date":"Mar 4, 2024, 2:45:46 PM"}
{"name":"Scavenger beast","level":0,"killCount":-1,"type":"NPC","drops":[{"name":"Bones","id":526,"quantity":1,"price":88}],"date":"Mar 4, 2024, 2:45:58 PM"}
{"name":"Scavenger beast","level":0,"killCount":-1,"type":"NPC","drops":[{"name":"Bones","id":526,"quantity":1,"price":88}],"date":"Mar 4, 2024, 2:46:09 PM"}
{"name":"Scavenger beast","level":0,"killCount":-1,"type":"NPC","drops":[{"name":"Bones","id":526,"quantity":1,"price":88}],"date":"Mar 4, 2024, 2:46:21 PM"}
{"name":"Scavenger beast","level":0,"killCount":-1,"type":"NPC","drops":[{"name":"Bones","id":526,"quantity":1,"price":88}],"date":"Mar 4, 2024, 3:17:32 PM"}
{"name":"Scavenger beast","level":0,"killCount":-1,"type":"NPC","drops":[{"name":"Bones","id":526,"quantity":1,"price":88}],"date":"Mar 4, 2024, 10:10:37 PM"}
{"name":"Scavenger beast","level":0,"killCount":-1,"type":"NPC","drops":[{"name":"Bones","id":526,"quantity":1,"price":88}],"date":"Mar 4, 2024, 10:10:52 PM"}
{"name":"Scavenger beast","level":0,"killCount":-1,"type":"NPC","drops":[{"name":"Bones","id":526,"quantity":1,"price":88}],"date":"Mar 4, 2024, 10:11:20 PM"}
{"name":"Scavenger beast","level":0,"killCount":-1,"type":"NPC","drops":[{"name":"Bones","id":526,"quantity":1,"price":88}],"date":"Mar 4, 2024, 10:11:34 PM"}
{"name":"Scavenger beast","level":0,"killCount":-1,"type":"NPC","drops":[{"name":"Bones","id":526,"quantity":1,"price":88}],"date":"Mar 4, 2024, 10:11:43 PM"}
{"name":"Scavenger beast","level":0,"killCount":-1,"type":"NPC","drops":[{"name":"Bones","id":526,"quantity":1,"price":88}],"date":"Mar 4, 2024, 10:53:53 PM"}
{"name":"Scavenger beast","level":0,"killCount":-1,"type":"NPC","drops":[{"name":"Bones","id":526,"quantity":1,"price":88}],"date":"Mar 4, 2024, 10:53:59 PM"}
{"name":"Scavenger beast","level":0,"killCount":-1,"type":"NPC","drops":[{"name":"Bones","id":526,"quantity":1,"price":88}],"date":"Mar 4, 2024, 10:54:16 PM"}
{"name":"Scavenger beast","level":0,"killCount":-1,"type":"NPC","drops":[{"name":"Bones","id":526,"quantity":1,"price":88}],"date":"Mar 4, 2024, 10:55:28 PM"}
{"name":"Scavenger beast","level":0,"killCount":-1,"type":"NPC","drops":[{"name":"Bones","id":526,"quantity":1,"price":88}],"date":"Mar 5, 2024, 10:22:45 AM"}
{"name":"Scavenger beast","level":0,"killCount":-1,"type":"NPC","drops":[{"name":"Bones","id":526,"quantity":1,"price":88}],"date":"Mar 5, 2024, 5:27:18 PM"}
{"name":"Scavenger beast","level":0,"killCount":-1,"type":"NPC","drops":[{"name":"Bones","id":526,"quantity":1,"price":88}],"date":"Mar 5, 2024, 5:27:28 PM"}
{"name":"Scavenger beast","level":0,"killCount":-1,"type":"NPC","drops":[{"name":"Bones","id":526,"quantity":1,"price":88}],"date":"Mar 5, 2024, 5:27:36 PM"}
{"name":"Scavenger beast","level":0,"killCount":-1,"type":"NPC","drops":[{"name":"Bones","id":526,"quantity":1,"price":88}],"date":"Mar 5, 2024, 6:10:47 PM"}
{"name":"Scavenger beast","level":0,"killCount":-1,"type":"NPC","drops":[{"name":"Bones","id":526,"quantity":1,"price":88}],"date":"Mar 5, 2024, 6:10:55 PM"}
{"name":"Scavenger beast","level":0,"killCount":-1,"type":"NPC","drops":[{"name":"Bones","id":526,"quantity":1,"price":88}],"date":"Mar 5, 2024, 6:11:04 PM"}
{"name":"Scavenger beast","level":0,"killCount":-1,"type":"NPC","drops":[{"name":"Bones","id":526,"quantity":1,"price":88}],"date":"Mar 5, 2024, 6:11:13 PM"}
{"name":"Scavenger beast","level":0,"killCount":-1,"type":"NPC","drops":[{"name":"Bones","id":526,"quantity":1,"price":88}],"date":"Mar 5, 2024, 6:11:25 PM"}
{"name":"Scavenger beast","level":0,"killCount":-1,"type":"NPC","drops":[{"name":"Bones","id":526,"quantity":1,"price":88}],"date":"Mar 5, 2024, 7:07:31 PM"}
