{"name":"Scion","level":100,"killCount":-1,"type":"NPC","drops":[{"name":"Fiendish ashes","id":25766,"quantity":1,"price":136}],"date":"Oct 26, 2022, 4:18:19 PM"}
{"name":"Scion","level":100,"killCount":-1,"type":"NPC","drops":[{"name":"Fiendish ashes","id":25766,"quantity":1,"price":136}],"date":"Oct 26, 2022, 4:18:30 PM"}
{"name":"Scion","level":100,"killCount":-1,"type":"NPC","drops":[{"name":"Fiendish ashes","id":25766,"quantity":1,"price":157}],"date":"May 3, 2023, 8:34:53 PM"}
{"name":"Scion","level":100,"killCount":-1,"type":"NPC","drops":[{"name":"Fiendish ashes","id":25766,"quantity":1,"price":157}],"date":"May 3, 2023, 8:35:08 PM"}
{"name":"Scion","level":100,"killCount":-1,"type":"NPC","drops":[{"name":"Fiendish ashes","id":25766,"quantity":1,"price":163}],"date":"May 5, 2023, 11:45:44 AM"}
{"name":"Scion","level":100,"killCount":-1,"type":"NPC","drops":[{"name":"Fiendish ashes","id":25766,"quantity":1,"price":163}],"date":"May 5, 2023, 11:45:55 AM"}
{"name":"Scion","level":100,"killCount":-1,"type":"NPC","drops":[{"name":"Fiendish ashes","id":25766,"quantity":1,"price":163}],"date":"May 5, 2023, 11:49:39 AM"}
{"name":"Scion","level":100,"killCount":-1,"type":"NPC","drops":[{"name":"Fiendish ashes","id":25766,"quantity":1,"price":163}],"date":"May 5, 2023, 11:49:42 AM"}
{"name":"Scion","level":100,"killCount":-1,"type":"NPC","drops":[{"name":"Fiendish ashes","id":25766,"quantity":1,"price":150}],"date":"May 18, 2023, 10:31:27 PM"}
{"name":"Scion","level":100,"killCount":-1,"type":"NPC","drops":[{"name":"Fiendish ashes","id":25766,"quantity":1,"price":149}],"date":"May 19, 2023, 9:11:59 AM"}
{"name":"Scion","level":100,"killCount":-1,"type":"NPC","drops":[{"name":"Fiendish ashes","id":25766,"quantity":1,"price":149}],"date":"May 19, 2023, 9:14:35 AM"}
{"name":"Scion","level":100,"killCount":-1,"type":"NPC","drops":[{"name":"Fiendish ashes","id":25766,"quantity":1,"price":149}],"date":"May 19, 2023, 11:23:58 AM"}
{"name":"Scion","level":100,"killCount":-1,"type":"NPC","drops":[{"name":"Fiendish ashes","id":25766,"quantity":1,"price":149}],"date":"May 19, 2023, 3:12:24 PM"}
{"name":"Scion","level":100,"killCount":-1,"type":"NPC","drops":[{"name":"Fiendish ashes","id":25766,"quantity":1,"price":106}],"date":"Apr 17, 2024, 11:04:48 PM"}
{"name":"Scion","level":100,"killCount":-1,"type":"NPC","drops":[{"name":"Fiendish ashes","id":25766,"quantity":1,"price":106}],"date":"Apr 17, 2024, 11:08:06 PM"}
{"name":"Scion","level":100,"killCount":-1,"type":"NPC","drops":[{"name":"Fiendish ashes","id":25766,"quantity":1,"price":106}],"date":"Apr 17, 2024, 11:12:29 PM"}
{"name":"Scion","level":100,"killCount":-1,"type":"NPC","drops":[{"name":"Fiendish ashes","id":25766,"quantity":1,"price":106}],"date":"Apr 18, 2024, 8:13:08 AM"}
{"name":"Scion","level":100,"killCount":-1,"type":"NPC","drops":[{"name":"Fiendish ashes","id":25766,"quantity":1,"price":106}],"date":"Apr 18, 2024, 8:41:54 AM"}
{"name":"Scion","level":100,"killCount":-1,"type":"NPC","drops":[{"name":"Fiendish ashes","id":25766,"quantity":1,"price":106},{"name":"Fiendish ashes","id":25766,"quantity":1,"price":106}],"date":"Apr 24, 2024, 9:59:44 PM"}
{"name":"Scion","level":100,"killCount":-1,"type":"NPC","drops":[{"name":"Fiendish ashes","id":25766,"quantity":1,"price":106}],"date":"Apr 24, 2024, 9:59:45 PM"}
{"name":"Scion","level":100,"killCount":-1,"type":"NPC","drops":[{"name":"Fiendish ashes","id":25766,"quantity":1,"price":106}],"date":"Apr 24, 2024, 9:59:48 PM"}
{"name":"Scion","level":100,"killCount":-1,"type":"NPC","drops":[{"name":"Fiendish ashes","id":25766,"quantity":1,"price":106}],"date":"Apr 24, 2024, 9:59:50 PM"}
{"name":"Scion","level":100,"killCount":-1,"type":"NPC","drops":[{"name":"Fiendish ashes","id":25766,"quantity":1,"price":106}],"date":"Apr 24, 2024, 9:59:50 PM"}
{"name":"Scion","level":100,"killCount":-1,"type":"NPC","drops":[{"name":"Fiendish ashes","id":25766,"quantity":1,"price":106}],"date":"Apr 24, 2024, 9:59:53 PM"}
{"name":"Scion","level":100,"killCount":-1,"type":"NPC","drops":[{"name":"Fiendish ashes","id":25766,"quantity":1,"price":106}],"date":"Apr 24, 2024, 9:59:57 PM"}
{"name":"Scion","level":100,"killCount":-1,"type":"NPC","drops":[{"name":"Fiendish ashes","id":25766,"quantity":1,"price":106}],"date":"Apr 24, 2024, 10:00:01 PM"}
{"name":"Scion","level":100,"killCount":-1,"type":"NPC","drops":[{"name":"Fiendish ashes","id":25766,"quantity":1,"price":106}],"date":"Apr 24, 2024, 10:13:08 PM"}
{"name":"Scion","level":100,"killCount":-1,"type":"NPC","drops":[{"name":"Fiendish ashes","id":25766,"quantity":1,"price":106}],"date":"Apr 27, 2024, 3:32:47 PM"}
{"name":"Scion","level":100,"killCount":-1,"type":"NPC","drops":[{"name":"Fiendish ashes","id":25766,"quantity":1,"price":106}],"date":"Apr 27, 2024, 3:32:54 PM"}
{"name":"Scion","level":100,"killCount":-1,"type":"NPC","drops":[{"name":"Fiendish ashes","id":25766,"quantity":1,"price":106}],"date":"Apr 27, 2024, 3:32:54 PM"}
{"name":"Scion","level":100,"killCount":-1,"type":"NPC","drops":[{"name":"Fiendish ashes","id":25766,"quantity":1,"price":106}],"date":"Apr 27, 2024, 3:32:54 PM"}
{"name":"Scion","level":100,"killCount":-1,"type":"NPC","drops":[{"name":"Fiendish ashes","id":25766,"quantity":1,"price":106}],"date":"Apr 27, 2024, 3:32:57 PM"}
{"name":"Scion","level":100,"killCount":-1,"type":"NPC","drops":[{"name":"Fiendish ashes","id":25766,"quantity":1,"price":106}],"date":"Apr 27, 2024, 3:33:01 PM"}
{"name":"Scion","level":100,"killCount":-1,"type":"NPC","drops":[{"name":"Fiendish ashes","id":25766,"quantity":1,"price":106},{"name":"Fiendish ashes","id":25766,"quantity":1,"price":106}],"date":"Apr 27, 2024, 3:33:03 PM"}
{"name":"Scion","level":100,"killCount":-1,"type":"NPC","drops":[{"name":"Fiendish ashes","id":25766,"quantity":1,"price":106},{"name":"Fiendish ashes","id":25766,"quantity":1,"price":106}],"date":"Apr 27, 2024, 3:33:03 PM"}
{"name":"Scion","level":100,"killCount":-1,"type":"NPC","drops":[{"name":"Fiendish ashes","id":25766,"quantity":1,"price":106}],"date":"Apr 28, 2024, 9:48:14 AM"}
{"name":"Scion","level":100,"killCount":-1,"type":"NPC","drops":[{"name":"Fiendish ashes","id":25766,"quantity":1,"price":106}],"date":"Apr 28, 2024, 10:40:46 AM"}
{"name":"Scion","level":100,"killCount":-1,"type":"NPC","drops":[{"name":"Fiendish ashes","id":25766,"quantity":1,"price":106}],"date":"Apr 28, 2024, 5:14:50 PM"}
{"name":"Scion","level":100,"killCount":-1,"type":"NPC","drops":[{"name":"Fiendish ashes","id":25766,"quantity":1,"price":106}],"date":"Apr 28, 2024, 5:47:32 PM"}
{"name":"Scion","level":100,"killCount":-1,"type":"NPC","drops":[{"name":"Fiendish ashes","id":25766,"quantity":1,"price":106}],"date":"Apr 28, 2024, 5:59:46 PM"}
{"name":"Scion","level":100,"killCount":-1,"type":"NPC","drops":[{"name":"Fiendish ashes","id":25766,"quantity":1,"price":106}],"date":"Apr 28, 2024, 5:59:50 PM"}
{"name":"Scion","level":100,"killCount":-1,"type":"NPC","drops":[{"name":"Fiendish ashes","id":25766,"quantity":1,"price":106}],"date":"Apr 28, 2024, 6:02:49 PM"}
{"name":"Scion","level":100,"killCount":-1,"type":"NPC","drops":[{"name":"Fiendish ashes","id":25766,"quantity":1,"price":106}],"date":"Apr 28, 2024, 6:03:04 PM"}
{"name":"Scion","level":100,"killCount":-1,"type":"NPC","drops":[{"name":"Fiendish ashes","id":25766,"quantity":1,"price":106}],"date":"Apr 28, 2024, 6:47:01 PM"}
{"name":"Scion","level":100,"killCount":-1,"type":"NPC","drops":[{"name":"Fiendish ashes","id":25766,"quantity":1,"price":106}],"date":"Apr 28, 2024, 6:47:09 PM"}
{"name":"Scion","level":100,"killCount":-1,"type":"NPC","drops":[{"name":"Fiendish ashes","id":25766,"quantity":1,"price":106}],"date":"Apr 28, 2024, 6:47:21 PM"}
{"name":"Scion","level":100,"killCount":-1,"type":"NPC","drops":[{"name":"Fiendish ashes","id":25766,"quantity":1,"price":106}],"date":"Apr 28, 2024, 9:53:58 PM"}
{"name":"Scion","level":100,"killCount":-1,"type":"NPC","drops":[{"name":"Fiendish ashes","id":25766,"quantity":1,"price":106}],"date":"Apr 28, 2024, 10:53:29 PM"}
{"name":"Scion","level":100,"killCount":-1,"type":"NPC","drops":[{"name":"Fiendish ashes","id":25766,"quantity":1,"price":106},{"name":"Fiendish ashes","id":25766,"quantity":1,"price":106}],"date":"Apr 28, 2024, 11:29:58 PM"}
{"name":"Scion","level":100,"killCount":-1,"type":"NPC","drops":[{"name":"Fiendish ashes","id":25766,"quantity":1,"price":106},{"name":"Fiendish ashes","id":25766,"quantity":1,"price":106}],"date":"Apr 28, 2024, 11:29:58 PM"}
{"name":"Scion","level":100,"killCount":-1,"type":"NPC","drops":[{"name":"Fiendish ashes","id":25766,"quantity":1,"price":106}],"date":"Apr 28, 2024, 11:30:06 PM"}
{"name":"Scion","level":100,"killCount":-1,"type":"NPC","drops":[{"name":"Fiendish ashes","id":25766,"quantity":1,"price":106}],"date":"Apr 28, 2024, 11:30:09 PM"}
{"name":"Scion","level":100,"killCount":-1,"type":"NPC","drops":[{"name":"Fiendish ashes","id":25766,"quantity":1,"price":106}],"date":"Apr 28, 2024, 11:30:14 PM"}
{"name":"Scion","level":100,"killCount":-1,"type":"NPC","drops":[{"name":"Fiendish ashes","id":25766,"quantity":1,"price":106}],"date":"Apr 28, 2024, 11:30:14 PM"}
{"name":"Scion","level":100,"killCount":-1,"type":"NPC","drops":[{"name":"Fiendish ashes","id":25766,"quantity":1,"price":106}],"date":"Apr 28, 2024, 11:30:18 PM"}
{"name":"Scion","level":100,"killCount":-1,"type":"NPC","drops":[{"name":"Fiendish ashes","id":25766,"quantity":1,"price":106}],"date":"Apr 28, 2024, 11:30:18 PM"}
{"name":"Scion","level":100,"killCount":-1,"type":"NPC","drops":[{"name":"Fiendish ashes","id":25766,"quantity":1,"price":106}],"date":"Apr 28, 2024, 11:54:45 PM"}
{"name":"Scion","level":100,"killCount":-1,"type":"NPC","drops":[{"name":"Fiendish ashes","id":25766,"quantity":1,"price":106}],"date":"Apr 29, 2024, 10:03:47 AM"}
{"name":"Scion","level":100,"killCount":-1,"type":"NPC","drops":[{"name":"Fiendish ashes","id":25766,"quantity":1,"price":106}],"date":"Apr 29, 2024, 10:19:02 AM"}
{"name":"Scion","level":100,"killCount":-1,"type":"NPC","drops":[{"name":"Fiendish ashes","id":25766,"quantity":1,"price":121}],"date":"Oct 29, 2024, 8:49:16 PM"}
{"name":"Scion","level":100,"killCount":-1,"type":"NPC","drops":[{"name":"Fiendish ashes","id":25766,"quantity":1,"price":123}],"date":"Oct 30, 2024, 10:26:29 AM"}
{"name":"Scion","level":100,"killCount":-1,"type":"NPC","drops":[{"name":"Fiendish ashes","id":25766,"quantity":1,"price":123}],"date":"Oct 30, 2024, 11:50:23 AM"}
{"name":"Scion","level":100,"killCount":-1,"type":"NPC","drops":[{"name":"Fiendish ashes","id":25766,"quantity":1,"price":123}],"date":"Oct 30, 2024, 1:21:32 PM"}
{"name":"Scion","level":100,"killCount":-1,"type":"NPC","drops":[{"name":"Fiendish ashes","id":25766,"quantity":1,"price":123}],"date":"Oct 30, 2024, 3:31:41 PM"}
{"name":"Scion","level":100,"killCount":-1,"type":"NPC","drops":[{"name":"Fiendish ashes","id":25766,"quantity":1,"price":123}],"date":"Oct 30, 2024, 4:17:02 PM"}
{"name":"Scion","level":100,"killCount":-1,"type":"NPC","drops":[{"name":"Fiendish ashes","id":25766,"quantity":1,"price":123}],"date":"Oct 30, 2024, 4:57:17 PM"}
{"name":"Scion","level":100,"killCount":-1,"type":"NPC","drops":[{"name":"Fiendish ashes","id":25766,"quantity":1,"price":119}],"date":"Nov 1, 2024, 12:45:01 PM"}
{"name":"Scion","level":100,"killCount":-1,"type":"NPC","drops":[{"name":"Fiendish ashes","id":25766,"quantity":1,"price":119}],"date":"Nov 1, 2024, 12:59:03 PM"}
{"name":"Scion","level":100,"killCount":-1,"type":"NPC","drops":[{"name":"Fiendish ashes","id":25766,"quantity":1,"price":119}],"date":"Nov 1, 2024, 3:02:40 PM"}
{"name":"Scion","level":100,"killCount":-1,"type":"NPC","drops":[{"name":"Fiendish ashes","id":25766,"quantity":1,"price":136}],"date":"Jan 12, 2025, 4:32:53 PM"}
{"name":"Scion","level":100,"killCount":-1,"type":"NPC","drops":[{"name":"Fiendish ashes","id":25766,"quantity":1,"price":136}],"date":"Jan 13, 2025, 2:52:31 PM"}
{"name":"Scion","level":100,"killCount":-1,"type":"NPC","drops":[{"name":"Fiendish ashes","id":25766,"quantity":1,"price":140}],"date":"Jan 14, 2025, 11:08:26 AM"}
{"name":"Scion","level":100,"killCount":-1,"type":"NPC","drops":[{"name":"Fiendish ashes","id":25766,"quantity":1,"price":140}],"date":"Jan 14, 2025, 11:08:51 AM"}
