{"name":"Scorpia","level":225,"killCount":5,"type":"NPC","drops":[{"name":"Coins","id":995,"quantity":1874,"price":1}],"date":"May 25, 2022, 1:25:06 PM"}
{"name":"Scorpia","level":225,"killCount":6,"type":"NPC","drops":[{"name":"Rune warhammer","id":1347,"quantity":1,"price":24281}],"date":"May 25, 2022, 1:27:02 PM"}
{"name":"Scorpia","level":225,"killCount":7,"type":"NPC","drops":[{"name":"Shark","id":385,"quantity":1,"price":914}],"date":"May 25, 2022, 1:28:11 PM"}
{"name":"Scorpia","level":225,"killCount":8,"type":"NPC","drops":[{"name":"Anchovy pizza","id":2298,"quantity":8,"price":556}],"date":"May 25, 2023, 2:32:02 PM"}
{"name":"Scorpia","level":225,"killCount":9,"type":"NPC","drops":[{"name":"Prayer potion(4)","id":2434,"quantity":1,"price":8338}],"date":"May 25, 2023, 2:33:47 PM"}
{"name":"Scorpia","level":225,"killCount":10,"type":"NPC","drops":[{"name":"Coins","id":995,"quantity":1888,"price":1}],"date":"May 25, 2023, 2:35:11 PM"}
{"name":"Scorpia","level":225,"killCount":11,"type":"NPC","drops":[{"name":"Bucket of sand","id":1784,"quantity":25,"price":34}],"date":"May 25, 2023, 2:36:21 PM"}
{"name":"Scorpia","level":225,"killCount":12,"type":"NPC","drops":[{"name":"Prayer potion(4)","id":2434,"quantity":1,"price":8338}],"date":"May 25, 2023, 2:37:11 PM"}
{"name":"Scorpia","level":225,"killCount":13,"type":"NPC","drops":[{"name":"Rune 2h sword","id":1319,"quantity":1,"price":37975}],"date":"May 25, 2023, 2:38:08 PM"}
{"name":"Scorpia","level":225,"killCount":14,"type":"NPC","drops":[{"name":"Grimy kwuarm","id":214,"quantity":4,"price":2596}],"date":"May 25, 2023, 2:39:15 PM"}
{"name":"Scorpia","level":225,"killCount":15,"type":"NPC","drops":[{"name":"Cactus spine","id":6017,"quantity":10,"price":926}],"date":"May 25, 2023, 2:40:32 PM"}
{"name":"Scorpia","level":225,"killCount":16,"type":"NPC","drops":[{"name":"Cactus spine","id":6017,"quantity":10,"price":926}],"date":"May 25, 2023, 2:41:39 PM"}
{"name":"Scorpia","level":225,"killCount":17,"type":"NPC","drops":[{"name":"Tooth half of key","id":985,"quantity":1,"price":9741}],"date":"May 25, 2023, 2:43:03 PM"}
{"name":"Scorpia","level":225,"killCount":18,"type":"NPC","drops":[{"name":"Rune sword","id":1289,"quantity":1,"price":11985}],"date":"May 25, 2023, 2:44:06 PM"}
{"name":"Scorpia","level":225,"killCount":19,"type":"NPC","drops":[{"name":"Prayer potion(4)","id":2434,"quantity":1,"price":8338}],"date":"May 25, 2023, 2:45:03 PM"}
{"name":"Scorpia","level":225,"killCount":20,"type":"NPC","drops":[{"name":"Bucket of sand","id":1784,"quantity":25,"price":34}],"date":"May 25, 2023, 2:46:42 PM"}
{"name":"Scorpia","level":225,"killCount":21,"type":"NPC","drops":[{"name":"Rune spear","id":1247,"quantity":1,"price":11933}],"date":"May 25, 2023, 2:48:17 PM"}
{"name":"Scorpia","level":225,"killCount":22,"type":"NPC","drops":[{"name":"Admiral pie","id":7198,"quantity":1,"price":159},{"name":"Admiral pie","id":7198,"quantity":1,"price":159},{"name":"Admiral pie","id":7198,"quantity":1,"price":159}],"date":"May 25, 2023, 2:49:16 PM"}
{"name":"Scorpia","level":225,"killCount":23,"type":"NPC","drops":[{"name":"Cactus spine","id":6017,"quantity":10,"price":926}],"date":"May 25, 2023, 2:50:36 PM"}
{"name":"Scorpia","level":225,"killCount":24,"type":"NPC","drops":[{"name":"Phoenix necklace","id":11090,"quantity":1,"price":2220}],"date":"May 25, 2023, 2:55:54 PM"}
{"name":"Scorpia","level":225,"killCount":25,"type":"NPC","drops":[{"name":"Anchovy pizza","id":2298,"quantity":8,"price":556}],"date":"May 25, 2023, 2:57:41 PM"}
