{"name":"Scurrius","level":200,"killCount":1,"type":"NPC","drops":[{"name":"Raw rat meat","id":2134,"quantity":1,"price":104},{"name":"Big bones","id":532,"quantity":1,"price":253},{"name":"Lobster","id":379,"quantity":1,"price":169}],"date":"Jan 31, 2024, 10:36:22 AM"}
{"name":"Scurrius","level":200,"killCount":2,"type":"NPC","drops":[{"name":"Raw rat meat","id":2134,"quantity":1,"price":104},{"name":"Big bones","id":532,"quantity":1,"price":253},{"name":"Lobster","id":379,"quantity":1,"price":169}],"date":"Jan 31, 2024, 10:37:40 AM"}
{"name":"Scurrius","level":200,"killCount":3,"type":"NPC","drops":[{"name":"Raw rat meat","id":2134,"quantity":1,"price":104},{"name":"Big bones","id":532,"quantity":1,"price":253},{"name":"Rune arrow","id":892,"quantity":37,"price":82}],"date":"Jan 31, 2024, 10:39:06 AM"}
{"name":"Scurrius","level":200,"killCount":4,"type":"NPC","drops":[{"name":"Raw rat meat","id":2134,"quantity":1,"price":104},{"name":"Big bones","id":532,"quantity":1,"price":253},{"name":"Ranging potion(1)","id":173,"quantity":1,"price":885}],"date":"Jan 31, 2024, 10:40:27 AM"}
{"name":"Scurrius","level":200,"killCount":5,"type":"NPC","drops":[{"name":"Raw rat meat","id":2134,"quantity":1,"price":104},{"name":"Big bones","id":532,"quantity":1,"price":253},{"name":"Rune full helm","id":1163,"quantity":1,"price":20380}],"date":"Jan 31, 2024, 10:41:58 AM"}
{"name":"Scurrius","level":200,"killCount":6,"type":"NPC","drops":[{"name":"Clue scroll (medium)","id":12035,"quantity":1,"price":0},{"name":"Raw rat meat","id":2134,"quantity":1,"price":104},{"name":"Big bones","id":532,"quantity":1,"price":253},{"name":"Rune battleaxe","id":1373,"quantity":1,"price":24378}],"date":"Jan 31, 2024, 10:44:27 AM"}
{"name":"Scurrius","level":200,"killCount":7,"type":"NPC","drops":[{"name":"Raw rat meat","id":2134,"quantity":1,"price":104},{"name":"Big bones","id":532,"quantity":1,"price":253},{"name":"Trout","id":333,"quantity":1,"price":54},{"name":"Trout","id":333,"quantity":1,"price":54}],"date":"Jan 31, 2024, 10:45:33 AM"}
{"name":"Scurrius","level":200,"killCount":8,"type":"NPC","drops":[{"name":"Raw rat meat","id":2134,"quantity":1,"price":104},{"name":"Big bones","id":532,"quantity":1,"price":253},{"name":"Rune battleaxe","id":1373,"quantity":1,"price":24378}],"date":"Jan 31, 2024, 10:46:54 AM"}
{"name":"Scurrius","level":200,"killCount":9,"type":"NPC","drops":[{"name":"Raw rat meat","id":2134,"quantity":1,"price":104},{"name":"Big bones","id":532,"quantity":1,"price":253},{"name":"Rune full helm","id":1163,"quantity":1,"price":20380}],"date":"Jan 31, 2024, 10:48:51 AM"}
{"name":"Scurrius","level":200,"killCount":10,"type":"NPC","drops":[{"name":"Raw rat meat","id":2134,"quantity":1,"price":104},{"name":"Big bones","id":532,"quantity":1,"price":253},{"name":"Trout","id":333,"quantity":1,"price":54},{"name":"Trout","id":333,"quantity":1,"price":54},{"name":"Trout","id":333,"quantity":1,"price":54}],"date":"Jan 31, 2024, 10:50:11 AM"}
{"name":"Scurrius","level":200,"killCount":11,"type":"NPC","drops":[{"name":"Scurrius\u0027 spine","id":28798,"quantity":1,"price":0},{"name":"Raw rat meat","id":2134,"quantity":1,"price":104},{"name":"Big bones","id":532,"quantity":1,"price":253},{"name":"Ranging potion(1)","id":173,"quantity":1,"price":885}],"date":"Jan 31, 2024, 10:52:00 AM"}
{"name":"Scurrius","level":200,"killCount":12,"type":"NPC","drops":[{"name":"Raw rat meat","id":2134,"quantity":1,"price":104},{"name":"Big bones","id":532,"quantity":1,"price":253},{"name":"Adamant arrow","id":890,"quantity":30,"price":13}],"date":"Jan 31, 2024, 10:59:20 AM"}
{"name":"Scurrius","level":200,"killCount":13,"type":"NPC","drops":[{"name":"Scurrius\u0027 spine","id":28798,"quantity":1,"price":0},{"name":"Raw rat meat","id":2134,"quantity":1,"price":104},{"name":"Big bones","id":532,"quantity":1,"price":253},{"name":"Tuna","id":361,"quantity":1,"price":99},{"name":"Tuna","id":361,"quantity":1,"price":99},{"name":"Tuna","id":361,"quantity":1,"price":99}],"date":"Jan 31, 2024, 11:00:51 AM"}
{"name":"Scurrius","level":200,"killCount":14,"type":"NPC","drops":[{"name":"Raw rat meat","id":2134,"quantity":1,"price":104},{"name":"Big bones","id":532,"quantity":1,"price":253},{"name":"Chaos rune","id":562,"quantity":77,"price":109}],"date":"Jan 31, 2024, 11:02:27 AM"}
{"name":"Scurrius","level":200,"killCount":15,"type":"NPC","drops":[{"name":"Clue scroll (medium)","id":7296,"quantity":1,"price":0},{"name":"Raw rat meat","id":2134,"quantity":1,"price":62},{"name":"Big bones","id":532,"quantity":1,"price":346},{"name":"Rune full helm","id":1163,"quantity":1,"price":20651}],"date":"Feb 9, 2025, 10:30:59 PM"}
{"name":"Scurrius","level":200,"killCount":16,"type":"NPC","drops":[{"name":"Raw rat meat","id":2134,"quantity":1,"price":62},{"name":"Big bones","id":532,"quantity":1,"price":346},{"name":"Rune sq shield","id":1185,"quantity":1,"price":22609}],"date":"Feb 9, 2025, 10:32:30 PM"}
{"name":"Scurrius","level":200,"killCount":17,"type":"NPC","drops":[{"name":"Raw rat meat","id":2134,"quantity":1,"price":62},{"name":"Big bones","id":532,"quantity":1,"price":346},{"name":"Rune chainbody","id":1113,"quantity":1,"price":29545}],"date":"Feb 9, 2025, 10:33:43 PM"}
{"name":"Scurrius","level":200,"killCount":18,"type":"NPC","drops":[{"name":"Raw rat meat","id":2134,"quantity":1,"price":62},{"name":"Big bones","id":532,"quantity":1,"price":346},{"name":"Rune battleaxe","id":1373,"quantity":1,"price":24594}],"date":"Feb 9, 2025, 10:35:12 PM"}
{"name":"Scurrius","level":200,"killCount":19,"type":"NPC","drops":[{"name":"Raw rat meat","id":2134,"quantity":1,"price":62},{"name":"Big bones","id":532,"quantity":1,"price":346},{"name":"Adamant platebody","id":1123,"quantity":1,"price":9507}],"date":"Feb 9, 2025, 10:36:45 PM"}
{"name":"Scurrius","level":200,"killCount":20,"type":"NPC","drops":[{"name":"Raw rat meat","id":2134,"quantity":1,"price":62},{"name":"Big bones","id":532,"quantity":1,"price":346},{"name":"Chaos rune","id":562,"quantity":110,"price":94}],"date":"Feb 9, 2025, 10:37:53 PM"}
{"name":"Scurrius","level":200,"killCount":21,"type":"NPC","drops":[{"name":"Raw rat meat","id":2134,"quantity":1,"price":62},{"name":"Big bones","id":532,"quantity":1,"price":346},{"name":"Chaos rune","id":562,"quantity":89,"price":94}],"date":"Feb 9, 2025, 10:39:12 PM"}
{"name":"Scurrius","level":200,"killCount":22,"type":"NPC","drops":[{"name":"Clue scroll (medium)","id":2841,"quantity":1,"price":0},{"name":"Raw rat meat","id":2134,"quantity":1,"price":62},{"name":"Big bones","id":532,"quantity":1,"price":346},{"name":"Coins","id":995,"quantity":1573,"price":1}],"date":"Feb 9, 2025, 10:40:31 PM"}
{"name":"Scurrius","level":200,"killCount":23,"type":"NPC","drops":[{"name":"Raw rat meat","id":2134,"quantity":1,"price":62},{"name":"Big bones","id":532,"quantity":1,"price":346},{"name":"Rune med helm","id":1147,"quantity":1,"price":11166}],"date":"Feb 9, 2025, 10:45:06 PM"}
{"name":"Scurrius","level":200,"killCount":24,"type":"NPC","drops":[{"name":"Raw rat meat","id":2134,"quantity":1,"price":62},{"name":"Big bones","id":532,"quantity":1,"price":346},{"name":"Adamant arrow","id":890,"quantity":42,"price":13}],"date":"Feb 9, 2025, 10:46:25 PM"}
{"name":"Scurrius","level":200,"killCount":25,"type":"NPC","drops":[{"name":"Raw rat meat","id":2134,"quantity":1,"price":62},{"name":"Big bones","id":532,"quantity":1,"price":346},{"name":"Coins","id":995,"quantity":2659,"price":1}],"date":"Feb 9, 2025, 10:47:55 PM"}
{"name":"Scurrius","level":200,"killCount":26,"type":"NPC","drops":[{"name":"Raw rat meat","id":2134,"quantity":1,"price":62},{"name":"Big bones","id":532,"quantity":1,"price":346},{"name":"Rune arrow","id":892,"quantity":37,"price":61}],"date":"Feb 9, 2025, 10:49:17 PM"}
{"name":"Scurrius","level":200,"killCount":27,"type":"NPC","drops":[{"name":"Raw rat meat","id":2134,"quantity":1,"price":62},{"name":"Big bones","id":532,"quantity":1,"price":346},{"name":"Rune med helm","id":1147,"quantity":1,"price":11166}],"date":"Feb 9, 2025, 10:50:24 PM"}
{"name":"Scurrius","level":200,"killCount":28,"type":"NPC","drops":[{"name":"Raw rat meat","id":2134,"quantity":1,"price":62},{"name":"Big bones","id":532,"quantity":1,"price":346},{"name":"Lobster","id":379,"quantity":1,"price":159},{"name":"Lobster","id":379,"quantity":1,"price":159},{"name":"Lobster","id":379,"quantity":1,"price":159}],"date":"Feb 9, 2025, 10:51:49 PM"}
{"name":"Scurrius","level":200,"killCount":29,"type":"NPC","drops":[{"name":"Raw rat meat","id":2134,"quantity":1,"price":62},{"name":"Big bones","id":532,"quantity":1,"price":346},{"name":"Rune arrow","id":892,"quantity":45,"price":61}],"date":"Feb 9, 2025, 10:53:24 PM"}
{"name":"Scurrius","level":200,"killCount":30,"type":"NPC","drops":[{"name":"Raw rat meat","id":2134,"quantity":1,"price":62},{"name":"Big bones","id":532,"quantity":1,"price":346},{"name":"Rune full helm","id":1163,"quantity":1,"price":20651}],"date":"Feb 9, 2025, 10:54:55 PM"}
{"name":"Scurrius","level":200,"killCount":31,"type":"NPC","drops":[{"name":"Raw rat meat","id":2134,"quantity":1,"price":62},{"name":"Big bones","id":532,"quantity":1,"price":346},{"name":"Rune battleaxe","id":1373,"quantity":1,"price":24594}],"date":"Feb 9, 2025, 10:56:16 PM"}
{"name":"Scurrius","level":200,"killCount":32,"type":"NPC","drops":[{"name":"Raw rat meat","id":2134,"quantity":1,"price":62},{"name":"Big bones","id":532,"quantity":1,"price":346},{"name":"Rune full helm","id":1163,"quantity":1,"price":20651}],"date":"Feb 9, 2025, 10:57:28 PM"}
{"name":"Scurrius","level":200,"killCount":33,"type":"NPC","drops":[{"name":"Scurrius\u0027 spine","id":28798,"quantity":1,"price":0},{"name":"Raw rat meat","id":2134,"quantity":1,"price":62},{"name":"Big bones","id":532,"quantity":1,"price":346},{"name":"Super strength(1)","id":161,"quantity":1,"price":1183}],"date":"Feb 9, 2025, 10:59:00 PM"}
{"name":"Scurrius","level":200,"killCount":34,"type":"NPC","drops":[{"name":"Raw rat meat","id":2134,"quantity":1,"price":62},{"name":"Big bones","id":532,"quantity":1,"price":346},{"name":"Rune full helm","id":1163,"quantity":1,"price":20651}],"date":"Feb 9, 2025, 11:00:18 PM"}
