{"name":"Skeleton Hellhound","level":214,"killCount":-1,"type":"NPC","drops":[{"name":"Bones","id":526,"quantity":1,"price":75}],"date":"Dec 21, 2022, 3:35:04 PM"}
{"name":"Skeleton Hellhound","level":214,"killCount":-1,"type":"NPC","drops":[{"name":"Bones","id":526,"quantity":1,"price":75}],"date":"Dec 21, 2022, 3:35:41 PM"}
{"name":"Skeleton Hellhound","level":115,"killCount":-1,"type":"NPC","drops":[{"name":"Bones","id":526,"quantity":1,"price":57}],"date":"May 24, 2023, 10:46:39 PM"}
{"name":"Skeleton Hellhound","level":115,"killCount":-1,"type":"NPC","drops":[{"name":"Bones","id":526,"quantity":1,"price":57}],"date":"May 24, 2023, 10:46:43 PM"}
{"name":"Skeleton Hellhound","level":115,"killCount":-1,"type":"NPC","drops":[{"name":"Bones","id":526,"quantity":1,"price":57}],"date":"May 24, 2023, 10:48:58 PM"}
{"name":"Skeleton Hellhound","level":115,"killCount":-1,"type":"NPC","drops":[{"name":"Bones","id":526,"quantity":1,"price":57}],"date":"May 24, 2023, 10:49:02 PM"}
{"name":"Skeleton Hellhound","level":115,"killCount":-1,"type":"NPC","drops":[{"name":"Bones","id":526,"quantity":1,"price":57}],"date":"May 24, 2023, 10:50:51 PM"}
{"name":"Skeleton Hellhound","level":115,"killCount":-1,"type":"NPC","drops":[{"name":"Bones","id":526,"quantity":1,"price":57}],"date":"May 24, 2023, 10:50:53 PM"}
{"name":"Skeleton Hellhound","level":115,"killCount":-1,"type":"NPC","drops":[{"name":"Bones","id":526,"quantity":1,"price":57}],"date":"May 24, 2023, 10:52:57 PM"}
{"name":"Skeleton Hellhound","level":115,"killCount":-1,"type":"NPC","drops":[{"name":"Bones","id":526,"quantity":1,"price":57}],"date":"May 24, 2023, 10:53:13 PM"}
{"name":"Skeleton Hellhound","level":115,"killCount":-1,"type":"NPC","drops":[{"name":"Bones","id":526,"quantity":1,"price":57}],"date":"May 24, 2023, 10:58:23 PM"}
{"name":"Skeleton Hellhound","level":115,"killCount":-1,"type":"NPC","drops":[{"name":"Bones","id":526,"quantity":1,"price":57}],"date":"May 24, 2023, 10:58:27 PM"}
{"name":"Skeleton Hellhound","level":115,"killCount":-1,"type":"NPC","drops":[{"name":"Bones","id":526,"quantity":1,"price":57}],"date":"May 24, 2023, 11:00:19 PM"}
{"name":"Skeleton Hellhound","level":115,"killCount":-1,"type":"NPC","drops":[{"name":"Bones","id":526,"quantity":1,"price":57}],"date":"May 24, 2023, 11:00:23 PM"}
{"name":"Skeleton Hellhound","level":115,"killCount":-1,"type":"NPC","drops":[{"name":"Bones","id":526,"quantity":1,"price":57}],"date":"May 24, 2023, 11:02:08 PM"}
{"name":"Skeleton Hellhound","level":115,"killCount":-1,"type":"NPC","drops":[{"name":"Bones","id":526,"quantity":1,"price":57}],"date":"May 24, 2023, 11:02:10 PM"}
{"name":"Skeleton Hellhound","level":115,"killCount":-1,"type":"NPC","drops":[{"name":"Bones","id":526,"quantity":1,"price":57}],"date":"May 24, 2023, 11:04:32 PM"}
{"name":"Skeleton Hellhound","level":115,"killCount":-1,"type":"NPC","drops":[{"name":"Bones","id":526,"quantity":1,"price":57}],"date":"May 24, 2023, 11:04:36 PM"}
{"name":"Skeleton Hellhound","level":115,"killCount":-1,"type":"NPC","drops":[{"name":"Bones","id":526,"quantity":1,"price":57}],"date":"May 24, 2023, 11:06:17 PM"}
{"name":"Skeleton Hellhound","level":115,"killCount":-1,"type":"NPC","drops":[{"name":"Bones","id":526,"quantity":1,"price":57}],"date":"May 24, 2023, 11:06:19 PM"}
{"name":"Skeleton Hellhound","level":115,"killCount":-1,"type":"NPC","drops":[{"name":"Bones","id":526,"quantity":1,"price":57}],"date":"May 24, 2023, 11:08:00 PM"}
{"name":"Skeleton Hellhound","level":115,"killCount":-1,"type":"NPC","drops":[{"name":"Bones","id":526,"quantity":1,"price":57}],"date":"May 24, 2023, 11:08:09 PM"}
{"name":"Skeleton Hellhound","level":115,"killCount":-1,"type":"NPC","drops":[{"name":"Bones","id":526,"quantity":1,"price":57}],"date":"May 24, 2023, 11:09:54 PM"}
{"name":"Skeleton Hellhound","level":115,"killCount":-1,"type":"NPC","drops":[{"name":"Bones","id":526,"quantity":1,"price":57}],"date":"May 24, 2023, 11:10:00 PM"}
{"name":"Skeleton Hellhound","level":115,"killCount":-1,"type":"NPC","drops":[{"name":"Bones","id":526,"quantity":1,"price":57}],"date":"May 24, 2023, 11:11:26 PM"}
{"name":"Skeleton Hellhound","level":115,"killCount":-1,"type":"NPC","drops":[{"name":"Bones","id":526,"quantity":1,"price":57}],"date":"May 24, 2023, 11:11:30 PM"}
{"name":"Skeleton Hellhound","level":115,"killCount":-1,"type":"NPC","drops":[{"name":"Bones","id":526,"quantity":1,"price":57}],"date":"May 24, 2023, 11:13:33 PM"}
{"name":"Skeleton Hellhound","level":115,"killCount":-1,"type":"NPC","drops":[{"name":"Bones","id":526,"quantity":1,"price":57}],"date":"May 24, 2023, 11:13:41 PM"}
{"name":"Skeleton Hellhound","level":115,"killCount":-1,"type":"NPC","drops":[{"name":"Bones","id":526,"quantity":1,"price":57}],"date":"May 24, 2023, 11:15:30 PM"}
{"name":"Skeleton Hellhound","level":115,"killCount":-1,"type":"NPC","drops":[{"name":"Bones","id":526,"quantity":1,"price":57}],"date":"May 24, 2023, 11:15:36 PM"}
{"name":"Skeleton Hellhound","level":115,"killCount":-1,"type":"NPC","drops":[{"name":"Bones","id":526,"quantity":1,"price":57}],"date":"May 24, 2023, 11:17:19 PM"}
{"name":"Skeleton Hellhound","level":115,"killCount":-1,"type":"NPC","drops":[{"name":"Bones","id":526,"quantity":1,"price":57}],"date":"May 24, 2023, 11:17:24 PM"}
{"name":"Skeleton Hellhound","level":115,"killCount":-1,"type":"NPC","drops":[{"name":"Bones","id":526,"quantity":1,"price":57}],"date":"May 24, 2023, 11:18:58 PM"}
{"name":"Skeleton Hellhound","level":115,"killCount":-1,"type":"NPC","drops":[{"name":"Bones","id":526,"quantity":1,"price":57}],"date":"May 24, 2023, 11:19:01 PM"}
{"name":"Skeleton Hellhound","level":115,"killCount":-1,"type":"NPC","drops":[{"name":"Bones","id":526,"quantity":1,"price":57}],"date":"May 24, 2023, 11:21:02 PM"}
{"name":"Skeleton Hellhound","level":115,"killCount":-1,"type":"NPC","drops":[{"name":"Bones","id":526,"quantity":1,"price":57}],"date":"May 24, 2023, 11:21:09 PM"}
{"name":"Skeleton Hellhound","level":115,"killCount":-1,"type":"NPC","drops":[{"name":"Bones","id":526,"quantity":1,"price":57}],"date":"May 24, 2023, 11:32:34 PM"}
{"name":"Skeleton Hellhound","level":115,"killCount":-1,"type":"NPC","drops":[{"name":"Bones","id":526,"quantity":1,"price":57}],"date":"May 24, 2023, 11:32:50 PM"}
{"name":"Skeleton Hellhound","level":115,"killCount":-1,"type":"NPC","drops":[{"name":"Bones","id":526,"quantity":1,"price":57}],"date":"May 24, 2023, 11:34:57 PM"}
{"name":"Skeleton Hellhound","level":115,"killCount":-1,"type":"NPC","drops":[{"name":"Bones","id":526,"quantity":1,"price":57}],"date":"May 24, 2023, 11:35:05 PM"}
{"name":"Skeleton Hellhound","level":115,"killCount":-1,"type":"NPC","drops":[{"name":"Bones","id":526,"quantity":1,"price":112}],"date":"Oct 20, 2024, 11:35:53 PM"}
{"name":"Skeleton Hellhound","level":115,"killCount":-1,"type":"NPC","drops":[{"name":"Bones","id":526,"quantity":1,"price":112}],"date":"Oct 20, 2024, 11:35:57 PM"}
{"name":"Skeleton Hellhound","level":115,"killCount":-1,"type":"NPC","drops":[{"name":"Bones","id":526,"quantity":1,"price":112}],"date":"Oct 20, 2024, 11:38:09 PM"}
{"name":"Skeleton Hellhound","level":115,"killCount":-1,"type":"NPC","drops":[{"name":"Bones","id":526,"quantity":1,"price":112}],"date":"Oct 20, 2024, 11:38:20 PM"}
{"name":"Skeleton Hellhound","level":115,"killCount":-1,"type":"NPC","drops":[{"name":"Bones","id":526,"quantity":1,"price":112}],"date":"Oct 20, 2024, 11:40:15 PM"}
{"name":"Skeleton Hellhound","level":115,"killCount":-1,"type":"NPC","drops":[{"name":"Bones","id":526,"quantity":1,"price":112}],"date":"Oct 20, 2024, 11:40:22 PM"}
{"name":"Skeleton Hellhound","level":115,"killCount":-1,"type":"NPC","drops":[{"name":"Bones","id":526,"quantity":1,"price":112}],"date":"Oct 20, 2024, 11:41:25 PM"}
{"name":"Skeleton Hellhound","level":115,"killCount":-1,"type":"NPC","drops":[{"name":"Bones","id":526,"quantity":1,"price":112}],"date":"Oct 20, 2024, 11:41:28 PM"}
{"name":"Skeleton Hellhound","level":115,"killCount":-1,"type":"NPC","drops":[{"name":"Bones","id":526,"quantity":1,"price":112}],"date":"Oct 20, 2024, 11:43:08 PM"}
{"name":"Skeleton Hellhound","level":115,"killCount":-1,"type":"NPC","drops":[{"name":"Bones","id":526,"quantity":1,"price":112}],"date":"Oct 20, 2024, 11:43:11 PM"}
{"name":"Skeleton Hellhound","level":115,"killCount":-1,"type":"NPC","drops":[{"name":"Bones","id":526,"quantity":1,"price":112}],"date":"Oct 20, 2024, 11:44:40 PM"}
{"name":"Skeleton Hellhound","level":115,"killCount":-1,"type":"NPC","drops":[{"name":"Bones","id":526,"quantity":1,"price":112}],"date":"Oct 20, 2024, 11:44:45 PM"}
{"name":"Skeleton Hellhound","level":115,"killCount":-1,"type":"NPC","drops":[{"name":"Bones","id":526,"quantity":1,"price":112}],"date":"Oct 20, 2024, 11:46:21 PM"}
{"name":"Skeleton Hellhound","level":115,"killCount":-1,"type":"NPC","drops":[{"name":"Bones","id":526,"quantity":1,"price":112}],"date":"Oct 20, 2024, 11:46:24 PM"}
{"name":"Skeleton Hellhound","level":115,"killCount":-1,"type":"NPC","drops":[{"name":"Bones","id":526,"quantity":1,"price":112}],"date":"Oct 20, 2024, 11:48:03 PM"}
{"name":"Skeleton Hellhound","level":115,"killCount":-1,"type":"NPC","drops":[{"name":"Bones","id":526,"quantity":1,"price":112}],"date":"Oct 20, 2024, 11:48:11 PM"}
{"name":"Skeleton Hellhound","level":115,"killCount":-1,"type":"NPC","drops":[{"name":"Bones","id":526,"quantity":1,"price":112}],"date":"Oct 20, 2024, 11:51:39 PM"}
{"name":"Skeleton Hellhound","level":115,"killCount":-1,"type":"NPC","drops":[{"name":"Bones","id":526,"quantity":1,"price":112}],"date":"Oct 20, 2024, 11:51:42 PM"}
{"name":"Skeleton Hellhound","level":115,"killCount":-1,"type":"NPC","drops":[{"name":"Bones","id":526,"quantity":1,"price":112}],"date":"Oct 20, 2024, 11:53:10 PM"}
{"name":"Skeleton Hellhound","level":115,"killCount":-1,"type":"NPC","drops":[{"name":"Bones","id":526,"quantity":1,"price":112}],"date":"Oct 20, 2024, 11:53:21 PM"}
{"name":"Skeleton Hellhound","level":115,"killCount":-1,"type":"NPC","drops":[{"name":"Bones","id":526,"quantity":1,"price":112}],"date":"Oct 20, 2024, 11:54:52 PM"}
{"name":"Skeleton Hellhound","level":115,"killCount":-1,"type":"NPC","drops":[{"name":"Bones","id":526,"quantity":1,"price":112}],"date":"Oct 20, 2024, 11:54:55 PM"}
{"name":"Skeleton Hellhound","level":115,"killCount":-1,"type":"NPC","drops":[{"name":"Bones","id":526,"quantity":1,"price":112}],"date":"Oct 20, 2024, 11:56:31 PM"}
{"name":"Skeleton Hellhound","level":115,"killCount":-1,"type":"NPC","drops":[{"name":"Bones","id":526,"quantity":1,"price":112}],"date":"Oct 20, 2024, 11:56:34 PM"}
{"name":"Skeleton Hellhound","level":115,"killCount":-1,"type":"NPC","drops":[{"name":"Bones","id":526,"quantity":1,"price":112}],"date":"Oct 20, 2024, 11:58:20 PM"}
{"name":"Skeleton Hellhound","level":115,"killCount":-1,"type":"NPC","drops":[{"name":"Bones","id":526,"quantity":1,"price":112}],"date":"Oct 20, 2024, 11:58:23 PM"}
{"name":"Skeleton Hellhound","level":115,"killCount":-1,"type":"NPC","drops":[{"name":"Bones","id":526,"quantity":1,"price":112}],"date":"Oct 21, 2024, 12:00:10 AM"}
{"name":"Skeleton Hellhound","level":115,"killCount":-1,"type":"NPC","drops":[{"name":"Bones","id":526,"quantity":1,"price":112}],"date":"Oct 21, 2024, 12:00:17 AM"}
{"name":"Skeleton Hellhound","level":115,"killCount":-1,"type":"NPC","drops":[{"name":"Bones","id":526,"quantity":1,"price":112}],"date":"Oct 21, 2024, 12:02:04 AM"}
{"name":"Skeleton Hellhound","level":115,"killCount":-1,"type":"NPC","drops":[{"name":"Bones","id":526,"quantity":1,"price":112}],"date":"Oct 21, 2024, 12:02:06 AM"}
{"name":"Skeleton Hellhound","level":115,"killCount":-1,"type":"NPC","drops":[{"name":"Bones","id":526,"quantity":1,"price":112}],"date":"Oct 21, 2024, 12:04:24 AM"}
{"name":"Skeleton Hellhound","level":115,"killCount":-1,"type":"NPC","drops":[{"name":"Bones","id":526,"quantity":1,"price":112}],"date":"Oct 21, 2024, 12:04:33 AM"}
{"name":"Skeleton Hellhound","level":115,"killCount":-1,"type":"NPC","drops":[{"name":"Bones","id":526,"quantity":1,"price":112}],"date":"Oct 21, 2024, 12:06:08 AM"}
{"name":"Skeleton Hellhound","level":115,"killCount":-1,"type":"NPC","drops":[{"name":"Bones","id":526,"quantity":1,"price":112}],"date":"Oct 21, 2024, 12:06:13 AM"}
{"name":"Skeleton Hellhound","level":115,"killCount":-1,"type":"NPC","drops":[{"name":"Bones","id":526,"quantity":1,"price":112}],"date":"Oct 21, 2024, 12:07:40 AM"}
{"name":"Skeleton Hellhound","level":115,"killCount":-1,"type":"NPC","drops":[{"name":"Bones","id":526,"quantity":1,"price":112}],"date":"Oct 21, 2024, 12:07:47 AM"}
{"name":"Skeleton Hellhound","level":115,"killCount":-1,"type":"NPC","drops":[{"name":"Bones","id":526,"quantity":1,"price":112}],"date":"Oct 21, 2024, 12:09:15 AM"}
{"name":"Skeleton Hellhound","level":115,"killCount":-1,"type":"NPC","drops":[{"name":"Bones","id":526,"quantity":1,"price":112}],"date":"Oct 21, 2024, 12:09:32 AM"}
{"name":"Skeleton Hellhound","level":115,"killCount":-1,"type":"NPC","drops":[{"name":"Bones","id":526,"quantity":1,"price":112}],"date":"Oct 21, 2024, 12:11:05 AM"}
{"name":"Skeleton Hellhound","level":115,"killCount":-1,"type":"NPC","drops":[{"name":"Bones","id":526,"quantity":1,"price":112}],"date":"Oct 21, 2024, 12:11:08 AM"}
{"name":"Skeleton Hellhound","level":115,"killCount":-1,"type":"NPC","drops":[{"name":"Bones","id":526,"quantity":1,"price":112}],"date":"Oct 21, 2024, 12:12:36 AM"}
{"name":"Skeleton Hellhound","level":115,"killCount":-1,"type":"NPC","drops":[{"name":"Bones","id":526,"quantity":1,"price":112}],"date":"Oct 21, 2024, 12:12:39 AM"}
{"name":"Skeleton Hellhound","level":115,"killCount":-1,"type":"NPC","drops":[{"name":"Bones","id":526,"quantity":1,"price":112}],"date":"Oct 21, 2024, 12:13:54 AM"}
{"name":"Skeleton Hellhound","level":115,"killCount":-1,"type":"NPC","drops":[{"name":"Bones","id":526,"quantity":1,"price":112}],"date":"Oct 21, 2024, 12:14:03 AM"}
{"name":"Skeleton Hellhound","level":115,"killCount":-1,"type":"NPC","drops":[{"name":"Bones","id":526,"quantity":1,"price":112}],"date":"Oct 21, 2024, 12:16:01 AM"}
{"name":"Skeleton Hellhound","level":115,"killCount":-1,"type":"NPC","drops":[{"name":"Bones","id":526,"quantity":1,"price":112}],"date":"Oct 21, 2024, 12:16:03 AM"}
{"name":"Skeleton Hellhound","level":115,"killCount":-1,"type":"NPC","drops":[{"name":"Bones","id":526,"quantity":1,"price":112}],"date":"Oct 21, 2024, 12:17:24 AM"}
{"name":"Skeleton Hellhound","level":115,"killCount":-1,"type":"NPC","drops":[{"name":"Bones","id":526,"quantity":1,"price":112}],"date":"Oct 21, 2024, 12:17:32 AM"}
{"name":"Skeleton Hellhound","level":115,"killCount":-1,"type":"NPC","drops":[{"name":"Bones","id":526,"quantity":1,"price":112}],"date":"Oct 21, 2024, 12:19:22 AM"}
{"name":"Skeleton Hellhound","level":115,"killCount":-1,"type":"NPC","drops":[{"name":"Bones","id":526,"quantity":1,"price":112}],"date":"Oct 21, 2024, 12:19:41 AM"}
{"name":"Skeleton Hellhound","level":115,"killCount":-1,"type":"NPC","drops":[{"name":"Bones","id":526,"quantity":1,"price":112}],"date":"Oct 21, 2024, 12:21:17 AM"}
{"name":"Skeleton Hellhound","level":115,"killCount":-1,"type":"NPC","drops":[{"name":"Bones","id":526,"quantity":1,"price":112}],"date":"Oct 21, 2024, 12:21:24 AM"}
{"name":"Skeleton Hellhound","level":115,"killCount":-1,"type":"NPC","drops":[{"name":"Bones","id":526,"quantity":1,"price":112}],"date":"Oct 21, 2024, 12:22:47 AM"}
{"name":"Skeleton Hellhound","level":115,"killCount":-1,"type":"NPC","drops":[{"name":"Bones","id":526,"quantity":1,"price":112}],"date":"Oct 21, 2024, 12:22:50 AM"}
{"name":"Skeleton Hellhound","level":115,"killCount":-1,"type":"NPC","drops":[{"name":"Bones","id":526,"quantity":1,"price":112}],"date":"Oct 21, 2024, 12:24:21 AM"}
{"name":"Skeleton Hellhound","level":115,"killCount":-1,"type":"NPC","drops":[{"name":"Bones","id":526,"quantity":1,"price":112}],"date":"Oct 21, 2024, 12:24:33 AM"}
{"name":"Skeleton Hellhound","level":115,"killCount":-1,"type":"NPC","drops":[{"name":"Bones","id":526,"quantity":1,"price":112}],"date":"Oct 21, 2024, 12:25:55 AM"}
{"name":"Skeleton Hellhound","level":115,"killCount":-1,"type":"NPC","drops":[{"name":"Bones","id":526,"quantity":1,"price":112}],"date":"Oct 21, 2024, 12:25:58 AM"}
{"name":"Skeleton Hellhound","level":115,"killCount":-1,"type":"NPC","drops":[{"name":"Bones","id":526,"quantity":1,"price":112}],"date":"Oct 21, 2024, 12:27:27 AM"}
{"name":"Skeleton Hellhound","level":115,"killCount":-1,"type":"NPC","drops":[{"name":"Bones","id":526,"quantity":1,"price":112}],"date":"Oct 21, 2024, 12:27:32 AM"}
{"name":"Skeleton Hellhound","level":115,"killCount":-1,"type":"NPC","drops":[{"name":"Bones","id":526,"quantity":1,"price":112}],"date":"Oct 21, 2024, 12:29:08 AM"}
{"name":"Skeleton Hellhound","level":115,"killCount":-1,"type":"NPC","drops":[{"name":"Bones","id":526,"quantity":1,"price":112}],"date":"Oct 21, 2024, 12:29:11 AM"}
{"name":"Skeleton Hellhound","level":115,"killCount":-1,"type":"NPC","drops":[{"name":"Bones","id":526,"quantity":1,"price":112}],"date":"Oct 21, 2024, 12:30:29 AM"}
{"name":"Skeleton Hellhound","level":115,"killCount":-1,"type":"NPC","drops":[{"name":"Bones","id":526,"quantity":1,"price":112}],"date":"Oct 21, 2024, 12:30:32 AM"}
{"name":"Skeleton Hellhound","level":115,"killCount":-1,"type":"NPC","drops":[{"name":"Bones","id":526,"quantity":1,"price":112}],"date":"Oct 21, 2024, 12:37:57 AM"}
{"name":"Skeleton Hellhound","level":115,"killCount":-1,"type":"NPC","drops":[{"name":"Bones","id":526,"quantity":1,"price":112}],"date":"Oct 21, 2024, 12:38:01 AM"}
{"name":"Skeleton Hellhound","level":115,"killCount":-1,"type":"NPC","drops":[{"name":"Bones","id":526,"quantity":1,"price":112}],"date":"Oct 21, 2024, 12:39:32 AM"}
{"name":"Skeleton Hellhound","level":115,"killCount":-1,"type":"NPC","drops":[{"name":"Bones","id":526,"quantity":1,"price":112}],"date":"Oct 21, 2024, 12:39:37 AM"}
{"name":"Skeleton Hellhound","level":115,"killCount":-1,"type":"NPC","drops":[{"name":"Bones","id":526,"quantity":1,"price":112}],"date":"Oct 21, 2024, 12:40:56 AM"}
{"name":"Skeleton Hellhound","level":115,"killCount":-1,"type":"NPC","drops":[{"name":"Bones","id":526,"quantity":1,"price":112}],"date":"Oct 21, 2024, 12:41:11 AM"}
{"name":"Skeleton Hellhound","level":115,"killCount":-1,"type":"NPC","drops":[{"name":"Bones","id":526,"quantity":1,"price":112}],"date":"Oct 21, 2024, 12:42:32 AM"}
{"name":"Skeleton Hellhound","level":115,"killCount":-1,"type":"NPC","drops":[{"name":"Bones","id":526,"quantity":1,"price":112}],"date":"Oct 21, 2024, 12:42:41 AM"}
{"name":"Skeleton Hellhound","level":115,"killCount":-1,"type":"NPC","drops":[{"name":"Bones","id":526,"quantity":1,"price":112}],"date":"Oct 21, 2024, 12:44:23 AM"}
{"name":"Skeleton Hellhound","level":115,"killCount":-1,"type":"NPC","drops":[{"name":"Bones","id":526,"quantity":1,"price":112}],"date":"Oct 21, 2024, 12:44:31 AM"}
{"name":"Skeleton Hellhound","level":115,"killCount":-1,"type":"NPC","drops":[{"name":"Bones","id":526,"quantity":1,"price":112}],"date":"Oct 21, 2024, 12:46:07 AM"}
{"name":"Skeleton Hellhound","level":115,"killCount":-1,"type":"NPC","drops":[{"name":"Bones","id":526,"quantity":1,"price":112}],"date":"Oct 21, 2024, 12:46:17 AM"}
{"name":"Skeleton Hellhound","level":115,"killCount":-1,"type":"NPC","drops":[{"name":"Bones","id":526,"quantity":1,"price":112}],"date":"Oct 21, 2024, 12:47:50 AM"}
{"name":"Skeleton Hellhound","level":115,"killCount":-1,"type":"NPC","drops":[{"name":"Bones","id":526,"quantity":1,"price":112}],"date":"Oct 21, 2024, 12:47:59 AM"}
{"name":"Skeleton Hellhound","level":115,"killCount":-1,"type":"NPC","drops":[{"name":"Bones","id":526,"quantity":1,"price":112}],"date":"Oct 21, 2024, 12:49:47 AM"}
{"name":"Skeleton Hellhound","level":115,"killCount":-1,"type":"NPC","drops":[{"name":"Bones","id":526,"quantity":1,"price":112}],"date":"Oct 21, 2024, 12:49:49 AM"}
{"name":"Skeleton Hellhound","level":115,"killCount":-1,"type":"NPC","drops":[{"name":"Bones","id":526,"quantity":1,"price":112}],"date":"Oct 21, 2024, 12:51:16 AM"}
{"name":"Skeleton Hellhound","level":115,"killCount":-1,"type":"NPC","drops":[{"name":"Bones","id":526,"quantity":1,"price":112}],"date":"Oct 21, 2024, 12:51:22 AM"}
{"name":"Skeleton Hellhound","level":115,"killCount":-1,"type":"NPC","drops":[{"name":"Bones","id":526,"quantity":1,"price":112}],"date":"Oct 21, 2024, 12:52:59 AM"}
{"name":"Skeleton Hellhound","level":115,"killCount":-1,"type":"NPC","drops":[{"name":"Bones","id":526,"quantity":1,"price":112}],"date":"Oct 21, 2024, 12:53:11 AM"}
{"name":"Skeleton Hellhound","level":115,"killCount":-1,"type":"NPC","drops":[{"name":"Bones","id":526,"quantity":1,"price":112}],"date":"Oct 21, 2024, 12:54:35 AM"}
{"name":"Skeleton Hellhound","level":115,"killCount":-1,"type":"NPC","drops":[{"name":"Bones","id":526,"quantity":1,"price":112}],"date":"Oct 21, 2024, 12:54:41 AM"}
{"name":"Skeleton Hellhound","level":115,"killCount":-1,"type":"NPC","drops":[{"name":"Bones","id":526,"quantity":1,"price":112}],"date":"Oct 21, 2024, 12:56:10 AM"}
{"name":"Skeleton Hellhound","level":115,"killCount":-1,"type":"NPC","drops":[{"name":"Bones","id":526,"quantity":1,"price":112}],"date":"Oct 21, 2024, 12:56:22 AM"}
{"name":"Skeleton Hellhound","level":115,"killCount":-1,"type":"NPC","drops":[{"name":"Bones","id":526,"quantity":1,"price":112}],"date":"Oct 21, 2024, 12:59:02 AM"}
{"name":"Skeleton Hellhound","level":115,"killCount":-1,"type":"NPC","drops":[{"name":"Bones","id":526,"quantity":1,"price":112}],"date":"Oct 21, 2024, 12:59:06 AM"}
{"name":"Skeleton Hellhound","level":115,"killCount":-1,"type":"NPC","drops":[{"name":"Bones","id":526,"quantity":1,"price":112}],"date":"Oct 21, 2024, 1:00:17 AM"}
{"name":"Skeleton Hellhound","level":115,"killCount":-1,"type":"NPC","drops":[{"name":"Bones","id":526,"quantity":1,"price":112}],"date":"Oct 21, 2024, 1:00:21 AM"}
{"name":"Skeleton Hellhound","level":115,"killCount":-1,"type":"NPC","drops":[{"name":"Bones","id":526,"quantity":1,"price":112}],"date":"Oct 21, 2024, 1:01:57 AM"}
{"name":"Skeleton Hellhound","level":115,"killCount":-1,"type":"NPC","drops":[{"name":"Bones","id":526,"quantity":1,"price":112}],"date":"Oct 21, 2024, 1:02:03 AM"}
{"name":"Skeleton Hellhound","level":115,"killCount":-1,"type":"NPC","drops":[{"name":"Bones","id":526,"quantity":1,"price":112}],"date":"Oct 21, 2024, 1:03:33 AM"}
{"name":"Skeleton Hellhound","level":115,"killCount":-1,"type":"NPC","drops":[{"name":"Bones","id":526,"quantity":1,"price":112}],"date":"Oct 21, 2024, 1:03:35 AM"}
{"name":"Skeleton Hellhound","level":115,"killCount":-1,"type":"NPC","drops":[{"name":"Bones","id":526,"quantity":1,"price":112}],"date":"Oct 21, 2024, 1:05:05 AM"}
{"name":"Skeleton Hellhound","level":115,"killCount":-1,"type":"NPC","drops":[{"name":"Bones","id":526,"quantity":1,"price":112}],"date":"Oct 21, 2024, 1:05:08 AM"}
{"name":"Skeleton Hellhound","level":115,"killCount":-1,"type":"NPC","drops":[{"name":"Bones","id":526,"quantity":1,"price":112}],"date":"Oct 21, 2024, 1:06:23 AM"}
{"name":"Skeleton Hellhound","level":115,"killCount":-1,"type":"NPC","drops":[{"name":"Bones","id":526,"quantity":1,"price":112}],"date":"Oct 21, 2024, 1:06:28 AM"}
{"name":"Skeleton Hellhound","level":115,"killCount":-1,"type":"NPC","drops":[{"name":"Bones","id":526,"quantity":1,"price":112}],"date":"Oct 21, 2024, 1:08:16 AM"}
{"name":"Skeleton Hellhound","level":115,"killCount":-1,"type":"NPC","drops":[{"name":"Bones","id":526,"quantity":1,"price":112}],"date":"Oct 21, 2024, 1:08:24 AM"}
{"name":"Skeleton Hellhound","level":115,"killCount":-1,"type":"NPC","drops":[{"name":"Bones","id":526,"quantity":1,"price":112}],"date":"Oct 21, 2024, 1:09:40 AM"}
{"name":"Skeleton Hellhound","level":115,"killCount":-1,"type":"NPC","drops":[{"name":"Bones","id":526,"quantity":1,"price":112}],"date":"Oct 21, 2024, 1:09:43 AM"}
{"name":"Skeleton Hellhound","level":115,"killCount":-1,"type":"NPC","drops":[{"name":"Bones","id":526,"quantity":1,"price":112}],"date":"Oct 21, 2024, 1:11:19 AM"}
{"name":"Skeleton Hellhound","level":115,"killCount":-1,"type":"NPC","drops":[{"name":"Bones","id":526,"quantity":1,"price":112}],"date":"Oct 21, 2024, 1:11:25 AM"}
{"name":"Skeleton Hellhound","level":115,"killCount":-1,"type":"NPC","drops":[{"name":"Bones","id":526,"quantity":1,"price":112}],"date":"Oct 21, 2024, 1:12:45 AM"}
{"name":"Skeleton Hellhound","level":115,"killCount":-1,"type":"NPC","drops":[{"name":"Bones","id":526,"quantity":1,"price":112}],"date":"Oct 21, 2024, 1:12:51 AM"}
{"name":"Skeleton Hellhound","level":115,"killCount":-1,"type":"NPC","drops":[{"name":"Bones","id":526,"quantity":1,"price":112}],"date":"Oct 21, 2024, 1:14:42 AM"}
{"name":"Skeleton Hellhound","level":115,"killCount":-1,"type":"NPC","drops":[{"name":"Bones","id":526,"quantity":1,"price":112}],"date":"Oct 21, 2024, 1:14:50 AM"}
{"name":"Skeleton Hellhound","level":115,"killCount":-1,"type":"NPC","drops":[{"name":"Bones","id":526,"quantity":1,"price":112}],"date":"Oct 21, 2024, 1:16:17 AM"}
{"name":"Skeleton Hellhound","level":115,"killCount":-1,"type":"NPC","drops":[{"name":"Bones","id":526,"quantity":1,"price":112}],"date":"Oct 21, 2024, 1:16:27 AM"}
{"name":"Skeleton Hellhound","level":115,"killCount":-1,"type":"NPC","drops":[{"name":"Bones","id":526,"quantity":1,"price":112}],"date":"Oct 21, 2024, 1:20:01 AM"}
{"name":"Skeleton Hellhound","level":115,"killCount":-1,"type":"NPC","drops":[{"name":"Bones","id":526,"quantity":1,"price":112}],"date":"Oct 21, 2024, 1:20:11 AM"}
{"name":"Skeleton Hellhound","level":115,"killCount":-1,"type":"NPC","drops":[{"name":"Bones","id":526,"quantity":1,"price":112}],"date":"Oct 21, 2024, 1:21:22 AM"}
{"name":"Skeleton Hellhound","level":115,"killCount":-1,"type":"NPC","drops":[{"name":"Bones","id":526,"quantity":1,"price":112}],"date":"Oct 21, 2024, 1:21:28 AM"}
{"name":"Skeleton Hellhound","level":115,"killCount":-1,"type":"NPC","drops":[{"name":"Bones","id":526,"quantity":1,"price":112}],"date":"Oct 21, 2024, 1:22:54 AM"}
{"name":"Skeleton Hellhound","level":115,"killCount":-1,"type":"NPC","drops":[{"name":"Bones","id":526,"quantity":1,"price":112}],"date":"Oct 21, 2024, 1:22:58 AM"}
{"name":"Skeleton Hellhound","level":115,"killCount":-1,"type":"NPC","drops":[{"name":"Bones","id":526,"quantity":1,"price":112}],"date":"Oct 21, 2024, 1:24:32 AM"}
{"name":"Skeleton Hellhound","level":115,"killCount":-1,"type":"NPC","drops":[{"name":"Bones","id":526,"quantity":1,"price":112}],"date":"Oct 21, 2024, 1:24:35 AM"}
{"name":"Skeleton Hellhound","level":115,"killCount":-1,"type":"NPC","drops":[{"name":"Bones","id":526,"quantity":1,"price":112}],"date":"Oct 21, 2024, 1:25:40 AM"}
{"name":"Skeleton Hellhound","level":115,"killCount":-1,"type":"NPC","drops":[{"name":"Bones","id":526,"quantity":1,"price":112}],"date":"Oct 21, 2024, 1:25:46 AM"}
{"name":"Skeleton Hellhound","level":115,"killCount":-1,"type":"NPC","drops":[{"name":"Bones","id":526,"quantity":1,"price":112}],"date":"Oct 21, 2024, 1:29:12 AM"}
{"name":"Skeleton Hellhound","level":115,"killCount":-1,"type":"NPC","drops":[{"name":"Bones","id":526,"quantity":1,"price":112}],"date":"Oct 21, 2024, 1:29:23 AM"}
{"name":"Skeleton Hellhound","level":115,"killCount":-1,"type":"NPC","drops":[{"name":"Bones","id":526,"quantity":1,"price":112}],"date":"Oct 21, 2024, 1:30:51 AM"}
{"name":"Skeleton Hellhound","level":115,"killCount":-1,"type":"NPC","drops":[{"name":"Bones","id":526,"quantity":1,"price":112}],"date":"Oct 21, 2024, 1:31:02 AM"}
{"name":"Skeleton Hellhound","level":115,"killCount":-1,"type":"NPC","drops":[{"name":"Bones","id":526,"quantity":1,"price":112}],"date":"Oct 21, 2024, 1:32:10 AM"}
{"name":"Skeleton Hellhound","level":115,"killCount":-1,"type":"NPC","drops":[{"name":"Bones","id":526,"quantity":1,"price":112}],"date":"Oct 21, 2024, 1:32:13 AM"}
{"name":"Skeleton Hellhound","level":115,"killCount":-1,"type":"NPC","drops":[{"name":"Bones","id":526,"quantity":1,"price":112}],"date":"Oct 21, 2024, 1:33:48 AM"}
{"name":"Skeleton Hellhound","level":115,"killCount":-1,"type":"NPC","drops":[{"name":"Bones","id":526,"quantity":1,"price":112}],"date":"Oct 21, 2024, 1:33:56 AM"}
{"name":"Skeleton Hellhound","level":115,"killCount":-1,"type":"NPC","drops":[{"name":"Bones","id":526,"quantity":1,"price":112}],"date":"Oct 21, 2024, 1:35:18 AM"}
{"name":"Skeleton Hellhound","level":115,"killCount":-1,"type":"NPC","drops":[{"name":"Bones","id":526,"quantity":1,"price":112}],"date":"Oct 21, 2024, 1:35:24 AM"}
{"name":"Skeleton Hellhound","level":115,"killCount":-1,"type":"NPC","drops":[{"name":"Bones","id":526,"quantity":1,"price":112}],"date":"Oct 21, 2024, 1:37:05 AM"}
{"name":"Skeleton Hellhound","level":115,"killCount":-1,"type":"NPC","drops":[{"name":"Bones","id":526,"quantity":1,"price":112}],"date":"Oct 21, 2024, 1:37:12 AM"}
{"name":"Skeleton Hellhound","level":115,"killCount":-1,"type":"NPC","drops":[{"name":"Bones","id":526,"quantity":1,"price":112}],"date":"Oct 21, 2024, 1:38:29 AM"}
{"name":"Skeleton Hellhound","level":115,"killCount":-1,"type":"NPC","drops":[{"name":"Bones","id":526,"quantity":1,"price":112}],"date":"Oct 21, 2024, 1:38:38 AM"}
{"name":"Skeleton Hellhound","level":115,"killCount":-1,"type":"NPC","drops":[{"name":"Bones","id":526,"quantity":1,"price":112}],"date":"Oct 21, 2024, 1:39:59 AM"}
{"name":"Skeleton Hellhound","level":115,"killCount":-1,"type":"NPC","drops":[{"name":"Bones","id":526,"quantity":1,"price":112}],"date":"Oct 21, 2024, 1:40:03 AM"}
{"name":"Skeleton Hellhound","level":115,"killCount":-1,"type":"NPC","drops":[{"name":"Bones","id":526,"quantity":1,"price":112}],"date":"Oct 21, 2024, 1:41:33 AM"}
{"name":"Skeleton Hellhound","level":115,"killCount":-1,"type":"NPC","drops":[{"name":"Bones","id":526,"quantity":1,"price":112}],"date":"Oct 21, 2024, 1:41:39 AM"}
{"name":"Skeleton Hellhound","level":115,"killCount":-1,"type":"NPC","drops":[{"name":"Bones","id":526,"quantity":1,"price":112}],"date":"Oct 21, 2024, 1:43:06 AM"}
{"name":"Skeleton Hellhound","level":115,"killCount":-1,"type":"NPC","drops":[{"name":"Bones","id":526,"quantity":1,"price":112}],"date":"Oct 21, 2024, 1:43:17 AM"}
{"name":"Skeleton Hellhound","level":115,"killCount":-1,"type":"NPC","drops":[{"name":"Bones","id":526,"quantity":1,"price":112}],"date":"Oct 21, 2024, 1:44:41 AM"}
{"name":"Skeleton Hellhound","level":115,"killCount":-1,"type":"NPC","drops":[{"name":"Bones","id":526,"quantity":1,"price":112}],"date":"Oct 21, 2024, 1:44:44 AM"}
{"name":"Skeleton Hellhound","level":115,"killCount":-1,"type":"NPC","drops":[{"name":"Bones","id":526,"quantity":1,"price":112}],"date":"Oct 21, 2024, 1:45:54 AM"}
{"name":"Skeleton Hellhound","level":115,"killCount":-1,"type":"NPC","drops":[{"name":"Bones","id":526,"quantity":1,"price":112}],"date":"Oct 21, 2024, 1:46:00 AM"}
{"name":"Skeleton Hellhound","level":115,"killCount":-1,"type":"NPC","drops":[{"name":"Bones","id":526,"quantity":1,"price":112}],"date":"Oct 21, 2024, 1:47:25 AM"}
{"name":"Skeleton Hellhound","level":115,"killCount":-1,"type":"NPC","drops":[{"name":"Bones","id":526,"quantity":1,"price":112}],"date":"Oct 21, 2024, 1:47:32 AM"}
{"name":"Skeleton Hellhound","level":115,"killCount":-1,"type":"NPC","drops":[{"name":"Bones","id":526,"quantity":1,"price":112}],"date":"Oct 21, 2024, 1:49:05 AM"}
{"name":"Skeleton Hellhound","level":115,"killCount":-1,"type":"NPC","drops":[{"name":"Bones","id":526,"quantity":1,"price":112}],"date":"Oct 21, 2024, 1:49:11 AM"}
{"name":"Skeleton Hellhound","level":115,"killCount":-1,"type":"NPC","drops":[{"name":"Bones","id":526,"quantity":1,"price":112}],"date":"Oct 21, 2024, 1:50:41 AM"}
{"name":"Skeleton Hellhound","level":115,"killCount":-1,"type":"NPC","drops":[{"name":"Bones","id":526,"quantity":1,"price":112}],"date":"Oct 21, 2024, 1:50:51 AM"}
{"name":"Skeleton Hellhound","level":115,"killCount":-1,"type":"NPC","drops":[{"name":"Bones","id":526,"quantity":1,"price":112}],"date":"Oct 21, 2024, 1:52:14 AM"}
{"name":"Skeleton Hellhound","level":115,"killCount":-1,"type":"NPC","drops":[{"name":"Bones","id":526,"quantity":1,"price":112}],"date":"Oct 21, 2024, 1:52:20 AM"}
{"name":"Skeleton Hellhound","level":115,"killCount":-1,"type":"NPC","drops":[{"name":"Bones","id":526,"quantity":1,"price":112}],"date":"Oct 21, 2024, 1:54:06 AM"}
{"name":"Skeleton Hellhound","level":115,"killCount":-1,"type":"NPC","drops":[{"name":"Bones","id":526,"quantity":1,"price":112}],"date":"Oct 21, 2024, 1:54:19 AM"}
{"name":"Skeleton Hellhound","level":115,"killCount":-1,"type":"NPC","drops":[{"name":"Bones","id":526,"quantity":1,"price":112}],"date":"Oct 21, 2024, 1:55:26 AM"}
{"name":"Skeleton Hellhound","level":115,"killCount":-1,"type":"NPC","drops":[{"name":"Bones","id":526,"quantity":1,"price":112}],"date":"Oct 21, 2024, 1:55:32 AM"}
{"name":"Skeleton Hellhound","level":115,"killCount":-1,"type":"NPC","drops":[{"name":"Bones","id":526,"quantity":1,"price":112}],"date":"Oct 21, 2024, 1:56:53 AM"}
{"name":"Skeleton Hellhound","level":115,"killCount":-1,"type":"NPC","drops":[{"name":"Bones","id":526,"quantity":1,"price":112}],"date":"Oct 21, 2024, 1:57:08 AM"}
{"name":"Skeleton Hellhound","level":115,"killCount":-1,"type":"NPC","drops":[{"name":"Bones","id":526,"quantity":1,"price":112}],"date":"Oct 21, 2024, 1:58:34 AM"}
{"name":"Skeleton Hellhound","level":115,"killCount":-1,"type":"NPC","drops":[{"name":"Bones","id":526,"quantity":1,"price":112}],"date":"Oct 21, 2024, 1:58:40 AM"}
{"name":"Skeleton Hellhound","level":115,"killCount":-1,"type":"NPC","drops":[{"name":"Bones","id":526,"quantity":1,"price":112}],"date":"Oct 21, 2024, 2:00:22 AM"}
{"name":"Skeleton Hellhound","level":115,"killCount":-1,"type":"NPC","drops":[{"name":"Bones","id":526,"quantity":1,"price":112}],"date":"Oct 21, 2024, 2:00:26 AM"}
{"name":"Skeleton Hellhound","level":115,"killCount":-1,"type":"NPC","drops":[{"name":"Bones","id":526,"quantity":1,"price":112}],"date":"Oct 21, 2024, 2:01:58 AM"}
{"name":"Skeleton Hellhound","level":115,"killCount":-1,"type":"NPC","drops":[{"name":"Bones","id":526,"quantity":1,"price":112}],"date":"Oct 21, 2024, 2:02:07 AM"}
{"name":"Skeleton Hellhound","level":115,"killCount":-1,"type":"NPC","drops":[{"name":"Bones","id":526,"quantity":1,"price":112}],"date":"Oct 21, 2024, 2:03:40 AM"}
{"name":"Skeleton Hellhound","level":115,"killCount":-1,"type":"NPC","drops":[{"name":"Bones","id":526,"quantity":1,"price":112}],"date":"Oct 21, 2024, 2:03:46 AM"}
{"name":"Skeleton Hellhound","level":115,"killCount":-1,"type":"NPC","drops":[{"name":"Bones","id":526,"quantity":1,"price":112}],"date":"Oct 21, 2024, 2:05:34 AM"}
{"name":"Skeleton Hellhound","level":115,"killCount":-1,"type":"NPC","drops":[{"name":"Bones","id":526,"quantity":1,"price":112}],"date":"Oct 21, 2024, 2:05:40 AM"}
{"name":"Skeleton Hellhound","level":115,"killCount":-1,"type":"NPC","drops":[{"name":"Bones","id":526,"quantity":1,"price":112}],"date":"Oct 21, 2024, 2:07:10 AM"}
{"name":"Skeleton Hellhound","level":115,"killCount":-1,"type":"NPC","drops":[{"name":"Bones","id":526,"quantity":1,"price":112}],"date":"Oct 21, 2024, 2:07:13 AM"}
{"name":"Skeleton Hellhound","level":115,"killCount":-1,"type":"NPC","drops":[{"name":"Bones","id":526,"quantity":1,"price":117}],"date":"Nov 3, 2024, 5:45:10 PM"}
{"name":"Skeleton Hellhound","level":115,"killCount":-1,"type":"NPC","drops":[{"name":"Bones","id":526,"quantity":1,"price":117}],"date":"Nov 3, 2024, 5:45:16 PM"}
{"name":"Skeleton Hellhound","level":115,"killCount":-1,"type":"NPC","drops":[{"name":"Bones","id":526,"quantity":1,"price":117}],"date":"Nov 3, 2024, 5:47:02 PM"}
{"name":"Skeleton Hellhound","level":115,"killCount":-1,"type":"NPC","drops":[{"name":"Bones","id":526,"quantity":1,"price":117}],"date":"Nov 3, 2024, 5:47:08 PM"}
{"name":"Skeleton Hellhound","level":115,"killCount":-1,"type":"NPC","drops":[{"name":"Bones","id":526,"quantity":1,"price":117}],"date":"Nov 3, 2024, 5:48:47 PM"}
{"name":"Skeleton Hellhound","level":115,"killCount":-1,"type":"NPC","drops":[{"name":"Bones","id":526,"quantity":1,"price":117}],"date":"Nov 3, 2024, 5:48:56 PM"}
{"name":"Skeleton Hellhound","level":115,"killCount":-1,"type":"NPC","drops":[{"name":"Bones","id":526,"quantity":1,"price":117}],"date":"Nov 3, 2024, 5:50:21 PM"}
{"name":"Skeleton Hellhound","level":115,"killCount":-1,"type":"NPC","drops":[{"name":"Bones","id":526,"quantity":1,"price":117}],"date":"Nov 3, 2024, 5:50:28 PM"}
{"name":"Skeleton Hellhound","level":115,"killCount":-1,"type":"NPC","drops":[{"name":"Bones","id":526,"quantity":1,"price":117}],"date":"Nov 3, 2024, 5:52:23 PM"}
{"name":"Skeleton Hellhound","level":115,"killCount":-1,"type":"NPC","drops":[{"name":"Bones","id":526,"quantity":1,"price":117}],"date":"Nov 3, 2024, 5:52:29 PM"}
{"name":"Skeleton Hellhound","level":115,"killCount":-1,"type":"NPC","drops":[{"name":"Bones","id":526,"quantity":1,"price":117}],"date":"Nov 3, 2024, 5:54:02 PM"}
{"name":"Skeleton Hellhound","level":115,"killCount":-1,"type":"NPC","drops":[{"name":"Bones","id":526,"quantity":1,"price":117}],"date":"Nov 3, 2024, 5:54:11 PM"}
{"name":"Skeleton Hellhound","level":115,"killCount":-1,"type":"NPC","drops":[{"name":"Bones","id":526,"quantity":1,"price":117}],"date":"Nov 3, 2024, 5:55:46 PM"}
{"name":"Skeleton Hellhound","level":115,"killCount":-1,"type":"NPC","drops":[{"name":"Bones","id":526,"quantity":1,"price":117}],"date":"Nov 3, 2024, 5:55:54 PM"}
{"name":"Skeleton Hellhound","level":115,"killCount":-1,"type":"NPC","drops":[{"name":"Bones","id":526,"quantity":1,"price":117}],"date":"Nov 3, 2024, 5:57:35 PM"}
{"name":"Skeleton Hellhound","level":115,"killCount":-1,"type":"NPC","drops":[{"name":"Bones","id":526,"quantity":1,"price":117}],"date":"Nov 3, 2024, 5:57:39 PM"}
{"name":"Skeleton Hellhound","level":115,"killCount":-1,"type":"NPC","drops":[{"name":"Bones","id":526,"quantity":1,"price":117}],"date":"Nov 3, 2024, 5:59:14 PM"}
{"name":"Skeleton Hellhound","level":115,"killCount":-1,"type":"NPC","drops":[{"name":"Bones","id":526,"quantity":1,"price":117}],"date":"Nov 3, 2024, 5:59:22 PM"}
{"name":"Skeleton Hellhound","level":194,"killCount":-1,"type":"NPC","drops":[{"name":"Bones","id":526,"quantity":1,"price":117}],"date":"Nov 3, 2024, 6:18:36 PM"}
{"name":"Skeleton Hellhound","level":194,"killCount":-1,"type":"NPC","drops":[{"name":"Bones","id":526,"quantity":1,"price":117}],"date":"Nov 3, 2024, 6:20:49 PM"}
{"name":"Skeleton Hellhound","level":194,"killCount":-1,"type":"NPC","drops":[{"name":"Bones","id":526,"quantity":1,"price":117}],"date":"Nov 3, 2024, 6:22:28 PM"}
{"name":"Skeleton Hellhound","level":194,"killCount":-1,"type":"NPC","drops":[{"name":"Bones","id":526,"quantity":1,"price":117}],"date":"Nov 3, 2024, 6:33:23 PM"}
{"name":"Skeleton Hellhound","level":194,"killCount":-1,"type":"NPC","drops":[{"name":"Bones","id":526,"quantity":1,"price":117}],"date":"Nov 3, 2024, 6:35:06 PM"}
{"name":"Skeleton Hellhound","level":115,"killCount":-1,"type":"NPC","drops":[{"name":"Bones","id":526,"quantity":1,"price":117}],"date":"Nov 3, 2024, 6:39:01 PM"}
{"name":"Skeleton Hellhound","level":115,"killCount":-1,"type":"NPC","drops":[{"name":"Bones","id":526,"quantity":1,"price":117}],"date":"Nov 3, 2024, 6:39:07 PM"}
{"name":"Skeleton Hellhound","level":115,"killCount":-1,"type":"NPC","drops":[{"name":"Bones","id":526,"quantity":1,"price":117}],"date":"Nov 3, 2024, 6:40:26 PM"}
{"name":"Skeleton Hellhound","level":115,"killCount":-1,"type":"NPC","drops":[{"name":"Bones","id":526,"quantity":1,"price":117}],"date":"Nov 3, 2024, 6:40:37 PM"}
{"name":"Skeleton Hellhound","level":115,"killCount":-1,"type":"NPC","drops":[{"name":"Bones","id":526,"quantity":1,"price":117}],"date":"Nov 3, 2024, 6:42:17 PM"}
{"name":"Skeleton Hellhound","level":115,"killCount":-1,"type":"NPC","drops":[{"name":"Bones","id":526,"quantity":1,"price":117}],"date":"Nov 3, 2024, 6:42:30 PM"}
{"name":"Skeleton Hellhound","level":115,"killCount":-1,"type":"NPC","drops":[{"name":"Bones","id":526,"quantity":1,"price":117}],"date":"Nov 3, 2024, 6:44:16 PM"}
{"name":"Skeleton Hellhound","level":115,"killCount":-1,"type":"NPC","drops":[{"name":"Bones","id":526,"quantity":1,"price":117}],"date":"Nov 3, 2024, 6:44:27 PM"}
{"name":"Skeleton Hellhound","level":115,"killCount":-1,"type":"NPC","drops":[{"name":"Bones","id":526,"quantity":1,"price":117}],"date":"Nov 3, 2024, 6:47:22 PM"}
{"name":"Skeleton Hellhound","level":115,"killCount":-1,"type":"NPC","drops":[{"name":"Bones","id":526,"quantity":1,"price":117}],"date":"Nov 3, 2024, 6:47:26 PM"}
{"name":"Skeleton Hellhound","level":115,"killCount":-1,"type":"NPC","drops":[{"name":"Bones","id":526,"quantity":1,"price":117}],"date":"Nov 3, 2024, 6:49:04 PM"}
{"name":"Skeleton Hellhound","level":115,"killCount":-1,"type":"NPC","drops":[{"name":"Bones","id":526,"quantity":1,"price":117}],"date":"Nov 3, 2024, 6:49:07 PM"}
{"name":"Skeleton Hellhound","level":115,"killCount":-1,"type":"NPC","drops":[{"name":"Bones","id":526,"quantity":1,"price":117}],"date":"Nov 3, 2024, 6:50:40 PM"}
{"name":"Skeleton Hellhound","level":115,"killCount":-1,"type":"NPC","drops":[{"name":"Bones","id":526,"quantity":1,"price":117}],"date":"Nov 3, 2024, 6:50:49 PM"}
{"name":"Skeleton Hellhound","level":115,"killCount":-1,"type":"NPC","drops":[{"name":"Bones","id":526,"quantity":1,"price":117}],"date":"Nov 3, 2024, 6:51:56 PM"}
{"name":"Skeleton Hellhound","level":115,"killCount":-1,"type":"NPC","drops":[{"name":"Bones","id":526,"quantity":1,"price":117}],"date":"Nov 3, 2024, 6:52:11 PM"}
{"name":"Skeleton Hellhound","level":115,"killCount":-1,"type":"NPC","drops":[{"name":"Bones","id":526,"quantity":1,"price":117}],"date":"Nov 3, 2024, 6:54:06 PM"}
{"name":"Skeleton Hellhound","level":115,"killCount":-1,"type":"NPC","drops":[{"name":"Bones","id":526,"quantity":1,"price":117}],"date":"Nov 3, 2024, 6:54:19 PM"}
{"name":"Skeleton Hellhound","level":115,"killCount":-1,"type":"NPC","drops":[{"name":"Bones","id":526,"quantity":1,"price":117}],"date":"Nov 3, 2024, 6:55:59 PM"}
{"name":"Skeleton Hellhound","level":115,"killCount":-1,"type":"NPC","drops":[{"name":"Bones","id":526,"quantity":1,"price":117}],"date":"Nov 3, 2024, 6:56:14 PM"}
{"name":"Skeleton Hellhound","level":115,"killCount":-1,"type":"NPC","drops":[{"name":"Bones","id":526,"quantity":1,"price":66}],"date":"Jan 26, 2025, 5:19:40 PM"}
{"name":"Skeleton Hellhound","level":115,"killCount":-1,"type":"NPC","drops":[{"name":"Bones","id":526,"quantity":1,"price":66}],"date":"Jan 26, 2025, 5:19:50 PM"}
{"name":"Skeleton Hellhound","level":115,"killCount":-1,"type":"NPC","drops":[{"name":"Bones","id":526,"quantity":1,"price":66}],"date":"Jan 26, 2025, 5:42:15 PM"}
{"name":"Skeleton Hellhound","level":115,"killCount":-1,"type":"NPC","drops":[{"name":"Bones","id":526,"quantity":1,"price":66}],"date":"Jan 26, 2025, 5:42:27 PM"}
{"name":"Skeleton Hellhound","level":115,"killCount":-1,"type":"NPC","drops":[{"name":"Bones","id":526,"quantity":1,"price":66}],"date":"Jan 26, 2025, 5:44:09 PM"}
{"name":"Skeleton Hellhound","level":115,"killCount":-1,"type":"NPC","drops":[{"name":"Bones","id":526,"quantity":1,"price":66}],"date":"Jan 26, 2025, 5:44:12 PM"}
{"name":"Skeleton Hellhound","level":115,"killCount":-1,"type":"NPC","drops":[{"name":"Bones","id":526,"quantity":1,"price":66}],"date":"Jan 26, 2025, 5:45:25 PM"}
{"name":"Skeleton Hellhound","level":115,"killCount":-1,"type":"NPC","drops":[{"name":"Bones","id":526,"quantity":1,"price":66}],"date":"Jan 26, 2025, 5:45:33 PM"}
{"name":"Skeleton Hellhound","level":115,"killCount":-1,"type":"NPC","drops":[{"name":"Bones","id":526,"quantity":1,"price":66}],"date":"Jan 26, 2025, 5:47:16 PM"}
{"name":"Skeleton Hellhound","level":115,"killCount":-1,"type":"NPC","drops":[{"name":"Bones","id":526,"quantity":1,"price":66}],"date":"Jan 26, 2025, 5:47:22 PM"}
{"name":"Skeleton Hellhound","level":115,"killCount":-1,"type":"NPC","drops":[{"name":"Bones","id":526,"quantity":1,"price":66}],"date":"Jan 26, 2025, 5:49:15 PM"}
{"name":"Skeleton Hellhound","level":115,"killCount":-1,"type":"NPC","drops":[{"name":"Bones","id":526,"quantity":1,"price":66}],"date":"Jan 26, 2025, 5:49:19 PM"}
{"name":"Skeleton Hellhound","level":115,"killCount":-1,"type":"NPC","drops":[{"name":"Bones","id":526,"quantity":1,"price":66}],"date":"Jan 26, 2025, 5:50:41 PM"}
{"name":"Skeleton Hellhound","level":115,"killCount":-1,"type":"NPC","drops":[{"name":"Bones","id":526,"quantity":1,"price":66}],"date":"Jan 26, 2025, 5:50:44 PM"}
{"name":"Skeleton Hellhound","level":115,"killCount":-1,"type":"NPC","drops":[{"name":"Bones","id":526,"quantity":1,"price":66}],"date":"Jan 26, 2025, 5:52:45 PM"}
{"name":"Skeleton Hellhound","level":115,"killCount":-1,"type":"NPC","drops":[{"name":"Bones","id":526,"quantity":1,"price":66}],"date":"Jan 26, 2025, 5:52:48 PM"}
{"name":"Skeleton Hellhound","level":115,"killCount":-1,"type":"NPC","drops":[{"name":"Bones","id":526,"quantity":1,"price":66}],"date":"Jan 26, 2025, 5:54:49 PM"}
{"name":"Skeleton Hellhound","level":115,"killCount":-1,"type":"NPC","drops":[{"name":"Bones","id":526,"quantity":1,"price":66}],"date":"Jan 26, 2025, 5:55:03 PM"}
{"name":"Skeleton Hellhound","level":194,"killCount":-1,"type":"NPC","drops":[{"name":"Bones","id":526,"quantity":1,"price":66}],"date":"Jan 26, 2025, 6:11:40 PM"}
{"name":"Skeleton Hellhound","level":194,"killCount":-1,"type":"NPC","drops":[{"name":"Bones","id":526,"quantity":1,"price":66}],"date":"Jan 26, 2025, 6:11:45 PM"}
{"name":"Skeleton Hellhound","level":194,"killCount":-1,"type":"NPC","drops":[{"name":"Bones","id":526,"quantity":1,"price":66}],"date":"Jan 26, 2025, 6:17:19 PM"}
{"name":"Skeleton Hellhound","level":194,"killCount":-1,"type":"NPC","drops":[{"name":"Bones","id":526,"quantity":1,"price":66}],"date":"Jan 26, 2025, 6:17:30 PM"}
{"name":"Skeleton Hellhound","level":115,"killCount":-1,"type":"NPC","drops":[{"name":"Bones","id":526,"quantity":1,"price":66}],"date":"Jan 26, 2025, 6:22:57 PM"}
{"name":"Skeleton Hellhound","level":115,"killCount":-1,"type":"NPC","drops":[{"name":"Bones","id":526,"quantity":1,"price":66}],"date":"Jan 26, 2025, 6:23:03 PM"}
{"name":"Skeleton Hellhound","level":115,"killCount":-1,"type":"NPC","drops":[{"name":"Bones","id":526,"quantity":1,"price":66}],"date":"Jan 26, 2025, 6:25:29 PM"}
{"name":"Skeleton Hellhound","level":115,"killCount":-1,"type":"NPC","drops":[{"name":"Bones","id":526,"quantity":1,"price":66}],"date":"Jan 26, 2025, 6:25:35 PM"}
{"name":"Skeleton Hellhound","level":115,"killCount":-1,"type":"NPC","drops":[{"name":"Bones","id":526,"quantity":1,"price":66}],"date":"Jan 26, 2025, 6:28:23 PM"}
{"name":"Skeleton Hellhound","level":115,"killCount":-1,"type":"NPC","drops":[{"name":"Bones","id":526,"quantity":1,"price":66}],"date":"Jan 26, 2025, 6:28:26 PM"}
{"name":"Skeleton Hellhound","level":115,"killCount":-1,"type":"NPC","drops":[{"name":"Bones","id":526,"quantity":1,"price":66}],"date":"Jan 26, 2025, 6:30:17 PM"}
{"name":"Skeleton Hellhound","level":115,"killCount":-1,"type":"NPC","drops":[{"name":"Bones","id":526,"quantity":1,"price":66}],"date":"Jan 26, 2025, 6:30:26 PM"}
{"name":"Skeleton Hellhound","level":115,"killCount":-1,"type":"NPC","drops":[{"name":"Bones","id":526,"quantity":1,"price":66}],"date":"Jan 26, 2025, 6:32:04 PM"}
{"name":"Skeleton Hellhound","level":115,"killCount":-1,"type":"NPC","drops":[{"name":"Bones","id":526,"quantity":1,"price":66}],"date":"Jan 26, 2025, 6:32:08 PM"}
{"name":"Skeleton Hellhound","level":115,"killCount":-1,"type":"NPC","drops":[{"name":"Bones","id":526,"quantity":1,"price":66}],"date":"Jan 26, 2025, 6:33:53 PM"}
{"name":"Skeleton Hellhound","level":115,"killCount":-1,"type":"NPC","drops":[{"name":"Bones","id":526,"quantity":1,"price":66}],"date":"Jan 26, 2025, 6:33:57 PM"}
{"name":"Skeleton Hellhound","level":115,"killCount":-1,"type":"NPC","drops":[{"name":"Bones","id":526,"quantity":1,"price":66}],"date":"Jan 26, 2025, 6:35:19 PM"}
{"name":"Skeleton Hellhound","level":115,"killCount":-1,"type":"NPC","drops":[{"name":"Bones","id":526,"quantity":1,"price":66}],"date":"Jan 26, 2025, 6:35:23 PM"}
{"name":"Skeleton Hellhound","level":115,"killCount":-1,"type":"NPC","drops":[{"name":"Bones","id":526,"quantity":1,"price":66}],"date":"Jan 26, 2025, 6:36:42 PM"}
{"name":"Skeleton Hellhound","level":115,"killCount":-1,"type":"NPC","drops":[{"name":"Bones","id":526,"quantity":1,"price":66}],"date":"Jan 26, 2025, 6:36:46 PM"}
{"name":"Skeleton Hellhound","level":115,"killCount":-1,"type":"NPC","drops":[{"name":"Bones","id":526,"quantity":1,"price":66}],"date":"Jan 26, 2025, 6:38:43 PM"}
{"name":"Skeleton Hellhound","level":115,"killCount":-1,"type":"NPC","drops":[{"name":"Bones","id":526,"quantity":1,"price":66}],"date":"Jan 26, 2025, 6:38:46 PM"}
{"name":"Skeleton Hellhound","level":115,"killCount":-1,"type":"NPC","drops":[{"name":"Bones","id":526,"quantity":1,"price":66}],"date":"Jan 26, 2025, 6:43:09 PM"}
{"name":"Skeleton Hellhound","level":115,"killCount":-1,"type":"NPC","drops":[{"name":"Bones","id":526,"quantity":1,"price":66}],"date":"Jan 26, 2025, 6:43:16 PM"}
{"name":"Skeleton Hellhound","level":115,"killCount":-1,"type":"NPC","drops":[{"name":"Bones","id":526,"quantity":1,"price":66}],"date":"Jan 26, 2025, 6:44:48 PM"}
{"name":"Skeleton Hellhound","level":115,"killCount":-1,"type":"NPC","drops":[{"name":"Bones","id":526,"quantity":1,"price":66}],"date":"Jan 26, 2025, 6:44:51 PM"}
{"name":"Skeleton Hellhound","level":115,"killCount":-1,"type":"NPC","drops":[{"name":"Bones","id":526,"quantity":1,"price":66}],"date":"Jan 26, 2025, 6:46:33 PM"}
{"name":"Skeleton Hellhound","level":115,"killCount":-1,"type":"NPC","drops":[{"name":"Bones","id":526,"quantity":1,"price":66}],"date":"Jan 26, 2025, 6:46:38 PM"}
{"name":"Skeleton Hellhound","level":115,"killCount":-1,"type":"NPC","drops":[{"name":"Bones","id":526,"quantity":1,"price":66}],"date":"Jan 26, 2025, 6:48:06 PM"}
{"name":"Skeleton Hellhound","level":115,"killCount":-1,"type":"NPC","drops":[{"name":"Bones","id":526,"quantity":1,"price":66}],"date":"Jan 26, 2025, 6:48:20 PM"}
{"name":"Skeleton Hellhound","level":115,"killCount":-1,"type":"NPC","drops":[{"name":"Bones","id":526,"quantity":1,"price":66}],"date":"Jan 26, 2025, 6:49:39 PM"}
{"name":"Skeleton Hellhound","level":115,"killCount":-1,"type":"NPC","drops":[{"name":"Bones","id":526,"quantity":1,"price":66}],"date":"Jan 26, 2025, 6:49:47 PM"}
{"name":"Skeleton Hellhound","level":115,"killCount":-1,"type":"NPC","drops":[{"name":"Bones","id":526,"quantity":1,"price":66}],"date":"Jan 26, 2025, 6:51:17 PM"}
{"name":"Skeleton Hellhound","level":115,"killCount":-1,"type":"NPC","drops":[{"name":"Bones","id":526,"quantity":1,"price":66}],"date":"Jan 26, 2025, 6:51:20 PM"}
{"name":"Skeleton Hellhound","level":115,"killCount":-1,"type":"NPC","drops":[{"name":"Bones","id":526,"quantity":1,"price":66}],"date":"Jan 26, 2025, 6:52:53 PM"}
{"name":"Skeleton Hellhound","level":115,"killCount":-1,"type":"NPC","drops":[{"name":"Bones","id":526,"quantity":1,"price":66}],"date":"Jan 26, 2025, 6:52:57 PM"}
{"name":"Skeleton Hellhound","level":115,"killCount":-1,"type":"NPC","drops":[{"name":"Bones","id":526,"quantity":1,"price":66}],"date":"Jan 26, 2025, 6:54:57 PM"}
{"name":"Skeleton Hellhound","level":115,"killCount":-1,"type":"NPC","drops":[{"name":"Bones","id":526,"quantity":1,"price":66}],"date":"Jan 26, 2025, 6:55:00 PM"}
{"name":"Skeleton Hellhound","level":115,"killCount":-1,"type":"NPC","drops":[{"name":"Bones","id":526,"quantity":1,"price":66}],"date":"Jan 26, 2025, 6:56:41 PM"}
{"name":"Skeleton Hellhound","level":115,"killCount":-1,"type":"NPC","drops":[{"name":"Bones","id":526,"quantity":1,"price":66}],"date":"Jan 26, 2025, 6:56:44 PM"}
{"name":"Skeleton Hellhound","level":115,"killCount":-1,"type":"NPC","drops":[{"name":"Bones","id":526,"quantity":1,"price":66}],"date":"Jan 26, 2025, 6:58:08 PM"}
{"name":"Skeleton Hellhound","level":115,"killCount":-1,"type":"NPC","drops":[{"name":"Bones","id":526,"quantity":1,"price":66}],"date":"Jan 26, 2025, 6:58:11 PM"}
{"name":"Skeleton Hellhound","level":115,"killCount":-1,"type":"NPC","drops":[{"name":"Bones","id":526,"quantity":1,"price":66}],"date":"Jan 26, 2025, 6:59:25 PM"}
{"name":"Skeleton Hellhound","level":115,"killCount":-1,"type":"NPC","drops":[{"name":"Bones","id":526,"quantity":1,"price":66}],"date":"Jan 26, 2025, 6:59:34 PM"}
{"name":"Skeleton Hellhound","level":115,"killCount":-1,"type":"NPC","drops":[{"name":"Bones","id":526,"quantity":1,"price":66}],"date":"Jan 26, 2025, 7:00:49 PM"}
{"name":"Skeleton Hellhound","level":115,"killCount":-1,"type":"NPC","drops":[{"name":"Bones","id":526,"quantity":1,"price":66}],"date":"Jan 26, 2025, 7:01:01 PM"}
{"name":"Skeleton Hellhound","level":115,"killCount":-1,"type":"NPC","drops":[{"name":"Bones","id":526,"quantity":1,"price":66}],"date":"Jan 26, 2025, 7:02:37 PM"}
{"name":"Skeleton Hellhound","level":115,"killCount":-1,"type":"NPC","drops":[{"name":"Bones","id":526,"quantity":1,"price":66}],"date":"Jan 26, 2025, 7:02:49 PM"}
{"name":"Skeleton Hellhound","level":115,"killCount":-1,"type":"NPC","drops":[{"name":"Bones","id":526,"quantity":1,"price":66}],"date":"Jan 26, 2025, 7:04:38 PM"}
{"name":"Skeleton Hellhound","level":115,"killCount":-1,"type":"NPC","drops":[{"name":"Bones","id":526,"quantity":1,"price":66}],"date":"Jan 26, 2025, 7:04:44 PM"}
{"name":"Skeleton Hellhound","level":115,"killCount":-1,"type":"NPC","drops":[{"name":"Bones","id":526,"quantity":1,"price":66}],"date":"Jan 26, 2025, 7:06:41 PM"}
{"name":"Skeleton Hellhound","level":115,"killCount":-1,"type":"NPC","drops":[{"name":"Bones","id":526,"quantity":1,"price":66}],"date":"Jan 26, 2025, 7:06:45 PM"}
{"name":"Skeleton Hellhound","level":115,"killCount":-1,"type":"NPC","drops":[{"name":"Bones","id":526,"quantity":1,"price":66}],"date":"Jan 26, 2025, 7:09:01 PM"}
{"name":"Skeleton Hellhound","level":115,"killCount":-1,"type":"NPC","drops":[{"name":"Bones","id":526,"quantity":1,"price":66}],"date":"Jan 26, 2025, 7:09:04 PM"}
{"name":"Skeleton Hellhound","level":115,"killCount":-1,"type":"NPC","drops":[{"name":"Bones","id":526,"quantity":1,"price":66}],"date":"Jan 26, 2025, 7:10:55 PM"}
{"name":"Skeleton Hellhound","level":115,"killCount":-1,"type":"NPC","drops":[{"name":"Bones","id":526,"quantity":1,"price":66}],"date":"Jan 26, 2025, 7:11:03 PM"}
{"name":"Skeleton Hellhound","level":115,"killCount":-1,"type":"NPC","drops":[{"name":"Bones","id":526,"quantity":1,"price":66}],"date":"Jan 26, 2025, 7:12:45 PM"}
{"name":"Skeleton Hellhound","level":115,"killCount":-1,"type":"NPC","drops":[{"name":"Bones","id":526,"quantity":1,"price":66}],"date":"Jan 26, 2025, 7:12:51 PM"}
{"name":"Skeleton Hellhound","level":115,"killCount":-1,"type":"NPC","drops":[{"name":"Bones","id":526,"quantity":1,"price":66}],"date":"Jan 26, 2025, 7:14:40 PM"}
{"name":"Skeleton Hellhound","level":115,"killCount":-1,"type":"NPC","drops":[{"name":"Bones","id":526,"quantity":1,"price":66}],"date":"Jan 26, 2025, 7:14:46 PM"}
{"name":"Skeleton Hellhound","level":115,"killCount":-1,"type":"NPC","drops":[{"name":"Bones","id":526,"quantity":1,"price":66}],"date":"Jan 26, 2025, 7:16:24 PM"}
{"name":"Skeleton Hellhound","level":115,"killCount":-1,"type":"NPC","drops":[{"name":"Bones","id":526,"quantity":1,"price":66}],"date":"Jan 26, 2025, 7:16:27 PM"}
{"name":"Skeleton Hellhound","level":115,"killCount":-1,"type":"NPC","drops":[{"name":"Bones","id":526,"quantity":1,"price":66}],"date":"Jan 26, 2025, 7:18:29 PM"}
{"name":"Skeleton Hellhound","level":115,"killCount":-1,"type":"NPC","drops":[{"name":"Bones","id":526,"quantity":1,"price":66}],"date":"Jan 26, 2025, 7:18:33 PM"}
{"name":"Skeleton Hellhound","level":115,"killCount":-1,"type":"NPC","drops":[{"name":"Bones","id":526,"quantity":1,"price":66}],"date":"Jan 26, 2025, 8:28:14 PM"}
{"name":"Skeleton Hellhound","level":115,"killCount":-1,"type":"NPC","drops":[{"name":"Bones","id":526,"quantity":1,"price":66}],"date":"Jan 26, 2025, 8:28:29 PM"}
{"name":"Skeleton Hellhound","level":115,"killCount":-1,"type":"NPC","drops":[{"name":"Bones","id":526,"quantity":1,"price":66}],"date":"Jan 26, 2025, 8:30:11 PM"}
{"name":"Skeleton Hellhound","level":115,"killCount":-1,"type":"NPC","drops":[{"name":"Bones","id":526,"quantity":1,"price":66}],"date":"Jan 26, 2025, 8:30:22 PM"}
{"name":"Skeleton Hellhound","level":115,"killCount":-1,"type":"NPC","drops":[{"name":"Bones","id":526,"quantity":1,"price":66}],"date":"Jan 26, 2025, 8:36:18 PM"}
{"name":"Skeleton Hellhound","level":115,"killCount":-1,"type":"NPC","drops":[{"name":"Bones","id":526,"quantity":1,"price":66}],"date":"Jan 26, 2025, 8:36:25 PM"}
{"name":"Skeleton Hellhound","level":115,"killCount":-1,"type":"NPC","drops":[{"name":"Bones","id":526,"quantity":1,"price":66}],"date":"Jan 26, 2025, 8:37:54 PM"}
{"name":"Skeleton Hellhound","level":115,"killCount":-1,"type":"NPC","drops":[{"name":"Bones","id":526,"quantity":1,"price":66}],"date":"Jan 26, 2025, 8:37:58 PM"}
{"name":"Skeleton Hellhound","level":115,"killCount":-1,"type":"NPC","drops":[{"name":"Bones","id":526,"quantity":1,"price":66}],"date":"Jan 26, 2025, 8:39:49 PM"}
{"name":"Skeleton Hellhound","level":115,"killCount":-1,"type":"NPC","drops":[{"name":"Bones","id":526,"quantity":1,"price":66}],"date":"Jan 26, 2025, 8:39:53 PM"}
{"name":"Skeleton Hellhound","level":115,"killCount":-1,"type":"NPC","drops":[{"name":"Bones","id":526,"quantity":1,"price":66}],"date":"Jan 26, 2025, 11:59:22 PM"}
{"name":"Skeleton Hellhound","level":115,"killCount":-1,"type":"NPC","drops":[{"name":"Bones","id":526,"quantity":1,"price":66}],"date":"Jan 26, 2025, 11:59:36 PM"}
{"name":"Skeleton Hellhound","level":115,"killCount":-1,"type":"NPC","drops":[{"name":"Bones","id":526,"quantity":1,"price":66}],"date":"Jan 27, 2025, 12:01:19 AM"}
{"name":"Skeleton Hellhound","level":115,"killCount":-1,"type":"NPC","drops":[{"name":"Bones","id":526,"quantity":1,"price":66}],"date":"Jan 27, 2025, 12:01:22 AM"}
{"name":"Skeleton Hellhound","level":115,"killCount":-1,"type":"NPC","drops":[{"name":"Bones","id":526,"quantity":1,"price":66}],"date":"Jan 27, 2025, 12:03:01 AM"}
{"name":"Skeleton Hellhound","level":115,"killCount":-1,"type":"NPC","drops":[{"name":"Bones","id":526,"quantity":1,"price":66}],"date":"Jan 27, 2025, 12:03:12 AM"}
{"name":"Skeleton Hellhound","level":115,"killCount":-1,"type":"NPC","drops":[{"name":"Bones","id":526,"quantity":1,"price":66}],"date":"Jan 27, 2025, 12:04:58 AM"}
{"name":"Skeleton Hellhound","level":115,"killCount":-1,"type":"NPC","drops":[{"name":"Bones","id":526,"quantity":1,"price":66}],"date":"Jan 27, 2025, 12:05:01 AM"}
{"name":"Skeleton Hellhound","level":115,"killCount":-1,"type":"NPC","drops":[{"name":"Bones","id":526,"quantity":1,"price":66}],"date":"Jan 27, 2025, 12:06:21 AM"}
{"name":"Skeleton Hellhound","level":115,"killCount":-1,"type":"NPC","drops":[{"name":"Bones","id":526,"quantity":1,"price":66}],"date":"Jan 27, 2025, 12:06:24 AM"}
{"name":"Skeleton Hellhound","level":115,"killCount":-1,"type":"NPC","drops":[{"name":"Bones","id":526,"quantity":1,"price":66}],"date":"Jan 27, 2025, 12:08:01 AM"}
{"name":"Skeleton Hellhound","level":115,"killCount":-1,"type":"NPC","drops":[{"name":"Bones","id":526,"quantity":1,"price":66}],"date":"Jan 27, 2025, 12:08:05 AM"}
{"name":"Skeleton Hellhound","level":115,"killCount":-1,"type":"NPC","drops":[{"name":"Bones","id":526,"quantity":1,"price":66}],"date":"Jan 27, 2025, 12:09:29 AM"}
{"name":"Skeleton Hellhound","level":115,"killCount":-1,"type":"NPC","drops":[{"name":"Bones","id":526,"quantity":1,"price":66}],"date":"Jan 27, 2025, 12:09:32 AM"}
{"name":"Skeleton Hellhound","level":115,"killCount":-1,"type":"NPC","drops":[{"name":"Bones","id":526,"quantity":1,"price":66}],"date":"Jan 27, 2025, 12:11:00 AM"}
{"name":"Skeleton Hellhound","level":115,"killCount":-1,"type":"NPC","drops":[{"name":"Bones","id":526,"quantity":1,"price":66}],"date":"Jan 27, 2025, 12:11:07 AM"}
{"name":"Skeleton Hellhound","level":115,"killCount":-1,"type":"NPC","drops":[{"name":"Bones","id":526,"quantity":1,"price":66}],"date":"Jan 27, 2025, 12:12:53 AM"}
{"name":"Skeleton Hellhound","level":115,"killCount":-1,"type":"NPC","drops":[{"name":"Bones","id":526,"quantity":1,"price":66}],"date":"Jan 27, 2025, 12:12:56 AM"}
{"name":"Skeleton Hellhound","level":115,"killCount":-1,"type":"NPC","drops":[{"name":"Bones","id":526,"quantity":1,"price":66}],"date":"Jan 27, 2025, 12:14:31 AM"}
{"name":"Skeleton Hellhound","level":115,"killCount":-1,"type":"NPC","drops":[{"name":"Bones","id":526,"quantity":1,"price":66}],"date":"Jan 27, 2025, 12:14:42 AM"}
{"name":"Skeleton Hellhound","level":115,"killCount":-1,"type":"NPC","drops":[{"name":"Bones","id":526,"quantity":1,"price":66}],"date":"Jan 27, 2025, 12:20:02 AM"}
{"name":"Skeleton Hellhound","level":115,"killCount":-1,"type":"NPC","drops":[{"name":"Bones","id":526,"quantity":1,"price":66}],"date":"Jan 27, 2025, 12:20:08 AM"}
{"name":"Skeleton Hellhound","level":115,"killCount":-1,"type":"NPC","drops":[{"name":"Bones","id":526,"quantity":1,"price":66}],"date":"Jan 27, 2025, 12:21:21 AM"}
{"name":"Skeleton Hellhound","level":115,"killCount":-1,"type":"NPC","drops":[{"name":"Bones","id":526,"quantity":1,"price":66}],"date":"Jan 27, 2025, 12:21:27 AM"}
{"name":"Skeleton Hellhound","level":115,"killCount":-1,"type":"NPC","drops":[{"name":"Bones","id":526,"quantity":1,"price":66}],"date":"Jan 27, 2025, 12:22:50 AM"}
{"name":"Skeleton Hellhound","level":115,"killCount":-1,"type":"NPC","drops":[{"name":"Bones","id":526,"quantity":1,"price":66}],"date":"Jan 27, 2025, 12:23:00 AM"}
{"name":"Skeleton Hellhound","level":115,"killCount":-1,"type":"NPC","drops":[{"name":"Bones","id":526,"quantity":1,"price":66}],"date":"Jan 27, 2025, 12:24:47 AM"}
{"name":"Skeleton Hellhound","level":115,"killCount":-1,"type":"NPC","drops":[{"name":"Bones","id":526,"quantity":1,"price":66}],"date":"Jan 27, 2025, 12:24:56 AM"}
{"name":"Skeleton Hellhound","level":115,"killCount":-1,"type":"NPC","drops":[{"name":"Bones","id":526,"quantity":1,"price":66}],"date":"Jan 27, 2025, 12:26:53 AM"}
{"name":"Skeleton Hellhound","level":115,"killCount":-1,"type":"NPC","drops":[{"name":"Bones","id":526,"quantity":1,"price":66}],"date":"Jan 27, 2025, 12:27:05 AM"}
{"name":"Skeleton Hellhound","level":115,"killCount":-1,"type":"NPC","drops":[{"name":"Bones","id":526,"quantity":1,"price":66}],"date":"Jan 27, 2025, 12:28:16 AM"}
{"name":"Skeleton Hellhound","level":115,"killCount":-1,"type":"NPC","drops":[{"name":"Bones","id":526,"quantity":1,"price":66}],"date":"Jan 27, 2025, 12:28:19 AM"}
{"name":"Skeleton Hellhound","level":115,"killCount":-1,"type":"NPC","drops":[{"name":"Bones","id":526,"quantity":1,"price":66}],"date":"Jan 27, 2025, 9:58:08 AM"}
{"name":"Skeleton Hellhound","level":115,"killCount":-1,"type":"NPC","drops":[{"name":"Bones","id":526,"quantity":1,"price":66}],"date":"Jan 27, 2025, 9:58:24 AM"}
{"name":"Skeleton Hellhound","level":115,"killCount":-1,"type":"NPC","drops":[{"name":"Bones","id":526,"quantity":1,"price":66}],"date":"Jan 27, 2025, 10:00:11 AM"}
{"name":"Skeleton Hellhound","level":115,"killCount":-1,"type":"NPC","drops":[{"name":"Bones","id":526,"quantity":1,"price":66}],"date":"Jan 27, 2025, 10:00:15 AM"}
{"name":"Skeleton Hellhound","level":115,"killCount":-1,"type":"NPC","drops":[{"name":"Bones","id":526,"quantity":1,"price":66}],"date":"Jan 27, 2025, 10:01:54 AM"}
{"name":"Skeleton Hellhound","level":115,"killCount":-1,"type":"NPC","drops":[{"name":"Bones","id":526,"quantity":1,"price":66}],"date":"Jan 27, 2025, 10:02:03 AM"}
{"name":"Skeleton Hellhound","level":115,"killCount":-1,"type":"NPC","drops":[{"name":"Bones","id":526,"quantity":1,"price":66}],"date":"Jan 27, 2025, 10:03:18 AM"}
{"name":"Skeleton Hellhound","level":115,"killCount":-1,"type":"NPC","drops":[{"name":"Bones","id":526,"quantity":1,"price":66}],"date":"Jan 27, 2025, 10:03:22 AM"}
{"name":"Skeleton Hellhound","level":115,"killCount":-1,"type":"NPC","drops":[{"name":"Bones","id":526,"quantity":1,"price":66}],"date":"Jan 27, 2025, 10:04:39 AM"}
{"name":"Skeleton Hellhound","level":115,"killCount":-1,"type":"NPC","drops":[{"name":"Bones","id":526,"quantity":1,"price":66}],"date":"Jan 27, 2025, 10:04:42 AM"}
{"name":"Skeleton Hellhound","level":115,"killCount":-1,"type":"NPC","drops":[{"name":"Bones","id":526,"quantity":1,"price":66}],"date":"Jan 27, 2025, 10:06:00 AM"}
{"name":"Skeleton Hellhound","level":115,"killCount":-1,"type":"NPC","drops":[{"name":"Bones","id":526,"quantity":1,"price":66}],"date":"Jan 27, 2025, 10:06:14 AM"}
{"name":"Skeleton Hellhound","level":115,"killCount":-1,"type":"NPC","drops":[{"name":"Bones","id":526,"quantity":1,"price":66}],"date":"Jan 27, 2025, 10:07:40 AM"}
{"name":"Skeleton Hellhound","level":115,"killCount":-1,"type":"NPC","drops":[{"name":"Bones","id":526,"quantity":1,"price":66}],"date":"Jan 27, 2025, 10:07:43 AM"}
{"name":"Skeleton Hellhound","level":115,"killCount":-1,"type":"NPC","drops":[{"name":"Bones","id":526,"quantity":1,"price":66}],"date":"Jan 27, 2025, 10:09:10 AM"}
{"name":"Skeleton Hellhound","level":115,"killCount":-1,"type":"NPC","drops":[{"name":"Bones","id":526,"quantity":1,"price":66}],"date":"Jan 27, 2025, 10:09:23 AM"}
{"name":"Skeleton Hellhound","level":115,"killCount":-1,"type":"NPC","drops":[{"name":"Bones","id":526,"quantity":1,"price":66}],"date":"Jan 27, 2025, 10:10:44 AM"}
{"name":"Skeleton Hellhound","level":115,"killCount":-1,"type":"NPC","drops":[{"name":"Bones","id":526,"quantity":1,"price":66}],"date":"Jan 27, 2025, 10:10:57 AM"}
{"name":"Skeleton Hellhound","level":115,"killCount":-1,"type":"NPC","drops":[{"name":"Bones","id":526,"quantity":1,"price":66}],"date":"Jan 27, 2025, 10:12:35 AM"}
{"name":"Skeleton Hellhound","level":115,"killCount":-1,"type":"NPC","drops":[{"name":"Bones","id":526,"quantity":1,"price":66}],"date":"Jan 27, 2025, 10:12:39 AM"}
{"name":"Skeleton Hellhound","level":115,"killCount":-1,"type":"NPC","drops":[{"name":"Bones","id":526,"quantity":1,"price":66}],"date":"Jan 27, 2025, 10:13:57 AM"}
{"name":"Skeleton Hellhound","level":115,"killCount":-1,"type":"NPC","drops":[{"name":"Bones","id":526,"quantity":1,"price":66}],"date":"Jan 27, 2025, 10:14:04 AM"}
{"name":"Skeleton Hellhound","level":115,"killCount":-1,"type":"NPC","drops":[{"name":"Bones","id":526,"quantity":1,"price":66}],"date":"Jan 27, 2025, 10:15:36 AM"}
{"name":"Skeleton Hellhound","level":115,"killCount":-1,"type":"NPC","drops":[{"name":"Bones","id":526,"quantity":1,"price":66}],"date":"Jan 27, 2025, 10:15:42 AM"}
{"name":"Skeleton Hellhound","level":115,"killCount":-1,"type":"NPC","drops":[{"name":"Bones","id":526,"quantity":1,"price":66}],"date":"Jan 27, 2025, 10:17:31 AM"}
{"name":"Skeleton Hellhound","level":115,"killCount":-1,"type":"NPC","drops":[{"name":"Bones","id":526,"quantity":1,"price":66}],"date":"Jan 27, 2025, 10:17:35 AM"}
{"name":"Skeleton Hellhound","level":115,"killCount":-1,"type":"NPC","drops":[{"name":"Bones","id":526,"quantity":1,"price":66}],"date":"Jan 27, 2025, 10:20:57 AM"}
{"name":"Skeleton Hellhound","level":115,"killCount":-1,"type":"NPC","drops":[{"name":"Bones","id":526,"quantity":1,"price":66}],"date":"Jan 27, 2025, 10:21:11 AM"}
{"name":"Skeleton Hellhound","level":115,"killCount":-1,"type":"NPC","drops":[{"name":"Bones","id":526,"quantity":1,"price":66}],"date":"Jan 27, 2025, 10:22:23 AM"}
{"name":"Skeleton Hellhound","level":115,"killCount":-1,"type":"NPC","drops":[{"name":"Bones","id":526,"quantity":1,"price":66}],"date":"Jan 27, 2025, 10:22:29 AM"}
{"name":"Skeleton Hellhound","level":115,"killCount":-1,"type":"NPC","drops":[{"name":"Bones","id":526,"quantity":1,"price":66}],"date":"Jan 27, 2025, 10:24:01 AM"}
{"name":"Skeleton Hellhound","level":115,"killCount":-1,"type":"NPC","drops":[{"name":"Bones","id":526,"quantity":1,"price":66}],"date":"Jan 27, 2025, 10:24:04 AM"}
{"name":"Skeleton Hellhound","level":115,"killCount":-1,"type":"NPC","drops":[{"name":"Bones","id":526,"quantity":1,"price":66}],"date":"Jan 27, 2025, 10:25:38 AM"}
{"name":"Skeleton Hellhound","level":115,"killCount":-1,"type":"NPC","drops":[{"name":"Bones","id":526,"quantity":1,"price":66}],"date":"Jan 27, 2025, 10:25:44 AM"}
{"name":"Skeleton Hellhound","level":115,"killCount":-1,"type":"NPC","drops":[{"name":"Bones","id":526,"quantity":1,"price":66}],"date":"Jan 27, 2025, 10:27:29 AM"}
{"name":"Skeleton Hellhound","level":115,"killCount":-1,"type":"NPC","drops":[{"name":"Bones","id":526,"quantity":1,"price":66}],"date":"Jan 27, 2025, 10:27:32 AM"}
{"name":"Skeleton Hellhound","level":115,"killCount":-1,"type":"NPC","drops":[{"name":"Bones","id":526,"quantity":1,"price":66}],"date":"Jan 27, 2025, 10:40:49 AM"}
{"name":"Skeleton Hellhound","level":115,"killCount":-1,"type":"NPC","drops":[{"name":"Bones","id":526,"quantity":1,"price":66}],"date":"Jan 27, 2025, 10:40:56 AM"}
{"name":"Skeleton Hellhound","level":115,"killCount":-1,"type":"NPC","drops":[{"name":"Bones","id":526,"quantity":1,"price":66}],"date":"Jan 27, 2025, 10:42:22 AM"}
{"name":"Skeleton Hellhound","level":115,"killCount":-1,"type":"NPC","drops":[{"name":"Bones","id":526,"quantity":1,"price":66}],"date":"Jan 27, 2025, 10:42:27 AM"}
{"name":"Skeleton Hellhound","level":115,"killCount":-1,"type":"NPC","drops":[{"name":"Bones","id":526,"quantity":1,"price":66}],"date":"Jan 27, 2025, 10:43:58 AM"}
{"name":"Skeleton Hellhound","level":115,"killCount":-1,"type":"NPC","drops":[{"name":"Bones","id":526,"quantity":1,"price":66}],"date":"Jan 27, 2025, 10:44:03 AM"}
{"name":"Skeleton Hellhound","level":115,"killCount":-1,"type":"NPC","drops":[{"name":"Bones","id":526,"quantity":1,"price":66}],"date":"Jan 27, 2025, 10:45:43 AM"}
{"name":"Skeleton Hellhound","level":115,"killCount":-1,"type":"NPC","drops":[{"name":"Bones","id":526,"quantity":1,"price":66}],"date":"Jan 27, 2025, 10:45:48 AM"}
{"name":"Skeleton Hellhound","level":115,"killCount":-1,"type":"NPC","drops":[{"name":"Bones","id":526,"quantity":1,"price":66}],"date":"Jan 27, 2025, 10:47:34 AM"}
{"name":"Skeleton Hellhound","level":115,"killCount":-1,"type":"NPC","drops":[{"name":"Bones","id":526,"quantity":1,"price":66}],"date":"Jan 27, 2025, 10:47:40 AM"}
{"name":"Skeleton Hellhound","level":115,"killCount":-1,"type":"NPC","drops":[{"name":"Bones","id":526,"quantity":1,"price":66}],"date":"Jan 27, 2025, 10:49:21 AM"}
{"name":"Skeleton Hellhound","level":115,"killCount":-1,"type":"NPC","drops":[{"name":"Bones","id":526,"quantity":1,"price":66}],"date":"Jan 27, 2025, 10:49:29 AM"}
{"name":"Skeleton Hellhound","level":115,"killCount":-1,"type":"NPC","drops":[{"name":"Bones","id":526,"quantity":1,"price":66}],"date":"Jan 27, 2025, 10:51:23 AM"}
{"name":"Skeleton Hellhound","level":115,"killCount":-1,"type":"NPC","drops":[{"name":"Bones","id":526,"quantity":1,"price":66}],"date":"Jan 27, 2025, 10:51:29 AM"}
{"name":"Skeleton Hellhound","level":115,"killCount":-1,"type":"NPC","drops":[{"name":"Bones","id":526,"quantity":1,"price":66}],"date":"Jan 27, 2025, 10:53:02 AM"}
{"name":"Skeleton Hellhound","level":115,"killCount":-1,"type":"NPC","drops":[{"name":"Bones","id":526,"quantity":1,"price":66}],"date":"Jan 27, 2025, 10:53:05 AM"}
{"name":"Skeleton Hellhound","level":115,"killCount":-1,"type":"NPC","drops":[{"name":"Bones","id":526,"quantity":1,"price":66}],"date":"Jan 27, 2025, 10:54:16 AM"}
{"name":"Skeleton Hellhound","level":115,"killCount":-1,"type":"NPC","drops":[{"name":"Bones","id":526,"quantity":1,"price":66}],"date":"Jan 27, 2025, 10:54:19 AM"}
{"name":"Skeleton Hellhound","level":115,"killCount":-1,"type":"NPC","drops":[{"name":"Bones","id":526,"quantity":1,"price":66}],"date":"Jan 27, 2025, 10:55:40 AM"}
{"name":"Skeleton Hellhound","level":115,"killCount":-1,"type":"NPC","drops":[{"name":"Bones","id":526,"quantity":1,"price":66}],"date":"Jan 27, 2025, 10:55:53 AM"}
{"name":"Skeleton Hellhound","level":115,"killCount":-1,"type":"NPC","drops":[{"name":"Bones","id":526,"quantity":1,"price":66}],"date":"Jan 27, 2025, 10:57:13 AM"}
{"name":"Skeleton Hellhound","level":115,"killCount":-1,"type":"NPC","drops":[{"name":"Bones","id":526,"quantity":1,"price":66}],"date":"Jan 27, 2025, 10:57:16 AM"}
{"name":"Skeleton Hellhound","level":115,"killCount":-1,"type":"NPC","drops":[{"name":"Bones","id":526,"quantity":1,"price":66}],"date":"Jan 27, 2025, 11:03:47 AM"}
{"name":"Skeleton Hellhound","level":115,"killCount":-1,"type":"NPC","drops":[{"name":"Bones","id":526,"quantity":1,"price":66}],"date":"Jan 27, 2025, 11:03:54 AM"}
{"name":"Skeleton Hellhound","level":115,"killCount":-1,"type":"NPC","drops":[{"name":"Bones","id":526,"quantity":1,"price":66}],"date":"Jan 27, 2025, 11:05:24 AM"}
{"name":"Skeleton Hellhound","level":115,"killCount":-1,"type":"NPC","drops":[{"name":"Bones","id":526,"quantity":1,"price":66}],"date":"Jan 27, 2025, 11:05:29 AM"}
{"name":"Skeleton Hellhound","level":115,"killCount":-1,"type":"NPC","drops":[{"name":"Bones","id":526,"quantity":1,"price":66}],"date":"Jan 27, 2025, 11:07:12 AM"}
{"name":"Skeleton Hellhound","level":115,"killCount":-1,"type":"NPC","drops":[{"name":"Bones","id":526,"quantity":1,"price":66}],"date":"Jan 27, 2025, 11:07:15 AM"}
{"name":"Skeleton Hellhound","level":115,"killCount":-1,"type":"NPC","drops":[{"name":"Bones","id":526,"quantity":1,"price":66}],"date":"Jan 27, 2025, 11:09:09 AM"}
{"name":"Skeleton Hellhound","level":115,"killCount":-1,"type":"NPC","drops":[{"name":"Bones","id":526,"quantity":1,"price":66}],"date":"Jan 27, 2025, 11:09:20 AM"}
{"name":"Skeleton Hellhound","level":115,"killCount":-1,"type":"NPC","drops":[{"name":"Bones","id":526,"quantity":1,"price":66}],"date":"Jan 27, 2025, 11:10:39 AM"}
{"name":"Skeleton Hellhound","level":115,"killCount":-1,"type":"NPC","drops":[{"name":"Bones","id":526,"quantity":1,"price":66}],"date":"Jan 27, 2025, 11:10:45 AM"}
{"name":"Skeleton Hellhound","level":115,"killCount":-1,"type":"NPC","drops":[{"name":"Bones","id":526,"quantity":1,"price":66}],"date":"Jan 27, 2025, 11:12:13 AM"}
{"name":"Skeleton Hellhound","level":115,"killCount":-1,"type":"NPC","drops":[{"name":"Bones","id":526,"quantity":1,"price":66}],"date":"Jan 27, 2025, 11:12:23 AM"}
{"name":"Skeleton Hellhound","level":115,"killCount":-1,"type":"NPC","drops":[{"name":"Bones","id":526,"quantity":1,"price":66}],"date":"Jan 27, 2025, 11:13:32 AM"}
{"name":"Skeleton Hellhound","level":115,"killCount":-1,"type":"NPC","drops":[{"name":"Bones","id":526,"quantity":1,"price":66}],"date":"Jan 27, 2025, 11:13:39 AM"}
{"name":"Skeleton Hellhound","level":115,"killCount":-1,"type":"NPC","drops":[{"name":"Bones","id":526,"quantity":1,"price":66}],"date":"Jan 27, 2025, 11:15:15 AM"}
{"name":"Skeleton Hellhound","level":115,"killCount":-1,"type":"NPC","drops":[{"name":"Bones","id":526,"quantity":1,"price":66}],"date":"Jan 27, 2025, 11:15:27 AM"}
{"name":"Skeleton Hellhound","level":115,"killCount":-1,"type":"NPC","drops":[{"name":"Bones","id":526,"quantity":1,"price":66}],"date":"Jan 27, 2025, 11:17:13 AM"}
{"name":"Skeleton Hellhound","level":115,"killCount":-1,"type":"NPC","drops":[{"name":"Bones","id":526,"quantity":1,"price":66}],"date":"Jan 27, 2025, 11:17:23 AM"}
{"name":"Skeleton Hellhound","level":115,"killCount":-1,"type":"NPC","drops":[{"name":"Bones","id":526,"quantity":1,"price":66}],"date":"Jan 27, 2025, 11:18:53 AM"}
{"name":"Skeleton Hellhound","level":115,"killCount":-1,"type":"NPC","drops":[{"name":"Bones","id":526,"quantity":1,"price":66}],"date":"Jan 27, 2025, 11:20:28 AM"}
{"name":"Skeleton Hellhound","level":115,"killCount":-1,"type":"NPC","drops":[{"name":"Bones","id":526,"quantity":1,"price":66}],"date":"Jan 27, 2025, 11:21:25 AM"}
{"name":"Skeleton Hellhound","level":115,"killCount":-1,"type":"NPC","drops":[{"name":"Bones","id":526,"quantity":1,"price":66}],"date":"Jan 27, 2025, 11:21:28 AM"}
{"name":"Skeleton Hellhound","level":115,"killCount":-1,"type":"NPC","drops":[{"name":"Bones","id":526,"quantity":1,"price":66}],"date":"Jan 27, 2025, 11:22:41 AM"}
{"name":"Skeleton Hellhound","level":115,"killCount":-1,"type":"NPC","drops":[{"name":"Bones","id":526,"quantity":1,"price":66}],"date":"Jan 27, 2025, 11:22:53 AM"}
{"name":"Skeleton Hellhound","level":115,"killCount":-1,"type":"NPC","drops":[{"name":"Bones","id":526,"quantity":1,"price":66}],"date":"Jan 27, 2025, 11:24:23 AM"}
{"name":"Skeleton Hellhound","level":115,"killCount":-1,"type":"NPC","drops":[{"name":"Bones","id":526,"quantity":1,"price":66}],"date":"Jan 27, 2025, 11:24:26 AM"}
{"name":"Skeleton Hellhound","level":115,"killCount":-1,"type":"NPC","drops":[{"name":"Bones","id":526,"quantity":1,"price":66}],"date":"Jan 27, 2025, 11:25:36 AM"}
{"name":"Skeleton Hellhound","level":115,"killCount":-1,"type":"NPC","drops":[{"name":"Bones","id":526,"quantity":1,"price":66}],"date":"Jan 27, 2025, 11:25:44 AM"}
{"name":"Skeleton Hellhound","level":115,"killCount":-1,"type":"NPC","drops":[{"name":"Bones","id":526,"quantity":1,"price":66}],"date":"Jan 27, 2025, 11:27:38 AM"}
{"name":"Skeleton Hellhound","level":115,"killCount":-1,"type":"NPC","drops":[{"name":"Bones","id":526,"quantity":1,"price":66}],"date":"Jan 27, 2025, 11:27:46 AM"}
{"name":"Skeleton Hellhound","level":115,"killCount":-1,"type":"NPC","drops":[{"name":"Bones","id":526,"quantity":1,"price":66}],"date":"Jan 27, 2025, 11:29:31 AM"}
{"name":"Skeleton Hellhound","level":115,"killCount":-1,"type":"NPC","drops":[{"name":"Bones","id":526,"quantity":1,"price":66}],"date":"Jan 27, 2025, 11:29:33 AM"}
{"name":"Skeleton Hellhound","level":115,"killCount":-1,"type":"NPC","drops":[{"name":"Bones","id":526,"quantity":1,"price":66}],"date":"Jan 27, 2025, 11:30:59 AM"}
{"name":"Skeleton Hellhound","level":115,"killCount":-1,"type":"NPC","drops":[{"name":"Bones","id":526,"quantity":1,"price":66}],"date":"Jan 27, 2025, 11:31:14 AM"}
{"name":"Skeleton Hellhound","level":115,"killCount":-1,"type":"NPC","drops":[{"name":"Bones","id":526,"quantity":1,"price":66}],"date":"Jan 27, 2025, 11:33:22 AM"}
{"name":"Skeleton Hellhound","level":115,"killCount":-1,"type":"NPC","drops":[{"name":"Bones","id":526,"quantity":1,"price":66}],"date":"Jan 27, 2025, 11:33:25 AM"}
{"name":"Skeleton Hellhound","level":115,"killCount":-1,"type":"NPC","drops":[{"name":"Bones","id":526,"quantity":1,"price":66}],"date":"Jan 27, 2025, 11:35:11 AM"}
{"name":"Skeleton Hellhound","level":115,"killCount":-1,"type":"NPC","drops":[{"name":"Bones","id":526,"quantity":1,"price":66}],"date":"Jan 27, 2025, 11:35:17 AM"}
{"name":"Skeleton Hellhound","level":115,"killCount":-1,"type":"NPC","drops":[{"name":"Bones","id":526,"quantity":1,"price":66}],"date":"Jan 27, 2025, 11:37:09 AM"}
{"name":"Skeleton Hellhound","level":115,"killCount":-1,"type":"NPC","drops":[{"name":"Bones","id":526,"quantity":1,"price":66}],"date":"Jan 27, 2025, 11:37:15 AM"}
{"name":"Skeleton Hellhound","level":115,"killCount":-1,"type":"NPC","drops":[{"name":"Bones","id":526,"quantity":1,"price":66}],"date":"Jan 27, 2025, 11:38:46 AM"}
{"name":"Skeleton Hellhound","level":115,"killCount":-1,"type":"NPC","drops":[{"name":"Bones","id":526,"quantity":1,"price":66}],"date":"Jan 27, 2025, 11:38:49 AM"}
{"name":"Skeleton Hellhound","level":115,"killCount":-1,"type":"NPC","drops":[{"name":"Bones","id":526,"quantity":1,"price":66}],"date":"Jan 27, 2025, 1:26:39 PM"}
{"name":"Skeleton Hellhound","level":115,"killCount":-1,"type":"NPC","drops":[{"name":"Bones","id":526,"quantity":1,"price":66}],"date":"Jan 27, 2025, 1:26:49 PM"}
{"name":"Skeleton Hellhound","level":115,"killCount":-1,"type":"NPC","drops":[{"name":"Bones","id":526,"quantity":1,"price":66}],"date":"Jan 27, 2025, 1:28:20 PM"}
{"name":"Skeleton Hellhound","level":115,"killCount":-1,"type":"NPC","drops":[{"name":"Bones","id":526,"quantity":1,"price":66}],"date":"Jan 27, 2025, 1:28:27 PM"}
{"name":"Skeleton Hellhound","level":115,"killCount":-1,"type":"NPC","drops":[{"name":"Bones","id":526,"quantity":1,"price":66}],"date":"Jan 27, 2025, 1:30:01 PM"}
{"name":"Skeleton Hellhound","level":115,"killCount":-1,"type":"NPC","drops":[{"name":"Bones","id":526,"quantity":1,"price":66}],"date":"Jan 27, 2025, 1:30:04 PM"}
{"name":"Skeleton Hellhound","level":115,"killCount":-1,"type":"NPC","drops":[{"name":"Bones","id":526,"quantity":1,"price":66}],"date":"Jan 27, 2025, 1:31:48 PM"}
{"name":"Skeleton Hellhound","level":115,"killCount":-1,"type":"NPC","drops":[{"name":"Bones","id":526,"quantity":1,"price":66}],"date":"Jan 27, 2025, 1:31:55 PM"}
{"name":"Skeleton Hellhound","level":115,"killCount":-1,"type":"NPC","drops":[{"name":"Bones","id":526,"quantity":1,"price":66}],"date":"Jan 27, 2025, 1:33:34 PM"}
{"name":"Skeleton Hellhound","level":115,"killCount":-1,"type":"NPC","drops":[{"name":"Bones","id":526,"quantity":1,"price":66}],"date":"Jan 27, 2025, 1:33:40 PM"}
{"name":"Skeleton Hellhound","level":115,"killCount":-1,"type":"NPC","drops":[{"name":"Bones","id":526,"quantity":1,"price":66}],"date":"Jan 27, 2025, 1:34:48 PM"}
{"name":"Skeleton Hellhound","level":115,"killCount":-1,"type":"NPC","drops":[{"name":"Bones","id":526,"quantity":1,"price":66}],"date":"Jan 27, 2025, 1:34:54 PM"}
{"name":"Skeleton Hellhound","level":115,"killCount":-1,"type":"NPC","drops":[{"name":"Bones","id":526,"quantity":1,"price":66}],"date":"Jan 27, 2025, 1:36:10 PM"}
{"name":"Skeleton Hellhound","level":115,"killCount":-1,"type":"NPC","drops":[{"name":"Bones","id":526,"quantity":1,"price":66}],"date":"Jan 27, 2025, 1:36:13 PM"}
{"name":"Skeleton Hellhound","level":115,"killCount":-1,"type":"NPC","drops":[{"name":"Bones","id":526,"quantity":1,"price":66}],"date":"Jan 27, 2025, 1:37:10 PM"}
{"name":"Skeleton Hellhound","level":115,"killCount":-1,"type":"NPC","drops":[{"name":"Bones","id":526,"quantity":1,"price":66}],"date":"Jan 27, 2025, 1:37:13 PM"}
{"name":"Skeleton Hellhound","level":115,"killCount":-1,"type":"NPC","drops":[{"name":"Bones","id":526,"quantity":1,"price":66}],"date":"Jan 27, 2025, 1:38:40 PM"}
{"name":"Skeleton Hellhound","level":115,"killCount":-1,"type":"NPC","drops":[{"name":"Bones","id":526,"quantity":1,"price":66}],"date":"Jan 27, 2025, 1:38:43 PM"}
{"name":"Skeleton Hellhound","level":115,"killCount":-1,"type":"NPC","drops":[{"name":"Bones","id":526,"quantity":1,"price":66}],"date":"Jan 27, 2025, 1:40:28 PM"}
{"name":"Skeleton Hellhound","level":115,"killCount":-1,"type":"NPC","drops":[{"name":"Bones","id":526,"quantity":1,"price":66}],"date":"Jan 27, 2025, 1:40:34 PM"}
{"name":"Skeleton Hellhound","level":115,"killCount":-1,"type":"NPC","drops":[{"name":"Bones","id":526,"quantity":1,"price":66}],"date":"Jan 27, 2025, 1:42:18 PM"}
{"name":"Skeleton Hellhound","level":115,"killCount":-1,"type":"NPC","drops":[{"name":"Bones","id":526,"quantity":1,"price":66}],"date":"Jan 27, 2025, 1:42:25 PM"}
{"name":"Skeleton Hellhound","level":115,"killCount":-1,"type":"NPC","drops":[{"name":"Bones","id":526,"quantity":1,"price":66}],"date":"Jan 27, 2025, 1:43:46 PM"}
{"name":"Skeleton Hellhound","level":115,"killCount":-1,"type":"NPC","drops":[{"name":"Bones","id":526,"quantity":1,"price":66}],"date":"Jan 27, 2025, 1:43:53 PM"}
{"name":"Skeleton Hellhound","level":115,"killCount":-1,"type":"NPC","drops":[{"name":"Bones","id":526,"quantity":1,"price":66}],"date":"Jan 27, 2025, 1:45:10 PM"}
{"name":"Skeleton Hellhound","level":115,"killCount":-1,"type":"NPC","drops":[{"name":"Bones","id":526,"quantity":1,"price":66}],"date":"Jan 27, 2025, 1:45:13 PM"}
{"name":"Skeleton Hellhound","level":115,"killCount":-1,"type":"NPC","drops":[{"name":"Bones","id":526,"quantity":1,"price":66}],"date":"Jan 27, 2025, 1:46:30 PM"}
{"name":"Skeleton Hellhound","level":115,"killCount":-1,"type":"NPC","drops":[{"name":"Bones","id":526,"quantity":1,"price":66}],"date":"Jan 27, 2025, 1:46:39 PM"}
{"name":"Skeleton Hellhound","level":115,"killCount":-1,"type":"NPC","drops":[{"name":"Bones","id":526,"quantity":1,"price":66}],"date":"Jan 27, 2025, 1:47:52 PM"}
{"name":"Skeleton Hellhound","level":115,"killCount":-1,"type":"NPC","drops":[{"name":"Bones","id":526,"quantity":1,"price":66}],"date":"Jan 27, 2025, 1:47:55 PM"}
{"name":"Skeleton Hellhound","level":115,"killCount":-1,"type":"NPC","drops":[{"name":"Bones","id":526,"quantity":1,"price":66}],"date":"Jan 27, 2025, 1:49:20 PM"}
{"name":"Skeleton Hellhound","level":115,"killCount":-1,"type":"NPC","drops":[{"name":"Bones","id":526,"quantity":1,"price":66}],"date":"Jan 27, 2025, 1:49:33 PM"}
{"name":"Skeleton Hellhound","level":115,"killCount":-1,"type":"NPC","drops":[{"name":"Bones","id":526,"quantity":1,"price":66}],"date":"Jan 27, 2025, 1:51:47 PM"}
{"name":"Skeleton Hellhound","level":115,"killCount":-1,"type":"NPC","drops":[{"name":"Bones","id":526,"quantity":1,"price":66}],"date":"Jan 27, 2025, 1:51:53 PM"}
{"name":"Skeleton Hellhound","level":115,"killCount":-1,"type":"NPC","drops":[{"name":"Bones","id":526,"quantity":1,"price":66}],"date":"Jan 27, 2025, 1:53:11 PM"}
{"name":"Skeleton Hellhound","level":115,"killCount":-1,"type":"NPC","drops":[{"name":"Bones","id":526,"quantity":1,"price":66}],"date":"Jan 27, 2025, 1:53:18 PM"}
{"name":"Skeleton Hellhound","level":115,"killCount":-1,"type":"NPC","drops":[{"name":"Bones","id":526,"quantity":1,"price":66}],"date":"Jan 27, 2025, 1:55:05 PM"}
{"name":"Skeleton Hellhound","level":115,"killCount":-1,"type":"NPC","drops":[{"name":"Bones","id":526,"quantity":1,"price":66}],"date":"Jan 27, 2025, 1:55:12 PM"}
{"name":"Skeleton Hellhound","level":115,"killCount":-1,"type":"NPC","drops":[{"name":"Bones","id":526,"quantity":1,"price":66}],"date":"Jan 27, 2025, 1:57:33 PM"}
{"name":"Skeleton Hellhound","level":115,"killCount":-1,"type":"NPC","drops":[{"name":"Bones","id":526,"quantity":1,"price":66}],"date":"Jan 27, 2025, 1:57:36 PM"}
{"name":"Skeleton Hellhound","level":115,"killCount":-1,"type":"NPC","drops":[{"name":"Bones","id":526,"quantity":1,"price":66}],"date":"Jan 27, 2025, 2:01:10 PM"}
{"name":"Skeleton Hellhound","level":115,"killCount":-1,"type":"NPC","drops":[{"name":"Bones","id":526,"quantity":1,"price":66}],"date":"Jan 27, 2025, 2:01:19 PM"}
{"name":"Skeleton Hellhound","level":115,"killCount":-1,"type":"NPC","drops":[{"name":"Bones","id":526,"quantity":1,"price":66}],"date":"Jan 27, 2025, 2:02:49 PM"}
{"name":"Skeleton Hellhound","level":115,"killCount":-1,"type":"NPC","drops":[{"name":"Bones","id":526,"quantity":1,"price":66}],"date":"Jan 27, 2025, 2:02:52 PM"}
{"name":"Skeleton Hellhound","level":115,"killCount":-1,"type":"NPC","drops":[{"name":"Bones","id":526,"quantity":1,"price":66}],"date":"Jan 27, 2025, 2:05:56 PM"}
{"name":"Skeleton Hellhound","level":115,"killCount":-1,"type":"NPC","drops":[{"name":"Bones","id":526,"quantity":1,"price":66}],"date":"Jan 27, 2025, 2:06:02 PM"}
{"name":"Skeleton Hellhound","level":115,"killCount":-1,"type":"NPC","drops":[{"name":"Bones","id":526,"quantity":1,"price":66}],"date":"Jan 27, 2025, 2:07:42 PM"}
{"name":"Skeleton Hellhound","level":115,"killCount":-1,"type":"NPC","drops":[{"name":"Bones","id":526,"quantity":1,"price":66}],"date":"Jan 27, 2025, 2:07:45 PM"}
{"name":"Skeleton Hellhound","level":115,"killCount":-1,"type":"NPC","drops":[{"name":"Bones","id":526,"quantity":1,"price":66}],"date":"Jan 27, 2025, 2:09:14 PM"}
{"name":"Skeleton Hellhound","level":115,"killCount":-1,"type":"NPC","drops":[{"name":"Bones","id":526,"quantity":1,"price":66}],"date":"Jan 27, 2025, 2:09:20 PM"}
{"name":"Skeleton Hellhound","level":115,"killCount":-1,"type":"NPC","drops":[{"name":"Bones","id":526,"quantity":1,"price":66}],"date":"Jan 27, 2025, 2:10:23 PM"}
{"name":"Skeleton Hellhound","level":115,"killCount":-1,"type":"NPC","drops":[{"name":"Bones","id":526,"quantity":1,"price":66}],"date":"Jan 27, 2025, 2:10:41 PM"}
{"name":"Skeleton Hellhound","level":115,"killCount":-1,"type":"NPC","drops":[{"name":"Bones","id":526,"quantity":1,"price":66}],"date":"Jan 27, 2025, 2:12:01 PM"}
{"name":"Skeleton Hellhound","level":115,"killCount":-1,"type":"NPC","drops":[{"name":"Bones","id":526,"quantity":1,"price":66}],"date":"Jan 27, 2025, 2:12:08 PM"}
{"name":"Skeleton Hellhound","level":115,"killCount":-1,"type":"NPC","drops":[{"name":"Bones","id":526,"quantity":1,"price":66}],"date":"Jan 27, 2025, 2:13:37 PM"}
{"name":"Skeleton Hellhound","level":115,"killCount":-1,"type":"NPC","drops":[{"name":"Bones","id":526,"quantity":1,"price":66}],"date":"Jan 27, 2025, 2:13:43 PM"}
{"name":"Skeleton Hellhound","level":115,"killCount":-1,"type":"NPC","drops":[{"name":"Bones","id":526,"quantity":1,"price":66}],"date":"Jan 27, 2025, 2:15:17 PM"}
{"name":"Skeleton Hellhound","level":115,"killCount":-1,"type":"NPC","drops":[{"name":"Bones","id":526,"quantity":1,"price":66}],"date":"Jan 27, 2025, 2:15:24 PM"}
{"name":"Skeleton Hellhound","level":115,"killCount":-1,"type":"NPC","drops":[{"name":"Bones","id":526,"quantity":1,"price":66}],"date":"Jan 27, 2025, 2:16:32 PM"}
{"name":"Skeleton Hellhound","level":115,"killCount":-1,"type":"NPC","drops":[{"name":"Bones","id":526,"quantity":1,"price":66}],"date":"Jan 27, 2025, 2:16:40 PM"}
{"name":"Skeleton Hellhound","level":115,"killCount":-1,"type":"NPC","drops":[{"name":"Bones","id":526,"quantity":1,"price":66}],"date":"Jan 27, 2025, 2:18:18 PM"}
{"name":"Skeleton Hellhound","level":115,"killCount":-1,"type":"NPC","drops":[{"name":"Bones","id":526,"quantity":1,"price":66}],"date":"Jan 27, 2025, 2:18:29 PM"}
{"name":"Skeleton Hellhound","level":115,"killCount":-1,"type":"NPC","drops":[{"name":"Bones","id":526,"quantity":1,"price":66}],"date":"Jan 27, 2025, 2:19:53 PM"}
{"name":"Skeleton Hellhound","level":115,"killCount":-1,"type":"NPC","drops":[{"name":"Bones","id":526,"quantity":1,"price":66}],"date":"Jan 27, 2025, 2:19:57 PM"}
{"name":"Skeleton Hellhound","level":115,"killCount":-1,"type":"NPC","drops":[{"name":"Bones","id":526,"quantity":1,"price":66}],"date":"Jan 27, 2025, 2:21:20 PM"}
{"name":"Skeleton Hellhound","level":115,"killCount":-1,"type":"NPC","drops":[{"name":"Bones","id":526,"quantity":1,"price":66}],"date":"Jan 27, 2025, 2:21:34 PM"}
{"name":"Skeleton Hellhound","level":115,"killCount":-1,"type":"NPC","drops":[{"name":"Bones","id":526,"quantity":1,"price":66}],"date":"Jan 27, 2025, 2:24:14 PM"}
{"name":"Skeleton Hellhound","level":115,"killCount":-1,"type":"NPC","drops":[{"name":"Bones","id":526,"quantity":1,"price":66}],"date":"Jan 27, 2025, 2:24:20 PM"}
{"name":"Skeleton Hellhound","level":115,"killCount":-1,"type":"NPC","drops":[{"name":"Bones","id":526,"quantity":1,"price":66}],"date":"Jan 27, 2025, 2:26:09 PM"}
{"name":"Skeleton Hellhound","level":115,"killCount":-1,"type":"NPC","drops":[{"name":"Bones","id":526,"quantity":1,"price":66}],"date":"Jan 27, 2025, 2:26:12 PM"}
{"name":"Skeleton Hellhound","level":115,"killCount":-1,"type":"NPC","drops":[{"name":"Bones","id":526,"quantity":1,"price":66}],"date":"Jan 27, 2025, 2:27:17 PM"}
{"name":"Skeleton Hellhound","level":115,"killCount":-1,"type":"NPC","drops":[{"name":"Bones","id":526,"quantity":1,"price":66}],"date":"Jan 27, 2025, 2:27:20 PM"}
{"name":"Skeleton Hellhound","level":115,"killCount":-1,"type":"NPC","drops":[{"name":"Bones","id":526,"quantity":1,"price":66}],"date":"Jan 27, 2025, 2:28:42 PM"}
{"name":"Skeleton Hellhound","level":115,"killCount":-1,"type":"NPC","drops":[{"name":"Bones","id":526,"quantity":1,"price":66}],"date":"Jan 27, 2025, 2:28:48 PM"}
{"name":"Skeleton Hellhound","level":115,"killCount":-1,"type":"NPC","drops":[{"name":"Bones","id":526,"quantity":1,"price":66}],"date":"Jan 27, 2025, 2:30:13 PM"}
{"name":"Skeleton Hellhound","level":115,"killCount":-1,"type":"NPC","drops":[{"name":"Bones","id":526,"quantity":1,"price":66}],"date":"Jan 27, 2025, 2:30:17 PM"}
{"name":"Skeleton Hellhound","level":115,"killCount":-1,"type":"NPC","drops":[{"name":"Bones","id":526,"quantity":1,"price":66}],"date":"Jan 27, 2025, 2:31:48 PM"}
{"name":"Skeleton Hellhound","level":115,"killCount":-1,"type":"NPC","drops":[{"name":"Bones","id":526,"quantity":1,"price":66}],"date":"Jan 27, 2025, 2:31:51 PM"}
{"name":"Skeleton Hellhound","level":115,"killCount":-1,"type":"NPC","drops":[{"name":"Bones","id":526,"quantity":1,"price":66}],"date":"Jan 27, 2025, 2:33:23 PM"}
{"name":"Skeleton Hellhound","level":115,"killCount":-1,"type":"NPC","drops":[{"name":"Bones","id":526,"quantity":1,"price":66}],"date":"Jan 27, 2025, 2:33:26 PM"}
{"name":"Skeleton Hellhound","level":115,"killCount":-1,"type":"NPC","drops":[{"name":"Bones","id":526,"quantity":1,"price":66}],"date":"Jan 27, 2025, 2:34:38 PM"}
{"name":"Skeleton Hellhound","level":115,"killCount":-1,"type":"NPC","drops":[{"name":"Bones","id":526,"quantity":1,"price":66}],"date":"Jan 27, 2025, 2:34:44 PM"}
{"name":"Skeleton Hellhound","level":115,"killCount":-1,"type":"NPC","drops":[{"name":"Bones","id":526,"quantity":1,"price":66}],"date":"Jan 27, 2025, 2:36:14 PM"}
{"name":"Skeleton Hellhound","level":115,"killCount":-1,"type":"NPC","drops":[{"name":"Bones","id":526,"quantity":1,"price":66}],"date":"Jan 27, 2025, 2:36:20 PM"}
{"name":"Skeleton Hellhound","level":115,"killCount":-1,"type":"NPC","drops":[{"name":"Bones","id":526,"quantity":1,"price":66}],"date":"Jan 27, 2025, 2:37:49 PM"}
{"name":"Skeleton Hellhound","level":115,"killCount":-1,"type":"NPC","drops":[{"name":"Bones","id":526,"quantity":1,"price":66}],"date":"Jan 27, 2025, 2:37:55 PM"}
{"name":"Skeleton Hellhound","level":115,"killCount":-1,"type":"NPC","drops":[{"name":"Bones","id":526,"quantity":1,"price":66}],"date":"Jan 27, 2025, 2:39:06 PM"}
{"name":"Skeleton Hellhound","level":115,"killCount":-1,"type":"NPC","drops":[{"name":"Bones","id":526,"quantity":1,"price":66}],"date":"Jan 27, 2025, 2:39:09 PM"}
{"name":"Skeleton Hellhound","level":115,"killCount":-1,"type":"NPC","drops":[{"name":"Bones","id":526,"quantity":1,"price":66}],"date":"Jan 27, 2025, 2:40:25 PM"}
{"name":"Skeleton Hellhound","level":115,"killCount":-1,"type":"NPC","drops":[{"name":"Bones","id":526,"quantity":1,"price":66}],"date":"Jan 27, 2025, 2:40:32 PM"}
{"name":"Skeleton Hellhound","level":115,"killCount":-1,"type":"NPC","drops":[{"name":"Bones","id":526,"quantity":1,"price":66}],"date":"Jan 27, 2025, 2:42:04 PM"}
{"name":"Skeleton Hellhound","level":115,"killCount":-1,"type":"NPC","drops":[{"name":"Bones","id":526,"quantity":1,"price":66}],"date":"Jan 27, 2025, 2:42:10 PM"}
{"name":"Skeleton Hellhound","level":115,"killCount":-1,"type":"NPC","drops":[{"name":"Bones","id":526,"quantity":1,"price":66}],"date":"Jan 27, 2025, 2:44:07 PM"}
{"name":"Skeleton Hellhound","level":115,"killCount":-1,"type":"NPC","drops":[{"name":"Bones","id":526,"quantity":1,"price":66}],"date":"Jan 27, 2025, 2:44:18 PM"}
{"name":"Skeleton Hellhound","level":115,"killCount":-1,"type":"NPC","drops":[{"name":"Bones","id":526,"quantity":1,"price":66}],"date":"Jan 27, 2025, 2:45:49 PM"}
{"name":"Skeleton Hellhound","level":115,"killCount":-1,"type":"NPC","drops":[{"name":"Bones","id":526,"quantity":1,"price":66}],"date":"Jan 27, 2025, 2:45:54 PM"}
{"name":"Skeleton Hellhound","level":115,"killCount":-1,"type":"NPC","drops":[{"name":"Bones","id":526,"quantity":1,"price":66}],"date":"Jan 27, 2025, 2:47:14 PM"}
{"name":"Skeleton Hellhound","level":115,"killCount":-1,"type":"NPC","drops":[{"name":"Bones","id":526,"quantity":1,"price":66}],"date":"Jan 27, 2025, 2:47:18 PM"}
{"name":"Skeleton Hellhound","level":115,"killCount":-1,"type":"NPC","drops":[{"name":"Bones","id":526,"quantity":1,"price":66}],"date":"Jan 27, 2025, 2:56:58 PM"}
{"name":"Skeleton Hellhound","level":115,"killCount":-1,"type":"NPC","drops":[{"name":"Bones","id":526,"quantity":1,"price":66}],"date":"Jan 27, 2025, 2:57:00 PM"}
{"name":"Skeleton Hellhound","level":115,"killCount":-1,"type":"NPC","drops":[{"name":"Bones","id":526,"quantity":1,"price":66}],"date":"Jan 27, 2025, 2:58:29 PM"}
{"name":"Skeleton Hellhound","level":115,"killCount":-1,"type":"NPC","drops":[{"name":"Bones","id":526,"quantity":1,"price":66}],"date":"Jan 27, 2025, 2:58:32 PM"}
{"name":"Skeleton Hellhound","level":115,"killCount":-1,"type":"NPC","drops":[{"name":"Bones","id":526,"quantity":1,"price":66}],"date":"Jan 27, 2025, 3:00:03 PM"}
{"name":"Skeleton Hellhound","level":115,"killCount":-1,"type":"NPC","drops":[{"name":"Bones","id":526,"quantity":1,"price":66}],"date":"Jan 27, 2025, 3:00:06 PM"}
{"name":"Skeleton Hellhound","level":115,"killCount":-1,"type":"NPC","drops":[{"name":"Bones","id":526,"quantity":1,"price":66}],"date":"Jan 27, 2025, 3:02:30 PM"}
{"name":"Skeleton Hellhound","level":115,"killCount":-1,"type":"NPC","drops":[{"name":"Bones","id":526,"quantity":1,"price":66}],"date":"Jan 27, 2025, 3:02:36 PM"}
{"name":"Skeleton Hellhound","level":115,"killCount":-1,"type":"NPC","drops":[{"name":"Bones","id":526,"quantity":1,"price":66}],"date":"Jan 27, 2025, 3:04:06 PM"}
{"name":"Skeleton Hellhound","level":115,"killCount":-1,"type":"NPC","drops":[{"name":"Bones","id":526,"quantity":1,"price":66}],"date":"Jan 27, 2025, 3:04:15 PM"}
{"name":"Skeleton Hellhound","level":115,"killCount":-1,"type":"NPC","drops":[{"name":"Bones","id":526,"quantity":1,"price":66}],"date":"Jan 27, 2025, 3:05:18 PM"}
{"name":"Skeleton Hellhound","level":115,"killCount":-1,"type":"NPC","drops":[{"name":"Bones","id":526,"quantity":1,"price":66}],"date":"Jan 27, 2025, 3:05:29 PM"}
{"name":"Skeleton Hellhound","level":115,"killCount":-1,"type":"NPC","drops":[{"name":"Bones","id":526,"quantity":1,"price":66}],"date":"Jan 27, 2025, 3:07:27 PM"}
{"name":"Skeleton Hellhound","level":115,"killCount":-1,"type":"NPC","drops":[{"name":"Bones","id":526,"quantity":1,"price":66}],"date":"Jan 27, 2025, 3:07:36 PM"}
{"name":"Skeleton Hellhound","level":115,"killCount":-1,"type":"NPC","drops":[{"name":"Bones","id":526,"quantity":1,"price":66}],"date":"Jan 27, 2025, 3:09:11 PM"}
{"name":"Skeleton Hellhound","level":115,"killCount":-1,"type":"NPC","drops":[{"name":"Bones","id":526,"quantity":1,"price":66}],"date":"Jan 27, 2025, 3:09:14 PM"}
{"name":"Skeleton Hellhound","level":115,"killCount":-1,"type":"NPC","drops":[{"name":"Bones","id":526,"quantity":1,"price":66}],"date":"Jan 27, 2025, 3:10:44 PM"}
{"name":"Skeleton Hellhound","level":115,"killCount":-1,"type":"NPC","drops":[{"name":"Bones","id":526,"quantity":1,"price":66}],"date":"Jan 27, 2025, 3:10:59 PM"}
{"name":"Skeleton Hellhound","level":115,"killCount":-1,"type":"NPC","drops":[{"name":"Bones","id":526,"quantity":1,"price":66}],"date":"Jan 27, 2025, 3:12:29 PM"}
{"name":"Skeleton Hellhound","level":115,"killCount":-1,"type":"NPC","drops":[{"name":"Bones","id":526,"quantity":1,"price":66}],"date":"Jan 27, 2025, 3:12:36 PM"}
{"name":"Skeleton Hellhound","level":115,"killCount":-1,"type":"NPC","drops":[{"name":"Bones","id":526,"quantity":1,"price":66}],"date":"Jan 27, 2025, 3:13:40 PM"}
{"name":"Skeleton Hellhound","level":115,"killCount":-1,"type":"NPC","drops":[{"name":"Bones","id":526,"quantity":1,"price":66}],"date":"Jan 27, 2025, 3:13:46 PM"}
{"name":"Skeleton Hellhound","level":115,"killCount":-1,"type":"NPC","drops":[{"name":"Bones","id":526,"quantity":1,"price":66}],"date":"Jan 27, 2025, 3:15:25 PM"}
{"name":"Skeleton Hellhound","level":115,"killCount":-1,"type":"NPC","drops":[{"name":"Bones","id":526,"quantity":1,"price":66}],"date":"Jan 27, 2025, 3:15:28 PM"}
{"name":"Skeleton Hellhound","level":115,"killCount":-1,"type":"NPC","drops":[{"name":"Bones","id":526,"quantity":1,"price":66}],"date":"Jan 27, 2025, 3:16:54 PM"}
{"name":"Skeleton Hellhound","level":115,"killCount":-1,"type":"NPC","drops":[{"name":"Bones","id":526,"quantity":1,"price":66}],"date":"Jan 27, 2025, 3:17:02 PM"}
