{"name":"Skeletal Wyvern","level":140,"killCount":-1,"type":"NPC","drops":[{"name":"Wyvern bones","id":6812,"quantity":1,"price":1953},{"name":"Magic logs","id":1514,"quantity":35,"price":1039}],"date":"Mar 26, 2022, 10:58:17 PM"}
{"name":"Skeletal Wyvern","level":140,"killCount":-1,"type":"NPC","drops":[{"name":"Wyvern bones","id":6812,"quantity":1,"price":1953},{"name":"Prayer potion(4)","id":2434,"quantity":1,"price":10297},{"name":"Prayer potion(4)","id":2434,"quantity":1,"price":10297}],"date":"Mar 26, 2022, 10:59:06 PM"}
{"name":"Skeletal Wyvern","level":140,"killCount":-1,"type":"NPC","drops":[{"name":"Wyvern bones","id":6812,"quantity":1,"price":1953},{"name":"Rune full helm","id":1163,"quantity":1,"price":20514}],"date":"Mar 26, 2022, 10:59:57 PM"}
{"name":"Skeletal Wyvern","level":140,"killCount":-1,"type":"NPC","drops":[{"name":"Wyvern bones","id":6812,"quantity":1,"price":1953},{"name":"Tooth half of key","id":985,"quantity":1,"price":9669}],"date":"Mar 26, 2022, 11:00:33 PM"}
{"name":"Skeletal Wyvern","level":140,"killCount":-1,"type":"NPC","drops":[{"name":"Wyvern bones","id":6812,"quantity":1,"price":1953},{"name":"Dragon platelegs","id":4087,"quantity":1,"price":164180}],"date":"Mar 26, 2022, 11:01:05 PM"}
{"name":"Skeletal Wyvern","level":140,"killCount":-1,"type":"NPC","drops":[{"name":"Wyvern bones","id":6812,"quantity":1,"price":2780},{"name":"Water rune","id":555,"quantity":150,"price":5}],"date":"Jun 29, 2022, 2:24:33 PM"}
{"name":"Skeletal Wyvern","level":140,"killCount":-1,"type":"NPC","drops":[{"name":"Wyvern bones","id":6812,"quantity":1,"price":2780},{"name":"Coins","id":995,"quantity":300,"price":1}],"date":"Jun 29, 2022, 2:25:26 PM"}
{"name":"Skeletal Wyvern","level":140,"killCount":-1,"type":"NPC","drops":[{"name":"Wyvern bones","id":6812,"quantity":1,"price":2780},{"name":"Uncut diamond","id":1618,"quantity":5,"price":2828}],"date":"Jun 29, 2022, 2:26:06 PM"}
{"name":"Skeletal Wyvern","level":140,"killCount":-1,"type":"NPC","drops":[{"name":"Wyvern bones","id":6812,"quantity":1,"price":2780},{"name":"Rune battleaxe","id":1373,"quantity":1,"price":24448}],"date":"Jun 29, 2022, 2:26:42 PM"}
{"name":"Skeletal Wyvern","level":140,"killCount":-1,"type":"NPC","drops":[{"name":"Wyvern bones","id":6812,"quantity":1,"price":2780},{"name":"Rune battleaxe","id":1373,"quantity":1,"price":24448}],"date":"Jun 29, 2022, 2:27:15 PM"}
{"name":"Skeletal Wyvern","level":140,"killCount":-1,"type":"NPC","drops":[{"name":"Wyvern bones","id":6812,"quantity":1,"price":2780},{"name":"Pure essence","id":7937,"quantity":250,"price":2}],"date":"Jun 29, 2022, 2:28:02 PM"}
{"name":"Skeletal Wyvern","level":140,"killCount":-1,"type":"NPC","drops":[{"name":"Wyvern bones","id":6812,"quantity":1,"price":2780},{"name":"Magic logs","id":1514,"quantity":35,"price":1039}],"date":"Jun 29, 2022, 2:28:44 PM"}
{"name":"Skeletal Wyvern","level":140,"killCount":-1,"type":"NPC","drops":[{"name":"Wyvern bones","id":6812,"quantity":1,"price":2780},{"name":"Runite crossbow (u)","id":9465,"quantity":1,"price":9682}],"date":"Jun 29, 2022, 2:29:32 PM"}
{"name":"Skeletal Wyvern","level":140,"killCount":-1,"type":"NPC","drops":[{"name":"Wyvern bones","id":6812,"quantity":1,"price":2780},{"name":"Lobster","id":379,"quantity":1,"price":167},{"name":"Lobster","id":379,"quantity":1,"price":167},{"name":"Lobster","id":379,"quantity":1,"price":167},{"name":"Lobster","id":379,"quantity":1,"price":167},{"name":"Lobster","id":379,"quantity":1,"price":167},{"name":"Lobster","id":379,"quantity":1,"price":167}],"date":"Jun 29, 2022, 2:30:20 PM"}
{"name":"Skeletal Wyvern","level":140,"killCount":-1,"type":"NPC","drops":[{"name":"Wyvern bones","id":6812,"quantity":1,"price":2780},{"name":"Lobster","id":379,"quantity":1,"price":167},{"name":"Lobster","id":379,"quantity":1,"price":167},{"name":"Lobster","id":379,"quantity":1,"price":167},{"name":"Lobster","id":379,"quantity":1,"price":167},{"name":"Lobster","id":379,"quantity":1,"price":167},{"name":"Lobster","id":379,"quantity":1,"price":167}],"date":"Jun 29, 2022, 2:31:25 PM"}
{"name":"Skeletal Wyvern","level":140,"killCount":-1,"type":"NPC","drops":[{"name":"Wyvern bones","id":6812,"quantity":1,"price":2780},{"name":"Adamantite bar","id":2362,"quantity":10,"price":1993}],"date":"Jun 29, 2022, 2:32:22 PM"}
{"name":"Skeletal Wyvern","level":140,"killCount":-1,"type":"NPC","drops":[{"name":"Wyvern bones","id":6812,"quantity":1,"price":2780},{"name":"Grimy marrentill","id":201,"quantity":1,"price":22},{"name":"Grimy harralander","id":205,"quantity":1,"price":774},{"name":"Grimy tarromin","id":203,"quantity":1,"price":147}],"date":"Jun 29, 2022, 2:33:44 PM"}
{"name":"Skeletal Wyvern","level":140,"killCount":-1,"type":"NPC","drops":[{"name":"Wyvern bones","id":6812,"quantity":1,"price":2780},{"name":"Coins","id":995,"quantity":300,"price":1}],"date":"Jun 29, 2022, 2:34:58 PM"}
{"name":"Skeletal Wyvern","level":140,"killCount":-1,"type":"NPC","drops":[{"name":"Wyvern bones","id":6812,"quantity":1,"price":2780},{"name":"Lobster","id":379,"quantity":1,"price":167},{"name":"Lobster","id":379,"quantity":1,"price":167},{"name":"Lobster","id":379,"quantity":1,"price":167},{"name":"Lobster","id":379,"quantity":1,"price":167},{"name":"Lobster","id":379,"quantity":1,"price":167},{"name":"Lobster","id":379,"quantity":1,"price":167}],"date":"Jun 29, 2022, 2:35:23 PM"}
{"name":"Skeletal Wyvern","level":140,"killCount":-1,"type":"NPC","drops":[{"name":"Wyvern bones","id":6812,"quantity":1,"price":2780},{"name":"Dragon plateskirt","id":4585,"quantity":1,"price":161209}],"date":"Jun 29, 2022, 2:36:26 PM"}
{"name":"Skeletal Wyvern","level":140,"killCount":-1,"type":"NPC","drops":[{"name":"Wyvern bones","id":6812,"quantity":1,"price":2780},{"name":"Pure essence","id":7937,"quantity":250,"price":2}],"date":"Jun 29, 2022, 2:37:07 PM"}
{"name":"Skeletal Wyvern","level":140,"killCount":-1,"type":"NPC","drops":[{"name":"Wyvern bones","id":6812,"quantity":1,"price":2780},{"name":"Lobster","id":379,"quantity":1,"price":167},{"name":"Lobster","id":379,"quantity":1,"price":167},{"name":"Lobster","id":379,"quantity":1,"price":167},{"name":"Lobster","id":379,"quantity":1,"price":167},{"name":"Lobster","id":379,"quantity":1,"price":167},{"name":"Lobster","id":379,"quantity":1,"price":167}],"date":"Jun 29, 2022, 2:40:56 PM"}
{"name":"Skeletal Wyvern","level":140,"killCount":-1,"type":"NPC","drops":[{"name":"Wyvern bones","id":6812,"quantity":1,"price":2780},{"name":"Coins","id":995,"quantity":300,"price":1}],"date":"Jun 29, 2022, 2:41:23 PM"}
{"name":"Skeletal Wyvern","level":140,"killCount":-1,"type":"NPC","drops":[{"name":"Wyvern bones","id":6812,"quantity":1,"price":2780},{"name":"Coins","id":995,"quantity":300,"price":1}],"date":"Jun 29, 2022, 2:42:25 PM"}
{"name":"Skeletal Wyvern","level":140,"killCount":-1,"type":"NPC","drops":[{"name":"Wyvern bones","id":6812,"quantity":1,"price":2780},{"name":"Earth battlestaff","id":1399,"quantity":1,"price":8824}],"date":"Jun 29, 2022, 2:43:26 PM"}
{"name":"Skeletal Wyvern","level":140,"killCount":-1,"type":"NPC","drops":[{"name":"Wyvern bones","id":6812,"quantity":1,"price":2780},{"name":"Grimy harralander","id":205,"quantity":1,"price":774},{"name":"Grimy guam leaf","id":199,"quantity":1,"price":68},{"name":"Grimy irit leaf","id":209,"quantity":1,"price":731}],"date":"Jun 29, 2022, 2:43:56 PM"}
{"name":"Skeletal Wyvern","level":140,"killCount":-1,"type":"NPC","drops":[{"name":"Wyvern bones","id":6812,"quantity":1,"price":2780},{"name":"Adamant bolts","id":9143,"quantity":91,"price":186}],"date":"Jun 29, 2022, 2:44:54 PM"}
{"name":"Skeletal Wyvern","level":140,"killCount":-1,"type":"NPC","drops":[{"name":"Wyvern bones","id":6812,"quantity":1,"price":2780},{"name":"Coins","id":995,"quantity":300,"price":1}],"date":"Jun 29, 2022, 2:45:31 PM"}
{"name":"Skeletal Wyvern","level":140,"killCount":-1,"type":"NPC","drops":[{"name":"Wyvern bones","id":6812,"quantity":1,"price":2780},{"name":"Lobster","id":379,"quantity":1,"price":167},{"name":"Lobster","id":379,"quantity":1,"price":167},{"name":"Lobster","id":379,"quantity":1,"price":167},{"name":"Lobster","id":379,"quantity":1,"price":167},{"name":"Lobster","id":379,"quantity":1,"price":167},{"name":"Lobster","id":379,"quantity":1,"price":167}],"date":"Jun 29, 2022, 2:46:49 PM"}
{"name":"Skeletal Wyvern","level":140,"killCount":-1,"type":"NPC","drops":[{"name":"Wyvern bones","id":6812,"quantity":1,"price":2780},{"name":"Coins","id":995,"quantity":300,"price":1}],"date":"Jun 29, 2022, 2:47:42 PM"}
{"name":"Skeletal Wyvern","level":140,"killCount":-1,"type":"NPC","drops":[{"name":"Wyvern bones","id":6812,"quantity":1,"price":2780},{"name":"Lobster","id":379,"quantity":1,"price":167},{"name":"Lobster","id":379,"quantity":1,"price":167},{"name":"Lobster","id":379,"quantity":1,"price":167},{"name":"Lobster","id":379,"quantity":1,"price":167},{"name":"Lobster","id":379,"quantity":1,"price":167},{"name":"Lobster","id":379,"quantity":1,"price":167}],"date":"Jun 29, 2022, 2:48:22 PM"}
{"name":"Skeletal Wyvern","level":140,"killCount":-1,"type":"NPC","drops":[{"name":"Wyvern bones","id":6812,"quantity":1,"price":2780},{"name":"Magic logs","id":1514,"quantity":35,"price":1039}],"date":"Jun 29, 2022, 2:48:52 PM"}
{"name":"Skeletal Wyvern","level":140,"killCount":-1,"type":"NPC","drops":[{"name":"Wyvern bones","id":6812,"quantity":1,"price":2780},{"name":"Loop half of key","id":987,"quantity":1,"price":9407}],"date":"Jun 29, 2022, 2:49:46 PM"}
{"name":"Skeletal Wyvern","level":140,"killCount":-1,"type":"NPC","drops":[{"name":"Wyvern bones","id":6812,"quantity":1,"price":2780},{"name":"Rune axe","id":1359,"quantity":1,"price":7119}],"date":"Jun 29, 2022, 2:51:30 PM"}
{"name":"Skeletal Wyvern","level":140,"killCount":-1,"type":"NPC","drops":[{"name":"Wyvern bones","id":6812,"quantity":1,"price":2780},{"name":"Blood rune","id":565,"quantity":25,"price":352}],"date":"Jun 29, 2022, 2:52:06 PM"}
{"name":"Skeletal Wyvern","level":140,"killCount":-1,"type":"NPC","drops":[{"name":"Wyvern bones","id":6812,"quantity":1,"price":2780},{"name":"Ranarr seed","id":5295,"quantity":3,"price":58824}],"date":"Jun 29, 2022, 2:52:52 PM"}
{"name":"Skeletal Wyvern","level":140,"killCount":-1,"type":"NPC","drops":[{"name":"Wyvern bones","id":6812,"quantity":1,"price":2780},{"name":"Uncut diamond","id":1618,"quantity":5,"price":2828}],"date":"Jun 29, 2022, 2:53:33 PM"}
{"name":"Skeletal Wyvern","level":140,"killCount":-1,"type":"NPC","drops":[{"name":"Wyvern bones","id":6812,"quantity":1,"price":2780},{"name":"Tooth half of key","id":985,"quantity":1,"price":11275}],"date":"Jun 29, 2022, 2:54:27 PM"}
{"name":"Skeletal Wyvern","level":140,"killCount":-1,"type":"NPC","drops":[{"name":"Wyvern bones","id":6812,"quantity":1,"price":2780},{"name":"Iron ore","id":441,"quantity":200,"price":121}],"date":"Jun 29, 2022, 2:55:09 PM"}
{"name":"Skeletal Wyvern","level":140,"killCount":-1,"type":"NPC","drops":[{"name":"Wyvern bones","id":6812,"quantity":1,"price":2780},{"name":"Blood rune","id":565,"quantity":25,"price":352}],"date":"Jun 29, 2022, 2:55:43 PM"}
{"name":"Skeletal Wyvern","level":140,"killCount":-1,"type":"NPC","drops":[{"name":"Wyvern bones","id":6812,"quantity":1,"price":2780},{"name":"Air rune","id":556,"quantity":225,"price":5}],"date":"Jun 29, 2022, 2:58:53 PM"}
{"name":"Skeletal Wyvern","level":140,"killCount":-1,"type":"NPC","drops":[{"name":"Wyvern bones","id":6812,"quantity":1,"price":2824},{"name":"Grimy dwarf weed","id":217,"quantity":1,"price":865},{"name":"Grimy guam leaf","id":199,"quantity":1,"price":68},{"name":"Grimy tarromin","id":203,"quantity":1,"price":143}],"date":"Jul 2, 2022, 1:16:42 PM"}
{"name":"Skeletal Wyvern","level":140,"killCount":-1,"type":"NPC","drops":[{"name":"Wyvern bones","id":6812,"quantity":1,"price":2824},{"name":"Rune kiteshield","id":1201,"quantity":1,"price":32037}],"date":"Jul 2, 2022, 1:18:02 PM"}
{"name":"Skeletal Wyvern","level":140,"killCount":-1,"type":"NPC","drops":[{"name":"Wyvern bones","id":6812,"quantity":1,"price":2824},{"name":"Lobster","id":379,"quantity":1,"price":170},{"name":"Lobster","id":379,"quantity":1,"price":170},{"name":"Lobster","id":379,"quantity":1,"price":170},{"name":"Lobster","id":379,"quantity":1,"price":170},{"name":"Lobster","id":379,"quantity":1,"price":170},{"name":"Lobster","id":379,"quantity":1,"price":170}],"date":"Jul 2, 2022, 1:18:32 PM"}
{"name":"Skeletal Wyvern","level":140,"killCount":-1,"type":"NPC","drops":[{"name":"Wyvern bones","id":6812,"quantity":1,"price":2824},{"name":"Adamantite bar","id":2362,"quantity":10,"price":2014}],"date":"Jul 2, 2022, 1:19:06 PM"}
{"name":"Skeletal Wyvern","level":140,"killCount":-1,"type":"NPC","drops":[{"name":"Wyvern bones","id":6812,"quantity":1,"price":2824},{"name":"Rune warhammer","id":1347,"quantity":1,"price":24398}],"date":"Jul 2, 2022, 1:20:00 PM"}
{"name":"Skeletal Wyvern","level":140,"killCount":-1,"type":"NPC","drops":[{"name":"Wyvern bones","id":6812,"quantity":1,"price":2824},{"name":"Pure essence","id":7937,"quantity":250,"price":1}],"date":"Jul 2, 2022, 1:20:29 PM"}
{"name":"Skeletal Wyvern","level":140,"killCount":-1,"type":"NPC","drops":[{"name":"Wyvern bones","id":6812,"quantity":1,"price":2824},{"name":"Air rune","id":556,"quantity":225,"price":5}],"date":"Jul 2, 2022, 1:21:43 PM"}
{"name":"Skeletal Wyvern","level":140,"killCount":-1,"type":"NPC","drops":[{"name":"Wyvern bones","id":6812,"quantity":1,"price":2824},{"name":"Law rune","id":563,"quantity":45,"price":139}],"date":"Jul 2, 2022, 1:22:20 PM"}
{"name":"Skeletal Wyvern","level":140,"killCount":-1,"type":"NPC","drops":[{"name":"Wyvern bones","id":6812,"quantity":1,"price":2824},{"name":"Snapdragon seed","id":5300,"quantity":1,"price":82491}],"date":"Jul 2, 2022, 1:23:25 PM"}
{"name":"Skeletal Wyvern","level":140,"killCount":-1,"type":"NPC","drops":[{"name":"Wyvern bones","id":6812,"quantity":1,"price":2824},{"name":"Uncut diamond","id":1618,"quantity":5,"price":2836}],"date":"Jul 2, 2022, 1:24:15 PM"}
{"name":"Skeletal Wyvern","level":140,"killCount":-1,"type":"NPC","drops":[{"name":"Wyvern bones","id":6812,"quantity":1,"price":2824},{"name":"Coins","id":995,"quantity":300,"price":1}],"date":"Jul 2, 2022, 1:24:51 PM"}
{"name":"Skeletal Wyvern","level":140,"killCount":-1,"type":"NPC","drops":[{"name":"Wyvern bones","id":6812,"quantity":1,"price":2824},{"name":"Air rune","id":556,"quantity":225,"price":5}],"date":"Jul 2, 2022, 1:25:22 PM"}
{"name":"Skeletal Wyvern","level":140,"killCount":-1,"type":"NPC","drops":[{"name":"Wyvern bones","id":6812,"quantity":1,"price":2824},{"name":"Rune kiteshield","id":1201,"quantity":1,"price":32037}],"date":"Jul 2, 2022, 1:26:23 PM"}
{"name":"Skeletal Wyvern","level":140,"killCount":-1,"type":"NPC","drops":[{"name":"Wyvern bones","id":6812,"quantity":1,"price":2824},{"name":"Iron ore","id":441,"quantity":200,"price":140}],"date":"Jul 2, 2022, 1:27:10 PM"}
{"name":"Skeletal Wyvern","level":140,"killCount":-1,"type":"NPC","drops":[{"name":"Wyvern bones","id":6812,"quantity":1,"price":2824},{"name":"Chaos rune","id":562,"quantity":80,"price":72}],"date":"Jul 2, 2022, 1:27:44 PM"}
{"name":"Skeletal Wyvern","level":140,"killCount":-1,"type":"NPC","drops":[{"name":"Wyvern bones","id":6812,"quantity":1,"price":2824},{"name":"Pure essence","id":7937,"quantity":250,"price":1}],"date":"Jul 2, 2022, 1:30:24 PM"}
{"name":"Skeletal Wyvern","level":140,"killCount":-1,"type":"NPC","drops":[{"name":"Wyvern bones","id":6812,"quantity":1,"price":2824},{"name":"Prayer potion(4)","id":2434,"quantity":1,"price":12524},{"name":"Prayer potion(4)","id":2434,"quantity":1,"price":12524}],"date":"Jul 2, 2022, 1:31:25 PM"}
{"name":"Skeletal Wyvern","level":140,"killCount":-1,"type":"NPC","drops":[{"name":"Wyvern bones","id":6812,"quantity":1,"price":2824},{"name":"Runite bolts","id":9144,"quantity":39,"price":256}],"date":"Jul 2, 2022, 1:32:17 PM"}
{"name":"Skeletal Wyvern","level":140,"killCount":-1,"type":"NPC","drops":[{"name":"Wyvern bones","id":6812,"quantity":1,"price":2824},{"name":"Rune warhammer","id":1347,"quantity":1,"price":24398}],"date":"Jul 2, 2022, 1:32:46 PM"}
{"name":"Skeletal Wyvern","level":140,"killCount":-1,"type":"NPC","drops":[{"name":"Wyvern bones","id":6812,"quantity":1,"price":2824},{"name":"Rune battleaxe","id":1373,"quantity":1,"price":24921}],"date":"Jul 2, 2022, 1:33:09 PM"}
{"name":"Skeletal Wyvern","level":140,"killCount":-1,"type":"NPC","drops":[{"name":"Wyvern bones","id":6812,"quantity":1,"price":2824},{"name":"Coins","id":995,"quantity":300,"price":1}],"date":"Jul 2, 2022, 1:33:54 PM"}
{"name":"Skeletal Wyvern","level":140,"killCount":-1,"type":"NPC","drops":[{"name":"Wyvern bones","id":6812,"quantity":1,"price":2824},{"name":"Coins","id":995,"quantity":300,"price":1}],"date":"Jul 2, 2022, 1:34:34 PM"}
{"name":"Skeletal Wyvern","level":140,"killCount":-1,"type":"NPC","drops":[{"name":"Wyvern bones","id":6812,"quantity":1,"price":2824},{"name":"Runite crossbow (u)","id":9465,"quantity":1,"price":9500}],"date":"Jul 2, 2022, 1:35:37 PM"}
{"name":"Skeletal Wyvern","level":140,"killCount":-1,"type":"NPC","drops":[{"name":"Wyvern bones","id":6812,"quantity":1,"price":2824},{"name":"Prayer potion(4)","id":2434,"quantity":1,"price":12524},{"name":"Prayer potion(4)","id":2434,"quantity":1,"price":12524}],"date":"Jul 2, 2022, 1:36:25 PM"}
{"name":"Skeletal Wyvern","level":140,"killCount":-1,"type":"NPC","drops":[{"name":"Wyvern bones","id":6812,"quantity":1,"price":2824},{"name":"Death rune","id":560,"quantity":40,"price":185}],"date":"Jul 2, 2022, 1:36:51 PM"}
{"name":"Skeletal Wyvern","level":140,"killCount":-1,"type":"NPC","drops":[{"name":"Wyvern bones","id":6812,"quantity":1,"price":2824},{"name":"Coins","id":995,"quantity":300,"price":1}],"date":"Jul 2, 2022, 1:38:02 PM"}
{"name":"Skeletal Wyvern","level":140,"killCount":-1,"type":"NPC","drops":[{"name":"Wyvern bones","id":6812,"quantity":1,"price":2824},{"name":"Coins","id":995,"quantity":300,"price":1}],"date":"Jul 2, 2022, 1:38:54 PM"}
{"name":"Skeletal Wyvern","level":140,"killCount":-1,"type":"NPC","drops":[{"name":"Wyvern bones","id":6812,"quantity":1,"price":2824},{"name":"Air rune","id":556,"quantity":225,"price":5}],"date":"Jul 2, 2022, 1:41:33 PM"}
{"name":"Skeletal Wyvern","level":140,"killCount":-1,"type":"NPC","drops":[{"name":"Wyvern bones","id":6812,"quantity":1,"price":2824},{"name":"Prayer potion(4)","id":2434,"quantity":1,"price":12482},{"name":"Prayer potion(4)","id":2434,"quantity":1,"price":12482}],"date":"Jul 2, 2022, 1:41:53 PM"}
{"name":"Skeletal Wyvern","level":140,"killCount":-1,"type":"NPC","drops":[{"name":"Wyvern bones","id":6812,"quantity":1,"price":2824},{"name":"Pure essence","id":7937,"quantity":250,"price":1}],"date":"Jul 2, 2022, 1:42:40 PM"}
{"name":"Skeletal Wyvern","level":140,"killCount":-1,"type":"NPC","drops":[{"name":"Wyvern bones","id":6812,"quantity":1,"price":2824},{"name":"Law rune","id":563,"quantity":45,"price":143}],"date":"Jul 2, 2022, 1:43:35 PM"}
{"name":"Skeletal Wyvern","level":140,"killCount":-1,"type":"NPC","drops":[{"name":"Wyvern bones","id":6812,"quantity":1,"price":2824},{"name":"Blood rune","id":565,"quantity":25,"price":352}],"date":"Jul 2, 2022, 1:44:34 PM"}
{"name":"Skeletal Wyvern","level":140,"killCount":-1,"type":"NPC","drops":[{"name":"Wyvern bones","id":6812,"quantity":1,"price":2824},{"name":"Grimy marrentill","id":201,"quantity":1,"price":20},{"name":"Grimy harralander","id":205,"quantity":1,"price":760},{"name":"Grimy guam leaf","id":199,"quantity":1,"price":68}],"date":"Jul 2, 2022, 1:45:00 PM"}
{"name":"Skeletal Wyvern","level":140,"killCount":-1,"type":"NPC","drops":[{"name":"Wyvern bones","id":6812,"quantity":1,"price":2824},{"name":"Death rune","id":560,"quantity":40,"price":186}],"date":"Jul 2, 2022, 1:46:06 PM"}
{"name":"Skeletal Wyvern","level":140,"killCount":-1,"type":"NPC","drops":[{"name":"Wyvern bones","id":6812,"quantity":1,"price":2824},{"name":"Rune full helm","id":1163,"quantity":1,"price":20534}],"date":"Jul 2, 2022, 1:47:14 PM"}
{"name":"Skeletal Wyvern","level":140,"killCount":-1,"type":"NPC","drops":[{"name":"Wyvern bones","id":6812,"quantity":1,"price":2824},{"name":"Grimy irit leaf","id":209,"quantity":1,"price":735},{"name":"Grimy tarromin","id":203,"quantity":1,"price":147},{"name":"Grimy cadantine","id":215,"quantity":1,"price":1558}],"date":"Jul 2, 2022, 1:48:03 PM"}
{"name":"Skeletal Wyvern","level":140,"killCount":-1,"type":"NPC","drops":[{"name":"Wyvern bones","id":6812,"quantity":1,"price":2647},{"name":"Coins","id":995,"quantity":300,"price":1}],"date":"Jul 9, 2022, 10:21:58 PM"}
{"name":"Skeletal Wyvern","level":140,"killCount":-1,"type":"NPC","drops":[{"name":"Wyvern bones","id":6812,"quantity":1,"price":2647},{"name":"Iron ore","id":441,"quantity":200,"price":121}],"date":"Jul 9, 2022, 10:22:31 PM"}
{"name":"Skeletal Wyvern","level":140,"killCount":-1,"type":"NPC","drops":[{"name":"Wyvern bones","id":6812,"quantity":1,"price":2647},{"name":"Pure essence","id":7937,"quantity":250,"price":1}],"date":"Jul 9, 2022, 10:23:25 PM"}
{"name":"Skeletal Wyvern","level":140,"killCount":-1,"type":"NPC","drops":[{"name":"Wyvern bones","id":6812,"quantity":1,"price":2647},{"name":"Uncut ruby","id":1620,"quantity":10,"price":1266}],"date":"Jul 9, 2022, 10:23:57 PM"}
{"name":"Skeletal Wyvern","level":140,"killCount":-1,"type":"NPC","drops":[{"name":"Wyvern bones","id":6812,"quantity":1,"price":2647},{"name":"Pure essence","id":7937,"quantity":250,"price":1}],"date":"Jul 9, 2022, 10:24:49 PM"}
{"name":"Skeletal Wyvern","level":140,"killCount":-1,"type":"NPC","drops":[{"name":"Wyvern bones","id":6812,"quantity":1,"price":2647},{"name":"Clue scroll (elite)","id":19784,"quantity":1,"price":0},{"name":"Chaos rune","id":562,"quantity":80,"price":72}],"date":"Jul 9, 2022, 10:25:27 PM"}
{"name":"Skeletal Wyvern","level":140,"killCount":-1,"type":"NPC","drops":[{"name":"Wyvern bones","id":6812,"quantity":1,"price":2647},{"name":"Blood rune","id":565,"quantity":25,"price":361}],"date":"Jul 9, 2022, 10:26:30 PM"}
{"name":"Skeletal Wyvern","level":140,"killCount":-1,"type":"NPC","drops":[{"name":"Wyvern bones","id":6812,"quantity":1,"price":2647},{"name":"Chaos rune","id":562,"quantity":80,"price":72}],"date":"Jul 9, 2022, 10:27:10 PM"}
{"name":"Skeletal Wyvern","level":140,"killCount":-1,"type":"NPC","drops":[{"name":"Wyvern bones","id":6812,"quantity":1,"price":2647},{"name":"Pure essence","id":7937,"quantity":250,"price":1}],"date":"Jul 9, 2022, 10:28:13 PM"}
{"name":"Skeletal Wyvern","level":140,"killCount":-1,"type":"NPC","drops":[{"name":"Wyvern bones","id":6812,"quantity":1,"price":2613},{"name":"Uncut diamond","id":1618,"quantity":5,"price":2825}],"date":"Jul 9, 2022, 10:29:12 PM"}
{"name":"Skeletal Wyvern","level":140,"killCount":-1,"type":"NPC","drops":[{"name":"Wyvern bones","id":6812,"quantity":1,"price":2613},{"name":"Death rune","id":560,"quantity":45,"price":183}],"date":"Jul 9, 2022, 10:29:51 PM"}
{"name":"Skeletal Wyvern","level":140,"killCount":-1,"type":"NPC","drops":[{"name":"Wyvern bones","id":6812,"quantity":1,"price":2613},{"name":"Rune arrow","id":892,"quantity":36,"price":66}],"date":"Jul 9, 2022, 10:32:26 PM"}
{"name":"Skeletal Wyvern","level":140,"killCount":-1,"type":"NPC","drops":[{"name":"Wyvern bones","id":6812,"quantity":1,"price":2613},{"name":"Lobster","id":379,"quantity":1,"price":169},{"name":"Lobster","id":379,"quantity":1,"price":169},{"name":"Lobster","id":379,"quantity":1,"price":169},{"name":"Lobster","id":379,"quantity":1,"price":169},{"name":"Lobster","id":379,"quantity":1,"price":169},{"name":"Lobster","id":379,"quantity":1,"price":169}],"date":"Jul 9, 2022, 10:32:58 PM"}
{"name":"Skeletal Wyvern","level":140,"killCount":-1,"type":"NPC","drops":[{"name":"Wyvern bones","id":6812,"quantity":1,"price":2613},{"name":"Grimy irit leaf","id":209,"quantity":1,"price":719},{"name":"Grimy guam leaf","id":199,"quantity":1,"price":56},{"name":"Grimy marrentill","id":201,"quantity":1,"price":33}],"date":"Jul 9, 2022, 10:33:26 PM"}
{"name":"Skeletal Wyvern","level":140,"killCount":-1,"type":"NPC","drops":[{"name":"Wyvern bones","id":6812,"quantity":1,"price":2613},{"name":"Adamantite bar","id":2362,"quantity":10,"price":1988}],"date":"Jul 9, 2022, 10:34:11 PM"}
{"name":"Skeletal Wyvern","level":140,"killCount":-1,"type":"NPC","drops":[{"name":"Wyvern bones","id":6812,"quantity":1,"price":2613},{"name":"Snapdragon seed","id":5300,"quantity":1,"price":78961}],"date":"Jul 9, 2022, 10:35:09 PM"}
{"name":"Skeletal Wyvern","level":140,"killCount":-1,"type":"NPC","drops":[{"name":"Wyvern bones","id":6812,"quantity":1,"price":2613},{"name":"Earth battlestaff","id":1399,"quantity":1,"price":8938}],"date":"Jul 9, 2022, 10:35:53 PM"}
{"name":"Skeletal Wyvern","level":140,"killCount":-1,"type":"NPC","drops":[{"name":"Wyvern bones","id":6812,"quantity":1,"price":2613},{"name":"Water rune","id":555,"quantity":150,"price":5}],"date":"Jul 9, 2022, 10:36:40 PM"}
{"name":"Skeletal Wyvern","level":140,"killCount":-1,"type":"NPC","drops":[{"name":"Wyvern bones","id":6812,"quantity":1,"price":2613},{"name":"Uncut diamond","id":1618,"quantity":5,"price":2825}],"date":"Jul 9, 2022, 10:37:40 PM"}
{"name":"Skeletal Wyvern","level":140,"killCount":-1,"type":"NPC","drops":[{"name":"Wyvern bones","id":6812,"quantity":1,"price":2613},{"name":"Lobster","id":379,"quantity":1,"price":169},{"name":"Lobster","id":379,"quantity":1,"price":169},{"name":"Lobster","id":379,"quantity":1,"price":169},{"name":"Lobster","id":379,"quantity":1,"price":169},{"name":"Lobster","id":379,"quantity":1,"price":169},{"name":"Lobster","id":379,"quantity":1,"price":169}],"date":"Jul 9, 2022, 10:38:17 PM"}
{"name":"Skeletal Wyvern","level":140,"killCount":-1,"type":"NPC","drops":[{"name":"Wyvern bones","id":6812,"quantity":1,"price":2613},{"name":"Water rune","id":555,"quantity":150,"price":5}],"date":"Jul 9, 2022, 10:38:54 PM"}
{"name":"Skeletal Wyvern","level":140,"killCount":-1,"type":"NPC","drops":[{"name":"Wyvern bones","id":6812,"quantity":1,"price":2613},{"name":"Death rune","id":560,"quantity":40,"price":183}],"date":"Jul 9, 2022, 10:39:52 PM"}
{"name":"Skeletal Wyvern","level":140,"killCount":-1,"type":"NPC","drops":[{"name":"Wyvern bones","id":6812,"quantity":1,"price":2613},{"name":"Grimy avantoe","id":211,"quantity":1,"price":1781},{"name":"Grimy guam leaf","id":199,"quantity":1,"price":56},{"name":"Grimy marrentill","id":201,"quantity":1,"price":33}],"date":"Jul 9, 2022, 10:40:44 PM"}
{"name":"Skeletal Wyvern","level":140,"killCount":-1,"type":"NPC","drops":[{"name":"Wyvern bones","id":6812,"quantity":1,"price":2613},{"name":"Rune axe","id":1359,"quantity":1,"price":7168}],"date":"Jul 9, 2022, 10:41:35 PM"}
{"name":"Skeletal Wyvern","level":140,"killCount":-1,"type":"NPC","drops":[{"name":"Wyvern bones","id":6812,"quantity":1,"price":2613},{"name":"Dragon plateskirt","id":4585,"quantity":1,"price":162073}],"date":"Jul 9, 2022, 10:42:16 PM"}
{"name":"Skeletal Wyvern","level":140,"killCount":-1,"type":"NPC","drops":[{"name":"Wyvern bones","id":6812,"quantity":1,"price":2613},{"name":"Rune full helm","id":1163,"quantity":1,"price":20496}],"date":"Jul 9, 2022, 10:43:04 PM"}
{"name":"Skeletal Wyvern","level":140,"killCount":-1,"type":"NPC","drops":[{"name":"Wyvern bones","id":6812,"quantity":1,"price":2613},{"name":"Grimy tarromin","id":203,"quantity":1,"price":110},{"name":"Grimy tarromin","id":203,"quantity":1,"price":110},{"name":"Grimy tarromin","id":203,"quantity":1,"price":110}],"date":"Jul 9, 2022, 10:46:10 PM"}
{"name":"Skeletal Wyvern","level":140,"killCount":-1,"type":"NPC","drops":[{"name":"Wyvern bones","id":6812,"quantity":1,"price":2613},{"name":"Coins","id":995,"quantity":300,"price":1}],"date":"Jul 9, 2022, 10:46:56 PM"}
{"name":"Skeletal Wyvern","level":140,"killCount":-1,"type":"NPC","drops":[{"name":"Wyvern bones","id":6812,"quantity":1,"price":2613},{"name":"Water rune","id":555,"quantity":150,"price":5}],"date":"Jul 9, 2022, 10:47:23 PM"}
{"name":"Skeletal Wyvern","level":140,"killCount":-1,"type":"NPC","drops":[{"name":"Wyvern bones","id":6812,"quantity":1,"price":2613},{"name":"Uncut ruby","id":1620,"quantity":10,"price":1230}],"date":"Jul 9, 2022, 10:48:01 PM"}
{"name":"Skeletal Wyvern","level":140,"killCount":-1,"type":"NPC","drops":[{"name":"Wyvern bones","id":6812,"quantity":1,"price":2613},{"name":"Uncut ruby","id":1620,"quantity":10,"price":1230}],"date":"Jul 9, 2022, 10:49:03 PM"}
{"name":"Skeletal Wyvern","level":140,"killCount":-1,"type":"NPC","drops":[{"name":"Wyvern bones","id":6812,"quantity":1,"price":2613},{"name":"Magic logs","id":1514,"quantity":35,"price":1039}],"date":"Jul 9, 2022, 10:50:01 PM"}
