{"name":"Skeleton","level":25,"killCount":-1,"type":"NPC","drops":[{"name":"Bones","id":526,"quantity":1,"price":36}],"date":"May 15, 2022, 12:40:28 AM"}
{"name":"Skeleton","level":21,"killCount":-1,"type":"NPC","drops":[{"name":"Bones","id":526,"quantity":1,"price":77}],"date":"Jul 9, 2022, 1:03:23 AM"}
{"name":"Skeleton","level":77,"killCount":-1,"type":"NPC","drops":[{"name":"Bones","id":526,"quantity":1,"price":72}],"date":"Aug 6, 2022, 9:52:49 PM"}
{"name":"Skeleton","level":77,"killCount":-1,"type":"NPC","drops":[{"name":"Bones","id":526,"quantity":1,"price":65}],"date":"Aug 6, 2022, 10:34:57 PM"}
{"name":"Skeleton","level":77,"killCount":-1,"type":"NPC","drops":[{"name":"Bones","id":526,"quantity":1,"price":67}],"date":"Aug 29, 2022, 10:57:05 PM"}
{"name":"Skeleton","level":77,"killCount":-1,"type":"NPC","drops":[{"name":"Bones","id":526,"quantity":1,"price":67}],"date":"Aug 30, 2022, 12:19:23 AM"}
{"name":"Skeleton","level":77,"killCount":-1,"type":"NPC","drops":[{"name":"Bones","id":526,"quantity":1,"price":67}],"date":"Aug 30, 2022, 12:30:24 AM"}
{"name":"Skeleton","level":77,"killCount":-1,"type":"NPC","drops":[{"name":"Bones","id":526,"quantity":1,"price":67}],"date":"Aug 30, 2022, 12:31:03 AM"}
{"name":"Skeleton","level":77,"killCount":-1,"type":"NPC","drops":[{"name":"Bones","id":526,"quantity":1,"price":63}],"date":"Aug 30, 2022, 12:42:45 AM"}
{"name":"Skeleton","level":77,"killCount":-1,"type":"NPC","drops":[{"name":"Bones","id":526,"quantity":1,"price":67}],"date":"Aug 30, 2022, 1:18:26 AM"}
{"name":"Skeleton","level":77,"killCount":-1,"type":"NPC","drops":[{"name":"Bones","id":526,"quantity":1,"price":68}],"date":"Sep 16, 2022, 5:14:12 PM"}
{"name":"Skeleton","level":77,"killCount":-1,"type":"NPC","drops":[{"name":"Bones","id":526,"quantity":1,"price":68}],"date":"Sep 16, 2022, 5:17:47 PM"}
{"name":"Skeleton","level":77,"killCount":-1,"type":"NPC","drops":[{"name":"Bones","id":526,"quantity":1,"price":74}],"date":"Nov 28, 2022, 1:00:22 PM"}
{"name":"Skeleton","level":77,"killCount":-1,"type":"NPC","drops":[{"name":"Bones","id":526,"quantity":1,"price":74}],"date":"Nov 28, 2022, 1:05:07 PM"}
{"name":"Skeleton","level":77,"killCount":-1,"type":"NPC","drops":[{"name":"Bones","id":526,"quantity":1,"price":74}],"date":"Nov 28, 2022, 1:05:12 PM"}
{"name":"Skeleton","level":77,"killCount":-1,"type":"NPC","drops":[{"name":"Bones","id":526,"quantity":1,"price":74}],"date":"Nov 28, 2022, 1:05:23 PM"}
{"name":"Skeleton","level":77,"killCount":-1,"type":"NPC","drops":[{"name":"Bones","id":526,"quantity":1,"price":74}],"date":"Nov 28, 2022, 1:23:16 PM"}
{"name":"Skeleton","level":77,"killCount":-1,"type":"NPC","drops":[{"name":"Bones","id":526,"quantity":1,"price":74}],"date":"Nov 28, 2022, 1:34:34 PM"}
{"name":"Skeleton","level":77,"killCount":-1,"type":"NPC","drops":[{"name":"Bones","id":526,"quantity":1,"price":74}],"date":"Nov 28, 2022, 1:42:50 PM"}
{"name":"Skeleton","level":77,"killCount":-1,"type":"NPC","drops":[{"name":"Bones","id":526,"quantity":1,"price":74}],"date":"Nov 28, 2022, 1:46:54 PM"}
{"name":"Skeleton","level":77,"killCount":-1,"type":"NPC","drops":[{"name":"Bones","id":526,"quantity":1,"price":74}],"date":"Nov 28, 2022, 2:46:52 PM"}
{"name":"Skeleton","level":77,"killCount":-1,"type":"NPC","drops":[{"name":"Bones","id":526,"quantity":1,"price":74}],"date":"Nov 28, 2022, 2:47:41 PM"}
{"name":"Skeleton","level":77,"killCount":-1,"type":"NPC","drops":[{"name":"Bones","id":526,"quantity":1,"price":74}],"date":"Nov 28, 2022, 3:02:09 PM"}
{"name":"Skeleton","level":77,"killCount":-1,"type":"NPC","drops":[{"name":"Bones","id":526,"quantity":1,"price":74}],"date":"Nov 28, 2022, 3:02:25 PM"}
{"name":"Skeleton","level":77,"killCount":-1,"type":"NPC","drops":[{"name":"Bones","id":526,"quantity":1,"price":74}],"date":"Nov 28, 2022, 3:09:24 PM"}
{"name":"Skeleton","level":77,"killCount":-1,"type":"NPC","drops":[{"name":"Bones","id":526,"quantity":1,"price":74}],"date":"Nov 28, 2022, 3:13:02 PM"}
{"name":"Skeleton","level":77,"killCount":-1,"type":"NPC","drops":[{"name":"Bones","id":526,"quantity":1,"price":74}],"date":"Nov 28, 2022, 3:22:26 PM"}
{"name":"Skeleton","level":77,"killCount":-1,"type":"NPC","drops":[{"name":"Bones","id":526,"quantity":1,"price":74}],"date":"Nov 28, 2022, 3:26:08 PM"}
{"name":"Skeleton","level":77,"killCount":-1,"type":"NPC","drops":[{"name":"Bones","id":526,"quantity":1,"price":74}],"date":"Nov 28, 2022, 3:29:41 PM"}
{"name":"Skeleton","level":77,"killCount":-1,"type":"NPC","drops":[{"name":"Bones","id":526,"quantity":1,"price":74}],"date":"Nov 28, 2022, 3:37:28 PM"}
{"name":"Skeleton","level":77,"killCount":-1,"type":"NPC","drops":[{"name":"Bones","id":526,"quantity":1,"price":73}],"date":"Dec 4, 2022, 1:06:48 AM"}
{"name":"Skeleton","level":77,"killCount":-1,"type":"NPC","drops":[{"name":"Bones","id":526,"quantity":1,"price":73}],"date":"Dec 4, 2022, 1:09:45 AM"}
{"name":"Skeleton","level":77,"killCount":-1,"type":"NPC","drops":[{"name":"Bones","id":526,"quantity":1,"price":73}],"date":"Dec 4, 2022, 1:13:12 AM"}
{"name":"Skeleton","level":77,"killCount":-1,"type":"NPC","drops":[{"name":"Bones","id":526,"quantity":1,"price":73}],"date":"Dec 4, 2022, 1:23:34 AM"}
{"name":"Skeleton","level":77,"killCount":-1,"type":"NPC","drops":[{"name":"Bones","id":526,"quantity":1,"price":73}],"date":"Dec 5, 2022, 12:37:55 AM"}
{"name":"Skeleton","level":77,"killCount":-1,"type":"NPC","drops":[{"name":"Bones","id":526,"quantity":1,"price":73}],"date":"Dec 5, 2022, 1:08:18 PM"}
{"name":"Skeleton","level":77,"killCount":-1,"type":"NPC","drops":[{"name":"Bones","id":526,"quantity":1,"price":73}],"date":"Dec 5, 2022, 1:11:06 PM"}
{"name":"Skeleton","level":77,"killCount":-1,"type":"NPC","drops":[{"name":"Bones","id":526,"quantity":1,"price":73}],"date":"Dec 5, 2022, 1:24:40 PM"}
{"name":"Skeleton","level":77,"killCount":-1,"type":"NPC","drops":[{"name":"Bones","id":526,"quantity":1,"price":73}],"date":"Dec 5, 2022, 1:27:57 PM"}
{"name":"Skeleton","level":77,"killCount":-1,"type":"NPC","drops":[{"name":"Bones","id":526,"quantity":1,"price":75}],"date":"Dec 21, 2022, 7:44:13 PM"}
{"name":"Skeleton","level":77,"killCount":-1,"type":"NPC","drops":[{"name":"Bones","id":526,"quantity":1,"price":75}],"date":"Dec 21, 2022, 8:08:16 PM"}
{"name":"Skeleton","level":77,"killCount":-1,"type":"NPC","drops":[{"name":"Bones","id":526,"quantity":1,"price":75}],"date":"Dec 21, 2022, 11:03:29 PM"}
{"name":"Skeleton","level":77,"killCount":-1,"type":"NPC","drops":[{"name":"Bones","id":526,"quantity":1,"price":75}],"date":"Dec 21, 2022, 11:10:00 PM"}
{"name":"Skeleton","level":77,"killCount":-1,"type":"NPC","drops":[{"name":"Bones","id":526,"quantity":1,"price":75}],"date":"Dec 29, 2022, 1:31:03 PM"}
{"name":"Skeleton","level":77,"killCount":-1,"type":"NPC","drops":[{"name":"Bones","id":526,"quantity":1,"price":75}],"date":"Dec 29, 2022, 1:58:47 PM"}
{"name":"Skeleton","level":77,"killCount":-1,"type":"NPC","drops":[{"name":"Bones","id":526,"quantity":1,"price":75}],"date":"Dec 29, 2022, 2:23:11 PM"}
{"name":"Skeleton","level":77,"killCount":-1,"type":"NPC","drops":[{"name":"Bones","id":526,"quantity":1,"price":70}],"date":"Dec 31, 2022, 12:56:59 PM"}
{"name":"Skeleton","level":77,"killCount":-1,"type":"NPC","drops":[{"name":"Bones","id":526,"quantity":1,"price":70}],"date":"Dec 31, 2022, 6:10:07 PM"}
{"name":"Skeleton","level":77,"killCount":-1,"type":"NPC","drops":[{"name":"Bones","id":526,"quantity":1,"price":70}],"date":"Dec 31, 2022, 6:19:55 PM"}
{"name":"Skeleton","level":77,"killCount":-1,"type":"NPC","drops":[{"name":"Bones","id":526,"quantity":1,"price":70}],"date":"Dec 31, 2022, 6:33:31 PM"}
{"name":"Skeleton","level":77,"killCount":-1,"type":"NPC","drops":[{"name":"Bones","id":526,"quantity":1,"price":73}],"date":"Jan 13, 2023, 11:51:56 PM"}
{"name":"Skeleton","level":77,"killCount":-1,"type":"NPC","drops":[{"name":"Bones","id":526,"quantity":1,"price":73}],"date":"Jan 14, 2023, 12:13:32 AM"}
{"name":"Skeleton","level":21,"killCount":-1,"type":"NPC","drops":[{"name":"Bones","id":526,"quantity":1,"price":66}],"date":"Mar 5, 2023, 2:03:17 AM"}
{"name":"Skeleton","level":21,"killCount":-1,"type":"NPC","drops":[{"name":"Bones","id":526,"quantity":1,"price":66},{"name":"Coins","id":995,"quantity":12,"price":1}],"date":"Mar 5, 2023, 2:03:19 AM"}
{"name":"Skeleton","level":77,"killCount":-1,"type":"NPC","drops":[{"name":"Bones","id":526,"quantity":1,"price":53}],"date":"Jun 8, 2023, 4:31:47 PM"}
{"name":"Skeleton","level":77,"killCount":-1,"type":"NPC","drops":[{"name":"Bones","id":526,"quantity":1,"price":53}],"date":"Jun 8, 2023, 5:45:31 PM"}
{"name":"Skeleton","level":77,"killCount":-1,"type":"NPC","drops":[{"name":"Bones","id":526,"quantity":1,"price":54}],"date":"Jun 10, 2023, 10:46:38 PM"}
{"name":"Skeleton","level":77,"killCount":-1,"type":"NPC","drops":[{"name":"Bones","id":526,"quantity":1,"price":54}],"date":"Jun 10, 2023, 10:55:43 PM"}
{"name":"Skeleton","level":77,"killCount":-1,"type":"NPC","drops":[{"name":"Bones","id":526,"quantity":1,"price":54}],"date":"Jun 10, 2023, 11:44:19 PM"}
{"name":"Skeleton","level":77,"killCount":-1,"type":"NPC","drops":[{"name":"Bones","id":526,"quantity":1,"price":54}],"date":"Jun 10, 2023, 11:47:40 PM"}
{"name":"Skeleton","level":77,"killCount":-1,"type":"NPC","drops":[{"name":"Bones","id":526,"quantity":1,"price":54}],"date":"Jun 10, 2023, 11:50:37 PM"}
{"name":"Skeleton","level":77,"killCount":-1,"type":"NPC","drops":[{"name":"Bones","id":526,"quantity":1,"price":54}],"date":"Jun 10, 2023, 11:54:06 PM"}
{"name":"Skeleton","level":77,"killCount":-1,"type":"NPC","drops":[{"name":"Bones","id":526,"quantity":1,"price":54}],"date":"Jun 10, 2023, 11:57:50 PM"}
{"name":"Skeleton","level":77,"killCount":-1,"type":"NPC","drops":[{"name":"Bones","id":526,"quantity":1,"price":54}],"date":"Jun 11, 2023, 12:00:57 AM"}
{"name":"Skeleton","level":77,"killCount":-1,"type":"NPC","drops":[{"name":"Bones","id":526,"quantity":1,"price":54}],"date":"Jun 11, 2023, 12:05:20 AM"}
{"name":"Skeleton","level":77,"killCount":-1,"type":"NPC","drops":[{"name":"Bones","id":526,"quantity":1,"price":55}],"date":"Jun 23, 2023, 5:51:50 PM"}
{"name":"Skeleton","level":77,"killCount":-1,"type":"NPC","drops":[{"name":"Bones","id":526,"quantity":1,"price":55}],"date":"Jun 23, 2023, 5:56:48 PM"}
{"name":"Skeleton","level":77,"killCount":-1,"type":"NPC","drops":[{"name":"Bones","id":526,"quantity":1,"price":55}],"date":"Jun 23, 2023, 6:04:34 PM"}
{"name":"Skeleton","level":77,"killCount":-1,"type":"NPC","drops":[{"name":"Bones","id":526,"quantity":1,"price":55}],"date":"Jun 23, 2023, 6:08:02 PM"}
{"name":"Skeleton","level":77,"killCount":-1,"type":"NPC","drops":[{"name":"Bones","id":526,"quantity":1,"price":55}],"date":"Jun 23, 2023, 6:11:35 PM"}
{"name":"Skeleton","level":77,"killCount":-1,"type":"NPC","drops":[{"name":"Bones","id":526,"quantity":1,"price":55}],"date":"Jun 23, 2023, 6:15:33 PM"}
{"name":"Skeleton","level":77,"killCount":-1,"type":"NPC","drops":[{"name":"Bones","id":526,"quantity":1,"price":55}],"date":"Jun 23, 2023, 6:18:36 PM"}
{"name":"Skeleton","level":77,"killCount":-1,"type":"NPC","drops":[{"name":"Bones","id":526,"quantity":1,"price":55}],"date":"Jun 23, 2023, 6:19:12 PM"}
{"name":"Skeleton","level":77,"killCount":-1,"type":"NPC","drops":[{"name":"Bones","id":526,"quantity":1,"price":55}],"date":"Jun 23, 2023, 6:31:01 PM"}
{"name":"Skeleton","level":77,"killCount":-1,"type":"NPC","drops":[{"name":"Bones","id":526,"quantity":1,"price":55}],"date":"Jun 23, 2023, 6:31:31 PM"}
{"name":"Skeleton","level":77,"killCount":-1,"type":"NPC","drops":[{"name":"Bones","id":526,"quantity":1,"price":55}],"date":"Jun 23, 2023, 6:45:59 PM"}
{"name":"Skeleton","level":77,"killCount":-1,"type":"NPC","drops":[{"name":"Bones","id":526,"quantity":1,"price":55}],"date":"Jun 23, 2023, 6:46:04 PM"}
{"name":"Skeleton","level":77,"killCount":-1,"type":"NPC","drops":[{"name":"Bones","id":526,"quantity":1,"price":55}],"date":"Jun 23, 2023, 7:04:05 PM"}
{"name":"Skeleton","level":77,"killCount":-1,"type":"NPC","drops":[{"name":"Bones","id":526,"quantity":1,"price":55}],"date":"Jun 23, 2023, 7:13:52 PM"}
{"name":"Skeleton","level":77,"killCount":-1,"type":"NPC","drops":[{"name":"Bones","id":526,"quantity":1,"price":55}],"date":"Jun 23, 2023, 7:41:20 PM"}
{"name":"Skeleton","level":77,"killCount":-1,"type":"NPC","drops":[{"name":"Bones","id":526,"quantity":1,"price":59}],"date":"Jun 30, 2023, 8:56:03 AM"}
{"name":"Skeleton","level":25,"killCount":-1,"type":"NPC","drops":[{"name":"Bones","id":526,"quantity":1,"price":63},{"name":"Coins","id":995,"quantity":25,"price":1}],"date":"Aug 9, 2023, 1:03:59 PM"}
{"name":"Skeleton","level":25,"killCount":-1,"type":"NPC","drops":[{"name":"Bones","id":526,"quantity":1,"price":63}],"date":"Aug 9, 2023, 1:04:21 PM"}
{"name":"Skeleton","level":77,"killCount":-1,"type":"NPC","drops":[{"name":"Bones","id":526,"quantity":1,"price":79}],"date":"Nov 3, 2023, 11:29:31 PM"}
