{"name":"Spawn","level":60,"killCount":-1,"type":"NPC","drops":[{"name":"Fiendish ashes","id":25766,"quantity":1,"price":136}],"date":"Oct 26, 2022, 2:32:20 PM"}
{"name":"Spawn","level":60,"killCount":-1,"type":"NPC","drops":[{"name":"Fiendish ashes","id":25766,"quantity":1,"price":136}],"date":"Oct 26, 2022, 2:32:25 PM"}
{"name":"Spawn","level":60,"killCount":-1,"type":"NPC","drops":[{"name":"Fiendish ashes","id":25766,"quantity":1,"price":136}],"date":"Oct 26, 2022, 2:50:20 PM"}
{"name":"Spawn","level":60,"killCount":-1,"type":"NPC","drops":[{"name":"Fiendish ashes","id":25766,"quantity":1,"price":136}],"date":"Oct 26, 2022, 3:03:25 PM"}
{"name":"Spawn","level":60,"killCount":-1,"type":"NPC","drops":[{"name":"Fiendish ashes","id":25766,"quantity":1,"price":136}],"date":"Oct 26, 2022, 3:04:40 PM"}
{"name":"Spawn","level":60,"killCount":-1,"type":"NPC","drops":[{"name":"Fiendish ashes","id":25766,"quantity":1,"price":136},{"name":"Fiendish ashes","id":25766,"quantity":1,"price":136}],"date":"Oct 26, 2022, 3:04:42 PM"}
{"name":"Spawn","level":60,"killCount":-1,"type":"NPC","drops":[{"name":"Fiendish ashes","id":25766,"quantity":1,"price":136}],"date":"Oct 26, 2022, 3:04:42 PM"}
{"name":"Spawn","level":60,"killCount":-1,"type":"NPC","drops":[{"name":"Fiendish ashes","id":25766,"quantity":1,"price":136}],"date":"Oct 26, 2022, 3:10:58 PM"}
{"name":"Spawn","level":60,"killCount":-1,"type":"NPC","drops":[{"name":"Fiendish ashes","id":25766,"quantity":1,"price":136}],"date":"Oct 26, 2022, 3:11:21 PM"}
{"name":"Spawn","level":60,"killCount":-1,"type":"NPC","drops":[{"name":"Fiendish ashes","id":25766,"quantity":1,"price":136}],"date":"Oct 26, 2022, 3:11:21 PM"}
{"name":"Spawn","level":60,"killCount":-1,"type":"NPC","drops":[{"name":"Fiendish ashes","id":25766,"quantity":1,"price":136}],"date":"Oct 26, 2022, 3:36:08 PM"}
{"name":"Spawn","level":60,"killCount":-1,"type":"NPC","drops":[{"name":"Fiendish ashes","id":25766,"quantity":1,"price":136}],"date":"Oct 26, 2022, 4:17:59 PM"}
{"name":"Spawn","level":60,"killCount":-1,"type":"NPC","drops":[{"name":"Fiendish ashes","id":25766,"quantity":1,"price":136}],"date":"Oct 26, 2022, 4:18:03 PM"}
{"name":"Spawn","level":60,"killCount":-1,"type":"NPC","drops":[{"name":"Fiendish ashes","id":25766,"quantity":1,"price":136}],"date":"Oct 27, 2022, 9:56:53 AM"}
{"name":"Spawn","level":60,"killCount":-1,"type":"NPC","drops":[{"name":"Fiendish ashes","id":25766,"quantity":1,"price":136}],"date":"Oct 27, 2022, 9:57:01 AM"}
{"name":"Spawn","level":60,"killCount":-1,"type":"NPC","drops":[{"name":"Fiendish ashes","id":25766,"quantity":1,"price":136}],"date":"Oct 27, 2022, 10:38:53 AM"}
{"name":"Spawn","level":60,"killCount":-1,"type":"NPC","drops":[{"name":"Fiendish ashes","id":25766,"quantity":1,"price":157}],"date":"May 3, 2023, 7:44:35 PM"}
{"name":"Spawn","level":60,"killCount":-1,"type":"NPC","drops":[{"name":"Fiendish ashes","id":25766,"quantity":1,"price":163}],"date":"May 4, 2023, 1:40:07 PM"}
{"name":"Spawn","level":60,"killCount":-1,"type":"NPC","drops":[{"name":"Fiendish ashes","id":25766,"quantity":1,"price":163}],"date":"May 4, 2023, 4:30:01 PM"}
{"name":"Spawn","level":60,"killCount":-1,"type":"NPC","drops":[{"name":"Fiendish ashes","id":25766,"quantity":1,"price":163}],"date":"May 4, 2023, 4:30:20 PM"}
{"name":"Spawn","level":60,"killCount":-1,"type":"NPC","drops":[{"name":"Fiendish ashes","id":25766,"quantity":1,"price":163}],"date":"May 5, 2023, 11:38:09 AM"}
{"name":"Spawn","level":60,"killCount":-1,"type":"NPC","drops":[{"name":"Fiendish ashes","id":25766,"quantity":1,"price":163}],"date":"May 5, 2023, 12:12:03 PM"}
{"name":"Spawn","level":60,"killCount":-1,"type":"NPC","drops":[{"name":"Fiendish ashes","id":25766,"quantity":1,"price":163}],"date":"May 5, 2023, 12:12:19 PM"}
{"name":"Spawn","level":60,"killCount":-1,"type":"NPC","drops":[{"name":"Fiendish ashes","id":25766,"quantity":1,"price":150}],"date":"May 18, 2023, 10:48:38 PM"}
{"name":"Spawn","level":60,"killCount":-1,"type":"NPC","drops":[{"name":"Fiendish ashes","id":25766,"quantity":1,"price":150}],"date":"May 18, 2023, 10:49:08 PM"}
{"name":"Spawn","level":60,"killCount":-1,"type":"NPC","drops":[{"name":"Fiendish ashes","id":25766,"quantity":1,"price":150}],"date":"May 18, 2023, 10:49:11 PM"}
{"name":"Spawn","level":60,"killCount":-1,"type":"NPC","drops":[{"name":"Fiendish ashes","id":25766,"quantity":1,"price":149}],"date":"May 19, 2023, 9:04:51 AM"}
{"name":"Spawn","level":60,"killCount":-1,"type":"NPC","drops":[{"name":"Fiendish ashes","id":25766,"quantity":1,"price":149}],"date":"May 19, 2023, 9:05:07 AM"}
{"name":"Spawn","level":60,"killCount":-1,"type":"NPC","drops":[{"name":"Fiendish ashes","id":25766,"quantity":1,"price":143},{"name":"Fiendish ashes","id":25766,"quantity":1,"price":143}],"date":"Nov 27, 2023, 3:59:05 PM"}
{"name":"Spawn","level":60,"killCount":-1,"type":"NPC","drops":[{"name":"Fiendish ashes","id":25766,"quantity":1,"price":143}],"date":"Nov 27, 2023, 3:59:05 PM"}
{"name":"Spawn","level":60,"killCount":-1,"type":"NPC","drops":[{"name":"Fiendish ashes","id":25766,"quantity":1,"price":143}],"date":"Nov 27, 2023, 3:59:06 PM"}
{"name":"Spawn","level":60,"killCount":-1,"type":"NPC","drops":[{"name":"Fiendish ashes","id":25766,"quantity":1,"price":143}],"date":"Nov 27, 2023, 4:00:24 PM"}
{"name":"Spawn","level":60,"killCount":-1,"type":"NPC","drops":[{"name":"Fiendish ashes","id":25766,"quantity":1,"price":143}],"date":"Nov 27, 2023, 4:00:24 PM"}
{"name":"Spawn","level":60,"killCount":-1,"type":"NPC","drops":[{"name":"Fiendish ashes","id":25766,"quantity":1,"price":143}],"date":"Nov 27, 2023, 4:00:24 PM"}
{"name":"Spawn","level":60,"killCount":-1,"type":"NPC","drops":[{"name":"Fiendish ashes","id":25766,"quantity":1,"price":143}],"date":"Nov 27, 2023, 4:01:44 PM"}
{"name":"Spawn","level":60,"killCount":-1,"type":"NPC","drops":[{"name":"Fiendish ashes","id":25766,"quantity":1,"price":143}],"date":"Nov 27, 2023, 4:01:44 PM"}
{"name":"Spawn","level":60,"killCount":-1,"type":"NPC","drops":[{"name":"Fiendish ashes","id":25766,"quantity":1,"price":143}],"date":"Nov 27, 2023, 4:01:44 PM"}
{"name":"Spawn","level":60,"killCount":-1,"type":"NPC","drops":[{"name":"Fiendish ashes","id":25766,"quantity":1,"price":143}],"date":"Nov 27, 2023, 4:03:02 PM"}
{"name":"Spawn","level":60,"killCount":-1,"type":"NPC","drops":[{"name":"Fiendish ashes","id":25766,"quantity":1,"price":143}],"date":"Nov 27, 2023, 4:03:04 PM"}
{"name":"Spawn","level":60,"killCount":-1,"type":"NPC","drops":[{"name":"Fiendish ashes","id":25766,"quantity":1,"price":143}],"date":"Nov 27, 2023, 4:08:16 PM"}
{"name":"Spawn","level":60,"killCount":-1,"type":"NPC","drops":[{"name":"Fiendish ashes","id":25766,"quantity":1,"price":143},{"name":"Fiendish ashes","id":25766,"quantity":1,"price":143}],"date":"Nov 27, 2023, 4:08:30 PM"}
{"name":"Spawn","level":60,"killCount":-1,"type":"NPC","drops":[{"name":"Fiendish ashes","id":25766,"quantity":1,"price":143},{"name":"Fiendish ashes","id":25766,"quantity":1,"price":143}],"date":"Nov 27, 2023, 4:08:30 PM"}
{"name":"Spawn","level":60,"killCount":-1,"type":"NPC","drops":[{"name":"Fiendish ashes","id":25766,"quantity":1,"price":143},{"name":"Fiendish ashes","id":25766,"quantity":1,"price":143},{"name":"Fiendish ashes","id":25766,"quantity":1,"price":143}],"date":"Nov 27, 2023, 4:09:51 PM"}
{"name":"Spawn","level":60,"killCount":-1,"type":"NPC","drops":[{"name":"Fiendish ashes","id":25766,"quantity":1,"price":143}],"date":"Nov 27, 2023, 4:09:51 PM"}
{"name":"Spawn","level":60,"killCount":-1,"type":"NPC","drops":[{"name":"Fiendish ashes","id":25766,"quantity":1,"price":143}],"date":"Nov 27, 2023, 4:12:43 PM"}
{"name":"Spawn","level":60,"killCount":-1,"type":"NPC","drops":[{"name":"Fiendish ashes","id":25766,"quantity":1,"price":143}],"date":"Nov 27, 2023, 4:12:43 PM"}
{"name":"Spawn","level":60,"killCount":-1,"type":"NPC","drops":[{"name":"Fiendish ashes","id":25766,"quantity":1,"price":143}],"date":"Nov 27, 2023, 4:12:43 PM"}
{"name":"Spawn","level":60,"killCount":-1,"type":"NPC","drops":[{"name":"Fiendish ashes","id":25766,"quantity":1,"price":143},{"name":"Fiendish ashes","id":25766,"quantity":1,"price":143}],"date":"Nov 27, 2023, 4:12:52 PM"}
{"name":"Spawn","level":60,"killCount":-1,"type":"NPC","drops":[{"name":"Fiendish ashes","id":25766,"quantity":1,"price":143}],"date":"Nov 27, 2023, 4:12:52 PM"}
{"name":"Spawn","level":60,"killCount":-1,"type":"NPC","drops":[{"name":"Fiendish ashes","id":25766,"quantity":1,"price":143}],"date":"Nov 27, 2023, 4:12:53 PM"}
{"name":"Spawn","level":60,"killCount":-1,"type":"NPC","drops":[{"name":"Fiendish ashes","id":25766,"quantity":1,"price":143}],"date":"Nov 27, 2023, 4:18:29 PM"}
{"name":"Spawn","level":60,"killCount":-1,"type":"NPC","drops":[{"name":"Fiendish ashes","id":25766,"quantity":1,"price":143}],"date":"Nov 27, 2023, 4:18:29 PM"}
{"name":"Spawn","level":60,"killCount":-1,"type":"NPC","drops":[{"name":"Fiendish ashes","id":25766,"quantity":1,"price":143}],"date":"Nov 27, 2023, 4:18:29 PM"}
{"name":"Spawn","level":60,"killCount":-1,"type":"NPC","drops":[{"name":"Fiendish ashes","id":25766,"quantity":1,"price":143}],"date":"Nov 27, 2023, 4:18:31 PM"}
{"name":"Spawn","level":60,"killCount":-1,"type":"NPC","drops":[{"name":"Fiendish ashes","id":25766,"quantity":1,"price":143}],"date":"Nov 27, 2023, 4:19:47 PM"}
{"name":"Spawn","level":60,"killCount":-1,"type":"NPC","drops":[{"name":"Fiendish ashes","id":25766,"quantity":1,"price":143}],"date":"Nov 27, 2023, 4:19:47 PM"}
{"name":"Spawn","level":60,"killCount":-1,"type":"NPC","drops":[{"name":"Fiendish ashes","id":25766,"quantity":1,"price":143},{"name":"Fiendish ashes","id":25766,"quantity":1,"price":143},{"name":"Fiendish ashes","id":25766,"quantity":1,"price":143}],"date":"Nov 27, 2023, 4:19:54 PM"}
{"name":"Spawn","level":60,"killCount":-1,"type":"NPC","drops":[{"name":"Fiendish ashes","id":25766,"quantity":1,"price":143},{"name":"Fiendish ashes","id":25766,"quantity":1,"price":143},{"name":"Fiendish ashes","id":25766,"quantity":1,"price":143}],"date":"Nov 27, 2023, 4:19:57 PM"}
{"name":"Spawn","level":60,"killCount":-1,"type":"NPC","drops":[{"name":"Fiendish ashes","id":25766,"quantity":1,"price":143}],"date":"Nov 27, 2023, 4:22:30 PM"}
{"name":"Spawn","level":60,"killCount":-1,"type":"NPC","drops":[{"name":"Fiendish ashes","id":25766,"quantity":1,"price":143}],"date":"Nov 27, 2023, 4:22:30 PM"}
{"name":"Spawn","level":60,"killCount":-1,"type":"NPC","drops":[{"name":"Fiendish ashes","id":25766,"quantity":1,"price":143},{"name":"Fiendish ashes","id":25766,"quantity":1,"price":143}],"date":"Nov 27, 2023, 4:22:37 PM"}
{"name":"Spawn","level":60,"killCount":-1,"type":"NPC","drops":[{"name":"Fiendish ashes","id":25766,"quantity":1,"price":143}],"date":"Nov 27, 2023, 4:23:54 PM"}
{"name":"Spawn","level":60,"killCount":-1,"type":"NPC","drops":[{"name":"Fiendish ashes","id":25766,"quantity":1,"price":143},{"name":"Fiendish ashes","id":25766,"quantity":1,"price":143},{"name":"Fiendish ashes","id":25766,"quantity":1,"price":143}],"date":"Nov 27, 2023, 4:23:55 PM"}
{"name":"Spawn","level":60,"killCount":-1,"type":"NPC","drops":[{"name":"Fiendish ashes","id":25766,"quantity":1,"price":143}],"date":"Nov 27, 2023, 4:26:47 PM"}
{"name":"Spawn","level":60,"killCount":-1,"type":"NPC","drops":[{"name":"Fiendish ashes","id":25766,"quantity":1,"price":143},{"name":"Fiendish ashes","id":25766,"quantity":1,"price":143}],"date":"Nov 27, 2023, 4:26:48 PM"}
{"name":"Spawn","level":60,"killCount":-1,"type":"NPC","drops":[{"name":"Fiendish ashes","id":25766,"quantity":1,"price":143}],"date":"Nov 27, 2023, 4:26:48 PM"}
{"name":"Spawn","level":60,"killCount":-1,"type":"NPC","drops":[{"name":"Fiendish ashes","id":25766,"quantity":1,"price":143},{"name":"Fiendish ashes","id":25766,"quantity":1,"price":143},{"name":"Fiendish ashes","id":25766,"quantity":1,"price":143}],"date":"Nov 27, 2023, 4:26:54 PM"}
{"name":"Spawn","level":60,"killCount":-1,"type":"NPC","drops":[{"name":"Fiendish ashes","id":25766,"quantity":1,"price":143}],"date":"Nov 27, 2023, 4:26:54 PM"}
{"name":"Spawn","level":60,"killCount":-1,"type":"NPC","drops":[{"name":"Fiendish ashes","id":25766,"quantity":1,"price":143}],"date":"Nov 27, 2023, 4:26:54 PM"}
{"name":"Spawn","level":60,"killCount":-1,"type":"NPC","drops":[{"name":"Fiendish ashes","id":25766,"quantity":1,"price":143}],"date":"Nov 27, 2023, 4:26:55 PM"}
{"name":"Spawn","level":60,"killCount":-1,"type":"NPC","drops":[{"name":"Fiendish ashes","id":25766,"quantity":1,"price":143}],"date":"Nov 27, 2023, 4:30:21 PM"}
{"name":"Spawn","level":60,"killCount":-1,"type":"NPC","drops":[{"name":"Fiendish ashes","id":25766,"quantity":1,"price":143},{"name":"Fiendish ashes","id":25766,"quantity":1,"price":143}],"date":"Nov 27, 2023, 4:30:34 PM"}
{"name":"Spawn","level":60,"killCount":-1,"type":"NPC","drops":[{"name":"Fiendish ashes","id":25766,"quantity":1,"price":143},{"name":"Fiendish ashes","id":25766,"quantity":1,"price":143},{"name":"Fiendish ashes","id":25766,"quantity":1,"price":143},{"name":"Fiendish ashes","id":25766,"quantity":1,"price":143}],"date":"Nov 27, 2023, 4:30:34 PM"}
{"name":"Spawn","level":60,"killCount":-1,"type":"NPC","drops":[{"name":"Fiendish ashes","id":25766,"quantity":1,"price":143},{"name":"Fiendish ashes","id":25766,"quantity":1,"price":143},{"name":"Fiendish ashes","id":25766,"quantity":1,"price":143}],"date":"Nov 27, 2023, 4:32:03 PM"}
{"name":"Spawn","level":60,"killCount":-1,"type":"NPC","drops":[{"name":"Fiendish ashes","id":25766,"quantity":1,"price":143}],"date":"Nov 27, 2023, 4:32:03 PM"}
{"name":"Spawn","level":60,"killCount":-1,"type":"NPC","drops":[{"name":"Fiendish ashes","id":25766,"quantity":1,"price":143}],"date":"Nov 27, 2023, 4:32:06 PM"}
{"name":"Spawn","level":60,"killCount":-1,"type":"NPC","drops":[{"name":"Fiendish ashes","id":25766,"quantity":1,"price":143}],"date":"Nov 27, 2023, 4:32:06 PM"}
{"name":"Spawn","level":60,"killCount":-1,"type":"NPC","drops":[{"name":"Fiendish ashes","id":25766,"quantity":1,"price":143}],"date":"Nov 27, 2023, 4:34:21 PM"}
{"name":"Spawn","level":60,"killCount":-1,"type":"NPC","drops":[{"name":"Fiendish ashes","id":25766,"quantity":1,"price":143}],"date":"Nov 27, 2023, 4:34:21 PM"}
{"name":"Spawn","level":60,"killCount":-1,"type":"NPC","drops":[{"name":"Fiendish ashes","id":25766,"quantity":1,"price":143},{"name":"Fiendish ashes","id":25766,"quantity":1,"price":143}],"date":"Nov 27, 2023, 4:34:22 PM"}
{"name":"Spawn","level":60,"killCount":-1,"type":"NPC","drops":[{"name":"Fiendish ashes","id":25766,"quantity":1,"price":143}],"date":"Nov 27, 2023, 4:34:22 PM"}
{"name":"Spawn","level":60,"killCount":-1,"type":"NPC","drops":[{"name":"Fiendish ashes","id":25766,"quantity":1,"price":143}],"date":"Nov 27, 2023, 4:34:22 PM"}
{"name":"Spawn","level":60,"killCount":-1,"type":"NPC","drops":[{"name":"Fiendish ashes","id":25766,"quantity":1,"price":143},{"name":"Fiendish ashes","id":25766,"quantity":1,"price":143},{"name":"Fiendish ashes","id":25766,"quantity":1,"price":143}],"date":"Nov 27, 2023, 4:37:09 PM"}
{"name":"Spawn","level":60,"killCount":-1,"type":"NPC","drops":[{"name":"Fiendish ashes","id":25766,"quantity":1,"price":143}],"date":"Nov 27, 2023, 4:37:13 PM"}
{"name":"Spawn","level":60,"killCount":-1,"type":"NPC","drops":[{"name":"Fiendish ashes","id":25766,"quantity":1,"price":143}],"date":"Nov 27, 2023, 4:37:13 PM"}
{"name":"Spawn","level":60,"killCount":-1,"type":"NPC","drops":[{"name":"Fiendish ashes","id":25766,"quantity":1,"price":143}],"date":"Nov 27, 2023, 4:37:14 PM"}
{"name":"Spawn","level":60,"killCount":-1,"type":"NPC","drops":[{"name":"Fiendish ashes","id":25766,"quantity":1,"price":143}],"date":"Nov 27, 2023, 4:37:14 PM"}
{"name":"Spawn","level":60,"killCount":-1,"type":"NPC","drops":[{"name":"Fiendish ashes","id":25766,"quantity":1,"price":143},{"name":"Fiendish ashes","id":25766,"quantity":1,"price":143}],"date":"Nov 27, 2023, 4:37:16 PM"}
{"name":"Spawn","level":60,"killCount":-1,"type":"NPC","drops":[{"name":"Fiendish ashes","id":25766,"quantity":1,"price":143},{"name":"Fiendish ashes","id":25766,"quantity":1,"price":143},{"name":"Fiendish ashes","id":25766,"quantity":1,"price":143}],"date":"Nov 27, 2023, 4:39:59 PM"}
{"name":"Spawn","level":60,"killCount":-1,"type":"NPC","drops":[{"name":"Fiendish ashes","id":25766,"quantity":1,"price":143},{"name":"Fiendish ashes","id":25766,"quantity":1,"price":143}],"date":"Nov 27, 2023, 4:40:00 PM"}
{"name":"Spawn","level":60,"killCount":-1,"type":"NPC","drops":[{"name":"Fiendish ashes","id":25766,"quantity":1,"price":143},{"name":"Fiendish ashes","id":25766,"quantity":1,"price":143},{"name":"Fiendish ashes","id":25766,"quantity":1,"price":143},{"name":"Fiendish ashes","id":25766,"quantity":1,"price":143}],"date":"Nov 27, 2023, 4:40:00 PM"}
{"name":"Spawn","level":60,"killCount":-1,"type":"NPC","drops":[{"name":"Fiendish ashes","id":25766,"quantity":1,"price":143}],"date":"Nov 27, 2023, 4:40:51 PM"}
{"name":"Spawn","level":60,"killCount":-1,"type":"NPC","drops":[{"name":"Fiendish ashes","id":25766,"quantity":1,"price":143},{"name":"Fiendish ashes","id":25766,"quantity":1,"price":143}],"date":"Nov 27, 2023, 4:41:02 PM"}
{"name":"Spawn","level":60,"killCount":-1,"type":"NPC","drops":[{"name":"Fiendish ashes","id":25766,"quantity":1,"price":143}],"date":"Nov 27, 2023, 4:41:02 PM"}
{"name":"Spawn","level":60,"killCount":-1,"type":"NPC","drops":[{"name":"Fiendish ashes","id":25766,"quantity":1,"price":143}],"date":"Nov 27, 2023, 4:41:02 PM"}
{"name":"Spawn","level":60,"killCount":-1,"type":"NPC","drops":[{"name":"Fiendish ashes","id":25766,"quantity":1,"price":143}],"date":"Nov 27, 2023, 4:41:12 PM"}
{"name":"Spawn","level":60,"killCount":-1,"type":"NPC","drops":[{"name":"Fiendish ashes","id":25766,"quantity":1,"price":143}],"date":"Nov 27, 2023, 4:41:13 PM"}
{"name":"Spawn","level":60,"killCount":-1,"type":"NPC","drops":[{"name":"Fiendish ashes","id":25766,"quantity":1,"price":143},{"name":"Fiendish ashes","id":25766,"quantity":1,"price":143},{"name":"Fiendish ashes","id":25766,"quantity":1,"price":143},{"name":"Fiendish ashes","id":25766,"quantity":1,"price":143},{"name":"Fiendish ashes","id":25766,"quantity":1,"price":143},{"name":"Fiendish ashes","id":25766,"quantity":1,"price":143},{"name":"Fiendish ashes","id":25766,"quantity":1,"price":143}],"date":"Nov 27, 2023, 4:41:15 PM"}
{"name":"Spawn","level":60,"killCount":-1,"type":"NPC","drops":[{"name":"Fiendish ashes","id":25766,"quantity":1,"price":143}],"date":"Nov 27, 2023, 4:41:16 PM"}
{"name":"Spawn","level":60,"killCount":-1,"type":"NPC","drops":[{"name":"Fiendish ashes","id":25766,"quantity":1,"price":143}],"date":"Nov 27, 2023, 4:41:17 PM"}
{"name":"Spawn","level":60,"killCount":-1,"type":"NPC","drops":[{"name":"Fiendish ashes","id":25766,"quantity":1,"price":143},{"name":"Fiendish ashes","id":25766,"quantity":1,"price":143}],"date":"Nov 27, 2023, 4:42:41 PM"}
{"name":"Spawn","level":60,"killCount":-1,"type":"NPC","drops":[{"name":"Fiendish ashes","id":25766,"quantity":1,"price":143},{"name":"Fiendish ashes","id":25766,"quantity":1,"price":143}],"date":"Nov 27, 2023, 4:42:41 PM"}
{"name":"Spawn","level":60,"killCount":-1,"type":"NPC","drops":[{"name":"Fiendish ashes","id":25766,"quantity":1,"price":143},{"name":"Fiendish ashes","id":25766,"quantity":1,"price":143}],"date":"Nov 27, 2023, 4:42:41 PM"}
{"name":"Spawn","level":60,"killCount":-1,"type":"NPC","drops":[{"name":"Fiendish ashes","id":25766,"quantity":1,"price":143}],"date":"Nov 27, 2023, 4:42:48 PM"}
{"name":"Spawn","level":60,"killCount":-1,"type":"NPC","drops":[{"name":"Fiendish ashes","id":25766,"quantity":1,"price":143}],"date":"Nov 27, 2023, 4:55:50 PM"}
{"name":"Spawn","level":60,"killCount":-1,"type":"NPC","drops":[{"name":"Fiendish ashes","id":25766,"quantity":1,"price":143}],"date":"Nov 27, 2023, 4:57:06 PM"}
{"name":"Spawn","level":60,"killCount":-1,"type":"NPC","drops":[{"name":"Fiendish ashes","id":25766,"quantity":1,"price":143},{"name":"Fiendish ashes","id":25766,"quantity":1,"price":143},{"name":"Fiendish ashes","id":25766,"quantity":1,"price":143},{"name":"Fiendish ashes","id":25766,"quantity":1,"price":143}],"date":"Nov 27, 2023, 4:59:44 PM"}
{"name":"Spawn","level":60,"killCount":-1,"type":"NPC","drops":[{"name":"Fiendish ashes","id":25766,"quantity":1,"price":143}],"date":"Nov 27, 2023, 5:02:18 PM"}
{"name":"Spawn","level":60,"killCount":-1,"type":"NPC","drops":[{"name":"Fiendish ashes","id":25766,"quantity":1,"price":143},{"name":"Fiendish ashes","id":25766,"quantity":1,"price":143},{"name":"Fiendish ashes","id":25766,"quantity":1,"price":143}],"date":"Nov 27, 2023, 5:03:52 PM"}
{"name":"Spawn","level":60,"killCount":-1,"type":"NPC","drops":[{"name":"Fiendish ashes","id":25766,"quantity":1,"price":143},{"name":"Fiendish ashes","id":25766,"quantity":1,"price":143}],"date":"Nov 27, 2023, 5:03:52 PM"}
{"name":"Spawn","level":60,"killCount":-1,"type":"NPC","drops":[{"name":"Fiendish ashes","id":25766,"quantity":1,"price":143},{"name":"Fiendish ashes","id":25766,"quantity":1,"price":143}],"date":"Nov 27, 2023, 5:03:52 PM"}
