{"name":"Spiritual warrior","level":125,"killCount":-1,"type":"NPC","drops":[{"name":"Mithril platelegs","id":1071,"quantity":1,"price":1287}],"date":"Aug 5, 2022, 10:48:56 PM"}
{"name":"Spiritual warrior","level":125,"killCount":-1,"type":"NPC","drops":[{"name":"Steel chainbody","id":1105,"quantity":1,"price":587}],"date":"Aug 5, 2022, 10:49:11 PM"}
{"name":"Spiritual warrior","level":125,"killCount":-1,"type":"NPC","drops":[{"name":"Steel sword","id":1281,"quantity":1,"price":89}],"date":"Aug 5, 2022, 11:47:08 PM"}
{"name":"Spiritual warrior","level":125,"killCount":-1,"type":"NPC","drops":[{"name":"Steel chainbody","id":1105,"quantity":1,"price":253}],"date":"Aug 7, 2022, 6:04:23 PM"}
{"name":"Spiritual warrior","level":125,"killCount":-1,"type":"NPC","drops":[{"name":"Mithril axe","id":1355,"quantity":1,"price":216}],"date":"Aug 7, 2022, 6:48:24 PM"}
{"name":"Spiritual warrior","level":125,"killCount":-1,"type":"NPC","drops":[{"name":"Mithril platelegs","id":1071,"quantity":1,"price":1303}],"date":"Aug 7, 2022, 8:59:18 PM"}
{"name":"Spiritual warrior","level":125,"killCount":-1,"type":"NPC","drops":[{"name":"Black warhammer","id":1341,"quantity":1,"price":335}],"date":"Aug 7, 2022, 9:27:42 PM"}
{"name":"Spiritual warrior","level":125,"killCount":-1,"type":"NPC","drops":[{"name":"Iron scimitar","id":1323,"quantity":1,"price":145}],"date":"Aug 7, 2022, 9:30:18 PM"}
{"name":"Spiritual warrior","level":125,"killCount":-1,"type":"NPC","drops":[{"name":"Leather gloves","id":1059,"quantity":1,"price":41}],"date":"Aug 7, 2022, 10:55:39 PM"}
{"name":"Spiritual warrior","level":125,"killCount":-1,"type":"NPC","drops":[{"name":"Steel longsword","id":1295,"quantity":1,"price":198}],"date":"Aug 8, 2022, 10:53:15 PM"}
{"name":"Spiritual warrior","level":125,"killCount":-1,"type":"NPC","drops":[{"name":"Iron plateskirt","id":1081,"quantity":1,"price":79}],"date":"Aug 8, 2022, 11:55:07 PM"}
{"name":"Spiritual warrior","level":125,"killCount":-1,"type":"NPC","drops":[{"name":"Leather gloves","id":1059,"quantity":1,"price":41}],"date":"Aug 28, 2022, 1:32:08 PM"}
{"name":"Spiritual warrior","level":125,"killCount":-1,"type":"NPC","drops":[{"name":"Steel chainbody","id":1105,"quantity":1,"price":257}],"date":"Dec 14, 2022, 11:32:54 PM"}
{"name":"Spiritual warrior","level":125,"killCount":-1,"type":"NPC","drops":[{"name":"Mithril spear(p)","id":1257,"quantity":1,"price":282}],"date":"Dec 14, 2022, 11:33:27 PM"}
{"name":"Spiritual warrior","level":125,"killCount":-1,"type":"NPC","drops":[{"name":"Steel sword","id":1281,"quantity":1,"price":61}],"date":"Dec 14, 2022, 11:35:27 PM"}
{"name":"Spiritual warrior","level":125,"killCount":-1,"type":"NPC","drops":[{"name":"Mithril platelegs","id":1071,"quantity":1,"price":1267}],"date":"Dec 14, 2022, 11:36:08 PM"}
{"name":"Spiritual warrior","level":125,"killCount":-1,"type":"NPC","drops":[{"name":"Mithril platelegs","id":1071,"quantity":1,"price":1267}],"date":"Dec 14, 2022, 11:37:01 PM"}
{"name":"Spiritual warrior","level":125,"killCount":-1,"type":"NPC","drops":[{"name":"Steel chainbody","id":1105,"quantity":1,"price":257}],"date":"Dec 14, 2022, 11:37:14 PM"}
{"name":"Spiritual warrior","level":125,"killCount":-1,"type":"NPC","drops":[{"name":"Mithril axe","id":1355,"quantity":1,"price":91}],"date":"Dec 14, 2022, 11:37:47 PM"}
{"name":"Spiritual warrior","level":125,"killCount":-1,"type":"NPC","drops":[{"name":"Black dagger","id":1217,"quantity":1,"price":172}],"date":"Dec 14, 2022, 11:38:17 PM"}
{"name":"Spiritual warrior","level":125,"killCount":-1,"type":"NPC","drops":[{"name":"Leather gloves","id":1059,"quantity":1,"price":10}],"date":"Dec 14, 2022, 11:38:36 PM"}
{"name":"Spiritual warrior","level":125,"killCount":-1,"type":"NPC","drops":[{"name":"Black warhammer","id":1341,"quantity":1,"price":388}],"date":"Dec 14, 2022, 11:39:17 PM"}
{"name":"Spiritual warrior","level":125,"killCount":-1,"type":"NPC","drops":[{"name":"Iron sword","id":1279,"quantity":1,"price":105}],"date":"Dec 14, 2022, 11:39:46 PM"}
{"name":"Spiritual warrior","level":125,"killCount":-1,"type":"NPC","drops":[{"name":"Mithril spear(p)","id":1257,"quantity":1,"price":282}],"date":"Dec 14, 2022, 11:40:05 PM"}
{"name":"Spiritual warrior","level":125,"killCount":-1,"type":"NPC","drops":[{"name":"Steel chainbody","id":1105,"quantity":1,"price":257}],"date":"Dec 14, 2022, 11:40:37 PM"}
{"name":"Spiritual warrior","level":125,"killCount":-1,"type":"NPC","drops":[{"name":"Adamant battleaxe","id":1371,"quantity":1,"price":2388}],"date":"Dec 14, 2022, 11:40:56 PM"}
{"name":"Spiritual warrior","level":125,"killCount":-1,"type":"NPC","drops":[{"name":"Black warhammer","id":1341,"quantity":1,"price":388}],"date":"Dec 14, 2022, 11:41:14 PM"}
{"name":"Spiritual warrior","level":125,"killCount":-1,"type":"NPC","drops":[{"name":"Steel longsword","id":1295,"quantity":1,"price":143}],"date":"Dec 14, 2022, 11:41:44 PM"}
{"name":"Spiritual warrior","level":125,"killCount":-1,"type":"NPC","drops":[{"name":"Steel longsword","id":1295,"quantity":1,"price":143}],"date":"Dec 14, 2022, 11:43:04 PM"}
