{"name":"Spiritual mage","level":121,"killCount":-1,"type":"NPC","drops":[{"name":"Ecumenical key","id":11942,"quantity":1,"price":0},{"name":"Death rune","id":560,"quantity":15,"price":185}],"date":"May 10, 2022, 1:34:55 PM"}
{"name":"Spiritual mage","level":120,"killCount":-1,"type":"NPC","drops":[{"name":"Chaos rune","id":562,"quantity":10,"price":74}],"date":"Aug 9, 2022, 11:54:08 AM"}
{"name":"Spiritual mage","level":120,"killCount":-1,"type":"NPC","drops":[{"name":"Chaos rune","id":562,"quantity":10,"price":69}],"date":"Aug 20, 2022, 12:56:05 PM"}
{"name":"Spiritual mage","level":120,"killCount":-1,"type":"NPC","drops":[{"name":"Water rune","id":555,"quantity":50,"price":5}],"date":"Sep 24, 2022, 11:37:16 PM"}
{"name":"Spiritual mage","level":120,"killCount":-1,"type":"NPC","drops":[{"name":"Water rune","id":555,"quantity":15,"price":5}],"date":"Dec 14, 2022, 11:29:51 PM"}
{"name":"Spiritual mage","level":120,"killCount":-1,"type":"NPC","drops":[{"name":"Chaos rune","id":562,"quantity":25,"price":83}],"date":"Dec 14, 2022, 11:30:04 PM"}
{"name":"Spiritual mage","level":120,"killCount":-1,"type":"NPC","drops":[{"name":"Air rune","id":556,"quantity":30,"price":5}],"date":"Dec 14, 2022, 11:31:37 PM"}
{"name":"Spiritual mage","level":120,"killCount":-1,"type":"NPC","drops":[{"name":"Astral rune","id":9075,"quantity":15,"price":89}],"date":"Dec 14, 2022, 11:32:04 PM"}
{"name":"Spiritual mage","level":120,"killCount":-1,"type":"NPC","drops":[{"name":"Body rune","id":559,"quantity":35,"price":6}],"date":"Dec 14, 2022, 11:32:36 PM"}
{"name":"Spiritual mage","level":120,"killCount":-1,"type":"NPC","drops":[{"name":"Mist rune","id":4695,"quantity":20,"price":84}],"date":"Dec 14, 2022, 11:33:10 PM"}
{"name":"Spiritual mage","level":120,"killCount":-1,"type":"NPC","drops":[{"name":"Nature rune","id":561,"quantity":18,"price":121}],"date":"Dec 14, 2022, 11:33:54 PM"}
{"name":"Spiritual mage","level":120,"killCount":-1,"type":"NPC","drops":[{"name":"Chaos rune","id":562,"quantity":10,"price":83}],"date":"Dec 14, 2022, 11:34:33 PM"}
{"name":"Spiritual mage","level":120,"killCount":-1,"type":"NPC","drops":[{"name":"Mind rune","id":558,"quantity":50,"price":2}],"date":"Dec 14, 2022, 11:35:41 PM"}
{"name":"Spiritual mage","level":120,"killCount":-1,"type":"NPC","drops":[{"name":"Mist rune","id":4695,"quantity":20,"price":84}],"date":"Dec 14, 2022, 11:35:53 PM"}
{"name":"Spiritual mage","level":120,"killCount":-1,"type":"NPC","drops":[{"name":"Astral rune","id":9075,"quantity":15,"price":89}],"date":"Dec 14, 2022, 11:36:45 PM"}
{"name":"Spiritual mage","level":120,"killCount":-1,"type":"NPC","drops":[{"name":"Pure essence","id":7937,"quantity":90,"price":2}],"date":"Dec 14, 2022, 11:37:23 PM"}
{"name":"Spiritual mage","level":120,"killCount":-1,"type":"NPC","drops":[{"name":"Dust rune","id":4696,"quantity":15,"price":6}],"date":"Dec 14, 2022, 11:39:32 PM"}
{"name":"Spiritual mage","level":120,"killCount":-1,"type":"NPC","drops":[{"name":"Fire rune","id":554,"quantity":65,"price":6}],"date":"Dec 14, 2022, 11:40:14 PM"}
{"name":"Spiritual mage","level":120,"killCount":-1,"type":"NPC","drops":[{"name":"Fire rune","id":554,"quantity":65,"price":6}],"date":"Dec 14, 2022, 11:42:10 PM"}
{"name":"Spiritual mage","level":120,"killCount":-1,"type":"NPC","drops":[{"name":"Nature rune","id":561,"quantity":25,"price":121}],"date":"Dec 14, 2022, 11:42:31 PM"}
{"name":"Spiritual mage","level":120,"killCount":-1,"type":"NPC","drops":[{"name":"Body rune","id":559,"quantity":35,"price":6}],"date":"Dec 14, 2022, 11:42:43 PM"}
{"name":"Spiritual mage","level":120,"killCount":-1,"type":"NPC","drops":[{"name":"Astral rune","id":9075,"quantity":15,"price":89}],"date":"Dec 14, 2022, 11:43:18 PM"}
{"name":"Spiritual Mage","level":182,"killCount":-1,"type":"NPC","drops":[{"name":"Coins","id":995,"quantity":1307,"price":1}],"date":"Dec 14, 2022, 11:51:46 PM"}
{"name":"Spiritual Mage","level":182,"killCount":-1,"type":"NPC","drops":[{"name":"Coal","id":454,"quantity":8,"price":165}],"date":"Dec 14, 2022, 11:53:40 PM"}
{"name":"Spiritual Mage","level":182,"killCount":-1,"type":"NPC","drops":[{"name":"Lava rune","id":4699,"quantity":41,"price":7}],"date":"Dec 14, 2022, 11:54:15 PM"}
{"name":"Spiritual Mage","level":182,"killCount":-1,"type":"NPC","drops":[{"name":"Pure essence","id":7937,"quantity":46,"price":2}],"date":"Dec 14, 2022, 11:54:37 PM"}
{"name":"Spiritual Mage","level":182,"killCount":-1,"type":"NPC","drops":[{"name":"Super restore(3)","id":3026,"quantity":1,"price":7948}],"date":"Dec 14, 2022, 11:55:25 PM"}
{"name":"Spiritual Mage","level":182,"killCount":-1,"type":"NPC","drops":[{"name":"Coal","id":454,"quantity":1,"price":165}],"date":"Dec 14, 2022, 11:55:53 PM"}
{"name":"Spiritual Mage","level":182,"killCount":-1,"type":"NPC","drops":[{"name":"Pure essence","id":7937,"quantity":46,"price":2}],"date":"Dec 23, 2022, 6:00:40 PM"}
{"name":"Spiritual Mage","level":182,"killCount":-1,"type":"NPC","drops":[{"name":"Astral rune","id":9075,"quantity":86,"price":78}],"date":"Dec 23, 2022, 6:01:04 PM"}
{"name":"Spiritual Mage","level":182,"killCount":-1,"type":"NPC","drops":[{"name":"Mud rune","id":4698,"quantity":43,"price":93}],"date":"Dec 23, 2022, 6:01:48 PM"}
{"name":"Spiritual Mage","level":182,"killCount":-1,"type":"NPC","drops":[{"name":"Super restore(3)","id":3026,"quantity":1,"price":7968}],"date":"Dec 23, 2022, 6:02:03 PM"}
{"name":"Spiritual Mage","level":182,"killCount":-1,"type":"NPC","drops":[{"name":"Air rune","id":556,"quantity":250,"price":5}],"date":"Dec 23, 2022, 6:02:28 PM"}
{"name":"Spiritual Mage","level":182,"killCount":-1,"type":"NPC","drops":[{"name":"Mud rune","id":4698,"quantity":61,"price":93}],"date":"Dec 23, 2022, 6:02:53 PM"}
{"name":"Spiritual Mage","level":182,"killCount":-1,"type":"NPC","drops":[{"name":"Ancient brew(2)","id":26344,"quantity":1,"price":1121}],"date":"Dec 23, 2022, 6:03:29 PM"}
{"name":"Spiritual Mage","level":182,"killCount":-1,"type":"NPC","drops":[{"name":"Astral rune","id":9075,"quantity":69,"price":78}],"date":"Dec 23, 2022, 6:03:57 PM"}
{"name":"Spiritual Mage","level":182,"killCount":-1,"type":"NPC","drops":[{"name":"Adamantite bar","id":2362,"quantity":3,"price":1951}],"date":"Dec 24, 2022, 12:52:46 AM"}
{"name":"Spiritual Mage","level":182,"killCount":-1,"type":"NPC","drops":[{"name":"Air rune","id":556,"quantity":250,"price":5}],"date":"Dec 24, 2022, 12:53:24 AM"}
{"name":"Spiritual Mage","level":182,"killCount":-1,"type":"NPC","drops":[{"name":"Coal","id":454,"quantity":7,"price":171}],"date":"Dec 24, 2022, 12:53:48 AM"}
{"name":"Spiritual Mage","level":182,"killCount":-1,"type":"NPC","drops":[{"name":"Coins","id":995,"quantity":6907,"price":1}],"date":"Dec 24, 2022, 12:54:16 AM"}
{"name":"Spiritual Mage","level":182,"killCount":-1,"type":"NPC","drops":[{"name":"Astral rune","id":9075,"quantity":53,"price":78}],"date":"Dec 24, 2022, 12:54:34 AM"}
{"name":"Spiritual Mage","level":182,"killCount":-1,"type":"NPC","drops":[{"name":"Ancient brew(3)","id":26342,"quantity":1,"price":1202}],"date":"Dec 24, 2022, 12:54:58 AM"}
{"name":"Spiritual Mage","level":182,"killCount":-1,"type":"NPC","drops":[{"name":"Astral rune","id":9075,"quantity":61,"price":78}],"date":"Dec 24, 2022, 12:55:17 AM"}
{"name":"Spiritual Mage","level":182,"killCount":-1,"type":"NPC","drops":[{"name":"Adamantite bar","id":2362,"quantity":2,"price":1968}],"date":"Dec 24, 2022, 1:53:11 AM"}
{"name":"Spiritual Mage","level":182,"killCount":-1,"type":"NPC","drops":[{"name":"Coal","id":454,"quantity":3,"price":170}],"date":"Dec 24, 2022, 1:53:32 AM"}
{"name":"Spiritual Mage","level":182,"killCount":-1,"type":"NPC","drops":[{"name":"Mud rune","id":4698,"quantity":61,"price":93}],"date":"Dec 24, 2022, 1:53:55 AM"}
{"name":"Spiritual Mage","level":182,"killCount":-1,"type":"NPC","drops":[{"name":"Air rune","id":556,"quantity":250,"price":5}],"date":"Dec 24, 2022, 1:54:17 AM"}
{"name":"Spiritual Mage","level":182,"killCount":-1,"type":"NPC","drops":[{"name":"Coins","id":995,"quantity":1334,"price":1}],"date":"Dec 24, 2022, 1:54:42 AM"}
{"name":"Spiritual Mage","level":182,"killCount":-1,"type":"NPC","drops":[{"name":"Blood essence","id":26390,"quantity":1,"price":59386}],"date":"Dec 24, 2022, 1:55:12 AM"}
{"name":"Spiritual Mage","level":182,"killCount":-1,"type":"NPC","drops":[{"name":"Ancient brew(2)","id":26344,"quantity":1,"price":1121}],"date":"Dec 24, 2022, 1:55:37 AM"}
{"name":"Spiritual Mage","level":182,"killCount":-1,"type":"NPC","drops":[{"name":"Ancient brew(2)","id":26344,"quantity":1,"price":1121}],"date":"Dec 26, 2022, 1:23:41 AM"}
{"name":"Spiritual Mage","level":182,"killCount":-1,"type":"NPC","drops":[{"name":"Grimy snapdragon","id":3051,"quantity":1,"price":8143}],"date":"Dec 26, 2022, 1:23:58 AM"}
{"name":"Spiritual Mage","level":182,"killCount":-1,"type":"NPC","drops":[{"name":"Ancient brew(2)","id":26344,"quantity":1,"price":1121}],"date":"Dec 26, 2022, 1:24:21 AM"}
{"name":"Spiritual Mage","level":182,"killCount":-1,"type":"NPC","drops":[{"name":"Grimy torstol","id":219,"quantity":1,"price":4385}],"date":"Dec 26, 2022, 1:24:38 AM"}
{"name":"Spiritual Mage","level":182,"killCount":-1,"type":"NPC","drops":[{"name":"Adamantite bar","id":2362,"quantity":1,"price":1970}],"date":"Dec 26, 2022, 1:25:20 AM"}
{"name":"Spiritual Mage","level":182,"killCount":-1,"type":"NPC","drops":[{"name":"Mud rune","id":4698,"quantity":61,"price":94}],"date":"Dec 26, 2022, 1:25:43 AM"}
{"name":"Spiritual Mage","level":182,"killCount":-1,"type":"NPC","drops":[{"name":"Lava rune","id":4699,"quantity":55,"price":7}],"date":"Dec 26, 2022, 1:25:58 AM"}
{"name":"Spiritual Mage","level":182,"killCount":-1,"type":"NPC","drops":[{"name":"Air rune","id":556,"quantity":250,"price":5}],"date":"Dec 26, 2022, 1:26:24 AM"}
{"name":"Spiritual Mage","level":182,"killCount":-1,"type":"NPC","drops":[{"name":"Death rune","id":560,"quantity":25,"price":151}],"date":"Dec 26, 2022, 2:30:00 AM"}
{"name":"Spiritual Mage","level":182,"killCount":-1,"type":"NPC","drops":[{"name":"Soul rune","id":566,"quantity":25,"price":204}],"date":"Dec 26, 2022, 2:30:23 AM"}
{"name":"Spiritual Mage","level":182,"killCount":-1,"type":"NPC","drops":[{"name":"Soul rune","id":566,"quantity":25,"price":204}],"date":"Dec 26, 2022, 2:30:55 AM"}
{"name":"Spiritual Mage","level":182,"killCount":-1,"type":"NPC","drops":[{"name":"Adamantite bar","id":2362,"quantity":3,"price":1970}],"date":"Dec 26, 2022, 2:31:21 AM"}
{"name":"Spiritual Mage","level":182,"killCount":-1,"type":"NPC","drops":[{"name":"Air rune","id":556,"quantity":250,"price":5}],"date":"Dec 26, 2022, 2:31:36 AM"}
{"name":"Spiritual Mage","level":182,"killCount":-1,"type":"NPC","drops":[{"name":"Air rune","id":556,"quantity":250,"price":5}],"date":"Dec 26, 2022, 2:31:55 AM"}
{"name":"Spiritual Mage","level":182,"killCount":-1,"type":"NPC","drops":[{"name":"Air rune","id":556,"quantity":250,"price":5}],"date":"Dec 26, 2022, 2:32:20 AM"}
{"name":"Spiritual Mage","level":182,"killCount":-1,"type":"NPC","drops":[{"name":"Lava rune","id":4699,"quantity":55,"price":7}],"date":"Dec 26, 2022, 2:32:38 AM"}
{"name":"Spiritual Mage","level":182,"killCount":-1,"type":"NPC","drops":[{"name":"Blood essence","id":26390,"quantity":1,"price":59324}],"date":"Dec 26, 2022, 2:33:01 AM"}
{"name":"Spiritual Mage","level":182,"killCount":-1,"type":"NPC","drops":[{"name":"Coins","id":995,"quantity":1311,"price":1}],"date":"Dec 26, 2022, 10:02:55 PM"}
{"name":"Spiritual Mage","level":182,"killCount":-1,"type":"NPC","drops":[{"name":"Lava rune","id":4699,"quantity":50,"price":7}],"date":"Dec 26, 2022, 10:03:25 PM"}
{"name":"Spiritual Mage","level":182,"killCount":-1,"type":"NPC","drops":[{"name":"Astral rune","id":9075,"quantity":62,"price":82}],"date":"Dec 26, 2022, 10:03:45 PM"}
{"name":"Spiritual Mage","level":182,"killCount":-1,"type":"NPC","drops":[{"name":"Mud rune","id":4698,"quantity":56,"price":94}],"date":"Dec 26, 2022, 10:03:57 PM"}
{"name":"Spiritual Mage","level":182,"killCount":-1,"type":"NPC","drops":[{"name":"Coal","id":454,"quantity":9,"price":172}],"date":"Dec 26, 2022, 10:04:17 PM"}
{"name":"Spiritual Mage","level":182,"killCount":-1,"type":"NPC","drops":[{"name":"Coins","id":995,"quantity":6902,"price":1}],"date":"Dec 26, 2022, 10:04:45 PM"}
{"name":"Spiritual Mage","level":182,"killCount":-1,"type":"NPC","drops":[{"name":"Air rune","id":556,"quantity":250,"price":6}],"date":"Dec 26, 2022, 11:45:08 PM"}
{"name":"Spiritual Mage","level":182,"killCount":-1,"type":"NPC","drops":[{"name":"Coins","id":995,"quantity":1314,"price":1}],"date":"Dec 26, 2022, 11:45:26 PM"}
{"name":"Spiritual Mage","level":182,"killCount":-1,"type":"NPC","drops":[{"name":"Ancient brew(2)","id":26344,"quantity":1,"price":1121}],"date":"Dec 26, 2022, 11:45:50 PM"}
{"name":"Spiritual Mage","level":182,"killCount":-1,"type":"NPC","drops":[{"name":"Super restore(3)","id":3026,"quantity":1,"price":7875}],"date":"Dec 26, 2022, 11:46:18 PM"}
{"name":"Spiritual Mage","level":182,"killCount":-1,"type":"NPC","drops":[{"name":"Grimy torstol","id":219,"quantity":1,"price":4414}],"date":"Dec 26, 2022, 11:46:39 PM"}
{"name":"Spiritual Mage","level":182,"killCount":-1,"type":"NPC","drops":[{"name":"Ancient brew(3)","id":26342,"quantity":1,"price":1202}],"date":"Dec 26, 2022, 11:47:22 PM"}
{"name":"Spiritual Mage","level":182,"killCount":-1,"type":"NPC","drops":[{"name":"Super defence(3)","id":163,"quantity":1,"price":1904}],"date":"Dec 26, 2022, 11:47:50 PM"}
{"name":"Spiritual Mage","level":182,"killCount":-1,"type":"NPC","drops":[{"name":"Lava rune","id":4699,"quantity":33,"price":7}],"date":"Dec 28, 2022, 7:07:15 PM"}
{"name":"Spiritual Mage","level":182,"killCount":-1,"type":"NPC","drops":[{"name":"Mud rune","id":4698,"quantity":55,"price":95}],"date":"Dec 28, 2022, 7:07:31 PM"}
{"name":"Spiritual Mage","level":182,"killCount":-1,"type":"NPC","drops":[{"name":"Astral rune","id":9075,"quantity":78,"price":79}],"date":"Dec 28, 2022, 7:07:55 PM"}
{"name":"Spiritual Mage","level":182,"killCount":-1,"type":"NPC","drops":[{"name":"Astral rune","id":9075,"quantity":47,"price":79}],"date":"Dec 28, 2022, 7:08:32 PM"}
{"name":"Spiritual Mage","level":182,"killCount":-1,"type":"NPC","drops":[{"name":"Adamantite bar","id":2362,"quantity":2,"price":1983}],"date":"Dec 28, 2022, 7:09:19 PM"}
{"name":"Spiritual Mage","level":182,"killCount":-1,"type":"NPC","drops":[{"name":"Nihil shard","id":26231,"quantity":8,"price":4567}],"date":"Dec 28, 2022, 7:09:39 PM"}
{"name":"Spiritual Mage","level":182,"killCount":-1,"type":"NPC","drops":[{"name":"Blood rune","id":565,"quantity":25,"price":205}],"date":"Dec 28, 2022, 7:09:57 PM"}
{"name":"Spiritual Mage","level":182,"killCount":-1,"type":"NPC","drops":[{"name":"Grimy snapdragon","id":3051,"quantity":1,"price":8404}],"date":"Dec 28, 2022, 7:10:19 PM"}
{"name":"Spiritual Mage","level":182,"killCount":-1,"type":"NPC","drops":[{"name":"Coins","id":995,"quantity":1333,"price":1}],"date":"Dec 28, 2022, 8:02:00 PM"}
{"name":"Spiritual Mage","level":182,"killCount":-1,"type":"NPC","drops":[{"name":"Astral rune","id":9075,"quantity":75,"price":79}],"date":"Dec 28, 2022, 8:02:31 PM"}
{"name":"Spiritual Mage","level":182,"killCount":-1,"type":"NPC","drops":[{"name":"Air rune","id":556,"quantity":250,"price":5}],"date":"Dec 28, 2022, 8:02:51 PM"}
{"name":"Spiritual Mage","level":182,"killCount":-1,"type":"NPC","drops":[{"name":"Mud rune","id":4698,"quantity":58,"price":95}],"date":"Dec 28, 2022, 8:03:08 PM"}
{"name":"Spiritual Mage","level":182,"killCount":-1,"type":"NPC","drops":[{"name":"Grimy torstol","id":219,"quantity":1,"price":4413}],"date":"Dec 28, 2022, 8:03:35 PM"}
{"name":"Spiritual Mage","level":182,"killCount":-1,"type":"NPC","drops":[{"name":"Ancient brew(2)","id":26344,"quantity":1,"price":1121}],"date":"Dec 28, 2022, 8:03:59 PM"}
{"name":"Spiritual Mage","level":182,"killCount":-1,"type":"NPC","drops":[{"name":"Blood rune","id":565,"quantity":25,"price":205}],"date":"Dec 28, 2022, 8:04:18 PM"}
{"name":"Spiritual Mage","level":182,"killCount":-1,"type":"NPC","drops":[{"name":"Ancient brew(2)","id":26344,"quantity":1,"price":1121}],"date":"Dec 28, 2022, 8:04:45 PM"}
{"name":"Spiritual Mage","level":182,"killCount":-1,"type":"NPC","drops":[{"name":"Coal","id":454,"quantity":6,"price":165}],"date":"Dec 28, 2022, 10:51:00 PM"}
{"name":"Spiritual Mage","level":182,"killCount":-1,"type":"NPC","drops":[{"name":"Grimy torstol","id":219,"quantity":1,"price":4429}],"date":"Dec 28, 2022, 10:51:22 PM"}
{"name":"Spiritual Mage","level":182,"killCount":-1,"type":"NPC","drops":[{"name":"Grimy torstol","id":219,"quantity":1,"price":4429}],"date":"Dec 28, 2022, 10:51:47 PM"}
{"name":"Spiritual Mage","level":182,"killCount":-1,"type":"NPC","drops":[{"name":"Clue scroll (hard)","id":12548,"quantity":1,"price":0},{"name":"Super restore(3)","id":3026,"quantity":1,"price":7815}],"date":"Dec 28, 2022, 10:52:07 PM"}
{"name":"Spiritual Mage","level":182,"killCount":-1,"type":"NPC","drops":[{"name":"Grimy snapdragon","id":3051,"quantity":1,"price":8401}],"date":"Dec 28, 2022, 10:53:37 PM"}
{"name":"Spiritual Mage","level":182,"killCount":-1,"type":"NPC","drops":[{"name":"Super restore(3)","id":3026,"quantity":1,"price":7815}],"date":"Dec 28, 2022, 10:54:07 PM"}
{"name":"Spiritual Mage","level":182,"killCount":-1,"type":"NPC","drops":[{"name":"Mud rune","id":4698,"quantity":51,"price":93}],"date":"Dec 28, 2022, 10:54:31 PM"}
{"name":"Spiritual Mage","level":182,"killCount":-1,"type":"NPC","drops":[{"name":"Grimy snapdragon","id":3051,"quantity":1,"price":8401}],"date":"Dec 28, 2022, 10:54:49 PM"}
{"name":"Spiritual Mage","level":182,"killCount":-1,"type":"NPC","drops":[{"name":"Ancient brew(2)","id":26344,"quantity":1,"price":1121}],"date":"Dec 28, 2022, 10:55:29 PM"}
{"name":"Spiritual Mage","level":182,"killCount":-1,"type":"NPC","drops":[{"name":"Pure essence","id":7937,"quantity":46,"price":2}],"date":"Dec 28, 2022, 11:07:21 PM"}
{"name":"Spiritual Mage","level":182,"killCount":-1,"type":"NPC","drops":[{"name":"Super restore(3)","id":3026,"quantity":1,"price":7815}],"date":"Dec 28, 2022, 11:07:42 PM"}
{"name":"Spiritual Mage","level":182,"killCount":-1,"type":"NPC","drops":[{"name":"Super restore(3)","id":3026,"quantity":1,"price":7815}],"date":"Dec 28, 2022, 11:08:06 PM"}
{"name":"Spiritual Mage","level":182,"killCount":-1,"type":"NPC","drops":[{"name":"Lava rune","id":4699,"quantity":56,"price":7}],"date":"Dec 28, 2022, 11:08:29 PM"}
{"name":"Spiritual Mage","level":182,"killCount":-1,"type":"NPC","drops":[{"name":"Astral rune","id":9075,"quantity":69,"price":80}],"date":"Dec 28, 2022, 11:08:53 PM"}
{"name":"Spiritual Mage","level":182,"killCount":-1,"type":"NPC","drops":[{"name":"Astral rune","id":9075,"quantity":62,"price":80}],"date":"Dec 28, 2022, 11:09:40 PM"}
{"name":"Spiritual Mage","level":182,"killCount":-1,"type":"NPC","drops":[{"name":"Mud rune","id":4698,"quantity":42,"price":93}],"date":"Dec 28, 2022, 11:10:01 PM"}
{"name":"Spiritual Mage","level":182,"killCount":-1,"type":"NPC","drops":[{"name":"Coal","id":454,"quantity":6,"price":165}],"date":"Dec 28, 2022, 11:10:24 PM"}
{"name":"Spiritual Mage","level":182,"killCount":-1,"type":"NPC","drops":[{"name":"Grimy torstol","id":219,"quantity":1,"price":4429}],"date":"Dec 29, 2022, 12:15:37 AM"}
{"name":"Spiritual Mage","level":182,"killCount":-1,"type":"NPC","drops":[{"name":"Lava rune","id":4699,"quantity":50,"price":7}],"date":"Dec 29, 2022, 12:16:08 AM"}
{"name":"Spiritual Mage","level":182,"killCount":-1,"type":"NPC","drops":[{"name":"Ancient ceremonial boots","id":26229,"quantity":1,"price":22813}],"date":"Dec 29, 2022, 12:16:23 AM"}
{"name":"Spiritual Mage","level":182,"killCount":-1,"type":"NPC","drops":[{"name":"Coal","id":454,"quantity":6,"price":165}],"date":"Dec 29, 2022, 12:16:39 AM"}
{"name":"Spiritual Mage","level":182,"killCount":-1,"type":"NPC","drops":[{"name":"Grimy ranarr weed","id":207,"quantity":1,"price":7144}],"date":"Dec 29, 2022, 12:17:08 AM"}
{"name":"Spiritual Mage","level":182,"killCount":-1,"type":"NPC","drops":[{"name":"Air rune","id":556,"quantity":250,"price":5}],"date":"Dec 29, 2022, 12:17:29 AM"}
{"name":"Spiritual Mage","level":182,"killCount":-1,"type":"NPC","drops":[{"name":"Ancient brew(3)","id":26342,"quantity":1,"price":1202}],"date":"Dec 29, 2022, 12:17:47 AM"}
{"name":"Spiritual Mage","level":182,"killCount":-1,"type":"NPC","drops":[{"name":"Air rune","id":556,"quantity":250,"price":5}],"date":"Dec 29, 2022, 12:18:15 AM"}
{"name":"Spiritual Mage","level":182,"killCount":-1,"type":"NPC","drops":[{"name":"Ancient brew(2)","id":26344,"quantity":1,"price":1121}],"date":"Dec 29, 2022, 12:18:40 AM"}
{"name":"Spiritual Mage","level":182,"killCount":-1,"type":"NPC","drops":[{"name":"Astral rune","id":9075,"quantity":66,"price":80}],"date":"Dec 29, 2022, 12:19:12 AM"}
