{"name":"Spitting Wyvern","level":139,"killCount":-1,"type":"NPC","drops":[{"name":"Wyvern bones","id":6812,"quantity":1,"price":1953},{"name":"Unidentified medium fossil","id":21564,"quantity":1,"price":0},{"name":"Snape grass","id":232,"quantity":15,"price":349}],"date":"Mar 26, 2022, 10:34:49 PM"}
{"name":"Spitting Wyvern","level":139,"killCount":-1,"type":"NPC","drops":[{"name":"Wyvern bones","id":6812,"quantity":1,"price":1953},{"name":"Numulite","id":21555,"quantity":17,"price":36},{"name":"Ranarr seed","id":5295,"quantity":1,"price":40010}],"date":"Mar 26, 2022, 10:35:24 PM"}
{"name":"Spitting Wyvern","level":139,"killCount":-1,"type":"NPC","drops":[{"name":"Wyvern bones","id":6812,"quantity":1,"price":1953},{"name":"Prayer potion(4)","id":2434,"quantity":1,"price":10297}],"date":"Mar 26, 2022, 10:35:46 PM"}
{"name":"Spitting Wyvern","level":139,"killCount":-1,"type":"NPC","drops":[{"name":"Wyvern bones","id":6812,"quantity":1,"price":1953},{"name":"Grimy torstol","id":219,"quantity":1,"price":8238}],"date":"Mar 26, 2022, 10:36:08 PM"}
{"name":"Spitting Wyvern","level":139,"killCount":-1,"type":"NPC","drops":[{"name":"Wyvern bones","id":6812,"quantity":1,"price":1953},{"name":"Prayer potion(4)","id":2434,"quantity":1,"price":10297}],"date":"Mar 26, 2022, 10:36:47 PM"}
{"name":"Spitting Wyvern","level":139,"killCount":-1,"type":"NPC","drops":[{"name":"Wyvern bones","id":6812,"quantity":1,"price":1953},{"name":"Numulite","id":21555,"quantity":20,"price":36},{"name":"Grimy dwarf weed","id":218,"quantity":2,"price":931}],"date":"Mar 26, 2022, 10:37:10 PM"}
{"name":"Spitting Wyvern","level":139,"killCount":-1,"type":"NPC","drops":[{"name":"Wyvern bones","id":6812,"quantity":1,"price":1953},{"name":"Lobster","id":379,"quantity":1,"price":173},{"name":"Lobster","id":379,"quantity":1,"price":173}],"date":"Mar 26, 2022, 10:37:53 PM"}
{"name":"Spitting Wyvern","level":139,"killCount":-1,"type":"NPC","drops":[{"name":"Wyvern bones","id":6812,"quantity":1,"price":1953},{"name":"Coins","id":995,"quantity":3000,"price":1}],"date":"Mar 26, 2022, 10:38:37 PM"}
{"name":"Spitting Wyvern","level":139,"killCount":-1,"type":"NPC","drops":[{"name":"Wyvern bones","id":6812,"quantity":1,"price":1953},{"name":"Lobster","id":379,"quantity":1,"price":173},{"name":"Lobster","id":379,"quantity":1,"price":173}],"date":"Mar 26, 2022, 10:39:30 PM"}
{"name":"Spitting Wyvern","level":139,"killCount":-1,"type":"NPC","drops":[{"name":"Wyvern bones","id":6812,"quantity":1,"price":1953},{"name":"Numulite","id":21555,"quantity":8,"price":36},{"name":"Law rune","id":563,"quantity":15,"price":133}],"date":"Mar 26, 2022, 10:40:04 PM"}
{"name":"Spitting Wyvern","level":139,"killCount":-1,"type":"NPC","drops":[{"name":"Wyvern bones","id":6812,"quantity":1,"price":1953},{"name":"Numulite","id":21555,"quantity":10,"price":36},{"name":"Chaos rune","id":562,"quantity":15,"price":58}],"date":"Mar 26, 2022, 10:40:44 PM"}
{"name":"Spitting Wyvern","level":139,"killCount":-1,"type":"NPC","drops":[{"name":"Wyvern bones","id":6812,"quantity":1,"price":1953},{"name":"Snapdragon seed","id":5300,"quantity":1,"price":78772}],"date":"Mar 26, 2022, 10:41:20 PM"}
{"name":"Spitting Wyvern","level":139,"killCount":-1,"type":"NPC","drops":[{"name":"Wyvern bones","id":6812,"quantity":1,"price":1953},{"name":"Adamant crossbow (u)","id":9463,"quantity":1,"price":1256}],"date":"Mar 26, 2022, 10:41:50 PM"}
{"name":"Spitting Wyvern","level":139,"killCount":-1,"type":"NPC","drops":[{"name":"Wyvern bones","id":6812,"quantity":1,"price":1953},{"name":"Numulite","id":21555,"quantity":7,"price":36},{"name":"Prayer potion(4)","id":2434,"quantity":1,"price":10297}],"date":"Mar 26, 2022, 10:42:39 PM"}
{"name":"Spitting Wyvern","level":139,"killCount":-1,"type":"NPC","drops":[{"name":"Wyvern bones","id":6812,"quantity":1,"price":1953},{"name":"Numulite","id":21555,"quantity":6,"price":36},{"name":"Grimy kwuarm","id":214,"quantity":2,"price":1507}],"date":"Mar 26, 2022, 10:44:32 PM"}
{"name":"Spitting Wyvern","level":139,"killCount":-1,"type":"NPC","drops":[{"name":"Wyvern bones","id":6812,"quantity":1,"price":1953},{"name":"Numulite","id":21555,"quantity":5,"price":36},{"name":"Water rune","id":555,"quantity":50,"price":4}],"date":"Mar 26, 2022, 10:45:10 PM"}
{"name":"Spitting Wyvern","level":139,"killCount":-1,"type":"NPC","drops":[{"name":"Wyvern bones","id":6812,"quantity":1,"price":1953},{"name":"Numulite","id":21555,"quantity":13,"price":36},{"name":"Lobster","id":379,"quantity":1,"price":173},{"name":"Lobster","id":379,"quantity":1,"price":173}],"date":"Mar 26, 2022, 10:46:00 PM"}
{"name":"Spitting Wyvern","level":139,"killCount":-1,"type":"NPC","drops":[{"name":"Wyvern bones","id":6812,"quantity":1,"price":1953},{"name":"Numulite","id":21555,"quantity":8,"price":36},{"name":"Lobster","id":379,"quantity":1,"price":173},{"name":"Lobster","id":379,"quantity":1,"price":173}],"date":"Mar 26, 2022, 10:46:30 PM"}
{"name":"Spitting Wyvern","level":139,"killCount":-1,"type":"NPC","drops":[{"name":"Wyvern bones","id":6812,"quantity":1,"price":1953},{"name":"Numulite","id":21555,"quantity":16,"price":36},{"name":"Chaos rune","id":562,"quantity":15,"price":58}],"date":"Mar 26, 2022, 10:47:10 PM"}
{"name":"Spitting Wyvern","level":139,"killCount":-1,"type":"NPC","drops":[{"name":"Wyvern bones","id":6812,"quantity":1,"price":1953},{"name":"Water rune","id":555,"quantity":50,"price":4}],"date":"Mar 26, 2022, 10:47:55 PM"}
{"name":"Spitting Wyvern","level":139,"killCount":-1,"type":"NPC","drops":[{"name":"Wyvern bones","id":6812,"quantity":1,"price":1953},{"name":"Yew seed","id":5315,"quantity":1,"price":52893}],"date":"Mar 26, 2022, 10:48:57 PM"}
{"name":"Spitting Wyvern","level":139,"killCount":-1,"type":"NPC","drops":[{"name":"Wyvern bones","id":6812,"quantity":1,"price":1953},{"name":"Numulite","id":21555,"quantity":10,"price":36},{"name":"Pure essence","id":7937,"quantity":150,"price":2}],"date":"Mar 26, 2022, 10:49:39 PM"}
{"name":"Spitting Wyvern","level":139,"killCount":-1,"type":"NPC","drops":[{"name":"Wyvern bones","id":6812,"quantity":1,"price":1953},{"name":"Prayer potion(4)","id":2434,"quantity":1,"price":10297}],"date":"Mar 26, 2022, 10:50:25 PM"}
{"name":"Spitting Wyvern","level":139,"killCount":-1,"type":"NPC","drops":[{"name":"Wyvern bones","id":6812,"quantity":1,"price":1953},{"name":"Runite bolts","id":9144,"quantity":25,"price":183}],"date":"Mar 26, 2022, 10:51:02 PM"}
{"name":"Spitting Wyvern","level":139,"killCount":-1,"type":"NPC","drops":[{"name":"Wyvern bones","id":6812,"quantity":1,"price":1953},{"name":"Coins","id":995,"quantity":3000,"price":1}],"date":"Mar 26, 2022, 10:51:48 PM"}
{"name":"Spitting Wyvern","level":139,"killCount":-1,"type":"NPC","drops":[{"name":"Wyvern bones","id":6812,"quantity":1,"price":1953},{"name":"Numulite","id":21555,"quantity":9,"price":36},{"name":"Clue scroll (hard)","id":19868,"quantity":1,"price":0},{"name":"Coins","id":995,"quantity":3000,"price":1}],"date":"Mar 26, 2022, 10:52:22 PM"}
{"name":"Spitting Wyvern","level":139,"killCount":-1,"type":"NPC","drops":[{"name":"Wyvern bones","id":6812,"quantity":1,"price":1953},{"name":"Pure essence","id":7937,"quantity":150,"price":2}],"date":"Mar 26, 2022, 10:53:03 PM"}
{"name":"Spitting Wyvern","level":139,"killCount":-1,"type":"NPC","drops":[{"name":"Wyvern bones","id":6812,"quantity":1,"price":1883},{"name":"Adamant arrow","id":890,"quantity":42,"price":23}],"date":"Mar 27, 2022, 1:13:16 AM"}
{"name":"Spitting Wyvern","level":139,"killCount":-1,"type":"NPC","drops":[{"name":"Wyvern bones","id":6812,"quantity":1,"price":1883},{"name":"Numulite","id":21555,"quantity":21,"price":43},{"name":"Chaos rune","id":562,"quantity":15,"price":62}],"date":"Mar 27, 2022, 1:13:43 AM"}
{"name":"Spitting Wyvern","level":139,"killCount":-1,"type":"NPC","drops":[{"name":"Wyvern bones","id":6812,"quantity":1,"price":1883},{"name":"Numulite","id":21555,"quantity":24,"price":43},{"name":"Air battlestaff","id":1397,"quantity":1,"price":8930}],"date":"Mar 27, 2022, 1:14:09 AM"}
{"name":"Spitting Wyvern","level":139,"killCount":-1,"type":"NPC","drops":[{"name":"Wyvern bones","id":6812,"quantity":1,"price":1883},{"name":"Numulite","id":21555,"quantity":20,"price":43},{"name":"Runite ore","id":452,"quantity":1,"price":11083}],"date":"Mar 27, 2022, 1:14:20 AM"}
{"name":"Spitting Wyvern","level":139,"killCount":-1,"type":"NPC","drops":[{"name":"Wyvern bones","id":6812,"quantity":1,"price":1883},{"name":"Teak logs","id":6334,"quantity":35,"price":208}],"date":"Mar 27, 2022, 1:14:55 AM"}
{"name":"Spitting Wyvern","level":139,"killCount":-1,"type":"NPC","drops":[{"name":"Wyvern bones","id":6812,"quantity":1,"price":1883},{"name":"Grimy kwuarm","id":214,"quantity":2,"price":1511}],"date":"Mar 27, 2022, 1:15:37 AM"}
{"name":"Spitting Wyvern","level":139,"killCount":-1,"type":"NPC","drops":[{"name":"Wyvern bones","id":6812,"quantity":1,"price":1883},{"name":"Unidentified small fossil","id":21562,"quantity":1,"price":0},{"name":"Prayer potion(4)","id":2434,"quantity":1,"price":10152}],"date":"Mar 27, 2022, 1:16:21 AM"}
{"name":"Spitting Wyvern","level":139,"killCount":-1,"type":"NPC","drops":[{"name":"Wyvern bones","id":6812,"quantity":1,"price":1883},{"name":"Numulite","id":21555,"quantity":23,"price":43},{"name":"Prayer potion(4)","id":2434,"quantity":1,"price":10152}],"date":"Mar 27, 2022, 1:17:06 AM"}
{"name":"Spitting Wyvern","level":139,"killCount":-1,"type":"NPC","drops":[{"name":"Wyvern bones","id":6812,"quantity":1,"price":1883},{"name":"Coins","id":995,"quantity":3000,"price":1}],"date":"Mar 27, 2022, 1:17:48 AM"}
{"name":"Spitting Wyvern","level":139,"killCount":-1,"type":"NPC","drops":[{"name":"Wyvern bones","id":6812,"quantity":1,"price":1883},{"name":"Numulite","id":21555,"quantity":16,"price":43},{"name":"Blood rune","id":565,"quantity":15,"price":290}],"date":"Mar 27, 2022, 1:18:36 AM"}
{"name":"Spitting Wyvern","level":139,"killCount":-1,"type":"NPC","drops":[{"name":"Wyvern bones","id":6812,"quantity":1,"price":1883},{"name":"Prayer potion(4)","id":2434,"quantity":1,"price":10152}],"date":"Mar 27, 2022, 1:19:11 AM"}
{"name":"Spitting Wyvern","level":139,"killCount":-1,"type":"NPC","drops":[{"name":"Wyvern bones","id":6812,"quantity":1,"price":1883},{"name":"Adamant crossbow (u)","id":9463,"quantity":1,"price":1256}],"date":"Mar 27, 2022, 1:20:04 AM"}
{"name":"Spitting Wyvern","level":139,"killCount":-1,"type":"NPC","drops":[{"name":"Wyvern bones","id":6812,"quantity":1,"price":1883},{"name":"Snape grass","id":232,"quantity":11,"price":344}],"date":"Mar 27, 2022, 1:20:56 AM"}
{"name":"Spitting Wyvern","level":139,"killCount":-1,"type":"NPC","drops":[{"name":"Wyvern bones","id":6812,"quantity":1,"price":1883},{"name":"Numulite","id":21555,"quantity":21,"price":43},{"name":"Grimy ranarr weed","id":207,"quantity":1,"price":7612}],"date":"Mar 27, 2022, 1:24:11 AM"}
{"name":"Spitting Wyvern","level":139,"killCount":-1,"type":"NPC","drops":[{"name":"Wyvern bones","id":6812,"quantity":1,"price":1883},{"name":"Unidentified small fossil","id":21562,"quantity":1,"price":0},{"name":"Coins","id":995,"quantity":3000,"price":1}],"date":"Mar 27, 2022, 1:24:45 AM"}
{"name":"Spitting Wyvern","level":139,"killCount":-1,"type":"NPC","drops":[{"name":"Wyvern bones","id":6812,"quantity":1,"price":1883},{"name":"Teak logs","id":6334,"quantity":35,"price":208}],"date":"Mar 27, 2022, 1:25:20 AM"}
{"name":"Spitting Wyvern","level":139,"killCount":-1,"type":"NPC","drops":[{"name":"Wyvern bones","id":6812,"quantity":1,"price":1883},{"name":"Numulite","id":21555,"quantity":6,"price":43},{"name":"Grimy ranarr weed","id":207,"quantity":1,"price":7612}],"date":"Mar 27, 2022, 1:25:46 AM"}
{"name":"Spitting Wyvern","level":139,"killCount":-1,"type":"NPC","drops":[{"name":"Wyvern bones","id":6812,"quantity":1,"price":1883},{"name":"Numulite","id":21555,"quantity":21,"price":43},{"name":"Grimy torstol","id":219,"quantity":1,"price":8291}],"date":"Mar 27, 2022, 1:26:23 AM"}
{"name":"Spitting Wyvern","level":139,"killCount":-1,"type":"NPC","drops":[{"name":"Wyvern bones","id":6812,"quantity":1,"price":1883},{"name":"Numulite","id":21555,"quantity":16,"price":43},{"name":"Adamantite bar","id":2362,"quantity":3,"price":1970}],"date":"Mar 27, 2022, 1:26:57 AM"}
{"name":"Spitting Wyvern","level":139,"killCount":-1,"type":"NPC","drops":[{"name":"Wyvern bones","id":6812,"quantity":1,"price":1883},{"name":"Numulite","id":21555,"quantity":20,"price":43},{"name":"Grimy ranarr weed","id":207,"quantity":1,"price":7612}],"date":"Mar 27, 2022, 1:27:39 AM"}
{"name":"Spitting Wyvern","level":139,"killCount":-1,"type":"NPC","drops":[{"name":"Wyvern bones","id":6812,"quantity":1,"price":1883},{"name":"Grimy lantadyme","id":2486,"quantity":2,"price":1386}],"date":"Mar 27, 2022, 1:28:15 AM"}
{"name":"Spitting Wyvern","level":139,"killCount":-1,"type":"NPC","drops":[{"name":"Wyvern bones","id":6812,"quantity":1,"price":1883},{"name":"Numulite","id":21555,"quantity":10,"price":43},{"name":"Chaos rune","id":562,"quantity":15,"price":62}],"date":"Mar 27, 2022, 1:28:59 AM"}
{"name":"Spitting Wyvern","level":139,"killCount":-1,"type":"NPC","drops":[{"name":"Wyvern bones","id":6812,"quantity":1,"price":1883},{"name":"Law rune","id":563,"quantity":15,"price":136}],"date":"Mar 27, 2022, 1:29:48 AM"}
{"name":"Spitting Wyvern","level":139,"killCount":-1,"type":"NPC","drops":[{"name":"Wyvern bones","id":6812,"quantity":1,"price":1883},{"name":"Numulite","id":21555,"quantity":6,"price":43},{"name":"Prayer potion(4)","id":2434,"quantity":1,"price":10152}],"date":"Mar 27, 2022, 1:30:20 AM"}
{"name":"Spitting Wyvern","level":139,"killCount":-1,"type":"NPC","drops":[{"name":"Wyvern bones","id":6812,"quantity":1,"price":1883},{"name":"Numulite","id":21555,"quantity":19,"price":43},{"name":"Grimy kwuarm","id":214,"quantity":2,"price":1511}],"date":"Mar 27, 2022, 1:31:16 AM"}
{"name":"Spitting Wyvern","level":139,"killCount":-1,"type":"NPC","drops":[{"name":"Wyvern bones","id":6812,"quantity":1,"price":1883},{"name":"Numulite","id":21555,"quantity":6,"price":43},{"name":"Adamant crossbow (u)","id":9463,"quantity":1,"price":1256}],"date":"Mar 27, 2022, 1:32:02 AM"}
{"name":"Spitting Wyvern","level":139,"killCount":-1,"type":"NPC","drops":[{"name":"Wyvern bones","id":6812,"quantity":1,"price":1883},{"name":"Numulite","id":21555,"quantity":20,"price":43},{"name":"Prayer potion(4)","id":2434,"quantity":1,"price":10152}],"date":"Mar 27, 2022, 1:32:48 AM"}
{"name":"Spitting Wyvern","level":139,"killCount":-1,"type":"NPC","drops":[{"name":"Wyvern bones","id":6812,"quantity":1,"price":1883},{"name":"Numulite","id":21555,"quantity":15,"price":43},{"name":"Air battlestaff","id":1397,"quantity":1,"price":8930}],"date":"Mar 27, 2022, 1:33:56 AM"}
{"name":"Spitting Wyvern","level":139,"killCount":-1,"type":"NPC","drops":[{"name":"Wyvern bones","id":6812,"quantity":1,"price":1880},{"name":"Numulite","id":21555,"quantity":20,"price":44},{"name":"Death rune","id":560,"quantity":15,"price":190}],"date":"Mar 27, 2022, 1:34:45 AM"}
{"name":"Spitting Wyvern","level":139,"killCount":-1,"type":"NPC","drops":[{"name":"Wyvern bones","id":6812,"quantity":1,"price":1880},{"name":"Numulite","id":21555,"quantity":15,"price":44},{"name":"Runite ore","id":452,"quantity":1,"price":11166}],"date":"Mar 27, 2022, 1:36:56 AM"}
{"name":"Spitting Wyvern","level":139,"killCount":-1,"type":"NPC","drops":[{"name":"Wyvern bones","id":6812,"quantity":1,"price":1880},{"name":"Prayer potion(4)","id":2434,"quantity":1,"price":10138}],"date":"Mar 27, 2022, 1:37:38 AM"}
{"name":"Spitting Wyvern","level":139,"killCount":-1,"type":"NPC","drops":[{"name":"Wyvern bones","id":6812,"quantity":1,"price":1880},{"name":"Grimy dwarf weed","id":218,"quantity":2,"price":992}],"date":"Mar 27, 2022, 1:38:23 AM"}
{"name":"Spitting Wyvern","level":139,"killCount":-1,"type":"NPC","drops":[{"name":"Wyvern bones","id":6812,"quantity":1,"price":2000},{"name":"Numulite","id":21555,"quantity":19,"price":35},{"name":"Air battlestaff","id":1397,"quantity":1,"price":8939}],"date":"Mar 31, 2022, 1:09:38 PM"}
{"name":"Spitting Wyvern","level":139,"killCount":-1,"type":"NPC","drops":[{"name":"Wyvern bones","id":6812,"quantity":1,"price":2000},{"name":"Numulite","id":21555,"quantity":24,"price":35},{"name":"Pure essence","id":7937,"quantity":150,"price":1}],"date":"Mar 31, 2022, 1:10:05 PM"}
{"name":"Spitting Wyvern","level":139,"killCount":-1,"type":"NPC","drops":[{"name":"Wyvern bones","id":6812,"quantity":1,"price":1988},{"name":"Numulite","id":21555,"quantity":9,"price":34},{"name":"Prayer potion(4)","id":2434,"quantity":1,"price":10233}],"date":"Mar 31, 2022, 1:10:33 PM"}
{"name":"Spitting Wyvern","level":139,"killCount":-1,"type":"NPC","drops":[{"name":"Wyvern bones","id":6812,"quantity":1,"price":1988},{"name":"Numulite","id":21555,"quantity":6,"price":34},{"name":"Adamant crossbow (u)","id":9463,"quantity":1,"price":1248}],"date":"Mar 31, 2022, 1:11:17 PM"}
{"name":"Spitting Wyvern","level":139,"killCount":-1,"type":"NPC","drops":[{"name":"Wyvern bones","id":6812,"quantity":1,"price":1988},{"name":"Runite bolts","id":9144,"quantity":27,"price":196}],"date":"Mar 31, 2022, 1:12:01 PM"}
{"name":"Spitting Wyvern","level":139,"killCount":-1,"type":"NPC","drops":[{"name":"Wyvern bones","id":6812,"quantity":1,"price":1988},{"name":"Adamant platebody","id":1123,"quantity":1,"price":9518}],"date":"Mar 31, 2022, 1:12:41 PM"}
{"name":"Spitting Wyvern","level":139,"killCount":-1,"type":"NPC","drops":[{"name":"Wyvern bones","id":6812,"quantity":1,"price":1988},{"name":"Numulite","id":21555,"quantity":9,"price":34},{"name":"Lobster","id":379,"quantity":1,"price":168},{"name":"Lobster","id":379,"quantity":1,"price":168}],"date":"Mar 31, 2022, 1:13:31 PM"}
{"name":"Spitting Wyvern","level":139,"killCount":-1,"type":"NPC","drops":[{"name":"Wyvern bones","id":6812,"quantity":1,"price":1988},{"name":"Numulite","id":21555,"quantity":22,"price":34},{"name":"Coins","id":995,"quantity":3000,"price":1}],"date":"Mar 31, 2022, 1:14:43 PM"}
{"name":"Spitting Wyvern","level":139,"killCount":-1,"type":"NPC","drops":[{"name":"Wyvern bones","id":6812,"quantity":1,"price":1988},{"name":"Numulite","id":21555,"quantity":10,"price":34},{"name":"Adamantite bar","id":2362,"quantity":4,"price":1994}],"date":"Mar 31, 2022, 1:15:19 PM"}
{"name":"Spitting Wyvern","level":139,"killCount":-1,"type":"NPC","drops":[{"name":"Wyvern bones","id":6812,"quantity":1,"price":1988},{"name":"Prayer potion(4)","id":2434,"quantity":1,"price":10233}],"date":"Mar 31, 2022, 1:16:06 PM"}
{"name":"Spitting Wyvern","level":139,"killCount":-1,"type":"NPC","drops":[{"name":"Wyvern bones","id":6812,"quantity":1,"price":1988},{"name":"Pure essence","id":7937,"quantity":150,"price":1}],"date":"Mar 31, 2022, 1:16:32 PM"}
{"name":"Spitting Wyvern","level":139,"killCount":-1,"type":"NPC","drops":[{"name":"Wyvern bones","id":6812,"quantity":1,"price":1988},{"name":"Numulite","id":21555,"quantity":13,"price":34},{"name":"Law rune","id":563,"quantity":15,"price":134}],"date":"Mar 31, 2022, 1:17:01 PM"}
{"name":"Spitting Wyvern","level":139,"killCount":-1,"type":"NPC","drops":[{"name":"Wyvern bones","id":6812,"quantity":1,"price":1988},{"name":"Numulite","id":21555,"quantity":11,"price":34},{"name":"Pure essence","id":7937,"quantity":150,"price":1}],"date":"Mar 31, 2022, 1:17:50 PM"}
{"name":"Spitting Wyvern","level":139,"killCount":-1,"type":"NPC","drops":[{"name":"Wyvern bones","id":6812,"quantity":1,"price":1988},{"name":"Numulite","id":21555,"quantity":7,"price":34},{"name":"Coins","id":995,"quantity":3000,"price":1}],"date":"Mar 31, 2022, 1:18:51 PM"}
{"name":"Spitting Wyvern","level":139,"killCount":-1,"type":"NPC","drops":[{"name":"Wyvern bones","id":6812,"quantity":1,"price":1988},{"name":"Runite ore","id":452,"quantity":1,"price":11175}],"date":"Mar 31, 2022, 1:19:40 PM"}
{"name":"Spitting Wyvern","level":139,"killCount":-1,"type":"NPC","drops":[{"name":"Wyvern bones","id":6812,"quantity":1,"price":1988},{"name":"Numulite","id":21555,"quantity":8,"price":34},{"name":"Grimy dwarf weed","id":218,"quantity":2,"price":919}],"date":"Mar 31, 2022, 1:20:11 PM"}
{"name":"Spitting Wyvern","level":139,"killCount":-1,"type":"NPC","drops":[{"name":"Wyvern bones","id":6812,"quantity":1,"price":1988},{"name":"Unidentified medium fossil","id":21564,"quantity":1,"price":0},{"name":"Blood rune","id":565,"quantity":15,"price":288}],"date":"Mar 31, 2022, 1:23:55 PM"}
{"name":"Spitting Wyvern","level":139,"killCount":-1,"type":"NPC","drops":[{"name":"Wyvern bones","id":6812,"quantity":1,"price":1988},{"name":"Adamant battleaxe","id":1371,"quantity":1,"price":2129}],"date":"Mar 31, 2022, 1:24:22 PM"}
{"name":"Spitting Wyvern","level":139,"killCount":-1,"type":"NPC","drops":[{"name":"Wyvern bones","id":6812,"quantity":1,"price":1988},{"name":"Grimy kwuarm","id":214,"quantity":2,"price":1591}],"date":"Mar 31, 2022, 1:24:55 PM"}
{"name":"Spitting Wyvern","level":139,"killCount":-1,"type":"NPC","drops":[{"name":"Wyvern bones","id":6812,"quantity":1,"price":1988},{"name":"Pure essence","id":7937,"quantity":150,"price":1}],"date":"Mar 31, 2022, 1:25:28 PM"}
{"name":"Spitting Wyvern","level":139,"killCount":-1,"type":"NPC","drops":[{"name":"Wyvern bones","id":6812,"quantity":1,"price":1988},{"name":"Lobster","id":379,"quantity":1,"price":168},{"name":"Lobster","id":379,"quantity":1,"price":168}],"date":"Mar 31, 2022, 1:26:11 PM"}
{"name":"Spitting Wyvern","level":139,"killCount":-1,"type":"NPC","drops":[{"name":"Wyvern bones","id":6812,"quantity":1,"price":1988},{"name":"Air battlestaff","id":1397,"quantity":1,"price":8923}],"date":"Mar 31, 2022, 1:27:15 PM"}
{"name":"Spitting Wyvern","level":139,"killCount":-1,"type":"NPC","drops":[{"name":"Wyvern bones","id":6812,"quantity":1,"price":1988},{"name":"Coins","id":995,"quantity":3000,"price":1}],"date":"Mar 31, 2022, 1:29:13 PM"}
{"name":"Spitting Wyvern","level":139,"killCount":-1,"type":"NPC","drops":[{"name":"Wyvern bones","id":6812,"quantity":1,"price":1988},{"name":"Adamantite bar","id":2362,"quantity":2,"price":1994}],"date":"Mar 31, 2022, 1:30:01 PM"}
{"name":"Spitting Wyvern","level":139,"killCount":-1,"type":"NPC","drops":[{"name":"Wyvern bones","id":6812,"quantity":1,"price":1988},{"name":"Numulite","id":21555,"quantity":21,"price":34},{"name":"Law rune","id":563,"quantity":15,"price":134}],"date":"Mar 31, 2022, 1:30:25 PM"}
{"name":"Spitting Wyvern","level":139,"killCount":-1,"type":"NPC","drops":[{"name":"Wyvern bones","id":6812,"quantity":1,"price":1988},{"name":"Adamant battleaxe","id":1371,"quantity":1,"price":2129}],"date":"Mar 31, 2022, 1:30:53 PM"}
{"name":"Spitting Wyvern","level":139,"killCount":-1,"type":"NPC","drops":[{"name":"Wyvern bones","id":6812,"quantity":1,"price":1988},{"name":"Numulite","id":21555,"quantity":11,"price":34},{"name":"Adamant full helm","id":1161,"quantity":1,"price":1736}],"date":"Mar 31, 2022, 1:31:43 PM"}
{"name":"Spitting Wyvern","level":139,"killCount":-1,"type":"NPC","drops":[{"name":"Wyvern bones","id":6812,"quantity":1,"price":1988},{"name":"Grimy lantadyme","id":2486,"quantity":2,"price":1407}],"date":"Mar 31, 2022, 1:32:25 PM"}
{"name":"Spitting Wyvern","level":139,"killCount":-1,"type":"NPC","drops":[{"name":"Wyvern bones","id":6812,"quantity":1,"price":1988},{"name":"Unidentified small fossil","id":21562,"quantity":1,"price":0},{"name":"Grimy ranarr weed","id":207,"quantity":1,"price":7591}],"date":"Mar 31, 2022, 1:33:09 PM"}
{"name":"Spitting Wyvern","level":139,"killCount":-1,"type":"NPC","drops":[{"name":"Wyvern bones","id":6812,"quantity":1,"price":1988},{"name":"Death rune","id":560,"quantity":15,"price":189}],"date":"Mar 31, 2022, 1:34:15 PM"}
{"name":"Spitting Wyvern","level":139,"killCount":-1,"type":"NPC","drops":[{"name":"Wyvern bones","id":6812,"quantity":1,"price":1988},{"name":"Coins","id":995,"quantity":3000,"price":1}],"date":"Mar 31, 2022, 1:35:04 PM"}
{"name":"Spitting Wyvern","level":139,"killCount":-1,"type":"NPC","drops":[{"name":"Wyvern bones","id":6812,"quantity":1,"price":1988},{"name":"Numulite","id":21555,"quantity":6,"price":34},{"name":"Prayer potion(4)","id":2434,"quantity":1,"price":10233}],"date":"Mar 31, 2022, 1:35:40 PM"}
{"name":"Spitting Wyvern","level":139,"killCount":-1,"type":"NPC","drops":[{"name":"Wyvern bones","id":6812,"quantity":1,"price":1988},{"name":"Numulite","id":21555,"quantity":6,"price":34},{"name":"Lobster","id":379,"quantity":1,"price":168},{"name":"Lobster","id":379,"quantity":1,"price":168}],"date":"Mar 31, 2022, 1:36:19 PM"}
{"name":"Spitting Wyvern","level":139,"killCount":-1,"type":"NPC","drops":[{"name":"Wyvern bones","id":6812,"quantity":1,"price":1988},{"name":"Numulite","id":21555,"quantity":22,"price":34},{"name":"Lobster","id":379,"quantity":1,"price":168},{"name":"Lobster","id":379,"quantity":1,"price":168}],"date":"Mar 31, 2022, 1:37:13 PM"}
{"name":"Spitting Wyvern","level":139,"killCount":-1,"type":"NPC","drops":[{"name":"Wyvern bones","id":6812,"quantity":1,"price":1988},{"name":"Prayer potion(4)","id":2434,"quantity":1,"price":10233}],"date":"Mar 31, 2022, 1:38:07 PM"}
{"name":"Spitting Wyvern","level":139,"killCount":-1,"type":"NPC","drops":[{"name":"Wyvern bones","id":6812,"quantity":1,"price":1988},{"name":"Numulite","id":21555,"quantity":16,"price":34},{"name":"Battlestaff","id":1392,"quantity":4,"price":8027}],"date":"Mar 31, 2022, 1:40:05 PM"}
{"name":"Spitting Wyvern","level":139,"killCount":-1,"type":"NPC","drops":[{"name":"Wyvern bones","id":6812,"quantity":1,"price":1966},{"name":"Adamant arrow","id":890,"quantity":38,"price":24}],"date":"Mar 31, 2022, 1:40:40 PM"}
{"name":"Spitting Wyvern","level":139,"killCount":-1,"type":"NPC","drops":[{"name":"Wyvern bones","id":6812,"quantity":1,"price":1966},{"name":"Adamantite bar","id":2362,"quantity":2,"price":1997}],"date":"Mar 31, 2022, 1:40:59 PM"}
{"name":"Spitting Wyvern","level":139,"killCount":-1,"type":"NPC","drops":[{"name":"Wyvern bones","id":6812,"quantity":1,"price":1966},{"name":"Pure essence","id":7937,"quantity":150,"price":1}],"date":"Mar 31, 2022, 1:41:30 PM"}
{"name":"Spitting Wyvern","level":139,"killCount":-1,"type":"NPC","drops":[{"name":"Wyvern bones","id":6812,"quantity":1,"price":1966},{"name":"Numulite","id":21555,"quantity":19,"price":34},{"name":"Pyrophosphite","id":21545,"quantity":2,"price":42}],"date":"Mar 31, 2022, 1:41:59 PM"}
{"name":"Spitting Wyvern","level":139,"killCount":-1,"type":"NPC","drops":[{"name":"Wyvern bones","id":6812,"quantity":1,"price":1966},{"name":"Numulite","id":21555,"quantity":22,"price":34},{"name":"Adamant crossbow (u)","id":9463,"quantity":1,"price":1248}],"date":"Mar 31, 2022, 1:42:33 PM"}
{"name":"Spitting Wyvern","level":139,"killCount":-1,"type":"NPC","drops":[{"name":"Wyvern bones","id":6812,"quantity":1,"price":1966},{"name":"Numulite","id":21555,"quantity":21,"price":34},{"name":"Battlestaff","id":1392,"quantity":5,"price":8022}],"date":"Mar 31, 2022, 1:43:02 PM"}
{"name":"Spitting Wyvern","level":139,"killCount":-1,"type":"NPC","drops":[{"name":"Wyvern bones","id":6812,"quantity":1,"price":1966},{"name":"Numulite","id":21555,"quantity":21,"price":34},{"name":"Ranarr seed","id":5295,"quantity":1,"price":41510}],"date":"Mar 31, 2022, 1:43:30 PM"}
{"name":"Spitting Wyvern","level":139,"killCount":-1,"type":"NPC","drops":[{"name":"Wyvern bones","id":6812,"quantity":1,"price":1966},{"name":"Numulite","id":21555,"quantity":9,"price":34},{"name":"Seaweed spore","id":21490,"quantity":12,"price":412}],"date":"Mar 31, 2022, 1:44:21 PM"}
{"name":"Spitting Wyvern","level":139,"killCount":-1,"type":"NPC","drops":[{"name":"Wyvern bones","id":6812,"quantity":1,"price":1966},{"name":"Numulite","id":21555,"quantity":9,"price":34},{"name":"Battlestaff","id":1392,"quantity":5,"price":8022}],"date":"Mar 31, 2022, 1:44:59 PM"}
{"name":"Spitting Wyvern","level":139,"killCount":-1,"type":"NPC","drops":[{"name":"Wyvern bones","id":6812,"quantity":1,"price":1966},{"name":"Numulite","id":21555,"quantity":11,"price":34},{"name":"Runite bolts","id":9144,"quantity":27,"price":182}],"date":"Mar 31, 2022, 1:45:24 PM"}
{"name":"Spitting Wyvern","level":139,"killCount":-1,"type":"NPC","drops":[{"name":"Wyvern bones","id":6812,"quantity":1,"price":2684},{"name":"Adamant full helm","id":1161,"quantity":1,"price":1825}],"date":"Apr 29, 2022, 10:32:48 AM"}
{"name":"Spitting Wyvern","level":139,"killCount":-1,"type":"NPC","drops":[{"name":"Wyvern bones","id":6812,"quantity":1,"price":2684},{"name":"Death rune","id":560,"quantity":15,"price":185}],"date":"Apr 29, 2022, 10:33:13 AM"}
{"name":"Spitting Wyvern","level":139,"killCount":-1,"type":"NPC","drops":[{"name":"Wyvern bones","id":6812,"quantity":1,"price":2684},{"name":"Prayer potion(4)","id":2434,"quantity":1,"price":9934}],"date":"Apr 29, 2022, 10:33:45 AM"}
{"name":"Spitting Wyvern","level":139,"killCount":-1,"type":"NPC","drops":[{"name":"Wyvern bones","id":6812,"quantity":1,"price":2684},{"name":"Numulite","id":21555,"quantity":7,"price":37},{"name":"Chaos rune","id":562,"quantity":15,"price":64}],"date":"Apr 29, 2022, 10:34:19 AM"}
{"name":"Spitting Wyvern","level":139,"killCount":-1,"type":"NPC","drops":[{"name":"Wyvern bones","id":6812,"quantity":1,"price":2684},{"name":"Numulite","id":21555,"quantity":15,"price":37},{"name":"Water rune","id":555,"quantity":50,"price":4}],"date":"Apr 29, 2022, 10:34:57 AM"}
{"name":"Spitting Wyvern","level":139,"killCount":-1,"type":"NPC","drops":[{"name":"Wyvern bones","id":6812,"quantity":1,"price":2684},{"name":"Numulite","id":21555,"quantity":7,"price":37},{"name":"Pure essence","id":7937,"quantity":150,"price":2}],"date":"Apr 29, 2022, 10:35:30 AM"}
{"name":"Spitting Wyvern","level":139,"killCount":-1,"type":"NPC","drops":[{"name":"Wyvern bones","id":6812,"quantity":1,"price":2684},{"name":"Numulite","id":21555,"quantity":6,"price":37},{"name":"Air battlestaff","id":1397,"quantity":1,"price":8915}],"date":"Apr 29, 2022, 10:36:12 AM"}
{"name":"Spitting Wyvern","level":139,"killCount":-1,"type":"NPC","drops":[{"name":"Wyvern bones","id":6812,"quantity":1,"price":2684},{"name":"Adamant arrow","id":890,"quantity":39,"price":21}],"date":"Apr 29, 2022, 10:36:48 AM"}
{"name":"Spitting Wyvern","level":139,"killCount":-1,"type":"NPC","drops":[{"name":"Wyvern bones","id":6812,"quantity":1,"price":2684},{"name":"Grimy kwuarm","id":214,"quantity":2,"price":1695}],"date":"Apr 29, 2022, 10:37:41 AM"}
{"name":"Spitting Wyvern","level":139,"killCount":-1,"type":"NPC","drops":[{"name":"Wyvern bones","id":6812,"quantity":1,"price":2684},{"name":"Adamant battleaxe","id":1371,"quantity":1,"price":2178}],"date":"Apr 29, 2022, 10:38:31 AM"}
{"name":"Spitting Wyvern","level":139,"killCount":-1,"type":"NPC","drops":[{"name":"Wyvern bones","id":6812,"quantity":1,"price":2684},{"name":"Numulite","id":21555,"quantity":16,"price":37},{"name":"Pure essence","id":7937,"quantity":150,"price":2}],"date":"Apr 29, 2022, 10:39:18 AM"}
{"name":"Spitting Wyvern","level":139,"killCount":-1,"type":"NPC","drops":[{"name":"Wyvern bones","id":6812,"quantity":1,"price":2684},{"name":"Numulite","id":21555,"quantity":22,"price":37},{"name":"Adamant arrow","id":890,"quantity":40,"price":21}],"date":"Apr 29, 2022, 10:39:59 AM"}
{"name":"Spitting Wyvern","level":139,"killCount":-1,"type":"NPC","drops":[{"name":"Wyvern bones","id":6812,"quantity":1,"price":2684},{"name":"Numulite","id":21555,"quantity":8,"price":37},{"name":"Chaos rune","id":562,"quantity":15,"price":64}],"date":"Apr 29, 2022, 10:40:45 AM"}
{"name":"Spitting Wyvern","level":139,"killCount":-1,"type":"NPC","drops":[{"name":"Wyvern bones","id":6812,"quantity":1,"price":2684},{"name":"Numulite","id":21555,"quantity":11,"price":37},{"name":"Coins","id":995,"quantity":3000,"price":1}],"date":"Apr 29, 2022, 10:41:17 AM"}
{"name":"Spitting Wyvern","level":139,"killCount":-1,"type":"NPC","drops":[{"name":"Wyvern bones","id":6812,"quantity":1,"price":2684},{"name":"Volcanic ash","id":21622,"quantity":35,"price":86}],"date":"Apr 29, 2022, 10:42:01 AM"}
{"name":"Spitting Wyvern","level":139,"killCount":-1,"type":"NPC","drops":[{"name":"Wyvern bones","id":6812,"quantity":1,"price":2684},{"name":"Battlestaff","id":1392,"quantity":3,"price":7843}],"date":"Apr 29, 2022, 10:44:28 AM"}
{"name":"Spitting Wyvern","level":139,"killCount":-1,"type":"NPC","drops":[{"name":"Wyvern bones","id":6812,"quantity":1,"price":2684},{"name":"Runite ore","id":452,"quantity":1,"price":11035}],"date":"Apr 29, 2022, 10:44:51 AM"}
{"name":"Spitting Wyvern","level":139,"killCount":-1,"type":"NPC","drops":[{"name":"Wyvern bones","id":6812,"quantity":1,"price":2684},{"name":"Air battlestaff","id":1397,"quantity":1,"price":8915}],"date":"Apr 29, 2022, 10:45:42 AM"}
{"name":"Spitting Wyvern","level":139,"killCount":-1,"type":"NPC","drops":[{"name":"Wyvern bones","id":6812,"quantity":1,"price":2684},{"name":"Pure essence","id":7937,"quantity":150,"price":2}],"date":"Apr 29, 2022, 10:46:11 AM"}
{"name":"Spitting Wyvern","level":139,"killCount":-1,"type":"NPC","drops":[{"name":"Wyvern bones","id":6812,"quantity":1,"price":2684},{"name":"Numulite","id":21555,"quantity":10,"price":37},{"name":"Law rune","id":563,"quantity":15,"price":128}],"date":"Apr 29, 2022, 10:46:50 AM"}
{"name":"Spitting Wyvern","level":139,"killCount":-1,"type":"NPC","drops":[{"name":"Wyvern bones","id":6812,"quantity":1,"price":2684},{"name":"Numulite","id":21555,"quantity":5,"price":37},{"name":"Coins","id":995,"quantity":3000,"price":1}],"date":"Apr 29, 2022, 10:47:30 AM"}
{"name":"Spitting Wyvern","level":139,"killCount":-1,"type":"NPC","drops":[{"name":"Wyvern bones","id":6812,"quantity":1,"price":2684},{"name":"Numulite","id":21555,"quantity":9,"price":37},{"name":"Pure essence","id":7937,"quantity":150,"price":2}],"date":"Apr 29, 2022, 10:48:09 AM"}
{"name":"Spitting Wyvern","level":139,"killCount":-1,"type":"NPC","drops":[{"name":"Wyvern bones","id":6812,"quantity":1,"price":2684},{"name":"Numulite","id":21555,"quantity":22,"price":37},{"name":"Prayer potion(4)","id":2434,"quantity":1,"price":9934}],"date":"Apr 29, 2022, 10:48:56 AM"}
{"name":"Spitting Wyvern","level":139,"killCount":-1,"type":"NPC","drops":[{"name":"Wyvern bones","id":6812,"quantity":1,"price":2679},{"name":"Air battlestaff","id":1397,"quantity":1,"price":8950}],"date":"Apr 29, 2022, 10:49:52 AM"}
{"name":"Spitting Wyvern","level":139,"killCount":-1,"type":"NPC","drops":[{"name":"Wyvern bones","id":6812,"quantity":1,"price":2679},{"name":"Numulite","id":21555,"quantity":13,"price":36},{"name":"Coins","id":995,"quantity":3000,"price":1}],"date":"Apr 29, 2022, 10:51:02 AM"}
{"name":"Spitting Wyvern","level":139,"killCount":-1,"type":"NPC","drops":[{"name":"Wyvern bones","id":6812,"quantity":1,"price":2679},{"name":"Numulite","id":21555,"quantity":11,"price":36},{"name":"Adamant arrow","id":890,"quantity":38,"price":22}],"date":"Apr 29, 2022, 10:51:37 AM"}
{"name":"Spitting Wyvern","level":139,"killCount":-1,"type":"NPC","drops":[{"name":"Wyvern bones","id":6812,"quantity":1,"price":2679},{"name":"Numulite","id":21555,"quantity":7,"price":36},{"name":"Prayer potion(4)","id":2434,"quantity":1,"price":9685}],"date":"Apr 29, 2022, 10:52:20 AM"}
{"name":"Spitting Wyvern","level":139,"killCount":-1,"type":"NPC","drops":[{"name":"Wyvern bones","id":6812,"quantity":1,"price":2679},{"name":"Adamantite bar","id":2362,"quantity":2,"price":2028}],"date":"Apr 29, 2022, 10:52:49 AM"}
{"name":"Spitting Wyvern","level":139,"killCount":-1,"type":"NPC","drops":[{"name":"Unidentified medium fossil","id":21564,"quantity":1,"price":0},{"name":"Adamant crossbow (u)","id":9463,"quantity":1,"price":1267}],"date":"May 11, 2022, 7:15:29 PM"}
{"name":"Spitting Wyvern","level":139,"killCount":-1,"type":"NPC","drops":[{"name":"Wyvern bones","id":6812,"quantity":1,"price":2705},{"name":"Numulite","id":21555,"quantity":6,"price":33},{"name":"Teak logs","id":6334,"quantity":35,"price":209}],"date":"May 11, 2022, 7:16:20 PM"}
{"name":"Spitting Wyvern","level":139,"killCount":-1,"type":"NPC","drops":[{"name":"Wyvern bones","id":6812,"quantity":1,"price":2705},{"name":"Lobster","id":379,"quantity":1,"price":167},{"name":"Lobster","id":379,"quantity":1,"price":167}],"date":"May 11, 2022, 7:16:42 PM"}
{"name":"Spitting Wyvern","level":139,"killCount":-1,"type":"NPC","drops":[{"name":"Wyvern bones","id":6812,"quantity":1,"price":2705},{"name":"Pure essence","id":7937,"quantity":150,"price":1}],"date":"May 11, 2022, 7:17:26 PM"}
{"name":"Spitting Wyvern","level":139,"killCount":-1,"type":"NPC","drops":[{"name":"Wyvern bones","id":6812,"quantity":1,"price":2705},{"name":"Prayer potion(4)","id":2434,"quantity":1,"price":11774}],"date":"May 11, 2022, 7:18:03 PM"}
{"name":"Spitting Wyvern","level":139,"killCount":-1,"type":"NPC","drops":[{"name":"Wyvern bones","id":6812,"quantity":1,"price":2705},{"name":"Numulite","id":21555,"quantity":16,"price":33},{"name":"Coins","id":995,"quantity":3000,"price":1}],"date":"May 11, 2022, 7:18:29 PM"}
{"name":"Spitting Wyvern","level":139,"killCount":-1,"type":"NPC","drops":[{"name":"Wyvern bones","id":6812,"quantity":1,"price":2705},{"name":"Numulite","id":21555,"quantity":13,"price":33},{"name":"Adamant arrow","id":890,"quantity":39,"price":23}],"date":"May 11, 2022, 7:19:26 PM"}
{"name":"Spitting Wyvern","level":139,"killCount":-1,"type":"NPC","drops":[{"name":"Wyvern bones","id":6812,"quantity":1,"price":2705},{"name":"Grimy dwarf weed","id":218,"quantity":2,"price":967}],"date":"May 11, 2022, 7:20:15 PM"}
{"name":"Spitting Wyvern","level":139,"killCount":-1,"type":"NPC","drops":[{"name":"Wyvern bones","id":6812,"quantity":1,"price":2705},{"name":"Numulite","id":21555,"quantity":7,"price":33},{"name":"Adamantite bar","id":2362,"quantity":4,"price":2005}],"date":"May 11, 2022, 7:22:51 PM"}
{"name":"Spitting Wyvern","level":139,"killCount":-1,"type":"NPC","drops":[{"name":"Wyvern bones","id":6812,"quantity":1,"price":2705},{"name":"Coins","id":995,"quantity":3000,"price":1}],"date":"May 11, 2022, 7:23:27 PM"}
{"name":"Spitting Wyvern","level":139,"killCount":-1,"type":"NPC","drops":[{"name":"Wyvern bones","id":6812,"quantity":1,"price":2705},{"name":"Lobster","id":379,"quantity":1,"price":167},{"name":"Lobster","id":379,"quantity":1,"price":167}],"date":"May 11, 2022, 7:24:14 PM"}
{"name":"Spitting Wyvern","level":139,"killCount":-1,"type":"NPC","drops":[{"name":"Wyvern bones","id":6812,"quantity":1,"price":2705},{"name":"Numulite","id":21555,"quantity":13,"price":33},{"name":"Adamant battleaxe","id":1371,"quantity":1,"price":2082}],"date":"May 11, 2022, 7:24:39 PM"}
{"name":"Spitting Wyvern","level":139,"killCount":-1,"type":"NPC","drops":[{"name":"Wyvern bones","id":6812,"quantity":1,"price":2705},{"name":"Numulite","id":21555,"quantity":11,"price":33},{"name":"Coins","id":995,"quantity":3000,"price":1}],"date":"May 11, 2022, 7:25:02 PM"}
{"name":"Spitting Wyvern","level":139,"killCount":-1,"type":"NPC","drops":[{"name":"Wyvern bones","id":6812,"quantity":1,"price":2705},{"name":"Grimy dwarf weed","id":218,"quantity":2,"price":967}],"date":"May 11, 2022, 7:25:50 PM"}
{"name":"Spitting Wyvern","level":139,"killCount":-1,"type":"NPC","drops":[{"name":"Wyvern bones","id":6812,"quantity":1,"price":2705},{"name":"Numulite","id":21555,"quantity":7,"price":33},{"name":"Lobster","id":379,"quantity":1,"price":167},{"name":"Lobster","id":379,"quantity":1,"price":167}],"date":"May 11, 2022, 7:26:20 PM"}
{"name":"Spitting Wyvern","level":139,"killCount":-1,"type":"NPC","drops":[{"name":"Wyvern bones","id":6812,"quantity":1,"price":2705},{"name":"Pure essence","id":7937,"quantity":150,"price":1}],"date":"May 11, 2022, 7:26:53 PM"}
{"name":"Spitting Wyvern","level":139,"killCount":-1,"type":"NPC","drops":[{"name":"Wyvern bones","id":6812,"quantity":1,"price":2705},{"name":"Seaweed spore","id":21490,"quantity":12,"price":448}],"date":"May 11, 2022, 7:27:28 PM"}
{"name":"Spitting Wyvern","level":139,"killCount":-1,"type":"NPC","drops":[{"name":"Wyvern bones","id":6812,"quantity":1,"price":2705},{"name":"Unidentified medium fossil","id":21564,"quantity":1,"price":0},{"name":"Coins","id":995,"quantity":3000,"price":1}],"date":"May 11, 2022, 7:28:22 PM"}
{"name":"Spitting Wyvern","level":139,"killCount":-1,"type":"NPC","drops":[{"name":"Wyvern bones","id":6812,"quantity":1,"price":2705},{"name":"Numulite","id":21555,"quantity":24,"price":33},{"name":"Death rune","id":560,"quantity":15,"price":185}],"date":"May 11, 2022, 7:28:57 PM"}
{"name":"Spitting Wyvern","level":139,"killCount":-1,"type":"NPC","drops":[{"name":"Wyvern bones","id":6812,"quantity":1,"price":2705},{"name":"Adamantite bar","id":2362,"quantity":4,"price":2005}],"date":"May 11, 2022, 7:29:43 PM"}
{"name":"Spitting Wyvern","level":139,"killCount":-1,"type":"NPC","drops":[{"name":"Wyvern bones","id":6812,"quantity":1,"price":2929},{"name":"Blood rune","id":565,"quantity":15,"price":375}],"date":"May 24, 2022, 9:27:30 AM"}
{"name":"Spitting Wyvern","level":139,"killCount":-1,"type":"NPC","drops":[{"name":"Wyvern bones","id":6812,"quantity":1,"price":2929},{"name":"Numulite","id":21555,"quantity":16,"price":30},{"name":"Coins","id":995,"quantity":3000,"price":1}],"date":"May 24, 2022, 9:28:24 AM"}
{"name":"Spitting Wyvern","level":139,"killCount":-1,"type":"NPC","drops":[{"name":"Wyvern bones","id":6812,"quantity":1,"price":2929},{"name":"Coins","id":995,"quantity":3000,"price":1}],"date":"May 24, 2022, 9:28:53 AM"}
{"name":"Spitting Wyvern","level":139,"killCount":-1,"type":"NPC","drops":[{"name":"Wyvern bones","id":6812,"quantity":1,"price":2929},{"name":"Numulite","id":21555,"quantity":12,"price":30},{"name":"Coins","id":995,"quantity":3000,"price":1}],"date":"May 24, 2022, 9:29:17 AM"}
{"name":"Spitting Wyvern","level":139,"killCount":-1,"type":"NPC","drops":[{"name":"Wyvern bones","id":6812,"quantity":1,"price":2929},{"name":"Numulite","id":21555,"quantity":21,"price":30},{"name":"Calcite","id":21543,"quantity":2,"price":41}],"date":"May 24, 2022, 9:29:57 AM"}
{"name":"Spitting Wyvern","level":139,"killCount":-1,"type":"NPC","drops":[{"name":"Wyvern bones","id":6812,"quantity":1,"price":2929},{"name":"Numulite","id":21555,"quantity":13,"price":30},{"name":"Teak logs","id":6334,"quantity":35,"price":218}],"date":"May 24, 2022, 9:30:25 AM"}
{"name":"Spitting Wyvern","level":139,"killCount":-1,"type":"NPC","drops":[{"name":"Wyvern bones","id":6812,"quantity":1,"price":2929},{"name":"Battlestaff","id":1392,"quantity":4,"price":7693}],"date":"May 24, 2022, 9:30:53 AM"}
{"name":"Spitting Wyvern","level":139,"killCount":-1,"type":"NPC","drops":[{"name":"Wyvern bones","id":6812,"quantity":1,"price":2929},{"name":"Adamant arrow","id":890,"quantity":39,"price":21}],"date":"May 24, 2022, 9:31:45 AM"}
{"name":"Spitting Wyvern","level":139,"killCount":-1,"type":"NPC","drops":[{"name":"Wyvern bones","id":6812,"quantity":1,"price":2929},{"name":"Numulite","id":21555,"quantity":17,"price":30},{"name":"Grimy kwuarm","id":214,"quantity":2,"price":1527}],"date":"May 24, 2022, 9:32:31 AM"}
{"name":"Spitting Wyvern","level":139,"killCount":-1,"type":"NPC","drops":[{"name":"Wyvern bones","id":6812,"quantity":1,"price":2929},{"name":"Grimy lantadyme","id":2486,"quantity":2,"price":1593}],"date":"May 24, 2022, 9:33:19 AM"}
{"name":"Spitting Wyvern","level":139,"killCount":-1,"type":"NPC","drops":[{"name":"Wyvern bones","id":6812,"quantity":1,"price":2929},{"name":"Numulite","id":21555,"quantity":7,"price":30},{"name":"Coins","id":995,"quantity":3000,"price":1}],"date":"May 24, 2022, 9:33:51 AM"}
{"name":"Spitting Wyvern","level":139,"killCount":-1,"type":"NPC","drops":[{"name":"Wyvern bones","id":6812,"quantity":1,"price":2929},{"name":"Lobster","id":379,"quantity":1,"price":163},{"name":"Lobster","id":379,"quantity":1,"price":163}],"date":"May 24, 2022, 9:34:18 AM"}
{"name":"Spitting Wyvern","level":139,"killCount":-1,"type":"NPC","drops":[{"name":"Wyvern bones","id":6812,"quantity":1,"price":2929},{"name":"Coins","id":995,"quantity":3000,"price":1}],"date":"May 24, 2022, 9:34:49 AM"}
{"name":"Spitting Wyvern","level":139,"killCount":-1,"type":"NPC","drops":[{"name":"Wyvern bones","id":6812,"quantity":1,"price":2929},{"name":"Numulite","id":21555,"quantity":5,"price":30},{"name":"Death rune","id":560,"quantity":15,"price":192}],"date":"May 24, 2022, 9:35:22 AM"}
{"name":"Spitting Wyvern","level":139,"killCount":-1,"type":"NPC","drops":[{"name":"Wyvern bones","id":6812,"quantity":1,"price":2929},{"name":"Snape grass","id":232,"quantity":12,"price":331}],"date":"May 24, 2022, 9:37:24 AM"}
{"name":"Spitting Wyvern","level":139,"killCount":-1,"type":"NPC","drops":[{"name":"Wyvern bones","id":6812,"quantity":1,"price":2929},{"name":"Coins","id":995,"quantity":3000,"price":1}],"date":"May 24, 2022, 9:37:48 AM"}
{"name":"Spitting Wyvern","level":139,"killCount":-1,"type":"NPC","drops":[{"name":"Wyvern bones","id":6812,"quantity":1,"price":2929},{"name":"Prayer potion(4)","id":2434,"quantity":1,"price":12118}],"date":"May 24, 2022, 9:38:10 AM"}
{"name":"Spitting Wyvern","level":139,"killCount":-1,"type":"NPC","drops":[{"name":"Wyvern bones","id":6812,"quantity":1,"price":2929},{"name":"Grimy dwarf weed","id":218,"quantity":2,"price":901}],"date":"May 24, 2022, 9:38:56 AM"}
{"name":"Spitting Wyvern","level":139,"killCount":-1,"type":"NPC","drops":[{"name":"Wyvern bones","id":6812,"quantity":1,"price":2929},{"name":"Water rune","id":555,"quantity":50,"price":4}],"date":"May 24, 2022, 9:39:26 AM"}
{"name":"Spitting Wyvern","level":139,"killCount":-1,"type":"NPC","drops":[{"name":"Wyvern bones","id":6812,"quantity":1,"price":2929},{"name":"Numulite","id":21555,"quantity":21,"price":30},{"name":"Battlestaff","id":1392,"quantity":4,"price":7693}],"date":"May 24, 2022, 9:40:06 AM"}
{"name":"Spitting Wyvern","level":139,"killCount":-1,"type":"NPC","drops":[{"name":"Wyvern bones","id":6812,"quantity":1,"price":2929},{"name":"Numulite","id":21555,"quantity":21,"price":30},{"name":"Prayer potion(4)","id":2434,"quantity":1,"price":12118}],"date":"May 24, 2022, 9:40:31 AM"}
{"name":"Spitting Wyvern","level":139,"killCount":-1,"type":"NPC","drops":[{"name":"Wyvern bones","id":6812,"quantity":1,"price":2929},{"name":"Numulite","id":21555,"quantity":14,"price":30},{"name":"Grimy dwarf weed","id":218,"quantity":2,"price":901}],"date":"May 24, 2022, 9:41:10 AM"}
{"name":"Spitting Wyvern","level":139,"killCount":-1,"type":"NPC","drops":[{"name":"Wyvern bones","id":6812,"quantity":1,"price":2929},{"name":"Numulite","id":21555,"quantity":12,"price":30},{"name":"Adamant full helm","id":1161,"quantity":1,"price":1917}],"date":"May 24, 2022, 9:41:48 AM"}
{"name":"Spitting Wyvern","level":139,"killCount":-1,"type":"NPC","drops":[{"name":"Wyvern bones","id":6812,"quantity":1,"price":2929},{"name":"Pyrophosphite","id":21545,"quantity":2,"price":36}],"date":"May 24, 2022, 9:42:24 AM"}
{"name":"Spitting Wyvern","level":139,"killCount":-1,"type":"NPC","drops":[{"name":"Wyvern bones","id":6812,"quantity":1,"price":2929},{"name":"Adamantite bar","id":2362,"quantity":4,"price":2006}],"date":"May 24, 2022, 9:42:45 AM"}
{"name":"Spitting Wyvern","level":139,"killCount":-1,"type":"NPC","drops":[{"name":"Wyvern bones","id":6812,"quantity":1,"price":2929},{"name":"Numulite","id":21555,"quantity":14,"price":30},{"name":"Grimy cadantine","id":216,"quantity":2,"price":1636}],"date":"May 24, 2022, 9:43:16 AM"}
{"name":"Spitting Wyvern","level":139,"killCount":-1,"type":"NPC","drops":[{"name":"Wyvern bones","id":6812,"quantity":1,"price":2929},{"name":"Numulite","id":21555,"quantity":14,"price":30},{"name":"Coins","id":995,"quantity":3000,"price":1}],"date":"May 24, 2022, 9:43:39 AM"}
{"name":"Spitting Wyvern","level":139,"killCount":-1,"type":"NPC","drops":[{"name":"Wyvern bones","id":6812,"quantity":1,"price":2929},{"name":"Pure essence","id":7937,"quantity":150,"price":1}],"date":"May 24, 2022, 9:44:05 AM"}
{"name":"Spitting Wyvern","level":139,"killCount":-1,"type":"NPC","drops":[{"name":"Wyvern bones","id":6812,"quantity":1,"price":2929},{"name":"Numulite","id":21555,"quantity":9,"price":30},{"name":"Prayer potion(4)","id":2434,"quantity":1,"price":12118}],"date":"May 24, 2022, 9:44:31 AM"}
{"name":"Spitting Wyvern","level":139,"killCount":-1,"type":"NPC","drops":[{"name":"Wyvern bones","id":6812,"quantity":1,"price":2929},{"name":"Numulite","id":21555,"quantity":12,"price":30},{"name":"Coins","id":995,"quantity":3000,"price":1}],"date":"May 24, 2022, 9:44:54 AM"}
{"name":"Spitting Wyvern","level":139,"killCount":-1,"type":"NPC","drops":[{"name":"Wyvern bones","id":6812,"quantity":1,"price":2929},{"name":"Adamantite bar","id":2362,"quantity":2,"price":2006}],"date":"May 24, 2022, 9:45:36 AM"}
{"name":"Spitting Wyvern","level":139,"killCount":-1,"type":"NPC","drops":[{"name":"Wyvern bones","id":6812,"quantity":1,"price":2929},{"name":"Water rune","id":555,"quantity":50,"price":4}],"date":"May 24, 2022, 9:45:56 AM"}
{"name":"Spitting Wyvern","level":139,"killCount":-1,"type":"NPC","drops":[{"name":"Wyvern bones","id":6812,"quantity":1,"price":2929},{"name":"Numulite","id":21555,"quantity":13,"price":30},{"name":"Death rune","id":560,"quantity":15,"price":192}],"date":"May 24, 2022, 9:46:22 AM"}
{"name":"Spitting Wyvern","level":139,"killCount":-1,"type":"NPC","drops":[{"name":"Wyvern bones","id":6812,"quantity":1,"price":2926},{"name":"Unidentified rare fossil","id":21568,"quantity":1,"price":0},{"name":"Coins","id":995,"quantity":3000,"price":1}],"date":"May 24, 2022, 9:47:04 AM"}
{"name":"Spitting Wyvern","level":139,"killCount":-1,"type":"NPC","drops":[{"name":"Wyvern bones","id":6812,"quantity":1,"price":2926},{"name":"Numulite","id":21555,"quantity":19,"price":30},{"name":"Prayer potion(4)","id":2434,"quantity":1,"price":12198}],"date":"May 24, 2022, 9:47:32 AM"}
{"name":"Spitting Wyvern","level":139,"killCount":-1,"type":"NPC","drops":[{"name":"Wyvern bones","id":6812,"quantity":1,"price":2926},{"name":"Adamant crossbow (u)","id":9463,"quantity":1,"price":1279}],"date":"May 24, 2022, 9:48:10 AM"}
{"name":"Spitting Wyvern","level":139,"killCount":-1,"type":"NPC","drops":[{"name":"Wyvern bones","id":6812,"quantity":1,"price":2926},{"name":"Coins","id":995,"quantity":3000,"price":1}],"date":"May 24, 2022, 9:48:47 AM"}
{"name":"Spitting Wyvern","level":139,"killCount":-1,"type":"NPC","drops":[{"name":"Wyvern bones","id":6812,"quantity":1,"price":2926},{"name":"Grimy ranarr weed","id":207,"quantity":1,"price":8782}],"date":"May 24, 2022, 9:49:19 AM"}
{"name":"Spitting Wyvern","level":139,"killCount":-1,"type":"NPC","drops":[{"name":"Wyvern bones","id":6812,"quantity":1,"price":2926},{"name":"Numulite","id":21555,"quantity":21,"price":30},{"name":"Lobster","id":379,"quantity":1,"price":163},{"name":"Lobster","id":379,"quantity":1,"price":163}],"date":"May 24, 2022, 9:49:46 AM"}
{"name":"Spitting Wyvern","level":139,"killCount":-1,"type":"NPC","drops":[{"name":"Wyvern bones","id":6812,"quantity":1,"price":2926},{"name":"Numulite","id":21555,"quantity":12,"price":30},{"name":"Runite bolts","id":9144,"quantity":22,"price":211}],"date":"May 24, 2022, 9:50:13 AM"}
{"name":"Spitting Wyvern","level":139,"killCount":-1,"type":"NPC","drops":[{"name":"Wyvern bones","id":6812,"quantity":1,"price":2926},{"name":"Numulite","id":21555,"quantity":7,"price":30},{"name":"Pure essence","id":7937,"quantity":150,"price":1}],"date":"May 24, 2022, 9:50:57 AM"}
{"name":"Spitting Wyvern","level":139,"killCount":-1,"type":"NPC","drops":[{"name":"Wyvern bones","id":6812,"quantity":1,"price":2926},{"name":"Numulite","id":21555,"quantity":13,"price":30},{"name":"Yew seed","id":5315,"quantity":1,"price":57556}],"date":"May 24, 2022, 9:51:25 AM"}
{"name":"Spitting Wyvern","level":139,"killCount":-1,"type":"NPC","drops":[{"name":"Wyvern bones","id":6812,"quantity":1,"price":2926},{"name":"Numulite","id":21555,"quantity":11,"price":30},{"name":"Runite ore","id":452,"quantity":2,"price":10908}],"date":"May 24, 2022, 9:51:53 AM"}
{"name":"Spitting Wyvern","level":139,"killCount":-1,"type":"NPC","drops":[{"name":"Wyvern bones","id":6812,"quantity":1,"price":2926},{"name":"Numulite","id":21555,"quantity":11,"price":30},{"name":"Grimy lantadyme","id":2486,"quantity":2,"price":1616}],"date":"May 24, 2022, 9:52:17 AM"}
{"name":"Spitting Wyvern","level":139,"killCount":-1,"type":"NPC","drops":[{"name":"Wyvern bones","id":6812,"quantity":1,"price":2926},{"name":"Numulite","id":21555,"quantity":16,"price":30},{"name":"Runite ore","id":452,"quantity":1,"price":10908}],"date":"May 24, 2022, 9:52:43 AM"}
{"name":"Spitting Wyvern","level":139,"killCount":-1,"type":"NPC","drops":[{"name":"Wyvern bones","id":6812,"quantity":1,"price":2926},{"name":"Numulite","id":21555,"quantity":22,"price":30},{"name":"Runite ore","id":452,"quantity":2,"price":10908}],"date":"May 24, 2022, 9:53:02 AM"}
{"name":"Spitting Wyvern","level":139,"killCount":-1,"type":"NPC","drops":[{"name":"Wyvern bones","id":6812,"quantity":1,"price":2926},{"name":"Numulite","id":21555,"quantity":17,"price":30},{"name":"Runite bolts","id":9144,"quantity":24,"price":211}],"date":"May 24, 2022, 9:53:31 AM"}
{"name":"Spitting Wyvern","level":139,"killCount":-1,"type":"NPC","drops":[{"name":"Wyvern bones","id":6812,"quantity":1,"price":2926},{"name":"Numulite","id":21555,"quantity":22,"price":30},{"name":"Battlestaff","id":1392,"quantity":5,"price":7720}],"date":"May 24, 2022, 9:53:51 AM"}
{"name":"Spitting Wyvern","level":139,"killCount":-1,"type":"NPC","drops":[{"name":"Wyvern bones","id":6812,"quantity":1,"price":2926},{"name":"Numulite","id":21555,"quantity":12,"price":30},{"name":"Teak logs","id":6334,"quantity":35,"price":218}],"date":"May 24, 2022, 9:54:23 AM"}
{"name":"Spitting Wyvern","level":139,"killCount":-1,"type":"NPC","drops":[{"name":"Wyvern bones","id":6812,"quantity":1,"price":2926},{"name":"Numulite","id":21555,"quantity":5,"price":30},{"name":"Coins","id":995,"quantity":3000,"price":1}],"date":"May 24, 2022, 9:54:59 AM"}
{"name":"Spitting Wyvern","level":139,"killCount":-1,"type":"NPC","drops":[{"name":"Wyvern bones","id":6812,"quantity":1,"price":2766},{"name":"Numulite","id":21555,"quantity":15,"price":30},{"name":"Lobster","id":379,"quantity":1,"price":169},{"name":"Lobster","id":379,"quantity":1,"price":169}],"date":"Jul 5, 2022, 7:29:21 PM"}
{"name":"Spitting Wyvern","level":139,"killCount":-1,"type":"NPC","drops":[{"name":"Wyvern bones","id":6812,"quantity":1,"price":2766},{"name":"Grimy lantadyme","id":2486,"quantity":2,"price":1488}],"date":"Jul 5, 2022, 7:30:03 PM"}
{"name":"Spitting Wyvern","level":139,"killCount":-1,"type":"NPC","drops":[{"name":"Wyvern bones","id":6812,"quantity":1,"price":2766},{"name":"Numulite","id":21555,"quantity":16,"price":30},{"name":"Rune pickaxe","id":1275,"quantity":1,"price":18797}],"date":"Jul 5, 2022, 7:30:26 PM"}
{"name":"Spitting Wyvern","level":139,"killCount":-1,"type":"NPC","drops":[{"name":"Wyvern bones","id":6812,"quantity":1,"price":2766},{"name":"Blood rune","id":565,"quantity":15,"price":361}],"date":"Jul 5, 2022, 7:31:11 PM"}
{"name":"Spitting Wyvern","level":139,"killCount":-1,"type":"NPC","drops":[{"name":"Wyvern bones","id":6812,"quantity":1,"price":2766},{"name":"Numulite","id":21555,"quantity":9,"price":30},{"name":"Lobster","id":379,"quantity":1,"price":169},{"name":"Lobster","id":379,"quantity":1,"price":169}],"date":"Jul 5, 2022, 7:31:41 PM"}
{"name":"Spitting Wyvern","level":139,"killCount":-1,"type":"NPC","drops":[{"name":"Wyvern bones","id":6812,"quantity":1,"price":2766},{"name":"Numulite","id":21555,"quantity":14,"price":30},{"name":"Adamantite bar","id":2362,"quantity":2,"price":1980}],"date":"Jul 5, 2022, 7:32:16 PM"}
{"name":"Spitting Wyvern","level":139,"killCount":-1,"type":"NPC","drops":[{"name":"Wyvern bones","id":6812,"quantity":1,"price":2766},{"name":"Numulite","id":21555,"quantity":17,"price":30},{"name":"Adamant battleaxe","id":1371,"quantity":1,"price":2758}],"date":"Jul 5, 2022, 7:32:43 PM"}
{"name":"Spitting Wyvern","level":139,"killCount":-1,"type":"NPC","drops":[{"name":"Wyvern bones","id":6812,"quantity":1,"price":2766},{"name":"Numulite","id":21555,"quantity":22,"price":30},{"name":"Teak logs","id":6334,"quantity":35,"price":198}],"date":"Jul 5, 2022, 7:33:03 PM"}
{"name":"Spitting Wyvern","level":139,"killCount":-1,"type":"NPC","drops":[{"name":"Wyvern bones","id":6812,"quantity":1,"price":2766},{"name":"Unidentified small fossil","id":21562,"quantity":1,"price":0},{"name":"Teak logs","id":6334,"quantity":35,"price":198}],"date":"Jul 5, 2022, 7:33:39 PM"}
{"name":"Spitting Wyvern","level":139,"killCount":-1,"type":"NPC","drops":[{"name":"Wyvern bones","id":6812,"quantity":1,"price":2766},{"name":"Numulite","id":21555,"quantity":10,"price":30},{"name":"Adamantite bar","id":2362,"quantity":4,"price":1980}],"date":"Jul 5, 2022, 7:34:12 PM"}
{"name":"Spitting Wyvern","level":139,"killCount":-1,"type":"NPC","drops":[{"name":"Wyvern bones","id":6812,"quantity":1,"price":2753},{"name":"Pure essence","id":7937,"quantity":150,"price":2}],"date":"Jul 5, 2022, 8:10:57 PM"}
{"name":"Spitting Wyvern","level":139,"killCount":-1,"type":"NPC","drops":[{"name":"Wyvern bones","id":6812,"quantity":1,"price":2753},{"name":"Numulite","id":21555,"quantity":22,"price":30},{"name":"Pure essence","id":7937,"quantity":150,"price":2}],"date":"Jul 5, 2022, 8:11:44 PM"}
{"name":"Spitting Wyvern","level":139,"killCount":-1,"type":"NPC","drops":[{"name":"Wyvern bones","id":6812,"quantity":1,"price":2753},{"name":"Numulite","id":21555,"quantity":5,"price":30},{"name":"Adamant platebody","id":1123,"quantity":1,"price":9557}],"date":"Jul 5, 2022, 8:12:11 PM"}
{"name":"Spitting Wyvern","level":139,"killCount":-1,"type":"NPC","drops":[{"name":"Wyvern bones","id":6812,"quantity":1,"price":2753},{"name":"Numulite","id":21555,"quantity":17,"price":30},{"name":"Adamant crossbow (u)","id":9463,"quantity":1,"price":1247}],"date":"Jul 5, 2022, 8:12:48 PM"}
{"name":"Spitting Wyvern","level":139,"killCount":-1,"type":"NPC","drops":[{"name":"Wyvern bones","id":6812,"quantity":1,"price":2753},{"name":"Numulite","id":21555,"quantity":12,"price":30},{"name":"Teak logs","id":6334,"quantity":35,"price":201}],"date":"Jul 5, 2022, 8:13:18 PM"}
{"name":"Spitting Wyvern","level":139,"killCount":-1,"type":"NPC","drops":[{"name":"Wyvern bones","id":6812,"quantity":1,"price":2753},{"name":"Air battlestaff","id":1397,"quantity":1,"price":8964}],"date":"Jul 5, 2022, 8:14:12 PM"}
{"name":"Spitting Wyvern","level":139,"killCount":-1,"type":"NPC","drops":[{"name":"Wyvern bones","id":6812,"quantity":1,"price":2753},{"name":"Numulite","id":21555,"quantity":12,"price":30},{"name":"Grimy cadantine","id":216,"quantity":2,"price":1656}],"date":"Jul 5, 2022, 8:14:43 PM"}
{"name":"Spitting Wyvern","level":139,"killCount":-1,"type":"NPC","drops":[{"name":"Wyvern bones","id":6812,"quantity":1,"price":2753},{"name":"Numulite","id":21555,"quantity":22,"price":30},{"name":"Grimy lantadyme","id":2486,"quantity":2,"price":1483}],"date":"Jul 5, 2022, 8:15:12 PM"}
{"name":"Spitting Wyvern","level":139,"killCount":-1,"type":"NPC","drops":[{"name":"Wyvern bones","id":6812,"quantity":1,"price":2753},{"name":"Chaos rune","id":562,"quantity":15,"price":72}],"date":"Jul 5, 2022, 8:15:49 PM"}
{"name":"Spitting Wyvern","level":139,"killCount":-1,"type":"NPC","drops":[{"name":"Wyvern bones","id":6812,"quantity":1,"price":2753},{"name":"Coins","id":995,"quantity":3000,"price":1}],"date":"Jul 5, 2022, 8:16:41 PM"}
{"name":"Spitting Wyvern","level":139,"killCount":-1,"type":"NPC","drops":[{"name":"Wyvern bones","id":6812,"quantity":1,"price":2753},{"name":"Numulite","id":21555,"quantity":18,"price":30},{"name":"Chaos rune","id":562,"quantity":15,"price":72}],"date":"Jul 5, 2022, 8:17:21 PM"}
{"name":"Spitting Wyvern","level":139,"killCount":-1,"type":"NPC","drops":[{"name":"Wyvern bones","id":6812,"quantity":1,"price":2753},{"name":"Numulite","id":21555,"quantity":15,"price":30},{"name":"Prayer potion(4)","id":2434,"quantity":1,"price":12681}],"date":"Jul 5, 2022, 8:17:49 PM"}
{"name":"Spitting Wyvern","level":139,"killCount":-1,"type":"NPC","drops":[{"name":"Wyvern bones","id":6812,"quantity":1,"price":2753},{"name":"Numulite","id":21555,"quantity":20,"price":30},{"name":"Water rune","id":555,"quantity":50,"price":5}],"date":"Jul 5, 2022, 8:18:26 PM"}
{"name":"Spitting Wyvern","level":139,"killCount":-1,"type":"NPC","drops":[{"name":"Wyvern bones","id":6812,"quantity":1,"price":2753},{"name":"Grimy cadantine","id":216,"quantity":2,"price":1656}],"date":"Jul 5, 2022, 8:19:00 PM"}
{"name":"Spitting Wyvern","level":139,"killCount":-1,"type":"NPC","drops":[{"name":"Wyvern bones","id":6812,"quantity":1,"price":2753},{"name":"Numulite","id":21555,"quantity":19,"price":30},{"name":"Teak logs","id":6334,"quantity":35,"price":201}],"date":"Jul 5, 2022, 8:19:36 PM"}
{"name":"Spitting Wyvern","level":139,"killCount":-1,"type":"NPC","drops":[{"name":"Wyvern bones","id":6812,"quantity":1,"price":2753},{"name":"Numulite","id":21555,"quantity":7,"price":30},{"name":"Blood rune","id":565,"quantity":15,"price":357}],"date":"Jul 5, 2022, 8:20:11 PM"}
{"name":"Spitting Wyvern","level":139,"killCount":-1,"type":"NPC","drops":[{"name":"Wyvern bones","id":6812,"quantity":1,"price":2753},{"name":"Numulite","id":21555,"quantity":21,"price":30},{"name":"Coins","id":995,"quantity":3000,"price":1}],"date":"Jul 5, 2022, 8:20:43 PM"}
{"name":"Spitting Wyvern","level":139,"killCount":-1,"type":"NPC","drops":[{"name":"Wyvern bones","id":6812,"quantity":1,"price":2753},{"name":"Chaos rune","id":562,"quantity":15,"price":72}],"date":"Jul 5, 2022, 8:23:34 PM"}
{"name":"Spitting Wyvern","level":139,"killCount":-1,"type":"NPC","drops":[{"name":"Wyvern bones","id":6812,"quantity":1,"price":2753},{"name":"Numulite","id":21555,"quantity":8,"price":30},{"name":"Pure essence","id":7937,"quantity":150,"price":2}],"date":"Jul 5, 2022, 8:24:18 PM"}
{"name":"Spitting Wyvern","level":139,"killCount":-1,"type":"NPC","drops":[{"name":"Wyvern bones","id":6812,"quantity":1,"price":2753},{"name":"Volcanic ash","id":21622,"quantity":27,"price":87}],"date":"Jul 5, 2022, 8:25:01 PM"}
{"name":"Spitting Wyvern","level":139,"killCount":-1,"type":"NPC","drops":[{"name":"Wyvern bones","id":6812,"quantity":1,"price":2753},{"name":"Numulite","id":21555,"quantity":23,"price":30},{"name":"Snape grass","id":232,"quantity":15,"price":343}],"date":"Jul 5, 2022, 8:25:48 PM"}
{"name":"Spitting Wyvern","level":139,"killCount":-1,"type":"NPC","drops":[{"name":"Wyvern bones","id":6812,"quantity":1,"price":2753},{"name":"Numulite","id":21555,"quantity":7,"price":30},{"name":"Coins","id":995,"quantity":3000,"price":1}],"date":"Jul 5, 2022, 8:26:36 PM"}
{"name":"Spitting Wyvern","level":139,"killCount":-1,"type":"NPC","drops":[{"name":"Wyvern bones","id":6812,"quantity":1,"price":2753},{"name":"Law rune","id":563,"quantity":15,"price":140}],"date":"Jul 5, 2022, 8:27:40 PM"}
{"name":"Spitting Wyvern","level":139,"killCount":-1,"type":"NPC","drops":[{"name":"Wyvern bones","id":6812,"quantity":1,"price":2753},{"name":"Numulite","id":21555,"quantity":22,"price":30},{"name":"Coins","id":995,"quantity":3000,"price":1}],"date":"Jul 5, 2022, 8:28:15 PM"}
{"name":"Spitting Wyvern","level":139,"killCount":-1,"type":"NPC","drops":[{"name":"Wyvern bones","id":6812,"quantity":1,"price":2753},{"name":"Numulite","id":21555,"quantity":23,"price":30},{"name":"Prayer potion(4)","id":2434,"quantity":1,"price":12681}],"date":"Jul 5, 2022, 8:28:43 PM"}
{"name":"Spitting Wyvern","level":139,"killCount":-1,"type":"NPC","drops":[{"name":"Wyvern bones","id":6812,"quantity":1,"price":2753},{"name":"Grimy ranarr weed","id":207,"quantity":1,"price":9139}],"date":"Jul 5, 2022, 8:29:10 PM"}
{"name":"Spitting Wyvern","level":139,"killCount":-1,"type":"NPC","drops":[{"name":"Wyvern bones","id":6812,"quantity":1,"price":2753},{"name":"Volcanic ash","id":21622,"quantity":40,"price":87}],"date":"Jul 5, 2022, 8:29:32 PM"}
{"name":"Spitting Wyvern","level":139,"killCount":-1,"type":"NPC","drops":[{"name":"Wyvern bones","id":6812,"quantity":1,"price":2753},{"name":"Ranarr seed","id":5295,"quantity":1,"price":54343}],"date":"Jul 5, 2022, 8:30:05 PM"}
{"name":"Spitting Wyvern","level":139,"killCount":-1,"type":"NPC","drops":[{"name":"Wyvern bones","id":6812,"quantity":1,"price":2753},{"name":"Chaos rune","id":562,"quantity":15,"price":72}],"date":"Jul 5, 2022, 8:30:41 PM"}
{"name":"Spitting Wyvern","level":139,"killCount":-1,"type":"NPC","drops":[{"name":"Wyvern bones","id":6812,"quantity":1,"price":2753},{"name":"Numulite","id":21555,"quantity":21,"price":30},{"name":"Pure essence","id":7937,"quantity":150,"price":2}],"date":"Jul 5, 2022, 8:31:09 PM"}
{"name":"Spitting Wyvern","level":139,"killCount":-1,"type":"NPC","drops":[{"name":"Wyvern bones","id":6812,"quantity":1,"price":2481},{"name":"Lobster","id":379,"quantity":1,"price":220},{"name":"Lobster","id":379,"quantity":1,"price":220}],"date":"Aug 2, 2022, 9:55:12 AM"}
{"name":"Spitting Wyvern","level":139,"killCount":-1,"type":"NPC","drops":[{"name":"Wyvern bones","id":6812,"quantity":1,"price":2481},{"name":"Numulite","id":21555,"quantity":21,"price":27},{"name":"Grimy lantadyme","id":2486,"quantity":2,"price":1436}],"date":"Aug 2, 2022, 9:55:51 AM"}
{"name":"Spitting Wyvern","level":139,"killCount":-1,"type":"NPC","drops":[{"name":"Wyvern bones","id":6812,"quantity":1,"price":2481},{"name":"Coins","id":995,"quantity":3000,"price":1}],"date":"Aug 2, 2022, 9:56:28 AM"}
{"name":"Spitting Wyvern","level":139,"killCount":-1,"type":"NPC","drops":[{"name":"Wyvern bones","id":6812,"quantity":1,"price":2481},{"name":"Pure essence","id":7937,"quantity":150,"price":2}],"date":"Aug 2, 2022, 9:57:01 AM"}
{"name":"Spitting Wyvern","level":139,"killCount":-1,"type":"NPC","drops":[{"name":"Wyvern bones","id":6812,"quantity":1,"price":2481},{"name":"Teak logs","id":6334,"quantity":35,"price":184}],"date":"Aug 2, 2022, 9:57:50 AM"}
{"name":"Spitting Wyvern","level":139,"killCount":-1,"type":"NPC","drops":[{"name":"Wyvern bones","id":6812,"quantity":1,"price":2481},{"name":"Grimy dwarf weed","id":218,"quantity":2,"price":942}],"date":"Aug 2, 2022, 9:58:53 AM"}
{"name":"Spitting Wyvern","level":139,"killCount":-1,"type":"NPC","drops":[{"name":"Wyvern bones","id":6812,"quantity":1,"price":2481},{"name":"Pyrophosphite","id":21545,"quantity":2,"price":76}],"date":"Aug 2, 2022, 10:00:07 AM"}
{"name":"Spitting Wyvern","level":139,"killCount":-1,"type":"NPC","drops":[{"name":"Wyvern bones","id":6812,"quantity":1,"price":2481},{"name":"Numulite","id":21555,"quantity":17,"price":27},{"name":"Seaweed spore","id":21490,"quantity":12,"price":492}],"date":"Aug 2, 2022, 10:00:36 AM"}
{"name":"Spitting Wyvern","level":139,"killCount":-1,"type":"NPC","drops":[{"name":"Wyvern bones","id":6812,"quantity":1,"price":2481},{"name":"Law rune","id":563,"quantity":15,"price":138}],"date":"Aug 2, 2022, 10:01:26 AM"}
{"name":"Spitting Wyvern","level":139,"killCount":-1,"type":"NPC","drops":[{"name":"Wyvern bones","id":6812,"quantity":1,"price":2481},{"name":"Seaweed spore","id":21490,"quantity":12,"price":492}],"date":"Aug 2, 2022, 10:02:13 AM"}
{"name":"Spitting Wyvern","level":139,"killCount":-1,"type":"NPC","drops":[{"name":"Wyvern bones","id":6812,"quantity":1,"price":2481},{"name":"Numulite","id":21555,"quantity":21,"price":27},{"name":"Pyrophosphite","id":21545,"quantity":2,"price":76}],"date":"Aug 2, 2022, 10:02:44 AM"}
{"name":"Spitting Wyvern","level":139,"killCount":-1,"type":"NPC","drops":[{"name":"Wyvern bones","id":6812,"quantity":1,"price":2481},{"name":"Blood rune","id":565,"quantity":15,"price":362}],"date":"Aug 2, 2022, 10:03:27 AM"}
{"name":"Spitting Wyvern","level":139,"killCount":-1,"type":"NPC","drops":[{"name":"Wyvern bones","id":6812,"quantity":1,"price":2481},{"name":"Numulite","id":21555,"quantity":16,"price":27},{"name":"Coins","id":995,"quantity":3000,"price":1}],"date":"Aug 2, 2022, 10:04:24 AM"}
{"name":"Spitting Wyvern","level":139,"killCount":-1,"type":"NPC","drops":[{"name":"Wyvern bones","id":6812,"quantity":1,"price":2481},{"name":"Numulite","id":21555,"quantity":12,"price":27},{"name":"Adamant battleaxe","id":1371,"quantity":1,"price":2769}],"date":"Aug 2, 2022, 10:04:54 AM"}
{"name":"Spitting Wyvern","level":139,"killCount":-1,"type":"NPC","drops":[{"name":"Wyvern bones","id":6812,"quantity":1,"price":2481},{"name":"Numulite","id":21555,"quantity":23,"price":27},{"name":"Chaos rune","id":562,"quantity":15,"price":70}],"date":"Aug 2, 2022, 10:05:31 AM"}
{"name":"Spitting Wyvern","level":139,"killCount":-1,"type":"NPC","drops":[{"name":"Wyvern bones","id":6812,"quantity":1,"price":2463},{"name":"Numulite","id":21555,"quantity":18,"price":27},{"name":"Teak logs","id":6334,"quantity":35,"price":182}],"date":"Aug 2, 2022, 10:05:54 AM"}
{"name":"Spitting Wyvern","level":139,"killCount":-1,"type":"NPC","drops":[{"name":"Wyvern bones","id":6812,"quantity":1,"price":2463},{"name":"Numulite","id":21555,"quantity":18,"price":27},{"name":"Prayer potion(4)","id":2434,"quantity":1,"price":12348}],"date":"Aug 2, 2022, 10:07:51 AM"}
{"name":"Spitting Wyvern","level":139,"killCount":-1,"type":"NPC","drops":[{"name":"Wyvern bones","id":6812,"quantity":1,"price":2463},{"name":"Yew seed","id":5315,"quantity":1,"price":52353}],"date":"Aug 2, 2022, 10:08:17 AM"}
{"name":"Spitting Wyvern","level":139,"killCount":-1,"type":"NPC","drops":[{"name":"Wyvern bones","id":6812,"quantity":1,"price":2463},{"name":"Numulite","id":21555,"quantity":22,"price":27},{"name":"Teak logs","id":6334,"quantity":35,"price":182}],"date":"Aug 2, 2022, 10:09:12 AM"}
{"name":"Spitting Wyvern","level":139,"killCount":-1,"type":"NPC","drops":[{"name":"Wyvern bones","id":6812,"quantity":1,"price":2463},{"name":"Numulite","id":21555,"quantity":9,"price":27},{"name":"Blood rune","id":565,"quantity":15,"price":366}],"date":"Aug 2, 2022, 10:09:40 AM"}
{"name":"Spitting Wyvern","level":139,"killCount":-1,"type":"NPC","drops":[{"name":"Wyvern bones","id":6812,"quantity":1,"price":2463},{"name":"Volcanic ash","id":21622,"quantity":23,"price":79}],"date":"Aug 2, 2022, 10:10:17 AM"}
{"name":"Spitting Wyvern","level":139,"killCount":-1,"type":"NPC","drops":[{"name":"Brimstone key","id":23083,"quantity":1,"price":0},{"name":"Wyvern bones","id":6812,"quantity":1,"price":2464},{"name":"Volcanic ash","id":21622,"quantity":44,"price":86}],"date":"Sep 3, 2022, 12:20:54 AM"}
{"name":"Spitting Wyvern","level":139,"killCount":-1,"type":"NPC","drops":[{"name":"Wyvern bones","id":6812,"quantity":1,"price":2464},{"name":"Numulite","id":21555,"quantity":5,"price":23},{"name":"Grimy cadantine","id":216,"quantity":2,"price":1311}],"date":"Sep 3, 2022, 12:21:33 AM"}
{"name":"Spitting Wyvern","level":139,"killCount":-1,"type":"NPC","drops":[{"name":"Wyvern bones","id":6812,"quantity":1,"price":2464},{"name":"Numulite","id":21555,"quantity":16,"price":23},{"name":"Pure essence","id":7937,"quantity":150,"price":2}],"date":"Sep 3, 2022, 12:22:06 AM"}
{"name":"Spitting Wyvern","level":139,"killCount":-1,"type":"NPC","drops":[{"name":"Wyvern bones","id":6812,"quantity":1,"price":2464},{"name":"Numulite","id":21555,"quantity":13,"price":23},{"name":"Runite bolts","id":9144,"quantity":29,"price":228}],"date":"Sep 3, 2022, 12:22:35 AM"}
{"name":"Spitting Wyvern","level":139,"killCount":-1,"type":"NPC","drops":[{"name":"Wyvern bones","id":6812,"quantity":1,"price":2464},{"name":"Numulite","id":21555,"quantity":15,"price":23},{"name":"Death rune","id":560,"quantity":15,"price":175}],"date":"Sep 3, 2022, 12:23:16 AM"}
{"name":"Spitting Wyvern","level":139,"killCount":-1,"type":"NPC","drops":[{"name":"Wyvern bones","id":6812,"quantity":1,"price":2464},{"name":"Prayer potion(4)","id":2434,"quantity":1,"price":10587}],"date":"Sep 3, 2022, 12:23:45 AM"}
{"name":"Spitting Wyvern","level":139,"killCount":-1,"type":"NPC","drops":[{"name":"Wyvern bones","id":6812,"quantity":1,"price":2464},{"name":"Numulite","id":21555,"quantity":9,"price":23},{"name":"Air battlestaff","id":1397,"quantity":1,"price":8857}],"date":"Sep 3, 2022, 12:24:34 AM"}
{"name":"Spitting Wyvern","level":139,"killCount":-1,"type":"NPC","drops":[{"name":"Wyvern bones","id":6812,"quantity":1,"price":2464},{"name":"Numulite","id":21555,"quantity":18,"price":23},{"name":"Grimy torstol","id":219,"quantity":1,"price":7148}],"date":"Sep 3, 2022, 12:25:04 AM"}
{"name":"Spitting Wyvern","level":139,"killCount":-1,"type":"NPC","drops":[{"name":"Wyvern bones","id":6812,"quantity":1,"price":2464},{"name":"Volcanic ash","id":21622,"quantity":21,"price":86}],"date":"Sep 3, 2022, 12:25:39 AM"}
{"name":"Spitting Wyvern","level":139,"killCount":-1,"type":"NPC","drops":[{"name":"Wyvern bones","id":6812,"quantity":1,"price":2464},{"name":"Teak logs","id":6334,"quantity":35,"price":145}],"date":"Sep 3, 2022, 12:26:11 AM"}
{"name":"Spitting Wyvern","level":139,"killCount":-1,"type":"NPC","drops":[{"name":"Wyvern bones","id":6812,"quantity":1,"price":2464},{"name":"Grimy lantadyme","id":2486,"quantity":2,"price":1281}],"date":"Sep 3, 2022, 12:26:41 AM"}
{"name":"Spitting Wyvern","level":139,"killCount":-1,"type":"NPC","drops":[{"name":"Wyvern bones","id":6812,"quantity":1,"price":2464},{"name":"Adamant full helm","id":1161,"quantity":1,"price":1752}],"date":"Sep 3, 2022, 12:27:13 AM"}
{"name":"Spitting Wyvern","level":139,"killCount":-1,"type":"NPC","drops":[{"name":"Wyvern bones","id":6812,"quantity":1,"price":2464},{"name":"Unidentified medium fossil","id":21564,"quantity":1,"price":0},{"name":"Grimy lantadyme","id":2486,"quantity":2,"price":1281}],"date":"Sep 3, 2022, 12:27:58 AM"}
{"name":"Spitting Wyvern","level":139,"killCount":-1,"type":"NPC","drops":[{"name":"Wyvern bones","id":6812,"quantity":1,"price":2464},{"name":"Numulite","id":21555,"quantity":20,"price":23},{"name":"Air battlestaff","id":1397,"quantity":1,"price":8857}],"date":"Sep 3, 2022, 12:28:39 AM"}
{"name":"Spitting Wyvern","level":139,"killCount":-1,"type":"NPC","drops":[{"name":"Wyvern bones","id":6812,"quantity":1,"price":2464},{"name":"Lobster","id":379,"quantity":1,"price":191},{"name":"Lobster","id":379,"quantity":1,"price":191}],"date":"Sep 3, 2022, 12:33:12 AM"}
{"name":"Spitting Wyvern","level":139,"killCount":-1,"type":"NPC","drops":[{"name":"Wyvern bones","id":6812,"quantity":1,"price":2464},{"name":"Numulite","id":21555,"quantity":17,"price":23},{"name":"Adamant arrow","id":890,"quantity":38,"price":19}],"date":"Sep 3, 2022, 12:33:35 AM"}
{"name":"Spitting Wyvern","level":139,"killCount":-1,"type":"NPC","drops":[{"name":"Wyvern bones","id":6812,"quantity":1,"price":2464},{"name":"Numulite","id":21555,"quantity":11,"price":23},{"name":"Grimy torstol","id":219,"quantity":1,"price":7148}],"date":"Sep 3, 2022, 12:34:02 AM"}
{"name":"Spitting Wyvern","level":139,"killCount":-1,"type":"NPC","drops":[{"name":"Wyvern bones","id":6812,"quantity":1,"price":2464},{"name":"Blood rune","id":565,"quantity":15,"price":319}],"date":"Sep 3, 2022, 12:34:17 AM"}
{"name":"Spitting Wyvern","level":139,"killCount":-1,"type":"NPC","drops":[{"name":"Wyvern bones","id":6812,"quantity":1,"price":2464},{"name":"Adamant crossbow (u)","id":9463,"quantity":1,"price":1382}],"date":"Sep 3, 2022, 12:34:50 AM"}
{"name":"Spitting Wyvern","level":139,"killCount":-1,"type":"NPC","drops":[{"name":"Wyvern bones","id":6812,"quantity":1,"price":2464},{"name":"Numulite","id":21555,"quantity":17,"price":23},{"name":"Coins","id":995,"quantity":3000,"price":1}],"date":"Sep 3, 2022, 12:35:34 AM"}
{"name":"Spitting Wyvern","level":139,"killCount":-1,"type":"NPC","drops":[{"name":"Wyvern bones","id":6812,"quantity":1,"price":2464},{"name":"Numulite","id":21555,"quantity":24,"price":23},{"name":"Death rune","id":560,"quantity":15,"price":175}],"date":"Sep 3, 2022, 12:35:58 AM"}
{"name":"Spitting Wyvern","level":139,"killCount":-1,"type":"NPC","drops":[{"name":"Wyvern bones","id":6812,"quantity":1,"price":2464},{"name":"Teak logs","id":6334,"quantity":35,"price":145}],"date":"Sep 3, 2022, 12:36:45 AM"}
{"name":"Spitting Wyvern","level":139,"killCount":-1,"type":"NPC","drops":[{"name":"Wyvern bones","id":6812,"quantity":1,"price":2464},{"name":"Numulite","id":21555,"quantity":5,"price":23},{"name":"Prayer potion(4)","id":2434,"quantity":1,"price":10587}],"date":"Sep 3, 2022, 12:37:37 AM"}
{"name":"Spitting Wyvern","level":139,"killCount":-1,"type":"NPC","drops":[{"name":"Wyvern bones","id":6812,"quantity":1,"price":2464},{"name":"Unidentified small fossil","id":21562,"quantity":1,"price":0},{"name":"Death rune","id":560,"quantity":15,"price":175}],"date":"Sep 3, 2022, 12:38:03 AM"}
{"name":"Spitting Wyvern","level":139,"killCount":-1,"type":"NPC","drops":[{"name":"Wyvern bones","id":6812,"quantity":1,"price":2464},{"name":"Calcite","id":21543,"quantity":2,"price":26}],"date":"Sep 3, 2022, 12:38:30 AM"}
{"name":"Spitting Wyvern","level":139,"killCount":-1,"type":"NPC","drops":[{"name":"Wyvern bones","id":6812,"quantity":1,"price":2421},{"name":"Unidentified small fossil","id":21562,"quantity":1,"price":0},{"name":"Battlestaff","id":1392,"quantity":4,"price":7610}],"date":"Sep 3, 2022, 12:39:13 AM"}
{"name":"Spitting Wyvern","level":139,"killCount":-1,"type":"NPC","drops":[{"name":"Wyvern bones","id":6812,"quantity":1,"price":2421},{"name":"Blood rune","id":565,"quantity":15,"price":320}],"date":"Sep 3, 2022, 12:39:43 AM"}
{"name":"Spitting Wyvern","level":139,"killCount":-1,"type":"NPC","drops":[{"name":"Wyvern bones","id":6812,"quantity":1,"price":2421},{"name":"Pure essence","id":7937,"quantity":150,"price":3}],"date":"Sep 3, 2022, 12:40:23 AM"}
{"name":"Spitting Wyvern","level":139,"killCount":-1,"type":"NPC","drops":[{"name":"Wyvern bones","id":6812,"quantity":1,"price":2421},{"name":"Numulite","id":21555,"quantity":13,"price":23},{"name":"Chaos rune","id":562,"quantity":15,"price":65}],"date":"Sep 3, 2022, 12:40:50 AM"}
{"name":"Spitting Wyvern","level":139,"killCount":-1,"type":"NPC","drops":[{"name":"Wyvern bones","id":6812,"quantity":1,"price":2421},{"name":"Adamantite bar","id":2362,"quantity":4,"price":1873}],"date":"Sep 3, 2022, 12:41:20 AM"}
{"name":"Spitting Wyvern","level":139,"killCount":-1,"type":"NPC","drops":[{"name":"Wyvern bones","id":6812,"quantity":1,"price":2421},{"name":"Numulite","id":21555,"quantity":19,"price":23},{"name":"Ranarr seed","id":5295,"quantity":1,"price":36151}],"date":"Sep 3, 2022, 12:42:01 AM"}
{"name":"Spitting Wyvern","level":139,"killCount":-1,"type":"NPC","drops":[{"name":"Wyvern bones","id":6812,"quantity":1,"price":2421},{"name":"Teak logs","id":6334,"quantity":35,"price":148}],"date":"Sep 3, 2022, 12:49:25 AM"}
{"name":"Spitting Wyvern","level":139,"killCount":-1,"type":"NPC","drops":[{"name":"Wyvern bones","id":6812,"quantity":1,"price":2421},{"name":"Numulite","id":21555,"quantity":10,"price":23},{"name":"Pure essence","id":7937,"quantity":150,"price":3}],"date":"Sep 3, 2022, 12:50:07 AM"}
{"name":"Spitting Wyvern","level":139,"killCount":-1,"type":"NPC","drops":[{"name":"Wyvern bones","id":6812,"quantity":1,"price":2421},{"name":"Blood rune","id":565,"quantity":15,"price":320}],"date":"Sep 3, 2022, 12:50:34 AM"}
{"name":"Spitting Wyvern","level":139,"killCount":-1,"type":"NPC","drops":[{"name":"Wyvern bones","id":6812,"quantity":1,"price":2421},{"name":"Yew seed","id":5315,"quantity":1,"price":41111}],"date":"Sep 3, 2022, 12:51:15 AM"}
{"name":"Spitting Wyvern","level":139,"killCount":-1,"type":"NPC","drops":[{"name":"Wyvern bones","id":6812,"quantity":1,"price":2421},{"name":"Numulite","id":21555,"quantity":21,"price":23},{"name":"Prayer potion(4)","id":2434,"quantity":1,"price":10712}],"date":"Sep 3, 2022, 12:51:49 AM"}
{"name":"Spitting Wyvern","level":139,"killCount":-1,"type":"NPC","drops":[{"name":"Wyvern bones","id":6812,"quantity":1,"price":2421},{"name":"Papaya tree seed","id":5288,"quantity":1,"price":2232}],"date":"Sep 3, 2022, 12:52:20 AM"}
{"name":"Spitting Wyvern","level":139,"killCount":-1,"type":"NPC","drops":[{"name":"Wyvern bones","id":6812,"quantity":1,"price":2421},{"name":"Adamant arrow","id":890,"quantity":42,"price":19}],"date":"Sep 3, 2022, 12:52:44 AM"}
{"name":"Spitting Wyvern","level":139,"killCount":-1,"type":"NPC","drops":[{"name":"Wyvern bones","id":6812,"quantity":1,"price":2421},{"name":"Numulite","id":21555,"quantity":13,"price":23},{"name":"Volcanic ash","id":21622,"quantity":23,"price":83}],"date":"Sep 3, 2022, 12:53:01 AM"}
{"name":"Spitting Wyvern","level":139,"killCount":-1,"type":"NPC","drops":[{"name":"Wyvern bones","id":6812,"quantity":1,"price":2421},{"name":"Numulite","id":21555,"quantity":13,"price":23},{"name":"Soul rune","id":566,"quantity":10,"price":143}],"date":"Sep 3, 2022, 12:53:19 AM"}
{"name":"Spitting Wyvern","level":139,"killCount":-1,"type":"NPC","drops":[{"name":"Wyvern bones","id":6812,"quantity":1,"price":2421},{"name":"Pure essence","id":7937,"quantity":150,"price":3}],"date":"Sep 3, 2022, 12:53:56 AM"}
{"name":"Spitting Wyvern","level":139,"killCount":-1,"type":"NPC","drops":[{"name":"Wyvern bones","id":6812,"quantity":1,"price":2421},{"name":"Unidentified large fossil","id":21566,"quantity":1,"price":0},{"name":"Pure essence","id":7937,"quantity":150,"price":3}],"date":"Sep 3, 2022, 12:54:36 AM"}
{"name":"Spitting Wyvern","level":139,"killCount":-1,"type":"NPC","drops":[{"name":"Wyvern bones","id":6812,"quantity":1,"price":2421},{"name":"Numulite","id":21555,"quantity":16,"price":23},{"name":"Pyrophosphite","id":21545,"quantity":2,"price":79}],"date":"Sep 3, 2022, 12:55:27 AM"}
{"name":"Spitting Wyvern","level":139,"killCount":-1,"type":"NPC","drops":[{"name":"Wyvern bones","id":6812,"quantity":1,"price":2421},{"name":"Numulite","id":21555,"quantity":21,"price":23},{"name":"Snape grass","id":232,"quantity":14,"price":248}],"date":"Sep 3, 2022, 12:56:03 AM"}
{"name":"Spitting Wyvern","level":139,"killCount":-1,"type":"NPC","drops":[{"name":"Wyvern bones","id":6812,"quantity":1,"price":2421},{"name":"Blood rune","id":565,"quantity":15,"price":320}],"date":"Sep 3, 2022, 12:56:38 AM"}
{"name":"Spitting Wyvern","level":139,"killCount":-1,"type":"NPC","drops":[{"name":"Wyvern bones","id":6812,"quantity":1,"price":2421},{"name":"Numulite","id":21555,"quantity":12,"price":23},{"name":"Death rune","id":560,"quantity":15,"price":178}],"date":"Sep 3, 2022, 12:57:28 AM"}
{"name":"Spitting Wyvern","level":139,"killCount":-1,"type":"NPC","drops":[{"name":"Wyvern bones","id":6812,"quantity":1,"price":2421},{"name":"Numulite","id":21555,"quantity":24,"price":23},{"name":"Adamant battleaxe","id":1371,"quantity":1,"price":2412}],"date":"Sep 3, 2022, 12:58:21 AM"}
{"name":"Spitting Wyvern","level":139,"killCount":-1,"type":"NPC","drops":[{"name":"Wyvern bones","id":6812,"quantity":1,"price":2421},{"name":"Numulite","id":21555,"quantity":21,"price":23},{"name":"Coins","id":995,"quantity":3000,"price":1}],"date":"Sep 3, 2022, 12:59:01 AM"}
{"name":"Spitting Wyvern","level":139,"killCount":-1,"type":"NPC","drops":[{"name":"Wyvern bones","id":6812,"quantity":1,"price":2421},{"name":"Grimy lantadyme","id":2486,"quantity":2,"price":1255}],"date":"Sep 3, 2022, 12:59:39 AM"}
{"name":"Spitting Wyvern","level":139,"killCount":-1,"type":"NPC","drops":[{"name":"Wyvern bones","id":6812,"quantity":1,"price":2421},{"name":"Numulite","id":21555,"quantity":9,"price":23},{"name":"Runite bolts","id":9144,"quantity":22,"price":218}],"date":"Sep 3, 2022, 1:02:22 AM"}
{"name":"Spitting Wyvern","level":139,"killCount":-1,"type":"NPC","drops":[{"name":"Wyvern bones","id":6812,"quantity":1,"price":2421},{"name":"Unidentified small fossil","id":21562,"quantity":1,"price":0},{"name":"Coins","id":995,"quantity":3000,"price":1}],"date":"Sep 3, 2022, 1:02:48 AM"}
{"name":"Spitting Wyvern","level":139,"killCount":-1,"type":"NPC","drops":[{"name":"Wyvern bones","id":6812,"quantity":1,"price":2421},{"name":"Numulite","id":21555,"quantity":10,"price":23},{"name":"Prayer potion(4)","id":2434,"quantity":1,"price":10712}],"date":"Sep 3, 2022, 1:06:12 AM"}
{"name":"Spitting Wyvern","level":139,"killCount":-1,"type":"NPC","drops":[{"name":"Wyvern bones","id":6812,"quantity":1,"price":2421},{"name":"Grimy dwarf weed","id":218,"quantity":2,"price":817}],"date":"Sep 3, 2022, 1:06:37 AM"}
{"name":"Spitting Wyvern","level":139,"killCount":-1,"type":"NPC","drops":[{"name":"Wyvern bones","id":6812,"quantity":1,"price":2421},{"name":"Law rune","id":563,"quantity":15,"price":113}],"date":"Sep 3, 2022, 1:07:03 AM"}
{"name":"Spitting Wyvern","level":139,"killCount":-1,"type":"NPC","drops":[{"name":"Wyvern bones","id":6812,"quantity":1,"price":2421},{"name":"Death rune","id":560,"quantity":15,"price":178}],"date":"Sep 3, 2022, 1:07:24 AM"}
{"name":"Spitting Wyvern","level":139,"killCount":-1,"type":"NPC","drops":[{"name":"Wyvern bones","id":6812,"quantity":1,"price":2421},{"name":"Teak seed","id":21486,"quantity":1,"price":4}],"date":"Sep 3, 2022, 1:07:57 AM"}
{"name":"Spitting Wyvern","level":139,"killCount":-1,"type":"NPC","drops":[{"name":"Wyvern bones","id":6812,"quantity":1,"price":2414},{"name":"Numulite","id":21555,"quantity":13,"price":20},{"name":"Prayer potion(4)","id":2434,"quantity":1,"price":10750}],"date":"Sep 3, 2022, 1:08:36 AM"}
{"name":"Spitting Wyvern","level":139,"killCount":-1,"type":"NPC","drops":[{"name":"Wyvern bones","id":6812,"quantity":1,"price":2414},{"name":"Lobster","id":379,"quantity":1,"price":193},{"name":"Lobster","id":379,"quantity":1,"price":193}],"date":"Sep 3, 2022, 1:08:57 AM"}
