{"name":"Starlight","level":149,"killCount":-1,"type":"NPC","drops":[{"name":"Bones","id":526,"quantity":1,"price":59},{"name":"Unicorn horn","id":238,"quantity":6,"price":121}],"date":"Jun 30, 2023, 10:34:52 AM"}
{"name":"Starlight","level":149,"killCount":-1,"type":"NPC","drops":[{"name":"Bones","id":526,"quantity":1,"price":59},{"name":"Steel arrow","id":886,"quantity":96,"price":16}],"date":"Jun 30, 2023, 10:36:56 AM"}
{"name":"Starlight","level":149,"killCount":-1,"type":"NPC","drops":[{"name":"Bones","id":526,"quantity":1,"price":59},{"name":"Unicorn horn","id":238,"quantity":6,"price":121}],"date":"Jun 30, 2023, 10:40:08 AM"}
{"name":"Starlight","level":149,"killCount":-1,"type":"NPC","drops":[{"name":"Bones","id":526,"quantity":1,"price":59},{"name":"Coins","id":995,"quantity":1349,"price":1}],"date":"Jun 30, 2023, 10:43:13 AM"}
{"name":"Starlight","level":149,"killCount":-1,"type":"NPC","drops":[{"name":"Bones","id":526,"quantity":1,"price":59},{"name":"Unicorn horn","id":238,"quantity":6,"price":121}],"date":"Jun 30, 2023, 11:01:39 AM"}
{"name":"Starlight","level":149,"killCount":-1,"type":"NPC","drops":[{"name":"Bones","id":526,"quantity":1,"price":59},{"name":"Coins","id":995,"quantity":1385,"price":1}],"date":"Jun 30, 2023, 11:03:44 AM"}
{"name":"Starlight","level":149,"killCount":-1,"type":"NPC","drops":[{"name":"Bones","id":526,"quantity":1,"price":59},{"name":"Clue scroll (hard)","id":23174,"quantity":1,"price":0},{"name":"Coins","id":995,"quantity":1384,"price":1}],"date":"Jun 30, 2023, 11:07:29 AM"}
{"name":"Starlight","level":149,"killCount":-1,"type":"NPC","drops":[{"name":"Bones","id":526,"quantity":1,"price":59},{"name":"Grimy ranarr weed","id":208,"quantity":1,"price":5808}],"date":"Jun 30, 2023, 11:10:11 AM"}
{"name":"Starlight","level":149,"killCount":-1,"type":"NPC","drops":[{"name":"Bones","id":526,"quantity":1,"price":59},{"name":"Coins","id":995,"quantity":1397,"price":1}],"date":"Jun 30, 2023, 11:12:51 AM"}
{"name":"Starlight","level":149,"killCount":-1,"type":"NPC","drops":[{"name":"Bones","id":526,"quantity":1,"price":59},{"name":"Unicorn horn","id":238,"quantity":6,"price":121}],"date":"Jun 30, 2023, 11:15:26 AM"}
{"name":"Starlight","level":149,"killCount":-1,"type":"NPC","drops":[{"name":"Bones","id":526,"quantity":1,"price":59},{"name":"Coins","id":995,"quantity":1389,"price":1}],"date":"Jun 30, 2023, 11:18:17 AM"}
{"name":"Starlight","level":149,"killCount":-1,"type":"NPC","drops":[{"name":"Bones","id":526,"quantity":1,"price":59},{"name":"Coins","id":995,"quantity":1394,"price":1}],"date":"Jun 30, 2023, 11:21:00 AM"}
{"name":"Starlight","level":149,"killCount":-1,"type":"NPC","drops":[{"name":"Bones","id":526,"quantity":1,"price":59},{"name":"Coins","id":995,"quantity":1349,"price":1}],"date":"Jun 30, 2023, 11:23:32 AM"}
{"name":"Starlight","level":149,"killCount":-1,"type":"NPC","drops":[{"name":"Bones","id":526,"quantity":1,"price":59},{"name":"Unicorn horn","id":238,"quantity":6,"price":121}],"date":"Jun 30, 2023, 11:26:24 AM"}
{"name":"Starlight","level":149,"killCount":-1,"type":"NPC","drops":[{"name":"Bones","id":526,"quantity":1,"price":59},{"name":"Steel arrow","id":886,"quantity":97,"price":16}],"date":"Jun 30, 2023, 11:29:22 AM"}
{"name":"Starlight","level":149,"killCount":-1,"type":"NPC","drops":[{"name":"Bones","id":526,"quantity":1,"price":59},{"name":"Coins","id":995,"quantity":1374,"price":1}],"date":"Jun 30, 2023, 11:31:31 AM"}
{"name":"Starlight","level":149,"killCount":-1,"type":"NPC","drops":[{"name":"Bones","id":526,"quantity":1,"price":59},{"name":"Grimy ranarr weed","id":208,"quantity":1,"price":5808}],"date":"Jun 30, 2023, 11:50:55 AM"}
{"name":"Starlight","level":149,"killCount":-1,"type":"NPC","drops":[{"name":"Bones","id":526,"quantity":1,"price":59},{"name":"Coins","id":995,"quantity":1305,"price":1}],"date":"Jun 30, 2023, 11:53:52 AM"}
{"name":"Starlight","level":149,"killCount":-1,"type":"NPC","drops":[{"name":"Bones","id":526,"quantity":1,"price":59},{"name":"Snape grass","id":232,"quantity":5,"price":319}],"date":"Jun 30, 2023, 11:56:21 AM"}
{"name":"Starlight","level":149,"killCount":-1,"type":"NPC","drops":[{"name":"Bones","id":526,"quantity":1,"price":59},{"name":"Summer pie","id":7218,"quantity":1,"price":788}],"date":"Jun 30, 2023, 11:59:06 AM"}
{"name":"Starlight","level":149,"killCount":-1,"type":"NPC","drops":[{"name":"Bones","id":526,"quantity":1,"price":59},{"name":"Unicorn horn","id":238,"quantity":6,"price":121}],"date":"Jun 30, 2023, 12:01:44 PM"}
{"name":"Starlight","level":149,"killCount":-1,"type":"NPC","drops":[{"name":"Bones","id":526,"quantity":1,"price":59},{"name":"Coins","id":995,"quantity":1320,"price":1}],"date":"Jun 30, 2023, 12:04:13 PM"}
{"name":"Starlight","level":149,"killCount":-1,"type":"NPC","drops":[{"name":"Bones","id":526,"quantity":1,"price":59},{"name":"Unicorn horn","id":238,"quantity":6,"price":121}],"date":"Jun 30, 2023, 12:06:32 PM"}
{"name":"Starlight","level":149,"killCount":-1,"type":"NPC","drops":[{"name":"Bones","id":526,"quantity":1,"price":59},{"name":"Grimy ranarr weed","id":208,"quantity":1,"price":5808}],"date":"Jun 30, 2023, 12:09:02 PM"}
{"name":"Starlight","level":149,"killCount":-1,"type":"NPC","drops":[{"name":"Bones","id":526,"quantity":1,"price":59},{"name":"Snape grass","id":232,"quantity":5,"price":319}],"date":"Jun 30, 2023, 12:11:35 PM"}
{"name":"Starlight","level":149,"killCount":-1,"type":"NPC","drops":[{"name":"Bones","id":526,"quantity":1,"price":59},{"name":"Law rune","id":563,"quantity":8,"price":118}],"date":"Jun 30, 2023, 12:14:06 PM"}
{"name":"Starlight","level":149,"killCount":-1,"type":"NPC","drops":[{"name":"Bones","id":526,"quantity":1,"price":59},{"name":"Grimy ranarr weed","id":208,"quantity":1,"price":5808}],"date":"Jun 30, 2023, 12:16:59 PM"}
{"name":"Starlight","level":149,"killCount":-1,"type":"NPC","drops":[{"name":"Bones","id":526,"quantity":1,"price":59},{"name":"Law rune","id":563,"quantity":8,"price":118}],"date":"Jun 30, 2023, 12:19:11 PM"}
{"name":"Starlight","level":149,"killCount":-1,"type":"NPC","drops":[{"name":"Bones","id":526,"quantity":1,"price":59},{"name":"Coins","id":995,"quantity":1363,"price":1}],"date":"Jun 30, 2023, 12:21:02 PM"}
{"name":"Starlight","level":149,"killCount":-1,"type":"NPC","drops":[{"name":"Bones","id":526,"quantity":1,"price":59},{"name":"Grimy ranarr weed","id":208,"quantity":1,"price":5808}],"date":"Jun 30, 2023, 12:24:01 PM"}
{"name":"Starlight","level":149,"killCount":-1,"type":"NPC","drops":[{"name":"Bones","id":526,"quantity":1,"price":59},{"name":"Steel dart","id":808,"quantity":100,"price":3}],"date":"Jun 30, 2023, 12:26:31 PM"}
{"name":"Starlight","level":149,"killCount":-1,"type":"NPC","drops":[{"name":"Bones","id":526,"quantity":1,"price":59},{"name":"Coins","id":995,"quantity":1363,"price":1}],"date":"Jun 30, 2023, 12:28:20 PM"}
{"name":"Starlight","level":149,"killCount":-1,"type":"NPC","drops":[{"name":"Bones","id":526,"quantity":1,"price":59},{"name":"Coins","id":995,"quantity":1311,"price":1}],"date":"Jun 30, 2023, 12:31:14 PM"}
{"name":"Starlight","level":149,"killCount":-1,"type":"NPC","drops":[{"name":"Bones","id":526,"quantity":1,"price":59},{"name":"Coins","id":995,"quantity":1363,"price":1}],"date":"Jun 30, 2023, 12:33:47 PM"}
{"name":"Starlight","level":149,"killCount":-1,"type":"NPC","drops":[{"name":"Bones","id":526,"quantity":1,"price":59},{"name":"Steel arrow","id":886,"quantity":96,"price":16}],"date":"Jun 30, 2023, 12:36:25 PM"}
{"name":"Starlight","level":149,"killCount":-1,"type":"NPC","drops":[{"name":"Bones","id":526,"quantity":1,"price":59},{"name":"Coins","id":995,"quantity":1312,"price":1}],"date":"Jun 30, 2023, 12:38:34 PM"}
{"name":"Starlight","level":149,"killCount":-1,"type":"NPC","drops":[{"name":"Bones","id":526,"quantity":1,"price":59},{"name":"Coins","id":995,"quantity":1300,"price":1}],"date":"Jun 30, 2023, 12:41:03 PM"}
{"name":"Starlight","level":149,"killCount":-1,"type":"NPC","drops":[{"name":"Bones","id":526,"quantity":1,"price":59},{"name":"Summer pie","id":7218,"quantity":1,"price":788}],"date":"Jun 30, 2023, 12:44:03 PM"}
{"name":"Starlight","level":149,"killCount":-1,"type":"NPC","drops":[{"name":"Bones","id":526,"quantity":1,"price":59},{"name":"Unicorn horn","id":238,"quantity":6,"price":121}],"date":"Jun 30, 2023, 12:46:16 PM"}
{"name":"Starlight","level":149,"killCount":-1,"type":"NPC","drops":[{"name":"Bones","id":526,"quantity":1,"price":59},{"name":"Steel arrow","id":886,"quantity":98,"price":16}],"date":"Jun 30, 2023, 12:51:12 PM"}
{"name":"Starlight","level":149,"killCount":-1,"type":"NPC","drops":[{"name":"Bones","id":526,"quantity":1,"price":59},{"name":"Law rune","id":563,"quantity":5,"price":118}],"date":"Jun 30, 2023, 12:53:28 PM"}
{"name":"Starlight","level":149,"killCount":-1,"type":"NPC","drops":[{"name":"Bones","id":526,"quantity":1,"price":59},{"name":"Coins","id":995,"quantity":1309,"price":1}],"date":"Jun 30, 2023, 1:09:51 PM"}
{"name":"Starlight","level":149,"killCount":-1,"type":"NPC","drops":[{"name":"Bones","id":526,"quantity":1,"price":59},{"name":"Coins","id":995,"quantity":1363,"price":1}],"date":"Jun 30, 2023, 1:12:28 PM"}
{"name":"Starlight","level":149,"killCount":-1,"type":"NPC","drops":[{"name":"Bones","id":526,"quantity":1,"price":59},{"name":"Coins","id":995,"quantity":1317,"price":1}],"date":"Jun 30, 2023, 1:15:10 PM"}
{"name":"Starlight","level":149,"killCount":-1,"type":"NPC","drops":[{"name":"Bones","id":526,"quantity":1,"price":59},{"name":"Steel arrow","id":886,"quantity":98,"price":16}],"date":"Jun 30, 2023, 1:17:20 PM"}
{"name":"Starlight","level":149,"killCount":-1,"type":"NPC","drops":[{"name":"Bones","id":526,"quantity":1,"price":59},{"name":"Summer pie","id":7218,"quantity":1,"price":788}],"date":"Jun 30, 2023, 1:19:51 PM"}
{"name":"Starlight","level":149,"killCount":-1,"type":"NPC","drops":[{"name":"Bones","id":526,"quantity":1,"price":59},{"name":"Summer pie","id":7218,"quantity":1,"price":788}],"date":"Jun 30, 2023, 1:22:11 PM"}
{"name":"Starlight","level":149,"killCount":-1,"type":"NPC","drops":[{"name":"Bones","id":526,"quantity":1,"price":59},{"name":"Coins","id":995,"quantity":1347,"price":1}],"date":"Jun 30, 2023, 1:25:00 PM"}
{"name":"Starlight","level":149,"killCount":-1,"type":"NPC","drops":[{"name":"Bones","id":526,"quantity":1,"price":59},{"name":"Unicorn horn","id":238,"quantity":6,"price":121}],"date":"Jun 30, 2023, 1:27:31 PM"}
{"name":"Starlight","level":149,"killCount":-1,"type":"NPC","drops":[{"name":"Bones","id":526,"quantity":1,"price":59},{"name":"Coins","id":995,"quantity":1365,"price":1}],"date":"Jun 30, 2023, 1:29:54 PM"}
{"name":"Starlight","level":149,"killCount":-1,"type":"NPC","drops":[{"name":"Bones","id":526,"quantity":1,"price":59},{"name":"Monkfish","id":7946,"quantity":1,"price":402},{"name":"Monkfish","id":7946,"quantity":1,"price":402},{"name":"Monkfish","id":7946,"quantity":1,"price":402}],"date":"Jun 30, 2023, 1:33:21 PM"}
{"name":"Starlight","level":149,"killCount":-1,"type":"NPC","drops":[{"name":"Bones","id":526,"quantity":1,"price":59},{"name":"Coins","id":995,"quantity":1420,"price":1}],"date":"Jun 30, 2023, 1:35:38 PM"}
{"name":"Starlight","level":149,"killCount":-1,"type":"NPC","drops":[{"name":"Bones","id":526,"quantity":1,"price":59},{"name":"Coins","id":995,"quantity":1363,"price":1}],"date":"Jun 30, 2023, 1:38:30 PM"}
{"name":"Starlight","level":149,"killCount":-1,"type":"NPC","drops":[{"name":"Bones","id":526,"quantity":1,"price":59},{"name":"Unicorn horn","id":238,"quantity":6,"price":121}],"date":"Jun 30, 2023, 1:41:08 PM"}
{"name":"Starlight","level":149,"killCount":-1,"type":"NPC","drops":[{"name":"Bones","id":526,"quantity":1,"price":59},{"name":"Coins","id":995,"quantity":1389,"price":1}],"date":"Jun 30, 2023, 1:44:04 PM"}
{"name":"Starlight","level":149,"killCount":-1,"type":"NPC","drops":[{"name":"Bones","id":526,"quantity":1,"price":59},{"name":"Steel arrow","id":886,"quantity":96,"price":16}],"date":"Jun 30, 2023, 1:46:27 PM"}
{"name":"Starlight","level":149,"killCount":-1,"type":"NPC","drops":[{"name":"Bones","id":526,"quantity":1,"price":59},{"name":"Coins","id":995,"quantity":1378,"price":1}],"date":"Jun 30, 2023, 1:48:31 PM"}
{"name":"Starlight","level":149,"killCount":-1,"type":"NPC","drops":[{"name":"Bones","id":526,"quantity":1,"price":59},{"name":"Snape grass","id":232,"quantity":5,"price":319}],"date":"Jun 30, 2023, 1:51:06 PM"}
{"name":"Starlight","level":149,"killCount":-1,"type":"NPC","drops":[{"name":"Bones","id":526,"quantity":1,"price":59},{"name":"Snape grass","id":232,"quantity":5,"price":319}],"date":"Jun 30, 2023, 1:54:22 PM"}
{"name":"Starlight","level":149,"killCount":-1,"type":"NPC","drops":[{"name":"Bones","id":526,"quantity":1,"price":59},{"name":"Monkfish","id":7946,"quantity":1,"price":402},{"name":"Monkfish","id":7946,"quantity":1,"price":402},{"name":"Monkfish","id":7946,"quantity":1,"price":402}],"date":"Jun 30, 2023, 1:57:20 PM"}
{"name":"Starlight","level":149,"killCount":-1,"type":"NPC","drops":[{"name":"Bones","id":526,"quantity":1,"price":59},{"name":"Coins","id":995,"quantity":1318,"price":1}],"date":"Jun 30, 2023, 2:00:24 PM"}
{"name":"Starlight","level":149,"killCount":-1,"type":"NPC","drops":[{"name":"Bones","id":526,"quantity":1,"price":59},{"name":"Coins","id":995,"quantity":1333,"price":1}],"date":"Jun 30, 2023, 2:03:04 PM"}
{"name":"Starlight","level":149,"killCount":-1,"type":"NPC","drops":[{"name":"Bones","id":526,"quantity":1,"price":59},{"name":"Steel dart","id":808,"quantity":100,"price":3}],"date":"Jun 30, 2023, 2:05:45 PM"}
{"name":"Starlight","level":149,"killCount":-1,"type":"NPC","drops":[{"name":"Bones","id":526,"quantity":1,"price":59},{"name":"Monkfish","id":7946,"quantity":1,"price":402},{"name":"Monkfish","id":7946,"quantity":1,"price":402},{"name":"Monkfish","id":7946,"quantity":1,"price":402}],"date":"Jun 30, 2023, 2:08:19 PM"}
{"name":"Starlight","level":149,"killCount":-1,"type":"NPC","drops":[{"name":"Bones","id":526,"quantity":1,"price":59},{"name":"Monkfish","id":7946,"quantity":1,"price":402},{"name":"Monkfish","id":7946,"quantity":1,"price":402},{"name":"Monkfish","id":7946,"quantity":1,"price":402}],"date":"Jun 30, 2023, 2:10:51 PM"}
{"name":"Starlight","level":149,"killCount":-1,"type":"NPC","drops":[{"name":"Bones","id":526,"quantity":1,"price":59},{"name":"Law rune","id":563,"quantity":9,"price":118}],"date":"Jun 30, 2023, 2:13:59 PM"}
