{"name":"Sulphur Lizard","level":50,"killCount":-1,"type":"NPC","drops":[{"name":"Bones","id":526,"quantity":1,"price":66},{"name":"Uncut sapphire","id":1623,"quantity":1,"price":263}],"date":"Nov 22, 2023, 4:04:34 PM"}
{"name":"Sulphur Lizard","level":50,"killCount":-1,"type":"NPC","drops":[{"name":"Bones","id":526,"quantity":1,"price":66},{"name":"Nature rune","id":561,"quantity":6,"price":113}],"date":"Nov 22, 2023, 4:04:40 PM"}
{"name":"Sulphur Lizard","level":50,"killCount":-1,"type":"NPC","drops":[{"name":"Bones","id":526,"quantity":1,"price":66},{"name":"Rainbow fish","id":10136,"quantity":1,"price":75}],"date":"Nov 22, 2023, 4:04:45 PM"}
{"name":"Sulphur Lizard","level":50,"killCount":-1,"type":"NPC","drops":[{"name":"Bones","id":526,"quantity":1,"price":66},{"name":"Nature rune","id":561,"quantity":6,"price":113}],"date":"Nov 22, 2023, 4:04:49 PM"}
{"name":"Sulphur Lizard","level":50,"killCount":-1,"type":"NPC","drops":[{"name":"Bones","id":526,"quantity":1,"price":66},{"name":"Rainbow fish","id":10136,"quantity":1,"price":75}],"date":"Nov 22, 2023, 4:04:51 PM"}
{"name":"Sulphur Lizard","level":50,"killCount":-1,"type":"NPC","drops":[{"name":"Bones","id":526,"quantity":1,"price":66},{"name":"Fire rune","id":554,"quantity":25,"price":4}],"date":"Nov 22, 2023, 4:04:53 PM"}
{"name":"Sulphur Lizard","level":50,"killCount":-1,"type":"NPC","drops":[{"name":"Bones","id":526,"quantity":1,"price":66},{"name":"Fire rune","id":554,"quantity":16,"price":4}],"date":"Nov 22, 2023, 4:04:54 PM"}
{"name":"Sulphur Lizard","level":50,"killCount":-1,"type":"NPC","drops":[{"name":"Bones","id":526,"quantity":1,"price":66},{"name":"Grimy guam leaf","id":199,"quantity":1,"price":136}],"date":"Nov 22, 2023, 4:04:58 PM"}
{"name":"Sulphur Lizard","level":50,"killCount":-1,"type":"NPC","drops":[{"name":"Bones","id":526,"quantity":1,"price":66},{"name":"Iron ore","id":441,"quantity":10,"price":113}],"date":"Nov 22, 2023, 4:05:01 PM"}
{"name":"Sulphur Lizard","level":50,"killCount":-1,"type":"NPC","drops":[{"name":"Bones","id":526,"quantity":1,"price":66},{"name":"Iron ore","id":441,"quantity":6,"price":113}],"date":"Nov 22, 2023, 4:05:04 PM"}
{"name":"Sulphur Lizard","level":50,"killCount":-1,"type":"NPC","drops":[{"name":"Bones","id":526,"quantity":1,"price":66},{"name":"Iron ore","id":441,"quantity":5,"price":113}],"date":"Nov 22, 2023, 4:05:07 PM"}
{"name":"Sulphur Lizard","level":50,"killCount":-1,"type":"NPC","drops":[{"name":"Bones","id":526,"quantity":1,"price":66},{"name":"Iron ore","id":441,"quantity":8,"price":113}],"date":"Nov 22, 2023, 4:05:10 PM"}
{"name":"Sulphur Lizard","level":50,"killCount":-1,"type":"NPC","drops":[{"name":"Bones","id":526,"quantity":1,"price":66},{"name":"Fire rune","id":554,"quantity":14,"price":4}],"date":"Nov 22, 2023, 4:05:13 PM"}
{"name":"Sulphur Lizard","level":50,"killCount":-1,"type":"NPC","drops":[{"name":"Bones","id":526,"quantity":1,"price":66},{"name":"Rainbow fish","id":10136,"quantity":1,"price":75}],"date":"Nov 22, 2023, 4:05:16 PM"}
{"name":"Sulphur Lizard","level":50,"killCount":-1,"type":"NPC","drops":[{"name":"Bones","id":526,"quantity":1,"price":66},{"name":"Uncut emerald","id":1621,"quantity":1,"price":524}],"date":"Nov 22, 2023, 4:05:19 PM"}
{"name":"Sulphur Lizard","level":50,"killCount":-1,"type":"NPC","drops":[{"name":"Bones","id":526,"quantity":1,"price":66},{"name":"Tin ore","id":439,"quantity":11,"price":98}],"date":"Nov 22, 2023, 4:05:22 PM"}
{"name":"Sulphur Lizard","level":50,"killCount":-1,"type":"NPC","drops":[{"name":"Bones","id":526,"quantity":1,"price":66},{"name":"Iron ore","id":441,"quantity":10,"price":113}],"date":"Nov 22, 2023, 4:05:24 PM"}
{"name":"Sulphur Lizard","level":50,"killCount":-1,"type":"NPC","drops":[{"name":"Bones","id":526,"quantity":1,"price":66},{"name":"Uncut emerald","id":1621,"quantity":1,"price":524}],"date":"Nov 22, 2023, 4:05:28 PM"}
{"name":"Sulphur Lizard","level":50,"killCount":-1,"type":"NPC","drops":[{"name":"Bones","id":526,"quantity":1,"price":66},{"name":"Fire rune","id":554,"quantity":16,"price":4}],"date":"Nov 22, 2023, 4:05:28 PM"}
{"name":"Sulphur Lizard","level":50,"killCount":-1,"type":"NPC","drops":[{"name":"Bones","id":526,"quantity":1,"price":66},{"name":"Fire rune","id":554,"quantity":19,"price":4}],"date":"Nov 22, 2023, 4:05:31 PM"}
{"name":"Sulphur Lizard","level":50,"killCount":-1,"type":"NPC","drops":[{"name":"Bones","id":526,"quantity":1,"price":66},{"name":"Rainbow fish","id":10136,"quantity":1,"price":75}],"date":"Nov 22, 2023, 4:05:34 PM"}
{"name":"Sulphur Lizard","level":50,"killCount":-1,"type":"NPC","drops":[{"name":"Bones","id":526,"quantity":1,"price":66},{"name":"Fire rune","id":554,"quantity":22,"price":4}],"date":"Nov 22, 2023, 4:05:37 PM"}
{"name":"Sulphur Lizard","level":50,"killCount":-1,"type":"NPC","drops":[{"name":"Bones","id":526,"quantity":1,"price":66},{"name":"Rainbow fish","id":10136,"quantity":1,"price":75}],"date":"Nov 22, 2023, 4:05:42 PM"}
{"name":"Sulphur Lizard","level":50,"killCount":-1,"type":"NPC","drops":[{"name":"Bones","id":526,"quantity":1,"price":66},{"name":"Fire rune","id":554,"quantity":22,"price":4}],"date":"Nov 22, 2023, 4:05:45 PM"}
{"name":"Sulphur Lizard","level":50,"killCount":-1,"type":"NPC","drops":[{"name":"Bones","id":526,"quantity":1,"price":66},{"name":"Iron ore","id":441,"quantity":10,"price":113}],"date":"Nov 22, 2023, 4:05:47 PM"}
{"name":"Sulphur Lizard","level":50,"killCount":-1,"type":"NPC","drops":[{"name":"Bones","id":526,"quantity":1,"price":66},{"name":"Iron ore","id":441,"quantity":10,"price":113}],"date":"Nov 22, 2023, 4:05:49 PM"}
{"name":"Sulphur Lizard","level":50,"killCount":-1,"type":"NPC","drops":[{"name":"Bones","id":526,"quantity":1,"price":66},{"name":"Rainbow fish","id":10136,"quantity":1,"price":75}],"date":"Nov 22, 2023, 4:05:50 PM"}
{"name":"Sulphur Lizard","level":50,"killCount":-1,"type":"NPC","drops":[{"name":"Bones","id":526,"quantity":1,"price":66},{"name":"Nature talisman","id":1462,"quantity":1,"price":164}],"date":"Nov 22, 2023, 4:05:52 PM"}
{"name":"Sulphur Lizard","level":50,"killCount":-1,"type":"NPC","drops":[{"name":"Bones","id":526,"quantity":1,"price":66},{"name":"Iron ore","id":441,"quantity":7,"price":113}],"date":"Nov 22, 2023, 4:05:56 PM"}
{"name":"Sulphur Lizard","level":50,"killCount":-1,"type":"NPC","drops":[{"name":"Bones","id":526,"quantity":1,"price":66},{"name":"Grimy harralander","id":205,"quantity":1,"price":595}],"date":"Nov 22, 2023, 4:05:56 PM"}
{"name":"Sulphur Lizard","level":50,"killCount":-1,"type":"NPC","drops":[{"name":"Bones","id":526,"quantity":1,"price":66},{"name":"Potato seed","id":5318,"quantity":4,"price":1}],"date":"Nov 22, 2023, 4:06:00 PM"}
{"name":"Sulphur Lizard","level":50,"killCount":-1,"type":"NPC","drops":[{"name":"Bones","id":526,"quantity":1,"price":66},{"name":"Rainbow fish","id":10136,"quantity":1,"price":75}],"date":"Nov 22, 2023, 4:06:00 PM"}
{"name":"Sulphur Lizard","level":50,"killCount":-1,"type":"NPC","drops":[{"name":"Bones","id":526,"quantity":1,"price":66},{"name":"Coal","id":454,"quantity":7,"price":207}],"date":"Nov 22, 2023, 4:06:01 PM"}
{"name":"Sulphur Lizard","level":50,"killCount":-1,"type":"NPC","drops":[{"name":"Bones","id":526,"quantity":1,"price":66},{"name":"Fire rune","id":554,"quantity":16,"price":4}],"date":"Nov 22, 2023, 4:06:06 PM"}
{"name":"Sulphur Lizard","level":50,"killCount":-1,"type":"NPC","drops":[{"name":"Bones","id":526,"quantity":1,"price":66},{"name":"Nature rune","id":561,"quantity":10,"price":113}],"date":"Nov 22, 2023, 4:06:08 PM"}
{"name":"Sulphur Lizard","level":50,"killCount":-1,"type":"NPC","drops":[{"name":"Bones","id":526,"quantity":1,"price":66},{"name":"Cabbage seed","id":5324,"quantity":4,"price":1}],"date":"Nov 22, 2023, 4:06:10 PM"}
{"name":"Sulphur Lizard","level":50,"killCount":-1,"type":"NPC","drops":[{"name":"Bones","id":526,"quantity":1,"price":66},{"name":"Rainbow fish","id":10136,"quantity":1,"price":75}],"date":"Nov 22, 2023, 4:06:13 PM"}
{"name":"Sulphur Lizard","level":50,"killCount":-1,"type":"NPC","drops":[{"name":"Bones","id":526,"quantity":1,"price":66},{"name":"Iron ore","id":441,"quantity":7,"price":113}],"date":"Nov 22, 2023, 4:06:18 PM"}
{"name":"Sulphur Lizard","level":50,"killCount":-1,"type":"NPC","drops":[{"name":"Bones","id":526,"quantity":1,"price":66},{"name":"Fire rune","id":554,"quantity":22,"price":4}],"date":"Nov 22, 2023, 4:06:20 PM"}
{"name":"Sulphur Lizard","level":50,"killCount":-1,"type":"NPC","drops":[{"name":"Bones","id":526,"quantity":1,"price":66},{"name":"Coal","id":454,"quantity":9,"price":207}],"date":"Nov 22, 2023, 4:06:24 PM"}
{"name":"Sulphur Lizard","level":50,"killCount":-1,"type":"NPC","drops":[{"name":"Bones","id":526,"quantity":1,"price":66},{"name":"Rainbow fish","id":10136,"quantity":1,"price":75}],"date":"Nov 22, 2023, 4:06:25 PM"}
{"name":"Sulphur Lizard","level":50,"killCount":-1,"type":"NPC","drops":[{"name":"Bones","id":526,"quantity":1,"price":66},{"name":"Fire rune","id":554,"quantity":18,"price":4}],"date":"Nov 22, 2023, 4:06:31 PM"}
{"name":"Sulphur Lizard","level":50,"killCount":-1,"type":"NPC","drops":[{"name":"Bones","id":526,"quantity":1,"price":66},{"name":"Tin ore","id":439,"quantity":13,"price":98}],"date":"Nov 22, 2023, 4:06:33 PM"}
{"name":"Sulphur Lizard","level":50,"killCount":-1,"type":"NPC","drops":[{"name":"Bones","id":526,"quantity":1,"price":66},{"name":"Silver ore","id":443,"quantity":9,"price":53}],"date":"Nov 22, 2023, 4:06:34 PM"}
{"name":"Sulphur Lizard","level":50,"killCount":-1,"type":"NPC","drops":[{"name":"Bones","id":526,"quantity":1,"price":66},{"name":"Steel bar","id":2354,"quantity":4,"price":412}],"date":"Nov 22, 2023, 4:06:37 PM"}
{"name":"Sulphur Lizard","level":50,"killCount":-1,"type":"NPC","drops":[{"name":"Bones","id":526,"quantity":1,"price":66},{"name":"Potato seed","id":5318,"quantity":4,"price":1}],"date":"Nov 22, 2023, 4:06:37 PM"}
{"name":"Sulphur Lizard","level":50,"killCount":-1,"type":"NPC","drops":[{"name":"Bones","id":526,"quantity":1,"price":66},{"name":"Iron ore","id":441,"quantity":5,"price":113}],"date":"Nov 22, 2023, 4:06:40 PM"}
{"name":"Sulphur Lizard","level":50,"killCount":-1,"type":"NPC","drops":[{"name":"Bones","id":526,"quantity":1,"price":66},{"name":"Copper ore","id":437,"quantity":12,"price":62}],"date":"Nov 22, 2023, 4:06:40 PM"}
{"name":"Sulphur Lizard","level":50,"killCount":-1,"type":"NPC","drops":[{"name":"Bones","id":526,"quantity":1,"price":66},{"name":"Uncut emerald","id":1621,"quantity":1,"price":524}],"date":"Nov 22, 2023, 4:06:42 PM"}
{"name":"Sulphur Lizard","level":50,"killCount":-1,"type":"NPC","drops":[{"name":"Bones","id":526,"quantity":1,"price":66},{"name":"Silver ore","id":443,"quantity":5,"price":53}],"date":"Nov 22, 2023, 4:06:43 PM"}
{"name":"Sulphur Lizard","level":50,"killCount":-1,"type":"NPC","drops":[{"name":"Bones","id":526,"quantity":1,"price":66},{"name":"Fire rune","id":554,"quantity":10,"price":4}],"date":"Nov 22, 2023, 4:06:43 PM"}
{"name":"Sulphur Lizard","level":50,"killCount":-1,"type":"NPC","drops":[{"name":"Bones","id":526,"quantity":1,"price":66},{"name":"Silver bar","id":2356,"quantity":5,"price":98}],"date":"Nov 22, 2023, 4:06:48 PM"}
{"name":"Sulphur Lizard","level":50,"killCount":-1,"type":"NPC","drops":[{"name":"Bones","id":526,"quantity":1,"price":66},{"name":"Uncut diamond","id":1617,"quantity":1,"price":2252},{"name":"Nature talisman","id":1462,"quantity":1,"price":164}],"date":"Nov 22, 2023, 4:06:49 PM"}
{"name":"Sulphur Lizard","level":50,"killCount":-1,"type":"NPC","drops":[{"name":"Bones","id":526,"quantity":1,"price":66},{"name":"Fire rune","id":554,"quantity":13,"price":4}],"date":"Nov 22, 2023, 4:06:49 PM"}
{"name":"Sulphur Lizard","level":50,"killCount":-1,"type":"NPC","drops":[{"name":"Bones","id":526,"quantity":1,"price":66},{"name":"Iron ore","id":441,"quantity":10,"price":113}],"date":"Nov 22, 2023, 4:06:54 PM"}
{"name":"Sulphur Lizard","level":50,"killCount":-1,"type":"NPC","drops":[{"name":"Bones","id":526,"quantity":1,"price":66},{"name":"Nature rune","id":561,"quantity":5,"price":113}],"date":"Nov 22, 2023, 4:06:57 PM"}
{"name":"Sulphur Lizard","level":50,"killCount":-1,"type":"NPC","drops":[{"name":"Bones","id":526,"quantity":1,"price":66},{"name":"Rainbow fish","id":10136,"quantity":1,"price":75}],"date":"Nov 22, 2023, 4:07:00 PM"}
