{"name":"Suqah","level":111,"killCount":-1,"type":"NPC","drops":[{"name":"Suqah hide","id":9080,"quantity":1,"price":0},{"name":"Suqah tooth","id":9079,"quantity":1,"price":0}],"date":"Mar 27, 2022, 4:23:15 PM"}
{"name":"Suqah","level":111,"killCount":-1,"type":"NPC","drops":[{"name":"Suqah hide","id":9080,"quantity":1,"price":0},{"name":"Suqah tooth","id":9079,"quantity":1,"price":0}],"date":"Mar 27, 2022, 4:23:28 PM"}
{"name":"Suqah","level":111,"killCount":-1,"type":"NPC","drops":[{"name":"Suqah hide","id":9080,"quantity":1,"price":0},{"name":"Suqah tooth","id":9079,"quantity":1,"price":0}],"date":"Mar 27, 2022, 4:23:32 PM"}
{"name":"Suqah","level":111,"killCount":-1,"type":"NPC","drops":[{"name":"Suqah hide","id":9080,"quantity":1,"price":0},{"name":"Suqah tooth","id":9079,"quantity":1,"price":0}],"date":"Mar 27, 2022, 4:24:02 PM"}
{"name":"Suqah","level":111,"killCount":-1,"type":"NPC","drops":[{"name":"Suqah hide","id":9080,"quantity":1,"price":0},{"name":"Suqah tooth","id":9079,"quantity":1,"price":0}],"date":"Mar 27, 2022, 4:24:09 PM"}
{"name":"Suqah","level":111,"killCount":-1,"type":"NPC","drops":[{"name":"Suqah hide","id":9080,"quantity":1,"price":0},{"name":"Suqah tooth","id":9079,"quantity":1,"price":0}],"date":"Mar 27, 2022, 4:24:15 PM"}
{"name":"Suqah","level":111,"killCount":-1,"type":"NPC","drops":[{"name":"Suqah hide","id":9080,"quantity":1,"price":0},{"name":"Suqah tooth","id":9079,"quantity":1,"price":0}],"date":"Mar 27, 2022, 4:24:21 PM"}
{"name":"Suqah","level":111,"killCount":-1,"type":"NPC","drops":[{"name":"Suqah hide","id":9080,"quantity":1,"price":0},{"name":"Suqah tooth","id":9079,"quantity":1,"price":0}],"date":"Mar 27, 2022, 4:24:26 PM"}
{"name":"Suqah","level":111,"killCount":-1,"type":"NPC","drops":[{"name":"Suqah hide","id":9080,"quantity":1,"price":0},{"name":"Suqah tooth","id":9079,"quantity":1,"price":0}],"date":"Mar 27, 2022, 4:24:30 PM"}
{"name":"Suqah","level":111,"killCount":-1,"type":"NPC","drops":[{"name":"Suqah hide","id":9080,"quantity":1,"price":0},{"name":"Grimy marrentill","id":201,"quantity":1,"price":24}],"date":"Mar 27, 2022, 4:24:51 PM"}
{"name":"Suqah","level":111,"killCount":-1,"type":"NPC","drops":[{"name":"Suqah hide","id":9080,"quantity":1,"price":0},{"name":"Suqah tooth","id":9079,"quantity":1,"price":0}],"date":"Mar 27, 2022, 4:25:12 PM"}
{"name":"Suqah","level":111,"killCount":-1,"type":"NPC","drops":[{"name":"Suqah hide","id":9080,"quantity":1,"price":0},{"name":"Grimy guam leaf","id":199,"quantity":1,"price":46}],"date":"Mar 27, 2022, 4:25:26 PM"}
{"name":"Suqah","level":111,"killCount":-1,"type":"NPC","drops":[{"name":"Suqah hide","id":9080,"quantity":1,"price":0},{"name":"Suqah tooth","id":9079,"quantity":1,"price":0}],"date":"Mar 27, 2022, 4:25:35 PM"}
{"name":"Suqah","level":111,"killCount":-1,"type":"NPC","drops":[{"name":"Suqah hide","id":9080,"quantity":1,"price":0},{"name":"Grimy guam leaf","id":199,"quantity":1,"price":46}],"date":"Mar 27, 2022, 4:25:49 PM"}
{"name":"Suqah","level":111,"killCount":-1,"type":"NPC","drops":[{"name":"Suqah hide","id":9080,"quantity":1,"price":0},{"name":"Nature talisman","id":1462,"quantity":1,"price":706}],"date":"Mar 27, 2022, 4:25:55 PM"}
{"name":"Suqah","level":111,"killCount":-1,"type":"NPC","drops":[{"name":"Suqah hide","id":9080,"quantity":1,"price":0},{"name":"Grimy marrentill","id":201,"quantity":1,"price":25}],"date":"Mar 27, 2022, 4:26:06 PM"}
{"name":"Suqah","level":111,"killCount":-1,"type":"NPC","drops":[{"name":"Suqah hide","id":9080,"quantity":1,"price":0},{"name":"Grimy marrentill","id":201,"quantity":1,"price":25}],"date":"Mar 27, 2022, 4:26:17 PM"}
{"name":"Suqah","level":111,"killCount":-1,"type":"NPC","drops":[{"name":"Suqah hide","id":9080,"quantity":1,"price":0},{"name":"Grimy guam leaf","id":199,"quantity":1,"price":46}],"date":"Mar 27, 2022, 4:26:39 PM"}
{"name":"Suqah","level":111,"killCount":-1,"type":"NPC","drops":[{"name":"Suqah hide","id":9080,"quantity":1,"price":0},{"name":"Grimy marrentill","id":201,"quantity":1,"price":25}],"date":"Mar 27, 2022, 4:26:49 PM"}
{"name":"Suqah","level":111,"killCount":-1,"type":"NPC","drops":[{"name":"Suqah hide","id":9080,"quantity":1,"price":0},{"name":"Suqah tooth","id":9079,"quantity":1,"price":0}],"date":"Mar 27, 2022, 4:26:56 PM"}
{"name":"Suqah","level":111,"killCount":-1,"type":"NPC","drops":[{"name":"Suqah hide","id":9080,"quantity":1,"price":0},{"name":"Grimy guam leaf","id":199,"quantity":1,"price":46}],"date":"Mar 27, 2022, 4:27:16 PM"}
{"name":"Suqah","level":111,"killCount":-1,"type":"NPC","drops":[{"name":"Suqah hide","id":9080,"quantity":1,"price":0},{"name":"Suqah tooth","id":9079,"quantity":1,"price":0}],"date":"Mar 27, 2022, 4:27:25 PM"}
{"name":"Suqah","level":111,"killCount":-1,"type":"NPC","drops":[{"name":"Suqah hide","id":9080,"quantity":1,"price":0},{"name":"Grimy marrentill","id":201,"quantity":1,"price":25}],"date":"Mar 27, 2022, 4:27:35 PM"}
{"name":"Suqah","level":111,"killCount":-1,"type":"NPC","drops":[{"name":"Suqah hide","id":9080,"quantity":1,"price":0},{"name":"Suqah tooth","id":9079,"quantity":1,"price":0}],"date":"Mar 27, 2022, 4:27:54 PM"}
{"name":"Suqah","level":111,"killCount":-1,"type":"NPC","drops":[{"name":"Suqah hide","id":9080,"quantity":1,"price":0},{"name":"Grimy marrentill","id":201,"quantity":1,"price":25}],"date":"Mar 27, 2022, 4:28:08 PM"}
{"name":"Suqah","level":111,"killCount":-1,"type":"NPC","drops":[{"name":"Suqah hide","id":9080,"quantity":1,"price":0},{"name":"Suqah tooth","id":9079,"quantity":1,"price":0}],"date":"Mar 27, 2022, 4:28:13 PM"}
{"name":"Suqah","level":111,"killCount":-1,"type":"NPC","drops":[{"name":"Suqah hide","id":9080,"quantity":1,"price":0},{"name":"Grimy marrentill","id":201,"quantity":1,"price":25}],"date":"Mar 27, 2022, 4:28:32 PM"}
{"name":"Suqah","level":111,"killCount":-1,"type":"NPC","drops":[{"name":"Suqah hide","id":9080,"quantity":1,"price":0},{"name":"Suqah tooth","id":9079,"quantity":1,"price":0}],"date":"Mar 27, 2022, 4:28:43 PM"}
{"name":"Suqah","level":111,"killCount":-1,"type":"NPC","drops":[{"name":"Suqah hide","id":9080,"quantity":1,"price":0},{"name":"Grimy guam leaf","id":199,"quantity":1,"price":46}],"date":"Mar 27, 2022, 4:28:56 PM"}
{"name":"Suqah","level":111,"killCount":-1,"type":"NPC","drops":[{"name":"Suqah hide","id":9080,"quantity":1,"price":0},{"name":"Grimy guam leaf","id":199,"quantity":1,"price":46}],"date":"Mar 27, 2022, 4:29:03 PM"}
{"name":"Suqah","level":111,"killCount":-1,"type":"NPC","drops":[{"name":"Suqah hide","id":9080,"quantity":1,"price":0}],"date":"Mar 27, 2022, 4:29:10 PM"}
{"name":"Suqah","level":111,"killCount":-1,"type":"NPC","drops":[{"name":"Suqah hide","id":9080,"quantity":1,"price":0},{"name":"Suqah tooth","id":9079,"quantity":1,"price":0}],"date":"Mar 27, 2022, 4:31:21 PM"}
{"name":"Suqah","level":111,"killCount":-1,"type":"NPC","drops":[{"name":"Suqah hide","id":9080,"quantity":1,"price":0},{"name":"Suqah tooth","id":9079,"quantity":1,"price":0}],"date":"Mar 27, 2022, 4:31:26 PM"}
{"name":"Suqah","level":111,"killCount":-1,"type":"NPC","drops":[{"name":"Suqah hide","id":9080,"quantity":1,"price":0},{"name":"Suqah tooth","id":9079,"quantity":1,"price":0}],"date":"Mar 27, 2022, 4:31:35 PM"}
{"name":"Suqah","level":111,"killCount":-1,"type":"NPC","drops":[{"name":"Suqah hide","id":9080,"quantity":1,"price":0},{"name":"Suqah tooth","id":9079,"quantity":1,"price":0}],"date":"Mar 27, 2022, 4:31:37 PM"}
{"name":"Suqah","level":111,"killCount":-1,"type":"NPC","drops":[{"name":"Suqah hide","id":9080,"quantity":1,"price":0},{"name":"Grimy marrentill","id":201,"quantity":1,"price":25}],"date":"Mar 27, 2022, 4:31:57 PM"}
{"name":"Suqah","level":111,"killCount":-1,"type":"NPC","drops":[{"name":"Suqah hide","id":9080,"quantity":1,"price":0},{"name":"Grimy guam leaf","id":199,"quantity":1,"price":46}],"date":"Mar 27, 2022, 4:32:10 PM"}
{"name":"Suqah","level":111,"killCount":-1,"type":"NPC","drops":[{"name":"Suqah hide","id":9080,"quantity":1,"price":0},{"name":"Suqah tooth","id":9079,"quantity":1,"price":0}],"date":"Mar 27, 2022, 4:32:23 PM"}
{"name":"Suqah","level":111,"killCount":-1,"type":"NPC","drops":[{"name":"Suqah hide","id":9080,"quantity":1,"price":0},{"name":"Grimy marrentill","id":201,"quantity":1,"price":25}],"date":"Mar 27, 2022, 4:32:30 PM"}
{"name":"Suqah","level":111,"killCount":-1,"type":"NPC","drops":[{"name":"Suqah hide","id":9080,"quantity":1,"price":0},{"name":"Uncut emerald","id":1621,"quantity":1,"price":564}],"date":"Mar 27, 2022, 4:32:43 PM"}
{"name":"Suqah","level":111,"killCount":-1,"type":"NPC","drops":[{"name":"Suqah hide","id":9080,"quantity":1,"price":0},{"name":"Grimy marrentill","id":201,"quantity":1,"price":25}],"date":"Mar 27, 2022, 4:32:55 PM"}
{"name":"Suqah","level":111,"killCount":-1,"type":"NPC","drops":[{"name":"Suqah hide","id":9080,"quantity":1,"price":0},{"name":"Grimy marrentill","id":201,"quantity":1,"price":25}],"date":"Mar 27, 2022, 4:32:58 PM"}
{"name":"Suqah","level":111,"killCount":-1,"type":"NPC","drops":[{"name":"Suqah hide","id":9080,"quantity":1,"price":0},{"name":"Grimy marrentill","id":201,"quantity":1,"price":25}],"date":"Mar 27, 2022, 4:32:59 PM"}
{"name":"Suqah","level":111,"killCount":-1,"type":"NPC","drops":[{"name":"Suqah hide","id":9080,"quantity":1,"price":0},{"name":"Suqah tooth","id":9079,"quantity":1,"price":0}],"date":"Mar 27, 2022, 4:33:04 PM"}
{"name":"Suqah","level":111,"killCount":-1,"type":"NPC","drops":[{"name":"Suqah hide","id":9080,"quantity":1,"price":0},{"name":"Suqah tooth","id":9079,"quantity":1,"price":0}],"date":"Mar 27, 2022, 4:33:28 PM"}
{"name":"Suqah","level":111,"killCount":-1,"type":"NPC","drops":[{"name":"Suqah hide","id":9080,"quantity":1,"price":0},{"name":"Suqah tooth","id":9079,"quantity":1,"price":0}],"date":"Mar 27, 2022, 4:33:32 PM"}
{"name":"Suqah","level":111,"killCount":-1,"type":"NPC","drops":[{"name":"Suqah hide","id":9080,"quantity":1,"price":0},{"name":"Grimy guam leaf","id":199,"quantity":1,"price":46}],"date":"Mar 27, 2022, 4:33:32 PM"}
{"name":"Suqah","level":111,"killCount":-1,"type":"NPC","drops":[{"name":"Suqah hide","id":9080,"quantity":1,"price":0},{"name":"Suqah tooth","id":9079,"quantity":1,"price":0}],"date":"Mar 27, 2022, 4:33:51 PM"}
{"name":"Suqah","level":111,"killCount":-1,"type":"NPC","drops":[{"name":"Suqah hide","id":9080,"quantity":1,"price":0},{"name":"Suqah tooth","id":9079,"quantity":1,"price":0}],"date":"Mar 27, 2022, 4:34:03 PM"}
{"name":"Suqah","level":111,"killCount":-1,"type":"NPC","drops":[{"name":"Suqah hide","id":9080,"quantity":1,"price":0},{"name":"Grimy guam leaf","id":199,"quantity":1,"price":46}],"date":"Mar 27, 2022, 4:34:25 PM"}
{"name":"Suqah","level":111,"killCount":-1,"type":"NPC","drops":[{"name":"Suqah hide","id":9080,"quantity":1,"price":0},{"name":"Grimy marrentill","id":201,"quantity":1,"price":25}],"date":"Mar 27, 2022, 4:34:27 PM"}
{"name":"Suqah","level":111,"killCount":-1,"type":"NPC","drops":[{"name":"Suqah hide","id":9080,"quantity":1,"price":0},{"name":"Grimy marrentill","id":201,"quantity":1,"price":25}],"date":"Mar 27, 2022, 4:34:34 PM"}
{"name":"Suqah","level":111,"killCount":-1,"type":"NPC","drops":[{"name":"Suqah hide","id":9080,"quantity":1,"price":0},{"name":"Grimy guam leaf","id":199,"quantity":1,"price":46}],"date":"Mar 27, 2022, 4:34:44 PM"}
{"name":"Suqah","level":111,"killCount":-1,"type":"NPC","drops":[{"name":"Suqah hide","id":9080,"quantity":1,"price":0},{"name":"Grimy marrentill","id":201,"quantity":1,"price":25}],"date":"Mar 27, 2022, 4:34:53 PM"}
{"name":"Suqah","level":111,"killCount":-1,"type":"NPC","drops":[{"name":"Suqah hide","id":9080,"quantity":1,"price":0},{"name":"Suqah tooth","id":9079,"quantity":1,"price":0}],"date":"Mar 27, 2022, 4:35:06 PM"}
{"name":"Suqah","level":111,"killCount":-1,"type":"NPC","drops":[{"name":"Suqah hide","id":9080,"quantity":1,"price":0}],"date":"Mar 27, 2022, 4:35:19 PM"}
{"name":"Suqah","level":111,"killCount":-1,"type":"NPC","drops":[{"name":"Suqah hide","id":9080,"quantity":1,"price":0},{"name":"Suqah tooth","id":9079,"quantity":1,"price":0}],"date":"Mar 27, 2022, 4:35:20 PM"}
{"name":"Suqah","level":111,"killCount":-1,"type":"NPC","drops":[{"name":"Suqah hide","id":9080,"quantity":1,"price":0},{"name":"Uncut emerald","id":1621,"quantity":1,"price":564}],"date":"Mar 27, 2022, 4:35:32 PM"}
{"name":"Suqah","level":111,"killCount":-1,"type":"NPC","drops":[{"name":"Suqah hide","id":9080,"quantity":1,"price":0},{"name":"Suqah tooth","id":9079,"quantity":1,"price":0}],"date":"Mar 27, 2022, 4:35:54 PM"}
{"name":"Suqah","level":111,"killCount":-1,"type":"NPC","drops":[{"name":"Suqah hide","id":9080,"quantity":1,"price":0},{"name":"Grimy guam leaf","id":199,"quantity":1,"price":46}],"date":"Mar 27, 2022, 4:35:56 PM"}
{"name":"Suqah","level":111,"killCount":-1,"type":"NPC","drops":[{"name":"Suqah hide","id":9080,"quantity":1,"price":0},{"name":"Suqah tooth","id":9079,"quantity":1,"price":0}],"date":"Mar 27, 2022, 4:36:07 PM"}
{"name":"Suqah","level":111,"killCount":-1,"type":"NPC","drops":[{"name":"Suqah hide","id":9080,"quantity":1,"price":0},{"name":"Suqah tooth","id":9079,"quantity":1,"price":0}],"date":"Mar 27, 2022, 4:36:12 PM"}
{"name":"Suqah","level":111,"killCount":-1,"type":"NPC","drops":[{"name":"Suqah hide","id":9080,"quantity":1,"price":0},{"name":"Suqah tooth","id":9079,"quantity":1,"price":0}],"date":"Mar 27, 2022, 4:36:23 PM"}
{"name":"Suqah","level":111,"killCount":-1,"type":"NPC","drops":[{"name":"Suqah hide","id":9080,"quantity":1,"price":0},{"name":"Suqah tooth","id":9079,"quantity":1,"price":0}],"date":"Mar 27, 2022, 4:36:42 PM"}
{"name":"Suqah","level":111,"killCount":-1,"type":"NPC","drops":[{"name":"Suqah hide","id":9080,"quantity":1,"price":0},{"name":"Grimy guam leaf","id":199,"quantity":1,"price":46}],"date":"Mar 27, 2022, 4:37:03 PM"}
{"name":"Suqah","level":111,"killCount":-1,"type":"NPC","drops":[{"name":"Suqah hide","id":9080,"quantity":1,"price":0},{"name":"Grimy guam leaf","id":199,"quantity":1,"price":46}],"date":"Mar 27, 2022, 4:37:17 PM"}
{"name":"Suqah","level":111,"killCount":-1,"type":"NPC","drops":[{"name":"Suqah hide","id":9080,"quantity":1,"price":0},{"name":"Suqah tooth","id":9079,"quantity":1,"price":0}],"date":"Mar 27, 2022, 4:37:39 PM"}
{"name":"Suqah","level":111,"killCount":-1,"type":"NPC","drops":[{"name":"Suqah hide","id":9080,"quantity":1,"price":0},{"name":"Grimy guam leaf","id":199,"quantity":1,"price":46}],"date":"Mar 27, 2022, 4:37:58 PM"}
{"name":"Suqah","level":111,"killCount":-1,"type":"NPC","drops":[{"name":"Suqah hide","id":9080,"quantity":1,"price":0},{"name":"Suqah tooth","id":9079,"quantity":1,"price":0}],"date":"Mar 27, 2022, 4:38:07 PM"}
{"name":"Suqah","level":111,"killCount":-1,"type":"NPC","drops":[{"name":"Suqah hide","id":9080,"quantity":1,"price":0},{"name":"Grimy guam leaf","id":199,"quantity":1,"price":46}],"date":"Mar 27, 2022, 4:38:31 PM"}
{"name":"Suqah","level":111,"killCount":-1,"type":"NPC","drops":[{"name":"Suqah hide","id":9080,"quantity":1,"price":0},{"name":"Grimy guam leaf","id":199,"quantity":1,"price":46}],"date":"Mar 27, 2022, 4:38:35 PM"}
{"name":"Suqah","level":111,"killCount":-1,"type":"NPC","drops":[{"name":"Suqah hide","id":9080,"quantity":1,"price":0},{"name":"Suqah tooth","id":9079,"quantity":1,"price":0}],"date":"Mar 27, 2022, 4:38:40 PM"}
{"name":"Suqah","level":111,"killCount":-1,"type":"NPC","drops":[{"name":"Suqah hide","id":9080,"quantity":1,"price":0},{"name":"Suqah tooth","id":9079,"quantity":1,"price":0}],"date":"Mar 27, 2022, 4:38:49 PM"}
{"name":"Suqah","level":111,"killCount":-1,"type":"NPC","drops":[{"name":"Suqah hide","id":9080,"quantity":1,"price":0},{"name":"Grimy guam leaf","id":199,"quantity":1,"price":46}],"date":"Mar 27, 2022, 4:38:53 PM"}
{"name":"Suqah","level":111,"killCount":-1,"type":"NPC","drops":[{"name":"Suqah hide","id":9080,"quantity":1,"price":0},{"name":"Grimy marrentill","id":201,"quantity":1,"price":11}],"date":"May 29, 2022, 12:17:41 PM"}
{"name":"Suqah","level":111,"killCount":-1,"type":"NPC","drops":[{"name":"Suqah hide","id":9080,"quantity":1,"price":0},{"name":"Grimy marrentill","id":201,"quantity":1,"price":11}],"date":"May 29, 2022, 12:17:43 PM"}
{"name":"Suqah","level":111,"killCount":-1,"type":"NPC","drops":[{"name":"Suqah hide","id":9080,"quantity":1,"price":0},{"name":"Suqah tooth","id":9079,"quantity":1,"price":0}],"date":"May 29, 2022, 12:17:45 PM"}
{"name":"Suqah","level":111,"killCount":-1,"type":"NPC","drops":[{"name":"Suqah hide","id":9080,"quantity":1,"price":0},{"name":"Grimy guam leaf","id":199,"quantity":1,"price":75}],"date":"May 29, 2022, 12:17:54 PM"}
{"name":"Suqah","level":111,"killCount":-1,"type":"NPC","drops":[{"name":"Suqah hide","id":9080,"quantity":1,"price":0},{"name":"Grimy marrentill","id":201,"quantity":1,"price":11}],"date":"May 29, 2022, 12:18:02 PM"}
{"name":"Suqah","level":111,"killCount":-1,"type":"NPC","drops":[{"name":"Suqah hide","id":9080,"quantity":1,"price":0},{"name":"Grimy guam leaf","id":199,"quantity":1,"price":75}],"date":"May 29, 2022, 12:18:17 PM"}
{"name":"Suqah","level":111,"killCount":-1,"type":"NPC","drops":[{"name":"Suqah hide","id":9080,"quantity":1,"price":0},{"name":"Suqah tooth","id":9079,"quantity":1,"price":0}],"date":"May 29, 2022, 12:18:32 PM"}
{"name":"Suqah","level":111,"killCount":-1,"type":"NPC","drops":[{"name":"Suqah hide","id":9080,"quantity":1,"price":0},{"name":"Suqah tooth","id":9079,"quantity":1,"price":0}],"date":"May 29, 2022, 12:18:35 PM"}
{"name":"Suqah","level":111,"killCount":-1,"type":"NPC","drops":[{"name":"Suqah hide","id":9080,"quantity":1,"price":0},{"name":"Grimy guam leaf","id":199,"quantity":1,"price":75}],"date":"May 29, 2022, 12:18:38 PM"}
{"name":"Suqah","level":111,"killCount":-1,"type":"NPC","drops":[{"name":"Suqah hide","id":9080,"quantity":1,"price":0},{"name":"Grimy guam leaf","id":199,"quantity":1,"price":75}],"date":"May 29, 2022, 12:18:49 PM"}
{"name":"Suqah","level":111,"killCount":-1,"type":"NPC","drops":[{"name":"Suqah hide","id":9080,"quantity":1,"price":0},{"name":"Suqah tooth","id":9079,"quantity":1,"price":0}],"date":"May 29, 2022, 12:18:56 PM"}
{"name":"Suqah","level":111,"killCount":-1,"type":"NPC","drops":[{"name":"Suqah hide","id":9080,"quantity":1,"price":0},{"name":"Suqah tooth","id":9079,"quantity":1,"price":0}],"date":"May 29, 2022, 12:19:06 PM"}
{"name":"Suqah","level":111,"killCount":-1,"type":"NPC","drops":[{"name":"Suqah hide","id":9080,"quantity":1,"price":0},{"name":"Suqah tooth","id":9079,"quantity":1,"price":0}],"date":"May 29, 2022, 12:19:16 PM"}
{"name":"Suqah","level":111,"killCount":-1,"type":"NPC","drops":[{"name":"Suqah hide","id":9080,"quantity":1,"price":0},{"name":"Grimy guam leaf","id":199,"quantity":1,"price":75}],"date":"May 29, 2022, 12:19:29 PM"}
{"name":"Suqah","level":111,"killCount":-1,"type":"NPC","drops":[{"name":"Suqah hide","id":9080,"quantity":1,"price":0},{"name":"Suqah tooth","id":9079,"quantity":1,"price":0}],"date":"May 29, 2022, 12:19:35 PM"}
{"name":"Suqah","level":111,"killCount":-1,"type":"NPC","drops":[{"name":"Suqah hide","id":9080,"quantity":1,"price":0},{"name":"Grimy marrentill","id":201,"quantity":1,"price":11}],"date":"May 29, 2022, 12:20:22 PM"}
{"name":"Suqah","level":111,"killCount":-1,"type":"NPC","drops":[{"name":"Suqah hide","id":9080,"quantity":1,"price":0},{"name":"Grimy guam leaf","id":199,"quantity":1,"price":75}],"date":"May 29, 2022, 12:20:25 PM"}
{"name":"Suqah","level":111,"killCount":-1,"type":"NPC","drops":[{"name":"Suqah hide","id":9080,"quantity":1,"price":0},{"name":"Grimy guam leaf","id":199,"quantity":1,"price":75}],"date":"May 29, 2022, 12:20:29 PM"}
{"name":"Suqah","level":111,"killCount":-1,"type":"NPC","drops":[{"name":"Suqah hide","id":9080,"quantity":1,"price":0},{"name":"Grimy marrentill","id":201,"quantity":1,"price":11}],"date":"May 29, 2022, 12:20:40 PM"}
{"name":"Suqah","level":111,"killCount":-1,"type":"NPC","drops":[{"name":"Suqah hide","id":9080,"quantity":1,"price":0},{"name":"Uncut sapphire","id":1623,"quantity":1,"price":369}],"date":"May 29, 2022, 12:20:43 PM"}
{"name":"Suqah","level":111,"killCount":-1,"type":"NPC","drops":[{"name":"Suqah hide","id":9080,"quantity":1,"price":0},{"name":"Suqah tooth","id":9079,"quantity":1,"price":0}],"date":"May 29, 2022, 12:20:56 PM"}
{"name":"Suqah","level":111,"killCount":-1,"type":"NPC","drops":[{"name":"Suqah hide","id":9080,"quantity":1,"price":0},{"name":"Suqah tooth","id":9079,"quantity":1,"price":0}],"date":"May 29, 2022, 12:21:05 PM"}
{"name":"Suqah","level":111,"killCount":-1,"type":"NPC","drops":[{"name":"Suqah hide","id":9080,"quantity":1,"price":0},{"name":"Suqah tooth","id":9079,"quantity":1,"price":0}],"date":"May 29, 2022, 12:21:10 PM"}
{"name":"Suqah","level":111,"killCount":-1,"type":"NPC","drops":[{"name":"Suqah hide","id":9080,"quantity":1,"price":0},{"name":"Suqah tooth","id":9079,"quantity":1,"price":0}],"date":"May 29, 2022, 12:21:15 PM"}
{"name":"Suqah","level":111,"killCount":-1,"type":"NPC","drops":[{"name":"Suqah hide","id":9080,"quantity":1,"price":0},{"name":"Suqah tooth","id":9079,"quantity":1,"price":0}],"date":"May 29, 2022, 12:21:22 PM"}
{"name":"Suqah","level":111,"killCount":-1,"type":"NPC","drops":[{"name":"Suqah hide","id":9080,"quantity":1,"price":0},{"name":"Suqah tooth","id":9079,"quantity":1,"price":0}],"date":"May 29, 2022, 12:21:32 PM"}
{"name":"Suqah","level":111,"killCount":-1,"type":"NPC","drops":[{"name":"Suqah hide","id":9080,"quantity":1,"price":0},{"name":"Grimy guam leaf","id":199,"quantity":1,"price":75}],"date":"May 29, 2022, 12:21:53 PM"}
{"name":"Suqah","level":111,"killCount":-1,"type":"NPC","drops":[{"name":"Suqah hide","id":9080,"quantity":1,"price":0},{"name":"Suqah tooth","id":9079,"quantity":1,"price":0}],"date":"May 29, 2022, 12:21:56 PM"}
{"name":"Suqah","level":111,"killCount":-1,"type":"NPC","drops":[{"name":"Suqah hide","id":9080,"quantity":1,"price":0},{"name":"Suqah tooth","id":9079,"quantity":1,"price":0}],"date":"May 29, 2022, 12:22:11 PM"}
{"name":"Suqah","level":111,"killCount":-1,"type":"NPC","drops":[{"name":"Suqah hide","id":9080,"quantity":1,"price":0},{"name":"Grimy guam leaf","id":199,"quantity":1,"price":75}],"date":"May 29, 2022, 12:22:11 PM"}
{"name":"Suqah","level":111,"killCount":-1,"type":"NPC","drops":[{"name":"Suqah hide","id":9080,"quantity":1,"price":0},{"name":"Grimy guam leaf","id":199,"quantity":1,"price":75}],"date":"May 29, 2022, 12:22:29 PM"}
{"name":"Suqah","level":111,"killCount":-1,"type":"NPC","drops":[{"name":"Suqah hide","id":9080,"quantity":1,"price":0},{"name":"Suqah tooth","id":9079,"quantity":1,"price":0}],"date":"May 29, 2022, 12:22:50 PM"}
{"name":"Suqah","level":111,"killCount":-1,"type":"NPC","drops":[{"name":"Suqah hide","id":9080,"quantity":1,"price":0},{"name":"Grimy guam leaf","id":199,"quantity":1,"price":75}],"date":"May 29, 2022, 12:22:50 PM"}
{"name":"Suqah","level":111,"killCount":-1,"type":"NPC","drops":[{"name":"Suqah hide","id":9080,"quantity":1,"price":0},{"name":"Suqah tooth","id":9079,"quantity":1,"price":0}],"date":"May 29, 2022, 12:23:04 PM"}
{"name":"Suqah","level":111,"killCount":-1,"type":"NPC","drops":[{"name":"Suqah hide","id":9080,"quantity":1,"price":0},{"name":"Grimy guam leaf","id":199,"quantity":1,"price":75}],"date":"May 29, 2022, 12:23:07 PM"}
{"name":"Suqah","level":111,"killCount":-1,"type":"NPC","drops":[{"name":"Suqah hide","id":9080,"quantity":1,"price":0},{"name":"Grimy guam leaf","id":199,"quantity":1,"price":75}],"date":"May 29, 2022, 12:23:11 PM"}
{"name":"Suqah","level":111,"killCount":-1,"type":"NPC","drops":[{"name":"Suqah hide","id":9080,"quantity":1,"price":0},{"name":"Grimy guam leaf","id":199,"quantity":1,"price":75}],"date":"May 29, 2022, 12:23:28 PM"}
{"name":"Suqah","level":111,"killCount":-1,"type":"NPC","drops":[{"name":"Suqah hide","id":9080,"quantity":1,"price":0},{"name":"Suqah tooth","id":9079,"quantity":1,"price":0}],"date":"May 29, 2022, 12:23:33 PM"}
{"name":"Suqah","level":111,"killCount":-1,"type":"NPC","drops":[{"name":"Suqah hide","id":9080,"quantity":1,"price":0},{"name":"Grimy marrentill","id":201,"quantity":1,"price":11}],"date":"May 29, 2022, 12:23:46 PM"}
{"name":"Suqah","level":111,"killCount":-1,"type":"NPC","drops":[{"name":"Suqah hide","id":9080,"quantity":1,"price":0},{"name":"Grimy marrentill","id":201,"quantity":1,"price":11}],"date":"May 29, 2022, 12:23:56 PM"}
{"name":"Suqah","level":111,"killCount":-1,"type":"NPC","drops":[{"name":"Suqah hide","id":9080,"quantity":1,"price":0},{"name":"Grimy guam leaf","id":199,"quantity":1,"price":75}],"date":"May 29, 2022, 12:24:13 PM"}
{"name":"Suqah","level":111,"killCount":-1,"type":"NPC","drops":[{"name":"Suqah hide","id":9080,"quantity":1,"price":0},{"name":"Suqah tooth","id":9079,"quantity":1,"price":0}],"date":"May 29, 2022, 12:24:20 PM"}
{"name":"Suqah","level":111,"killCount":-1,"type":"NPC","drops":[{"name":"Suqah hide","id":9080,"quantity":1,"price":0},{"name":"Suqah tooth","id":9079,"quantity":1,"price":0}],"date":"May 29, 2022, 12:24:35 PM"}
{"name":"Suqah","level":111,"killCount":-1,"type":"NPC","drops":[{"name":"Suqah hide","id":9080,"quantity":1,"price":0},{"name":"Grimy guam leaf","id":199,"quantity":1,"price":75}],"date":"May 29, 2022, 12:24:54 PM"}
{"name":"Suqah","level":111,"killCount":-1,"type":"NPC","drops":[{"name":"Suqah hide","id":9080,"quantity":1,"price":0},{"name":"Suqah tooth","id":9079,"quantity":1,"price":0}],"date":"May 29, 2022, 12:24:59 PM"}
{"name":"Suqah","level":111,"killCount":-1,"type":"NPC","drops":[{"name":"Suqah hide","id":9080,"quantity":1,"price":0},{"name":"Grimy marrentill","id":201,"quantity":1,"price":11}],"date":"May 29, 2022, 12:25:05 PM"}
{"name":"Suqah","level":111,"killCount":-1,"type":"NPC","drops":[{"name":"Suqah hide","id":9080,"quantity":1,"price":0},{"name":"Suqah tooth","id":9079,"quantity":1,"price":0}],"date":"May 29, 2022, 12:25:09 PM"}
{"name":"Suqah","level":111,"killCount":-1,"type":"NPC","drops":[{"name":"Suqah hide","id":9080,"quantity":1,"price":0},{"name":"Suqah tooth","id":9079,"quantity":1,"price":0}],"date":"May 29, 2022, 12:25:15 PM"}
{"name":"Suqah","level":111,"killCount":-1,"type":"NPC","drops":[{"name":"Suqah hide","id":9080,"quantity":1,"price":0},{"name":"Suqah tooth","id":9079,"quantity":1,"price":0}],"date":"May 29, 2022, 12:25:32 PM"}
{"name":"Suqah","level":111,"killCount":-1,"type":"NPC","drops":[{"name":"Suqah hide","id":9080,"quantity":1,"price":0},{"name":"Suqah tooth","id":9079,"quantity":1,"price":0}],"date":"May 29, 2022, 12:25:38 PM"}
{"name":"Suqah","level":111,"killCount":-1,"type":"NPC","drops":[{"name":"Suqah hide","id":9080,"quantity":1,"price":0},{"name":"Suqah tooth","id":9079,"quantity":1,"price":0}],"date":"May 29, 2022, 12:25:52 PM"}
{"name":"Suqah","level":111,"killCount":-1,"type":"NPC","drops":[{"name":"Suqah hide","id":9080,"quantity":1,"price":0},{"name":"Suqah tooth","id":9079,"quantity":1,"price":0}],"date":"May 29, 2022, 12:26:04 PM"}
{"name":"Suqah","level":111,"killCount":-1,"type":"NPC","drops":[{"name":"Suqah hide","id":9080,"quantity":1,"price":0},{"name":"Suqah tooth","id":9079,"quantity":1,"price":0}],"date":"May 29, 2022, 12:26:18 PM"}
{"name":"Suqah","level":111,"killCount":-1,"type":"NPC","drops":[{"name":"Suqah hide","id":9080,"quantity":1,"price":0},{"name":"Suqah tooth","id":9079,"quantity":1,"price":0}],"date":"May 29, 2022, 12:26:31 PM"}
{"name":"Suqah","level":111,"killCount":-1,"type":"NPC","drops":[{"name":"Suqah hide","id":9080,"quantity":1,"price":0},{"name":"Suqah tooth","id":9079,"quantity":1,"price":0}],"date":"May 29, 2022, 12:26:43 PM"}
{"name":"Suqah","level":111,"killCount":-1,"type":"NPC","drops":[{"name":"Suqah hide","id":9080,"quantity":1,"price":0},{"name":"Grimy guam leaf","id":199,"quantity":1,"price":68}],"date":"May 29, 2022, 12:26:54 PM"}
{"name":"Suqah","level":111,"killCount":-1,"type":"NPC","drops":[{"name":"Suqah hide","id":9080,"quantity":1,"price":0},{"name":"Grimy guam leaf","id":199,"quantity":1,"price":68}],"date":"May 29, 2022, 12:27:14 PM"}
{"name":"Suqah","level":111,"killCount":-1,"type":"NPC","drops":[{"name":"Suqah hide","id":9080,"quantity":1,"price":0},{"name":"Suqah tooth","id":9079,"quantity":1,"price":0}],"date":"May 29, 2022, 12:27:18 PM"}
{"name":"Suqah","level":111,"killCount":-1,"type":"NPC","drops":[{"name":"Suqah hide","id":9080,"quantity":1,"price":0},{"name":"Grimy guam leaf","id":199,"quantity":1,"price":68}],"date":"May 29, 2022, 12:27:24 PM"}
{"name":"Suqah","level":111,"killCount":-1,"type":"NPC","drops":[{"name":"Suqah hide","id":9080,"quantity":1,"price":0},{"name":"Grimy guam leaf","id":199,"quantity":1,"price":68}],"date":"May 29, 2022, 12:27:28 PM"}
{"name":"Suqah","level":111,"killCount":-1,"type":"NPC","drops":[{"name":"Suqah hide","id":9080,"quantity":1,"price":0},{"name":"Grimy guam leaf","id":199,"quantity":1,"price":68}],"date":"May 29, 2022, 12:27:37 PM"}
{"name":"Suqah","level":111,"killCount":-1,"type":"NPC","drops":[{"name":"Suqah hide","id":9080,"quantity":1,"price":0},{"name":"Grimy guam leaf","id":199,"quantity":1,"price":68}],"date":"May 29, 2022, 12:27:43 PM"}
{"name":"Suqah","level":111,"killCount":-1,"type":"NPC","drops":[{"name":"Suqah hide","id":9080,"quantity":1,"price":0},{"name":"Suqah tooth","id":9079,"quantity":1,"price":0}],"date":"May 29, 2022, 12:27:49 PM"}
{"name":"Suqah","level":111,"killCount":-1,"type":"NPC","drops":[{"name":"Suqah hide","id":9080,"quantity":1,"price":0},{"name":"Suqah tooth","id":9079,"quantity":1,"price":0}],"date":"May 29, 2022, 12:27:57 PM"}
{"name":"Suqah","level":111,"killCount":-1,"type":"NPC","drops":[{"name":"Suqah hide","id":9080,"quantity":1,"price":0},{"name":"Grimy guam leaf","id":199,"quantity":1,"price":68}],"date":"May 29, 2022, 12:28:09 PM"}
{"name":"Suqah","level":111,"killCount":-1,"type":"NPC","drops":[{"name":"Suqah hide","id":9080,"quantity":1,"price":0},{"name":"Suqah tooth","id":9079,"quantity":1,"price":0}],"date":"May 29, 2022, 12:28:19 PM"}
{"name":"Suqah","level":111,"killCount":-1,"type":"NPC","drops":[{"name":"Suqah hide","id":9080,"quantity":1,"price":0},{"name":"Suqah tooth","id":9079,"quantity":1,"price":0}],"date":"May 29, 2022, 12:28:29 PM"}
{"name":"Suqah","level":111,"killCount":-1,"type":"NPC","drops":[{"name":"Big bones","id":532,"quantity":1,"price":211},{"name":"Suqah hide","id":9080,"quantity":1,"price":0},{"name":"Suqah tooth","id":9079,"quantity":1,"price":0}],"date":"Jul 6, 2022, 11:45:07 PM"}
{"name":"Suqah","level":111,"killCount":-1,"type":"NPC","drops":[{"name":"Big bones","id":532,"quantity":1,"price":211},{"name":"Suqah hide","id":9080,"quantity":1,"price":0},{"name":"Suqah tooth","id":9079,"quantity":1,"price":0}],"date":"Jul 6, 2022, 11:45:13 PM"}
{"name":"Suqah","level":111,"killCount":-1,"type":"NPC","drops":[{"name":"Big bones","id":532,"quantity":1,"price":211},{"name":"Suqah hide","id":9080,"quantity":1,"price":0},{"name":"Suqah tooth","id":9079,"quantity":1,"price":0}],"date":"Jul 6, 2022, 11:45:21 PM"}
{"name":"Suqah","level":111,"killCount":-1,"type":"NPC","drops":[{"name":"Big bones","id":532,"quantity":1,"price":211},{"name":"Suqah hide","id":9080,"quantity":1,"price":0},{"name":"Grimy guam leaf","id":199,"quantity":1,"price":56}],"date":"Jul 6, 2022, 11:45:27 PM"}
{"name":"Suqah","level":111,"killCount":-1,"type":"NPC","drops":[{"name":"Big bones","id":532,"quantity":1,"price":211},{"name":"Suqah hide","id":9080,"quantity":1,"price":0},{"name":"Suqah tooth","id":9079,"quantity":1,"price":0}],"date":"Jul 6, 2022, 11:45:35 PM"}
{"name":"Suqah","level":111,"killCount":-1,"type":"NPC","drops":[{"name":"Big bones","id":532,"quantity":1,"price":211},{"name":"Suqah hide","id":9080,"quantity":1,"price":0}],"date":"Jul 6, 2022, 11:45:51 PM"}
{"name":"Suqah","level":111,"killCount":-1,"type":"NPC","drops":[{"name":"Big bones","id":532,"quantity":1,"price":211},{"name":"Suqah hide","id":9080,"quantity":1,"price":0},{"name":"Grimy guam leaf","id":199,"quantity":1,"price":56}],"date":"Jul 6, 2022, 11:45:55 PM"}
{"name":"Suqah","level":111,"killCount":-1,"type":"NPC","drops":[{"name":"Big bones","id":532,"quantity":1,"price":211},{"name":"Suqah hide","id":9080,"quantity":1,"price":0},{"name":"Suqah tooth","id":9079,"quantity":1,"price":0}],"date":"Jul 6, 2022, 11:46:03 PM"}
{"name":"Suqah","level":111,"killCount":-1,"type":"NPC","drops":[{"name":"Big bones","id":532,"quantity":1,"price":211},{"name":"Suqah hide","id":9080,"quantity":1,"price":0},{"name":"Grimy guam leaf","id":199,"quantity":1,"price":56}],"date":"Jul 6, 2022, 11:46:15 PM"}
{"name":"Suqah","level":111,"killCount":-1,"type":"NPC","drops":[{"name":"Big bones","id":532,"quantity":1,"price":211},{"name":"Suqah hide","id":9080,"quantity":1,"price":0},{"name":"Suqah tooth","id":9079,"quantity":1,"price":0}],"date":"Jul 6, 2022, 11:46:29 PM"}
{"name":"Suqah","level":111,"killCount":-1,"type":"NPC","drops":[{"name":"Big bones","id":532,"quantity":1,"price":211},{"name":"Suqah hide","id":9080,"quantity":1,"price":0},{"name":"Grimy marrentill","id":201,"quantity":1,"price":28}],"date":"Jul 6, 2022, 11:46:30 PM"}
{"name":"Suqah","level":111,"killCount":-1,"type":"NPC","drops":[{"name":"Big bones","id":532,"quantity":1,"price":211},{"name":"Suqah hide","id":9080,"quantity":1,"price":0},{"name":"Suqah tooth","id":9079,"quantity":1,"price":0}],"date":"Jul 6, 2022, 11:46:31 PM"}
{"name":"Suqah","level":111,"killCount":-1,"type":"NPC","drops":[{"name":"Big bones","id":532,"quantity":1,"price":211},{"name":"Suqah hide","id":9080,"quantity":1,"price":0},{"name":"Grimy marrentill","id":201,"quantity":1,"price":28}],"date":"Jul 6, 2022, 11:46:44 PM"}
{"name":"Suqah","level":111,"killCount":-1,"type":"NPC","drops":[{"name":"Big bones","id":532,"quantity":1,"price":211},{"name":"Suqah hide","id":9080,"quantity":1,"price":0},{"name":"Suqah tooth","id":9079,"quantity":1,"price":0}],"date":"Jul 6, 2022, 11:46:55 PM"}
{"name":"Suqah","level":111,"killCount":-1,"type":"NPC","drops":[{"name":"Big bones","id":532,"quantity":1,"price":211},{"name":"Suqah hide","id":9080,"quantity":1,"price":0},{"name":"Grimy guam leaf","id":199,"quantity":1,"price":56}],"date":"Jul 6, 2022, 11:47:06 PM"}
{"name":"Suqah","level":111,"killCount":-1,"type":"NPC","drops":[{"name":"Big bones","id":532,"quantity":1,"price":211},{"name":"Suqah hide","id":9080,"quantity":1,"price":0},{"name":"Grimy guam leaf","id":199,"quantity":1,"price":56}],"date":"Jul 6, 2022, 11:47:08 PM"}
{"name":"Suqah","level":111,"killCount":-1,"type":"NPC","drops":[{"name":"Big bones","id":532,"quantity":1,"price":211},{"name":"Suqah hide","id":9080,"quantity":1,"price":0},{"name":"Suqah tooth","id":9079,"quantity":1,"price":0}],"date":"Jul 6, 2022, 11:47:17 PM"}
{"name":"Suqah","level":111,"killCount":-1,"type":"NPC","drops":[{"name":"Big bones","id":532,"quantity":1,"price":211},{"name":"Suqah hide","id":9080,"quantity":1,"price":0},{"name":"Grimy guam leaf","id":199,"quantity":1,"price":56}],"date":"Jul 6, 2022, 11:47:31 PM"}
{"name":"Suqah","level":111,"killCount":-1,"type":"NPC","drops":[{"name":"Big bones","id":532,"quantity":1,"price":211},{"name":"Suqah hide","id":9080,"quantity":1,"price":0},{"name":"Grimy marrentill","id":201,"quantity":1,"price":28}],"date":"Jul 6, 2022, 11:47:50 PM"}
{"name":"Suqah","level":111,"killCount":-1,"type":"NPC","drops":[{"name":"Big bones","id":532,"quantity":1,"price":211},{"name":"Suqah hide","id":9080,"quantity":1,"price":0},{"name":"Suqah tooth","id":9079,"quantity":1,"price":0}],"date":"Jul 6, 2022, 11:47:56 PM"}
{"name":"Suqah","level":111,"killCount":-1,"type":"NPC","drops":[{"name":"Big bones","id":532,"quantity":1,"price":211},{"name":"Suqah hide","id":9080,"quantity":1,"price":0},{"name":"Grimy guam leaf","id":199,"quantity":1,"price":56}],"date":"Jul 6, 2022, 11:48:16 PM"}
{"name":"Suqah","level":111,"killCount":-1,"type":"NPC","drops":[{"name":"Big bones","id":532,"quantity":1,"price":211},{"name":"Suqah hide","id":9080,"quantity":1,"price":0},{"name":"Grimy guam leaf","id":199,"quantity":1,"price":56}],"date":"Jul 6, 2022, 11:48:21 PM"}
{"name":"Suqah","level":111,"killCount":-1,"type":"NPC","drops":[{"name":"Long bone","id":10976,"quantity":1,"price":1000},{"name":"Big bones","id":532,"quantity":1,"price":211},{"name":"Suqah hide","id":9080,"quantity":1,"price":0},{"name":"Suqah tooth","id":9079,"quantity":1,"price":0}],"date":"Jul 6, 2022, 11:48:25 PM"}
{"name":"Suqah","level":111,"killCount":-1,"type":"NPC","drops":[{"name":"Big bones","id":532,"quantity":1,"price":211},{"name":"Suqah hide","id":9080,"quantity":1,"price":0},{"name":"Suqah tooth","id":9079,"quantity":1,"price":0}],"date":"Jul 6, 2022, 11:48:31 PM"}
{"name":"Suqah","level":111,"killCount":-1,"type":"NPC","drops":[{"name":"Big bones","id":532,"quantity":1,"price":211},{"name":"Suqah hide","id":9080,"quantity":1,"price":0},{"name":"Grimy guam leaf","id":199,"quantity":1,"price":56}],"date":"Jul 6, 2022, 11:48:49 PM"}
{"name":"Suqah","level":111,"killCount":-1,"type":"NPC","drops":[{"name":"Big bones","id":532,"quantity":1,"price":211},{"name":"Suqah hide","id":9080,"quantity":1,"price":0}],"date":"Jul 6, 2022, 11:48:55 PM"}
{"name":"Suqah","level":111,"killCount":-1,"type":"NPC","drops":[{"name":"Big bones","id":532,"quantity":1,"price":211},{"name":"Suqah hide","id":9080,"quantity":1,"price":0},{"name":"Suqah tooth","id":9079,"quantity":1,"price":0}],"date":"Jul 6, 2022, 11:49:05 PM"}
{"name":"Suqah","level":111,"killCount":-1,"type":"NPC","drops":[{"name":"Big bones","id":532,"quantity":1,"price":211},{"name":"Suqah hide","id":9080,"quantity":1,"price":0},{"name":"Suqah tooth","id":9079,"quantity":1,"price":0}],"date":"Jul 6, 2022, 11:49:13 PM"}
{"name":"Suqah","level":111,"killCount":-1,"type":"NPC","drops":[{"name":"Big bones","id":532,"quantity":1,"price":211},{"name":"Suqah hide","id":9080,"quantity":1,"price":0},{"name":"Suqah tooth","id":9079,"quantity":1,"price":0}],"date":"Jul 6, 2022, 11:49:15 PM"}
{"name":"Suqah","level":111,"killCount":-1,"type":"NPC","drops":[{"name":"Big bones","id":532,"quantity":1,"price":211},{"name":"Suqah hide","id":9080,"quantity":1,"price":0},{"name":"Suqah tooth","id":9079,"quantity":1,"price":0}],"date":"Jul 6, 2022, 11:49:28 PM"}
{"name":"Suqah","level":111,"killCount":-1,"type":"NPC","drops":[{"name":"Big bones","id":532,"quantity":1,"price":211},{"name":"Suqah hide","id":9080,"quantity":1,"price":0},{"name":"Suqah tooth","id":9079,"quantity":1,"price":0}],"date":"Jul 6, 2022, 11:49:34 PM"}
{"name":"Suqah","level":111,"killCount":-1,"type":"NPC","drops":[{"name":"Big bones","id":532,"quantity":1,"price":211},{"name":"Suqah hide","id":9080,"quantity":1,"price":0},{"name":"Suqah tooth","id":9079,"quantity":1,"price":0}],"date":"Jul 6, 2022, 11:49:38 PM"}
{"name":"Suqah","level":111,"killCount":-1,"type":"NPC","drops":[{"name":"Big bones","id":532,"quantity":1,"price":211},{"name":"Suqah hide","id":9080,"quantity":1,"price":0},{"name":"Grimy guam leaf","id":199,"quantity":1,"price":56}],"date":"Jul 6, 2022, 11:49:48 PM"}
{"name":"Suqah","level":111,"killCount":-1,"type":"NPC","drops":[{"name":"Big bones","id":532,"quantity":1,"price":211},{"name":"Suqah hide","id":9080,"quantity":1,"price":0},{"name":"Suqah tooth","id":9079,"quantity":1,"price":0}],"date":"Jul 6, 2022, 11:49:56 PM"}
{"name":"Suqah","level":111,"killCount":-1,"type":"NPC","drops":[{"name":"Big bones","id":532,"quantity":1,"price":211},{"name":"Suqah hide","id":9080,"quantity":1,"price":0},{"name":"Suqah tooth","id":9079,"quantity":1,"price":0}],"date":"Jul 6, 2022, 11:50:06 PM"}
{"name":"Suqah","level":111,"killCount":-1,"type":"NPC","drops":[{"name":"Big bones","id":532,"quantity":1,"price":211},{"name":"Suqah hide","id":9080,"quantity":1,"price":0},{"name":"Suqah tooth","id":9079,"quantity":1,"price":0}],"date":"Jul 6, 2022, 11:50:09 PM"}
{"name":"Suqah","level":111,"killCount":-1,"type":"NPC","drops":[{"name":"Big bones","id":532,"quantity":1,"price":211},{"name":"Suqah hide","id":9080,"quantity":1,"price":0},{"name":"Suqah tooth","id":9079,"quantity":1,"price":0}],"date":"Jul 6, 2022, 11:50:18 PM"}
{"name":"Suqah","level":111,"killCount":-1,"type":"NPC","drops":[{"name":"Big bones","id":532,"quantity":1,"price":211},{"name":"Suqah hide","id":9080,"quantity":1,"price":0},{"name":"Grimy guam leaf","id":199,"quantity":1,"price":56}],"date":"Jul 6, 2022, 11:50:21 PM"}
{"name":"Suqah","level":111,"killCount":-1,"type":"NPC","drops":[{"name":"Big bones","id":532,"quantity":1,"price":211},{"name":"Suqah hide","id":9080,"quantity":1,"price":0},{"name":"Grimy marrentill","id":201,"quantity":1,"price":28}],"date":"Jul 6, 2022, 11:50:38 PM"}
{"name":"Suqah","level":111,"killCount":-1,"type":"NPC","drops":[{"name":"Big bones","id":532,"quantity":1,"price":211},{"name":"Suqah hide","id":9080,"quantity":1,"price":0},{"name":"Grimy guam leaf","id":199,"quantity":1,"price":56}],"date":"Jul 6, 2022, 11:50:45 PM"}
{"name":"Suqah","level":111,"killCount":-1,"type":"NPC","drops":[{"name":"Big bones","id":532,"quantity":1,"price":211},{"name":"Suqah hide","id":9080,"quantity":1,"price":0},{"name":"Grimy marrentill","id":201,"quantity":1,"price":28}],"date":"Jul 6, 2022, 11:50:58 PM"}
{"name":"Suqah","level":111,"killCount":-1,"type":"NPC","drops":[{"name":"Big bones","id":532,"quantity":1,"price":211},{"name":"Suqah hide","id":9080,"quantity":1,"price":0},{"name":"Grimy marrentill","id":201,"quantity":1,"price":28}],"date":"Jul 6, 2022, 11:51:05 PM"}
{"name":"Suqah","level":111,"killCount":-1,"type":"NPC","drops":[{"name":"Big bones","id":532,"quantity":1,"price":211},{"name":"Suqah hide","id":9080,"quantity":1,"price":0},{"name":"Grimy guam leaf","id":199,"quantity":1,"price":56}],"date":"Jul 6, 2022, 11:51:10 PM"}
{"name":"Suqah","level":111,"killCount":-1,"type":"NPC","drops":[{"name":"Big bones","id":532,"quantity":1,"price":211},{"name":"Suqah hide","id":9080,"quantity":1,"price":0},{"name":"Suqah tooth","id":9079,"quantity":1,"price":0}],"date":"Jul 6, 2022, 11:51:18 PM"}
{"name":"Suqah","level":111,"killCount":-1,"type":"NPC","drops":[{"name":"Big bones","id":532,"quantity":1,"price":211},{"name":"Suqah hide","id":9080,"quantity":1,"price":0},{"name":"Grimy guam leaf","id":199,"quantity":1,"price":56}],"date":"Jul 6, 2022, 11:51:33 PM"}
{"name":"Suqah","level":111,"killCount":-1,"type":"NPC","drops":[{"name":"Big bones","id":532,"quantity":1,"price":211},{"name":"Suqah hide","id":9080,"quantity":1,"price":0}],"date":"Jul 6, 2022, 11:51:46 PM"}
{"name":"Suqah","level":111,"killCount":-1,"type":"NPC","drops":[{"name":"Big bones","id":532,"quantity":1,"price":211},{"name":"Suqah hide","id":9080,"quantity":1,"price":0},{"name":"Grimy guam leaf","id":199,"quantity":1,"price":56}],"date":"Jul 6, 2022, 11:51:58 PM"}
{"name":"Suqah","level":111,"killCount":-1,"type":"NPC","drops":[{"name":"Big bones","id":532,"quantity":1,"price":211},{"name":"Suqah hide","id":9080,"quantity":1,"price":0},{"name":"Suqah tooth","id":9079,"quantity":1,"price":0}],"date":"Jul 6, 2022, 11:52:01 PM"}
{"name":"Suqah","level":111,"killCount":-1,"type":"NPC","drops":[{"name":"Big bones","id":532,"quantity":1,"price":211},{"name":"Suqah hide","id":9080,"quantity":1,"price":0},{"name":"Suqah tooth","id":9079,"quantity":1,"price":0}],"date":"Jul 6, 2022, 11:52:07 PM"}
{"name":"Suqah","level":111,"killCount":-1,"type":"NPC","drops":[{"name":"Big bones","id":532,"quantity":1,"price":211},{"name":"Suqah hide","id":9080,"quantity":1,"price":0},{"name":"Suqah tooth","id":9079,"quantity":1,"price":0}],"date":"Jul 6, 2022, 11:52:12 PM"}
{"name":"Suqah","level":111,"killCount":-1,"type":"NPC","drops":[{"name":"Big bones","id":532,"quantity":1,"price":211},{"name":"Suqah hide","id":9080,"quantity":1,"price":0},{"name":"Grimy marrentill","id":201,"quantity":1,"price":28}],"date":"Jul 6, 2022, 11:52:25 PM"}
{"name":"Suqah","level":111,"killCount":-1,"type":"NPC","drops":[{"name":"Big bones","id":532,"quantity":1,"price":211},{"name":"Suqah hide","id":9080,"quantity":1,"price":0}],"date":"Jul 6, 2022, 11:52:34 PM"}
{"name":"Suqah","level":111,"killCount":-1,"type":"NPC","drops":[{"name":"Suqah hide","id":9080,"quantity":1,"price":0},{"name":"Suqah tooth","id":9079,"quantity":1,"price":0}],"date":"Aug 3, 2022, 8:14:05 PM"}
{"name":"Suqah","level":111,"killCount":-1,"type":"NPC","drops":[{"name":"Suqah hide","id":9080,"quantity":1,"price":0},{"name":"Suqah tooth","id":9079,"quantity":1,"price":0}],"date":"Aug 3, 2022, 8:14:15 PM"}
{"name":"Suqah","level":111,"killCount":-1,"type":"NPC","drops":[{"name":"Suqah hide","id":9080,"quantity":1,"price":0},{"name":"Grimy guam leaf","id":199,"quantity":1,"price":89}],"date":"Aug 3, 2022, 8:14:39 PM"}
{"name":"Suqah","level":111,"killCount":-1,"type":"NPC","drops":[{"name":"Suqah hide","id":9080,"quantity":1,"price":0},{"name":"Grimy guam leaf","id":199,"quantity":1,"price":89}],"date":"Aug 3, 2022, 8:14:53 PM"}
{"name":"Suqah","level":111,"killCount":-1,"type":"NPC","drops":[{"name":"Suqah hide","id":9080,"quantity":1,"price":0},{"name":"Suqah tooth","id":9079,"quantity":1,"price":0}],"date":"Aug 3, 2022, 8:15:02 PM"}
{"name":"Suqah","level":111,"killCount":-1,"type":"NPC","drops":[{"name":"Suqah hide","id":9080,"quantity":1,"price":0},{"name":"Grimy guam leaf","id":199,"quantity":1,"price":89}],"date":"Aug 3, 2022, 8:15:11 PM"}
{"name":"Suqah","level":111,"killCount":-1,"type":"NPC","drops":[{"name":"Suqah hide","id":9080,"quantity":1,"price":0},{"name":"Suqah tooth","id":9079,"quantity":1,"price":0}],"date":"Aug 3, 2022, 8:15:38 PM"}
{"name":"Suqah","level":111,"killCount":-1,"type":"NPC","drops":[{"name":"Suqah hide","id":9080,"quantity":1,"price":0},{"name":"Suqah tooth","id":9079,"quantity":1,"price":0}],"date":"Aug 3, 2022, 8:15:42 PM"}
{"name":"Suqah","level":111,"killCount":-1,"type":"NPC","drops":[{"name":"Suqah hide","id":9080,"quantity":1,"price":0},{"name":"Suqah tooth","id":9079,"quantity":1,"price":0}],"date":"Aug 3, 2022, 8:15:43 PM"}
{"name":"Suqah","level":111,"killCount":-1,"type":"NPC","drops":[{"name":"Suqah hide","id":9080,"quantity":1,"price":0},{"name":"Grimy marrentill","id":201,"quantity":1,"price":19}],"date":"Aug 3, 2022, 8:16:02 PM"}
{"name":"Suqah","level":111,"killCount":-1,"type":"NPC","drops":[{"name":"Suqah hide","id":9080,"quantity":1,"price":0},{"name":"Grimy guam leaf","id":199,"quantity":1,"price":89}],"date":"Aug 3, 2022, 8:16:09 PM"}
{"name":"Suqah","level":111,"killCount":-1,"type":"NPC","drops":[{"name":"Suqah hide","id":9080,"quantity":1,"price":0},{"name":"Grimy guam leaf","id":199,"quantity":1,"price":89}],"date":"Aug 3, 2022, 8:16:19 PM"}
{"name":"Suqah","level":111,"killCount":-1,"type":"NPC","drops":[{"name":"Suqah hide","id":9080,"quantity":1,"price":0},{"name":"Grimy marrentill","id":201,"quantity":1,"price":19}],"date":"Aug 3, 2022, 8:16:28 PM"}
{"name":"Suqah","level":111,"killCount":-1,"type":"NPC","drops":[{"name":"Suqah hide","id":9080,"quantity":1,"price":0},{"name":"Grimy guam leaf","id":199,"quantity":1,"price":89}],"date":"Aug 3, 2022, 8:16:44 PM"}
{"name":"Suqah","level":111,"killCount":-1,"type":"NPC","drops":[{"name":"Suqah hide","id":9080,"quantity":1,"price":0},{"name":"Suqah tooth","id":9079,"quantity":1,"price":0}],"date":"Aug 3, 2022, 8:16:48 PM"}
{"name":"Suqah","level":111,"killCount":-1,"type":"NPC","drops":[{"name":"Suqah hide","id":9080,"quantity":1,"price":0},{"name":"Grimy guam leaf","id":199,"quantity":1,"price":89}],"date":"Aug 3, 2022, 8:16:59 PM"}
{"name":"Suqah","level":111,"killCount":-1,"type":"NPC","drops":[{"name":"Suqah hide","id":9080,"quantity":1,"price":0},{"name":"Suqah tooth","id":9079,"quantity":1,"price":0}],"date":"Aug 3, 2022, 8:17:04 PM"}
{"name":"Suqah","level":111,"killCount":-1,"type":"NPC","drops":[{"name":"Suqah hide","id":9080,"quantity":1,"price":0},{"name":"Suqah tooth","id":9079,"quantity":1,"price":0}],"date":"Aug 3, 2022, 8:17:18 PM"}
{"name":"Suqah","level":111,"killCount":-1,"type":"NPC","drops":[{"name":"Suqah hide","id":9080,"quantity":1,"price":0},{"name":"Grimy marrentill","id":201,"quantity":1,"price":19}],"date":"Aug 3, 2022, 8:17:41 PM"}
{"name":"Suqah","level":111,"killCount":-1,"type":"NPC","drops":[{"name":"Suqah hide","id":9080,"quantity":1,"price":0},{"name":"Suqah tooth","id":9079,"quantity":1,"price":0}],"date":"Aug 3, 2022, 8:17:41 PM"}
{"name":"Suqah","level":111,"killCount":-1,"type":"NPC","drops":[{"name":"Suqah hide","id":9080,"quantity":1,"price":0},{"name":"Suqah tooth","id":9079,"quantity":1,"price":0}],"date":"Aug 3, 2022, 8:17:49 PM"}
{"name":"Suqah","level":111,"killCount":-1,"type":"NPC","drops":[{"name":"Suqah hide","id":9080,"quantity":1,"price":0},{"name":"Grimy marrentill","id":201,"quantity":1,"price":19}],"date":"Aug 3, 2022, 8:17:51 PM"}
{"name":"Suqah","level":111,"killCount":-1,"type":"NPC","drops":[{"name":"Suqah hide","id":9080,"quantity":1,"price":0},{"name":"Grimy marrentill","id":201,"quantity":1,"price":19}],"date":"Aug 3, 2022, 8:18:01 PM"}
{"name":"Suqah","level":111,"killCount":-1,"type":"NPC","drops":[{"name":"Suqah hide","id":9080,"quantity":1,"price":0},{"name":"Suqah tooth","id":9079,"quantity":1,"price":0}],"date":"Aug 3, 2022, 8:18:08 PM"}
{"name":"Suqah","level":111,"killCount":-1,"type":"NPC","drops":[{"name":"Suqah hide","id":9080,"quantity":1,"price":0},{"name":"Grimy guam leaf","id":199,"quantity":1,"price":89}],"date":"Aug 3, 2022, 8:18:30 PM"}
{"name":"Suqah","level":111,"killCount":-1,"type":"NPC","drops":[{"name":"Long bone","id":10976,"quantity":1,"price":1000},{"name":"Suqah hide","id":9080,"quantity":1,"price":0},{"name":"Suqah tooth","id":9079,"quantity":1,"price":0}],"date":"Aug 3, 2022, 8:18:35 PM"}
{"name":"Suqah","level":111,"killCount":-1,"type":"NPC","drops":[{"name":"Suqah hide","id":9080,"quantity":1,"price":0},{"name":"Grimy guam leaf","id":199,"quantity":1,"price":89}],"date":"Aug 3, 2022, 8:18:44 PM"}
{"name":"Suqah","level":111,"killCount":-1,"type":"NPC","drops":[{"name":"Suqah hide","id":9080,"quantity":1,"price":0},{"name":"Suqah tooth","id":9079,"quantity":1,"price":0}],"date":"Aug 3, 2022, 8:19:02 PM"}
{"name":"Suqah","level":111,"killCount":-1,"type":"NPC","drops":[{"name":"Suqah hide","id":9080,"quantity":1,"price":0},{"name":"Suqah tooth","id":9079,"quantity":1,"price":0}],"date":"Aug 3, 2022, 8:19:16 PM"}
{"name":"Suqah","level":111,"killCount":-1,"type":"NPC","drops":[{"name":"Suqah hide","id":9080,"quantity":1,"price":0},{"name":"Grimy marrentill","id":201,"quantity":1,"price":19}],"date":"Aug 3, 2022, 8:19:24 PM"}
{"name":"Suqah","level":111,"killCount":-1,"type":"NPC","drops":[{"name":"Suqah hide","id":9080,"quantity":1,"price":0}],"date":"Aug 3, 2022, 8:19:30 PM"}
{"name":"Suqah","level":111,"killCount":-1,"type":"NPC","drops":[{"name":"Suqah hide","id":9080,"quantity":1,"price":0},{"name":"Grimy guam leaf","id":199,"quantity":1,"price":89}],"date":"Aug 3, 2022, 8:19:45 PM"}
{"name":"Suqah","level":111,"killCount":-1,"type":"NPC","drops":[{"name":"Suqah hide","id":9080,"quantity":1,"price":0},{"name":"Suqah tooth","id":9079,"quantity":1,"price":0}],"date":"Aug 3, 2022, 8:20:10 PM"}
{"name":"Suqah","level":111,"killCount":-1,"type":"NPC","drops":[{"name":"Suqah hide","id":9080,"quantity":1,"price":0},{"name":"Grimy guam leaf","id":199,"quantity":1,"price":89}],"date":"Aug 3, 2022, 8:20:46 PM"}
{"name":"Suqah","level":111,"killCount":-1,"type":"NPC","drops":[{"name":"Suqah hide","id":9080,"quantity":1,"price":0},{"name":"Suqah tooth","id":9079,"quantity":1,"price":0}],"date":"Aug 3, 2022, 8:20:58 PM"}
{"name":"Suqah","level":111,"killCount":-1,"type":"NPC","drops":[{"name":"Suqah hide","id":9080,"quantity":1,"price":0},{"name":"Suqah tooth","id":9079,"quantity":1,"price":0}],"date":"Aug 3, 2022, 8:21:07 PM"}
{"name":"Suqah","level":111,"killCount":-1,"type":"NPC","drops":[{"name":"Suqah hide","id":9080,"quantity":1,"price":0},{"name":"Grimy guam leaf","id":199,"quantity":1,"price":89}],"date":"Aug 3, 2022, 8:21:09 PM"}
{"name":"Suqah","level":111,"killCount":-1,"type":"NPC","drops":[{"name":"Suqah hide","id":9080,"quantity":1,"price":0},{"name":"Grimy guam leaf","id":199,"quantity":1,"price":89}],"date":"Aug 3, 2022, 8:21:19 PM"}
{"name":"Suqah","level":111,"killCount":-1,"type":"NPC","drops":[{"name":"Suqah hide","id":9080,"quantity":1,"price":0},{"name":"Suqah tooth","id":9079,"quantity":1,"price":0}],"date":"Aug 3, 2022, 8:21:36 PM"}
{"name":"Suqah","level":111,"killCount":-1,"type":"NPC","drops":[{"name":"Suqah hide","id":9080,"quantity":1,"price":0},{"name":"Suqah tooth","id":9079,"quantity":1,"price":0}],"date":"Aug 3, 2022, 8:21:38 PM"}
{"name":"Suqah","level":111,"killCount":-1,"type":"NPC","drops":[{"name":"Suqah hide","id":9080,"quantity":1,"price":0},{"name":"Grimy guam leaf","id":199,"quantity":1,"price":89}],"date":"Aug 3, 2022, 8:22:00 PM"}
{"name":"Suqah","level":111,"killCount":-1,"type":"NPC","drops":[{"name":"Suqah hide","id":9080,"quantity":1,"price":0},{"name":"Suqah tooth","id":9079,"quantity":1,"price":0}],"date":"Aug 3, 2022, 8:22:07 PM"}
{"name":"Suqah","level":111,"killCount":-1,"type":"NPC","drops":[{"name":"Suqah hide","id":9080,"quantity":1,"price":0},{"name":"Grimy marrentill","id":201,"quantity":1,"price":19}],"date":"Aug 3, 2022, 8:22:23 PM"}
