{"name":"Temple Spider","level":75,"killCount":-1,"type":"NPC","drops":[{"name":"Earth rune","id":557,"quantity":43,"price":5}],"date":"Jun 26, 2023, 4:54:22 PM"}
{"name":"Temple Spider","level":75,"killCount":-1,"type":"NPC","drops":[{"name":"Death rune","id":560,"quantity":15,"price":116}],"date":"Jun 26, 2023, 4:55:02 PM"}
{"name":"Temple Spider","level":75,"killCount":-1,"type":"NPC","drops":[{"name":"Law rune","id":563,"quantity":5,"price":120}],"date":"Jun 26, 2023, 4:55:09 PM"}
{"name":"Temple Spider","level":75,"killCount":-1,"type":"NPC","drops":[{"name":"Fire rune","id":554,"quantity":40,"price":5}],"date":"Jun 26, 2023, 4:55:19 PM"}
{"name":"Temple Spider","level":75,"killCount":-1,"type":"NPC","drops":[{"name":"Adamant med helm","id":1145,"quantity":1,"price":873}],"date":"Jun 26, 2023, 4:55:35 PM"}
{"name":"Temple Spider","level":75,"killCount":-1,"type":"NPC","drops":[{"name":"Grimy tarromin","id":203,"quantity":1,"price":123}],"date":"Jun 26, 2023, 4:55:40 PM"}
{"name":"Temple Spider","level":75,"killCount":-1,"type":"NPC","drops":[{"name":"Water rune","id":555,"quantity":42,"price":5}],"date":"Jun 26, 2023, 4:55:52 PM"}
{"name":"Temple Spider","level":75,"killCount":-1,"type":"NPC","drops":[{"name":"Grimy guam leaf","id":199,"quantity":1,"price":52}],"date":"Jun 26, 2023, 4:56:02 PM"}
{"name":"Temple Spider","level":75,"killCount":-1,"type":"NPC","drops":[{"name":"Grimy kwuarm","id":213,"quantity":1,"price":3085}],"date":"Jun 26, 2023, 4:56:14 PM"}
{"name":"Temple Spider","level":75,"killCount":-1,"type":"NPC","drops":[{"name":"Coins","id":995,"quantity":476,"price":1}],"date":"Jun 26, 2023, 4:56:26 PM"}
{"name":"Temple Spider","level":75,"killCount":-1,"type":"NPC","drops":[{"name":"Red spiders\u0027 eggs","id":224,"quantity":5,"price":532}],"date":"Jun 26, 2023, 4:56:35 PM"}
{"name":"Temple Spider","level":75,"killCount":-1,"type":"NPC","drops":[{"name":"Coins","id":995,"quantity":476,"price":1}],"date":"Jun 26, 2023, 4:56:49 PM"}
{"name":"Temple Spider","level":75,"killCount":-1,"type":"NPC","drops":[{"name":"Coins","id":995,"quantity":443,"price":1}],"date":"Jun 26, 2023, 4:56:59 PM"}
{"name":"Temple Spider","level":75,"killCount":-1,"type":"NPC","drops":[{"name":"Adamant med helm","id":1145,"quantity":1,"price":873}],"date":"Jun 26, 2023, 4:57:07 PM"}
{"name":"Temple Spider","level":75,"killCount":-1,"type":"NPC","drops":[{"name":"Coins","id":995,"quantity":477,"price":1}],"date":"Jun 26, 2023, 4:57:28 PM"}
{"name":"Temple Spider","level":75,"killCount":-1,"type":"NPC","drops":[{"name":"Red spiders\u0027 eggs","id":224,"quantity":3,"price":532}],"date":"Jun 26, 2023, 4:57:38 PM"}
{"name":"Temple Spider","level":75,"killCount":-1,"type":"NPC","drops":[{"name":"Adamant med helm","id":1145,"quantity":1,"price":873}],"date":"Jun 26, 2023, 4:57:47 PM"}
{"name":"Temple Spider","level":75,"killCount":-1,"type":"NPC","drops":[{"name":"Law rune","id":563,"quantity":5,"price":120}],"date":"Jun 26, 2023, 4:57:57 PM"}
{"name":"Temple Spider","level":75,"killCount":-1,"type":"NPC","drops":[{"name":"Coins","id":995,"quantity":591,"price":1}],"date":"Jun 26, 2023, 4:58:08 PM"}
{"name":"Temple Spider","level":75,"killCount":-1,"type":"NPC","drops":[{"name":"Water rune","id":555,"quantity":50,"price":5}],"date":"Jun 26, 2023, 4:58:16 PM"}
{"name":"Temple Spider","level":75,"killCount":-1,"type":"NPC","drops":[{"name":"Red spiders\u0027 eggs","id":224,"quantity":5,"price":532}],"date":"Jun 26, 2023, 4:58:28 PM"}
{"name":"Temple Spider","level":75,"killCount":-1,"type":"NPC","drops":[{"name":"Water rune","id":555,"quantity":48,"price":5}],"date":"Jun 26, 2023, 4:58:35 PM"}
{"name":"Temple Spider","level":75,"killCount":-1,"type":"NPC","drops":[{"name":"Chaos rune","id":562,"quantity":12,"price":58}],"date":"Jun 26, 2023, 4:58:44 PM"}
{"name":"Temple Spider","level":75,"killCount":-1,"type":"NPC","drops":[{"name":"Red spiders\u0027 eggs","id":224,"quantity":5,"price":532}],"date":"Jun 26, 2023, 4:59:01 PM"}
{"name":"Temple Spider","level":75,"killCount":-1,"type":"NPC","drops":[{"name":"Red spiders\u0027 eggs","id":224,"quantity":3,"price":532}],"date":"Jun 26, 2023, 4:59:14 PM"}
{"name":"Temple Spider","level":75,"killCount":-1,"type":"NPC","drops":[{"name":"Coins","id":995,"quantity":584,"price":1}],"date":"Jun 26, 2023, 4:59:34 PM"}
{"name":"Temple Spider","level":75,"killCount":-1,"type":"NPC","drops":[{"name":"Grimy harralander","id":205,"quantity":1,"price":507}],"date":"Jun 26, 2023, 4:59:43 PM"}
{"name":"Temple Spider","level":75,"killCount":-1,"type":"NPC","drops":[{"name":"Fire rune","id":554,"quantity":46,"price":5}],"date":"Jun 26, 2023, 4:59:48 PM"}
{"name":"Temple Spider","level":75,"killCount":-1,"type":"NPC","drops":[{"name":"Adamant longsword","id":1301,"quantity":1,"price":1607}],"date":"Jun 26, 2023, 4:59:55 PM"}
{"name":"Temple Spider","level":75,"killCount":-1,"type":"NPC","drops":[{"name":"Coins","id":995,"quantity":475,"price":1}],"date":"Jun 26, 2023, 5:00:07 PM"}
{"name":"Temple Spider","level":75,"killCount":-1,"type":"NPC","drops":[{"name":"Coins","id":995,"quantity":478,"price":1}],"date":"Jun 26, 2023, 5:00:16 PM"}
{"name":"Temple Spider","level":75,"killCount":-1,"type":"NPC","drops":[{"name":"Grimy guam leaf","id":199,"quantity":1,"price":52}],"date":"Jun 26, 2023, 5:00:26 PM"}
{"name":"Temple Spider","level":75,"killCount":-1,"type":"NPC","drops":[{"name":"Red spiders\u0027 eggs","id":224,"quantity":4,"price":532}],"date":"Jun 26, 2023, 5:00:33 PM"}
{"name":"Temple Spider","level":75,"killCount":-1,"type":"NPC","drops":[{"name":"Red spiders\u0027 eggs","id":224,"quantity":3,"price":532}],"date":"Jun 26, 2023, 5:00:38 PM"}
{"name":"Temple Spider","level":75,"killCount":-1,"type":"NPC","drops":[{"name":"Air rune","id":556,"quantity":36,"price":5}],"date":"Jun 26, 2023, 5:00:50 PM"}
{"name":"Temple Spider","level":75,"killCount":-1,"type":"NPC","drops":[{"name":"Coins","id":995,"quantity":571,"price":1}],"date":"Jun 26, 2023, 5:00:59 PM"}
{"name":"Temple Spider","level":75,"killCount":-1,"type":"NPC","drops":[{"name":"Grimy guam leaf","id":199,"quantity":1,"price":52}],"date":"Jun 26, 2023, 5:01:11 PM"}
{"name":"Temple Spider","level":75,"killCount":-1,"type":"NPC","drops":[{"name":"Tattered moon page","id":23510,"quantity":1,"price":1000},{"name":"Cosmic rune","id":564,"quantity":13,"price":89}],"date":"Jun 26, 2023, 5:01:18 PM"}
{"name":"Temple Spider","level":75,"killCount":-1,"type":"NPC","drops":[{"name":"Fire rune","id":554,"quantity":31,"price":5}],"date":"Jun 26, 2023, 5:01:28 PM"}
{"name":"Temple Spider","level":75,"killCount":-1,"type":"NPC","drops":[{"name":"Coins","id":995,"quantity":584,"price":1}],"date":"Jun 26, 2023, 5:01:52 PM"}
{"name":"Temple Spider","level":75,"killCount":-1,"type":"NPC","drops":[{"name":"Grimy guam leaf","id":199,"quantity":1,"price":52}],"date":"Jun 26, 2023, 5:01:55 PM"}
{"name":"Temple Spider","level":75,"killCount":-1,"type":"NPC","drops":[{"name":"Nature rune","id":561,"quantity":11,"price":90}],"date":"Jun 26, 2023, 5:02:01 PM"}
{"name":"Temple Spider","level":75,"killCount":-1,"type":"NPC","drops":[{"name":"Uncut sapphire","id":1623,"quantity":1,"price":279}],"date":"Jun 26, 2023, 5:02:13 PM"}
{"name":"Temple Spider","level":75,"killCount":-1,"type":"NPC","drops":[{"name":"Superantipoison(2)","id":183,"quantity":1,"price":218}],"date":"Jun 26, 2023, 5:02:22 PM"}
{"name":"Temple Spider","level":75,"killCount":-1,"type":"NPC","drops":[{"name":"Grimy tarromin","id":203,"quantity":1,"price":123}],"date":"Jun 26, 2023, 5:02:27 PM"}
{"name":"Temple Spider","level":75,"killCount":-1,"type":"NPC","drops":[{"name":"Water rune","id":555,"quantity":41,"price":5}],"date":"Jun 26, 2023, 5:02:36 PM"}
{"name":"Temple Spider","level":75,"killCount":-1,"type":"NPC","drops":[{"name":"Earth rune","id":557,"quantity":33,"price":5}],"date":"Jun 26, 2023, 5:02:46 PM"}
{"name":"Temple Spider","level":75,"killCount":-1,"type":"NPC","drops":[{"name":"Coins","id":995,"quantity":588,"price":1}],"date":"Jun 26, 2023, 5:02:55 PM"}
{"name":"Temple Spider","level":75,"killCount":-1,"type":"NPC","drops":[{"name":"Air rune","id":556,"quantity":39,"price":5}],"date":"Jun 26, 2023, 5:03:02 PM"}
{"name":"Temple Spider","level":75,"killCount":-1,"type":"NPC","drops":[{"name":"Adamant longsword","id":1301,"quantity":1,"price":1607}],"date":"Jun 26, 2023, 5:03:14 PM"}
{"name":"Temple Spider","level":75,"killCount":-1,"type":"NPC","drops":[{"name":"Superantipoison(2)","id":183,"quantity":1,"price":218}],"date":"Jun 26, 2023, 5:03:23 PM"}
{"name":"Temple Spider","level":75,"killCount":-1,"type":"NPC","drops":[{"name":"Coins","id":995,"quantity":579,"price":1}],"date":"Jun 26, 2023, 5:03:38 PM"}
{"name":"Temple Spider","level":75,"killCount":-1,"type":"NPC","drops":[{"name":"Death rune","id":560,"quantity":13,"price":116}],"date":"Jun 26, 2023, 5:03:43 PM"}
{"name":"Temple Spider","level":75,"killCount":-1,"type":"NPC","drops":[{"name":"Red spiders\u0027 eggs","id":224,"quantity":4,"price":532}],"date":"Jun 26, 2023, 5:03:55 PM"}
{"name":"Temple Spider","level":75,"killCount":-1,"type":"NPC","drops":[{"name":"Air rune","id":556,"quantity":42,"price":5}],"date":"Jun 26, 2023, 5:04:04 PM"}
{"name":"Temple Spider","level":75,"killCount":-1,"type":"NPC","drops":[{"name":"Grubby key","id":23499,"quantity":1,"price":32690},{"name":"Superantipoison(2)","id":183,"quantity":1,"price":218}],"date":"Jun 26, 2023, 5:04:10 PM"}
{"name":"Temple Spider","level":75,"killCount":-1,"type":"NPC","drops":[{"name":"Law rune","id":563,"quantity":5,"price":120}],"date":"Jun 26, 2023, 5:04:22 PM"}
{"name":"Temple Spider","level":75,"killCount":-1,"type":"NPC","drops":[{"name":"Nature rune","id":561,"quantity":12,"price":90}],"date":"Jun 26, 2023, 5:04:32 PM"}
{"name":"Temple Spider","level":75,"killCount":-1,"type":"NPC","drops":[{"name":"Air rune","id":556,"quantity":33,"price":5}],"date":"Jun 26, 2023, 5:04:41 PM"}
{"name":"Temple Spider","level":75,"killCount":-1,"type":"NPC","drops":[{"name":"Superantipoison(2)","id":183,"quantity":1,"price":218}],"date":"Jun 26, 2023, 5:04:46 PM"}
{"name":"Temple Spider","level":75,"killCount":-1,"type":"NPC","drops":[{"name":"Grimy ranarr weed","id":207,"quantity":1,"price":5833}],"date":"Jun 26, 2023, 5:05:01 PM"}
{"name":"Temple Spider","level":75,"killCount":-1,"type":"NPC","drops":[{"name":"Adamant longsword","id":1301,"quantity":1,"price":1607}],"date":"Jun 26, 2023, 5:05:19 PM"}
{"name":"Temple Spider","level":75,"killCount":-1,"type":"NPC","drops":[{"name":"Adamant med helm","id":1145,"quantity":1,"price":873}],"date":"Jun 26, 2023, 5:05:26 PM"}
{"name":"Temple Spider","level":75,"killCount":-1,"type":"NPC","drops":[{"name":"Coins","id":995,"quantity":486,"price":1}],"date":"Jun 26, 2023, 5:05:44 PM"}
{"name":"Temple Spider","level":75,"killCount":-1,"type":"NPC","drops":[{"name":"Red spiders\u0027 eggs","id":224,"quantity":3,"price":532}],"date":"Jun 26, 2023, 5:06:14 PM"}
{"name":"Temple Spider","level":75,"killCount":-1,"type":"NPC","drops":[{"name":"Adamant med helm","id":1145,"quantity":1,"price":873}],"date":"Jun 26, 2023, 5:06:19 PM"}
{"name":"Temple Spider","level":75,"killCount":-1,"type":"NPC","drops":[{"name":"Ranarr seed","id":5295,"quantity":1,"price":19873}],"date":"Jun 26, 2023, 5:06:29 PM"}
{"name":"Temple Spider","level":75,"killCount":-1,"type":"NPC","drops":[{"name":"Death rune","id":560,"quantity":13,"price":116}],"date":"Jun 26, 2023, 5:06:44 PM"}
{"name":"Temple Spider","level":75,"killCount":-1,"type":"NPC","drops":[{"name":"Coins","id":995,"quantity":475,"price":1}],"date":"Jun 26, 2023, 5:06:49 PM"}
{"name":"Temple Spider","level":75,"killCount":-1,"type":"NPC","drops":[{"name":"Limpwurt seed","id":5100,"quantity":1,"price":9}],"date":"Jun 26, 2023, 5:06:59 PM"}
{"name":"Temple Spider","level":75,"killCount":-1,"type":"NPC","drops":[{"name":"Red spiders\u0027 eggs","id":224,"quantity":3,"price":532}],"date":"Jun 26, 2023, 5:07:08 PM"}
{"name":"Temple Spider","level":75,"killCount":-1,"type":"NPC","drops":[{"name":"Grimy irit leaf","id":209,"quantity":1,"price":949}],"date":"Jun 26, 2023, 5:07:20 PM"}
{"name":"Temple Spider","level":75,"killCount":-1,"type":"NPC","drops":[{"name":"Coins","id":995,"quantity":550,"price":1}],"date":"Jun 26, 2023, 5:07:27 PM"}
{"name":"Temple Spider","level":75,"killCount":-1,"type":"NPC","drops":[{"name":"Grimy harralander","id":205,"quantity":1,"price":507}],"date":"Jun 26, 2023, 5:07:36 PM"}
{"name":"Temple Spider","level":75,"killCount":-1,"type":"NPC","drops":[{"name":"Fire rune","id":554,"quantity":42,"price":5}],"date":"Jun 26, 2023, 5:07:43 PM"}
{"name":"Temple Spider","level":75,"killCount":-1,"type":"NPC","drops":[{"name":"Nature rune","id":561,"quantity":12,"price":90}],"date":"Jun 26, 2023, 5:07:56 PM"}
{"name":"Temple Spider","level":75,"killCount":-1,"type":"NPC","drops":[{"name":"Coins","id":995,"quantity":589,"price":1}],"date":"Jun 26, 2023, 5:08:06 PM"}
{"name":"Temple Spider","level":75,"killCount":-1,"type":"NPC","drops":[{"name":"Fire rune","id":554,"quantity":35,"price":5}],"date":"Jun 26, 2023, 5:08:18 PM"}
{"name":"Temple Spider","level":75,"killCount":-1,"type":"NPC","drops":[{"name":"Superantipoison(2)","id":183,"quantity":1,"price":218}],"date":"Jun 26, 2023, 5:08:28 PM"}
{"name":"Temple Spider","level":75,"killCount":-1,"type":"NPC","drops":[{"name":"Water rune","id":555,"quantity":32,"price":5}],"date":"Jun 26, 2023, 5:08:35 PM"}
{"name":"Temple Spider","level":75,"killCount":-1,"type":"NPC","drops":[{"name":"Cosmic rune","id":564,"quantity":15,"price":89}],"date":"Jun 26, 2023, 5:08:44 PM"}
{"name":"Temple Spider","level":75,"killCount":-1,"type":"NPC","drops":[{"name":"Chaos rune","id":562,"quantity":13,"price":58}],"date":"Jun 26, 2023, 5:08:56 PM"}
{"name":"Temple Spider","level":75,"killCount":-1,"type":"NPC","drops":[{"name":"Coins","id":995,"quantity":444,"price":1}],"date":"Jun 26, 2023, 5:09:10 PM"}
{"name":"Temple Spider","level":75,"killCount":-1,"type":"NPC","drops":[{"name":"Grimy tarromin","id":203,"quantity":1,"price":123}],"date":"Jun 26, 2023, 5:09:25 PM"}
{"name":"Temple Spider","level":75,"killCount":-1,"type":"NPC","drops":[{"name":"Air rune","id":556,"quantity":33,"price":5}],"date":"Jun 26, 2023, 5:09:35 PM"}
{"name":"Temple Spider","level":75,"killCount":-1,"type":"NPC","drops":[{"name":"Death rune","id":560,"quantity":11,"price":116}],"date":"Jun 26, 2023, 5:09:40 PM"}
{"name":"Temple Spider","level":75,"killCount":-1,"type":"NPC","drops":[{"name":"Fire rune","id":554,"quantity":32,"price":5}],"date":"Jun 26, 2023, 5:09:47 PM"}
{"name":"Temple Spider","level":75,"killCount":-1,"type":"NPC","drops":[{"name":"Weapon poison(+)","id":5937,"quantity":1,"price":505}],"date":"Jun 26, 2023, 5:10:04 PM"}
{"name":"Temple Spider","level":75,"killCount":-1,"type":"NPC","drops":[{"name":"Water rune","id":555,"quantity":42,"price":5}],"date":"Jun 26, 2023, 5:10:17 PM"}
{"name":"Temple Spider","level":75,"killCount":-1,"type":"NPC","drops":[{"name":"Water rune","id":555,"quantity":32,"price":5}],"date":"Jun 26, 2023, 5:10:19 PM"}
{"name":"Temple Spider","level":75,"killCount":-1,"type":"NPC","drops":[{"name":"Superantipoison(2)","id":183,"quantity":1,"price":218}],"date":"Jun 26, 2023, 5:10:36 PM"}
{"name":"Temple Spider","level":75,"killCount":-1,"type":"NPC","drops":[{"name":"Weapon poison(+)","id":5937,"quantity":1,"price":505}],"date":"Jun 26, 2023, 5:10:41 PM"}
{"name":"Temple Spider","level":75,"killCount":-1,"type":"NPC","drops":[{"name":"Adamant med helm","id":1145,"quantity":1,"price":873}],"date":"Jun 26, 2023, 5:10:50 PM"}
{"name":"Temple Spider","level":75,"killCount":-1,"type":"NPC","drops":[{"name":"Coins","id":995,"quantity":466,"price":1}],"date":"Jun 26, 2023, 5:11:01 PM"}
{"name":"Temple Spider","level":75,"killCount":-1,"type":"NPC","drops":[{"name":"Harralander seed","id":5294,"quantity":1,"price":24}],"date":"Jun 26, 2023, 5:11:08 PM"}
{"name":"Temple Spider","level":75,"killCount":-1,"type":"NPC","drops":[{"name":"Superantipoison(2)","id":183,"quantity":1,"price":218}],"date":"Jun 26, 2023, 5:11:15 PM"}
{"name":"Temple Spider","level":75,"killCount":-1,"type":"NPC","drops":[{"name":"Red spiders\u0027 eggs","id":224,"quantity":4,"price":532}],"date":"Jun 26, 2023, 5:11:31 PM"}
{"name":"Temple Spider","level":75,"killCount":-1,"type":"NPC","drops":[{"name":"Coins","id":995,"quantity":536,"price":1}],"date":"Jun 26, 2023, 5:11:47 PM"}
{"name":"Temple Spider","level":75,"killCount":-1,"type":"NPC","drops":[{"name":"Coins","id":995,"quantity":464,"price":1}],"date":"Jun 26, 2023, 5:12:08 PM"}
{"name":"Temple Spider","level":75,"killCount":-1,"type":"NPC","drops":[{"name":"Tattered temple page","id":23514,"quantity":1,"price":1000},{"name":"Adamant med helm","id":1145,"quantity":1,"price":873}],"date":"Jun 26, 2023, 5:12:18 PM"}
{"name":"Temple Spider","level":75,"killCount":-1,"type":"NPC","drops":[{"name":"Grimy ranarr weed","id":207,"quantity":1,"price":5833}],"date":"Jun 26, 2023, 5:12:28 PM"}
{"name":"Temple Spider","level":75,"killCount":-1,"type":"NPC","drops":[{"name":"Nature rune","id":561,"quantity":11,"price":90}],"date":"Jun 26, 2023, 5:12:48 PM"}
{"name":"Temple Spider","level":75,"killCount":-1,"type":"NPC","drops":[{"name":"Coins","id":995,"quantity":519,"price":1}],"date":"Jun 26, 2023, 5:12:50 PM"}
{"name":"Temple Spider","level":75,"killCount":-1,"type":"NPC","drops":[{"name":"Tattered temple page","id":23514,"quantity":1,"price":1000},{"name":"Coins","id":995,"quantity":436,"price":1}],"date":"Jun 26, 2023, 5:13:02 PM"}
{"name":"Temple Spider","level":75,"killCount":-1,"type":"NPC","drops":[{"name":"Fire rune","id":554,"quantity":34,"price":5}],"date":"Jun 26, 2023, 5:13:10 PM"}
{"name":"Temple Spider","level":75,"killCount":-1,"type":"NPC","drops":[{"name":"Grimy marrentill","id":201,"quantity":1,"price":37}],"date":"Jun 26, 2023, 5:13:23 PM"}
{"name":"Temple Spider","level":75,"killCount":-1,"type":"NPC","drops":[{"name":"Toadflax seed","id":5296,"quantity":1,"price":569}],"date":"Jun 26, 2023, 5:13:28 PM"}
{"name":"Temple Spider","level":75,"killCount":-1,"type":"NPC","drops":[{"name":"Tattered sun page","id":23512,"quantity":1,"price":1000},{"name":"Rune dagger","id":1213,"quantity":1,"price":4350}],"date":"Jun 26, 2023, 5:13:43 PM"}
{"name":"Temple Spider","level":75,"killCount":-1,"type":"NPC","drops":[{"name":"Grimy dwarf weed","id":217,"quantity":1,"price":1110}],"date":"Jun 26, 2023, 5:13:50 PM"}
