{"name":"Terror dog","level":110,"killCount":-1,"type":"NPC","drops":[{"name":"Big bones","id":532,"quantity":1,"price":168},{"name":"Water rune","id":555,"quantity":75,"price":4}],"date":"Sep 2, 2023, 4:23:01 PM"}
{"name":"Terror dog","level":110,"killCount":-1,"type":"NPC","drops":[{"name":"Big bones","id":532,"quantity":1,"price":168},{"name":"Law rune","id":563,"quantity":3,"price":117}],"date":"Sep 2, 2023, 4:23:22 PM"}
{"name":"Terror dog","level":110,"killCount":-1,"type":"NPC","drops":[{"name":"Big bones","id":532,"quantity":1,"price":168},{"name":"Grimy ranarr weed","id":207,"quantity":1,"price":7242}],"date":"Sep 2, 2023, 4:23:28 PM"}
{"name":"Terror dog","level":110,"killCount":-1,"type":"NPC","drops":[{"name":"Big bones","id":532,"quantity":1,"price":168},{"name":"Coins","id":995,"quantity":132,"price":1}],"date":"Sep 2, 2023, 4:23:48 PM"}
{"name":"Terror dog","level":110,"killCount":-1,"type":"NPC","drops":[{"name":"Big bones","id":532,"quantity":1,"price":168},{"name":"Coins","id":995,"quantity":200,"price":1}],"date":"Sep 2, 2023, 4:24:07 PM"}
{"name":"Terror dog","level":110,"killCount":-1,"type":"NPC","drops":[{"name":"Big bones","id":532,"quantity":1,"price":168},{"name":"Coins","id":995,"quantity":44,"price":1}],"date":"Sep 2, 2023, 4:24:20 PM"}
{"name":"Terror dog","level":110,"killCount":-1,"type":"NPC","drops":[{"name":"Big bones","id":532,"quantity":1,"price":168},{"name":"Grimy guam leaf","id":199,"quantity":1,"price":65}],"date":"Sep 2, 2023, 4:24:29 PM"}
{"name":"Terror dog","level":110,"killCount":-1,"type":"NPC","drops":[{"name":"Big bones","id":532,"quantity":1,"price":168},{"name":"Coins","id":995,"quantity":44,"price":1}],"date":"Sep 2, 2023, 4:24:41 PM"}
{"name":"Terror dog","level":110,"killCount":-1,"type":"NPC","drops":[{"name":"Big bones","id":532,"quantity":1,"price":168},{"name":"Grimy marrentill","id":201,"quantity":1,"price":44}],"date":"Sep 2, 2023, 4:24:56 PM"}
{"name":"Terror dog","level":110,"killCount":-1,"type":"NPC","drops":[{"name":"Big bones","id":532,"quantity":1,"price":168},{"name":"Coins","id":995,"quantity":11,"price":1}],"date":"Sep 2, 2023, 4:25:23 PM"}
{"name":"Terror dog","level":110,"killCount":-1,"type":"NPC","drops":[{"name":"Big bones","id":532,"quantity":1,"price":168},{"name":"Coins","id":995,"quantity":44,"price":1}],"date":"Sep 2, 2023, 4:25:33 PM"}
{"name":"Terror dog","level":110,"killCount":-1,"type":"NPC","drops":[{"name":"Big bones","id":532,"quantity":1,"price":168},{"name":"Coins","id":995,"quantity":44,"price":1}],"date":"Sep 2, 2023, 4:25:46 PM"}
{"name":"Terror dog","level":100,"killCount":-1,"type":"NPC","drops":[{"name":"Bones","id":526,"quantity":1,"price":66},{"name":"Law rune","id":563,"quantity":3,"price":117}],"date":"Sep 2, 2023, 4:26:03 PM"}
{"name":"Terror dog","level":100,"killCount":-1,"type":"NPC","drops":[{"name":"Bones","id":526,"quantity":1,"price":66},{"name":"Coins","id":995,"quantity":44,"price":1}],"date":"Sep 2, 2023, 4:26:12 PM"}
{"name":"Terror dog","level":110,"killCount":-1,"type":"NPC","drops":[{"name":"Big bones","id":532,"quantity":1,"price":168},{"name":"Coins","id":995,"quantity":132,"price":1}],"date":"Sep 2, 2023, 4:26:29 PM"}
{"name":"Terror dog","level":110,"killCount":-1,"type":"NPC","drops":[{"name":"Big bones","id":532,"quantity":1,"price":168},{"name":"Coins","id":995,"quantity":44,"price":1}],"date":"Sep 2, 2023, 4:26:41 PM"}
{"name":"Terror dog","level":110,"killCount":-1,"type":"NPC","drops":[{"name":"Big bones","id":532,"quantity":1,"price":168},{"name":"Coins","id":995,"quantity":132,"price":1}],"date":"Sep 2, 2023, 4:27:00 PM"}
{"name":"Terror dog","level":110,"killCount":-1,"type":"NPC","drops":[{"name":"Big bones","id":532,"quantity":1,"price":168},{"name":"Mithril kiteshield","id":1197,"quantity":1,"price":993}],"date":"Sep 2, 2023, 4:27:12 PM"}
{"name":"Terror dog","level":100,"killCount":-1,"type":"NPC","drops":[{"name":"Bones","id":526,"quantity":1,"price":66},{"name":"Coins","id":995,"quantity":44,"price":1}],"date":"Sep 2, 2023, 4:27:36 PM"}
{"name":"Terror dog","level":110,"killCount":-1,"type":"NPC","drops":[{"name":"Big bones","id":532,"quantity":1,"price":168}],"date":"Sep 2, 2023, 4:27:53 PM"}
{"name":"Terror dog","level":110,"killCount":-1,"type":"NPC","drops":[{"name":"Big bones","id":532,"quantity":1,"price":168},{"name":"Mithril axe","id":1355,"quantity":1,"price":124}],"date":"Sep 2, 2023, 4:28:00 PM"}
{"name":"Terror dog","level":110,"killCount":-1,"type":"NPC","drops":[{"name":"Big bones","id":532,"quantity":1,"price":168},{"name":"Coins","id":995,"quantity":132,"price":1}],"date":"Sep 2, 2023, 4:28:12 PM"}
{"name":"Terror dog","level":110,"killCount":-1,"type":"NPC","drops":[{"name":"Big bones","id":532,"quantity":1,"price":168},{"name":"Uncut emerald","id":1621,"quantity":1,"price":459}],"date":"Sep 2, 2023, 4:28:32 PM"}
{"name":"Terror dog","level":100,"killCount":-1,"type":"NPC","drops":[{"name":"Bones","id":526,"quantity":1,"price":66},{"name":"Water rune","id":555,"quantity":75,"price":4}],"date":"Sep 2, 2023, 4:28:48 PM"}
{"name":"Terror dog","level":100,"killCount":-1,"type":"NPC","drops":[{"name":"Bones","id":526,"quantity":1,"price":66},{"name":"Coins","id":995,"quantity":44,"price":1}],"date":"Sep 2, 2023, 4:29:03 PM"}
{"name":"Terror dog","level":110,"killCount":-1,"type":"NPC","drops":[{"name":"Big bones","id":532,"quantity":1,"price":168},{"name":"Coins","id":995,"quantity":132,"price":1}],"date":"Sep 2, 2023, 4:29:12 PM"}
{"name":"Terror dog","level":110,"killCount":-1,"type":"NPC","drops":[{"name":"Big bones","id":532,"quantity":1,"price":168},{"name":"Coins","id":995,"quantity":132,"price":1}],"date":"Sep 2, 2023, 4:29:22 PM"}
{"name":"Terror dog","level":110,"killCount":-1,"type":"NPC","drops":[{"name":"Big bones","id":532,"quantity":1,"price":168},{"name":"Grimy irit leaf","id":209,"quantity":1,"price":1231}],"date":"Sep 2, 2023, 4:29:34 PM"}
{"name":"Terror dog","level":110,"killCount":-1,"type":"NPC","drops":[{"name":"Big bones","id":532,"quantity":1,"price":168},{"name":"Adamantite ore","id":449,"quantity":1,"price":718}],"date":"Sep 2, 2023, 4:29:48 PM"}
{"name":"Terror dog","level":100,"killCount":-1,"type":"NPC","drops":[{"name":"Bones","id":526,"quantity":1,"price":66},{"name":"Steel battleaxe","id":1365,"quantity":1,"price":196}],"date":"Sep 2, 2023, 4:30:05 PM"}
{"name":"Terror dog","level":110,"killCount":-1,"type":"NPC","drops":[{"name":"Big bones","id":532,"quantity":1,"price":168},{"name":"Rune dagger","id":1213,"quantity":1,"price":4371}],"date":"Sep 2, 2023, 4:30:23 PM"}
{"name":"Terror dog","level":110,"killCount":-1,"type":"NPC","drops":[{"name":"Big bones","id":532,"quantity":1,"price":168},{"name":"Water rune","id":555,"quantity":75,"price":4}],"date":"Sep 2, 2023, 4:30:35 PM"}
{"name":"Terror dog","level":110,"killCount":-1,"type":"NPC","drops":[{"name":"Big bones","id":532,"quantity":1,"price":168},{"name":"Grimy marrentill","id":201,"quantity":1,"price":44}],"date":"Sep 2, 2023, 4:30:59 PM"}
{"name":"Terror dog","level":110,"killCount":-1,"type":"NPC","drops":[{"name":"Big bones","id":532,"quantity":1,"price":168},{"name":"Bass","id":365,"quantity":1,"price":97}],"date":"Sep 2, 2023, 6:50:33 PM"}
{"name":"Terror dog","level":110,"killCount":-1,"type":"NPC","drops":[{"name":"Big bones","id":532,"quantity":1,"price":168},{"name":"Coins","id":995,"quantity":44,"price":1}],"date":"Sep 2, 2023, 6:50:49 PM"}
{"name":"Terror dog","level":110,"killCount":-1,"type":"NPC","drops":[{"name":"Big bones","id":532,"quantity":1,"price":168},{"name":"Mithril kiteshield","id":1197,"quantity":1,"price":993}],"date":"Sep 2, 2023, 6:51:05 PM"}
{"name":"Terror dog","level":110,"killCount":-1,"type":"NPC","drops":[{"name":"Big bones","id":532,"quantity":1,"price":168},{"name":"Coins","id":995,"quantity":44,"price":1}],"date":"Sep 2, 2023, 6:51:19 PM"}
{"name":"Terror dog","level":100,"killCount":-1,"type":"NPC","drops":[{"name":"Bones","id":526,"quantity":1,"price":66},{"name":"Coins","id":995,"quantity":44,"price":1}],"date":"Sep 2, 2023, 6:51:32 PM"}
{"name":"Terror dog","level":100,"killCount":-1,"type":"NPC","drops":[{"name":"Bones","id":526,"quantity":1,"price":66},{"name":"Nature rune","id":561,"quantity":15,"price":85}],"date":"Sep 2, 2023, 6:51:40 PM"}
{"name":"Terror dog","level":110,"killCount":-1,"type":"NPC","drops":[{"name":"Big bones","id":532,"quantity":1,"price":168},{"name":"Mithril spear","id":1243,"quantity":1,"price":258}],"date":"Sep 2, 2023, 6:51:54 PM"}
{"name":"Terror dog","level":110,"killCount":-1,"type":"NPC","drops":[{"name":"Big bones","id":532,"quantity":1,"price":168},{"name":"Coins","id":995,"quantity":44,"price":1}],"date":"Sep 2, 2023, 6:52:11 PM"}
{"name":"Terror dog","level":110,"killCount":-1,"type":"NPC","drops":[{"name":"Big bones","id":532,"quantity":1,"price":168}],"date":"Sep 2, 2023, 6:52:25 PM"}
{"name":"Terror dog","level":110,"killCount":-1,"type":"NPC","drops":[{"name":"Big bones","id":532,"quantity":1,"price":168},{"name":"Coins","id":995,"quantity":44,"price":1}],"date":"Sep 2, 2023, 6:52:37 PM"}
{"name":"Terror dog","level":100,"killCount":-1,"type":"NPC","drops":[{"name":"Bones","id":526,"quantity":1,"price":66},{"name":"Coins","id":995,"quantity":44,"price":1}],"date":"Sep 2, 2023, 6:52:44 PM"}
{"name":"Terror dog","level":110,"killCount":-1,"type":"NPC","drops":[{"name":"Big bones","id":532,"quantity":1,"price":168},{"name":"Coins","id":995,"quantity":11,"price":1}],"date":"Sep 2, 2023, 6:53:02 PM"}
{"name":"Terror dog","level":110,"killCount":-1,"type":"NPC","drops":[{"name":"Big bones","id":532,"quantity":1,"price":168},{"name":"Rune dagger","id":1213,"quantity":1,"price":4371}],"date":"Sep 2, 2023, 6:53:14 PM"}
{"name":"Terror dog","level":110,"killCount":-1,"type":"NPC","drops":[{"name":"Big bones","id":532,"quantity":1,"price":168},{"name":"Coins","id":995,"quantity":44,"price":1}],"date":"Sep 2, 2023, 6:53:26 PM"}
{"name":"Terror dog","level":110,"killCount":-1,"type":"NPC","drops":[{"name":"Big bones","id":532,"quantity":1,"price":168},{"name":"Coins","id":995,"quantity":44,"price":1}],"date":"Sep 2, 2023, 6:53:41 PM"}
{"name":"Terror dog","level":110,"killCount":-1,"type":"NPC","drops":[{"name":"Big bones","id":532,"quantity":1,"price":168},{"name":"Nature rune","id":561,"quantity":15,"price":85}],"date":"Sep 2, 2023, 6:54:07 PM"}
{"name":"Terror dog","level":110,"killCount":-1,"type":"NPC","drops":[{"name":"Big bones","id":532,"quantity":1,"price":168},{"name":"Coins","id":995,"quantity":132,"price":1}],"date":"Sep 2, 2023, 6:54:25 PM"}
{"name":"Terror dog","level":110,"killCount":-1,"type":"NPC","drops":[{"name":"Big bones","id":532,"quantity":1,"price":168},{"name":"Water rune","id":555,"quantity":75,"price":4}],"date":"Sep 2, 2023, 6:54:40 PM"}
{"name":"Terror dog","level":110,"killCount":-1,"type":"NPC","drops":[{"name":"Big bones","id":532,"quantity":1,"price":168},{"name":"Adamantite ore","id":449,"quantity":1,"price":718}],"date":"Sep 2, 2023, 6:54:49 PM"}
{"name":"Terror dog","level":100,"killCount":-1,"type":"NPC","drops":[{"name":"Bones","id":526,"quantity":1,"price":66},{"name":"Coins","id":995,"quantity":44,"price":1}],"date":"Sep 2, 2023, 6:55:10 PM"}
{"name":"Terror dog","level":100,"killCount":-1,"type":"NPC","drops":[{"name":"Bones","id":526,"quantity":1,"price":66},{"name":"Coins","id":995,"quantity":44,"price":1}],"date":"Sep 2, 2023, 6:55:19 PM"}
{"name":"Terror dog","level":110,"killCount":-1,"type":"NPC","drops":[{"name":"Big bones","id":532,"quantity":1,"price":168},{"name":"Grimy guam leaf","id":199,"quantity":1,"price":65}],"date":"Sep 2, 2023, 6:55:31 PM"}
{"name":"Terror dog","level":100,"killCount":-1,"type":"NPC","drops":[{"name":"Bones","id":526,"quantity":1,"price":66},{"name":"Coins","id":995,"quantity":44,"price":1}],"date":"Sep 2, 2023, 6:55:52 PM"}
{"name":"Terror dog","level":110,"killCount":-1,"type":"NPC","drops":[{"name":"Big bones","id":532,"quantity":1,"price":168},{"name":"Adamantite ore","id":449,"quantity":1,"price":718}],"date":"Sep 2, 2023, 6:56:10 PM"}
{"name":"Terror dog","level":110,"killCount":-1,"type":"NPC","drops":[{"name":"Big bones","id":532,"quantity":1,"price":168},{"name":"Coins","id":995,"quantity":44,"price":1}],"date":"Sep 2, 2023, 6:56:25 PM"}
{"name":"Terror dog","level":110,"killCount":-1,"type":"NPC","drops":[{"name":"Big bones","id":532,"quantity":1,"price":168},{"name":"Water rune","id":555,"quantity":75,"price":4}],"date":"Sep 2, 2023, 6:56:40 PM"}
{"name":"Terror dog","level":100,"killCount":-1,"type":"NPC","drops":[{"name":"Bones","id":526,"quantity":1,"price":66},{"name":"Coins","id":995,"quantity":132,"price":1}],"date":"Sep 2, 2023, 6:56:55 PM"}
{"name":"Terror dog","level":110,"killCount":-1,"type":"NPC","drops":[{"name":"Big bones","id":532,"quantity":1,"price":168},{"name":"Grimy ranarr weed","id":207,"quantity":1,"price":7242}],"date":"Sep 2, 2023, 6:57:14 PM"}
{"name":"Terror dog","level":110,"killCount":-1,"type":"NPC","drops":[{"name":"Big bones","id":532,"quantity":1,"price":168},{"name":"Steel platelegs","id":1069,"quantity":1,"price":359}],"date":"Sep 2, 2023, 6:57:25 PM"}
{"name":"Terror dog","level":100,"killCount":-1,"type":"NPC","drops":[{"name":"Bones","id":526,"quantity":1,"price":66}],"date":"Sep 2, 2023, 6:57:46 PM"}
{"name":"Terror dog","level":110,"killCount":-1,"type":"NPC","drops":[{"name":"Big bones","id":532,"quantity":1,"price":168},{"name":"Nature rune","id":561,"quantity":15,"price":85}],"date":"Sep 2, 2023, 6:58:00 PM"}
{"name":"Terror dog","level":110,"killCount":-1,"type":"NPC","drops":[{"name":"Big bones","id":532,"quantity":1,"price":168},{"name":"Uncut emerald","id":1621,"quantity":1,"price":459}],"date":"Sep 2, 2023, 6:58:10 PM"}
{"name":"Terror dog","level":100,"killCount":-1,"type":"NPC","drops":[{"name":"Bones","id":526,"quantity":1,"price":66},{"name":"Coins","id":995,"quantity":44,"price":1}],"date":"Sep 2, 2023, 6:58:17 PM"}
{"name":"Terror dog","level":110,"killCount":-1,"type":"NPC","drops":[{"name":"Big bones","id":532,"quantity":1,"price":168},{"name":"Water rune","id":555,"quantity":75,"price":4}],"date":"Sep 2, 2023, 6:58:29 PM"}
{"name":"Terror dog","level":110,"killCount":-1,"type":"NPC","drops":[{"name":"Big bones","id":532,"quantity":1,"price":168},{"name":"Coins","id":995,"quantity":132,"price":1}],"date":"Sep 2, 2023, 6:58:45 PM"}
{"name":"Terror dog","level":110,"killCount":-1,"type":"NPC","drops":[{"name":"Big bones","id":532,"quantity":1,"price":168},{"name":"Coins","id":995,"quantity":44,"price":1}],"date":"Sep 2, 2023, 6:58:56 PM"}
{"name":"Terror dog","level":110,"killCount":-1,"type":"NPC","drops":[{"name":"Big bones","id":532,"quantity":1,"price":168},{"name":"Water rune","id":555,"quantity":75,"price":4}],"date":"Sep 2, 2023, 6:59:13 PM"}
{"name":"Terror dog","level":110,"killCount":-1,"type":"NPC","drops":[{"name":"Big bones","id":532,"quantity":1,"price":168},{"name":"Water rune","id":555,"quantity":75,"price":4}],"date":"Sep 2, 2023, 6:59:30 PM"}
{"name":"Terror dog","level":110,"killCount":-1,"type":"NPC","drops":[{"name":"Big bones","id":532,"quantity":1,"price":168},{"name":"Coins","id":995,"quantity":200,"price":1}],"date":"Sep 2, 2023, 6:59:44 PM"}
{"name":"Terror dog","level":110,"killCount":-1,"type":"NPC","drops":[{"name":"Big bones","id":532,"quantity":1,"price":168},{"name":"Law rune","id":563,"quantity":3,"price":117}],"date":"Sep 2, 2023, 6:59:56 PM"}
{"name":"Terror dog","level":100,"killCount":-1,"type":"NPC","drops":[{"name":"Bones","id":526,"quantity":1,"price":66},{"name":"Nature rune","id":561,"quantity":15,"price":85}],"date":"Sep 2, 2023, 7:00:10 PM"}
{"name":"Terror dog","level":110,"killCount":-1,"type":"NPC","drops":[{"name":"Big bones","id":532,"quantity":1,"price":168},{"name":"Coins","id":995,"quantity":132,"price":1}],"date":"Sep 2, 2023, 7:00:18 PM"}
{"name":"Terror dog","level":110,"killCount":-1,"type":"NPC","drops":[{"name":"Big bones","id":532,"quantity":1,"price":168},{"name":"Coins","id":995,"quantity":132,"price":1}],"date":"Sep 2, 2023, 7:00:32 PM"}
{"name":"Terror dog","level":110,"killCount":-1,"type":"NPC","drops":[{"name":"Big bones","id":532,"quantity":1,"price":168},{"name":"Nature rune","id":561,"quantity":15,"price":85}],"date":"Sep 2, 2023, 7:00:42 PM"}
{"name":"Terror dog","level":110,"killCount":-1,"type":"NPC","drops":[{"name":"Big bones","id":532,"quantity":1,"price":168},{"name":"Grimy dwarf weed","id":217,"quantity":1,"price":1527}],"date":"Sep 2, 2023, 7:01:00 PM"}
{"name":"Terror dog","level":100,"killCount":-1,"type":"NPC","drops":[{"name":"Bones","id":526,"quantity":1,"price":66},{"name":"Nature rune","id":561,"quantity":15,"price":85}],"date":"Sep 2, 2023, 7:01:12 PM"}
{"name":"Terror dog","level":110,"killCount":-1,"type":"NPC","drops":[{"name":"Big bones","id":532,"quantity":1,"price":168},{"name":"Coins","id":995,"quantity":132,"price":1}],"date":"Sep 2, 2023, 7:01:23 PM"}
{"name":"Terror dog","level":110,"killCount":-1,"type":"NPC","drops":[{"name":"Big bones","id":532,"quantity":1,"price":168},{"name":"Fire rune","id":554,"quantity":37,"price":4}],"date":"Sep 2, 2023, 7:01:36 PM"}
{"name":"Terror dog","level":110,"killCount":-1,"type":"NPC","drops":[{"name":"Big bones","id":532,"quantity":1,"price":168},{"name":"Coins","id":995,"quantity":44,"price":1}],"date":"Sep 2, 2023, 7:01:47 PM"}
{"name":"Terror dog","level":110,"killCount":-1,"type":"NPC","drops":[{"name":"Big bones","id":532,"quantity":1,"price":168},{"name":"Coins","id":995,"quantity":44,"price":1}],"date":"Sep 2, 2023, 7:02:07 PM"}
{"name":"Terror dog","level":110,"killCount":-1,"type":"NPC","drops":[{"name":"Big bones","id":532,"quantity":1,"price":168},{"name":"Coins","id":995,"quantity":44,"price":1}],"date":"Sep 2, 2023, 7:02:24 PM"}
{"name":"Terror dog","level":110,"killCount":-1,"type":"NPC","drops":[{"name":"Big bones","id":532,"quantity":1,"price":168},{"name":"Coins","id":995,"quantity":44,"price":1}],"date":"Sep 2, 2023, 7:02:39 PM"}
{"name":"Terror dog","level":100,"killCount":-1,"type":"NPC","drops":[{"name":"Bones","id":526,"quantity":1,"price":66},{"name":"Grimy guam leaf","id":199,"quantity":1,"price":65}],"date":"Sep 2, 2023, 7:02:49 PM"}
{"name":"Terror dog","level":110,"killCount":-1,"type":"NPC","drops":[{"name":"Big bones","id":532,"quantity":1,"price":168},{"name":"Coins","id":995,"quantity":44,"price":1}],"date":"Sep 2, 2023, 7:03:03 PM"}
{"name":"Terror dog","level":110,"killCount":-1,"type":"NPC","drops":[{"name":"Big bones","id":532,"quantity":1,"price":168},{"name":"Water rune","id":555,"quantity":75,"price":4}],"date":"Sep 2, 2023, 7:03:15 PM"}
{"name":"Terror dog","level":110,"killCount":-1,"type":"NPC","drops":[{"name":"Big bones","id":532,"quantity":1,"price":168},{"name":"Coins","id":995,"quantity":44,"price":1}],"date":"Sep 2, 2023, 7:03:31 PM"}
{"name":"Terror dog","level":110,"killCount":-1,"type":"NPC","drops":[{"name":"Big bones","id":532,"quantity":1,"price":168},{"name":"Water rune","id":555,"quantity":75,"price":4}],"date":"Sep 2, 2023, 7:03:49 PM"}
{"name":"Terror dog","level":110,"killCount":-1,"type":"NPC","drops":[{"name":"Big bones","id":532,"quantity":1,"price":168},{"name":"Coins","id":995,"quantity":132,"price":1}],"date":"Sep 2, 2023, 7:04:09 PM"}
{"name":"Terror dog","level":110,"killCount":-1,"type":"NPC","drops":[{"name":"Big bones","id":532,"quantity":1,"price":168},{"name":"Coins","id":995,"quantity":132,"price":1}],"date":"Sep 2, 2023, 7:04:26 PM"}
{"name":"Terror dog","level":100,"killCount":-1,"type":"NPC","drops":[{"name":"Bones","id":526,"quantity":1,"price":66},{"name":"Grimy harralander","id":205,"quantity":1,"price":494}],"date":"Sep 2, 2023, 7:04:39 PM"}
{"name":"Terror dog","level":110,"killCount":-1,"type":"NPC","drops":[{"name":"Big bones","id":532,"quantity":1,"price":168},{"name":"Grimy guam leaf","id":199,"quantity":1,"price":65}],"date":"Sep 2, 2023, 7:04:49 PM"}
{"name":"Terror dog","level":110,"killCount":-1,"type":"NPC","drops":[{"name":"Big bones","id":532,"quantity":1,"price":168},{"name":"Steel platelegs","id":1069,"quantity":1,"price":359}],"date":"Sep 2, 2023, 7:04:59 PM"}
{"name":"Terror dog","level":110,"killCount":-1,"type":"NPC","drops":[{"name":"Big bones","id":532,"quantity":1,"price":168},{"name":"Steel battleaxe","id":1365,"quantity":1,"price":196}],"date":"Sep 2, 2023, 7:05:21 PM"}
{"name":"Terror dog","level":100,"killCount":-1,"type":"NPC","drops":[{"name":"Bones","id":526,"quantity":1,"price":66},{"name":"Coins","id":995,"quantity":200,"price":1}],"date":"Sep 2, 2023, 7:06:20 PM"}
{"name":"Terror dog","level":110,"killCount":-1,"type":"NPC","drops":[{"name":"Big bones","id":532,"quantity":1,"price":168},{"name":"Mithril spear","id":1243,"quantity":1,"price":258}],"date":"Sep 2, 2023, 7:06:31 PM"}
{"name":"Terror dog","level":110,"killCount":-1,"type":"NPC","drops":[{"name":"Big bones","id":532,"quantity":1,"price":168},{"name":"Coins","id":995,"quantity":44,"price":1}],"date":"Sep 2, 2023, 7:06:48 PM"}
{"name":"Terror dog","level":100,"killCount":-1,"type":"NPC","drops":[{"name":"Bones","id":526,"quantity":1,"price":66},{"name":"Granite helm","id":10589,"quantity":1,"price":29805}],"date":"Sep 2, 2023, 7:07:00 PM"}
