{"name":"The Leviathan","level":798,"killCount":-1,"type":"NPC","drops":[{"name":"Sea turtle","id":397,"quantity":1,"price":540},{"name":"Sea turtle","id":397,"quantity":1,"price":540},{"name":"Sea turtle","id":397,"quantity":1,"price":540},{"name":"Prayer potion(3)","id":139,"quantity":1,"price":6024},{"name":"Ranging potion(2)","id":171,"quantity":1,"price":1562}],"date":"Nov 26, 2023, 10:46:51 PM"}
{"name":"The Leviathan","level":798,"killCount":-1,"type":"NPC","drops":[{"name":"Dragon javelin heads","id":19582,"quantity":54,"price":989}],"date":"Nov 26, 2023, 10:47:49 PM"}
{"name":"The Leviathan","level":798,"killCount":-1,"type":"NPC","drops":[{"name":"Rune arrow","id":892,"quantity":54,"price":147}],"date":"Nov 26, 2023, 10:52:16 PM"}
{"name":"The Leviathan","level":798,"killCount":-1,"type":"NPC","drops":[{"name":"Silver ore","id":443,"quantity":57,"price":52}],"date":"Nov 26, 2023, 10:53:25 PM"}
{"name":"The Leviathan","level":798,"killCount":-1,"type":"NPC","drops":[{"name":"Chromium ingot","id":28276,"quantity":1,"price":125023},{"name":"Scroll box (medium)","id":24363,"quantity":1,"price":0}],"date":"Nov 26, 2023, 10:54:16 PM"}
{"name":"The Leviathan","level":798,"killCount":-1,"type":"NPC","drops":[{"name":"Rune arrow","id":892,"quantity":54,"price":147}],"date":"Nov 26, 2023, 10:55:15 PM"}
{"name":"The Leviathan","level":798,"killCount":-1,"type":"NPC","drops":[{"name":"Gold ore","id":445,"quantity":101,"price":185}],"date":"Nov 26, 2023, 10:56:04 PM"}
{"name":"The Leviathan","level":798,"killCount":-1,"type":"NPC","drops":[{"name":"Coal","id":454,"quantity":195,"price":199}],"date":"Nov 26, 2023, 10:56:58 PM"}
{"name":"The Leviathan","level":798,"killCount":-1,"type":"NPC","drops":[{"name":"Scarred tablet","id":28332,"quantity":1,"price":0}],"date":"Nov 26, 2023, 10:57:57 PM"}
{"name":"The Leviathan","level":798,"killCount":-1,"type":"NPC","drops":[{"name":"Uncut ruby","id":1620,"quantity":56,"price":1034}],"date":"Nov 26, 2023, 11:01:45 PM"}
{"name":"The Leviathan","level":798,"killCount":-1,"type":"NPC","drops":[{"name":"Coal","id":454,"quantity":195,"price":199}],"date":"Nov 26, 2023, 11:02:46 PM"}
{"name":"The Leviathan","level":798,"killCount":-1,"type":"NPC","drops":[{"name":"Rune arrow","id":892,"quantity":81,"price":147}],"date":"Nov 26, 2023, 11:05:52 PM"}
{"name":"The Leviathan","level":798,"killCount":-1,"type":"NPC","drops":[{"name":"Sea turtle","id":397,"quantity":1,"price":540},{"name":"Sea turtle","id":397,"quantity":1,"price":540},{"name":"Sea turtle","id":397,"quantity":1,"price":540},{"name":"Prayer potion(3)","id":139,"quantity":1,"price":6024},{"name":"Ranging potion(2)","id":171,"quantity":1,"price":1562}],"date":"Nov 26, 2023, 11:06:53 PM"}
{"name":"The Leviathan","level":798,"killCount":-1,"type":"NPC","drops":[{"name":"Smoke rune","id":4697,"quantity":300,"price":27}],"date":"Nov 26, 2023, 11:08:00 PM"}
{"name":"The Leviathan","level":798,"killCount":-1,"type":"NPC","drops":[{"name":"Sea turtle","id":397,"quantity":1,"price":540},{"name":"Sea turtle","id":397,"quantity":1,"price":540},{"name":"Sea turtle","id":397,"quantity":1,"price":540},{"name":"Prayer potion(3)","id":139,"quantity":1,"price":6024},{"name":"Ranging potion(2)","id":171,"quantity":1,"price":1562}],"date":"Nov 26, 2023, 11:09:07 PM"}
{"name":"The Leviathan","level":798,"killCount":-1,"type":"NPC","drops":[{"name":"Adamantite ore","id":450,"quantity":85,"price":991}],"date":"Nov 26, 2023, 11:10:00 PM"}
{"name":"The Leviathan","level":798,"killCount":-1,"type":"NPC","drops":[{"name":"Uncut diamond","id":1618,"quantity":56,"price":2252}],"date":"Nov 26, 2023, 11:10:53 PM"}
{"name":"The Leviathan","level":798,"killCount":-1,"type":"NPC","drops":[{"name":"Rune arrow","id":892,"quantity":54,"price":147}],"date":"Nov 26, 2023, 11:11:48 PM"}
{"name":"The Leviathan","level":798,"killCount":-1,"type":"NPC","drops":[{"name":"Rune arrow","id":892,"quantity":81,"price":147}],"date":"Nov 26, 2023, 11:14:53 PM"}
{"name":"The Leviathan","level":798,"killCount":-1,"type":"NPC","drops":[{"name":"Sea turtle","id":397,"quantity":1,"price":540},{"name":"Sea turtle","id":397,"quantity":1,"price":540},{"name":"Sea turtle","id":397,"quantity":1,"price":540},{"name":"Sea turtle","id":397,"quantity":1,"price":540},{"name":"Prayer potion(3)","id":139,"quantity":1,"price":6024},{"name":"Ranging potion(2)","id":171,"quantity":1,"price":1562}],"date":"Nov 26, 2023, 11:15:51 PM"}
{"name":"The Leviathan","level":798,"killCount":-1,"type":"NPC","drops":[{"name":"Anglerfish","id":13441,"quantity":1,"price":1283},{"name":"Anglerfish","id":13441,"quantity":1,"price":1283},{"name":"Anglerfish","id":13441,"quantity":1,"price":1283},{"name":"Anglerfish","id":13441,"quantity":1,"price":1283}],"date":"Nov 26, 2023, 11:16:54 PM"}
{"name":"The Leviathan","level":798,"killCount":-1,"type":"NPC","drops":[{"name":"Uncut diamond","id":1618,"quantity":37,"price":2252}],"date":"Nov 26, 2023, 11:20:18 PM"}
{"name":"The Leviathan","level":798,"killCount":-1,"type":"NPC","drops":[{"name":"Iron ore","id":441,"quantity":85,"price":112}],"date":"Nov 26, 2023, 11:21:22 PM"}
{"name":"The Leviathan","level":798,"killCount":-1,"type":"NPC","drops":[{"name":"Uncut diamond","id":1618,"quantity":56,"price":2252}],"date":"Nov 26, 2023, 11:22:15 PM"}
{"name":"The Leviathan","level":798,"killCount":-1,"type":"NPC","drops":[{"name":"Gold ore","id":445,"quantity":67,"price":185}],"date":"Nov 26, 2023, 11:23:15 PM"}
{"name":"The Leviathan","level":798,"killCount":-1,"type":"NPC","drops":[{"name":"Anglerfish","id":13441,"quantity":1,"price":1283},{"name":"Anglerfish","id":13441,"quantity":1,"price":1283},{"name":"Anglerfish","id":13441,"quantity":1,"price":1283},{"name":"Anglerfish","id":13441,"quantity":1,"price":1283},{"name":"Anglerfish","id":13441,"quantity":1,"price":1283},{"name":"Anglerfish","id":13441,"quantity":1,"price":1283}],"date":"Nov 26, 2023, 11:24:12 PM"}
{"name":"The Leviathan","level":798,"killCount":-1,"type":"NPC","drops":[{"name":"Coal","id":454,"quantity":292,"price":199}],"date":"Nov 26, 2023, 11:25:11 PM"}
{"name":"The Leviathan","level":798,"killCount":-1,"type":"NPC","drops":[{"name":"Coal","id":454,"quantity":292,"price":199}],"date":"Nov 26, 2023, 11:26:05 PM"}
{"name":"The Leviathan","level":798,"killCount":-1,"type":"NPC","drops":[{"name":"Sea turtle","id":397,"quantity":1,"price":540},{"name":"Sea turtle","id":397,"quantity":1,"price":540},{"name":"Sea turtle","id":397,"quantity":1,"price":540},{"name":"Sea turtle","id":397,"quantity":1,"price":540},{"name":"Prayer potion(3)","id":139,"quantity":1,"price":6024},{"name":"Ranging potion(2)","id":171,"quantity":1,"price":1562}],"date":"Nov 26, 2023, 11:26:56 PM"}
{"name":"The Leviathan","level":798,"killCount":-1,"type":"NPC","drops":[{"name":"Ruby","id":1604,"quantity":38,"price":912}],"date":"Nov 26, 2023, 11:27:55 PM"}
{"name":"The Leviathan","level":798,"killCount":-1,"type":"NPC","drops":[{"name":"Dragon javelin heads","id":19582,"quantity":81,"price":989}],"date":"Nov 26, 2023, 11:28:55 PM"}
{"name":"The Leviathan","level":798,"killCount":-1,"type":"NPC","drops":[{"name":"Coal","id":454,"quantity":195,"price":199}],"date":"Nov 26, 2023, 11:29:52 PM"}
{"name":"The Leviathan","level":798,"killCount":-1,"type":"NPC","drops":[{"name":"Awakener\u0027s orb","id":28334,"quantity":1,"price":1438957}],"date":"Nov 26, 2023, 11:30:44 PM"}
{"name":"The Leviathan","level":798,"killCount":-1,"type":"NPC","drops":[{"name":"Uncut ruby","id":1620,"quantity":56,"price":1034}],"date":"Nov 26, 2023, 11:31:44 PM"}
{"name":"The Leviathan","level":798,"killCount":-1,"type":"NPC","drops":[{"name":"Adamantite ore","id":450,"quantity":85,"price":991}],"date":"Nov 26, 2023, 11:32:38 PM"}
{"name":"The Leviathan","level":798,"killCount":-1,"type":"NPC","drops":[{"name":"Smoke rune","id":4697,"quantity":300,"price":27}],"date":"Nov 26, 2023, 11:33:45 PM"}
{"name":"The Leviathan","level":798,"killCount":-1,"type":"NPC","drops":[{"name":"Soul rune","id":566,"quantity":900,"price":205}],"date":"Nov 26, 2023, 11:34:35 PM"}
{"name":"The Leviathan","level":798,"killCount":-1,"type":"NPC","drops":[{"name":"Anglerfish","id":13441,"quantity":1,"price":1283},{"name":"Anglerfish","id":13441,"quantity":1,"price":1283},{"name":"Anglerfish","id":13441,"quantity":1,"price":1283},{"name":"Anglerfish","id":13441,"quantity":1,"price":1283},{"name":"Anglerfish","id":13441,"quantity":1,"price":1283},{"name":"Anglerfish","id":13441,"quantity":1,"price":1283}],"date":"Nov 26, 2023, 11:35:33 PM"}
{"name":"The Leviathan","level":798,"killCount":-1,"type":"NPC","drops":[{"name":"Anglerfish","id":13441,"quantity":1,"price":1283},{"name":"Anglerfish","id":13441,"quantity":1,"price":1283},{"name":"Anglerfish","id":13441,"quantity":1,"price":1283},{"name":"Anglerfish","id":13441,"quantity":1,"price":1283},{"name":"Anglerfish","id":13441,"quantity":1,"price":1283},{"name":"Anglerfish","id":13441,"quantity":1,"price":1283}],"date":"Nov 26, 2023, 11:36:31 PM"}
{"name":"The Leviathan","level":798,"killCount":-1,"type":"NPC","drops":[{"name":"Sea turtle","id":397,"quantity":1,"price":540},{"name":"Sea turtle","id":397,"quantity":1,"price":540},{"name":"Sea turtle","id":397,"quantity":1,"price":540},{"name":"Prayer potion(3)","id":139,"quantity":1,"price":6024},{"name":"Ranging potion(2)","id":171,"quantity":1,"price":1562}],"date":"Nov 26, 2023, 11:37:31 PM"}
{"name":"The Leviathan","level":798,"killCount":-1,"type":"NPC","drops":[{"name":"Rune arrow","id":892,"quantity":81,"price":147}],"date":"Nov 26, 2023, 11:38:35 PM"}
{"name":"The Leviathan","level":798,"killCount":-1,"type":"NPC","drops":[{"name":"Anglerfish","id":13441,"quantity":1,"price":1283},{"name":"Anglerfish","id":13441,"quantity":1,"price":1283},{"name":"Anglerfish","id":13441,"quantity":1,"price":1283},{"name":"Anglerfish","id":13441,"quantity":1,"price":1283}],"date":"Nov 26, 2023, 11:39:36 PM"}
{"name":"The Leviathan","level":798,"killCount":-1,"type":"NPC","drops":[{"name":"Anglerfish","id":13441,"quantity":1,"price":1283},{"name":"Anglerfish","id":13441,"quantity":1,"price":1283},{"name":"Anglerfish","id":13441,"quantity":1,"price":1283},{"name":"Anglerfish","id":13441,"quantity":1,"price":1283},{"name":"Anglerfish","id":13441,"quantity":1,"price":1283},{"name":"Anglerfish","id":13441,"quantity":1,"price":1283}],"date":"Nov 26, 2023, 11:40:44 PM"}
{"name":"The Leviathan","level":798,"killCount":-1,"type":"NPC","drops":[{"name":"Sapphire","id":1608,"quantity":25,"price":281}],"date":"Nov 26, 2023, 11:41:48 PM"}
{"name":"The Leviathan","level":798,"killCount":-1,"type":"NPC","drops":[{"name":"Coal","id":454,"quantity":195,"price":199}],"date":"Nov 26, 2023, 11:42:48 PM"}
{"name":"The Leviathan","level":798,"killCount":-1,"type":"NPC","drops":[{"name":"Coal","id":454,"quantity":292,"price":199}],"date":"Nov 26, 2023, 11:43:53 PM"}
{"name":"The Leviathan","level":798,"killCount":-1,"type":"NPC","drops":[{"name":"Coal","id":454,"quantity":292,"price":199}],"date":"Nov 26, 2023, 11:44:51 PM"}
{"name":"The Leviathan","level":798,"killCount":-1,"type":"NPC","drops":[{"name":"Anglerfish","id":13441,"quantity":1,"price":1283},{"name":"Anglerfish","id":13441,"quantity":1,"price":1283},{"name":"Anglerfish","id":13441,"quantity":1,"price":1283},{"name":"Anglerfish","id":13441,"quantity":1,"price":1283},{"name":"Anglerfish","id":13441,"quantity":1,"price":1283},{"name":"Anglerfish","id":13441,"quantity":1,"price":1283}],"date":"Nov 26, 2023, 11:45:44 PM"}
{"name":"The Leviathan","level":798,"killCount":-1,"type":"NPC","drops":[{"name":"Sea turtle","id":397,"quantity":1,"price":540},{"name":"Sea turtle","id":397,"quantity":1,"price":540},{"name":"Sea turtle","id":397,"quantity":1,"price":540},{"name":"Sea turtle","id":397,"quantity":1,"price":540},{"name":"Prayer potion(3)","id":139,"quantity":1,"price":6024},{"name":"Ranging potion(2)","id":171,"quantity":1,"price":1562}],"date":"Nov 26, 2023, 11:46:39 PM"}
{"name":"The Leviathan","level":798,"killCount":-1,"type":"NPC","drops":[{"name":"Gold ore","id":445,"quantity":101,"price":185},{"name":"Scroll box (medium)","id":24363,"quantity":1,"price":0}],"date":"Nov 26, 2023, 11:47:39 PM"}
{"name":"The Leviathan","level":798,"killCount":-1,"type":"NPC","drops":[{"name":"Body rune","id":559,"quantity":270,"price":4}],"date":"Nov 26, 2023, 11:48:34 PM"}
{"name":"The Leviathan","level":798,"killCount":-1,"type":"NPC","drops":[{"name":"Chromium ingot","id":28276,"quantity":1,"price":125023}],"date":"Nov 26, 2023, 11:49:32 PM"}
{"name":"The Leviathan","level":798,"killCount":-1,"type":"NPC","drops":[{"name":"Smoke rune","id":4697,"quantity":450,"price":27}],"date":"Nov 26, 2023, 11:50:23 PM"}
{"name":"The Leviathan","level":798,"killCount":-1,"type":"NPC","drops":[{"name":"Chromium ingot","id":28276,"quantity":1,"price":125023}],"date":"Nov 26, 2023, 11:51:25 PM"}
{"name":"The Leviathan","level":798,"killCount":-1,"type":"NPC","drops":[{"name":"Smoke rune","id":4697,"quantity":450,"price":27}],"date":"Nov 26, 2023, 11:52:18 PM"}
{"name":"The Leviathan","level":798,"killCount":-1,"type":"NPC","drops":[{"name":"Coal","id":454,"quantity":292,"price":199}],"date":"Nov 26, 2023, 11:53:13 PM"}
{"name":"The Leviathan","level":798,"killCount":-1,"type":"NPC","drops":[{"name":"Gold ore","id":445,"quantity":101,"price":185}],"date":"Nov 26, 2023, 11:54:11 PM"}
{"name":"The Leviathan","level":798,"killCount":-1,"type":"NPC","drops":[{"name":"Uncut ruby","id":1620,"quantity":56,"price":1034}],"date":"Nov 26, 2023, 11:55:03 PM"}
{"name":"The Leviathan","level":798,"killCount":-1,"type":"NPC","drops":[{"name":"Sea turtle","id":397,"quantity":1,"price":540},{"name":"Sea turtle","id":397,"quantity":1,"price":540},{"name":"Sea turtle","id":397,"quantity":1,"price":540},{"name":"Sea turtle","id":397,"quantity":1,"price":540},{"name":"Prayer potion(3)","id":139,"quantity":1,"price":6024},{"name":"Ranging potion(2)","id":171,"quantity":1,"price":1562}],"date":"Nov 26, 2023, 11:55:58 PM"}
{"name":"The Leviathan","level":798,"killCount":-1,"type":"NPC","drops":[{"name":"Sapphire","id":1608,"quantity":25,"price":281}],"date":"Nov 26, 2023, 11:56:54 PM"}
{"name":"The Leviathan","level":798,"killCount":-1,"type":"NPC","drops":[{"name":"Sea turtle","id":397,"quantity":1,"price":540},{"name":"Sea turtle","id":397,"quantity":1,"price":540},{"name":"Sea turtle","id":397,"quantity":1,"price":540},{"name":"Sea turtle","id":397,"quantity":1,"price":540},{"name":"Prayer potion(3)","id":139,"quantity":1,"price":6024},{"name":"Ranging potion(2)","id":171,"quantity":1,"price":1562}],"date":"Nov 26, 2023, 11:57:42 PM"}
{"name":"The Leviathan","level":798,"killCount":-1,"type":"NPC","drops":[{"name":"Gold ore","id":445,"quantity":101,"price":185}],"date":"Nov 26, 2023, 11:58:43 PM"}
{"name":"The Leviathan","level":798,"killCount":-1,"type":"NPC","drops":[{"name":"Sea turtle","id":397,"quantity":1,"price":540},{"name":"Sea turtle","id":397,"quantity":1,"price":540},{"name":"Sea turtle","id":397,"quantity":1,"price":540},{"name":"Prayer potion(3)","id":139,"quantity":1,"price":6024},{"name":"Ranging potion(2)","id":171,"quantity":1,"price":1562},{"name":"Scroll box (elite)","id":24365,"quantity":1,"price":0}],"date":"Nov 26, 2023, 11:59:36 PM"}
{"name":"The Leviathan","level":798,"killCount":-1,"type":"NPC","drops":[{"name":"Silver ore","id":443,"quantity":85,"price":52}],"date":"Nov 27, 2023, 12:03:02 AM"}
{"name":"The Leviathan","level":798,"killCount":-1,"type":"NPC","drops":[{"name":"Dragon javelin heads","id":19582,"quantity":54,"price":989}],"date":"Nov 27, 2023, 12:04:08 AM"}
{"name":"The Leviathan","level":798,"killCount":-1,"type":"NPC","drops":[{"name":"Sea turtle","id":397,"quantity":1,"price":540},{"name":"Sea turtle","id":397,"quantity":1,"price":540},{"name":"Sea turtle","id":397,"quantity":1,"price":540},{"name":"Prayer potion(3)","id":139,"quantity":1,"price":6024},{"name":"Ranging potion(2)","id":171,"quantity":1,"price":1562}],"date":"Nov 27, 2023, 12:05:07 AM"}
{"name":"The Leviathan","level":798,"killCount":-1,"type":"NPC","drops":[{"name":"Dragon bolts (unf)","id":21930,"quantity":225,"price":1066}],"date":"Nov 27, 2023, 12:05:59 AM"}
{"name":"The Leviathan","level":798,"killCount":-1,"type":"NPC","drops":[{"name":"Anglerfish","id":13441,"quantity":1,"price":1283},{"name":"Anglerfish","id":13441,"quantity":1,"price":1283},{"name":"Anglerfish","id":13441,"quantity":1,"price":1283},{"name":"Anglerfish","id":13441,"quantity":1,"price":1283},{"name":"Anglerfish","id":13441,"quantity":1,"price":1283},{"name":"Anglerfish","id":13441,"quantity":1,"price":1283}],"date":"Nov 27, 2023, 12:06:55 AM"}
{"name":"The Leviathan","level":798,"killCount":-1,"type":"NPC","drops":[{"name":"Uncut diamond","id":1618,"quantity":56,"price":2252}],"date":"Nov 27, 2023, 12:07:50 AM"}
{"name":"The Leviathan","level":798,"killCount":-1,"type":"NPC","drops":[{"name":"Adamant arrow","id":890,"quantity":63,"price":14}],"date":"Nov 27, 2023, 12:08:42 AM"}
{"name":"The Leviathan","level":798,"killCount":-1,"type":"NPC","drops":[{"name":"Sea turtle","id":397,"quantity":1,"price":540},{"name":"Sea turtle","id":397,"quantity":1,"price":540},{"name":"Sea turtle","id":397,"quantity":1,"price":540},{"name":"Sea turtle","id":397,"quantity":1,"price":540},{"name":"Prayer potion(3)","id":139,"quantity":1,"price":6024},{"name":"Ranging potion(2)","id":171,"quantity":1,"price":1562}],"date":"Nov 27, 2023, 12:09:35 AM"}
{"name":"The Leviathan","level":798,"killCount":-1,"type":"NPC","drops":[{"name":"Anglerfish","id":13441,"quantity":1,"price":1283},{"name":"Anglerfish","id":13441,"quantity":1,"price":1283},{"name":"Anglerfish","id":13441,"quantity":1,"price":1283},{"name":"Anglerfish","id":13441,"quantity":1,"price":1283},{"name":"Anglerfish","id":13441,"quantity":1,"price":1283},{"name":"Anglerfish","id":13441,"quantity":1,"price":1283}],"date":"Nov 27, 2023, 12:10:25 AM"}
{"name":"The Leviathan","level":798,"killCount":-1,"type":"NPC","drops":[{"name":"Gold ore","id":445,"quantity":101,"price":185}],"date":"Nov 27, 2023, 12:11:29 AM"}
{"name":"The Leviathan","level":798,"killCount":-1,"type":"NPC","drops":[{"name":"Sea turtle","id":397,"quantity":1,"price":540},{"name":"Sea turtle","id":397,"quantity":1,"price":540},{"name":"Sea turtle","id":397,"quantity":1,"price":540},{"name":"Prayer potion(3)","id":139,"quantity":1,"price":6024},{"name":"Ranging potion(2)","id":171,"quantity":1,"price":1562}],"date":"Nov 27, 2023, 12:12:32 AM"}
{"name":"The Leviathan","level":798,"killCount":-1,"type":"NPC","drops":[{"name":"Dragon javelin heads","id":19582,"quantity":81,"price":989}],"date":"Nov 27, 2023, 12:13:24 AM"}
{"name":"The Leviathan","level":798,"killCount":-1,"type":"NPC","drops":[{"name":"Anglerfish","id":13441,"quantity":1,"price":1283},{"name":"Anglerfish","id":13441,"quantity":1,"price":1283},{"name":"Anglerfish","id":13441,"quantity":1,"price":1283},{"name":"Anglerfish","id":13441,"quantity":1,"price":1283},{"name":"Anglerfish","id":13441,"quantity":1,"price":1283},{"name":"Anglerfish","id":13441,"quantity":1,"price":1283}],"date":"Nov 27, 2023, 12:14:26 AM"}
{"name":"The Leviathan","level":798,"killCount":-1,"type":"NPC","drops":[{"name":"Uncut diamond","id":1618,"quantity":56,"price":2252}],"date":"Nov 27, 2023, 12:15:16 AM"}
{"name":"The Leviathan","level":798,"killCount":-1,"type":"NPC","drops":[{"name":"Sea turtle","id":397,"quantity":1,"price":540},{"name":"Sea turtle","id":397,"quantity":1,"price":540},{"name":"Sea turtle","id":397,"quantity":1,"price":540},{"name":"Prayer potion(3)","id":139,"quantity":1,"price":6024},{"name":"Ranging potion(2)","id":171,"quantity":1,"price":1562}],"date":"Nov 27, 2023, 12:16:11 AM"}
{"name":"The Leviathan","level":798,"killCount":-1,"type":"NPC","drops":[{"name":"Gold ore","id":445,"quantity":101,"price":185}],"date":"Nov 27, 2023, 12:17:11 AM"}
{"name":"The Leviathan","level":798,"killCount":-1,"type":"NPC","drops":[{"name":"Anglerfish","id":13441,"quantity":1,"price":1283},{"name":"Anglerfish","id":13441,"quantity":1,"price":1283},{"name":"Anglerfish","id":13441,"quantity":1,"price":1283},{"name":"Anglerfish","id":13441,"quantity":1,"price":1283},{"name":"Anglerfish","id":13441,"quantity":1,"price":1283},{"name":"Anglerfish","id":13441,"quantity":1,"price":1283}],"date":"Nov 27, 2023, 12:18:03 AM"}
{"name":"The Leviathan","level":798,"killCount":-1,"type":"NPC","drops":[{"name":"Pure essence","id":7937,"quantity":270,"price":2}],"date":"Nov 27, 2023, 12:19:00 AM"}
{"name":"The Leviathan","level":798,"killCount":-1,"type":"NPC","drops":[{"name":"Uncut ruby","id":1620,"quantity":56,"price":1034}],"date":"Nov 27, 2023, 12:19:54 AM"}
{"name":"The Leviathan","level":798,"killCount":-1,"type":"NPC","drops":[{"name":"Uncut ruby","id":1620,"quantity":37,"price":1034},{"name":"Scroll box (hard)","id":24364,"quantity":1,"price":0}],"date":"Nov 27, 2023, 12:20:53 AM"}
{"name":"The Leviathan","level":798,"killCount":-1,"type":"NPC","drops":[{"name":"Sea turtle","id":397,"quantity":1,"price":540},{"name":"Sea turtle","id":397,"quantity":1,"price":540},{"name":"Sea turtle","id":397,"quantity":1,"price":540},{"name":"Sea turtle","id":397,"quantity":1,"price":540},{"name":"Prayer potion(3)","id":139,"quantity":1,"price":6024},{"name":"Ranging potion(2)","id":171,"quantity":1,"price":1562}],"date":"Nov 27, 2023, 12:21:47 AM"}
{"name":"The Leviathan","level":798,"killCount":-1,"type":"NPC","drops":[{"name":"Dragon javelin heads","id":19582,"quantity":81,"price":989}],"date":"Nov 27, 2023, 12:22:45 AM"}
{"name":"The Leviathan","level":798,"killCount":-1,"type":"NPC","drops":[{"name":"Anglerfish","id":13441,"quantity":1,"price":1283},{"name":"Anglerfish","id":13441,"quantity":1,"price":1283},{"name":"Anglerfish","id":13441,"quantity":1,"price":1283},{"name":"Anglerfish","id":13441,"quantity":1,"price":1283},{"name":"Anglerfish","id":13441,"quantity":1,"price":1283},{"name":"Anglerfish","id":13441,"quantity":1,"price":1283}],"date":"Nov 27, 2023, 12:23:46 AM"}
{"name":"The Leviathan","level":798,"killCount":-1,"type":"NPC","drops":[{"name":"Dragon javelin heads","id":19582,"quantity":81,"price":989}],"date":"Nov 27, 2023, 12:25:40 AM"}
{"name":"The Leviathan","level":798,"killCount":-1,"type":"NPC","drops":[{"name":"Sea turtle","id":397,"quantity":1,"price":540},{"name":"Sea turtle","id":397,"quantity":1,"price":540},{"name":"Sea turtle","id":397,"quantity":1,"price":540},{"name":"Prayer potion(3)","id":139,"quantity":1,"price":6024},{"name":"Ranging potion(2)","id":171,"quantity":1,"price":1562},{"name":"Scroll box (easy)","id":24362,"quantity":1,"price":0}],"date":"Nov 27, 2023, 12:26:33 AM"}
{"name":"The Leviathan","level":798,"killCount":-1,"type":"NPC","drops":[{"name":"Sea turtle","id":397,"quantity":1,"price":540},{"name":"Sea turtle","id":397,"quantity":1,"price":540},{"name":"Sea turtle","id":397,"quantity":1,"price":540},{"name":"Prayer potion(3)","id":139,"quantity":1,"price":6024},{"name":"Ranging potion(2)","id":171,"quantity":1,"price":1562}],"date":"Nov 27, 2023, 12:27:23 AM"}
{"name":"The Leviathan","level":798,"killCount":-1,"type":"NPC","drops":[{"name":"Anglerfish","id":13441,"quantity":1,"price":1283},{"name":"Anglerfish","id":13441,"quantity":1,"price":1283},{"name":"Anglerfish","id":13441,"quantity":1,"price":1283},{"name":"Anglerfish","id":13441,"quantity":1,"price":1283}],"date":"Nov 27, 2023, 12:28:17 AM"}
{"name":"The Leviathan","level":798,"killCount":-1,"type":"NPC","drops":[{"name":"Rune arrow","id":892,"quantity":54,"price":147}],"date":"Nov 27, 2023, 12:29:19 AM"}
{"name":"The Leviathan","level":798,"killCount":-1,"type":"NPC","drops":[{"name":"Uncut diamond","id":1618,"quantity":37,"price":2252}],"date":"Nov 27, 2023, 12:30:14 AM"}
{"name":"The Leviathan","level":798,"killCount":-1,"type":"NPC","drops":[{"name":"Coal","id":454,"quantity":195,"price":199}],"date":"Nov 27, 2023, 12:31:19 AM"}
{"name":"The Leviathan","level":798,"killCount":-1,"type":"NPC","drops":[{"name":"Chromium ingot","id":28276,"quantity":1,"price":125023}],"date":"Nov 27, 2023, 12:34:50 AM"}
{"name":"The Leviathan","level":798,"killCount":-1,"type":"NPC","drops":[{"name":"Rune arrow","id":892,"quantity":81,"price":147}],"date":"Nov 27, 2023, 12:42:51 AM"}
{"name":"The Leviathan","level":798,"killCount":-1,"type":"NPC","drops":[{"name":"Venator vestige","id":28283,"quantity":1,"price":0}],"date":"Nov 27, 2023, 12:43:43 AM"}
{"name":"The Leviathan","level":798,"killCount":-1,"type":"NPC","drops":[{"name":"Soul rune","id":566,"quantity":900,"price":205}],"date":"Nov 27, 2023, 12:47:44 AM"}
{"name":"The Leviathan","level":798,"killCount":-1,"type":"NPC","drops":[{"name":"Emerald","id":1606,"quantity":25,"price":480}],"date":"Nov 27, 2023, 12:48:46 AM"}
{"name":"The Leviathan","level":798,"killCount":-1,"type":"NPC","drops":[{"name":"Coal","id":454,"quantity":292,"price":199}],"date":"Nov 27, 2023, 12:49:40 AM"}
{"name":"The Leviathan","level":798,"killCount":-1,"type":"NPC","drops":[{"name":"Anglerfish","id":13441,"quantity":1,"price":1283},{"name":"Anglerfish","id":13441,"quantity":1,"price":1283},{"name":"Anglerfish","id":13441,"quantity":1,"price":1283},{"name":"Anglerfish","id":13441,"quantity":1,"price":1283},{"name":"Anglerfish","id":13441,"quantity":1,"price":1283},{"name":"Anglerfish","id":13441,"quantity":1,"price":1283}],"date":"Nov 27, 2023, 12:50:40 AM"}
{"name":"The Leviathan","level":798,"killCount":-1,"type":"NPC","drops":[{"name":"Runite ore","id":452,"quantity":40,"price":11086}],"date":"Nov 27, 2023, 12:51:28 AM"}
{"name":"The Leviathan","level":798,"killCount":-1,"type":"NPC","drops":[{"name":"Uncut ruby","id":1620,"quantity":56,"price":1034}],"date":"Nov 27, 2023, 12:52:26 AM"}
{"name":"The Leviathan","level":798,"killCount":-1,"type":"NPC","drops":[{"name":"Sea turtle","id":397,"quantity":1,"price":540},{"name":"Sea turtle","id":397,"quantity":1,"price":540},{"name":"Sea turtle","id":397,"quantity":1,"price":540},{"name":"Prayer potion(3)","id":139,"quantity":1,"price":6024},{"name":"Ranging potion(2)","id":171,"quantity":1,"price":1562}],"date":"Nov 27, 2023, 12:53:21 AM"}
{"name":"The Leviathan","level":798,"killCount":-1,"type":"NPC","drops":[{"name":"Dragon javelin heads","id":19582,"quantity":54,"price":989}],"date":"Nov 27, 2023, 12:54:20 AM"}
{"name":"The Leviathan","level":798,"killCount":-1,"type":"NPC","drops":[{"name":"Smoke rune","id":4697,"quantity":300,"price":27}],"date":"Nov 27, 2023, 12:55:19 AM"}
{"name":"The Leviathan","level":798,"killCount":-1,"type":"NPC","drops":[{"name":"Gold ore","id":445,"quantity":101,"price":185}],"date":"Nov 27, 2023, 12:56:18 AM"}
{"name":"The Leviathan","level":798,"killCount":-1,"type":"NPC","drops":[{"name":"Coal","id":454,"quantity":292,"price":199}],"date":"Nov 27, 2023, 12:57:13 AM"}
{"name":"The Leviathan","level":798,"killCount":-1,"type":"NPC","drops":[{"name":"Uncut diamond","id":1618,"quantity":56,"price":2252}],"date":"Nov 27, 2023, 12:58:19 AM"}
{"name":"The Leviathan","level":798,"killCount":-1,"type":"NPC","drops":[{"name":"Emerald","id":1606,"quantity":38,"price":480}],"date":"Nov 27, 2023, 12:59:13 AM"}
{"name":"The Leviathan","level":798,"killCount":-1,"type":"NPC","drops":[{"name":"Emerald","id":1606,"quantity":38,"price":480}],"date":"Nov 27, 2023, 1:00:10 AM"}
{"name":"The Leviathan","level":798,"killCount":-1,"type":"NPC","drops":[{"name":"Dragon bolts (unf)","id":21930,"quantity":225,"price":1066}],"date":"Nov 27, 2023, 1:01:09 AM"}
{"name":"The Leviathan","level":798,"killCount":-1,"type":"NPC","drops":[{"name":"Sea turtle","id":397,"quantity":1,"price":540},{"name":"Sea turtle","id":397,"quantity":1,"price":540},{"name":"Sea turtle","id":397,"quantity":1,"price":540},{"name":"Sea turtle","id":397,"quantity":1,"price":540},{"name":"Prayer potion(3)","id":139,"quantity":1,"price":6024},{"name":"Ranging potion(2)","id":171,"quantity":1,"price":1562},{"name":"Scroll box (medium)","id":24363,"quantity":1,"price":0}],"date":"Nov 27, 2023, 1:04:05 AM"}
{"name":"The Leviathan","level":798,"killCount":-1,"type":"NPC","drops":[{"name":"Smoke rune","id":4697,"quantity":450,"price":27}],"date":"Nov 27, 2023, 1:04:58 AM"}
{"name":"The Leviathan","level":798,"killCount":-1,"type":"NPC","drops":[{"name":"Dragon javelin heads","id":19582,"quantity":54,"price":989}],"date":"Nov 27, 2023, 1:05:51 AM"}
{"name":"The Leviathan","level":798,"killCount":-1,"type":"NPC","drops":[{"name":"Runite ore","id":452,"quantity":40,"price":11086}],"date":"Nov 27, 2023, 1:06:42 AM"}
{"name":"The Leviathan","level":798,"killCount":-1,"type":"NPC","drops":[{"name":"Anglerfish","id":13441,"quantity":1,"price":1283},{"name":"Anglerfish","id":13441,"quantity":1,"price":1283},{"name":"Anglerfish","id":13441,"quantity":1,"price":1283},{"name":"Anglerfish","id":13441,"quantity":1,"price":1283}],"date":"Nov 27, 2023, 1:07:39 AM"}
{"name":"The Leviathan","level":798,"killCount":-1,"type":"NPC","drops":[{"name":"Dragon javelin heads","id":19582,"quantity":81,"price":989}],"date":"Nov 27, 2023, 1:08:29 AM"}
{"name":"The Leviathan","level":798,"killCount":-1,"type":"NPC","drops":[{"name":"Anglerfish","id":13441,"quantity":1,"price":1283},{"name":"Anglerfish","id":13441,"quantity":1,"price":1283},{"name":"Anglerfish","id":13441,"quantity":1,"price":1283},{"name":"Anglerfish","id":13441,"quantity":1,"price":1283}],"date":"Nov 27, 2023, 1:09:25 AM"}
{"name":"The Leviathan","level":798,"killCount":-1,"type":"NPC","drops":[{"name":"Uncut ruby","id":1620,"quantity":56,"price":1034}],"date":"Nov 27, 2023, 1:10:22 AM"}
{"name":"The Leviathan","level":798,"killCount":-1,"type":"NPC","drops":[{"name":"Coal","id":454,"quantity":292,"price":199}],"date":"Nov 27, 2023, 1:11:27 AM"}
{"name":"The Leviathan","level":798,"killCount":-1,"type":"NPC","drops":[{"name":"Eye of the duke","id":28321,"quantity":1,"price":0}],"date":"Nov 27, 2023, 1:12:24 AM"}
{"name":"The Leviathan","level":798,"killCount":-1,"type":"NPC","drops":[{"name":"Sea turtle","id":397,"quantity":1,"price":540},{"name":"Sea turtle","id":397,"quantity":1,"price":540},{"name":"Sea turtle","id":397,"quantity":1,"price":540},{"name":"Sea turtle","id":397,"quantity":1,"price":540},{"name":"Prayer potion(3)","id":139,"quantity":1,"price":6024},{"name":"Ranging potion(2)","id":171,"quantity":1,"price":1562}],"date":"Nov 27, 2023, 1:13:26 AM"}
{"name":"The Leviathan","level":798,"killCount":-1,"type":"NPC","drops":[{"name":"Uncut ruby","id":1620,"quantity":37,"price":1034}],"date":"Nov 27, 2023, 1:14:25 AM"}
{"name":"The Leviathan","level":798,"killCount":-1,"type":"NPC","drops":[{"name":"Coal","id":454,"quantity":195,"price":199}],"date":"Nov 27, 2023, 1:15:16 AM"}
{"name":"The Leviathan","level":798,"killCount":-1,"type":"NPC","drops":[{"name":"Sea turtle","id":397,"quantity":1,"price":540},{"name":"Sea turtle","id":397,"quantity":1,"price":540},{"name":"Sea turtle","id":397,"quantity":1,"price":540},{"name":"Sea turtle","id":397,"quantity":1,"price":540},{"name":"Prayer potion(3)","id":139,"quantity":1,"price":6024},{"name":"Ranging potion(2)","id":171,"quantity":1,"price":1562}],"date":"Nov 27, 2023, 1:16:09 AM"}
{"name":"The Leviathan","level":798,"killCount":-1,"type":"NPC","drops":[{"name":"Uncut ruby","id":1620,"quantity":56,"price":1034}],"date":"Nov 27, 2023, 1:17:19 AM"}
{"name":"The Leviathan","level":798,"killCount":-1,"type":"NPC","drops":[{"name":"Sea turtle","id":397,"quantity":1,"price":540},{"name":"Sea turtle","id":397,"quantity":1,"price":540},{"name":"Sea turtle","id":397,"quantity":1,"price":540},{"name":"Sea turtle","id":397,"quantity":1,"price":540},{"name":"Prayer potion(3)","id":139,"quantity":1,"price":6024},{"name":"Ranging potion(2)","id":171,"quantity":1,"price":1562}],"date":"Nov 27, 2023, 1:18:06 AM"}
{"name":"The Leviathan","level":798,"killCount":-1,"type":"NPC","drops":[{"name":"Body rune","id":559,"quantity":270,"price":4}],"date":"Nov 27, 2023, 1:19:06 AM"}
{"name":"The Leviathan","level":798,"killCount":-1,"type":"NPC","drops":[{"name":"Coal","id":454,"quantity":292,"price":199}],"date":"Nov 27, 2023, 1:20:01 AM"}
{"name":"The Leviathan","level":798,"killCount":-1,"type":"NPC","drops":[{"name":"Anglerfish","id":13441,"quantity":1,"price":1283},{"name":"Anglerfish","id":13441,"quantity":1,"price":1283},{"name":"Anglerfish","id":13441,"quantity":1,"price":1283},{"name":"Anglerfish","id":13441,"quantity":1,"price":1283},{"name":"Anglerfish","id":13441,"quantity":1,"price":1283},{"name":"Anglerfish","id":13441,"quantity":1,"price":1283}],"date":"Nov 27, 2023, 1:20:59 AM"}
{"name":"The Leviathan","level":798,"killCount":-1,"type":"NPC","drops":[{"name":"Rune arrow","id":892,"quantity":54,"price":147}],"date":"Nov 27, 2023, 1:21:54 AM"}
{"name":"The Leviathan","level":798,"killCount":-1,"type":"NPC","drops":[{"name":"Gold ore","id":445,"quantity":67,"price":185}],"date":"Nov 27, 2023, 1:22:47 AM"}
{"name":"The Leviathan","level":798,"killCount":-1,"type":"NPC","drops":[{"name":"Sea turtle","id":397,"quantity":1,"price":540},{"name":"Sea turtle","id":397,"quantity":1,"price":540},{"name":"Sea turtle","id":397,"quantity":1,"price":540},{"name":"Sea turtle","id":397,"quantity":1,"price":540},{"name":"Prayer potion(3)","id":139,"quantity":1,"price":6024},{"name":"Ranging potion(2)","id":171,"quantity":1,"price":1562}],"date":"Nov 27, 2023, 1:23:48 AM"}
{"name":"The Leviathan","level":798,"killCount":-1,"type":"NPC","drops":[{"name":"Anglerfish","id":13441,"quantity":1,"price":1283},{"name":"Anglerfish","id":13441,"quantity":1,"price":1283},{"name":"Anglerfish","id":13441,"quantity":1,"price":1283},{"name":"Anglerfish","id":13441,"quantity":1,"price":1283},{"name":"Anglerfish","id":13441,"quantity":1,"price":1283},{"name":"Anglerfish","id":13441,"quantity":1,"price":1283}],"date":"Nov 27, 2023, 1:24:45 AM"}
{"name":"The Leviathan","level":798,"killCount":-1,"type":"NPC","drops":[{"name":"Dragon javelin heads","id":19582,"quantity":81,"price":989},{"name":"Scroll box (medium)","id":24363,"quantity":1,"price":0}],"date":"Nov 27, 2023, 1:25:44 AM"}
{"name":"The Leviathan","level":798,"killCount":-1,"type":"NPC","drops":[{"name":"Sea turtle","id":397,"quantity":1,"price":540},{"name":"Sea turtle","id":397,"quantity":1,"price":540},{"name":"Sea turtle","id":397,"quantity":1,"price":540},{"name":"Prayer potion(3)","id":139,"quantity":1,"price":6024},{"name":"Ranging potion(2)","id":171,"quantity":1,"price":1562}],"date":"Nov 27, 2023, 1:26:36 AM"}
{"name":"The Leviathan","level":798,"killCount":-1,"type":"NPC","drops":[{"name":"Coal","id":454,"quantity":292,"price":199}],"date":"Nov 27, 2023, 1:27:32 AM"}
{"name":"The Leviathan","level":798,"killCount":-1,"type":"NPC","drops":[{"name":"Uncut ruby","id":1620,"quantity":56,"price":1034}],"date":"Nov 27, 2023, 1:28:18 AM"}
{"name":"The Leviathan","level":798,"killCount":-1,"type":"NPC","drops":[{"name":"Raw manta ray","id":390,"quantity":270,"price":718}],"date":"Nov 27, 2023, 1:29:11 AM"}
{"name":"The Leviathan","level":798,"killCount":-1,"type":"NPC","drops":[{"name":"Adamant arrow","id":890,"quantity":63,"price":14}],"date":"Nov 27, 2023, 1:30:06 AM"}
{"name":"The Leviathan","level":798,"killCount":-1,"type":"NPC","drops":[{"name":"Rune arrow","id":892,"quantity":81,"price":147}],"date":"Nov 27, 2023, 1:31:03 AM"}
{"name":"The Leviathan","level":798,"killCount":-1,"type":"NPC","drops":[{"name":"Anglerfish","id":13441,"quantity":1,"price":1283},{"name":"Anglerfish","id":13441,"quantity":1,"price":1283},{"name":"Anglerfish","id":13441,"quantity":1,"price":1283},{"name":"Anglerfish","id":13441,"quantity":1,"price":1283}],"date":"Nov 27, 2023, 1:31:59 AM"}
{"name":"The Leviathan","level":798,"killCount":-1,"type":"NPC","drops":[{"name":"Smoke rune","id":4697,"quantity":450,"price":27}],"date":"Nov 27, 2023, 1:32:51 AM"}
{"name":"The Leviathan","level":798,"killCount":-1,"type":"NPC","drops":[{"name":"Siren\u0027s staff","id":28323,"quantity":1,"price":0}],"date":"Nov 27, 2023, 1:33:41 AM"}
{"name":"The Leviathan","level":798,"killCount":-1,"type":"NPC","drops":[{"name":"Dragon bolts (unf)","id":21930,"quantity":225,"price":1066}],"date":"Nov 27, 2023, 1:34:43 AM"}
{"name":"The Leviathan","level":798,"killCount":-1,"type":"NPC","drops":[{"name":"Coal","id":454,"quantity":292,"price":199}],"date":"Nov 27, 2023, 1:35:35 AM"}
{"name":"The Leviathan","level":798,"killCount":-1,"type":"NPC","drops":[{"name":"Gold ore","id":445,"quantity":101,"price":185}],"date":"Nov 27, 2023, 1:36:23 AM"}
{"name":"The Leviathan","level":798,"killCount":-1,"type":"NPC","drops":[{"name":"Anglerfish","id":13441,"quantity":1,"price":1283},{"name":"Anglerfish","id":13441,"quantity":1,"price":1283},{"name":"Anglerfish","id":13441,"quantity":1,"price":1283},{"name":"Anglerfish","id":13441,"quantity":1,"price":1283},{"name":"Anglerfish","id":13441,"quantity":1,"price":1283},{"name":"Anglerfish","id":13441,"quantity":1,"price":1283}],"date":"Nov 27, 2023, 1:37:23 AM"}
