{"name":"Tree spirit","level":79,"killCount":-1,"type":"NPC","drops":[{"name":"Grimy marrentill","id":201,"quantity":1,"price":66}],"date":"Nov 15, 2023, 10:57:05 AM"}
{"name":"Tree spirit","level":79,"killCount":-1,"type":"NPC","drops":[{"name":"Kwuarm seed","id":5299,"quantity":1,"price":1533}],"date":"Nov 15, 2023, 10:58:08 AM"}
{"name":"Tree spirit","level":79,"killCount":-1,"type":"NPC","drops":[{"name":"Irit seed","id":5297,"quantity":1,"price":51}],"date":"Nov 15, 2023, 10:59:01 AM"}
{"name":"Tree spirit","level":79,"killCount":-1,"type":"NPC","drops":[{"name":"Mithril axe","id":1355,"quantity":1,"price":100}],"date":"Nov 15, 2023, 10:59:58 AM"}
{"name":"Tree spirit","level":79,"killCount":-1,"type":"NPC","drops":[{"name":"Adamant axe","id":1357,"quantity":1,"price":501}],"date":"Nov 15, 2023, 11:01:18 AM"}
{"name":"Tree spirit","level":79,"killCount":-1,"type":"NPC","drops":[{"name":"Nature rune","id":561,"quantity":5,"price":117}],"date":"Nov 15, 2023, 11:02:19 AM"}
{"name":"Tree spirit","level":79,"killCount":-1,"type":"NPC","drops":[{"name":"Steel axe","id":1353,"quantity":1,"price":7}],"date":"Nov 15, 2023, 11:44:44 AM"}
{"name":"Tree spirit","level":79,"killCount":-1,"type":"NPC","drops":[{"name":"Grimy tarromin","id":203,"quantity":1,"price":146}],"date":"Nov 15, 2023, 11:45:07 AM"}
{"name":"Tree spirit","level":79,"killCount":-1,"type":"NPC","drops":[{"name":"Torstol seed","id":5304,"quantity":1,"price":4867}],"date":"Nov 15, 2023, 11:45:37 AM"}
{"name":"Tree spirit","level":79,"killCount":-1,"type":"NPC","drops":[{"name":"Mithril axe","id":1355,"quantity":1,"price":100}],"date":"Nov 15, 2023, 11:46:27 AM"}
{"name":"Tree spirit","level":79,"killCount":-1,"type":"NPC","drops":[{"name":"Nature rune","id":561,"quantity":10,"price":117}],"date":"Nov 15, 2023, 11:46:54 AM"}
{"name":"Tree spirit","level":79,"killCount":-1,"type":"NPC","drops":[{"name":"Grimy ranarr weed","id":207,"quantity":1,"price":5861}],"date":"Nov 15, 2023, 11:47:20 AM"}
{"name":"Tree spirit","level":79,"killCount":-1,"type":"NPC","drops":[{"name":"Avantoe seed","id":5298,"quantity":1,"price":5766}],"date":"Nov 15, 2023, 11:47:49 AM"}
{"name":"Tree spirit","level":79,"killCount":-1,"type":"NPC","drops":[{"name":"Steel axe","id":1353,"quantity":1,"price":7}],"date":"Nov 15, 2023, 11:48:13 AM"}
{"name":"Tree spirit","level":79,"killCount":-1,"type":"NPC","drops":[{"name":"Toadflax seed","id":5296,"quantity":1,"price":570}],"date":"Nov 15, 2023, 11:48:38 AM"}
{"name":"Tree spirit","level":79,"killCount":-1,"type":"NPC","drops":[{"name":"Grimy toadflax","id":3049,"quantity":1,"price":2972}],"date":"Nov 15, 2023, 11:49:15 AM"}
{"name":"Tree spirit","level":79,"killCount":-1,"type":"NPC","drops":[{"name":"Nature rune","id":561,"quantity":22,"price":117}],"date":"Nov 15, 2023, 11:49:38 AM"}
{"name":"Tree spirit","level":79,"killCount":-1,"type":"NPC","drops":[{"name":"Mithril axe","id":1355,"quantity":1,"price":100}],"date":"Nov 15, 2023, 11:49:59 AM"}
{"name":"Tree spirit","level":79,"killCount":-1,"type":"NPC","drops":[{"name":"Grimy kwuarm","id":213,"quantity":1,"price":3650}],"date":"Nov 15, 2023, 11:50:25 AM"}
{"name":"Tree spirit","level":79,"killCount":-1,"type":"NPC","drops":[{"name":"Grimy toadflax","id":3049,"quantity":1,"price":2972}],"date":"Nov 15, 2023, 11:50:49 AM"}
{"name":"Tree spirit","level":79,"killCount":-1,"type":"NPC","drops":[{"name":"Irit seed","id":5297,"quantity":1,"price":51}],"date":"Nov 15, 2023, 11:51:09 AM"}
{"name":"Tree spirit","level":79,"killCount":-1,"type":"NPC","drops":[{"name":"Rune axe","id":1359,"quantity":1,"price":7200}],"date":"Nov 15, 2023, 11:51:34 AM"}
