{"name":"Tstanon Karlak","level":145,"killCount":-1,"type":"NPC","drops":[{"name":"Malicious ashes","id":25772,"quantity":1,"price":1439},{"name":"Coins","id":995,"quantity":1376,"price":1}],"date":"Aug 4, 2022, 9:12:57 AM"}
{"name":"Tstanon Karlak","level":145,"killCount":-1,"type":"NPC","drops":[{"name":"Malicious ashes","id":25772,"quantity":1,"price":1439},{"name":"Tuna potato","id":7060,"quantity":1,"price":1263},{"name":"Tuna potato","id":7060,"quantity":1,"price":1263}],"date":"Aug 4, 2022, 9:16:06 AM"}
{"name":"Tstanon Karlak","level":145,"killCount":-1,"type":"NPC","drops":[{"name":"Malicious ashes","id":25772,"quantity":1,"price":1439},{"name":"Coins","id":995,"quantity":1310,"price":1}],"date":"Aug 4, 2022, 9:18:06 AM"}
{"name":"Tstanon Karlak","level":145,"killCount":-1,"type":"NPC","drops":[{"name":"Malicious ashes","id":25772,"quantity":1,"price":1439},{"name":"Coins","id":995,"quantity":1352,"price":1}],"date":"Aug 4, 2022, 9:21:18 AM"}
{"name":"Tstanon Karlak","level":145,"killCount":-1,"type":"NPC","drops":[{"name":"Malicious ashes","id":25772,"quantity":1,"price":1369},{"name":"Steel arrow","id":886,"quantity":98,"price":9}],"date":"Aug 5, 2022, 2:09:29 PM"}
{"name":"Tstanon Karlak","level":145,"killCount":-1,"type":"NPC","drops":[{"name":"Malicious ashes","id":25772,"quantity":1,"price":1369},{"name":"Coins","id":995,"quantity":1396,"price":1}],"date":"Aug 5, 2022, 2:12:10 PM"}
{"name":"Tstanon Karlak","level":145,"killCount":-1,"type":"NPC","drops":[{"name":"Malicious ashes","id":25772,"quantity":1,"price":1369},{"name":"Death rune","id":560,"quantity":10,"price":183}],"date":"Aug 5, 2022, 2:27:40 PM"}
{"name":"Tstanon Karlak","level":145,"killCount":-1,"type":"NPC","drops":[{"name":"Malicious ashes","id":25772,"quantity":1,"price":1369},{"name":"Coins","id":995,"quantity":1385,"price":1}],"date":"Aug 5, 2022, 2:30:16 PM"}
{"name":"Tstanon Karlak","level":145,"killCount":-1,"type":"NPC","drops":[{"name":"Malicious ashes","id":25772,"quantity":1,"price":1370},{"name":"Coins","id":995,"quantity":1357,"price":1}],"date":"Aug 5, 2022, 2:44:51 PM"}
{"name":"Tstanon Karlak","level":145,"killCount":-1,"type":"NPC","drops":[{"name":"Malicious ashes","id":25772,"quantity":1,"price":1370},{"name":"Coins","id":995,"quantity":1303,"price":1}],"date":"Aug 5, 2022, 3:01:02 PM"}
{"name":"Tstanon Karlak","level":145,"killCount":-1,"type":"NPC","drops":[{"name":"Malicious ashes","id":25772,"quantity":1,"price":1370},{"name":"Coins","id":995,"quantity":1314,"price":1}],"date":"Aug 5, 2022, 3:03:29 PM"}
{"name":"Tstanon Karlak","level":145,"killCount":-1,"type":"NPC","drops":[{"name":"Malicious ashes","id":25772,"quantity":1,"price":1370},{"name":"Shark","id":385,"quantity":1,"price":886},{"name":"Shark","id":385,"quantity":1,"price":886},{"name":"Shark","id":385,"quantity":1,"price":886}],"date":"Aug 5, 2022, 3:24:28 PM"}
{"name":"Tstanon Karlak","level":145,"killCount":-1,"type":"NPC","drops":[{"name":"Malicious ashes","id":25772,"quantity":1,"price":1367},{"name":"Shark","id":385,"quantity":1,"price":890},{"name":"Shark","id":385,"quantity":1,"price":890},{"name":"Shark","id":385,"quantity":1,"price":890}],"date":"Aug 5, 2022, 4:05:05 PM"}
{"name":"Tstanon Karlak","level":145,"killCount":-1,"type":"NPC","drops":[{"name":"Malicious ashes","id":25772,"quantity":1,"price":1367},{"name":"Super attack(3)","id":145,"quantity":1,"price":134}],"date":"Aug 5, 2022, 4:07:48 PM"}
{"name":"Tstanon Karlak","level":145,"killCount":-1,"type":"NPC","drops":[{"name":"Malicious ashes","id":25772,"quantity":1,"price":1367},{"name":"Wine of zamorak","id":246,"quantity":8,"price":897}],"date":"Aug 5, 2022, 4:10:01 PM"}
{"name":"Tstanon Karlak","level":145,"killCount":-1,"type":"NPC","drops":[{"name":"Malicious ashes","id":25772,"quantity":1,"price":1367},{"name":"Coins","id":995,"quantity":1363,"price":1}],"date":"Aug 5, 2022, 4:15:18 PM"}
{"name":"Tstanon Karlak","level":145,"killCount":-1,"type":"NPC","drops":[{"name":"Malicious ashes","id":25772,"quantity":1,"price":1367},{"name":"Steel dart","id":808,"quantity":95,"price":4},{"name":"Malicious ashes","id":25772,"quantity":1,"price":1367},{"name":"Coins","id":995,"quantity":1360,"price":1}],"date":"Aug 5, 2022, 4:31:22 PM"}
{"name":"Tstanon Karlak","level":145,"killCount":-1,"type":"NPC","drops":[{"name":"Malicious ashes","id":25772,"quantity":1,"price":1367},{"name":"Coins","id":995,"quantity":1308,"price":1}],"date":"Aug 5, 2022, 4:33:49 PM"}
{"name":"Tstanon Karlak","level":145,"killCount":-1,"type":"NPC","drops":[{"name":"Malicious ashes","id":25772,"quantity":1,"price":1367},{"name":"Coins","id":995,"quantity":1387,"price":1}],"date":"Aug 5, 2022, 4:36:13 PM"}
{"name":"Tstanon Karlak","level":145,"killCount":-1,"type":"NPC","drops":[{"name":"Malicious ashes","id":25772,"quantity":1,"price":1367},{"name":"Death rune","id":560,"quantity":5,"price":183}],"date":"Aug 5, 2022, 4:51:04 PM"}
{"name":"Tstanon Karlak","level":145,"killCount":-1,"type":"NPC","drops":[{"name":"Malicious ashes","id":25772,"quantity":1,"price":1367},{"name":"Shark","id":385,"quantity":1,"price":888},{"name":"Shark","id":385,"quantity":1,"price":888},{"name":"Shark","id":385,"quantity":1,"price":888}],"date":"Aug 5, 2022, 4:53:47 PM"}
{"name":"Tstanon Karlak","level":145,"killCount":-1,"type":"NPC","drops":[{"name":"Malicious ashes","id":25772,"quantity":1,"price":1367},{"name":"Coins","id":995,"quantity":1317,"price":1}],"date":"Aug 5, 2022, 4:56:41 PM"}
{"name":"Tstanon Karlak","level":145,"killCount":-1,"type":"NPC","drops":[{"name":"Malicious ashes","id":25772,"quantity":1,"price":1367},{"name":"Coins","id":995,"quantity":1378,"price":1}],"date":"Aug 5, 2022, 4:59:18 PM"}
{"name":"Tstanon Karlak","level":145,"killCount":-1,"type":"NPC","drops":[{"name":"Malicious ashes","id":25772,"quantity":1,"price":1367},{"name":"Blood rune","id":565,"quantity":7,"price":361}],"date":"Aug 5, 2022, 5:12:00 PM"}
{"name":"Tstanon Karlak","level":145,"killCount":-1,"type":"NPC","drops":[{"name":"Malicious ashes","id":25772,"quantity":1,"price":1367},{"name":"Blood rune","id":565,"quantity":5,"price":361}],"date":"Aug 5, 2022, 5:14:32 PM"}
{"name":"Tstanon Karlak","level":145,"killCount":-1,"type":"NPC","drops":[{"name":"Malicious ashes","id":25772,"quantity":1,"price":1367},{"name":"Coins","id":995,"quantity":1366,"price":1}],"date":"Aug 5, 2022, 5:27:14 PM"}
{"name":"Tstanon Karlak","level":145,"killCount":-1,"type":"NPC","drops":[{"name":"Malicious ashes","id":25772,"quantity":1,"price":1367},{"name":"Coins","id":995,"quantity":1368,"price":1}],"date":"Aug 5, 2022, 5:54:13 PM"}
{"name":"Tstanon Karlak","level":145,"killCount":-1,"type":"NPC","drops":[{"name":"Malicious ashes","id":25772,"quantity":1,"price":1367},{"name":"Coins","id":995,"quantity":1337,"price":1}],"date":"Aug 5, 2022, 5:57:23 PM"}
{"name":"Tstanon Karlak","level":145,"killCount":-1,"type":"NPC","drops":[{"name":"Malicious ashes","id":25772,"quantity":1,"price":1365},{"name":"Death rune","id":560,"quantity":8,"price":182}],"date":"Aug 5, 2022, 6:25:06 PM"}
{"name":"Tstanon Karlak","level":145,"killCount":-1,"type":"NPC","drops":[{"name":"Malicious ashes","id":25772,"quantity":1,"price":1365},{"name":"Coins","id":995,"quantity":1354,"price":1}],"date":"Aug 5, 2022, 6:27:13 PM"}
{"name":"Tstanon Karlak","level":145,"killCount":-1,"type":"NPC","drops":[{"name":"Malicious ashes","id":25772,"quantity":1,"price":1365},{"name":"Blood rune","id":565,"quantity":6,"price":361}],"date":"Aug 5, 2022, 6:39:13 PM"}
{"name":"Tstanon Karlak","level":145,"killCount":-1,"type":"NPC","drops":[{"name":"Malicious ashes","id":25772,"quantity":1,"price":1365},{"name":"Coins","id":995,"quantity":1304,"price":1}],"date":"Aug 5, 2022, 6:56:50 PM"}
{"name":"Tstanon Karlak","level":145,"killCount":-1,"type":"NPC","drops":[{"name":"Malicious ashes","id":25772,"quantity":1,"price":1365},{"name":"Steel arrow","id":886,"quantity":97,"price":9}],"date":"Aug 5, 2022, 6:59:00 PM"}
{"name":"Tstanon Karlak","level":145,"killCount":-1,"type":"NPC","drops":[{"name":"Malicious ashes","id":25772,"quantity":1,"price":1365},{"name":"Coins","id":995,"quantity":1302,"price":1}],"date":"Aug 5, 2022, 7:01:53 PM"}
{"name":"Tstanon Karlak","level":145,"killCount":-1,"type":"NPC","drops":[{"name":"Malicious ashes","id":25772,"quantity":1,"price":1366},{"name":"Steel dart","id":808,"quantity":100,"price":5}],"date":"Aug 5, 2022, 7:13:56 PM"}
{"name":"Tstanon Karlak","level":145,"killCount":-1,"type":"NPC","drops":[{"name":"Malicious ashes","id":25772,"quantity":1,"price":1366},{"name":"Death rune","id":560,"quantity":5,"price":182}],"date":"Aug 5, 2022, 7:17:34 PM"}
{"name":"Tstanon Karlak","level":145,"killCount":-1,"type":"NPC","drops":[{"name":"Malicious ashes","id":25772,"quantity":1,"price":1366},{"name":"Tuna potato","id":7060,"quantity":1,"price":1285},{"name":"Tuna potato","id":7060,"quantity":1,"price":1285}],"date":"Aug 5, 2022, 7:30:28 PM"}
{"name":"Tstanon Karlak","level":145,"killCount":-1,"type":"NPC","drops":[{"name":"Malicious ashes","id":25772,"quantity":1,"price":1366},{"name":"Wine of zamorak","id":246,"quantity":6,"price":885}],"date":"Aug 5, 2022, 7:33:02 PM"}
{"name":"Tstanon Karlak","level":145,"killCount":-1,"type":"NPC","drops":[{"name":"Malicious ashes","id":25772,"quantity":1,"price":1379},{"name":"Shark","id":385,"quantity":1,"price":891},{"name":"Shark","id":385,"quantity":1,"price":891},{"name":"Shark","id":385,"quantity":1,"price":891}],"date":"Aug 5, 2022, 7:35:18 PM"}
{"name":"Tstanon Karlak","level":145,"killCount":-1,"type":"NPC","drops":[{"name":"Malicious ashes","id":25772,"quantity":1,"price":1379},{"name":"Coins","id":995,"quantity":1340,"price":1}],"date":"Aug 5, 2022, 7:38:29 PM"}
{"name":"Tstanon Karlak","level":145,"killCount":-1,"type":"NPC","drops":[{"name":"Malicious ashes","id":25772,"quantity":1,"price":1379},{"name":"Coins","id":995,"quantity":1331,"price":1}],"date":"Aug 5, 2022, 7:53:33 PM"}
{"name":"Tstanon Karlak","level":145,"killCount":-1,"type":"NPC","drops":[{"name":"Malicious ashes","id":25772,"quantity":1,"price":1379},{"name":"Coins","id":995,"quantity":1340,"price":1}],"date":"Aug 5, 2022, 8:05:00 PM"}
{"name":"Tstanon Karlak","level":145,"killCount":-1,"type":"NPC","drops":[{"name":"Malicious ashes","id":25772,"quantity":1,"price":1379},{"name":"Coins","id":995,"quantity":1328,"price":1}],"date":"Aug 5, 2022, 8:18:37 PM"}
{"name":"Tstanon Karlak","level":145,"killCount":-1,"type":"NPC","drops":[{"name":"Malicious ashes","id":25772,"quantity":1,"price":1379},{"name":"Tuna potato","id":7060,"quantity":1,"price":1285},{"name":"Tuna potato","id":7060,"quantity":1,"price":1285}],"date":"Aug 5, 2022, 8:21:19 PM"}
{"name":"Tstanon Karlak","level":145,"killCount":-1,"type":"NPC","drops":[{"name":"Malicious ashes","id":25772,"quantity":1,"price":1373},{"name":"Coins","id":995,"quantity":1357,"price":1}],"date":"Aug 5, 2022, 8:39:47 PM"}
{"name":"Tstanon Karlak","level":145,"killCount":-1,"type":"NPC","drops":[{"name":"Malicious ashes","id":25772,"quantity":1,"price":1373},{"name":"Wine of zamorak","id":246,"quantity":6,"price":873},{"name":"Malicious ashes","id":25772,"quantity":1,"price":1373},{"name":"Coins","id":995,"quantity":1346,"price":1}],"date":"Aug 5, 2022, 8:42:40 PM"}
{"name":"Tstanon Karlak","level":145,"killCount":-1,"type":"NPC","drops":[{"name":"Malicious ashes","id":25772,"quantity":1,"price":1368},{"name":"Coins","id":995,"quantity":1309,"price":1}],"date":"Aug 5, 2022, 9:08:41 PM"}
{"name":"Tstanon Karlak","level":145,"killCount":-1,"type":"NPC","drops":[{"name":"Malicious ashes","id":25772,"quantity":1,"price":1368},{"name":"Coins","id":995,"quantity":1306,"price":1}],"date":"Aug 5, 2022, 9:20:22 PM"}
{"name":"Tstanon Karlak","level":145,"killCount":-1,"type":"NPC","drops":[{"name":"Malicious ashes","id":25772,"quantity":1,"price":1368},{"name":"Coins","id":995,"quantity":1349,"price":1}],"date":"Aug 5, 2022, 9:47:42 PM"}
{"name":"Tstanon Karlak","level":145,"killCount":-1,"type":"NPC","drops":[{"name":"Malicious ashes","id":25772,"quantity":1,"price":1368},{"name":"Shark","id":385,"quantity":1,"price":880},{"name":"Shark","id":385,"quantity":1,"price":880},{"name":"Shark","id":385,"quantity":1,"price":880}],"date":"Aug 5, 2022, 10:00:25 PM"}
{"name":"Tstanon Karlak","level":145,"killCount":-1,"type":"NPC","drops":[{"name":"Malicious ashes","id":25772,"quantity":1,"price":1368},{"name":"Coins","id":995,"quantity":1330,"price":1}],"date":"Aug 5, 2022, 10:03:04 PM"}
{"name":"Tstanon Karlak","level":145,"killCount":-1,"type":"NPC","drops":[{"name":"Malicious ashes","id":25772,"quantity":1,"price":1366},{"name":"Coins","id":995,"quantity":1320,"price":1}],"date":"Aug 5, 2022, 10:23:59 PM"}
{"name":"Tstanon Karlak","level":145,"killCount":-1,"type":"NPC","drops":[{"name":"Malicious ashes","id":25772,"quantity":1,"price":1366},{"name":"Coins","id":995,"quantity":1386,"price":1}],"date":"Aug 5, 2022, 10:26:23 PM"}
{"name":"Tstanon Karlak","level":145,"killCount":-1,"type":"NPC","drops":[{"name":"Malicious ashes","id":25772,"quantity":1,"price":1366},{"name":"Death rune","id":560,"quantity":7,"price":182}],"date":"Aug 5, 2022, 10:43:23 PM"}
{"name":"Tstanon Karlak","level":145,"killCount":-1,"type":"NPC","drops":[{"name":"Malicious ashes","id":25772,"quantity":1,"price":1366},{"name":"Coins","id":995,"quantity":1320,"price":1}],"date":"Aug 5, 2022, 10:53:52 PM"}
{"name":"Tstanon Karlak","level":145,"killCount":-1,"type":"NPC","drops":[{"name":"Malicious ashes","id":25772,"quantity":1,"price":1366},{"name":"Blood rune","id":565,"quantity":9,"price":360}],"date":"Aug 5, 2022, 10:56:08 PM"}
{"name":"Tstanon Karlak","level":145,"killCount":-1,"type":"NPC","drops":[{"name":"Malicious ashes","id":25772,"quantity":1,"price":1366},{"name":"Coins","id":995,"quantity":1368,"price":1}],"date":"Aug 5, 2022, 11:07:25 PM"}
{"name":"Tstanon Karlak","level":145,"killCount":-1,"type":"NPC","drops":[{"name":"Malicious ashes","id":25772,"quantity":1,"price":1366},{"name":"Blood rune","id":565,"quantity":5,"price":360}],"date":"Aug 5, 2022, 11:10:07 PM"}
{"name":"Tstanon Karlak","level":145,"killCount":-1,"type":"NPC","drops":[{"name":"Malicious ashes","id":25772,"quantity":1,"price":1366},{"name":"Wine of zamorak","id":246,"quantity":6,"price":844}],"date":"Aug 5, 2022, 11:12:23 PM"}
{"name":"Tstanon Karlak","level":145,"killCount":-1,"type":"NPC","drops":[{"name":"Malicious ashes","id":25772,"quantity":1,"price":1366},{"name":"Death rune","id":560,"quantity":8,"price":182}],"date":"Aug 5, 2022, 11:22:33 PM"}
{"name":"Tstanon Karlak","level":145,"killCount":-1,"type":"NPC","drops":[{"name":"Malicious ashes","id":25772,"quantity":1,"price":1366},{"name":"Steel arrow","id":886,"quantity":96,"price":9}],"date":"Aug 5, 2022, 11:32:40 PM"}
{"name":"Tstanon Karlak","level":145,"killCount":-1,"type":"NPC","drops":[{"name":"Malicious ashes","id":25772,"quantity":1,"price":1366},{"name":"Super strength(3)","id":157,"quantity":1,"price":1319}],"date":"Aug 5, 2022, 11:34:51 PM"}
{"name":"Tstanon Karlak","level":145,"killCount":-1,"type":"NPC","drops":[{"name":"Malicious ashes","id":25772,"quantity":1,"price":1366},{"name":"Steel dart","id":808,"quantity":97,"price":3}],"date":"Aug 5, 2022, 11:37:27 PM"}
{"name":"Tstanon Karlak","level":145,"killCount":-1,"type":"NPC","drops":[{"name":"Malicious ashes","id":25772,"quantity":1,"price":1366},{"name":"Coins","id":995,"quantity":1379,"price":1}],"date":"Aug 5, 2022, 11:39:33 PM"}
{"name":"Tstanon Karlak","level":145,"killCount":-1,"type":"NPC","drops":[{"name":"Malicious ashes","id":25772,"quantity":1,"price":1366},{"name":"Coins","id":995,"quantity":1385,"price":1}],"date":"Aug 5, 2022, 11:50:53 PM"}
{"name":"Tstanon Karlak","level":145,"killCount":-1,"type":"NPC","drops":[{"name":"Malicious ashes","id":25772,"quantity":1,"price":1366},{"name":"Coins","id":995,"quantity":1348,"price":1}],"date":"Aug 6, 2022, 12:01:44 AM"}
{"name":"Tstanon Karlak","level":145,"killCount":-1,"type":"NPC","drops":[{"name":"Malicious ashes","id":25772,"quantity":1,"price":1366},{"name":"Blood rune","id":565,"quantity":5,"price":365}],"date":"Aug 6, 2022, 12:04:55 AM"}
{"name":"Tstanon Karlak","level":145,"killCount":-1,"type":"NPC","drops":[{"name":"Malicious ashes","id":25772,"quantity":1,"price":1366},{"name":"Wine of zamorak","id":246,"quantity":9,"price":836}],"date":"Aug 6, 2022, 12:07:11 AM"}
{"name":"Tstanon Karlak","level":145,"killCount":-1,"type":"NPC","drops":[{"name":"Malicious ashes","id":25772,"quantity":1,"price":1366},{"name":"Coins","id":995,"quantity":1381,"price":1}],"date":"Aug 6, 2022, 12:21:55 AM"}
{"name":"Tstanon Karlak","level":145,"killCount":-1,"type":"NPC","drops":[{"name":"Malicious ashes","id":25772,"quantity":1,"price":1365},{"name":"Coins","id":995,"quantity":1312,"price":1}],"date":"Aug 6, 2022, 12:36:08 AM"}
{"name":"Tstanon Karlak","level":145,"killCount":-1,"type":"NPC","drops":[{"name":"Malicious ashes","id":25772,"quantity":1,"price":1365},{"name":"Death rune","id":560,"quantity":10,"price":183}],"date":"Aug 6, 2022, 12:38:16 AM"}
{"name":"Tstanon Karlak","level":145,"killCount":-1,"type":"NPC","drops":[{"name":"Malicious ashes","id":25772,"quantity":1,"price":1481},{"name":"Coins","id":995,"quantity":1315,"price":1}],"date":"Aug 7, 2022, 4:21:22 PM"}
{"name":"Tstanon Karlak","level":145,"killCount":-1,"type":"NPC","drops":[{"name":"Malicious ashes","id":25772,"quantity":1,"price":1481},{"name":"Coins","id":995,"quantity":1323,"price":1}],"date":"Aug 7, 2022, 4:23:36 PM"}
{"name":"Tstanon Karlak","level":145,"killCount":-1,"type":"NPC","drops":[{"name":"Malicious ashes","id":25772,"quantity":1,"price":1439},{"name":"Death rune","id":560,"quantity":5,"price":181}],"date":"Aug 7, 2022, 4:46:26 PM"}
{"name":"Tstanon Karlak","level":145,"killCount":-1,"type":"NPC","drops":[{"name":"Malicious ashes","id":25772,"quantity":1,"price":1439},{"name":"Coins","id":995,"quantity":1386,"price":1}],"date":"Aug 7, 2022, 4:48:52 PM"}
{"name":"Tstanon Karlak","level":145,"killCount":-1,"type":"NPC","drops":[{"name":"Malicious ashes","id":25772,"quantity":1,"price":1439},{"name":"Coins","id":995,"quantity":1379,"price":1}],"date":"Aug 7, 2022, 4:51:31 PM"}
{"name":"Tstanon Karlak","level":145,"killCount":-1,"type":"NPC","drops":[{"name":"Malicious ashes","id":25772,"quantity":1,"price":1439},{"name":"Coins","id":995,"quantity":1354,"price":1}],"date":"Aug 7, 2022, 5:04:59 PM"}
{"name":"Tstanon Karlak","level":145,"killCount":-1,"type":"NPC","drops":[{"name":"Malicious ashes","id":25772,"quantity":1,"price":1439},{"name":"Death rune","id":560,"quantity":10,"price":181}],"date":"Aug 7, 2022, 5:07:32 PM"}
{"name":"Tstanon Karlak","level":145,"killCount":-1,"type":"NPC","drops":[{"name":"Malicious ashes","id":25772,"quantity":1,"price":1439},{"name":"Coins","id":995,"quantity":1371,"price":1}],"date":"Aug 7, 2022, 5:09:46 PM"}
{"name":"Tstanon Karlak","level":145,"killCount":-1,"type":"NPC","drops":[{"name":"Malicious ashes","id":25772,"quantity":1,"price":1439},{"name":"Tuna potato","id":7060,"quantity":1,"price":1345},{"name":"Tuna potato","id":7060,"quantity":1,"price":1345}],"date":"Aug 7, 2022, 5:20:47 PM"}
{"name":"Tstanon Karlak","level":145,"killCount":-1,"type":"NPC","drops":[{"name":"Malicious ashes","id":25772,"quantity":1,"price":1439},{"name":"Steel arrow","id":886,"quantity":98,"price":9}],"date":"Aug 7, 2022, 5:23:12 PM"}
{"name":"Tstanon Karlak","level":145,"killCount":-1,"type":"NPC","drops":[{"name":"Malicious ashes","id":25772,"quantity":1,"price":1439},{"name":"Super attack(3)","id":145,"quantity":1,"price":137}],"date":"Aug 7, 2022, 5:25:24 PM"}
{"name":"Tstanon Karlak","level":145,"killCount":-1,"type":"NPC","drops":[{"name":"Malicious ashes","id":25772,"quantity":1,"price":1439},{"name":"Coins","id":995,"quantity":1346,"price":1}],"date":"Aug 7, 2022, 5:37:00 PM"}
{"name":"Tstanon Karlak","level":145,"killCount":-1,"type":"NPC","drops":[{"name":"Malicious ashes","id":25772,"quantity":1,"price":1439},{"name":"Death rune","id":560,"quantity":5,"price":179}],"date":"Aug 7, 2022, 5:40:05 PM"}
{"name":"Tstanon Karlak","level":145,"killCount":-1,"type":"NPC","drops":[{"name":"Malicious ashes","id":25772,"quantity":1,"price":1439},{"name":"Coins","id":995,"quantity":1310,"price":1}],"date":"Aug 7, 2022, 5:59:29 PM"}
{"name":"Tstanon Karlak","level":145,"killCount":-1,"type":"NPC","drops":[{"name":"Malicious ashes","id":25772,"quantity":1,"price":1460},{"name":"Blood rune","id":565,"quantity":6,"price":368}],"date":"Aug 7, 2022, 6:20:23 PM"}
{"name":"Tstanon Karlak","level":145,"killCount":-1,"type":"NPC","drops":[{"name":"Malicious ashes","id":25772,"quantity":1,"price":1460},{"name":"Coins","id":995,"quantity":1399,"price":1}],"date":"Aug 7, 2022, 6:22:26 PM"}
{"name":"Tstanon Karlak","level":145,"killCount":-1,"type":"NPC","drops":[{"name":"Malicious ashes","id":25772,"quantity":1,"price":1460},{"name":"Shark","id":385,"quantity":1,"price":880},{"name":"Shark","id":385,"quantity":1,"price":880},{"name":"Shark","id":385,"quantity":1,"price":880},{"name":"Malicious ashes","id":25772,"quantity":1,"price":1460},{"name":"Coins","id":995,"quantity":1373,"price":1}],"date":"Aug 7, 2022, 6:25:15 PM"}
{"name":"Tstanon Karlak","level":145,"killCount":-1,"type":"NPC","drops":[{"name":"Malicious ashes","id":25772,"quantity":1,"price":1439},{"name":"Coins","id":995,"quantity":1368,"price":1}],"date":"Aug 7, 2022, 6:36:38 PM"}
{"name":"Tstanon Karlak","level":145,"killCount":-1,"type":"NPC","drops":[{"name":"Malicious ashes","id":25772,"quantity":1,"price":1439},{"name":"Shark","id":385,"quantity":1,"price":886},{"name":"Shark","id":385,"quantity":1,"price":886},{"name":"Shark","id":385,"quantity":1,"price":886}],"date":"Aug 7, 2022, 6:39:13 PM"}
{"name":"Tstanon Karlak","level":145,"killCount":-1,"type":"NPC","drops":[{"name":"Malicious ashes","id":25772,"quantity":1,"price":1439},{"name":"Coins","id":995,"quantity":1307,"price":1}],"date":"Aug 7, 2022, 6:41:44 PM"}
{"name":"Tstanon Karlak","level":145,"killCount":-1,"type":"NPC","drops":[{"name":"Malicious ashes","id":25772,"quantity":1,"price":1439},{"name":"Coins","id":995,"quantity":1399,"price":1}],"date":"Aug 7, 2022, 6:56:17 PM"}
{"name":"Tstanon Karlak","level":145,"killCount":-1,"type":"NPC","drops":[{"name":"Malicious ashes","id":25772,"quantity":1,"price":1439},{"name":"Shark","id":385,"quantity":1,"price":886},{"name":"Shark","id":385,"quantity":1,"price":886},{"name":"Shark","id":385,"quantity":1,"price":886}],"date":"Aug 7, 2022, 6:59:08 PM"}
{"name":"Tstanon Karlak","level":145,"killCount":-1,"type":"NPC","drops":[{"name":"Malicious ashes","id":25772,"quantity":1,"price":1439},{"name":"Coins","id":995,"quantity":1362,"price":1}],"date":"Aug 7, 2022, 8:00:30 PM"}
{"name":"Tstanon Karlak","level":145,"killCount":-1,"type":"NPC","drops":[{"name":"Malicious ashes","id":25772,"quantity":1,"price":1439},{"name":"Coins","id":995,"quantity":1390,"price":1}],"date":"Aug 7, 2022, 8:02:58 PM"}
{"name":"Tstanon Karlak","level":145,"killCount":-1,"type":"NPC","drops":[{"name":"Malicious ashes","id":25772,"quantity":1,"price":1439},{"name":"Coins","id":995,"quantity":1395,"price":1}],"date":"Aug 7, 2022, 8:05:16 PM"}
{"name":"Tstanon Karlak","level":145,"killCount":-1,"type":"NPC","drops":[{"name":"Malicious ashes","id":25772,"quantity":1,"price":1439},{"name":"Coins","id":995,"quantity":1353,"price":1},{"name":"Malicious ashes","id":25772,"quantity":1,"price":1439},{"name":"Coins","id":995,"quantity":1387,"price":1}],"date":"Aug 7, 2022, 8:07:45 PM"}
{"name":"Tstanon Karlak","level":145,"killCount":-1,"type":"NPC","drops":[{"name":"Malicious ashes","id":25772,"quantity":1,"price":1439},{"name":"Coins","id":995,"quantity":1372,"price":1}],"date":"Aug 7, 2022, 8:20:31 PM"}
{"name":"Tstanon Karlak","level":145,"killCount":-1,"type":"NPC","drops":[{"name":"Malicious ashes","id":25772,"quantity":1,"price":1439},{"name":"Coins","id":995,"quantity":1338,"price":1}],"date":"Aug 7, 2022, 8:31:50 PM"}
{"name":"Tstanon Karlak","level":145,"killCount":-1,"type":"NPC","drops":[{"name":"Malicious ashes","id":25772,"quantity":1,"price":1439},{"name":"Coins","id":995,"quantity":1374,"price":1}],"date":"Aug 7, 2022, 8:34:18 PM"}
{"name":"Tstanon Karlak","level":145,"killCount":-1,"type":"NPC","drops":[{"name":"Malicious ashes","id":25772,"quantity":1,"price":1439},{"name":"Coins","id":995,"quantity":1372,"price":1}],"date":"Aug 7, 2022, 8:37:35 PM"}
{"name":"Tstanon Karlak","level":145,"killCount":-1,"type":"NPC","drops":[{"name":"Malicious ashes","id":25772,"quantity":1,"price":1439},{"name":"Coins","id":995,"quantity":1311,"price":1}],"date":"Aug 7, 2022, 8:40:09 PM"}
{"name":"Tstanon Karlak","level":145,"killCount":-1,"type":"NPC","drops":[{"name":"Malicious ashes","id":25772,"quantity":1,"price":1439},{"name":"Death rune","id":560,"quantity":9,"price":181}],"date":"Aug 7, 2022, 9:02:47 PM"}
{"name":"Tstanon Karlak","level":145,"killCount":-1,"type":"NPC","drops":[{"name":"Malicious ashes","id":25772,"quantity":1,"price":1439},{"name":"Coins","id":995,"quantity":1364,"price":1}],"date":"Aug 7, 2022, 9:05:25 PM"}
{"name":"Tstanon Karlak","level":145,"killCount":-1,"type":"NPC","drops":[{"name":"Malicious ashes","id":25772,"quantity":1,"price":1439},{"name":"Coins","id":995,"quantity":1357,"price":1}],"date":"Aug 7, 2022, 9:08:11 PM"}
{"name":"Tstanon Karlak","level":145,"killCount":-1,"type":"NPC","drops":[{"name":"Malicious ashes","id":25772,"quantity":1,"price":1439},{"name":"Coins","id":995,"quantity":1323,"price":1},{"name":"Malicious ashes","id":25772,"quantity":1,"price":1439},{"name":"Tuna potato","id":7060,"quantity":1,"price":1373},{"name":"Tuna potato","id":7060,"quantity":1,"price":1373}],"date":"Aug 7, 2022, 9:10:31 PM"}
{"name":"Tstanon Karlak","level":145,"killCount":-1,"type":"NPC","drops":[{"name":"Malicious ashes","id":25772,"quantity":1,"price":1439},{"name":"Coins","id":995,"quantity":1309,"price":1}],"date":"Aug 7, 2022, 9:24:13 PM"}
{"name":"Tstanon Karlak","level":145,"killCount":-1,"type":"NPC","drops":[{"name":"Malicious ashes","id":25772,"quantity":1,"price":1439},{"name":"Tuna potato","id":7060,"quantity":1,"price":1378},{"name":"Tuna potato","id":7060,"quantity":1,"price":1378}],"date":"Aug 7, 2022, 9:35:05 PM"}
{"name":"Tstanon Karlak","level":145,"killCount":-1,"type":"NPC","drops":[{"name":"Malicious ashes","id":25772,"quantity":1,"price":1439},{"name":"Death rune","id":560,"quantity":10,"price":180}],"date":"Aug 7, 2022, 9:38:08 PM"}
{"name":"Tstanon Karlak","level":145,"killCount":-1,"type":"NPC","drops":[{"name":"Malicious ashes","id":25772,"quantity":1,"price":1439},{"name":"Coins","id":995,"quantity":1318,"price":1},{"name":"Malicious ashes","id":25772,"quantity":1,"price":1439},{"name":"Coins","id":995,"quantity":1395,"price":1}],"date":"Aug 7, 2022, 9:40:51 PM"}
{"name":"Tstanon Karlak","level":145,"killCount":-1,"type":"NPC","drops":[{"name":"Malicious ashes","id":25772,"quantity":1,"price":1439},{"name":"Coins","id":995,"quantity":1330,"price":1}],"date":"Aug 7, 2022, 9:43:05 PM"}
{"name":"Tstanon Karlak","level":145,"killCount":-1,"type":"NPC","drops":[{"name":"Malicious ashes","id":25772,"quantity":1,"price":1439},{"name":"Tuna potato","id":7060,"quantity":1,"price":1374},{"name":"Tuna potato","id":7060,"quantity":1,"price":1374}],"date":"Aug 7, 2022, 10:16:39 PM"}
{"name":"Tstanon Karlak","level":145,"killCount":-1,"type":"NPC","drops":[{"name":"Malicious ashes","id":25772,"quantity":1,"price":1439},{"name":"Blood rune","id":565,"quantity":8,"price":360}],"date":"Aug 7, 2022, 10:19:09 PM"}
{"name":"Tstanon Karlak","level":145,"killCount":-1,"type":"NPC","drops":[{"name":"Malicious ashes","id":25772,"quantity":1,"price":1439},{"name":"Coins","id":995,"quantity":1330,"price":1}],"date":"Aug 7, 2022, 10:21:18 PM"}
{"name":"Tstanon Karlak","level":145,"killCount":-1,"type":"NPC","drops":[{"name":"Malicious ashes","id":25772,"quantity":1,"price":1439},{"name":"Coins","id":995,"quantity":1368,"price":1},{"name":"Malicious ashes","id":25772,"quantity":1,"price":1439},{"name":"Super strength(3)","id":157,"quantity":1,"price":1309}],"date":"Aug 7, 2022, 10:23:39 PM"}
{"name":"Tstanon Karlak","level":145,"killCount":-1,"type":"NPC","drops":[{"name":"Malicious ashes","id":25772,"quantity":1,"price":1439},{"name":"Wine of zamorak","id":246,"quantity":8,"price":862}],"date":"Aug 7, 2022, 10:26:19 PM"}
{"name":"Tstanon Karlak","level":145,"killCount":-1,"type":"NPC","drops":[{"name":"Malicious ashes","id":25772,"quantity":1,"price":1439},{"name":"Coins","id":995,"quantity":1370,"price":1}],"date":"Aug 7, 2022, 10:38:38 PM"}
{"name":"Tstanon Karlak","level":145,"killCount":-1,"type":"NPC","drops":[{"name":"Malicious ashes","id":25772,"quantity":1,"price":1439},{"name":"Coins","id":995,"quantity":1315,"price":1}],"date":"Aug 7, 2022, 10:41:01 PM"}
{"name":"Tstanon Karlak","level":145,"killCount":-1,"type":"NPC","drops":[{"name":"Malicious ashes","id":25772,"quantity":1,"price":1439},{"name":"Blood rune","id":565,"quantity":9,"price":363}],"date":"Aug 7, 2022, 10:44:01 PM"}
{"name":"Tstanon Karlak","level":145,"killCount":-1,"type":"NPC","drops":[{"name":"Malicious ashes","id":25772,"quantity":1,"price":1439},{"name":"Coins","id":995,"quantity":1369,"price":1}],"date":"Aug 7, 2022, 10:46:32 PM"}
{"name":"Tstanon Karlak","level":145,"killCount":-1,"type":"NPC","drops":[{"name":"Malicious ashes","id":25772,"quantity":1,"price":1439},{"name":"Coins","id":995,"quantity":1352,"price":1}],"date":"Aug 7, 2022, 10:48:42 PM"}
{"name":"Tstanon Karlak","level":145,"killCount":-1,"type":"NPC","drops":[{"name":"Malicious ashes","id":25772,"quantity":1,"price":1439},{"name":"Coins","id":995,"quantity":1345,"price":1}],"date":"Aug 7, 2022, 11:01:18 PM"}
{"name":"Tstanon Karlak","level":145,"killCount":-1,"type":"NPC","drops":[{"name":"Malicious ashes","id":25772,"quantity":1,"price":1439},{"name":"Coins","id":995,"quantity":1359,"price":1}],"date":"Aug 7, 2022, 11:11:50 PM"}
{"name":"Tstanon Karlak","level":145,"killCount":-1,"type":"NPC","drops":[{"name":"Malicious ashes","id":25772,"quantity":1,"price":1439},{"name":"Coins","id":995,"quantity":1310,"price":1}],"date":"Aug 7, 2022, 11:14:38 PM"}
{"name":"Tstanon Karlak","level":145,"killCount":-1,"type":"NPC","drops":[{"name":"Malicious ashes","id":25772,"quantity":1,"price":1439},{"name":"Wine of zamorak","id":246,"quantity":10,"price":867}],"date":"Aug 7, 2022, 11:28:12 PM"}
{"name":"Tstanon Karlak","level":145,"killCount":-1,"type":"NPC","drops":[{"name":"Malicious ashes","id":25772,"quantity":1,"price":1439},{"name":"Shark","id":385,"quantity":1,"price":879},{"name":"Shark","id":385,"quantity":1,"price":879},{"name":"Shark","id":385,"quantity":1,"price":879},{"name":"Malicious ashes","id":25772,"quantity":1,"price":1439},{"name":"Coins","id":995,"quantity":1302,"price":1}],"date":"Aug 7, 2022, 11:30:56 PM"}
{"name":"Tstanon Karlak","level":145,"killCount":-1,"type":"NPC","drops":[{"name":"Malicious ashes","id":25772,"quantity":1,"price":1439},{"name":"Blood rune","id":565,"quantity":6,"price":373}],"date":"Aug 7, 2022, 11:33:43 PM"}
{"name":"Tstanon Karlak","level":145,"killCount":-1,"type":"NPC","drops":[{"name":"Malicious ashes","id":25772,"quantity":1,"price":1439},{"name":"Coins","id":995,"quantity":1379,"price":1},{"name":"Malicious ashes","id":25772,"quantity":1,"price":1439},{"name":"Coins","id":995,"quantity":1322,"price":1}],"date":"Aug 7, 2022, 11:35:58 PM"}
{"name":"Tstanon Karlak","level":145,"killCount":-1,"type":"NPC","drops":[{"name":"Malicious ashes","id":25772,"quantity":1,"price":1439},{"name":"Coins","id":995,"quantity":1342,"price":1}],"date":"Aug 7, 2022, 11:48:51 PM"}
{"name":"Tstanon Karlak","level":145,"killCount":-1,"type":"NPC","drops":[{"name":"Malicious ashes","id":25772,"quantity":1,"price":1439},{"name":"Death rune","id":560,"quantity":6,"price":181}],"date":"Aug 7, 2022, 11:51:56 PM"}
{"name":"Tstanon Karlak","level":145,"killCount":-1,"type":"NPC","drops":[{"name":"Malicious ashes","id":25772,"quantity":1,"price":1439},{"name":"Blood rune","id":565,"quantity":9,"price":373}],"date":"Aug 7, 2022, 11:54:37 PM"}
{"name":"Tstanon Karlak","level":145,"killCount":-1,"type":"NPC","drops":[{"name":"Malicious ashes","id":25772,"quantity":1,"price":1439},{"name":"Wine of zamorak","id":246,"quantity":8,"price":865}],"date":"Aug 7, 2022, 11:57:34 PM"}
{"name":"Tstanon Karlak","level":145,"killCount":-1,"type":"NPC","drops":[{"name":"Malicious ashes","id":25772,"quantity":1,"price":1439},{"name":"Coins","id":995,"quantity":1395,"price":1}],"date":"Aug 8, 2022, 12:08:30 AM"}
{"name":"Tstanon Karlak","level":145,"killCount":-1,"type":"NPC","drops":[{"name":"Malicious ashes","id":25772,"quantity":1,"price":1439},{"name":"Coins","id":995,"quantity":1393,"price":1}],"date":"Aug 8, 2022, 12:22:34 AM"}
{"name":"Tstanon Karlak","level":145,"killCount":-1,"type":"NPC","drops":[{"name":"Malicious ashes","id":25772,"quantity":1,"price":1363},{"name":"Coins","id":995,"quantity":1318,"price":1}],"date":"Aug 8, 2022, 8:42:04 PM"}
{"name":"Tstanon Karlak","level":145,"killCount":-1,"type":"NPC","drops":[{"name":"Malicious ashes","id":25772,"quantity":1,"price":1363},{"name":"Super attack(3)","id":145,"quantity":1,"price":142}],"date":"Aug 8, 2022, 8:54:38 PM"}
{"name":"Tstanon Karlak","level":145,"killCount":-1,"type":"NPC","drops":[{"name":"Malicious ashes","id":25772,"quantity":1,"price":1363},{"name":"Shark","id":385,"quantity":1,"price":881},{"name":"Shark","id":385,"quantity":1,"price":881},{"name":"Shark","id":385,"quantity":1,"price":881},{"name":"Malicious ashes","id":25772,"quantity":1,"price":1363},{"name":"Coins","id":995,"quantity":1398,"price":1}],"date":"Aug 8, 2022, 9:05:17 PM"}
{"name":"Tstanon Karlak","level":145,"killCount":-1,"type":"NPC","drops":[{"name":"Malicious ashes","id":25772,"quantity":1,"price":1363},{"name":"Steel arrow","id":886,"quantity":99,"price":9}],"date":"Aug 8, 2022, 9:07:43 PM"}
{"name":"Tstanon Karlak","level":145,"killCount":-1,"type":"NPC","drops":[{"name":"Malicious ashes","id":25772,"quantity":1,"price":1363},{"name":"Wine of zamorak","id":246,"quantity":5,"price":883}],"date":"Aug 8, 2022, 9:47:17 PM"}
{"name":"Tstanon Karlak","level":145,"killCount":-1,"type":"NPC","drops":[{"name":"Malicious ashes","id":25772,"quantity":1,"price":1363},{"name":"Coins","id":995,"quantity":1366,"price":1}],"date":"Aug 8, 2022, 9:50:13 PM"}
{"name":"Tstanon Karlak","level":145,"killCount":-1,"type":"NPC","drops":[{"name":"Malicious ashes","id":25772,"quantity":1,"price":1363},{"name":"Death rune","id":560,"quantity":9,"price":179}],"date":"Aug 8, 2022, 10:00:54 PM"}
{"name":"Tstanon Karlak","level":145,"killCount":-1,"type":"NPC","drops":[{"name":"Malicious ashes","id":25772,"quantity":1,"price":1363},{"name":"Blood rune","id":565,"quantity":6,"price":368}],"date":"Aug 8, 2022, 10:03:41 PM"}
{"name":"Tstanon Karlak","level":145,"killCount":-1,"type":"NPC","drops":[{"name":"Malicious ashes","id":25772,"quantity":1,"price":1363},{"name":"Coins","id":995,"quantity":1307,"price":1}],"date":"Aug 8, 2022, 10:15:05 PM"}
{"name":"Tstanon Karlak","level":145,"killCount":-1,"type":"NPC","drops":[{"name":"Malicious ashes","id":25772,"quantity":1,"price":1363},{"name":"Steel arrow","id":886,"quantity":98,"price":9}],"date":"Aug 8, 2022, 10:20:47 PM"}
{"name":"Tstanon Karlak","level":145,"killCount":-1,"type":"NPC","drops":[{"name":"Malicious ashes","id":25772,"quantity":1,"price":1363},{"name":"Coins","id":995,"quantity":1388,"price":1}],"date":"Aug 8, 2022, 10:35:26 PM"}
{"name":"Tstanon Karlak","level":145,"killCount":-1,"type":"NPC","drops":[{"name":"Malicious ashes","id":25772,"quantity":1,"price":1363},{"name":"Coins","id":995,"quantity":1389,"price":1}],"date":"Aug 8, 2022, 10:37:31 PM"}
{"name":"Tstanon Karlak","level":145,"killCount":-1,"type":"NPC","drops":[{"name":"Malicious ashes","id":25772,"quantity":1,"price":1363},{"name":"Coins","id":995,"quantity":1386,"price":1}],"date":"Aug 8, 2022, 10:39:55 PM"}
{"name":"Tstanon Karlak","level":145,"killCount":-1,"type":"NPC","drops":[{"name":"Malicious ashes","id":25772,"quantity":1,"price":1363},{"name":"Coins","id":995,"quantity":1341,"price":1}],"date":"Aug 8, 2022, 10:42:28 PM"}
{"name":"Tstanon Karlak","level":145,"killCount":-1,"type":"NPC","drops":[{"name":"Malicious ashes","id":25772,"quantity":1,"price":1363},{"name":"Coins","id":995,"quantity":1342,"price":1}],"date":"Aug 8, 2022, 10:45:23 PM"}
{"name":"Tstanon Karlak","level":145,"killCount":-1,"type":"NPC","drops":[{"name":"Malicious ashes","id":25772,"quantity":1,"price":1363},{"name":"Coins","id":995,"quantity":1370,"price":1}],"date":"Aug 8, 2022, 10:57:58 PM"}
{"name":"Tstanon Karlak","level":145,"killCount":-1,"type":"NPC","drops":[{"name":"Malicious ashes","id":25772,"quantity":1,"price":1363},{"name":"Coins","id":995,"quantity":1356,"price":1}],"date":"Aug 8, 2022, 10:59:54 PM"}
{"name":"Tstanon Karlak","level":145,"killCount":-1,"type":"NPC","drops":[{"name":"Malicious ashes","id":25772,"quantity":1,"price":1363},{"name":"Coins","id":995,"quantity":1355,"price":1}],"date":"Aug 8, 2022, 11:03:06 PM"}
{"name":"Tstanon Karlak","level":145,"killCount":-1,"type":"NPC","drops":[{"name":"Malicious ashes","id":25772,"quantity":1,"price":1363},{"name":"Coins","id":995,"quantity":1368,"price":1}],"date":"Aug 8, 2022, 11:05:00 PM"}
{"name":"Tstanon Karlak","level":145,"killCount":-1,"type":"NPC","drops":[{"name":"Malicious ashes","id":25772,"quantity":1,"price":1363},{"name":"Steel arrow","id":886,"quantity":96,"price":9}],"date":"Aug 8, 2022, 11:17:21 PM"}
{"name":"Tstanon Karlak","level":145,"killCount":-1,"type":"NPC","drops":[{"name":"Malicious ashes","id":25772,"quantity":1,"price":1363},{"name":"Coins","id":995,"quantity":1327,"price":1}],"date":"Aug 8, 2022, 11:29:04 PM"}
{"name":"Tstanon Karlak","level":145,"killCount":-1,"type":"NPC","drops":[{"name":"Malicious ashes","id":25772,"quantity":1,"price":1363},{"name":"Coins","id":995,"quantity":1334,"price":1}],"date":"Aug 8, 2022, 11:47:39 PM"}
{"name":"Tstanon Karlak","level":145,"killCount":-1,"type":"NPC","drops":[{"name":"Malicious ashes","id":25772,"quantity":1,"price":1363},{"name":"Steel dart","id":808,"quantity":96,"price":4}],"date":"Aug 8, 2022, 11:50:41 PM"}
{"name":"Tstanon Karlak","level":145,"killCount":-1,"type":"NPC","drops":[{"name":"Malicious ashes","id":25772,"quantity":1,"price":1363},{"name":"Blood rune","id":565,"quantity":7,"price":364}],"date":"Aug 9, 2022, 12:02:51 AM"}
{"name":"Tstanon Karlak","level":145,"killCount":-1,"type":"NPC","drops":[{"name":"Malicious ashes","id":25772,"quantity":1,"price":1363},{"name":"Coins","id":995,"quantity":1385,"price":1}],"date":"Aug 9, 2022, 12:05:35 AM"}
{"name":"Tstanon Karlak","level":145,"killCount":-1,"type":"NPC","drops":[{"name":"Malicious ashes","id":25772,"quantity":1,"price":1363},{"name":"Wine of zamorak","id":246,"quantity":6,"price":879}],"date":"Aug 9, 2022, 12:07:42 AM"}
{"name":"Tstanon Karlak","level":145,"killCount":-1,"type":"NPC","drops":[{"name":"Malicious ashes","id":25772,"quantity":1,"price":1363},{"name":"Death rune","id":560,"quantity":8,"price":181}],"date":"Aug 9, 2022, 9:40:12 AM"}
{"name":"Tstanon Karlak","level":145,"killCount":-1,"type":"NPC","drops":[{"name":"Malicious ashes","id":25772,"quantity":1,"price":1363},{"name":"Coins","id":995,"quantity":1364,"price":1}],"date":"Aug 9, 2022, 10:17:50 AM"}
{"name":"Tstanon Karlak","level":145,"killCount":-1,"type":"NPC","drops":[{"name":"Malicious ashes","id":25772,"quantity":1,"price":1363},{"name":"Coins","id":995,"quantity":1393,"price":1}],"date":"Aug 9, 2022, 10:20:26 AM"}
{"name":"Tstanon Karlak","level":145,"killCount":-1,"type":"NPC","drops":[{"name":"Malicious ashes","id":25772,"quantity":1,"price":1363},{"name":"Death rune","id":560,"quantity":6,"price":180}],"date":"Aug 9, 2022, 10:31:07 AM"}
{"name":"Tstanon Karlak","level":145,"killCount":-1,"type":"NPC","drops":[{"name":"Malicious ashes","id":25772,"quantity":1,"price":1363},{"name":"Coins","id":995,"quantity":1364,"price":1},{"name":"Malicious ashes","id":25772,"quantity":1,"price":1363},{"name":"Steel arrow","id":886,"quantity":97,"price":9}],"date":"Aug 9, 2022, 10:34:41 AM"}
{"name":"Tstanon Karlak","level":145,"killCount":-1,"type":"NPC","drops":[{"name":"Malicious ashes","id":25772,"quantity":1,"price":1363},{"name":"Coins","id":995,"quantity":1376,"price":1}],"date":"Aug 9, 2022, 10:45:14 AM"}
{"name":"Tstanon Karlak","level":145,"killCount":-1,"type":"NPC","drops":[{"name":"Malicious ashes","id":25772,"quantity":1,"price":1363},{"name":"Coins","id":995,"quantity":1326,"price":1}],"date":"Aug 9, 2022, 10:48:04 AM"}
{"name":"Tstanon Karlak","level":145,"killCount":-1,"type":"NPC","drops":[{"name":"Malicious ashes","id":25772,"quantity":1,"price":1363},{"name":"Coins","id":995,"quantity":1330,"price":1}],"date":"Aug 9, 2022, 11:13:47 AM"}
{"name":"Tstanon Karlak","level":145,"killCount":-1,"type":"NPC","drops":[{"name":"Malicious ashes","id":25772,"quantity":1,"price":1363},{"name":"Tuna potato","id":7060,"quantity":1,"price":1355},{"name":"Tuna potato","id":7060,"quantity":1,"price":1355}],"date":"Aug 9, 2022, 11:16:55 AM"}
{"name":"Tstanon Karlak","level":145,"killCount":-1,"type":"NPC","drops":[{"name":"Malicious ashes","id":25772,"quantity":1,"price":1363},{"name":"Coins","id":995,"quantity":1380,"price":1}],"date":"Aug 9, 2022, 11:30:48 AM"}
{"name":"Tstanon Karlak","level":145,"killCount":-1,"type":"NPC","drops":[{"name":"Malicious ashes","id":25772,"quantity":1,"price":1363},{"name":"Coins","id":995,"quantity":1362,"price":1}],"date":"Aug 9, 2022, 11:46:33 AM"}
{"name":"Tstanon Karlak","level":145,"killCount":-1,"type":"NPC","drops":[{"name":"Malicious ashes","id":25772,"quantity":1,"price":1363},{"name":"Coins","id":995,"quantity":1324,"price":1}],"date":"Aug 9, 2022, 11:58:35 AM"}
{"name":"Tstanon Karlak","level":145,"killCount":-1,"type":"NPC","drops":[{"name":"Malicious ashes","id":25772,"quantity":1,"price":1363},{"name":"Coins","id":995,"quantity":1308,"price":1}],"date":"Aug 9, 2022, 12:01:39 PM"}
{"name":"Tstanon Karlak","level":145,"killCount":-1,"type":"NPC","drops":[{"name":"Malicious ashes","id":25772,"quantity":1,"price":1363},{"name":"Wine of zamorak","id":246,"quantity":10,"price":867}],"date":"Aug 9, 2022, 12:04:07 PM"}
{"name":"Tstanon Karlak","level":145,"killCount":-1,"type":"NPC","drops":[{"name":"Malicious ashes","id":25772,"quantity":1,"price":1363},{"name":"Coins","id":995,"quantity":1300,"price":1}],"date":"Aug 9, 2022, 12:27:21 PM"}
{"name":"Tstanon Karlak","level":145,"killCount":-1,"type":"NPC","drops":[{"name":"Malicious ashes","id":25772,"quantity":1,"price":1363},{"name":"Tuna potato","id":7060,"quantity":1,"price":1360},{"name":"Tuna potato","id":7060,"quantity":1,"price":1360},{"name":"Malicious ashes","id":25772,"quantity":1,"price":1363},{"name":"Coins","id":995,"quantity":1370,"price":1}],"date":"Aug 9, 2022, 12:57:31 PM"}
{"name":"Tstanon Karlak","level":145,"killCount":-1,"type":"NPC","drops":[{"name":"Malicious ashes","id":25772,"quantity":1,"price":1363},{"name":"Wine of zamorak","id":246,"quantity":6,"price":853}],"date":"Aug 9, 2022, 12:59:53 PM"}
{"name":"Tstanon Karlak","level":145,"killCount":-1,"type":"NPC","drops":[{"name":"Malicious ashes","id":25772,"quantity":1,"price":1363},{"name":"Coins","id":995,"quantity":1397,"price":1}],"date":"Aug 9, 2022, 1:03:24 PM"}
{"name":"Tstanon Karlak","level":145,"killCount":-1,"type":"NPC","drops":[{"name":"Malicious ashes","id":25772,"quantity":1,"price":1363},{"name":"Tuna potato","id":7060,"quantity":1,"price":1385},{"name":"Tuna potato","id":7060,"quantity":1,"price":1385}],"date":"Aug 9, 2022, 5:31:30 PM"}
{"name":"Tstanon Karlak","level":145,"killCount":-1,"type":"NPC","drops":[{"name":"Malicious ashes","id":25772,"quantity":1,"price":1363},{"name":"Death rune","id":560,"quantity":6,"price":181}],"date":"Aug 9, 2022, 5:43:14 PM"}
{"name":"Tstanon Karlak","level":145,"killCount":-1,"type":"NPC","drops":[{"name":"Malicious ashes","id":25772,"quantity":1,"price":1363},{"name":"Steel arrow","id":886,"quantity":96,"price":9}],"date":"Aug 9, 2022, 5:46:16 PM"}
{"name":"Tstanon Karlak","level":145,"killCount":-1,"type":"NPC","drops":[{"name":"Malicious ashes","id":25772,"quantity":1,"price":1363},{"name":"Coins","id":995,"quantity":1354,"price":1}],"date":"Aug 9, 2022, 6:11:44 PM"}
{"name":"Tstanon Karlak","level":145,"killCount":-1,"type":"NPC","drops":[{"name":"Malicious ashes","id":25772,"quantity":1,"price":1363},{"name":"Steel dart","id":808,"quantity":97,"price":3}],"date":"Aug 9, 2022, 6:22:11 PM"}
{"name":"Tstanon Karlak","level":145,"killCount":-1,"type":"NPC","drops":[{"name":"Malicious ashes","id":25772,"quantity":1,"price":1363},{"name":"Shark","id":385,"quantity":1,"price":854},{"name":"Shark","id":385,"quantity":1,"price":854},{"name":"Shark","id":385,"quantity":1,"price":854}],"date":"Aug 9, 2022, 6:34:48 PM"}
{"name":"Tstanon Karlak","level":145,"killCount":-1,"type":"NPC","drops":[{"name":"Malicious ashes","id":25772,"quantity":1,"price":1363},{"name":"Coins","id":995,"quantity":1398,"price":1}],"date":"Aug 9, 2022, 6:37:40 PM"}
{"name":"Tstanon Karlak","level":145,"killCount":-1,"type":"NPC","drops":[{"name":"Malicious ashes","id":25772,"quantity":1,"price":1363},{"name":"Coins","id":995,"quantity":1328,"price":1}],"date":"Aug 9, 2022, 6:51:22 PM"}
{"name":"Tstanon Karlak","level":145,"killCount":-1,"type":"NPC","drops":[{"name":"Malicious ashes","id":25772,"quantity":1,"price":1363},{"name":"Shark","id":385,"quantity":1,"price":854},{"name":"Shark","id":385,"quantity":1,"price":854},{"name":"Shark","id":385,"quantity":1,"price":854}],"date":"Aug 9, 2022, 6:54:53 PM"}
{"name":"Tstanon Karlak","level":145,"killCount":-1,"type":"NPC","drops":[{"name":"Malicious ashes","id":25772,"quantity":1,"price":1363},{"name":"Wine of zamorak","id":246,"quantity":9,"price":833}],"date":"Aug 9, 2022, 6:57:12 PM"}
{"name":"Tstanon Karlak","level":145,"killCount":-1,"type":"NPC","drops":[{"name":"Malicious ashes","id":25772,"quantity":1,"price":1363},{"name":"Coins","id":995,"quantity":1300,"price":1}],"date":"Aug 9, 2022, 7:09:36 PM"}
{"name":"Tstanon Karlak","level":145,"killCount":-1,"type":"NPC","drops":[{"name":"Malicious ashes","id":25772,"quantity":1,"price":1363},{"name":"Death rune","id":560,"quantity":7,"price":180},{"name":"Malicious ashes","id":25772,"quantity":1,"price":1363},{"name":"Coins","id":995,"quantity":1353,"price":1}],"date":"Aug 9, 2022, 7:11:22 PM"}
{"name":"Tstanon Karlak","level":145,"killCount":-1,"type":"NPC","drops":[{"name":"Malicious ashes","id":25772,"quantity":1,"price":1363},{"name":"Coins","id":995,"quantity":1369,"price":1}],"date":"Aug 9, 2022, 7:13:56 PM"}
{"name":"Tstanon Karlak","level":145,"killCount":-1,"type":"NPC","drops":[{"name":"Malicious ashes","id":25772,"quantity":1,"price":1363},{"name":"Death rune","id":560,"quantity":6,"price":180}],"date":"Aug 9, 2022, 7:16:33 PM"}
{"name":"Tstanon Karlak","level":145,"killCount":-1,"type":"NPC","drops":[{"name":"Malicious ashes","id":25772,"quantity":1,"price":1363},{"name":"Shark","id":385,"quantity":1,"price":859},{"name":"Shark","id":385,"quantity":1,"price":859},{"name":"Shark","id":385,"quantity":1,"price":859}],"date":"Aug 9, 2022, 7:28:26 PM"}
{"name":"Tstanon Karlak","level":145,"killCount":-1,"type":"NPC","drops":[{"name":"Malicious ashes","id":25772,"quantity":1,"price":1363},{"name":"Coins","id":995,"quantity":1358,"price":1}],"date":"Aug 9, 2022, 7:30:53 PM"}
{"name":"Tstanon Karlak","level":145,"killCount":-1,"type":"NPC","drops":[{"name":"Malicious ashes","id":25772,"quantity":1,"price":1363},{"name":"Super strength(3)","id":157,"quantity":1,"price":1478}],"date":"Aug 9, 2022, 7:42:16 PM"}
