{"name":"TzHaar-Ket","level":221,"killCount":-1,"type":"NPC","drops":[{"name":"Uncut ruby","id":1619,"quantity":1,"price":1156}],"date":"Aug 2, 2022, 4:05:46 PM"}
{"name":"TzHaar-Ket","level":149,"killCount":-1,"type":"NPC","drops":[{"name":"Death rune","id":560,"quantity":2,"price":183}],"date":"Aug 2, 2022, 4:08:03 PM"}
{"name":"TzHaar-Ket","level":221,"killCount":-1,"type":"NPC","drops":[{"name":"Uncut ruby","id":1619,"quantity":1,"price":1171}],"date":"Aug 2, 2022, 4:09:25 PM"}
{"name":"TzHaar-Ket","level":149,"killCount":-1,"type":"NPC","drops":[{"name":"Tzhaar-ket-om","id":6528,"quantity":1,"price":253636}],"date":"Aug 2, 2022, 4:10:34 PM"}
{"name":"TzHaar-Ket","level":221,"killCount":-1,"type":"NPC","drops":[{"name":"Uncut diamond","id":1617,"quantity":1,"price":2729}],"date":"Aug 2, 2022, 4:10:37 PM"}
{"name":"TzHaar-Ket","level":149,"killCount":-1,"type":"NPC","drops":[{"name":"Ensouled tzhaar head","id":13498,"quantity":1,"price":3342}],"date":"Aug 2, 2022, 4:13:50 PM"}
{"name":"TzHaar-Ket","level":149,"killCount":-1,"type":"NPC","drops":[{"name":"Ensouled tzhaar head","id":13498,"quantity":1,"price":3342}],"date":"Aug 2, 2022, 4:16:25 PM"}
{"name":"TzHaar-Ket","level":149,"killCount":-1,"type":"NPC","drops":[{"name":"Ensouled tzhaar head","id":13498,"quantity":1,"price":3342}],"date":"Aug 2, 2022, 4:19:27 PM"}
{"name":"TzHaar-Ket","level":221,"killCount":-1,"type":"NPC","drops":[{"name":"Uncut sapphire","id":1623,"quantity":1,"price":350}],"date":"Aug 2, 2022, 4:20:52 PM"}
{"name":"TzHaar-Ket","level":221,"killCount":-1,"type":"NPC","drops":[{"name":"Tokkul","id":6529,"quantity":44,"price":0}],"date":"Aug 2, 2022, 4:22:43 PM"}
{"name":"TzHaar-Ket","level":149,"killCount":-1,"type":"NPC","drops":[{"name":"Ensouled tzhaar head","id":13498,"quantity":1,"price":3342}],"date":"Aug 2, 2022, 4:24:19 PM"}
{"name":"TzHaar-Ket","level":149,"killCount":-1,"type":"NPC","drops":[{"name":"Uncut sapphire","id":1623,"quantity":1,"price":350}],"date":"Aug 2, 2022, 4:24:28 PM"}
{"name":"TzHaar-Ket","level":149,"killCount":-1,"type":"NPC","drops":[{"name":"Toktz-ket-xil","id":6524,"quantity":1,"price":377890}],"date":"Aug 2, 2022, 4:28:44 PM"}
{"name":"TzHaar-Ket","level":149,"killCount":-1,"type":"NPC","drops":[{"name":"Uncut emerald","id":1621,"quantity":1,"price":530}],"date":"Aug 2, 2022, 4:30:28 PM"}
{"name":"TzHaar-Ket","level":221,"killCount":-1,"type":"NPC","drops":[{"name":"Onyx bolt tips","id":9194,"quantity":1,"price":8200}],"date":"Aug 2, 2022, 4:32:11 PM"}
{"name":"TzHaar-Ket","level":149,"killCount":-1,"type":"NPC","drops":[{"name":"Uncut sapphire","id":1623,"quantity":1,"price":347}],"date":"Aug 2, 2022, 4:44:06 PM"}
{"name":"TzHaar-Ket","level":149,"killCount":-1,"type":"NPC","drops":[{"name":"Ensouled tzhaar head","id":13498,"quantity":1,"price":3342}],"date":"Aug 2, 2022, 4:46:04 PM"}
{"name":"TzHaar-Ket","level":221,"killCount":-1,"type":"NPC","drops":[{"name":"Onyx bolt tips","id":9194,"quantity":2,"price":8233}],"date":"Aug 2, 2022, 4:47:47 PM"}
{"name":"TzHaar-Ket","level":149,"killCount":-1,"type":"NPC","drops":[{"name":"Uncut sapphire","id":1623,"quantity":1,"price":347}],"date":"Aug 2, 2022, 4:48:24 PM"}
{"name":"TzHaar-Ket","level":221,"killCount":-1,"type":"NPC","drops":[{"name":"Uncut sapphire","id":1623,"quantity":1,"price":347}],"date":"Aug 2, 2022, 4:52:10 PM"}
{"name":"TzHaar-Ket","level":221,"killCount":-1,"type":"NPC","drops":[{"name":"Uncut emerald","id":1621,"quantity":1,"price":536}],"date":"Aug 2, 2022, 4:54:13 PM"}
{"name":"TzHaar-Ket","level":149,"killCount":-1,"type":"NPC","drops":[{"name":"Uncut emerald","id":1621,"quantity":1,"price":536}],"date":"Aug 2, 2022, 4:55:44 PM"}
{"name":"TzHaar-Ket","level":221,"killCount":-1,"type":"NPC","drops":[{"name":"Onyx bolt tips","id":9194,"quantity":3,"price":8233}],"date":"Aug 2, 2022, 4:57:27 PM"}
{"name":"TzHaar-Ket","level":221,"killCount":-1,"type":"NPC","drops":[{"name":"Onyx bolt tips","id":9194,"quantity":4,"price":8233},{"name":"Uncut emerald","id":1621,"quantity":1,"price":536}],"date":"Aug 2, 2022, 5:01:04 PM"}
{"name":"TzHaar-Ket","level":221,"killCount":-1,"type":"NPC","drops":[{"name":"Onyx bolt tips","id":9194,"quantity":1,"price":8233}],"date":"Aug 2, 2022, 5:03:03 PM"}
{"name":"TzHaar-Ket","level":149,"killCount":-1,"type":"NPC","drops":[{"name":"Uncut emerald","id":1621,"quantity":1,"price":536}],"date":"Aug 2, 2022, 5:04:38 PM"}
{"name":"TzHaar-Ket","level":221,"killCount":-1,"type":"NPC","drops":[{"name":"Uncut sapphire","id":1623,"quantity":1,"price":347}],"date":"Aug 2, 2022, 5:06:29 PM"}
{"name":"TzHaar-Ket","level":149,"killCount":-1,"type":"NPC","drops":[{"name":"Ensouled tzhaar head","id":13498,"quantity":1,"price":3369},{"name":"Uncut emerald","id":1621,"quantity":1,"price":533}],"date":"Aug 2, 2022, 5:12:58 PM"}
{"name":"TzHaar-Ket","level":221,"killCount":-1,"type":"NPC","drops":[{"name":"Ensouled tzhaar head","id":13498,"quantity":1,"price":2266},{"name":"Tokkul","id":6529,"quantity":77,"price":0}],"date":"Aug 28, 2022, 3:59:38 PM"}
{"name":"TzHaar-Ket","level":149,"killCount":-1,"type":"NPC","drops":[{"name":"Tokkul","id":6529,"quantity":25,"price":0}],"date":"Aug 28, 2022, 3:59:54 PM"}
{"name":"TzHaar-Ket","level":149,"killCount":-1,"type":"NPC","drops":[{"name":"Tokkul","id":6529,"quantity":13,"price":0}],"date":"Aug 28, 2022, 4:20:05 PM"}
{"name":"TzHaar-Ket","level":149,"killCount":-1,"type":"NPC","drops":[{"name":"Ensouled tzhaar head","id":13498,"quantity":1,"price":3425}],"date":"Aug 6, 2023, 5:23:50 PM"}
{"name":"TzHaar-Ket","level":221,"killCount":-1,"type":"NPC","drops":[{"name":"Onyx bolt tips","id":9194,"quantity":4,"price":8178}],"date":"Aug 6, 2023, 5:24:08 PM"}
{"name":"TzHaar-Ket","level":221,"killCount":-1,"type":"NPC","drops":[{"name":"Tokkul","id":6529,"quantity":70,"price":0}],"date":"Aug 6, 2023, 5:24:11 PM"}
{"name":"TzHaar-Ket","level":149,"killCount":-1,"type":"NPC","drops":[{"name":"Ensouled tzhaar head","id":13498,"quantity":1,"price":3425},{"name":"Uncut emerald","id":1621,"quantity":1,"price":416}],"date":"Aug 6, 2023, 5:24:24 PM"}
{"name":"TzHaar-Ket","level":149,"killCount":-1,"type":"NPC","drops":[{"name":"Tokkul","id":6529,"quantity":19,"price":0}],"date":"Aug 6, 2023, 5:25:28 PM"}
{"name":"TzHaar-Ket","level":221,"killCount":-1,"type":"NPC","drops":[{"name":"Ensouled tzhaar head","id":13498,"quantity":1,"price":3425},{"name":"Uncut diamond","id":1617,"quantity":1,"price":1611}],"date":"Aug 6, 2023, 5:25:46 PM"}
{"name":"TzHaar-Ket","level":221,"killCount":-1,"type":"NPC","drops":[{"name":"Tokkul","id":6529,"quantity":53,"price":0}],"date":"Aug 6, 2023, 5:25:55 PM"}
{"name":"TzHaar-Ket","level":149,"killCount":-1,"type":"NPC","drops":[{"name":"Tokkul","id":6529,"quantity":11,"price":0}],"date":"Aug 6, 2023, 5:26:53 PM"}
{"name":"TzHaar-Ket","level":149,"killCount":-1,"type":"NPC","drops":[{"name":"Ensouled tzhaar head","id":13498,"quantity":1,"price":3425},{"name":"Tokkul","id":6529,"quantity":61,"price":0}],"date":"Aug 6, 2023, 5:26:56 PM"}
{"name":"TzHaar-Ket","level":149,"killCount":-1,"type":"NPC","drops":[{"name":"Tokkul","id":6529,"quantity":13,"price":0}],"date":"Aug 6, 2023, 5:26:59 PM"}
{"name":"TzHaar-Ket","level":221,"killCount":-1,"type":"NPC","drops":[{"name":"Tokkul","id":6529,"quantity":73,"price":0}],"date":"Aug 6, 2023, 5:27:26 PM"}
{"name":"TzHaar-Ket","level":149,"killCount":-1,"type":"NPC","drops":[{"name":"Tokkul","id":6529,"quantity":19,"price":0},{"name":"Tokkul","id":6529,"quantity":45,"price":0},{"name":"Tokkul","id":6529,"quantity":16,"price":0}],"date":"Aug 6, 2023, 5:28:46 PM"}
{"name":"TzHaar-Ket","level":221,"killCount":-1,"type":"NPC","drops":[{"name":"Tokkul","id":6529,"quantity":26,"price":0}],"date":"Aug 6, 2023, 5:29:07 PM"}
{"name":"TzHaar-Ket","level":221,"killCount":-1,"type":"NPC","drops":[{"name":"Tokkul","id":6529,"quantity":75,"price":0}],"date":"Aug 6, 2023, 5:29:16 PM"}
{"name":"TzHaar-Ket","level":149,"killCount":-1,"type":"NPC","drops":[{"name":"Uncut ruby","id":1619,"quantity":1,"price":706}],"date":"Aug 6, 2023, 5:30:26 PM"}
{"name":"TzHaar-Ket","level":149,"killCount":-1,"type":"NPC","drops":[{"name":"Tokkul","id":6529,"quantity":24,"price":0}],"date":"Aug 6, 2023, 5:30:32 PM"}
{"name":"TzHaar-Ket","level":149,"killCount":-1,"type":"NPC","drops":[{"name":"Tokkul","id":6529,"quantity":1,"price":0}],"date":"Aug 6, 2023, 5:30:39 PM"}
{"name":"TzHaar-Ket","level":221,"killCount":-1,"type":"NPC","drops":[{"name":"Uncut sapphire","id":1623,"quantity":1,"price":275}],"date":"Aug 6, 2023, 5:30:58 PM"}
{"name":"TzHaar-Ket","level":149,"killCount":-1,"type":"NPC","drops":[{"name":"Tokkul","id":6529,"quantity":6,"price":0}],"date":"Aug 6, 2023, 5:32:02 PM"}
{"name":"TzHaar-Ket","level":149,"killCount":-1,"type":"NPC","drops":[{"name":"Tokkul","id":6529,"quantity":57,"price":0},{"name":"Tokkul","id":6529,"quantity":32,"price":0}],"date":"Aug 6, 2023, 5:32:05 PM"}
{"name":"TzHaar-Ket","level":149,"killCount":-1,"type":"NPC","drops":[{"name":"Tokkul","id":6529,"quantity":44,"price":0}],"date":"Aug 6, 2023, 5:32:14 PM"}
{"name":"TzHaar-Ket","level":149,"killCount":-1,"type":"NPC","drops":[{"name":"Tokkul","id":6529,"quantity":27,"price":0},{"name":"Tokkul","id":6529,"quantity":40,"price":0}],"date":"Aug 6, 2023, 5:33:34 PM"}
{"name":"TzHaar-Ket","level":149,"killCount":-1,"type":"NPC","drops":[{"name":"Tokkul","id":6529,"quantity":49,"price":0}],"date":"Aug 6, 2023, 5:33:37 PM"}
{"name":"TzHaar-Ket","level":149,"killCount":-1,"type":"NPC","drops":[{"name":"Uncut sapphire","id":1623,"quantity":1,"price":275}],"date":"Aug 6, 2023, 5:33:43 PM"}
{"name":"TzHaar-Ket","level":149,"killCount":-1,"type":"NPC","drops":[{"name":"Tokkul","id":6529,"quantity":6,"price":0},{"name":"Tokkul","id":6529,"quantity":1,"price":0}],"date":"Aug 6, 2023, 5:34:57 PM"}
{"name":"TzHaar-Ket","level":149,"killCount":-1,"type":"NPC","drops":[{"name":"Tokkul","id":6529,"quantity":56,"price":0}],"date":"Aug 6, 2023, 5:35:00 PM"}
{"name":"TzHaar-Ket","level":221,"killCount":-1,"type":"NPC","drops":[{"name":"Tokkul","id":6529,"quantity":52,"price":0}],"date":"Aug 6, 2023, 5:35:09 PM"}
{"name":"TzHaar-Ket","level":149,"killCount":-1,"type":"NPC","drops":[{"name":"Tokkul","id":6529,"quantity":58,"price":0}],"date":"Aug 6, 2023, 5:36:15 PM"}
{"name":"TzHaar-Ket","level":149,"killCount":-1,"type":"NPC","drops":[{"name":"Tokkul","id":6529,"quantity":64,"price":0}],"date":"Aug 6, 2023, 5:36:27 PM"}
{"name":"TzHaar-Ket","level":221,"killCount":-1,"type":"NPC","drops":[{"name":"Ensouled tzhaar head","id":13498,"quantity":1,"price":3425},{"name":"Tokkul","id":6529,"quantity":80,"price":0}],"date":"Aug 6, 2023, 5:36:30 PM"}
{"name":"TzHaar-Ket","level":221,"killCount":-1,"type":"NPC","drops":[{"name":"Tokkul","id":6529,"quantity":38,"price":0}],"date":"Aug 6, 2023, 5:36:44 PM"}
{"name":"TzHaar-Ket","level":149,"killCount":-1,"type":"NPC","drops":[{"name":"Ensouled tzhaar head","id":13498,"quantity":1,"price":3425},{"name":"Tokkul","id":6529,"quantity":13,"price":0}],"date":"Aug 6, 2023, 5:37:37 PM"}
{"name":"TzHaar-Ket","level":149,"killCount":-1,"type":"NPC","drops":[{"name":"Tokkul","id":6529,"quantity":13,"price":0}],"date":"Aug 6, 2023, 5:37:43 PM"}
{"name":"TzHaar-Ket","level":149,"killCount":-1,"type":"NPC","drops":[{"name":"Tokkul","id":6529,"quantity":26,"price":0}],"date":"Aug 6, 2023, 5:37:55 PM"}
{"name":"TzHaar-Ket","level":221,"killCount":-1,"type":"NPC","drops":[{"name":"Tokkul","id":6529,"quantity":70,"price":0}],"date":"Aug 6, 2023, 5:38:01 PM"}
{"name":"TzHaar-Ket","level":221,"killCount":-1,"type":"NPC","drops":[{"name":"Tokkul","id":6529,"quantity":32,"price":0}],"date":"Aug 6, 2023, 5:38:16 PM"}
{"name":"TzHaar-Ket","level":149,"killCount":-1,"type":"NPC","drops":[{"name":"Tokkul","id":6529,"quantity":44,"price":0}],"date":"Aug 6, 2023, 5:39:19 PM"}
{"name":"TzHaar-Ket","level":221,"killCount":-1,"type":"NPC","drops":[{"name":"Tokkul","id":6529,"quantity":36,"price":0}],"date":"Aug 6, 2023, 5:39:22 PM"}
{"name":"TzHaar-Ket","level":149,"killCount":-1,"type":"NPC","drops":[{"name":"Tokkul","id":6529,"quantity":35,"price":0},{"name":"Tokkul","id":6529,"quantity":60,"price":0}],"date":"Aug 6, 2023, 5:39:31 PM"}
{"name":"TzHaar-Ket","level":149,"killCount":-1,"type":"NPC","drops":[{"name":"Tokkul","id":6529,"quantity":36,"price":0}],"date":"Aug 6, 2023, 5:39:37 PM"}
{"name":"TzHaar-Ket","level":221,"killCount":-1,"type":"NPC","drops":[{"name":"Tokkul","id":6529,"quantity":76,"price":0}],"date":"Aug 6, 2023, 5:39:40 PM"}
{"name":"TzHaar-Ket","level":149,"killCount":-1,"type":"NPC","drops":[{"name":"Uncut emerald","id":1621,"quantity":1,"price":416}],"date":"Aug 6, 2023, 5:40:46 PM"}
{"name":"TzHaar-Ket","level":221,"killCount":-1,"type":"NPC","drops":[{"name":"Tokkul","id":6529,"quantity":43,"price":0}],"date":"Aug 6, 2023, 5:41:01 PM"}
{"name":"TzHaar-Ket","level":221,"killCount":-1,"type":"NPC","drops":[{"name":"Tokkul","id":6529,"quantity":60,"price":0}],"date":"Aug 6, 2023, 5:41:21 PM"}
{"name":"TzHaar-Ket","level":149,"killCount":-1,"type":"NPC","drops":[{"name":"Tokkul","id":6529,"quantity":28,"price":0}],"date":"Aug 6, 2023, 5:42:15 PM"}
{"name":"TzHaar-Ket","level":149,"killCount":-1,"type":"NPC","drops":[{"name":"Tokkul","id":6529,"quantity":42,"price":0}],"date":"Aug 6, 2023, 5:42:23 PM"}
{"name":"TzHaar-Ket","level":221,"killCount":-1,"type":"NPC","drops":[{"name":"Tokkul","id":6529,"quantity":22,"price":0}],"date":"Aug 6, 2023, 5:42:27 PM"}
{"name":"TzHaar-Ket","level":221,"killCount":-1,"type":"NPC","drops":[{"name":"Uncut sapphire","id":1623,"quantity":1,"price":275}],"date":"Aug 6, 2023, 5:42:32 PM"}
{"name":"TzHaar-Ket","level":149,"killCount":-1,"type":"NPC","drops":[{"name":"Tokkul","id":6529,"quantity":28,"price":0}],"date":"Aug 6, 2023, 5:42:39 PM"}
{"name":"TzHaar-Ket","level":149,"killCount":-1,"type":"NPC","drops":[{"name":"Tokkul","id":6529,"quantity":3,"price":0}],"date":"Aug 6, 2023, 5:45:06 PM"}
{"name":"TzHaar-Ket","level":149,"killCount":-1,"type":"NPC","drops":[{"name":"Tokkul","id":6529,"quantity":3,"price":0}],"date":"Aug 6, 2023, 5:45:12 PM"}
{"name":"TzHaar-Ket","level":221,"killCount":-1,"type":"NPC","drops":[{"name":"Uncut sapphire","id":1623,"quantity":1,"price":275}],"date":"Aug 6, 2023, 5:45:33 PM"}
{"name":"TzHaar-Ket","level":149,"killCount":-1,"type":"NPC","drops":[{"name":"Tokkul","id":6529,"quantity":51,"price":0}],"date":"Aug 6, 2023, 5:46:36 PM"}
{"name":"TzHaar-Ket","level":221,"killCount":-1,"type":"NPC","drops":[{"name":"Tokkul","id":6529,"quantity":79,"price":0}],"date":"Aug 6, 2023, 5:46:42 PM"}
{"name":"TzHaar-Ket","level":149,"killCount":-1,"type":"NPC","drops":[{"name":"Tokkul","id":6529,"quantity":58,"price":0},{"name":"Tokkul","id":6529,"quantity":9,"price":0}],"date":"Aug 6, 2023, 5:46:45 PM"}
{"name":"TzHaar-Ket","level":221,"killCount":-1,"type":"NPC","drops":[{"name":"Onyx bolt tips","id":9194,"quantity":3,"price":8178}],"date":"Aug 6, 2023, 5:46:48 PM"}
{"name":"TzHaar-Ket","level":149,"killCount":-1,"type":"NPC","drops":[{"name":"Tokkul","id":6529,"quantity":61,"price":0}],"date":"Aug 6, 2023, 5:48:02 PM"}
{"name":"TzHaar-Ket","level":221,"killCount":-1,"type":"NPC","drops":[{"name":"Tokkul","id":6529,"quantity":50,"price":0}],"date":"Aug 6, 2023, 5:48:08 PM"}
{"name":"TzHaar-Ket","level":221,"killCount":-1,"type":"NPC","drops":[{"name":"Tokkul","id":6529,"quantity":28,"price":0}],"date":"Aug 6, 2023, 5:48:11 PM"}
{"name":"TzHaar-Ket","level":149,"killCount":-1,"type":"NPC","drops":[{"name":"Tokkul","id":6529,"quantity":5,"price":0}],"date":"Aug 6, 2023, 5:49:24 PM"}
{"name":"TzHaar-Ket","level":221,"killCount":-1,"type":"NPC","drops":[{"name":"Tokkul","id":6529,"quantity":29,"price":0}],"date":"Aug 6, 2023, 5:49:39 PM"}
{"name":"TzHaar-Ket","level":221,"killCount":-1,"type":"NPC","drops":[{"name":"Onyx bolt tips","id":9194,"quantity":4,"price":8178}],"date":"Aug 6, 2023, 5:49:51 PM"}
{"name":"TzHaar-Ket","level":149,"killCount":-1,"type":"NPC","drops":[{"name":"Tokkul","id":6529,"quantity":63,"price":0}],"date":"Aug 6, 2023, 5:51:01 PM"}
{"name":"TzHaar-Ket","level":221,"killCount":-1,"type":"NPC","drops":[{"name":"Tokkul","id":6529,"quantity":30,"price":0},{"name":"Tokkul","id":6529,"quantity":28,"price":0}],"date":"Aug 6, 2023, 5:51:07 PM"}
{"name":"TzHaar-Ket","level":221,"killCount":-1,"type":"NPC","drops":[{"name":"Uncut sapphire","id":1623,"quantity":1,"price":275}],"date":"Aug 6, 2023, 5:51:21 PM"}
{"name":"TzHaar-Ket","level":149,"killCount":-1,"type":"NPC","drops":[{"name":"Tokkul","id":6529,"quantity":49,"price":0}],"date":"Aug 6, 2023, 5:52:25 PM"}
{"name":"TzHaar-Ket","level":149,"killCount":-1,"type":"NPC","drops":[{"name":"Uncut ruby","id":1619,"quantity":1,"price":706}],"date":"Aug 6, 2023, 5:52:28 PM"}
{"name":"TzHaar-Ket","level":221,"killCount":-1,"type":"NPC","drops":[{"name":"Uncut sapphire","id":1623,"quantity":1,"price":275}],"date":"Aug 6, 2023, 5:53:55 PM"}
{"name":"TzHaar-Ket","level":149,"killCount":-1,"type":"NPC","drops":[{"name":"Tokkul","id":6529,"quantity":24,"price":0},{"name":"Tokkul","id":6529,"quantity":40,"price":0}],"date":"Aug 6, 2023, 5:54:01 PM"}
{"name":"TzHaar-Ket","level":149,"killCount":-1,"type":"NPC","drops":[{"name":"Tokkul","id":6529,"quantity":33,"price":0},{"name":"Tokkul","id":6529,"quantity":63,"price":0}],"date":"Aug 6, 2023, 5:54:07 PM"}
{"name":"TzHaar-Ket","level":221,"killCount":-1,"type":"NPC","drops":[{"name":"Uncut sapphire","id":1623,"quantity":1,"price":275},{"name":"Tokkul","id":6529,"quantity":50,"price":0}],"date":"Aug 6, 2023, 5:55:25 PM"}
{"name":"TzHaar-Ket","level":149,"killCount":-1,"type":"NPC","drops":[{"name":"Tokkul","id":6529,"quantity":4,"price":0}],"date":"Aug 6, 2023, 5:55:28 PM"}
{"name":"TzHaar-Ket","level":149,"killCount":-1,"type":"NPC","drops":[{"name":"Tokkul","id":6529,"quantity":25,"price":0},{"name":"Tokkul","id":6529,"quantity":54,"price":0}],"date":"Aug 6, 2023, 5:55:31 PM"}
{"name":"TzHaar-Ket","level":221,"killCount":-1,"type":"NPC","drops":[{"name":"Tokkul","id":6529,"quantity":62,"price":0}],"date":"Aug 6, 2023, 5:55:49 PM"}
{"name":"TzHaar-Ket","level":149,"killCount":-1,"type":"NPC","drops":[{"name":"Ensouled tzhaar head","id":13498,"quantity":1,"price":3425},{"name":"Tokkul","id":6529,"quantity":6,"price":0}],"date":"Aug 6, 2023, 5:56:57 PM"}
{"name":"TzHaar-Ket","level":221,"killCount":-1,"type":"NPC","drops":[{"name":"Tokkul","id":6529,"quantity":51,"price":0},{"name":"Tokkul","id":6529,"quantity":40,"price":0}],"date":"Aug 6, 2023, 5:57:03 PM"}
{"name":"TzHaar-Ket","level":221,"killCount":-1,"type":"NPC","drops":[{"name":"Ensouled tzhaar head","id":13498,"quantity":1,"price":3425}],"date":"Aug 6, 2023, 5:57:12 PM"}
{"name":"TzHaar-Ket","level":149,"killCount":-1,"type":"NPC","drops":[{"name":"Toktz-ket-xil","id":6524,"quantity":1,"price":330910}],"date":"Aug 26, 2023, 2:40:30 PM"}
