{"name":"TzHaar-Mej","level":103,"killCount":-1,"type":"NPC","drops":[{"name":"Death rune","id":560,"quantity":2,"price":183}],"date":"Aug 2, 2022, 4:21:01 PM"}
{"name":"TzHaar-Mej","level":103,"killCount":-1,"type":"NPC","drops":[{"name":"Fire rune","id":554,"quantity":25,"price":5}],"date":"Aug 2, 2022, 4:27:10 PM"}
{"name":"TzHaar-Mej","level":103,"killCount":-1,"type":"NPC","drops":[{"name":"Chaos rune","id":562,"quantity":5,"price":69}],"date":"Aug 2, 2022, 4:30:31 PM"}
{"name":"TzHaar-Mej","level":103,"killCount":-1,"type":"NPC","drops":[{"name":"Chaos rune","id":562,"quantity":5,"price":69},{"name":"Uncut ruby","id":1619,"quantity":1,"price":1171}],"date":"Aug 2, 2022, 4:33:36 PM"}
{"name":"TzHaar-Mej","level":103,"killCount":-1,"type":"NPC","drops":[{"name":"Air rune","id":556,"quantity":25,"price":5}],"date":"Aug 2, 2022, 4:35:14 PM"}
{"name":"TzHaar-Mej","level":103,"killCount":-1,"type":"NPC","drops":[{"name":"Nature rune","id":561,"quantity":2,"price":182}],"date":"Aug 2, 2022, 4:42:32 PM"}
{"name":"TzHaar-Mej","level":103,"killCount":-1,"type":"NPC","drops":[{"name":"Chaos rune","id":562,"quantity":5,"price":71}],"date":"Aug 2, 2022, 4:49:47 PM"}
{"name":"TzHaar-Mej","level":103,"killCount":-1,"type":"NPC","drops":[{"name":"Earth rune","id":557,"quantity":25,"price":4}],"date":"Aug 2, 2022, 5:02:34 PM"}
{"name":"TzHaar-Mej","level":103,"killCount":-1,"type":"NPC","drops":[{"name":"Air rune","id":556,"quantity":25,"price":5}],"date":"Aug 2, 2022, 5:11:14 PM"}
{"name":"TzHaar-Mej","level":103,"killCount":-1,"type":"NPC","drops":[{"name":"Tokkul","id":6529,"quantity":3,"price":0}],"date":"Aug 28, 2022, 3:59:00 PM"}
{"name":"TzHaar-Mej","level":103,"killCount":-1,"type":"NPC","drops":[{"name":"Tokkul","id":6529,"quantity":9,"price":0}],"date":"Aug 6, 2023, 5:29:38 PM"}
{"name":"TzHaar-Mej","level":103,"killCount":-1,"type":"NPC","drops":[{"name":"Tokkul","id":6529,"quantity":10,"price":0}],"date":"Aug 6, 2023, 5:32:24 PM"}
{"name":"TzHaar-Mej","level":103,"killCount":-1,"type":"NPC","drops":[{"name":"Tokkul","id":6529,"quantity":11,"price":0}],"date":"Aug 6, 2023, 5:39:22 PM"}
{"name":"TzHaar-Mej","level":103,"killCount":-1,"type":"NPC","drops":[{"name":"Ensouled tzhaar head","id":13498,"quantity":1,"price":3425}],"date":"Aug 6, 2023, 5:43:40 PM"}
{"name":"TzHaar-Mej","level":103,"killCount":-1,"type":"NPC","drops":[{"name":"Tokkul","id":6529,"quantity":11,"price":0}],"date":"Aug 6, 2023, 5:45:03 PM"}
{"name":"TzHaar-Mej","level":103,"killCount":-1,"type":"NPC","drops":[{"name":"Air rune","id":556,"quantity":25,"price":4}],"date":"Aug 6, 2023, 5:46:39 PM"}
{"name":"TzHaar-Mej","level":103,"killCount":-1,"type":"NPC","drops":[{"name":"Nature rune","id":561,"quantity":2,"price":87}],"date":"Aug 6, 2023, 5:50:49 PM"}
{"name":"TzHaar-Mej","level":103,"killCount":-1,"type":"NPC","drops":[{"name":"Tokkul","id":6529,"quantity":10,"price":0}],"date":"Aug 6, 2023, 5:52:53 PM"}
{"name":"TzHaar-Mej","level":103,"killCount":-1,"type":"NPC","drops":[{"name":"Tokkul","id":6529,"quantity":19,"price":0}],"date":"Aug 6, 2023, 5:54:10 PM"}
{"name":"TzHaar-Mej","level":103,"killCount":-1,"type":"NPC","drops":[{"name":"Fire rune","id":554,"quantity":25,"price":4}],"date":"Aug 6, 2023, 5:56:46 PM"}
{"name":"TzHaar-Mej","level":103,"killCount":-1,"type":"NPC","drops":[{"name":"Tokkul","id":6529,"quantity":1,"price":0}],"date":"Aug 26, 2023, 3:35:30 PM"}
