{"name":"TzHaar-Xil","level":133,"killCount":-1,"type":"NPC","drops":[{"name":"Tokkul","id":6529,"quantity":32,"price":0}],"date":"Aug 28, 2022, 3:33:18 PM"}
{"name":"TzHaar-Xil","level":133,"killCount":-1,"type":"NPC","drops":[{"name":"Tokkul","id":6529,"quantity":9,"price":0}],"date":"Aug 28, 2022, 3:35:04 PM"}
{"name":"TzHaar-Xil","level":133,"killCount":-1,"type":"NPC","drops":[{"name":"Tokkul","id":6529,"quantity":13,"price":0}],"date":"Aug 28, 2022, 3:35:37 PM"}
{"name":"TzHaar-Xil","level":133,"killCount":-1,"type":"NPC","drops":[{"name":"Tokkul","id":6529,"quantity":10,"price":0}],"date":"Aug 28, 2022, 3:36:26 PM"}
{"name":"TzHaar-Xil","level":133,"killCount":-1,"type":"NPC","drops":[{"name":"Tokkul","id":6529,"quantity":22,"price":0}],"date":"Aug 28, 2022, 3:36:46 PM"}
{"name":"TzHaar-Xil","level":133,"killCount":-1,"type":"NPC","drops":[{"name":"Tokkul","id":6529,"quantity":18,"price":0}],"date":"Aug 28, 2022, 3:43:39 PM"}
{"name":"TzHaar-Xil","level":133,"killCount":-1,"type":"NPC","drops":[{"name":"Tokkul","id":6529,"quantity":27,"price":0}],"date":"Aug 28, 2022, 3:43:53 PM"}
{"name":"TzHaar-Xil","level":133,"killCount":-1,"type":"NPC","drops":[{"name":"Tokkul","id":6529,"quantity":12,"price":0}],"date":"Aug 28, 2022, 3:44:02 PM"}
{"name":"TzHaar-Xil","level":133,"killCount":-1,"type":"NPC","drops":[{"name":"Tokkul","id":6529,"quantity":14,"price":0}],"date":"Aug 28, 2022, 3:44:53 PM"}
{"name":"TzHaar-Xil","level":133,"killCount":-1,"type":"NPC","drops":[{"name":"Tokkul","id":6529,"quantity":18,"price":0}],"date":"Aug 28, 2022, 3:45:31 PM"}
{"name":"TzHaar-Xil","level":133,"killCount":-1,"type":"NPC","drops":[{"name":"Tokkul","id":6529,"quantity":22,"price":0}],"date":"Aug 28, 2022, 3:46:05 PM"}
{"name":"TzHaar-Xil","level":133,"killCount":-1,"type":"NPC","drops":[{"name":"Tokkul","id":6529,"quantity":8,"price":0}],"date":"Aug 28, 2022, 3:46:24 PM"}
{"name":"TzHaar-Xil","level":133,"killCount":-1,"type":"NPC","drops":[{"name":"Tokkul","id":6529,"quantity":30,"price":0}],"date":"Aug 28, 2022, 3:46:45 PM"}
{"name":"TzHaar-Xil","level":133,"killCount":-1,"type":"NPC","drops":[{"name":"Tokkul","id":6529,"quantity":13,"price":0}],"date":"Aug 28, 2022, 3:47:00 PM"}
{"name":"TzHaar-Xil","level":133,"killCount":-1,"type":"NPC","drops":[{"name":"Tokkul","id":6529,"quantity":25,"price":0}],"date":"Aug 28, 2022, 3:47:26 PM"}
{"name":"TzHaar-Xil","level":133,"killCount":-1,"type":"NPC","drops":[{"name":"Tokkul","id":6529,"quantity":15,"price":0}],"date":"Aug 28, 2022, 3:48:42 PM"}
{"name":"TzHaar-Xil","level":133,"killCount":-1,"type":"NPC","drops":[{"name":"Tokkul","id":6529,"quantity":19,"price":0}],"date":"Aug 28, 2022, 3:48:52 PM"}
{"name":"TzHaar-Xil","level":133,"killCount":-1,"type":"NPC","drops":[{"name":"Tokkul","id":6529,"quantity":8,"price":0}],"date":"Aug 28, 2022, 3:49:03 PM"}
{"name":"TzHaar-Xil","level":133,"killCount":-1,"type":"NPC","drops":[{"name":"Tokkul","id":6529,"quantity":9,"price":0}],"date":"Aug 28, 2022, 3:49:50 PM"}
{"name":"TzHaar-Xil","level":133,"killCount":-1,"type":"NPC","drops":[{"name":"Tokkul","id":6529,"quantity":16,"price":0}],"date":"Aug 28, 2022, 3:51:09 PM"}
{"name":"TzHaar-Xil","level":133,"killCount":-1,"type":"NPC","drops":[{"name":"Tokkul","id":6529,"quantity":1,"price":0}],"date":"Aug 28, 2022, 3:51:32 PM"}
{"name":"TzHaar-Xil","level":133,"killCount":-1,"type":"NPC","drops":[{"name":"Tokkul","id":6529,"quantity":18,"price":0}],"date":"Aug 28, 2022, 3:51:47 PM"}
{"name":"TzHaar-Xil","level":133,"killCount":-1,"type":"NPC","drops":[{"name":"Tokkul","id":6529,"quantity":10,"price":0}],"date":"Aug 28, 2022, 3:52:00 PM"}
{"name":"TzHaar-Xil","level":133,"killCount":-1,"type":"NPC","drops":[{"name":"Tokkul","id":6529,"quantity":29,"price":0}],"date":"Aug 28, 2022, 3:52:15 PM"}
{"name":"TzHaar-Xil","level":133,"killCount":-1,"type":"NPC","drops":[{"name":"Tokkul","id":6529,"quantity":12,"price":0}],"date":"Aug 28, 2022, 3:53:00 PM"}
{"name":"TzHaar-Xil","level":133,"killCount":-1,"type":"NPC","drops":[{"name":"Tokkul","id":6529,"quantity":1,"price":0}],"date":"Aug 28, 2022, 3:53:20 PM"}
{"name":"TzHaar-Xil","level":133,"killCount":-1,"type":"NPC","drops":[{"name":"Tokkul","id":6529,"quantity":2,"price":0}],"date":"Aug 28, 2022, 3:53:57 PM"}
{"name":"TzHaar-Xil","level":133,"killCount":-1,"type":"NPC","drops":[{"name":"Tokkul","id":6529,"quantity":7,"price":0}],"date":"Aug 28, 2022, 3:55:09 PM"}
{"name":"TzHaar-Xil","level":133,"killCount":-1,"type":"NPC","drops":[{"name":"Tokkul","id":6529,"quantity":9,"price":0}],"date":"Aug 28, 2022, 3:55:33 PM"}
{"name":"TzHaar-Xil","level":133,"killCount":-1,"type":"NPC","drops":[{"name":"Tokkul","id":6529,"quantity":3,"price":0}],"date":"Aug 28, 2022, 3:55:44 PM"}
{"name":"TzHaar-Xil","level":133,"killCount":-1,"type":"NPC","drops":[{"name":"Tokkul","id":6529,"quantity":17,"price":0}],"date":"Aug 28, 2022, 3:56:01 PM"}
{"name":"TzHaar-Xil","level":133,"killCount":-1,"type":"NPC","drops":[{"name":"Tokkul","id":6529,"quantity":22,"price":0}],"date":"Aug 28, 2022, 3:56:11 PM"}
{"name":"TzHaar-Xil","level":133,"killCount":-1,"type":"NPC","drops":[{"name":"Tokkul","id":6529,"quantity":30,"price":0}],"date":"Aug 28, 2022, 3:56:43 PM"}
{"name":"TzHaar-Xil","level":133,"killCount":-1,"type":"NPC","drops":[{"name":"Tokkul","id":6529,"quantity":16,"price":0}],"date":"Aug 28, 2022, 3:57:01 PM"}
{"name":"TzHaar-Xil","level":133,"killCount":-1,"type":"NPC","drops":[{"name":"Tokkul","id":6529,"quantity":23,"price":0}],"date":"Aug 28, 2022, 3:57:40 PM"}
{"name":"TzHaar-Xil","level":133,"killCount":-1,"type":"NPC","drops":[{"name":"Tokkul","id":6529,"quantity":14,"price":0}],"date":"Aug 28, 2022, 3:58:00 PM"}
{"name":"TzHaar-Xil","level":133,"killCount":-1,"type":"NPC","drops":[{"name":"Tokkul","id":6529,"quantity":10,"price":0}],"date":"Aug 28, 2022, 4:01:43 PM"}
{"name":"TzHaar-Xil","level":133,"killCount":-1,"type":"NPC","drops":[{"name":"Uncut sapphire","id":1623,"quantity":1,"price":309}],"date":"Aug 28, 2022, 4:02:30 PM"}
{"name":"TzHaar-Xil","level":133,"killCount":-1,"type":"NPC","drops":[{"name":"Tokkul","id":6529,"quantity":10,"price":0}],"date":"Aug 28, 2022, 4:03:33 PM"}
{"name":"TzHaar-Xil","level":133,"killCount":-1,"type":"NPC","drops":[{"name":"Tokkul","id":6529,"quantity":3,"price":0}],"date":"Aug 28, 2022, 4:06:35 PM"}
{"name":"TzHaar-Xil","level":133,"killCount":-1,"type":"NPC","drops":[{"name":"Tokkul","id":6529,"quantity":9,"price":0}],"date":"Aug 28, 2022, 4:06:54 PM"}
{"name":"TzHaar-Xil","level":133,"killCount":-1,"type":"NPC","drops":[{"name":"Tokkul","id":6529,"quantity":14,"price":0}],"date":"Aug 28, 2022, 4:07:10 PM"}
{"name":"TzHaar-Xil","level":133,"killCount":-1,"type":"NPC","drops":[{"name":"Tokkul","id":6529,"quantity":23,"price":0}],"date":"Aug 28, 2022, 4:08:06 PM"}
{"name":"TzHaar-Xil","level":133,"killCount":-1,"type":"NPC","drops":[{"name":"Tokkul","id":6529,"quantity":28,"price":0}],"date":"Aug 28, 2022, 4:08:27 PM"}
{"name":"TzHaar-Xil","level":133,"killCount":-1,"type":"NPC","drops":[{"name":"Tokkul","id":6529,"quantity":12,"price":0}],"date":"Aug 28, 2022, 4:09:03 PM"}
{"name":"TzHaar-Xil","level":133,"killCount":-1,"type":"NPC","drops":[{"name":"Tokkul","id":6529,"quantity":20,"price":0}],"date":"Aug 28, 2022, 4:09:32 PM"}
{"name":"TzHaar-Xil","level":133,"killCount":-1,"type":"NPC","drops":[{"name":"Tokkul","id":6529,"quantity":4,"price":0}],"date":"Aug 28, 2022, 4:09:49 PM"}
{"name":"TzHaar-Xil","level":133,"killCount":-1,"type":"NPC","drops":[{"name":"Uncut emerald","id":1621,"quantity":1,"price":487}],"date":"Aug 28, 2022, 4:10:58 PM"}
{"name":"TzHaar-Xil","level":133,"killCount":-1,"type":"NPC","drops":[{"name":"Tokkul","id":6529,"quantity":11,"price":0}],"date":"Aug 28, 2022, 4:12:03 PM"}
{"name":"TzHaar-Xil","level":133,"killCount":-1,"type":"NPC","drops":[{"name":"Tokkul","id":6529,"quantity":19,"price":0}],"date":"Aug 28, 2022, 4:12:14 PM"}
{"name":"TzHaar-Xil","level":133,"killCount":-1,"type":"NPC","drops":[{"name":"Tokkul","id":6529,"quantity":14,"price":0}],"date":"Aug 28, 2022, 4:13:03 PM"}
{"name":"TzHaar-Xil","level":133,"killCount":-1,"type":"NPC","drops":[{"name":"Tokkul","id":6529,"quantity":20,"price":0}],"date":"Aug 28, 2022, 4:13:59 PM"}
{"name":"TzHaar-Xil","level":133,"killCount":-1,"type":"NPC","drops":[{"name":"Tokkul","id":6529,"quantity":21,"price":0}],"date":"Aug 28, 2022, 4:15:42 PM"}
{"name":"TzHaar-Xil","level":133,"killCount":-1,"type":"NPC","drops":[{"name":"Tokkul","id":6529,"quantity":7,"price":0}],"date":"Aug 28, 2022, 4:16:17 PM"}
{"name":"TzHaar-Xil","level":133,"killCount":-1,"type":"NPC","drops":[{"name":"Tokkul","id":6529,"quantity":23,"price":0}],"date":"Aug 28, 2022, 4:17:30 PM"}
{"name":"TzHaar-Xil","level":133,"killCount":-1,"type":"NPC","drops":[{"name":"Tokkul","id":6529,"quantity":7,"price":0}],"date":"Aug 28, 2022, 4:17:45 PM"}
{"name":"TzHaar-Xil","level":133,"killCount":-1,"type":"NPC","drops":[{"name":"Tokkul","id":6529,"quantity":20,"price":0}],"date":"Aug 28, 2022, 4:18:24 PM"}
{"name":"TzHaar-Xil","level":133,"killCount":-1,"type":"NPC","drops":[{"name":"Tokkul","id":6529,"quantity":22,"price":0}],"date":"Aug 28, 2022, 4:19:01 PM"}
{"name":"TzHaar-Xil","level":133,"killCount":-1,"type":"NPC","drops":[{"name":"Tokkul","id":6529,"quantity":17,"price":0}],"date":"Aug 28, 2022, 4:19:29 PM"}
{"name":"TzHaar-Xil","level":133,"killCount":-1,"type":"NPC","drops":[{"name":"Tokkul","id":6529,"quantity":27,"price":0}],"date":"Aug 28, 2022, 4:20:22 PM"}
{"name":"TzHaar-Xil","level":133,"killCount":-1,"type":"NPC","drops":[{"name":"Tokkul","id":6529,"quantity":8,"price":0}],"date":"Aug 28, 2022, 4:20:36 PM"}
{"name":"TzHaar-Xil","level":133,"killCount":-1,"type":"NPC","drops":[{"name":"Tokkul","id":6529,"quantity":28,"price":0}],"date":"Aug 28, 2022, 4:20:52 PM"}
{"name":"TzHaar-Xil","level":133,"killCount":-1,"type":"NPC","drops":[{"name":"Uncut sapphire","id":1623,"quantity":1,"price":309}],"date":"Aug 28, 2022, 4:21:05 PM"}
{"name":"TzHaar-Xil","level":133,"killCount":-1,"type":"NPC","drops":[{"name":"Tokkul","id":6529,"quantity":12,"price":0}],"date":"Aug 28, 2022, 4:21:26 PM"}
{"name":"TzHaar-Xil","level":133,"killCount":-1,"type":"NPC","drops":[{"name":"Tokkul","id":6529,"quantity":8,"price":0}],"date":"Aug 28, 2022, 4:21:53 PM"}
{"name":"TzHaar-Xil","level":133,"killCount":-1,"type":"NPC","drops":[{"name":"Tokkul","id":6529,"quantity":21,"price":0}],"date":"Aug 28, 2022, 4:22:12 PM"}
{"name":"TzHaar-Xil","level":133,"killCount":-1,"type":"NPC","drops":[{"name":"Tokkul","id":6529,"quantity":2,"price":0}],"date":"Aug 28, 2022, 4:22:34 PM"}
{"name":"TzHaar-Xil","level":133,"killCount":-1,"type":"NPC","drops":[{"name":"Tokkul","id":6529,"quantity":19,"price":0}],"date":"Aug 28, 2022, 4:22:55 PM"}
{"name":"TzHaar-Xil","level":133,"killCount":-1,"type":"NPC","drops":[{"name":"Tokkul","id":6529,"quantity":22,"price":0}],"date":"Aug 28, 2022, 4:23:52 PM"}
{"name":"TzHaar-Xil","level":133,"killCount":-1,"type":"NPC","drops":[{"name":"Tokkul","id":6529,"quantity":20,"price":0}],"date":"Aug 28, 2022, 4:24:36 PM"}
{"name":"TzHaar-Xil","level":133,"killCount":-1,"type":"NPC","drops":[{"name":"Tokkul","id":6529,"quantity":14,"price":0}],"date":"Aug 6, 2023, 5:23:56 PM"}
{"name":"TzHaar-Xil","level":133,"killCount":-1,"type":"NPC","drops":[{"name":"Tokkul","id":6529,"quantity":10,"price":0}],"date":"Aug 26, 2023, 2:25:58 PM"}
{"name":"TzHaar-Xil","level":133,"killCount":-1,"type":"NPC","drops":[{"name":"Tokkul","id":6529,"quantity":1,"price":0}],"date":"Aug 26, 2023, 2:26:16 PM"}
{"name":"TzHaar-Xil","level":133,"killCount":-1,"type":"NPC","drops":[{"name":"Tokkul","id":6529,"quantity":27,"price":0}],"date":"Aug 26, 2023, 2:26:33 PM"}
{"name":"TzHaar-Xil","level":133,"killCount":-1,"type":"NPC","drops":[{"name":"Tokkul","id":6529,"quantity":5,"price":0}],"date":"Aug 26, 2023, 2:27:39 PM"}
{"name":"TzHaar-Xil","level":133,"killCount":-1,"type":"NPC","drops":[{"name":"Tokkul","id":6529,"quantity":6,"price":0}],"date":"Aug 26, 2023, 2:27:54 PM"}
{"name":"TzHaar-Xil","level":133,"killCount":-1,"type":"NPC","drops":[{"name":"Tokkul","id":6529,"quantity":28,"price":0}],"date":"Aug 26, 2023, 2:28:30 PM"}
{"name":"TzHaar-Xil","level":133,"killCount":-1,"type":"NPC","drops":[{"name":"Tokkul","id":6529,"quantity":7,"price":0}],"date":"Aug 26, 2023, 2:28:45 PM"}
{"name":"TzHaar-Xil","level":133,"killCount":-1,"type":"NPC","drops":[{"name":"Tokkul","id":6529,"quantity":10,"price":0}],"date":"Aug 26, 2023, 2:29:06 PM"}
{"name":"TzHaar-Xil","level":133,"killCount":-1,"type":"NPC","drops":[{"name":"Tokkul","id":6529,"quantity":25,"price":0}],"date":"Aug 26, 2023, 2:29:21 PM"}
{"name":"TzHaar-Xil","level":133,"killCount":-1,"type":"NPC","drops":[{"name":"Tokkul","id":6529,"quantity":30,"price":0}],"date":"Aug 26, 2023, 2:30:04 PM"}
{"name":"TzHaar-Xil","level":133,"killCount":-1,"type":"NPC","drops":[{"name":"Tokkul","id":6529,"quantity":26,"price":0}],"date":"Aug 26, 2023, 2:30:45 PM"}
{"name":"TzHaar-Xil","level":133,"killCount":-1,"type":"NPC","drops":[{"name":"Tokkul","id":6529,"quantity":20,"price":0}],"date":"Aug 26, 2023, 2:31:06 PM"}
{"name":"TzHaar-Xil","level":133,"killCount":-1,"type":"NPC","drops":[{"name":"Uncut sapphire","id":1623,"quantity":1,"price":254}],"date":"Aug 26, 2023, 2:31:28 PM"}
{"name":"TzHaar-Xil","level":133,"killCount":-1,"type":"NPC","drops":[{"name":"Tokkul","id":6529,"quantity":15,"price":0}],"date":"Aug 26, 2023, 2:32:18 PM"}
{"name":"TzHaar-Xil","level":133,"killCount":-1,"type":"NPC","drops":[{"name":"Tokkul","id":6529,"quantity":17,"price":0}],"date":"Aug 26, 2023, 2:32:57 PM"}
{"name":"TzHaar-Xil","level":133,"killCount":-1,"type":"NPC","drops":[{"name":"Tokkul","id":6529,"quantity":6,"price":0}],"date":"Aug 26, 2023, 2:33:48 PM"}
{"name":"TzHaar-Xil","level":133,"killCount":-1,"type":"NPC","drops":[{"name":"Tokkul","id":6529,"quantity":19,"price":0}],"date":"Aug 26, 2023, 2:34:01 PM"}
{"name":"TzHaar-Xil","level":133,"killCount":-1,"type":"NPC","drops":[{"name":"Tokkul","id":6529,"quantity":14,"price":0}],"date":"Aug 26, 2023, 2:34:56 PM"}
{"name":"TzHaar-Xil","level":133,"killCount":-1,"type":"NPC","drops":[{"name":"Tokkul","id":6529,"quantity":18,"price":0}],"date":"Aug 26, 2023, 2:35:26 PM"}
{"name":"TzHaar-Xil","level":133,"killCount":-1,"type":"NPC","drops":[{"name":"Tokkul","id":6529,"quantity":7,"price":0}],"date":"Aug 26, 2023, 2:35:42 PM"}
{"name":"TzHaar-Xil","level":133,"killCount":-1,"type":"NPC","drops":[{"name":"Tokkul","id":6529,"quantity":28,"price":0}],"date":"Aug 26, 2023, 2:35:55 PM"}
{"name":"TzHaar-Xil","level":133,"killCount":-1,"type":"NPC","drops":[{"name":"Tokkul","id":6529,"quantity":18,"price":0}],"date":"Aug 26, 2023, 2:36:38 PM"}
{"name":"TzHaar-Xil","level":133,"killCount":-1,"type":"NPC","drops":[{"name":"Tokkul","id":6529,"quantity":6,"price":0}],"date":"Aug 26, 2023, 2:37:33 PM"}
{"name":"TzHaar-Xil","level":133,"killCount":-1,"type":"NPC","drops":[{"name":"Tokkul","id":6529,"quantity":7,"price":0}],"date":"Aug 26, 2023, 2:38:28 PM"}
{"name":"TzHaar-Xil","level":133,"killCount":-1,"type":"NPC","drops":[{"name":"Tokkul","id":6529,"quantity":2,"price":0}],"date":"Aug 26, 2023, 2:39:03 PM"}
{"name":"TzHaar-Xil","level":133,"killCount":-1,"type":"NPC","drops":[{"name":"Tokkul","id":6529,"quantity":6,"price":0}],"date":"Aug 26, 2023, 2:39:46 PM"}
{"name":"TzHaar-Xil","level":133,"killCount":-1,"type":"NPC","drops":[{"name":"Tokkul","id":6529,"quantity":31,"price":0}],"date":"Aug 26, 2023, 2:41:19 PM"}
{"name":"TzHaar-Xil","level":133,"killCount":-1,"type":"NPC","drops":[{"name":"Tokkul","id":6529,"quantity":7,"price":0}],"date":"Aug 26, 2023, 2:43:46 PM"}
{"name":"TzHaar-Xil","level":133,"killCount":-1,"type":"NPC","drops":[{"name":"Tokkul","id":6529,"quantity":13,"price":0}],"date":"Aug 26, 2023, 2:45:34 PM"}
{"name":"TzHaar-Xil","level":133,"killCount":-1,"type":"NPC","drops":[{"name":"Tokkul","id":6529,"quantity":17,"price":0}],"date":"Aug 26, 2023, 2:45:55 PM"}
{"name":"TzHaar-Xil","level":133,"killCount":-1,"type":"NPC","drops":[{"name":"Tokkul","id":6529,"quantity":5,"price":0}],"date":"Aug 26, 2023, 2:46:20 PM"}
{"name":"TzHaar-Xil","level":133,"killCount":-1,"type":"NPC","drops":[{"name":"Tokkul","id":6529,"quantity":24,"price":0}],"date":"Aug 26, 2023, 2:48:06 PM"}
{"name":"TzHaar-Xil","level":133,"killCount":-1,"type":"NPC","drops":[{"name":"Tokkul","id":6529,"quantity":18,"price":0}],"date":"Aug 26, 2023, 2:49:05 PM"}
{"name":"TzHaar-Xil","level":133,"killCount":-1,"type":"NPC","drops":[{"name":"Tokkul","id":6529,"quantity":2,"price":0}],"date":"Aug 26, 2023, 2:49:22 PM"}
{"name":"TzHaar-Xil","level":133,"killCount":-1,"type":"NPC","drops":[{"name":"Tokkul","id":6529,"quantity":13,"price":0}],"date":"Aug 26, 2023, 2:49:45 PM"}
{"name":"TzHaar-Xil","level":133,"killCount":-1,"type":"NPC","drops":[{"name":"Tokkul","id":6529,"quantity":20,"price":0}],"date":"Aug 26, 2023, 2:50:07 PM"}
{"name":"TzHaar-Xil","level":133,"killCount":-1,"type":"NPC","drops":[{"name":"Tokkul","id":6529,"quantity":13,"price":0}],"date":"Aug 26, 2023, 2:50:25 PM"}
{"name":"TzHaar-Xil","level":133,"killCount":-1,"type":"NPC","drops":[{"name":"Tokkul","id":6529,"quantity":31,"price":0}],"date":"Aug 26, 2023, 2:50:45 PM"}
{"name":"TzHaar-Xil","level":133,"killCount":-1,"type":"NPC","drops":[{"name":"Tokkul","id":6529,"quantity":20,"price":0}],"date":"Aug 26, 2023, 2:51:17 PM"}
{"name":"TzHaar-Xil","level":133,"killCount":-1,"type":"NPC","drops":[{"name":"Tokkul","id":6529,"quantity":31,"price":0}],"date":"Aug 26, 2023, 2:52:07 PM"}
{"name":"TzHaar-Xil","level":133,"killCount":-1,"type":"NPC","drops":[{"name":"Uncut sapphire","id":1623,"quantity":1,"price":254}],"date":"Aug 26, 2023, 2:52:52 PM"}
{"name":"TzHaar-Xil","level":133,"killCount":-1,"type":"NPC","drops":[{"name":"Uncut ruby","id":1619,"quantity":1,"price":915}],"date":"Aug 26, 2023, 2:53:33 PM"}
{"name":"TzHaar-Xil","level":133,"killCount":-1,"type":"NPC","drops":[{"name":"Tokkul","id":6529,"quantity":18,"price":0}],"date":"Aug 26, 2023, 2:54:38 PM"}
{"name":"TzHaar-Xil","level":133,"killCount":-1,"type":"NPC","drops":[{"name":"Tokkul","id":6529,"quantity":5,"price":0}],"date":"Aug 26, 2023, 2:55:36 PM"}
{"name":"TzHaar-Xil","level":133,"killCount":-1,"type":"NPC","drops":[{"name":"Tokkul","id":6529,"quantity":16,"price":0}],"date":"Aug 26, 2023, 2:55:48 PM"}
{"name":"TzHaar-Xil","level":133,"killCount":-1,"type":"NPC","drops":[{"name":"Tokkul","id":6529,"quantity":10,"price":0}],"date":"Aug 26, 2023, 2:55:58 PM"}
{"name":"TzHaar-Xil","level":133,"killCount":-1,"type":"NPC","drops":[{"name":"Tokkul","id":6529,"quantity":17,"price":0}],"date":"Aug 26, 2023, 2:56:23 PM"}
{"name":"TzHaar-Xil","level":133,"killCount":-1,"type":"NPC","drops":[{"name":"Tokkul","id":6529,"quantity":9,"price":0}],"date":"Aug 26, 2023, 2:57:41 PM"}
{"name":"TzHaar-Xil","level":133,"killCount":-1,"type":"NPC","drops":[{"name":"Tokkul","id":6529,"quantity":2,"price":0}],"date":"Aug 26, 2023, 2:59:32 PM"}
{"name":"TzHaar-Xil","level":133,"killCount":-1,"type":"NPC","drops":[{"name":"Tokkul","id":6529,"quantity":24,"price":0}],"date":"Aug 26, 2023, 3:01:50 PM"}
{"name":"TzHaar-Xil","level":133,"killCount":-1,"type":"NPC","drops":[{"name":"Uncut emerald","id":1621,"quantity":1,"price":448}],"date":"Aug 26, 2023, 3:02:14 PM"}
{"name":"TzHaar-Xil","level":133,"killCount":-1,"type":"NPC","drops":[{"name":"Tokkul","id":6529,"quantity":13,"price":0}],"date":"Aug 26, 2023, 3:02:30 PM"}
{"name":"TzHaar-Xil","level":133,"killCount":-1,"type":"NPC","drops":[{"name":"Tokkul","id":6529,"quantity":19,"price":0}],"date":"Aug 26, 2023, 3:03:40 PM"}
{"name":"TzHaar-Xil","level":133,"killCount":-1,"type":"NPC","drops":[{"name":"Toktz-xil-ek","id":6525,"quantity":1,"price":47850}],"date":"Aug 26, 2023, 3:03:57 PM"}
{"name":"TzHaar-Xil","level":133,"killCount":-1,"type":"NPC","drops":[{"name":"Tokkul","id":6529,"quantity":19,"price":0}],"date":"Aug 26, 2023, 3:04:48 PM"}
{"name":"TzHaar-Xil","level":133,"killCount":-1,"type":"NPC","drops":[{"name":"Tokkul","id":6529,"quantity":20,"price":0}],"date":"Aug 26, 2023, 3:06:32 PM"}
{"name":"TzHaar-Xil","level":133,"killCount":-1,"type":"NPC","drops":[{"name":"Tokkul","id":6529,"quantity":31,"price":0}],"date":"Aug 26, 2023, 3:06:51 PM"}
{"name":"TzHaar-Xil","level":133,"killCount":-1,"type":"NPC","drops":[{"name":"Tokkul","id":6529,"quantity":19,"price":0}],"date":"Aug 26, 2023, 3:07:08 PM"}
{"name":"TzHaar-Xil","level":133,"killCount":-1,"type":"NPC","drops":[{"name":"Tokkul","id":6529,"quantity":19,"price":0}],"date":"Aug 26, 2023, 3:07:29 PM"}
{"name":"TzHaar-Xil","level":133,"killCount":-1,"type":"NPC","drops":[{"name":"Tokkul","id":6529,"quantity":7,"price":0}],"date":"Aug 26, 2023, 3:08:15 PM"}
{"name":"TzHaar-Xil","level":133,"killCount":-1,"type":"NPC","drops":[{"name":"Tokkul","id":6529,"quantity":31,"price":0}],"date":"Aug 26, 2023, 3:08:29 PM"}
{"name":"TzHaar-Xil","level":133,"killCount":-1,"type":"NPC","drops":[{"name":"Tokkul","id":6529,"quantity":23,"price":0}],"date":"Aug 26, 2023, 3:08:45 PM"}
{"name":"TzHaar-Xil","level":133,"killCount":-1,"type":"NPC","drops":[{"name":"Tokkul","id":6529,"quantity":25,"price":0}],"date":"Aug 26, 2023, 3:08:59 PM"}
{"name":"TzHaar-Xil","level":133,"killCount":-1,"type":"NPC","drops":[{"name":"Tokkul","id":6529,"quantity":14,"price":0}],"date":"Aug 26, 2023, 3:11:28 PM"}
{"name":"TzHaar-Xil","level":133,"killCount":-1,"type":"NPC","drops":[{"name":"Tokkul","id":6529,"quantity":11,"price":0}],"date":"Aug 26, 2023, 3:12:11 PM"}
{"name":"TzHaar-Xil","level":133,"killCount":-1,"type":"NPC","drops":[{"name":"Tokkul","id":6529,"quantity":22,"price":0}],"date":"Aug 26, 2023, 3:13:13 PM"}
{"name":"TzHaar-Xil","level":133,"killCount":-1,"type":"NPC","drops":[{"name":"Tokkul","id":6529,"quantity":10,"price":0}],"date":"Aug 26, 2023, 3:13:32 PM"}
{"name":"TzHaar-Xil","level":133,"killCount":-1,"type":"NPC","drops":[{"name":"Tokkul","id":6529,"quantity":7,"price":0}],"date":"Aug 26, 2023, 3:13:48 PM"}
{"name":"TzHaar-Xil","level":133,"killCount":-1,"type":"NPC","drops":[{"name":"Tokkul","id":6529,"quantity":17,"price":0}],"date":"Aug 26, 2023, 3:14:37 PM"}
{"name":"TzHaar-Xil","level":133,"killCount":-1,"type":"NPC","drops":[{"name":"Tokkul","id":6529,"quantity":32,"price":0}],"date":"Aug 26, 2023, 3:14:52 PM"}
{"name":"TzHaar-Xil","level":133,"killCount":-1,"type":"NPC","drops":[{"name":"Tokkul","id":6529,"quantity":10,"price":0}],"date":"Aug 26, 2023, 3:15:08 PM"}
{"name":"TzHaar-Xil","level":133,"killCount":-1,"type":"NPC","drops":[{"name":"Tokkul","id":6529,"quantity":24,"price":0}],"date":"Aug 26, 2023, 3:15:20 PM"}
{"name":"TzHaar-Xil","level":133,"killCount":-1,"type":"NPC","drops":[{"name":"Tokkul","id":6529,"quantity":14,"price":0}],"date":"Aug 26, 2023, 3:16:04 PM"}
{"name":"TzHaar-Xil","level":133,"killCount":-1,"type":"NPC","drops":[{"name":"Tokkul","id":6529,"quantity":4,"price":0}],"date":"Aug 26, 2023, 3:16:16 PM"}
{"name":"TzHaar-Xil","level":133,"killCount":-1,"type":"NPC","drops":[{"name":"Tokkul","id":6529,"quantity":19,"price":0}],"date":"Aug 26, 2023, 3:16:31 PM"}
{"name":"TzHaar-Xil","level":133,"killCount":-1,"type":"NPC","drops":[{"name":"Tokkul","id":6529,"quantity":18,"price":0}],"date":"Aug 26, 2023, 3:16:49 PM"}
{"name":"TzHaar-Xil","level":133,"killCount":-1,"type":"NPC","drops":[{"name":"Tokkul","id":6529,"quantity":15,"price":0}],"date":"Aug 26, 2023, 3:17:41 PM"}
{"name":"TzHaar-Xil","level":133,"killCount":-1,"type":"NPC","drops":[{"name":"Tokkul","id":6529,"quantity":3,"price":0}],"date":"Aug 26, 2023, 3:17:55 PM"}
{"name":"TzHaar-Xil","level":133,"killCount":-1,"type":"NPC","drops":[{"name":"Tokkul","id":6529,"quantity":27,"price":0}],"date":"Aug 26, 2023, 3:18:15 PM"}
{"name":"TzHaar-Xil","level":133,"killCount":-1,"type":"NPC","drops":[{"name":"Tokkul","id":6529,"quantity":11,"price":0}],"date":"Aug 26, 2023, 3:18:27 PM"}
{"name":"TzHaar-Xil","level":133,"killCount":-1,"type":"NPC","drops":[{"name":"Uncut diamond","id":1617,"quantity":1,"price":1953}],"date":"Aug 26, 2023, 3:18:48 PM"}
{"name":"TzHaar-Xil","level":133,"killCount":-1,"type":"NPC","drops":[{"name":"Tokkul","id":6529,"quantity":16,"price":0}],"date":"Aug 26, 2023, 3:19:24 PM"}
{"name":"TzHaar-Xil","level":133,"killCount":-1,"type":"NPC","drops":[{"name":"Tokkul","id":6529,"quantity":6,"price":0}],"date":"Aug 26, 2023, 3:20:06 PM"}
{"name":"TzHaar-Xil","level":133,"killCount":-1,"type":"NPC","drops":[{"name":"Tokkul","id":6529,"quantity":15,"price":0}],"date":"Aug 26, 2023, 3:21:03 PM"}
{"name":"TzHaar-Xil","level":133,"killCount":-1,"type":"NPC","drops":[{"name":"Tokkul","id":6529,"quantity":5,"price":0}],"date":"Aug 26, 2023, 3:21:20 PM"}
{"name":"TzHaar-Xil","level":133,"killCount":-1,"type":"NPC","drops":[{"name":"Tokkul","id":6529,"quantity":15,"price":0}],"date":"Aug 26, 2023, 3:23:14 PM"}
{"name":"TzHaar-Xil","level":133,"killCount":-1,"type":"NPC","drops":[{"name":"Uncut ruby","id":1619,"quantity":1,"price":915}],"date":"Aug 26, 2023, 3:23:35 PM"}
{"name":"TzHaar-Xil","level":133,"killCount":-1,"type":"NPC","drops":[{"name":"Tokkul","id":6529,"quantity":22,"price":0}],"date":"Aug 26, 2023, 3:24:32 PM"}
{"name":"TzHaar-Xil","level":133,"killCount":-1,"type":"NPC","drops":[{"name":"Tokkul","id":6529,"quantity":27,"price":0}],"date":"Aug 26, 2023, 3:24:51 PM"}
{"name":"TzHaar-Xil","level":133,"killCount":-1,"type":"NPC","drops":[{"name":"Tokkul","id":6529,"quantity":13,"price":0}],"date":"Aug 26, 2023, 3:25:52 PM"}
{"name":"TzHaar-Xil","level":133,"killCount":-1,"type":"NPC","drops":[{"name":"Uncut emerald","id":1621,"quantity":1,"price":448}],"date":"Aug 26, 2023, 3:26:55 PM"}
{"name":"TzHaar-Xil","level":133,"killCount":-1,"type":"NPC","drops":[{"name":"Tokkul","id":6529,"quantity":11,"price":0}],"date":"Aug 26, 2023, 3:27:08 PM"}
{"name":"TzHaar-Xil","level":133,"killCount":-1,"type":"NPC","drops":[{"name":"Tokkul","id":6529,"quantity":19,"price":0}],"date":"Aug 26, 2023, 3:28:02 PM"}
{"name":"TzHaar-Xil","level":133,"killCount":-1,"type":"NPC","drops":[{"name":"Tokkul","id":6529,"quantity":32,"price":0}],"date":"Aug 26, 2023, 3:28:37 PM"}
{"name":"TzHaar-Xil","level":133,"killCount":-1,"type":"NPC","drops":[{"name":"Tokkul","id":6529,"quantity":2,"price":0}],"date":"Aug 26, 2023, 3:28:53 PM"}
{"name":"TzHaar-Xil","level":133,"killCount":-1,"type":"NPC","drops":[{"name":"Tokkul","id":6529,"quantity":15,"price":0}],"date":"Aug 26, 2023, 3:29:38 PM"}
{"name":"TzHaar-Xil","level":133,"killCount":-1,"type":"NPC","drops":[{"name":"Tokkul","id":6529,"quantity":31,"price":0}],"date":"Aug 26, 2023, 3:31:25 PM"}
{"name":"TzHaar-Xil","level":133,"killCount":-1,"type":"NPC","drops":[{"name":"Tokkul","id":6529,"quantity":21,"price":0}],"date":"Aug 26, 2023, 3:32:01 PM"}
{"name":"TzHaar-Xil","level":133,"killCount":-1,"type":"NPC","drops":[{"name":"Tokkul","id":6529,"quantity":17,"price":0}],"date":"Aug 26, 2023, 3:32:35 PM"}
{"name":"TzHaar-Xil","level":133,"killCount":-1,"type":"NPC","drops":[{"name":"Tokkul","id":6529,"quantity":6,"price":0}],"date":"Aug 26, 2023, 3:32:53 PM"}
{"name":"TzHaar-Xil","level":133,"killCount":-1,"type":"NPC","drops":[{"name":"Tokkul","id":6529,"quantity":24,"price":0}],"date":"Aug 26, 2023, 3:33:07 PM"}
{"name":"TzHaar-Xil","level":133,"killCount":-1,"type":"NPC","drops":[{"name":"Tokkul","id":6529,"quantity":23,"price":0}],"date":"Aug 26, 2023, 3:33:43 PM"}
{"name":"TzHaar-Xil","level":133,"killCount":-1,"type":"NPC","drops":[{"name":"Tokkul","id":6529,"quantity":20,"price":0}],"date":"Aug 26, 2023, 3:34:46 PM"}
{"name":"TzHaar-Xil","level":133,"killCount":-1,"type":"NPC","drops":[{"name":"Tokkul","id":6529,"quantity":18,"price":0}],"date":"Aug 26, 2023, 3:36:54 PM"}
{"name":"TzHaar-Xil","level":133,"killCount":-1,"type":"NPC","drops":[{"name":"Tokkul","id":6529,"quantity":17,"price":0}],"date":"Aug 26, 2023, 3:37:37 PM"}
{"name":"TzHaar-Xil","level":133,"killCount":-1,"type":"NPC","drops":[{"name":"Tokkul","id":6529,"quantity":28,"price":0}],"date":"Aug 26, 2023, 3:37:52 PM"}
{"name":"TzHaar-Xil","level":133,"killCount":-1,"type":"NPC","drops":[{"name":"Tokkul","id":6529,"quantity":7,"price":0}],"date":"Aug 26, 2023, 3:38:10 PM"}
{"name":"TzHaar-Xil","level":133,"killCount":-1,"type":"NPC","drops":[{"name":"Uncut emerald","id":1621,"quantity":1,"price":448}],"date":"Aug 26, 2023, 3:38:26 PM"}
{"name":"TzHaar-Xil","level":133,"killCount":-1,"type":"NPC","drops":[{"name":"Tokkul","id":6529,"quantity":29,"price":0}],"date":"Aug 26, 2023, 3:39:24 PM"}
{"name":"TzHaar-Xil","level":133,"killCount":-1,"type":"NPC","drops":[{"name":"Tokkul","id":6529,"quantity":2,"price":0}],"date":"Aug 26, 2023, 3:40:00 PM"}
{"name":"TzHaar-Xil","level":133,"killCount":-1,"type":"NPC","drops":[{"name":"Toktz-xil-ek","id":6525,"quantity":1,"price":47850}],"date":"Aug 26, 2023, 3:40:20 PM"}
{"name":"TzHaar-Xil","level":133,"killCount":-1,"type":"NPC","drops":[{"name":"Tokkul","id":6529,"quantity":21,"price":0}],"date":"Aug 26, 2023, 3:40:38 PM"}
{"name":"TzHaar-Xil","level":133,"killCount":-1,"type":"NPC","drops":[{"name":"Tokkul","id":6529,"quantity":4,"price":0}],"date":"Aug 26, 2023, 3:40:51 PM"}
{"name":"TzHaar-Xil","level":133,"killCount":-1,"type":"NPC","drops":[{"name":"Tokkul","id":6529,"quantity":16,"price":0}],"date":"Aug 26, 2023, 3:41:04 PM"}
{"name":"TzHaar-Xil","level":133,"killCount":-1,"type":"NPC","drops":[{"name":"Tokkul","id":6529,"quantity":9,"price":0}],"date":"Aug 26, 2023, 3:41:49 PM"}
{"name":"TzHaar-Xil","level":133,"killCount":-1,"type":"NPC","drops":[{"name":"Tokkul","id":6529,"quantity":23,"price":0}],"date":"Aug 26, 2023, 3:42:34 PM"}
{"name":"TzHaar-Xil","level":133,"killCount":-1,"type":"NPC","drops":[{"name":"Tokkul","id":6529,"quantity":20,"price":0}],"date":"Aug 26, 2023, 3:43:00 PM"}
{"name":"TzHaar-Xil","level":133,"killCount":-1,"type":"NPC","drops":[{"name":"Tokkul","id":6529,"quantity":2,"price":0}],"date":"Aug 26, 2023, 3:43:57 PM"}
{"name":"TzHaar-Xil","level":133,"killCount":-1,"type":"NPC","drops":[{"name":"Tokkul","id":6529,"quantity":5,"price":0}],"date":"Aug 26, 2023, 3:44:12 PM"}
{"name":"TzHaar-Xil","level":133,"killCount":-1,"type":"NPC","drops":[{"name":"Tokkul","id":6529,"quantity":31,"price":0}],"date":"Aug 26, 2023, 3:44:22 PM"}
{"name":"TzHaar-Xil","level":133,"killCount":-1,"type":"NPC","drops":[{"name":"Tokkul","id":6529,"quantity":30,"price":0}],"date":"Aug 26, 2023, 3:44:53 PM"}
{"name":"TzHaar-Xil","level":133,"killCount":-1,"type":"NPC","drops":[{"name":"Tokkul","id":6529,"quantity":24,"price":0}],"date":"Aug 26, 2023, 3:45:10 PM"}
{"name":"TzHaar-Xil","level":133,"killCount":-1,"type":"NPC","drops":[{"name":"Uncut emerald","id":1621,"quantity":1,"price":448}],"date":"Aug 26, 2023, 3:46:16 PM"}
{"name":"TzHaar-Xil","level":133,"killCount":-1,"type":"NPC","drops":[{"name":"Tokkul","id":6529,"quantity":10,"price":0}],"date":"Aug 26, 2023, 3:46:31 PM"}
{"name":"TzHaar-Xil","level":133,"killCount":-1,"type":"NPC","drops":[{"name":"Uncut sapphire","id":1623,"quantity":1,"price":254}],"date":"Aug 26, 2023, 3:47:04 PM"}
{"name":"TzHaar-Xil","level":133,"killCount":-1,"type":"NPC","drops":[{"name":"Tokkul","id":6529,"quantity":29,"price":0}],"date":"Aug 26, 2023, 3:47:49 PM"}
{"name":"TzHaar-Xil","level":133,"killCount":-1,"type":"NPC","drops":[{"name":"Tokkul","id":6529,"quantity":3,"price":0}],"date":"Aug 26, 2023, 3:48:25 PM"}
{"name":"TzHaar-Xil","level":133,"killCount":-1,"type":"NPC","drops":[{"name":"Tokkul","id":6529,"quantity":11,"price":0}],"date":"Aug 26, 2023, 3:49:11 PM"}
{"name":"TzHaar-Xil","level":133,"killCount":-1,"type":"NPC","drops":[{"name":"Tokkul","id":6529,"quantity":17,"price":0}],"date":"Aug 26, 2023, 3:49:25 PM"}
{"name":"TzHaar-Xil","level":133,"killCount":-1,"type":"NPC","drops":[{"name":"Tokkul","id":6529,"quantity":10,"price":0}],"date":"Aug 26, 2023, 3:50:35 PM"}
{"name":"TzHaar-Xil","level":133,"killCount":-1,"type":"NPC","drops":[{"name":"Tokkul","id":6529,"quantity":11,"price":0}],"date":"Aug 26, 2023, 3:51:40 PM"}
{"name":"TzHaar-Xil","level":133,"killCount":-1,"type":"NPC","drops":[{"name":"Uncut sapphire","id":1623,"quantity":1,"price":254}],"date":"Aug 26, 2023, 3:51:59 PM"}
{"name":"TzHaar-Xil","level":133,"killCount":-1,"type":"NPC","drops":[{"name":"Uncut emerald","id":1621,"quantity":1,"price":448}],"date":"Aug 26, 2023, 3:52:19 PM"}
{"name":"TzHaar-Xil","level":133,"killCount":-1,"type":"NPC","drops":[{"name":"Tokkul","id":6529,"quantity":31,"price":0}],"date":"Aug 26, 2023, 3:52:29 PM"}
{"name":"TzHaar-Xil","level":133,"killCount":-1,"type":"NPC","drops":[{"name":"Tokkul","id":6529,"quantity":29,"price":0}],"date":"Aug 26, 2023, 3:52:46 PM"}
{"name":"TzHaar-Xil","level":133,"killCount":-1,"type":"NPC","drops":[{"name":"Uncut emerald","id":1621,"quantity":1,"price":448}],"date":"Aug 26, 2023, 3:53:15 PM"}
{"name":"TzHaar-Xil","level":133,"killCount":-1,"type":"NPC","drops":[{"name":"Tokkul","id":6529,"quantity":10,"price":0}],"date":"Aug 26, 2023, 3:54:17 PM"}
{"name":"TzHaar-Xil","level":133,"killCount":-1,"type":"NPC","drops":[{"name":"Tokkul","id":6529,"quantity":13,"price":0}],"date":"Aug 26, 2023, 3:54:40 PM"}
{"name":"TzHaar-Xil","level":133,"killCount":-1,"type":"NPC","drops":[{"name":"Tokkul","id":6529,"quantity":1,"price":0}],"date":"Aug 26, 2023, 3:54:55 PM"}
{"name":"TzHaar-Xil","level":133,"killCount":-1,"type":"NPC","drops":[{"name":"Tokkul","id":6529,"quantity":16,"price":0}],"date":"Aug 26, 2023, 3:55:51 PM"}
{"name":"TzHaar-Xil","level":133,"killCount":-1,"type":"NPC","drops":[{"name":"Tokkul","id":6529,"quantity":4,"price":0}],"date":"Aug 26, 2023, 3:56:43 PM"}
{"name":"TzHaar-Xil","level":133,"killCount":-1,"type":"NPC","drops":[{"name":"Tokkul","id":6529,"quantity":32,"price":0}],"date":"Aug 26, 2023, 3:57:06 PM"}
{"name":"TzHaar-Xil","level":133,"killCount":-1,"type":"NPC","drops":[{"name":"Tokkul","id":6529,"quantity":25,"price":0}],"date":"Aug 26, 2023, 3:58:45 PM"}
{"name":"TzHaar-Xil","level":133,"killCount":-1,"type":"NPC","drops":[{"name":"Tokkul","id":6529,"quantity":18,"price":0}],"date":"Aug 26, 2023, 4:00:10 PM"}
{"name":"TzHaar-Xil","level":133,"killCount":-1,"type":"NPC","drops":[{"name":"Tokkul","id":6529,"quantity":27,"price":0}],"date":"Aug 26, 2023, 4:00:27 PM"}
{"name":"TzHaar-Xil","level":133,"killCount":-1,"type":"NPC","drops":[{"name":"Tokkul","id":6529,"quantity":20,"price":0}],"date":"Aug 26, 2023, 4:01:14 PM"}
{"name":"TzHaar-Xil","level":133,"killCount":-1,"type":"NPC","drops":[{"name":"Tokkul","id":6529,"quantity":4,"price":0}],"date":"Aug 26, 2023, 4:01:24 PM"}
{"name":"TzHaar-Xil","level":133,"killCount":-1,"type":"NPC","drops":[{"name":"Toktz-xil-ul","id":6522,"quantity":18,"price":1973}],"date":"Aug 26, 2023, 4:02:37 PM"}
