{"name":"Vardorvis","level":784,"killCount":2,"type":"NPC","drops":[{"name":"Tuna potato","id":7060,"quantity":1,"price":1437},{"name":"Tuna potato","id":7060,"quantity":1,"price":1437},{"name":"Tuna potato","id":7060,"quantity":1,"price":1437},{"name":"Prayer potion(3)","id":139,"quantity":1,"price":7348},{"name":"Super combat potion(2)","id":12699,"quantity":1,"price":6989}],"date":"Aug 4, 2023, 8:25:16 AM"}
{"name":"Vardorvis","level":784,"killCount":3,"type":"NPC","drops":[{"name":"Rune javelin heads","id":19580,"quantity":36,"price":503}],"date":"Aug 22, 2023, 10:52:21 AM"}
{"name":"Vardorvis","level":784,"killCount":4,"type":"NPC","drops":[{"name":"Tuna potato","id":7060,"quantity":1,"price":1115},{"name":"Tuna potato","id":7060,"quantity":1,"price":1115},{"name":"Tuna potato","id":7060,"quantity":1,"price":1115},{"name":"Prayer potion(3)","id":139,"quantity":1,"price":7642},{"name":"Super combat potion(2)","id":12699,"quantity":1,"price":7576}],"date":"Aug 22, 2023, 10:58:19 AM"}
{"name":"Vardorvis","level":784,"killCount":5,"type":"NPC","drops":[{"name":"Lava rune","id":4699,"quantity":200,"price":9}],"date":"Aug 22, 2023, 11:03:10 AM"}
{"name":"Vardorvis","level":784,"killCount":6,"type":"NPC","drops":[{"name":"Blood rune","id":565,"quantity":200,"price":198}],"date":"Aug 22, 2023, 11:13:18 AM"}
{"name":"Vardorvis","level":784,"killCount":7,"type":"NPC","drops":[{"name":"Lava rune","id":4699,"quantity":200,"price":9}],"date":"Aug 22, 2023, 11:19:36 AM"}
{"name":"Vardorvis","level":784,"killCount":8,"type":"NPC","drops":[{"name":"Tuna potato","id":7060,"quantity":1,"price":1115},{"name":"Tuna potato","id":7060,"quantity":1,"price":1115},{"name":"Tuna potato","id":7060,"quantity":1,"price":1115},{"name":"Tuna potato","id":7060,"quantity":1,"price":1115},{"name":"Prayer potion(3)","id":139,"quantity":1,"price":7642},{"name":"Super combat potion(2)","id":12699,"quantity":1,"price":7576}],"date":"Aug 22, 2023, 11:30:26 AM"}
{"name":"Vardorvis","level":784,"killCount":9,"type":"NPC","drops":[{"name":"Adamantite ore","id":450,"quantity":45,"price":802}],"date":"Aug 22, 2023, 11:35:56 AM"}
{"name":"Vardorvis","level":784,"killCount":10,"type":"NPC","drops":[{"name":"Rune javelin heads","id":19580,"quantity":36,"price":503}],"date":"Aug 22, 2023, 11:41:44 AM"}
{"name":"Vardorvis","level":784,"killCount":11,"type":"NPC","drops":[{"name":"Tuna potato","id":7060,"quantity":1,"price":1115},{"name":"Tuna potato","id":7060,"quantity":1,"price":1115},{"name":"Tuna potato","id":7060,"quantity":1,"price":1115},{"name":"Prayer potion(3)","id":139,"quantity":1,"price":7642},{"name":"Super combat potion(2)","id":12699,"quantity":1,"price":7576}],"date":"Aug 22, 2023, 11:47:13 AM"}
{"name":"Vardorvis","level":784,"killCount":12,"type":"NPC","drops":[{"name":"Uncut diamond","id":1618,"quantity":25,"price":1903}],"date":"Aug 22, 2023, 11:52:17 AM"}
{"name":"Vardorvis","level":784,"killCount":13,"type":"NPC","drops":[{"name":"Adamantite ore","id":450,"quantity":45,"price":802}],"date":"Aug 22, 2023, 11:57:44 AM"}
{"name":"Vardorvis","level":784,"killCount":14,"type":"NPC","drops":[{"name":"Mithril ore","id":448,"quantity":57,"price":89}],"date":"Aug 22, 2023, 12:02:54 PM"}
{"name":"Vardorvis","level":784,"killCount":15,"type":"NPC","drops":[{"name":"Lava rune","id":4699,"quantity":200,"price":9}],"date":"Aug 22, 2023, 6:27:32 PM"}
{"name":"Vardorvis","level":784,"killCount":16,"type":"NPC","drops":[{"name":"Tuna potato","id":7060,"quantity":1,"price":1092},{"name":"Tuna potato","id":7060,"quantity":1,"price":1092},{"name":"Tuna potato","id":7060,"quantity":1,"price":1092},{"name":"Prayer potion(3)","id":139,"quantity":1,"price":7707},{"name":"Super combat potion(2)","id":12699,"quantity":1,"price":7627}],"date":"Aug 22, 2023, 6:31:14 PM"}
{"name":"Vardorvis","level":784,"killCount":17,"type":"NPC","drops":[{"name":"Onyx bolts (e)","id":9245,"quantity":60,"price":8646}],"date":"Aug 22, 2023, 6:34:37 PM"}
{"name":"Vardorvis","level":784,"killCount":18,"type":"NPC","drops":[{"name":"Dragon javelin heads","id":19582,"quantity":36,"price":865}],"date":"Aug 22, 2023, 6:39:58 PM"}
{"name":"Vardorvis","level":784,"killCount":19,"type":"NPC","drops":[{"name":"Uncut diamond","id":1618,"quantity":25,"price":1912}],"date":"Aug 22, 2023, 6:44:50 PM"}
{"name":"Vardorvis","level":784,"killCount":20,"type":"NPC","drops":[{"name":"Blood rune","id":565,"quantity":200,"price":198}],"date":"Aug 22, 2023, 8:00:59 PM"}
{"name":"Vardorvis","level":784,"killCount":21,"type":"NPC","drops":[{"name":"Iron ore","id":441,"quantity":38,"price":85}],"date":"Aug 22, 2023, 8:05:01 PM"}
{"name":"Vardorvis","level":784,"killCount":22,"type":"NPC","drops":[{"name":"Tuna potato","id":7060,"quantity":1,"price":1092},{"name":"Tuna potato","id":7060,"quantity":1,"price":1092},{"name":"Tuna potato","id":7060,"quantity":1,"price":1092},{"name":"Prayer potion(3)","id":139,"quantity":1,"price":7707},{"name":"Super combat potion(2)","id":12699,"quantity":1,"price":7627}],"date":"Aug 22, 2023, 8:07:29 PM"}
{"name":"Vardorvis","level":784,"killCount":23,"type":"NPC","drops":[{"name":"Adamantite ore","id":450,"quantity":45,"price":794}],"date":"Aug 22, 2023, 8:21:51 PM"}
{"name":"Vardorvis","level":784,"killCount":24,"type":"NPC","drops":[{"name":"Raw shark","id":384,"quantity":300,"price":292}],"date":"Aug 22, 2023, 8:24:18 PM"}
{"name":"Vardorvis","level":784,"killCount":25,"type":"NPC","drops":[{"name":"Adamantite ore","id":450,"quantity":45,"price":794}],"date":"Aug 22, 2023, 8:31:34 PM"}
{"name":"Vardorvis","level":784,"killCount":26,"type":"NPC","drops":[{"name":"Uncut ruby","id":1620,"quantity":25,"price":911}],"date":"Aug 22, 2023, 8:33:43 PM"}
{"name":"Vardorvis","level":784,"killCount":27,"type":"NPC","drops":[{"name":"Runite ore","id":452,"quantity":18,"price":10827}],"date":"Aug 22, 2023, 8:39:19 PM"}
{"name":"Vardorvis","level":784,"killCount":28,"type":"NPC","drops":[{"name":"Strangled tablet","id":28330,"quantity":1,"price":0}],"date":"Aug 22, 2023, 8:43:45 PM"}
{"name":"Vardorvis","level":784,"killCount":29,"type":"NPC","drops":[{"name":"Bronze javelin","id":825,"quantity":42,"price":4}],"date":"Aug 22, 2023, 8:46:16 PM"}
{"name":"Vardorvis","level":784,"killCount":30,"type":"NPC","drops":[{"name":"Tuna potato","id":7060,"quantity":1,"price":1092},{"name":"Tuna potato","id":7060,"quantity":1,"price":1092},{"name":"Tuna potato","id":7060,"quantity":1,"price":1092},{"name":"Prayer potion(3)","id":139,"quantity":1,"price":7707},{"name":"Super combat potion(2)","id":12699,"quantity":1,"price":7627}],"date":"Aug 22, 2023, 8:55:53 PM"}
{"name":"Vardorvis","level":784,"killCount":31,"type":"NPC","drops":[{"name":"Blood rune","id":565,"quantity":200,"price":198}],"date":"Aug 22, 2023, 9:01:39 PM"}
{"name":"Vardorvis","level":784,"killCount":32,"type":"NPC","drops":[{"name":"Blood quartz","id":28268,"quantity":1,"price":0}],"date":"Aug 23, 2023, 8:19:57 AM"}
{"name":"Vardorvis","level":784,"killCount":33,"type":"NPC","drops":[{"name":"Bronze javelin","id":825,"quantity":42,"price":8}],"date":"Sep 13, 2023, 2:58:04 PM"}
{"name":"Vardorvis","level":784,"killCount":34,"type":"NPC","drops":[{"name":"Runite ore","id":452,"quantity":27,"price":10986}],"date":"Sep 13, 2023, 3:01:24 PM"}
{"name":"Vardorvis","level":784,"killCount":35,"type":"NPC","drops":[{"name":"Emerald","id":1606,"quantity":17,"price":466}],"date":"Sep 13, 2023, 3:03:39 PM"}
{"name":"Vardorvis","level":784,"killCount":36,"type":"NPC","drops":[{"name":"Tuna potato","id":7060,"quantity":1,"price":994},{"name":"Tuna potato","id":7060,"quantity":1,"price":994},{"name":"Tuna potato","id":7060,"quantity":1,"price":994},{"name":"Prayer potion(3)","id":139,"quantity":1,"price":7136},{"name":"Super combat potion(2)","id":12699,"quantity":1,"price":7447}],"date":"Sep 13, 2023, 3:06:44 PM"}
{"name":"Vardorvis","level":784,"killCount":37,"type":"NPC","drops":[{"name":"Lava rune","id":4699,"quantity":200,"price":9}],"date":"Sep 13, 2023, 3:08:48 PM"}
{"name":"Vardorvis","level":784,"killCount":38,"type":"NPC","drops":[{"name":"Dragon javelin heads","id":19582,"quantity":54,"price":944}],"date":"Sep 13, 2023, 3:25:14 PM"}
{"name":"Vardorvis","level":784,"killCount":39,"type":"NPC","drops":[{"name":"Rune javelin heads","id":19580,"quantity":36,"price":592}],"date":"Sep 13, 2023, 3:29:45 PM"}
{"name":"Vardorvis","level":784,"killCount":40,"type":"NPC","drops":[{"name":"Coal","id":454,"quantity":130,"price":216}],"date":"Sep 13, 2023, 3:31:53 PM"}
{"name":"Vardorvis","level":784,"killCount":41,"type":"NPC","drops":[{"name":"Uncut ruby","id":1620,"quantity":37,"price":942}],"date":"Sep 13, 2023, 3:36:39 PM"}
{"name":"Vardorvis","level":784,"killCount":42,"type":"NPC","drops":[{"name":"Coal","id":454,"quantity":130,"price":216}],"date":"Sep 13, 2023, 3:38:51 PM"}
{"name":"Vardorvis","level":784,"killCount":43,"type":"NPC","drops":[{"name":"Tuna potato","id":7060,"quantity":1,"price":994},{"name":"Tuna potato","id":7060,"quantity":1,"price":994},{"name":"Tuna potato","id":7060,"quantity":1,"price":994},{"name":"Prayer potion(3)","id":139,"quantity":1,"price":7136},{"name":"Super combat potion(2)","id":12699,"quantity":1,"price":7447}],"date":"Sep 13, 2023, 3:45:53 PM"}
{"name":"Vardorvis","level":784,"killCount":44,"type":"NPC","drops":[{"name":"Lava rune","id":4699,"quantity":200,"price":9}],"date":"Sep 13, 2023, 3:51:13 PM"}
{"name":"Vardorvis","level":784,"killCount":45,"type":"NPC","drops":[{"name":"Dragon javelin heads","id":19582,"quantity":36,"price":944}],"date":"Sep 13, 2023, 3:54:50 PM"}
{"name":"Vardorvis","level":784,"killCount":46,"type":"NPC","drops":[{"name":"Ruby","id":1604,"quantity":17,"price":912}],"date":"Sep 13, 2023, 7:00:24 PM"}
{"name":"Vardorvis","level":784,"killCount":47,"type":"NPC","drops":[{"name":"Dragon javelin heads","id":19582,"quantity":36,"price":944}],"date":"Sep 13, 2023, 7:02:44 PM"}
{"name":"Vardorvis","level":784,"killCount":48,"type":"NPC","drops":[{"name":"Pure essence","id":7937,"quantity":180,"price":2}],"date":"Sep 13, 2023, 7:05:55 PM"}
{"name":"Vardorvis","level":784,"killCount":49,"type":"NPC","drops":[{"name":"Coal","id":454,"quantity":130,"price":216}],"date":"Sep 13, 2023, 7:11:48 PM"}
{"name":"Vardorvis","level":784,"killCount":50,"type":"NPC","drops":[{"name":"Tuna potato","id":7060,"quantity":1,"price":994},{"name":"Tuna potato","id":7060,"quantity":1,"price":994},{"name":"Tuna potato","id":7060,"quantity":1,"price":994},{"name":"Prayer potion(3)","id":139,"quantity":1,"price":7136},{"name":"Super combat potion(2)","id":12699,"quantity":1,"price":7447}],"date":"Sep 13, 2023, 7:17:10 PM"}
{"name":"Vardorvis","level":784,"killCount":51,"type":"NPC","drops":[{"name":"Uncut ruby","id":1620,"quantity":25,"price":942}],"date":"Sep 13, 2023, 7:19:37 PM"}
{"name":"Vardorvis","level":784,"killCount":52,"type":"NPC","drops":[{"name":"Brimstone key","id":23083,"quantity":1,"price":0},{"name":"Tuna potato","id":7060,"quantity":1,"price":994},{"name":"Tuna potato","id":7060,"quantity":1,"price":994},{"name":"Tuna potato","id":7060,"quantity":1,"price":994},{"name":"Tuna potato","id":7060,"quantity":1,"price":994},{"name":"Prayer potion(3)","id":139,"quantity":1,"price":7136},{"name":"Super combat potion(2)","id":12699,"quantity":1,"price":7447}],"date":"Sep 13, 2023, 7:21:35 PM"}
{"name":"Vardorvis","level":784,"killCount":53,"type":"NPC","drops":[{"name":"Rune javelin heads","id":19580,"quantity":54,"price":592}],"date":"Sep 13, 2023, 7:23:18 PM"}
{"name":"Vardorvis","level":784,"killCount":54,"type":"NPC","drops":[{"name":"Runite ore","id":452,"quantity":18,"price":10986}],"date":"Sep 13, 2023, 7:26:32 PM"}
{"name":"Vardorvis","level":784,"killCount":55,"type":"NPC","drops":[{"name":"Blood rune","id":565,"quantity":200,"price":195}],"date":"Sep 13, 2023, 7:28:36 PM"}
{"name":"Vardorvis","level":784,"killCount":56,"type":"NPC","drops":[{"name":"Dragon dart tip","id":11232,"quantity":100,"price":1032}],"date":"Sep 13, 2023, 7:31:19 PM"}
{"name":"Vardorvis","level":784,"killCount":57,"type":"NPC","drops":[{"name":"Tuna potato","id":7060,"quantity":1,"price":994},{"name":"Tuna potato","id":7060,"quantity":1,"price":994},{"name":"Tuna potato","id":7060,"quantity":1,"price":994},{"name":"Tuna potato","id":7060,"quantity":1,"price":994},{"name":"Prayer potion(3)","id":139,"quantity":1,"price":7136},{"name":"Super combat potion(2)","id":12699,"quantity":1,"price":7447}],"date":"Sep 13, 2023, 7:33:01 PM"}
{"name":"Vardorvis","level":784,"killCount":58,"type":"NPC","drops":[{"name":"Uncut ruby","id":1620,"quantity":25,"price":942}],"date":"Sep 13, 2023, 7:35:40 PM"}
{"name":"Vardorvis","level":784,"killCount":59,"type":"NPC","drops":[{"name":"Rune javelin heads","id":19580,"quantity":36,"price":592}],"date":"Sep 13, 2023, 7:45:27 PM"}
{"name":"Vardorvis","level":784,"killCount":60,"type":"NPC","drops":[{"name":"Blood rune","id":565,"quantity":300,"price":195}],"date":"Sep 13, 2023, 7:47:24 PM"}
{"name":"Vardorvis","level":784,"killCount":61,"type":"NPC","drops":[{"name":"Blood rune","id":565,"quantity":200,"price":195}],"date":"Sep 13, 2023, 7:50:25 PM"}
{"name":"Vardorvis","level":784,"killCount":62,"type":"NPC","drops":[{"name":"Tuna potato","id":7060,"quantity":1,"price":994},{"name":"Tuna potato","id":7060,"quantity":1,"price":994},{"name":"Tuna potato","id":7060,"quantity":1,"price":994},{"name":"Prayer potion(3)","id":139,"quantity":1,"price":7136},{"name":"Super combat potion(2)","id":12699,"quantity":1,"price":7447}],"date":"Sep 13, 2023, 7:52:15 PM"}
{"name":"Vardorvis","level":784,"killCount":63,"type":"NPC","drops":[{"name":"Coal","id":454,"quantity":195,"price":216}],"date":"Sep 13, 2023, 7:53:58 PM"}
{"name":"Vardorvis","level":784,"killCount":64,"type":"NPC","drops":[{"name":"Coal","id":454,"quantity":130,"price":216}],"date":"Sep 13, 2023, 7:56:15 PM"}
{"name":"Vardorvis","level":784,"killCount":65,"type":"NPC","drops":[{"name":"Lava rune","id":4699,"quantity":200,"price":9}],"date":"Sep 13, 2023, 7:59:10 PM"}
{"name":"Vardorvis","level":784,"killCount":66,"type":"NPC","drops":[{"name":"Tuna potato","id":7060,"quantity":1,"price":994},{"name":"Tuna potato","id":7060,"quantity":1,"price":994},{"name":"Tuna potato","id":7060,"quantity":1,"price":994},{"name":"Tuna potato","id":7060,"quantity":1,"price":994},{"name":"Prayer potion(3)","id":139,"quantity":1,"price":7136},{"name":"Super combat potion(2)","id":12699,"quantity":1,"price":7447}],"date":"Sep 13, 2023, 8:01:13 PM"}
{"name":"Vardorvis","level":784,"killCount":67,"type":"NPC","drops":[{"name":"Adamantite ore","id":450,"quantity":67,"price":699}],"date":"Sep 13, 2023, 8:14:32 PM"}
{"name":"Vardorvis","level":784,"killCount":68,"type":"NPC","drops":[{"name":"Coal","id":454,"quantity":130,"price":216}],"date":"Sep 13, 2023, 8:16:25 PM"}
{"name":"Vardorvis","level":784,"killCount":69,"type":"NPC","drops":[{"name":"Tuna potato","id":7060,"quantity":1,"price":994},{"name":"Tuna potato","id":7060,"quantity":1,"price":994},{"name":"Tuna potato","id":7060,"quantity":1,"price":994},{"name":"Prayer potion(3)","id":139,"quantity":1,"price":7136},{"name":"Super combat potion(2)","id":12699,"quantity":1,"price":7447}],"date":"Sep 13, 2023, 8:19:50 PM"}
{"name":"Vardorvis","level":784,"killCount":70,"type":"NPC","drops":[{"name":"Tuna potato","id":7060,"quantity":1,"price":994},{"name":"Tuna potato","id":7060,"quantity":1,"price":994},{"name":"Tuna potato","id":7060,"quantity":1,"price":994},{"name":"Prayer potion(3)","id":139,"quantity":1,"price":7136},{"name":"Super combat potion(2)","id":12699,"quantity":1,"price":7447},{"name":"Clue scroll (medium)","id":19762,"quantity":1,"price":0}],"date":"Sep 13, 2023, 8:21:22 PM"}
{"name":"Vardorvis","level":784,"killCount":71,"type":"NPC","drops":[{"name":"Dragon javelin heads","id":19582,"quantity":36,"price":944}],"date":"Sep 13, 2023, 8:23:33 PM"}
{"name":"Vardorvis","level":784,"killCount":72,"type":"NPC","drops":[{"name":"Uncut ruby","id":1620,"quantity":25,"price":942}],"date":"Sep 13, 2023, 8:27:07 PM"}
{"name":"Vardorvis","level":784,"killCount":73,"type":"NPC","drops":[{"name":"Silver ore","id":443,"quantity":38,"price":31}],"date":"Sep 13, 2023, 8:29:29 PM"}
{"name":"Vardorvis","level":784,"killCount":74,"type":"NPC","drops":[{"name":"Rune javelin heads","id":19580,"quantity":36,"price":592}],"date":"Sep 13, 2023, 8:39:25 PM"}
{"name":"Vardorvis","level":784,"killCount":75,"type":"NPC","drops":[{"name":"Rune javelin heads","id":19580,"quantity":36,"price":592}],"date":"Sep 13, 2023, 8:48:45 PM"}
{"name":"Vardorvis","level":784,"killCount":76,"type":"NPC","drops":[{"name":"Uncut ruby","id":1620,"quantity":25,"price":942}],"date":"Sep 13, 2023, 8:51:44 PM"}
{"name":"Vardorvis","level":784,"killCount":77,"type":"NPC","drops":[{"name":"Tuna potato","id":7060,"quantity":1,"price":994},{"name":"Tuna potato","id":7060,"quantity":1,"price":994},{"name":"Tuna potato","id":7060,"quantity":1,"price":994},{"name":"Prayer potion(3)","id":139,"quantity":1,"price":7136},{"name":"Super combat potion(2)","id":12699,"quantity":1,"price":7447}],"date":"Sep 13, 2023, 9:04:20 PM"}
{"name":"Vardorvis","level":784,"killCount":78,"type":"NPC","drops":[{"name":"Uncut ruby","id":1620,"quantity":25,"price":942}],"date":"Sep 13, 2023, 9:06:36 PM"}
{"name":"Vardorvis","level":784,"killCount":79,"type":"NPC","drops":[{"name":"Coal","id":454,"quantity":130,"price":216}],"date":"Sep 13, 2023, 9:08:50 PM"}
{"name":"Vardorvis","level":784,"killCount":80,"type":"NPC","drops":[{"name":"Dragon javelin heads","id":19582,"quantity":36,"price":944}],"date":"Sep 13, 2023, 9:12:18 PM"}
{"name":"Vardorvis","level":784,"killCount":81,"type":"NPC","drops":[{"name":"Tuna potato","id":7060,"quantity":1,"price":994},{"name":"Tuna potato","id":7060,"quantity":1,"price":994},{"name":"Tuna potato","id":7060,"quantity":1,"price":994},{"name":"Prayer potion(3)","id":139,"quantity":1,"price":7136},{"name":"Super combat potion(2)","id":12699,"quantity":1,"price":7447}],"date":"Sep 13, 2023, 9:14:11 PM"}
{"name":"Vardorvis","level":784,"killCount":82,"type":"NPC","drops":[{"name":"Rune javelin heads","id":19580,"quantity":36,"price":592}],"date":"Sep 13, 2023, 9:19:14 PM"}
{"name":"Vardorvis","level":784,"killCount":83,"type":"NPC","drops":[{"name":"Tuna potato","id":7060,"quantity":1,"price":994},{"name":"Tuna potato","id":7060,"quantity":1,"price":994},{"name":"Tuna potato","id":7060,"quantity":1,"price":994},{"name":"Prayer potion(3)","id":139,"quantity":1,"price":7136},{"name":"Super combat potion(2)","id":12699,"quantity":1,"price":7447}],"date":"Sep 13, 2023, 9:21:50 PM"}
{"name":"Vardorvis","level":784,"killCount":84,"type":"NPC","drops":[{"name":"Dragon javelin heads","id":19582,"quantity":54,"price":944}],"date":"Sep 13, 2023, 9:28:58 PM"}
{"name":"Vardorvis","level":784,"killCount":85,"type":"NPC","drops":[{"name":"Tuna potato","id":7060,"quantity":1,"price":994},{"name":"Tuna potato","id":7060,"quantity":1,"price":994},{"name":"Tuna potato","id":7060,"quantity":1,"price":994},{"name":"Prayer potion(3)","id":139,"quantity":1,"price":7136},{"name":"Super combat potion(2)","id":12699,"quantity":1,"price":7447}],"date":"Sep 13, 2023, 9:31:26 PM"}
{"name":"Vardorvis","level":784,"killCount":86,"type":"NPC","drops":[{"name":"Rune javelin heads","id":19580,"quantity":36,"price":592}],"date":"Sep 13, 2023, 9:33:51 PM"}
{"name":"Vardorvis","level":784,"killCount":87,"type":"NPC","drops":[{"name":"Rune javelin heads","id":19580,"quantity":36,"price":592}],"date":"Sep 13, 2023, 9:37:40 PM"}
{"name":"Vardorvis","level":784,"killCount":1,"type":"NPC","drops":[{"name":"Fire rune","id":554,"quantity":120,"price":4}],"date":"Nov 25, 2023, 4:15:27 PM"}
{"name":"Vardorvis","level":784,"killCount":2,"type":"NPC","drops":[{"name":"Rune javelin heads","id":19580,"quantity":54,"price":634}],"date":"Nov 25, 2023, 4:18:23 PM"}
{"name":"Vardorvis","level":784,"killCount":3,"type":"NPC","drops":[{"name":"Dragon javelin heads","id":19582,"quantity":36,"price":983}],"date":"Nov 25, 2023, 4:19:51 PM"}
{"name":"Vardorvis","level":784,"killCount":4,"type":"NPC","drops":[{"name":"Dragon javelin heads","id":19582,"quantity":54,"price":983}],"date":"Nov 25, 2023, 4:24:23 PM"}
{"name":"Vardorvis","level":784,"killCount":5,"type":"NPC","drops":[{"name":"Blood rune","id":565,"quantity":300,"price":196}],"date":"Nov 25, 2023, 4:25:31 PM"}
{"name":"Vardorvis","level":784,"killCount":6,"type":"NPC","drops":[{"name":"Lava rune","id":4699,"quantity":200,"price":10}],"date":"Nov 25, 2023, 4:26:44 PM"}
{"name":"Vardorvis","level":784,"killCount":7,"type":"NPC","drops":[{"name":"Silver ore","id":443,"quantity":57,"price":53}],"date":"Nov 25, 2023, 4:28:07 PM"}
{"name":"Vardorvis","level":784,"killCount":8,"type":"NPC","drops":[{"name":"Dragon javelin heads","id":19582,"quantity":36,"price":983}],"date":"Nov 25, 2023, 4:29:29 PM"}
{"name":"Vardorvis","level":784,"killCount":9,"type":"NPC","drops":[{"name":"Uncut diamond","id":1618,"quantity":37,"price":2250}],"date":"Nov 25, 2023, 4:32:02 PM"}
{"name":"Vardorvis","level":784,"killCount":10,"type":"NPC","drops":[{"name":"Tuna potato","id":7060,"quantity":1,"price":981},{"name":"Tuna potato","id":7060,"quantity":1,"price":981},{"name":"Tuna potato","id":7060,"quantity":1,"price":981},{"name":"Prayer potion(3)","id":139,"quantity":1,"price":6042},{"name":"Super combat potion(2)","id":12699,"quantity":1,"price":7150}],"date":"Nov 25, 2023, 4:33:11 PM"}
{"name":"Vardorvis","level":784,"killCount":11,"type":"NPC","drops":[{"name":"Rune javelin heads","id":19580,"quantity":54,"price":634}],"date":"Nov 25, 2023, 4:34:14 PM"}
{"name":"Vardorvis","level":784,"killCount":12,"type":"NPC","drops":[{"name":"Uncut ruby","id":1620,"quantity":37,"price":1041}],"date":"Nov 25, 2023, 4:35:11 PM"}
{"name":"Vardorvis","level":784,"killCount":13,"type":"NPC","drops":[{"name":"Adamantite ore","id":450,"quantity":67,"price":997}],"date":"Nov 25, 2023, 4:36:34 PM"}
{"name":"Vardorvis","level":784,"killCount":14,"type":"NPC","drops":[{"name":"Lava rune","id":4699,"quantity":300,"price":10}],"date":"Nov 25, 2023, 4:37:34 PM"}
{"name":"Vardorvis","level":784,"killCount":15,"type":"NPC","drops":[{"name":"Tuna potato","id":7060,"quantity":1,"price":981},{"name":"Tuna potato","id":7060,"quantity":1,"price":981},{"name":"Tuna potato","id":7060,"quantity":1,"price":981},{"name":"Prayer potion(3)","id":139,"quantity":1,"price":6042},{"name":"Super combat potion(2)","id":12699,"quantity":1,"price":7150}],"date":"Nov 25, 2023, 4:41:07 PM"}
{"name":"Vardorvis","level":784,"killCount":16,"type":"NPC","drops":[{"name":"Uncut ruby","id":1620,"quantity":37,"price":1041}],"date":"Nov 25, 2023, 4:42:12 PM"}
{"name":"Vardorvis","level":784,"killCount":17,"type":"NPC","drops":[{"name":"Blood rune","id":565,"quantity":300,"price":196}],"date":"Nov 25, 2023, 4:45:19 PM"}
{"name":"Vardorvis","level":784,"killCount":18,"type":"NPC","drops":[{"name":"Dragon javelin heads","id":19582,"quantity":36,"price":983}],"date":"Nov 25, 2023, 4:46:36 PM"}
{"name":"Vardorvis","level":784,"killCount":19,"type":"NPC","drops":[{"name":"Tuna potato","id":7060,"quantity":1,"price":981},{"name":"Tuna potato","id":7060,"quantity":1,"price":981},{"name":"Tuna potato","id":7060,"quantity":1,"price":981},{"name":"Tuna potato","id":7060,"quantity":1,"price":981},{"name":"Prayer potion(3)","id":139,"quantity":1,"price":6042},{"name":"Super combat potion(2)","id":12699,"quantity":1,"price":7150}],"date":"Nov 25, 2023, 4:47:57 PM"}
{"name":"Vardorvis","level":784,"killCount":20,"type":"NPC","drops":[{"name":"Strangled tablet","id":28330,"quantity":1,"price":0}],"date":"Nov 25, 2023, 4:49:14 PM"}
{"name":"Vardorvis","level":784,"killCount":21,"type":"NPC","drops":[{"name":"Dragon javelin heads","id":19582,"quantity":54,"price":983}],"date":"Nov 25, 2023, 4:50:32 PM"}
{"name":"Vardorvis","level":784,"killCount":22,"type":"NPC","drops":[{"name":"Dragon dart tip","id":11232,"quantity":100,"price":1527}],"date":"Nov 25, 2023, 4:53:12 PM"}
{"name":"Vardorvis","level":784,"killCount":23,"type":"NPC","drops":[{"name":"Adamant javelin","id":829,"quantity":42,"price":70}],"date":"Nov 25, 2023, 4:54:27 PM"}
{"name":"Vardorvis","level":784,"killCount":24,"type":"NPC","drops":[{"name":"Fire rune","id":554,"quantity":180,"price":4}],"date":"Nov 25, 2023, 4:55:19 PM"}
{"name":"Vardorvis","level":784,"killCount":25,"type":"NPC","drops":[{"name":"Uncut ruby","id":1620,"quantity":37,"price":1041}],"date":"Nov 25, 2023, 4:56:39 PM"}
{"name":"Vardorvis","level":784,"killCount":26,"type":"NPC","drops":[{"name":"Silver ore","id":443,"quantity":57,"price":52},{"name":"Scroll box (medium)","id":24363,"quantity":1,"price":0}],"date":"Nov 26, 2023, 12:01:00 PM"}
{"name":"Vardorvis","level":784,"killCount":27,"type":"NPC","drops":[{"name":"Blood rune","id":565,"quantity":200,"price":195}],"date":"Nov 26, 2023, 12:02:04 PM"}
{"name":"Vardorvis","level":784,"killCount":28,"type":"NPC","drops":[{"name":"Soul rune","id":566,"quantity":400,"price":205}],"date":"Nov 26, 2023, 12:03:05 PM"}
{"name":"Vardorvis","level":784,"killCount":29,"type":"NPC","drops":[{"name":"Coal","id":454,"quantity":130,"price":199}],"date":"Nov 26, 2023, 12:04:21 PM"}
{"name":"Vardorvis","level":784,"killCount":30,"type":"NPC","drops":[{"name":"Uncut diamond","id":1618,"quantity":25,"price":2252}],"date":"Nov 26, 2023, 12:06:01 PM"}
{"name":"Vardorvis","level":784,"killCount":31,"type":"NPC","drops":[{"name":"Uncut diamond","id":1618,"quantity":37,"price":2252}],"date":"Nov 26, 2023, 12:06:56 PM"}
{"name":"Vardorvis","level":784,"killCount":32,"type":"NPC","drops":[{"name":"Coal","id":454,"quantity":130,"price":199}],"date":"Nov 26, 2023, 12:08:16 PM"}
{"name":"Vardorvis","level":784,"killCount":33,"type":"NPC","drops":[{"name":"Adamantite ore","id":450,"quantity":45,"price":991}],"date":"Nov 26, 2023, 12:10:14 PM"}
{"name":"Vardorvis","level":784,"killCount":34,"type":"NPC","drops":[{"name":"Coal","id":454,"quantity":130,"price":199}],"date":"Nov 26, 2023, 12:12:08 PM"}
{"name":"Vardorvis","level":784,"killCount":35,"type":"NPC","drops":[{"name":"Rune javelin heads","id":19580,"quantity":36,"price":636}],"date":"Nov 26, 2023, 12:13:32 PM"}
{"name":"Vardorvis","level":784,"killCount":36,"type":"NPC","drops":[{"name":"Tuna potato","id":7060,"quantity":1,"price":990},{"name":"Tuna potato","id":7060,"quantity":1,"price":990},{"name":"Tuna potato","id":7060,"quantity":1,"price":990},{"name":"Tuna potato","id":7060,"quantity":1,"price":990},{"name":"Prayer potion(3)","id":139,"quantity":1,"price":6024},{"name":"Super combat potion(2)","id":12699,"quantity":1,"price":7070}],"date":"Nov 26, 2023, 12:14:32 PM"}
{"name":"Vardorvis","level":784,"killCount":37,"type":"NPC","drops":[{"name":"Tuna potato","id":7060,"quantity":1,"price":990},{"name":"Tuna potato","id":7060,"quantity":1,"price":990},{"name":"Tuna potato","id":7060,"quantity":1,"price":990},{"name":"Prayer potion(3)","id":139,"quantity":1,"price":6024},{"name":"Super combat potion(2)","id":12699,"quantity":1,"price":7070},{"name":"Scroll box (easy)","id":24362,"quantity":1,"price":0}],"date":"Nov 26, 2023, 12:15:36 PM"}
{"name":"Vardorvis","level":784,"killCount":38,"type":"NPC","drops":[{"name":"Adamantite ore","id":450,"quantity":67,"price":991}],"date":"Nov 26, 2023, 12:16:37 PM"}
{"name":"Vardorvis","level":784,"killCount":39,"type":"NPC","drops":[{"name":"Uncut ruby","id":1620,"quantity":25,"price":1034}],"date":"Nov 26, 2023, 12:17:36 PM"}
{"name":"Vardorvis","level":784,"killCount":40,"type":"NPC","drops":[{"name":"Uncut diamond","id":1618,"quantity":37,"price":2252}],"date":"Nov 26, 2023, 12:20:47 PM"}
{"name":"Vardorvis","level":784,"killCount":41,"type":"NPC","drops":[{"name":"Dragon dart tip","id":11232,"quantity":150,"price":1554}],"date":"Nov 26, 2023, 12:21:39 PM"}
{"name":"Vardorvis","level":784,"killCount":42,"type":"NPC","drops":[{"name":"Coal","id":454,"quantity":130,"price":199}],"date":"Nov 26, 2023, 12:22:54 PM"}
{"name":"Vardorvis","level":784,"killCount":43,"type":"NPC","drops":[{"name":"Tuna potato","id":7060,"quantity":1,"price":990},{"name":"Tuna potato","id":7060,"quantity":1,"price":990},{"name":"Tuna potato","id":7060,"quantity":1,"price":990},{"name":"Prayer potion(3)","id":139,"quantity":1,"price":6024},{"name":"Super combat potion(2)","id":12699,"quantity":1,"price":7070}],"date":"Nov 26, 2023, 12:24:07 PM"}
{"name":"Vardorvis","level":784,"killCount":44,"type":"NPC","drops":[{"name":"Lava rune","id":4699,"quantity":300,"price":10}],"date":"Nov 26, 2023, 12:24:55 PM"}
{"name":"Vardorvis","level":784,"killCount":45,"type":"NPC","drops":[{"name":"Dragon javelin heads","id":19582,"quantity":36,"price":989}],"date":"Nov 26, 2023, 12:26:09 PM"}
{"name":"Vardorvis","level":784,"killCount":46,"type":"NPC","drops":[{"name":"Dragon javelin heads","id":19582,"quantity":36,"price":989},{"name":"Scroll box (easy)","id":24362,"quantity":1,"price":0}],"date":"Nov 26, 2023, 12:27:42 PM"}
{"name":"Vardorvis","level":784,"killCount":47,"type":"NPC","drops":[{"name":"Emerald","id":1606,"quantity":25,"price":480}],"date":"Nov 26, 2023, 12:37:44 PM"}
{"name":"Vardorvis","level":784,"killCount":48,"type":"NPC","drops":[{"name":"Raw shark","id":384,"quantity":200,"price":337}],"date":"Nov 26, 2023, 12:38:46 PM"}
{"name":"Vardorvis","level":784,"killCount":49,"type":"NPC","drops":[{"name":"Adamantite ore","id":450,"quantity":67,"price":991}],"date":"Nov 26, 2023, 12:44:38 PM"}
{"name":"Vardorvis","level":784,"killCount":50,"type":"NPC","drops":[{"name":"Blood rune","id":565,"quantity":200,"price":195}],"date":"Nov 26, 2023, 12:45:37 PM"}
