
{"name":"Warped Terrorbird","level":96,"killCount":-1,"type":"NPC","drops":[{"name":"Bones","id":526,"quantity":1,"price":83},{"name":"Chocolate bomb","id":2185,"quantity":1,"price":619},{"name":"Chocolate bomb","id":2185,"quantity":1,"price":619}],"date":"Feb 28, 2024, 10:23:17 AM"}
{"name":"Warped Terrorbird","level":96,"killCount":-1,"type":"NPC","drops":[{"name":"Bones","id":526,"quantity":1,"price":83},{"name":"Swamp tar","id":1939,"quantity":47,"price":4}],"date":"Feb 28, 2024, 10:23:29 AM"}
{"name":"Warped Terrorbird","level":96,"killCount":-1,"type":"NPC","drops":[{"name":"Bones","id":526,"quantity":1,"price":83},{"name":"Raw shark","id":384,"quantity":3,"price":733}],"date":"Feb 28, 2024, 10:23:47 AM"}
{"name":"Warped Terrorbird","level":96,"killCount":-1,"type":"NPC","drops":[{"name":"Bones","id":526,"quantity":1,"price":83},{"name":"Adamant warhammer","id":1345,"quantity":1,"price":2554}],"date":"Feb 28, 2024, 10:24:10 AM"}
{"name":"Warped Terrorbird","level":96,"killCount":-1,"type":"NPC","drops":[{"name":"Bones","id":526,"quantity":1,"price":83},{"name":"Coins","id":995,"quantity":604,"price":1}],"date":"Feb 28, 2024, 10:24:35 AM"}
{"name":"Warped Terrorbird","level":96,"killCount":-1,"type":"NPC","drops":[{"name":"Bones","id":526,"quantity":1,"price":83},{"name":"Earth rune","id":557,"quantity":84,"price":4}],"date":"Feb 28, 2024, 10:24:58 AM"}
{"name":"Warped Terrorbird","level":96,"killCount":-1,"type":"NPC","drops":[{"name":"Bones","id":526,"quantity":1,"price":83},{"name":"Earth rune","id":557,"quantity":90,"price":4}],"date":"Feb 28, 2024, 10:25:12 AM"}
{"name":"Warped Terrorbird","level":96,"killCount":-1,"type":"NPC","drops":[{"name":"Bones","id":526,"quantity":1,"price":83},{"name":"Diamond bolt tips","id":9192,"quantity":27,"price":167}],"date":"Feb 28, 2024, 10:25:35 AM"}
{"name":"Warped Terrorbird","level":96,"killCount":-1,"type":"NPC","drops":[{"name":"Bones","id":526,"quantity":1,"price":83},{"name":"Swamp tar","id":1939,"quantity":59,"price":4}],"date":"Feb 28, 2024, 10:25:55 AM"}
{"name":"Warped Terrorbird","level":96,"killCount":-1,"type":"NPC","drops":[{"name":"Bones","id":526,"quantity":1,"price":83},{"name":"Diamond bolt tips","id":9192,"quantity":32,"price":167}],"date":"Feb 28, 2024, 10:26:24 AM"}
{"name":"Warped Terrorbird","level":96,"killCount":-1,"type":"NPC","drops":[{"name":"Bones","id":526,"quantity":1,"price":83},{"name":"Raw shark","id":384,"quantity":6,"price":733}],"date":"Feb 28, 2024, 10:26:47 AM"}
{"name":"Warped Terrorbird","level":96,"killCount":-1,"type":"NPC","drops":[{"name":"Bones","id":526,"quantity":1,"price":83},{"name":"Earth rune","id":557,"quantity":82,"price":4}],"date":"Feb 28, 2024, 10:27:01 AM"}
{"name":"Warped Terrorbird","level":96,"killCount":-1,"type":"NPC","drops":[{"name":"Bones","id":526,"quantity":1,"price":83},{"name":"Coins","id":995,"quantity":736,"price":1}],"date":"Feb 28, 2024, 10:27:18 AM"}
{"name":"Warped Terrorbird","level":96,"killCount":-1,"type":"NPC","drops":[{"name":"Bones","id":526,"quantity":1,"price":83},{"name":"Law rune","id":563,"quantity":15,"price":139}],"date":"Feb 28, 2024, 10:27:35 AM"}
{"name":"Warped Terrorbird","level":96,"killCount":-1,"type":"NPC","drops":[{"name":"Bones","id":526,"quantity":1,"price":83},{"name":"Swamp tar","id":1939,"quantity":40,"price":4}],"date":"Feb 28, 2024, 10:28:07 AM"}
{"name":"Warped Terrorbird","level":96,"killCount":-1,"type":"NPC","drops":[{"name":"Bones","id":526,"quantity":1,"price":83},{"name":"Coins","id":995,"quantity":698,"price":1}],"date":"Feb 28, 2024, 10:28:31 AM"}
{"name":"Warped Terrorbird","level":96,"killCount":-1,"type":"NPC","drops":[{"name":"Bones","id":526,"quantity":1,"price":83},{"name":"Earth rune","id":557,"quantity":89,"price":4}],"date":"Feb 28, 2024, 10:28:57 AM"}
{"name":"Warped Terrorbird","level":96,"killCount":-1,"type":"NPC","drops":[{"name":"Bones","id":526,"quantity":1,"price":83},{"name":"Law rune","id":563,"quantity":16,"price":139}],"date":"Feb 28, 2024, 10:29:23 AM"}
{"name":"Warped Terrorbird","level":96,"killCount":-1,"type":"NPC","drops":[{"name":"Bones","id":526,"quantity":1,"price":83},{"name":"Adamant platebody","id":1123,"quantity":1,"price":9429}],"date":"Feb 28, 2024, 10:29:44 AM"}
{"name":"Warped Terrorbird","level":96,"killCount":-1,"type":"NPC","drops":[{"name":"Bones","id":526,"quantity":1,"price":83}],"date":"Feb 28, 2024, 10:30:14 AM"}
{"name":"Warped Terrorbird","level":96,"killCount":-1,"type":"NPC","drops":[{"name":"Bones","id":526,"quantity":1,"price":83},{"name":"Coins","id":995,"quantity":745,"price":1}],"date":"Feb 28, 2024, 10:30:31 AM"}
{"name":"Warped Terrorbird","level":96,"killCount":-1,"type":"NPC","drops":[{"name":"Bones","id":526,"quantity":1,"price":83},{"name":"Coins","id":995,"quantity":614,"price":1}],"date":"Feb 28, 2024, 10:30:50 AM"}
{"name":"Warped Terrorbird","level":96,"killCount":-1,"type":"NPC","drops":[{"name":"Bones","id":526,"quantity":1,"price":83},{"name":"Raw shark","id":384,"quantity":5,"price":733}],"date":"Feb 28, 2024, 10:31:21 AM"}
{"name":"Warped Terrorbird","level":96,"killCount":-1,"type":"NPC","drops":[{"name":"Bones","id":526,"quantity":1,"price":83},{"name":"Earth rune","id":557,"quantity":100,"price":4}],"date":"Feb 28, 2024, 10:31:47 AM"}
{"name":"Warped Terrorbird","level":96,"killCount":-1,"type":"NPC","drops":[{"name":"Bones","id":526,"quantity":1,"price":83},{"name":"Chocolate bomb","id":2185,"quantity":1,"price":619},{"name":"Chocolate bomb","id":2185,"quantity":1,"price":619}],"date":"Feb 28, 2024, 10:32:07 AM"}
{"name":"Warped Terrorbird","level":96,"killCount":-1,"type":"NPC","drops":[{"name":"Bones","id":526,"quantity":1,"price":83},{"name":"Soul rune","id":566,"quantity":13,"price":271}],"date":"Feb 28, 2024, 10:32:43 AM"}
{"name":"Warped Terrorbird","level":96,"killCount":-1,"type":"NPC","drops":[{"name":"Bones","id":526,"quantity":1,"price":83},{"name":"Death rune","id":560,"quantity":17,"price":203}],"date":"Feb 28, 2024, 10:33:02 AM"}
{"name":"Warped Terrorbird","level":96,"killCount":-1,"type":"NPC","drops":[{"name":"Bones","id":526,"quantity":1,"price":83},{"name":"Rune warhammer","id":1347,"quantity":1,"price":24796}],"date":"Feb 28, 2024, 10:33:24 AM"}
{"name":"Warped Terrorbird","level":96,"killCount":-1,"type":"NPC","drops":[{"name":"Bones","id":526,"quantity":1,"price":83},{"name":"Coins","id":995,"quantity":645,"price":1}],"date":"Feb 28, 2024, 10:33:43 AM"}
{"name":"Warped Terrorbird","level":96,"killCount":-1,"type":"NPC","drops":[{"name":"Bones","id":526,"quantity":1,"price":83},{"name":"Adamantite ore","id":450,"quantity":5,"price":1085}],"date":"Feb 28, 2024, 10:34:05 AM"}
{"name":"Warped Terrorbird","level":96,"killCount":-1,"type":"NPC","drops":[{"name":"Bones","id":526,"quantity":1,"price":83},{"name":"Earth rune","id":557,"quantity":91,"price":4}],"date":"Feb 28, 2024, 10:34:31 AM"}
{"name":"Warped Terrorbird","level":96,"killCount":-1,"type":"NPC","drops":[{"name":"Bones","id":526,"quantity":1,"price":83},{"name":"Coins","id":995,"quantity":776,"price":1}],"date":"Feb 28, 2024, 10:35:05 AM"}
{"name":"Warped Terrorbird","level":96,"killCount":-1,"type":"NPC","drops":[{"name":"Bones","id":526,"quantity":1,"price":83},{"name":"Raw shark","id":384,"quantity":4,"price":733}],"date":"Feb 28, 2024, 10:35:27 AM"}
{"name":"Warped Terrorbird","level":96,"killCount":-1,"type":"NPC","drops":[{"name":"Bones","id":526,"quantity":1,"price":83},{"name":"Law rune","id":563,"quantity":18,"price":139}],"date":"Feb 28, 2024, 10:35:51 AM"}
{"name":"Warped Terrorbird","level":96,"killCount":-1,"type":"NPC","drops":[{"name":"Bones","id":526,"quantity":1,"price":83},{"name":"Coins","id":995,"quantity":624,"price":1}],"date":"Feb 28, 2024, 10:36:11 AM"}
{"name":"Warped Terrorbird","level":96,"killCount":-1,"type":"NPC","drops":[{"name":"Bones","id":526,"quantity":1,"price":83},{"name":"Weapon poison","id":187,"quantity":1,"price":258}],"date":"Feb 28, 2024, 10:36:40 AM"}
{"name":"Warped Terrorbird","level":96,"killCount":-1,"type":"NPC","drops":[{"name":"Bones","id":526,"quantity":1,"price":83},{"name":"Adamant platebody","id":1123,"quantity":1,"price":9429}],"date":"Feb 28, 2024, 10:36:54 AM"}
{"name":"Warped Terrorbird","level":96,"killCount":-1,"type":"NPC","drops":[{"name":"Bones","id":526,"quantity":1,"price":83},{"name":"Coins","id":995,"quantity":673,"price":1}],"date":"Feb 28, 2024, 10:37:11 AM"}
{"name":"Warped Terrorbird","level":96,"killCount":-1,"type":"NPC","drops":[{"name":"Bones","id":526,"quantity":1,"price":83},{"name":"Air rune","id":556,"quantity":90,"price":5}],"date":"Feb 28, 2024, 10:37:47 AM"}
{"name":"Warped Terrorbird","level":96,"killCount":-1,"type":"NPC","drops":[{"name":"Bones","id":526,"quantity":1,"price":83},{"name":"Death rune","id":560,"quantity":18,"price":203}],"date":"Feb 28, 2024, 10:38:11 AM"}
{"name":"Warped Terrorbird","level":96,"killCount":-1,"type":"NPC","drops":[{"name":"Bones","id":526,"quantity":1,"price":83},{"name":"Air rune","id":556,"quantity":105,"price":5}],"date":"Feb 28, 2024, 10:38:20 AM"}
{"name":"Warped Terrorbird","level":96,"killCount":-1,"type":"NPC","drops":[{"name":"Bones","id":526,"quantity":1,"price":83},{"name":"Law rune","id":563,"quantity":16,"price":139}],"date":"Feb 28, 2024, 10:38:50 AM"}
{"name":"Warped Terrorbird","level":96,"killCount":-1,"type":"NPC","drops":[{"name":"Bones","id":526,"quantity":1,"price":83},{"name":"Coins","id":995,"quantity":758,"price":1}],"date":"Feb 28, 2024, 10:38:59 AM"}
{"name":"Warped Terrorbird","level":96,"killCount":-1,"type":"NPC","drops":[{"name":"Bones","id":526,"quantity":1,"price":83},{"name":"Swamp tar","id":1939,"quantity":58,"price":4}],"date":"Feb 28, 2024, 10:39:31 AM"}
{"name":"Warped Terrorbird","level":96,"killCount":-1,"type":"NPC","drops":[{"name":"Bones","id":526,"quantity":1,"price":83},{"name":"Diamond bolt tips","id":9192,"quantity":31,"price":167}],"date":"Feb 28, 2024, 10:39:53 AM"}
{"name":"Warped Terrorbird","level":96,"killCount":-1,"type":"NPC","drops":[{"name":"Bones","id":526,"quantity":1,"price":83},{"name":"Soul rune","id":566,"quantity":10,"price":271}],"date":"Feb 28, 2024, 10:40:12 AM"}
{"name":"Warped Terrorbird","level":96,"killCount":-1,"type":"NPC","drops":[{"name":"Bones","id":526,"quantity":1,"price":83},{"name":"Raw shark","id":384,"quantity":5,"price":733}],"date":"Feb 28, 2024, 10:40:24 AM"}
{"name":"Warped Terrorbird","level":96,"killCount":-1,"type":"NPC","drops":[{"name":"Bones","id":526,"quantity":1,"price":83}],"date":"Feb 28, 2024, 10:40:43 AM"}
{"name":"Warped Terrorbird","level":96,"killCount":-1,"type":"NPC","drops":[{"name":"Bones","id":526,"quantity":1,"price":83},{"name":"Raw shark","id":384,"quantity":4,"price":733}],"date":"Feb 28, 2024, 10:41:05 AM"}
{"name":"Warped Terrorbird","level":96,"killCount":-1,"type":"NPC","drops":[{"name":"Bones","id":526,"quantity":1,"price":83},{"name":"Adamant warhammer","id":1345,"quantity":1,"price":2554}],"date":"Feb 28, 2024, 10:41:26 AM"}
{"name":"Warped Terrorbird","level":96,"killCount":-1,"type":"NPC","drops":[{"name":"Bones","id":526,"quantity":1,"price":83},{"name":"Coins","id":995,"quantity":650,"price":1}],"date":"Feb 28, 2024, 10:41:54 AM"}
{"name":"Warped Terrorbird","level":96,"killCount":-1,"type":"NPC","drops":[{"name":"Bones","id":526,"quantity":1,"price":83},{"name":"Raw shark","id":384,"quantity":6,"price":733}],"date":"Feb 28, 2024, 10:42:16 AM"}
{"name":"Warped Terrorbird","level":96,"killCount":-1,"type":"NPC","drops":[{"name":"Bones","id":526,"quantity":1,"price":83},{"name":"Swamp tar","id":1939,"quantity":55,"price":4}],"date":"Feb 28, 2024, 10:42:30 AM"}
{"name":"Warped Terrorbird","level":96,"killCount":-1,"type":"NPC","drops":[{"name":"Bones","id":526,"quantity":1,"price":83},{"name":"Air rune","id":556,"quantity":90,"price":5}],"date":"Feb 28, 2024, 10:42:47 AM"}
{"name":"Warped Terrorbird","level":96,"killCount":-1,"type":"NPC","drops":[{"name":"Bones","id":526,"quantity":1,"price":83},{"name":"Raw shark","id":384,"quantity":4,"price":733}],"date":"Feb 28, 2024, 10:43:08 AM"}
{"name":"Warped Terrorbird","level":96,"killCount":-1,"type":"NPC","drops":[{"name":"Bones","id":526,"quantity":1,"price":83},{"name":"Chocolate bomb","id":2185,"quantity":1,"price":619},{"name":"Chocolate bomb","id":2185,"quantity":1,"price":619},{"name":"Chocolate bomb","id":2185,"quantity":1,"price":619}],"date":"Feb 28, 2024, 10:43:37 AM"}
{"name":"Warped Terrorbird","level":96,"killCount":-1,"type":"NPC","drops":[{"name":"Bones","id":526,"quantity":1,"price":83},{"name":"Coins","id":995,"quantity":658,"price":1}],"date":"Feb 28, 2024, 10:44:04 AM"}
{"name":"Warped Terrorbird","level":96,"killCount":-1,"type":"NPC","drops":[{"name":"Bones","id":526,"quantity":1,"price":83},{"name":"Air rune","id":556,"quantity":80,"price":5}],"date":"Feb 28, 2024, 10:44:16 AM"}
{"name":"Warped Terrorbird","level":96,"killCount":-1,"type":"NPC","drops":[{"name":"Bones","id":526,"quantity":1,"price":83},{"name":"Air rune","id":556,"quantity":88,"price":5}],"date":"Feb 28, 2024, 10:44:33 AM"}
{"name":"Warped Terrorbird","level":96,"killCount":-1,"type":"NPC","drops":[{"name":"Bones","id":526,"quantity":1,"price":83},{"name":"Weapon poison","id":187,"quantity":1,"price":258}],"date":"Feb 28, 2024, 10:45:03 AM"}
{"name":"Warped Terrorbird","level":96,"killCount":-1,"type":"NPC","drops":[{"name":"Bones","id":526,"quantity":1,"price":83},{"name":"Air rune","id":556,"quantity":86,"price":5}],"date":"Feb 28, 2024, 10:45:29 AM"}
{"name":"Warped Terrorbird","level":96,"killCount":-1,"type":"NPC","drops":[{"name":"Bones","id":526,"quantity":1,"price":83},{"name":"Earth rune","id":557,"quantity":94,"price":4}],"date":"Feb 28, 2024, 10:45:51 AM"}
{"name":"Warped Terrorbird","level":96,"killCount":-1,"type":"NPC","drops":[{"name":"Bones","id":526,"quantity":1,"price":83},{"name":"Raw shark","id":384,"quantity":3,"price":733}],"date":"Feb 28, 2024, 10:46:10 AM"}
{"name":"Warped Terrorbird","level":96,"killCount":-1,"type":"NPC","drops":[{"name":"Bones","id":526,"quantity":1,"price":83},{"name":"Coins","id":995,"quantity":682,"price":1}],"date":"Feb 28, 2024, 10:46:36 AM"}
{"name":"Warped Terrorbird","level":96,"killCount":-1,"type":"NPC","drops":[{"name":"Bones","id":526,"quantity":1,"price":83},{"name":"Earth rune","id":557,"quantity":92,"price":4}],"date":"Feb 28, 2024, 10:47:00 AM"}
{"name":"Warped Terrorbird","level":96,"killCount":-1,"type":"NPC","drops":[{"name":"Bones","id":526,"quantity":1,"price":83},{"name":"Earth rune","id":557,"quantity":92,"price":4}],"date":"Feb 28, 2024, 10:47:22 AM"}
{"name":"Warped Terrorbird","level":96,"killCount":-1,"type":"NPC","drops":[{"name":"Bones","id":526,"quantity":1,"price":83},{"name":"Rune warhammer","id":1347,"quantity":1,"price":24796}],"date":"Feb 28, 2024, 10:50:09 AM"}
{"name":"Warped Terrorbird","level":96,"killCount":-1,"type":"NPC","drops":[{"name":"Bones","id":526,"quantity":1,"price":83},{"name":"Adamant platebody","id":1123,"quantity":1,"price":9429}],"date":"Feb 28, 2024, 10:50:28 AM"}
{"name":"Warped Terrorbird","level":96,"killCount":-1,"type":"NPC","drops":[{"name":"Bones","id":526,"quantity":1,"price":83},{"name":"Adamant platebody","id":1123,"quantity":1,"price":9429}],"date":"Feb 28, 2024, 10:50:58 AM"}
{"name":"Warped Terrorbird","level":96,"killCount":-1,"type":"NPC","drops":[{"name":"Bones","id":526,"quantity":1,"price":83},{"name":"Adamant platebody","id":1123,"quantity":1,"price":9429}],"date":"Feb 28, 2024, 10:51:19 AM"}
{"name":"Warped Terrorbird","level":96,"killCount":-1,"type":"NPC","drops":[{"name":"Bones","id":526,"quantity":1,"price":83},{"name":"Rune kiteshield","id":1201,"quantity":1,"price":31939}],"date":"Feb 28, 2024, 10:51:41 AM"}
{"name":"Warped Terrorbird","level":96,"killCount":-1,"type":"NPC","drops":[{"name":"Bones","id":526,"quantity":1,"price":83},{"name":"Air rune","id":556,"quantity":83,"price":5}],"date":"Feb 28, 2024, 10:51:55 AM"}
{"name":"Warped Terrorbird","level":96,"killCount":-1,"type":"NPC","drops":[{"name":"Bones","id":526,"quantity":1,"price":83},{"name":"Air rune","id":556,"quantity":109,"price":5}],"date":"Feb 28, 2024, 10:52:12 AM"}
{"name":"Warped Terrorbird","level":96,"killCount":-1,"type":"NPC","drops":[{"name":"Bones","id":526,"quantity":1,"price":83},{"name":"Air rune","id":556,"quantity":97,"price":5}],"date":"Feb 28, 2024, 10:52:33 AM"}
{"name":"Warped Terrorbird","level":96,"killCount":-1,"type":"NPC","drops":[{"name":"Bones","id":526,"quantity":1,"price":83},{"name":"Coins","id":995,"quantity":770,"price":1}],"date":"Feb 28, 2024, 10:52:55 AM"}
{"name":"Warped Terrorbird","level":96,"killCount":-1,"type":"NPC","drops":[{"name":"Bones","id":526,"quantity":1,"price":83},{"name":"Raw shark","id":384,"quantity":3,"price":733}],"date":"Feb 28, 2024, 10:53:22 AM"}
{"name":"Warped Terrorbird","level":96,"killCount":-1,"type":"NPC","drops":[{"name":"Bones","id":526,"quantity":1,"price":83},{"name":"Diamond bolt tips","id":9192,"quantity":30,"price":167}],"date":"Feb 28, 2024, 10:53:50 AM"}
{"name":"Warped Terrorbird","level":96,"killCount":-1,"type":"NPC","drops":[{"name":"Bones","id":526,"quantity":1,"price":83},{"name":"Adamantite ore","id":450,"quantity":5,"price":1085}],"date":"Feb 28, 2024, 10:54:12 AM"}
{"name":"Warped Terrorbird","level":96,"killCount":-1,"type":"NPC","drops":[{"name":"Bones","id":526,"quantity":1,"price":83},{"name":"Uncut sapphire","id":1623,"quantity":1,"price":238}],"date":"Feb 28, 2024, 10:54:31 AM"}
{"name":"Warped Terrorbird","level":96,"killCount":-1,"type":"NPC","drops":[{"name":"Bones","id":526,"quantity":1,"price":83},{"name":"Soul rune","id":566,"quantity":14,"price":271}],"date":"Feb 28, 2024, 10:54:48 AM"}
{"name":"Warped Terrorbird","level":96,"killCount":-1,"type":"NPC","drops":[{"name":"Bones","id":526,"quantity":1,"price":83},{"name":"Earth rune","id":557,"quantity":81,"price":4}],"date":"Feb 28, 2024, 10:55:14 AM"}
{"name":"Warped Terrorbird","level":96,"killCount":-1,"type":"NPC","drops":[{"name":"Bones","id":526,"quantity":1,"price":83},{"name":"Air rune","id":556,"quantity":82,"price":5}],"date":"Feb 28, 2024, 10:55:24 AM"}
{"name":"Warped Terrorbird","level":96,"killCount":-1,"type":"NPC","drops":[{"name":"Bones","id":526,"quantity":1,"price":83}],"date":"Feb 28, 2024, 10:55:36 AM"}
{"name":"Warped Terrorbird","level":96,"killCount":-1,"type":"NPC","drops":[{"name":"Bones","id":526,"quantity":1,"price":83},{"name":"Earth rune","id":557,"quantity":95,"price":4}],"date":"Feb 28, 2024, 10:55:51 AM"}
{"name":"Warped Terrorbird","level":96,"killCount":-1,"type":"NPC","drops":[{"name":"Bones","id":526,"quantity":1,"price":83},{"name":"Earth rune","id":557,"quantity":96,"price":4}],"date":"Feb 28, 2024, 10:56:07 AM"}
{"name":"Warped Terrorbird","level":96,"killCount":-1,"type":"NPC","drops":[{"name":"Bones","id":526,"quantity":1,"price":83},{"name":"Chocolate bomb","id":2185,"quantity":1,"price":619},{"name":"Chocolate bomb","id":2185,"quantity":1,"price":619},{"name":"Chocolate bomb","id":2185,"quantity":1,"price":619}],"date":"Feb 28, 2024, 10:56:31 AM"}
{"name":"Warped Terrorbird","level":96,"killCount":-1,"type":"NPC","drops":[{"name":"Bones","id":526,"quantity":1,"price":83},{"name":"Raw shark","id":384,"quantity":3,"price":733}],"date":"Feb 28, 2024, 10:56:51 AM"}
{"name":"Warped Terrorbird","level":96,"killCount":-1,"type":"NPC","drops":[{"name":"Bones","id":526,"quantity":1,"price":83},{"name":"Swamp tar","id":1939,"quantity":49,"price":4}],"date":"Feb 28, 2024, 10:57:10 AM"}
{"name":"Warped Terrorbird","level":96,"killCount":-1,"type":"NPC","drops":[{"name":"Bones","id":526,"quantity":1,"price":83},{"name":"Law rune","id":563,"quantity":17,"price":139}],"date":"Feb 28, 2024, 10:57:27 AM"}
{"name":"Warped Terrorbird","level":96,"killCount":-1,"type":"NPC","drops":[{"name":"Bones","id":526,"quantity":1,"price":83},{"name":"Rune battleaxe","id":1373,"quantity":1,"price":24399}],"date":"Feb 28, 2024, 10:57:52 AM"}
{"name":"Warped Terrorbird","level":96,"killCount":-1,"type":"NPC","drops":[{"name":"Bones","id":526,"quantity":1,"price":83},{"name":"Air rune","id":556,"quantity":86,"price":5}],"date":"Feb 28, 2024, 10:58:09 AM"}
{"name":"Warped Terrorbird","level":96,"killCount":-1,"type":"NPC","drops":[{"name":"Bones","id":526,"quantity":1,"price":83},{"name":"Swamp tar","id":1939,"quantity":41,"price":4}],"date":"Feb 28, 2024, 10:58:25 AM"}
{"name":"Warped Terrorbird","level":96,"killCount":-1,"type":"NPC","drops":[{"name":"Bones","id":526,"quantity":1,"price":83},{"name":"Diamond bolt tips","id":9192,"quantity":24,"price":167}],"date":"Feb 28, 2024, 10:58:52 AM"}
{"name":"Warped Terrorbird","level":96,"killCount":-1,"type":"NPC","drops":[{"name":"Bones","id":526,"quantity":1,"price":83},{"name":"Coins","id":995,"quantity":738,"price":1}],"date":"Feb 28, 2024, 10:59:21 AM"}
{"name":"Warped Terrorbird","level":96,"killCount":-1,"type":"NPC","drops":[{"name":"Bones","id":526,"quantity":1,"price":83},{"name":"Coins","id":995,"quantity":788,"price":1}],"date":"Feb 28, 2024, 10:59:41 AM"}
{"name":"Warped Terrorbird","level":96,"killCount":-1,"type":"NPC","drops":[{"name":"Bones","id":526,"quantity":1,"price":83},{"name":"Swamp tar","id":1939,"quantity":41,"price":4}],"date":"Feb 28, 2024, 11:00:12 AM"}
{"name":"Warped Terrorbird","level":96,"killCount":-1,"type":"NPC","drops":[{"name":"Bones","id":526,"quantity":1,"price":83},{"name":"Feather","id":314,"quantity":107,"price":2}],"date":"Feb 28, 2024, 11:00:36 AM"}
{"name":"Warped Terrorbird","level":96,"killCount":-1,"type":"NPC","drops":[{"name":"Bones","id":526,"quantity":1,"price":83},{"name":"Soul rune","id":566,"quantity":10,"price":271}],"date":"Feb 28, 2024, 11:01:05 AM"}
{"name":"Warped Terrorbird","level":96,"killCount":-1,"type":"NPC","drops":[{"name":"Bones","id":526,"quantity":1,"price":83},{"name":"Diamond bolt tips","id":9192,"quantity":27,"price":167}],"date":"Feb 28, 2024, 11:01:32 AM"}
{"name":"Warped Terrorbird","level":96,"killCount":-1,"type":"NPC","drops":[{"name":"Bones","id":526,"quantity":1,"price":83},{"name":"Diamond bolt tips","id":9192,"quantity":30,"price":167}],"date":"Feb 28, 2024, 11:01:37 AM"}
{"name":"Warped Terrorbird","level":96,"killCount":-1,"type":"NPC","drops":[{"name":"Bones","id":526,"quantity":1,"price":83},{"name":"Rune battleaxe","id":1373,"quantity":1,"price":24399}],"date":"Feb 28, 2024, 11:01:54 AM"}
{"name":"Warped Terrorbird","level":96,"killCount":-1,"type":"NPC","drops":[{"name":"Bones","id":526,"quantity":1,"price":83},{"name":"Feather","id":314,"quantity":186,"price":2}],"date":"Feb 28, 2024, 11:02:12 AM"}
{"name":"Warped Terrorbird","level":96,"killCount":-1,"type":"NPC","drops":[{"name":"Bones","id":526,"quantity":1,"price":83},{"name":"Weapon poison","id":187,"quantity":1,"price":258}],"date":"Feb 28, 2024, 11:02:29 AM"}
{"name":"Warped Terrorbird","level":96,"killCount":-1,"type":"NPC","drops":[{"name":"Bones","id":526,"quantity":1,"price":83},{"name":"Adamant platebody","id":1123,"quantity":1,"price":9429}],"date":"Feb 28, 2024, 11:02:44 AM"}
{"name":"Warped Terrorbird","level":96,"killCount":-1,"type":"NPC","drops":[{"name":"Bones","id":526,"quantity":1,"price":83},{"name":"Feather","id":314,"quantity":117,"price":2}],"date":"Feb 28, 2024, 11:03:08 AM"}
{"name":"Warped Terrorbird","level":96,"killCount":-1,"type":"NPC","drops":[{"name":"Bones","id":526,"quantity":1,"price":83},{"name":"Chocolate bomb","id":2185,"quantity":1,"price":619},{"name":"Chocolate bomb","id":2185,"quantity":1,"price":619}],"date":"Feb 28, 2024, 11:03:23 AM"}
{"name":"Warped Terrorbird","level":96,"killCount":-1,"type":"NPC","drops":[{"name":"Bones","id":526,"quantity":1,"price":83},{"name":"Air rune","id":556,"quantity":91,"price":5}],"date":"Feb 28, 2024, 11:03:53 AM"}
{"name":"Warped Terrorbird","level":96,"killCount":-1,"type":"NPC","drops":[{"name":"Bones","id":526,"quantity":1,"price":83},{"name":"Earth rune","id":557,"quantity":81,"price":4}],"date":"Feb 28, 2024, 11:04:09 AM"}
{"name":"Warped Terrorbird","level":96,"killCount":-1,"type":"NPC","drops":[{"name":"Bones","id":526,"quantity":1,"price":83},{"name":"Adamantite ore","id":450,"quantity":3,"price":1085}],"date":"Feb 28, 2024, 11:04:33 AM"}
{"name":"Warped Terrorbird","level":96,"killCount":-1,"type":"NPC","drops":[{"name":"Bones","id":526,"quantity":1,"price":83},{"name":"Uncut emerald","id":1621,"quantity":1,"price":440}],"date":"Feb 28, 2024, 11:04:59 AM"}
{"name":"Warped Terrorbird","level":96,"killCount":-1,"type":"NPC","drops":[{"name":"Bones","id":526,"quantity":1,"price":83},{"name":"Air rune","id":556,"quantity":90,"price":5}],"date":"Feb 28, 2024, 11:05:11 AM"}
{"name":"Warped Terrorbird","level":96,"killCount":-1,"type":"NPC","drops":[{"name":"Bones","id":526,"quantity":1,"price":83},{"name":"Soul rune","id":566,"quantity":14,"price":271}],"date":"Feb 28, 2024, 11:05:39 AM"}
{"name":"Warped Terrorbird","level":96,"killCount":-1,"type":"NPC","drops":[{"name":"Bones","id":526,"quantity":1,"price":83},{"name":"Coins","id":995,"quantity":700,"price":1}],"date":"Feb 28, 2024, 11:05:49 AM"}
{"name":"Warped Terrorbird","level":96,"killCount":-1,"type":"NPC","drops":[{"name":"Bones","id":526,"quantity":1,"price":83},{"name":"Uncut emerald","id":1621,"quantity":1,"price":440}],"date":"Feb 28, 2024, 11:06:23 AM"}
{"name":"Warped Terrorbird","level":96,"killCount":-1,"type":"NPC","drops":[{"name":"Bones","id":526,"quantity":1,"price":83},{"name":"Swamp tar","id":1939,"quantity":56,"price":4}],"date":"Feb 28, 2024, 11:06:43 AM"}
{"name":"Warped Terrorbird","level":96,"killCount":-1,"type":"NPC","drops":[{"name":"Bones","id":526,"quantity":1,"price":83},{"name":"Weapon poison","id":187,"quantity":1,"price":258}],"date":"Feb 28, 2024, 11:07:12 AM"}
{"name":"Warped Terrorbird","level":96,"killCount":-1,"type":"NPC","drops":[{"name":"Bones","id":526,"quantity":1,"price":83},{"name":"Feather","id":314,"quantity":172,"price":2}],"date":"Feb 28, 2024, 11:07:28 AM"}
{"name":"Warped Terrorbird","level":96,"killCount":-1,"type":"NPC","drops":[{"name":"Bones","id":526,"quantity":1,"price":83},{"name":"Earth rune","id":557,"quantity":93,"price":4}],"date":"Feb 28, 2024, 11:07:50 AM"}
{"name":"Warped Terrorbird","level":96,"killCount":-1,"type":"NPC","drops":[{"name":"Bones","id":526,"quantity":1,"price":83},{"name":"Coins","id":995,"quantity":650,"price":1}],"date":"Feb 28, 2024, 11:08:09 AM"}
{"name":"Warped Terrorbird","level":96,"killCount":-1,"type":"NPC","drops":[{"name":"Bones","id":526,"quantity":1,"price":83},{"name":"Feather","id":314,"quantity":143,"price":2}],"date":"Feb 28, 2024, 11:08:33 AM"}
{"name":"Warped Terrorbird","level":96,"killCount":-1,"type":"NPC","drops":[{"name":"Bones","id":526,"quantity":1,"price":83},{"name":"Soul rune","id":566,"quantity":10,"price":271}],"date":"Feb 28, 2024, 11:08:54 AM"}
{"name":"Warped Terrorbird","level":96,"killCount":-1,"type":"NPC","drops":[{"name":"Bones","id":526,"quantity":1,"price":83},{"name":"Soul rune","id":566,"quantity":13,"price":271}],"date":"Feb 28, 2024, 11:09:03 AM"}
{"name":"Warped Terrorbird","level":96,"killCount":-1,"type":"NPC","drops":[{"name":"Bones","id":526,"quantity":1,"price":83},{"name":"Air rune","id":556,"quantity":81,"price":5}],"date":"Feb 28, 2024, 11:09:23 AM"}
{"name":"Warped Terrorbird","level":96,"killCount":-1,"type":"NPC","drops":[{"name":"Bones","id":526,"quantity":1,"price":83},{"name":"Weapon poison","id":187,"quantity":1,"price":258}],"date":"Feb 28, 2024, 11:09:47 AM"}
{"name":"Warped Terrorbird","level":96,"killCount":-1,"type":"NPC","drops":[{"name":"Bones","id":526,"quantity":1,"price":83},{"name":"Diamond bolt tips","id":9192,"quantity":26,"price":167}],"date":"Feb 28, 2024, 11:10:01 AM"}
{"name":"Warped Terrorbird","level":96,"killCount":-1,"type":"NPC","drops":[{"name":"Bones","id":526,"quantity":1,"price":83},{"name":"Coins","id":995,"quantity":645,"price":1}],"date":"Feb 28, 2024, 11:10:23 AM"}
{"name":"Warped Terrorbird","level":96,"killCount":-1,"type":"NPC","drops":[{"name":"Bones","id":526,"quantity":1,"price":83},{"name":"Raw shark","id":384,"quantity":3,"price":733}],"date":"Feb 28, 2024, 11:10:40 AM"}
{"name":"Warped Terrorbird","level":96,"killCount":-1,"type":"NPC","drops":[{"name":"Bones","id":526,"quantity":1,"price":83},{"name":"Feather","id":314,"quantity":174,"price":2}],"date":"Feb 28, 2024, 11:11:00 AM"}
{"name":"Warped Terrorbird","level":96,"killCount":-1,"type":"NPC","drops":[{"name":"Bones","id":526,"quantity":1,"price":83},{"name":"Clue scroll (hard)","id":23168,"quantity":1,"price":0},{"name":"Death rune","id":560,"quantity":15,"price":203}],"date":"Feb 28, 2024, 11:11:24 AM"}
{"name":"Warped Terrorbird","level":96,"killCount":-1,"type":"NPC","drops":[{"name":"Bones","id":526,"quantity":1,"price":83},{"name":"Chocolate bomb","id":2185,"quantity":1,"price":619},{"name":"Chocolate bomb","id":2185,"quantity":1,"price":619},{"name":"Chocolate bomb","id":2185,"quantity":1,"price":619}],"date":"Feb 28, 2024, 11:11:47 AM"}
{"name":"Warped Terrorbird","level":96,"killCount":-1,"type":"NPC","drops":[{"name":"Bones","id":526,"quantity":1,"price":83},{"name":"Weapon poison","id":187,"quantity":1,"price":258}],"date":"Feb 28, 2024, 11:12:04 AM"}
{"name":"Warped Terrorbird","level":96,"killCount":-1,"type":"NPC","drops":[{"name":"Bones","id":526,"quantity":1,"price":83},{"name":"Death rune","id":560,"quantity":19,"price":203}],"date":"Feb 28, 2024, 11:12:25 AM"}
{"name":"Warped Terrorbird","level":96,"killCount":-1,"type":"NPC","drops":[{"name":"Bones","id":526,"quantity":1,"price":83},{"name":"Rune battleaxe","id":1373,"quantity":1,"price":24399}],"date":"Feb 28, 2024, 11:12:44 AM"}
{"name":"Warped Terrorbird","level":96,"killCount":-1,"type":"NPC","drops":[{"name":"Bones","id":526,"quantity":1,"price":83},{"name":"Air rune","id":556,"quantity":88,"price":5}],"date":"Feb 28, 2024, 11:13:03 AM"}
{"name":"Warped Terrorbird","level":96,"killCount":-1,"type":"NPC","drops":[{"name":"Bones","id":526,"quantity":1,"price":83},{"name":"Swamp tar","id":1939,"quantity":45,"price":4}],"date":"Feb 28, 2024, 11:13:20 AM"}
{"name":"Warped Terrorbird","level":96,"killCount":-1,"type":"NPC","drops":[{"name":"Bones","id":526,"quantity":1,"price":83},{"name":"Weapon poison","id":187,"quantity":1,"price":258}],"date":"Feb 28, 2024, 11:13:53 AM"}
{"name":"Warped Terrorbird","level":96,"killCount":-1,"type":"NPC","drops":[{"name":"Bones","id":526,"quantity":1,"price":83},{"name":"Chocolate bomb","id":2185,"quantity":1,"price":619},{"name":"Chocolate bomb","id":2185,"quantity":1,"price":619}],"date":"Feb 28, 2024, 11:14:15 AM"}
{"name":"Warped Terrorbird","level":96,"killCount":-1,"type":"NPC","drops":[{"name":"Bones","id":526,"quantity":1,"price":83},{"name":"Adamantite ore","id":450,"quantity":3,"price":1085}],"date":"Feb 28, 2024, 11:14:31 AM"}
{"name":"Warped Terrorbird","level":96,"killCount":-1,"type":"NPC","drops":[{"name":"Bones","id":526,"quantity":1,"price":83},{"name":"Swamp tar","id":1939,"quantity":48,"price":4}],"date":"Feb 28, 2024, 11:15:03 AM"}
{"name":"Warped Terrorbird","level":96,"killCount":-1,"type":"NPC","drops":[{"name":"Bones","id":526,"quantity":1,"price":83},{"name":"Chocolate bomb","id":2185,"quantity":1,"price":619},{"name":"Chocolate bomb","id":2185,"quantity":1,"price":619},{"name":"Chocolate bomb","id":2185,"quantity":1,"price":619}],"date":"Feb 28, 2024, 11:15:29 AM"}
{"name":"Warped Terrorbird","level":96,"killCount":-1,"type":"NPC","drops":[{"name":"Bones","id":526,"quantity":1,"price":83},{"name":"Rune battleaxe","id":1373,"quantity":1,"price":24399}],"date":"Feb 28, 2024, 11:15:47 AM"}
{"name":"Warped Terrorbird","level":96,"killCount":-1,"type":"NPC","drops":[{"name":"Bones","id":526,"quantity":1,"price":83},{"name":"Swamp tar","id":1939,"quantity":46,"price":4}],"date":"Feb 28, 2024, 11:16:04 AM"}
{"name":"Warped Terrorbird","level":96,"killCount":-1,"type":"NPC","drops":[{"name":"Bones","id":526,"quantity":1,"price":83},{"name":"Coins","id":995,"quantity":746,"price":1}],"date":"Feb 28, 2024, 11:16:26 AM"}
{"name":"Warped Terrorbird","level":96,"killCount":-1,"type":"NPC","drops":[{"name":"Bones","id":526,"quantity":1,"price":83},{"name":"Feather","id":314,"quantity":149,"price":2}],"date":"Feb 28, 2024, 11:16:43 AM"}
{"name":"Warped Terrorbird","level":96,"killCount":-1,"type":"NPC","drops":[{"name":"Bones","id":526,"quantity":1,"price":83},{"name":"Soul rune","id":566,"quantity":15,"price":271}],"date":"Feb 28, 2024, 11:17:14 AM"}
{"name":"Warped Terrorbird","level":96,"killCount":-1,"type":"NPC","drops":[{"name":"Bones","id":526,"quantity":1,"price":83},{"name":"Adamant warhammer","id":1345,"quantity":1,"price":2554}],"date":"Feb 28, 2024, 11:17:35 AM"}
{"name":"Warped Terrorbird","level":96,"killCount":-1,"type":"NPC","drops":[{"name":"Bones","id":526,"quantity":1,"price":83},{"name":"Uncut sapphire","id":1623,"quantity":1,"price":238}],"date":"Feb 28, 2024, 11:17:57 AM"}
{"name":"Warped Terrorbird","level":96,"killCount":-1,"type":"NPC","drops":[{"name":"Bones","id":526,"quantity":1,"price":83},{"name":"Air rune","id":556,"quantity":99,"price":5}],"date":"Feb 28, 2024, 11:18:16 AM"}
{"name":"Warped Terrorbird","level":96,"killCount":-1,"type":"NPC","drops":[{"name":"Bones","id":526,"quantity":1,"price":83},{"name":"Earth rune","id":557,"quantity":87,"price":4}],"date":"Feb 28, 2024, 11:18:43 AM"}
{"name":"Warped Terrorbird","level":96,"killCount":-1,"type":"NPC","drops":[{"name":"Bones","id":526,"quantity":1,"price":83}],"date":"Feb 28, 2024, 11:19:00 AM"}
{"name":"Warped Terrorbird","level":96,"killCount":-1,"type":"NPC","drops":[{"name":"Bones","id":526,"quantity":1,"price":83},{"name":"Earth rune","id":557,"quantity":83,"price":4}],"date":"Feb 28, 2024, 11:19:17 AM"}
{"name":"Warped Terrorbird","level":96,"killCount":-1,"type":"NPC","drops":[{"name":"Bones","id":526,"quantity":1,"price":83},{"name":"Soul rune","id":566,"quantity":13,"price":271}],"date":"Feb 28, 2024, 11:19:33 AM"}
{"name":"Warped Terrorbird","level":96,"killCount":-1,"type":"NPC","drops":[{"name":"Bones","id":526,"quantity":1,"price":83},{"name":"Coins","id":995,"quantity":705,"price":1}],"date":"Feb 28, 2024, 11:20:07 AM"}
{"name":"Warped Terrorbird","level":96,"killCount":-1,"type":"NPC","drops":[{"name":"Bones","id":526,"quantity":1,"price":83},{"name":"Feather","id":314,"quantity":132,"price":2}],"date":"Feb 28, 2024, 11:20:19 AM"}
{"name":"Warped Terrorbird","level":96,"killCount":-1,"type":"NPC","drops":[{"name":"Bones","id":526,"quantity":1,"price":83},{"name":"Raw shark","id":384,"quantity":4,"price":733}],"date":"Feb 28, 2024, 11:20:33 AM"}
{"name":"Warped Terrorbird","level":96,"killCount":-1,"type":"NPC","drops":[{"name":"Bones","id":526,"quantity":1,"price":83},{"name":"Air rune","id":556,"quantity":118,"price":5}],"date":"Feb 28, 2024, 11:20:50 AM"}
{"name":"Warped Terrorbird","level":96,"killCount":-1,"type":"NPC","drops":[{"name":"Bones","id":526,"quantity":1,"price":83},{"name":"Swamp tar","id":1939,"quantity":58,"price":4}],"date":"Feb 28, 2024, 11:21:14 AM"}
{"name":"Warped Terrorbird","level":96,"killCount":-1,"type":"NPC","drops":[{"name":"Bones","id":526,"quantity":1,"price":83},{"name":"Adamantite ore","id":450,"quantity":3,"price":1085}],"date":"Feb 28, 2024, 11:21:45 AM"}
{"name":"Warped Terrorbird","level":96,"killCount":-1,"type":"NPC","drops":[{"name":"Bones","id":526,"quantity":1,"price":83},{"name":"Soul rune","id":566,"quantity":15,"price":271}],"date":"Feb 28, 2024, 11:24:11 AM"}
{"name":"Warped Terrorbird","level":96,"killCount":-1,"type":"NPC","drops":[{"name":"Bones","id":526,"quantity":1,"price":83},{"name":"Death rune","id":560,"quantity":20,"price":203}],"date":"Feb 28, 2024, 11:24:28 AM"}
{"name":"Warped Terrorbird","level":96,"killCount":-1,"type":"NPC","drops":[{"name":"Bones","id":526,"quantity":1,"price":83},{"name":"Soul rune","id":566,"quantity":15,"price":271}],"date":"Feb 28, 2024, 11:24:45 AM"}
{"name":"Warped Terrorbird","level":96,"killCount":-1,"type":"NPC","drops":[{"name":"Bones","id":526,"quantity":1,"price":83},{"name":"Uncut sapphire","id":1623,"quantity":1,"price":238}],"date":"Feb 28, 2024, 11:25:02 AM"}
{"name":"Warped Terrorbird","level":96,"killCount":-1,"type":"NPC","drops":[{"name":"Bones","id":526,"quantity":1,"price":83},{"name":"Earth rune","id":557,"quantity":83,"price":4}],"date":"Feb 28, 2024, 11:25:26 AM"}
{"name":"Warped Terrorbird","level":96,"killCount":-1,"type":"NPC","drops":[{"name":"Bones","id":526,"quantity":1,"price":83},{"name":"Warped sceptre (uncharged)","id":28583,"quantity":1,"price":102895},{"name":"Swamp tar","id":1939,"quantity":55,"price":4}],"date":"Feb 28, 2024, 11:25:51 AM"}
{"name":"Warped Terrorbird","level":96,"killCount":-1,"type":"NPC","drops":[{"name":"Bones","id":526,"quantity":1,"price":83},{"name":"Feather","id":314,"quantity":184,"price":2}],"date":"Feb 28, 2024, 11:26:15 AM"}
{"name":"Warped Terrorbird","level":96,"killCount":-1,"type":"NPC","drops":[{"name":"Bones","id":526,"quantity":1,"price":83},{"name":"Coins","id":995,"quantity":760,"price":1}],"date":"Feb 28, 2024, 11:26:45 AM"}
