{"name":"Werewolf","level":93,"killCount":-1,"type":"NPC","drops":[{"name":"Wolf bones","id":2859,"quantity":1,"price":569},{"name":"Grey wolf fur","id":958,"quantity":1,"price":42}],"date":"Aug 5, 2022, 10:46:37 PM"}
{"name":"Werewolf","level":93,"killCount":-1,"type":"NPC","drops":[{"name":"Wolf bones","id":2859,"quantity":1,"price":569},{"name":"Grey wolf fur","id":958,"quantity":1,"price":42}],"date":"Aug 5, 2022, 10:47:50 PM"}
{"name":"Werewolf","level":93,"killCount":-1,"type":"NPC","drops":[{"name":"Wolf bones","id":2859,"quantity":1,"price":569},{"name":"Coins","id":995,"quantity":364,"price":1}],"date":"Aug 5, 2022, 10:48:24 PM"}
{"name":"Werewolf","level":93,"killCount":-1,"type":"NPC","drops":[{"name":"Wolf bones","id":2859,"quantity":1,"price":569},{"name":"Coins","id":995,"quantity":10,"price":1}],"date":"Aug 5, 2022, 10:48:33 PM"}
{"name":"Werewolf","level":93,"killCount":-1,"type":"NPC","drops":[{"name":"Wolf bones","id":2859,"quantity":1,"price":569},{"name":"Steel scimitar","id":1325,"quantity":1,"price":186}],"date":"Aug 5, 2022, 10:49:47 PM"}
{"name":"Werewolf","level":93,"killCount":-1,"type":"NPC","drops":[{"name":"Wolf bones","id":2859,"quantity":1,"price":569},{"name":"Grey wolf fur","id":958,"quantity":1,"price":42}],"date":"Aug 5, 2022, 11:01:03 PM"}
{"name":"Werewolf","level":93,"killCount":-1,"type":"NPC","drops":[{"name":"Wolf bones","id":2859,"quantity":1,"price":569},{"name":"Grey wolf fur","id":958,"quantity":1,"price":42}],"date":"Aug 5, 2022, 11:01:27 PM"}
{"name":"Werewolf","level":93,"killCount":-1,"type":"NPC","drops":[{"name":"Wolf bones","id":2859,"quantity":1,"price":569},{"name":"Jug of wine","id":1993,"quantity":1,"price":2}],"date":"Aug 5, 2022, 11:03:02 PM"}
{"name":"Werewolf","level":93,"killCount":-1,"type":"NPC","drops":[{"name":"Wolf bones","id":2859,"quantity":1,"price":571},{"name":"Coins","id":995,"quantity":10,"price":1}],"date":"Aug 5, 2022, 11:03:55 PM"}
{"name":"Werewolf","level":93,"killCount":-1,"type":"NPC","drops":[{"name":"Wolf bones","id":2859,"quantity":1,"price":571}],"date":"Aug 5, 2022, 11:04:14 PM"}
{"name":"Werewolf","level":93,"killCount":-1,"type":"NPC","drops":[{"name":"Wolf bones","id":2859,"quantity":1,"price":571},{"name":"Fur","id":6814,"quantity":1,"price":800}],"date":"Aug 5, 2022, 11:17:10 PM"}
{"name":"Werewolf","level":93,"killCount":-1,"type":"NPC","drops":[{"name":"Wolf bones","id":2859,"quantity":1,"price":571},{"name":"Fur","id":6814,"quantity":1,"price":800}],"date":"Aug 5, 2022, 11:17:35 PM"}
{"name":"Werewolf","level":93,"killCount":-1,"type":"NPC","drops":[{"name":"Wolf bones","id":2859,"quantity":1,"price":571},{"name":"Coins","id":995,"quantity":10,"price":1}],"date":"Aug 5, 2022, 11:17:59 PM"}
{"name":"Werewolf","level":93,"killCount":-1,"type":"NPC","drops":[{"name":"Wolf bones","id":2859,"quantity":1,"price":571},{"name":"Steel full helm","id":1157,"quantity":1,"price":337}],"date":"Aug 5, 2022, 11:18:20 PM"}
{"name":"Werewolf","level":93,"killCount":-1,"type":"NPC","drops":[{"name":"Wolf bones","id":2859,"quantity":1,"price":571},{"name":"Grey wolf fur","id":958,"quantity":1,"price":42}],"date":"Aug 5, 2022, 11:18:40 PM"}
{"name":"Werewolf","level":93,"killCount":-1,"type":"NPC","drops":[{"name":"Wolf bones","id":2859,"quantity":1,"price":571},{"name":"Jug of wine","id":1993,"quantity":1,"price":2}],"date":"Aug 5, 2022, 11:19:29 PM"}
{"name":"Werewolf","level":93,"killCount":-1,"type":"NPC","drops":[{"name":"Wolf bones","id":2859,"quantity":1,"price":571},{"name":"Coins","id":995,"quantity":90,"price":1}],"date":"Aug 5, 2022, 11:26:58 PM"}
{"name":"Werewolf","level":93,"killCount":-1,"type":"NPC","drops":[{"name":"Wolf bones","id":2859,"quantity":1,"price":571},{"name":"Steel scimitar","id":1325,"quantity":1,"price":198}],"date":"Aug 5, 2022, 11:27:07 PM"}
{"name":"Werewolf","level":93,"killCount":-1,"type":"NPC","drops":[{"name":"Wolf bones","id":2859,"quantity":1,"price":571},{"name":"Coins","id":995,"quantity":10,"price":1}],"date":"Aug 5, 2022, 11:27:44 PM"}
{"name":"Werewolf","level":93,"killCount":-1,"type":"NPC","drops":[{"name":"Wolf bones","id":2859,"quantity":1,"price":571},{"name":"Mithril chainbody","id":1109,"quantity":1,"price":1304}],"date":"Aug 5, 2022, 11:27:46 PM"}
{"name":"Werewolf","level":93,"killCount":-1,"type":"NPC","drops":[{"name":"Wolf bones","id":2859,"quantity":1,"price":571},{"name":"Fur","id":6814,"quantity":1,"price":800}],"date":"Aug 5, 2022, 11:28:24 PM"}
{"name":"Werewolf","level":93,"killCount":-1,"type":"NPC","drops":[{"name":"Wolf bones","id":2859,"quantity":1,"price":571},{"name":"Raw beef","id":2132,"quantity":1,"price":91},{"name":"Raw beef","id":2132,"quantity":1,"price":91},{"name":"Raw beef","id":2132,"quantity":1,"price":91},{"name":"Raw beef","id":2132,"quantity":1,"price":91},{"name":"Raw beef","id":2132,"quantity":1,"price":91}],"date":"Aug 5, 2022, 11:28:46 PM"}
{"name":"Werewolf","level":93,"killCount":-1,"type":"NPC","drops":[{"name":"Wolf bones","id":2859,"quantity":1,"price":571},{"name":"Fur","id":6814,"quantity":1,"price":800}],"date":"Aug 5, 2022, 11:29:35 PM"}
{"name":"Werewolf","level":93,"killCount":-1,"type":"NPC","drops":[{"name":"Wolf bones","id":2859,"quantity":1,"price":571},{"name":"Coins","id":995,"quantity":10,"price":1}],"date":"Aug 5, 2022, 11:29:43 PM"}
{"name":"Werewolf","level":93,"killCount":-1,"type":"NPC","drops":[{"name":"Wolf bones","id":2859,"quantity":1,"price":569},{"name":"Fur","id":6814,"quantity":1,"price":800}],"date":"Aug 5, 2022, 11:44:50 PM"}
{"name":"Werewolf","level":93,"killCount":-1,"type":"NPC","drops":[{"name":"Wolf bones","id":2859,"quantity":1,"price":569},{"name":"Fur","id":6814,"quantity":1,"price":800}],"date":"Aug 5, 2022, 11:45:51 PM"}
{"name":"Werewolf","level":93,"killCount":-1,"type":"NPC","drops":[{"name":"Wolf bones","id":2859,"quantity":1,"price":569},{"name":"Coins","id":995,"quantity":90,"price":1}],"date":"Aug 5, 2022, 11:46:54 PM"}
{"name":"Werewolf","level":93,"killCount":-1,"type":"NPC","drops":[{"name":"Wolf bones","id":2859,"quantity":1,"price":569},{"name":"Coins","id":995,"quantity":10,"price":1}],"date":"Aug 5, 2022, 11:47:59 PM"}
{"name":"Werewolf","level":93,"killCount":-1,"type":"NPC","drops":[{"name":"Wolf bones","id":2859,"quantity":1,"price":569},{"name":"Raw chicken","id":2138,"quantity":1,"price":97},{"name":"Raw chicken","id":2138,"quantity":1,"price":97},{"name":"Raw chicken","id":2138,"quantity":1,"price":97},{"name":"Raw chicken","id":2138,"quantity":1,"price":97},{"name":"Raw chicken","id":2138,"quantity":1,"price":97}],"date":"Aug 5, 2022, 11:55:52 PM"}
{"name":"Werewolf","level":93,"killCount":-1,"type":"NPC","drops":[{"name":"Wolf bones","id":2859,"quantity":1,"price":569},{"name":"Rune med helm","id":1147,"quantity":1,"price":11055}],"date":"Aug 5, 2022, 11:56:15 PM"}
{"name":"Werewolf","level":93,"killCount":-1,"type":"NPC","drops":[{"name":"Wolf bones","id":2859,"quantity":1,"price":569},{"name":"Fur","id":6814,"quantity":1,"price":800}],"date":"Aug 5, 2022, 11:57:29 PM"}
{"name":"Werewolf","level":93,"killCount":-1,"type":"NPC","drops":[{"name":"Wolf bones","id":2859,"quantity":1,"price":569},{"name":"Coins","id":995,"quantity":10,"price":1}],"date":"Aug 5, 2022, 11:58:40 PM"}
{"name":"Werewolf","level":93,"killCount":-1,"type":"NPC","drops":[{"name":"Wolf bones","id":2859,"quantity":1,"price":569},{"name":"Steel full helm","id":1157,"quantity":1,"price":162}],"date":"Aug 6, 2022, 12:10:15 AM"}
{"name":"Werewolf","level":93,"killCount":-1,"type":"NPC","drops":[{"name":"Wolf bones","id":2859,"quantity":1,"price":569},{"name":"Fur","id":6814,"quantity":1,"price":800}],"date":"Aug 6, 2022, 12:11:00 AM"}
{"name":"Werewolf","level":93,"killCount":-1,"type":"NPC","drops":[{"name":"Wolf bones","id":2859,"quantity":1,"price":569},{"name":"Grimy guam leaf","id":199,"quantity":1,"price":76}],"date":"Aug 6, 2022, 12:11:26 AM"}
{"name":"Werewolf","level":93,"killCount":-1,"type":"NPC","drops":[{"name":"Wolf bones","id":2859,"quantity":1,"price":569},{"name":"Fur","id":6814,"quantity":1,"price":800}],"date":"Aug 6, 2022, 12:11:55 AM"}
{"name":"Werewolf","level":93,"killCount":-1,"type":"NPC","drops":[{"name":"Wolf bones","id":2859,"quantity":1,"price":569},{"name":"Grey wolf fur","id":958,"quantity":1,"price":42}],"date":"Aug 6, 2022, 12:12:16 AM"}
{"name":"Werewolf","level":93,"killCount":-1,"type":"NPC","drops":[{"name":"Wolf bones","id":2859,"quantity":1,"price":569},{"name":"Grey wolf fur","id":958,"quantity":1,"price":42}],"date":"Aug 6, 2022, 12:13:42 AM"}
{"name":"Werewolf","level":93,"killCount":-1,"type":"NPC","drops":[{"name":"Wolf bones","id":2859,"quantity":1,"price":569},{"name":"Coins","id":995,"quantity":10,"price":1}],"date":"Aug 6, 2022, 12:13:54 AM"}
{"name":"Werewolf","level":93,"killCount":-1,"type":"NPC","drops":[{"name":"Wolf bones","id":2859,"quantity":1,"price":569},{"name":"Grey wolf fur","id":958,"quantity":1,"price":42}],"date":"Aug 6, 2022, 12:14:39 AM"}
{"name":"Werewolf","level":93,"killCount":-1,"type":"NPC","drops":[{"name":"Wolf bones","id":2859,"quantity":1,"price":569},{"name":"Coins","id":995,"quantity":120,"price":1}],"date":"Aug 6, 2022, 12:27:34 AM"}
{"name":"Werewolf","level":93,"killCount":-1,"type":"NPC","drops":[{"name":"Wolf bones","id":2859,"quantity":1,"price":569},{"name":"Coins","id":995,"quantity":10,"price":1}],"date":"Aug 6, 2022, 12:28:34 AM"}
{"name":"Werewolf","level":93,"killCount":-1,"type":"NPC","drops":[{"name":"Wolf bones","id":2859,"quantity":1,"price":569},{"name":"Grey wolf fur","id":958,"quantity":1,"price":42}],"date":"Aug 6, 2022, 12:29:25 AM"}
{"name":"Werewolf","level":93,"killCount":-1,"type":"NPC","drops":[{"name":"Wolf bones","id":2859,"quantity":1,"price":569},{"name":"Grey wolf fur","id":958,"quantity":1,"price":42}],"date":"Aug 6, 2022, 12:30:06 AM"}
{"name":"Werewolf","level":93,"killCount":-1,"type":"NPC","drops":[{"name":"Wolf bones","id":2859,"quantity":1,"price":569},{"name":"Steel scimitar","id":1325,"quantity":1,"price":171}],"date":"Aug 6, 2022, 12:30:14 AM"}
{"name":"Werewolf","level":93,"killCount":-1,"type":"NPC","drops":[{"name":"Wolf bones","id":2859,"quantity":1,"price":569},{"name":"Steel axe","id":1353,"quantity":1,"price":188}],"date":"Aug 6, 2022, 12:30:50 AM"}
{"name":"Werewolf","level":93,"killCount":-1,"type":"NPC","drops":[{"name":"Wolf bones","id":2859,"quantity":1,"price":569},{"name":"Steel scimitar","id":1325,"quantity":1,"price":171}],"date":"Aug 6, 2022, 12:31:52 AM"}
{"name":"Werewolf","level":93,"killCount":-1,"type":"NPC","drops":[{"name":"Wolf bones","id":2859,"quantity":1,"price":564},{"name":"Fur","id":6814,"quantity":1,"price":900}],"date":"Aug 7, 2022, 4:13:38 PM"}
{"name":"Werewolf","level":93,"killCount":-1,"type":"NPC","drops":[{"name":"Wolf bones","id":2859,"quantity":1,"price":564},{"name":"Coins","id":995,"quantity":364,"price":1}],"date":"Aug 7, 2022, 4:14:14 PM"}
{"name":"Werewolf","level":93,"killCount":-1,"type":"NPC","drops":[{"name":"Wolf bones","id":2859,"quantity":1,"price":564},{"name":"Fur","id":6814,"quantity":1,"price":900}],"date":"Aug 7, 2022, 4:15:08 PM"}
{"name":"Werewolf","level":93,"killCount":-1,"type":"NPC","drops":[{"name":"Wolf bones","id":2859,"quantity":1,"price":564},{"name":"Grey wolf fur","id":958,"quantity":1,"price":84}],"date":"Aug 7, 2022, 4:15:28 PM"}
{"name":"Werewolf","level":93,"killCount":-1,"type":"NPC","drops":[{"name":"Wolf bones","id":2859,"quantity":1,"price":564},{"name":"Grey wolf fur","id":958,"quantity":1,"price":84}],"date":"Aug 7, 2022, 4:16:03 PM"}
{"name":"Werewolf","level":93,"killCount":-1,"type":"NPC","drops":[{"name":"Wolf bones","id":2859,"quantity":1,"price":564},{"name":"Grey wolf fur","id":958,"quantity":1,"price":84}],"date":"Aug 7, 2022, 4:17:31 PM"}
{"name":"Werewolf","level":93,"killCount":-1,"type":"NPC","drops":[{"name":"Wolf bones","id":2859,"quantity":1,"price":598},{"name":"Coins","id":995,"quantity":10,"price":1}],"date":"Aug 7, 2022, 4:41:10 PM"}
{"name":"Werewolf","level":93,"killCount":-1,"type":"NPC","drops":[{"name":"Wolf bones","id":2859,"quantity":1,"price":598},{"name":"Grey wolf fur","id":958,"quantity":1,"price":47}],"date":"Aug 7, 2022, 4:41:55 PM"}
{"name":"Werewolf","level":93,"killCount":-1,"type":"NPC","drops":[{"name":"Wolf bones","id":2859,"quantity":1,"price":598},{"name":"Fur","id":6814,"quantity":1,"price":900}],"date":"Aug 7, 2022, 4:42:58 PM"}
{"name":"Werewolf","level":93,"killCount":-1,"type":"NPC","drops":[{"name":"Wolf bones","id":2859,"quantity":1,"price":598},{"name":"Coins","id":995,"quantity":222,"price":1}],"date":"Aug 7, 2022, 4:57:46 PM"}
{"name":"Werewolf","level":93,"killCount":-1,"type":"NPC","drops":[{"name":"Wolf bones","id":2859,"quantity":1,"price":598},{"name":"Fur","id":6814,"quantity":1,"price":900}],"date":"Aug 7, 2022, 4:59:24 PM"}
{"name":"Werewolf","level":93,"killCount":-1,"type":"NPC","drops":[{"name":"Wolf bones","id":2859,"quantity":1,"price":636},{"name":"Coins","id":995,"quantity":10,"price":1}],"date":"Aug 7, 2022, 5:13:49 PM"}
{"name":"Werewolf","level":93,"killCount":-1,"type":"NPC","drops":[{"name":"Wolf bones","id":2859,"quantity":1,"price":636},{"name":"Fur","id":6814,"quantity":1,"price":803}],"date":"Aug 7, 2022, 5:14:05 PM"}
{"name":"Werewolf","level":93,"killCount":-1,"type":"NPC","drops":[{"name":"Wolf bones","id":2859,"quantity":1,"price":636},{"name":"Fur","id":6814,"quantity":1,"price":803}],"date":"Aug 7, 2022, 5:14:37 PM"}
{"name":"Werewolf","level":93,"killCount":-1,"type":"NPC","drops":[{"name":"Wolf bones","id":2859,"quantity":1,"price":636},{"name":"Mithril chainbody","id":1109,"quantity":1,"price":1134}],"date":"Aug 7, 2022, 5:16:19 PM"}
{"name":"Werewolf","level":93,"killCount":-1,"type":"NPC","drops":[{"name":"Wolf bones","id":2859,"quantity":1,"price":636},{"name":"Coins","id":995,"quantity":364,"price":1}],"date":"Aug 7, 2022, 5:16:45 PM"}
{"name":"Werewolf","level":93,"killCount":-1,"type":"NPC","drops":[{"name":"Wolf bones","id":2859,"quantity":1,"price":630},{"name":"Coins","id":995,"quantity":10,"price":1}],"date":"Aug 7, 2022, 5:43:43 PM"}
{"name":"Werewolf","level":93,"killCount":-1,"type":"NPC","drops":[{"name":"Wolf bones","id":2859,"quantity":1,"price":630},{"name":"Fur","id":6814,"quantity":1,"price":803}],"date":"Aug 7, 2022, 5:45:24 PM"}
{"name":"Werewolf","level":93,"killCount":-1,"type":"NPC","drops":[{"name":"Wolf bones","id":2859,"quantity":1,"price":630},{"name":"Grey wolf fur","id":958,"quantity":1,"price":70}],"date":"Aug 7, 2022, 5:46:56 PM"}
{"name":"Werewolf","level":93,"killCount":-1,"type":"NPC","drops":[{"name":"Wolf bones","id":2859,"quantity":1,"price":630},{"name":"Fur","id":6814,"quantity":1,"price":803}],"date":"Aug 7, 2022, 5:53:46 PM"}
{"name":"Werewolf","level":93,"killCount":-1,"type":"NPC","drops":[{"name":"Wolf bones","id":2859,"quantity":1,"price":630},{"name":"Coins","id":995,"quantity":222,"price":1}],"date":"Aug 7, 2022, 5:54:36 PM"}
{"name":"Werewolf","level":93,"killCount":-1,"type":"NPC","drops":[{"name":"Wolf bones","id":2859,"quantity":1,"price":630},{"name":"Fur","id":6814,"quantity":1,"price":803}],"date":"Aug 7, 2022, 5:54:50 PM"}
{"name":"Werewolf","level":93,"killCount":-1,"type":"NPC","drops":[{"name":"Wolf bones","id":2859,"quantity":1,"price":630},{"name":"Steel full helm","id":1157,"quantity":1,"price":402}],"date":"Aug 7, 2022, 5:55:25 PM"}
{"name":"Werewolf","level":93,"killCount":-1,"type":"NPC","drops":[{"name":"Wolf bones","id":2859,"quantity":1,"price":564},{"name":"Coins","id":995,"quantity":222,"price":1}],"date":"Aug 7, 2022, 6:03:26 PM"}
{"name":"Werewolf","level":93,"killCount":-1,"type":"NPC","drops":[{"name":"Wolf bones","id":2859,"quantity":1,"price":564},{"name":"Grey wolf fur","id":958,"quantity":1,"price":70}],"date":"Aug 7, 2022, 6:04:29 PM"}
{"name":"Werewolf","level":93,"killCount":-1,"type":"NPC","drops":[{"name":"Wolf bones","id":2859,"quantity":1,"price":564},{"name":"Coins","id":995,"quantity":364,"price":1}],"date":"Aug 7, 2022, 6:05:10 PM"}
{"name":"Werewolf","level":93,"killCount":-1,"type":"NPC","drops":[{"name":"Wolf bones","id":2859,"quantity":1,"price":564},{"name":"Fur","id":6814,"quantity":1,"price":802}],"date":"Aug 7, 2022, 6:05:22 PM"}
{"name":"Werewolf","level":93,"killCount":-1,"type":"NPC","drops":[{"name":"Wolf bones","id":2859,"quantity":1,"price":564},{"name":"Steel axe","id":1353,"quantity":1,"price":75}],"date":"Aug 7, 2022, 6:05:47 PM"}
{"name":"Werewolf","level":93,"killCount":-1,"type":"NPC","drops":[{"name":"Wolf bones","id":2859,"quantity":1,"price":564},{"name":"Coins","id":995,"quantity":10,"price":1}],"date":"Aug 7, 2022, 6:06:41 PM"}
{"name":"Werewolf","level":93,"killCount":-1,"type":"NPC","drops":[{"name":"Wolf bones","id":2859,"quantity":1,"price":564},{"name":"Coins","id":995,"quantity":90,"price":1}],"date":"Aug 7, 2022, 6:07:20 PM"}
{"name":"Werewolf","level":93,"killCount":-1,"type":"NPC","drops":[{"name":"Wolf bones","id":2859,"quantity":1,"price":564},{"name":"Coins","id":995,"quantity":364,"price":1}],"date":"Aug 7, 2022, 6:07:44 PM"}
{"name":"Werewolf","level":93,"killCount":-1,"type":"NPC","drops":[{"name":"Wolf bones","id":2859,"quantity":1,"price":564},{"name":"Grey wolf fur","id":958,"quantity":1,"price":70}],"date":"Aug 7, 2022, 6:13:13 PM"}
{"name":"Werewolf","level":93,"killCount":-1,"type":"NPC","drops":[{"name":"Wolf bones","id":2859,"quantity":1,"price":564},{"name":"Coins","id":995,"quantity":364,"price":1}],"date":"Aug 7, 2022, 6:14:31 PM"}
{"name":"Werewolf","level":93,"killCount":-1,"type":"NPC","drops":[{"name":"Wolf bones","id":2859,"quantity":1,"price":564},{"name":"Fur","id":6814,"quantity":1,"price":802}],"date":"Aug 7, 2022, 6:14:39 PM"}
{"name":"Werewolf","level":93,"killCount":-1,"type":"NPC","drops":[{"name":"Wolf bones","id":2859,"quantity":1,"price":564},{"name":"Fur","id":6814,"quantity":1,"price":802}],"date":"Aug 7, 2022, 6:15:36 PM"}
{"name":"Werewolf","level":93,"killCount":-1,"type":"NPC","drops":[{"name":"Wolf bones","id":2859,"quantity":1,"price":564},{"name":"Coins","id":995,"quantity":90,"price":1}],"date":"Aug 7, 2022, 6:15:39 PM"}
{"name":"Werewolf","level":93,"killCount":-1,"type":"NPC","drops":[{"name":"Wolf bones","id":2859,"quantity":1,"price":564},{"name":"Raw chicken","id":2138,"quantity":1,"price":92},{"name":"Raw chicken","id":2138,"quantity":1,"price":92},{"name":"Raw chicken","id":2138,"quantity":1,"price":92},{"name":"Raw chicken","id":2138,"quantity":1,"price":92},{"name":"Raw chicken","id":2138,"quantity":1,"price":92}],"date":"Aug 7, 2022, 6:16:14 PM"}
{"name":"Werewolf","level":93,"killCount":-1,"type":"NPC","drops":[{"name":"Wolf bones","id":2859,"quantity":1,"price":564},{"name":"Fur","id":6814,"quantity":1,"price":802}],"date":"Aug 7, 2022, 6:28:44 PM"}
{"name":"Werewolf","level":93,"killCount":-1,"type":"NPC","drops":[{"name":"Wolf bones","id":2859,"quantity":1,"price":564},{"name":"Coins","id":995,"quantity":10,"price":1}],"date":"Aug 7, 2022, 6:29:35 PM"}
{"name":"Werewolf","level":93,"killCount":-1,"type":"NPC","drops":[{"name":"Wolf bones","id":2859,"quantity":1,"price":564},{"name":"Fur","id":6814,"quantity":1,"price":802}],"date":"Aug 7, 2022, 6:29:45 PM"}
{"name":"Werewolf","level":93,"killCount":-1,"type":"NPC","drops":[{"name":"Wolf bones","id":2859,"quantity":1,"price":564},{"name":"Grey wolf fur","id":958,"quantity":1,"price":70}],"date":"Aug 7, 2022, 6:30:23 PM"}
{"name":"Werewolf","level":93,"killCount":-1,"type":"NPC","drops":[{"name":"Wolf bones","id":2859,"quantity":1,"price":564},{"name":"Fur","id":6814,"quantity":1,"price":802}],"date":"Aug 7, 2022, 6:31:29 PM"}
{"name":"Werewolf","level":93,"killCount":-1,"type":"NPC","drops":[{"name":"Wolf bones","id":2859,"quantity":1,"price":564},{"name":"Grey wolf fur","id":958,"quantity":1,"price":70}],"date":"Aug 7, 2022, 6:32:26 PM"}
{"name":"Werewolf","level":93,"killCount":-1,"type":"NPC","drops":[{"name":"Wolf bones","id":2859,"quantity":1,"price":636},{"name":"Coins","id":995,"quantity":10,"price":1}],"date":"Aug 7, 2022, 6:45:34 PM"}
{"name":"Werewolf","level":93,"killCount":-1,"type":"NPC","drops":[{"name":"Wolf bones","id":2859,"quantity":1,"price":636},{"name":"Jug of wine","id":1993,"quantity":1,"price":2}],"date":"Aug 7, 2022, 6:47:29 PM"}
{"name":"Werewolf","level":93,"killCount":-1,"type":"NPC","drops":[{"name":"Wolf bones","id":2859,"quantity":1,"price":636},{"name":"Raw bear meat","id":2136,"quantity":1,"price":171},{"name":"Raw bear meat","id":2136,"quantity":1,"price":171},{"name":"Raw bear meat","id":2136,"quantity":1,"price":171},{"name":"Raw bear meat","id":2136,"quantity":1,"price":171},{"name":"Raw bear meat","id":2136,"quantity":1,"price":171}],"date":"Aug 7, 2022, 6:49:09 PM"}
{"name":"Werewolf","level":93,"killCount":-1,"type":"NPC","drops":[{"name":"Wolf bones","id":2859,"quantity":1,"price":636},{"name":"Fur","id":6814,"quantity":1,"price":802}],"date":"Aug 7, 2022, 6:49:50 PM"}
{"name":"Werewolf","level":93,"killCount":-1,"type":"NPC","drops":[{"name":"Wolf bones","id":2859,"quantity":1,"price":636},{"name":"Coins","id":995,"quantity":10,"price":1}],"date":"Aug 7, 2022, 6:50:02 PM"}
{"name":"Werewolf","level":93,"killCount":-1,"type":"NPC","drops":[{"name":"Wolf bones","id":2859,"quantity":1,"price":564},{"name":"Coins","id":995,"quantity":10,"price":1}],"date":"Aug 7, 2022, 8:12:06 PM"}
{"name":"Werewolf","level":93,"killCount":-1,"type":"NPC","drops":[{"name":"Wolf bones","id":2859,"quantity":1,"price":564},{"name":"Jug of wine","id":1993,"quantity":1,"price":2}],"date":"Aug 7, 2022, 8:12:23 PM"}
{"name":"Werewolf","level":93,"killCount":-1,"type":"NPC","drops":[{"name":"Wolf bones","id":2859,"quantity":1,"price":564},{"name":"Fur","id":6814,"quantity":1,"price":803}],"date":"Aug 7, 2022, 8:12:55 PM"}
{"name":"Werewolf","level":93,"killCount":-1,"type":"NPC","drops":[{"name":"Wolf bones","id":2859,"quantity":1,"price":564},{"name":"Coins","id":995,"quantity":10,"price":1}],"date":"Aug 7, 2022, 8:16:29 PM"}
{"name":"Werewolf","level":93,"killCount":-1,"type":"NPC","drops":[{"name":"Wolf bones","id":2859,"quantity":1,"price":564},{"name":"Grey wolf fur","id":958,"quantity":1,"price":70}],"date":"Aug 7, 2022, 8:23:47 PM"}
{"name":"Werewolf","level":93,"killCount":-1,"type":"NPC","drops":[{"name":"Wolf bones","id":2859,"quantity":1,"price":564},{"name":"Grey wolf fur","id":958,"quantity":1,"price":70}],"date":"Aug 7, 2022, 8:24:31 PM"}
{"name":"Werewolf","level":93,"killCount":-1,"type":"NPC","drops":[{"name":"Wolf bones","id":2859,"quantity":1,"price":564},{"name":"Steel scimitar","id":1325,"quantity":1,"price":350}],"date":"Aug 7, 2022, 8:25:13 PM"}
{"name":"Werewolf","level":93,"killCount":-1,"type":"NPC","drops":[{"name":"Wolf bones","id":2859,"quantity":1,"price":564},{"name":"Fur","id":6814,"quantity":1,"price":803}],"date":"Aug 7, 2022, 8:25:51 PM"}
{"name":"Werewolf","level":93,"killCount":-1,"type":"NPC","drops":[{"name":"Wolf bones","id":2859,"quantity":1,"price":564},{"name":"Grey wolf fur","id":958,"quantity":1,"price":70}],"date":"Aug 7, 2022, 8:26:19 PM"}
{"name":"Werewolf","level":93,"killCount":-1,"type":"NPC","drops":[{"name":"Wolf bones","id":2859,"quantity":1,"price":564},{"name":"Grey wolf fur","id":958,"quantity":1,"price":70}],"date":"Aug 7, 2022, 8:27:33 PM"}
{"name":"Werewolf","level":93,"killCount":-1,"type":"NPC","drops":[{"name":"Wolf bones","id":2859,"quantity":1,"price":616},{"name":"Coins","id":995,"quantity":10,"price":1}],"date":"Aug 7, 2022, 8:44:25 PM"}
{"name":"Werewolf","level":93,"killCount":-1,"type":"NPC","drops":[{"name":"Wolf bones","id":2859,"quantity":1,"price":616},{"name":"Steel axe","id":1353,"quantity":1,"price":76}],"date":"Aug 7, 2022, 8:45:27 PM"}
{"name":"Werewolf","level":93,"killCount":-1,"type":"NPC","drops":[{"name":"Wolf bones","id":2859,"quantity":1,"price":616},{"name":"Steel scimitar","id":1325,"quantity":1,"price":328}],"date":"Aug 7, 2022, 8:46:35 PM"}
{"name":"Werewolf","level":93,"killCount":-1,"type":"NPC","drops":[{"name":"Wolf bones","id":2859,"quantity":1,"price":616},{"name":"Grey wolf fur","id":958,"quantity":1,"price":70}],"date":"Aug 7, 2022, 8:46:38 PM"}
{"name":"Werewolf","level":93,"killCount":-1,"type":"NPC","drops":[{"name":"Wolf bones","id":2859,"quantity":1,"price":616},{"name":"Coins","id":995,"quantity":10,"price":1}],"date":"Aug 7, 2022, 8:47:41 PM"}
{"name":"Werewolf","level":93,"killCount":-1,"type":"NPC","drops":[{"name":"Wolf bones","id":2859,"quantity":1,"price":616},{"name":"Fur","id":6814,"quantity":1,"price":803}],"date":"Aug 7, 2022, 8:57:31 PM"}
{"name":"Werewolf","level":93,"killCount":-1,"type":"NPC","drops":[{"name":"Wolf bones","id":2859,"quantity":1,"price":616},{"name":"Grey wolf fur","id":958,"quantity":1,"price":70}],"date":"Aug 7, 2022, 8:58:13 PM"}
{"name":"Werewolf","level":93,"killCount":-1,"type":"NPC","drops":[{"name":"Wolf bones","id":2859,"quantity":1,"price":616},{"name":"Coins","id":995,"quantity":10,"price":1}],"date":"Aug 7, 2022, 8:58:45 PM"}
{"name":"Werewolf","level":93,"killCount":-1,"type":"NPC","drops":[{"name":"Wolf bones","id":2859,"quantity":1,"price":616},{"name":"Grey wolf fur","id":958,"quantity":1,"price":70}],"date":"Aug 7, 2022, 8:59:49 PM"}
{"name":"Werewolf","level":93,"killCount":-1,"type":"NPC","drops":[{"name":"Wolf bones","id":2859,"quantity":1,"price":564},{"name":"Grey wolf fur","id":958,"quantity":1,"price":70}],"date":"Aug 7, 2022, 9:15:41 PM"}
{"name":"Werewolf","level":93,"killCount":-1,"type":"NPC","drops":[{"name":"Wolf bones","id":2859,"quantity":1,"price":564},{"name":"Coins","id":995,"quantity":10,"price":1}],"date":"Aug 7, 2022, 9:16:09 PM"}
{"name":"Werewolf","level":93,"killCount":-1,"type":"NPC","drops":[{"name":"Wolf bones","id":2859,"quantity":1,"price":564},{"name":"Fur","id":6814,"quantity":1,"price":803}],"date":"Aug 7, 2022, 9:16:20 PM"}
{"name":"Werewolf","level":93,"killCount":-1,"type":"NPC","drops":[{"name":"Wolf bones","id":2859,"quantity":1,"price":564},{"name":"Grey wolf fur","id":958,"quantity":1,"price":70}],"date":"Aug 7, 2022, 9:16:50 PM"}
{"name":"Werewolf","level":93,"killCount":-1,"type":"NPC","drops":[{"name":"Wolf bones","id":2859,"quantity":1,"price":564},{"name":"Coins","id":995,"quantity":364,"price":1}],"date":"Aug 7, 2022, 9:17:19 PM"}
{"name":"Werewolf","level":93,"killCount":-1,"type":"NPC","drops":[{"name":"Wolf bones","id":2859,"quantity":1,"price":564},{"name":"Mithril chainbody","id":1109,"quantity":1,"price":1209}],"date":"Aug 7, 2022, 9:28:10 PM"}
{"name":"Werewolf","level":93,"killCount":-1,"type":"NPC","drops":[{"name":"Wolf bones","id":2859,"quantity":1,"price":564},{"name":"Coins","id":995,"quantity":222,"price":1}],"date":"Aug 7, 2022, 9:30:21 PM"}
{"name":"Werewolf","level":93,"killCount":-1,"type":"NPC","drops":[{"name":"Wolf bones","id":2859,"quantity":1,"price":616},{"name":"Fur","id":6814,"quantity":1,"price":803}],"date":"Aug 7, 2022, 9:51:47 PM"}
{"name":"Werewolf","level":93,"killCount":-1,"type":"NPC","drops":[{"name":"Wolf bones","id":2859,"quantity":1,"price":616},{"name":"Coins","id":995,"quantity":10,"price":1}],"date":"Aug 7, 2022, 9:53:13 PM"}
{"name":"Werewolf","level":93,"killCount":-1,"type":"NPC","drops":[{"name":"Wolf bones","id":2859,"quantity":1,"price":616},{"name":"Coins","id":995,"quantity":10,"price":1}],"date":"Aug 7, 2022, 9:54:09 PM"}
{"name":"Werewolf","level":93,"killCount":-1,"type":"NPC","drops":[{"name":"Wolf bones","id":2859,"quantity":1,"price":616},{"name":"Fur","id":6814,"quantity":1,"price":803}],"date":"Aug 7, 2022, 9:55:41 PM"}
{"name":"Werewolf","level":93,"killCount":-1,"type":"NPC","drops":[{"name":"Wolf bones","id":2859,"quantity":1,"price":616},{"name":"Coins","id":995,"quantity":10,"price":1}],"date":"Aug 7, 2022, 9:55:57 PM"}
{"name":"Werewolf","level":93,"killCount":-1,"type":"NPC","drops":[{"name":"Wolf bones","id":2859,"quantity":1,"price":616},{"name":"Mithril chainbody","id":1109,"quantity":1,"price":1178}],"date":"Aug 7, 2022, 10:10:38 PM"}
{"name":"Werewolf","level":93,"killCount":-1,"type":"NPC","drops":[{"name":"Wolf bones","id":2859,"quantity":1,"price":616},{"name":"Grey wolf fur","id":958,"quantity":1,"price":84}],"date":"Aug 7, 2022, 10:14:00 PM"}
{"name":"Werewolf","level":93,"killCount":-1,"type":"NPC","drops":[{"name":"Wolf bones","id":2859,"quantity":1,"price":616},{"name":"Grey wolf fur","id":958,"quantity":1,"price":84}],"date":"Aug 7, 2022, 10:32:32 PM"}
{"name":"Werewolf","level":93,"killCount":-1,"type":"NPC","drops":[{"name":"Wolf bones","id":2859,"quantity":1,"price":563},{"name":"Coins","id":995,"quantity":120,"price":1}],"date":"Aug 7, 2022, 10:33:16 PM"}
{"name":"Werewolf","level":93,"killCount":-1,"type":"NPC","drops":[{"name":"Wolf bones","id":2859,"quantity":1,"price":563},{"name":"Grey wolf fur","id":958,"quantity":1,"price":84}],"date":"Aug 7, 2022, 10:33:52 PM"}
{"name":"Werewolf","level":93,"killCount":-1,"type":"NPC","drops":[{"name":"Wolf bones","id":2859,"quantity":1,"price":563},{"name":"Coins","id":995,"quantity":120,"price":1}],"date":"Aug 7, 2022, 10:34:38 PM"}
{"name":"Werewolf","level":93,"killCount":-1,"type":"NPC","drops":[{"name":"Wolf bones","id":2859,"quantity":1,"price":563},{"name":"Coins","id":995,"quantity":10,"price":1}],"date":"Aug 7, 2022, 10:53:21 PM"}
{"name":"Werewolf","level":93,"killCount":-1,"type":"NPC","drops":[{"name":"Wolf bones","id":2859,"quantity":1,"price":563},{"name":"Grey wolf fur","id":958,"quantity":1,"price":84}],"date":"Aug 7, 2022, 10:55:29 PM"}
{"name":"Werewolf","level":93,"killCount":-1,"type":"NPC","drops":[{"name":"Wolf bones","id":2859,"quantity":1,"price":563},{"name":"Coins","id":995,"quantity":222,"price":1}],"date":"Aug 7, 2022, 10:55:46 PM"}
{"name":"Werewolf","level":93,"killCount":-1,"type":"NPC","drops":[{"name":"Wolf bones","id":2859,"quantity":1,"price":563},{"name":"Fur","id":6814,"quantity":1,"price":803}],"date":"Aug 7, 2022, 10:56:14 PM"}
{"name":"Werewolf","level":93,"killCount":-1,"type":"NPC","drops":[{"name":"Wolf bones","id":2859,"quantity":1,"price":563},{"name":"Grey wolf fur","id":958,"quantity":1,"price":84}],"date":"Aug 7, 2022, 10:57:57 PM"}
{"name":"Werewolf","level":93,"killCount":-1,"type":"NPC","drops":[{"name":"Wolf bones","id":2859,"quantity":1,"price":556},{"name":"Fur","id":6814,"quantity":1,"price":803}],"date":"Aug 7, 2022, 11:04:56 PM"}
{"name":"Werewolf","level":93,"killCount":-1,"type":"NPC","drops":[{"name":"Wolf bones","id":2859,"quantity":1,"price":556},{"name":"Fur","id":6814,"quantity":1,"price":803}],"date":"Aug 7, 2022, 11:05:23 PM"}
{"name":"Werewolf","level":93,"killCount":-1,"type":"NPC","drops":[{"name":"Wolf bones","id":2859,"quantity":1,"price":556},{"name":"Coins","id":995,"quantity":120,"price":1}],"date":"Aug 7, 2022, 11:05:33 PM"}
{"name":"Werewolf","level":93,"killCount":-1,"type":"NPC","drops":[{"name":"Wolf bones","id":2859,"quantity":1,"price":556},{"name":"Raw bear meat","id":2136,"quantity":1,"price":166},{"name":"Raw bear meat","id":2136,"quantity":1,"price":166},{"name":"Raw bear meat","id":2136,"quantity":1,"price":166},{"name":"Raw bear meat","id":2136,"quantity":1,"price":166},{"name":"Raw bear meat","id":2136,"quantity":1,"price":166}],"date":"Aug 7, 2022, 11:06:21 PM"}
{"name":"Werewolf","level":93,"killCount":-1,"type":"NPC","drops":[{"name":"Wolf bones","id":2859,"quantity":1,"price":556},{"name":"Coins","id":995,"quantity":10,"price":1}],"date":"Aug 7, 2022, 11:06:56 PM"}
{"name":"Werewolf","level":93,"killCount":-1,"type":"NPC","drops":[{"name":"Wolf bones","id":2859,"quantity":1,"price":556},{"name":"Mithril chainbody","id":1109,"quantity":1,"price":1213}],"date":"Aug 7, 2022, 11:08:21 PM"}
{"name":"Werewolf","level":93,"killCount":-1,"type":"NPC","drops":[{"name":"Wolf bones","id":2859,"quantity":1,"price":556},{"name":"Grey wolf fur","id":958,"quantity":1,"price":84}],"date":"Aug 7, 2022, 11:20:16 PM"}
{"name":"Werewolf","level":93,"killCount":-1,"type":"NPC","drops":[{"name":"Wolf bones","id":2859,"quantity":1,"price":556},{"name":"Coins","id":995,"quantity":10,"price":1}],"date":"Aug 7, 2022, 11:21:04 PM"}
{"name":"Werewolf","level":93,"killCount":-1,"type":"NPC","drops":[{"name":"Wolf bones","id":2859,"quantity":1,"price":556},{"name":"Grimy marrentill","id":201,"quantity":1,"price":20}],"date":"Aug 7, 2022, 11:22:20 PM"}
{"name":"Werewolf","level":93,"killCount":-1,"type":"NPC","drops":[{"name":"Wolf bones","id":2859,"quantity":1,"price":556},{"name":"Coins","id":995,"quantity":222,"price":1}],"date":"Aug 7, 2022, 11:23:34 PM"}
{"name":"Werewolf","level":93,"killCount":-1,"type":"NPC","drops":[{"name":"Wolf bones","id":2859,"quantity":1,"price":556},{"name":"Steel axe","id":1353,"quantity":1,"price":87}],"date":"Aug 7, 2022, 11:24:16 PM"}
{"name":"Werewolf","level":93,"killCount":-1,"type":"NPC","drops":[{"name":"Wolf bones","id":2859,"quantity":1,"price":556},{"name":"Coins","id":995,"quantity":222,"price":1}],"date":"Aug 7, 2022, 11:24:30 PM"}
{"name":"Werewolf","level":93,"killCount":-1,"type":"NPC","drops":[{"name":"Wolf bones","id":2859,"quantity":1,"price":542},{"name":"Grey wolf fur","id":958,"quantity":1,"price":84}],"date":"Aug 7, 2022, 11:42:24 PM"}
{"name":"Werewolf","level":93,"killCount":-1,"type":"NPC","drops":[{"name":"Wolf bones","id":2859,"quantity":1,"price":542},{"name":"Coins","id":995,"quantity":10,"price":1}],"date":"Aug 7, 2022, 11:42:35 PM"}
{"name":"Werewolf","level":93,"killCount":-1,"type":"NPC","drops":[{"name":"Wolf bones","id":2859,"quantity":1,"price":542},{"name":"Fur","id":6814,"quantity":1,"price":803}],"date":"Aug 7, 2022, 11:43:04 PM"}
{"name":"Werewolf","level":93,"killCount":-1,"type":"NPC","drops":[{"name":"Wolf bones","id":2859,"quantity":1,"price":542},{"name":"Fur","id":6814,"quantity":1,"price":803}],"date":"Aug 7, 2022, 11:43:27 PM"}
{"name":"Werewolf","level":93,"killCount":-1,"type":"NPC","drops":[{"name":"Wolf bones","id":2859,"quantity":1,"price":542},{"name":"Jug of wine","id":1993,"quantity":1,"price":2}],"date":"Aug 7, 2022, 11:45:28 PM"}
{"name":"Werewolf","level":93,"killCount":-1,"type":"NPC","drops":[{"name":"Wolf bones","id":2859,"quantity":1,"price":542},{"name":"Coins","id":995,"quantity":222,"price":1}],"date":"Aug 8, 2022, 12:01:00 AM"}
{"name":"Werewolf","level":93,"killCount":-1,"type":"NPC","drops":[{"name":"Wolf bones","id":2859,"quantity":1,"price":542},{"name":"Grey wolf fur","id":958,"quantity":1,"price":84}],"date":"Aug 8, 2022, 12:01:44 AM"}
{"name":"Werewolf","level":93,"killCount":-1,"type":"NPC","drops":[{"name":"Wolf bones","id":2859,"quantity":1,"price":565},{"name":"Steel axe","id":1353,"quantity":1,"price":76}],"date":"Aug 8, 2022, 12:04:56 AM"}
{"name":"Werewolf","level":93,"killCount":-1,"type":"NPC","drops":[{"name":"Wolf bones","id":2859,"quantity":1,"price":565},{"name":"Mithril sq shield","id":1181,"quantity":1,"price":612}],"date":"Aug 8, 2022, 12:14:22 AM"}
{"name":"Werewolf","level":93,"killCount":-1,"type":"NPC","drops":[{"name":"Wolf bones","id":2859,"quantity":1,"price":565},{"name":"Fur","id":6814,"quantity":1,"price":803}],"date":"Aug 8, 2022, 12:14:32 AM"}
{"name":"Werewolf","level":93,"killCount":-1,"type":"NPC","drops":[{"name":"Wolf bones","id":2859,"quantity":1,"price":565},{"name":"Grey wolf fur","id":958,"quantity":1,"price":84}],"date":"Aug 8, 2022, 12:17:24 AM"}
{"name":"Werewolf","level":93,"killCount":-1,"type":"NPC","drops":[{"name":"Wolf bones","id":2859,"quantity":1,"price":369},{"name":"Grey wolf fur","id":958,"quantity":1,"price":84}],"date":"Aug 8, 2022, 8:34:50 PM"}
{"name":"Werewolf","level":93,"killCount":-1,"type":"NPC","drops":[{"name":"Wolf bones","id":2859,"quantity":1,"price":369},{"name":"Raw chicken","id":2138,"quantity":1,"price":91},{"name":"Raw chicken","id":2138,"quantity":1,"price":91},{"name":"Raw chicken","id":2138,"quantity":1,"price":91},{"name":"Raw chicken","id":2138,"quantity":1,"price":91},{"name":"Raw chicken","id":2138,"quantity":1,"price":91}],"date":"Aug 8, 2022, 8:35:36 PM"}
{"name":"Werewolf","level":93,"killCount":-1,"type":"NPC","drops":[{"name":"Wolf bones","id":2859,"quantity":1,"price":369},{"name":"Raw chicken","id":2138,"quantity":1,"price":91},{"name":"Raw chicken","id":2138,"quantity":1,"price":91},{"name":"Raw chicken","id":2138,"quantity":1,"price":91},{"name":"Raw chicken","id":2138,"quantity":1,"price":91},{"name":"Raw chicken","id":2138,"quantity":1,"price":91}],"date":"Aug 8, 2022, 8:36:21 PM"}
{"name":"Werewolf","level":93,"killCount":-1,"type":"NPC","drops":[{"name":"Wolf bones","id":2859,"quantity":1,"price":369},{"name":"Coins","id":995,"quantity":10,"price":1}],"date":"Aug 8, 2022, 8:37:01 PM"}
{"name":"Werewolf","level":93,"killCount":-1,"type":"NPC","drops":[{"name":"Wolf bones","id":2859,"quantity":1,"price":369},{"name":"Steel scimitar","id":1325,"quantity":1,"price":325}],"date":"Aug 8, 2022, 8:46:27 PM"}
{"name":"Werewolf","level":93,"killCount":-1,"type":"NPC","drops":[{"name":"Wolf bones","id":2859,"quantity":1,"price":369},{"name":"Coins","id":995,"quantity":120,"price":1}],"date":"Aug 8, 2022, 8:49:26 PM"}
{"name":"Werewolf","level":93,"killCount":-1,"type":"NPC","drops":[{"name":"Wolf bones","id":2859,"quantity":1,"price":369},{"name":"Raw chicken","id":2138,"quantity":1,"price":91},{"name":"Raw chicken","id":2138,"quantity":1,"price":91},{"name":"Raw chicken","id":2138,"quantity":1,"price":91},{"name":"Raw chicken","id":2138,"quantity":1,"price":91},{"name":"Raw chicken","id":2138,"quantity":1,"price":91}],"date":"Aug 8, 2022, 8:50:00 PM"}
{"name":"Werewolf","level":93,"killCount":-1,"type":"NPC","drops":[{"name":"Wolf bones","id":2859,"quantity":1,"price":369},{"name":"Steel axe","id":1353,"quantity":1,"price":45}],"date":"Aug 8, 2022, 8:58:11 PM"}
{"name":"Werewolf","level":93,"killCount":-1,"type":"NPC","drops":[{"name":"Wolf bones","id":2859,"quantity":1,"price":369},{"name":"Raw beef","id":2132,"quantity":1,"price":91},{"name":"Raw beef","id":2132,"quantity":1,"price":91},{"name":"Raw beef","id":2132,"quantity":1,"price":91},{"name":"Raw beef","id":2132,"quantity":1,"price":91},{"name":"Raw beef","id":2132,"quantity":1,"price":91}],"date":"Aug 8, 2022, 8:59:17 PM"}
{"name":"Werewolf","level":93,"killCount":-1,"type":"NPC","drops":[{"name":"Wolf bones","id":2859,"quantity":1,"price":333},{"name":"Coins","id":995,"quantity":364,"price":1}],"date":"Aug 8, 2022, 9:00:41 PM"}
{"name":"Werewolf","level":93,"killCount":-1,"type":"NPC","drops":[{"name":"Wolf bones","id":2859,"quantity":1,"price":333},{"name":"Coins","id":995,"quantity":120,"price":1}],"date":"Aug 8, 2022, 9:01:59 PM"}
{"name":"Werewolf","level":93,"killCount":-1,"type":"NPC","drops":[{"name":"Wolf bones","id":2859,"quantity":1,"price":333},{"name":"Mithril sq shield","id":1181,"quantity":1,"price":732}],"date":"Aug 8, 2022, 9:12:51 PM"}
{"name":"Werewolf","level":93,"killCount":-1,"type":"NPC","drops":[{"name":"Wolf bones","id":2859,"quantity":1,"price":333},{"name":"Raw bear meat","id":2136,"quantity":1,"price":209},{"name":"Raw bear meat","id":2136,"quantity":1,"price":209},{"name":"Raw bear meat","id":2136,"quantity":1,"price":209},{"name":"Raw bear meat","id":2136,"quantity":1,"price":209},{"name":"Raw bear meat","id":2136,"quantity":1,"price":209}],"date":"Aug 8, 2022, 9:15:10 PM"}
{"name":"Werewolf","level":93,"killCount":-1,"type":"NPC","drops":[{"name":"Wolf bones","id":2859,"quantity":1,"price":333},{"name":"Fur","id":6814,"quantity":1,"price":800}],"date":"Aug 8, 2022, 9:15:14 PM"}
{"name":"Werewolf","level":93,"killCount":-1,"type":"NPC","drops":[{"name":"Wolf bones","id":2859,"quantity":1,"price":333},{"name":"Mithril chainbody","id":1109,"quantity":1,"price":1111}],"date":"Aug 8, 2022, 9:15:49 PM"}
{"name":"Werewolf","level":93,"killCount":-1,"type":"NPC","drops":[{"name":"Wolf bones","id":2859,"quantity":1,"price":333},{"name":"Coins","id":995,"quantity":90,"price":1}],"date":"Aug 8, 2022, 9:21:51 PM"}
{"name":"Werewolf","level":93,"killCount":-1,"type":"NPC","drops":[{"name":"Wolf bones","id":2859,"quantity":1,"price":333},{"name":"Coins","id":995,"quantity":120,"price":1}],"date":"Aug 8, 2022, 9:22:13 PM"}
{"name":"Werewolf","level":93,"killCount":-1,"type":"NPC","drops":[{"name":"Wolf bones","id":2859,"quantity":1,"price":333},{"name":"Steel scimitar","id":1325,"quantity":1,"price":178}],"date":"Aug 8, 2022, 9:22:40 PM"}
{"name":"Werewolf","level":93,"killCount":-1,"type":"NPC","drops":[{"name":"Wolf bones","id":2859,"quantity":1,"price":333},{"name":"Mithril sq shield","id":1181,"quantity":1,"price":732}],"date":"Aug 8, 2022, 9:23:28 PM"}
{"name":"Werewolf","level":93,"killCount":-1,"type":"NPC","drops":[{"name":"Wolf bones","id":2859,"quantity":1,"price":333},{"name":"Fur","id":6814,"quantity":1,"price":800}],"date":"Aug 8, 2022, 9:23:28 PM"}
{"name":"Werewolf","level":93,"killCount":-1,"type":"NPC","drops":[{"name":"Wolf bones","id":2859,"quantity":1,"price":333},{"name":"Fur","id":6814,"quantity":1,"price":800}],"date":"Aug 8, 2022, 9:24:57 PM"}
{"name":"Werewolf","level":93,"killCount":-1,"type":"NPC","drops":[{"name":"Wolf bones","id":2859,"quantity":1,"price":329},{"name":"Coins","id":995,"quantity":10,"price":1}],"date":"Aug 8, 2022, 9:54:26 PM"}
{"name":"Werewolf","level":93,"killCount":-1,"type":"NPC","drops":[{"name":"Wolf bones","id":2859,"quantity":1,"price":329},{"name":"Coins","id":995,"quantity":10,"price":1}],"date":"Aug 8, 2022, 9:55:15 PM"}
{"name":"Werewolf","level":93,"killCount":-1,"type":"NPC","drops":[{"name":"Wolf bones","id":2859,"quantity":1,"price":329},{"name":"Grey wolf fur","id":958,"quantity":1,"price":84}],"date":"Aug 8, 2022, 9:55:36 PM"}
{"name":"Werewolf","level":93,"killCount":-1,"type":"NPC","drops":[{"name":"Wolf bones","id":2859,"quantity":1,"price":329},{"name":"Fur","id":6814,"quantity":1,"price":800}],"date":"Aug 8, 2022, 9:56:07 PM"}
{"name":"Werewolf","level":93,"killCount":-1,"type":"NPC","drops":[{"name":"Wolf bones","id":2859,"quantity":1,"price":329},{"name":"Steel axe","id":1353,"quantity":1,"price":76}],"date":"Aug 8, 2022, 9:56:30 PM"}
{"name":"Werewolf","level":93,"killCount":-1,"type":"NPC","drops":[{"name":"Wolf bones","id":2859,"quantity":1,"price":462},{"name":"Steel full helm","id":1157,"quantity":1,"price":169}],"date":"Aug 8, 2022, 10:07:25 PM"}
{"name":"Werewolf","level":93,"killCount":-1,"type":"NPC","drops":[{"name":"Wolf bones","id":2859,"quantity":1,"price":462},{"name":"Steel scimitar","id":1325,"quantity":1,"price":172}],"date":"Aug 8, 2022, 10:08:12 PM"}
{"name":"Werewolf","level":93,"killCount":-1,"type":"NPC","drops":[{"name":"Wolf bones","id":2859,"quantity":1,"price":462},{"name":"Fur","id":6814,"quantity":1,"price":800}],"date":"Aug 8, 2022, 10:10:11 PM"}
{"name":"Werewolf","level":93,"killCount":-1,"type":"NPC","drops":[{"name":"Wolf bones","id":2859,"quantity":1,"price":462},{"name":"Fur","id":6814,"quantity":1,"price":800}],"date":"Aug 8, 2022, 10:11:07 PM"}
{"name":"Werewolf","level":93,"killCount":-1,"type":"NPC","drops":[{"name":"Wolf bones","id":2859,"quantity":1,"price":462},{"name":"Grey wolf fur","id":958,"quantity":1,"price":91}],"date":"Aug 8, 2022, 10:11:56 PM"}
{"name":"Werewolf","level":93,"killCount":-1,"type":"NPC","drops":[{"name":"Wolf bones","id":2859,"quantity":1,"price":462},{"name":"Fur","id":6814,"quantity":1,"price":800}],"date":"Aug 8, 2022, 10:27:14 PM"}
{"name":"Werewolf","level":93,"killCount":-1,"type":"NPC","drops":[{"name":"Wolf bones","id":2859,"quantity":1,"price":462},{"name":"Coins","id":995,"quantity":10,"price":1}],"date":"Aug 8, 2022, 10:28:23 PM"}
{"name":"Werewolf","level":93,"killCount":-1,"type":"NPC","drops":[{"name":"Wolf bones","id":2859,"quantity":1,"price":436},{"name":"Coins","id":995,"quantity":120,"price":1}],"date":"Aug 8, 2022, 10:30:01 PM"}
{"name":"Werewolf","level":93,"killCount":-1,"type":"NPC","drops":[{"name":"Wolf bones","id":2859,"quantity":1,"price":436},{"name":"Grey wolf fur","id":958,"quantity":1,"price":91}],"date":"Aug 8, 2022, 10:49:33 PM"}
{"name":"Werewolf","level":93,"killCount":-1,"type":"NPC","drops":[{"name":"Wolf bones","id":2859,"quantity":1,"price":436},{"name":"Raw chicken","id":2138,"quantity":1,"price":91},{"name":"Raw chicken","id":2138,"quantity":1,"price":91},{"name":"Raw chicken","id":2138,"quantity":1,"price":91},{"name":"Raw chicken","id":2138,"quantity":1,"price":91},{"name":"Raw chicken","id":2138,"quantity":1,"price":91}],"date":"Aug 8, 2022, 10:51:36 PM"}
{"name":"Werewolf","level":93,"killCount":-1,"type":"NPC","drops":[{"name":"Wolf bones","id":2859,"quantity":1,"price":436},{"name":"Coins","id":995,"quantity":90,"price":1}],"date":"Aug 8, 2022, 11:10:01 PM"}
{"name":"Werewolf","level":93,"killCount":-1,"type":"NPC","drops":[{"name":"Wolf bones","id":2859,"quantity":1,"price":436},{"name":"Fur","id":6814,"quantity":1,"price":800}],"date":"Aug 8, 2022, 11:12:33 PM"}
{"name":"Werewolf","level":93,"killCount":-1,"type":"NPC","drops":[{"name":"Wolf bones","id":2859,"quantity":1,"price":436},{"name":"Steel scimitar","id":1325,"quantity":1,"price":282}],"date":"Aug 8, 2022, 11:13:45 PM"}
{"name":"Werewolf","level":93,"killCount":-1,"type":"NPC","drops":[{"name":"Wolf bones","id":2859,"quantity":1,"price":436},{"name":"Coins","id":995,"quantity":10,"price":1}],"date":"Aug 8, 2022, 11:21:25 PM"}
{"name":"Werewolf","level":93,"killCount":-1,"type":"NPC","drops":[{"name":"Wolf bones","id":2859,"quantity":1,"price":436},{"name":"Coins","id":995,"quantity":364,"price":1}],"date":"Aug 8, 2022, 11:21:49 PM"}
{"name":"Werewolf","level":93,"killCount":-1,"type":"NPC","drops":[{"name":"Wolf bones","id":2859,"quantity":1,"price":436},{"name":"Grey wolf fur","id":958,"quantity":1,"price":91}],"date":"Aug 8, 2022, 11:22:31 PM"}
{"name":"Werewolf","level":93,"killCount":-1,"type":"NPC","drops":[{"name":"Wolf bones","id":2859,"quantity":1,"price":436},{"name":"Grey wolf fur","id":958,"quantity":1,"price":91}],"date":"Aug 8, 2022, 11:23:26 PM"}
{"name":"Werewolf","level":93,"killCount":-1,"type":"NPC","drops":[{"name":"Wolf bones","id":2859,"quantity":1,"price":462},{"name":"Steel scimitar","id":1325,"quantity":1,"price":325}],"date":"Aug 8, 2022, 11:32:45 PM"}
{"name":"Werewolf","level":93,"killCount":-1,"type":"NPC","drops":[{"name":"Wolf bones","id":2859,"quantity":1,"price":462},{"name":"Coins","id":995,"quantity":10,"price":1}],"date":"Aug 8, 2022, 11:33:47 PM"}
{"name":"Werewolf","level":93,"killCount":-1,"type":"NPC","drops":[{"name":"Wolf bones","id":2859,"quantity":1,"price":462},{"name":"Coins","id":995,"quantity":10,"price":1}],"date":"Aug 8, 2022, 11:33:56 PM"}
{"name":"Werewolf","level":93,"killCount":-1,"type":"NPC","drops":[{"name":"Wolf bones","id":2859,"quantity":1,"price":462},{"name":"Grey wolf fur","id":958,"quantity":1,"price":91}],"date":"Aug 8, 2022, 11:34:40 PM"}
{"name":"Werewolf","level":93,"killCount":-1,"type":"NPC","drops":[{"name":"Wolf bones","id":2859,"quantity":1,"price":462},{"name":"Coins","id":995,"quantity":120,"price":1}],"date":"Aug 8, 2022, 11:35:25 PM"}
{"name":"Werewolf","level":93,"killCount":-1,"type":"NPC","drops":[{"name":"Wolf bones","id":2859,"quantity":1,"price":462},{"name":"Fur","id":6814,"quantity":1,"price":800}],"date":"Aug 8, 2022, 11:41:30 PM"}
{"name":"Werewolf","level":93,"killCount":-1,"type":"NPC","drops":[{"name":"Wolf bones","id":2859,"quantity":1,"price":462},{"name":"Grey wolf fur","id":958,"quantity":1,"price":91}],"date":"Aug 8, 2022, 11:42:44 PM"}
{"name":"Werewolf","level":93,"killCount":-1,"type":"NPC","drops":[{"name":"Wolf bones","id":2859,"quantity":1,"price":462},{"name":"Fur","id":6814,"quantity":1,"price":800}],"date":"Aug 8, 2022, 11:44:37 PM"}
{"name":"Werewolf","level":93,"killCount":-1,"type":"NPC","drops":[{"name":"Wolf bones","id":2859,"quantity":1,"price":462},{"name":"Steel scimitar","id":1325,"quantity":1,"price":325}],"date":"Aug 8, 2022, 11:55:51 PM"}
{"name":"Werewolf","level":93,"killCount":-1,"type":"NPC","drops":[{"name":"Wolf bones","id":2859,"quantity":1,"price":462},{"name":"Grey wolf fur","id":958,"quantity":1,"price":91}],"date":"Aug 8, 2022, 11:57:23 PM"}
{"name":"Werewolf","level":93,"killCount":-1,"type":"NPC","drops":[{"name":"Wolf bones","id":2859,"quantity":1,"price":462}],"date":"Aug 8, 2022, 11:57:38 PM"}
{"name":"Werewolf","level":93,"killCount":-1,"type":"NPC","drops":[{"name":"Wolf bones","id":2859,"quantity":1,"price":327},{"name":"Fur","id":6814,"quantity":1,"price":800}],"date":"Aug 9, 2022, 9:31:01 AM"}
{"name":"Werewolf","level":93,"killCount":-1,"type":"NPC","drops":[{"name":"Wolf bones","id":2859,"quantity":1,"price":327},{"name":"Grey wolf fur","id":958,"quantity":1,"price":77}],"date":"Aug 9, 2022, 9:32:10 AM"}
{"name":"Werewolf","level":93,"killCount":-1,"type":"NPC","drops":[{"name":"Wolf bones","id":2859,"quantity":1,"price":327},{"name":"Coins","id":995,"quantity":10,"price":1}],"date":"Aug 9, 2022, 9:33:08 AM"}
{"name":"Werewolf","level":93,"killCount":-1,"type":"NPC","drops":[{"name":"Wolf bones","id":2859,"quantity":1,"price":327},{"name":"Mithril sq shield","id":1181,"quantity":1,"price":787}],"date":"Aug 9, 2022, 9:33:29 AM"}
{"name":"Werewolf","level":93,"killCount":-1,"type":"NPC","drops":[{"name":"Wolf bones","id":2859,"quantity":1,"price":384},{"name":"Grey wolf fur","id":958,"quantity":1,"price":77}],"date":"Aug 9, 2022, 10:10:00 AM"}
{"name":"Werewolf","level":93,"killCount":-1,"type":"NPC","drops":[{"name":"Wolf bones","id":2859,"quantity":1,"price":384},{"name":"Coins","id":995,"quantity":10,"price":1}],"date":"Aug 9, 2022, 10:12:00 AM"}
{"name":"Werewolf","level":93,"killCount":-1,"type":"NPC","drops":[{"name":"Wolf bones","id":2859,"quantity":1,"price":384},{"name":"Coins","id":995,"quantity":10,"price":1}],"date":"Aug 9, 2022, 10:12:44 AM"}
{"name":"Werewolf","level":93,"killCount":-1,"type":"NPC","drops":[{"name":"Wolf bones","id":2859,"quantity":1,"price":384},{"name":"Fur","id":6814,"quantity":1,"price":800}],"date":"Aug 9, 2022, 10:13:32 AM"}
{"name":"Werewolf","level":93,"killCount":-1,"type":"NPC","drops":[{"name":"Wolf bones","id":2859,"quantity":1,"price":384},{"name":"Fur","id":6814,"quantity":1,"price":800}],"date":"Aug 9, 2022, 10:24:00 AM"}
{"name":"Werewolf","level":93,"killCount":-1,"type":"NPC","drops":[{"name":"Wolf bones","id":2859,"quantity":1,"price":384},{"name":"Fur","id":6814,"quantity":1,"price":800}],"date":"Aug 9, 2022, 10:24:53 AM"}
{"name":"Werewolf","level":93,"killCount":-1,"type":"NPC","drops":[{"name":"Wolf bones","id":2859,"quantity":1,"price":384},{"name":"Fur","id":6814,"quantity":1,"price":800}],"date":"Aug 9, 2022, 10:25:35 AM"}
{"name":"Werewolf","level":93,"killCount":-1,"type":"NPC","drops":[{"name":"Wolf bones","id":2859,"quantity":1,"price":291},{"name":"Grey wolf fur","id":958,"quantity":1,"price":77}],"date":"Aug 9, 2022, 10:28:01 AM"}
{"name":"Werewolf","level":93,"killCount":-1,"type":"NPC","drops":[{"name":"Wolf bones","id":2859,"quantity":1,"price":291},{"name":"Jug of wine","id":1993,"quantity":1,"price":2}],"date":"Aug 9, 2022, 10:39:15 AM"}
{"name":"Werewolf","level":93,"killCount":-1,"type":"NPC","drops":[{"name":"Wolf bones","id":2859,"quantity":1,"price":291},{"name":"Steel axe","id":1353,"quantity":1,"price":88}],"date":"Aug 9, 2022, 10:52:44 AM"}
{"name":"Werewolf","level":93,"killCount":-1,"type":"NPC","drops":[{"name":"Wolf bones","id":2859,"quantity":1,"price":385},{"name":"Coins","id":995,"quantity":222,"price":1}],"date":"Aug 9, 2022, 11:08:19 AM"}
{"name":"Werewolf","level":93,"killCount":-1,"type":"NPC","drops":[{"name":"Wolf bones","id":2859,"quantity":1,"price":385},{"name":"Fur","id":6814,"quantity":1,"price":800}],"date":"Aug 9, 2022, 11:22:46 AM"}
{"name":"Werewolf","level":93,"killCount":-1,"type":"NPC","drops":[{"name":"Wolf bones","id":2859,"quantity":1,"price":387},{"name":"Coins","id":995,"quantity":90,"price":1}],"date":"Aug 9, 2022, 11:38:02 AM"}
{"name":"Werewolf","level":93,"killCount":-1,"type":"NPC","drops":[{"name":"Wolf bones","id":2859,"quantity":1,"price":387},{"name":"Steel axe","id":1353,"quantity":1,"price":78}],"date":"Aug 9, 2022, 11:43:25 AM"}
{"name":"Werewolf","level":93,"killCount":-1,"type":"NPC","drops":[{"name":"Wolf bones","id":2859,"quantity":1,"price":387},{"name":"Coins","id":995,"quantity":120,"price":1}],"date":"Aug 9, 2022, 11:54:08 AM"}
{"name":"Werewolf","level":93,"killCount":-1,"type":"NPC","drops":[{"name":"Wolf bones","id":2859,"quantity":1,"price":579},{"name":"Coins","id":995,"quantity":10,"price":1}],"date":"Aug 9, 2022, 12:17:54 PM"}
{"name":"Werewolf","level":93,"killCount":-1,"type":"NPC","drops":[{"name":"Wolf bones","id":2859,"quantity":1,"price":579},{"name":"Steel scimitar","id":1325,"quantity":1,"price":216}],"date":"Aug 9, 2022, 12:34:12 PM"}
{"name":"Werewolf","level":93,"killCount":-1,"type":"NPC","drops":[{"name":"Wolf bones","id":2859,"quantity":1,"price":579},{"name":"Fur","id":6814,"quantity":1,"price":800}],"date":"Aug 9, 2022, 12:37:11 PM"}
{"name":"Werewolf","level":93,"killCount":-1,"type":"NPC","drops":[{"name":"Wolf bones","id":2859,"quantity":1,"price":579},{"name":"Coins","id":995,"quantity":10,"price":1}],"date":"Aug 9, 2022, 12:52:13 PM"}
{"name":"Werewolf","level":93,"killCount":-1,"type":"NPC","drops":[{"name":"Wolf bones","id":2859,"quantity":1,"price":579},{"name":"Coins","id":995,"quantity":364,"price":1}],"date":"Aug 9, 2022, 12:52:47 PM"}
{"name":"Werewolf","level":93,"killCount":-1,"type":"NPC","drops":[{"name":"Wolf bones","id":2859,"quantity":1,"price":579},{"name":"Grey wolf fur","id":958,"quantity":1,"price":77}],"date":"Aug 9, 2022, 12:53:29 PM"}
{"name":"Werewolf","level":93,"killCount":-1,"type":"NPC","drops":[{"name":"Wolf bones","id":2859,"quantity":1,"price":579},{"name":"Fur","id":6814,"quantity":1,"price":800}],"date":"Aug 9, 2022, 12:53:41 PM"}
{"name":"Werewolf","level":93,"killCount":-1,"type":"NPC","drops":[{"name":"Wolf bones","id":2859,"quantity":1,"price":579},{"name":"Raw bear meat","id":2136,"quantity":1,"price":170},{"name":"Raw bear meat","id":2136,"quantity":1,"price":170},{"name":"Raw bear meat","id":2136,"quantity":1,"price":170},{"name":"Raw bear meat","id":2136,"quantity":1,"price":170},{"name":"Raw bear meat","id":2136,"quantity":1,"price":170}],"date":"Aug 9, 2022, 12:54:19 PM"}
{"name":"Werewolf","level":93,"killCount":-1,"type":"NPC","drops":[{"name":"Wolf bones","id":2859,"quantity":1,"price":579},{"name":"Steel axe","id":1353,"quantity":1,"price":75}],"date":"Aug 9, 2022, 5:28:05 PM"}
{"name":"Werewolf","level":93,"killCount":-1,"type":"NPC","drops":[{"name":"Wolf bones","id":2859,"quantity":1,"price":579},{"name":"Fur","id":6814,"quantity":1,"price":800}],"date":"Aug 9, 2022, 5:35:25 PM"}
{"name":"Werewolf","level":93,"killCount":-1,"type":"NPC","drops":[{"name":"Wolf bones","id":2859,"quantity":1,"price":579},{"name":"Fur","id":6814,"quantity":1,"price":800}],"date":"Aug 9, 2022, 5:35:37 PM"}
{"name":"Werewolf","level":93,"killCount":-1,"type":"NPC","drops":[{"name":"Wolf bones","id":2859,"quantity":1,"price":579},{"name":"Grey wolf fur","id":958,"quantity":1,"price":71}],"date":"Aug 9, 2022, 5:36:39 PM"}
{"name":"Werewolf","level":93,"killCount":-1,"type":"NPC","drops":[{"name":"Wolf bones","id":2859,"quantity":1,"price":579},{"name":"Fur","id":6814,"quantity":1,"price":800}],"date":"Aug 9, 2022, 5:37:02 PM"}
{"name":"Werewolf","level":93,"killCount":-1,"type":"NPC","drops":[{"name":"Wolf bones","id":2859,"quantity":1,"price":579},{"name":"Fur","id":6814,"quantity":1,"price":800}],"date":"Aug 9, 2022, 5:37:43 PM"}
{"name":"Werewolf","level":93,"killCount":-1,"type":"NPC","drops":[{"name":"Wolf bones","id":2859,"quantity":1,"price":579},{"name":"Fur","id":6814,"quantity":1,"price":800}],"date":"Aug 9, 2022, 6:04:29 PM"}
{"name":"Werewolf","level":93,"killCount":-1,"type":"NPC","drops":[{"name":"Wolf bones","id":2859,"quantity":1,"price":579},{"name":"Fur","id":6814,"quantity":1,"price":800}],"date":"Aug 9, 2022, 6:04:59 PM"}
{"name":"Werewolf","level":93,"killCount":-1,"type":"NPC","drops":[{"name":"Wolf bones","id":2859,"quantity":1,"price":579},{"name":"Coins","id":995,"quantity":10,"price":1}],"date":"Aug 9, 2022, 6:05:57 PM"}
{"name":"Werewolf","level":93,"killCount":-1,"type":"NPC","drops":[{"name":"Wolf bones","id":2859,"quantity":1,"price":579},{"name":"Fur","id":6814,"quantity":1,"price":800}],"date":"Aug 9, 2022, 6:06:48 PM"}
{"name":"Werewolf","level":93,"killCount":-1,"type":"NPC","drops":[{"name":"Wolf bones","id":2859,"quantity":1,"price":579},{"name":"Grey wolf fur","id":958,"quantity":1,"price":71}],"date":"Aug 9, 2022, 6:15:30 PM"}
{"name":"Werewolf","level":93,"killCount":-1,"type":"NPC","drops":[{"name":"Wolf bones","id":2859,"quantity":1,"price":579},{"name":"Raw bear meat","id":2136,"quantity":1,"price":249},{"name":"Raw bear meat","id":2136,"quantity":1,"price":249},{"name":"Raw bear meat","id":2136,"quantity":1,"price":249},{"name":"Raw bear meat","id":2136,"quantity":1,"price":249},{"name":"Raw bear meat","id":2136,"quantity":1,"price":249}],"date":"Aug 9, 2022, 6:15:31 PM"}
{"name":"Werewolf","level":93,"killCount":-1,"type":"NPC","drops":[{"name":"Wolf bones","id":2859,"quantity":1,"price":579},{"name":"Fur","id":6814,"quantity":1,"price":800}],"date":"Aug 9, 2022, 6:16:01 PM"}
{"name":"Werewolf","level":93,"killCount":-1,"type":"NPC","drops":[{"name":"Wolf bones","id":2859,"quantity":1,"price":579},{"name":"Coins","id":995,"quantity":120,"price":1}],"date":"Aug 9, 2022, 6:17:35 PM"}
{"name":"Werewolf","level":93,"killCount":-1,"type":"NPC","drops":[{"name":"Wolf bones","id":2859,"quantity":1,"price":579},{"name":"Fur","id":6814,"quantity":1,"price":800}],"date":"Aug 9, 2022, 6:18:02 PM"}
{"name":"Werewolf","level":93,"killCount":-1,"type":"NPC","drops":[{"name":"Wolf bones","id":2859,"quantity":1,"price":579},{"name":"Mithril chainbody","id":1109,"quantity":1,"price":1011}],"date":"Aug 9, 2022, 6:18:53 PM"}
{"name":"Werewolf","level":93,"killCount":-1,"type":"NPC","drops":[{"name":"Wolf bones","id":2859,"quantity":1,"price":579},{"name":"Coins","id":995,"quantity":10,"price":1}],"date":"Aug 9, 2022, 6:27:19 PM"}
{"name":"Werewolf","level":93,"killCount":-1,"type":"NPC","drops":[{"name":"Wolf bones","id":2859,"quantity":1,"price":579},{"name":"Coins","id":995,"quantity":222,"price":1}],"date":"Aug 9, 2022, 6:27:24 PM"}
{"name":"Werewolf","level":93,"killCount":-1,"type":"NPC","drops":[{"name":"Wolf bones","id":2859,"quantity":1,"price":579},{"name":"Grey wolf fur","id":958,"quantity":1,"price":71}],"date":"Aug 9, 2022, 6:28:51 PM"}
{"name":"Werewolf","level":93,"killCount":-1,"type":"NPC","drops":[{"name":"Wolf bones","id":2859,"quantity":1,"price":579},{"name":"Mithril sq shield","id":1181,"quantity":1,"price":812}],"date":"Aug 9, 2022, 6:44:51 PM"}
{"name":"Werewolf","level":93,"killCount":-1,"type":"NPC","drops":[{"name":"Wolf bones","id":2859,"quantity":1,"price":579},{"name":"Coins","id":995,"quantity":10,"price":1}],"date":"Aug 9, 2022, 7:02:00 PM"}
{"name":"Werewolf","level":93,"killCount":-1,"type":"NPC","drops":[{"name":"Wolf bones","id":2859,"quantity":1,"price":579},{"name":"Fur","id":6814,"quantity":1,"price":800}],"date":"Aug 9, 2022, 7:02:44 PM"}
{"name":"Werewolf","level":93,"killCount":-1,"type":"NPC","drops":[{"name":"Wolf bones","id":2859,"quantity":1,"price":579},{"name":"Coins","id":995,"quantity":10,"price":1}],"date":"Aug 9, 2022, 7:05:31 PM"}
{"name":"Werewolf","level":93,"killCount":-1,"type":"NPC","drops":[{"name":"Wolf bones","id":2859,"quantity":1,"price":579},{"name":"Coins","id":995,"quantity":364,"price":1}],"date":"Aug 9, 2022, 7:05:58 PM"}
{"name":"Werewolf","level":93,"killCount":-1,"type":"NPC","drops":[{"name":"Wolf bones","id":2859,"quantity":1,"price":579},{"name":"Coins","id":995,"quantity":10,"price":1}],"date":"Aug 9, 2022, 7:20:30 PM"}
{"name":"Werewolf","level":93,"killCount":-1,"type":"NPC","drops":[{"name":"Wolf bones","id":2859,"quantity":1,"price":579},{"name":"Jug of wine","id":1993,"quantity":1,"price":2}],"date":"Aug 9, 2022, 7:21:09 PM"}
{"name":"Werewolf","level":93,"killCount":-1,"type":"NPC","drops":[{"name":"Wolf bones","id":2859,"quantity":1,"price":579},{"name":"Grey wolf fur","id":958,"quantity":1,"price":71}],"date":"Aug 9, 2022, 7:21:11 PM"}
{"name":"Werewolf","level":93,"killCount":-1,"type":"NPC","drops":[{"name":"Wolf bones","id":2859,"quantity":1,"price":579},{"name":"Grey wolf fur","id":958,"quantity":1,"price":71}],"date":"Aug 9, 2022, 7:21:43 PM"}
{"name":"Werewolf","level":93,"killCount":-1,"type":"NPC","drops":[{"name":"Wolf bones","id":2859,"quantity":1,"price":579},{"name":"Coins","id":995,"quantity":10,"price":1}],"date":"Aug 9, 2022, 7:22:19 PM"}
{"name":"Werewolf","level":93,"killCount":-1,"type":"NPC","drops":[{"name":"Wolf bones","id":2859,"quantity":1,"price":579},{"name":"Grey wolf fur","id":958,"quantity":1,"price":71}],"date":"Aug 9, 2022, 7:35:23 PM"}
{"name":"Werewolf","level":93,"killCount":-1,"type":"NPC","drops":[{"name":"Wolf bones","id":2859,"quantity":1,"price":579},{"name":"Fur","id":6814,"quantity":1,"price":800}],"date":"Aug 9, 2022, 7:36:31 PM"}
{"name":"Werewolf","level":93,"killCount":-1,"type":"NPC","drops":[{"name":"Wolf bones","id":2859,"quantity":1,"price":579},{"name":"Steel full helm","id":1157,"quantity":1,"price":177}],"date":"Aug 9, 2022, 7:38:22 PM"}
{"name":"Werewolf","level":93,"killCount":-1,"type":"NPC","drops":[{"name":"Wolf bones","id":2859,"quantity":1,"price":459},{"name":"Steel scimitar","id":1325,"quantity":1,"price":173}],"date":"Aug 28, 2022, 1:29:40 PM"}
{"name":"Werewolf","level":93,"killCount":-1,"type":"NPC","drops":[{"name":"Wolf bones","id":2859,"quantity":1,"price":459},{"name":"Coins","id":995,"quantity":90,"price":1}],"date":"Aug 28, 2022, 1:30:31 PM"}
{"name":"Werewolf","level":93,"killCount":-1,"type":"NPC","drops":[{"name":"Wolf bones","id":2859,"quantity":1,"price":552},{"name":"Raw beef","id":2132,"quantity":1,"price":59},{"name":"Raw beef","id":2132,"quantity":1,"price":59},{"name":"Raw beef","id":2132,"quantity":1,"price":59},{"name":"Raw beef","id":2132,"quantity":1,"price":59},{"name":"Raw beef","id":2132,"quantity":1,"price":59}],"date":"Dec 22, 2022, 10:21:12 AM"}
{"name":"Werewolf","level":93,"killCount":-1,"type":"NPC","drops":[{"name":"Wolf bones","id":2859,"quantity":1,"price":548},{"name":"Coins","id":995,"quantity":10,"price":1}],"date":"Dec 24, 2022, 1:36:39 PM"}
