{"name":"Wingman Skree","level":143,"killCount":-1,"type":"NPC","drops":[{"name":"Bones","id":526,"quantity":1,"price":75},{"name":"Feather","id":314,"quantity":8,"price":3},{"name":"Steel dart","id":808,"quantity":98,"price":3}],"date":"Dec 14, 2022, 11:18:27 PM"}
{"name":"Wingman Skree","level":143,"killCount":-1,"type":"NPC","drops":[{"name":"Bones","id":526,"quantity":1,"price":75},{"name":"Feather","id":314,"quantity":1,"price":3},{"name":"Grimy kwuarm","id":214,"quantity":1,"price":2320}],"date":"Dec 14, 2022, 11:22:38 PM"}
{"name":"Wingman Skree","level":143,"killCount":-1,"type":"NPC","drops":[{"name":"Bones","id":526,"quantity":1,"price":75},{"name":"Feather","id":314,"quantity":2,"price":3},{"name":"Coins","id":995,"quantity":1080,"price":1}],"date":"Dec 14, 2022, 11:25:58 PM"}
{"name":"Wingman Skree","level":143,"killCount":-1,"type":"NPC","drops":[{"name":"Bones","id":526,"quantity":1,"price":75},{"name":"Feather","id":314,"quantity":5,"price":3},{"name":"Coins","id":995,"quantity":1070,"price":1}],"date":"Jan 11, 2023, 10:28:21 AM"}
{"name":"Wingman Skree","level":143,"killCount":-1,"type":"NPC","drops":[{"name":"Bones","id":526,"quantity":1,"price":75},{"name":"Feather","id":314,"quantity":10,"price":3},{"name":"Coins","id":995,"quantity":1012,"price":1}],"date":"Jan 11, 2023, 10:35:34 AM"}
{"name":"Wingman Skree","level":143,"killCount":-1,"type":"NPC","drops":[{"name":"Bones","id":526,"quantity":1,"price":75},{"name":"Feather","id":314,"quantity":3,"price":3},{"name":"Manta ray","id":391,"quantity":1,"price":1036},{"name":"Manta ray","id":391,"quantity":1,"price":1036}],"date":"Jan 11, 2023, 10:38:47 AM"}
{"name":"Wingman Skree","level":143,"killCount":-1,"type":"NPC","drops":[{"name":"Bones","id":526,"quantity":1,"price":75},{"name":"Feather","id":314,"quantity":1,"price":3},{"name":"Coins","id":995,"quantity":1067,"price":1}],"date":"Jan 11, 2023, 10:43:38 AM"}
{"name":"Wingman Skree","level":143,"killCount":-1,"type":"NPC","drops":[{"name":"Bones","id":526,"quantity":1,"price":75},{"name":"Feather","id":314,"quantity":11,"price":3},{"name":"Manta ray","id":391,"quantity":1,"price":1036},{"name":"Manta ray","id":391,"quantity":1,"price":1036}],"date":"Jan 11, 2023, 10:47:07 AM"}
{"name":"Wingman Skree","level":143,"killCount":-1,"type":"NPC","drops":[{"name":"Bones","id":526,"quantity":1,"price":75},{"name":"Feather","id":314,"quantity":10,"price":3},{"name":"Coins","id":995,"quantity":1032,"price":1}],"date":"Jan 11, 2023, 10:49:36 AM"}
{"name":"Wingman Skree","level":143,"killCount":-1,"type":"NPC","drops":[{"name":"Bones","id":526,"quantity":1,"price":75},{"name":"Feather","id":314,"quantity":10,"price":3},{"name":"Smoke rune","id":4697,"quantity":11,"price":107}],"date":"Jan 11, 2023, 10:53:15 AM"}
{"name":"Wingman Skree","level":143,"killCount":-1,"type":"NPC","drops":[{"name":"Bones","id":526,"quantity":1,"price":75},{"name":"Feather","id":314,"quantity":10,"price":3},{"name":"Smoke rune","id":4697,"quantity":12,"price":107}],"date":"Jan 11, 2023, 11:08:27 AM"}
{"name":"Wingman Skree","level":143,"killCount":-1,"type":"NPC","drops":[{"name":"Bones","id":526,"quantity":1,"price":75},{"name":"Feather","id":314,"quantity":1,"price":3},{"name":"Smoke rune","id":4697,"quantity":15,"price":107}],"date":"Jan 11, 2023, 11:12:03 AM"}
{"name":"Wingman Skree","level":143,"killCount":-1,"type":"NPC","drops":[{"name":"Bones","id":526,"quantity":1,"price":75},{"name":"Feather","id":314,"quantity":9,"price":3},{"name":"Coins","id":995,"quantity":1049,"price":1}],"date":"Jan 11, 2023, 11:16:23 AM"}
{"name":"Wingman Skree","level":143,"killCount":-1,"type":"NPC","drops":[{"name":"Bones","id":526,"quantity":1,"price":75},{"name":"Feather","id":314,"quantity":6,"price":3},{"name":"Smoke rune","id":4697,"quantity":10,"price":107}],"date":"Jan 11, 2023, 11:20:21 AM"}
{"name":"Wingman Skree","level":143,"killCount":-1,"type":"NPC","drops":[{"name":"Bones","id":526,"quantity":1,"price":57},{"name":"Feather","id":314,"quantity":11,"price":3},{"name":"Coins","id":995,"quantity":1009,"price":1}],"date":"May 25, 2023, 6:12:56 PM"}
{"name":"Wingman Skree","level":143,"killCount":-1,"type":"NPC","drops":[{"name":"Bones","id":526,"quantity":1,"price":57},{"name":"Feather","id":314,"quantity":1,"price":3},{"name":"Smoke rune","id":4697,"quantity":13,"price":66}],"date":"May 25, 2023, 6:16:10 PM"}
{"name":"Wingman Skree","level":143,"killCount":-1,"type":"NPC","drops":[{"name":"Bones","id":526,"quantity":1,"price":57},{"name":"Feather","id":314,"quantity":7,"price":3},{"name":"Smoke rune","id":4697,"quantity":13,"price":66}],"date":"May 25, 2023, 6:19:27 PM"}
{"name":"Wingman Skree","level":143,"killCount":-1,"type":"NPC","drops":[{"name":"Bones","id":526,"quantity":1,"price":69},{"name":"Feather","id":314,"quantity":8,"price":3},{"name":"Coins","id":995,"quantity":1027,"price":1}],"date":"Feb 24, 2023, 10:56:10 PM"}
{"name":"Wingman Skree","level":143,"killCount":-1,"type":"NPC","drops":[{"name":"Bones","id":526,"quantity":1,"price":69},{"name":"Feather","id":314,"quantity":4,"price":3},{"name":"Coins","id":995,"quantity":1032,"price":1}],"date":"Feb 24, 2023, 10:59:43 PM"}
{"name":"Wingman Skree","level":143,"killCount":-1,"type":"NPC","drops":[{"name":"Bones","id":526,"quantity":1,"price":69},{"name":"Feather","id":314,"quantity":4,"price":3},{"name":"Coins","id":995,"quantity":1062,"price":1}],"date":"Feb 24, 2023, 11:02:46 PM"}
{"name":"Wingman Skree","level":143,"killCount":-1,"type":"NPC","drops":[{"name":"Bones","id":526,"quantity":1,"price":69},{"name":"Feather","id":314,"quantity":10,"price":3},{"name":"Coins","id":995,"quantity":1078,"price":1}],"date":"Feb 24, 2023, 11:05:45 PM"}
{"name":"Wingman Skree","level":143,"killCount":-1,"type":"NPC","drops":[{"name":"Bones","id":526,"quantity":1,"price":69},{"name":"Feather","id":314,"quantity":7,"price":3},{"name":"Smoke rune","id":4697,"quantity":15,"price":60}],"date":"Feb 24, 2023, 11:33:07 PM"}
{"name":"Wingman Skree","level":143,"killCount":-1,"type":"NPC","drops":[{"name":"Bones","id":526,"quantity":1,"price":69},{"name":"Feather","id":314,"quantity":8,"price":3},{"name":"Coins","id":995,"quantity":1034,"price":1}],"date":"Feb 24, 2023, 11:49:15 PM"}
{"name":"Wingman Skree","level":143,"killCount":-1,"type":"NPC","drops":[{"name":"Bones","id":526,"quantity":1,"price":69},{"name":"Feather","id":314,"quantity":9,"price":3},{"name":"Coins","id":995,"quantity":1047,"price":1}],"date":"Feb 24, 2023, 11:54:13 PM"}
{"name":"Wingman Skree","level":143,"killCount":-1,"type":"NPC","drops":[{"name":"Bones","id":526,"quantity":1,"price":69},{"name":"Feather","id":314,"quantity":11,"price":3},{"name":"Coins","id":995,"quantity":1027,"price":1}],"date":"Feb 25, 2023, 12:07:40 AM"}
{"name":"Wingman Skree","level":143,"killCount":-1,"type":"NPC","drops":[{"name":"Bones","id":526,"quantity":1,"price":69},{"name":"Feather","id":314,"quantity":8,"price":3},{"name":"Manta ray","id":391,"quantity":1,"price":1066},{"name":"Manta ray","id":391,"quantity":1,"price":1066}],"date":"Feb 25, 2023, 12:12:22 AM"}
{"name":"Wingman Skree","level":143,"killCount":-1,"type":"NPC","drops":[{"name":"Bones","id":526,"quantity":1,"price":69},{"name":"Feather","id":314,"quantity":10,"price":3},{"name":"Mushroom potato","id":7058,"quantity":1,"price":627},{"name":"Mushroom potato","id":7058,"quantity":1,"price":627},{"name":"Mushroom potato","id":7058,"quantity":1,"price":627}],"date":"Feb 25, 2023, 12:15:51 AM"}
{"name":"Wingman Skree","level":143,"killCount":-1,"type":"NPC","drops":[{"name":"Bones","id":526,"quantity":1,"price":69},{"name":"Feather","id":314,"quantity":1,"price":3},{"name":"Coins","id":995,"quantity":1073,"price":1}],"date":"Feb 25, 2023, 12:19:40 AM"}
{"name":"Wingman Skree","level":143,"killCount":-1,"type":"NPC","drops":[{"name":"Bones","id":526,"quantity":1,"price":69},{"name":"Feather","id":314,"quantity":11,"price":3},{"name":"Coins","id":995,"quantity":1046,"price":1}],"date":"Feb 25, 2023, 12:22:27 AM"}
{"name":"Wingman Skree","level":143,"killCount":-1,"type":"NPC","drops":[{"name":"Bones","id":526,"quantity":1,"price":57},{"name":"Feather","id":314,"quantity":4,"price":3},{"name":"Manta ray","id":391,"quantity":1,"price":1200},{"name":"Manta ray","id":391,"quantity":1,"price":1200}],"date":"Apr 12, 2023, 9:54:03 AM"}
{"name":"Wingman Skree","level":143,"killCount":-1,"type":"NPC","drops":[{"name":"Bones","id":526,"quantity":1,"price":58},{"name":"Feather","id":314,"quantity":1,"price":3},{"name":"Coins","id":995,"quantity":1023,"price":1}],"date":"May 20, 2023, 11:24:25 AM"}
{"name":"Wingman Skree","level":143,"killCount":-1,"type":"NPC","drops":[{"name":"Bones","id":526,"quantity":1,"price":58},{"name":"Feather","id":314,"quantity":5,"price":3},{"name":"Coins","id":995,"quantity":1076,"price":1}],"date":"May 20, 2023, 11:26:50 AM"}
{"name":"Wingman Skree","level":143,"killCount":-1,"type":"NPC","drops":[{"name":"Bones","id":526,"quantity":1,"price":58},{"name":"Feather","id":314,"quantity":4,"price":3},{"name":"Manta ray","id":391,"quantity":1,"price":1005},{"name":"Manta ray","id":391,"quantity":1,"price":1005}],"date":"May 20, 2023, 11:29:39 AM"}
{"name":"Wingman Skree","level":143,"killCount":-1,"type":"NPC","drops":[{"name":"Bones","id":526,"quantity":1,"price":58},{"name":"Feather","id":314,"quantity":4,"price":3},{"name":"Mushroom potato","id":7058,"quantity":1,"price":625},{"name":"Mushroom potato","id":7058,"quantity":1,"price":625},{"name":"Mushroom potato","id":7058,"quantity":1,"price":625}],"date":"May 21, 2023, 12:13:50 AM"}
{"name":"Wingman Skree","level":143,"killCount":-1,"type":"NPC","drops":[{"name":"Bones","id":526,"quantity":1,"price":58},{"name":"Feather","id":314,"quantity":11,"price":3},{"name":"Mushroom potato","id":7058,"quantity":1,"price":625},{"name":"Mushroom potato","id":7058,"quantity":1,"price":625},{"name":"Mushroom potato","id":7058,"quantity":1,"price":625}],"date":"May 21, 2023, 12:16:42 AM"}
{"name":"Wingman Skree","level":143,"killCount":-1,"type":"NPC","drops":[{"name":"Bones","id":526,"quantity":1,"price":58},{"name":"Feather","id":314,"quantity":11,"price":3},{"name":"Coins","id":995,"quantity":1078,"price":1}],"date":"May 21, 2023, 12:19:46 AM"}
{"name":"Wingman Skree","level":143,"killCount":-1,"type":"NPC","drops":[{"name":"Bones","id":526,"quantity":1,"price":58},{"name":"Feather","id":314,"quantity":5,"price":3},{"name":"Smoke rune","id":4697,"quantity":13,"price":59}],"date":"May 21, 2023, 12:23:21 AM"}
{"name":"Wingman Skree","level":143,"killCount":-1,"type":"NPC","drops":[{"name":"Bones","id":526,"quantity":1,"price":58},{"name":"Feather","id":314,"quantity":8,"price":3},{"name":"Coins","id":995,"quantity":1042,"price":1}],"date":"May 21, 2023, 12:25:27 AM"}
{"name":"Wingman Skree","level":143,"killCount":-1,"type":"NPC","drops":[{"name":"Bones","id":526,"quantity":1,"price":58},{"name":"Feather","id":314,"quantity":10,"price":3},{"name":"Steel arrow","id":886,"quantity":100,"price":15}],"date":"May 21, 2023, 12:27:59 AM"}
{"name":"Wingman Skree","level":143,"killCount":-1,"type":"NPC","drops":[{"name":"Bones","id":526,"quantity":1,"price":58},{"name":"Feather","id":314,"quantity":4,"price":3},{"name":"Coins","id":995,"quantity":1093,"price":1}],"date":"May 21, 2023, 12:30:47 AM"}
{"name":"Wingman Skree","level":143,"killCount":-1,"type":"NPC","drops":[{"name":"Bones","id":526,"quantity":1,"price":58},{"name":"Feather","id":314,"quantity":4,"price":3},{"name":"Crushed nest","id":6694,"quantity":2,"price":5559}],"date":"May 21, 2023, 12:34:08 AM"}
{"name":"Wingman Skree","level":143,"killCount":-1,"type":"NPC","drops":[{"name":"Bones","id":526,"quantity":1,"price":58},{"name":"Feather","id":314,"quantity":8,"price":3},{"name":"Coins","id":995,"quantity":1053,"price":1}],"date":"May 21, 2023, 12:36:38 AM"}
{"name":"Wingman Skree","level":143,"killCount":-1,"type":"NPC","drops":[{"name":"Bones","id":526,"quantity":1,"price":58},{"name":"Feather","id":314,"quantity":6,"price":3},{"name":"Smoke rune","id":4697,"quantity":13,"price":59}],"date":"May 21, 2023, 12:39:16 AM"}
{"name":"Wingman Skree","level":143,"killCount":-1,"type":"NPC","drops":[{"name":"Bones","id":526,"quantity":1,"price":58},{"name":"Feather","id":314,"quantity":3,"price":3},{"name":"Grimy kwuarm","id":214,"quantity":1,"price":2426}],"date":"May 21, 2023, 12:42:35 AM"}
{"name":"Wingman Skree","level":143,"killCount":-1,"type":"NPC","drops":[{"name":"Bones","id":526,"quantity":1,"price":58},{"name":"Feather","id":314,"quantity":6,"price":3},{"name":"Mushroom potato","id":7058,"quantity":1,"price":625},{"name":"Mushroom potato","id":7058,"quantity":1,"price":625},{"name":"Mushroom potato","id":7058,"quantity":1,"price":625}],"date":"May 21, 2023, 12:53:54 AM"}
{"name":"Wingman Skree","level":143,"killCount":-1,"type":"NPC","drops":[{"name":"Bones","id":526,"quantity":1,"price":58},{"name":"Feather","id":314,"quantity":11,"price":3},{"name":"Coins","id":995,"quantity":1068,"price":1}],"date":"May 21, 2023, 12:57:58 AM"}
{"name":"Wingman Skree","level":143,"killCount":-1,"type":"NPC","drops":[{"name":"Bones","id":526,"quantity":1,"price":58},{"name":"Feather","id":314,"quantity":2,"price":3},{"name":"Coins","id":995,"quantity":1096,"price":1}],"date":"May 21, 2023, 1:00:24 AM"}
{"name":"Wingman Skree","level":143,"killCount":-1,"type":"NPC","drops":[{"name":"Bones","id":526,"quantity":1,"price":58},{"name":"Feather","id":314,"quantity":4,"price":3},{"name":"Coins","id":995,"quantity":1033,"price":1}],"date":"May 21, 2023, 1:03:29 AM"}
{"name":"Wingman Skree","level":143,"killCount":-1,"type":"NPC","drops":[{"name":"Bones","id":526,"quantity":1,"price":58},{"name":"Feather","id":314,"quantity":2,"price":3},{"name":"Coins","id":995,"quantity":1082,"price":1}],"date":"May 21, 2023, 1:06:29 AM"}
{"name":"Wingman Skree","level":143,"killCount":-1,"type":"NPC","drops":[{"name":"Bones","id":526,"quantity":1,"price":58},{"name":"Feather","id":314,"quantity":2,"price":3},{"name":"Coins","id":995,"quantity":1023,"price":1}],"date":"May 21, 2023, 1:09:41 AM"}
{"name":"Wingman Skree","level":143,"killCount":-1,"type":"NPC","drops":[{"name":"Bones","id":526,"quantity":1,"price":58},{"name":"Feather","id":314,"quantity":10,"price":3},{"name":"Coins","id":995,"quantity":1090,"price":1}],"date":"May 21, 2023, 1:12:38 AM"}
{"name":"Wingman Skree","level":143,"killCount":-1,"type":"NPC","drops":[{"name":"Bones","id":526,"quantity":1,"price":58},{"name":"Feather","id":314,"quantity":5,"price":3},{"name":"Steel dart","id":808,"quantity":95,"price":3}],"date":"May 21, 2023, 1:22:26 AM"}
{"name":"Wingman Skree","level":143,"killCount":-1,"type":"NPC","drops":[{"name":"Bones","id":526,"quantity":1,"price":58},{"name":"Feather","id":314,"quantity":8,"price":3},{"name":"Grimy kwuarm","id":214,"quantity":1,"price":2426}],"date":"May 21, 2023, 1:24:48 AM"}
{"name":"Wingman Skree","level":143,"killCount":-1,"type":"NPC","drops":[{"name":"Bones","id":526,"quantity":1,"price":58},{"name":"Feather","id":314,"quantity":6,"price":3},{"name":"Coins","id":995,"quantity":1090,"price":1}],"date":"May 21, 2023, 1:27:28 AM"}
{"name":"Wingman Skree","level":143,"killCount":-1,"type":"NPC","drops":[{"name":"Bones","id":526,"quantity":1,"price":58},{"name":"Feather","id":314,"quantity":10,"price":3},{"name":"Coins","id":995,"quantity":1006,"price":1}],"date":"May 21, 2023, 1:30:38 AM"}
{"name":"Wingman Skree","level":143,"killCount":-1,"type":"NPC","drops":[{"name":"Bones","id":526,"quantity":1,"price":58},{"name":"Feather","id":314,"quantity":9,"price":3},{"name":"Coins","id":995,"quantity":1088,"price":1}],"date":"May 21, 2023, 1:33:32 AM"}
{"name":"Wingman Skree","level":143,"killCount":-1,"type":"NPC","drops":[{"name":"Bones","id":526,"quantity":1,"price":58},{"name":"Feather","id":314,"quantity":4,"price":3},{"name":"Coins","id":995,"quantity":1097,"price":1}],"date":"May 21, 2023, 1:36:04 AM"}
{"name":"Wingman Skree","level":143,"killCount":-1,"type":"NPC","drops":[{"name":"Bones","id":526,"quantity":1,"price":58},{"name":"Feather","id":314,"quantity":6,"price":3},{"name":"Manta ray","id":391,"quantity":1,"price":1005},{"name":"Manta ray","id":391,"quantity":1,"price":1005}],"date":"May 21, 2023, 1:39:12 AM"}
{"name":"Wingman Skree","level":143,"killCount":-1,"type":"NPC","drops":[{"name":"Bones","id":526,"quantity":1,"price":58},{"name":"Feather","id":314,"quantity":9,"price":3},{"name":"Coins","id":995,"quantity":1039,"price":1}],"date":"May 21, 2023, 1:42:07 AM"}
{"name":"Wingman Skree","level":143,"killCount":-1,"type":"NPC","drops":[{"name":"Bones","id":526,"quantity":1,"price":58},{"name":"Feather","id":314,"quantity":9,"price":3},{"name":"Coins","id":995,"quantity":1096,"price":1}],"date":"May 21, 2023, 1:44:20 AM"}
{"name":"Wingman Skree","level":143,"killCount":-1,"type":"NPC","drops":[{"name":"Bones","id":526,"quantity":1,"price":58},{"name":"Feather","id":314,"quantity":5,"price":3},{"name":"Coins","id":995,"quantity":1005,"price":1}],"date":"May 21, 2023, 1:47:33 AM"}
{"name":"Wingman Skree","level":143,"killCount":-1,"type":"NPC","drops":[{"name":"Bones","id":526,"quantity":1,"price":58},{"name":"Feather","id":314,"quantity":3,"price":3},{"name":"Grimy kwuarm","id":214,"quantity":1,"price":2426}],"date":"May 21, 2023, 1:50:04 AM"}
{"name":"Wingman Skree","level":143,"killCount":-1,"type":"NPC","drops":[{"name":"Bones","id":526,"quantity":1,"price":58},{"name":"Feather","id":314,"quantity":1,"price":3},{"name":"Steel dart","id":808,"quantity":91,"price":3}],"date":"May 21, 2023, 1:52:44 AM"}
{"name":"Wingman Skree","level":143,"killCount":-1,"type":"NPC","drops":[{"name":"Bones","id":526,"quantity":1,"price":58},{"name":"Feather","id":314,"quantity":6,"price":3},{"name":"Steel dart","id":808,"quantity":96,"price":3}],"date":"May 21, 2023, 6:26:27 PM"}
{"name":"Wingman Skree","level":143,"killCount":-1,"type":"NPC","drops":[{"name":"Bones","id":526,"quantity":1,"price":58},{"name":"Feather","id":314,"quantity":6,"price":3},{"name":"Coins","id":995,"quantity":1080,"price":1}],"date":"May 21, 2023, 6:29:17 PM"}
{"name":"Wingman Skree","level":143,"killCount":-1,"type":"NPC","drops":[{"name":"Bones","id":526,"quantity":1,"price":58},{"name":"Feather","id":314,"quantity":9,"price":3},{"name":"Crushed nest","id":6694,"quantity":2,"price":5523}],"date":"May 21, 2023, 6:32:02 PM"}
{"name":"Wingman Skree","level":143,"killCount":-1,"type":"NPC","drops":[{"name":"Bones","id":526,"quantity":1,"price":58},{"name":"Feather","id":314,"quantity":7,"price":3},{"name":"Mushroom potato","id":7058,"quantity":1,"price":625},{"name":"Mushroom potato","id":7058,"quantity":1,"price":625},{"name":"Mushroom potato","id":7058,"quantity":1,"price":625}],"date":"May 21, 2023, 6:34:27 PM"}
{"name":"Wingman Skree","level":143,"killCount":-1,"type":"NPC","drops":[{"name":"Bones","id":526,"quantity":1,"price":58},{"name":"Feather","id":314,"quantity":3,"price":3},{"name":"Steel arrow","id":886,"quantity":93,"price":16}],"date":"May 21, 2023, 6:37:14 PM"}
{"name":"Wingman Skree","level":143,"killCount":-1,"type":"NPC","drops":[{"name":"Bones","id":526,"quantity":1,"price":58},{"name":"Feather","id":314,"quantity":6,"price":3},{"name":"Coins","id":995,"quantity":1066,"price":1}],"date":"May 21, 2023, 6:39:40 PM"}
{"name":"Wingman Skree","level":143,"killCount":-1,"type":"NPC","drops":[{"name":"Bones","id":526,"quantity":1,"price":58},{"name":"Feather","id":314,"quantity":11,"price":3},{"name":"Coins","id":995,"quantity":1071,"price":1}],"date":"May 21, 2023, 6:43:14 PM"}
{"name":"Wingman Skree","level":143,"killCount":-1,"type":"NPC","drops":[{"name":"Bones","id":526,"quantity":1,"price":58},{"name":"Feather","id":314,"quantity":3,"price":3},{"name":"Mushroom potato","id":7058,"quantity":1,"price":625},{"name":"Mushroom potato","id":7058,"quantity":1,"price":625},{"name":"Mushroom potato","id":7058,"quantity":1,"price":625}],"date":"May 21, 2023, 6:45:52 PM"}
{"name":"Wingman Skree","level":143,"killCount":-1,"type":"NPC","drops":[{"name":"Bones","id":526,"quantity":1,"price":58},{"name":"Feather","id":314,"quantity":4,"price":3},{"name":"Manta ray","id":391,"quantity":1,"price":1006},{"name":"Manta ray","id":391,"quantity":1,"price":1006}],"date":"May 21, 2023, 6:48:48 PM"}
{"name":"Wingman Skree","level":143,"killCount":-1,"type":"NPC","drops":[{"name":"Bones","id":526,"quantity":1,"price":58},{"name":"Feather","id":314,"quantity":3,"price":3},{"name":"Coins","id":995,"quantity":1057,"price":1}],"date":"May 21, 2023, 6:52:37 PM"}
{"name":"Wingman Skree","level":143,"killCount":-1,"type":"NPC","drops":[{"name":"Bones","id":526,"quantity":1,"price":58},{"name":"Feather","id":314,"quantity":10,"price":3},{"name":"Clue scroll (hard)","id":3556,"quantity":1,"price":0},{"name":"Coins","id":995,"quantity":1090,"price":1}],"date":"May 21, 2023, 6:55:42 PM"}
{"name":"Wingman Skree","level":143,"killCount":-1,"type":"NPC","drops":[{"name":"Bones","id":526,"quantity":1,"price":58},{"name":"Feather","id":314,"quantity":4,"price":3},{"name":"Steel arrow","id":886,"quantity":94,"price":16}],"date":"May 21, 2023, 6:58:41 PM"}
{"name":"Wingman Skree","level":143,"killCount":-1,"type":"NPC","drops":[{"name":"Bones","id":526,"quantity":1,"price":58},{"name":"Feather","id":314,"quantity":1,"price":3},{"name":"Coins","id":995,"quantity":1000,"price":1}],"date":"May 21, 2023, 7:13:15 PM"}
{"name":"Wingman Skree","level":143,"killCount":-1,"type":"NPC","drops":[{"name":"Bones","id":526,"quantity":1,"price":58},{"name":"Feather","id":314,"quantity":11,"price":3},{"name":"Manta ray","id":391,"quantity":1,"price":1006},{"name":"Manta ray","id":391,"quantity":1,"price":1006}],"date":"May 21, 2023, 7:16:25 PM"}
{"name":"Wingman Skree","level":143,"killCount":-1,"type":"NPC","drops":[{"name":"Bones","id":526,"quantity":1,"price":58},{"name":"Feather","id":314,"quantity":7,"price":3},{"name":"Coins","id":995,"quantity":1009,"price":1}],"date":"May 21, 2023, 7:19:01 PM"}
{"name":"Wingman Skree","level":143,"killCount":-1,"type":"NPC","drops":[{"name":"Bones","id":526,"quantity":1,"price":58},{"name":"Feather","id":314,"quantity":1,"price":3},{"name":"Crushed nest","id":6694,"quantity":2,"price":5523}],"date":"May 21, 2023, 7:21:03 PM"}
{"name":"Wingman Skree","level":143,"killCount":-1,"type":"NPC","drops":[{"name":"Bones","id":526,"quantity":1,"price":58},{"name":"Feather","id":314,"quantity":11,"price":3},{"name":"Steel arrow","id":886,"quantity":101,"price":16}],"date":"May 21, 2023, 7:23:33 PM"}
{"name":"Wingman Skree","level":143,"killCount":-1,"type":"NPC","drops":[{"name":"Bones","id":526,"quantity":1,"price":58},{"name":"Feather","id":314,"quantity":3,"price":3},{"name":"Coins","id":995,"quantity":1012,"price":1}],"date":"May 21, 2023, 7:25:37 PM"}
{"name":"Wingman Skree","level":143,"killCount":-1,"type":"NPC","drops":[{"name":"Bones","id":526,"quantity":1,"price":58},{"name":"Feather","id":314,"quantity":1,"price":3},{"name":"Crushed nest","id":6694,"quantity":2,"price":5523}],"date":"May 21, 2023, 7:28:09 PM"}
{"name":"Wingman Skree","level":143,"killCount":-1,"type":"NPC","drops":[{"name":"Bones","id":526,"quantity":1,"price":58},{"name":"Feather","id":314,"quantity":6,"price":3},{"name":"Manta ray","id":391,"quantity":1,"price":1006},{"name":"Manta ray","id":391,"quantity":1,"price":1006}],"date":"May 21, 2023, 7:31:29 PM"}
{"name":"Wingman Skree","level":143,"killCount":-1,"type":"NPC","drops":[{"name":"Bones","id":526,"quantity":1,"price":58},{"name":"Feather","id":314,"quantity":10,"price":3},{"name":"Coins","id":995,"quantity":1019,"price":1}],"date":"May 21, 2023, 7:35:31 PM"}
{"name":"Wingman Skree","level":143,"killCount":-1,"type":"NPC","drops":[{"name":"Bones","id":526,"quantity":1,"price":58},{"name":"Feather","id":314,"quantity":5,"price":3},{"name":"Smoke rune","id":4697,"quantity":15,"price":60}],"date":"May 21, 2023, 7:38:10 PM"}
{"name":"Wingman Skree","level":143,"killCount":-1,"type":"NPC","drops":[{"name":"Bones","id":526,"quantity":1,"price":58},{"name":"Feather","id":314,"quantity":4,"price":3},{"name":"Coins","id":995,"quantity":1092,"price":1}],"date":"May 21, 2023, 7:49:04 PM"}
{"name":"Wingman Skree","level":143,"killCount":-1,"type":"NPC","drops":[{"name":"Bones","id":526,"quantity":1,"price":58},{"name":"Feather","id":314,"quantity":1,"price":3},{"name":"Coins","id":995,"quantity":1003,"price":1}],"date":"May 21, 2023, 7:52:15 PM"}
{"name":"Wingman Skree","level":143,"killCount":-1,"type":"NPC","drops":[{"name":"Bones","id":526,"quantity":1,"price":58},{"name":"Feather","id":314,"quantity":4,"price":3},{"name":"Crushed nest","id":6694,"quantity":2,"price":5523}],"date":"May 21, 2023, 7:55:19 PM"}
{"name":"Wingman Skree","level":143,"killCount":-1,"type":"NPC","drops":[{"name":"Bones","id":526,"quantity":1,"price":58},{"name":"Feather","id":314,"quantity":9,"price":3},{"name":"Mushroom potato","id":7058,"quantity":1,"price":625},{"name":"Mushroom potato","id":7058,"quantity":1,"price":625},{"name":"Mushroom potato","id":7058,"quantity":1,"price":625}],"date":"May 21, 2023, 7:58:33 PM"}
{"name":"Wingman Skree","level":143,"killCount":-1,"type":"NPC","drops":[{"name":"Bones","id":526,"quantity":1,"price":58},{"name":"Feather","id":314,"quantity":3,"price":3},{"name":"Steel arrow","id":886,"quantity":93,"price":16}],"date":"May 21, 2023, 8:01:06 PM"}
{"name":"Wingman Skree","level":143,"killCount":-1,"type":"NPC","drops":[{"name":"Bones","id":526,"quantity":1,"price":58},{"name":"Feather","id":314,"quantity":7,"price":3},{"name":"Coins","id":995,"quantity":1026,"price":1}],"date":"May 21, 2023, 8:03:09 PM"}
{"name":"Wingman Skree","level":143,"killCount":-1,"type":"NPC","drops":[{"name":"Bones","id":526,"quantity":1,"price":58},{"name":"Feather","id":314,"quantity":1,"price":3},{"name":"Crushed nest","id":6694,"quantity":2,"price":5523}],"date":"May 21, 2023, 8:06:31 PM"}
{"name":"Wingman Skree","level":143,"killCount":-1,"type":"NPC","drops":[{"name":"Bones","id":526,"quantity":1,"price":58},{"name":"Feather","id":314,"quantity":2,"price":3},{"name":"Manta ray","id":391,"quantity":1,"price":1006},{"name":"Manta ray","id":391,"quantity":1,"price":1006}],"date":"May 21, 2023, 8:56:31 PM"}
{"name":"Wingman Skree","level":143,"killCount":-1,"type":"NPC","drops":[{"name":"Bones","id":526,"quantity":1,"price":58},{"name":"Feather","id":314,"quantity":10,"price":3},{"name":"Crushed nest","id":6694,"quantity":2,"price":5523}],"date":"May 21, 2023, 8:58:37 PM"}
{"name":"Wingman Skree","level":143,"killCount":-1,"type":"NPC","drops":[{"name":"Bones","id":526,"quantity":1,"price":58},{"name":"Feather","id":314,"quantity":6,"price":3},{"name":"Steel arrow","id":886,"quantity":96,"price":16}],"date":"May 21, 2023, 9:01:54 PM"}
{"name":"Wingman Skree","level":143,"killCount":-1,"type":"NPC","drops":[{"name":"Bones","id":526,"quantity":1,"price":58},{"name":"Feather","id":314,"quantity":11,"price":3},{"name":"Coins","id":995,"quantity":1087,"price":1}],"date":"May 21, 2023, 9:03:47 PM"}
{"name":"Wingman Skree","level":143,"killCount":-1,"type":"NPC","drops":[{"name":"Bones","id":526,"quantity":1,"price":58},{"name":"Feather","id":314,"quantity":8,"price":3},{"name":"Coins","id":995,"quantity":1087,"price":1}],"date":"May 21, 2023, 9:06:23 PM"}
{"name":"Wingman Skree","level":143,"killCount":-1,"type":"NPC","drops":[{"name":"Bones","id":526,"quantity":1,"price":58},{"name":"Feather","id":314,"quantity":5,"price":3},{"name":"Manta ray","id":391,"quantity":1,"price":1006},{"name":"Manta ray","id":391,"quantity":1,"price":1006}],"date":"May 21, 2023, 9:09:10 PM"}
{"name":"Wingman Skree","level":143,"killCount":-1,"type":"NPC","drops":[{"name":"Bones","id":526,"quantity":1,"price":58},{"name":"Feather","id":314,"quantity":1,"price":3},{"name":"Coins","id":995,"quantity":1041,"price":1}],"date":"May 21, 2023, 9:13:09 PM"}
{"name":"Wingman Skree","level":143,"killCount":-1,"type":"NPC","drops":[{"name":"Bones","id":526,"quantity":1,"price":58},{"name":"Feather","id":314,"quantity":10,"price":3},{"name":"Coins","id":995,"quantity":1084,"price":1}],"date":"May 21, 2023, 9:15:57 PM"}
{"name":"Wingman Skree","level":143,"killCount":-1,"type":"NPC","drops":[{"name":"Bones","id":526,"quantity":1,"price":58},{"name":"Feather","id":314,"quantity":4,"price":3},{"name":"Crushed nest","id":6694,"quantity":2,"price":5523}],"date":"May 21, 2023, 9:18:25 PM"}
{"name":"Wingman Skree","level":143,"killCount":-1,"type":"NPC","drops":[{"name":"Bones","id":526,"quantity":1,"price":58},{"name":"Feather","id":314,"quantity":5,"price":3},{"name":"Coins","id":995,"quantity":1059,"price":1}],"date":"May 21, 2023, 9:21:15 PM"}
{"name":"Wingman Skree","level":143,"killCount":-1,"type":"NPC","drops":[{"name":"Bones","id":526,"quantity":1,"price":58},{"name":"Feather","id":314,"quantity":10,"price":3},{"name":"Steel dart","id":808,"quantity":100,"price":3}],"date":"May 21, 2023, 9:24:03 PM"}
{"name":"Wingman Skree","level":143,"killCount":-1,"type":"NPC","drops":[{"name":"Bones","id":526,"quantity":1,"price":58},{"name":"Feather","id":314,"quantity":1,"price":3},{"name":"Smoke rune","id":4697,"quantity":13,"price":60}],"date":"May 21, 2023, 9:27:30 PM"}
{"name":"Wingman Skree","level":143,"killCount":-1,"type":"NPC","drops":[{"name":"Bones","id":526,"quantity":1,"price":58},{"name":"Feather","id":314,"quantity":1,"price":3},{"name":"Coins","id":995,"quantity":1049,"price":1}],"date":"May 21, 2023, 9:30:39 PM"}
{"name":"Wingman Skree","level":143,"killCount":-1,"type":"NPC","drops":[{"name":"Bones","id":526,"quantity":1,"price":58},{"name":"Feather","id":314,"quantity":9,"price":3},{"name":"Coins","id":995,"quantity":1100,"price":1}],"date":"May 21, 2023, 9:33:35 PM"}
{"name":"Wingman Skree","level":143,"killCount":-1,"type":"NPC","drops":[{"name":"Bones","id":526,"quantity":1,"price":58},{"name":"Feather","id":314,"quantity":7,"price":3},{"name":"Smoke rune","id":4697,"quantity":11,"price":60}],"date":"May 21, 2023, 9:35:36 PM"}
{"name":"Wingman Skree","level":143,"killCount":-1,"type":"NPC","drops":[{"name":"Bones","id":526,"quantity":1,"price":58},{"name":"Feather","id":314,"quantity":3,"price":3},{"name":"Steel arrow","id":886,"quantity":93,"price":16}],"date":"May 21, 2023, 9:38:24 PM"}
{"name":"Wingman Skree","level":143,"killCount":-1,"type":"NPC","drops":[{"name":"Bones","id":526,"quantity":1,"price":58},{"name":"Feather","id":314,"quantity":4,"price":3},{"name":"Coins","id":995,"quantity":1013,"price":1}],"date":"May 22, 2023, 12:44:34 AM"}
{"name":"Wingman Skree","level":143,"killCount":-1,"type":"NPC","drops":[{"name":"Bones","id":526,"quantity":1,"price":58},{"name":"Feather","id":314,"quantity":9,"price":3},{"name":"Coins","id":995,"quantity":1082,"price":1}],"date":"May 22, 2023, 12:48:08 AM"}
{"name":"Wingman Skree","level":143,"killCount":-1,"type":"NPC","drops":[{"name":"Bones","id":526,"quantity":1,"price":58},{"name":"Feather","id":314,"quantity":11,"price":3},{"name":"Coins","id":995,"quantity":1061,"price":1}],"date":"May 22, 2023, 12:50:29 AM"}
{"name":"Wingman Skree","level":143,"killCount":-1,"type":"NPC","drops":[{"name":"Bones","id":526,"quantity":1,"price":58},{"name":"Feather","id":314,"quantity":7,"price":3},{"name":"Smoke rune","id":4697,"quantity":13,"price":60}],"date":"May 22, 2023, 12:53:02 AM"}
{"name":"Wingman Skree","level":143,"killCount":-1,"type":"NPC","drops":[{"name":"Bones","id":526,"quantity":1,"price":58},{"name":"Feather","id":314,"quantity":3,"price":3},{"name":"Manta ray","id":391,"quantity":1,"price":1006},{"name":"Manta ray","id":391,"quantity":1,"price":1006}],"date":"May 22, 2023, 12:56:03 AM"}
{"name":"Wingman Skree","level":143,"killCount":-1,"type":"NPC","drops":[{"name":"Bones","id":526,"quantity":1,"price":58},{"name":"Feather","id":314,"quantity":8,"price":3},{"name":"Grimy kwuarm","id":214,"quantity":1,"price":2476}],"date":"May 22, 2023, 12:59:21 AM"}
{"name":"Wingman Skree","level":143,"killCount":-1,"type":"NPC","drops":[{"name":"Bones","id":526,"quantity":1,"price":58},{"name":"Feather","id":314,"quantity":10,"price":3},{"name":"Steel arrow","id":886,"quantity":100,"price":16}],"date":"May 22, 2023, 1:02:44 AM"}
{"name":"Wingman Skree","level":143,"killCount":-1,"type":"NPC","drops":[{"name":"Bones","id":526,"quantity":1,"price":58},{"name":"Feather","id":314,"quantity":6,"price":3},{"name":"Grimy kwuarm","id":214,"quantity":1,"price":2476}],"date":"May 22, 2023, 1:12:12 AM"}
{"name":"Wingman Skree","level":143,"killCount":-1,"type":"NPC","drops":[{"name":"Bones","id":526,"quantity":1,"price":58},{"name":"Feather","id":314,"quantity":7,"price":3},{"name":"Coins","id":995,"quantity":1057,"price":1}],"date":"May 22, 2023, 1:16:08 AM"}
{"name":"Wingman Skree","level":143,"killCount":-1,"type":"NPC","drops":[{"name":"Bones","id":526,"quantity":1,"price":58},{"name":"Feather","id":314,"quantity":1,"price":3},{"name":"Coins","id":995,"quantity":1054,"price":1}],"date":"May 22, 2023, 1:18:57 AM"}
{"name":"Wingman Skree","level":143,"killCount":-1,"type":"NPC","drops":[{"name":"Bones","id":526,"quantity":1,"price":58},{"name":"Feather","id":314,"quantity":6,"price":3},{"name":"Coins","id":995,"quantity":1002,"price":1}],"date":"May 22, 2023, 1:21:54 AM"}
{"name":"Wingman Skree","level":143,"killCount":-1,"type":"NPC","drops":[{"name":"Bones","id":526,"quantity":1,"price":58},{"name":"Feather","id":314,"quantity":1,"price":3},{"name":"Crushed nest","id":6694,"quantity":2,"price":5523}],"date":"May 22, 2023, 1:24:35 AM"}
{"name":"Wingman Skree","level":143,"killCount":-1,"type":"NPC","drops":[{"name":"Bones","id":526,"quantity":1,"price":58},{"name":"Feather","id":314,"quantity":4,"price":3},{"name":"Steel arrow","id":886,"quantity":94,"price":16}],"date":"May 22, 2023, 1:28:33 AM"}
{"name":"Wingman Skree","level":143,"killCount":-1,"type":"NPC","drops":[{"name":"Bones","id":526,"quantity":1,"price":58},{"name":"Feather","id":314,"quantity":10,"price":3},{"name":"Steel dart","id":808,"quantity":100,"price":3}],"date":"May 22, 2023, 1:43:04 AM"}
{"name":"Wingman Skree","level":143,"killCount":-1,"type":"NPC","drops":[{"name":"Bones","id":526,"quantity":1,"price":58},{"name":"Feather","id":314,"quantity":5,"price":3},{"name":"Coins","id":995,"quantity":1082,"price":1}],"date":"May 22, 2023, 1:46:32 AM"}
{"name":"Wingman Skree","level":143,"killCount":-1,"type":"NPC","drops":[{"name":"Bones","id":526,"quantity":1,"price":58},{"name":"Feather","id":314,"quantity":9,"price":3},{"name":"Manta ray","id":391,"quantity":1,"price":1006},{"name":"Manta ray","id":391,"quantity":1,"price":1006}],"date":"May 22, 2023, 1:49:28 AM"}
{"name":"Wingman Skree","level":143,"killCount":-1,"type":"NPC","drops":[{"name":"Bones","id":526,"quantity":1,"price":58},{"name":"Feather","id":314,"quantity":6,"price":3},{"name":"Coins","id":995,"quantity":1065,"price":1}],"date":"May 22, 2023, 1:52:21 AM"}
{"name":"Wingman Skree","level":143,"killCount":-1,"type":"NPC","drops":[{"name":"Bones","id":526,"quantity":1,"price":58},{"name":"Feather","id":314,"quantity":9,"price":3},{"name":"Coins","id":995,"quantity":1080,"price":1}],"date":"May 22, 2023, 1:55:04 AM"}
{"name":"Wingman Skree","level":143,"killCount":-1,"type":"NPC","drops":[{"name":"Bones","id":526,"quantity":1,"price":58},{"name":"Feather","id":314,"quantity":9,"price":3},{"name":"Mushroom potato","id":7058,"quantity":1,"price":625},{"name":"Mushroom potato","id":7058,"quantity":1,"price":625},{"name":"Mushroom potato","id":7058,"quantity":1,"price":625}],"date":"May 22, 2023, 1:57:44 AM"}
{"name":"Wingman Skree","level":143,"killCount":-1,"type":"NPC","drops":[{"name":"Bones","id":526,"quantity":1,"price":58},{"name":"Feather","id":314,"quantity":10,"price":3},{"name":"Coins","id":995,"quantity":1100,"price":1}],"date":"May 22, 2023, 2:00:33 AM"}
{"name":"Wingman Skree","level":143,"killCount":-1,"type":"NPC","drops":[{"name":"Bones","id":526,"quantity":1,"price":58},{"name":"Feather","id":314,"quantity":6,"price":3},{"name":"Coins","id":995,"quantity":1019,"price":1}],"date":"May 22, 2023, 2:04:14 AM"}
{"name":"Wingman Skree","level":143,"killCount":-1,"type":"NPC","drops":[{"name":"Bones","id":526,"quantity":1,"price":58},{"name":"Feather","id":314,"quantity":1,"price":3},{"name":"Steel arrow","id":886,"quantity":91,"price":16}],"date":"May 22, 2023, 2:07:32 AM"}
{"name":"Wingman Skree","level":143,"killCount":-1,"type":"NPC","drops":[{"name":"Bones","id":526,"quantity":1,"price":59},{"name":"Feather","id":314,"quantity":4,"price":3},{"name":"Crushed nest","id":6694,"quantity":2,"price":5518}],"date":"May 22, 2023, 11:26:28 AM"}
{"name":"Wingman Skree","level":143,"killCount":-1,"type":"NPC","drops":[{"name":"Bones","id":526,"quantity":1,"price":59},{"name":"Feather","id":314,"quantity":3,"price":3},{"name":"Smoke rune","id":4697,"quantity":11,"price":61}],"date":"May 22, 2023, 11:29:30 AM"}
{"name":"Wingman Skree","level":143,"killCount":-1,"type":"NPC","drops":[{"name":"Bones","id":526,"quantity":1,"price":59},{"name":"Feather","id":314,"quantity":11,"price":3},{"name":"Coins","id":995,"quantity":1066,"price":1}],"date":"May 22, 2023, 11:33:15 AM"}
{"name":"Wingman Skree","level":143,"killCount":-1,"type":"NPC","drops":[{"name":"Bones","id":526,"quantity":1,"price":59},{"name":"Feather","id":314,"quantity":2,"price":3},{"name":"Coins","id":995,"quantity":1044,"price":1}],"date":"May 22, 2023, 11:36:03 AM"}
{"name":"Wingman Skree","level":143,"killCount":-1,"type":"NPC","drops":[{"name":"Bones","id":526,"quantity":1,"price":59},{"name":"Feather","id":314,"quantity":1,"price":3},{"name":"Coins","id":995,"quantity":1095,"price":1}],"date":"May 22, 2023, 11:39:41 AM"}
{"name":"Wingman Skree","level":143,"killCount":-1,"type":"NPC","drops":[{"name":"Bones","id":526,"quantity":1,"price":59},{"name":"Feather","id":314,"quantity":7,"price":3},{"name":"Smoke rune","id":4697,"quantity":12,"price":61}],"date":"May 22, 2023, 11:41:48 AM"}
{"name":"Wingman Skree","level":143,"killCount":-1,"type":"NPC","drops":[{"name":"Bones","id":526,"quantity":1,"price":59},{"name":"Feather","id":314,"quantity":5,"price":3},{"name":"Coins","id":995,"quantity":1100,"price":1}],"date":"May 22, 2023, 11:44:42 AM"}
{"name":"Wingman Skree","level":143,"killCount":-1,"type":"NPC","drops":[{"name":"Bones","id":526,"quantity":1,"price":59},{"name":"Feather","id":314,"quantity":6,"price":3},{"name":"Coins","id":995,"quantity":1027,"price":1}],"date":"May 22, 2023, 11:47:23 AM"}
{"name":"Wingman Skree","level":143,"killCount":-1,"type":"NPC","drops":[{"name":"Bones","id":526,"quantity":1,"price":59},{"name":"Feather","id":314,"quantity":4,"price":3},{"name":"Coins","id":995,"quantity":1093,"price":1}],"date":"May 22, 2023, 11:50:10 AM"}
{"name":"Wingman Skree","level":143,"killCount":-1,"type":"NPC","drops":[{"name":"Bones","id":526,"quantity":1,"price":59},{"name":"Feather","id":314,"quantity":3,"price":3},{"name":"Coins","id":995,"quantity":1002,"price":1}],"date":"May 22, 2023, 11:52:37 AM"}
{"name":"Wingman Skree","level":143,"killCount":-1,"type":"NPC","drops":[{"name":"Bones","id":526,"quantity":1,"price":59},{"name":"Feather","id":314,"quantity":7,"price":3},{"name":"Steel dart","id":808,"quantity":97,"price":3}],"date":"May 22, 2023, 11:55:17 AM"}
{"name":"Wingman Skree","level":143,"killCount":-1,"type":"NPC","drops":[{"name":"Bones","id":526,"quantity":1,"price":59},{"name":"Feather","id":314,"quantity":3,"price":3},{"name":"Manta ray","id":391,"quantity":1,"price":1045},{"name":"Manta ray","id":391,"quantity":1,"price":1045}],"date":"May 22, 2023, 11:58:19 AM"}
{"name":"Wingman Skree","level":143,"killCount":-1,"type":"NPC","drops":[{"name":"Bones","id":526,"quantity":1,"price":59},{"name":"Feather","id":314,"quantity":9,"price":3},{"name":"Coins","id":995,"quantity":1046,"price":1}],"date":"May 22, 2023, 12:01:17 PM"}
{"name":"Wingman Skree","level":143,"killCount":-1,"type":"NPC","drops":[{"name":"Bones","id":526,"quantity":1,"price":59},{"name":"Feather","id":314,"quantity":7,"price":3},{"name":"Coins","id":995,"quantity":1014,"price":1}],"date":"May 22, 2023, 12:04:17 PM"}
{"name":"Wingman Skree","level":143,"killCount":-1,"type":"NPC","drops":[{"name":"Bones","id":526,"quantity":1,"price":59},{"name":"Feather","id":314,"quantity":9,"price":3},{"name":"Coins","id":995,"quantity":1030,"price":1}],"date":"May 22, 2023, 12:07:14 PM"}
{"name":"Wingman Skree","level":143,"killCount":-1,"type":"NPC","drops":[{"name":"Bones","id":526,"quantity":1,"price":57},{"name":"Feather","id":314,"quantity":3,"price":3},{"name":"Coins","id":995,"quantity":1070,"price":1}],"date":"May 25, 2023, 8:00:38 PM"}
{"name":"Wingman Skree","level":143,"killCount":-1,"type":"NPC","drops":[{"name":"Bones","id":526,"quantity":1,"price":57},{"name":"Feather","id":314,"quantity":11,"price":3},{"name":"Manta ray","id":391,"quantity":1,"price":1131},{"name":"Manta ray","id":391,"quantity":1,"price":1131}],"date":"May 25, 2023, 8:03:04 PM"}
{"name":"Wingman Skree","level":143,"killCount":-1,"type":"NPC","drops":[{"name":"Bones","id":526,"quantity":1,"price":57},{"name":"Feather","id":314,"quantity":10,"price":3},{"name":"Coins","id":995,"quantity":1080,"price":1}],"date":"May 25, 2023, 8:06:25 PM"}
{"name":"Wingman Skree","level":143,"killCount":-1,"type":"NPC","drops":[{"name":"Bones","id":526,"quantity":1,"price":57},{"name":"Feather","id":314,"quantity":4,"price":3},{"name":"Grimy kwuarm","id":214,"quantity":1,"price":2596}],"date":"May 25, 2023, 8:08:52 PM"}
{"name":"Wingman Skree","level":143,"killCount":-1,"type":"NPC","drops":[{"name":"Bones","id":526,"quantity":1,"price":57},{"name":"Feather","id":314,"quantity":11,"price":3},{"name":"Coins","id":995,"quantity":1049,"price":1}],"date":"May 25, 2023, 8:12:33 PM"}
{"name":"Wingman Skree","level":143,"killCount":-1,"type":"NPC","drops":[{"name":"Bones","id":526,"quantity":1,"price":57},{"name":"Feather","id":314,"quantity":4,"price":3},{"name":"Coins","id":995,"quantity":1069,"price":1}],"date":"May 25, 2023, 8:15:19 PM"}
{"name":"Wingman Skree","level":143,"killCount":-1,"type":"NPC","drops":[{"name":"Bones","id":526,"quantity":1,"price":57},{"name":"Feather","id":314,"quantity":4,"price":3},{"name":"Grimy kwuarm","id":214,"quantity":1,"price":2596}],"date":"May 25, 2023, 8:17:56 PM"}
{"name":"Wingman Skree","level":143,"killCount":-1,"type":"NPC","drops":[{"name":"Bones","id":526,"quantity":1,"price":57},{"name":"Feather","id":314,"quantity":11,"price":3},{"name":"Steel dart","id":808,"quantity":101,"price":3}],"date":"May 25, 2023, 8:21:16 PM"}
{"name":"Wingman Skree","level":143,"killCount":-1,"type":"NPC","drops":[{"name":"Bones","id":526,"quantity":1,"price":56},{"name":"Feather","id":314,"quantity":5,"price":3},{"name":"Steel dart","id":808,"quantity":95,"price":3}],"date":"May 25, 2023, 10:54:14 PM"}
{"name":"Wingman Skree","level":143,"killCount":-1,"type":"NPC","drops":[{"name":"Bones","id":526,"quantity":1,"price":56},{"name":"Feather","id":314,"quantity":6,"price":3},{"name":"Manta ray","id":391,"quantity":1,"price":1188},{"name":"Manta ray","id":391,"quantity":1,"price":1188}],"date":"May 25, 2023, 10:57:19 PM"}
{"name":"Wingman Skree","level":143,"killCount":-1,"type":"NPC","drops":[{"name":"Bones","id":526,"quantity":1,"price":56},{"name":"Feather","id":314,"quantity":9,"price":3},{"name":"Coins","id":995,"quantity":1000,"price":1}],"date":"May 25, 2023, 11:00:28 PM"}
{"name":"Wingman Skree","level":143,"killCount":-1,"type":"NPC","drops":[{"name":"Bones","id":526,"quantity":1,"price":56},{"name":"Feather","id":314,"quantity":2,"price":3},{"name":"Coins","id":995,"quantity":1093,"price":1}],"date":"May 25, 2023, 11:03:22 PM"}
{"name":"Wingman Skree","level":143,"killCount":-1,"type":"NPC","drops":[{"name":"Bones","id":526,"quantity":1,"price":56},{"name":"Feather","id":314,"quantity":2,"price":3},{"name":"Coins","id":995,"quantity":1097,"price":1}],"date":"May 25, 2023, 11:05:59 PM"}
{"name":"Wingman Skree","level":143,"killCount":-1,"type":"NPC","drops":[{"name":"Bones","id":526,"quantity":1,"price":56},{"name":"Feather","id":314,"quantity":3,"price":3},{"name":"Crushed nest","id":6694,"quantity":2,"price":5537}],"date":"May 25, 2023, 11:09:14 PM"}
{"name":"Wingman Skree","level":143,"killCount":-1,"type":"NPC","drops":[{"name":"Bones","id":526,"quantity":1,"price":56},{"name":"Feather","id":314,"quantity":11,"price":3},{"name":"Mushroom potato","id":7058,"quantity":1,"price":659},{"name":"Mushroom potato","id":7058,"quantity":1,"price":659},{"name":"Mushroom potato","id":7058,"quantity":1,"price":659}],"date":"May 25, 2023, 11:12:36 PM"}
{"name":"Wingman Skree","level":143,"killCount":-1,"type":"NPC","drops":[{"name":"Bones","id":526,"quantity":1,"price":56},{"name":"Feather","id":314,"quantity":7,"price":3},{"name":"Coins","id":995,"quantity":1026,"price":1}],"date":"May 25, 2023, 11:15:05 PM"}
{"name":"Wingman Skree","level":143,"killCount":-1,"type":"NPC","drops":[{"name":"Bones","id":526,"quantity":1,"price":56},{"name":"Feather","id":314,"quantity":10,"price":3},{"name":"Coins","id":995,"quantity":1028,"price":1}],"date":"May 25, 2023, 11:17:41 PM"}
{"name":"Wingman Skree","level":143,"killCount":-1,"type":"NPC","drops":[{"name":"Bones","id":526,"quantity":1,"price":56},{"name":"Feather","id":314,"quantity":3,"price":3},{"name":"Steel dart","id":808,"quantity":93,"price":3}],"date":"May 25, 2023, 11:19:54 PM"}
{"name":"Wingman Skree","level":143,"killCount":-1,"type":"NPC","drops":[{"name":"Bones","id":526,"quantity":1,"price":56},{"name":"Feather","id":314,"quantity":1,"price":3},{"name":"Crushed nest","id":6694,"quantity":2,"price":5537}],"date":"May 25, 2023, 11:23:08 PM"}
{"name":"Wingman Skree","level":143,"killCount":-1,"type":"NPC","drops":[{"name":"Bones","id":526,"quantity":1,"price":56},{"name":"Feather","id":314,"quantity":3,"price":3},{"name":"Coins","id":995,"quantity":1007,"price":1}],"date":"May 25, 2023, 11:25:46 PM"}
{"name":"Wingman Skree","level":143,"killCount":-1,"type":"NPC","drops":[{"name":"Bones","id":526,"quantity":1,"price":56},{"name":"Feather","id":314,"quantity":5,"price":3},{"name":"Coins","id":995,"quantity":1051,"price":1}],"date":"May 25, 2023, 11:36:26 PM"}
{"name":"Wingman Skree","level":143,"killCount":-1,"type":"NPC","drops":[{"name":"Bones","id":526,"quantity":1,"price":56},{"name":"Feather","id":314,"quantity":2,"price":3},{"name":"Mushroom potato","id":7058,"quantity":1,"price":659},{"name":"Mushroom potato","id":7058,"quantity":1,"price":659},{"name":"Mushroom potato","id":7058,"quantity":1,"price":659}],"date":"May 25, 2023, 11:40:40 PM"}
{"name":"Wingman Skree","level":143,"killCount":-1,"type":"NPC","drops":[{"name":"Bones","id":526,"quantity":1,"price":56},{"name":"Feather","id":314,"quantity":2,"price":3},{"name":"Coins","id":995,"quantity":1070,"price":1}],"date":"May 25, 2023, 11:43:58 PM"}
{"name":"Wingman Skree","level":143,"killCount":-1,"type":"NPC","drops":[{"name":"Bones","id":526,"quantity":1,"price":56},{"name":"Feather","id":314,"quantity":5,"price":3},{"name":"Steel arrow","id":886,"quantity":95,"price":18}],"date":"May 25, 2023, 11:46:06 PM"}
{"name":"Wingman Skree","level":143,"killCount":-1,"type":"NPC","drops":[{"name":"Bones","id":526,"quantity":1,"price":56},{"name":"Feather","id":314,"quantity":6,"price":3},{"name":"Smoke rune","id":4697,"quantity":11,"price":67}],"date":"May 25, 2023, 11:49:04 PM"}
{"name":"Wingman Skree","level":143,"killCount":-1,"type":"NPC","drops":[{"name":"Bones","id":526,"quantity":1,"price":56},{"name":"Feather","id":314,"quantity":6,"price":3},{"name":"Steel dart","id":808,"quantity":96,"price":3}],"date":"May 25, 2023, 11:52:16 PM"}
{"name":"Wingman Skree","level":143,"killCount":-1,"type":"NPC","drops":[{"name":"Bones","id":526,"quantity":1,"price":56},{"name":"Feather","id":314,"quantity":3,"price":3},{"name":"Crushed nest","id":6694,"quantity":2,"price":5537}],"date":"May 25, 2023, 11:55:01 PM"}
