{"name":"Zakl\u0027n Gritch","level":142,"killCount":-1,"type":"NPC","drops":[{"name":"Malicious ashes","id":25772,"quantity":1,"price":1439},{"name":"Coins","id":995,"quantity":1369,"price":1}],"date":"Aug 4, 2022, 9:13:13 AM"}
{"name":"Zakl\u0027n Gritch","level":142,"killCount":-1,"type":"NPC","drops":[{"name":"Malicious ashes","id":25772,"quantity":1,"price":1439},{"name":"Coins","id":995,"quantity":1371,"price":1}],"date":"Aug 4, 2022, 9:17:39 AM"}
{"name":"Zakl\u0027n Gritch","level":142,"killCount":-1,"type":"NPC","drops":[{"name":"Malicious ashes","id":25772,"quantity":1,"price":1439},{"name":"Coins","id":995,"quantity":1337,"price":1}],"date":"Aug 4, 2022, 9:21:10 AM"}
{"name":"Zakl\u0027n Gritch","level":142,"killCount":-1,"type":"NPC","drops":[{"name":"Malicious ashes","id":25772,"quantity":1,"price":1369},{"name":"Coins","id":995,"quantity":1361,"price":1}],"date":"Aug 5, 2022, 2:09:18 PM"}
{"name":"Zakl\u0027n Gritch","level":142,"killCount":-1,"type":"NPC","drops":[{"name":"Malicious ashes","id":25772,"quantity":1,"price":1369},{"name":"Coins","id":995,"quantity":1318,"price":1}],"date":"Aug 5, 2022, 2:11:58 PM"}
{"name":"Zakl\u0027n Gritch","level":142,"killCount":-1,"type":"NPC","drops":[{"name":"Malicious ashes","id":25772,"quantity":1,"price":1369},{"name":"Steel arrow","id":886,"quantity":97,"price":9}],"date":"Aug 5, 2022, 2:27:43 PM"}
{"name":"Zakl\u0027n Gritch","level":142,"killCount":-1,"type":"NPC","drops":[{"name":"Malicious ashes","id":25772,"quantity":1,"price":1369},{"name":"Blood rune","id":565,"quantity":9,"price":357}],"date":"Aug 5, 2022, 2:30:30 PM"}
{"name":"Zakl\u0027n Gritch","level":142,"killCount":-1,"type":"NPC","drops":[{"name":"Malicious ashes","id":25772,"quantity":1,"price":1370},{"name":"Steel dart","id":808,"quantity":95,"price":3}],"date":"Aug 5, 2022, 2:44:45 PM"}
{"name":"Zakl\u0027n Gritch","level":142,"killCount":-1,"type":"NPC","drops":[{"name":"Malicious ashes","id":25772,"quantity":1,"price":1370},{"name":"Coins","id":995,"quantity":1331,"price":1}],"date":"Aug 5, 2022, 3:01:18 PM"}
{"name":"Zakl\u0027n Gritch","level":142,"killCount":-1,"type":"NPC","drops":[{"name":"Malicious ashes","id":25772,"quantity":1,"price":1370},{"name":"Death rune","id":560,"quantity":9,"price":182}],"date":"Aug 5, 2022, 3:03:25 PM"}
{"name":"Zakl\u0027n Gritch","level":142,"killCount":-1,"type":"NPC","drops":[{"name":"Malicious ashes","id":25772,"quantity":1,"price":1370},{"name":"Coins","id":995,"quantity":1379,"price":1}],"date":"Aug 5, 2022, 3:24:31 PM"}
{"name":"Zakl\u0027n Gritch","level":142,"killCount":-1,"type":"NPC","drops":[{"name":"Malicious ashes","id":25772,"quantity":1,"price":1367},{"name":"Coins","id":995,"quantity":1362,"price":1}],"date":"Aug 5, 2022, 4:05:12 PM"}
{"name":"Zakl\u0027n Gritch","level":142,"killCount":-1,"type":"NPC","drops":[{"name":"Malicious ashes","id":25772,"quantity":1,"price":1367},{"name":"Blood rune","id":565,"quantity":10,"price":362}],"date":"Aug 5, 2022, 4:07:36 PM"}
{"name":"Zakl\u0027n Gritch","level":142,"killCount":-1,"type":"NPC","drops":[{"name":"Malicious ashes","id":25772,"quantity":1,"price":1367},{"name":"Shark","id":385,"quantity":1,"price":890},{"name":"Shark","id":385,"quantity":1,"price":890},{"name":"Shark","id":385,"quantity":1,"price":890}],"date":"Aug 5, 2022, 4:09:49 PM"}
{"name":"Zakl\u0027n Gritch","level":142,"killCount":-1,"type":"NPC","drops":[{"name":"Malicious ashes","id":25772,"quantity":1,"price":1367},{"name":"Steel dart","id":808,"quantity":99,"price":4},{"name":"Malicious ashes","id":25772,"quantity":1,"price":1367},{"name":"Coins","id":995,"quantity":1369,"price":1}],"date":"Aug 5, 2022, 4:12:32 PM"}
{"name":"Zakl\u0027n Gritch","level":142,"killCount":-1,"type":"NPC","drops":[{"name":"Malicious ashes","id":25772,"quantity":1,"price":1367},{"name":"Coins","id":995,"quantity":1339,"price":1}],"date":"Aug 5, 2022, 4:15:56 PM"}
{"name":"Zakl\u0027n Gritch","level":142,"killCount":-1,"type":"NPC","drops":[{"name":"Malicious ashes","id":25772,"quantity":1,"price":1367},{"name":"Coins","id":995,"quantity":1360,"price":1}],"date":"Aug 5, 2022, 4:31:22 PM"}
{"name":"Zakl\u0027n Gritch","level":142,"killCount":-1,"type":"NPC","drops":[{"name":"Malicious ashes","id":25772,"quantity":1,"price":1367},{"name":"Wine of zamorak","id":246,"quantity":9,"price":897}],"date":"Aug 5, 2022, 4:33:46 PM"}
{"name":"Zakl\u0027n Gritch","level":142,"killCount":-1,"type":"NPC","drops":[{"name":"Malicious ashes","id":25772,"quantity":1,"price":1367},{"name":"Blood rune","id":565,"quantity":9,"price":358}],"date":"Aug 5, 2022, 4:35:56 PM"}
{"name":"Zakl\u0027n Gritch","level":142,"killCount":-1,"type":"NPC","drops":[{"name":"Malicious ashes","id":25772,"quantity":1,"price":1367},{"name":"Shark","id":385,"quantity":1,"price":888},{"name":"Shark","id":385,"quantity":1,"price":888},{"name":"Shark","id":385,"quantity":1,"price":888}],"date":"Aug 5, 2022, 4:50:52 PM"}
{"name":"Zakl\u0027n Gritch","level":142,"killCount":-1,"type":"NPC","drops":[{"name":"Malicious ashes","id":25772,"quantity":1,"price":1367},{"name":"Coins","id":995,"quantity":1311,"price":1}],"date":"Aug 5, 2022, 4:56:27 PM"}
{"name":"Zakl\u0027n Gritch","level":142,"killCount":-1,"type":"NPC","drops":[{"name":"Malicious ashes","id":25772,"quantity":1,"price":1367},{"name":"Steel dart","id":808,"quantity":97,"price":5}],"date":"Aug 5, 2022, 4:59:13 PM"}
{"name":"Zakl\u0027n Gritch","level":142,"killCount":-1,"type":"NPC","drops":[{"name":"Malicious ashes","id":25772,"quantity":1,"price":1367},{"name":"Coins","id":995,"quantity":1300,"price":1}],"date":"Aug 5, 2022, 5:11:52 PM"}
{"name":"Zakl\u0027n Gritch","level":142,"killCount":-1,"type":"NPC","drops":[{"name":"Malicious ashes","id":25772,"quantity":1,"price":1367},{"name":"Coins","id":995,"quantity":1357,"price":1}],"date":"Aug 5, 2022, 5:14:35 PM"}
{"name":"Zakl\u0027n Gritch","level":142,"killCount":-1,"type":"NPC","drops":[{"name":"Malicious ashes","id":25772,"quantity":1,"price":1367},{"name":"Coins","id":995,"quantity":1351,"price":1}],"date":"Aug 5, 2022, 5:27:22 PM"}
{"name":"Zakl\u0027n Gritch","level":142,"killCount":-1,"type":"NPC","drops":[{"name":"Malicious ashes","id":25772,"quantity":1,"price":1367},{"name":"Blood rune","id":565,"quantity":5,"price":360}],"date":"Aug 5, 2022, 5:54:08 PM"}
{"name":"Zakl\u0027n Gritch","level":142,"killCount":-1,"type":"NPC","drops":[{"name":"Malicious ashes","id":25772,"quantity":1,"price":1367},{"name":"Tuna potato","id":7060,"quantity":1,"price":1285},{"name":"Tuna potato","id":7060,"quantity":1,"price":1285}],"date":"Aug 5, 2022, 5:57:37 PM"}
{"name":"Zakl\u0027n Gritch","level":142,"killCount":-1,"type":"NPC","drops":[{"name":"Malicious ashes","id":25772,"quantity":1,"price":1365},{"name":"Coins","id":995,"quantity":1341,"price":1}],"date":"Aug 5, 2022, 6:24:55 PM"}
{"name":"Zakl\u0027n Gritch","level":142,"killCount":-1,"type":"NPC","drops":[{"name":"Malicious ashes","id":25772,"quantity":1,"price":1365},{"name":"Coins","id":995,"quantity":1365,"price":1}],"date":"Aug 5, 2022, 6:27:21 PM"}
{"name":"Zakl\u0027n Gritch","level":142,"killCount":-1,"type":"NPC","drops":[{"name":"Malicious ashes","id":25772,"quantity":1,"price":1365},{"name":"Steel arrow","id":886,"quantity":99,"price":9}],"date":"Aug 5, 2022, 6:39:20 PM"}
{"name":"Zakl\u0027n Gritch","level":142,"killCount":-1,"type":"NPC","drops":[{"name":"Malicious ashes","id":25772,"quantity":1,"price":1365},{"name":"Coins","id":995,"quantity":1370,"price":1}],"date":"Aug 5, 2022, 6:41:40 PM"}
{"name":"Zakl\u0027n Gritch","level":142,"killCount":-1,"type":"NPC","drops":[{"name":"Malicious ashes","id":25772,"quantity":1,"price":1365},{"name":"Coins","id":995,"quantity":1386,"price":1}],"date":"Aug 5, 2022, 6:56:56 PM"}
{"name":"Zakl\u0027n Gritch","level":142,"killCount":-1,"type":"NPC","drops":[{"name":"Malicious ashes","id":25772,"quantity":1,"price":1365},{"name":"Blood rune","id":565,"quantity":5,"price":361}],"date":"Aug 5, 2022, 6:58:56 PM"}
{"name":"Zakl\u0027n Gritch","level":142,"killCount":-1,"type":"NPC","drops":[{"name":"Malicious ashes","id":25772,"quantity":1,"price":1365},{"name":"Coins","id":995,"quantity":1352,"price":1}],"date":"Aug 5, 2022, 7:01:47 PM"}
{"name":"Zakl\u0027n Gritch","level":142,"killCount":-1,"type":"NPC","drops":[{"name":"Malicious ashes","id":25772,"quantity":1,"price":1366},{"name":"Death rune","id":560,"quantity":6,"price":182}],"date":"Aug 5, 2022, 7:13:44 PM"}
{"name":"Zakl\u0027n Gritch","level":142,"killCount":-1,"type":"NPC","drops":[{"name":"Malicious ashes","id":25772,"quantity":1,"price":1366},{"name":"Coins","id":995,"quantity":1383,"price":1}],"date":"Aug 5, 2022, 7:16:20 PM"}
{"name":"Zakl\u0027n Gritch","level":142,"killCount":-1,"type":"NPC","drops":[{"name":"Malicious ashes","id":25772,"quantity":1,"price":1366},{"name":"Coins","id":995,"quantity":1369,"price":1}],"date":"Aug 5, 2022, 7:30:45 PM"}
{"name":"Zakl\u0027n Gritch","level":142,"killCount":-1,"type":"NPC","drops":[{"name":"Malicious ashes","id":25772,"quantity":1,"price":1366},{"name":"Coins","id":995,"quantity":1319,"price":1}],"date":"Aug 5, 2022, 7:33:20 PM"}
{"name":"Zakl\u0027n Gritch","level":142,"killCount":-1,"type":"NPC","drops":[{"name":"Malicious ashes","id":25772,"quantity":1,"price":1379},{"name":"Coins","id":995,"quantity":1358,"price":1}],"date":"Aug 5, 2022, 7:35:11 PM"}
{"name":"Zakl\u0027n Gritch","level":142,"killCount":-1,"type":"NPC","drops":[{"name":"Malicious ashes","id":25772,"quantity":1,"price":1379},{"name":"Coins","id":995,"quantity":1340,"price":1}],"date":"Aug 5, 2022, 7:38:09 PM"}
{"name":"Zakl\u0027n Gritch","level":142,"killCount":-1,"type":"NPC","drops":[{"name":"Malicious ashes","id":25772,"quantity":1,"price":1379},{"name":"Coins","id":995,"quantity":1338,"price":1}],"date":"Aug 5, 2022, 7:53:21 PM"}
{"name":"Zakl\u0027n Gritch","level":142,"killCount":-1,"type":"NPC","drops":[{"name":"Malicious ashes","id":25772,"quantity":1,"price":1379},{"name":"Coins","id":995,"quantity":1392,"price":1}],"date":"Aug 5, 2022, 8:05:06 PM"}
{"name":"Zakl\u0027n Gritch","level":142,"killCount":-1,"type":"NPC","drops":[{"name":"Malicious ashes","id":25772,"quantity":1,"price":1379},{"name":"Steel arrow","id":886,"quantity":97,"price":9}],"date":"Aug 5, 2022, 8:18:31 PM"}
{"name":"Zakl\u0027n Gritch","level":142,"killCount":-1,"type":"NPC","drops":[{"name":"Malicious ashes","id":25772,"quantity":1,"price":1379},{"name":"Shark","id":385,"quantity":1,"price":884},{"name":"Shark","id":385,"quantity":1,"price":884},{"name":"Shark","id":385,"quantity":1,"price":884}],"date":"Aug 5, 2022, 8:21:22 PM"}
{"name":"Zakl\u0027n Gritch","level":142,"killCount":-1,"type":"NPC","drops":[{"name":"Malicious ashes","id":25772,"quantity":1,"price":1373},{"name":"Coins","id":995,"quantity":1346,"price":1}],"date":"Aug 5, 2022, 8:42:40 PM"}
{"name":"Zakl\u0027n Gritch","level":142,"killCount":-1,"type":"NPC","drops":[{"name":"Malicious ashes","id":25772,"quantity":1,"price":1368},{"name":"Coins","id":995,"quantity":1341,"price":1}],"date":"Aug 5, 2022, 9:08:38 PM"}
{"name":"Zakl\u0027n Gritch","level":142,"killCount":-1,"type":"NPC","drops":[{"name":"Malicious ashes","id":25772,"quantity":1,"price":1368},{"name":"Coins","id":995,"quantity":1305,"price":1}],"date":"Aug 5, 2022, 9:20:34 PM"}
{"name":"Zakl\u0027n Gritch","level":142,"killCount":-1,"type":"NPC","drops":[{"name":"Malicious ashes","id":25772,"quantity":1,"price":1368},{"name":"Coins","id":995,"quantity":1325,"price":1}],"date":"Aug 5, 2022, 9:47:38 PM"}
{"name":"Zakl\u0027n Gritch","level":142,"killCount":-1,"type":"NPC","drops":[{"name":"Malicious ashes","id":25772,"quantity":1,"price":1368},{"name":"Steel arrow","id":886,"quantity":96,"price":9}],"date":"Aug 5, 2022, 10:00:22 PM"}
{"name":"Zakl\u0027n Gritch","level":142,"killCount":-1,"type":"NPC","drops":[{"name":"Malicious ashes","id":25772,"quantity":1,"price":1368},{"name":"Coins","id":995,"quantity":1338,"price":1}],"date":"Aug 5, 2022, 10:03:08 PM"}
{"name":"Zakl\u0027n Gritch","level":142,"killCount":-1,"type":"NPC","drops":[{"name":"Malicious ashes","id":25772,"quantity":1,"price":1366},{"name":"Steel dart","id":808,"quantity":98,"price":6}],"date":"Aug 5, 2022, 10:23:33 PM"}
{"name":"Zakl\u0027n Gritch","level":142,"killCount":-1,"type":"NPC","drops":[{"name":"Malicious ashes","id":25772,"quantity":1,"price":1366},{"name":"Shark","id":385,"quantity":1,"price":886},{"name":"Shark","id":385,"quantity":1,"price":886},{"name":"Shark","id":385,"quantity":1,"price":886}],"date":"Aug 5, 2022, 10:26:32 PM"}
{"name":"Zakl\u0027n Gritch","level":142,"killCount":-1,"type":"NPC","drops":[{"name":"Malicious ashes","id":25772,"quantity":1,"price":1366},{"name":"Steel arrow","id":886,"quantity":100,"price":9}],"date":"Aug 5, 2022, 10:43:20 PM"}
{"name":"Zakl\u0027n Gritch","level":142,"killCount":-1,"type":"NPC","drops":[{"name":"Malicious ashes","id":25772,"quantity":1,"price":1366},{"name":"Tuna potato","id":7060,"quantity":1,"price":1240},{"name":"Tuna potato","id":7060,"quantity":1,"price":1240}],"date":"Aug 5, 2022, 10:54:04 PM"}
{"name":"Zakl\u0027n Gritch","level":142,"killCount":-1,"type":"NPC","drops":[{"name":"Malicious ashes","id":25772,"quantity":1,"price":1366},{"name":"Coins","id":995,"quantity":1383,"price":1}],"date":"Aug 5, 2022, 10:56:17 PM"}
{"name":"Zakl\u0027n Gritch","level":142,"killCount":-1,"type":"NPC","drops":[{"name":"Malicious ashes","id":25772,"quantity":1,"price":1366},{"name":"Coins","id":995,"quantity":1366,"price":1}],"date":"Aug 5, 2022, 11:07:15 PM"}
{"name":"Zakl\u0027n Gritch","level":142,"killCount":-1,"type":"NPC","drops":[{"name":"Malicious ashes","id":25772,"quantity":1,"price":1366},{"name":"Tuna potato","id":7060,"quantity":1,"price":1240},{"name":"Tuna potato","id":7060,"quantity":1,"price":1240}],"date":"Aug 5, 2022, 11:10:16 PM"}
{"name":"Zakl\u0027n Gritch","level":142,"killCount":-1,"type":"NPC","drops":[{"name":"Malicious ashes","id":25772,"quantity":1,"price":1366},{"name":"Coins","id":995,"quantity":1325,"price":1}],"date":"Aug 5, 2022, 11:12:29 PM"}
{"name":"Zakl\u0027n Gritch","level":142,"killCount":-1,"type":"NPC","drops":[{"name":"Malicious ashes","id":25772,"quantity":1,"price":1366},{"name":"Coins","id":995,"quantity":1352,"price":1}],"date":"Aug 5, 2022, 11:22:30 PM"}
{"name":"Zakl\u0027n Gritch","level":142,"killCount":-1,"type":"NPC","drops":[{"name":"Malicious ashes","id":25772,"quantity":1,"price":1366},{"name":"Steel arrow","id":886,"quantity":96,"price":9}],"date":"Aug 5, 2022, 11:33:03 PM"}
{"name":"Zakl\u0027n Gritch","level":142,"killCount":-1,"type":"NPC","drops":[{"name":"Malicious ashes","id":25772,"quantity":1,"price":1366},{"name":"Coins","id":995,"quantity":1374,"price":1}],"date":"Aug 5, 2022, 11:34:44 PM"}
{"name":"Zakl\u0027n Gritch","level":142,"killCount":-1,"type":"NPC","drops":[{"name":"Malicious ashes","id":25772,"quantity":1,"price":1366},{"name":"Wine of zamorak","id":246,"quantity":9,"price":842}],"date":"Aug 5, 2022, 11:37:34 PM"}
{"name":"Zakl\u0027n Gritch","level":142,"killCount":-1,"type":"NPC","drops":[{"name":"Malicious ashes","id":25772,"quantity":1,"price":1366},{"name":"Steel dart","id":808,"quantity":96,"price":3}],"date":"Aug 5, 2022, 11:39:38 PM"}
{"name":"Zakl\u0027n Gritch","level":142,"killCount":-1,"type":"NPC","drops":[{"name":"Malicious ashes","id":25772,"quantity":1,"price":1366},{"name":"Coins","id":995,"quantity":1324,"price":1}],"date":"Aug 5, 2022, 11:51:00 PM"}
{"name":"Zakl\u0027n Gritch","level":142,"killCount":-1,"type":"NPC","drops":[{"name":"Malicious ashes","id":25772,"quantity":1,"price":1366},{"name":"Blood rune","id":565,"quantity":10,"price":363}],"date":"Aug 6, 2022, 12:01:51 AM"}
{"name":"Zakl\u0027n Gritch","level":142,"killCount":-1,"type":"NPC","drops":[{"name":"Malicious ashes","id":25772,"quantity":1,"price":1366},{"name":"Coins","id":995,"quantity":1324,"price":1}],"date":"Aug 6, 2022, 12:04:35 AM"}
{"name":"Zakl\u0027n Gritch","level":142,"killCount":-1,"type":"NPC","drops":[{"name":"Malicious ashes","id":25772,"quantity":1,"price":1366},{"name":"Coins","id":995,"quantity":1386,"price":1}],"date":"Aug 6, 2022, 12:07:05 AM"}
{"name":"Zakl\u0027n Gritch","level":142,"killCount":-1,"type":"NPC","drops":[{"name":"Malicious ashes","id":25772,"quantity":1,"price":1366},{"name":"Blood rune","id":565,"quantity":8,"price":365}],"date":"Aug 6, 2022, 12:19:07 AM"}
{"name":"Zakl\u0027n Gritch","level":142,"killCount":-1,"type":"NPC","drops":[{"name":"Malicious ashes","id":25772,"quantity":1,"price":1365},{"name":"Coins","id":995,"quantity":1400,"price":1}],"date":"Aug 6, 2022, 12:38:03 AM"}
{"name":"Zakl\u0027n Gritch","level":142,"killCount":-1,"type":"NPC","drops":[{"name":"Malicious ashes","id":25772,"quantity":1,"price":1481},{"name":"Coins","id":995,"quantity":1399,"price":1}],"date":"Aug 7, 2022, 4:20:51 PM"}
{"name":"Zakl\u0027n Gritch","level":142,"killCount":-1,"type":"NPC","drops":[{"name":"Malicious ashes","id":25772,"quantity":1,"price":1481},{"name":"Coins","id":995,"quantity":1398,"price":1}],"date":"Aug 7, 2022, 4:23:51 PM"}
{"name":"Zakl\u0027n Gritch","level":142,"killCount":-1,"type":"NPC","drops":[{"name":"Malicious ashes","id":25772,"quantity":1,"price":1481},{"name":"Coins","id":995,"quantity":1317,"price":1}],"date":"Aug 7, 2022, 4:26:29 PM"}
{"name":"Zakl\u0027n Gritch","level":142,"killCount":-1,"type":"NPC","drops":[{"name":"Malicious ashes","id":25772,"quantity":1,"price":1439},{"name":"Wine of zamorak","id":246,"quantity":8,"price":860}],"date":"Aug 7, 2022, 4:46:39 PM"}
{"name":"Zakl\u0027n Gritch","level":142,"killCount":-1,"type":"NPC","drops":[{"name":"Malicious ashes","id":25772,"quantity":1,"price":1439},{"name":"Wine of zamorak","id":246,"quantity":8,"price":860}],"date":"Aug 7, 2022, 4:49:01 PM"}
{"name":"Zakl\u0027n Gritch","level":142,"killCount":-1,"type":"NPC","drops":[{"name":"Malicious ashes","id":25772,"quantity":1,"price":1439},{"name":"Steel dart","id":808,"quantity":98,"price":5}],"date":"Aug 7, 2022, 4:51:35 PM"}
{"name":"Zakl\u0027n Gritch","level":142,"killCount":-1,"type":"NPC","drops":[{"name":"Malicious ashes","id":25772,"quantity":1,"price":1439},{"name":"Coins","id":995,"quantity":1395,"price":1}],"date":"Aug 7, 2022, 5:05:09 PM"}
{"name":"Zakl\u0027n Gritch","level":142,"killCount":-1,"type":"NPC","drops":[{"name":"Malicious ashes","id":25772,"quantity":1,"price":1439},{"name":"Coins","id":995,"quantity":1355,"price":1}],"date":"Aug 7, 2022, 5:07:40 PM"}
{"name":"Zakl\u0027n Gritch","level":142,"killCount":-1,"type":"NPC","drops":[{"name":"Malicious ashes","id":25772,"quantity":1,"price":1439},{"name":"Coins","id":995,"quantity":1328,"price":1}],"date":"Aug 7, 2022, 5:09:48 PM"}
{"name":"Zakl\u0027n Gritch","level":142,"killCount":-1,"type":"NPC","drops":[{"name":"Malicious ashes","id":25772,"quantity":1,"price":1439},{"name":"Coins","id":995,"quantity":1381,"price":1}],"date":"Aug 7, 2022, 5:20:54 PM"}
{"name":"Zakl\u0027n Gritch","level":142,"killCount":-1,"type":"NPC","drops":[{"name":"Malicious ashes","id":25772,"quantity":1,"price":1439},{"name":"Death rune","id":560,"quantity":5,"price":181}],"date":"Aug 7, 2022, 5:23:03 PM"}
{"name":"Zakl\u0027n Gritch","level":142,"killCount":-1,"type":"NPC","drops":[{"name":"Malicious ashes","id":25772,"quantity":1,"price":1439},{"name":"Death rune","id":560,"quantity":7,"price":181}],"date":"Aug 7, 2022, 5:25:21 PM"}
{"name":"Zakl\u0027n Gritch","level":142,"killCount":-1,"type":"NPC","drops":[{"name":"Malicious ashes","id":25772,"quantity":1,"price":1439},{"name":"Super attack(3)","id":145,"quantity":1,"price":134}],"date":"Aug 7, 2022, 5:37:13 PM"}
{"name":"Zakl\u0027n Gritch","level":142,"killCount":-1,"type":"NPC","drops":[{"name":"Malicious ashes","id":25772,"quantity":1,"price":1439},{"name":"Super attack(3)","id":145,"quantity":1,"price":134}],"date":"Aug 7, 2022, 5:39:52 PM"}
{"name":"Zakl\u0027n Gritch","level":142,"killCount":-1,"type":"NPC","drops":[{"name":"Malicious ashes","id":25772,"quantity":1,"price":1439},{"name":"Coins","id":995,"quantity":1395,"price":1}],"date":"Aug 7, 2022, 5:59:33 PM"}
{"name":"Zakl\u0027n Gritch","level":142,"killCount":-1,"type":"NPC","drops":[{"name":"Malicious ashes","id":25772,"quantity":1,"price":1460},{"name":"Coins","id":995,"quantity":1307,"price":1}],"date":"Aug 7, 2022, 6:20:07 PM"}
{"name":"Zakl\u0027n Gritch","level":142,"killCount":-1,"type":"NPC","drops":[{"name":"Malicious ashes","id":25772,"quantity":1,"price":1460},{"name":"Coins","id":995,"quantity":1394,"price":1}],"date":"Aug 7, 2022, 6:22:43 PM"}
{"name":"Zakl\u0027n Gritch","level":142,"killCount":-1,"type":"NPC","drops":[{"name":"Malicious ashes","id":25772,"quantity":1,"price":1460},{"name":"Coins","id":995,"quantity":1373,"price":1}],"date":"Aug 7, 2022, 6:25:15 PM"}
{"name":"Zakl\u0027n Gritch","level":142,"killCount":-1,"type":"NPC","drops":[{"name":"Malicious ashes","id":25772,"quantity":1,"price":1439},{"name":"Coins","id":995,"quantity":1329,"price":1}],"date":"Aug 7, 2022, 6:36:41 PM"}
{"name":"Zakl\u0027n Gritch","level":142,"killCount":-1,"type":"NPC","drops":[{"name":"Malicious ashes","id":25772,"quantity":1,"price":1439},{"name":"Tuna potato","id":7060,"quantity":1,"price":1363},{"name":"Tuna potato","id":7060,"quantity":1,"price":1363}],"date":"Aug 7, 2022, 6:39:19 PM"}
{"name":"Zakl\u0027n Gritch","level":142,"killCount":-1,"type":"NPC","drops":[{"name":"Malicious ashes","id":25772,"quantity":1,"price":1439},{"name":"Coins","id":995,"quantity":1389,"price":1}],"date":"Aug 7, 2022, 6:41:50 PM"}
{"name":"Zakl\u0027n Gritch","level":142,"killCount":-1,"type":"NPC","drops":[{"name":"Malicious ashes","id":25772,"quantity":1,"price":1439},{"name":"Wine of zamorak","id":246,"quantity":5,"price":854}],"date":"Aug 7, 2022, 6:56:47 PM"}
{"name":"Zakl\u0027n Gritch","level":142,"killCount":-1,"type":"NPC","drops":[{"name":"Malicious ashes","id":25772,"quantity":1,"price":1439},{"name":"Coins","id":995,"quantity":1337,"price":1}],"date":"Aug 7, 2022, 6:59:19 PM"}
{"name":"Zakl\u0027n Gritch","level":142,"killCount":-1,"type":"NPC","drops":[{"name":"Malicious ashes","id":25772,"quantity":1,"price":1439},{"name":"Steel arrow","id":886,"quantity":96,"price":9}],"date":"Aug 7, 2022, 8:00:44 PM"}
{"name":"Zakl\u0027n Gritch","level":142,"killCount":-1,"type":"NPC","drops":[{"name":"Malicious ashes","id":25772,"quantity":1,"price":1439},{"name":"Coins","id":995,"quantity":1329,"price":1}],"date":"Aug 7, 2022, 8:03:06 PM"}
{"name":"Zakl\u0027n Gritch","level":142,"killCount":-1,"type":"NPC","drops":[{"name":"Malicious ashes","id":25772,"quantity":1,"price":1439},{"name":"Coins","id":995,"quantity":1338,"price":1}],"date":"Aug 7, 2022, 8:05:28 PM"}
{"name":"Zakl\u0027n Gritch","level":142,"killCount":-1,"type":"NPC","drops":[{"name":"Malicious ashes","id":25772,"quantity":1,"price":1439},{"name":"Coins","id":995,"quantity":1387,"price":1}],"date":"Aug 7, 2022, 8:07:45 PM"}
{"name":"Zakl\u0027n Gritch","level":142,"killCount":-1,"type":"NPC","drops":[{"name":"Malicious ashes","id":25772,"quantity":1,"price":1439},{"name":"Steel dart","id":808,"quantity":96,"price":3}],"date":"Aug 7, 2022, 8:21:06 PM"}
{"name":"Zakl\u0027n Gritch","level":142,"killCount":-1,"type":"NPC","drops":[{"name":"Malicious ashes","id":25772,"quantity":1,"price":1439},{"name":"Coins","id":995,"quantity":1309,"price":1}],"date":"Aug 7, 2022, 8:32:06 PM"}
{"name":"Zakl\u0027n Gritch","level":142,"killCount":-1,"type":"NPC","drops":[{"name":"Malicious ashes","id":25772,"quantity":1,"price":1439},{"name":"Blood rune","id":565,"quantity":9,"price":363}],"date":"Aug 7, 2022, 8:34:08 PM"}
{"name":"Zakl\u0027n Gritch","level":142,"killCount":-1,"type":"NPC","drops":[{"name":"Malicious ashes","id":25772,"quantity":1,"price":1439},{"name":"Shark","id":385,"quantity":1,"price":886},{"name":"Shark","id":385,"quantity":1,"price":886},{"name":"Shark","id":385,"quantity":1,"price":886}],"date":"Aug 7, 2022, 8:37:38 PM"}
{"name":"Zakl\u0027n Gritch","level":142,"killCount":-1,"type":"NPC","drops":[{"name":"Malicious ashes","id":25772,"quantity":1,"price":1439},{"name":"Coins","id":995,"quantity":1323,"price":1}],"date":"Aug 7, 2022, 8:40:36 PM"}
{"name":"Zakl\u0027n Gritch","level":142,"killCount":-1,"type":"NPC","drops":[{"name":"Malicious ashes","id":25772,"quantity":1,"price":1439},{"name":"Coins","id":995,"quantity":1315,"price":1}],"date":"Aug 7, 2022, 8:51:46 PM"}
{"name":"Zakl\u0027n Gritch","level":142,"killCount":-1,"type":"NPC","drops":[{"name":"Malicious ashes","id":25772,"quantity":1,"price":1439},{"name":"Coins","id":995,"quantity":1389,"price":1}],"date":"Aug 7, 2022, 9:02:53 PM"}
{"name":"Zakl\u0027n Gritch","level":142,"killCount":-1,"type":"NPC","drops":[{"name":"Malicious ashes","id":25772,"quantity":1,"price":1439},{"name":"Blood rune","id":565,"quantity":7,"price":364}],"date":"Aug 7, 2022, 9:05:37 PM"}
{"name":"Zakl\u0027n Gritch","level":142,"killCount":-1,"type":"NPC","drops":[{"name":"Malicious ashes","id":25772,"quantity":1,"price":1439},{"name":"Steel arrow","id":886,"quantity":98,"price":10}],"date":"Aug 7, 2022, 9:08:04 PM"}
{"name":"Zakl\u0027n Gritch","level":142,"killCount":-1,"type":"NPC","drops":[{"name":"Malicious ashes","id":25772,"quantity":1,"price":1439},{"name":"Tuna potato","id":7060,"quantity":1,"price":1373},{"name":"Tuna potato","id":7060,"quantity":1,"price":1373}],"date":"Aug 7, 2022, 9:10:31 PM"}
{"name":"Zakl\u0027n Gritch","level":142,"killCount":-1,"type":"NPC","drops":[{"name":"Malicious ashes","id":25772,"quantity":1,"price":1439},{"name":"Coins","id":995,"quantity":1329,"price":1}],"date":"Aug 7, 2022, 9:24:08 PM"}
{"name":"Zakl\u0027n Gritch","level":142,"killCount":-1,"type":"NPC","drops":[{"name":"Malicious ashes","id":25772,"quantity":1,"price":1439},{"name":"Coins","id":995,"quantity":1337,"price":1}],"date":"Aug 7, 2022, 9:35:08 PM"}
{"name":"Zakl\u0027n Gritch","level":142,"killCount":-1,"type":"NPC","drops":[{"name":"Malicious ashes","id":25772,"quantity":1,"price":1439},{"name":"Coins","id":995,"quantity":1397,"price":1}],"date":"Aug 7, 2022, 9:38:17 PM"}
{"name":"Zakl\u0027n Gritch","level":142,"killCount":-1,"type":"NPC","drops":[{"name":"Malicious ashes","id":25772,"quantity":1,"price":1439},{"name":"Coins","id":995,"quantity":1395,"price":1}],"date":"Aug 7, 2022, 9:40:51 PM"}
{"name":"Zakl\u0027n Gritch","level":142,"killCount":-1,"type":"NPC","drops":[{"name":"Malicious ashes","id":25772,"quantity":1,"price":1439},{"name":"Wine of zamorak","id":246,"quantity":5,"price":866}],"date":"Aug 7, 2022, 9:43:17 PM"}
{"name":"Zakl\u0027n Gritch","level":142,"killCount":-1,"type":"NPC","drops":[{"name":"Malicious ashes","id":25772,"quantity":1,"price":1439},{"name":"Coins","id":995,"quantity":1397,"price":1}],"date":"Aug 7, 2022, 10:16:35 PM"}
{"name":"Zakl\u0027n Gritch","level":142,"killCount":-1,"type":"NPC","drops":[{"name":"Malicious ashes","id":25772,"quantity":1,"price":1439},{"name":"Coins","id":995,"quantity":1310,"price":1}],"date":"Aug 7, 2022, 10:20:59 PM"}
{"name":"Zakl\u0027n Gritch","level":142,"killCount":-1,"type":"NPC","drops":[{"name":"Malicious ashes","id":25772,"quantity":1,"price":1439},{"name":"Super strength(3)","id":157,"quantity":1,"price":1309}],"date":"Aug 7, 2022, 10:23:39 PM"}
{"name":"Zakl\u0027n Gritch","level":142,"killCount":-1,"type":"NPC","drops":[{"name":"Malicious ashes","id":25772,"quantity":1,"price":1439},{"name":"Coins","id":995,"quantity":1344,"price":1}],"date":"Aug 7, 2022, 10:26:29 PM"}
{"name":"Zakl\u0027n Gritch","level":142,"killCount":-1,"type":"NPC","drops":[{"name":"Malicious ashes","id":25772,"quantity":1,"price":1439},{"name":"Coins","id":995,"quantity":1320,"price":1}],"date":"Aug 7, 2022, 10:38:41 PM"}
{"name":"Zakl\u0027n Gritch","level":142,"killCount":-1,"type":"NPC","drops":[{"name":"Malicious ashes","id":25772,"quantity":1,"price":1439},{"name":"Steel arrow","id":886,"quantity":97,"price":9}],"date":"Aug 7, 2022, 10:40:53 PM"}
{"name":"Zakl\u0027n Gritch","level":142,"killCount":-1,"type":"NPC","drops":[{"name":"Malicious ashes","id":25772,"quantity":1,"price":1439},{"name":"Steel arrow","id":886,"quantity":97,"price":9}],"date":"Aug 7, 2022, 10:43:52 PM"}
{"name":"Zakl\u0027n Gritch","level":142,"killCount":-1,"type":"NPC","drops":[{"name":"Malicious ashes","id":25772,"quantity":1,"price":1439},{"name":"Coins","id":995,"quantity":1375,"price":1}],"date":"Aug 7, 2022, 10:46:15 PM"}
{"name":"Zakl\u0027n Gritch","level":142,"killCount":-1,"type":"NPC","drops":[{"name":"Malicious ashes","id":25772,"quantity":1,"price":1439},{"name":"Coins","id":995,"quantity":1368,"price":1}],"date":"Aug 7, 2022, 10:48:51 PM"}
{"name":"Zakl\u0027n Gritch","level":142,"killCount":-1,"type":"NPC","drops":[{"name":"Malicious ashes","id":25772,"quantity":1,"price":1439},{"name":"Coins","id":995,"quantity":1333,"price":1}],"date":"Aug 7, 2022, 11:01:00 PM"}
{"name":"Zakl\u0027n Gritch","level":142,"killCount":-1,"type":"NPC","drops":[{"name":"Malicious ashes","id":25772,"quantity":1,"price":1439},{"name":"Coins","id":995,"quantity":1350,"price":1}],"date":"Aug 7, 2022, 11:11:30 PM"}
{"name":"Zakl\u0027n Gritch","level":142,"killCount":-1,"type":"NPC","drops":[{"name":"Malicious ashes","id":25772,"quantity":1,"price":1439},{"name":"Coins","id":995,"quantity":1314,"price":1}],"date":"Aug 7, 2022, 11:14:42 PM"}
{"name":"Zakl\u0027n Gritch","level":142,"killCount":-1,"type":"NPC","drops":[{"name":"Malicious ashes","id":25772,"quantity":1,"price":1439},{"name":"Coins","id":995,"quantity":1322,"price":1}],"date":"Aug 7, 2022, 11:17:27 PM"}
{"name":"Zakl\u0027n Gritch","level":142,"killCount":-1,"type":"NPC","drops":[{"name":"Malicious ashes","id":25772,"quantity":1,"price":1439},{"name":"Tuna potato","id":7060,"quantity":1,"price":1424},{"name":"Tuna potato","id":7060,"quantity":1,"price":1424}],"date":"Aug 7, 2022, 11:28:40 PM"}
{"name":"Zakl\u0027n Gritch","level":142,"killCount":-1,"type":"NPC","drops":[{"name":"Malicious ashes","id":25772,"quantity":1,"price":1439},{"name":"Super strength(3)","id":157,"quantity":1,"price":1427}],"date":"Aug 7, 2022, 11:33:26 PM"}
{"name":"Zakl\u0027n Gritch","level":142,"killCount":-1,"type":"NPC","drops":[{"name":"Malicious ashes","id":25772,"quantity":1,"price":1439},{"name":"Coins","id":995,"quantity":1322,"price":1}],"date":"Aug 7, 2022, 11:35:58 PM"}
{"name":"Zakl\u0027n Gritch","level":142,"killCount":-1,"type":"NPC","drops":[{"name":"Malicious ashes","id":25772,"quantity":1,"price":1439},{"name":"Coins","id":995,"quantity":1368,"price":1}],"date":"Aug 7, 2022, 11:48:54 PM"}
{"name":"Zakl\u0027n Gritch","level":142,"killCount":-1,"type":"NPC","drops":[{"name":"Malicious ashes","id":25772,"quantity":1,"price":1439},{"name":"Coins","id":995,"quantity":1387,"price":1}],"date":"Aug 7, 2022, 11:52:21 PM"}
{"name":"Zakl\u0027n Gritch","level":142,"killCount":-1,"type":"NPC","drops":[{"name":"Malicious ashes","id":25772,"quantity":1,"price":1439},{"name":"Tuna potato","id":7060,"quantity":1,"price":1374},{"name":"Tuna potato","id":7060,"quantity":1,"price":1374}],"date":"Aug 7, 2022, 11:54:58 PM"}
{"name":"Zakl\u0027n Gritch","level":142,"killCount":-1,"type":"NPC","drops":[{"name":"Malicious ashes","id":25772,"quantity":1,"price":1439},{"name":"Coins","id":995,"quantity":1337,"price":1}],"date":"Aug 8, 2022, 12:08:36 AM"}
{"name":"Zakl\u0027n Gritch","level":142,"killCount":-1,"type":"NPC","drops":[{"name":"Malicious ashes","id":25772,"quantity":1,"price":1363},{"name":"Coins","id":995,"quantity":1359,"price":1}],"date":"Aug 8, 2022, 8:41:54 PM"}
{"name":"Zakl\u0027n Gritch","level":142,"killCount":-1,"type":"NPC","drops":[{"name":"Malicious ashes","id":25772,"quantity":1,"price":1363},{"name":"Coins","id":995,"quantity":1308,"price":1}],"date":"Aug 8, 2022, 8:54:41 PM"}
{"name":"Zakl\u0027n Gritch","level":142,"killCount":-1,"type":"NPC","drops":[{"name":"Malicious ashes","id":25772,"quantity":1,"price":1363},{"name":"Coins","id":995,"quantity":1398,"price":1}],"date":"Aug 8, 2022, 9:05:17 PM"}
{"name":"Zakl\u0027n Gritch","level":142,"killCount":-1,"type":"NPC","drops":[{"name":"Malicious ashes","id":25772,"quantity":1,"price":1363},{"name":"Coins","id":995,"quantity":1340,"price":1}],"date":"Aug 8, 2022, 9:07:55 PM"}
{"name":"Zakl\u0027n Gritch","level":142,"killCount":-1,"type":"NPC","drops":[{"name":"Malicious ashes","id":25772,"quantity":1,"price":1363},{"name":"Steel dart","id":808,"quantity":99,"price":3}],"date":"Aug 8, 2022, 9:47:35 PM"}
{"name":"Zakl\u0027n Gritch","level":142,"killCount":-1,"type":"NPC","drops":[{"name":"Malicious ashes","id":25772,"quantity":1,"price":1363},{"name":"Coins","id":995,"quantity":1362,"price":1}],"date":"Aug 8, 2022, 9:50:08 PM"}
{"name":"Zakl\u0027n Gritch","level":142,"killCount":-1,"type":"NPC","drops":[{"name":"Malicious ashes","id":25772,"quantity":1,"price":1363},{"name":"Coins","id":995,"quantity":1379,"price":1}],"date":"Aug 8, 2022, 10:01:00 PM"}
{"name":"Zakl\u0027n Gritch","level":142,"killCount":-1,"type":"NPC","drops":[{"name":"Malicious ashes","id":25772,"quantity":1,"price":1363},{"name":"Coins","id":995,"quantity":1344,"price":1}],"date":"Aug 8, 2022, 10:03:47 PM"}
{"name":"Zakl\u0027n Gritch","level":142,"killCount":-1,"type":"NPC","drops":[{"name":"Malicious ashes","id":25772,"quantity":1,"price":1363},{"name":"Super strength(3)","id":157,"quantity":1,"price":1347}],"date":"Aug 8, 2022, 10:15:19 PM"}
{"name":"Zakl\u0027n Gritch","level":142,"killCount":-1,"type":"NPC","drops":[{"name":"Malicious ashes","id":25772,"quantity":1,"price":1363},{"name":"Coins","id":995,"quantity":1339,"price":1}],"date":"Aug 8, 2022, 10:20:40 PM"}
{"name":"Zakl\u0027n Gritch","level":142,"killCount":-1,"type":"NPC","drops":[{"name":"Malicious ashes","id":25772,"quantity":1,"price":1363},{"name":"Steel arrow","id":886,"quantity":97,"price":9}],"date":"Aug 8, 2022, 10:35:13 PM"}
{"name":"Zakl\u0027n Gritch","level":142,"killCount":-1,"type":"NPC","drops":[{"name":"Malicious ashes","id":25772,"quantity":1,"price":1363},{"name":"Blood rune","id":565,"quantity":8,"price":367}],"date":"Aug 8, 2022, 10:37:40 PM"}
{"name":"Zakl\u0027n Gritch","level":142,"killCount":-1,"type":"NPC","drops":[{"name":"Malicious ashes","id":25772,"quantity":1,"price":1363},{"name":"Shark","id":385,"quantity":1,"price":885},{"name":"Shark","id":385,"quantity":1,"price":885},{"name":"Shark","id":385,"quantity":1,"price":885}],"date":"Aug 8, 2022, 10:40:10 PM"}
{"name":"Zakl\u0027n Gritch","level":142,"killCount":-1,"type":"NPC","drops":[{"name":"Malicious ashes","id":25772,"quantity":1,"price":1363},{"name":"Tuna potato","id":7060,"quantity":1,"price":1328},{"name":"Tuna potato","id":7060,"quantity":1,"price":1328}],"date":"Aug 8, 2022, 10:42:40 PM"}
{"name":"Zakl\u0027n Gritch","level":142,"killCount":-1,"type":"NPC","drops":[{"name":"Malicious ashes","id":25772,"quantity":1,"price":1363},{"name":"Blood rune","id":565,"quantity":6,"price":367}],"date":"Aug 8, 2022, 10:45:34 PM"}
{"name":"Zakl\u0027n Gritch","level":142,"killCount":-1,"type":"NPC","drops":[{"name":"Malicious ashes","id":25772,"quantity":1,"price":1363},{"name":"Shark","id":385,"quantity":1,"price":885},{"name":"Shark","id":385,"quantity":1,"price":885},{"name":"Shark","id":385,"quantity":1,"price":885}],"date":"Aug 8, 2022, 10:57:53 PM"}
{"name":"Zakl\u0027n Gritch","level":142,"killCount":-1,"type":"NPC","drops":[{"name":"Malicious ashes","id":25772,"quantity":1,"price":1363},{"name":"Clue scroll (hard)","id":7241,"quantity":1,"price":0},{"name":"Death rune","id":560,"quantity":7,"price":181}],"date":"Aug 8, 2022, 11:00:09 PM"}
{"name":"Zakl\u0027n Gritch","level":142,"killCount":-1,"type":"NPC","drops":[{"name":"Malicious ashes","id":25772,"quantity":1,"price":1363},{"name":"Blood rune","id":565,"quantity":6,"price":365}],"date":"Aug 8, 2022, 11:02:48 PM"}
{"name":"Zakl\u0027n Gritch","level":142,"killCount":-1,"type":"NPC","drops":[{"name":"Malicious ashes","id":25772,"quantity":1,"price":1363},{"name":"Coins","id":995,"quantity":1360,"price":1}],"date":"Aug 8, 2022, 11:05:08 PM"}
{"name":"Zakl\u0027n Gritch","level":142,"killCount":-1,"type":"NPC","drops":[{"name":"Malicious ashes","id":25772,"quantity":1,"price":1363},{"name":"Coins","id":995,"quantity":1385,"price":1}],"date":"Aug 8, 2022, 11:17:07 PM"}
{"name":"Zakl\u0027n Gritch","level":142,"killCount":-1,"type":"NPC","drops":[{"name":"Malicious ashes","id":25772,"quantity":1,"price":1363},{"name":"Coins","id":995,"quantity":1302,"price":1}],"date":"Aug 8, 2022, 11:28:56 PM"}
{"name":"Zakl\u0027n Gritch","level":142,"killCount":-1,"type":"NPC","drops":[{"name":"Malicious ashes","id":25772,"quantity":1,"price":1363},{"name":"Shark","id":385,"quantity":1,"price":885},{"name":"Shark","id":385,"quantity":1,"price":885},{"name":"Shark","id":385,"quantity":1,"price":885}],"date":"Aug 8, 2022, 11:47:50 PM"}
{"name":"Zakl\u0027n Gritch","level":142,"killCount":-1,"type":"NPC","drops":[{"name":"Malicious ashes","id":25772,"quantity":1,"price":1363},{"name":"Coins","id":995,"quantity":1361,"price":1}],"date":"Aug 8, 2022, 11:50:33 PM"}
{"name":"Zakl\u0027n Gritch","level":142,"killCount":-1,"type":"NPC","drops":[{"name":"Malicious ashes","id":25772,"quantity":1,"price":1363},{"name":"Coins","id":995,"quantity":1367,"price":1}],"date":"Aug 9, 2022, 12:03:18 AM"}
{"name":"Zakl\u0027n Gritch","level":142,"killCount":-1,"type":"NPC","drops":[{"name":"Malicious ashes","id":25772,"quantity":1,"price":1363},{"name":"Coins","id":995,"quantity":1354,"price":1}],"date":"Aug 9, 2022, 12:05:26 AM"}
{"name":"Zakl\u0027n Gritch","level":142,"killCount":-1,"type":"NPC","drops":[{"name":"Malicious ashes","id":25772,"quantity":1,"price":1363},{"name":"Coins","id":995,"quantity":1368,"price":1}],"date":"Aug 9, 2022, 10:18:06 AM"}
{"name":"Zakl\u0027n Gritch","level":142,"killCount":-1,"type":"NPC","drops":[{"name":"Malicious ashes","id":25772,"quantity":1,"price":1363},{"name":"Blood rune","id":565,"quantity":5,"price":361}],"date":"Aug 9, 2022, 10:20:41 AM"}
{"name":"Zakl\u0027n Gritch","level":142,"killCount":-1,"type":"NPC","drops":[{"name":"Malicious ashes","id":25772,"quantity":1,"price":1363},{"name":"Blood rune","id":565,"quantity":8,"price":365}],"date":"Aug 9, 2022, 10:31:16 AM"}
{"name":"Zakl\u0027n Gritch","level":142,"killCount":-1,"type":"NPC","drops":[{"name":"Malicious ashes","id":25772,"quantity":1,"price":1363},{"name":"Steel arrow","id":886,"quantity":97,"price":9}],"date":"Aug 9, 2022, 10:34:41 AM"}
{"name":"Zakl\u0027n Gritch","level":142,"killCount":-1,"type":"NPC","drops":[{"name":"Malicious ashes","id":25772,"quantity":1,"price":1363},{"name":"Tuna potato","id":7060,"quantity":1,"price":1393},{"name":"Tuna potato","id":7060,"quantity":1,"price":1393}],"date":"Aug 9, 2022, 10:45:37 AM"}
{"name":"Zakl\u0027n Gritch","level":142,"killCount":-1,"type":"NPC","drops":[{"name":"Malicious ashes","id":25772,"quantity":1,"price":1363},{"name":"Coins","id":995,"quantity":1392,"price":1}],"date":"Aug 9, 2022, 10:48:15 AM"}
{"name":"Zakl\u0027n Gritch","level":142,"killCount":-1,"type":"NPC","drops":[{"name":"Malicious ashes","id":25772,"quantity":1,"price":1363},{"name":"Shark","id":385,"quantity":1,"price":873},{"name":"Shark","id":385,"quantity":1,"price":873},{"name":"Shark","id":385,"quantity":1,"price":873}],"date":"Aug 9, 2022, 11:13:44 AM"}
{"name":"Zakl\u0027n Gritch","level":142,"killCount":-1,"type":"NPC","drops":[{"name":"Malicious ashes","id":25772,"quantity":1,"price":1363},{"name":"Steel dart","id":808,"quantity":99,"price":3}],"date":"Aug 9, 2022, 11:17:14 AM"}
{"name":"Zakl\u0027n Gritch","level":142,"killCount":-1,"type":"NPC","drops":[{"name":"Malicious ashes","id":25772,"quantity":1,"price":1363},{"name":"Blood rune","id":565,"quantity":10,"price":362}],"date":"Aug 9, 2022, 11:31:06 AM"}
{"name":"Zakl\u0027n Gritch","level":142,"killCount":-1,"type":"NPC","drops":[{"name":"Malicious ashes","id":25772,"quantity":1,"price":1363},{"name":"Coins","id":995,"quantity":1331,"price":1}],"date":"Aug 9, 2022, 11:46:52 AM"}
{"name":"Zakl\u0027n Gritch","level":142,"killCount":-1,"type":"NPC","drops":[{"name":"Malicious ashes","id":25772,"quantity":1,"price":1363},{"name":"Coins","id":995,"quantity":1318,"price":1}],"date":"Aug 9, 2022, 11:59:02 AM"}
{"name":"Zakl\u0027n Gritch","level":142,"killCount":-1,"type":"NPC","drops":[{"name":"Malicious ashes","id":25772,"quantity":1,"price":1363},{"name":"Blood rune","id":565,"quantity":7,"price":361}],"date":"Aug 9, 2022, 12:01:43 PM"}
{"name":"Zakl\u0027n Gritch","level":142,"killCount":-1,"type":"NPC","drops":[{"name":"Malicious ashes","id":25772,"quantity":1,"price":1363},{"name":"Coins","id":995,"quantity":1319,"price":1}],"date":"Aug 9, 2022, 12:04:01 PM"}
{"name":"Zakl\u0027n Gritch","level":142,"killCount":-1,"type":"NPC","drops":[{"name":"Malicious ashes","id":25772,"quantity":1,"price":1363},{"name":"Coins","id":995,"quantity":1352,"price":1}],"date":"Aug 9, 2022, 12:27:05 PM"}
{"name":"Zakl\u0027n Gritch","level":142,"killCount":-1,"type":"NPC","drops":[{"name":"Malicious ashes","id":25772,"quantity":1,"price":1363},{"name":"Coins","id":995,"quantity":1370,"price":1}],"date":"Aug 9, 2022, 12:57:31 PM"}
{"name":"Zakl\u0027n Gritch","level":142,"killCount":-1,"type":"NPC","drops":[{"name":"Malicious ashes","id":25772,"quantity":1,"price":1363},{"name":"Death rune","id":560,"quantity":9,"price":180}],"date":"Aug 9, 2022, 1:00:11 PM"}
{"name":"Zakl\u0027n Gritch","level":142,"killCount":-1,"type":"NPC","drops":[{"name":"Malicious ashes","id":25772,"quantity":1,"price":1363},{"name":"Super attack(3)","id":145,"quantity":1,"price":160}],"date":"Aug 9, 2022, 1:03:16 PM"}
{"name":"Zakl\u0027n Gritch","level":142,"killCount":-1,"type":"NPC","drops":[{"name":"Malicious ashes","id":25772,"quantity":1,"price":1363},{"name":"Death rune","id":560,"quantity":5,"price":181}],"date":"Aug 9, 2022, 5:31:55 PM"}
{"name":"Zakl\u0027n Gritch","level":142,"killCount":-1,"type":"NPC","drops":[{"name":"Malicious ashes","id":25772,"quantity":1,"price":1363},{"name":"Coins","id":995,"quantity":1368,"price":1}],"date":"Aug 9, 2022, 5:43:27 PM"}
{"name":"Zakl\u0027n Gritch","level":142,"killCount":-1,"type":"NPC","drops":[{"name":"Malicious ashes","id":25772,"quantity":1,"price":1363},{"name":"Coins","id":995,"quantity":1352,"price":1}],"date":"Aug 9, 2022, 6:11:53 PM"}
{"name":"Zakl\u0027n Gritch","level":142,"killCount":-1,"type":"NPC","drops":[{"name":"Malicious ashes","id":25772,"quantity":1,"price":1363},{"name":"Death rune","id":560,"quantity":9,"price":180}],"date":"Aug 9, 2022, 6:22:09 PM"}
{"name":"Zakl\u0027n Gritch","level":142,"killCount":-1,"type":"NPC","drops":[{"name":"Malicious ashes","id":25772,"quantity":1,"price":1363},{"name":"Coins","id":995,"quantity":1308,"price":1}],"date":"Aug 9, 2022, 6:34:52 PM"}
{"name":"Zakl\u0027n Gritch","level":142,"killCount":-1,"type":"NPC","drops":[{"name":"Malicious ashes","id":25772,"quantity":1,"price":1363},{"name":"Shark","id":385,"quantity":1,"price":854},{"name":"Shark","id":385,"quantity":1,"price":854},{"name":"Shark","id":385,"quantity":1,"price":854}],"date":"Aug 9, 2022, 6:37:49 PM"}
{"name":"Zakl\u0027n Gritch","level":142,"killCount":-1,"type":"NPC","drops":[{"name":"Malicious ashes","id":25772,"quantity":1,"price":1363},{"name":"Steel dart","id":808,"quantity":97,"price":4}],"date":"Aug 9, 2022, 6:51:38 PM"}
{"name":"Zakl\u0027n Gritch","level":142,"killCount":-1,"type":"NPC","drops":[{"name":"Malicious ashes","id":25772,"quantity":1,"price":1363},{"name":"Tuna potato","id":7060,"quantity":1,"price":1407},{"name":"Tuna potato","id":7060,"quantity":1,"price":1407}],"date":"Aug 9, 2022, 6:54:27 PM"}
{"name":"Zakl\u0027n Gritch","level":142,"killCount":-1,"type":"NPC","drops":[{"name":"Malicious ashes","id":25772,"quantity":1,"price":1363},{"name":"Coins","id":995,"quantity":1300,"price":1}],"date":"Aug 9, 2022, 6:57:06 PM"}
{"name":"Zakl\u0027n Gritch","level":142,"killCount":-1,"type":"NPC","drops":[{"name":"Malicious ashes","id":25772,"quantity":1,"price":1363},{"name":"Coins","id":995,"quantity":1343,"price":1}],"date":"Aug 9, 2022, 7:09:17 PM"}
{"name":"Zakl\u0027n Gritch","level":142,"killCount":-1,"type":"NPC","drops":[{"name":"Malicious ashes","id":25772,"quantity":1,"price":1363},{"name":"Coins","id":995,"quantity":1353,"price":1}],"date":"Aug 9, 2022, 7:11:22 PM"}
{"name":"Zakl\u0027n Gritch","level":142,"killCount":-1,"type":"NPC","drops":[{"name":"Malicious ashes","id":25772,"quantity":1,"price":1363},{"name":"Death rune","id":560,"quantity":10,"price":180}],"date":"Aug 9, 2022, 7:14:13 PM"}
{"name":"Zakl\u0027n Gritch","level":142,"killCount":-1,"type":"NPC","drops":[{"name":"Malicious ashes","id":25772,"quantity":1,"price":1363},{"name":"Blood rune","id":565,"quantity":9,"price":365}],"date":"Aug 9, 2022, 7:16:45 PM"}
{"name":"Zakl\u0027n Gritch","level":142,"killCount":-1,"type":"NPC","drops":[{"name":"Malicious ashes","id":25772,"quantity":1,"price":1363},{"name":"Coins","id":995,"quantity":1375,"price":1}],"date":"Aug 9, 2022, 7:28:17 PM"}
{"name":"Zakl\u0027n Gritch","level":142,"killCount":-1,"type":"NPC","drops":[{"name":"Malicious ashes","id":25772,"quantity":1,"price":1363},{"name":"Steel dart","id":808,"quantity":95,"price":3}],"date":"Aug 9, 2022, 7:31:05 PM"}
{"name":"Zakl\u0027n Gritch","level":142,"killCount":-1,"type":"NPC","drops":[{"name":"Malicious ashes","id":25772,"quantity":1,"price":1363},{"name":"Wine of zamorak","id":246,"quantity":10,"price":851}],"date":"Aug 9, 2022, 7:42:43 PM"}
{"name":"Zakl\u0027n Gritch","level":142,"killCount":-1,"type":"NPC","drops":[{"name":"Malicious ashes","id":25772,"quantity":1,"price":1547},{"name":"Coins","id":995,"quantity":1350,"price":1}],"date":"May 26, 2023, 12:04:14 PM"}
{"name":"Zakl\u0027n Gritch","level":142,"killCount":-1,"type":"NPC","drops":[{"name":"Malicious ashes","id":25772,"quantity":1,"price":1547},{"name":"Coins","id":995,"quantity":1342,"price":1}],"date":"May 26, 2023, 12:08:08 PM"}
{"name":"Zakl\u0027n Gritch","level":142,"killCount":-1,"type":"NPC","drops":[{"name":"Malicious ashes","id":25772,"quantity":1,"price":1547},{"name":"Coins","id":995,"quantity":1392,"price":1}],"date":"May 26, 2023, 12:20:01 PM"}
{"name":"Zakl\u0027n Gritch","level":142,"killCount":-1,"type":"NPC","drops":[{"name":"Malicious ashes","id":25772,"quantity":1,"price":1547},{"name":"Steel dart","id":808,"quantity":97,"price":3}],"date":"May 26, 2023, 12:22:10 PM"}
{"name":"Zakl\u0027n Gritch","level":142,"killCount":-1,"type":"NPC","drops":[{"name":"Malicious ashes","id":25772,"quantity":1,"price":1547},{"name":"Coins","id":995,"quantity":1378,"price":1}],"date":"May 26, 2023, 12:25:56 PM"}
{"name":"Zakl\u0027n Gritch","level":142,"killCount":-1,"type":"NPC","drops":[{"name":"Malicious ashes","id":25772,"quantity":1,"price":1547},{"name":"Coins","id":995,"quantity":1389,"price":1}],"date":"May 26, 2023, 12:29:50 PM"}
{"name":"Zakl\u0027n Gritch","level":142,"killCount":-1,"type":"NPC","drops":[{"name":"Malicious ashes","id":25772,"quantity":1,"price":1547},{"name":"Coins","id":995,"quantity":1370,"price":1}],"date":"May 26, 2023, 12:32:35 PM"}
{"name":"Zakl\u0027n Gritch","level":142,"killCount":-1,"type":"NPC","drops":[{"name":"Malicious ashes","id":25772,"quantity":1,"price":1547},{"name":"Steel arrow","id":886,"quantity":96,"price":18}],"date":"May 26, 2023, 12:45:56 PM"}
{"name":"Zakl\u0027n Gritch","level":142,"killCount":-1,"type":"NPC","drops":[{"name":"Malicious ashes","id":25772,"quantity":1,"price":1547},{"name":"Wine of zamorak","id":246,"quantity":7,"price":881}],"date":"May 26, 2023, 12:48:07 PM"}
{"name":"Zakl\u0027n Gritch","level":142,"killCount":-1,"type":"NPC","drops":[{"name":"Malicious ashes","id":25772,"quantity":1,"price":1547},{"name":"Death rune","id":560,"quantity":10,"price":126}],"date":"May 26, 2023, 1:01:36 PM"}
{"name":"Zakl\u0027n Gritch","level":142,"killCount":-1,"type":"NPC","drops":[{"name":"Malicious ashes","id":25772,"quantity":1,"price":1547},{"name":"Coins","id":995,"quantity":1303,"price":1}],"date":"May 26, 2023, 1:12:52 PM"}
{"name":"Zakl\u0027n Gritch","level":142,"killCount":-1,"type":"NPC","drops":[{"name":"Malicious ashes","id":25772,"quantity":1,"price":1547},{"name":"Coins","id":995,"quantity":1351,"price":1}],"date":"May 26, 2023, 1:56:56 PM"}
{"name":"Zakl\u0027n Gritch","level":142,"killCount":-1,"type":"NPC","drops":[{"name":"Malicious ashes","id":25772,"quantity":1,"price":1547},{"name":"Coins","id":995,"quantity":1322,"price":1}],"date":"May 26, 2023, 1:58:51 PM"}
{"name":"Zakl\u0027n Gritch","level":142,"killCount":-1,"type":"NPC","drops":[{"name":"Malicious ashes","id":25772,"quantity":1,"price":1547},{"name":"Wine of zamorak","id":246,"quantity":8,"price":881}],"date":"May 26, 2023, 2:00:57 PM"}
{"name":"Zakl\u0027n Gritch","level":142,"killCount":-1,"type":"NPC","drops":[{"name":"Malicious ashes","id":25772,"quantity":1,"price":1547},{"name":"Coins","id":995,"quantity":1376,"price":1}],"date":"May 26, 2023, 2:03:16 PM"}
{"name":"Zakl\u0027n Gritch","level":142,"killCount":-1,"type":"NPC","drops":[{"name":"Malicious ashes","id":25772,"quantity":1,"price":1547},{"name":"Coins","id":995,"quantity":1324,"price":1},{"name":"Malicious ashes","id":25772,"quantity":1,"price":1547},{"name":"Wine of zamorak","id":246,"quantity":9,"price":881}],"date":"May 26, 2023, 2:05:22 PM"}
{"name":"Zakl\u0027n Gritch","level":142,"killCount":-1,"type":"NPC","drops":[{"name":"Malicious ashes","id":25772,"quantity":1,"price":1547},{"name":"Shark","id":385,"quantity":1,"price":686},{"name":"Shark","id":385,"quantity":1,"price":686},{"name":"Shark","id":385,"quantity":1,"price":686}],"date":"May 26, 2023, 2:07:58 PM"}
{"name":"Zakl\u0027n Gritch","level":142,"killCount":-1,"type":"NPC","drops":[{"name":"Malicious ashes","id":25772,"quantity":1,"price":1547},{"name":"Coins","id":995,"quantity":1310,"price":1}],"date":"May 26, 2023, 2:10:15 PM"}
{"name":"Zakl\u0027n Gritch","level":142,"killCount":-1,"type":"NPC","drops":[{"name":"Malicious ashes","id":25772,"quantity":1,"price":1547},{"name":"Clue scroll (hard)","id":23168,"quantity":1,"price":0},{"name":"Coins","id":995,"quantity":1374,"price":1}],"date":"May 26, 2023, 2:12:38 PM"}
{"name":"Zakl\u0027n Gritch","level":142,"killCount":-1,"type":"NPC","drops":[{"name":"Malicious ashes","id":25772,"quantity":1,"price":1547},{"name":"Wine of zamorak","id":246,"quantity":10,"price":881}],"date":"May 26, 2023, 2:14:46 PM"}
{"name":"Zakl\u0027n Gritch","level":142,"killCount":-1,"type":"NPC","drops":[{"name":"Malicious ashes","id":25772,"quantity":1,"price":1547},{"name":"Coins","id":995,"quantity":1325,"price":1}],"date":"May 26, 2023, 2:17:30 PM"}
{"name":"Zakl\u0027n Gritch","level":142,"killCount":-1,"type":"NPC","drops":[{"name":"Malicious ashes","id":25772,"quantity":1,"price":1547},{"name":"Steel dart","id":808,"quantity":97,"price":3}],"date":"May 26, 2023, 2:19:28 PM"}
{"name":"Zakl\u0027n Gritch","level":142,"killCount":-1,"type":"NPC","drops":[{"name":"Malicious ashes","id":25772,"quantity":1,"price":1547},{"name":"Coins","id":995,"quantity":1331,"price":1}],"date":"May 26, 2023, 2:21:35 PM"}
{"name":"Zakl\u0027n Gritch","level":142,"killCount":-1,"type":"NPC","drops":[{"name":"Malicious ashes","id":25772,"quantity":1,"price":1547},{"name":"Steel arrow","id":886,"quantity":98,"price":18}],"date":"May 26, 2023, 2:23:46 PM"}
{"name":"Zakl\u0027n Gritch","level":142,"killCount":-1,"type":"NPC","drops":[{"name":"Malicious ashes","id":25772,"quantity":1,"price":1547},{"name":"Steel dart","id":808,"quantity":99,"price":3}],"date":"May 26, 2023, 2:25:55 PM"}
{"name":"Zakl\u0027n Gritch","level":142,"killCount":-1,"type":"NPC","drops":[{"name":"Malicious ashes","id":25772,"quantity":1,"price":1547},{"name":"Coins","id":995,"quantity":1313,"price":1}],"date":"May 26, 2023, 2:28:25 PM"}
{"name":"Zakl\u0027n Gritch","level":142,"killCount":-1,"type":"NPC","drops":[{"name":"Malicious ashes","id":25772,"quantity":1,"price":1547},{"name":"Death rune","id":560,"quantity":10,"price":126}],"date":"May 26, 2023, 2:31:12 PM"}
{"name":"Zakl\u0027n Gritch","level":142,"killCount":-1,"type":"NPC","drops":[{"name":"Malicious ashes","id":25772,"quantity":1,"price":1547},{"name":"Shark","id":385,"quantity":1,"price":686},{"name":"Shark","id":385,"quantity":1,"price":686},{"name":"Shark","id":385,"quantity":1,"price":686}],"date":"May 26, 2023, 2:33:18 PM"}
{"name":"Zakl\u0027n Gritch","level":142,"killCount":-1,"type":"NPC","drops":[{"name":"Malicious ashes","id":25772,"quantity":1,"price":1547},{"name":"Tuna potato","id":7060,"quantity":1,"price":1174},{"name":"Tuna potato","id":7060,"quantity":1,"price":1174}],"date":"May 26, 2023, 2:36:18 PM"}
{"name":"Zakl\u0027n Gritch","level":142,"killCount":-1,"type":"NPC","drops":[{"name":"Malicious ashes","id":25772,"quantity":1,"price":1547},{"name":"Coins","id":995,"quantity":1343,"price":1}],"date":"May 26, 2023, 2:39:05 PM"}
{"name":"Zakl\u0027n Gritch","level":142,"killCount":-1,"type":"NPC","drops":[{"name":"Malicious ashes","id":25772,"quantity":1,"price":1547},{"name":"Coins","id":995,"quantity":1332,"price":1}],"date":"May 26, 2023, 2:41:36 PM"}
