{"name":"Zamorak wizard","level":65,"killCount":-1,"type":"NPC","drops":[{"name":"Bones","id":526,"quantity":1,"price":49},{"name":"Fire rune","id":554,"quantity":180,"price":4}],"date":"Mar 26, 2022, 11:09:15 PM"}
{"name":"Zamorak wizard","level":65,"killCount":-1,"type":"NPC","drops":[{"name":"Bones","id":526,"quantity":1,"price":72},{"name":"Earth rune","id":557,"quantity":86,"price":4}],"date":"Mar 27, 2022, 12:10:15 PM"}
{"name":"Zamorak wizard","level":65,"killCount":-1,"type":"NPC","drops":[{"name":"Bones","id":526,"quantity":1,"price":70},{"name":"Water rune","id":555,"quantity":42,"price":4}],"date":"Mar 27, 2022, 10:29:15 PM"}
{"name":"Zamorak wizard","level":65,"killCount":-1,"type":"NPC","drops":[{"name":"Bones","id":526,"quantity":1,"price":70},{"name":"Death rune","id":560,"quantity":45,"price":187}],"date":"Mar 27, 2022, 10:34:37 PM"}
{"name":"Zamorak wizard","level":65,"killCount":-1,"type":"NPC","drops":[{"name":"Bones","id":526,"quantity":1,"price":65},{"name":"Blood rune","id":565,"quantity":8,"price":291}],"date":"Mar 31, 2022, 10:15:43 AM"}
{"name":"Zamorak wizard","level":65,"killCount":-1,"type":"NPC","drops":[{"name":"Bones","id":526,"quantity":1,"price":64},{"name":"Air battlestaff","id":1397,"quantity":1,"price":8938}],"date":"Mar 31, 2022, 11:05:58 AM"}
{"name":"Zamorak wizard","level":65,"killCount":-1,"type":"NPC","drops":[{"name":"Bones","id":526,"quantity":1,"price":54},{"name":"Air rune","id":556,"quantity":189,"price":5}],"date":"Apr 10, 2022, 1:53:59 PM"}
{"name":"Zamorak wizard","level":65,"killCount":-1,"type":"NPC","drops":[{"name":"Bones","id":526,"quantity":1,"price":67}],"date":"Apr 11, 2022, 10:46:49 AM"}
{"name":"Zamorak wizard","level":65,"killCount":-1,"type":"NPC","drops":[{"name":"Bones","id":526,"quantity":1,"price":72},{"name":"Coins","id":995,"quantity":89,"price":1}],"date":"Apr 18, 2022, 1:57:25 PM"}
{"name":"Zamorak wizard","level":65,"killCount":-1,"type":"NPC","drops":[{"name":"Bones","id":526,"quantity":1,"price":69},{"name":"Coins","id":995,"quantity":77,"price":1}],"date":"Apr 18, 2022, 2:06:20 PM"}
{"name":"Zamorak wizard","level":65,"killCount":-1,"type":"NPC","drops":[{"name":"Bones","id":526,"quantity":1,"price":73},{"name":"Coins","id":995,"quantity":77,"price":1}],"date":"May 2, 2022, 11:45:31 AM"}
{"name":"Zamorak wizard","level":65,"killCount":-1,"type":"NPC","drops":[{"name":"Bones","id":526,"quantity":1,"price":69},{"name":"Nature rune","id":561,"quantity":28,"price":197}],"date":"May 14, 2022, 10:46:02 AM"}
{"name":"Zamorak wizard","level":65,"killCount":-1,"type":"NPC","drops":[{"name":"Bones","id":526,"quantity":1,"price":69},{"name":"Blood rune","id":565,"quantity":8,"price":348}],"date":"May 14, 2022, 10:55:09 AM"}
{"name":"Zamorak wizard","level":65,"killCount":-1,"type":"NPC","drops":[{"name":"Bones","id":526,"quantity":1,"price":66}],"date":"May 14, 2022, 10:03:33 PM"}
{"name":"Zamorak wizard","level":65,"killCount":-1,"type":"NPC","drops":[{"name":"Bones","id":526,"quantity":1,"price":66},{"name":"Coins","id":995,"quantity":89,"price":1}],"date":"May 14, 2022, 10:12:28 PM"}
{"name":"Zamorak wizard","level":65,"killCount":-1,"type":"NPC","drops":[{"name":"Bones","id":526,"quantity":1,"price":57},{"name":"Death rune","id":560,"quantity":45,"price":187}],"date":"May 15, 2022, 12:46:16 PM"}
{"name":"Zamorak wizard","level":65,"killCount":-1,"type":"NPC","drops":[{"name":"Bones","id":526,"quantity":1,"price":55},{"name":"Water battlestaff","id":1395,"quantity":1,"price":8722}],"date":"May 15, 2022, 1:08:39 PM"}
{"name":"Zamorak wizard","level":65,"killCount":-1,"type":"NPC","drops":[{"name":"Bones","id":526,"quantity":1,"price":50},{"name":"Coins","id":995,"quantity":77,"price":1}],"date":"May 15, 2022, 2:28:14 PM"}
{"name":"Zamorak wizard","level":65,"killCount":-1,"type":"NPC","drops":[{"name":"Bones","id":526,"quantity":1,"price":50}],"date":"May 15, 2022, 2:33:00 PM"}
{"name":"Zamorak wizard","level":65,"killCount":-1,"type":"NPC","drops":[{"name":"Bones","id":526,"quantity":1,"price":56}],"date":"May 15, 2022, 9:15:46 PM"}
{"name":"Zamorak wizard","level":65,"killCount":-1,"type":"NPC","drops":[{"name":"Bones","id":526,"quantity":1,"price":41},{"name":"Water battlestaff","id":1395,"quantity":1,"price":9015}],"date":"May 16, 2022, 4:05:08 PM"}
{"name":"Zamorak wizard","level":65,"killCount":-1,"type":"NPC","drops":[{"name":"Bones","id":526,"quantity":1,"price":61},{"name":"Earth rune","id":557,"quantity":107,"price":5}],"date":"May 16, 2022, 9:43:53 PM"}
{"name":"Zamorak wizard","level":65,"killCount":-1,"type":"NPC","drops":[{"name":"Bones","id":526,"quantity":1,"price":66},{"name":"Coins","id":995,"quantity":89,"price":1}],"date":"May 17, 2022, 4:38:43 PM"}
{"name":"Zamorak wizard","level":65,"killCount":-1,"type":"NPC","drops":[{"name":"Bones","id":526,"quantity":1,"price":67},{"name":"Earth rune","id":557,"quantity":79,"price":4}],"date":"May 18, 2022, 3:26:44 PM"}
{"name":"Zamorak wizard","level":65,"killCount":-1,"type":"NPC","drops":[{"name":"Bones","id":526,"quantity":1,"price":75},{"name":"Air battlestaff","id":1397,"quantity":1,"price":8968}],"date":"May 23, 2022, 10:20:25 AM"}
{"name":"Zamorak wizard","level":65,"killCount":-1,"type":"NPC","drops":[{"name":"Bones","id":526,"quantity":1,"price":73},{"name":"Coins","id":995,"quantity":77,"price":1}],"date":"May 23, 2022, 4:45:52 PM"}
{"name":"Zamorak wizard","level":65,"killCount":-1,"type":"NPC","drops":[{"name":"Bones","id":526,"quantity":1,"price":66},{"name":"Blood rune","id":565,"quantity":8,"price":380}],"date":"May 25, 2022, 11:28:06 AM"}
{"name":"Zamorak wizard","level":65,"killCount":-1,"type":"NPC","drops":[{"name":"Bones","id":526,"quantity":1,"price":66},{"name":"Earth battlestaff","id":1399,"quantity":1,"price":8901}],"date":"May 25, 2022, 11:30:03 AM"}
{"name":"Zamorak wizard","level":65,"killCount":-1,"type":"NPC","drops":[{"name":"Bones","id":526,"quantity":1,"price":79},{"name":"Water battlestaff","id":1395,"quantity":1,"price":8956}],"date":"May 26, 2022, 2:34:41 PM"}
{"name":"Zamorak wizard","level":65,"killCount":-1,"type":"NPC","drops":[{"name":"Bones","id":526,"quantity":1,"price":79},{"name":"Earth battlestaff","id":1399,"quantity":1,"price":8909}],"date":"May 26, 2022, 2:44:18 PM"}
{"name":"Zamorak wizard","level":65,"killCount":-1,"type":"NPC","drops":[{"name":"Bones","id":526,"quantity":1,"price":68},{"name":"Blood rune","id":565,"quantity":8,"price":387}],"date":"May 27, 2022, 4:13:17 PM"}
{"name":"Zamorak wizard","level":65,"killCount":-1,"type":"NPC","drops":[{"name":"Bones","id":526,"quantity":1,"price":69},{"name":"Nature rune","id":561,"quantity":28,"price":191}],"date":"May 28, 2022, 1:24:12 AM"}
{"name":"Zamorak wizard","level":65,"killCount":-1,"type":"NPC","drops":[{"name":"Bones","id":526,"quantity":1,"price":70},{"name":"Coins","id":995,"quantity":77,"price":1}],"date":"May 29, 2022, 4:47:37 PM"}
{"name":"Zamorak wizard","level":65,"killCount":-1,"type":"NPC","drops":[{"name":"Bones","id":526,"quantity":1,"price":69},{"name":"Coins","id":995,"quantity":77,"price":1}],"date":"May 29, 2022, 5:01:53 PM"}
{"name":"Zamorak wizard","level":65,"killCount":-1,"type":"NPC","drops":[{"name":"Bones","id":526,"quantity":1,"price":75},{"name":"Blood rune","id":565,"quantity":8,"price":375}],"date":"Jun 16, 2022, 11:45:47 AM"}
{"name":"Zamorak wizard","level":65,"killCount":-1,"type":"NPC","drops":[{"name":"Bones","id":526,"quantity":1,"price":72},{"name":"Coins","id":995,"quantity":77,"price":1}],"date":"Jun 25, 2022, 3:51:00 PM"}
{"name":"Zamorak wizard","level":65,"killCount":-1,"type":"NPC","drops":[{"name":"Bones","id":526,"quantity":1,"price":72},{"name":"Water battlestaff","id":1395,"quantity":1,"price":8759}],"date":"Jun 25, 2022, 3:54:32 PM"}
{"name":"Zamorak wizard","level":65,"killCount":-1,"type":"NPC","drops":[{"name":"Bones","id":526,"quantity":1,"price":80},{"name":"Cosmic rune","id":564,"quantity":25,"price":166}],"date":"Jun 29, 2022, 2:11:49 PM"}
{"name":"Zamorak wizard","level":65,"killCount":-1,"type":"NPC","drops":[{"name":"Bones","id":526,"quantity":1,"price":67},{"name":"Air rune","id":556,"quantity":60,"price":5}],"date":"Jul 1, 2022, 3:20:34 PM"}
{"name":"Zamorak wizard","level":65,"killCount":-1,"type":"NPC","drops":[{"name":"Bones","id":526,"quantity":1,"price":67},{"name":"Blood rune","id":565,"quantity":8,"price":352}],"date":"Jul 1, 2022, 3:23:38 PM"}
{"name":"Zamorak wizard","level":65,"killCount":-1,"type":"NPC","drops":[{"name":"Bones","id":526,"quantity":1,"price":68},{"name":"Earth rune","id":557,"quantity":107,"price":5}],"date":"Jul 7, 2022, 9:15:32 AM"}
{"name":"Zamorak wizard","level":65,"killCount":-1,"type":"NPC","drops":[{"name":"Bones","id":526,"quantity":1,"price":69},{"name":"Death rune","id":560,"quantity":45,"price":184}],"date":"Jul 9, 2022, 1:07:14 PM"}
{"name":"Zamorak wizard","level":65,"killCount":-1,"type":"NPC","drops":[{"name":"Bones","id":526,"quantity":1,"price":54},{"name":"Blood rune","id":565,"quantity":8,"price":352}],"date":"Jul 15, 2022, 10:39:21 AM"}
{"name":"Zamorak wizard","level":65,"killCount":-1,"type":"NPC","drops":[{"name":"Bones","id":526,"quantity":1,"price":54}],"date":"Jul 15, 2022, 10:47:53 AM"}
{"name":"Zamorak wizard","level":65,"killCount":-1,"type":"NPC","drops":[{"name":"Bones","id":526,"quantity":1,"price":75},{"name":"Nature rune","id":561,"quantity":28,"price":181}],"date":"Aug 2, 2022, 11:45:57 AM"}
{"name":"Zamorak wizard","level":65,"killCount":-1,"type":"NPC","drops":[{"name":"Bones","id":526,"quantity":1,"price":73},{"name":"Coins","id":995,"quantity":77,"price":1}],"date":"Aug 2, 2022, 5:22:44 PM"}
{"name":"Zamorak wizard","level":65,"killCount":-1,"type":"NPC","drops":[{"name":"Bones","id":526,"quantity":1,"price":68},{"name":"Zamorak monk bottom","id":1033,"quantity":1,"price":50}],"date":"Aug 3, 2022, 9:05:02 AM"}
{"name":"Zamorak wizard","level":65,"killCount":-1,"type":"NPC","drops":[{"name":"Bones","id":526,"quantity":1,"price":66},{"name":"Blood rune","id":565,"quantity":8,"price":361}],"date":"Aug 3, 2022, 11:04:37 AM"}
{"name":"Zamorak wizard","level":65,"killCount":-1,"type":"NPC","drops":[{"name":"Bones","id":526,"quantity":1,"price":66},{"name":"Air rune","id":556,"quantity":189,"price":5}],"date":"Aug 3, 2022, 11:24:19 AM"}
{"name":"Zamorak wizard","level":65,"killCount":-1,"type":"NPC","drops":[{"name":"Bones","id":526,"quantity":1,"price":66},{"name":"Water rune","id":555,"quantity":146,"price":5}],"date":"Aug 3, 2022, 11:57:03 AM"}
{"name":"Zamorak wizard","level":65,"killCount":-1,"type":"NPC","drops":[{"name":"Bones","id":526,"quantity":1,"price":68},{"name":"Air rune","id":556,"quantity":60,"price":5}],"date":"Aug 3, 2022, 2:21:14 PM"}
{"name":"Zamorak wizard","level":65,"killCount":-1,"type":"NPC","drops":[{"name":"Bones","id":526,"quantity":1,"price":68},{"name":"Coins","id":995,"quantity":77,"price":1}],"date":"Aug 3, 2022, 2:39:33 PM"}
{"name":"Zamorak wizard","level":65,"killCount":-1,"type":"NPC","drops":[{"name":"Bones","id":526,"quantity":1,"price":68},{"name":"Fire rune","id":554,"quantity":51,"price":5}],"date":"Aug 3, 2022, 2:42:15 PM"}
{"name":"Zamorak wizard","level":65,"killCount":-1,"type":"NPC","drops":[{"name":"Bones","id":526,"quantity":1,"price":68},{"name":"Coins","id":995,"quantity":89,"price":1}],"date":"Aug 3, 2022, 2:58:02 PM"}
{"name":"Zamorak wizard","level":65,"killCount":-1,"type":"NPC","drops":[{"name":"Bones","id":526,"quantity":1,"price":66},{"name":"Law rune","id":563,"quantity":9,"price":147}],"date":"Aug 19, 2022, 10:21:57 AM"}
{"name":"Zamorak wizard","level":65,"killCount":-1,"type":"NPC","drops":[{"name":"Bones","id":526,"quantity":1,"price":66},{"name":"Coins","id":995,"quantity":77,"price":1}],"date":"Aug 19, 2022, 10:32:21 AM"}
{"name":"Zamorak wizard","level":65,"killCount":-1,"type":"NPC","drops":[{"name":"Bones","id":526,"quantity":1,"price":66},{"name":"Earth rune","id":557,"quantity":86,"price":4}],"date":"Aug 28, 2022, 5:01:15 PM"}
{"name":"Zamorak wizard","level":65,"killCount":-1,"type":"NPC","drops":[{"name":"Bones","id":526,"quantity":1,"price":65},{"name":"Earth rune","id":557,"quantity":86,"price":4}],"date":"Aug 29, 2022, 2:04:19 PM"}
{"name":"Zamorak wizard","level":65,"killCount":-1,"type":"NPC","drops":[{"name":"Bones","id":526,"quantity":1,"price":67},{"name":"Air rune","id":556,"quantity":60,"price":4}],"date":"Aug 29, 2022, 2:43:59 PM"}
{"name":"Zamorak wizard","level":65,"killCount":-1,"type":"NPC","drops":[{"name":"Bones","id":526,"quantity":1,"price":67},{"name":"Cosmic rune","id":564,"quantity":25,"price":113}],"date":"Aug 29, 2022, 2:45:59 PM"}
{"name":"Zamorak wizard","level":65,"killCount":-1,"type":"NPC","drops":[{"name":"Bones","id":526,"quantity":1,"price":66},{"name":"Coins","id":995,"quantity":77,"price":1}],"date":"Aug 30, 2022, 11:59:34 AM"}
{"name":"Zamorak wizard","level":65,"killCount":-1,"type":"NPC","drops":[{"name":"Bones","id":526,"quantity":1,"price":69}],"date":"Sep 3, 2022, 4:33:31 PM"}
{"name":"Zamorak wizard","level":65,"killCount":-1,"type":"NPC","drops":[{"name":"Bones","id":526,"quantity":1,"price":63},{"name":"Blood rune","id":565,"quantity":8,"price":311}],"date":"Sep 3, 2022, 11:58:00 PM"}
{"name":"Zamorak wizard","level":65,"killCount":-1,"type":"NPC","drops":[{"name":"Bones","id":526,"quantity":1,"price":69},{"name":"Coins","id":995,"quantity":89,"price":1}],"date":"Sep 16, 2022, 1:19:01 PM"}
{"name":"Zamorak wizard","level":65,"killCount":-1,"type":"NPC","drops":[{"name":"Bones","id":526,"quantity":1,"price":69},{"name":"Coins","id":995,"quantity":77,"price":1}],"date":"Sep 19, 2022, 9:58:40 AM"}
{"name":"Zamorak wizard","level":65,"killCount":-1,"type":"NPC","drops":[{"name":"Bones","id":526,"quantity":1,"price":72},{"name":"Blood rune","id":565,"quantity":8,"price":263}],"date":"Sep 25, 2022, 1:49:06 AM"}
{"name":"Zamorak wizard","level":65,"killCount":-1,"type":"NPC","drops":[{"name":"Bones","id":526,"quantity":1,"price":62},{"name":"Coins","id":995,"quantity":77,"price":1}],"date":"Oct 18, 2022, 1:45:07 PM"}
{"name":"Zamorak wizard","level":65,"killCount":-1,"type":"NPC","drops":[{"name":"Bones","id":526,"quantity":1,"price":81},{"name":"Earth battlestaff","id":1399,"quantity":1,"price":8998}],"date":"Nov 1, 2022, 4:29:40 PM"}
{"name":"Zamorak wizard","level":65,"killCount":-1,"type":"NPC","drops":[{"name":"Bones","id":526,"quantity":1,"price":81}],"date":"Nov 1, 2022, 4:35:29 PM"}
{"name":"Zamorak wizard","level":65,"killCount":-1,"type":"NPC","drops":[{"name":"Bones","id":526,"quantity":1,"price":81},{"name":"Blood rune","id":565,"quantity":8,"price":225}],"date":"Nov 1, 2022, 4:39:34 PM"}
{"name":"Zamorak wizard","level":65,"killCount":-1,"type":"NPC","drops":[{"name":"Bones","id":526,"quantity":1,"price":73},{"name":"Coins","id":995,"quantity":89,"price":1}],"date":"Dec 3, 2022, 1:28:33 AM"}
{"name":"Zamorak wizard","level":65,"killCount":-1,"type":"NPC","drops":[{"name":"Bones","id":526,"quantity":1,"price":75},{"name":"Death rune","id":560,"quantity":45,"price":167}],"date":"Dec 6, 2022, 1:48:23 PM"}
{"name":"Zamorak wizard","level":65,"killCount":-1,"type":"NPC","drops":[{"name":"Bones","id":526,"quantity":1,"price":75},{"name":"Coins","id":995,"quantity":89,"price":1}],"date":"Dec 6, 2022, 2:12:40 PM"}
{"name":"Zamorak wizard","level":65,"killCount":-1,"type":"NPC","drops":[{"name":"Bones","id":526,"quantity":1,"price":75},{"name":"Coins","id":995,"quantity":89,"price":1}],"date":"Dec 14, 2022, 12:54:40 AM"}
{"name":"Zamorak wizard","level":65,"killCount":-1,"type":"NPC","drops":[{"name":"Bones","id":526,"quantity":1,"price":77},{"name":"Coins","id":995,"quantity":240,"price":1}],"date":"Dec 22, 2022, 11:32:53 PM"}
{"name":"Zamorak wizard","level":65,"killCount":-1,"type":"NPC","drops":[{"name":"Bones","id":526,"quantity":1,"price":76},{"name":"Fire rune","id":554,"quantity":180,"price":6}],"date":"Dec 24, 2022, 2:32:17 AM"}
{"name":"Zamorak wizard","level":65,"killCount":-1,"type":"NPC","drops":[{"name":"Bones","id":526,"quantity":1,"price":74},{"name":"Water rune","id":555,"quantity":146,"price":5}],"date":"Dec 27, 2022, 2:34:11 PM"}
{"name":"Zamorak wizard","level":65,"killCount":-1,"type":"NPC","drops":[{"name":"Bones","id":526,"quantity":1,"price":75},{"name":"Coins","id":995,"quantity":89,"price":1}],"date":"Dec 28, 2022, 9:12:25 PM"}
{"name":"Zamorak wizard","level":65,"killCount":-1,"type":"NPC","drops":[{"name":"Bones","id":526,"quantity":1,"price":71},{"name":"Coins","id":995,"quantity":89,"price":1}],"date":"Jan 3, 2023, 6:41:39 PM"}
{"name":"Zamorak wizard","level":65,"killCount":-1,"type":"NPC","drops":[{"name":"Bones","id":526,"quantity":1,"price":74},{"name":"Water rune","id":555,"quantity":146,"price":6}],"date":"Jan 6, 2023, 9:26:13 PM"}
{"name":"Zamorak wizard","level":65,"killCount":-1,"type":"NPC","drops":[{"name":"Bones","id":526,"quantity":1,"price":74},{"name":"Coins","id":995,"quantity":77,"price":1}],"date":"Jan 6, 2023, 9:31:26 PM"}
{"name":"Zamorak wizard","level":65,"killCount":-1,"type":"NPC","drops":[{"name":"Bones","id":526,"quantity":1,"price":74},{"name":"Zamorak monk top","id":1035,"quantity":1,"price":1549}],"date":"Jan 8, 2023, 3:01:30 PM"}
{"name":"Zamorak wizard","level":65,"killCount":-1,"type":"NPC","drops":[{"name":"Bones","id":526,"quantity":1,"price":75}],"date":"Jan 9, 2023, 12:29:58 AM"}
{"name":"Zamorak wizard","level":65,"killCount":-1,"type":"NPC","drops":[{"name":"Bones","id":526,"quantity":1,"price":67},{"name":"Coins","id":995,"quantity":89,"price":1}],"date":"Feb 7, 2023, 8:01:33 AM"}
{"name":"Zamorak wizard","level":65,"killCount":-1,"type":"NPC","drops":[{"name":"Bones","id":526,"quantity":1,"price":67},{"name":"Water battlestaff","id":1395,"quantity":1,"price":9014}],"date":"Feb 7, 2023, 8:03:38 AM"}
