{"name":"Master Farmer","level":-1,"killCount":-1,"type":"PICKPOCKET","drops":[{"name":"Potato seed","id":5318,"quantity":4,"price":1}],"date":"Mar 26, 2022, 11:20:42 PM"}
{"name":"Master Farmer","level":-1,"killCount":-1,"type":"PICKPOCKET","drops":[{"name":"Barley seed","id":5305,"quantity":8,"price":3}],"date":"Mar 27, 2022, 10:35:43 PM"}
{"name":"Master Farmer","level":-1,"killCount":-1,"type":"PICKPOCKET","drops":[{"name":"Sweetcorn seed","id":5320,"quantity":2,"price":7}],"date":"Apr 4, 2022, 11:16:11 AM"}
{"name":"Master Farmer","level":-1,"killCount":-1,"type":"PICKPOCKET","drops":[{"name":"Wildblood seed","id":5311,"quantity":2,"price":21}],"date":"Apr 5, 2022, 2:00:13 PM"}
{"name":"Master Farmer","level":-1,"killCount":-1,"type":"PICKPOCKET","drops":[{"name":"Nasturtium seed","id":5098,"quantity":1,"price":2}],"date":"Jun 10, 2022, 6:30:33 PM"}
{"name":"Master Farmer","level":-1,"killCount":-1,"type":"PICKPOCKET","drops":[{"name":"Nasturtium seed","id":5098,"quantity":1,"price":1}],"date":"Jun 13, 2022, 3:03:35 PM"}
{"name":"Master Farmer","level":-1,"killCount":-1,"type":"PICKPOCKET","drops":[{"name":"Redberry seed","id":5101,"quantity":1,"price":5}],"date":"Jun 13, 2022, 5:38:32 PM"}
{"name":"Master Farmer","level":-1,"killCount":-1,"type":"PICKPOCKET","drops":[{"name":"Nasturtium seed","id":5098,"quantity":1,"price":1}],"date":"Jul 25, 2022, 6:17:14 PM"}
{"name":"Master Farmer","level":-1,"killCount":-1,"type":"PICKPOCKET","drops":[{"name":"Cabbage seed","id":5324,"quantity":2,"price":1}],"date":"Aug 4, 2022, 9:47:11 AM"}
{"name":"Master Farmer","level":-1,"killCount":-1,"type":"PICKPOCKET","drops":[{"name":"Asgarnian seed","id":5308,"quantity":5,"price":2}],"date":"Aug 8, 2022, 11:47:32 AM"}
{"name":"Master Farmer","level":-1,"killCount":-1,"type":"PICKPOCKET","drops":[{"name":"Hammerstone seed","id":5307,"quantity":8,"price":5}],"date":"Aug 28, 2022, 12:59:21 AM"}
{"name":"Master Farmer","level":-1,"killCount":-1,"type":"PICKPOCKET","drops":[{"name":"Potato seed","id":5318,"quantity":3,"price":1}],"date":"Sep 3, 2022, 11:20:18 PM"}
{"name":"Master Farmer","level":-1,"killCount":-1,"type":"PICKPOCKET","drops":[{"name":"Potato seed","id":5318,"quantity":1,"price":1}],"date":"Sep 4, 2022, 8:42:20 PM"}
{"name":"Master Farmer","level":-1,"killCount":-1,"type":"PICKPOCKET","drops":[{"name":"Onion seed","id":5319,"quantity":3,"price":1}],"date":"Sep 13, 2022, 9:30:05 PM"}
{"name":"Master Farmer","level":-1,"killCount":-1,"type":"PICKPOCKET","drops":[{"name":"Sweetcorn seed","id":5320,"quantity":1,"price":2}],"date":"Sep 14, 2022, 5:55:03 PM"}
{"name":"Master Farmer","level":-1,"killCount":-1,"type":"PICKPOCKET","drops":[{"name":"Potato seed","id":5318,"quantity":1,"price":1}],"date":"Sep 28, 2022, 10:38:34 AM"}
{"name":"Master Farmer","level":-1,"killCount":-1,"type":"PICKPOCKET","drops":[{"name":"Potato seed","id":5318,"quantity":3,"price":1}],"date":"Sep 28, 2022, 10:39:16 AM"}
{"name":"Master Farmer","level":-1,"killCount":-1,"type":"PICKPOCKET","drops":[{"name":"Barley seed","id":5305,"quantity":9,"price":2}],"date":"Oct 27, 2022, 11:41:36 AM"}
{"name":"Master Farmer","level":-1,"killCount":-1,"type":"PICKPOCKET","drops":[{"name":"Cabbage seed","id":5324,"quantity":3,"price":1}],"date":"Oct 28, 2022, 1:36:04 PM"}
{"name":"Master Farmer","level":-1,"killCount":-1,"type":"PICKPOCKET","drops":[{"name":"Onion seed","id":5319,"quantity":3,"price":1}],"date":"Dec 4, 2022, 1:03:18 AM"}
{"name":"Master Farmer","level":-1,"killCount":-1,"type":"PICKPOCKET","drops":[{"name":"Potato seed","id":5318,"quantity":3,"price":1}],"date":"Dec 14, 2022, 12:57:44 PM"}
{"name":"Master Farmer","level":-1,"killCount":-1,"type":"PICKPOCKET","drops":[{"name":"Cabbage seed","id":5324,"quantity":2,"price":1}],"date":"Dec 19, 2022, 3:15:31 PM"}
{"name":"Master Farmer","level":-1,"killCount":-1,"type":"PICKPOCKET","drops":[{"name":"Onion seed","id":5319,"quantity":1,"price":1}],"date":"Dec 19, 2022, 3:24:16 PM"}
{"name":"Master Farmer","level":-1,"killCount":-1,"type":"PICKPOCKET","drops":[{"name":"Yanillian seed","id":5309,"quantity":6,"price":5}],"date":"Dec 19, 2022, 6:32:05 PM"}
{"name":"Master Farmer","level":-1,"killCount":-1,"type":"PICKPOCKET","drops":[{"name":"Onion seed","id":5319,"quantity":1,"price":1}],"date":"Jan 5, 2023, 4:57:26 PM"}
{"name":"Master Farmer","level":-1,"killCount":-1,"type":"PICKPOCKET","drops":[{"name":"Onion seed","id":5319,"quantity":3,"price":1}],"date":"Jan 6, 2023, 9:52:56 PM"}
{"name":"Master Farmer","level":-1,"killCount":-1,"type":"PICKPOCKET","drops":[{"name":"Harralander seed","id":5294,"quantity":1,"price":17}],"date":"Jan 8, 2023, 3:20:05 PM"}
{"name":"Master Farmer","level":-1,"killCount":-1,"type":"PICKPOCKET","drops":[{"name":"Hammerstone seed","id":5307,"quantity":2,"price":3}],"date":"Jan 8, 2023, 3:28:00 PM"}
{"name":"Master Farmer","level":-1,"killCount":-1,"type":"PICKPOCKET","drops":[{"name":"Marrentill seed","id":5292,"quantity":1,"price":5}],"date":"Jan 9, 2023, 12:51:39 AM"}
{"name":"Master Farmer","level":-1,"killCount":-1,"type":"PICKPOCKET","drops":[{"name":"Potato seed","id":5318,"quantity":3,"price":1}],"date":"Jan 10, 2023, 5:00:00 PM"}
{"name":"Master Farmer","level":-1,"killCount":-1,"type":"PICKPOCKET","drops":[{"name":"Tomato seed","id":5322,"quantity":1,"price":1}],"date":"Jan 13, 2023, 9:48:10 PM"}
{"name":"Master Farmer","level":-1,"killCount":-1,"type":"PICKPOCKET","drops":[{"name":"Wildblood seed","id":5311,"quantity":1,"price":34}],"date":"Jan 13, 2023, 10:10:14 PM"}
{"name":"Master Farmer","level":-1,"killCount":-1,"type":"PICKPOCKET","drops":[{"name":"Limpwurt seed","id":5100,"quantity":1,"price":12}],"date":"Apr 23, 2023, 1:12:09 PM"}
{"name":"Master Farmer","level":-1,"killCount":-1,"type":"PICKPOCKET","drops":[{"name":"Toadflax seed","id":5296,"quantity":1,"price":535}],"date":"Jul 11, 2023, 12:02:36 PM"}
{"name":"Master Farmer","level":-1,"killCount":-1,"type":"PICKPOCKET","drops":[{"name":"Asgarnian seed","id":5308,"quantity":3,"price":1}],"date":"Nov 15, 2023, 1:00:41 PM"}
{"name":"Master Farmer","level":-1,"killCount":-1,"type":"PICKPOCKET","drops":[{"name":"Redberry seed","id":5101,"quantity":1,"price":1}],"date":"Nov 15, 2023, 10:53:27 PM"}
{"name":"Master Farmer","level":-1,"killCount":-1,"type":"PICKPOCKET","drops":[{"name":"Potato seed","id":5318,"quantity":3,"price":1}],"date":"Nov 15, 2023, 10:53:28 PM"}
{"name":"Master Farmer","level":-1,"killCount":-1,"type":"PICKPOCKET","drops":[{"name":"Asgarnian seed","id":5308,"quantity":3,"price":1}],"date":"Nov 15, 2023, 10:53:30 PM"}
{"name":"Master Farmer","level":-1,"killCount":-1,"type":"PICKPOCKET","drops":[{"name":"Onion seed","id":5319,"quantity":2,"price":1}],"date":"Nov 15, 2023, 10:53:37 PM"}
{"name":"Master Farmer","level":-1,"killCount":-1,"type":"PICKPOCKET","drops":[{"name":"Potato seed","id":5318,"quantity":4,"price":1}],"date":"Nov 15, 2023, 10:53:39 PM"}
{"name":"Master Farmer","level":-1,"killCount":-1,"type":"PICKPOCKET","drops":[{"name":"Cabbage seed","id":5324,"quantity":3,"price":1}],"date":"Nov 15, 2023, 10:53:56 PM"}
{"name":"Master Farmer","level":-1,"killCount":-1,"type":"PICKPOCKET","drops":[{"name":"Onion seed","id":5319,"quantity":2,"price":1}],"date":"Nov 15, 2023, 10:53:57 PM"}
{"name":"Master Farmer","level":-1,"killCount":-1,"type":"PICKPOCKET","drops":[{"name":"Potato seed","id":5318,"quantity":3,"price":1}],"date":"Nov 15, 2023, 10:53:58 PM"}
{"name":"Master Farmer","level":-1,"killCount":-1,"type":"PICKPOCKET","drops":[{"name":"Marigold seed","id":5096,"quantity":1,"price":1}],"date":"Nov 15, 2023, 10:54:00 PM"}
{"name":"Master Farmer","level":-1,"killCount":-1,"type":"PICKPOCKET","drops":[{"name":"Tomato seed","id":5322,"quantity":2,"price":1}],"date":"Nov 15, 2023, 10:54:07 PM"}
{"name":"Master Farmer","level":-1,"killCount":-1,"type":"PICKPOCKET","drops":[{"name":"Onion seed","id":5319,"quantity":3,"price":1}],"date":"Nov 15, 2023, 10:54:08 PM"}
{"name":"Master Farmer","level":-1,"killCount":-1,"type":"PICKPOCKET","drops":[{"name":"Marigold seed","id":5096,"quantity":1,"price":1}],"date":"Nov 15, 2023, 10:54:09 PM"}
{"name":"Master Farmer","level":-1,"killCount":-1,"type":"PICKPOCKET","drops":[{"name":"Tomato seed","id":5322,"quantity":1,"price":1}],"date":"Nov 15, 2023, 10:54:12 PM"}
{"name":"Master Farmer","level":-1,"killCount":-1,"type":"PICKPOCKET","drops":[{"name":"Jute seed","id":5306,"quantity":4,"price":1}],"date":"Nov 15, 2023, 10:54:13 PM"}
{"name":"Master Farmer","level":-1,"killCount":-1,"type":"PICKPOCKET","drops":[{"name":"Jute seed","id":5306,"quantity":3,"price":1}],"date":"Nov 15, 2023, 10:54:14 PM"}
{"name":"Master Farmer","level":-1,"killCount":-1,"type":"PICKPOCKET","drops":[{"name":"Nasturtium seed","id":5098,"quantity":1,"price":1}],"date":"Nov 15, 2023, 10:54:15 PM"}
{"name":"Master Farmer","level":-1,"killCount":-1,"type":"PICKPOCKET","drops":[{"name":"Hammerstone seed","id":5307,"quantity":8,"price":1}],"date":"Nov 15, 2023, 10:54:24 PM"}
{"name":"Master Farmer","level":-1,"killCount":-1,"type":"PICKPOCKET","drops":[{"name":"Redberry seed","id":5101,"quantity":1,"price":1}],"date":"Nov 16, 2023, 7:44:50 PM"}
{"name":"Master Farmer","level":-1,"killCount":-1,"type":"PICKPOCKET","drops":[{"name":"Rosemary seed","id":5097,"quantity":1,"price":1}],"date":"Nov 16, 2023, 7:44:51 PM"}
{"name":"Master Farmer","level":-1,"killCount":-1,"type":"PICKPOCKET","drops":[{"name":"Rosemary seed","id":5097,"quantity":1,"price":1}],"date":"Nov 16, 2023, 7:44:53 PM"}
{"name":"Master Farmer","level":-1,"killCount":-1,"type":"PICKPOCKET","drops":[{"name":"Tomato seed","id":5322,"quantity":1,"price":1}],"date":"Nov 16, 2023, 7:44:54 PM"}
{"name":"Master Farmer","level":-1,"killCount":-1,"type":"PICKPOCKET","drops":[{"name":"Onion seed","id":5319,"quantity":2,"price":1}],"date":"Nov 16, 2023, 7:44:55 PM"}
{"name":"Master Farmer","level":-1,"killCount":-1,"type":"PICKPOCKET","drops":[{"name":"Tomato seed","id":5322,"quantity":1,"price":1}],"date":"Nov 16, 2023, 7:44:56 PM"}
{"name":"Master Farmer","level":-1,"killCount":-1,"type":"PICKPOCKET","drops":[{"name":"Nasturtium seed","id":5098,"quantity":1,"price":1}],"date":"Nov 16, 2023, 7:44:57 PM"}
{"name":"Master Farmer","level":-1,"killCount":-1,"type":"PICKPOCKET","drops":[{"name":"Potato seed","id":5318,"quantity":1,"price":1}],"date":"Nov 16, 2023, 7:44:59 PM"}
{"name":"Master Farmer","level":-1,"killCount":-1,"type":"PICKPOCKET","drops":[{"name":"Ranarr seed","id":5295,"quantity":1,"price":19078}],"date":"Nov 16, 2023, 7:45:00 PM"}
{"name":"Master Farmer","level":-1,"killCount":-1,"type":"PICKPOCKET","drops":[{"name":"Onion seed","id":5319,"quantity":2,"price":1}],"date":"Nov 16, 2023, 7:45:05 PM"}
{"name":"Master Farmer","level":-1,"killCount":-1,"type":"PICKPOCKET","drops":[{"name":"Onion seed","id":5319,"quantity":3,"price":1}],"date":"Nov 16, 2023, 7:45:07 PM"}
{"name":"Master Farmer","level":-1,"killCount":-1,"type":"PICKPOCKET","drops":[{"name":"Jute seed","id":5306,"quantity":2,"price":1}],"date":"Nov 16, 2023, 7:45:08 PM"}
{"name":"Master Farmer","level":-1,"killCount":-1,"type":"PICKPOCKET","drops":[{"name":"Potato seed","id":5318,"quantity":2,"price":1}],"date":"Nov 16, 2023, 7:45:09 PM"}
{"name":"Master Farmer","level":-1,"killCount":-1,"type":"PICKPOCKET","drops":[{"name":"Onion seed","id":5319,"quantity":3,"price":1}],"date":"Nov 16, 2023, 7:45:11 PM"}
{"name":"Master Farmer","level":-1,"killCount":-1,"type":"PICKPOCKET","drops":[{"name":"Cabbage seed","id":5324,"quantity":3,"price":1}],"date":"Nov 16, 2023, 7:45:12 PM"}
{"name":"Master Farmer","level":-1,"killCount":-1,"type":"PICKPOCKET","drops":[{"name":"Potato seed","id":5318,"quantity":3,"price":1}],"date":"Nov 16, 2023, 7:45:14 PM"}
{"name":"Master Farmer","level":-1,"killCount":-1,"type":"PICKPOCKET","drops":[{"name":"Marigold seed","id":5096,"quantity":1,"price":1}],"date":"Nov 16, 2023, 7:45:15 PM"}
{"name":"Master Farmer","level":-1,"killCount":-1,"type":"PICKPOCKET","drops":[{"name":"Sweetcorn seed","id":5320,"quantity":1,"price":1}],"date":"Nov 16, 2023, 7:45:16 PM"}
{"name":"Master Farmer","level":-1,"killCount":-1,"type":"PICKPOCKET","drops":[{"name":"Potato seed","id":5318,"quantity":4,"price":1}],"date":"Nov 16, 2023, 7:45:17 PM"}
{"name":"Master Farmer","level":-1,"killCount":-1,"type":"PICKPOCKET","drops":[{"name":"Cabbage seed","id":5324,"quantity":1,"price":1}],"date":"Nov 16, 2023, 7:45:26 PM"}
{"name":"Master Farmer","level":-1,"killCount":-1,"type":"PICKPOCKET","drops":[{"name":"Cabbage seed","id":5324,"quantity":2,"price":1}],"date":"Nov 16, 2023, 7:45:27 PM"}
{"name":"Master Farmer","level":-1,"killCount":-1,"type":"PICKPOCKET","drops":[{"name":"Yanillian seed","id":5309,"quantity":2,"price":1}],"date":"Nov 16, 2023, 7:45:29 PM"}
{"name":"Master Farmer","level":-1,"killCount":-1,"type":"PICKPOCKET","drops":[{"name":"Tomato seed","id":5322,"quantity":1,"price":1}],"date":"Nov 16, 2023, 7:45:30 PM"}
{"name":"Master Farmer","level":-1,"killCount":-1,"type":"PICKPOCKET","drops":[{"name":"Cabbage seed","id":5324,"quantity":3,"price":1}],"date":"Nov 16, 2023, 7:45:39 PM"}
{"name":"Master Farmer","level":-1,"killCount":-1,"type":"PICKPOCKET","drops":[{"name":"Potato seed","id":5318,"quantity":2,"price":1}],"date":"Nov 16, 2023, 7:45:43 PM"}
{"name":"Master Farmer","level":-1,"killCount":-1,"type":"PICKPOCKET","drops":[{"name":"Cabbage seed","id":5324,"quantity":1,"price":1}],"date":"Nov 16, 2023, 7:45:44 PM"}
{"name":"Master Farmer","level":-1,"killCount":-1,"type":"PICKPOCKET","drops":[{"name":"Guam seed","id":5291,"quantity":1,"price":3}],"date":"Nov 16, 2023, 7:45:45 PM"}
{"name":"Master Farmer","level":-1,"killCount":-1,"type":"PICKPOCKET","drops":[{"name":"Onion seed","id":5319,"quantity":1,"price":1}],"date":"Nov 16, 2023, 7:45:47 PM"}
{"name":"Master Farmer","level":-1,"killCount":-1,"type":"PICKPOCKET","drops":[{"name":"Marrentill seed","id":5292,"quantity":1,"price":2}],"date":"Nov 16, 2023, 7:45:48 PM"}
{"name":"Master Farmer","level":-1,"killCount":-1,"type":"PICKPOCKET","drops":[{"name":"Tomato seed","id":5322,"quantity":1,"price":1}],"date":"Nov 16, 2023, 7:45:49 PM"}
{"name":"Master Farmer","level":-1,"killCount":-1,"type":"PICKPOCKET","drops":[{"name":"Onion seed","id":5319,"quantity":1,"price":1}],"date":"Nov 16, 2023, 7:45:50 PM"}
{"name":"Master Farmer","level":-1,"killCount":-1,"type":"PICKPOCKET","drops":[{"name":"Cabbage seed","id":5324,"quantity":2,"price":1}],"date":"Nov 16, 2023, 7:45:51 PM"}
{"name":"Master Farmer","level":-1,"killCount":-1,"type":"PICKPOCKET","drops":[{"name":"Toadflax seed","id":5296,"quantity":1,"price":548}],"date":"Nov 16, 2023, 7:45:53 PM"}
{"name":"Master Farmer","level":-1,"killCount":-1,"type":"PICKPOCKET","drops":[{"name":"Jute seed","id":5306,"quantity":9,"price":1}],"date":"Nov 16, 2023, 7:45:54 PM"}
{"name":"Master Farmer","level":-1,"killCount":-1,"type":"PICKPOCKET","drops":[{"name":"Barley seed","id":5305,"quantity":8,"price":1}],"date":"Nov 16, 2023, 7:45:55 PM"}
{"name":"Master Farmer","level":-1,"killCount":-1,"type":"PICKPOCKET","drops":[{"name":"Barley seed","id":5305,"quantity":12,"price":1}],"date":"Nov 16, 2023, 7:45:56 PM"}
{"name":"Master Farmer","level":-1,"killCount":-1,"type":"PICKPOCKET","drops":[{"name":"Cadavaberry seed","id":5102,"quantity":1,"price":1}],"date":"Nov 16, 2023, 7:45:57 PM"}
{"name":"Master Farmer","level":-1,"killCount":-1,"type":"PICKPOCKET","drops":[{"name":"Potato seed","id":5318,"quantity":1,"price":1}],"date":"Nov 16, 2023, 7:45:59 PM"}
{"name":"Master Farmer","level":-1,"killCount":-1,"type":"PICKPOCKET","drops":[{"name":"Marigold seed","id":5096,"quantity":1,"price":1}],"date":"Nov 16, 2023, 7:46:00 PM"}
{"name":"Master Farmer","level":-1,"killCount":-1,"type":"PICKPOCKET","drops":[{"name":"Potato seed","id":5318,"quantity":2,"price":1}],"date":"Nov 16, 2023, 7:46:01 PM"}
{"name":"Master Farmer","level":-1,"killCount":-1,"type":"PICKPOCKET","drops":[{"name":"Sweetcorn seed","id":5320,"quantity":1,"price":1}],"date":"Nov 16, 2023, 7:46:02 PM"}
{"name":"Master Farmer","level":-1,"killCount":-1,"type":"PICKPOCKET","drops":[{"name":"Tomato seed","id":5322,"quantity":1,"price":1}],"date":"Nov 16, 2023, 7:46:03 PM"}
{"name":"Master Farmer","level":-1,"killCount":-1,"type":"PICKPOCKET","drops":[{"name":"Onion seed","id":5319,"quantity":3,"price":1}],"date":"Nov 16, 2023, 7:46:11 PM"}
{"name":"Master Farmer","level":-1,"killCount":-1,"type":"PICKPOCKET","drops":[{"name":"Guam seed","id":5291,"quantity":1,"price":3}],"date":"Nov 16, 2023, 7:46:12 PM"}
{"name":"Master Farmer","level":-1,"killCount":-1,"type":"PICKPOCKET","drops":[{"name":"Watermelon seed","id":5321,"quantity":1,"price":2}],"date":"Nov 16, 2023, 7:46:14 PM"}
{"name":"Master Farmer","level":-1,"killCount":-1,"type":"PICKPOCKET","drops":[{"name":"Guam seed","id":5291,"quantity":1,"price":3}],"date":"Nov 16, 2023, 7:46:15 PM"}
{"name":"Master Farmer","level":-1,"killCount":-1,"type":"PICKPOCKET","drops":[{"name":"Marigold seed","id":5096,"quantity":1,"price":1}],"date":"Nov 16, 2023, 7:46:16 PM"}
{"name":"Master Farmer","level":-1,"killCount":-1,"type":"PICKPOCKET","drops":[{"name":"Yanillian seed","id":5309,"quantity":6,"price":1}],"date":"Nov 16, 2023, 7:46:17 PM"}
{"name":"Master Farmer","level":-1,"killCount":-1,"type":"PICKPOCKET","drops":[{"name":"Whiteberry seed","id":5105,"quantity":1,"price":1}],"date":"Nov 16, 2023, 7:46:18 PM"}
{"name":"Master Farmer","level":-1,"killCount":-1,"type":"PICKPOCKET","drops":[{"name":"Nasturtium seed","id":5098,"quantity":1,"price":1}],"date":"Nov 16, 2023, 7:46:27 PM"}
{"name":"Master Farmer","level":-1,"killCount":-1,"type":"PICKPOCKET","drops":[{"name":"Onion seed","id":5319,"quantity":2,"price":1}],"date":"Nov 16, 2023, 7:46:32 PM"}
{"name":"Master Farmer","level":-1,"killCount":-1,"type":"PICKPOCKET","drops":[{"name":"Potato seed","id":5318,"quantity":4,"price":1}],"date":"Nov 16, 2023, 7:46:33 PM"}
{"name":"Master Farmer","level":-1,"killCount":-1,"type":"PICKPOCKET","drops":[{"name":"Marigold seed","id":5096,"quantity":1,"price":1}],"date":"Nov 16, 2023, 7:46:35 PM"}
{"name":"Master Farmer","level":-1,"killCount":-1,"type":"PICKPOCKET","drops":[{"name":"Jute seed","id":5306,"quantity":8,"price":1}],"date":"Nov 16, 2023, 7:46:37 PM"}
{"name":"Master Farmer","level":-1,"killCount":-1,"type":"PICKPOCKET","drops":[{"name":"Onion seed","id":5319,"quantity":3,"price":1}],"date":"Nov 16, 2023, 7:46:38 PM"}
{"name":"Master Farmer","level":-1,"killCount":-1,"type":"PICKPOCKET","drops":[{"name":"Nasturtium seed","id":5098,"quantity":1,"price":1}],"date":"Nov 16, 2023, 7:46:39 PM"}
{"name":"Master Farmer","level":-1,"killCount":-1,"type":"PICKPOCKET","drops":[{"name":"Nasturtium seed","id":5098,"quantity":1,"price":1}],"date":"Nov 16, 2023, 7:46:41 PM"}
{"name":"Master Farmer","level":-1,"killCount":-1,"type":"PICKPOCKET","drops":[{"name":"Onion seed","id":5319,"quantity":2,"price":1}],"date":"Nov 16, 2023, 7:46:42 PM"}
{"name":"Master Farmer","level":-1,"killCount":-1,"type":"PICKPOCKET","drops":[{"name":"Potato seed","id":5318,"quantity":2,"price":1}],"date":"Nov 16, 2023, 7:46:43 PM"}
{"name":"Master Farmer","level":-1,"killCount":-1,"type":"PICKPOCKET","drops":[{"name":"Marigold seed","id":5096,"quantity":1,"price":1}],"date":"Nov 16, 2023, 7:46:44 PM"}
{"name":"Master Farmer","level":-1,"killCount":-1,"type":"PICKPOCKET","drops":[{"name":"Dwellberry seed","id":5103,"quantity":1,"price":1}],"date":"Nov 16, 2023, 7:46:45 PM"}
{"name":"Master Farmer","level":-1,"killCount":-1,"type":"PICKPOCKET","drops":[{"name":"Potato seed","id":5318,"quantity":4,"price":1}],"date":"Nov 16, 2023, 7:46:47 PM"}
{"name":"Master Farmer","level":-1,"killCount":-1,"type":"PICKPOCKET","drops":[{"name":"Tomato seed","id":5322,"quantity":2,"price":1}],"date":"Nov 16, 2023, 7:46:49 PM"}
{"name":"Master Farmer","level":-1,"killCount":-1,"type":"PICKPOCKET","drops":[{"name":"Tomato seed","id":5322,"quantity":2,"price":1}],"date":"Nov 16, 2023, 7:46:50 PM"}
{"name":"Master Farmer","level":-1,"killCount":-1,"type":"PICKPOCKET","drops":[{"name":"Potato seed","id":5318,"quantity":3,"price":1}],"date":"Nov 16, 2023, 7:46:51 PM"}
{"name":"Master Farmer","level":-1,"killCount":-1,"type":"PICKPOCKET","drops":[{"name":"Nasturtium seed","id":5098,"quantity":1,"price":1}],"date":"Nov 16, 2023, 7:46:53 PM"}
{"name":"Master Farmer","level":-1,"killCount":-1,"type":"PICKPOCKET","drops":[{"name":"Sweetcorn seed","id":5320,"quantity":2,"price":1}],"date":"Nov 16, 2023, 7:46:54 PM"}
{"name":"Master Farmer","level":-1,"killCount":-1,"type":"PICKPOCKET","drops":[{"name":"Onion seed","id":5319,"quantity":3,"price":1}],"date":"Nov 16, 2023, 7:46:55 PM"}
{"name":"Master Farmer","level":-1,"killCount":-1,"type":"PICKPOCKET","drops":[{"name":"Dwellberry seed","id":5103,"quantity":1,"price":1}],"date":"Nov 16, 2023, 7:46:57 PM"}
{"name":"Master Farmer","level":-1,"killCount":-1,"type":"PICKPOCKET","drops":[{"name":"Marigold seed","id":5096,"quantity":1,"price":1}],"date":"Nov 16, 2023, 7:47:00 PM"}
{"name":"Master Farmer","level":-1,"killCount":-1,"type":"PICKPOCKET","drops":[{"name":"Potato seed","id":5318,"quantity":1,"price":1}],"date":"Nov 16, 2023, 7:47:01 PM"}
{"name":"Master Farmer","level":-1,"killCount":-1,"type":"PICKPOCKET","drops":[{"name":"Potato seed","id":5318,"quantity":2,"price":1}],"date":"Nov 16, 2023, 7:47:02 PM"}
{"name":"Master Farmer","level":-1,"killCount":-1,"type":"PICKPOCKET","drops":[{"name":"Dwellberry seed","id":5103,"quantity":1,"price":1}],"date":"Nov 16, 2023, 7:47:12 PM"}
{"name":"Master Farmer","level":-1,"killCount":-1,"type":"PICKPOCKET","drops":[{"name":"Woad seed","id":5099,"quantity":1,"price":2}],"date":"Nov 16, 2023, 7:47:13 PM"}
{"name":"Master Farmer","level":-1,"killCount":-1,"type":"PICKPOCKET","drops":[{"name":"Onion seed","id":5319,"quantity":1,"price":1}],"date":"Nov 16, 2023, 7:47:14 PM"}
{"name":"Master Farmer","level":-1,"killCount":-1,"type":"PICKPOCKET","drops":[],"date":"Nov 16, 2023, 7:48:57 PM"}
{"name":"Master Farmer","level":-1,"killCount":-1,"type":"PICKPOCKET","drops":[{"name":"Marigold seed","id":5096,"quantity":1,"price":1}],"date":"Nov 16, 2023, 7:49:15 PM"}
{"name":"Master Farmer","level":-1,"killCount":-1,"type":"PICKPOCKET","drops":[{"name":"Cadavaberry seed","id":5102,"quantity":1,"price":1}],"date":"Nov 16, 2023, 7:49:21 PM"}
{"name":"Master Farmer","level":-1,"killCount":-1,"type":"PICKPOCKET","drops":[{"name":"Jute seed","id":5306,"quantity":4,"price":1}],"date":"Nov 16, 2023, 7:49:24 PM"}
{"name":"Master Farmer","level":-1,"killCount":-1,"type":"PICKPOCKET","drops":[{"name":"Cabbage seed","id":5324,"quantity":2,"price":1}],"date":"Nov 16, 2023, 7:49:26 PM"}
{"name":"Master Farmer","level":-1,"killCount":-1,"type":"PICKPOCKET","drops":[{"name":"Harralander seed","id":5294,"quantity":1,"price":9}],"date":"Nov 16, 2023, 7:49:27 PM"}
{"name":"Master Farmer","level":-1,"killCount":-1,"type":"PICKPOCKET","drops":[{"name":"Rosemary seed","id":5097,"quantity":1,"price":1}],"date":"Nov 16, 2023, 7:49:28 PM"}
{"name":"Master Farmer","level":-1,"killCount":-1,"type":"PICKPOCKET","drops":[{"name":"Onion seed","id":5319,"quantity":1,"price":1}],"date":"Nov 16, 2023, 7:49:29 PM"}
{"name":"Master Farmer","level":-1,"killCount":-1,"type":"PICKPOCKET","drops":[{"name":"Sweetcorn seed","id":5320,"quantity":1,"price":1}],"date":"Nov 16, 2023, 7:49:31 PM"}
{"name":"Master Farmer","level":-1,"killCount":-1,"type":"PICKPOCKET","drops":[{"name":"Rosemary seed","id":5097,"quantity":1,"price":1}],"date":"Nov 16, 2023, 7:49:33 PM"}
{"name":"Master Farmer","level":-1,"killCount":-1,"type":"PICKPOCKET","drops":[{"name":"Onion seed","id":5319,"quantity":3,"price":1}],"date":"Nov 16, 2023, 7:49:34 PM"}
{"name":"Master Farmer","level":-1,"killCount":-1,"type":"PICKPOCKET","drops":[{"name":"Onion seed","id":5319,"quantity":1,"price":1}],"date":"Nov 16, 2023, 7:49:35 PM"}
{"name":"Master Farmer","level":-1,"killCount":-1,"type":"PICKPOCKET","drops":[{"name":"Asgarnian seed","id":5308,"quantity":1,"price":1}],"date":"Nov 16, 2023, 7:49:46 PM"}
{"name":"Master Farmer","level":-1,"killCount":-1,"type":"PICKPOCKET","drops":[{"name":"Nasturtium seed","id":5098,"quantity":1,"price":1}],"date":"Nov 16, 2023, 7:49:48 PM"}
{"name":"Master Farmer","level":-1,"killCount":-1,"type":"PICKPOCKET","drops":[{"name":"Woad seed","id":5099,"quantity":1,"price":2}],"date":"Nov 16, 2023, 7:49:54 PM"}
{"name":"Master Farmer","level":-1,"killCount":-1,"type":"PICKPOCKET","drops":[{"name":"Jute seed","id":5306,"quantity":7,"price":1}],"date":"Nov 16, 2023, 7:49:56 PM"}
{"name":"Master Farmer","level":-1,"killCount":-1,"type":"PICKPOCKET","drops":[{"name":"Sweetcorn seed","id":5320,"quantity":1,"price":1}],"date":"Nov 16, 2023, 7:50:00 PM"}
{"name":"Master Farmer","level":-1,"killCount":-1,"type":"PICKPOCKET","drops":[{"name":"Woad seed","id":5099,"quantity":1,"price":2}],"date":"Nov 16, 2023, 7:50:01 PM"}
{"name":"Master Farmer","level":-1,"killCount":-1,"type":"PICKPOCKET","drops":[{"name":"Tomato seed","id":5322,"quantity":1,"price":1}],"date":"Nov 16, 2023, 7:50:05 PM"}
{"name":"Master Farmer","level":-1,"killCount":-1,"type":"PICKPOCKET","drops":[{"name":"Marigold seed","id":5096,"quantity":1,"price":1}],"date":"Nov 16, 2023, 7:50:06 PM"}
{"name":"Master Farmer","level":-1,"killCount":-1,"type":"PICKPOCKET","drops":[{"name":"Cadavaberry seed","id":5102,"quantity":1,"price":1}],"date":"Nov 16, 2023, 7:50:07 PM"}
{"name":"Master Farmer","level":-1,"killCount":-1,"type":"PICKPOCKET","drops":[{"name":"Jute seed","id":5306,"quantity":9,"price":1}],"date":"Nov 16, 2023, 7:50:08 PM"}
{"name":"Master Farmer","level":-1,"killCount":-1,"type":"PICKPOCKET","drops":[{"name":"Jute seed","id":5306,"quantity":4,"price":1}],"date":"Nov 16, 2023, 7:50:09 PM"}
{"name":"Master Farmer","level":-1,"killCount":-1,"type":"PICKPOCKET","drops":[{"name":"Tomato seed","id":5322,"quantity":1,"price":1}],"date":"Nov 16, 2023, 7:50:11 PM"}
{"name":"Master Farmer","level":-1,"killCount":-1,"type":"PICKPOCKET","drops":[],"date":"Nov 16, 2023, 7:50:19 PM"}
{"name":"Master Farmer","level":-1,"killCount":-1,"type":"PICKPOCKET","drops":[{"name":"Marigold seed","id":5096,"quantity":1,"price":1}],"date":"Nov 16, 2023, 7:50:38 PM"}
{"name":"Master Farmer","level":-1,"killCount":-1,"type":"PICKPOCKET","drops":[{"name":"Marigold seed","id":5096,"quantity":1,"price":1}],"date":"Nov 16, 2023, 7:50:39 PM"}
{"name":"Master Farmer","level":-1,"killCount":-1,"type":"PICKPOCKET","drops":[{"name":"Marigold seed","id":5096,"quantity":1,"price":1}],"date":"Nov 16, 2023, 7:50:40 PM"}
{"name":"Master Farmer","level":-1,"killCount":-1,"type":"PICKPOCKET","drops":[{"name":"Jute seed","id":5306,"quantity":2,"price":1}],"date":"Nov 16, 2023, 7:50:42 PM"}
{"name":"Master Farmer","level":-1,"killCount":-1,"type":"PICKPOCKET","drops":[{"name":"Sweetcorn seed","id":5320,"quantity":1,"price":1}],"date":"Nov 16, 2023, 7:51:05 PM"}
{"name":"Master Farmer","level":-1,"killCount":-1,"type":"PICKPOCKET","drops":[{"name":"Snape grass seed","id":22879,"quantity":1,"price":2532}],"date":"Nov 16, 2023, 7:51:07 PM"}
{"name":"Master Farmer","level":-1,"killCount":-1,"type":"PICKPOCKET","drops":[{"name":"Marigold seed","id":5096,"quantity":1,"price":1}],"date":"Nov 16, 2023, 7:51:23 PM"}
{"name":"Master Farmer","level":-1,"killCount":-1,"type":"PICKPOCKET","drops":[{"name":"Marigold seed","id":5096,"quantity":1,"price":1}],"date":"Nov 16, 2023, 7:51:26 PM"}
{"name":"Master Farmer","level":-1,"killCount":-1,"type":"PICKPOCKET","drops":[{"name":"Sweetcorn seed","id":5320,"quantity":2,"price":1}],"date":"Nov 16, 2023, 7:51:37 PM"}
{"name":"Master Farmer","level":-1,"killCount":-1,"type":"PICKPOCKET","drops":[{"name":"Nasturtium seed","id":5098,"quantity":1,"price":1}],"date":"Nov 16, 2023, 7:51:40 PM"}
{"name":"Master Farmer","level":-1,"killCount":-1,"type":"PICKPOCKET","drops":[{"name":"Asgarnian seed","id":5308,"quantity":6,"price":1}],"date":"Nov 16, 2023, 7:51:45 PM"}
{"name":"Master Farmer","level":-1,"killCount":-1,"type":"PICKPOCKET","drops":[{"name":"Krandorian seed","id":5310,"quantity":4,"price":2}],"date":"Nov 16, 2023, 7:51:46 PM"}
{"name":"Master Farmer","level":-1,"killCount":-1,"type":"PICKPOCKET","drops":[{"name":"Redberry seed","id":5101,"quantity":1,"price":1}],"date":"Nov 16, 2023, 7:51:47 PM"}
{"name":"Master Farmer","level":-1,"killCount":-1,"type":"PICKPOCKET","drops":[{"name":"Nasturtium seed","id":5098,"quantity":1,"price":1}],"date":"Nov 16, 2023, 7:51:49 PM"}
{"name":"Master Farmer","level":-1,"killCount":-1,"type":"PICKPOCKET","drops":[{"name":"Redberry seed","id":5101,"quantity":1,"price":1}],"date":"Nov 16, 2023, 7:51:50 PM"}
{"name":"Master Farmer","level":-1,"killCount":-1,"type":"PICKPOCKET","drops":[{"name":"Asgarnian seed","id":5308,"quantity":5,"price":1}],"date":"Nov 16, 2023, 7:51:52 PM"}
{"name":"Master Farmer","level":-1,"killCount":-1,"type":"PICKPOCKET","drops":[{"name":"Redberry seed","id":5101,"quantity":1,"price":1}],"date":"Nov 16, 2023, 7:52:10 PM"}
{"name":"Master Farmer","level":-1,"killCount":-1,"type":"PICKPOCKET","drops":[{"name":"Marigold seed","id":5096,"quantity":1,"price":1}],"date":"Nov 16, 2023, 7:52:11 PM"}
{"name":"Master Farmer","level":-1,"killCount":-1,"type":"PICKPOCKET","drops":[{"name":"Guam seed","id":5291,"quantity":1,"price":3}],"date":"Nov 16, 2023, 7:52:12 PM"}
{"name":"Master Farmer","level":-1,"killCount":-1,"type":"PICKPOCKET","drops":[{"name":"Jangerberry seed","id":5104,"quantity":1,"price":1}],"date":"Nov 16, 2023, 7:52:13 PM"}
{"name":"Master Farmer","level":-1,"killCount":-1,"type":"PICKPOCKET","drops":[{"name":"Jangerberry seed","id":5104,"quantity":1,"price":1}],"date":"Nov 16, 2023, 7:52:18 PM"}
{"name":"Master Farmer","level":-1,"killCount":-1,"type":"PICKPOCKET","drops":[{"name":"Tomato seed","id":5322,"quantity":2,"price":1}],"date":"Nov 16, 2023, 7:52:19 PM"}
{"name":"Master Farmer","level":-1,"killCount":-1,"type":"PICKPOCKET","drops":[{"name":"Jute seed","id":5306,"quantity":8,"price":1}],"date":"Nov 16, 2023, 7:52:25 PM"}
{"name":"Master Farmer","level":-1,"killCount":-1,"type":"PICKPOCKET","drops":[{"name":"Jute seed","id":5306,"quantity":8,"price":1}],"date":"Nov 16, 2023, 7:52:26 PM"}
{"name":"Master Farmer","level":-1,"killCount":-1,"type":"PICKPOCKET","drops":[{"name":"Marigold seed","id":5096,"quantity":1,"price":1}],"date":"Nov 16, 2023, 7:52:28 PM"}
{"name":"Master Farmer","level":-1,"killCount":-1,"type":"PICKPOCKET","drops":[{"name":"Redberry seed","id":5101,"quantity":1,"price":1}],"date":"Nov 16, 2023, 7:52:31 PM"}
{"name":"Master Farmer","level":-1,"killCount":-1,"type":"PICKPOCKET","drops":[{"name":"Strawberry seed","id":5323,"quantity":1,"price":2}],"date":"Nov 16, 2023, 7:52:33 PM"}
{"name":"Master Farmer","level":-1,"killCount":-1,"type":"PICKPOCKET","drops":[{"name":"Cadavaberry seed","id":5102,"quantity":1,"price":1}],"date":"Nov 16, 2023, 7:52:54 PM"}
{"name":"Master Farmer","level":-1,"killCount":-1,"type":"PICKPOCKET","drops":[{"name":"Ranarr seed","id":5295,"quantity":1,"price":19078}],"date":"Nov 16, 2023, 7:52:56 PM"}
{"name":"Master Farmer","level":-1,"killCount":-1,"type":"PICKPOCKET","drops":[{"name":"Tomato seed","id":5322,"quantity":2,"price":1}],"date":"Nov 16, 2023, 7:52:59 PM"}
{"name":"Master Farmer","level":-1,"killCount":-1,"type":"PICKPOCKET","drops":[{"name":"Asgarnian seed","id":5308,"quantity":6,"price":1}],"date":"Nov 16, 2023, 7:53:02 PM"}
{"name":"Master Farmer","level":-1,"killCount":-1,"type":"PICKPOCKET","drops":[{"name":"Dwellberry seed","id":5103,"quantity":1,"price":1}],"date":"Nov 16, 2023, 7:53:06 PM"}
{"name":"Master Farmer","level":-1,"killCount":-1,"type":"PICKPOCKET","drops":[{"name":"Jute seed","id":5306,"quantity":2,"price":1}],"date":"Nov 16, 2023, 7:53:12 PM"}
{"name":"Master Farmer","level":-1,"killCount":-1,"type":"PICKPOCKET","drops":[{"name":"Jute seed","id":5306,"quantity":4,"price":1}],"date":"Nov 16, 2023, 7:53:13 PM"}
{"name":"Master Farmer","level":-1,"killCount":-1,"type":"PICKPOCKET","drops":[{"name":"Sweetcorn seed","id":5320,"quantity":2,"price":1}],"date":"Nov 16, 2023, 7:53:14 PM"}
{"name":"Master Farmer","level":-1,"killCount":-1,"type":"PICKPOCKET","drops":[{"name":"Redberry seed","id":5101,"quantity":1,"price":1}],"date":"Nov 16, 2023, 7:53:16 PM"}
{"name":"Master Farmer","level":-1,"killCount":-1,"type":"PICKPOCKET","drops":[{"name":"Guam seed","id":5291,"quantity":1,"price":3}],"date":"Nov 16, 2023, 7:53:17 PM"}
{"name":"Master Farmer","level":-1,"killCount":-1,"type":"PICKPOCKET","drops":[{"name":"Tomato seed","id":5322,"quantity":2,"price":1}],"date":"Nov 16, 2023, 7:53:18 PM"}
{"name":"Master Farmer","level":-1,"killCount":-1,"type":"PICKPOCKET","drops":[{"name":"Nasturtium seed","id":5098,"quantity":1,"price":1}],"date":"Nov 16, 2023, 7:53:19 PM"}
{"name":"Master Farmer","level":-1,"killCount":-1,"type":"PICKPOCKET","drops":[{"name":"Cadavaberry seed","id":5102,"quantity":1,"price":1}],"date":"Nov 16, 2023, 7:53:23 PM"}
{"name":"Master Farmer","level":-1,"killCount":-1,"type":"PICKPOCKET","drops":[{"name":"Marigold seed","id":5096,"quantity":1,"price":1}],"date":"Nov 16, 2023, 7:53:31 PM"}
{"name":"Master Farmer","level":-1,"killCount":-1,"type":"PICKPOCKET","drops":[{"name":"Nasturtium seed","id":5098,"quantity":1,"price":1}],"date":"Nov 16, 2023, 7:53:35 PM"}
{"name":"Master Farmer","level":-1,"killCount":-1,"type":"PICKPOCKET","drops":[{"name":"Asgarnian seed","id":5308,"quantity":6,"price":1}],"date":"Nov 16, 2023, 7:53:46 PM"}
{"name":"Master Farmer","level":-1,"killCount":-1,"type":"PICKPOCKET","drops":[{"name":"Dwellberry seed","id":5103,"quantity":1,"price":1}],"date":"Nov 16, 2023, 7:53:49 PM"}
{"name":"Master Farmer","level":-1,"killCount":-1,"type":"PICKPOCKET","drops":[{"name":"Nasturtium seed","id":5098,"quantity":1,"price":1}],"date":"Nov 16, 2023, 7:53:50 PM"}
{"name":"Master Farmer","level":-1,"killCount":-1,"type":"PICKPOCKET","drops":[{"name":"Tomato seed","id":5322,"quantity":1,"price":1}],"date":"Nov 16, 2023, 7:53:52 PM"}
{"name":"Master Farmer","level":-1,"killCount":-1,"type":"PICKPOCKET","drops":[{"name":"Ranarr seed","id":5295,"quantity":1,"price":19078}],"date":"Nov 16, 2023, 7:54:01 PM"}
{"name":"Master Farmer","level":-1,"killCount":-1,"type":"PICKPOCKET","drops":[{"name":"Nasturtium seed","id":5098,"quantity":1,"price":1}],"date":"Nov 16, 2023, 7:54:03 PM"}
{"name":"Master Farmer","level":-1,"killCount":-1,"type":"PICKPOCKET","drops":[{"name":"Asgarnian seed","id":5308,"quantity":6,"price":1}],"date":"Nov 16, 2023, 7:54:04 PM"}
{"name":"Master Farmer","level":-1,"killCount":-1,"type":"PICKPOCKET","drops":[{"name":"Asgarnian seed","id":5308,"quantity":1,"price":1}],"date":"Nov 16, 2023, 7:54:05 PM"}
{"name":"Master Farmer","level":-1,"killCount":-1,"type":"PICKPOCKET","drops":[{"name":"Jute seed","id":5306,"quantity":3,"price":1}],"date":"Nov 16, 2023, 7:54:08 PM"}
{"name":"Master Farmer","level":-1,"killCount":-1,"type":"PICKPOCKET","drops":[{"name":"Strawberry seed","id":5323,"quantity":1,"price":2}],"date":"Nov 16, 2023, 7:54:10 PM"}
{"name":"Master Farmer","level":-1,"killCount":-1,"type":"PICKPOCKET","drops":[{"name":"Guam seed","id":5291,"quantity":1,"price":3}],"date":"Nov 16, 2023, 7:54:13 PM"}
{"name":"Master Farmer","level":-1,"killCount":-1,"type":"PICKPOCKET","drops":[{"name":"Dwellberry seed","id":5103,"quantity":1,"price":1}],"date":"Nov 16, 2023, 7:54:14 PM"}
{"name":"Master Farmer","level":-1,"killCount":-1,"type":"PICKPOCKET","drops":[{"name":"Asgarnian seed","id":5308,"quantity":4,"price":1}],"date":"Nov 16, 2023, 7:54:17 PM"}
{"name":"Master Farmer","level":-1,"killCount":-1,"type":"PICKPOCKET","drops":[{"name":"Jute seed","id":5306,"quantity":5,"price":1}],"date":"Nov 16, 2023, 7:54:19 PM"}
{"name":"Master Farmer","level":-1,"killCount":-1,"type":"PICKPOCKET","drops":[{"name":"Rosemary seed","id":5097,"quantity":1,"price":1}],"date":"Nov 16, 2023, 7:54:20 PM"}
{"name":"Master Farmer","level":-1,"killCount":-1,"type":"PICKPOCKET","drops":[{"name":"Nasturtium seed","id":5098,"quantity":1,"price":1}],"date":"Nov 16, 2023, 7:54:30 PM"}
{"name":"Master Farmer","level":-1,"killCount":-1,"type":"PICKPOCKET","drops":[{"name":"Tomato seed","id":5322,"quantity":1,"price":1}],"date":"Nov 16, 2023, 7:54:32 PM"}
{"name":"Master Farmer","level":-1,"killCount":-1,"type":"PICKPOCKET","drops":[{"name":"Redberry seed","id":5101,"quantity":1,"price":1}],"date":"Nov 16, 2023, 7:54:45 PM"}
{"name":"Master Farmer","level":-1,"killCount":-1,"type":"PICKPOCKET","drops":[{"name":"Redberry seed","id":5101,"quantity":1,"price":1}],"date":"Nov 16, 2023, 7:54:53 PM"}
{"name":"Master Farmer","level":-1,"killCount":-1,"type":"PICKPOCKET","drops":[{"name":"Redberry seed","id":5101,"quantity":1,"price":1}],"date":"Nov 16, 2023, 7:54:55 PM"}
{"name":"Master Farmer","level":-1,"killCount":-1,"type":"PICKPOCKET","drops":[{"name":"Asgarnian seed","id":5308,"quantity":2,"price":1}],"date":"Nov 16, 2023, 7:55:02 PM"}
{"name":"Master Farmer","level":-1,"killCount":-1,"type":"PICKPOCKET","drops":[{"name":"Strawberry seed","id":5323,"quantity":1,"price":2}],"date":"Nov 16, 2023, 7:55:03 PM"}
{"name":"Master Farmer","level":-1,"killCount":-1,"type":"PICKPOCKET","drops":[{"name":"Marigold seed","id":5096,"quantity":1,"price":1}],"date":"Nov 16, 2023, 7:55:04 PM"}
{"name":"Master Farmer","level":-1,"killCount":-1,"type":"PICKPOCKET","drops":[{"name":"Marigold seed","id":5096,"quantity":1,"price":1}],"date":"Nov 16, 2023, 7:55:05 PM"}
{"name":"Master Farmer","level":-1,"killCount":-1,"type":"PICKPOCKET","drops":[{"name":"Marigold seed","id":5096,"quantity":1,"price":1}],"date":"Nov 16, 2023, 7:55:09 PM"}
{"name":"Master Farmer","level":-1,"killCount":-1,"type":"PICKPOCKET","drops":[{"name":"Dwellberry seed","id":5103,"quantity":1,"price":1}],"date":"Nov 16, 2023, 7:55:22 PM"}
{"name":"Master Farmer","level":-1,"killCount":-1,"type":"PICKPOCKET","drops":[{"name":"Dwellberry seed","id":5103,"quantity":1,"price":1}],"date":"Nov 16, 2023, 7:55:23 PM"}
{"name":"Master Farmer","level":-1,"killCount":-1,"type":"PICKPOCKET","drops":[{"name":"Asgarnian seed","id":5308,"quantity":1,"price":1}],"date":"Nov 16, 2023, 7:55:25 PM"}
{"name":"Master Farmer","level":-1,"killCount":-1,"type":"PICKPOCKET","drops":[{"name":"Guam seed","id":5291,"quantity":1,"price":3}],"date":"Nov 16, 2023, 7:55:26 PM"}
{"name":"Master Farmer","level":-1,"killCount":-1,"type":"PICKPOCKET","drops":[{"name":"Tomato seed","id":5322,"quantity":2,"price":1}],"date":"Nov 16, 2023, 7:55:29 PM"}
{"name":"Master Farmer","level":-1,"killCount":-1,"type":"PICKPOCKET","drops":[{"name":"Jute seed","id":5306,"quantity":5,"price":1}],"date":"Nov 16, 2023, 7:55:34 PM"}
{"name":"Master Farmer","level":-1,"killCount":-1,"type":"PICKPOCKET","drops":[{"name":"Nasturtium seed","id":5098,"quantity":1,"price":1}],"date":"Nov 16, 2023, 7:55:35 PM"}
{"name":"Master Farmer","level":-1,"killCount":-1,"type":"PICKPOCKET","drops":[{"name":"Asgarnian seed","id":5308,"quantity":6,"price":1}],"date":"Nov 16, 2023, 7:55:36 PM"}
{"name":"Master Farmer","level":-1,"killCount":-1,"type":"PICKPOCKET","drops":[],"date":"Nov 16, 2023, 7:55:52 PM"}
{"name":"Master Farmer","level":-1,"killCount":-1,"type":"PICKPOCKET","drops":[{"name":"Marigold seed","id":5096,"quantity":1,"price":1}],"date":"Nov 16, 2023, 7:55:56 PM"}
{"name":"Master Farmer","level":-1,"killCount":-1,"type":"PICKPOCKET","drops":[{"name":"Marrentill seed","id":5292,"quantity":1,"price":2}],"date":"Nov 16, 2023, 7:55:57 PM"}
{"name":"Master Farmer","level":-1,"killCount":-1,"type":"PICKPOCKET","drops":[{"name":"Nasturtium seed","id":5098,"quantity":1,"price":1}],"date":"Nov 16, 2023, 7:55:58 PM"}
{"name":"Master Farmer","level":-1,"killCount":-1,"type":"PICKPOCKET","drops":[{"name":"Asgarnian seed","id":5308,"quantity":3,"price":1}],"date":"Nov 16, 2023, 7:55:59 PM"}
{"name":"Master Farmer","level":-1,"killCount":-1,"type":"PICKPOCKET","drops":[{"name":"Jute seed","id":5306,"quantity":2,"price":1}],"date":"Nov 16, 2023, 7:56:41 PM"}
{"name":"Master Farmer","level":-1,"killCount":-1,"type":"PICKPOCKET","drops":[{"name":"Nasturtium seed","id":5098,"quantity":1,"price":1}],"date":"Nov 16, 2023, 7:56:43 PM"}
{"name":"Master Farmer","level":-1,"killCount":-1,"type":"PICKPOCKET","drops":[{"name":"Asgarnian seed","id":5308,"quantity":6,"price":1}],"date":"Nov 16, 2023, 7:57:07 PM"}
{"name":"Master Farmer","level":-1,"killCount":-1,"type":"PICKPOCKET","drops":[{"name":"Tomato seed","id":5322,"quantity":2,"price":1}],"date":"Nov 16, 2023, 7:57:12 PM"}
{"name":"Master Farmer","level":-1,"killCount":-1,"type":"PICKPOCKET","drops":[{"name":"Tomato seed","id":5322,"quantity":1,"price":1}],"date":"Nov 16, 2023, 7:57:13 PM"}
{"name":"Master Farmer","level":-1,"killCount":-1,"type":"PICKPOCKET","drops":[{"name":"Watermelon seed","id":5321,"quantity":1,"price":2}],"date":"Nov 16, 2023, 7:57:16 PM"}
{"name":"Master Farmer","level":-1,"killCount":-1,"type":"PICKPOCKET","drops":[{"name":"Marigold seed","id":5096,"quantity":1,"price":1}],"date":"Nov 16, 2023, 7:57:19 PM"}
{"name":"Master Farmer","level":-1,"killCount":-1,"type":"PICKPOCKET","drops":[{"name":"Tarromin seed","id":5293,"quantity":1,"price":9}],"date":"Nov 16, 2023, 7:57:28 PM"}
{"name":"Master Farmer","level":-1,"killCount":-1,"type":"PICKPOCKET","drops":[{"name":"Weeds","id":6055,"quantity":1,"price":114}],"date":"Nov 16, 2023, 7:57:34 PM"}
{"name":"Master Farmer","level":-1,"killCount":-1,"type":"PICKPOCKET","drops":[{"name":"Onion seed","id":5319,"quantity":2,"price":1},{"name":"Cadavaberry seed","id":5102,"quantity":1,"price":1}],"date":"Nov 16, 2023, 8:36:40 PM"}
