{"name":"Vyre","level":-1,"killCount":-1,"type":"PICKPOCKET","drops":[{"name":"Death rune","id":560,"quantity":4,"price":162}],"date":"Feb 11, 2023, 11:12:12 PM"}
{"name":"Vyre","level":-1,"killCount":-1,"type":"PICKPOCKET","drops":[{"name":"Coins","id":995,"quantity":230,"price":1},{"name":"Coin pouch","id":24703,"quantity":1,"price":0}],"date":"Feb 11, 2023, 11:12:21 PM"}
{"name":"Vyre","level":-1,"killCount":-1,"type":"PICKPOCKET","drops":[{"name":"Coins","id":995,"quantity":230,"price":1},{"name":"Coin pouch","id":24703,"quantity":1,"price":0}],"date":"Feb 11, 2023, 11:12:35 PM"}
{"name":"Vyre","level":-1,"killCount":-1,"type":"PICKPOCKET","drops":[{"name":"Coins","id":995,"quantity":230,"price":1},{"name":"Coin pouch","id":24703,"quantity":1,"price":0}],"date":"Feb 11, 2023, 11:12:36 PM"}
{"name":"Vyre","level":-1,"killCount":-1,"type":"PICKPOCKET","drops":[{"name":"Coins","id":995,"quantity":230,"price":1},{"name":"Coin pouch","id":24703,"quantity":1,"price":0}],"date":"Feb 11, 2023, 11:12:37 PM"}
{"name":"Vyre","level":-1,"killCount":-1,"type":"PICKPOCKET","drops":[{"name":"Coins","id":995,"quantity":230,"price":1},{"name":"Coin pouch","id":24703,"quantity":1,"price":0}],"date":"Feb 11, 2023, 11:12:53 PM"}
{"name":"Vyre","level":-1,"killCount":-1,"type":"PICKPOCKET","drops":[{"name":"Coins","id":995,"quantity":230,"price":1},{"name":"Coin pouch","id":24703,"quantity":1,"price":0}],"date":"Feb 11, 2023, 11:12:54 PM"}
{"name":"Vyre","level":-1,"killCount":-1,"type":"PICKPOCKET","drops":[{"name":"Coins","id":995,"quantity":230,"price":1},{"name":"Coin pouch","id":24703,"quantity":1,"price":0}],"date":"Feb 11, 2023, 11:13:09 PM"}
{"name":"Vyre","level":-1,"killCount":-1,"type":"PICKPOCKET","drops":[{"name":"Coins","id":995,"quantity":230,"price":1},{"name":"Coin pouch","id":24703,"quantity":1,"price":0}],"date":"Feb 11, 2023, 11:13:23 PM"}
{"name":"Vyre","level":-1,"killCount":-1,"type":"PICKPOCKET","drops":[{"name":"Coins","id":995,"quantity":230,"price":1},{"name":"Coin pouch","id":24703,"quantity":1,"price":0}],"date":"Feb 11, 2023, 11:13:24 PM"}
{"name":"Vyre","level":-1,"killCount":-1,"type":"PICKPOCKET","drops":[{"name":"Coins","id":995,"quantity":230,"price":1},{"name":"Coin pouch","id":24703,"quantity":1,"price":0}],"date":"Feb 11, 2023, 11:13:31 PM"}
{"name":"Vyre","level":-1,"killCount":-1,"type":"PICKPOCKET","drops":[{"name":"Coins","id":995,"quantity":230,"price":1},{"name":"Coin pouch","id":24703,"quantity":1,"price":0}],"date":"Feb 11, 2023, 11:13:41 PM"}
{"name":"Vyre","level":-1,"killCount":-1,"type":"PICKPOCKET","drops":[{"name":"Coins","id":995,"quantity":230,"price":1},{"name":"Coin pouch","id":24703,"quantity":1,"price":0}],"date":"Feb 11, 2023, 11:13:42 PM"}
{"name":"Vyre","level":-1,"killCount":-1,"type":"PICKPOCKET","drops":[{"name":"Coins","id":995,"quantity":230,"price":1},{"name":"Coin pouch","id":24703,"quantity":1,"price":0}],"date":"Feb 11, 2023, 11:13:43 PM"}
{"name":"Vyre","level":-1,"killCount":-1,"type":"PICKPOCKET","drops":[{"name":"Coins","id":995,"quantity":230,"price":1},{"name":"Coin pouch","id":24703,"quantity":1,"price":0}],"date":"Feb 11, 2023, 11:13:45 PM"}
{"name":"Vyre","level":-1,"killCount":-1,"type":"PICKPOCKET","drops":[{"name":"Coins","id":995,"quantity":230,"price":1},{"name":"Coin pouch","id":24703,"quantity":1,"price":0}],"date":"Feb 11, 2023, 11:13:46 PM"}
{"name":"Vyre","level":-1,"killCount":-1,"type":"PICKPOCKET","drops":[{"name":"Coins","id":995,"quantity":230,"price":1},{"name":"Coin pouch","id":24703,"quantity":1,"price":0}],"date":"Feb 11, 2023, 11:13:53 PM"}
{"name":"Vyre","level":-1,"killCount":-1,"type":"PICKPOCKET","drops":[{"name":"Coins","id":995,"quantity":230,"price":1},{"name":"Coin pouch","id":24703,"quantity":1,"price":0}],"date":"Feb 11, 2023, 11:14:24 PM"}
{"name":"Vyre","level":-1,"killCount":-1,"type":"PICKPOCKET","drops":[{"name":"Coins","id":995,"quantity":230,"price":1},{"name":"Coin pouch","id":24703,"quantity":1,"price":0}],"date":"Feb 11, 2023, 11:14:33 PM"}
{"name":"Vyre","level":-1,"killCount":-1,"type":"PICKPOCKET","drops":[{"name":"Coins","id":995,"quantity":230,"price":1},{"name":"Coin pouch","id":24703,"quantity":1,"price":0}],"date":"Feb 11, 2023, 11:14:52 PM"}
{"name":"Vyre","level":-1,"killCount":-1,"type":"PICKPOCKET","drops":[{"name":"Cooked mystery meat","id":24785,"quantity":2,"price":171}],"date":"Feb 11, 2023, 11:15:27 PM"}
{"name":"Vyre","level":-1,"killCount":-1,"type":"PICKPOCKET","drops":[{"name":"Coins","id":995,"quantity":230,"price":1},{"name":"Coin pouch","id":24703,"quantity":1,"price":0}],"date":"Feb 11, 2023, 11:15:42 PM"}
{"name":"Vyre","level":-1,"killCount":-1,"type":"PICKPOCKET","drops":[{"name":"Coins","id":995,"quantity":230,"price":1},{"name":"Coin pouch","id":24703,"quantity":1,"price":0}],"date":"Feb 11, 2023, 11:15:49 PM"}
{"name":"Vyre","level":-1,"killCount":-1,"type":"PICKPOCKET","drops":[{"name":"Coins","id":995,"quantity":230,"price":1},{"name":"Coin pouch","id":24703,"quantity":1,"price":0}],"date":"Feb 11, 2023, 11:15:51 PM"}
{"name":"Vyre","level":-1,"killCount":-1,"type":"PICKPOCKET","drops":[{"name":"Uncut ruby","id":1619,"quantity":2,"price":1089}],"date":"Feb 11, 2023, 11:15:52 PM"}
{"name":"Vyre","level":-1,"killCount":-1,"type":"PICKPOCKET","drops":[{"name":"Blood pint","id":24774,"quantity":2,"price":54}],"date":"Feb 11, 2023, 11:16:02 PM"}
{"name":"Vyre","level":-1,"killCount":-1,"type":"PICKPOCKET","drops":[{"name":"Coins","id":995,"quantity":230,"price":1},{"name":"Coin pouch","id":24703,"quantity":1,"price":0}],"date":"Feb 11, 2023, 11:16:03 PM"}
{"name":"Vyre","level":-1,"killCount":-1,"type":"PICKPOCKET","drops":[{"name":"Coins","id":995,"quantity":230,"price":1},{"name":"Coin pouch","id":24703,"quantity":1,"price":0}],"date":"Feb 11, 2023, 11:16:04 PM"}
{"name":"Vyre","level":-1,"killCount":-1,"type":"PICKPOCKET","drops":[{"name":"Blood rune","id":565,"quantity":8,"price":199}],"date":"Feb 11, 2023, 11:16:06 PM"}
{"name":"Vyre","level":-1,"killCount":-1,"type":"PICKPOCKET","drops":[{"name":"Coins","id":995,"quantity":230,"price":1},{"name":"Coin pouch","id":24703,"quantity":1,"price":0}],"date":"Feb 11, 2023, 11:16:07 PM"}
{"name":"Vyre","level":-1,"killCount":-1,"type":"PICKPOCKET","drops":[{"name":"Coins","id":995,"quantity":230,"price":1},{"name":"Coin pouch","id":24703,"quantity":1,"price":0}],"date":"Feb 11, 2023, 11:16:12 PM"}
{"name":"Vyre","level":-1,"killCount":-1,"type":"PICKPOCKET","drops":[{"name":"Uncut ruby","id":1619,"quantity":2,"price":1089}],"date":"Feb 11, 2023, 11:16:28 PM"}
{"name":"Vyre","level":-1,"killCount":-1,"type":"PICKPOCKET","drops":[{"name":"Coins","id":995,"quantity":230,"price":1},{"name":"Coin pouch","id":24703,"quantity":1,"price":0}],"date":"Feb 11, 2023, 11:16:30 PM"}
{"name":"Vyre","level":-1,"killCount":-1,"type":"PICKPOCKET","drops":[{"name":"Coins","id":995,"quantity":230,"price":1},{"name":"Coin pouch","id":24703,"quantity":1,"price":0}],"date":"Feb 11, 2023, 11:16:49 PM"}
{"name":"Vyre","level":-1,"killCount":-1,"type":"PICKPOCKET","drops":[{"name":"Coins","id":995,"quantity":230,"price":1},{"name":"Coin pouch","id":24703,"quantity":1,"price":0}],"date":"Feb 11, 2023, 11:16:56 PM"}
{"name":"Vyre","level":-1,"killCount":-1,"type":"PICKPOCKET","drops":[{"name":"Coins","id":995,"quantity":230,"price":1},{"name":"Coin pouch","id":24703,"quantity":1,"price":0}],"date":"Feb 11, 2023, 11:17:04 PM"}
{"name":"Vyre","level":-1,"killCount":-1,"type":"PICKPOCKET","drops":[{"name":"Coins","id":995,"quantity":230,"price":1},{"name":"Coin pouch","id":24703,"quantity":1,"price":0}],"date":"Feb 11, 2023, 11:17:06 PM"}
{"name":"Vyre","level":-1,"killCount":-1,"type":"PICKPOCKET","drops":[{"name":"Death rune","id":560,"quantity":4,"price":162}],"date":"Feb 11, 2023, 11:17:19 PM"}
{"name":"Vyre","level":-1,"killCount":-1,"type":"PICKPOCKET","drops":[{"name":"Coins","id":995,"quantity":230,"price":1},{"name":"Coin pouch","id":24703,"quantity":1,"price":0}],"date":"Feb 11, 2023, 11:17:20 PM"}
{"name":"Vyre","level":-1,"killCount":-1,"type":"PICKPOCKET","drops":[{"name":"Coins","id":995,"quantity":230,"price":1},{"name":"Coin pouch","id":24703,"quantity":1,"price":0}],"date":"Feb 11, 2023, 11:17:21 PM"}
{"name":"Vyre","level":-1,"killCount":-1,"type":"PICKPOCKET","drops":[{"name":"Uncut ruby","id":1619,"quantity":2,"price":1089}],"date":"Feb 11, 2023, 11:17:22 PM"}
{"name":"Vyre","level":-1,"killCount":-1,"type":"PICKPOCKET","drops":[{"name":"Coins","id":995,"quantity":230,"price":1},{"name":"Coin pouch","id":24703,"quantity":1,"price":0}],"date":"Feb 11, 2023, 11:17:24 PM"}
{"name":"Vyre","level":-1,"killCount":-1,"type":"PICKPOCKET","drops":[{"name":"Uncut ruby","id":1619,"quantity":2,"price":1089}],"date":"Feb 11, 2023, 11:17:31 PM"}
{"name":"Vyre","level":-1,"killCount":-1,"type":"PICKPOCKET","drops":[{"name":"Coins","id":995,"quantity":230,"price":1},{"name":"Coin pouch","id":24703,"quantity":1,"price":0}],"date":"Feb 11, 2023, 11:17:32 PM"}
{"name":"Vyre","level":-1,"killCount":-1,"type":"PICKPOCKET","drops":[{"name":"Coins","id":995,"quantity":230,"price":1},{"name":"Coin pouch","id":24703,"quantity":1,"price":0}],"date":"Feb 11, 2023, 11:17:51 PM"}
{"name":"Vyre","level":-1,"killCount":-1,"type":"PICKPOCKET","drops":[{"name":"Coins","id":995,"quantity":230,"price":1},{"name":"Coin pouch","id":24703,"quantity":1,"price":0}],"date":"Feb 11, 2023, 11:17:52 PM"}
{"name":"Vyre","level":-1,"killCount":-1,"type":"PICKPOCKET","drops":[{"name":"Coins","id":995,"quantity":230,"price":1},{"name":"Coin pouch","id":24703,"quantity":1,"price":0}],"date":"Feb 11, 2023, 11:17:53 PM"}
{"name":"Vyre","level":-1,"killCount":-1,"type":"PICKPOCKET","drops":[{"name":"Coins","id":995,"quantity":230,"price":1},{"name":"Coin pouch","id":24703,"quantity":1,"price":0}],"date":"Feb 11, 2023, 11:18:00 PM"}
{"name":"Vyre","level":-1,"killCount":-1,"type":"PICKPOCKET","drops":[{"name":"Coins","id":995,"quantity":230,"price":1},{"name":"Coin pouch","id":24703,"quantity":1,"price":0}],"date":"Feb 11, 2023, 11:18:01 PM"}
{"name":"Vyre","level":-1,"killCount":-1,"type":"PICKPOCKET","drops":[{"name":"Coins","id":995,"quantity":230,"price":1},{"name":"Coin pouch","id":24703,"quantity":1,"price":0}],"date":"Feb 11, 2023, 11:18:03 PM"}
{"name":"Vyre","level":-1,"killCount":-1,"type":"PICKPOCKET","drops":[{"name":"Coins","id":995,"quantity":230,"price":1},{"name":"Coin pouch","id":24703,"quantity":1,"price":0}],"date":"Feb 11, 2023, 11:18:04 PM"}
{"name":"Vyre","level":-1,"killCount":-1,"type":"PICKPOCKET","drops":[{"name":"Coins","id":995,"quantity":230,"price":1},{"name":"Coin pouch","id":24703,"quantity":1,"price":0}],"date":"Feb 11, 2023, 11:18:18 PM"}
{"name":"Vyre","level":-1,"killCount":-1,"type":"PICKPOCKET","drops":[{"name":"Coins","id":995,"quantity":230,"price":1},{"name":"Coin pouch","id":24703,"quantity":1,"price":0}],"date":"Feb 11, 2023, 11:18:26 PM"}
{"name":"Vyre","level":-1,"killCount":-1,"type":"PICKPOCKET","drops":[{"name":"Blood pint","id":24774,"quantity":2,"price":54}],"date":"Feb 11, 2023, 11:19:36 PM"}
{"name":"Vyre","level":-1,"killCount":-1,"type":"PICKPOCKET","drops":[{"name":"Coins","id":995,"quantity":230,"price":1},{"name":"Coin pouch","id":24703,"quantity":1,"price":0}],"date":"Feb 11, 2023, 11:20:19 PM"}
{"name":"Vyre","level":-1,"killCount":-1,"type":"PICKPOCKET","drops":[{"name":"Uncut ruby","id":1619,"quantity":2,"price":1089}],"date":"Feb 11, 2023, 11:20:29 PM"}
{"name":"Vyre","level":-1,"killCount":-1,"type":"PICKPOCKET","drops":[{"name":"Coins","id":995,"quantity":230,"price":1},{"name":"Coin pouch","id":24703,"quantity":1,"price":0}],"date":"Feb 11, 2023, 11:20:30 PM"}
{"name":"Vyre","level":-1,"killCount":-1,"type":"PICKPOCKET","drops":[{"name":"Coins","id":995,"quantity":230,"price":1},{"name":"Coin pouch","id":24703,"quantity":1,"price":0}],"date":"Feb 11, 2023, 11:20:31 PM"}
{"name":"Vyre","level":-1,"killCount":-1,"type":"PICKPOCKET","drops":[{"name":"Coins","id":995,"quantity":230,"price":1},{"name":"Coin pouch","id":24703,"quantity":1,"price":0}],"date":"Feb 11, 2023, 11:20:33 PM"}
{"name":"Vyre","level":-1,"killCount":-1,"type":"PICKPOCKET","drops":[{"name":"Death rune","id":560,"quantity":4,"price":162}],"date":"Feb 11, 2023, 11:20:58 PM"}
{"name":"Vyre","level":-1,"killCount":-1,"type":"PICKPOCKET","drops":[{"name":"Coins","id":995,"quantity":230,"price":1},{"name":"Coin pouch","id":24703,"quantity":1,"price":0}],"date":"Feb 11, 2023, 11:20:59 PM"}
{"name":"Vyre","level":-1,"killCount":-1,"type":"PICKPOCKET","drops":[{"name":"Coins","id":995,"quantity":230,"price":1},{"name":"Coin pouch","id":24703,"quantity":1,"price":0}],"date":"Feb 11, 2023, 11:21:22 PM"}
{"name":"Vyre","level":-1,"killCount":-1,"type":"PICKPOCKET","drops":[{"name":"Death rune","id":560,"quantity":4,"price":162}],"date":"Feb 11, 2023, 11:21:23 PM"}
{"name":"Vyre","level":-1,"killCount":-1,"type":"PICKPOCKET","drops":[{"name":"Coins","id":995,"quantity":230,"price":1},{"name":"Coin pouch","id":24703,"quantity":1,"price":0}],"date":"Feb 11, 2023, 11:21:24 PM"}
{"name":"Vyre","level":-1,"killCount":-1,"type":"PICKPOCKET","drops":[{"name":"Coins","id":995,"quantity":230,"price":1},{"name":"Coin pouch","id":24703,"quantity":1,"price":0}],"date":"Feb 11, 2023, 11:21:38 PM"}
{"name":"Vyre","level":-1,"killCount":-1,"type":"PICKPOCKET","drops":[{"name":"Coins","id":995,"quantity":230,"price":1},{"name":"Coin pouch","id":24703,"quantity":1,"price":0}],"date":"Feb 11, 2023, 11:21:51 PM"}
{"name":"Vyre","level":-1,"killCount":-1,"type":"PICKPOCKET","drops":[{"name":"Uncut ruby","id":1619,"quantity":2,"price":1089}],"date":"Feb 11, 2023, 11:21:52 PM"}
{"name":"Vyre","level":-1,"killCount":-1,"type":"PICKPOCKET","drops":[{"name":"Blood pint","id":24774,"quantity":2,"price":54}],"date":"Feb 11, 2023, 11:21:54 PM"}
{"name":"Vyre","level":-1,"killCount":-1,"type":"PICKPOCKET","drops":[{"name":"Coins","id":995,"quantity":230,"price":1},{"name":"Coin pouch","id":24703,"quantity":1,"price":0}],"date":"Feb 11, 2023, 11:21:55 PM"}
{"name":"Vyre","level":-1,"killCount":-1,"type":"PICKPOCKET","drops":[{"name":"Uncut ruby","id":1619,"quantity":2,"price":1089}],"date":"Feb 11, 2023, 11:21:56 PM"}
{"name":"Vyre","level":-1,"killCount":-1,"type":"PICKPOCKET","drops":[{"name":"Coins","id":995,"quantity":230,"price":1},{"name":"Coin pouch","id":24703,"quantity":1,"price":0}],"date":"Feb 11, 2023, 11:22:13 PM"}
{"name":"Vyre","level":-1,"killCount":-1,"type":"PICKPOCKET","drops":[{"name":"Blood rune","id":565,"quantity":8,"price":199}],"date":"Feb 11, 2023, 11:22:14 PM"}
{"name":"Vyre","level":-1,"killCount":-1,"type":"PICKPOCKET","drops":[{"name":"Coins","id":995,"quantity":230,"price":1},{"name":"Coin pouch","id":24703,"quantity":1,"price":0}],"date":"Feb 11, 2023, 11:22:15 PM"}
{"name":"Vyre","level":-1,"killCount":-1,"type":"PICKPOCKET","drops":[{"name":"Coins","id":995,"quantity":230,"price":1},{"name":"Coin pouch","id":24703,"quantity":1,"price":0}],"date":"Feb 11, 2023, 11:22:23 PM"}
{"name":"Vyre","level":-1,"killCount":-1,"type":"PICKPOCKET","drops":[{"name":"Coins","id":995,"quantity":230,"price":1},{"name":"Coin pouch","id":24703,"quantity":1,"price":0}],"date":"Feb 11, 2023, 11:22:36 PM"}
{"name":"Vyre","level":-1,"killCount":-1,"type":"PICKPOCKET","drops":[{"name":"Coins","id":995,"quantity":230,"price":1},{"name":"Coin pouch","id":24703,"quantity":1,"price":0}],"date":"Feb 11, 2023, 11:23:06 PM"}
{"name":"Vyre","level":-1,"killCount":-1,"type":"PICKPOCKET","drops":[{"name":"Coins","id":995,"quantity":230,"price":1},{"name":"Coin pouch","id":24703,"quantity":1,"price":0}],"date":"Feb 11, 2023, 11:23:07 PM"}
{"name":"Vyre","level":-1,"killCount":-1,"type":"PICKPOCKET","drops":[{"name":"Coins","id":995,"quantity":230,"price":1},{"name":"Coin pouch","id":24703,"quantity":1,"price":0}],"date":"Feb 11, 2023, 11:23:09 PM"}
{"name":"Vyre","level":-1,"killCount":-1,"type":"PICKPOCKET","drops":[{"name":"Blood rune","id":565,"quantity":8,"price":199}],"date":"Feb 11, 2023, 11:23:34 PM"}
{"name":"Vyre","level":-1,"killCount":-1,"type":"PICKPOCKET","drops":[{"name":"Coins","id":995,"quantity":230,"price":1},{"name":"Coin pouch","id":24703,"quantity":1,"price":0}],"date":"Feb 11, 2023, 11:23:35 PM"}
{"name":"Vyre","level":-1,"killCount":-1,"type":"PICKPOCKET","drops":[{"name":"Coins","id":995,"quantity":230,"price":1},{"name":"Coin pouch","id":24703,"quantity":1,"price":0}],"date":"Feb 11, 2023, 11:23:54 PM"}
{"name":"Vyre","level":-1,"killCount":-1,"type":"PICKPOCKET","drops":[{"name":"Coins","id":995,"quantity":230,"price":1},{"name":"Coin pouch","id":24703,"quantity":1,"price":0}],"date":"Feb 11, 2023, 11:24:08 PM"}
{"name":"Vyre","level":-1,"killCount":-1,"type":"PICKPOCKET","drops":[{"name":"Coins","id":995,"quantity":230,"price":1},{"name":"Coin pouch","id":24703,"quantity":1,"price":0}],"date":"Feb 11, 2023, 11:24:41 PM"}
{"name":"Vyre","level":-1,"killCount":-1,"type":"PICKPOCKET","drops":[{"name":"Coins","id":995,"quantity":230,"price":1},{"name":"Coin pouch","id":24703,"quantity":1,"price":0}],"date":"Feb 11, 2023, 11:25:00 PM"}
{"name":"Vyre","level":-1,"killCount":-1,"type":"PICKPOCKET","drops":[{"name":"Coins","id":995,"quantity":230,"price":1},{"name":"Coin pouch","id":24703,"quantity":1,"price":0}],"date":"Feb 11, 2023, 11:25:01 PM"}
{"name":"Vyre","level":-1,"killCount":-1,"type":"PICKPOCKET","drops":[{"name":"Coins","id":995,"quantity":230,"price":1},{"name":"Coin pouch","id":24703,"quantity":1,"price":0}],"date":"Feb 11, 2023, 11:26:38 PM"}
{"name":"Vyre","level":-1,"killCount":-1,"type":"PICKPOCKET","drops":[{"name":"Coins","id":995,"quantity":230,"price":1},{"name":"Coin pouch","id":24703,"quantity":1,"price":0}],"date":"Feb 11, 2023, 11:26:39 PM"}
{"name":"Vyre","level":-1,"killCount":-1,"type":"PICKPOCKET","drops":[{"name":"Coins","id":995,"quantity":230,"price":1},{"name":"Coin pouch","id":24703,"quantity":1,"price":0}],"date":"Feb 11, 2023, 11:26:59 PM"}
{"name":"Vyre","level":-1,"killCount":-1,"type":"PICKPOCKET","drops":[{"name":"Coins","id":995,"quantity":230,"price":1},{"name":"Coin pouch","id":24703,"quantity":1,"price":0}],"date":"Feb 11, 2023, 11:27:19 PM"}
{"name":"Vyre","level":-1,"killCount":-1,"type":"PICKPOCKET","drops":[{"name":"Coins","id":995,"quantity":230,"price":1},{"name":"Coin pouch","id":24703,"quantity":1,"price":0}],"date":"Feb 11, 2023, 11:27:20 PM"}
{"name":"Vyre","level":-1,"killCount":-1,"type":"PICKPOCKET","drops":[{"name":"Coins","id":995,"quantity":230,"price":1},{"name":"Coin pouch","id":24703,"quantity":1,"price":0}],"date":"Feb 11, 2023, 11:27:27 PM"}
{"name":"Vyre","level":-1,"killCount":-1,"type":"PICKPOCKET","drops":[{"name":"Coins","id":995,"quantity":230,"price":1},{"name":"Coin pouch","id":24703,"quantity":1,"price":0}],"date":"Feb 11, 2023, 11:27:29 PM"}
{"name":"Vyre","level":-1,"killCount":-1,"type":"PICKPOCKET","drops":[{"name":"Coins","id":995,"quantity":230,"price":1},{"name":"Coin pouch","id":24703,"quantity":1,"price":0}],"date":"Feb 11, 2023, 11:27:36 PM"}
{"name":"Vyre","level":-1,"killCount":-1,"type":"PICKPOCKET","drops":[{"name":"Diamond","id":1601,"quantity":2,"price":1855}],"date":"Feb 11, 2023, 11:27:37 PM"}
{"name":"Vyre","level":-1,"killCount":-1,"type":"PICKPOCKET","drops":[{"name":"Coins","id":995,"quantity":230,"price":1},{"name":"Coin pouch","id":24703,"quantity":1,"price":0}],"date":"Feb 11, 2023, 11:27:38 PM"}
{"name":"Vyre","level":-1,"killCount":-1,"type":"PICKPOCKET","drops":[{"name":"Coins","id":995,"quantity":230,"price":1},{"name":"Coin pouch","id":24703,"quantity":1,"price":0}],"date":"Feb 11, 2023, 11:28:00 PM"}
{"name":"Vyre","level":-1,"killCount":-1,"type":"PICKPOCKET","drops":[{"name":"Coins","id":995,"quantity":230,"price":1},{"name":"Coin pouch","id":24703,"quantity":1,"price":0}],"date":"Feb 11, 2023, 11:28:02 PM"}
{"name":"Vyre","level":-1,"killCount":-1,"type":"PICKPOCKET","drops":[{"name":"Coins","id":995,"quantity":230,"price":1},{"name":"Coin pouch","id":24703,"quantity":1,"price":0}],"date":"Feb 11, 2023, 11:28:03 PM"}
{"name":"Vyre","level":-1,"killCount":-1,"type":"PICKPOCKET","drops":[{"name":"Coins","id":995,"quantity":230,"price":1},{"name":"Coin pouch","id":24703,"quantity":1,"price":0}],"date":"Feb 11, 2023, 11:28:04 PM"}
{"name":"Vyre","level":-1,"killCount":-1,"type":"PICKPOCKET","drops":[{"name":"Coins","id":995,"quantity":230,"price":1},{"name":"Coin pouch","id":24703,"quantity":1,"price":0}],"date":"Feb 11, 2023, 11:28:05 PM"}
{"name":"Vyre","level":-1,"killCount":-1,"type":"PICKPOCKET","drops":[{"name":"Death rune","id":560,"quantity":4,"price":162}],"date":"Feb 11, 2023, 11:28:12 PM"}
{"name":"Vyre","level":-1,"killCount":-1,"type":"PICKPOCKET","drops":[{"name":"Coins","id":995,"quantity":230,"price":1},{"name":"Coin pouch","id":24703,"quantity":1,"price":0}],"date":"Feb 11, 2023, 11:28:20 PM"}
{"name":"Vyre","level":-1,"killCount":-1,"type":"PICKPOCKET","drops":[{"name":"Coins","id":995,"quantity":230,"price":1},{"name":"Coin pouch","id":24703,"quantity":1,"price":0}],"date":"Feb 11, 2023, 11:28:21 PM"}
{"name":"Vyre","level":-1,"killCount":-1,"type":"PICKPOCKET","drops":[{"name":"Coins","id":995,"quantity":230,"price":1},{"name":"Coin pouch","id":24703,"quantity":1,"price":0}],"date":"Feb 11, 2023, 11:28:29 PM"}
{"name":"Vyre","level":-1,"killCount":-1,"type":"PICKPOCKET","drops":[{"name":"Coins","id":995,"quantity":230,"price":1},{"name":"Coin pouch","id":24703,"quantity":1,"price":0}],"date":"Feb 11, 2023, 11:28:54 PM"}
{"name":"Vyre","level":-1,"killCount":-1,"type":"PICKPOCKET","drops":[{"name":"Coins","id":995,"quantity":230,"price":1},{"name":"Coin pouch","id":24703,"quantity":1,"price":0}],"date":"Feb 11, 2023, 11:29:22 PM"}
{"name":"Vyre","level":-1,"killCount":-1,"type":"PICKPOCKET","drops":[{"name":"Coins","id":995,"quantity":230,"price":1},{"name":"Coin pouch","id":24703,"quantity":1,"price":0}],"date":"Feb 11, 2023, 11:29:29 PM"}
{"name":"Vyre","level":-1,"killCount":-1,"type":"PICKPOCKET","drops":[{"name":"Coins","id":995,"quantity":230,"price":1},{"name":"Coin pouch","id":24703,"quantity":1,"price":0}],"date":"Feb 11, 2023, 11:29:42 PM"}
{"name":"Vyre","level":-1,"killCount":-1,"type":"PICKPOCKET","drops":[{"name":"Coins","id":995,"quantity":230,"price":1},{"name":"Coin pouch","id":24703,"quantity":1,"price":0}],"date":"Feb 11, 2023, 11:29:44 PM"}
{"name":"Vyre","level":-1,"killCount":-1,"type":"PICKPOCKET","drops":[{"name":"Coins","id":995,"quantity":230,"price":1},{"name":"Coin pouch","id":24703,"quantity":1,"price":0}],"date":"Feb 11, 2023, 11:29:51 PM"}
{"name":"Vyre","level":-1,"killCount":-1,"type":"PICKPOCKET","drops":[{"name":"Coins","id":995,"quantity":230,"price":1},{"name":"Coin pouch","id":24703,"quantity":1,"price":0}],"date":"Feb 11, 2023, 11:29:58 PM"}
{"name":"Vyre","level":-1,"killCount":-1,"type":"PICKPOCKET","drops":[{"name":"Coins","id":995,"quantity":230,"price":1},{"name":"Coin pouch","id":24703,"quantity":1,"price":0}],"date":"Feb 11, 2023, 11:29:59 PM"}
{"name":"Vyre","level":-1,"killCount":-1,"type":"PICKPOCKET","drops":[{"name":"Death rune","id":560,"quantity":4,"price":162}],"date":"Feb 11, 2023, 11:30:11 PM"}
{"name":"Vyre","level":-1,"killCount":-1,"type":"PICKPOCKET","drops":[{"name":"Coins","id":995,"quantity":230,"price":1},{"name":"Coin pouch","id":24703,"quantity":1,"price":0}],"date":"Feb 11, 2023, 11:30:12 PM"}
{"name":"Vyre","level":-1,"killCount":-1,"type":"PICKPOCKET","drops":[{"name":"Coins","id":995,"quantity":230,"price":1},{"name":"Coin pouch","id":24703,"quantity":1,"price":0}],"date":"Feb 11, 2023, 11:30:13 PM"}
{"name":"Vyre","level":-1,"killCount":-1,"type":"PICKPOCKET","drops":[{"name":"Coins","id":995,"quantity":230,"price":1},{"name":"Coin pouch","id":24703,"quantity":1,"price":0}],"date":"Feb 11, 2023, 11:30:26 PM"}
{"name":"Vyre","level":-1,"killCount":-1,"type":"PICKPOCKET","drops":[{"name":"Coins","id":995,"quantity":230,"price":1},{"name":"Coin pouch","id":24703,"quantity":1,"price":0}],"date":"Feb 11, 2023, 11:30:27 PM"}
{"name":"Vyre","level":-1,"killCount":-1,"type":"PICKPOCKET","drops":[{"name":"Coins","id":995,"quantity":230,"price":1},{"name":"Coin pouch","id":24703,"quantity":1,"price":0}],"date":"Feb 11, 2023, 11:31:12 PM"}
{"name":"Vyre","level":-1,"killCount":-1,"type":"PICKPOCKET","drops":[{"name":"Coins","id":995,"quantity":230,"price":1},{"name":"Coin pouch","id":24703,"quantity":1,"price":0}],"date":"Feb 11, 2023, 11:31:14 PM"}
{"name":"Vyre","level":-1,"killCount":-1,"type":"PICKPOCKET","drops":[{"name":"Coins","id":995,"quantity":230,"price":1},{"name":"Coin pouch","id":24703,"quantity":1,"price":0}],"date":"Feb 11, 2023, 11:31:15 PM"}
{"name":"Vyre","level":-1,"killCount":-1,"type":"PICKPOCKET","drops":[{"name":"Uncut ruby","id":1619,"quantity":2,"price":1089}],"date":"Feb 11, 2023, 11:31:17 PM"}
{"name":"Vyre","level":-1,"killCount":-1,"type":"PICKPOCKET","drops":[{"name":"Death rune","id":560,"quantity":4,"price":162}],"date":"Feb 11, 2023, 11:31:24 PM"}
{"name":"Vyre","level":-1,"killCount":-1,"type":"PICKPOCKET","drops":[{"name":"Coins","id":995,"quantity":230,"price":1},{"name":"Coin pouch","id":24703,"quantity":1,"price":0}],"date":"Feb 11, 2023, 11:31:26 PM"}
{"name":"Vyre","level":-1,"killCount":-1,"type":"PICKPOCKET","drops":[{"name":"Coins","id":995,"quantity":230,"price":1},{"name":"Coin pouch","id":24703,"quantity":1,"price":0}],"date":"Feb 11, 2023, 11:31:39 PM"}
{"name":"Vyre","level":-1,"killCount":-1,"type":"PICKPOCKET","drops":[{"name":"Coins","id":995,"quantity":230,"price":1},{"name":"Coin pouch","id":24703,"quantity":1,"price":0}],"date":"Feb 11, 2023, 11:31:52 PM"}
{"name":"Vyre","level":-1,"killCount":-1,"type":"PICKPOCKET","drops":[{"name":"Coins","id":995,"quantity":230,"price":1},{"name":"Coin pouch","id":24703,"quantity":1,"price":0}],"date":"Feb 11, 2023, 11:31:59 PM"}
{"name":"Vyre","level":-1,"killCount":-1,"type":"PICKPOCKET","drops":[{"name":"Death rune","id":560,"quantity":4,"price":162}],"date":"Feb 11, 2023, 11:32:15 PM"}
{"name":"Vyre","level":-1,"killCount":-1,"type":"PICKPOCKET","drops":[{"name":"Coins","id":995,"quantity":230,"price":1},{"name":"Coin pouch","id":24703,"quantity":1,"price":0}],"date":"Feb 11, 2023, 11:32:29 PM"}
{"name":"Vyre","level":-1,"killCount":-1,"type":"PICKPOCKET","drops":[{"name":"Coins","id":995,"quantity":230,"price":1},{"name":"Coin pouch","id":24703,"quantity":1,"price":0}],"date":"Feb 11, 2023, 11:32:30 PM"}
{"name":"Vyre","level":-1,"killCount":-1,"type":"PICKPOCKET","drops":[{"name":"Blood pint","id":24774,"quantity":2,"price":54}],"date":"Feb 11, 2023, 11:32:31 PM"}
{"name":"Vyre","level":-1,"killCount":-1,"type":"PICKPOCKET","drops":[{"name":"Coins","id":995,"quantity":230,"price":1},{"name":"Coin pouch","id":24703,"quantity":1,"price":0}],"date":"Feb 11, 2023, 11:32:32 PM"}
{"name":"Vyre","level":-1,"killCount":-1,"type":"PICKPOCKET","drops":[{"name":"Coins","id":995,"quantity":230,"price":1},{"name":"Coin pouch","id":24703,"quantity":1,"price":0}],"date":"Feb 11, 2023, 11:32:33 PM"}
{"name":"Vyre","level":-1,"killCount":-1,"type":"PICKPOCKET","drops":[{"name":"Coins","id":995,"quantity":230,"price":1},{"name":"Coin pouch","id":24703,"quantity":1,"price":0}],"date":"Feb 11, 2023, 11:32:35 PM"}
{"name":"Vyre","level":-1,"killCount":-1,"type":"PICKPOCKET","drops":[{"name":"Death rune","id":560,"quantity":4,"price":162}],"date":"Feb 11, 2023, 11:32:51 PM"}
{"name":"Vyre","level":-1,"killCount":-1,"type":"PICKPOCKET","drops":[{"name":"Death rune","id":560,"quantity":4,"price":162}],"date":"Feb 11, 2023, 11:33:01 PM"}
{"name":"Vyre","level":-1,"killCount":-1,"type":"PICKPOCKET","drops":[{"name":"Coins","id":995,"quantity":230,"price":1},{"name":"Coin pouch","id":24703,"quantity":1,"price":0}],"date":"Feb 11, 2023, 11:33:02 PM"}
{"name":"Vyre","level":-1,"killCount":-1,"type":"PICKPOCKET","drops":[{"name":"Coins","id":995,"quantity":230,"price":1},{"name":"Coin pouch","id":24703,"quantity":1,"price":0}],"date":"Feb 11, 2023, 11:33:03 PM"}
{"name":"Vyre","level":-1,"killCount":-1,"type":"PICKPOCKET","drops":[{"name":"Death rune","id":560,"quantity":4,"price":162}],"date":"Feb 11, 2023, 11:33:13 PM"}
{"name":"Vyre","level":-1,"killCount":-1,"type":"PICKPOCKET","drops":[{"name":"Coins","id":995,"quantity":230,"price":1},{"name":"Coin pouch","id":24703,"quantity":1,"price":0}],"date":"Feb 11, 2023, 11:33:21 PM"}
{"name":"Vyre","level":-1,"killCount":-1,"type":"PICKPOCKET","drops":[{"name":"Uncut ruby","id":1619,"quantity":2,"price":1089}],"date":"Feb 11, 2023, 11:33:28 PM"}
{"name":"Vyre","level":-1,"killCount":-1,"type":"PICKPOCKET","drops":[{"name":"Death rune","id":560,"quantity":4,"price":162}],"date":"Feb 11, 2023, 11:33:29 PM"}
{"name":"Vyre","level":-1,"killCount":-1,"type":"PICKPOCKET","drops":[{"name":"Death rune","id":560,"quantity":4,"price":162}],"date":"Feb 11, 2023, 11:33:36 PM"}
{"name":"Vyre","level":-1,"killCount":-1,"type":"PICKPOCKET","drops":[{"name":"Death rune","id":560,"quantity":4,"price":162}],"date":"Feb 11, 2023, 11:33:56 PM"}
{"name":"Vyre","level":-1,"killCount":-1,"type":"PICKPOCKET","drops":[{"name":"Coins","id":995,"quantity":230,"price":1},{"name":"Coin pouch","id":24703,"quantity":1,"price":0}],"date":"Feb 11, 2023, 11:33:57 PM"}
{"name":"Vyre","level":-1,"killCount":-1,"type":"PICKPOCKET","drops":[{"name":"Death rune","id":560,"quantity":4,"price":162}],"date":"Feb 11, 2023, 11:34:05 PM"}
{"name":"Vyre","level":-1,"killCount":-1,"type":"PICKPOCKET","drops":[{"name":"Coins","id":995,"quantity":230,"price":1},{"name":"Coin pouch","id":24703,"quantity":1,"price":0}],"date":"Feb 11, 2023, 11:34:06 PM"}
{"name":"Vyre","level":-1,"killCount":-1,"type":"PICKPOCKET","drops":[{"name":"Coins","id":995,"quantity":230,"price":1},{"name":"Coin pouch","id":24703,"quantity":1,"price":0}],"date":"Feb 11, 2023, 11:34:31 PM"}
{"name":"Vyre","level":-1,"killCount":-1,"type":"PICKPOCKET","drops":[{"name":"Coins","id":995,"quantity":230,"price":1},{"name":"Coin pouch","id":24703,"quantity":1,"price":0}],"date":"Feb 11, 2023, 11:34:48 PM"}
{"name":"Vyre","level":-1,"killCount":-1,"type":"PICKPOCKET","drops":[{"name":"Coins","id":995,"quantity":230,"price":1},{"name":"Coin pouch","id":24703,"quantity":1,"price":0}],"date":"Feb 11, 2023, 11:34:50 PM"}
{"name":"Vyre","level":-1,"killCount":-1,"type":"PICKPOCKET","drops":[{"name":"Coins","id":995,"quantity":230,"price":1},{"name":"Coin pouch","id":24703,"quantity":1,"price":0}],"date":"Feb 11, 2023, 11:34:51 PM"}
{"name":"Vyre","level":-1,"killCount":-1,"type":"PICKPOCKET","drops":[{"name":"Coins","id":995,"quantity":230,"price":1},{"name":"Coin pouch","id":24703,"quantity":1,"price":0}],"date":"Feb 11, 2023, 11:34:52 PM"}
{"name":"Vyre","level":-1,"killCount":-1,"type":"PICKPOCKET","drops":[{"name":"Coins","id":995,"quantity":230,"price":1},{"name":"Coin pouch","id":24703,"quantity":1,"price":0}],"date":"Feb 11, 2023, 11:35:01 PM"}
{"name":"Vyre","level":-1,"killCount":-1,"type":"PICKPOCKET","drops":[{"name":"Coins","id":995,"quantity":230,"price":1},{"name":"Coin pouch","id":24703,"quantity":1,"price":0}],"date":"Feb 11, 2023, 11:35:04 PM"}
{"name":"Vyre","level":-1,"killCount":-1,"type":"PICKPOCKET","drops":[{"name":"Coins","id":995,"quantity":230,"price":1},{"name":"Coin pouch","id":24703,"quantity":1,"price":0}],"date":"Feb 11, 2023, 11:35:06 PM"}
{"name":"Vyre","level":-1,"killCount":-1,"type":"PICKPOCKET","drops":[{"name":"Coins","id":995,"quantity":230,"price":1},{"name":"Coin pouch","id":24703,"quantity":1,"price":0}],"date":"Feb 11, 2023, 11:35:07 PM"}
{"name":"Vyre","level":-1,"killCount":-1,"type":"PICKPOCKET","drops":[{"name":"Death rune","id":560,"quantity":4,"price":162}],"date":"Feb 11, 2023, 11:35:16 PM"}
{"name":"Vyre","level":-1,"killCount":-1,"type":"PICKPOCKET","drops":[{"name":"Coins","id":995,"quantity":230,"price":1},{"name":"Coin pouch","id":24703,"quantity":1,"price":0}],"date":"Feb 11, 2023, 11:35:17 PM"}
{"name":"Vyre","level":-1,"killCount":-1,"type":"PICKPOCKET","drops":[{"name":"Coins","id":995,"quantity":230,"price":1},{"name":"Coin pouch","id":24703,"quantity":1,"price":0}],"date":"Feb 11, 2023, 11:35:18 PM"}
{"name":"Vyre","level":-1,"killCount":-1,"type":"PICKPOCKET","drops":[{"name":"Coins","id":995,"quantity":230,"price":1},{"name":"Coin pouch","id":24703,"quantity":1,"price":0}],"date":"Feb 11, 2023, 11:35:32 PM"}
{"name":"Vyre","level":-1,"killCount":-1,"type":"PICKPOCKET","drops":[{"name":"Coins","id":995,"quantity":230,"price":1},{"name":"Coin pouch","id":24703,"quantity":1,"price":0}],"date":"Feb 11, 2023, 11:35:33 PM"}
{"name":"Vyre","level":-1,"killCount":-1,"type":"PICKPOCKET","drops":[{"name":"Coins","id":995,"quantity":230,"price":1},{"name":"Coin pouch","id":24703,"quantity":1,"price":0}],"date":"Feb 11, 2023, 11:35:41 PM"}
{"name":"Vyre","level":-1,"killCount":-1,"type":"PICKPOCKET","drops":[{"name":"Coins","id":995,"quantity":230,"price":1},{"name":"Coin pouch","id":24703,"quantity":1,"price":0}],"date":"Feb 11, 2023, 11:35:42 PM"}
{"name":"Vyre","level":-1,"killCount":-1,"type":"PICKPOCKET","drops":[{"name":"Coins","id":995,"quantity":230,"price":1},{"name":"Coin pouch","id":24703,"quantity":1,"price":0}],"date":"Feb 11, 2023, 11:35:55 PM"}
{"name":"Vyre","level":-1,"killCount":-1,"type":"PICKPOCKET","drops":[{"name":"Coins","id":995,"quantity":230,"price":1},{"name":"Coin pouch","id":24703,"quantity":1,"price":0}],"date":"Feb 11, 2023, 11:35:56 PM"}
{"name":"Vyre","level":-1,"killCount":-1,"type":"PICKPOCKET","drops":[{"name":"Coins","id":995,"quantity":230,"price":1},{"name":"Coin pouch","id":24703,"quantity":1,"price":0}],"date":"Feb 11, 2023, 11:35:57 PM"}
{"name":"Vyre","level":-1,"killCount":-1,"type":"PICKPOCKET","drops":[{"name":"Coins","id":995,"quantity":230,"price":1},{"name":"Coin pouch","id":24703,"quantity":1,"price":0}],"date":"Feb 11, 2023, 11:35:59 PM"}
{"name":"Vyre","level":-1,"killCount":-1,"type":"PICKPOCKET","drops":[{"name":"Coins","id":995,"quantity":230,"price":1},{"name":"Coin pouch","id":24703,"quantity":1,"price":0}],"date":"Feb 11, 2023, 11:36:33 PM"}
{"name":"Vyre","level":-1,"killCount":-1,"type":"PICKPOCKET","drops":[{"name":"Coins","id":995,"quantity":230,"price":1},{"name":"Coin pouch","id":24703,"quantity":1,"price":0}],"date":"Feb 11, 2023, 11:36:54 PM"}
{"name":"Vyre","level":-1,"killCount":-1,"type":"PICKPOCKET","drops":[{"name":"Death rune","id":560,"quantity":4,"price":162}],"date":"Feb 11, 2023, 11:36:56 PM"}
{"name":"Vyre","level":-1,"killCount":-1,"type":"PICKPOCKET","drops":[{"name":"Blood pint","id":24774,"quantity":2,"price":54}],"date":"Feb 11, 2023, 11:37:03 PM"}
{"name":"Vyre","level":-1,"killCount":-1,"type":"PICKPOCKET","drops":[{"name":"Blood pint","id":24774,"quantity":2,"price":54}],"date":"Feb 11, 2023, 11:37:04 PM"}
{"name":"Vyre","level":-1,"killCount":-1,"type":"PICKPOCKET","drops":[{"name":"Uncut ruby","id":1619,"quantity":2,"price":1089}],"date":"Feb 11, 2023, 11:37:05 PM"}
{"name":"Vyre","level":-1,"killCount":-1,"type":"PICKPOCKET","drops":[{"name":"Uncut ruby","id":1619,"quantity":2,"price":1089}],"date":"Feb 11, 2023, 11:37:06 PM"}
{"name":"Vyre","level":-1,"killCount":-1,"type":"PICKPOCKET","drops":[{"name":"Coins","id":995,"quantity":230,"price":1},{"name":"Coin pouch","id":24703,"quantity":1,"price":0}],"date":"Feb 11, 2023, 11:37:08 PM"}
{"name":"Vyre","level":-1,"killCount":-1,"type":"PICKPOCKET","drops":[{"name":"Coins","id":995,"quantity":230,"price":1},{"name":"Coin pouch","id":24703,"quantity":1,"price":0}],"date":"Feb 11, 2023, 11:37:23 PM"}
{"name":"Vyre","level":-1,"killCount":-1,"type":"PICKPOCKET","drops":[{"name":"Coins","id":995,"quantity":230,"price":1},{"name":"Coin pouch","id":24703,"quantity":1,"price":0}],"date":"Feb 11, 2023, 11:37:30 PM"}
{"name":"Vyre","level":-1,"killCount":-1,"type":"PICKPOCKET","drops":[{"name":"Coins","id":995,"quantity":230,"price":1},{"name":"Coin pouch","id":24703,"quantity":1,"price":0}],"date":"Feb 11, 2023, 11:37:38 PM"}
{"name":"Vyre","level":-1,"killCount":-1,"type":"PICKPOCKET","drops":[{"name":"Coins","id":995,"quantity":230,"price":1},{"name":"Coin pouch","id":24703,"quantity":1,"price":0}],"date":"Feb 11, 2023, 11:37:51 PM"}
{"name":"Vyre","level":-1,"killCount":-1,"type":"PICKPOCKET","drops":[{"name":"Coins","id":995,"quantity":230,"price":1},{"name":"Coin pouch","id":24703,"quantity":1,"price":0}],"date":"Feb 11, 2023, 11:37:53 PM"}
{"name":"Vyre","level":-1,"killCount":-1,"type":"PICKPOCKET","drops":[{"name":"Coins","id":995,"quantity":230,"price":1},{"name":"Coin pouch","id":24703,"quantity":1,"price":0}],"date":"Feb 11, 2023, 11:37:54 PM"}
{"name":"Vyre","level":-1,"killCount":-1,"type":"PICKPOCKET","drops":[{"name":"Blood pint","id":24774,"quantity":2,"price":54}],"date":"Feb 11, 2023, 11:38:56 PM"}
{"name":"Vyre","level":-1,"killCount":-1,"type":"PICKPOCKET","drops":[{"name":"Coins","id":995,"quantity":230,"price":1},{"name":"Coin pouch","id":24703,"quantity":1,"price":0}],"date":"Feb 11, 2023, 11:39:09 PM"}
{"name":"Vyre","level":-1,"killCount":-1,"type":"PICKPOCKET","drops":[{"name":"Coins","id":995,"quantity":230,"price":1},{"name":"Coin pouch","id":24703,"quantity":1,"price":0}],"date":"Feb 11, 2023, 11:39:29 PM"}
{"name":"Vyre","level":-1,"killCount":-1,"type":"PICKPOCKET","drops":[{"name":"Coins","id":995,"quantity":230,"price":1},{"name":"Coin pouch","id":24703,"quantity":1,"price":0}],"date":"Feb 11, 2023, 11:39:30 PM"}
{"name":"Vyre","level":-1,"killCount":-1,"type":"PICKPOCKET","drops":[{"name":"Blood rune","id":565,"quantity":8,"price":199}],"date":"Feb 11, 2023, 11:39:32 PM"}
{"name":"Vyre","level":-1,"killCount":-1,"type":"PICKPOCKET","drops":[{"name":"Blood pint","id":24774,"quantity":2,"price":54}],"date":"Feb 11, 2023, 11:39:33 PM"}
{"name":"Vyre","level":-1,"killCount":-1,"type":"PICKPOCKET","drops":[{"name":"Blood pint","id":24774,"quantity":2,"price":54}],"date":"Feb 11, 2023, 11:39:34 PM"}
{"name":"Vyre","level":-1,"killCount":-1,"type":"PICKPOCKET","drops":[{"name":"Coins","id":995,"quantity":230,"price":1},{"name":"Coin pouch","id":24703,"quantity":1,"price":0}],"date":"Feb 11, 2023, 11:39:35 PM"}
{"name":"Vyre","level":-1,"killCount":-1,"type":"PICKPOCKET","drops":[{"name":"Coins","id":995,"quantity":230,"price":1},{"name":"Coin pouch","id":24703,"quantity":1,"price":0}],"date":"Feb 11, 2023, 11:39:52 PM"}
{"name":"Vyre","level":-1,"killCount":-1,"type":"PICKPOCKET","drops":[{"name":"Coins","id":995,"quantity":230,"price":1},{"name":"Coin pouch","id":24703,"quantity":1,"price":0}],"date":"Feb 11, 2023, 11:39:53 PM"}
{"name":"Vyre","level":-1,"killCount":-1,"type":"PICKPOCKET","drops":[{"name":"Coins","id":995,"quantity":230,"price":1},{"name":"Coin pouch","id":24703,"quantity":1,"price":0}],"date":"Feb 11, 2023, 11:40:44 PM"}
{"name":"Vyre","level":-1,"killCount":-1,"type":"PICKPOCKET","drops":[{"name":"Coins","id":995,"quantity":230,"price":1},{"name":"Coin pouch","id":24703,"quantity":1,"price":0}],"date":"Feb 11, 2023, 11:40:51 PM"}
{"name":"Vyre","level":-1,"killCount":-1,"type":"PICKPOCKET","drops":[{"name":"Death rune","id":560,"quantity":4,"price":162}],"date":"Feb 11, 2023, 11:40:52 PM"}
{"name":"Vyre","level":-1,"killCount":-1,"type":"PICKPOCKET","drops":[{"name":"Coins","id":995,"quantity":230,"price":1},{"name":"Coin pouch","id":24703,"quantity":1,"price":0}],"date":"Feb 11, 2023, 11:41:00 PM"}
{"name":"Vyre","level":-1,"killCount":-1,"type":"PICKPOCKET","drops":[{"name":"Coins","id":995,"quantity":230,"price":1},{"name":"Coin pouch","id":24703,"quantity":1,"price":0}],"date":"Feb 11, 2023, 11:41:14 PM"}
{"name":"Vyre","level":-1,"killCount":-1,"type":"PICKPOCKET","drops":[{"name":"Coins","id":995,"quantity":230,"price":1},{"name":"Coin pouch","id":24703,"quantity":1,"price":0}],"date":"Feb 11, 2023, 11:41:15 PM"}
{"name":"Vyre","level":-1,"killCount":-1,"type":"PICKPOCKET","drops":[{"name":"Coins","id":995,"quantity":230,"price":1},{"name":"Coin pouch","id":24703,"quantity":1,"price":0}],"date":"Feb 11, 2023, 11:41:16 PM"}
{"name":"Vyre","level":-1,"killCount":-1,"type":"PICKPOCKET","drops":[{"name":"Coins","id":995,"quantity":230,"price":1},{"name":"Coin pouch","id":24703,"quantity":1,"price":0}],"date":"Feb 11, 2023, 11:41:17 PM"}
{"name":"Vyre","level":-1,"killCount":-1,"type":"PICKPOCKET","drops":[{"name":"Coins","id":995,"quantity":230,"price":1},{"name":"Coin pouch","id":24703,"quantity":1,"price":0}],"date":"Feb 11, 2023, 11:41:33 PM"}
{"name":"Vyre","level":-1,"killCount":-1,"type":"PICKPOCKET","drops":[{"name":"Coins","id":995,"quantity":230,"price":1},{"name":"Coin pouch","id":24703,"quantity":1,"price":0}],"date":"Feb 11, 2023, 11:41:35 PM"}
{"name":"Vyre","level":-1,"killCount":-1,"type":"PICKPOCKET","drops":[{"name":"Coins","id":995,"quantity":230,"price":1},{"name":"Coin pouch","id":24703,"quantity":1,"price":0}],"date":"Feb 11, 2023, 11:41:42 PM"}
{"name":"Vyre","level":-1,"killCount":-1,"type":"PICKPOCKET","drops":[{"name":"Coins","id":995,"quantity":230,"price":1},{"name":"Coin pouch","id":24703,"quantity":1,"price":0}],"date":"Feb 11, 2023, 11:42:04 PM"}
{"name":"Vyre","level":-1,"killCount":-1,"type":"PICKPOCKET","drops":[{"name":"Coins","id":995,"quantity":230,"price":1},{"name":"Coin pouch","id":24703,"quantity":1,"price":0}],"date":"Feb 11, 2023, 11:42:05 PM"}
{"name":"Vyre","level":-1,"killCount":-1,"type":"PICKPOCKET","drops":[{"name":"Coins","id":995,"quantity":230,"price":1},{"name":"Coin pouch","id":24703,"quantity":1,"price":0}],"date":"Feb 11, 2023, 11:42:06 PM"}
{"name":"Vyre","level":-1,"killCount":-1,"type":"PICKPOCKET","drops":[{"name":"Coins","id":995,"quantity":230,"price":1},{"name":"Coin pouch","id":24703,"quantity":1,"price":0}],"date":"Feb 11, 2023, 11:42:08 PM"}
{"name":"Vyre","level":-1,"killCount":-1,"type":"PICKPOCKET","drops":[{"name":"Coins","id":995,"quantity":230,"price":1},{"name":"Coin pouch","id":24703,"quantity":1,"price":0}],"date":"Feb 11, 2023, 11:42:27 PM"}
{"name":"Vyre","level":-1,"killCount":-1,"type":"PICKPOCKET","drops":[{"name":"Coins","id":995,"quantity":230,"price":1},{"name":"Coin pouch","id":24703,"quantity":1,"price":0}],"date":"Feb 11, 2023, 11:42:28 PM"}
{"name":"Vyre","level":-1,"killCount":-1,"type":"PICKPOCKET","drops":[{"name":"Coins","id":995,"quantity":230,"price":1},{"name":"Coin pouch","id":24703,"quantity":1,"price":0}],"date":"Feb 11, 2023, 11:42:29 PM"}
{"name":"Vyre","level":-1,"killCount":-1,"type":"PICKPOCKET","drops":[{"name":"Coins","id":995,"quantity":230,"price":1},{"name":"Coin pouch","id":24703,"quantity":1,"price":0}],"date":"Feb 11, 2023, 11:42:51 PM"}
{"name":"Vyre","level":-1,"killCount":-1,"type":"PICKPOCKET","drops":[{"name":"Coins","id":995,"quantity":230,"price":1},{"name":"Coin pouch","id":24703,"quantity":1,"price":0}],"date":"Feb 11, 2023, 11:42:58 PM"}
{"name":"Vyre","level":-1,"killCount":-1,"type":"PICKPOCKET","drops":[{"name":"Coins","id":995,"quantity":230,"price":1},{"name":"Coin pouch","id":24703,"quantity":1,"price":0}],"date":"Feb 11, 2023, 11:42:59 PM"}
{"name":"Vyre","level":-1,"killCount":-1,"type":"PICKPOCKET","drops":[{"name":"Coins","id":995,"quantity":230,"price":1},{"name":"Coin pouch","id":24703,"quantity":1,"price":0}],"date":"Feb 11, 2023, 11:43:00 PM"}
{"name":"Vyre","level":-1,"killCount":-1,"type":"PICKPOCKET","drops":[{"name":"Coins","id":995,"quantity":230,"price":1},{"name":"Coin pouch","id":24703,"quantity":1,"price":0}],"date":"Feb 11, 2023, 11:43:02 PM"}
{"name":"Vyre","level":-1,"killCount":-1,"type":"PICKPOCKET","drops":[{"name":"Coins","id":995,"quantity":230,"price":1},{"name":"Coin pouch","id":24703,"quantity":1,"price":0}],"date":"Feb 11, 2023, 11:43:45 PM"}
{"name":"Vyre","level":-1,"killCount":-1,"type":"PICKPOCKET","drops":[{"name":"Coins","id":995,"quantity":230,"price":1},{"name":"Coin pouch","id":24703,"quantity":1,"price":0}],"date":"Feb 11, 2023, 11:43:55 PM"}
{"name":"Vyre","level":-1,"killCount":-1,"type":"PICKPOCKET","drops":[{"name":"Coins","id":995,"quantity":230,"price":1},{"name":"Coin pouch","id":24703,"quantity":1,"price":0}],"date":"Feb 11, 2023, 11:44:02 PM"}
{"name":"Vyre","level":-1,"killCount":-1,"type":"PICKPOCKET","drops":[{"name":"Coins","id":995,"quantity":230,"price":1},{"name":"Coin pouch","id":24703,"quantity":1,"price":0}],"date":"Feb 11, 2023, 11:44:09 PM"}
{"name":"Vyre","level":-1,"killCount":-1,"type":"PICKPOCKET","drops":[{"name":"Coins","id":995,"quantity":230,"price":1},{"name":"Coin pouch","id":24703,"quantity":1,"price":0}],"date":"Feb 11, 2023, 11:44:10 PM"}
{"name":"Vyre","level":-1,"killCount":-1,"type":"PICKPOCKET","drops":[{"name":"Coins","id":995,"quantity":230,"price":1},{"name":"Coin pouch","id":24703,"quantity":1,"price":0}],"date":"Feb 11, 2023, 11:44:11 PM"}
{"name":"Vyre","level":-1,"killCount":-1,"type":"PICKPOCKET","drops":[{"name":"Coins","id":995,"quantity":230,"price":1},{"name":"Coin pouch","id":24703,"quantity":1,"price":0}],"date":"Feb 11, 2023, 11:44:13 PM"}
{"name":"Vyre","level":-1,"killCount":-1,"type":"PICKPOCKET","drops":[{"name":"Coins","id":995,"quantity":230,"price":1},{"name":"Coin pouch","id":24703,"quantity":1,"price":0}],"date":"Feb 11, 2023, 11:44:14 PM"}
{"name":"Vyre","level":-1,"killCount":-1,"type":"PICKPOCKET","drops":[{"name":"Death rune","id":560,"quantity":4,"price":162}],"date":"Feb 11, 2023, 11:44:15 PM"}
{"name":"Vyre","level":-1,"killCount":-1,"type":"PICKPOCKET","drops":[{"name":"Death rune","id":560,"quantity":4,"price":162}],"date":"Feb 11, 2023, 11:44:22 PM"}
{"name":"Vyre","level":-1,"killCount":-1,"type":"PICKPOCKET","drops":[{"name":"Coins","id":995,"quantity":230,"price":1},{"name":"Coin pouch","id":24703,"quantity":1,"price":0}],"date":"Feb 11, 2023, 11:44:23 PM"}
{"name":"Vyre","level":-1,"killCount":-1,"type":"PICKPOCKET","drops":[{"name":"Coins","id":995,"quantity":230,"price":1},{"name":"Coin pouch","id":24703,"quantity":1,"price":0}],"date":"Feb 11, 2023, 11:44:31 PM"}
{"name":"Vyre","level":-1,"killCount":-1,"type":"PICKPOCKET","drops":[{"name":"Coins","id":995,"quantity":230,"price":1},{"name":"Coin pouch","id":24703,"quantity":1,"price":0}],"date":"Feb 11, 2023, 11:44:47 PM"}
{"name":"Vyre","level":-1,"killCount":-1,"type":"PICKPOCKET","drops":[{"name":"Coins","id":995,"quantity":230,"price":1},{"name":"Coin pouch","id":24703,"quantity":1,"price":0}],"date":"Feb 11, 2023, 11:45:00 PM"}
{"name":"Vyre","level":-1,"killCount":-1,"type":"PICKPOCKET","drops":[{"name":"Coins","id":995,"quantity":230,"price":1},{"name":"Coin pouch","id":24703,"quantity":1,"price":0}],"date":"Feb 11, 2023, 11:45:01 PM"}
{"name":"Vyre","level":-1,"killCount":-1,"type":"PICKPOCKET","drops":[{"name":"Uncut ruby","id":1619,"quantity":2,"price":1089}],"date":"Feb 11, 2023, 11:45:09 PM"}
{"name":"Vyre","level":-1,"killCount":-1,"type":"PICKPOCKET","drops":[{"name":"Coins","id":995,"quantity":230,"price":1},{"name":"Coin pouch","id":24703,"quantity":1,"price":0}],"date":"Feb 11, 2023, 11:45:10 PM"}
{"name":"Vyre","level":-1,"killCount":-1,"type":"PICKPOCKET","drops":[{"name":"Coins","id":995,"quantity":230,"price":1},{"name":"Coin pouch","id":24703,"quantity":1,"price":0}],"date":"Feb 11, 2023, 11:45:11 PM"}
{"name":"Vyre","level":-1,"killCount":-1,"type":"PICKPOCKET","drops":[{"name":"Coins","id":995,"quantity":230,"price":1},{"name":"Coin pouch","id":24703,"quantity":1,"price":0}],"date":"Feb 11, 2023, 11:45:25 PM"}
{"name":"Vyre","level":-1,"killCount":-1,"type":"PICKPOCKET","drops":[{"name":"Coins","id":995,"quantity":230,"price":1},{"name":"Coin pouch","id":24703,"quantity":1,"price":0}],"date":"Feb 11, 2023, 11:45:40 PM"}
{"name":"Vyre","level":-1,"killCount":-1,"type":"PICKPOCKET","drops":[{"name":"Coins","id":995,"quantity":230,"price":1},{"name":"Coin pouch","id":24703,"quantity":1,"price":0}],"date":"Feb 11, 2023, 11:45:41 PM"}
{"name":"Vyre","level":-1,"killCount":-1,"type":"PICKPOCKET","drops":[{"name":"Blood pint","id":24774,"quantity":2,"price":54}],"date":"Feb 11, 2023, 11:45:49 PM"}
