{"name":"Wealthy Citizen","level":-1,"killCount":-1,"type":"PICKPOCKET","drops":[{"name":"Coin pouch","id":28822,"quantity":1,"price":0}],"date":"Mar 24, 2024, 11:09:27 AM"}
{"name":"Wealthy Citizen","level":-1,"killCount":-1,"type":"PICKPOCKET","drops":[{"name":"Coin pouch","id":28822,"quantity":1,"price":0}],"date":"Mar 24, 2024, 11:09:28 AM"}
{"name":"Wealthy Citizen","level":-1,"killCount":-1,"type":"PICKPOCKET","drops":[{"name":"Coin pouch","id":28822,"quantity":1,"price":0}],"date":"Mar 24, 2024, 11:09:30 AM"}
{"name":"Wealthy Citizen","level":-1,"killCount":-1,"type":"PICKPOCKET","drops":[{"name":"Coin pouch","id":28822,"quantity":1,"price":0}],"date":"Mar 24, 2024, 11:09:31 AM"}
{"name":"Wealthy Citizen","level":-1,"killCount":-1,"type":"PICKPOCKET","drops":[{"name":"Coin pouch","id":28822,"quantity":1,"price":0}],"date":"Mar 24, 2024, 11:09:32 AM"}
{"name":"Wealthy Citizen","level":-1,"killCount":-1,"type":"PICKPOCKET","drops":[{"name":"Coin pouch","id":28822,"quantity":1,"price":0}],"date":"Mar 24, 2024, 11:09:33 AM"}
{"name":"Wealthy Citizen","level":-1,"killCount":-1,"type":"PICKPOCKET","drops":[{"name":"Coin pouch","id":28822,"quantity":1,"price":0}],"date":"Mar 24, 2024, 11:09:34 AM"}
{"name":"Wealthy Citizen","level":-1,"killCount":-1,"type":"PICKPOCKET","drops":[{"name":"Coin pouch","id":28822,"quantity":1,"price":0}],"date":"Mar 24, 2024, 11:20:10 AM"}
{"name":"Wealthy Citizen","level":-1,"killCount":-1,"type":"PICKPOCKET","drops":[{"name":"Coin pouch","id":28822,"quantity":1,"price":0}],"date":"Mar 24, 2024, 11:20:43 AM"}
{"name":"Wealthy Citizen","level":-1,"killCount":-1,"type":"PICKPOCKET","drops":[{"name":"Coin pouch","id":28822,"quantity":1,"price":0}],"date":"Mar 24, 2024, 11:20:45 AM"}
{"name":"Wealthy Citizen","level":-1,"killCount":-1,"type":"PICKPOCKET","drops":[{"name":"Coins","id":995,"quantity":85,"price":1},{"name":"Coin pouch","id":28822,"quantity":1,"price":0}],"date":"May 16, 2024, 8:38:56 AM"}
{"name":"Wealthy Citizen","level":-1,"killCount":-1,"type":"PICKPOCKET","drops":[{"name":"Coins","id":995,"quantity":85,"price":1},{"name":"Coin pouch","id":28822,"quantity":1,"price":0}],"date":"May 16, 2024, 8:38:57 AM"}
{"name":"Wealthy Citizen","level":-1,"killCount":-1,"type":"PICKPOCKET","drops":[{"name":"Coins","id":995,"quantity":85,"price":1},{"name":"Coin pouch","id":28822,"quantity":1,"price":0}],"date":"May 16, 2024, 8:38:58 AM"}
{"name":"Wealthy Citizen","level":-1,"killCount":-1,"type":"PICKPOCKET","drops":[{"name":"Coins","id":995,"quantity":85,"price":1},{"name":"Coin pouch","id":28822,"quantity":1,"price":0}],"date":"May 16, 2024, 8:38:59 AM"}
{"name":"Wealthy Citizen","level":-1,"killCount":-1,"type":"PICKPOCKET","drops":[{"name":"Coins","id":995,"quantity":85,"price":1},{"name":"Coin pouch","id":28822,"quantity":1,"price":0}],"date":"May 16, 2024, 8:39:01 AM"}
{"name":"Wealthy Citizen","level":-1,"killCount":-1,"type":"PICKPOCKET","drops":[{"name":"House keys","id":29325,"quantity":2,"price":0}],"date":"May 16, 2024, 8:39:02 AM"}
{"name":"Wealthy Citizen","level":-1,"killCount":-1,"type":"PICKPOCKET","drops":[{"name":"Coins","id":995,"quantity":85,"price":1},{"name":"Coin pouch","id":28822,"quantity":1,"price":0}],"date":"May 16, 2024, 8:39:03 AM"}
{"name":"Wealthy Citizen","level":-1,"killCount":-1,"type":"PICKPOCKET","drops":[{"name":"Coins","id":995,"quantity":85,"price":1},{"name":"Coin pouch","id":28822,"quantity":1,"price":0}],"date":"May 16, 2024, 8:39:14 AM"}
{"name":"Wealthy Citizen","level":-1,"killCount":-1,"type":"PICKPOCKET","drops":[{"name":"Coins","id":995,"quantity":85,"price":1},{"name":"Coin pouch","id":28822,"quantity":1,"price":0}],"date":"May 16, 2024, 8:39:15 AM"}
{"name":"Wealthy Citizen","level":-1,"killCount":-1,"type":"PICKPOCKET","drops":[{"name":"Coins","id":995,"quantity":85,"price":1},{"name":"Coin pouch","id":28822,"quantity":1,"price":0}],"date":"May 16, 2024, 8:39:20 AM"}
{"name":"Wealthy Citizen","level":-1,"killCount":-1,"type":"PICKPOCKET","drops":[{"name":"Coins","id":995,"quantity":85,"price":1},{"name":"Coin pouch","id":28822,"quantity":1,"price":0}],"date":"May 16, 2024, 8:39:21 AM"}
{"name":"Wealthy Citizen","level":-1,"killCount":-1,"type":"PICKPOCKET","drops":[{"name":"Coins","id":995,"quantity":85,"price":1},{"name":"Coin pouch","id":28822,"quantity":1,"price":0}],"date":"May 16, 2024, 8:39:22 AM"}
{"name":"Wealthy Citizen","level":-1,"killCount":-1,"type":"PICKPOCKET","drops":[{"name":"Coins","id":995,"quantity":85,"price":1},{"name":"Coin pouch","id":28822,"quantity":1,"price":0}],"date":"May 16, 2024, 8:39:23 AM"}
{"name":"Wealthy Citizen","level":-1,"killCount":-1,"type":"PICKPOCKET","drops":[{"name":"Clue scroll (easy)","id":12177,"quantity":1,"price":0}],"date":"May 16, 2024, 8:39:25 AM"}
{"name":"Wealthy Citizen","level":-1,"killCount":-1,"type":"PICKPOCKET","drops":[{"name":"Coins","id":995,"quantity":85,"price":1},{"name":"Coin pouch","id":28822,"quantity":1,"price":0}],"date":"May 16, 2024, 8:39:26 AM"}
{"name":"Wealthy Citizen","level":-1,"killCount":-1,"type":"PICKPOCKET","drops":[{"name":"Coins","id":995,"quantity":85,"price":1},{"name":"Coin pouch","id":28822,"quantity":1,"price":0}],"date":"May 16, 2024, 8:39:27 AM"}
{"name":"Wealthy Citizen","level":-1,"killCount":-1,"type":"PICKPOCKET","drops":[{"name":"Coins","id":995,"quantity":85,"price":1},{"name":"Coin pouch","id":28822,"quantity":1,"price":0}],"date":"May 16, 2024, 8:39:28 AM"}
{"name":"Wealthy Citizen","level":-1,"killCount":-1,"type":"PICKPOCKET","drops":[{"name":"Coins","id":995,"quantity":85,"price":1},{"name":"Coin pouch","id":28822,"quantity":1,"price":0}],"date":"May 16, 2024, 8:39:29 AM"}
{"name":"Wealthy Citizen","level":-1,"killCount":-1,"type":"PICKPOCKET","drops":[{"name":"Coins","id":995,"quantity":85,"price":1},{"name":"Coin pouch","id":28822,"quantity":1,"price":0}],"date":"May 16, 2024, 8:39:31 AM"}
{"name":"Wealthy Citizen","level":-1,"killCount":-1,"type":"PICKPOCKET","drops":[{"name":"Coins","id":995,"quantity":85,"price":1},{"name":"Coin pouch","id":28822,"quantity":1,"price":0}],"date":"May 16, 2024, 8:39:32 AM"}
{"name":"Wealthy Citizen","level":-1,"killCount":-1,"type":"PICKPOCKET","drops":[{"name":"Coins","id":995,"quantity":85,"price":1},{"name":"Coin pouch","id":28822,"quantity":1,"price":0}],"date":"May 16, 2024, 8:39:33 AM"}
{"name":"Wealthy Citizen","level":-1,"killCount":-1,"type":"PICKPOCKET","drops":[{"name":"Coins","id":995,"quantity":85,"price":1},{"name":"Coin pouch","id":28822,"quantity":1,"price":0}],"date":"May 16, 2024, 8:39:34 AM"}
{"name":"Wealthy Citizen","level":-1,"killCount":-1,"type":"PICKPOCKET","drops":[{"name":"Coins","id":995,"quantity":85,"price":1},{"name":"Coin pouch","id":28822,"quantity":1,"price":0}],"date":"May 16, 2024, 8:39:35 AM"}
{"name":"Wealthy Citizen","level":-1,"killCount":-1,"type":"PICKPOCKET","drops":[{"name":"Coins","id":995,"quantity":85,"price":1},{"name":"Coin pouch","id":28822,"quantity":1,"price":0}],"date":"May 16, 2024, 8:39:42 AM"}
{"name":"Wealthy Citizen","level":-1,"killCount":-1,"type":"PICKPOCKET","drops":[{"name":"Coins","id":995,"quantity":85,"price":1},{"name":"Coin pouch","id":28822,"quantity":1,"price":0}],"date":"May 16, 2024, 8:39:45 AM"}
{"name":"Wealthy Citizen","level":-1,"killCount":-1,"type":"PICKPOCKET","drops":[{"name":"House keys","id":29325,"quantity":2,"price":0}],"date":"May 16, 2024, 8:39:50 AM"}
{"name":"Wealthy Citizen","level":-1,"killCount":-1,"type":"PICKPOCKET","drops":[{"name":"Coins","id":995,"quantity":85,"price":1},{"name":"Coin pouch","id":28822,"quantity":1,"price":0}],"date":"May 16, 2024, 8:39:52 AM"}
{"name":"Wealthy Citizen","level":-1,"killCount":-1,"type":"PICKPOCKET","drops":[{"name":"Coins","id":995,"quantity":85,"price":1},{"name":"Coin pouch","id":28822,"quantity":1,"price":0}],"date":"May 16, 2024, 8:39:53 AM"}
{"name":"Wealthy Citizen","level":-1,"killCount":-1,"type":"PICKPOCKET","drops":[{"name":"Coins","id":995,"quantity":85,"price":1},{"name":"Coin pouch","id":28822,"quantity":1,"price":0}],"date":"May 16, 2024, 8:39:54 AM"}
{"name":"Wealthy Citizen","level":-1,"killCount":-1,"type":"PICKPOCKET","drops":[{"name":"Coins","id":995,"quantity":85,"price":1},{"name":"Coin pouch","id":28822,"quantity":1,"price":0}],"date":"May 16, 2024, 8:39:55 AM"}
{"name":"Wealthy Citizen","level":-1,"killCount":-1,"type":"PICKPOCKET","drops":[{"name":"Coins","id":995,"quantity":85,"price":1},{"name":"Coin pouch","id":28822,"quantity":1,"price":0}],"date":"May 16, 2024, 8:39:56 AM"}
{"name":"Wealthy Citizen","level":-1,"killCount":-1,"type":"PICKPOCKET","drops":[{"name":"Coins","id":995,"quantity":85,"price":1},{"name":"Coin pouch","id":28822,"quantity":1,"price":0}],"date":"May 16, 2024, 8:39:58 AM"}
{"name":"Wealthy Citizen","level":-1,"killCount":-1,"type":"PICKPOCKET","drops":[{"name":"House keys","id":29325,"quantity":2,"price":0}],"date":"May 16, 2024, 8:39:59 AM"}
{"name":"Wealthy Citizen","level":-1,"killCount":-1,"type":"PICKPOCKET","drops":[{"name":"Coins","id":995,"quantity":85,"price":1},{"name":"Coin pouch","id":28822,"quantity":1,"price":0}],"date":"May 16, 2024, 8:40:00 AM"}
{"name":"Wealthy Citizen","level":-1,"killCount":-1,"type":"PICKPOCKET","drops":[{"name":"Coins","id":995,"quantity":85,"price":1},{"name":"Coin pouch","id":28822,"quantity":1,"price":0}],"date":"May 16, 2024, 8:40:01 AM"}
{"name":"Wealthy Citizen","level":-1,"killCount":-1,"type":"PICKPOCKET","drops":[{"name":"Coins","id":995,"quantity":85,"price":1},{"name":"Coin pouch","id":28822,"quantity":1,"price":0}],"date":"May 16, 2024, 8:40:02 AM"}
{"name":"Wealthy Citizen","level":-1,"killCount":-1,"type":"PICKPOCKET","drops":[{"name":"Coins","id":995,"quantity":85,"price":1},{"name":"Coin pouch","id":28822,"quantity":1,"price":0}],"date":"May 16, 2024, 8:40:04 AM"}
{"name":"Wealthy Citizen","level":-1,"killCount":-1,"type":"PICKPOCKET","drops":[{"name":"Coins","id":995,"quantity":85,"price":1},{"name":"Coin pouch","id":28822,"quantity":1,"price":0}],"date":"May 16, 2024, 8:40:05 AM"}
{"name":"Wealthy Citizen","level":-1,"killCount":-1,"type":"PICKPOCKET","drops":[{"name":"House keys","id":29325,"quantity":2,"price":0}],"date":"May 16, 2024, 8:40:06 AM"}
{"name":"Wealthy Citizen","level":-1,"killCount":-1,"type":"PICKPOCKET","drops":[{"name":"Coins","id":995,"quantity":85,"price":1},{"name":"Coin pouch","id":28822,"quantity":1,"price":0}],"date":"May 16, 2024, 8:40:07 AM"}
{"name":"Wealthy Citizen","level":-1,"killCount":-1,"type":"PICKPOCKET","drops":[{"name":"Coins","id":995,"quantity":85,"price":1},{"name":"Coin pouch","id":28822,"quantity":1,"price":0}],"date":"May 16, 2024, 8:40:08 AM"}
{"name":"Wealthy Citizen","level":-1,"killCount":-1,"type":"PICKPOCKET","drops":[{"name":"Coins","id":995,"quantity":85,"price":1},{"name":"Coin pouch","id":28822,"quantity":1,"price":0}],"date":"May 16, 2024, 8:40:10 AM"}
{"name":"Wealthy Citizen","level":-1,"killCount":-1,"type":"PICKPOCKET","drops":[{"name":"Coins","id":995,"quantity":85,"price":1},{"name":"Coin pouch","id":28822,"quantity":1,"price":0}],"date":"May 16, 2024, 8:40:11 AM"}
{"name":"Wealthy Citizen","level":-1,"killCount":-1,"type":"PICKPOCKET","drops":[{"name":"Coins","id":995,"quantity":85,"price":1},{"name":"Coin pouch","id":28822,"quantity":1,"price":0}],"date":"May 16, 2024, 8:40:12 AM"}
{"name":"Wealthy Citizen","level":-1,"killCount":-1,"type":"PICKPOCKET","drops":[{"name":"Coins","id":995,"quantity":85,"price":1},{"name":"Coin pouch","id":28822,"quantity":1,"price":0}],"date":"May 16, 2024, 8:40:13 AM"}
{"name":"Wealthy Citizen","level":-1,"killCount":-1,"type":"PICKPOCKET","drops":[{"name":"Coins","id":995,"quantity":85,"price":1},{"name":"Coin pouch","id":28822,"quantity":1,"price":0}],"date":"May 16, 2024, 8:40:14 AM"}
{"name":"Wealthy Citizen","level":-1,"killCount":-1,"type":"PICKPOCKET","drops":[{"name":"House keys","id":29325,"quantity":2,"price":0}],"date":"May 16, 2024, 8:40:16 AM"}
{"name":"Wealthy Citizen","level":-1,"killCount":-1,"type":"PICKPOCKET","drops":[{"name":"Coins","id":995,"quantity":85,"price":1},{"name":"Coin pouch","id":28822,"quantity":1,"price":0}],"date":"May 16, 2024, 8:40:17 AM"}
{"name":"Wealthy Citizen","level":-1,"killCount":-1,"type":"PICKPOCKET","drops":[{"name":"Coins","id":995,"quantity":85,"price":1},{"name":"Coin pouch","id":28822,"quantity":1,"price":0}],"date":"May 16, 2024, 8:40:18 AM"}
{"name":"Wealthy Citizen","level":-1,"killCount":-1,"type":"PICKPOCKET","drops":[{"name":"Coins","id":995,"quantity":85,"price":1},{"name":"Coin pouch","id":28822,"quantity":1,"price":0}],"date":"May 16, 2024, 8:40:26 AM"}
{"name":"Wealthy Citizen","level":-1,"killCount":-1,"type":"PICKPOCKET","drops":[{"name":"Coins","id":995,"quantity":85,"price":1},{"name":"Coin pouch","id":28822,"quantity":1,"price":0}],"date":"May 16, 2024, 8:40:27 AM"}
{"name":"Wealthy Citizen","level":-1,"killCount":-1,"type":"PICKPOCKET","drops":[{"name":"Coins","id":995,"quantity":85,"price":1},{"name":"Coin pouch","id":28822,"quantity":1,"price":0}],"date":"May 16, 2024, 8:40:28 AM"}
{"name":"Wealthy Citizen","level":-1,"killCount":-1,"type":"PICKPOCKET","drops":[{"name":"House keys","id":29325,"quantity":2,"price":0}],"date":"May 16, 2024, 8:40:29 AM"}
{"name":"Wealthy Citizen","level":-1,"killCount":-1,"type":"PICKPOCKET","drops":[{"name":"Coins","id":995,"quantity":85,"price":1},{"name":"Coin pouch","id":28822,"quantity":1,"price":0}],"date":"May 16, 2024, 8:40:31 AM"}
{"name":"Wealthy Citizen","level":-1,"killCount":-1,"type":"PICKPOCKET","drops":[{"name":"Coins","id":995,"quantity":85,"price":1},{"name":"Coin pouch","id":28822,"quantity":1,"price":0}],"date":"May 16, 2024, 8:40:32 AM"}
{"name":"Wealthy Citizen","level":-1,"killCount":-1,"type":"PICKPOCKET","drops":[{"name":"Coins","id":995,"quantity":85,"price":1},{"name":"Coin pouch","id":28822,"quantity":1,"price":0}],"date":"May 16, 2024, 8:40:33 AM"}
{"name":"Wealthy Citizen","level":-1,"killCount":-1,"type":"PICKPOCKET","drops":[{"name":"Coins","id":995,"quantity":85,"price":1},{"name":"Coin pouch","id":28822,"quantity":1,"price":0}],"date":"May 16, 2024, 8:40:34 AM"}
{"name":"Wealthy Citizen","level":-1,"killCount":-1,"type":"PICKPOCKET","drops":[{"name":"Coins","id":995,"quantity":85,"price":1},{"name":"Coin pouch","id":28822,"quantity":1,"price":0}],"date":"May 16, 2024, 8:40:35 AM"}
{"name":"Wealthy Citizen","level":-1,"killCount":-1,"type":"PICKPOCKET","drops":[{"name":"Clue scroll (easy)","id":12168,"quantity":1,"price":0}],"date":"May 16, 2024, 8:40:37 AM"}
{"name":"Wealthy Citizen","level":-1,"killCount":-1,"type":"PICKPOCKET","drops":[{"name":"Coins","id":995,"quantity":85,"price":1},{"name":"Coin pouch","id":28822,"quantity":1,"price":0}],"date":"May 16, 2024, 8:40:38 AM"}
{"name":"Wealthy Citizen","level":-1,"killCount":-1,"type":"PICKPOCKET","drops":[{"name":"Coins","id":995,"quantity":85,"price":1},{"name":"Coin pouch","id":28822,"quantity":1,"price":0}],"date":"May 16, 2024, 8:40:42 AM"}
{"name":"Wealthy Citizen","level":-1,"killCount":-1,"type":"PICKPOCKET","drops":[{"name":"House keys","id":29325,"quantity":2,"price":0}],"date":"May 16, 2024, 8:40:43 AM"}
{"name":"Wealthy Citizen","level":-1,"killCount":-1,"type":"PICKPOCKET","drops":[{"name":"Coins","id":995,"quantity":85,"price":1},{"name":"Coin pouch","id":28822,"quantity":1,"price":0}],"date":"May 16, 2024, 8:40:44 AM"}
{"name":"Wealthy Citizen","level":-1,"killCount":-1,"type":"PICKPOCKET","drops":[{"name":"Coins","id":995,"quantity":85,"price":1},{"name":"Coin pouch","id":28822,"quantity":1,"price":0}],"date":"May 16, 2024, 8:40:46 AM"}
{"name":"Wealthy Citizen","level":-1,"killCount":-1,"type":"PICKPOCKET","drops":[{"name":"Coins","id":995,"quantity":85,"price":1},{"name":"Coin pouch","id":28822,"quantity":1,"price":0}],"date":"May 16, 2024, 8:40:47 AM"}
{"name":"Wealthy Citizen","level":-1,"killCount":-1,"type":"PICKPOCKET","drops":[{"name":"Coins","id":995,"quantity":85,"price":1},{"name":"Coin pouch","id":28822,"quantity":1,"price":0}],"date":"May 16, 2024, 8:40:48 AM"}
{"name":"Wealthy Citizen","level":-1,"killCount":-1,"type":"PICKPOCKET","drops":[{"name":"Coins","id":995,"quantity":85,"price":1},{"name":"Coin pouch","id":28822,"quantity":1,"price":0}],"date":"May 16, 2024, 8:40:49 AM"}
{"name":"Wealthy Citizen","level":-1,"killCount":-1,"type":"PICKPOCKET","drops":[{"name":"Coins","id":995,"quantity":85,"price":1},{"name":"Coin pouch","id":28822,"quantity":1,"price":0}],"date":"May 16, 2024, 8:40:50 AM"}
{"name":"Wealthy Citizen","level":-1,"killCount":-1,"type":"PICKPOCKET","drops":[{"name":"Coins","id":995,"quantity":85,"price":1},{"name":"Coin pouch","id":28822,"quantity":1,"price":0}],"date":"May 16, 2024, 8:40:52 AM"}
{"name":"Wealthy Citizen","level":-1,"killCount":-1,"type":"PICKPOCKET","drops":[{"name":"Coins","id":995,"quantity":85,"price":1},{"name":"Coin pouch","id":28822,"quantity":1,"price":0}],"date":"May 16, 2024, 8:40:53 AM"}
{"name":"Wealthy Citizen","level":-1,"killCount":-1,"type":"PICKPOCKET","drops":[{"name":"Coins","id":995,"quantity":85,"price":1},{"name":"Coin pouch","id":28822,"quantity":1,"price":0}],"date":"May 16, 2024, 8:40:54 AM"}
{"name":"Wealthy Citizen","level":-1,"killCount":-1,"type":"PICKPOCKET","drops":[{"name":"Coins","id":995,"quantity":85,"price":1},{"name":"Coin pouch","id":28822,"quantity":1,"price":0}],"date":"May 16, 2024, 8:40:55 AM"}
{"name":"Wealthy Citizen","level":-1,"killCount":-1,"type":"PICKPOCKET","drops":[{"name":"Coins","id":995,"quantity":85,"price":1},{"name":"Coin pouch","id":28822,"quantity":1,"price":0}],"date":"May 16, 2024, 8:40:56 AM"}
{"name":"Wealthy Citizen","level":-1,"killCount":-1,"type":"PICKPOCKET","drops":[{"name":"Coins","id":995,"quantity":85,"price":1},{"name":"Coin pouch","id":28822,"quantity":1,"price":0}],"date":"May 16, 2024, 8:40:58 AM"}
{"name":"Wealthy Citizen","level":-1,"killCount":-1,"type":"PICKPOCKET","drops":[{"name":"House keys","id":29325,"quantity":2,"price":0}],"date":"May 16, 2024, 8:40:59 AM"}
{"name":"Wealthy Citizen","level":-1,"killCount":-1,"type":"PICKPOCKET","drops":[{"name":"Coins","id":995,"quantity":85,"price":1},{"name":"Coin pouch","id":28822,"quantity":1,"price":0}],"date":"May 16, 2024, 8:41:00 AM"}
{"name":"Wealthy Citizen","level":-1,"killCount":-1,"type":"PICKPOCKET","drops":[{"name":"Coins","id":995,"quantity":85,"price":1},{"name":"Coin pouch","id":28822,"quantity":1,"price":0}],"date":"May 16, 2024, 8:41:04 AM"}
{"name":"Wealthy Citizen","level":-1,"killCount":-1,"type":"PICKPOCKET","drops":[{"name":"Coins","id":995,"quantity":85,"price":1},{"name":"Coin pouch","id":28822,"quantity":1,"price":0}],"date":"May 16, 2024, 8:41:05 AM"}
{"name":"Wealthy Citizen","level":-1,"killCount":-1,"type":"PICKPOCKET","drops":[{"name":"Coins","id":995,"quantity":85,"price":1},{"name":"Coin pouch","id":28822,"quantity":1,"price":0}],"date":"May 16, 2024, 8:41:07 AM"}
{"name":"Wealthy Citizen","level":-1,"killCount":-1,"type":"PICKPOCKET","drops":[{"name":"Coins","id":995,"quantity":85,"price":1},{"name":"Coin pouch","id":28822,"quantity":1,"price":0}],"date":"May 16, 2024, 8:41:15 AM"}
{"name":"Wealthy Citizen","level":-1,"killCount":-1,"type":"PICKPOCKET","drops":[{"name":"Coins","id":995,"quantity":85,"price":1},{"name":"Coin pouch","id":28822,"quantity":1,"price":0}],"date":"May 16, 2024, 8:41:16 AM"}
{"name":"Wealthy Citizen","level":-1,"killCount":-1,"type":"PICKPOCKET","drops":[{"name":"Clue scroll (easy)","id":19824,"quantity":1,"price":0}],"date":"May 16, 2024, 8:41:17 AM"}
{"name":"Wealthy Citizen","level":-1,"killCount":-1,"type":"PICKPOCKET","drops":[{"name":"Coins","id":995,"quantity":85,"price":1},{"name":"Coin pouch","id":28822,"quantity":1,"price":0}],"date":"May 16, 2024, 8:41:19 AM"}
{"name":"Wealthy Citizen","level":-1,"killCount":-1,"type":"PICKPOCKET","drops":[{"name":"Coins","id":995,"quantity":85,"price":1},{"name":"Coin pouch","id":28822,"quantity":1,"price":0}],"date":"May 16, 2024, 8:41:23 AM"}
{"name":"Wealthy Citizen","level":-1,"killCount":-1,"type":"PICKPOCKET","drops":[{"name":"Coins","id":995,"quantity":85,"price":1},{"name":"Coin pouch","id":28822,"quantity":1,"price":0}],"date":"May 16, 2024, 8:41:24 AM"}
{"name":"Wealthy Citizen","level":-1,"killCount":-1,"type":"PICKPOCKET","drops":[{"name":"Coins","id":995,"quantity":85,"price":1},{"name":"Coin pouch","id":28822,"quantity":1,"price":0}],"date":"May 16, 2024, 8:41:25 AM"}
{"name":"Wealthy Citizen","level":-1,"killCount":-1,"type":"PICKPOCKET","drops":[{"name":"Coins","id":995,"quantity":85,"price":1},{"name":"Coin pouch","id":28822,"quantity":1,"price":0}],"date":"May 16, 2024, 8:41:26 AM"}
{"name":"Wealthy Citizen","level":-1,"killCount":-1,"type":"PICKPOCKET","drops":[{"name":"Coins","id":995,"quantity":85,"price":1},{"name":"Coin pouch","id":28822,"quantity":1,"price":0}],"date":"May 16, 2024, 8:41:28 AM"}
{"name":"Wealthy Citizen","level":-1,"killCount":-1,"type":"PICKPOCKET","drops":[{"name":"Coins","id":995,"quantity":85,"price":1},{"name":"Coin pouch","id":28822,"quantity":1,"price":0}],"date":"May 16, 2024, 8:41:29 AM"}
{"name":"Wealthy Citizen","level":-1,"killCount":-1,"type":"PICKPOCKET","drops":[{"name":"Coins","id":995,"quantity":85,"price":1},{"name":"Coin pouch","id":28822,"quantity":1,"price":0}],"date":"May 16, 2024, 8:41:30 AM"}
{"name":"Wealthy Citizen","level":-1,"killCount":-1,"type":"PICKPOCKET","drops":[{"name":"Coins","id":995,"quantity":85,"price":1},{"name":"Coin pouch","id":28822,"quantity":1,"price":0}],"date":"May 16, 2024, 8:41:31 AM"}
{"name":"Wealthy Citizen","level":-1,"killCount":-1,"type":"PICKPOCKET","drops":[{"name":"Coins","id":995,"quantity":85,"price":1},{"name":"Coin pouch","id":28822,"quantity":1,"price":0}],"date":"May 16, 2024, 8:41:32 AM"}
{"name":"Wealthy Citizen","level":-1,"killCount":-1,"type":"PICKPOCKET","drops":[{"name":"Coins","id":995,"quantity":85,"price":1},{"name":"Coin pouch","id":28822,"quantity":1,"price":0}],"date":"May 16, 2024, 8:41:40 AM"}
{"name":"Wealthy Citizen","level":-1,"killCount":-1,"type":"PICKPOCKET","drops":[{"name":"Coins","id":995,"quantity":85,"price":1},{"name":"Coin pouch","id":28822,"quantity":1,"price":0}],"date":"May 16, 2024, 8:41:41 AM"}
{"name":"Wealthy Citizen","level":-1,"killCount":-1,"type":"PICKPOCKET","drops":[{"name":"Coins","id":995,"quantity":85,"price":1},{"name":"Coin pouch","id":28822,"quantity":1,"price":0}],"date":"May 16, 2024, 8:41:43 AM"}
{"name":"Wealthy Citizen","level":-1,"killCount":-1,"type":"PICKPOCKET","drops":[{"name":"Coins","id":995,"quantity":85,"price":1},{"name":"Coin pouch","id":28822,"quantity":1,"price":0}],"date":"May 16, 2024, 8:41:44 AM"}
{"name":"Wealthy Citizen","level":-1,"killCount":-1,"type":"PICKPOCKET","drops":[{"name":"Coins","id":995,"quantity":85,"price":1},{"name":"Coin pouch","id":28822,"quantity":1,"price":0}],"date":"May 16, 2024, 8:41:46 AM"}
{"name":"Wealthy Citizen","level":-1,"killCount":-1,"type":"PICKPOCKET","drops":[{"name":"Coins","id":995,"quantity":85,"price":1},{"name":"Coin pouch","id":28822,"quantity":1,"price":0}],"date":"May 16, 2024, 8:41:47 AM"}
{"name":"Wealthy Citizen","level":-1,"killCount":-1,"type":"PICKPOCKET","drops":[{"name":"Coins","id":995,"quantity":85,"price":1},{"name":"Coin pouch","id":28822,"quantity":1,"price":0}],"date":"May 16, 2024, 8:41:48 AM"}
{"name":"Wealthy Citizen","level":-1,"killCount":-1,"type":"PICKPOCKET","drops":[{"name":"Coins","id":995,"quantity":85,"price":1},{"name":"Coin pouch","id":28822,"quantity":1,"price":0}],"date":"May 16, 2024, 8:41:56 AM"}
{"name":"Wealthy Citizen","level":-1,"killCount":-1,"type":"PICKPOCKET","drops":[{"name":"Coins","id":995,"quantity":85,"price":1},{"name":"Coin pouch","id":28822,"quantity":1,"price":0}],"date":"May 16, 2024, 8:41:58 AM"}
{"name":"Wealthy Citizen","level":-1,"killCount":-1,"type":"PICKPOCKET","drops":[{"name":"Coins","id":995,"quantity":85,"price":1},{"name":"Coin pouch","id":28822,"quantity":1,"price":0}],"date":"May 16, 2024, 8:41:59 AM"}
{"name":"Wealthy Citizen","level":-1,"killCount":-1,"type":"PICKPOCKET","drops":[{"name":"Coins","id":995,"quantity":85,"price":1},{"name":"Coin pouch","id":28822,"quantity":1,"price":0}],"date":"May 16, 2024, 8:42:00 AM"}
{"name":"Wealthy Citizen","level":-1,"killCount":-1,"type":"PICKPOCKET","drops":[{"name":"Coins","id":995,"quantity":85,"price":1},{"name":"Coin pouch","id":28822,"quantity":1,"price":0}],"date":"May 16, 2024, 8:42:01 AM"}
{"name":"Wealthy Citizen","level":-1,"killCount":-1,"type":"PICKPOCKET","drops":[{"name":"Coins","id":995,"quantity":85,"price":1},{"name":"Coin pouch","id":28822,"quantity":1,"price":0}],"date":"May 16, 2024, 8:42:02 AM"}
{"name":"Wealthy Citizen","level":-1,"killCount":-1,"type":"PICKPOCKET","drops":[{"name":"Coins","id":995,"quantity":85,"price":1},{"name":"Coin pouch","id":28822,"quantity":1,"price":0}],"date":"May 16, 2024, 8:42:04 AM"}
{"name":"Wealthy Citizen","level":-1,"killCount":-1,"type":"PICKPOCKET","drops":[{"name":"Coins","id":995,"quantity":85,"price":1},{"name":"Coin pouch","id":28822,"quantity":1,"price":0}],"date":"May 16, 2024, 8:42:05 AM"}
{"name":"Wealthy Citizen","level":-1,"killCount":-1,"type":"PICKPOCKET","drops":[{"name":"Clue scroll (easy)","id":2692,"quantity":1,"price":0}],"date":"May 16, 2024, 8:42:06 AM"}
{"name":"Wealthy Citizen","level":-1,"killCount":-1,"type":"PICKPOCKET","drops":[{"name":"Coins","id":995,"quantity":85,"price":1},{"name":"Coin pouch","id":28822,"quantity":1,"price":0}],"date":"May 16, 2024, 8:42:07 AM"}
{"name":"Wealthy Citizen","level":-1,"killCount":-1,"type":"PICKPOCKET","drops":[{"name":"Coins","id":995,"quantity":85,"price":1},{"name":"Coin pouch","id":28822,"quantity":1,"price":0}],"date":"May 16, 2024, 8:42:13 AM"}
{"name":"Wealthy Citizen","level":-1,"killCount":-1,"type":"PICKPOCKET","drops":[{"name":"Coins","id":995,"quantity":85,"price":1},{"name":"Coin pouch","id":28822,"quantity":1,"price":0}],"date":"May 16, 2024, 8:42:21 AM"}
{"name":"Wealthy Citizen","level":-1,"killCount":-1,"type":"PICKPOCKET","drops":[{"name":"Coins","id":995,"quantity":85,"price":1},{"name":"Coin pouch","id":28822,"quantity":1,"price":0}],"date":"May 16, 2024, 8:42:22 AM"}
{"name":"Wealthy Citizen","level":-1,"killCount":-1,"type":"PICKPOCKET","drops":[{"name":"Coins","id":995,"quantity":85,"price":1},{"name":"Coin pouch","id":28822,"quantity":1,"price":0}],"date":"May 16, 2024, 8:42:23 AM"}
{"name":"Wealthy Citizen","level":-1,"killCount":-1,"type":"PICKPOCKET","drops":[{"name":"Coins","id":995,"quantity":85,"price":1},{"name":"Coin pouch","id":28822,"quantity":1,"price":0}],"date":"May 16, 2024, 8:42:25 AM"}
{"name":"Wealthy Citizen","level":-1,"killCount":-1,"type":"PICKPOCKET","drops":[{"name":"Coins","id":995,"quantity":85,"price":1},{"name":"Coin pouch","id":28822,"quantity":1,"price":0}],"date":"May 16, 2024, 8:42:26 AM"}
{"name":"Wealthy Citizen","level":-1,"killCount":-1,"type":"PICKPOCKET","drops":[{"name":"Coins","id":995,"quantity":85,"price":1},{"name":"Coin pouch","id":28822,"quantity":1,"price":0}],"date":"May 16, 2024, 8:42:27 AM"}
{"name":"Wealthy Citizen","level":-1,"killCount":-1,"type":"PICKPOCKET","drops":[{"name":"House keys","id":29325,"quantity":2,"price":0}],"date":"May 16, 2024, 8:42:28 AM"}
{"name":"Wealthy Citizen","level":-1,"killCount":-1,"type":"PICKPOCKET","drops":[{"name":"Coins","id":995,"quantity":85,"price":1},{"name":"Coin pouch","id":28822,"quantity":1,"price":0}],"date":"May 16, 2024, 8:42:29 AM"}
{"name":"Wealthy Citizen","level":-1,"killCount":-1,"type":"PICKPOCKET","drops":[{"name":"Coins","id":995,"quantity":85,"price":1},{"name":"Coin pouch","id":28822,"quantity":1,"price":0}],"date":"May 16, 2024, 8:42:31 AM"}
{"name":"Wealthy Citizen","level":-1,"killCount":-1,"type":"PICKPOCKET","drops":[{"name":"Coins","id":995,"quantity":85,"price":1},{"name":"Coin pouch","id":28822,"quantity":1,"price":0}],"date":"May 16, 2024, 8:42:32 AM"}
{"name":"Wealthy Citizen","level":-1,"killCount":-1,"type":"PICKPOCKET","drops":[{"name":"Coins","id":995,"quantity":85,"price":1},{"name":"Coin pouch","id":28822,"quantity":1,"price":0}],"date":"May 16, 2024, 8:42:33 AM"}
{"name":"Wealthy Citizen","level":-1,"killCount":-1,"type":"PICKPOCKET","drops":[{"name":"Coins","id":995,"quantity":85,"price":1},{"name":"Coin pouch","id":28822,"quantity":1,"price":0}],"date":"May 16, 2024, 8:42:34 AM"}
{"name":"Wealthy Citizen","level":-1,"killCount":-1,"type":"PICKPOCKET","drops":[{"name":"Coins","id":995,"quantity":85,"price":1},{"name":"Coin pouch","id":28822,"quantity":1,"price":0}],"date":"May 16, 2024, 8:42:35 AM"}
{"name":"Wealthy Citizen","level":-1,"killCount":-1,"type":"PICKPOCKET","drops":[{"name":"Coins","id":995,"quantity":85,"price":1},{"name":"Coin pouch","id":28822,"quantity":1,"price":0}],"date":"May 16, 2024, 8:42:43 AM"}
{"name":"Wealthy Citizen","level":-1,"killCount":-1,"type":"PICKPOCKET","drops":[{"name":"Coins","id":995,"quantity":85,"price":1},{"name":"Coin pouch","id":28822,"quantity":1,"price":0}],"date":"May 16, 2024, 8:42:44 AM"}
{"name":"Wealthy Citizen","level":-1,"killCount":-1,"type":"PICKPOCKET","drops":[{"name":"Coins","id":995,"quantity":85,"price":1},{"name":"Coin pouch","id":28822,"quantity":1,"price":0}],"date":"May 16, 2024, 8:42:46 AM"}
{"name":"Wealthy Citizen","level":-1,"killCount":-1,"type":"PICKPOCKET","drops":[{"name":"Coins","id":995,"quantity":85,"price":1},{"name":"Coin pouch","id":28822,"quantity":1,"price":0}],"date":"May 16, 2024, 8:42:47 AM"}
{"name":"Wealthy Citizen","level":-1,"killCount":-1,"type":"PICKPOCKET","drops":[{"name":"Coins","id":995,"quantity":85,"price":1},{"name":"Coin pouch","id":28822,"quantity":1,"price":0}],"date":"May 16, 2024, 8:42:48 AM"}
{"name":"Wealthy Citizen","level":-1,"killCount":-1,"type":"PICKPOCKET","drops":[{"name":"Coins","id":995,"quantity":85,"price":1},{"name":"Coin pouch","id":28822,"quantity":1,"price":0}],"date":"May 16, 2024, 8:42:49 AM"}
{"name":"Wealthy Citizen","level":-1,"killCount":-1,"type":"PICKPOCKET","drops":[{"name":"Coins","id":995,"quantity":85,"price":1},{"name":"Coin pouch","id":28822,"quantity":1,"price":0}],"date":"May 16, 2024, 8:42:50 AM"}
{"name":"Wealthy Citizen","level":-1,"killCount":-1,"type":"PICKPOCKET","drops":[{"name":"Coins","id":995,"quantity":85,"price":1},{"name":"Coin pouch","id":28822,"quantity":1,"price":0}],"date":"May 16, 2024, 8:42:52 AM"}
{"name":"Wealthy Citizen","level":-1,"killCount":-1,"type":"PICKPOCKET","drops":[{"name":"Coins","id":995,"quantity":85,"price":1},{"name":"Coin pouch","id":28822,"quantity":1,"price":0}],"date":"May 16, 2024, 8:42:53 AM"}
{"name":"Wealthy Citizen","level":-1,"killCount":-1,"type":"PICKPOCKET","drops":[{"name":"Coins","id":995,"quantity":85,"price":1},{"name":"Coin pouch","id":28822,"quantity":1,"price":0}],"date":"May 16, 2024, 8:42:54 AM"}
{"name":"Wealthy Citizen","level":-1,"killCount":-1,"type":"PICKPOCKET","drops":[{"name":"Coins","id":995,"quantity":85,"price":1},{"name":"Coin pouch","id":28822,"quantity":1,"price":0}],"date":"May 16, 2024, 8:43:02 AM"}
{"name":"Wealthy Citizen","level":-1,"killCount":-1,"type":"PICKPOCKET","drops":[{"name":"Coins","id":995,"quantity":85,"price":1},{"name":"Coin pouch","id":28822,"quantity":1,"price":0}],"date":"May 16, 2024, 8:43:04 AM"}
{"name":"Wealthy Citizen","level":-1,"killCount":-1,"type":"PICKPOCKET","drops":[{"name":"Coins","id":995,"quantity":85,"price":1},{"name":"Coin pouch","id":28822,"quantity":1,"price":0}],"date":"May 16, 2024, 8:43:05 AM"}
{"name":"Wealthy Citizen","level":-1,"killCount":-1,"type":"PICKPOCKET","drops":[{"name":"Coins","id":995,"quantity":85,"price":1},{"name":"Coin pouch","id":28822,"quantity":1,"price":0}],"date":"May 16, 2024, 8:43:06 AM"}
{"name":"Wealthy Citizen","level":-1,"killCount":-1,"type":"PICKPOCKET","drops":[{"name":"Coins","id":995,"quantity":85,"price":1},{"name":"Coin pouch","id":28822,"quantity":1,"price":0}],"date":"May 16, 2024, 8:43:07 AM"}
{"name":"Wealthy Citizen","level":-1,"killCount":-1,"type":"PICKPOCKET","drops":[{"name":"Coins","id":995,"quantity":85,"price":1},{"name":"Coin pouch","id":28822,"quantity":1,"price":0}],"date":"May 16, 2024, 8:43:08 AM"}
{"name":"Wealthy Citizen","level":-1,"killCount":-1,"type":"PICKPOCKET","drops":[{"name":"Coins","id":995,"quantity":85,"price":1},{"name":"Coin pouch","id":28822,"quantity":1,"price":0}],"date":"May 16, 2024, 8:43:10 AM"}
{"name":"Wealthy Citizen","level":-1,"killCount":-1,"type":"PICKPOCKET","drops":[{"name":"Coins","id":995,"quantity":85,"price":1},{"name":"Coin pouch","id":28822,"quantity":1,"price":0}],"date":"May 16, 2024, 8:43:11 AM"}
{"name":"Wealthy Citizen","level":-1,"killCount":-1,"type":"PICKPOCKET","drops":[{"name":"Coins","id":995,"quantity":85,"price":1},{"name":"Coin pouch","id":28822,"quantity":1,"price":0}],"date":"May 16, 2024, 8:43:19 AM"}
{"name":"Wealthy Citizen","level":-1,"killCount":-1,"type":"PICKPOCKET","drops":[{"name":"Coins","id":995,"quantity":85,"price":1},{"name":"Coin pouch","id":28822,"quantity":1,"price":0}],"date":"May 16, 2024, 8:43:22 AM"}
{"name":"Wealthy Citizen","level":-1,"killCount":-1,"type":"PICKPOCKET","drops":[{"name":"Coins","id":995,"quantity":85,"price":1},{"name":"Coin pouch","id":28822,"quantity":1,"price":0}],"date":"May 16, 2024, 8:43:25 AM"}
{"name":"Wealthy Citizen","level":-1,"killCount":-1,"type":"PICKPOCKET","drops":[{"name":"Coins","id":995,"quantity":85,"price":1},{"name":"Coin pouch","id":28822,"quantity":1,"price":0}],"date":"May 16, 2024, 8:43:26 AM"}
{"name":"Wealthy Citizen","level":-1,"killCount":-1,"type":"PICKPOCKET","drops":[{"name":"House keys","id":29325,"quantity":2,"price":0}],"date":"May 16, 2024, 8:43:28 AM"}
{"name":"Wealthy Citizen","level":-1,"killCount":-1,"type":"PICKPOCKET","drops":[{"name":"Coins","id":995,"quantity":85,"price":1},{"name":"Coin pouch","id":28822,"quantity":1,"price":0}],"date":"May 16, 2024, 8:43:29 AM"}
{"name":"Wealthy Citizen","level":-1,"killCount":-1,"type":"PICKPOCKET","drops":[{"name":"Coins","id":995,"quantity":85,"price":1},{"name":"Coin pouch","id":28822,"quantity":1,"price":0}],"date":"May 16, 2024, 8:43:30 AM"}
{"name":"Wealthy Citizen","level":-1,"killCount":-1,"type":"PICKPOCKET","drops":[{"name":"Coins","id":995,"quantity":85,"price":1},{"name":"Coin pouch","id":28822,"quantity":1,"price":0}],"date":"May 16, 2024, 8:43:31 AM"}
{"name":"Wealthy Citizen","level":-1,"killCount":-1,"type":"PICKPOCKET","drops":[{"name":"House keys","id":29325,"quantity":2,"price":0}],"date":"May 16, 2024, 8:43:32 AM"}
{"name":"Wealthy Citizen","level":-1,"killCount":-1,"type":"PICKPOCKET","drops":[{"name":"Coins","id":995,"quantity":85,"price":1},{"name":"Coin pouch","id":28822,"quantity":1,"price":0}],"date":"May 16, 2024, 8:43:34 AM"}
{"name":"Wealthy Citizen","level":-1,"killCount":-1,"type":"PICKPOCKET","drops":[{"name":"Coins","id":995,"quantity":85,"price":1},{"name":"Coin pouch","id":28822,"quantity":1,"price":0}],"date":"May 16, 2024, 8:43:35 AM"}
{"name":"Wealthy Citizen","level":-1,"killCount":-1,"type":"PICKPOCKET","drops":[{"name":"Coins","id":995,"quantity":85,"price":1},{"name":"Coin pouch","id":28822,"quantity":1,"price":0}],"date":"May 16, 2024, 8:43:36 AM"}
{"name":"Wealthy Citizen","level":-1,"killCount":-1,"type":"PICKPOCKET","drops":[{"name":"Coins","id":995,"quantity":85,"price":1},{"name":"Coin pouch","id":28822,"quantity":1,"price":0}],"date":"May 16, 2024, 8:43:37 AM"}
{"name":"Wealthy Citizen","level":-1,"killCount":-1,"type":"PICKPOCKET","drops":[{"name":"Coins","id":995,"quantity":85,"price":1},{"name":"Coin pouch","id":28822,"quantity":1,"price":0}],"date":"May 16, 2024, 8:43:38 AM"}
{"name":"Wealthy Citizen","level":-1,"killCount":-1,"type":"PICKPOCKET","drops":[{"name":"Coins","id":995,"quantity":85,"price":1},{"name":"Coin pouch","id":28822,"quantity":1,"price":0}],"date":"May 16, 2024, 8:43:40 AM"}
{"name":"Wealthy Citizen","level":-1,"killCount":-1,"type":"PICKPOCKET","drops":[{"name":"Coins","id":995,"quantity":85,"price":1},{"name":"Coin pouch","id":28822,"quantity":1,"price":0}],"date":"May 16, 2024, 8:43:54 AM"}
{"name":"Wealthy Citizen","level":-1,"killCount":-1,"type":"PICKPOCKET","drops":[{"name":"Coins","id":995,"quantity":85,"price":1},{"name":"Coin pouch","id":28822,"quantity":1,"price":0}],"date":"May 16, 2024, 8:43:55 AM"}
{"name":"Wealthy Citizen","level":-1,"killCount":-1,"type":"PICKPOCKET","drops":[{"name":"Coins","id":995,"quantity":85,"price":1},{"name":"Coin pouch","id":28822,"quantity":1,"price":0}],"date":"May 16, 2024, 8:43:56 AM"}
{"name":"Wealthy Citizen","level":-1,"killCount":-1,"type":"PICKPOCKET","drops":[{"name":"Coins","id":995,"quantity":85,"price":1},{"name":"Coin pouch","id":28822,"quantity":1,"price":0}],"date":"May 16, 2024, 8:43:58 AM"}
{"name":"Wealthy Citizen","level":-1,"killCount":-1,"type":"PICKPOCKET","drops":[{"name":"Coins","id":995,"quantity":85,"price":1},{"name":"Coin pouch","id":28822,"quantity":1,"price":0}],"date":"May 16, 2024, 8:44:01 AM"}
{"name":"Wealthy Citizen","level":-1,"killCount":-1,"type":"PICKPOCKET","drops":[{"name":"Coins","id":995,"quantity":85,"price":1},{"name":"Coin pouch","id":28822,"quantity":1,"price":0}],"date":"May 16, 2024, 8:44:02 AM"}
{"name":"Wealthy Citizen","level":-1,"killCount":-1,"type":"PICKPOCKET","drops":[{"name":"Coins","id":995,"quantity":85,"price":1},{"name":"Coin pouch","id":28822,"quantity":1,"price":0}],"date":"May 16, 2024, 8:44:03 AM"}
{"name":"Wealthy Citizen","level":-1,"killCount":-1,"type":"PICKPOCKET","drops":[{"name":"Coins","id":995,"quantity":85,"price":1},{"name":"Coin pouch","id":28822,"quantity":1,"price":0}],"date":"May 16, 2024, 8:44:04 AM"}
{"name":"Wealthy Citizen","level":-1,"killCount":-1,"type":"PICKPOCKET","drops":[{"name":"Coins","id":995,"quantity":85,"price":1},{"name":"Coin pouch","id":28822,"quantity":1,"price":0}],"date":"May 16, 2024, 8:44:05 AM"}
{"name":"Wealthy Citizen","level":-1,"killCount":-1,"type":"PICKPOCKET","drops":[{"name":"Coins","id":995,"quantity":85,"price":1},{"name":"Coin pouch","id":28822,"quantity":1,"price":0}],"date":"May 16, 2024, 8:44:07 AM"}
{"name":"Wealthy Citizen","level":-1,"killCount":-1,"type":"PICKPOCKET","drops":[{"name":"Coins","id":995,"quantity":85,"price":1},{"name":"Coin pouch","id":28822,"quantity":1,"price":0}],"date":"May 16, 2024, 8:44:19 AM"}
{"name":"Wealthy Citizen","level":-1,"killCount":-1,"type":"PICKPOCKET","drops":[{"name":"Coins","id":995,"quantity":85,"price":1},{"name":"Coin pouch","id":28822,"quantity":1,"price":0}],"date":"May 16, 2024, 8:44:20 AM"}
{"name":"Wealthy Citizen","level":-1,"killCount":-1,"type":"PICKPOCKET","drops":[{"name":"Coins","id":995,"quantity":85,"price":1},{"name":"Coin pouch","id":28822,"quantity":1,"price":0}],"date":"May 16, 2024, 8:44:21 AM"}
{"name":"Wealthy Citizen","level":-1,"killCount":-1,"type":"PICKPOCKET","drops":[{"name":"House keys","id":29325,"quantity":2,"price":0}],"date":"May 16, 2024, 8:44:22 AM"}
{"name":"Wealthy Citizen","level":-1,"killCount":-1,"type":"PICKPOCKET","drops":[{"name":"Coins","id":995,"quantity":85,"price":1},{"name":"Coin pouch","id":28822,"quantity":1,"price":0}],"date":"May 16, 2024, 8:44:23 AM"}
{"name":"Wealthy Citizen","level":-1,"killCount":-1,"type":"PICKPOCKET","drops":[{"name":"Coins","id":995,"quantity":85,"price":1},{"name":"Coin pouch","id":28822,"quantity":1,"price":0}],"date":"May 16, 2024, 8:44:25 AM"}
{"name":"Wealthy Citizen","level":-1,"killCount":-1,"type":"PICKPOCKET","drops":[{"name":"Coins","id":995,"quantity":85,"price":1},{"name":"Coin pouch","id":28822,"quantity":1,"price":0}],"date":"May 16, 2024, 8:44:26 AM"}
{"name":"Wealthy Citizen","level":-1,"killCount":-1,"type":"PICKPOCKET","drops":[{"name":"Coins","id":995,"quantity":85,"price":1},{"name":"Coin pouch","id":28822,"quantity":1,"price":0}],"date":"May 16, 2024, 8:44:27 AM"}
{"name":"Wealthy Citizen","level":-1,"killCount":-1,"type":"PICKPOCKET","drops":[{"name":"Coins","id":995,"quantity":85,"price":1},{"name":"Coin pouch","id":28822,"quantity":1,"price":0}],"date":"May 16, 2024, 8:44:28 AM"}
{"name":"Wealthy Citizen","level":-1,"killCount":-1,"type":"PICKPOCKET","drops":[{"name":"Coins","id":995,"quantity":85,"price":1},{"name":"Coin pouch","id":28822,"quantity":1,"price":0}],"date":"May 16, 2024, 8:44:29 AM"}
{"name":"Wealthy Citizen","level":-1,"killCount":-1,"type":"PICKPOCKET","drops":[{"name":"Coins","id":995,"quantity":85,"price":1},{"name":"Coin pouch","id":28822,"quantity":1,"price":0}],"date":"May 16, 2024, 8:44:31 AM"}
{"name":"Wealthy Citizen","level":-1,"killCount":-1,"type":"PICKPOCKET","drops":[{"name":"House keys","id":29325,"quantity":2,"price":0}],"date":"May 16, 2024, 8:44:32 AM"}
{"name":"Wealthy Citizen","level":-1,"killCount":-1,"type":"PICKPOCKET","drops":[{"name":"Coins","id":995,"quantity":85,"price":1},{"name":"Coin pouch","id":28822,"quantity":1,"price":0}],"date":"May 16, 2024, 8:44:33 AM"}
{"name":"Wealthy Citizen","level":-1,"killCount":-1,"type":"PICKPOCKET","drops":[{"name":"Coins","id":995,"quantity":85,"price":1},{"name":"Coin pouch","id":28822,"quantity":1,"price":0}],"date":"May 16, 2024, 8:44:34 AM"}
{"name":"Wealthy Citizen","level":-1,"killCount":-1,"type":"PICKPOCKET","drops":[{"name":"Coins","id":995,"quantity":85,"price":1},{"name":"Coin pouch","id":28822,"quantity":1,"price":0}],"date":"May 16, 2024, 8:44:35 AM"}
{"name":"Wealthy Citizen","level":-1,"killCount":-1,"type":"PICKPOCKET","drops":[{"name":"Coins","id":995,"quantity":85,"price":1},{"name":"Coin pouch","id":28822,"quantity":1,"price":0}],"date":"May 16, 2024, 8:44:37 AM"}
{"name":"Wealthy Citizen","level":-1,"killCount":-1,"type":"PICKPOCKET","drops":[{"name":"Coins","id":995,"quantity":85,"price":1},{"name":"Coin pouch","id":28822,"quantity":1,"price":0}],"date":"May 16, 2024, 8:44:38 AM"}
{"name":"Wealthy Citizen","level":-1,"killCount":-1,"type":"PICKPOCKET","drops":[{"name":"Coins","id":995,"quantity":85,"price":1},{"name":"Coin pouch","id":28822,"quantity":1,"price":0}],"date":"May 16, 2024, 8:44:39 AM"}
{"name":"Wealthy Citizen","level":-1,"killCount":-1,"type":"PICKPOCKET","drops":[{"name":"Coins","id":995,"quantity":85,"price":1},{"name":"Coin pouch","id":28822,"quantity":1,"price":0}],"date":"May 16, 2024, 8:44:40 AM"}
{"name":"Wealthy Citizen","level":-1,"killCount":-1,"type":"PICKPOCKET","drops":[{"name":"Coins","id":995,"quantity":85,"price":1},{"name":"Coin pouch","id":28822,"quantity":1,"price":0}],"date":"May 16, 2024, 8:44:41 AM"}
{"name":"Wealthy Citizen","level":-1,"killCount":-1,"type":"PICKPOCKET","drops":[{"name":"Coins","id":995,"quantity":85,"price":1},{"name":"Coin pouch","id":28822,"quantity":1,"price":0}],"date":"May 16, 2024, 8:44:43 AM"}
{"name":"Wealthy Citizen","level":-1,"killCount":-1,"type":"PICKPOCKET","drops":[{"name":"Coins","id":995,"quantity":85,"price":1},{"name":"Coin pouch","id":28822,"quantity":1,"price":0}],"date":"May 16, 2024, 8:44:44 AM"}
{"name":"Wealthy Citizen","level":-1,"killCount":-1,"type":"PICKPOCKET","drops":[{"name":"Coins","id":995,"quantity":85,"price":1},{"name":"Coin pouch","id":28822,"quantity":1,"price":0}],"date":"May 16, 2024, 8:44:52 AM"}
{"name":"Wealthy Citizen","level":-1,"killCount":-1,"type":"PICKPOCKET","drops":[{"name":"Coins","id":995,"quantity":85,"price":1},{"name":"Coin pouch","id":28822,"quantity":1,"price":0}],"date":"May 16, 2024, 8:44:53 AM"}
{"name":"Wealthy Citizen","level":-1,"killCount":-1,"type":"PICKPOCKET","drops":[{"name":"Coins","id":995,"quantity":85,"price":1},{"name":"Coin pouch","id":28822,"quantity":1,"price":0}],"date":"May 16, 2024, 8:44:54 AM"}
{"name":"Wealthy Citizen","level":-1,"killCount":-1,"type":"PICKPOCKET","drops":[{"name":"Coins","id":995,"quantity":85,"price":1},{"name":"Coin pouch","id":28822,"quantity":1,"price":0}],"date":"May 16, 2024, 8:44:56 AM"}
{"name":"Wealthy Citizen","level":-1,"killCount":-1,"type":"PICKPOCKET","drops":[{"name":"Coins","id":995,"quantity":85,"price":1},{"name":"Coin pouch","id":28822,"quantity":1,"price":0}],"date":"May 16, 2024, 8:44:57 AM"}
{"name":"Wealthy Citizen","level":-1,"killCount":-1,"type":"PICKPOCKET","drops":[{"name":"Coins","id":995,"quantity":85,"price":1},{"name":"Coin pouch","id":28822,"quantity":1,"price":0}],"date":"May 16, 2024, 8:44:58 AM"}
{"name":"Wealthy Citizen","level":-1,"killCount":-1,"type":"PICKPOCKET","drops":[{"name":"Coins","id":995,"quantity":85,"price":1},{"name":"Coin pouch","id":28822,"quantity":1,"price":0}],"date":"May 16, 2024, 8:44:59 AM"}
{"name":"Wealthy Citizen","level":-1,"killCount":-1,"type":"PICKPOCKET","drops":[{"name":"Coins","id":995,"quantity":85,"price":1},{"name":"Coin pouch","id":28822,"quantity":1,"price":0}],"date":"May 16, 2024, 8:45:01 AM"}
{"name":"Wealthy Citizen","level":-1,"killCount":-1,"type":"PICKPOCKET","drops":[{"name":"Coins","id":995,"quantity":85,"price":1},{"name":"Coin pouch","id":28822,"quantity":1,"price":0}],"date":"May 16, 2024, 8:45:02 AM"}
{"name":"Wealthy Citizen","level":-1,"killCount":-1,"type":"PICKPOCKET","drops":[{"name":"Coins","id":995,"quantity":85,"price":1},{"name":"Coin pouch","id":28822,"quantity":1,"price":0}],"date":"May 16, 2024, 8:45:04 AM"}
{"name":"Wealthy Citizen","level":-1,"killCount":-1,"type":"PICKPOCKET","drops":[{"name":"House keys","id":29325,"quantity":2,"price":0}],"date":"May 16, 2024, 8:45:05 AM"}
{"name":"Wealthy Citizen","level":-1,"killCount":-1,"type":"PICKPOCKET","drops":[{"name":"Coins","id":995,"quantity":85,"price":1},{"name":"Coin pouch","id":28822,"quantity":1,"price":0}],"date":"May 16, 2024, 8:45:23 AM"}
{"name":"Wealthy Citizen","level":-1,"killCount":-1,"type":"PICKPOCKET","drops":[{"name":"Coins","id":995,"quantity":85,"price":1},{"name":"Coin pouch","id":28822,"quantity":1,"price":0}],"date":"May 16, 2024, 8:45:24 AM"}
{"name":"Wealthy Citizen","level":-1,"killCount":-1,"type":"PICKPOCKET","drops":[{"name":"Coins","id":995,"quantity":85,"price":1},{"name":"Coin pouch","id":28822,"quantity":1,"price":0}],"date":"May 16, 2024, 8:45:25 AM"}
{"name":"Wealthy Citizen","level":-1,"killCount":-1,"type":"PICKPOCKET","drops":[{"name":"Coins","id":995,"quantity":85,"price":1},{"name":"Coin pouch","id":28822,"quantity":1,"price":0}],"date":"May 16, 2024, 8:45:26 AM"}
{"name":"Wealthy Citizen","level":-1,"killCount":-1,"type":"PICKPOCKET","drops":[{"name":"Coins","id":995,"quantity":85,"price":1},{"name":"Coin pouch","id":28822,"quantity":1,"price":0}],"date":"May 16, 2024, 8:45:28 AM"}
{"name":"Wealthy Citizen","level":-1,"killCount":-1,"type":"PICKPOCKET","drops":[{"name":"Coins","id":995,"quantity":85,"price":1},{"name":"Coin pouch","id":28822,"quantity":1,"price":0}],"date":"May 16, 2024, 8:45:29 AM"}
{"name":"Wealthy Citizen","level":-1,"killCount":-1,"type":"PICKPOCKET","drops":[{"name":"Coins","id":995,"quantity":85,"price":1},{"name":"Coin pouch","id":28822,"quantity":1,"price":0}],"date":"May 16, 2024, 8:45:30 AM"}
{"name":"Wealthy Citizen","level":-1,"killCount":-1,"type":"PICKPOCKET","drops":[{"name":"Coins","id":995,"quantity":85,"price":1},{"name":"Coin pouch","id":28822,"quantity":1,"price":0}],"date":"May 16, 2024, 8:45:31 AM"}
{"name":"Wealthy Citizen","level":-1,"killCount":-1,"type":"PICKPOCKET","drops":[{"name":"Coins","id":995,"quantity":85,"price":1},{"name":"Coin pouch","id":28822,"quantity":1,"price":0}],"date":"May 16, 2024, 8:45:32 AM"}
{"name":"Wealthy Citizen","level":-1,"killCount":-1,"type":"PICKPOCKET","drops":[{"name":"Coins","id":995,"quantity":85,"price":1},{"name":"Coin pouch","id":28822,"quantity":1,"price":0}],"date":"May 16, 2024, 8:45:34 AM"}
{"name":"Wealthy Citizen","level":-1,"killCount":-1,"type":"PICKPOCKET","drops":[{"name":"Coins","id":995,"quantity":85,"price":1},{"name":"Coin pouch","id":28822,"quantity":1,"price":0}],"date":"May 16, 2024, 8:45:35 AM"}
{"name":"Wealthy Citizen","level":-1,"killCount":-1,"type":"PICKPOCKET","drops":[{"name":"Coins","id":995,"quantity":85,"price":1},{"name":"Coin pouch","id":28822,"quantity":1,"price":0}],"date":"May 16, 2024, 8:45:36 AM"}
{"name":"Wealthy Citizen","level":-1,"killCount":-1,"type":"PICKPOCKET","drops":[{"name":"Coins","id":995,"quantity":85,"price":1},{"name":"Coin pouch","id":28822,"quantity":1,"price":0}],"date":"May 16, 2024, 8:45:37 AM"}
{"name":"Wealthy Citizen","level":-1,"killCount":-1,"type":"PICKPOCKET","drops":[{"name":"Coins","id":995,"quantity":85,"price":1},{"name":"Coin pouch","id":28822,"quantity":1,"price":0}],"date":"May 16, 2024, 8:45:38 AM"}
{"name":"Wealthy Citizen","level":-1,"killCount":-1,"type":"PICKPOCKET","drops":[{"name":"Coins","id":995,"quantity":85,"price":1},{"name":"Coin pouch","id":28822,"quantity":1,"price":0}],"date":"May 16, 2024, 8:45:40 AM"}
{"name":"Wealthy Citizen","level":-1,"killCount":-1,"type":"PICKPOCKET","drops":[{"name":"Coins","id":995,"quantity":85,"price":1},{"name":"Coin pouch","id":28822,"quantity":1,"price":0}],"date":"May 16, 2024, 8:46:06 AM"}
{"name":"Wealthy Citizen","level":-1,"killCount":-1,"type":"PICKPOCKET","drops":[{"name":"Coins","id":995,"quantity":85,"price":1},{"name":"Coin pouch","id":28822,"quantity":1,"price":0}],"date":"May 16, 2024, 8:46:07 AM"}
{"name":"Wealthy Citizen","level":-1,"killCount":-1,"type":"PICKPOCKET","drops":[{"name":"Coins","id":995,"quantity":85,"price":1},{"name":"Coin pouch","id":28822,"quantity":1,"price":0}],"date":"May 16, 2024, 8:46:08 AM"}
{"name":"Wealthy Citizen","level":-1,"killCount":-1,"type":"PICKPOCKET","drops":[{"name":"Coins","id":995,"quantity":85,"price":1},{"name":"Coin pouch","id":28822,"quantity":1,"price":0}],"date":"May 16, 2024, 8:46:30 AM"}
{"name":"Wealthy Citizen","level":-1,"killCount":-1,"type":"PICKPOCKET","drops":[{"name":"Coins","id":995,"quantity":85,"price":1},{"name":"Coin pouch","id":28822,"quantity":1,"price":0}],"date":"May 16, 2024, 8:46:31 AM"}
{"name":"Wealthy Citizen","level":-1,"killCount":-1,"type":"PICKPOCKET","drops":[{"name":"Coins","id":995,"quantity":85,"price":1},{"name":"Coin pouch","id":28822,"quantity":1,"price":0}],"date":"May 16, 2024, 8:46:32 AM"}
{"name":"Wealthy Citizen","level":-1,"killCount":-1,"type":"PICKPOCKET","drops":[{"name":"Coins","id":995,"quantity":85,"price":1},{"name":"Coin pouch","id":28822,"quantity":1,"price":0}],"date":"May 16, 2024, 8:46:34 AM"}
{"name":"Wealthy Citizen","level":-1,"killCount":-1,"type":"PICKPOCKET","drops":[{"name":"Coins","id":995,"quantity":85,"price":1},{"name":"Coin pouch","id":28822,"quantity":1,"price":0}],"date":"May 16, 2024, 8:46:35 AM"}
{"name":"Wealthy Citizen","level":-1,"killCount":-1,"type":"PICKPOCKET","drops":[{"name":"Coins","id":995,"quantity":85,"price":1},{"name":"Coin pouch","id":28822,"quantity":1,"price":0}],"date":"May 16, 2024, 8:46:36 AM"}
{"name":"Wealthy Citizen","level":-1,"killCount":-1,"type":"PICKPOCKET","drops":[{"name":"House keys","id":29325,"quantity":2,"price":0}],"date":"May 16, 2024, 8:46:37 AM"}
{"name":"Wealthy Citizen","level":-1,"killCount":-1,"type":"PICKPOCKET","drops":[{"name":"Coins","id":995,"quantity":85,"price":1},{"name":"Coin pouch","id":28822,"quantity":1,"price":0}],"date":"May 16, 2024, 8:46:38 AM"}
{"name":"Wealthy Citizen","level":-1,"killCount":-1,"type":"PICKPOCKET","drops":[{"name":"Coins","id":995,"quantity":85,"price":1},{"name":"Coin pouch","id":28822,"quantity":1,"price":0}],"date":"May 16, 2024, 8:46:40 AM"}
{"name":"Wealthy Citizen","level":-1,"killCount":-1,"type":"PICKPOCKET","drops":[{"name":"Coins","id":995,"quantity":85,"price":1},{"name":"Coin pouch","id":28822,"quantity":1,"price":0}],"date":"May 16, 2024, 8:46:42 AM"}
{"name":"Wealthy Citizen","level":-1,"killCount":-1,"type":"PICKPOCKET","drops":[{"name":"Coins","id":995,"quantity":85,"price":1},{"name":"Coin pouch","id":28822,"quantity":1,"price":0}],"date":"May 16, 2024, 8:46:43 AM"}
{"name":"Wealthy Citizen","level":-1,"killCount":-1,"type":"PICKPOCKET","drops":[{"name":"Coins","id":995,"quantity":85,"price":1},{"name":"Coin pouch","id":28822,"quantity":1,"price":0}],"date":"May 16, 2024, 8:46:44 AM"}
{"name":"Wealthy Citizen","level":-1,"killCount":-1,"type":"PICKPOCKET","drops":[{"name":"Coins","id":995,"quantity":85,"price":1},{"name":"Coin pouch","id":28822,"quantity":1,"price":0}],"date":"May 16, 2024, 8:46:46 AM"}
{"name":"Wealthy Citizen","level":-1,"killCount":-1,"type":"PICKPOCKET","drops":[{"name":"Coins","id":995,"quantity":85,"price":1},{"name":"Coin pouch","id":28822,"quantity":1,"price":0}],"date":"May 16, 2024, 8:46:47 AM"}
{"name":"Wealthy Citizen","level":-1,"killCount":-1,"type":"PICKPOCKET","drops":[{"name":"Coins","id":995,"quantity":85,"price":1},{"name":"Coin pouch","id":28822,"quantity":1,"price":0}],"date":"May 16, 2024, 8:46:54 AM"}
{"name":"Wealthy Citizen","level":-1,"killCount":-1,"type":"PICKPOCKET","drops":[{"name":"Coins","id":995,"quantity":85,"price":1},{"name":"Coin pouch","id":28822,"quantity":1,"price":0}],"date":"May 16, 2024, 8:46:55 AM"}
{"name":"Wealthy Citizen","level":-1,"killCount":-1,"type":"PICKPOCKET","drops":[{"name":"Coins","id":995,"quantity":85,"price":1},{"name":"Coin pouch","id":28822,"quantity":1,"price":0}],"date":"May 16, 2024, 8:46:56 AM"}
{"name":"Wealthy Citizen","level":-1,"killCount":-1,"type":"PICKPOCKET","drops":[{"name":"Coins","id":995,"quantity":85,"price":1},{"name":"Coin pouch","id":28822,"quantity":1,"price":0}],"date":"May 16, 2024, 8:47:02 AM"}
{"name":"Wealthy Citizen","level":-1,"killCount":-1,"type":"PICKPOCKET","drops":[{"name":"Coins","id":995,"quantity":85,"price":1},{"name":"Coin pouch","id":28822,"quantity":1,"price":0}],"date":"May 16, 2024, 8:47:03 AM"}
{"name":"Wealthy Citizen","level":-1,"killCount":-1,"type":"PICKPOCKET","drops":[{"name":"Coins","id":995,"quantity":85,"price":1},{"name":"Coin pouch","id":28822,"quantity":1,"price":0}],"date":"May 16, 2024, 8:47:04 AM"}
{"name":"Wealthy Citizen","level":-1,"killCount":-1,"type":"PICKPOCKET","drops":[{"name":"House keys","id":29325,"quantity":2,"price":0}],"date":"May 16, 2024, 8:47:05 AM"}
{"name":"Wealthy Citizen","level":-1,"killCount":-1,"type":"PICKPOCKET","drops":[{"name":"Coins","id":995,"quantity":85,"price":1},{"name":"Coin pouch","id":28822,"quantity":1,"price":0}],"date":"May 16, 2024, 8:47:07 AM"}
{"name":"Wealthy Citizen","level":-1,"killCount":-1,"type":"PICKPOCKET","drops":[{"name":"Coins","id":995,"quantity":85,"price":1},{"name":"Coin pouch","id":28822,"quantity":1,"price":0}],"date":"May 16, 2024, 8:47:08 AM"}
{"name":"Wealthy Citizen","level":-1,"killCount":-1,"type":"PICKPOCKET","drops":[{"name":"Coins","id":995,"quantity":85,"price":1},{"name":"Coin pouch","id":28822,"quantity":1,"price":0}],"date":"May 16, 2024, 8:47:09 AM"}
{"name":"Wealthy Citizen","level":-1,"killCount":-1,"type":"PICKPOCKET","drops":[{"name":"Coins","id":995,"quantity":85,"price":1},{"name":"Coin pouch","id":28822,"quantity":1,"price":0}],"date":"May 16, 2024, 8:47:10 AM"}
{"name":"Wealthy Citizen","level":-1,"killCount":-1,"type":"PICKPOCKET","drops":[{"name":"Coins","id":995,"quantity":85,"price":1},{"name":"Coin pouch","id":28822,"quantity":1,"price":0}],"date":"May 16, 2024, 8:47:11 AM"}
{"name":"Wealthy Citizen","level":-1,"killCount":-1,"type":"PICKPOCKET","drops":[{"name":"Coins","id":995,"quantity":85,"price":1},{"name":"Coin pouch","id":28822,"quantity":1,"price":0}],"date":"May 16, 2024, 8:47:13 AM"}
{"name":"Wealthy Citizen","level":-1,"killCount":-1,"type":"PICKPOCKET","drops":[{"name":"Coins","id":995,"quantity":85,"price":1},{"name":"Coin pouch","id":28822,"quantity":1,"price":0}],"date":"May 16, 2024, 8:47:14 AM"}
{"name":"Wealthy Citizen","level":-1,"killCount":-1,"type":"PICKPOCKET","drops":[{"name":"Coins","id":995,"quantity":85,"price":1},{"name":"Coin pouch","id":28822,"quantity":1,"price":0}],"date":"May 16, 2024, 8:47:15 AM"}
{"name":"Wealthy Citizen","level":-1,"killCount":-1,"type":"PICKPOCKET","drops":[{"name":"Coins","id":995,"quantity":85,"price":1},{"name":"Coin pouch","id":28822,"quantity":1,"price":0}],"date":"May 16, 2024, 8:47:16 AM"}
{"name":"Wealthy Citizen","level":-1,"killCount":-1,"type":"PICKPOCKET","drops":[{"name":"Coins","id":995,"quantity":85,"price":1},{"name":"Coin pouch","id":28822,"quantity":1,"price":0}],"date":"May 16, 2024, 8:47:17 AM"}
{"name":"Wealthy Citizen","level":-1,"killCount":-1,"type":"PICKPOCKET","drops":[{"name":"House keys","id":29325,"quantity":2,"price":0}],"date":"May 16, 2024, 8:47:19 AM"}
{"name":"Wealthy Citizen","level":-1,"killCount":-1,"type":"PICKPOCKET","drops":[{"name":"Coins","id":995,"quantity":85,"price":1},{"name":"Coin pouch","id":28822,"quantity":1,"price":0}],"date":"May 16, 2024, 8:47:23 AM"}
{"name":"Wealthy Citizen","level":-1,"killCount":-1,"type":"PICKPOCKET","drops":[{"name":"Coins","id":995,"quantity":85,"price":1},{"name":"Coin pouch","id":28822,"quantity":1,"price":0}],"date":"May 16, 2024, 8:47:25 AM"}
{"name":"Wealthy Citizen","level":-1,"killCount":-1,"type":"PICKPOCKET","drops":[{"name":"Coins","id":995,"quantity":85,"price":1},{"name":"Coin pouch","id":28822,"quantity":1,"price":0}],"date":"May 16, 2024, 8:47:26 AM"}
{"name":"Wealthy Citizen","level":-1,"killCount":-1,"type":"PICKPOCKET","drops":[{"name":"Coins","id":995,"quantity":85,"price":1},{"name":"Coin pouch","id":28822,"quantity":1,"price":0}],"date":"May 16, 2024, 8:47:28 AM"}
{"name":"Wealthy Citizen","level":-1,"killCount":-1,"type":"PICKPOCKET","drops":[{"name":"Coins","id":995,"quantity":85,"price":1},{"name":"Coin pouch","id":28822,"quantity":1,"price":0}],"date":"May 16, 2024, 8:47:29 AM"}
{"name":"Wealthy Citizen","level":-1,"killCount":-1,"type":"PICKPOCKET","drops":[{"name":"Coins","id":995,"quantity":85,"price":1},{"name":"Coin pouch","id":28822,"quantity":1,"price":0}],"date":"May 16, 2024, 8:47:30 AM"}
{"name":"Wealthy Citizen","level":-1,"killCount":-1,"type":"PICKPOCKET","drops":[{"name":"Coins","id":995,"quantity":85,"price":1},{"name":"Coin pouch","id":28822,"quantity":1,"price":0}],"date":"May 16, 2024, 8:47:31 AM"}
{"name":"Wealthy Citizen","level":-1,"killCount":-1,"type":"PICKPOCKET","drops":[{"name":"House keys","id":29325,"quantity":2,"price":0}],"date":"May 16, 2024, 8:47:32 AM"}
{"name":"Wealthy Citizen","level":-1,"killCount":-1,"type":"PICKPOCKET","drops":[{"name":"Coins","id":995,"quantity":85,"price":1},{"name":"Coin pouch","id":28822,"quantity":1,"price":0}],"date":"May 16, 2024, 8:47:34 AM"}
{"name":"Wealthy Citizen","level":-1,"killCount":-1,"type":"PICKPOCKET","drops":[{"name":"Coins","id":995,"quantity":85,"price":1},{"name":"Coin pouch","id":28822,"quantity":1,"price":0}],"date":"May 16, 2024, 8:47:35 AM"}
{"name":"Wealthy Citizen","level":-1,"killCount":-1,"type":"PICKPOCKET","drops":[{"name":"Coins","id":995,"quantity":85,"price":1},{"name":"Coin pouch","id":28822,"quantity":1,"price":0}],"date":"May 16, 2024, 8:47:36 AM"}
{"name":"Wealthy Citizen","level":-1,"killCount":-1,"type":"PICKPOCKET","drops":[{"name":"Coins","id":995,"quantity":85,"price":1},{"name":"Coin pouch","id":28822,"quantity":1,"price":0}],"date":"May 16, 2024, 8:47:44 AM"}
{"name":"Wealthy Citizen","level":-1,"killCount":-1,"type":"PICKPOCKET","drops":[{"name":"Coins","id":995,"quantity":85,"price":1},{"name":"Coin pouch","id":28822,"quantity":1,"price":0}],"date":"May 16, 2024, 8:47:46 AM"}
{"name":"Wealthy Citizen","level":-1,"killCount":-1,"type":"PICKPOCKET","drops":[{"name":"Coins","id":995,"quantity":85,"price":1},{"name":"Coin pouch","id":28822,"quantity":1,"price":0}],"date":"May 16, 2024, 8:47:47 AM"}
{"name":"Wealthy Citizen","level":-1,"killCount":-1,"type":"PICKPOCKET","drops":[{"name":"Coins","id":995,"quantity":85,"price":1},{"name":"Coin pouch","id":28822,"quantity":1,"price":0}],"date":"May 16, 2024, 8:47:52 AM"}
{"name":"Wealthy Citizen","level":-1,"killCount":-1,"type":"PICKPOCKET","drops":[{"name":"Coins","id":995,"quantity":85,"price":1},{"name":"Coin pouch","id":28822,"quantity":1,"price":0}],"date":"May 16, 2024, 8:47:58 AM"}
{"name":"Wealthy Citizen","level":-1,"killCount":-1,"type":"PICKPOCKET","drops":[{"name":"Coins","id":995,"quantity":85,"price":1},{"name":"Coin pouch","id":28822,"quantity":1,"price":0}],"date":"May 16, 2024, 8:47:59 AM"}
{"name":"Wealthy Citizen","level":-1,"killCount":-1,"type":"PICKPOCKET","drops":[{"name":"Coins","id":995,"quantity":85,"price":1},{"name":"Coin pouch","id":28822,"quantity":1,"price":0}],"date":"May 16, 2024, 8:48:01 AM"}
{"name":"Wealthy Citizen","level":-1,"killCount":-1,"type":"PICKPOCKET","drops":[{"name":"Coins","id":995,"quantity":85,"price":1},{"name":"Coin pouch","id":28822,"quantity":1,"price":0}],"date":"May 16, 2024, 8:48:02 AM"}
{"name":"Wealthy Citizen","level":-1,"killCount":-1,"type":"PICKPOCKET","drops":[{"name":"Coins","id":995,"quantity":85,"price":1},{"name":"Coin pouch","id":28822,"quantity":1,"price":0}],"date":"May 16, 2024, 8:48:03 AM"}
{"name":"Wealthy Citizen","level":-1,"killCount":-1,"type":"PICKPOCKET","drops":[{"name":"Coins","id":995,"quantity":85,"price":1},{"name":"Coin pouch","id":28822,"quantity":1,"price":0}],"date":"May 16, 2024, 8:48:04 AM"}
{"name":"Wealthy Citizen","level":-1,"killCount":-1,"type":"PICKPOCKET","drops":[{"name":"Coins","id":995,"quantity":85,"price":1},{"name":"Coin pouch","id":28822,"quantity":1,"price":0}],"date":"May 16, 2024, 8:48:05 AM"}
{"name":"Wealthy Citizen","level":-1,"killCount":-1,"type":"PICKPOCKET","drops":[{"name":"Coins","id":995,"quantity":85,"price":1},{"name":"Coin pouch","id":28822,"quantity":1,"price":0}],"date":"May 16, 2024, 8:48:07 AM"}
{"name":"Wealthy Citizen","level":-1,"killCount":-1,"type":"PICKPOCKET","drops":[{"name":"Coins","id":995,"quantity":85,"price":1},{"name":"Coin pouch","id":28822,"quantity":1,"price":0}],"date":"May 16, 2024, 8:48:08 AM"}
{"name":"Wealthy Citizen","level":-1,"killCount":-1,"type":"PICKPOCKET","drops":[{"name":"Coins","id":995,"quantity":85,"price":1},{"name":"Coin pouch","id":28822,"quantity":1,"price":0}],"date":"May 16, 2024, 8:48:17 AM"}
{"name":"Wealthy Citizen","level":-1,"killCount":-1,"type":"PICKPOCKET","drops":[{"name":"Coins","id":995,"quantity":85,"price":1},{"name":"Coin pouch","id":28822,"quantity":1,"price":0}],"date":"May 16, 2024, 8:48:19 AM"}
{"name":"Wealthy Citizen","level":-1,"killCount":-1,"type":"PICKPOCKET","drops":[{"name":"Coins","id":995,"quantity":85,"price":1},{"name":"Coin pouch","id":28822,"quantity":1,"price":0}],"date":"May 16, 2024, 8:48:20 AM"}
{"name":"Wealthy Citizen","level":-1,"killCount":-1,"type":"PICKPOCKET","drops":[{"name":"Coins","id":995,"quantity":85,"price":1},{"name":"Coin pouch","id":28822,"quantity":1,"price":0}],"date":"May 16, 2024, 8:48:22 AM"}
{"name":"Wealthy Citizen","level":-1,"killCount":-1,"type":"PICKPOCKET","drops":[{"name":"Coins","id":995,"quantity":85,"price":1},{"name":"Coin pouch","id":28822,"quantity":1,"price":0}],"date":"May 16, 2024, 8:48:23 AM"}
{"name":"Wealthy Citizen","level":-1,"killCount":-1,"type":"PICKPOCKET","drops":[{"name":"Coins","id":995,"quantity":85,"price":1},{"name":"Coin pouch","id":28822,"quantity":1,"price":0}],"date":"May 16, 2024, 8:48:24 AM"}
{"name":"Wealthy Citizen","level":-1,"killCount":-1,"type":"PICKPOCKET","drops":[{"name":"Coins","id":995,"quantity":85,"price":1},{"name":"Coin pouch","id":28822,"quantity":1,"price":0}],"date":"May 16, 2024, 8:48:25 AM"}
{"name":"Wealthy Citizen","level":-1,"killCount":-1,"type":"PICKPOCKET","drops":[{"name":"Coins","id":995,"quantity":85,"price":1},{"name":"Coin pouch","id":28822,"quantity":1,"price":0}],"date":"May 16, 2024, 8:48:26 AM"}
{"name":"Wealthy Citizen","level":-1,"killCount":-1,"type":"PICKPOCKET","drops":[{"name":"Coins","id":995,"quantity":85,"price":1},{"name":"Coin pouch","id":28822,"quantity":1,"price":0}],"date":"May 16, 2024, 8:48:28 AM"}
{"name":"Wealthy Citizen","level":-1,"killCount":-1,"type":"PICKPOCKET","drops":[{"name":"Coins","id":995,"quantity":85,"price":1},{"name":"Coin pouch","id":28822,"quantity":1,"price":0}],"date":"May 16, 2024, 8:48:29 AM"}
{"name":"Wealthy Citizen","level":-1,"killCount":-1,"type":"PICKPOCKET","drops":[{"name":"Coins","id":995,"quantity":85,"price":1},{"name":"Coin pouch","id":28822,"quantity":1,"price":0}],"date":"May 16, 2024, 8:48:31 AM"}
{"name":"Wealthy Citizen","level":-1,"killCount":-1,"type":"PICKPOCKET","drops":[{"name":"Coins","id":995,"quantity":85,"price":1},{"name":"Coin pouch","id":28822,"quantity":1,"price":0}],"date":"May 16, 2024, 8:48:32 AM"}
{"name":"Wealthy Citizen","level":-1,"killCount":-1,"type":"PICKPOCKET","drops":[{"name":"Coins","id":995,"quantity":85,"price":1},{"name":"Coin pouch","id":28822,"quantity":1,"price":0}],"date":"May 16, 2024, 8:48:33 AM"}
{"name":"Wealthy Citizen","level":-1,"killCount":-1,"type":"PICKPOCKET","drops":[{"name":"Coins","id":995,"quantity":85,"price":1},{"name":"Coin pouch","id":28822,"quantity":1,"price":0}],"date":"May 16, 2024, 8:48:34 AM"}
{"name":"Wealthy Citizen","level":-1,"killCount":-1,"type":"PICKPOCKET","drops":[{"name":"Coins","id":995,"quantity":85,"price":1},{"name":"Coin pouch","id":28822,"quantity":1,"price":0}],"date":"May 16, 2024, 8:48:35 AM"}
{"name":"Wealthy Citizen","level":-1,"killCount":-1,"type":"PICKPOCKET","drops":[{"name":"Coins","id":995,"quantity":85,"price":1},{"name":"Coin pouch","id":28822,"quantity":1,"price":0}],"date":"May 16, 2024, 8:48:37 AM"}
{"name":"Wealthy Citizen","level":-1,"killCount":-1,"type":"PICKPOCKET","drops":[{"name":"Coins","id":995,"quantity":85,"price":1},{"name":"Coin pouch","id":28822,"quantity":1,"price":0}],"date":"May 16, 2024, 8:48:38 AM"}
{"name":"Wealthy Citizen","level":-1,"killCount":-1,"type":"PICKPOCKET","drops":[{"name":"Coins","id":995,"quantity":85,"price":1},{"name":"Coin pouch","id":28822,"quantity":1,"price":0}],"date":"May 16, 2024, 8:48:39 AM"}
{"name":"Wealthy Citizen","level":-1,"killCount":-1,"type":"PICKPOCKET","drops":[{"name":"Coins","id":995,"quantity":85,"price":1},{"name":"Coin pouch","id":28822,"quantity":1,"price":0}],"date":"May 16, 2024, 8:48:40 AM"}
{"name":"Wealthy Citizen","level":-1,"killCount":-1,"type":"PICKPOCKET","drops":[{"name":"House keys","id":29325,"quantity":2,"price":0}],"date":"May 16, 2024, 8:48:41 AM"}
{"name":"Wealthy Citizen","level":-1,"killCount":-1,"type":"PICKPOCKET","drops":[{"name":"Coins","id":995,"quantity":85,"price":1},{"name":"Coin pouch","id":28822,"quantity":1,"price":0}],"date":"May 16, 2024, 8:48:43 AM"}
{"name":"Wealthy Citizen","level":-1,"killCount":-1,"type":"PICKPOCKET","drops":[{"name":"Coins","id":995,"quantity":85,"price":1},{"name":"Coin pouch","id":28822,"quantity":1,"price":0}],"date":"May 16, 2024, 8:48:44 AM"}
{"name":"Wealthy Citizen","level":-1,"killCount":-1,"type":"PICKPOCKET","drops":[{"name":"Coins","id":995,"quantity":85,"price":1},{"name":"Coin pouch","id":28822,"quantity":1,"price":0}],"date":"May 16, 2024, 8:48:45 AM"}
{"name":"Wealthy Citizen","level":-1,"killCount":-1,"type":"PICKPOCKET","drops":[{"name":"Coins","id":995,"quantity":85,"price":1},{"name":"Coin pouch","id":28822,"quantity":1,"price":0}],"date":"May 16, 2024, 8:48:46 AM"}
{"name":"Wealthy Citizen","level":-1,"killCount":-1,"type":"PICKPOCKET","drops":[{"name":"Coins","id":995,"quantity":85,"price":1},{"name":"Coin pouch","id":28822,"quantity":1,"price":0}],"date":"May 16, 2024, 8:48:47 AM"}
{"name":"Wealthy Citizen","level":-1,"killCount":-1,"type":"PICKPOCKET","drops":[{"name":"Coins","id":995,"quantity":85,"price":1},{"name":"Coin pouch","id":28822,"quantity":1,"price":0}],"date":"May 16, 2024, 8:48:49 AM"}
{"name":"Wealthy Citizen","level":-1,"killCount":-1,"type":"PICKPOCKET","drops":[{"name":"Coins","id":995,"quantity":85,"price":1},{"name":"Coin pouch","id":28822,"quantity":1,"price":0}],"date":"May 16, 2024, 8:48:50 AM"}
{"name":"Wealthy Citizen","level":-1,"killCount":-1,"type":"PICKPOCKET","drops":[{"name":"Coins","id":995,"quantity":85,"price":1},{"name":"Coin pouch","id":28822,"quantity":1,"price":0}],"date":"May 16, 2024, 8:48:53 AM"}
{"name":"Wealthy Citizen","level":-1,"killCount":-1,"type":"PICKPOCKET","drops":[{"name":"Coins","id":995,"quantity":85,"price":1},{"name":"Coin pouch","id":28822,"quantity":1,"price":0}],"date":"May 16, 2024, 8:48:54 AM"}
{"name":"Wealthy Citizen","level":-1,"killCount":-1,"type":"PICKPOCKET","drops":[{"name":"Coins","id":995,"quantity":85,"price":1},{"name":"Coin pouch","id":28822,"quantity":1,"price":0}],"date":"May 16, 2024, 8:48:55 AM"}
{"name":"Wealthy Citizen","level":-1,"killCount":-1,"type":"PICKPOCKET","drops":[{"name":"Coins","id":995,"quantity":85,"price":1},{"name":"Coin pouch","id":28822,"quantity":1,"price":0}],"date":"May 16, 2024, 8:48:56 AM"}
{"name":"Wealthy Citizen","level":-1,"killCount":-1,"type":"PICKPOCKET","drops":[{"name":"Coins","id":995,"quantity":85,"price":1},{"name":"Coin pouch","id":28822,"quantity":1,"price":0}],"date":"May 16, 2024, 8:48:58 AM"}
{"name":"Wealthy Citizen","level":-1,"killCount":-1,"type":"PICKPOCKET","drops":[{"name":"Coins","id":995,"quantity":85,"price":1},{"name":"Coin pouch","id":28822,"quantity":1,"price":0}],"date":"May 16, 2024, 8:48:59 AM"}
{"name":"Wealthy Citizen","level":-1,"killCount":-1,"type":"PICKPOCKET","drops":[{"name":"Coins","id":995,"quantity":85,"price":1},{"name":"Coin pouch","id":28822,"quantity":1,"price":0}],"date":"May 16, 2024, 8:49:00 AM"}
{"name":"Wealthy Citizen","level":-1,"killCount":-1,"type":"PICKPOCKET","drops":[{"name":"Coins","id":995,"quantity":85,"price":1},{"name":"Coin pouch","id":28822,"quantity":1,"price":0}],"date":"May 16, 2024, 8:49:01 AM"}
{"name":"Wealthy Citizen","level":-1,"killCount":-1,"type":"PICKPOCKET","drops":[{"name":"Coins","id":995,"quantity":85,"price":1},{"name":"Coin pouch","id":28822,"quantity":1,"price":0}],"date":"May 16, 2024, 8:49:02 AM"}
{"name":"Wealthy Citizen","level":-1,"killCount":-1,"type":"PICKPOCKET","drops":[{"name":"Coins","id":995,"quantity":85,"price":1},{"name":"Coin pouch","id":28822,"quantity":1,"price":0}],"date":"May 16, 2024, 8:49:04 AM"}
{"name":"Wealthy Citizen","level":-1,"killCount":-1,"type":"PICKPOCKET","drops":[{"name":"Coins","id":995,"quantity":85,"price":1},{"name":"Coin pouch","id":28822,"quantity":1,"price":0}],"date":"May 16, 2024, 8:49:05 AM"}
{"name":"Wealthy Citizen","level":-1,"killCount":-1,"type":"PICKPOCKET","drops":[{"name":"Coins","id":995,"quantity":85,"price":1},{"name":"Coin pouch","id":28822,"quantity":1,"price":0}],"date":"May 16, 2024, 8:49:06 AM"}
{"name":"Wealthy Citizen","level":-1,"killCount":-1,"type":"PICKPOCKET","drops":[{"name":"Coins","id":995,"quantity":85,"price":1},{"name":"Coin pouch","id":28822,"quantity":1,"price":0}],"date":"May 16, 2024, 8:49:07 AM"}
{"name":"Wealthy Citizen","level":-1,"killCount":-1,"type":"PICKPOCKET","drops":[{"name":"Coins","id":995,"quantity":85,"price":1},{"name":"Coin pouch","id":28822,"quantity":1,"price":0}],"date":"May 16, 2024, 8:49:08 AM"}
{"name":"Wealthy Citizen","level":-1,"killCount":-1,"type":"PICKPOCKET","drops":[{"name":"Coins","id":995,"quantity":85,"price":1},{"name":"Coin pouch","id":28822,"quantity":1,"price":0}],"date":"May 16, 2024, 8:49:10 AM"}
{"name":"Wealthy Citizen","level":-1,"killCount":-1,"type":"PICKPOCKET","drops":[{"name":"Coins","id":995,"quantity":85,"price":1},{"name":"Coin pouch","id":28822,"quantity":1,"price":0}],"date":"May 16, 2024, 8:49:11 AM"}
{"name":"Wealthy Citizen","level":-1,"killCount":-1,"type":"PICKPOCKET","drops":[{"name":"Coins","id":995,"quantity":85,"price":1},{"name":"Coin pouch","id":28822,"quantity":1,"price":0}],"date":"May 16, 2024, 8:49:12 AM"}
{"name":"Wealthy Citizen","level":-1,"killCount":-1,"type":"PICKPOCKET","drops":[{"name":"Coins","id":995,"quantity":85,"price":1},{"name":"Coin pouch","id":28822,"quantity":1,"price":0}],"date":"May 16, 2024, 8:49:14 AM"}
{"name":"Wealthy Citizen","level":-1,"killCount":-1,"type":"PICKPOCKET","drops":[{"name":"Coins","id":995,"quantity":85,"price":1},{"name":"Coin pouch","id":28822,"quantity":1,"price":0}],"date":"May 16, 2024, 8:49:15 AM"}
